<?xml version="1.0" encoding="utf-8" ?>
<pages>
    <page id="1" bbox="0.000,0.000,595.200,841.920" rotate="0">
        <textbox id="0" bbox="408.720,807.443,524.764,815.363">
            <textline bbox="408.720,807.443,524.764,815.363">
                <text font="ZTWRTK+FangSong_GB2312" bbox="408.720,807.443,416.640,815.363" colourspace="ICCBased" ncolour="[0]" size="7.920">平</text>
                <text font="ZTWRTK+FangSong_GB2312" bbox="416.880,807.443,424.800,815.363" colourspace="ICCBased" ncolour="[0]" size="7.920">安</text>
                <text font="ZTWRTK+FangSong_GB2312" bbox="424.800,807.443,432.720,815.363" colourspace="ICCBased" ncolour="[0]" size="7.920">人</text>
                <text font="ZTWRTK+FangSong_GB2312" bbox="432.720,807.443,440.640,815.363" colourspace="ICCBased" ncolour="[0]" size="7.920">寿</text>
                <text font="ZTWRTK+FangSong_GB2312" bbox="440.883,807.443,444.843,815.363" colourspace="ICCBased" ncolour="[0]" size="7.920">[</text>
                <text font="ZTWRTK+FangSong_GB2312" bbox="444.962,807.443,448.922,815.363" colourspace="ICCBased" ncolour="[0]" size="7.920">2</text>
                <text font="ZTWRTK+FangSong_GB2312" bbox="448.802,807.443,452.762,815.363" colourspace="ICCBased" ncolour="[0]" size="7.920">0</text>
                <text font="ZTWRTK+FangSong_GB2312" bbox="452.881,807.443,456.841,815.363" colourspace="ICCBased" ncolour="[0]" size="7.920">2</text>
                <text font="ZTWRTK+FangSong_GB2312" bbox="456.960,807.443,460.920,815.363" colourspace="ICCBased" ncolour="[0]" size="7.920">0</text>
                <text font="ZTWRTK+FangSong_GB2312" bbox="460.802,807.443,464.762,815.363" colourspace="ICCBased" ncolour="[0]" size="7.920">]</text>
                <text font="ZTWRTK+FangSong_GB2312" bbox="464.881,807.443,472.801,815.363" colourspace="ICCBased" ncolour="[0]" size="7.920">疾</text>
                <text font="ZTWRTK+FangSong_GB2312" bbox="472.801,807.443,480.721,815.363" colourspace="ICCBased" ncolour="[0]" size="7.920">病</text>
                <text font="ZTWRTK+FangSong_GB2312" bbox="480.721,807.443,488.641,815.363" colourspace="ICCBased" ncolour="[0]" size="7.920">保</text>
                <text font="ZTWRTK+FangSong_GB2312" bbox="488.878,807.443,496.798,815.363" colourspace="ICCBased" ncolour="[0]" size="7.920">险</text>
                <text> </text>
                <text font="ZTWRTK+FangSong_GB2312" bbox="498.960,807.443,502.920,815.363" colourspace="ICCBased" ncolour="[0]" size="7.920">0</text>
                <text font="ZTWRTK+FangSong_GB2312" bbox="502.802,807.443,506.762,815.363" colourspace="ICCBased" ncolour="[0]" size="7.920">0</text>
                <text font="ZTWRTK+FangSong_GB2312" bbox="506.880,807.443,510.840,815.363" colourspace="ICCBased" ncolour="[0]" size="7.920">3</text>
                <text> </text>
                <text font="ZTWRTK+FangSong_GB2312" bbox="512.884,807.443,520.804,815.363" colourspace="ICCBased" ncolour="[0]" size="7.920">号</text>
                <text font="ZTWRTK+FangSong_GB2312" bbox="520.804,807.443,524.764,815.363" colourspace="ICCBased" ncolour="[0]" size="7.920"> </text>
                <text>
                </text>
            </textline>
        </textbox>
        <textbox id="1" bbox="297.600,757.874,302.070,773.954">
            <textline bbox="297.600,757.874,302.070,773.954">
                <text font="Arial-BoldMT" bbox="297.600,757.874,302.070,773.954" colourspace="ICCBased" ncolour="[0]" size="16.080"> </text>
                <text>
                </text>
            </textline>
        </textbox>
        <textbox id="2" bbox="253.680,726.914,344.400,743.927">
            <textline bbox="253.680,726.914,344.400,743.927">
                <text font="JSAEDQ+STZhongsong" bbox="253.680,727.847,269.760,743.927" colourspace="ICCBased" ncolour="[0]" size="16.080">阅</text>
                <text font="Arial-BoldMT" bbox="269.760,726.914,274.230,742.994" colourspace="ICCBased" ncolour="[0]" size="16.080"> </text>
                <text> </text>
                <text font="JSAEDQ+STZhongsong" bbox="277.680,727.847,293.760,743.927" colourspace="ICCBased" ncolour="[0]" size="16.080">读</text>
                <text font="Arial-BoldMT" bbox="293.760,726.914,298.230,742.994" colourspace="ICCBased" ncolour="[0]" size="16.080"> </text>
                <text> </text>
                <text font="JSAEDQ+STZhongsong" bbox="301.680,727.847,317.760,743.927" colourspace="ICCBased" ncolour="[0]" size="16.080">指</text>
                <text font="Arial-BoldMT" bbox="317.760,726.914,322.230,742.994" colourspace="ICCBased" ncolour="[0]" size="16.080"> </text>
                <text> </text>
                <text font="JSAEDQ+STZhongsong" bbox="325.680,727.847,341.760,743.927" colourspace="ICCBased" ncolour="[0]" size="16.080">引</text>
                <text font="TimesNewRomanPSMT" bbox="341.760,729.718,344.400,740.278" colourspace="ICCBased" ncolour="[0]" size="10.560"> </text>
                <text>
                </text>
            </textline>
        </textbox>
        <textbox id="3" bbox="424.320,733.649,506.220,742.883">
            <textline bbox="424.320,733.649,506.220,742.883">
                <text font="ZTWRTK+FangSong_GB2312" bbox="424.320,734.963,432.240,742.883" colourspace="ICCBased" ncolour="[0]" size="7.920">请</text>
                <text font="ZTWRTK+FangSong_GB2312" bbox="432.480,734.963,440.400,742.883" colourspace="ICCBased" ncolour="[0]" size="7.920">扫</text>
                <text font="ZTWRTK+FangSong_GB2312" bbox="440.400,734.963,448.320,742.883" colourspace="ICCBased" ncolour="[0]" size="7.920">描</text>
                <text font="ZTWRTK+FangSong_GB2312" bbox="448.320,734.963,456.240,742.883" colourspace="ICCBased" ncolour="[0]" size="7.920">以</text>
                <text font="ZTWRTK+FangSong_GB2312" bbox="456.480,734.963,464.400,742.883" colourspace="ICCBased" ncolour="[0]" size="7.920">查</text>
                <text font="ZTWRTK+FangSong_GB2312" bbox="464.400,734.963,472.320,742.883" colourspace="ICCBased" ncolour="[0]" size="7.920">询</text>
                <text font="ZTWRTK+FangSong_GB2312" bbox="472.320,734.963,480.240,742.883" colourspace="ICCBased" ncolour="[0]" size="7.920">验</text>
                <text font="ZTWRTK+FangSong_GB2312" bbox="480.480,734.963,488.400,742.883" colourspace="ICCBased" ncolour="[0]" size="7.920">证</text>
                <text font="ZTWRTK+FangSong_GB2312" bbox="488.400,734.963,496.320,742.883" colourspace="ICCBased" ncolour="[0]" size="7.920">条</text>
                <text font="ZTWRTK+FangSong_GB2312" bbox="496.320,734.963,504.240,742.883" colourspace="ICCBased" ncolour="[0]" size="7.920">款</text>
                <text font="TimesNewRomanPSMT" bbox="504.240,733.649,506.220,741.569" colourspace="ICCBased" ncolour="[0]" size="7.920"> </text>
                <text>
                </text>
            </textline>
        </textbox>
        <textbox id="4" bbox="59.280,672.291,405.120,718.131">
            <textline bbox="59.280,692.211,376.080,718.131">
                <text font="ZTWRTK+Wingdings2" bbox="59.280,692.211,83.671,718.131" colourspace="ICCBased" ncolour="[0]" size="25.920"></text>
                <text font="ZTWRTK+FangSong_GB2312" bbox="83.760,702.191,94.320,712.751" colourspace="ICCBased" ncolour="[0]" size="10.560">平</text>
                <text font="ZTWRTK+FangSong_GB2312" bbox="94.320,702.191,104.880,712.751" colourspace="ICCBased" ncolour="[0]" size="10.560">安</text>
                <text font="ZTWRTK+FangSong_GB2312" bbox="104.880,702.191,115.440,712.751" colourspace="ICCBased" ncolour="[0]" size="10.560">附</text>
                <text font="ZTWRTK+FangSong_GB2312" bbox="115.440,702.191,126.000,712.751" colourspace="ICCBased" ncolour="[0]" size="10.560">加</text>
                <text font="ZTWRTK+FangSong_GB2312" bbox="126.000,702.191,136.560,712.751" colourspace="ICCBased" ncolour="[0]" size="10.560">金</text>
                <text font="ZTWRTK+FangSong_GB2312" bbox="136.560,702.191,147.120,712.751" colourspace="ICCBased" ncolour="[0]" size="10.560">鑫</text>
                <text font="ZTWRTK+FangSong_GB2312" bbox="147.120,702.191,157.680,712.751" colourspace="ICCBased" ncolour="[0]" size="10.560">盛</text>
                <text> </text>
                <text font="ZTWRTK+FangSong_GB2312" bbox="160.320,702.191,165.600,712.751" colourspace="ICCBased" ncolour="[0]" size="10.560">1</text>
                <text font="ZTWRTK+FangSong_GB2312" bbox="165.600,702.191,170.880,712.751" colourspace="ICCBased" ncolour="[0]" size="10.560">8</text>
                <text font="ZTWRTK+FangSong_GB2312" bbox="170.880,702.191,181.440,712.751" colourspace="ICCBased" ncolour="[0]" size="10.560">Ⅱ</text>
                <text font="ZTWRTK+FangSong_GB2312" bbox="181.440,702.191,192.000,712.751" colourspace="ICCBased" ncolour="[0]" size="10.560">提</text>
                <text font="ZTWRTK+FangSong_GB2312" bbox="192.000,702.191,202.560,712.751" colourspace="ICCBased" ncolour="[0]" size="10.560">前</text>
                <text font="ZTWRTK+FangSong_GB2312" bbox="202.560,702.191,213.120,712.751" colourspace="ICCBased" ncolour="[0]" size="10.560">给</text>
                <text font="ZTWRTK+FangSong_GB2312" bbox="213.120,702.191,223.680,712.751" colourspace="ICCBased" ncolour="[0]" size="10.560">付</text>
                <text font="ZTWRTK+FangSong_GB2312" bbox="223.680,702.191,234.240,712.751" colourspace="ICCBased" ncolour="[0]" size="10.560">重</text>
                <text font="ZTWRTK+FangSong_GB2312" bbox="234.240,702.191,244.800,712.751" colourspace="ICCBased" ncolour="[0]" size="10.560">大</text>
                <text font="ZTWRTK+FangSong_GB2312" bbox="244.800,702.191,255.360,712.751" colourspace="ICCBased" ncolour="[0]" size="10.560">疾</text>
                <text font="ZTWRTK+FangSong_GB2312" bbox="255.360,702.191,265.920,712.751" colourspace="ICCBased" ncolour="[0]" size="10.560">病</text>
                <text font="ZTWRTK+FangSong_GB2312" bbox="265.920,702.191,276.480,712.751" colourspace="ICCBased" ncolour="[0]" size="10.560">保</text>
                <text font="ZTWRTK+FangSong_GB2312" bbox="276.480,702.191,287.040,712.751" colourspace="ICCBased" ncolour="[0]" size="10.560">险</text>
                <text font="ZTWRTK+FangSong_GB2312" bbox="286.800,702.191,297.360,712.751" colourspace="ICCBased" ncolour="[0]" size="10.560">产</text>
                <text font="ZTWRTK+FangSong_GB2312" bbox="297.117,702.191,307.677,712.751" colourspace="ICCBased" ncolour="[0]" size="10.560">品</text>
                <text font="ZTWRTK+FangSong_GB2312" bbox="307.680,702.191,318.240,712.751" colourspace="ICCBased" ncolour="[0]" size="10.560">提</text>
                <text font="ZTWRTK+FangSong_GB2312" bbox="318.240,702.191,328.800,712.751" colourspace="ICCBased" ncolour="[0]" size="10.560">供</text>
                <text font="ZTWRTK+FangSong_GB2312" bbox="328.800,702.191,339.360,712.751" colourspace="ICCBased" ncolour="[0]" size="10.560">重</text>
                <text font="ZTWRTK+FangSong_GB2312" bbox="339.360,702.191,349.920,712.751" colourspace="ICCBased" ncolour="[0]" size="10.560">疾</text>
                <text font="ZTWRTK+FangSong_GB2312" bbox="349.920,702.191,360.480,712.751" colourspace="ICCBased" ncolour="[0]" size="10.560">保</text>
                <text font="ZTWRTK+FangSong_GB2312" bbox="360.480,702.191,371.040,712.751" colourspace="ICCBased" ncolour="[0]" size="10.560">障</text>
                <text font="JTTPDQ+SimSun" bbox="370.800,702.149,376.080,712.709" colourspace="ICCBased" ncolour="[0]" size="10.560"> </text>
                <text>
                </text>
            </textline>
            <textline bbox="59.280,672.291,405.120,698.211">
                <text font="ZTWRTK+Wingdings2" bbox="59.280,672.291,83.671,698.211" colourspace="ICCBased" ncolour="[0]" size="25.920"></text>
                <text font="ZTWRTK+FangSong_GB2312" bbox="83.760,682.271,94.320,692.831" colourspace="ICCBased" ncolour="[0]" size="10.560">为</text>
                <text font="ZTWRTK+FangSong_GB2312" bbox="94.320,682.271,104.880,692.831" colourspace="ICCBased" ncolour="[0]" size="10.560">了</text>
                <text font="ZTWRTK+FangSong_GB2312" bbox="104.880,682.271,115.440,692.831" colourspace="ICCBased" ncolour="[0]" size="10.560">帮</text>
                <text font="ZTWRTK+FangSong_GB2312" bbox="115.440,682.271,126.000,692.831" colourspace="ICCBased" ncolour="[0]" size="10.560">助</text>
                <text font="ZTWRTK+FangSong_GB2312" bbox="126.000,682.271,136.560,692.831" colourspace="ICCBased" ncolour="[0]" size="10.560">您</text>
                <text font="ZTWRTK+FangSong_GB2312" bbox="136.560,682.271,147.120,692.831" colourspace="ICCBased" ncolour="[0]" size="10.560">更</text>
                <text font="ZTWRTK+FangSong_GB2312" bbox="147.120,682.271,157.680,692.831" colourspace="ICCBased" ncolour="[0]" size="10.560">好</text>
                <text font="ZTWRTK+FangSong_GB2312" bbox="157.680,682.271,168.240,692.831" colourspace="ICCBased" ncolour="[0]" size="10.560">地</text>
                <text font="ZTWRTK+FangSong_GB2312" bbox="168.240,682.271,178.800,692.831" colourspace="ICCBased" ncolour="[0]" size="10.560">了</text>
                <text font="ZTWRTK+FangSong_GB2312" bbox="178.800,682.271,189.360,692.831" colourspace="ICCBased" ncolour="[0]" size="10.560">解</text>
                <text font="ZTWRTK+FangSong_GB2312" bbox="189.360,682.271,199.920,692.831" colourspace="ICCBased" ncolour="[0]" size="10.560">产</text>
                <text font="ZTWRTK+FangSong_GB2312" bbox="199.920,682.271,210.480,692.831" colourspace="ICCBased" ncolour="[0]" size="10.560">品</text>
                <text font="ZTWRTK+FangSong_GB2312" bbox="210.480,682.271,221.040,692.831" colourspace="ICCBased" ncolour="[0]" size="10.560">，</text>
                <text font="ZTWRTK+FangSong_GB2312" bbox="221.040,682.271,231.600,692.831" colourspace="ICCBased" ncolour="[0]" size="10.560">我</text>
                <text font="ZTWRTK+FangSong_GB2312" bbox="231.600,682.271,242.160,692.831" colourspace="ICCBased" ncolour="[0]" size="10.560">们</text>
                <text font="ZTWRTK+FangSong_GB2312" bbox="242.160,682.271,252.720,692.831" colourspace="ICCBased" ncolour="[0]" size="10.560">先</text>
                <text font="ZTWRTK+FangSong_GB2312" bbox="252.720,682.271,263.280,692.831" colourspace="ICCBased" ncolour="[0]" size="10.560">介</text>
                <text font="ZTWRTK+FangSong_GB2312" bbox="263.040,682.271,273.600,692.831" colourspace="ICCBased" ncolour="[0]" size="10.560">绍</text>
                <text font="ZTWRTK+FangSong_GB2312" bbox="273.600,682.271,284.160,692.831" colourspace="ICCBased" ncolour="[0]" size="10.560">几</text>
                <text font="ZTWRTK+FangSong_GB2312" bbox="284.160,682.271,294.720,692.831" colourspace="ICCBased" ncolour="[0]" size="10.560">个</text>
                <text font="ZTWRTK+FangSong_GB2312" bbox="294.480,682.271,305.040,692.831" colourspace="ICCBased" ncolour="[0]" size="10.560">保</text>
                <text font="ZTWRTK+FangSong_GB2312" bbox="305.040,682.271,315.600,692.831" colourspace="ICCBased" ncolour="[0]" size="10.560">险</text>
                <text font="ZTWRTK+FangSong_GB2312" bbox="315.600,682.271,326.160,692.831" colourspace="ICCBased" ncolour="[0]" size="10.560">条</text>
                <text font="ZTWRTK+FangSong_GB2312" bbox="326.160,682.271,336.720,692.831" colourspace="ICCBased" ncolour="[0]" size="10.560">款</text>
                <text font="ZTWRTK+FangSong_GB2312" bbox="336.720,682.271,347.280,692.831" colourspace="ICCBased" ncolour="[0]" size="10.560">中</text>
                <text font="ZTWRTK+FangSong_GB2312" bbox="347.280,682.271,357.840,692.831" colourspace="ICCBased" ncolour="[0]" size="10.560">常</text>
                <text font="ZTWRTK+FangSong_GB2312" bbox="357.840,682.271,368.400,692.831" colourspace="ICCBased" ncolour="[0]" size="10.560">用</text>
                <text font="ZTWRTK+FangSong_GB2312" bbox="368.400,682.271,378.960,692.831" colourspace="ICCBased" ncolour="[0]" size="10.560">的</text>
                <text font="ZTWRTK+FangSong_GB2312" bbox="378.960,682.271,389.520,692.831" colourspace="ICCBased" ncolour="[0]" size="10.560">术</text>
                <text font="ZTWRTK+FangSong_GB2312" bbox="389.520,682.271,400.080,692.831" colourspace="ICCBased" ncolour="[0]" size="10.560">语</text>
                <text font="JTTPDQ+SimSun" bbox="399.840,682.229,405.120,692.789" colourspace="ICCBased" ncolour="[0]" size="10.560"> </text>
                <text>
                </text>
            </textline>
        </textbox>
        <textbox id="5" bbox="85.440,660.408,280.080,672.911">
            <textline bbox="85.440,660.408,280.080,672.911">
                <text font="ERELLA+Wingdings-Regular" bbox="85.440,661.612,94.849,672.172" colourspace="ICCBased" ncolour="[0]" size="10.560"></text>
                <text font="ArialMT" bbox="94.796,660.408,97.732,670.968" colourspace="ICCBased" ncolour="[0]" size="10.560"> </text>
                <text> </text>
                <text font="ZTWRTK+FangSong_GB2312" bbox="106.560,662.351,117.120,672.911" colourspace="ICCBased" ncolour="[0]" size="10.560">被</text>
                <text font="ZTWRTK+FangSong_GB2312" bbox="117.120,662.351,127.680,672.911" colourspace="ICCBased" ncolour="[0]" size="10.560">保</text>
                <text font="ZTWRTK+FangSong_GB2312" bbox="127.680,662.351,138.240,672.911" colourspace="ICCBased" ncolour="[0]" size="10.560">险</text>
                <text font="ZTWRTK+FangSong_GB2312" bbox="138.240,662.351,148.800,672.911" colourspace="ICCBased" ncolour="[0]" size="10.560">人</text>
                <text font="ZTWRTK+FangSong_GB2312" bbox="148.800,662.351,159.360,672.911" colourspace="ICCBased" ncolour="[0]" size="10.560">就</text>
                <text font="ZTWRTK+FangSong_GB2312" bbox="159.360,662.351,169.920,672.911" colourspace="ICCBased" ncolour="[0]" size="10.560">是</text>
                <text font="ZTWRTK+FangSong_GB2312" bbox="169.920,662.351,180.480,672.911" colourspace="ICCBased" ncolour="[0]" size="10.560">受</text>
                <text font="ZTWRTK+FangSong_GB2312" bbox="180.480,662.351,191.040,672.911" colourspace="ICCBased" ncolour="[0]" size="10.560">保</text>
                <text font="ZTWRTK+FangSong_GB2312" bbox="190.797,662.351,201.357,672.911" colourspace="ICCBased" ncolour="[0]" size="10.560">险</text>
                <text font="ZTWRTK+FangSong_GB2312" bbox="201.357,662.351,211.917,672.911" colourspace="ICCBased" ncolour="[0]" size="10.560">合</text>
                <text font="ZTWRTK+FangSong_GB2312" bbox="211.917,662.351,222.477,672.911" colourspace="ICCBased" ncolour="[0]" size="10.560">同</text>
                <text font="ZTWRTK+FangSong_GB2312" bbox="222.477,662.351,233.037,672.911" colourspace="ICCBased" ncolour="[0]" size="10.560">保</text>
                <text font="ZTWRTK+FangSong_GB2312" bbox="232.797,662.351,243.357,672.911" colourspace="ICCBased" ncolour="[0]" size="10.560">障</text>
                <text font="ZTWRTK+FangSong_GB2312" bbox="243.357,662.351,253.917,672.911" colourspace="ICCBased" ncolour="[0]" size="10.560">的</text>
                <text font="ZTWRTK+FangSong_GB2312" bbox="253.917,662.351,264.477,672.911" colourspace="ICCBased" ncolour="[0]" size="10.560">人</text>
                <text font="ZTWRTK+FangSong_GB2312" bbox="264.477,662.351,275.037,672.911" colourspace="ICCBased" ncolour="[0]" size="10.560">。</text>
                <text font="ZTWRTK+FangSong_GB2312" bbox="274.800,662.351,280.080,672.911" colourspace="ICCBased" ncolour="[0]" size="10.560"> </text>
                <text>
                </text>
            </textline>
        </textbox>
        <textbox id="6" bbox="85.438,640.249,300.960,652.751">
            <textline bbox="85.438,640.249,300.960,652.751">
                <text font="ERELLA+Wingdings-Regular" bbox="85.438,641.453,94.847,652.013" colourspace="ICCBased" ncolour="[0]" size="10.560"></text>
                <text font="ArialMT" bbox="94.794,640.249,97.730,650.809" colourspace="ICCBased" ncolour="[0]" size="10.560"> </text>
                <text> </text>
                <text font="ZTWRTK+FangSong_GB2312" bbox="106.560,642.191,117.120,652.751" colourspace="ICCBased" ncolour="[0]" size="10.560">投</text>
                <text font="ZTWRTK+FangSong_GB2312" bbox="117.120,642.191,127.680,652.751" colourspace="ICCBased" ncolour="[0]" size="10.560">保</text>
                <text font="ZTWRTK+FangSong_GB2312" bbox="127.680,642.191,138.240,652.751" colourspace="ICCBased" ncolour="[0]" size="10.560">人</text>
                <text font="ZTWRTK+FangSong_GB2312" bbox="138.240,642.191,148.800,652.751" colourspace="ICCBased" ncolour="[0]" size="10.560">就</text>
                <text font="ZTWRTK+FangSong_GB2312" bbox="148.800,642.191,159.360,652.751" colourspace="ICCBased" ncolour="[0]" size="10.560">是</text>
                <text font="ZTWRTK+FangSong_GB2312" bbox="159.360,642.191,169.920,652.751" colourspace="ICCBased" ncolour="[0]" size="10.560">购</text>
                <text font="ZTWRTK+FangSong_GB2312" bbox="169.920,642.191,180.480,652.751" colourspace="ICCBased" ncolour="[0]" size="10.560">买</text>
                <text font="ZTWRTK+FangSong_GB2312" bbox="180.240,642.191,190.800,652.751" colourspace="ICCBased" ncolour="[0]" size="10.560">保</text>
                <text font="ZTWRTK+FangSong_GB2312" bbox="190.800,642.191,201.360,652.751" colourspace="ICCBased" ncolour="[0]" size="10.560">险</text>
                <text font="ZTWRTK+FangSong_GB2312" bbox="201.360,642.191,211.920,652.751" colourspace="ICCBased" ncolour="[0]" size="10.560">并</text>
                <text font="ZTWRTK+FangSong_GB2312" bbox="211.920,642.191,222.480,652.751" colourspace="ICCBased" ncolour="[0]" size="10.560">交</text>
                <text font="ZTWRTK+FangSong_GB2312" bbox="222.241,642.191,232.801,652.751" colourspace="ICCBased" ncolour="[0]" size="10.560">纳</text>
                <text font="ZTWRTK+FangSong_GB2312" bbox="232.801,642.191,243.361,652.751" colourspace="ICCBased" ncolour="[0]" size="10.560">保</text>
                <text font="ZTWRTK+FangSong_GB2312" bbox="243.361,642.191,253.921,652.751" colourspace="ICCBased" ncolour="[0]" size="10.560">险</text>
                <text font="ZTWRTK+FangSong_GB2312" bbox="253.921,642.191,264.481,652.751" colourspace="ICCBased" ncolour="[0]" size="10.560">费</text>
                <text font="ZTWRTK+FangSong_GB2312" bbox="264.240,642.191,274.800,652.751" colourspace="ICCBased" ncolour="[0]" size="10.560">的</text>
                <text font="ZTWRTK+FangSong_GB2312" bbox="274.800,642.191,285.360,652.751" colourspace="ICCBased" ncolour="[0]" size="10.560">人</text>
                <text font="ZTWRTK+FangSong_GB2312" bbox="285.360,642.191,295.920,652.751" colourspace="ICCBased" ncolour="[0]" size="10.560">。</text>
                <text font="ZTWRTK+FangSong_GB2312" bbox="295.680,642.191,300.960,652.751" colourspace="ICCBased" ncolour="[0]" size="10.560"> </text>
                <text>
                </text>
            </textline>
        </textbox>
        <textbox id="7" bbox="85.441,620.332,321.840,632.831">
            <textline bbox="85.441,620.332,321.840,632.831">
                <text font="ERELLA+Wingdings-Regular" bbox="85.441,621.536,94.850,632.096" colourspace="ICCBased" ncolour="[0]" size="10.560"></text>
                <text font="ArialMT" bbox="94.797,620.332,97.733,630.892" colourspace="ICCBased" ncolour="[0]" size="10.560"> </text>
                <text> </text>
                <text font="ZTWRTK+FangSong_GB2312" bbox="106.560,622.271,117.120,632.831" colourspace="ICCBased" ncolour="[0]" size="10.560">受</text>
                <text font="ZTWRTK+FangSong_GB2312" bbox="117.120,622.271,127.680,632.831" colourspace="ICCBased" ncolour="[0]" size="10.560">益</text>
                <text font="ZTWRTK+FangSong_GB2312" bbox="127.680,622.271,138.240,632.831" colourspace="ICCBased" ncolour="[0]" size="10.560">人</text>
                <text font="ZTWRTK+FangSong_GB2312" bbox="138.240,622.271,148.800,632.831" colourspace="ICCBased" ncolour="[0]" size="10.560">就</text>
                <text font="ZTWRTK+FangSong_GB2312" bbox="148.800,622.271,159.360,632.831" colourspace="ICCBased" ncolour="[0]" size="10.560">是</text>
                <text font="ZTWRTK+FangSong_GB2312" bbox="159.360,622.271,169.920,632.831" colourspace="ICCBased" ncolour="[0]" size="10.560">发</text>
                <text font="ZTWRTK+FangSong_GB2312" bbox="169.920,622.271,180.480,632.831" colourspace="ICCBased" ncolour="[0]" size="10.560">生</text>
                <text font="ZTWRTK+FangSong_GB2312" bbox="180.240,622.271,190.800,632.831" colourspace="ICCBased" ncolour="[0]" size="10.560">保</text>
                <text font="ZTWRTK+FangSong_GB2312" bbox="190.800,622.271,201.360,632.831" colourspace="ICCBased" ncolour="[0]" size="10.560">险</text>
                <text font="ZTWRTK+FangSong_GB2312" bbox="201.360,622.271,211.920,632.831" colourspace="ICCBased" ncolour="[0]" size="10.560">事</text>
                <text font="ZTWRTK+FangSong_GB2312" bbox="211.920,622.271,222.480,632.831" colourspace="ICCBased" ncolour="[0]" size="10.560">故</text>
                <text font="ZTWRTK+FangSong_GB2312" bbox="222.241,622.271,232.801,632.831" colourspace="ICCBased" ncolour="[0]" size="10.560">后</text>
                <text font="ZTWRTK+FangSong_GB2312" bbox="232.801,622.271,243.361,632.831" colourspace="ICCBased" ncolour="[0]" size="10.560">领</text>
                <text font="ZTWRTK+FangSong_GB2312" bbox="243.361,622.271,253.921,632.831" colourspace="ICCBased" ncolour="[0]" size="10.560">取</text>
                <text font="ZTWRTK+FangSong_GB2312" bbox="253.921,622.271,264.481,632.831" colourspace="ICCBased" ncolour="[0]" size="10.560">保</text>
                <text font="ZTWRTK+FangSong_GB2312" bbox="264.240,622.271,274.800,632.831" colourspace="ICCBased" ncolour="[0]" size="10.560">险</text>
                <text font="ZTWRTK+FangSong_GB2312" bbox="274.800,622.271,285.360,632.831" colourspace="ICCBased" ncolour="[0]" size="10.560">金</text>
                <text font="ZTWRTK+FangSong_GB2312" bbox="285.360,622.271,295.920,632.831" colourspace="ICCBased" ncolour="[0]" size="10.560">的</text>
                <text font="ZTWRTK+FangSong_GB2312" bbox="295.920,622.271,306.480,632.831" colourspace="ICCBased" ncolour="[0]" size="10.560">人</text>
                <text font="ZTWRTK+FangSong_GB2312" bbox="306.240,622.271,316.800,632.831" colourspace="ICCBased" ncolour="[0]" size="10.560">。</text>
                <text font="ZTWRTK+FangSong_GB2312" bbox="316.560,622.271,321.840,632.831" colourspace="ICCBased" ncolour="[0]" size="10.560"> </text>
                <text>
                </text>
            </textline>
        </textbox>
        <textbox id="8" bbox="85.444,600.412,216.960,612.911">
            <textline bbox="85.444,600.412,216.960,612.911">
                <text font="ERELLA+Wingdings-Regular" bbox="85.444,601.616,94.853,612.176" colourspace="ICCBased" ncolour="[0]" size="10.560"></text>
                <text font="ArialMT" bbox="94.800,600.412,97.736,610.972" colourspace="ICCBased" ncolour="[0]" size="10.560"> </text>
                <text> </text>
                <text font="ZTWRTK+FangSong_GB2312" bbox="106.560,602.351,117.120,612.911" colourspace="ICCBased" ncolour="[0]" size="10.560">保</text>
                <text font="ZTWRTK+FangSong_GB2312" bbox="117.120,602.351,127.680,612.911" colourspace="ICCBased" ncolour="[0]" size="10.560">险</text>
                <text font="ZTWRTK+FangSong_GB2312" bbox="127.680,602.351,138.240,612.911" colourspace="ICCBased" ncolour="[0]" size="10.560">人</text>
                <text font="ZTWRTK+FangSong_GB2312" bbox="138.240,602.351,148.800,612.911" colourspace="ICCBased" ncolour="[0]" size="10.560">就</text>
                <text font="ZTWRTK+FangSong_GB2312" bbox="148.800,602.351,159.360,612.911" colourspace="ICCBased" ncolour="[0]" size="10.560">是</text>
                <text font="ZTWRTK+FangSong_GB2312" bbox="159.360,602.351,169.920,612.911" colourspace="ICCBased" ncolour="[0]" size="10.560">保</text>
                <text font="ZTWRTK+FangSong_GB2312" bbox="169.920,602.351,180.480,612.911" colourspace="ICCBased" ncolour="[0]" size="10.560">险</text>
                <text font="ZTWRTK+FangSong_GB2312" bbox="180.240,602.351,190.800,612.911" colourspace="ICCBased" ncolour="[0]" size="10.560">公</text>
                <text font="ZTWRTK+FangSong_GB2312" bbox="190.800,602.351,201.360,612.911" colourspace="ICCBased" ncolour="[0]" size="10.560">司</text>
                <text font="ZTWRTK+FangSong_GB2312" bbox="201.360,602.351,211.920,612.911" colourspace="ICCBased" ncolour="[0]" size="10.560">。</text>
                <text font="ZTWRTK+FangSong_GB2312" bbox="211.680,602.351,216.960,612.911" colourspace="ICCBased" ncolour="[0]" size="10.560"> </text>
                <text>
                </text>
            </textline>
        </textbox>
        <textbox id="9" bbox="59.280,572.211,268.320,598.131">
            <textline bbox="59.280,572.211,268.320,598.131">
                <text font="ZTWRTK+Wingdings2" bbox="59.280,572.211,83.671,598.131" colourspace="ICCBased" ncolour="[0]" size="25.920"></text>
                <text font="ZTWRTK+FangSong_GB2312" bbox="83.760,582.191,94.320,592.751" colourspace="ICCBased" ncolour="[0]" size="10.560">下</text>
                <text font="ZTWRTK+FangSong_GB2312" bbox="94.320,582.191,104.880,592.751" colourspace="ICCBased" ncolour="[0]" size="10.560">面</text>
                <text font="ZTWRTK+FangSong_GB2312" bbox="104.880,582.191,115.440,592.751" colourspace="ICCBased" ncolour="[0]" size="10.560">我</text>
                <text font="ZTWRTK+FangSong_GB2312" bbox="115.440,582.191,126.000,592.751" colourspace="ICCBased" ncolour="[0]" size="10.560">们</text>
                <text font="ZTWRTK+FangSong_GB2312" bbox="126.000,582.191,136.560,592.751" colourspace="ICCBased" ncolour="[0]" size="10.560">举</text>
                <text font="ZTWRTK+FangSong_GB2312" bbox="136.560,582.191,147.120,592.751" colourspace="ICCBased" ncolour="[0]" size="10.560">例</text>
                <text font="ZTWRTK+FangSong_GB2312" bbox="147.120,582.191,157.680,592.751" colourspace="ICCBased" ncolour="[0]" size="10.560">说</text>
                <text font="ZTWRTK+FangSong_GB2312" bbox="157.680,582.191,168.240,592.751" colourspace="ICCBased" ncolour="[0]" size="10.560">明</text>
                <text font="ZTWRTK+FangSong_GB2312" bbox="168.240,582.191,178.800,592.751" colourspace="ICCBased" ncolour="[0]" size="10.560">本</text>
                <text font="ZTWRTK+FangSong_GB2312" bbox="178.800,582.191,189.360,592.751" colourspace="ICCBased" ncolour="[0]" size="10.560">产</text>
                <text font="ZTWRTK+FangSong_GB2312" bbox="189.360,582.191,199.920,592.751" colourspace="ICCBased" ncolour="[0]" size="10.560">品</text>
                <text font="ZTWRTK+FangSong_GB2312" bbox="199.920,582.191,210.480,592.751" colourspace="ICCBased" ncolour="[0]" size="10.560">提</text>
                <text font="ZTWRTK+FangSong_GB2312" bbox="210.480,582.191,221.040,592.751" colourspace="ICCBased" ncolour="[0]" size="10.560">供</text>
                <text font="ZTWRTK+FangSong_GB2312" bbox="221.040,582.191,231.600,592.751" colourspace="ICCBased" ncolour="[0]" size="10.560">哪</text>
                <text font="ZTWRTK+FangSong_GB2312" bbox="231.600,582.191,242.160,592.751" colourspace="ICCBased" ncolour="[0]" size="10.560">些</text>
                <text font="ZTWRTK+FangSong_GB2312" bbox="242.160,582.191,252.720,592.751" colourspace="ICCBased" ncolour="[0]" size="10.560">保</text>
                <text font="ZTWRTK+FangSong_GB2312" bbox="252.720,582.191,263.280,592.751" colourspace="ICCBased" ncolour="[0]" size="10.560">障</text>
                <text font="ZTWRTK+FangSong_GB2312" bbox="263.040,582.191,268.320,592.751" colourspace="ICCBased" ncolour="[0]" size="10.560"> </text>
                <text>
                </text>
            </textline>
        </textbox>
        <textbox id="10" bbox="85.440,562.271,517.904,572.831">
            <textline bbox="85.440,562.271,517.904,572.831">
                <text font="ZTWRTK+FangSong_GB2312" bbox="85.440,562.271,96.000,572.831" colourspace="ICCBased" ncolour="[0]" size="10.560">例</text>
                <text font="ZTWRTK+FangSong_GB2312" bbox="96.000,562.271,106.560,572.831" colourspace="ICCBased" ncolour="[0]" size="10.560">子</text>
                <text font="ZTWRTK+FangSong_GB2312" bbox="106.560,562.271,117.120,572.831" colourspace="ICCBased" ncolour="[0]" size="10.560">：</text>
                <text font="ZTWRTK+FangSong_GB2312" bbox="115.441,562.271,126.001,572.831" colourspace="ICCBased" ncolour="[0]" size="10.560">王</text>
                <text font="ZTWRTK+FangSong_GB2312" bbox="126.001,562.271,136.561,572.831" colourspace="ICCBased" ncolour="[0]" size="10.560">先</text>
                <text font="ZTWRTK+FangSong_GB2312" bbox="136.561,562.271,147.121,572.831" colourspace="ICCBased" ncolour="[0]" size="10.560">生</text>
                <text font="ZTWRTK+FangSong_GB2312" bbox="146.878,562.271,157.438,572.831" colourspace="ICCBased" ncolour="[0]" size="10.560">为</text>
                <text font="ZTWRTK+FangSong_GB2312" bbox="157.438,562.271,167.998,572.831" colourspace="ICCBased" ncolour="[0]" size="10.560">妻</text>
                <text font="ZTWRTK+FangSong_GB2312" bbox="167.998,562.271,178.558,572.831" colourspace="ICCBased" ncolour="[0]" size="10.560">子</text>
                <text font="ZTWRTK+FangSong_GB2312" bbox="178.558,562.271,189.118,572.831" colourspace="ICCBased" ncolour="[0]" size="10.560">李</text>
                <text font="ZTWRTK+FangSong_GB2312" bbox="188.875,562.271,199.435,572.831" colourspace="ICCBased" ncolour="[0]" size="10.560">女</text>
                <text font="ZTWRTK+FangSong_GB2312" bbox="199.435,562.271,209.995,572.831" colourspace="ICCBased" ncolour="[0]" size="10.560">士</text>
                <text font="ZTWRTK+FangSong_GB2312" bbox="209.995,562.271,220.555,572.831" colourspace="ICCBased" ncolour="[0]" size="10.560">投</text>
                <text font="ZTWRTK+FangSong_GB2312" bbox="220.555,562.271,231.115,572.831" colourspace="ICCBased" ncolour="[0]" size="10.560">保</text>
                <text font="ZTWRTK+FangSong_GB2312" bbox="230.872,562.271,241.432,572.831" colourspace="ICCBased" ncolour="[0]" size="10.560">平</text>
                <text font="ZTWRTK+FangSong_GB2312" bbox="241.432,562.271,251.992,572.831" colourspace="ICCBased" ncolour="[0]" size="10.560">安</text>
                <text font="ZTWRTK+FangSong_GB2312" bbox="251.992,562.271,262.552,572.831" colourspace="ICCBased" ncolour="[0]" size="10.560">附</text>
                <text font="ZTWRTK+FangSong_GB2312" bbox="262.552,562.271,273.112,572.831" colourspace="ICCBased" ncolour="[0]" size="10.560">加</text>
                <text font="ZTWRTK+FangSong_GB2312" bbox="272.873,562.271,283.433,572.831" colourspace="ICCBased" ncolour="[0]" size="10.560">金</text>
                <text font="ZTWRTK+FangSong_GB2312" bbox="283.433,562.271,293.993,572.831" colourspace="ICCBased" ncolour="[0]" size="10.560">鑫</text>
                <text font="ZTWRTK+FangSong_GB2312" bbox="293.993,562.271,304.553,572.831" colourspace="ICCBased" ncolour="[0]" size="10.560">盛</text>
                <text> </text>
                <text font="ZTWRTK+FangSong_GB2312" bbox="307.189,562.271,312.469,572.831" colourspace="ICCBased" ncolour="[0]" size="10.560">1</text>
                <text font="ZTWRTK+FangSong_GB2312" bbox="312.227,562.271,317.507,572.831" colourspace="ICCBased" ncolour="[0]" size="10.560">8</text>
                <text font="ZTWRTK+FangSong_GB2312" bbox="317.507,562.271,328.067,572.831" colourspace="ICCBased" ncolour="[0]" size="10.560">Ⅱ</text>
                <text font="ZTWRTK+FangSong_GB2312" bbox="327.827,562.271,338.387,572.831" colourspace="ICCBased" ncolour="[0]" size="10.560">提</text>
                <text font="ZTWRTK+FangSong_GB2312" bbox="338.387,562.271,348.947,572.831" colourspace="ICCBased" ncolour="[0]" size="10.560">前</text>
                <text font="ZTWRTK+FangSong_GB2312" bbox="348.947,562.271,359.507,572.831" colourspace="ICCBased" ncolour="[0]" size="10.560">给</text>
                <text font="ZTWRTK+FangSong_GB2312" bbox="359.507,562.271,370.067,572.831" colourspace="ICCBased" ncolour="[0]" size="10.560">付</text>
                <text font="ZTWRTK+FangSong_GB2312" bbox="370.067,562.271,380.627,572.831" colourspace="ICCBased" ncolour="[0]" size="10.560">重</text>
                <text font="ZTWRTK+FangSong_GB2312" bbox="380.387,562.271,390.947,572.831" colourspace="ICCBased" ncolour="[0]" size="10.560">大</text>
                <text font="ZTWRTK+FangSong_GB2312" bbox="390.947,562.271,401.507,572.831" colourspace="ICCBased" ncolour="[0]" size="10.560">疾</text>
                <text font="ZTWRTK+FangSong_GB2312" bbox="401.507,562.271,412.067,572.831" colourspace="ICCBased" ncolour="[0]" size="10.560">病</text>
                <text font="ZTWRTK+FangSong_GB2312" bbox="412.067,562.271,422.627,572.831" colourspace="ICCBased" ncolour="[0]" size="10.560">保</text>
                <text font="ZTWRTK+FangSong_GB2312" bbox="422.386,562.271,432.946,572.831" colourspace="ICCBased" ncolour="[0]" size="10.560">险</text>
                <text font="ZTWRTK+FangSong_GB2312" bbox="431.269,562.271,441.829,572.831" colourspace="ICCBased" ncolour="[0]" size="10.560">（</text>
                <text font="ZTWRTK+FangSong_GB2312" bbox="441.829,562.271,452.389,572.831" colourspace="ICCBased" ncolour="[0]" size="10.560">简</text>
                <text font="ZTWRTK+FangSong_GB2312" bbox="452.389,562.271,462.949,572.831" colourspace="ICCBased" ncolour="[0]" size="10.560">称</text>
                <text font="ZTWRTK+FangSong_GB2312" bbox="462.949,562.271,473.509,572.831" colourspace="ICCBased" ncolour="[0]" size="10.560">金</text>
                <text font="ZTWRTK+FangSong_GB2312" bbox="473.270,562.271,483.830,572.831" colourspace="ICCBased" ncolour="[0]" size="10.560">鑫</text>
                <text font="ZTWRTK+FangSong_GB2312" bbox="483.830,562.271,494.390,572.831" colourspace="ICCBased" ncolour="[0]" size="10.560">盛</text>
                <text font="ZTWRTK+FangSong_GB2312" bbox="494.390,562.271,504.950,572.831" colourspace="ICCBased" ncolour="[0]" size="10.560">疾</text>
                <text> </text>
                <text font="ZTWRTK+FangSong_GB2312" bbox="507.587,562.271,512.867,572.831" colourspace="ICCBased" ncolour="[0]" size="10.560">1</text>
                <text font="ZTWRTK+FangSong_GB2312" bbox="512.624,562.271,517.904,572.831" colourspace="ICCBased" ncolour="[0]" size="10.560">8</text>
                <text>
                </text>
            </textline>
        </textbox>
        <textbox id="11" bbox="85.429,542.355,523.427,552.915">
            <textline bbox="85.429,542.355,523.427,552.915">
                <text font="ZTWRTK+FangSong_GB2312" bbox="85.429,542.355,95.989,552.915" colourspace="ICCBased" ncolour="[0]" size="10.560">Ⅱ</text>
                <text font="ZTWRTK+FangSong_GB2312" bbox="95.989,542.355,106.549,552.915" colourspace="ICCBased" ncolour="[0]" size="10.560">）</text>
                <text font="ZTWRTK+FangSong_GB2312" bbox="101.269,542.355,111.829,552.915" colourspace="ICCBased" ncolour="[0]" size="10.560">，</text>
                <text font="ZTWRTK+FangSong_GB2312" bbox="111.109,542.355,121.669,552.915" colourspace="ICCBased" ncolour="[0]" size="10.560">基</text>
                <text font="ZTWRTK+FangSong_GB2312" bbox="121.430,542.355,131.990,552.915" colourspace="ICCBased" ncolour="[0]" size="10.560">本</text>
                <text font="ZTWRTK+FangSong_GB2312" bbox="131.990,542.355,142.550,552.915" colourspace="ICCBased" ncolour="[0]" size="10.560">保</text>
                <text font="ZTWRTK+FangSong_GB2312" bbox="142.550,542.355,153.110,552.915" colourspace="ICCBased" ncolour="[0]" size="10.560">险</text>
                <text font="ZTWRTK+FangSong_GB2312" bbox="153.110,542.355,163.670,552.915" colourspace="ICCBased" ncolour="[0]" size="10.560">金</text>
                <text font="ZTWRTK+FangSong_GB2312" bbox="163.430,542.355,173.990,552.915" colourspace="ICCBased" ncolour="[0]" size="10.560">额</text>
                <text> </text>
                <text font="ZTWRTK+FangSong_GB2312" bbox="176.626,542.355,181.906,552.915" colourspace="ICCBased" ncolour="[0]" size="10.560">2</text>
                <text font="ZTWRTK+FangSong_GB2312" bbox="181.906,542.355,187.186,552.915" colourspace="ICCBased" ncolour="[0]" size="10.560">0</text>
                <text> </text>
                <text font="ZTWRTK+FangSong_GB2312" bbox="189.826,542.355,200.386,552.915" colourspace="ICCBased" ncolour="[0]" size="10.560">万</text>
                <text font="ZTWRTK+FangSong_GB2312" bbox="200.143,542.355,210.703,552.915" colourspace="ICCBased" ncolour="[0]" size="10.560">元</text>
                <text font="ZTWRTK+FangSong_GB2312" bbox="210.703,542.355,221.263,552.915" colourspace="ICCBased" ncolour="[0]" size="10.560">，</text>
                <text font="ZTWRTK+FangSong_GB2312" bbox="220.543,542.355,231.103,552.915" colourspace="ICCBased" ncolour="[0]" size="10.560">受</text>
                <text font="ZTWRTK+FangSong_GB2312" bbox="230.863,542.355,241.423,552.915" colourspace="ICCBased" ncolour="[0]" size="10.560">益</text>
                <text font="ZTWRTK+FangSong_GB2312" bbox="241.423,542.355,251.983,552.915" colourspace="ICCBased" ncolour="[0]" size="10.560">人</text>
                <text font="ZTWRTK+FangSong_GB2312" bbox="251.983,542.355,262.543,552.915" colourspace="ICCBased" ncolour="[0]" size="10.560">为</text>
                <text font="ZTWRTK+FangSong_GB2312" bbox="262.543,542.355,273.103,552.915" colourspace="ICCBased" ncolour="[0]" size="10.560">李</text>
                <text font="ZTWRTK+FangSong_GB2312" bbox="272.863,542.355,283.423,552.915" colourspace="ICCBased" ncolour="[0]" size="10.560">女</text>
                <text font="ZTWRTK+FangSong_GB2312" bbox="283.423,542.355,293.983,552.915" colourspace="ICCBased" ncolour="[0]" size="10.560">士</text>
                <text font="ZTWRTK+FangSong_GB2312" bbox="293.742,542.355,304.302,552.915" colourspace="ICCBased" ncolour="[0]" size="10.560">，</text>
                <text font="ZTWRTK+FangSong_GB2312" bbox="303.583,542.355,314.143,552.915" colourspace="ICCBased" ncolour="[0]" size="10.560">对</text>
                <text font="ZTWRTK+FangSong_GB2312" bbox="314.143,542.355,324.703,552.915" colourspace="ICCBased" ncolour="[0]" size="10.560">应</text>
                <text font="ZTWRTK+FangSong_GB2312" bbox="324.466,542.355,335.026,552.915" colourspace="ICCBased" ncolour="[0]" size="10.560">投</text>
                <text font="ZTWRTK+FangSong_GB2312" bbox="335.026,542.355,345.586,552.915" colourspace="ICCBased" ncolour="[0]" size="10.560">保</text>
                <text font="ZTWRTK+FangSong_GB2312" bbox="345.586,542.355,356.146,552.915" colourspace="ICCBased" ncolour="[0]" size="10.560">的</text>
                <text font="ZTWRTK+FangSong_GB2312" bbox="356.146,542.355,366.706,552.915" colourspace="ICCBased" ncolour="[0]" size="10.560">主</text>
                <text font="ZTWRTK+FangSong_GB2312" bbox="366.706,542.355,377.266,552.915" colourspace="ICCBased" ncolour="[0]" size="10.560">险</text>
                <text font="ZTWRTK+FangSong_GB2312" bbox="377.026,542.355,387.586,552.915" colourspace="ICCBased" ncolour="[0]" size="10.560">为</text>
                <text font="ZTWRTK+FangSong_GB2312" bbox="387.586,542.355,398.146,552.915" colourspace="ICCBased" ncolour="[0]" size="10.560">平</text>
                <text font="ZTWRTK+FangSong_GB2312" bbox="398.146,542.355,408.706,552.915" colourspace="ICCBased" ncolour="[0]" size="10.560">安</text>
                <text font="ZTWRTK+FangSong_GB2312" bbox="408.706,542.355,419.266,552.915" colourspace="ICCBased" ncolour="[0]" size="10.560">金</text>
                <text font="ZTWRTK+FangSong_GB2312" bbox="419.023,542.355,429.583,552.915" colourspace="ICCBased" ncolour="[0]" size="10.560">鑫</text>
                <text font="ZTWRTK+FangSong_GB2312" bbox="429.583,542.355,440.143,552.915" colourspace="ICCBased" ncolour="[0]" size="10.560">盛</text>
                <text font="ZTWRTK+FangSong_GB2312" bbox="440.150,542.355,450.710,552.915" colourspace="ICCBased" ncolour="[0]" size="10.560">终</text>
                <text font="ZTWRTK+FangSong_GB2312" bbox="450.710,542.355,461.270,552.915" colourspace="ICCBased" ncolour="[0]" size="10.560">身</text>
                <text font="ZTWRTK+FangSong_GB2312" bbox="461.028,542.355,471.588,552.915" colourspace="ICCBased" ncolour="[0]" size="10.560">寿</text>
                <text font="ZTWRTK+FangSong_GB2312" bbox="471.588,542.355,482.148,552.915" colourspace="ICCBased" ncolour="[0]" size="10.560">险</text>
                <text font="ZTWRTK+FangSong_GB2312" bbox="481.187,542.355,491.747,552.915" colourspace="ICCBased" ncolour="[0]" size="10.560">（</text>
                <text font="ZTWRTK+FangSong_GB2312" bbox="491.747,542.355,497.027,552.915" colourspace="ICCBased" ncolour="[0]" size="10.560">2</text>
                <text font="ZTWRTK+FangSong_GB2312" bbox="497.027,542.355,502.307,552.915" colourspace="ICCBased" ncolour="[0]" size="10.560">0</text>
                <text font="ZTWRTK+FangSong_GB2312" bbox="502.307,542.355,507.587,552.915" colourspace="ICCBased" ncolour="[0]" size="10.560">1</text>
                <text font="ZTWRTK+FangSong_GB2312" bbox="507.587,542.355,512.867,552.915" colourspace="ICCBased" ncolour="[0]" size="10.560">7</text>
                <text font="ZTWRTK+FangSong_GB2312" bbox="512.867,542.355,523.427,552.915" colourspace="ICCBased" ncolour="[0]" size="10.560">）</text>
                <text>
                </text>
            </textline>
        </textbox>
        <textbox id="12" bbox="85.429,522.196,340.052,532.756">
            <textline bbox="85.429,522.196,340.052,532.756">
                <text font="ZTWRTK+FangSong_GB2312" bbox="85.429,522.196,95.989,532.756" colourspace="ICCBased" ncolour="[0]" size="10.560">（</text>
                <text font="ZTWRTK+FangSong_GB2312" bbox="95.989,522.196,106.549,532.756" colourspace="ICCBased" ncolour="[0]" size="10.560">简</text>
                <text font="ZTWRTK+FangSong_GB2312" bbox="106.549,522.196,117.109,532.756" colourspace="ICCBased" ncolour="[0]" size="10.560">称</text>
                <text font="ZTWRTK+FangSong_GB2312" bbox="117.109,522.196,127.669,532.756" colourspace="ICCBased" ncolour="[0]" size="10.560">金</text>
                <text font="ZTWRTK+FangSong_GB2312" bbox="127.669,522.196,138.229,532.756" colourspace="ICCBased" ncolour="[0]" size="10.560">鑫</text>
                <text font="ZTWRTK+FangSong_GB2312" bbox="137.987,522.196,148.547,532.756" colourspace="ICCBased" ncolour="[0]" size="10.560">盛</text>
                <text> </text>
                <text font="ZTWRTK+FangSong_GB2312" bbox="151.187,522.196,156.467,532.756" colourspace="ICCBased" ncolour="[0]" size="10.560">1</text>
                <text font="ZTWRTK+FangSong_GB2312" bbox="156.467,522.196,161.747,532.756" colourspace="ICCBased" ncolour="[0]" size="10.560">7</text>
                <text font="ZTWRTK+FangSong_GB2312" bbox="161.747,522.196,172.307,532.756" colourspace="ICCBased" ncolour="[0]" size="10.560">）</text>
                <text font="ZTWRTK+FangSong_GB2312" bbox="167.027,522.196,177.587,532.756" colourspace="ICCBased" ncolour="[0]" size="10.560">，</text>
                <text font="ZTWRTK+FangSong_GB2312" bbox="177.344,522.196,187.904,532.756" colourspace="ICCBased" ncolour="[0]" size="10.560">金</text>
                <text font="ZTWRTK+FangSong_GB2312" bbox="187.904,522.196,198.464,532.756" colourspace="ICCBased" ncolour="[0]" size="10.560">鑫</text>
                <text font="ZTWRTK+FangSong_GB2312" bbox="198.464,522.196,209.024,532.756" colourspace="ICCBased" ncolour="[0]" size="10.560">盛</text>
                <text> </text>
                <text font="ZTWRTK+FangSong_GB2312" bbox="211.664,522.196,216.944,532.756" colourspace="ICCBased" ncolour="[0]" size="10.560">1</text>
                <text font="ZTWRTK+FangSong_GB2312" bbox="216.944,522.196,222.224,532.756" colourspace="ICCBased" ncolour="[0]" size="10.560">7</text>
                <text> </text>
                <text font="ZTWRTK+FangSong_GB2312" bbox="224.621,522.196,235.181,532.756" colourspace="ICCBased" ncolour="[0]" size="10.560">基</text>
                <text font="ZTWRTK+FangSong_GB2312" bbox="235.181,522.196,245.741,532.756" colourspace="ICCBased" ncolour="[0]" size="10.560">本</text>
                <text font="ZTWRTK+FangSong_GB2312" bbox="245.741,522.196,256.301,532.756" colourspace="ICCBased" ncolour="[0]" size="10.560">保</text>
                <text font="ZTWRTK+FangSong_GB2312" bbox="256.301,522.196,266.861,532.756" colourspace="ICCBased" ncolour="[0]" size="10.560">险</text>
                <text font="ZTWRTK+FangSong_GB2312" bbox="266.621,522.196,277.181,532.756" colourspace="ICCBased" ncolour="[0]" size="10.560">金</text>
                <text font="ZTWRTK+FangSong_GB2312" bbox="277.181,522.196,287.741,532.756" colourspace="ICCBased" ncolour="[0]" size="10.560">额</text>
                <text> </text>
                <text font="ZTWRTK+FangSong_GB2312" bbox="290.378,522.196,295.658,532.756" colourspace="ICCBased" ncolour="[0]" size="10.560">2</text>
                <text font="ZTWRTK+FangSong_GB2312" bbox="295.658,522.196,300.938,532.756" colourspace="ICCBased" ncolour="[0]" size="10.560">0</text>
                <text> </text>
                <text font="ZTWRTK+FangSong_GB2312" bbox="303.335,522.196,313.895,532.756" colourspace="ICCBased" ncolour="[0]" size="10.560">万</text>
                <text font="ZTWRTK+FangSong_GB2312" bbox="313.895,522.196,324.455,532.756" colourspace="ICCBased" ncolour="[0]" size="10.560">元</text>
                <text font="ZTWRTK+FangSong_GB2312" bbox="324.212,522.196,334.772,532.756" colourspace="ICCBased" ncolour="[0]" size="10.560">。</text>
                <text font="ZTWRTK+FangSong_GB2312" bbox="334.772,522.196,340.052,532.756" colourspace="ICCBased" ncolour="[0]" size="10.560"> </text>
                <text>
                </text>
            </textline>
        </textbox>
        <textbox id="13" bbox="85.408,502.280,437.014,512.840">
            <textline bbox="85.408,502.280,437.014,512.840">
                <text font="ZTWRTK+FangSong_GB2312" bbox="85.408,502.280,95.968,512.840" colourspace="ICCBased" ncolour="[0]" size="10.560">本</text>
                <text font="ZTWRTK+FangSong_GB2312" bbox="95.968,502.280,106.528,512.840" colourspace="ICCBased" ncolour="[0]" size="10.560">例</text>
                <text font="ZTWRTK+FangSong_GB2312" bbox="106.528,502.280,117.088,512.840" colourspace="ICCBased" ncolour="[0]" size="10.560">中</text>
                <text font="ZTWRTK+FangSong_GB2312" bbox="117.088,502.280,127.648,512.840" colourspace="ICCBased" ncolour="[0]" size="10.560">王</text>
                <text font="ZTWRTK+FangSong_GB2312" bbox="127.648,502.280,138.208,512.840" colourspace="ICCBased" ncolour="[0]" size="10.560">先</text>
                <text font="ZTWRTK+FangSong_GB2312" bbox="137.965,502.280,148.525,512.840" colourspace="ICCBased" ncolour="[0]" size="10.560">生</text>
                <text font="ZTWRTK+FangSong_GB2312" bbox="148.525,502.280,159.085,512.840" colourspace="ICCBased" ncolour="[0]" size="10.560">为</text>
                <text font="ZTWRTK+FangSong_GB2312" bbox="159.085,502.280,169.645,512.840" colourspace="ICCBased" ncolour="[0]" size="10.560">投</text>
                <text font="ZTWRTK+FangSong_GB2312" bbox="169.645,502.280,180.205,512.840" colourspace="ICCBased" ncolour="[0]" size="10.560">保</text>
                <text font="ZTWRTK+FangSong_GB2312" bbox="179.966,502.280,190.526,512.840" colourspace="ICCBased" ncolour="[0]" size="10.560">人</text>
                <text font="ZTWRTK+FangSong_GB2312" bbox="190.526,502.280,201.086,512.840" colourspace="ICCBased" ncolour="[0]" size="10.560">，</text>
                <text font="ZTWRTK+FangSong_GB2312" bbox="201.086,502.280,211.646,512.840" colourspace="ICCBased" ncolour="[0]" size="10.560">李</text>
                <text font="ZTWRTK+FangSong_GB2312" bbox="211.646,502.280,222.206,512.840" colourspace="ICCBased" ncolour="[0]" size="10.560">女</text>
                <text font="ZTWRTK+FangSong_GB2312" bbox="221.963,502.280,232.523,512.840" colourspace="ICCBased" ncolour="[0]" size="10.560">士</text>
                <text font="ZTWRTK+FangSong_GB2312" bbox="232.530,502.280,243.090,512.840" colourspace="ICCBased" ncolour="[0]" size="10.560">为</text>
                <text font="ZTWRTK+FangSong_GB2312" bbox="243.090,502.280,253.650,512.840" colourspace="ICCBased" ncolour="[0]" size="10.560">被</text>
                <text font="ZTWRTK+FangSong_GB2312" bbox="253.650,502.280,264.210,512.840" colourspace="ICCBased" ncolour="[0]" size="10.560">保</text>
                <text font="ZTWRTK+FangSong_GB2312" bbox="263.971,502.280,274.531,512.840" colourspace="ICCBased" ncolour="[0]" size="10.560">险</text>
                <text font="ZTWRTK+FangSong_GB2312" bbox="274.531,502.280,285.091,512.840" colourspace="ICCBased" ncolour="[0]" size="10.560">人</text>
                <text font="ZTWRTK+FangSong_GB2312" bbox="285.091,502.280,295.651,512.840" colourspace="ICCBased" ncolour="[0]" size="10.560">及</text>
                <text font="ZTWRTK+FangSong_GB2312" bbox="295.651,502.280,306.211,512.840" colourspace="ICCBased" ncolour="[0]" size="10.560">受</text>
                <text font="ZTWRTK+FangSong_GB2312" bbox="305.971,502.280,316.531,512.840" colourspace="ICCBased" ncolour="[0]" size="10.560">益</text>
                <text font="ZTWRTK+FangSong_GB2312" bbox="316.531,502.280,327.091,512.840" colourspace="ICCBased" ncolour="[0]" size="10.560">人</text>
                <text font="ZTWRTK+FangSong_GB2312" bbox="326.850,502.280,337.410,512.840" colourspace="ICCBased" ncolour="[0]" size="10.560">，</text>
                <text font="ZTWRTK+FangSong_GB2312" bbox="337.410,502.280,347.970,512.840" colourspace="ICCBased" ncolour="[0]" size="10.560">平</text>
                <text font="ZTWRTK+FangSong_GB2312" bbox="347.970,502.280,358.530,512.840" colourspace="ICCBased" ncolour="[0]" size="10.560">安</text>
                <text font="ZTWRTK+FangSong_GB2312" bbox="358.530,502.280,369.090,512.840" colourspace="ICCBased" ncolour="[0]" size="10.560">人</text>
                <text font="ZTWRTK+FangSong_GB2312" bbox="369.090,502.280,379.650,512.840" colourspace="ICCBased" ncolour="[0]" size="10.560">寿</text>
                <text font="ZTWRTK+FangSong_GB2312" bbox="379.410,502.280,389.970,512.840" colourspace="ICCBased" ncolour="[0]" size="10.560">为</text>
                <text font="ZTWRTK+FangSong_GB2312" bbox="389.970,502.280,400.530,512.840" colourspace="ICCBased" ncolour="[0]" size="10.560">保</text>
                <text font="ZTWRTK+FangSong_GB2312" bbox="400.530,502.280,411.090,512.840" colourspace="ICCBased" ncolour="[0]" size="10.560">险</text>
                <text font="ZTWRTK+FangSong_GB2312" bbox="411.090,502.280,421.650,512.840" colourspace="ICCBased" ncolour="[0]" size="10.560">人</text>
                <text font="ZTWRTK+FangSong_GB2312" bbox="421.411,502.280,431.971,512.840" colourspace="ICCBased" ncolour="[0]" size="10.560">。</text>
                <text font="ZTWRTK+FangSong_GB2312" bbox="431.734,502.280,437.014,512.840" colourspace="ICCBased" ncolour="[0]" size="10.560"> </text>
                <text>
                </text>
            </textline>
        </textbox>
        <textbox id="14" bbox="121.440,483.551,158.400,494.111">
            <textline bbox="121.440,483.551,158.400,494.111">
                <text font="ZTWRTK+FangSong_GB2312" bbox="121.440,483.551,132.000,494.111" colourspace="ICCBased" ncolour="[0]" size="10.560">保</text>
                <text font="ZTWRTK+FangSong_GB2312" bbox="132.000,483.551,142.560,494.111" colourspace="ICCBased" ncolour="[0]" size="10.560">险</text>
                <text font="ZTWRTK+FangSong_GB2312" bbox="142.560,483.551,153.120,494.111" colourspace="ICCBased" ncolour="[0]" size="10.560">金</text>
                <text font="ZTWRTK+FangSong_GB2312" bbox="153.120,483.551,158.400,494.111" colourspace="ICCBased" ncolour="[0]" size="10.560"> </text>
                <text>
                </text>
            </textline>
        </textbox>
        <textbox id="15" bbox="208.800,483.551,245.760,494.111">
            <textline bbox="208.800,483.551,245.760,494.111">
                <text font="ZTWRTK+FangSong_GB2312" bbox="208.800,483.551,219.360,494.111" colourspace="ICCBased" ncolour="[0]" size="10.560">领</text>
                <text font="ZTWRTK+FangSong_GB2312" bbox="219.360,483.551,229.920,494.111" colourspace="ICCBased" ncolour="[0]" size="10.560">取</text>
                <text font="ZTWRTK+FangSong_GB2312" bbox="229.920,483.551,240.480,494.111" colourspace="ICCBased" ncolour="[0]" size="10.560">人</text>
                <text font="ZTWRTK+FangSong_GB2312" bbox="240.480,483.551,245.760,494.111" colourspace="ICCBased" ncolour="[0]" size="10.560"> </text>
                <text>
                </text>
            </textline>
        </textbox>
        <textbox id="16" bbox="281.520,483.551,329.040,494.111">
            <textline bbox="281.520,483.551,329.040,494.111">
                <text font="ZTWRTK+FangSong_GB2312" bbox="281.520,483.551,292.080,494.111" colourspace="ICCBased" ncolour="[0]" size="10.560">给</text>
                <text font="ZTWRTK+FangSong_GB2312" bbox="292.080,483.551,302.640,494.111" colourspace="ICCBased" ncolour="[0]" size="10.560">付</text>
                <text font="ZTWRTK+FangSong_GB2312" bbox="302.640,483.551,313.200,494.111" colourspace="ICCBased" ncolour="[0]" size="10.560">金</text>
                <text font="ZTWRTK+FangSong_GB2312" bbox="313.200,483.551,323.760,494.111" colourspace="ICCBased" ncolour="[0]" size="10.560">额</text>
                <text font="ZTWRTK+FangSong_GB2312" bbox="323.760,483.551,329.040,494.111" colourspace="ICCBased" ncolour="[0]" size="10.560"> </text>
                <text>
                </text>
            </textline>
        </textbox>
        <textbox id="17" bbox="414.240,483.551,461.760,494.111">
            <textline bbox="414.240,483.551,461.760,494.111">
                <text font="ZTWRTK+FangSong_GB2312" bbox="414.240,483.551,424.800,494.111" colourspace="ICCBased" ncolour="[0]" size="10.560">领</text>
                <text font="ZTWRTK+FangSong_GB2312" bbox="424.800,483.551,435.360,494.111" colourspace="ICCBased" ncolour="[0]" size="10.560">取</text>
                <text font="ZTWRTK+FangSong_GB2312" bbox="435.360,483.551,445.920,494.111" colourspace="ICCBased" ncolour="[0]" size="10.560">条</text>
                <text font="ZTWRTK+FangSong_GB2312" bbox="445.920,483.551,456.480,494.111" colourspace="ICCBased" ncolour="[0]" size="10.560">件</text>
                <text font="ZTWRTK+FangSong_GB2312" bbox="456.480,483.551,461.760,494.111" colourspace="ICCBased" ncolour="[0]" size="10.560"> </text>
                <text>
                </text>
            </textline>
        </textbox>
        <textbox id="18" bbox="100.560,432.431,179.285,442.991">
            <textline bbox="100.560,432.431,179.285,442.991">
                <text font="ZTWRTK+FangSong_GB2312" bbox="100.560,432.431,111.120,442.991" colourspace="ICCBased" ncolour="[0]" size="10.560">重</text>
                <text font="ZTWRTK+FangSong_GB2312" bbox="111.120,432.431,121.680,442.991" colourspace="ICCBased" ncolour="[0]" size="10.560">大</text>
                <text font="ZTWRTK+FangSong_GB2312" bbox="121.680,432.431,132.240,442.991" colourspace="ICCBased" ncolour="[0]" size="10.560">疾</text>
                <text font="ZTWRTK+FangSong_GB2312" bbox="132.240,432.431,142.800,442.991" colourspace="ICCBased" ncolour="[0]" size="10.560">病</text>
                <text font="ZTWRTK+FangSong_GB2312" bbox="142.800,432.431,153.360,442.991" colourspace="ICCBased" ncolour="[0]" size="10.560">保</text>
                <text font="ZTWRTK+FangSong_GB2312" bbox="153.120,432.431,163.680,442.991" colourspace="ICCBased" ncolour="[0]" size="10.560">险</text>
                <text font="ZTWRTK+FangSong_GB2312" bbox="163.680,432.431,174.240,442.991" colourspace="ICCBased" ncolour="[0]" size="10.560">金</text>
                <text font="ZTWRTK+FangSong_GB2312" bbox="174.005,432.431,179.285,442.991" colourspace="ICCBased" ncolour="[0]" size="10.560"> </text>
                <text>
                </text>
            </textline>
        </textbox>
        <textbox id="19" bbox="209.043,432.431,245.760,442.991">
            <textline bbox="209.043,432.431,245.760,442.991">
                <text font="ZTWRTK+FangSong_GB2312" bbox="209.043,432.431,219.603,442.991" colourspace="ICCBased" ncolour="[0]" size="10.560">李</text>
                <text font="ZTWRTK+FangSong_GB2312" bbox="219.603,432.431,230.163,442.991" colourspace="ICCBased" ncolour="[0]" size="10.560">女</text>
                <text font="ZTWRTK+FangSong_GB2312" bbox="230.163,432.431,240.723,442.991" colourspace="ICCBased" ncolour="[0]" size="10.560">士</text>
                <text font="ZTWRTK+FangSong_GB2312" bbox="240.480,432.431,245.760,442.991" colourspace="ICCBased" ncolour="[0]" size="10.560"> </text>
                <text>
                </text>
            </textline>
        </textbox>
        <textbox id="20" bbox="285.603,432.431,324.960,442.991">
            <textline bbox="285.603,432.431,324.960,442.991">
                <text font="ZTWRTK+FangSong_GB2312" bbox="285.603,432.431,290.883,442.991" colourspace="ICCBased" ncolour="[0]" size="10.560">2</text>
                <text font="ZTWRTK+FangSong_GB2312" bbox="290.883,432.431,296.163,442.991" colourspace="ICCBased" ncolour="[0]" size="10.560">0</text>
                <text> </text>
                <text font="ZTWRTK+FangSong_GB2312" bbox="298.803,432.431,309.363,442.991" colourspace="ICCBased" ncolour="[0]" size="10.560">万</text>
                <text font="ZTWRTK+FangSong_GB2312" bbox="309.363,432.431,319.923,442.991" colourspace="ICCBased" ncolour="[0]" size="10.560">元</text>
                <text font="ZTWRTK+FangSong_GB2312" bbox="319.680,432.431,324.960,442.991" colourspace="ICCBased" ncolour="[0]" size="10.560"> </text>
                <text>
                </text>
            </textline>
        </textbox>
        <textbox id="21" bbox="354.243,460.035,516.265,470.595">
            <textline bbox="354.243,460.035,516.265,470.595">
                <text font="ZTWRTK+FangSong_GB2312" bbox="354.243,460.035,364.803,470.595" colourspace="ICCBased" ncolour="[0]" size="10.560">等</text>
                <text font="ZTWRTK+FangSong_GB2312" bbox="365.046,460.035,375.606,470.595" colourspace="ICCBased" ncolour="[0]" size="10.560">待</text>
                <text font="ZTWRTK+FangSong_GB2312" bbox="375.849,460.035,386.409,470.595" colourspace="ICCBased" ncolour="[0]" size="10.560">期</text>
                <text font="ZTWRTK+FangSong_GB2312" bbox="386.652,460.035,397.212,470.595" colourspace="ICCBased" ncolour="[0]" size="10.560">后</text>
                <text font="ZTWRTK+FangSong_GB2312" bbox="397.212,460.035,407.772,470.595" colourspace="ICCBased" ncolour="[0]" size="10.560">李</text>
                <text font="ZTWRTK+FangSong_GB2312" bbox="408.014,460.035,418.574,470.595" colourspace="ICCBased" ncolour="[0]" size="10.560">女</text>
                <text font="ZTWRTK+FangSong_GB2312" bbox="418.817,460.035,429.377,470.595" colourspace="ICCBased" ncolour="[0]" size="10.560">士</text>
                <text font="ZTWRTK+FangSong_GB2312" bbox="429.377,460.035,439.937,470.595" colourspace="ICCBased" ncolour="[0]" size="10.560">经</text>
                <text font="ZTWRTK+FangSong_GB2312" bbox="440.888,460.035,451.448,470.595" colourspace="ICCBased" ncolour="[0]" size="10.560">医</text>
                <text font="ZTWRTK+FangSong_GB2312" bbox="451.691,460.035,462.251,470.595" colourspace="ICCBased" ncolour="[0]" size="10.560">院</text>
                <text font="ZTWRTK+FangSong_GB2312" bbox="462.493,460.035,473.053,470.595" colourspace="ICCBased" ncolour="[0]" size="10.560">确</text>
                <text font="ZTWRTK+FangSong_GB2312" bbox="473.296,460.035,483.856,470.595" colourspace="ICCBased" ncolour="[0]" size="10.560">诊</text>
                <text font="ZTWRTK+FangSong_GB2312" bbox="484.099,460.035,494.659,470.595" colourspace="ICCBased" ncolour="[0]" size="10.560">初</text>
                <text font="ZTWRTK+FangSong_GB2312" bbox="494.902,460.035,505.462,470.595" colourspace="ICCBased" ncolour="[0]" size="10.560">次</text>
                <text font="ZTWRTK+FangSong_GB2312" bbox="505.705,460.035,516.265,470.595" colourspace="ICCBased" ncolour="[0]" size="10.560">发</text>
                <text>
                </text>
            </textline>
        </textbox>
        <textbox id="22" bbox="354.243,439.876,454.088,450.436">
            <textline bbox="354.243,439.876,454.088,450.436">
                <text font="ZTWRTK+FangSong_GB2312" bbox="354.243,439.876,364.803,450.436" colourspace="ICCBased" ncolour="[0]" size="10.560">生</text>
                <text font="ZTWRTK+FangSong_GB2312" bbox="364.803,439.876,375.363,450.436" colourspace="ICCBased" ncolour="[0]" size="10.560">受</text>
                <text font="ZTWRTK+FangSong_GB2312" bbox="375.363,439.876,385.923,450.436" colourspace="ICCBased" ncolour="[0]" size="10.560">保</text>
                <text font="ZTWRTK+FangSong_GB2312" bbox="385.923,439.876,396.483,450.436" colourspace="ICCBased" ncolour="[0]" size="10.560">障</text>
                <text font="ZTWRTK+FangSong_GB2312" bbox="396.483,439.876,407.043,450.436" colourspace="ICCBased" ncolour="[0]" size="10.560">的</text>
                <text font="ZTWRTK+FangSong_GB2312" bbox="406.803,439.876,417.363,450.436" colourspace="ICCBased" ncolour="[0]" size="10.560">重</text>
                <text font="ZTWRTK+FangSong_GB2312" bbox="417.363,439.876,427.923,450.436" colourspace="ICCBased" ncolour="[0]" size="10.560">大</text>
                <text font="ZTWRTK+FangSong_GB2312" bbox="427.923,439.876,438.483,450.436" colourspace="ICCBased" ncolour="[0]" size="10.560">疾</text>
                <text font="ZTWRTK+FangSong_GB2312" bbox="438.483,439.876,449.043,450.436" colourspace="ICCBased" ncolour="[0]" size="10.560">病</text>
                <text font="ZTWRTK+FangSong_GB2312" bbox="448.808,439.876,454.088,450.436" colourspace="ICCBased" ncolour="[0]" size="10.560"> </text>
                <text>
                </text>
            </textline>
        </textbox>
        <textbox id="23" bbox="354.243,419.960,516.281,430.520">
            <textline bbox="354.243,419.960,516.281,430.520">
                <text font="ZTWRTK+FangSong_GB2312" bbox="354.243,419.960,364.803,430.520" colourspace="ICCBased" ncolour="[0]" size="10.560">我</text>
                <text font="ZTWRTK+FangSong_GB2312" bbox="365.046,419.960,375.606,430.520" colourspace="ICCBased" ncolour="[0]" size="10.560">们</text>
                <text font="ZTWRTK+FangSong_GB2312" bbox="375.849,419.960,386.409,430.520" colourspace="ICCBased" ncolour="[0]" size="10.560">提</text>
                <text font="ZTWRTK+FangSong_GB2312" bbox="386.652,419.960,397.212,430.520" colourspace="ICCBased" ncolour="[0]" size="10.560">供</text>
                <text font="ZTWRTK+FangSong_GB2312" bbox="397.454,419.960,408.014,430.520" colourspace="ICCBased" ncolour="[0]" size="10.560">保</text>
                <text font="ZTWRTK+FangSong_GB2312" bbox="408.257,419.960,418.817,430.520" colourspace="ICCBased" ncolour="[0]" size="10.560">障</text>
                <text font="ZTWRTK+FangSong_GB2312" bbox="419.060,419.960,429.620,430.520" colourspace="ICCBased" ncolour="[0]" size="10.560">的</text>
                <text font="ZTWRTK+FangSong_GB2312" bbox="429.863,419.960,440.423,430.520" colourspace="ICCBased" ncolour="[0]" size="10.560">重</text>
                <text font="ZTWRTK+FangSong_GB2312" bbox="440.904,419.960,451.464,430.520" colourspace="ICCBased" ncolour="[0]" size="10.560">大</text>
                <text font="ZTWRTK+FangSong_GB2312" bbox="451.706,419.960,462.266,430.520" colourspace="ICCBased" ncolour="[0]" size="10.560">疾</text>
                <text font="ZTWRTK+FangSong_GB2312" bbox="462.509,419.960,473.069,430.520" colourspace="ICCBased" ncolour="[0]" size="10.560">病</text>
                <text font="ZTWRTK+FangSong_GB2312" bbox="473.312,419.960,483.872,430.520" colourspace="ICCBased" ncolour="[0]" size="10.560">包</text>
                <text font="ZTWRTK+FangSong_GB2312" bbox="484.115,419.960,494.675,430.520" colourspace="ICCBased" ncolour="[0]" size="10.560">括</text>
                <text font="ZTWRTK+FangSong_GB2312" bbox="494.918,419.960,505.478,430.520" colourspace="ICCBased" ncolour="[0]" size="10.560">恶</text>
                <text font="ZTWRTK+FangSong_GB2312" bbox="505.721,419.960,516.281,430.520" colourspace="ICCBased" ncolour="[0]" size="10.560">性</text>
                <text>
                </text>
            </textline>
        </textbox>
        <textbox id="24" bbox="354.243,400.044,501.354,410.604">
            <textline bbox="354.243,400.044,501.354,410.604">
                <text font="ZTWRTK+FangSong_GB2312" bbox="354.243,400.044,364.803,410.604" colourspace="ICCBased" ncolour="[0]" size="10.560">肿</text>
                <text font="ZTWRTK+FangSong_GB2312" bbox="364.803,400.044,375.363,410.604" colourspace="ICCBased" ncolour="[0]" size="10.560">瘤</text>
                <text font="ZTWRTK+FangSong_GB2312" bbox="375.363,400.044,385.923,410.604" colourspace="ICCBased" ncolour="[0]" size="10.560">、</text>
                <text font="ZTWRTK+FangSong_GB2312" bbox="385.923,400.044,396.483,410.604" colourspace="ICCBased" ncolour="[0]" size="10.560">急</text>
                <text font="ZTWRTK+FangSong_GB2312" bbox="396.483,400.044,407.043,410.604" colourspace="ICCBased" ncolour="[0]" size="10.560">性</text>
                <text font="ZTWRTK+FangSong_GB2312" bbox="406.800,400.044,417.360,410.604" colourspace="ICCBased" ncolour="[0]" size="10.560">心</text>
                <text font="ZTWRTK+FangSong_GB2312" bbox="417.360,400.044,427.920,410.604" colourspace="ICCBased" ncolour="[0]" size="10.560">肌</text>
                <text font="ZTWRTK+FangSong_GB2312" bbox="427.920,400.044,438.480,410.604" colourspace="ICCBased" ncolour="[0]" size="10.560">梗</text>
                <text font="ZTWRTK+FangSong_GB2312" bbox="438.480,400.044,449.040,410.604" colourspace="ICCBased" ncolour="[0]" size="10.560">塞</text>
                <text font="ZTWRTK+FangSong_GB2312" bbox="448.800,400.044,459.360,410.604" colourspace="ICCBased" ncolour="[0]" size="10.560">等</text>
                <text font="ZTWRTK+FangSong_GB2312" bbox="459.360,400.044,469.920,410.604" colourspace="ICCBased" ncolour="[0]" size="10.560">共</text>
                <text> </text>
                <text font="ZTWRTK+FangSong_GB2312" bbox="472.557,400.044,477.837,410.604" colourspace="ICCBased" ncolour="[0]" size="10.560">8</text>
                <text font="ZTWRTK+FangSong_GB2312" bbox="477.837,400.044,483.117,410.604" colourspace="ICCBased" ncolour="[0]" size="10.560">0</text>
                <text> </text>
                <text font="ZTWRTK+FangSong_GB2312" bbox="485.757,400.044,496.317,410.604" colourspace="ICCBased" ncolour="[0]" size="10.560">种</text>
                <text font="ZTWRTK+FangSong_GB2312" bbox="496.074,400.044,501.354,410.604" colourspace="ICCBased" ncolour="[0]" size="10.560"> </text>
                <text>
                </text>
            </textline>
        </textbox>
        <textbox id="25" bbox="87.120,379.391,516.723,389.951">
            <textline bbox="87.120,379.391,516.723,389.951">
                <text font="ZTWRTK+FangSong_GB2312" bbox="87.120,379.391,97.680,389.951" colourspace="ICCBased" ncolour="[0]" size="10.560">重</text>
                <text font="ZTWRTK+FangSong_GB2312" bbox="97.680,379.391,108.240,389.951" colourspace="ICCBased" ncolour="[0]" size="10.560">大</text>
                <text font="ZTWRTK+FangSong_GB2312" bbox="108.240,379.391,118.800,389.951" colourspace="ICCBased" ncolour="[0]" size="10.560">疾</text>
                <text font="ZTWRTK+FangSong_GB2312" bbox="118.800,379.391,129.360,389.951" colourspace="ICCBased" ncolour="[0]" size="10.560">病</text>
                <text font="ZTWRTK+FangSong_GB2312" bbox="129.360,379.391,139.920,389.951" colourspace="ICCBased" ncolour="[0]" size="10.560">保</text>
                <text font="ZTWRTK+FangSong_GB2312" bbox="139.680,379.391,150.240,389.951" colourspace="ICCBased" ncolour="[0]" size="10.560">险</text>
                <text font="ZTWRTK+FangSong_GB2312" bbox="150.240,379.391,160.800,389.951" colourspace="ICCBased" ncolour="[0]" size="10.560">金</text>
                <text font="ZTWRTK+FangSong_GB2312" bbox="160.800,379.391,171.360,389.951" colourspace="ICCBased" ncolour="[0]" size="10.560">给</text>
                <text font="ZTWRTK+FangSong_GB2312" bbox="171.360,379.391,181.920,389.951" colourspace="ICCBased" ncolour="[0]" size="10.560">付</text>
                <text font="ZTWRTK+FangSong_GB2312" bbox="181.680,379.391,192.240,389.951" colourspace="ICCBased" ncolour="[0]" size="10.560">后</text>
                <text font="ZTWRTK+FangSong_GB2312" bbox="192.240,379.391,202.800,389.951" colourspace="ICCBased" ncolour="[0]" size="10.560">，</text>
                <text font="ZTWRTK+FangSong_GB2312" bbox="202.800,379.391,213.360,389.951" colourspace="ICCBased" ncolour="[0]" size="10.560">本</text>
                <text font="ZTWRTK+FangSong_GB2312" bbox="213.360,379.391,223.920,389.951" colourspace="ICCBased" ncolour="[0]" size="10.560">附</text>
                <text font="ZTWRTK+FangSong_GB2312" bbox="223.680,379.391,234.240,389.951" colourspace="ICCBased" ncolour="[0]" size="10.560">加</text>
                <text font="ZTWRTK+FangSong_GB2312" bbox="234.240,379.391,244.800,389.951" colourspace="ICCBased" ncolour="[0]" size="10.560">险</text>
                <text font="ZTWRTK+FangSong_GB2312" bbox="244.800,379.391,255.360,389.951" colourspace="ICCBased" ncolour="[0]" size="10.560">合</text>
                <text font="ZTWRTK+FangSong_GB2312" bbox="255.360,379.391,265.920,389.951" colourspace="ICCBased" ncolour="[0]" size="10.560">同</text>
                <text font="ZTWRTK+FangSong_GB2312" bbox="265.680,379.391,276.240,389.951" colourspace="ICCBased" ncolour="[0]" size="10.560">终</text>
                <text font="ZTWRTK+FangSong_GB2312" bbox="276.240,379.391,286.800,389.951" colourspace="ICCBased" ncolour="[0]" size="10.560">止</text>
                <text font="ZTWRTK+FangSong_GB2312" bbox="286.800,379.391,297.360,389.951" colourspace="ICCBased" ncolour="[0]" size="10.560">。</text>
                <text font="ZTWRTK+FangSong_GB2312" bbox="297.360,379.391,307.920,389.951" colourspace="ICCBased" ncolour="[0]" size="10.560">金</text>
                <text font="ZTWRTK+FangSong_GB2312" bbox="307.677,379.391,318.237,389.951" colourspace="ICCBased" ncolour="[0]" size="10.560">鑫</text>
                <text font="ZTWRTK+FangSong_GB2312" bbox="317.994,379.391,328.554,389.951" colourspace="ICCBased" ncolour="[0]" size="10.560">盛</text>
                <text> </text>
                <text font="ZTWRTK+FangSong_GB2312" bbox="333.358,379.391,338.638,389.951" colourspace="ICCBased" ncolour="[0]" size="10.560">1</text>
                <text font="ZTWRTK+FangSong_GB2312" bbox="338.638,379.391,343.918,389.951" colourspace="ICCBased" ncolour="[0]" size="10.560">7</text>
                <text> </text>
                <text font="ZTWRTK+FangSong_GB2312" bbox="348.723,379.391,359.283,389.951" colourspace="ICCBased" ncolour="[0]" size="10.560">的</text>
                <text font="ZTWRTK+FangSong_GB2312" bbox="359.043,379.391,369.603,389.951" colourspace="ICCBased" ncolour="[0]" size="10.560">基</text>
                <text font="ZTWRTK+FangSong_GB2312" bbox="369.603,379.391,380.163,389.951" colourspace="ICCBased" ncolour="[0]" size="10.560">本</text>
                <text font="ZTWRTK+FangSong_GB2312" bbox="380.163,379.391,390.723,389.951" colourspace="ICCBased" ncolour="[0]" size="10.560">保</text>
                <text font="ZTWRTK+FangSong_GB2312" bbox="390.723,379.391,401.283,389.951" colourspace="ICCBased" ncolour="[0]" size="10.560">险</text>
                <text font="ZTWRTK+FangSong_GB2312" bbox="401.042,379.391,411.602,389.951" colourspace="ICCBased" ncolour="[0]" size="10.560">金</text>
                <text font="ZTWRTK+FangSong_GB2312" bbox="411.602,379.391,422.162,389.951" colourspace="ICCBased" ncolour="[0]" size="10.560">额</text>
                <text font="ZTWRTK+FangSong_GB2312" bbox="422.162,379.391,432.722,389.951" colourspace="ICCBased" ncolour="[0]" size="10.560">按</text>
                <text font="ZTWRTK+FangSong_GB2312" bbox="432.722,379.391,443.282,389.951" colourspace="ICCBased" ncolour="[0]" size="10.560">给</text>
                <text font="ZTWRTK+FangSong_GB2312" bbox="443.043,379.391,453.603,389.951" colourspace="ICCBased" ncolour="[0]" size="10.560">付</text>
                <text font="ZTWRTK+FangSong_GB2312" bbox="453.603,379.391,464.163,389.951" colourspace="ICCBased" ncolour="[0]" size="10.560">的</text>
                <text font="ZTWRTK+FangSong_GB2312" bbox="464.163,379.391,474.723,389.951" colourspace="ICCBased" ncolour="[0]" size="10.560">重</text>
                <text font="ZTWRTK+FangSong_GB2312" bbox="474.723,379.391,485.283,389.951" colourspace="ICCBased" ncolour="[0]" size="10.560">大</text>
                <text font="ZTWRTK+FangSong_GB2312" bbox="485.043,379.391,495.603,389.951" colourspace="ICCBased" ncolour="[0]" size="10.560">疾</text>
                <text font="ZTWRTK+FangSong_GB2312" bbox="495.603,379.391,506.163,389.951" colourspace="ICCBased" ncolour="[0]" size="10.560">病</text>
                <text font="ZTWRTK+FangSong_GB2312" bbox="506.163,379.391,516.723,389.951" colourspace="ICCBased" ncolour="[0]" size="10.560">保</text>
                <text>
                </text>
            </textline>
        </textbox>
        <textbox id="26" bbox="87.120,359.475,516.721,370.035">
            <textline bbox="87.120,359.475,516.721,370.035">
                <text font="ZTWRTK+FangSong_GB2312" bbox="87.120,359.475,97.680,370.035" colourspace="ICCBased" ncolour="[0]" size="10.560">险</text>
                <text font="ZTWRTK+FangSong_GB2312" bbox="97.680,359.475,108.240,370.035" colourspace="ICCBased" ncolour="[0]" size="10.560">金</text>
                <text font="ZTWRTK+FangSong_GB2312" bbox="108.240,359.475,118.800,370.035" colourspace="ICCBased" ncolour="[0]" size="10.560">等</text>
                <text font="ZTWRTK+FangSong_GB2312" bbox="118.800,359.475,129.360,370.035" colourspace="ICCBased" ncolour="[0]" size="10.560">额</text>
                <text font="ZTWRTK+FangSong_GB2312" bbox="129.360,359.475,139.920,370.035" colourspace="ICCBased" ncolour="[0]" size="10.560">减</text>
                <text font="ZTWRTK+FangSong_GB2312" bbox="139.680,359.475,150.240,370.035" colourspace="ICCBased" ncolour="[0]" size="10.560">少</text>
                <text font="ZTWRTK+FangSong_GB2312" bbox="150.240,359.475,160.800,370.035" colourspace="ICCBased" ncolour="[0]" size="10.560">，</text>
                <text font="ZTWRTK+FangSong_GB2312" bbox="160.800,359.475,171.360,370.035" colourspace="ICCBased" ncolour="[0]" size="10.560">金</text>
                <text font="ZTWRTK+FangSong_GB2312" bbox="171.360,359.475,181.920,370.035" colourspace="ICCBased" ncolour="[0]" size="10.560">鑫</text>
                <text font="ZTWRTK+FangSong_GB2312" bbox="181.677,359.475,192.237,370.035" colourspace="ICCBased" ncolour="[0]" size="10.560">盛</text>
                <text> </text>
                <text font="ZTWRTK+FangSong_GB2312" bbox="197.039,359.475,202.319,370.035" colourspace="ICCBased" ncolour="[0]" size="10.560">1</text>
                <text font="ZTWRTK+FangSong_GB2312" bbox="202.319,359.475,207.599,370.035" colourspace="ICCBased" ncolour="[0]" size="10.560">7</text>
                <text> </text>
                <text font="ZTWRTK+FangSong_GB2312" bbox="212.161,359.475,222.721,370.035" colourspace="ICCBased" ncolour="[0]" size="10.560">合</text>
                <text font="ZTWRTK+FangSong_GB2312" bbox="222.721,359.475,233.281,370.035" colourspace="ICCBased" ncolour="[0]" size="10.560">同</text>
                <text font="ZTWRTK+FangSong_GB2312" bbox="233.281,359.475,243.841,370.035" colourspace="ICCBased" ncolour="[0]" size="10.560">约</text>
                <text font="ZTWRTK+FangSong_GB2312" bbox="243.841,359.475,254.401,370.035" colourspace="ICCBased" ncolour="[0]" size="10.560">定</text>
                <text font="ZTWRTK+FangSong_GB2312" bbox="254.161,359.475,264.721,370.035" colourspace="ICCBased" ncolour="[0]" size="10.560">的</text>
                <text font="ZTWRTK+FangSong_GB2312" bbox="264.721,359.475,275.281,370.035" colourspace="ICCBased" ncolour="[0]" size="10.560">各</text>
                <text font="ZTWRTK+FangSong_GB2312" bbox="275.281,359.475,285.841,370.035" colourspace="ICCBased" ncolour="[0]" size="10.560">项</text>
                <text font="ZTWRTK+FangSong_GB2312" bbox="285.602,359.475,296.162,370.035" colourspace="ICCBased" ncolour="[0]" size="10.560">保</text>
                <text font="ZTWRTK+FangSong_GB2312" bbox="296.162,359.475,306.722,370.035" colourspace="ICCBased" ncolour="[0]" size="10.560">险</text>
                <text font="ZTWRTK+FangSong_GB2312" bbox="306.722,359.475,317.282,370.035" colourspace="ICCBased" ncolour="[0]" size="10.560">责</text>
                <text font="ZTWRTK+FangSong_GB2312" bbox="317.282,359.475,327.842,370.035" colourspace="ICCBased" ncolour="[0]" size="10.560">任</text>
                <text font="ZTWRTK+FangSong_GB2312" bbox="327.601,359.475,338.161,370.035" colourspace="ICCBased" ncolour="[0]" size="10.560">及</text>
                <text font="ZTWRTK+FangSong_GB2312" bbox="338.161,359.475,348.721,370.035" colourspace="ICCBased" ncolour="[0]" size="10.560">保</text>
                <text font="ZTWRTK+FangSong_GB2312" bbox="348.721,359.475,359.281,370.035" colourspace="ICCBased" ncolour="[0]" size="10.560">险</text>
                <text font="ZTWRTK+FangSong_GB2312" bbox="359.281,359.475,369.841,370.035" colourspace="ICCBased" ncolour="[0]" size="10.560">单</text>
                <text font="ZTWRTK+FangSong_GB2312" bbox="369.841,359.475,380.401,370.035" colourspace="ICCBased" ncolour="[0]" size="10.560">上</text>
                <text font="ZTWRTK+FangSong_GB2312" bbox="380.161,359.475,390.721,370.035" colourspace="ICCBased" ncolour="[0]" size="10.560">载</text>
                <text font="ZTWRTK+FangSong_GB2312" bbox="390.721,359.475,401.281,370.035" colourspace="ICCBased" ncolour="[0]" size="10.560">明</text>
                <text font="ZTWRTK+FangSong_GB2312" bbox="401.281,359.475,411.841,370.035" colourspace="ICCBased" ncolour="[0]" size="10.560">的</text>
                <text font="ZTWRTK+FangSong_GB2312" bbox="411.841,359.475,422.401,370.035" colourspace="ICCBased" ncolour="[0]" size="10.560">现</text>
                <text font="ZTWRTK+FangSong_GB2312" bbox="422.161,359.475,432.721,370.035" colourspace="ICCBased" ncolour="[0]" size="10.560">金</text>
                <text font="ZTWRTK+FangSong_GB2312" bbox="432.721,359.475,443.281,370.035" colourspace="ICCBased" ncolour="[0]" size="10.560">价</text>
                <text font="ZTWRTK+FangSong_GB2312" bbox="443.281,359.475,453.841,370.035" colourspace="ICCBased" ncolour="[0]" size="10.560">值</text>
                <text font="ZTWRTK+FangSong_GB2312" bbox="453.841,359.475,464.401,370.035" colourspace="ICCBased" ncolour="[0]" size="10.560">按</text>
                <text font="ZTWRTK+FangSong_GB2312" bbox="464.161,359.475,474.721,370.035" colourspace="ICCBased" ncolour="[0]" size="10.560">减</text>
                <text font="ZTWRTK+FangSong_GB2312" bbox="474.721,359.475,485.281,370.035" colourspace="ICCBased" ncolour="[0]" size="10.560">少</text>
                <text font="ZTWRTK+FangSong_GB2312" bbox="485.281,359.475,495.841,370.035" colourspace="ICCBased" ncolour="[0]" size="10.560">后</text>
                <text font="ZTWRTK+FangSong_GB2312" bbox="495.841,359.475,506.401,370.035" colourspace="ICCBased" ncolour="[0]" size="10.560">的</text>
                <text font="ZTWRTK+FangSong_GB2312" bbox="506.161,359.475,516.721,370.035" colourspace="ICCBased" ncolour="[0]" size="10.560">基</text>
                <text>
                </text>
            </textline>
        </textbox>
        <textbox id="27" bbox="87.120,339.559,433.446,350.119">
            <textline bbox="87.120,339.559,433.446,350.119">
                <text font="ZTWRTK+FangSong_GB2312" bbox="87.120,339.559,97.680,350.119" colourspace="ICCBased" ncolour="[0]" size="10.560">本</text>
                <text font="ZTWRTK+FangSong_GB2312" bbox="97.680,339.559,108.240,350.119" colourspace="ICCBased" ncolour="[0]" size="10.560">保</text>
                <text font="ZTWRTK+FangSong_GB2312" bbox="108.240,339.559,118.800,350.119" colourspace="ICCBased" ncolour="[0]" size="10.560">险</text>
                <text font="ZTWRTK+FangSong_GB2312" bbox="118.800,339.559,129.360,350.119" colourspace="ICCBased" ncolour="[0]" size="10.560">金</text>
                <text font="ZTWRTK+FangSong_GB2312" bbox="129.360,339.559,139.920,350.119" colourspace="ICCBased" ncolour="[0]" size="10.560">额</text>
                <text font="ZTWRTK+FangSong_GB2312" bbox="139.680,339.559,150.240,350.119" colourspace="ICCBased" ncolour="[0]" size="10.560">确</text>
                <text font="ZTWRTK+FangSong_GB2312" bbox="150.240,339.559,160.800,350.119" colourspace="ICCBased" ncolour="[0]" size="10.560">定</text>
                <text font="ZTWRTK+FangSong_GB2312" bbox="160.800,339.559,171.360,350.119" colourspace="ICCBased" ncolour="[0]" size="10.560">。</text>
                <text font="ZTWRTK+FangSong_GB2312" bbox="171.360,339.559,181.920,350.119" colourspace="ICCBased" ncolour="[0]" size="10.560">当</text>
                <text font="ZTWRTK+FangSong_GB2312" bbox="181.685,339.559,192.245,350.119" colourspace="ICCBased" ncolour="[0]" size="10.560">金</text>
                <text font="ZTWRTK+FangSong_GB2312" bbox="192.245,339.559,202.805,350.119" colourspace="ICCBased" ncolour="[0]" size="10.560">鑫</text>
                <text font="ZTWRTK+FangSong_GB2312" bbox="202.805,339.559,213.365,350.119" colourspace="ICCBased" ncolour="[0]" size="10.560">盛</text>
                <text> </text>
                <text font="ZTWRTK+FangSong_GB2312" bbox="216.005,339.559,221.285,350.119" colourspace="ICCBased" ncolour="[0]" size="10.560">1</text>
                <text font="ZTWRTK+FangSong_GB2312" bbox="221.285,339.559,226.565,350.119" colourspace="ICCBased" ncolour="[0]" size="10.560">7</text>
                <text> </text>
                <text font="ZTWRTK+FangSong_GB2312" bbox="228.962,339.559,239.522,350.119" colourspace="ICCBased" ncolour="[0]" size="10.560">基</text>
                <text font="ZTWRTK+FangSong_GB2312" bbox="239.522,339.559,250.082,350.119" colourspace="ICCBased" ncolour="[0]" size="10.560">本</text>
                <text font="ZTWRTK+FangSong_GB2312" bbox="250.082,339.559,260.642,350.119" colourspace="ICCBased" ncolour="[0]" size="10.560">保</text>
                <text font="ZTWRTK+FangSong_GB2312" bbox="260.642,339.559,271.202,350.119" colourspace="ICCBased" ncolour="[0]" size="10.560">险</text>
                <text font="ZTWRTK+FangSong_GB2312" bbox="270.962,339.559,281.522,350.119" colourspace="ICCBased" ncolour="[0]" size="10.560">金</text>
                <text font="ZTWRTK+FangSong_GB2312" bbox="281.522,339.559,292.082,350.119" colourspace="ICCBased" ncolour="[0]" size="10.560">额</text>
                <text font="ZTWRTK+FangSong_GB2312" bbox="292.082,339.559,302.642,350.119" colourspace="ICCBased" ncolour="[0]" size="10.560">减</text>
                <text font="ZTWRTK+FangSong_GB2312" bbox="302.401,339.559,312.961,350.119" colourspace="ICCBased" ncolour="[0]" size="10.560">少</text>
                <text font="ZTWRTK+FangSong_GB2312" bbox="312.961,339.559,323.521,350.119" colourspace="ICCBased" ncolour="[0]" size="10.560">至</text>
                <text font="ZTWRTK+FangSong_GB2312" bbox="323.282,339.559,333.842,350.119" colourspace="ICCBased" ncolour="[0]" size="10.560">零</text>
                <text font="ZTWRTK+FangSong_GB2312" bbox="333.842,339.559,344.402,350.119" colourspace="ICCBased" ncolour="[0]" size="10.560">时</text>
                <text font="ZTWRTK+FangSong_GB2312" bbox="344.402,339.559,354.962,350.119" colourspace="ICCBased" ncolour="[0]" size="10.560">，</text>
                <text font="ZTWRTK+FangSong_GB2312" bbox="354.962,339.559,365.522,350.119" colourspace="ICCBased" ncolour="[0]" size="10.560">主</text>
                <text font="ZTWRTK+FangSong_GB2312" bbox="365.522,339.559,376.082,350.119" colourspace="ICCBased" ncolour="[0]" size="10.560">险</text>
                <text font="ZTWRTK+FangSong_GB2312" bbox="375.841,339.559,386.401,350.119" colourspace="ICCBased" ncolour="[0]" size="10.560">合</text>
                <text font="ZTWRTK+FangSong_GB2312" bbox="386.401,339.559,396.961,350.119" colourspace="ICCBased" ncolour="[0]" size="10.560">同</text>
                <text font="ZTWRTK+FangSong_GB2312" bbox="396.961,339.559,407.521,350.119" colourspace="ICCBased" ncolour="[0]" size="10.560">终</text>
                <text font="ZTWRTK+FangSong_GB2312" bbox="407.521,339.559,418.081,350.119" colourspace="ICCBased" ncolour="[0]" size="10.560">止</text>
                <text font="ZTWRTK+FangSong_GB2312" bbox="417.841,339.559,428.401,350.119" colourspace="ICCBased" ncolour="[0]" size="10.560">。</text>
                <text font="ZTWRTK+FangSong_GB2312" bbox="428.166,339.559,433.446,350.119" colourspace="ICCBased" ncolour="[0]" size="10.560"> </text>
                <text>
                </text>
            </textline>
        </textbox>
        <textbox id="28" bbox="85.440,315.551,524.160,326.111">
            <textline bbox="85.440,315.551,524.160,326.111">
                <text font="ZTWRTK+FangSong_GB2312" bbox="85.440,315.551,96.000,326.111" colourspace="ICCBased" ncolour="[0]" size="10.560">以</text>
                <text font="ZTWRTK+FangSong_GB2312" bbox="96.000,315.551,106.560,326.111" colourspace="ICCBased" ncolour="[0]" size="10.560">上</text>
                <text font="ZTWRTK+FangSong_GB2312" bbox="106.560,315.551,117.120,326.111" colourspace="ICCBased" ncolour="[0]" size="10.560">举</text>
                <text font="ZTWRTK+FangSong_GB2312" bbox="117.120,315.551,127.680,326.111" colourspace="ICCBased" ncolour="[0]" size="10.560">例</text>
                <text font="ZTWRTK+FangSong_GB2312" bbox="127.680,315.551,138.240,326.111" colourspace="ICCBased" ncolour="[0]" size="10.560">仅</text>
                <text font="ZTWRTK+FangSong_GB2312" bbox="138.240,315.551,148.800,326.111" colourspace="ICCBased" ncolour="[0]" size="10.560">供</text>
                <text font="ZTWRTK+FangSong_GB2312" bbox="148.800,315.551,159.360,326.111" colourspace="ICCBased" ncolour="[0]" size="10.560">您</text>
                <text font="ZTWRTK+FangSong_GB2312" bbox="159.360,315.551,169.920,326.111" colourspace="ICCBased" ncolour="[0]" size="10.560">更</text>
                <text font="ZTWRTK+FangSong_GB2312" bbox="169.920,315.551,180.480,326.111" colourspace="ICCBased" ncolour="[0]" size="10.560">好</text>
                <text font="ZTWRTK+FangSong_GB2312" bbox="180.480,315.551,191.040,326.111" colourspace="ICCBased" ncolour="[0]" size="10.560">地</text>
                <text font="ZTWRTK+FangSong_GB2312" bbox="191.040,315.551,201.600,326.111" colourspace="ICCBased" ncolour="[0]" size="10.560">理</text>
                <text font="ZTWRTK+FangSong_GB2312" bbox="201.600,315.551,212.160,326.111" colourspace="ICCBased" ncolour="[0]" size="10.560">解</text>
                <text font="ZTWRTK+FangSong_GB2312" bbox="212.160,315.551,222.720,326.111" colourspace="ICCBased" ncolour="[0]" size="10.560">产</text>
                <text font="ZTWRTK+FangSong_GB2312" bbox="222.720,315.551,233.280,326.111" colourspace="ICCBased" ncolour="[0]" size="10.560">品</text>
                <text font="ZTWRTK+FangSong_GB2312" bbox="233.280,315.551,243.840,326.111" colourspace="ICCBased" ncolour="[0]" size="10.560">之</text>
                <text font="ZTWRTK+FangSong_GB2312" bbox="243.840,315.551,254.400,326.111" colourspace="ICCBased" ncolour="[0]" size="10.560">用</text>
                <text font="ZTWRTK+FangSong_GB2312" bbox="254.400,315.551,264.960,326.111" colourspace="ICCBased" ncolour="[0]" size="10.560">，</text>
                <text font="ZTWRTK+FangSong_GB2312" bbox="260.880,315.551,271.440,326.111" colourspace="ICCBased" ncolour="[0]" size="10.560">您</text>
                <text font="ZTWRTK+FangSong_GB2312" bbox="271.200,315.551,281.760,326.111" colourspace="ICCBased" ncolour="[0]" size="10.560">所</text>
                <text font="ZTWRTK+FangSong_GB2312" bbox="281.760,315.551,292.320,326.111" colourspace="ICCBased" ncolour="[0]" size="10.560">购</text>
                <text font="ZTWRTK+FangSong_GB2312" bbox="292.320,315.551,302.880,326.111" colourspace="ICCBased" ncolour="[0]" size="10.560">买</text>
                <text font="ZTWRTK+FangSong_GB2312" bbox="302.880,315.551,313.440,326.111" colourspace="ICCBased" ncolour="[0]" size="10.560">产</text>
                <text font="ZTWRTK+FangSong_GB2312" bbox="313.440,315.551,324.000,326.111" colourspace="ICCBased" ncolour="[0]" size="10.560">品</text>
                <text font="ZTWRTK+FangSong_GB2312" bbox="323.760,315.551,334.320,326.111" colourspace="ICCBased" ncolour="[0]" size="10.560">的</text>
                <text font="ZTWRTK+FangSong_GB2312" bbox="334.320,315.551,344.880,326.111" colourspace="ICCBased" ncolour="[0]" size="10.560">具</text>
                <text font="ZTWRTK+FangSong_GB2312" bbox="344.880,315.551,355.440,326.111" colourspace="ICCBased" ncolour="[0]" size="10.560">体</text>
                <text font="ZTWRTK+FangSong_GB2312" bbox="355.440,315.551,366.000,326.111" colourspace="ICCBased" ncolour="[0]" size="10.560">保</text>
                <text font="ZTWRTK+FangSong_GB2312" bbox="366.000,315.551,376.560,326.111" colourspace="ICCBased" ncolour="[0]" size="10.560">险</text>
                <text font="ZTWRTK+FangSong_GB2312" bbox="376.560,315.551,387.120,326.111" colourspace="ICCBased" ncolour="[0]" size="10.560">利</text>
                <text font="ZTWRTK+FangSong_GB2312" bbox="387.120,315.551,397.680,326.111" colourspace="ICCBased" ncolour="[0]" size="10.560">益</text>
                <text font="ZTWRTK+FangSong_GB2312" bbox="397.680,315.551,408.240,326.111" colourspace="ICCBased" ncolour="[0]" size="10.560">以</text>
                <text font="ZTWRTK+FangSong_GB2312" bbox="408.240,315.551,418.800,326.111" colourspace="ICCBased" ncolour="[0]" size="10.560">保</text>
                <text font="ZTWRTK+FangSong_GB2312" bbox="418.800,315.551,429.360,326.111" colourspace="ICCBased" ncolour="[0]" size="10.560">险</text>
                <text font="ZTWRTK+FangSong_GB2312" bbox="429.360,315.551,439.920,326.111" colourspace="ICCBased" ncolour="[0]" size="10.560">合</text>
                <text font="ZTWRTK+FangSong_GB2312" bbox="439.920,315.551,450.480,326.111" colourspace="ICCBased" ncolour="[0]" size="10.560">同</text>
                <text font="ZTWRTK+FangSong_GB2312" bbox="450.480,315.551,461.040,326.111" colourspace="ICCBased" ncolour="[0]" size="10.560">中</text>
                <text font="ZTWRTK+FangSong_GB2312" bbox="461.040,315.551,471.600,326.111" colourspace="ICCBased" ncolour="[0]" size="10.560">载</text>
                <text font="ZTWRTK+FangSong_GB2312" bbox="471.600,315.551,482.160,326.111" colourspace="ICCBased" ncolour="[0]" size="10.560">明</text>
                <text font="ZTWRTK+FangSong_GB2312" bbox="482.160,315.551,492.720,326.111" colourspace="ICCBased" ncolour="[0]" size="10.560">的</text>
                <text font="ZTWRTK+FangSong_GB2312" bbox="492.720,315.551,503.280,326.111" colourspace="ICCBased" ncolour="[0]" size="10.560">为</text>
                <text font="ZTWRTK+FangSong_GB2312" bbox="503.037,315.551,513.597,326.111" colourspace="ICCBased" ncolour="[0]" size="10.560">准</text>
                <text font="ZTWRTK+FangSong_GB2312" bbox="513.600,315.551,524.160,326.111" colourspace="ICCBased" ncolour="[0]" size="10.560">。</text>
                <text font="ZTWRTK+FangSong_GB2312" bbox="518.880,315.551,524.160,326.111" colourspace="ICCBased" ncolour="[0]" size="10.560"> </text>
                <text>
                </text>
            </textline>
        </textbox>
        <textbox id="29" bbox="59.280,285.651,131.280,311.571">
            <textline bbox="59.280,285.651,131.280,311.571">
                <text font="ZTWRTK+Wingdings2" bbox="59.280,285.651,83.671,311.571" colourspace="ICCBased" ncolour="[0]" size="25.920"></text>
                <text font="ZTWRTK+FangSong_GB2312" bbox="83.760,295.631,94.320,306.191" colourspace="ICCBased" ncolour="[0]" size="10.560">条</text>
                <text font="ZTWRTK+FangSong_GB2312" bbox="94.320,295.631,104.880,306.191" colourspace="ICCBased" ncolour="[0]" size="10.560">款</text>
                <text font="ZTWRTK+FangSong_GB2312" bbox="104.880,295.631,115.440,306.191" colourspace="ICCBased" ncolour="[0]" size="10.560">目</text>
                <text font="ZTWRTK+FangSong_GB2312" bbox="115.440,295.631,126.000,306.191" colourspace="ICCBased" ncolour="[0]" size="10.560">录</text>
                <text font="JTTPDQ+SimSun" bbox="126.000,295.589,131.280,306.149" colourspace="ICCBased" ncolour="[0]" size="10.560"> </text>
                <text>
                </text>
            </textline>
        </textbox>
        <textbox id="30" bbox="59.280,273.718,61.920,284.278">
            <textline bbox="59.280,273.718,61.920,284.278">
                <text font="TimesNewRomanPSMT" bbox="59.280,273.718,61.920,284.278" colourspace="ICCBased" ncolour="[0]" size="10.560"> </text>
                <text>
                </text>
            </textline>
        </textbox>
        <textbox id="31" bbox="94.320,270.598,96.960,281.158">
            <textline bbox="94.320,270.598,96.960,281.158">
                <text font="TimesNewRomanPSMT" bbox="94.320,270.598,96.960,281.158" colourspace="ICCBased" ncolour="[0]" size="10.560"> </text>
                <text>
                </text>
            </textline>
        </textbox>
        <textbox id="32" bbox="106.320,266.309,216.960,276.911">
            <textline bbox="106.320,266.309,216.960,276.911">
                <text font="JTTPDQ+SimSun" bbox="106.320,266.309,111.600,276.869" colourspace="ICCBased" ncolour="[0]" size="10.560">1</text>
                <text font="JTTPDQ+SimSun" bbox="111.600,266.309,116.880,276.869" colourspace="ICCBased" ncolour="[0]" size="10.560">.</text>
                <text font="ZTWRTK+FangSong_GB2312" bbox="116.880,266.351,127.440,276.911" colourspace="ICCBased" ncolour="[0]" size="10.560">我</text>
                <text font="ZTWRTK+FangSong_GB2312" bbox="127.440,266.351,138.000,276.911" colourspace="ICCBased" ncolour="[0]" size="10.560">们</text>
                <text font="ZTWRTK+FangSong_GB2312" bbox="138.000,266.351,148.560,276.911" colourspace="ICCBased" ncolour="[0]" size="10.560">保</text>
                <text font="ZTWRTK+FangSong_GB2312" bbox="148.560,266.351,159.120,276.911" colourspace="ICCBased" ncolour="[0]" size="10.560">什</text>
                <text font="ZTWRTK+FangSong_GB2312" bbox="159.120,266.351,169.680,276.911" colourspace="ICCBased" ncolour="[0]" size="10.560">么</text>
                <text font="ZTWRTK+FangSong_GB2312" bbox="169.680,266.351,180.240,276.911" colourspace="ICCBased" ncolour="[0]" size="10.560">、</text>
                <text font="ZTWRTK+FangSong_GB2312" bbox="180.240,266.351,190.800,276.911" colourspace="ICCBased" ncolour="[0]" size="10.560">保</text>
                <text font="ZTWRTK+FangSong_GB2312" bbox="190.800,266.351,201.360,276.911" colourspace="ICCBased" ncolour="[0]" size="10.560">多</text>
                <text font="ZTWRTK+FangSong_GB2312" bbox="201.360,266.351,211.920,276.911" colourspace="ICCBased" ncolour="[0]" size="10.560">久</text>
                <text font="ZTWRTK+FangSong_GB2312" bbox="211.680,266.351,216.960,276.911" colourspace="ICCBased" ncolour="[0]" size="10.560"> </text>
                <text>
                </text>
            </textline>
        </textbox>
        <textbox id="33" bbox="249.360,265.349,338.880,275.951">
            <textline bbox="249.360,265.349,338.880,275.951">
                <text font="JTTPDQ+SimSun" bbox="249.360,265.349,254.640,275.909" colourspace="ICCBased" ncolour="[0]" size="10.560">4</text>
                <text font="JTTPDQ+SimSun" bbox="254.640,265.349,259.920,275.909" colourspace="ICCBased" ncolour="[0]" size="10.560">.</text>
                <text font="ZTWRTK+FangSong_GB2312" bbox="259.920,265.391,270.480,275.951" colourspace="ICCBased" ncolour="[0]" size="10.560">如</text>
                <text font="ZTWRTK+FangSong_GB2312" bbox="270.480,265.391,281.040,275.951" colourspace="ICCBased" ncolour="[0]" size="10.560">何</text>
                <text font="ZTWRTK+FangSong_GB2312" bbox="281.040,265.391,291.600,275.951" colourspace="ICCBased" ncolour="[0]" size="10.560">领</text>
                <text font="ZTWRTK+FangSong_GB2312" bbox="291.600,265.391,302.160,275.951" colourspace="ICCBased" ncolour="[0]" size="10.560">取</text>
                <text font="ZTWRTK+FangSong_GB2312" bbox="302.160,265.391,312.720,275.951" colourspace="ICCBased" ncolour="[0]" size="10.560">保</text>
                <text font="ZTWRTK+FangSong_GB2312" bbox="312.720,265.391,323.280,275.951" colourspace="ICCBased" ncolour="[0]" size="10.560">险</text>
                <text font="ZTWRTK+FangSong_GB2312" bbox="323.280,265.391,333.840,275.951" colourspace="ICCBased" ncolour="[0]" size="10.560">金</text>
                <text font="ZTWRTK+FangSong_GB2312" bbox="333.600,265.391,338.880,275.951" colourspace="ICCBased" ncolour="[0]" size="10.560"> </text>
                <text>
                </text>
            </textline>
        </textbox>
        <textbox id="34" bbox="116.880,249.509,185.045,260.111">
            <textline bbox="116.880,249.509,185.045,260.111">
                <text font="JTTPDQ+SimSun" bbox="116.880,249.509,122.160,260.069" colourspace="ICCBased" ncolour="[0]" size="10.560">1</text>
                <text font="JTTPDQ+SimSun" bbox="122.160,249.509,127.440,260.069" colourspace="ICCBased" ncolour="[0]" size="10.560">.</text>
                <text font="JTTPDQ+SimSun" bbox="127.440,249.509,132.720,260.069" colourspace="ICCBased" ncolour="[0]" size="10.560">1</text>
                <text font="JTTPDQ+SimSun" bbox="132.720,249.509,138.000,260.069" colourspace="ICCBased" ncolour="[0]" size="10.560"> </text>
                <text font="ZTWRTK+FangSong_GB2312" bbox="138.000,249.551,148.560,260.111" colourspace="ICCBased" ncolour="[0]" size="10.560">保</text>
                <text font="ZTWRTK+FangSong_GB2312" bbox="148.560,249.551,159.120,260.111" colourspace="ICCBased" ncolour="[0]" size="10.560">险</text>
                <text font="ZTWRTK+FangSong_GB2312" bbox="159.120,249.551,169.680,260.111" colourspace="ICCBased" ncolour="[0]" size="10.560">责</text>
                <text font="ZTWRTK+FangSong_GB2312" bbox="169.440,249.551,180.000,260.111" colourspace="ICCBased" ncolour="[0]" size="10.560">任</text>
                <text font="ZTWRTK+FangSong_GB2312" bbox="179.765,249.551,185.045,260.111" colourspace="ICCBased" ncolour="[0]" size="10.560"> </text>
                <text>
                </text>
            </textline>
        </textbox>
        <textbox id="35" bbox="111.600,232.465,185.045,243.067">
            <textline bbox="111.600,232.465,185.045,243.067">
                <text font="JTTPDQ+SimSun" bbox="111.600,232.465,116.880,243.025" colourspace="ICCBased" ncolour="[0]" size="10.560"> </text>
                <text font="JTTPDQ+SimSun" bbox="116.880,232.465,122.160,243.025" colourspace="ICCBased" ncolour="[0]" size="10.560">1</text>
                <text font="JTTPDQ+SimSun" bbox="122.160,232.465,127.440,243.025" colourspace="ICCBased" ncolour="[0]" size="10.560">.</text>
                <text font="JTTPDQ+SimSun" bbox="127.440,232.465,132.720,243.025" colourspace="ICCBased" ncolour="[0]" size="10.560">2</text>
                <text font="JTTPDQ+SimSun" bbox="132.720,232.465,138.000,243.025" colourspace="ICCBased" ncolour="[0]" size="10.560"> </text>
                <text font="ZTWRTK+FangSong_GB2312" bbox="138.000,232.507,148.560,243.067" colourspace="ICCBased" ncolour="[0]" size="10.560">保</text>
                <text font="ZTWRTK+FangSong_GB2312" bbox="148.560,232.507,159.120,243.067" colourspace="ICCBased" ncolour="[0]" size="10.560">险</text>
                <text font="ZTWRTK+FangSong_GB2312" bbox="159.120,232.507,169.680,243.067" colourspace="ICCBased" ncolour="[0]" size="10.560">期</text>
                <text font="ZTWRTK+FangSong_GB2312" bbox="169.440,232.507,180.000,243.067" colourspace="ICCBased" ncolour="[0]" size="10.560">间</text>
                <text font="ZTWRTK+FangSong_GB2312" bbox="179.765,232.507,185.045,243.067" colourspace="ICCBased" ncolour="[0]" size="10.560"> </text>
                <text>
                </text>
            </textline>
        </textbox>
        <textbox id="36" bbox="106.320,215.429,185.520,226.031">
            <textline bbox="106.320,215.429,185.520,226.031">
                <text font="JTTPDQ+SimSun" bbox="106.320,215.429,111.600,225.989" colourspace="ICCBased" ncolour="[0]" size="10.560">2</text>
                <text font="JTTPDQ+SimSun" bbox="111.600,215.429,116.880,225.989" colourspace="ICCBased" ncolour="[0]" size="10.560">.</text>
                <text font="ZTWRTK+FangSong_GB2312" bbox="116.880,215.471,127.440,226.031" colourspace="ICCBased" ncolour="[0]" size="10.560">我</text>
                <text font="ZTWRTK+FangSong_GB2312" bbox="127.440,215.471,138.000,226.031" colourspace="ICCBased" ncolour="[0]" size="10.560">们</text>
                <text font="ZTWRTK+FangSong_GB2312" bbox="138.000,215.471,148.560,226.031" colourspace="ICCBased" ncolour="[0]" size="10.560">不</text>
                <text font="ZTWRTK+FangSong_GB2312" bbox="148.560,215.471,159.120,226.031" colourspace="ICCBased" ncolour="[0]" size="10.560">保</text>
                <text font="ZTWRTK+FangSong_GB2312" bbox="159.120,215.471,169.680,226.031" colourspace="ICCBased" ncolour="[0]" size="10.560">什</text>
                <text font="ZTWRTK+FangSong_GB2312" bbox="169.680,215.471,180.240,226.031" colourspace="ICCBased" ncolour="[0]" size="10.560">么</text>
                <text font="ZTWRTK+FangSong_GB2312" bbox="180.240,215.471,185.520,226.031" colourspace="ICCBased" ncolour="[0]" size="10.560"> </text>
                <text>
                </text>
            </textline>
        </textbox>
        <textbox id="37" bbox="116.880,198.389,185.045,208.991">
            <textline bbox="116.880,198.389,185.045,208.991">
                <text font="JTTPDQ+SimSun" bbox="116.880,198.389,122.160,208.949" colourspace="ICCBased" ncolour="[0]" size="10.560">2</text>
                <text font="JTTPDQ+SimSun" bbox="122.160,198.389,127.440,208.949" colourspace="ICCBased" ncolour="[0]" size="10.560">.</text>
                <text font="JTTPDQ+SimSun" bbox="127.440,198.389,132.720,208.949" colourspace="ICCBased" ncolour="[0]" size="10.560">1</text>
                <text font="JTTPDQ+SimSun" bbox="132.720,198.389,138.000,208.949" colourspace="ICCBased" ncolour="[0]" size="10.560"> </text>
                <text font="ZTWRTK+FangSong_GB2312" bbox="138.000,198.431,148.560,208.991" colourspace="ICCBased" ncolour="[0]" size="10.560">责</text>
                <text font="ZTWRTK+FangSong_GB2312" bbox="148.560,198.431,159.120,208.991" colourspace="ICCBased" ncolour="[0]" size="10.560">任</text>
                <text font="ZTWRTK+FangSong_GB2312" bbox="159.120,198.431,169.680,208.991" colourspace="ICCBased" ncolour="[0]" size="10.560">免</text>
                <text font="ZTWRTK+FangSong_GB2312" bbox="169.440,198.431,180.000,208.991" colourspace="ICCBased" ncolour="[0]" size="10.560">除</text>
                <text font="ZTWRTK+FangSong_GB2312" bbox="179.765,198.431,185.045,208.991" colourspace="ICCBased" ncolour="[0]" size="10.560"> </text>
                <text>
                </text>
            </textline>
        </textbox>
        <textbox id="38" bbox="116.880,181.345,206.165,191.947">
            <textline bbox="116.880,181.345,206.165,191.947">
                <text font="JTTPDQ+SimSun" bbox="116.880,181.345,122.160,191.905" colourspace="ICCBased" ncolour="[0]" size="10.560">2</text>
                <text font="JTTPDQ+SimSun" bbox="122.160,181.345,127.440,191.905" colourspace="ICCBased" ncolour="[0]" size="10.560">.</text>
                <text font="JTTPDQ+SimSun" bbox="127.440,181.345,132.720,191.905" colourspace="ICCBased" ncolour="[0]" size="10.560">2</text>
                <text font="JTTPDQ+SimSun" bbox="132.720,181.345,138.000,191.905" colourspace="ICCBased" ncolour="[0]" size="10.560"> </text>
                <text font="ZTWRTK+FangSong_GB2312" bbox="138.000,181.387,148.560,191.947" colourspace="ICCBased" ncolour="[0]" size="10.560">其</text>
                <text font="ZTWRTK+FangSong_GB2312" bbox="148.560,181.387,159.120,191.947" colourspace="ICCBased" ncolour="[0]" size="10.560">他</text>
                <text font="ZTWRTK+FangSong_GB2312" bbox="159.120,181.387,169.680,191.947" colourspace="ICCBased" ncolour="[0]" size="10.560">免</text>
                <text font="ZTWRTK+FangSong_GB2312" bbox="169.440,181.387,180.000,191.947" colourspace="ICCBased" ncolour="[0]" size="10.560">责</text>
                <text font="ZTWRTK+FangSong_GB2312" bbox="180.000,181.387,190.560,191.947" colourspace="ICCBased" ncolour="[0]" size="10.560">条</text>
                <text font="ZTWRTK+FangSong_GB2312" bbox="190.560,181.387,201.120,191.947" colourspace="ICCBased" ncolour="[0]" size="10.560">款</text>
                <text font="ZTWRTK+FangSong_GB2312" bbox="200.885,181.387,206.165,191.947" colourspace="ICCBased" ncolour="[0]" size="10.560"> </text>
                <text>
                </text>
            </textline>
        </textbox>
        <textbox id="39" bbox="106.320,164.309,195.840,174.911">
            <textline bbox="106.320,164.309,195.840,174.911">
                <text font="JTTPDQ+SimSun" bbox="106.320,164.309,111.600,174.869" colourspace="ICCBased" ncolour="[0]" size="10.560">3</text>
                <text font="JTTPDQ+SimSun" bbox="111.600,164.309,116.880,174.869" colourspace="ICCBased" ncolour="[0]" size="10.560">.</text>
                <text font="ZTWRTK+FangSong_GB2312" bbox="116.880,164.351,127.440,174.911" colourspace="ICCBased" ncolour="[0]" size="10.560">如</text>
                <text font="ZTWRTK+FangSong_GB2312" bbox="127.440,164.351,138.000,174.911" colourspace="ICCBased" ncolour="[0]" size="10.560">何</text>
                <text font="ZTWRTK+FangSong_GB2312" bbox="138.000,164.351,148.560,174.911" colourspace="ICCBased" ncolour="[0]" size="10.560">支</text>
                <text font="ZTWRTK+FangSong_GB2312" bbox="148.560,164.351,159.120,174.911" colourspace="ICCBased" ncolour="[0]" size="10.560">付</text>
                <text font="ZTWRTK+FangSong_GB2312" bbox="159.120,164.351,169.680,174.911" colourspace="ICCBased" ncolour="[0]" size="10.560">保</text>
                <text font="ZTWRTK+FangSong_GB2312" bbox="169.680,164.351,180.240,174.911" colourspace="ICCBased" ncolour="[0]" size="10.560">险</text>
                <text font="ZTWRTK+FangSong_GB2312" bbox="180.240,164.351,190.800,174.911" colourspace="ICCBased" ncolour="[0]" size="10.560">费</text>
                <text font="ZTWRTK+FangSong_GB2312" bbox="190.560,164.351,195.840,174.911" colourspace="ICCBased" ncolour="[0]" size="10.560"> </text>
                <text>
                </text>
            </textline>
        </textbox>
        <textbox id="40" bbox="116.883,147.508,206.168,158.110">
            <textline bbox="116.883,147.508,206.168,158.110">
                <text font="JTTPDQ+SimSun" bbox="116.883,147.508,122.163,158.068" colourspace="ICCBased" ncolour="[0]" size="10.560">3</text>
                <text font="JTTPDQ+SimSun" bbox="122.163,147.508,127.443,158.068" colourspace="ICCBased" ncolour="[0]" size="10.560">.</text>
                <text font="JTTPDQ+SimSun" bbox="127.443,147.508,132.723,158.068" colourspace="ICCBased" ncolour="[0]" size="10.560">1</text>
                <text font="JTTPDQ+SimSun" bbox="132.723,147.508,138.003,158.068" colourspace="ICCBased" ncolour="[0]" size="10.560"> </text>
                <text font="ZTWRTK+FangSong_GB2312" bbox="138.003,147.550,148.563,158.110" colourspace="ICCBased" ncolour="[0]" size="10.560">保</text>
                <text font="ZTWRTK+FangSong_GB2312" bbox="148.563,147.550,159.123,158.110" colourspace="ICCBased" ncolour="[0]" size="10.560">险</text>
                <text font="ZTWRTK+FangSong_GB2312" bbox="159.123,147.550,169.683,158.110" colourspace="ICCBased" ncolour="[0]" size="10.560">费</text>
                <text font="ZTWRTK+FangSong_GB2312" bbox="169.443,147.550,180.003,158.110" colourspace="ICCBased" ncolour="[0]" size="10.560">的</text>
                <text font="ZTWRTK+FangSong_GB2312" bbox="180.003,147.550,190.563,158.110" colourspace="ICCBased" ncolour="[0]" size="10.560">支</text>
                <text font="ZTWRTK+FangSong_GB2312" bbox="190.563,147.550,201.123,158.110" colourspace="ICCBased" ncolour="[0]" size="10.560">付</text>
                <text font="ZTWRTK+FangSong_GB2312" bbox="200.888,147.550,206.168,158.110" colourspace="ICCBased" ncolour="[0]" size="10.560"> </text>
                <text>
                </text>
            </textline>
        </textbox>
        <textbox id="41" bbox="116.883,130.464,174.720,141.066">
            <textline bbox="116.883,130.464,174.720,141.066">
                <text font="JTTPDQ+SimSun" bbox="116.883,130.464,122.163,141.024" colourspace="ICCBased" ncolour="[0]" size="10.560">3</text>
                <text font="JTTPDQ+SimSun" bbox="122.163,130.464,127.443,141.024" colourspace="ICCBased" ncolour="[0]" size="10.560">.</text>
                <text font="JTTPDQ+SimSun" bbox="127.443,130.464,132.723,141.024" colourspace="ICCBased" ncolour="[0]" size="10.560">2</text>
                <text font="JTTPDQ+SimSun" bbox="132.723,130.464,138.003,141.024" colourspace="ICCBased" ncolour="[0]" size="10.560"> </text>
                <text font="ZTWRTK+FangSong_GB2312" bbox="138.003,130.506,148.563,141.066" colourspace="ICCBased" ncolour="[0]" size="10.560">宽</text>
                <text font="ZTWRTK+FangSong_GB2312" bbox="148.563,130.506,159.123,141.066" colourspace="ICCBased" ncolour="[0]" size="10.560">限</text>
                <text font="ZTWRTK+FangSong_GB2312" bbox="159.123,130.506,169.683,141.066" colourspace="ICCBased" ncolour="[0]" size="10.560">期</text>
                <text font="ZTWRTK+FangSong_GB2312" bbox="169.440,130.506,174.720,141.066" colourspace="ICCBased" ncolour="[0]" size="10.560"> </text>
                <text>
                </text>
            </textline>
        </textbox>
        <textbox id="42" bbox="259.920,248.309,317.757,258.911">
            <textline bbox="259.920,248.309,317.757,258.911">
                <text font="JTTPDQ+SimSun" bbox="259.920,248.309,265.200,258.869" colourspace="ICCBased" ncolour="[0]" size="10.560">4</text>
                <text font="JTTPDQ+SimSun" bbox="265.200,248.309,270.480,258.869" colourspace="ICCBased" ncolour="[0]" size="10.560">.</text>
                <text font="JTTPDQ+SimSun" bbox="270.480,248.309,275.760,258.869" colourspace="ICCBased" ncolour="[0]" size="10.560">1</text>
                <text font="ZTWRTK+FangSong_GB2312" bbox="275.760,248.351,281.040,258.911" colourspace="ICCBased" ncolour="[0]" size="10.560"> </text>
                <text font="ZTWRTK+FangSong_GB2312" bbox="281.040,248.351,291.600,258.911" colourspace="ICCBased" ncolour="[0]" size="10.560">受</text>
                <text font="ZTWRTK+FangSong_GB2312" bbox="291.600,248.351,302.160,258.911" colourspace="ICCBased" ncolour="[0]" size="10.560">益</text>
                <text font="ZTWRTK+FangSong_GB2312" bbox="302.160,248.351,312.720,258.911" colourspace="ICCBased" ncolour="[0]" size="10.560">人</text>
                <text font="ZTWRTK+FangSong_GB2312" bbox="312.477,248.351,317.757,258.911" colourspace="ICCBased" ncolour="[0]" size="10.560"> </text>
                <text>
                </text>
            </textline>
        </textbox>
        <textbox id="43" bbox="259.920,231.508,338.645,242.110">
            <textline bbox="259.920,231.508,338.645,242.110">
                <text font="JTTPDQ+SimSun" bbox="259.920,231.508,265.200,242.068" colourspace="ICCBased" ncolour="[0]" size="10.560">4</text>
                <text font="JTTPDQ+SimSun" bbox="265.200,231.508,270.480,242.068" colourspace="ICCBased" ncolour="[0]" size="10.560">.</text>
                <text font="JTTPDQ+SimSun" bbox="270.480,231.508,275.760,242.068" colourspace="ICCBased" ncolour="[0]" size="10.560">2</text>
                <text font="ZTWRTK+FangSong_GB2312" bbox="275.760,231.550,281.040,242.110" colourspace="ICCBased" ncolour="[0]" size="10.560"> </text>
                <text font="ZTWRTK+FangSong_GB2312" bbox="281.040,231.550,291.600,242.110" colourspace="ICCBased" ncolour="[0]" size="10.560">保</text>
                <text font="ZTWRTK+FangSong_GB2312" bbox="291.600,231.550,302.160,242.110" colourspace="ICCBased" ncolour="[0]" size="10.560">险</text>
                <text font="ZTWRTK+FangSong_GB2312" bbox="302.160,231.550,312.720,242.110" colourspace="ICCBased" ncolour="[0]" size="10.560">金</text>
                <text font="ZTWRTK+FangSong_GB2312" bbox="312.480,231.550,323.040,242.110" colourspace="ICCBased" ncolour="[0]" size="10.560">申</text>
                <text font="ZTWRTK+FangSong_GB2312" bbox="323.040,231.550,333.600,242.110" colourspace="ICCBased" ncolour="[0]" size="10.560">请</text>
                <text font="ZTWRTK+FangSong_GB2312" bbox="333.365,231.550,338.645,242.110" colourspace="ICCBased" ncolour="[0]" size="10.560"> </text>
                <text>
                </text>
            </textline>
        </textbox>
        <textbox id="44" bbox="259.920,214.464,349.205,225.066">
            <textline bbox="259.920,214.464,349.205,225.066">
                <text font="JTTPDQ+SimSun" bbox="259.920,214.464,265.200,225.024" colourspace="ICCBased" ncolour="[0]" size="10.560">4</text>
                <text font="JTTPDQ+SimSun" bbox="265.200,214.464,270.480,225.024" colourspace="ICCBased" ncolour="[0]" size="10.560">.</text>
                <text font="JTTPDQ+SimSun" bbox="270.480,214.464,275.760,225.024" colourspace="ICCBased" ncolour="[0]" size="10.560">3</text>
                <text font="ZTWRTK+FangSong_GB2312" bbox="275.760,214.506,281.040,225.066" colourspace="ICCBased" ncolour="[0]" size="10.560"> </text>
                <text font="ZTWRTK+FangSong_GB2312" bbox="281.040,214.506,291.600,225.066" colourspace="ICCBased" ncolour="[0]" size="10.560">保</text>
                <text font="ZTWRTK+FangSong_GB2312" bbox="291.600,214.506,302.160,225.066" colourspace="ICCBased" ncolour="[0]" size="10.560">险</text>
                <text font="ZTWRTK+FangSong_GB2312" bbox="302.160,214.506,312.720,225.066" colourspace="ICCBased" ncolour="[0]" size="10.560">金</text>
                <text font="ZTWRTK+FangSong_GB2312" bbox="312.480,214.506,323.040,225.066" colourspace="ICCBased" ncolour="[0]" size="10.560">的</text>
                <text font="ZTWRTK+FangSong_GB2312" bbox="323.040,214.506,333.600,225.066" colourspace="ICCBased" ncolour="[0]" size="10.560">给</text>
                <text font="ZTWRTK+FangSong_GB2312" bbox="333.600,214.506,344.160,225.066" colourspace="ICCBased" ncolour="[0]" size="10.560">付</text>
                <text font="ZTWRTK+FangSong_GB2312" bbox="343.925,214.506,349.205,225.066" colourspace="ICCBased" ncolour="[0]" size="10.560"> </text>
                <text>
                </text>
            </textline>
        </textbox>
        <textbox id="45" bbox="249.360,197.429,307.440,208.031">
            <textline bbox="249.360,197.429,307.440,208.031">
                <text font="JTTPDQ+SimSun" bbox="249.360,197.429,254.640,207.989" colourspace="ICCBased" ncolour="[0]" size="10.560">5</text>
                <text font="JTTPDQ+SimSun" bbox="254.640,197.429,259.920,207.989" colourspace="ICCBased" ncolour="[0]" size="10.560">.</text>
                <text font="ZTWRTK+FangSong_GB2312" bbox="259.920,197.471,270.480,208.031" colourspace="ICCBased" ncolour="[0]" size="10.560">如</text>
                <text font="ZTWRTK+FangSong_GB2312" bbox="270.480,197.471,281.040,208.031" colourspace="ICCBased" ncolour="[0]" size="10.560">何</text>
                <text font="ZTWRTK+FangSong_GB2312" bbox="281.040,197.471,291.600,208.031" colourspace="ICCBased" ncolour="[0]" size="10.560">退</text>
                <text font="ZTWRTK+FangSong_GB2312" bbox="291.600,197.471,302.160,208.031" colourspace="ICCBased" ncolour="[0]" size="10.560">保</text>
                <text font="ZTWRTK+FangSong_GB2312" bbox="302.160,197.471,307.440,208.031" colourspace="ICCBased" ncolour="[0]" size="10.560"> </text>
                <text>
                </text>
            </textline>
        </textbox>
        <textbox id="46" bbox="259.920,180.389,317.757,190.991">
            <textline bbox="259.920,180.389,317.757,190.991">
                <text font="JTTPDQ+SimSun" bbox="259.920,180.389,265.200,190.949" colourspace="ICCBased" ncolour="[0]" size="10.560">5</text>
                <text font="JTTPDQ+SimSun" bbox="265.200,180.389,270.480,190.949" colourspace="ICCBased" ncolour="[0]" size="10.560">.</text>
                <text font="JTTPDQ+SimSun" bbox="270.480,180.389,275.760,190.949" colourspace="ICCBased" ncolour="[0]" size="10.560">1</text>
                <text font="ZTWRTK+FangSong_GB2312" bbox="275.760,180.431,281.040,190.991" colourspace="ICCBased" ncolour="[0]" size="10.560"> </text>
                <text font="ZTWRTK+FangSong_GB2312" bbox="281.040,180.431,291.600,190.991" colourspace="ICCBased" ncolour="[0]" size="10.560">犹</text>
                <text font="ZTWRTK+FangSong_GB2312" bbox="291.600,180.431,302.160,190.991" colourspace="ICCBased" ncolour="[0]" size="10.560">豫</text>
                <text font="ZTWRTK+FangSong_GB2312" bbox="302.160,180.431,312.720,190.991" colourspace="ICCBased" ncolour="[0]" size="10.560">期</text>
                <text font="ZTWRTK+FangSong_GB2312" bbox="312.477,180.431,317.757,190.991" colourspace="ICCBased" ncolour="[0]" size="10.560"> </text>
                <text>
                </text>
            </textline>
        </textbox>
        <textbox id="47" bbox="280.797,146.343,317.514,156.903">
            <textline bbox="280.797,146.343,317.514,156.903">
                <text font="ZTWRTK+FangSong_GB2312" bbox="280.797,146.343,291.357,156.903" colourspace="ICCBased" ncolour="[0]" size="10.560">及</text>
                <text font="ZTWRTK+FangSong_GB2312" bbox="291.357,146.343,301.917,156.903" colourspace="ICCBased" ncolour="[0]" size="10.560">风</text>
                <text font="ZTWRTK+FangSong_GB2312" bbox="301.917,146.343,312.477,156.903" colourspace="ICCBased" ncolour="[0]" size="10.560">险</text>
                <text font="ZTWRTK+FangSong_GB2312" bbox="312.234,146.343,317.514,156.903" colourspace="ICCBased" ncolour="[0]" size="10.560"> </text>
                <text>
                </text>
            </textline>
        </textbox>
        <textbox id="48" bbox="249.360,129.509,307.440,140.111">
            <textline bbox="249.360,129.509,307.440,140.111">
                <text font="JTTPDQ+SimSun" bbox="249.360,129.509,254.640,140.069" colourspace="ICCBased" ncolour="[0]" size="10.560">6</text>
                <text font="JTTPDQ+SimSun" bbox="254.640,129.509,259.920,140.069" colourspace="ICCBased" ncolour="[0]" size="10.560">.</text>
                <text font="ZTWRTK+FangSong_GB2312" bbox="259.920,129.551,270.480,140.111" colourspace="ICCBased" ncolour="[0]" size="10.560">其</text>
                <text font="ZTWRTK+FangSong_GB2312" bbox="270.480,129.551,281.040,140.111" colourspace="ICCBased" ncolour="[0]" size="10.560">他</text>
                <text font="ZTWRTK+FangSong_GB2312" bbox="281.040,129.551,291.600,140.111" colourspace="ICCBased" ncolour="[0]" size="10.560">权</text>
                <text font="ZTWRTK+FangSong_GB2312" bbox="291.600,129.551,302.160,140.111" colourspace="ICCBased" ncolour="[0]" size="10.560">益</text>
                <text font="ZTWRTK+FangSong_GB2312" bbox="302.160,129.551,307.440,140.111" colourspace="ICCBased" ncolour="[0]" size="10.560"> </text>
                <text>
                </text>
            </textline>
        </textbox>
        <textbox id="49" bbox="259.920,163.345,370.551,173.947">
            <textline bbox="259.920,163.345,370.551,173.947">
                <text font="JTTPDQ+SimSun" bbox="259.920,163.345,265.200,173.905" colourspace="ICCBased" ncolour="[0]" size="10.560">5</text>
                <text font="JTTPDQ+SimSun" bbox="265.200,163.345,270.480,173.905" colourspace="ICCBased" ncolour="[0]" size="10.560">.</text>
                <text font="JTTPDQ+SimSun" bbox="270.480,163.345,275.760,173.905" colourspace="ICCBased" ncolour="[0]" size="10.560">2</text>
                <text font="JTTPDQ+SimSun" bbox="275.760,163.345,281.040,173.905" colourspace="ICCBased" ncolour="[0]" size="10.560"> </text>
                <text font="ZTWRTK+FangSong_GB2312" bbox="281.758,163.387,292.318,173.947" colourspace="ICCBased" ncolour="[0]" size="10.560">您</text>
                <text font="ZTWRTK+FangSong_GB2312" bbox="293.036,163.387,303.596,173.947" colourspace="ICCBased" ncolour="[0]" size="10.560">解</text>
                <text font="ZTWRTK+FangSong_GB2312" bbox="304.077,163.387,314.637,173.947" colourspace="ICCBased" ncolour="[0]" size="10.560">除</text>
                <text font="ZTWRTK+FangSong_GB2312" bbox="315.355,163.387,325.915,173.947" colourspace="ICCBased" ncolour="[0]" size="10.560">合</text>
                <text font="ZTWRTK+FangSong_GB2312" bbox="326.395,163.387,336.955,173.947" colourspace="ICCBased" ncolour="[0]" size="10.560">同</text>
                <text font="ZTWRTK+FangSong_GB2312" bbox="337.673,163.387,348.233,173.947" colourspace="ICCBased" ncolour="[0]" size="10.560">的</text>
                <text font="ZTWRTK+FangSong_GB2312" bbox="348.951,163.387,359.511,173.947" colourspace="ICCBased" ncolour="[0]" size="10.560">手</text>
                <text font="ZTWRTK+FangSong_GB2312" bbox="359.991,163.387,370.551,173.947" colourspace="ICCBased" ncolour="[0]" size="10.560">续</text>
                <text>
                </text>
            </textline>
        </textbox>
        <textbox id="50" bbox="111.603,111.709,214.088,124.022">
            <textline bbox="111.603,111.709,214.088,124.022">
                <text font="JTTPDQ+SimSun" bbox="111.603,113.420,116.883,123.980" colourspace="ICCBased" ncolour="[0]" size="10.560"> </text>
                <text font="JTTPDQ+SimSun" bbox="116.883,113.420,122.163,123.980" colourspace="ICCBased" ncolour="[0]" size="10.560">3</text>
                <text font="JTTPDQ+SimSun" bbox="122.163,113.420,127.443,123.980" colourspace="ICCBased" ncolour="[0]" size="10.560">.</text>
                <text font="JTTPDQ+SimSun" bbox="127.443,113.420,132.723,123.980" colourspace="ICCBased" ncolour="[0]" size="10.560">3</text>
                <text font="JTTPDQ+SimSun" bbox="132.723,113.420,138.003,123.980" colourspace="ICCBased" ncolour="[0]" size="10.560"> </text>
                <text font="ZTWRTK+FangSong_GB2312" bbox="138.003,113.462,148.563,124.022" colourspace="ICCBased" ncolour="[0]" size="10.560">效</text>
                <text font="ZTWRTK+FangSong_GB2312" bbox="148.563,113.462,159.123,124.022" colourspace="ICCBased" ncolour="[0]" size="10.560">力</text>
                <text font="ZTWRTK+FangSong_GB2312" bbox="159.123,113.462,169.683,124.022" colourspace="ICCBased" ncolour="[0]" size="10.560">中</text>
                <text font="ZTWRTK+FangSong_GB2312" bbox="169.443,113.462,180.003,124.022" colourspace="ICCBased" ncolour="[0]" size="10.560">止</text>
                <text font="ZTWRTK+FangSong_GB2312" bbox="180.003,113.462,190.563,124.022" colourspace="ICCBased" ncolour="[0]" size="10.560">与</text>
                <text font="ZTWRTK+FangSong_GB2312" bbox="190.563,113.462,201.123,124.022" colourspace="ICCBased" ncolour="[0]" size="10.560">恢</text>
                <text font="ZTWRTK+FangSong_GB2312" bbox="201.123,113.462,211.683,124.022" colourspace="ICCBased" ncolour="[0]" size="10.560">复</text>
                <text font="TimesNewRomanPSMT" bbox="211.448,111.709,214.088,122.269" colourspace="ICCBased" ncolour="[0]" size="10.560"> </text>
                <text>
                </text>
            </textline>
        </textbox>
        <textbox id="51" bbox="254.640,112.469,328.085,123.071">
            <textline bbox="254.640,112.469,328.085,123.071">
                <text font="JTTPDQ+SimSun" bbox="254.640,112.469,259.920,123.029" colourspace="ICCBased" ncolour="[0]" size="10.560"> </text>
                <text font="JTTPDQ+SimSun" bbox="259.920,112.469,265.200,123.029" colourspace="ICCBased" ncolour="[0]" size="10.560">6</text>
                <text font="JTTPDQ+SimSun" bbox="265.200,112.469,270.480,123.029" colourspace="ICCBased" ncolour="[0]" size="10.560">.</text>
                <text font="JTTPDQ+SimSun" bbox="270.480,112.469,275.760,123.029" colourspace="ICCBased" ncolour="[0]" size="10.560">1</text>
                <text font="ZTWRTK+FangSong_GB2312" bbox="275.760,112.511,281.040,123.071" colourspace="ICCBased" ncolour="[0]" size="10.560"> </text>
                <text font="ZTWRTK+FangSong_GB2312" bbox="281.040,112.511,291.600,123.071" colourspace="ICCBased" ncolour="[0]" size="10.560">现</text>
                <text font="ZTWRTK+FangSong_GB2312" bbox="291.600,112.511,302.160,123.071" colourspace="ICCBased" ncolour="[0]" size="10.560">金</text>
                <text font="ZTWRTK+FangSong_GB2312" bbox="302.160,112.511,312.720,123.071" colourspace="ICCBased" ncolour="[0]" size="10.560">价</text>
                <text font="ZTWRTK+FangSong_GB2312" bbox="312.480,112.511,323.040,123.071" colourspace="ICCBased" ncolour="[0]" size="10.560">值</text>
                <text font="ZTWRTK+FangSong_GB2312" bbox="322.805,112.511,328.085,123.071" colourspace="ICCBased" ncolour="[0]" size="10.560"> </text>
                <text>
                </text>
            </textline>
        </textbox>
        <textbox id="52" bbox="397.677,266.786,476.402,277.388">
            <textline bbox="397.677,266.786,476.402,277.388">
                <text font="JTTPDQ+SimSun" bbox="397.677,266.786,402.957,277.346" colourspace="ICCBased" ncolour="[0]" size="10.560"> </text>
                <text font="JTTPDQ+SimSun" bbox="402.957,266.786,408.237,277.346" colourspace="ICCBased" ncolour="[0]" size="10.560"> </text>
                <text font="JTTPDQ+SimSun" bbox="408.237,266.786,413.517,277.346" colourspace="ICCBased" ncolour="[0]" size="10.560">6</text>
                <text font="JTTPDQ+SimSun" bbox="413.517,266.786,418.797,277.346" colourspace="ICCBased" ncolour="[0]" size="10.560">.</text>
                <text font="JTTPDQ+SimSun" bbox="418.797,266.786,424.077,277.346" colourspace="ICCBased" ncolour="[0]" size="10.560">2</text>
                <text font="ZTWRTK+FangSong_GB2312" bbox="424.077,266.828,429.357,277.388" colourspace="ICCBased" ncolour="[0]" size="10.560"> </text>
                <text font="ZTWRTK+FangSong_GB2312" bbox="429.357,266.828,439.917,277.388" colourspace="ICCBased" ncolour="[0]" size="10.560">减</text>
                <text font="ZTWRTK+FangSong_GB2312" bbox="439.917,266.828,450.477,277.388" colourspace="ICCBased" ncolour="[0]" size="10.560">额</text>
                <text font="ZTWRTK+FangSong_GB2312" bbox="450.237,266.828,460.797,277.388" colourspace="ICCBased" ncolour="[0]" size="10.560">交</text>
                <text font="ZTWRTK+FangSong_GB2312" bbox="460.797,266.828,471.357,277.388" colourspace="ICCBased" ncolour="[0]" size="10.560">清</text>
                <text font="ZTWRTK+FangSong_GB2312" bbox="471.122,266.828,476.402,277.388" colourspace="ICCBased" ncolour="[0]" size="10.560"> </text>
                <text>
                </text>
            </textline>
        </textbox>
        <textbox id="53" bbox="397.680,249.989,476.880,260.591">
            <textline bbox="397.680,249.989,476.880,260.591">
                <text font="JTTPDQ+SimSun" bbox="397.680,249.989,402.960,260.549" colourspace="ICCBased" ncolour="[0]" size="10.560">7</text>
                <text font="JTTPDQ+SimSun" bbox="402.960,249.989,408.240,260.549" colourspace="ICCBased" ncolour="[0]" size="10.560">.</text>
                <text font="ZTWRTK+FangSong_GB2312" bbox="408.240,250.031,418.800,260.591" colourspace="ICCBased" ncolour="[0]" size="10.560">重</text>
                <text font="ZTWRTK+FangSong_GB2312" bbox="418.800,250.031,429.360,260.591" colourspace="ICCBased" ncolour="[0]" size="10.560">大</text>
                <text font="ZTWRTK+FangSong_GB2312" bbox="429.360,250.031,439.920,260.591" colourspace="ICCBased" ncolour="[0]" size="10.560">疾</text>
                <text font="ZTWRTK+FangSong_GB2312" bbox="439.920,250.031,450.480,260.591" colourspace="ICCBased" ncolour="[0]" size="10.560">病</text>
                <text font="ZTWRTK+FangSong_GB2312" bbox="450.480,250.031,461.040,260.591" colourspace="ICCBased" ncolour="[0]" size="10.560">释</text>
                <text font="ZTWRTK+FangSong_GB2312" bbox="461.040,250.031,471.600,260.591" colourspace="ICCBased" ncolour="[0]" size="10.560">义</text>
                <text font="ZTWRTK+FangSong_GB2312" bbox="471.600,250.031,476.880,260.591" colourspace="ICCBased" ncolour="[0]" size="10.560"> </text>
                <text>
                </text>
            </textline>
        </textbox>
        <textbox id="54" bbox="397.680,232.949,497.760,243.551">
            <textline bbox="397.680,232.949,497.760,243.551">
                <text font="JTTPDQ+SimSun" bbox="397.680,232.949,402.960,243.509" colourspace="ICCBased" ncolour="[0]" size="10.560">8</text>
                <text font="JTTPDQ+SimSun" bbox="402.960,232.949,408.240,243.509" colourspace="ICCBased" ncolour="[0]" size="10.560">.</text>
                <text font="ZTWRTK+FangSong_GB2312" bbox="408.240,232.991,418.800,243.551" colourspace="ICCBased" ncolour="[0]" size="10.560">需</text>
                <text font="ZTWRTK+FangSong_GB2312" bbox="418.800,232.991,429.360,243.551" colourspace="ICCBased" ncolour="[0]" size="10.560">关</text>
                <text font="ZTWRTK+FangSong_GB2312" bbox="429.360,232.991,439.920,243.551" colourspace="ICCBased" ncolour="[0]" size="10.560">注</text>
                <text font="ZTWRTK+FangSong_GB2312" bbox="439.920,232.991,450.480,243.551" colourspace="ICCBased" ncolour="[0]" size="10.560">的</text>
                <text font="ZTWRTK+FangSong_GB2312" bbox="450.480,232.991,461.040,243.551" colourspace="ICCBased" ncolour="[0]" size="10.560">其</text>
                <text font="ZTWRTK+FangSong_GB2312" bbox="461.040,232.991,471.600,243.551" colourspace="ICCBased" ncolour="[0]" size="10.560">他</text>
                <text font="ZTWRTK+FangSong_GB2312" bbox="471.600,232.991,482.160,243.551" colourspace="ICCBased" ncolour="[0]" size="10.560">内</text>
                <text font="ZTWRTK+FangSong_GB2312" bbox="482.160,232.991,492.720,243.551" colourspace="ICCBased" ncolour="[0]" size="10.560">容</text>
                <text font="ZTWRTK+FangSong_GB2312" bbox="492.480,232.991,497.760,243.551" colourspace="ICCBased" ncolour="[0]" size="10.560"> </text>
                <text>
                </text>
            </textline>
        </textbox>
        <textbox id="55" bbox="408.240,215.909,476.405,226.511">
            <textline bbox="408.240,215.909,476.405,226.511">
                <text font="JTTPDQ+SimSun" bbox="408.240,215.909,413.520,226.469" colourspace="ICCBased" ncolour="[0]" size="10.560">8</text>
                <text font="JTTPDQ+SimSun" bbox="413.520,215.909,418.800,226.469" colourspace="ICCBased" ncolour="[0]" size="10.560">.</text>
                <text font="JTTPDQ+SimSun" bbox="418.800,215.909,424.080,226.469" colourspace="ICCBased" ncolour="[0]" size="10.560">1</text>
                <text font="JTTPDQ+SimSun" bbox="424.080,215.909,429.360,226.469" colourspace="ICCBased" ncolour="[0]" size="10.560"> </text>
                <text font="ZTWRTK+FangSong_GB2312" bbox="429.360,215.951,439.920,226.511" colourspace="ICCBased" ncolour="[0]" size="10.560">合</text>
                <text font="ZTWRTK+FangSong_GB2312" bbox="439.920,215.951,450.480,226.511" colourspace="ICCBased" ncolour="[0]" size="10.560">同</text>
                <text font="ZTWRTK+FangSong_GB2312" bbox="450.480,215.951,461.040,226.511" colourspace="ICCBased" ncolour="[0]" size="10.560">订</text>
                <text font="ZTWRTK+FangSong_GB2312" bbox="460.800,215.951,471.360,226.511" colourspace="ICCBased" ncolour="[0]" size="10.560">立</text>
                <text font="ZTWRTK+FangSong_GB2312" bbox="471.125,215.951,476.405,226.511" colourspace="ICCBased" ncolour="[0]" size="10.560"> </text>
                <text>
                </text>
            </textline>
        </textbox>
        <textbox id="56" bbox="402.960,198.865,476.405,209.467">
            <textline bbox="402.960,198.865,476.405,209.467">
                <text font="JTTPDQ+SimSun" bbox="402.960,198.865,408.240,209.425" colourspace="ICCBased" ncolour="[0]" size="10.560"> </text>
                <text font="JTTPDQ+SimSun" bbox="408.240,198.865,413.520,209.425" colourspace="ICCBased" ncolour="[0]" size="10.560">8</text>
                <text font="JTTPDQ+SimSun" bbox="413.520,198.865,418.800,209.425" colourspace="ICCBased" ncolour="[0]" size="10.560">.</text>
                <text font="JTTPDQ+SimSun" bbox="418.800,198.865,424.080,209.425" colourspace="ICCBased" ncolour="[0]" size="10.560">2</text>
                <text font="JTTPDQ+SimSun" bbox="424.080,198.865,429.360,209.425" colourspace="ICCBased" ncolour="[0]" size="10.560"> </text>
                <text font="ZTWRTK+FangSong_GB2312" bbox="429.360,198.907,439.920,209.467" colourspace="ICCBased" ncolour="[0]" size="10.560">合</text>
                <text font="ZTWRTK+FangSong_GB2312" bbox="439.920,198.907,450.480,209.467" colourspace="ICCBased" ncolour="[0]" size="10.560">同</text>
                <text font="ZTWRTK+FangSong_GB2312" bbox="450.480,198.907,461.040,209.467" colourspace="ICCBased" ncolour="[0]" size="10.560">生</text>
                <text font="ZTWRTK+FangSong_GB2312" bbox="460.800,198.907,471.360,209.467" colourspace="ICCBased" ncolour="[0]" size="10.560">效</text>
                <text font="ZTWRTK+FangSong_GB2312" bbox="471.125,198.907,476.405,209.467" colourspace="ICCBased" ncolour="[0]" size="10.560"> </text>
                <text>
                </text>
            </textline>
        </textbox>
        <textbox id="57" bbox="408.240,181.821,476.405,192.423">
            <textline bbox="408.240,181.821,476.405,192.423">
                <text font="JTTPDQ+SimSun" bbox="408.240,181.821,413.520,192.381" colourspace="ICCBased" ncolour="[0]" size="10.560">8</text>
                <text font="JTTPDQ+SimSun" bbox="413.520,181.821,418.800,192.381" colourspace="ICCBased" ncolour="[0]" size="10.560">.</text>
                <text font="JTTPDQ+SimSun" bbox="418.800,181.821,424.080,192.381" colourspace="ICCBased" ncolour="[0]" size="10.560">3</text>
                <text font="JTTPDQ+SimSun" bbox="424.080,181.821,429.360,192.381" colourspace="ICCBased" ncolour="[0]" size="10.560"> </text>
                <text font="ZTWRTK+FangSong_GB2312" bbox="429.360,181.863,439.920,192.423" colourspace="ICCBased" ncolour="[0]" size="10.560">投</text>
                <text font="ZTWRTK+FangSong_GB2312" bbox="439.920,181.863,450.480,192.423" colourspace="ICCBased" ncolour="[0]" size="10.560">保</text>
                <text font="ZTWRTK+FangSong_GB2312" bbox="450.480,181.863,461.040,192.423" colourspace="ICCBased" ncolour="[0]" size="10.560">年</text>
                <text font="ZTWRTK+FangSong_GB2312" bbox="460.800,181.863,471.360,192.423" colourspace="ICCBased" ncolour="[0]" size="10.560">龄</text>
                <text font="ZTWRTK+FangSong_GB2312" bbox="471.125,181.863,476.405,192.423" colourspace="ICCBased" ncolour="[0]" size="10.560"> </text>
                <text>
                </text>
            </textline>
        </textbox>
        <textbox id="58" bbox="402.960,164.777,476.405,175.380">
            <textline bbox="402.960,164.777,476.405,175.380">
                <text font="JTTPDQ+SimSun" bbox="402.960,164.777,408.240,175.337" colourspace="ICCBased" ncolour="[0]" size="10.560"> </text>
                <text font="JTTPDQ+SimSun" bbox="408.240,164.777,413.520,175.337" colourspace="ICCBased" ncolour="[0]" size="10.560">8</text>
                <text font="JTTPDQ+SimSun" bbox="413.520,164.777,418.800,175.337" colourspace="ICCBased" ncolour="[0]" size="10.560">.</text>
                <text font="JTTPDQ+SimSun" bbox="418.800,164.777,424.080,175.337" colourspace="ICCBased" ncolour="[0]" size="10.560">4</text>
                <text font="JTTPDQ+SimSun" bbox="424.080,164.777,429.360,175.337" colourspace="ICCBased" ncolour="[0]" size="10.560"> </text>
                <text font="ZTWRTK+FangSong_GB2312" bbox="429.360,164.820,439.920,175.380" colourspace="ICCBased" ncolour="[0]" size="10.560">年</text>
                <text font="ZTWRTK+FangSong_GB2312" bbox="439.920,164.820,450.480,175.380" colourspace="ICCBased" ncolour="[0]" size="10.560">龄</text>
                <text font="ZTWRTK+FangSong_GB2312" bbox="450.480,164.820,461.040,175.380" colourspace="ICCBased" ncolour="[0]" size="10.560">错</text>
                <text font="ZTWRTK+FangSong_GB2312" bbox="460.800,164.820,471.360,175.380" colourspace="ICCBased" ncolour="[0]" size="10.560">误</text>
                <text font="ZTWRTK+FangSong_GB2312" bbox="471.125,164.820,476.405,175.380" colourspace="ICCBased" ncolour="[0]" size="10.560"> </text>
                <text>
                </text>
            </textline>
        </textbox>
        <textbox id="59" bbox="408.240,147.976,476.405,158.579">
            <textline bbox="408.240,147.976,476.405,158.579">
                <text font="JTTPDQ+SimSun" bbox="408.240,147.976,413.520,158.536" colourspace="ICCBased" ncolour="[0]" size="10.560">8</text>
                <text font="JTTPDQ+SimSun" bbox="413.520,147.976,418.800,158.536" colourspace="ICCBased" ncolour="[0]" size="10.560">.</text>
                <text font="JTTPDQ+SimSun" bbox="418.800,147.976,424.080,158.536" colourspace="ICCBased" ncolour="[0]" size="10.560">5</text>
                <text font="ZTWRTK+FangSong_GB2312" bbox="424.080,148.019,429.360,158.579" colourspace="ICCBased" ncolour="[0]" size="10.560"> </text>
                <text font="ZTWRTK+FangSong_GB2312" bbox="429.360,148.019,439.920,158.579" colourspace="ICCBased" ncolour="[0]" size="10.560">效</text>
                <text font="ZTWRTK+FangSong_GB2312" bbox="439.920,148.019,450.480,158.579" colourspace="ICCBased" ncolour="[0]" size="10.560">力</text>
                <text font="ZTWRTK+FangSong_GB2312" bbox="450.480,148.019,461.040,158.579" colourspace="ICCBased" ncolour="[0]" size="10.560">终</text>
                <text font="ZTWRTK+FangSong_GB2312" bbox="460.800,148.019,471.360,158.579" colourspace="ICCBased" ncolour="[0]" size="10.560">止</text>
                <text font="ZTWRTK+FangSong_GB2312" bbox="471.125,148.019,476.405,158.579" colourspace="ICCBased" ncolour="[0]" size="10.560"> </text>
                <text>
                </text>
            </textline>
        </textbox>
        <textbox id="60" bbox="408.240,130.932,518.400,141.551">
            <textline bbox="408.240,130.932,518.400,141.551">
                <text font="JTTPDQ+SimSun" bbox="408.240,130.932,413.520,141.492" colourspace="ICCBased" ncolour="[0]" size="10.560">8</text>
                <text font="JTTPDQ+SimSun" bbox="413.520,130.932,418.800,141.492" colourspace="ICCBased" ncolour="[0]" size="10.560">.</text>
                <text font="JTTPDQ+SimSun" bbox="418.800,130.932,424.080,141.492" colourspace="ICCBased" ncolour="[0]" size="10.560">6</text>
                <text font="ZTWRTK+FangSong_GB2312" bbox="424.080,130.975,429.360,141.535" colourspace="ICCBased" ncolour="[0]" size="10.560"> </text>
                <text font="ZTWRTK+FangSong_GB2312" bbox="429.360,130.991,439.920,141.551" colourspace="ICCBased" ncolour="[0]" size="10.560">适</text>
                <text font="ZTWRTK+FangSong_GB2312" bbox="439.920,130.991,450.480,141.551" colourspace="ICCBased" ncolour="[0]" size="10.560">用</text>
                <text font="ZTWRTK+FangSong_GB2312" bbox="450.480,130.991,461.040,141.551" colourspace="ICCBased" ncolour="[0]" size="10.560">主</text>
                <text font="ZTWRTK+FangSong_GB2312" bbox="460.800,130.991,471.360,141.551" colourspace="ICCBased" ncolour="[0]" size="10.560">险</text>
                <text font="ZTWRTK+FangSong_GB2312" bbox="471.360,130.991,481.920,141.551" colourspace="ICCBased" ncolour="[0]" size="10.560">合</text>
                <text font="ZTWRTK+FangSong_GB2312" bbox="481.920,130.991,492.480,141.551" colourspace="ICCBased" ncolour="[0]" size="10.560">同</text>
                <text font="ZTWRTK+FangSong_GB2312" bbox="492.480,130.991,503.040,141.551" colourspace="ICCBased" ncolour="[0]" size="10.560">条</text>
                <text font="ZTWRTK+FangSong_GB2312" bbox="502.801,130.991,513.361,141.551" colourspace="ICCBased" ncolour="[0]" size="10.560">款</text>
                <text font="ZTWRTK+FangSong_GB2312" bbox="513.120,130.991,518.400,141.551" colourspace="ICCBased" ncolour="[1, 0, 0]" size="10.560"> </text>
                <text>
                </text>
            </textline>
        </textbox>
        <textbox id="61" bbox="446.400,65.914,552.247,75.034">
            <textline bbox="446.400,65.914,552.247,75.034">
                <text font="ZTWRTK+FangSong_GB2312" bbox="446.400,65.914,455.520,75.034" colourspace="ICCBased" ncolour="[0]" size="9.120">险</text>
                <text font="ZTWRTK+FangSong_GB2312" bbox="455.520,65.914,464.640,75.034" colourspace="ICCBased" ncolour="[0]" size="9.120">种</text>
                <text font="ZTWRTK+FangSong_GB2312" bbox="464.403,65.914,473.523,75.034" colourspace="ICCBased" ncolour="[0]" size="9.120">简</text>
                <text font="ZTWRTK+FangSong_GB2312" bbox="473.523,65.914,482.643,75.034" colourspace="ICCBased" ncolour="[0]" size="9.120">称</text>
                <text font="ZTWRTK+FangSong_GB2312" bbox="482.403,65.914,491.523,75.034" colourspace="ICCBased" ncolour="[0]" size="9.120">：</text>
                <text font="ZTWRTK+FangSong_GB2312" bbox="491.523,65.914,500.643,75.034" colourspace="ICCBased" ncolour="[0]" size="9.120">金</text>
                <text font="ZTWRTK+FangSong_GB2312" bbox="500.403,65.914,509.523,75.034" colourspace="ICCBased" ncolour="[0]" size="9.120">鑫</text>
                <text font="ZTWRTK+FangSong_GB2312" bbox="509.523,65.914,518.643,75.034" colourspace="ICCBased" ncolour="[0]" size="9.120">盛</text>
                <text font="ZTWRTK+FangSong_GB2312" bbox="518.643,65.914,527.763,75.034" colourspace="ICCBased" ncolour="[0]" size="9.120">疾</text>
                <text> </text>
                <text font="ZTWRTK+FangSong_GB2312" bbox="529.921,65.914,534.481,75.034" colourspace="ICCBased" ncolour="[0]" size="9.120">1</text>
                <text font="ZTWRTK+FangSong_GB2312" bbox="534.244,65.914,538.804,75.034" colourspace="ICCBased" ncolour="[0]" size="9.120">8</text>
                <text font="ZTWRTK+FangSong_GB2312" bbox="538.804,65.914,547.924,75.034" colourspace="ICCBased" ncolour="[0]" size="9.120">Ⅱ</text>
                <text font="ZTWRTK+FangSong_GB2312" bbox="547.687,65.914,552.247,75.034" colourspace="ICCBased" ncolour="[0]" size="9.120"> </text>
                <text>
                </text>
            </textline>
        </textbox>
        <textbox id="62" bbox="446.409,50.310,513.842,59.430">
            <textline bbox="446.409,50.310,513.842,59.430">
                <text font="ZTWRTK+FangSong_GB2312" bbox="446.409,50.310,455.529,59.430" colourspace="ICCBased" ncolour="[0]" size="9.120">险</text>
                <text font="ZTWRTK+FangSong_GB2312" bbox="455.529,50.310,464.649,59.430" colourspace="ICCBased" ncolour="[0]" size="9.120">种</text>
                <text font="ZTWRTK+FangSong_GB2312" bbox="464.412,50.310,473.532,59.430" colourspace="ICCBased" ncolour="[0]" size="9.120">代</text>
                <text font="ZTWRTK+FangSong_GB2312" bbox="473.532,50.310,482.652,59.430" colourspace="ICCBased" ncolour="[0]" size="9.120">码</text>
                <text font="ZTWRTK+FangSong_GB2312" bbox="482.415,50.310,491.535,59.430" colourspace="ICCBased" ncolour="[0]" size="9.120">：</text>
                <text font="ZTWRTK+FangSong_GB2312" bbox="491.526,50.310,496.086,59.430" colourspace="ICCBased" ncolour="[0]" size="9.120">1</text>
                <text font="ZTWRTK+FangSong_GB2312" bbox="496.086,50.310,500.646,59.430" colourspace="ICCBased" ncolour="[0]" size="9.120">3</text>
                <text font="ZTWRTK+FangSong_GB2312" bbox="500.646,50.310,505.206,59.430" colourspace="ICCBased" ncolour="[0]" size="9.120">0</text>
                <text font="ZTWRTK+FangSong_GB2312" bbox="504.966,50.310,509.526,59.430" colourspace="ICCBased" ncolour="[0]" size="9.120">9</text>
                <text font="ZTWRTK+FangSong_GB2312" bbox="509.282,50.310,513.842,59.430" colourspace="ICCBased" ncolour="[0]" size="9.120"> </text>
                <text>
                </text>
            </textline>
        </textbox>
        <rect linewidth="0" bbox="81.360,499.440,81.840,499.921" />
        <rect linewidth="0" bbox="81.360,499.440,81.840,499.921" />
        <rect linewidth="0" bbox="81.840,499.440,192.481,499.921" />
        <rect linewidth="0" bbox="192.480,499.440,192.960,499.921" />
        <rect linewidth="0" bbox="192.960,499.440,256.320,499.921" />
        <rect linewidth="0" bbox="256.320,499.440,256.800,499.921" />
        <rect linewidth="0" bbox="256.800,499.440,348.480,499.921" />
        <rect linewidth="0" bbox="348.480,499.440,348.960,499.921" />
        <rect linewidth="0" bbox="348.960,499.440,521.760,499.921" />
        <rect linewidth="0" bbox="521.760,499.440,522.241,499.921" />
        <rect linewidth="0" bbox="521.760,499.440,522.241,499.921" />
        <rect linewidth="0" bbox="81.360,478.080,81.840,499.440" />
        <rect linewidth="0" bbox="192.480,478.080,192.960,499.440" />
        <rect linewidth="0" bbox="256.320,478.080,256.800,499.440" />
        <rect linewidth="0" bbox="348.480,478.080,348.960,499.440" />
        <rect linewidth="0" bbox="521.760,478.080,522.241,499.440" />
        <rect linewidth="0" bbox="81.360,477.600,81.840,478.080" />
        <rect linewidth="0" bbox="81.840,477.600,192.481,478.080" />
        <rect linewidth="0" bbox="192.480,477.600,192.960,478.080" />
        <rect linewidth="0" bbox="192.960,477.600,256.320,478.080" />
        <rect linewidth="0" bbox="256.320,477.600,256.800,478.080" />
        <rect linewidth="0" bbox="256.800,477.600,348.480,478.080" />
        <rect linewidth="0" bbox="348.480,477.600,348.960,478.080" />
        <rect linewidth="0" bbox="348.960,477.600,521.760,478.080" />
        <rect linewidth="0" bbox="521.760,477.600,522.241,478.080" />
        <rect linewidth="0" bbox="81.360,397.440,81.840,477.600" />
        <rect linewidth="0" bbox="192.480,397.440,192.960,477.600" />
        <rect linewidth="0" bbox="256.320,397.440,256.800,477.600" />
        <rect linewidth="0" bbox="348.480,397.440,348.960,477.600" />
        <rect linewidth="0" bbox="521.760,397.440,522.241,477.600" />
        <rect linewidth="0" bbox="81.360,396.960,81.840,397.440" />
        <rect linewidth="0" bbox="81.840,396.960,192.481,397.440" />
        <rect linewidth="0" bbox="192.480,396.960,192.960,397.440" />
        <rect linewidth="0" bbox="192.960,396.960,256.320,397.440" />
        <rect linewidth="0" bbox="256.320,396.960,256.800,397.440" />
        <rect linewidth="0" bbox="256.800,396.960,348.480,397.440" />
        <rect linewidth="0" bbox="348.480,396.960,348.960,397.440" />
        <rect linewidth="0" bbox="348.960,396.960,521.760,397.440" />
        <rect linewidth="0" bbox="521.760,396.960,522.241,397.440" />
        <rect linewidth="0" bbox="81.360,336.960,81.840,396.960" />
        <rect linewidth="0" bbox="81.360,336.480,81.840,336.960" />
        <rect linewidth="0" bbox="81.360,336.480,81.840,336.960" />
        <rect linewidth="0" bbox="81.840,336.480,521.760,336.960" />
        <rect linewidth="0" bbox="521.760,336.960,522.241,396.960" />
        <rect linewidth="0" bbox="521.760,336.480,522.241,336.960" />
        <rect linewidth="0" bbox="521.760,336.480,522.241,336.960" />
        <figure name="Im0" bbox="52.560,719.760,55.440,722.880">
            <image width="2" height="3" />
        </figure>
        <figure name="Im1" bbox="52.560,720.000,55.440,722.880">
            <image width="2" height="2" />
        </figure>
        <figure name="Im2" bbox="55.440,720.000,61.200,722.880">
            <image width="5" height="2" />
        </figure>
        <figure name="Im3" bbox="61.200,720.000,66.960,722.880">
            <image width="5" height="2" />
        </figure>
        <figure name="Im4" bbox="66.960,720.000,72.720,722.880">
            <image width="5" height="2" />
        </figure>
        <figure name="Im5" bbox="72.720,720.000,78.480,722.880">
            <image width="5" height="2" />
        </figure>
        <figure name="Im6" bbox="78.480,720.000,84.240,722.880">
            <image width="5" height="2" />
        </figure>
        <figure name="Im7" bbox="84.240,720.000,90.000,722.880">
            <image width="5" height="2" />
        </figure>
        <figure name="Im8" bbox="90.000,720.000,95.760,722.880">
            <image width="5" height="2" />
        </figure>
        <figure name="Im9" bbox="95.760,720.000,101.520,722.880">
            <image width="5" height="2" />
        </figure>
        <figure name="Im10" bbox="101.520,720.000,107.280,722.880">
            <image width="5" height="2" />
        </figure>
        <figure name="Im11" bbox="107.280,720.000,113.040,722.880">
            <image width="5" height="2" />
        </figure>
        <figure name="Im12" bbox="113.040,720.000,118.800,722.880">
            <image width="5" height="2" />
        </figure>
        <figure name="Im13" bbox="118.800,720.000,124.560,722.880">
            <image width="5" height="2" />
        </figure>
        <figure name="Im14" bbox="124.560,720.000,130.320,722.880">
            <image width="5" height="2" />
        </figure>
        <figure name="Im15" bbox="130.320,720.000,136.080,722.880">
            <image width="5" height="2" />
        </figure>
        <figure name="Im16" bbox="136.080,720.000,141.840,722.880">
            <image width="5" height="2" />
        </figure>
        <figure name="Im17" bbox="141.840,720.000,147.600,722.880">
            <image width="5" height="2" />
        </figure>
        <figure name="Im18" bbox="147.600,720.000,153.360,722.880">
            <image width="5" height="2" />
        </figure>
        <figure name="Im19" bbox="153.360,720.000,159.120,722.880">
            <image width="5" height="2" />
        </figure>
        <figure name="Im20" bbox="159.120,720.000,164.880,722.880">
            <image width="5" height="2" />
        </figure>
        <figure name="Im21" bbox="164.880,720.000,170.640,722.880">
            <image width="5" height="2" />
        </figure>
        <figure name="Im22" bbox="170.640,720.000,176.400,722.880">
            <image width="5" height="2" />
        </figure>
        <figure name="Im23" bbox="176.400,720.000,182.160,722.880">
            <image width="5" height="2" />
        </figure>
        <figure name="Im24" bbox="182.160,720.000,187.920,722.880">
            <image width="5" height="2" />
        </figure>
        <figure name="Im25" bbox="187.920,720.000,193.680,722.880">
            <image width="5" height="2" />
        </figure>
        <figure name="Im26" bbox="193.680,720.000,199.440,722.880">
            <image width="5" height="2" />
        </figure>
        <figure name="Im27" bbox="199.440,720.000,205.200,722.880">
            <image width="5" height="2" />
        </figure>
        <figure name="Im28" bbox="205.200,720.000,210.960,722.880">
            <image width="5" height="2" />
        </figure>
        <figure name="Im29" bbox="210.960,720.000,216.720,722.880">
            <image width="5" height="2" />
        </figure>
        <figure name="Im30" bbox="216.720,720.000,222.480,722.880">
            <image width="5" height="2" />
        </figure>
        <figure name="Im31" bbox="222.480,720.000,228.240,722.880">
            <image width="5" height="2" />
        </figure>
        <figure name="Im32" bbox="228.240,720.000,234.000,722.880">
            <image width="5" height="2" />
        </figure>
        <figure name="Im33" bbox="234.000,720.000,239.760,722.880">
            <image width="5" height="2" />
        </figure>
        <figure name="Im34" bbox="239.760,720.000,245.520,722.880">
            <image width="5" height="2" />
        </figure>
        <figure name="Im35" bbox="245.520,720.000,251.280,722.880">
            <image width="5" height="2" />
        </figure>
        <figure name="Im36" bbox="251.280,720.000,257.040,722.880">
            <image width="5" height="2" />
        </figure>
        <figure name="Im37" bbox="257.040,720.000,262.800,722.880">
            <image width="5" height="2" />
        </figure>
        <figure name="Im38" bbox="262.800,720.000,268.560,722.880">
            <image width="5" height="2" />
        </figure>
        <figure name="Im39" bbox="268.560,720.000,274.320,722.880">
            <image width="5" height="2" />
        </figure>
        <figure name="Im40" bbox="274.320,720.000,280.080,722.880">
            <image width="5" height="2" />
        </figure>
        <figure name="Im41" bbox="280.080,720.000,285.840,722.880">
            <image width="5" height="2" />
        </figure>
        <figure name="Im42" bbox="285.840,720.000,291.600,722.880">
            <image width="5" height="2" />
        </figure>
        <figure name="Im43" bbox="291.600,720.000,297.360,722.880">
            <image width="5" height="2" />
        </figure>
        <figure name="Im44" bbox="297.360,720.000,303.120,722.880">
            <image width="5" height="2" />
        </figure>
        <figure name="Im45" bbox="303.120,720.000,308.880,722.880">
            <image width="5" height="2" />
        </figure>
        <figure name="Im46" bbox="308.880,720.000,314.640,722.880">
            <image width="5" height="2" />
        </figure>
        <figure name="Im47" bbox="314.640,720.000,320.400,722.880">
            <image width="5" height="2" />
        </figure>
        <figure name="Im48" bbox="320.400,720.000,326.160,722.880">
            <image width="5" height="2" />
        </figure>
        <figure name="Im49" bbox="326.160,720.000,331.920,722.880">
            <image width="5" height="2" />
        </figure>
        <figure name="Im50" bbox="331.920,720.000,337.680,722.880">
            <image width="5" height="2" />
        </figure>
        <figure name="Im51" bbox="337.680,720.000,343.440,722.880">
            <image width="5" height="2" />
        </figure>
        <figure name="Im52" bbox="343.440,720.000,349.200,722.880">
            <image width="5" height="2" />
        </figure>
        <figure name="Im53" bbox="349.200,720.000,354.960,722.880">
            <image width="5" height="2" />
        </figure>
        <figure name="Im54" bbox="354.960,720.000,360.720,722.880">
            <image width="5" height="2" />
        </figure>
        <figure name="Im55" bbox="360.720,720.000,366.480,722.880">
            <image width="5" height="2" />
        </figure>
        <figure name="Im56" bbox="366.480,720.000,372.240,722.880">
            <image width="5" height="2" />
        </figure>
        <figure name="Im57" bbox="372.240,720.000,378.000,722.880">
            <image width="5" height="2" />
        </figure>
        <figure name="Im58" bbox="378.000,720.000,383.760,722.880">
            <image width="5" height="2" />
        </figure>
        <figure name="Im59" bbox="383.760,720.000,389.520,722.880">
            <image width="5" height="2" />
        </figure>
        <figure name="Im60" bbox="389.520,720.000,395.280,722.880">
            <image width="5" height="2" />
        </figure>
        <figure name="Im61" bbox="395.280,720.000,401.040,722.880">
            <image width="5" height="2" />
        </figure>
        <figure name="Im62" bbox="401.040,720.000,406.800,722.880">
            <image width="5" height="2" />
        </figure>
        <figure name="Im63" bbox="406.800,720.000,412.560,722.880">
            <image width="5" height="2" />
        </figure>
        <figure name="Im64" bbox="412.560,720.000,418.320,722.880">
            <image width="5" height="2" />
        </figure>
        <figure name="Im65" bbox="418.320,720.000,424.080,722.880">
            <image width="5" height="2" />
        </figure>
        <figure name="Im66" bbox="424.080,720.000,429.840,722.880">
            <image width="5" height="2" />
        </figure>
        <figure name="Im67" bbox="429.840,720.000,435.600,722.880">
            <image width="5" height="2" />
        </figure>
        <figure name="Im68" bbox="435.600,720.000,441.360,722.880">
            <image width="5" height="2" />
        </figure>
        <figure name="Im69" bbox="441.360,720.000,447.120,722.880">
            <image width="5" height="2" />
        </figure>
        <figure name="Im70" bbox="447.120,720.000,452.880,722.880">
            <image width="5" height="2" />
        </figure>
        <figure name="Im71" bbox="452.880,720.000,458.640,722.880">
            <image width="5" height="2" />
        </figure>
        <figure name="Im72" bbox="458.640,720.000,464.400,722.880">
            <image width="5" height="2" />
        </figure>
        <figure name="Im73" bbox="464.400,720.000,470.160,722.880">
            <image width="5" height="2" />
        </figure>
        <figure name="Im74" bbox="470.160,720.000,475.920,722.880">
            <image width="5" height="2" />
        </figure>
        <figure name="Im75" bbox="475.920,720.000,481.680,722.880">
            <image width="5" height="2" />
        </figure>
        <figure name="Im76" bbox="481.680,720.000,487.440,722.880">
            <image width="5" height="2" />
        </figure>
        <figure name="Im77" bbox="487.440,720.000,493.200,722.880">
            <image width="5" height="2" />
        </figure>
        <figure name="Im78" bbox="493.200,720.000,498.960,722.880">
            <image width="5" height="2" />
        </figure>
        <figure name="Im79" bbox="498.960,720.000,504.720,722.880">
            <image width="5" height="2" />
        </figure>
        <figure name="Im80" bbox="504.720,720.000,510.480,722.880">
            <image width="5" height="2" />
        </figure>
        <figure name="Im81" bbox="510.480,720.000,516.240,722.880">
            <image width="5" height="2" />
        </figure>
        <figure name="Im82" bbox="516.240,720.000,522.000,722.880">
            <image width="5" height="2" />
        </figure>
        <figure name="Im83" bbox="522.000,720.000,527.760,722.880">
            <image width="5" height="2" />
        </figure>
        <figure name="Im84" bbox="527.760,720.000,533.520,722.880">
            <image width="5" height="2" />
        </figure>
        <figure name="Im85" bbox="533.520,720.000,539.280,722.880">
            <image width="5" height="2" />
        </figure>
        <figure name="Im86" bbox="539.280,720.000,545.040,722.880">
            <image width="5" height="2" />
        </figure>
        <figure name="Im87" bbox="545.040,720.000,548.400,722.880">
            <image width="3" height="2" />
        </figure>
        <figure name="Im88" bbox="548.400,719.760,551.280,722.880">
            <image width="2" height="3" />
        </figure>
        <figure name="Im89" bbox="548.400,720.000,551.280,722.880">
            <image width="2" height="2" />
        </figure>
        <figure name="Im90" bbox="52.560,714.000,55.440,719.760">
            <image width="2" height="5" />
        </figure>
        <figure name="Im91" bbox="52.560,708.240,55.440,714.000">
            <image width="2" height="5" />
        </figure>
        <figure name="Im92" bbox="52.560,702.480,55.440,708.240">
            <image width="2" height="5" />
        </figure>
        <figure name="Im93" bbox="52.560,696.720,55.440,702.480">
            <image width="2" height="5" />
        </figure>
        <figure name="Im94" bbox="52.560,690.960,55.440,696.720">
            <image width="2" height="5" />
        </figure>
        <figure name="Im95" bbox="52.560,685.200,55.440,690.960">
            <image width="2" height="5" />
        </figure>
        <figure name="Im96" bbox="52.560,679.440,55.440,685.200">
            <image width="2" height="5" />
        </figure>
        <figure name="Im97" bbox="52.560,673.680,55.440,679.440">
            <image width="2" height="5" />
        </figure>
        <figure name="Im98" bbox="52.560,667.920,55.440,673.680">
            <image width="2" height="5" />
        </figure>
        <figure name="Im99" bbox="52.560,662.160,55.440,667.920">
            <image width="2" height="5" />
        </figure>
        <figure name="Im100" bbox="52.560,656.400,55.440,662.160">
            <image width="2" height="5" />
        </figure>
        <figure name="Im101" bbox="52.560,650.640,55.440,656.400">
            <image width="2" height="5" />
        </figure>
        <figure name="Im102" bbox="52.560,644.880,55.440,650.640">
            <image width="2" height="5" />
        </figure>
        <figure name="Im103" bbox="52.560,639.120,55.440,644.880">
            <image width="2" height="5" />
        </figure>
        <figure name="Im104" bbox="52.560,633.360,55.440,639.120">
            <image width="2" height="5" />
        </figure>
        <figure name="Im105" bbox="52.560,627.600,55.440,633.360">
            <image width="2" height="5" />
        </figure>
        <figure name="Im106" bbox="52.560,621.840,55.440,627.600">
            <image width="2" height="5" />
        </figure>
        <figure name="Im107" bbox="52.560,616.080,55.440,621.840">
            <image width="2" height="5" />
        </figure>
        <figure name="Im108" bbox="52.560,610.320,55.440,616.080">
            <image width="2" height="5" />
        </figure>
        <figure name="Im109" bbox="52.560,604.560,55.440,610.320">
            <image width="2" height="5" />
        </figure>
        <figure name="Im110" bbox="52.560,598.800,55.440,604.560">
            <image width="2" height="5" />
        </figure>
        <figure name="Im111" bbox="52.560,593.040,55.440,598.800">
            <image width="2" height="5" />
        </figure>
        <figure name="Im112" bbox="52.560,587.280,55.440,593.040">
            <image width="2" height="5" />
        </figure>
        <figure name="Im113" bbox="52.560,581.520,55.440,587.280">
            <image width="2" height="5" />
        </figure>
        <figure name="Im114" bbox="52.560,575.760,55.440,581.520">
            <image width="2" height="5" />
        </figure>
        <figure name="Im115" bbox="52.560,570.000,55.440,575.760">
            <image width="2" height="5" />
        </figure>
        <figure name="Im116" bbox="52.560,564.240,55.440,570.000">
            <image width="2" height="5" />
        </figure>
        <figure name="Im117" bbox="52.560,558.480,55.440,564.240">
            <image width="2" height="5" />
        </figure>
        <figure name="Im118" bbox="52.560,552.720,55.440,558.480">
            <image width="2" height="5" />
        </figure>
        <figure name="Im119" bbox="52.560,546.960,55.440,552.720">
            <image width="2" height="5" />
        </figure>
        <figure name="Im120" bbox="52.560,541.200,55.440,546.960">
            <image width="2" height="5" />
        </figure>
        <figure name="Im121" bbox="52.560,535.440,55.440,541.200">
            <image width="2" height="5" />
        </figure>
        <figure name="Im122" bbox="52.560,529.680,55.440,535.440">
            <image width="2" height="5" />
        </figure>
        <figure name="Im123" bbox="52.560,523.920,55.440,529.680">
            <image width="2" height="5" />
        </figure>
        <figure name="Im124" bbox="52.560,518.160,55.440,523.920">
            <image width="2" height="5" />
        </figure>
        <figure name="Im125" bbox="52.560,512.400,55.440,518.160">
            <image width="2" height="5" />
        </figure>
        <figure name="Im126" bbox="52.560,506.640,55.440,512.400">
            <image width="2" height="5" />
        </figure>
        <figure name="Im127" bbox="52.560,500.880,55.440,506.640">
            <image width="2" height="5" />
        </figure>
        <figure name="Im128" bbox="52.560,495.120,55.440,500.880">
            <image width="2" height="5" />
        </figure>
        <figure name="Im129" bbox="52.560,489.360,55.440,495.120">
            <image width="2" height="5" />
        </figure>
        <figure name="Im130" bbox="52.560,483.600,55.440,489.360">
            <image width="2" height="5" />
        </figure>
        <figure name="Im131" bbox="52.560,477.840,55.440,483.600">
            <image width="2" height="5" />
        </figure>
        <figure name="Im132" bbox="52.560,472.080,55.440,477.840">
            <image width="2" height="5" />
        </figure>
        <figure name="Im133" bbox="52.560,466.320,55.440,472.080">
            <image width="2" height="5" />
        </figure>
        <figure name="Im134" bbox="52.560,460.560,55.440,466.320">
            <image width="2" height="5" />
        </figure>
        <figure name="Im135" bbox="52.560,454.800,55.440,460.560">
            <image width="2" height="5" />
        </figure>
        <figure name="Im136" bbox="52.560,449.040,55.440,454.800">
            <image width="2" height="5" />
        </figure>
        <figure name="Im137" bbox="52.560,443.280,55.440,449.040">
            <image width="2" height="5" />
        </figure>
        <figure name="Im138" bbox="52.560,437.520,55.440,443.280">
            <image width="2" height="5" />
        </figure>
        <figure name="Im139" bbox="52.560,431.760,55.440,437.520">
            <image width="2" height="5" />
        </figure>
        <figure name="Im140" bbox="52.560,426.000,55.440,431.760">
            <image width="2" height="5" />
        </figure>
        <figure name="Im141" bbox="52.560,420.240,55.440,426.000">
            <image width="2" height="5" />
        </figure>
        <figure name="Im142" bbox="52.560,414.480,55.440,420.240">
            <image width="2" height="5" />
        </figure>
        <figure name="Im143" bbox="52.560,408.720,55.440,414.480">
            <image width="2" height="5" />
        </figure>
        <figure name="Im144" bbox="52.560,402.960,55.440,408.720">
            <image width="2" height="5" />
        </figure>
        <figure name="Im145" bbox="52.560,397.200,55.440,402.960">
            <image width="2" height="5" />
        </figure>
        <figure name="Im146" bbox="52.560,391.440,55.440,397.200">
            <image width="2" height="5" />
        </figure>
        <figure name="Im147" bbox="52.560,385.680,55.440,391.440">
            <image width="2" height="5" />
        </figure>
        <figure name="Im148" bbox="52.560,379.920,55.440,385.680">
            <image width="2" height="5" />
        </figure>
        <figure name="Im149" bbox="52.560,374.160,55.440,379.920">
            <image width="2" height="5" />
        </figure>
        <figure name="Im150" bbox="52.560,368.400,55.440,374.160">
            <image width="2" height="5" />
        </figure>
        <figure name="Im151" bbox="52.560,362.640,55.440,368.400">
            <image width="2" height="5" />
        </figure>
        <figure name="Im152" bbox="52.560,356.880,55.440,362.640">
            <image width="2" height="5" />
        </figure>
        <figure name="Im153" bbox="52.560,351.120,55.440,356.880">
            <image width="2" height="5" />
        </figure>
        <figure name="Im154" bbox="52.560,345.360,55.440,351.120">
            <image width="2" height="5" />
        </figure>
        <figure name="Im155" bbox="52.560,339.600,55.440,345.360">
            <image width="2" height="5" />
        </figure>
        <figure name="Im156" bbox="52.560,333.840,55.440,339.600">
            <image width="2" height="5" />
        </figure>
        <figure name="Im157" bbox="52.560,328.080,55.440,333.840">
            <image width="2" height="5" />
        </figure>
        <figure name="Im158" bbox="52.560,322.320,55.440,328.080">
            <image width="2" height="5" />
        </figure>
        <figure name="Im159" bbox="52.560,316.560,55.440,322.320">
            <image width="2" height="5" />
        </figure>
        <figure name="Im160" bbox="52.560,310.800,55.440,316.560">
            <image width="2" height="5" />
        </figure>
        <figure name="Im161" bbox="52.560,305.040,55.440,310.800">
            <image width="2" height="5" />
        </figure>
        <figure name="Im162" bbox="52.560,299.280,55.440,305.040">
            <image width="2" height="5" />
        </figure>
        <figure name="Im163" bbox="52.560,293.520,55.440,299.280">
            <image width="2" height="5" />
        </figure>
        <figure name="Im164" bbox="52.560,287.760,55.440,293.520">
            <image width="2" height="5" />
        </figure>
        <figure name="Im165" bbox="52.560,282.000,55.440,287.760">
            <image width="2" height="5" />
        </figure>
        <figure name="Im166" bbox="52.560,276.240,55.440,282.000">
            <image width="2" height="5" />
        </figure>
        <figure name="Im167" bbox="52.560,270.480,55.440,276.240">
            <image width="2" height="5" />
        </figure>
        <figure name="Im168" bbox="52.560,264.720,55.440,270.480">
            <image width="2" height="5" />
        </figure>
        <figure name="Im169" bbox="52.560,258.960,55.440,264.720">
            <image width="2" height="5" />
        </figure>
        <figure name="Im170" bbox="52.560,253.200,55.440,258.960">
            <image width="2" height="5" />
        </figure>
        <figure name="Im171" bbox="52.560,247.440,55.440,253.200">
            <image width="2" height="5" />
        </figure>
        <figure name="Im172" bbox="52.560,241.680,55.440,247.440">
            <image width="2" height="5" />
        </figure>
        <figure name="Im173" bbox="52.560,235.920,55.440,241.680">
            <image width="2" height="5" />
        </figure>
        <figure name="Im174" bbox="52.560,230.160,55.440,235.920">
            <image width="2" height="5" />
        </figure>
        <figure name="Im175" bbox="52.560,224.400,55.440,230.160">
            <image width="2" height="5" />
        </figure>
        <figure name="Im176" bbox="52.560,218.640,55.440,224.400">
            <image width="2" height="5" />
        </figure>
        <figure name="Im177" bbox="52.560,212.880,55.440,218.640">
            <image width="2" height="5" />
        </figure>
        <figure name="Im178" bbox="52.560,207.120,55.440,212.880">
            <image width="2" height="5" />
        </figure>
        <figure name="Im179" bbox="52.560,201.360,55.440,207.120">
            <image width="2" height="5" />
        </figure>
        <figure name="Im180" bbox="52.560,195.600,55.440,201.360">
            <image width="2" height="5" />
        </figure>
        <figure name="Im181" bbox="52.560,189.840,55.440,195.600">
            <image width="2" height="5" />
        </figure>
        <figure name="Im182" bbox="52.560,184.080,55.440,189.840">
            <image width="2" height="5" />
        </figure>
        <figure name="Im183" bbox="52.560,178.320,55.440,184.080">
            <image width="2" height="5" />
        </figure>
        <figure name="Im184" bbox="52.560,172.560,55.440,178.320">
            <image width="2" height="5" />
        </figure>
        <figure name="Im185" bbox="52.560,166.800,55.440,172.560">
            <image width="2" height="5" />
        </figure>
        <figure name="Im186" bbox="52.560,161.040,55.440,166.800">
            <image width="2" height="5" />
        </figure>
        <figure name="Im187" bbox="52.560,155.280,55.440,161.040">
            <image width="2" height="5" />
        </figure>
        <figure name="Im188" bbox="52.560,149.520,55.440,155.280">
            <image width="2" height="5" />
        </figure>
        <figure name="Im189" bbox="52.560,143.760,55.440,149.520">
            <image width="2" height="5" />
        </figure>
        <figure name="Im190" bbox="52.560,138.000,55.440,143.760">
            <image width="2" height="5" />
        </figure>
        <figure name="Im191" bbox="52.560,132.240,55.440,138.000">
            <image width="2" height="5" />
        </figure>
        <figure name="Im192" bbox="52.560,126.480,55.440,132.240">
            <image width="2" height="5" />
        </figure>
        <figure name="Im193" bbox="52.560,120.720,55.440,126.480">
            <image width="2" height="5" />
        </figure>
        <figure name="Im194" bbox="52.560,114.960,55.440,120.720">
            <image width="2" height="5" />
        </figure>
        <figure name="Im195" bbox="52.560,109.200,55.440,114.960">
            <image width="2" height="5" />
        </figure>
        <figure name="Im196" bbox="52.560,103.440,55.440,109.200">
            <image width="2" height="5" />
        </figure>
        <figure name="Im197" bbox="52.560,97.680,55.440,103.440">
            <image width="2" height="5" />
        </figure>
        <figure name="Im198" bbox="52.560,91.920,55.440,97.680">
            <image width="2" height="5" />
        </figure>
        <figure name="Im199" bbox="52.560,86.160,55.440,91.920">
            <image width="2" height="5" />
        </figure>
        <figure name="Im200" bbox="52.560,83.280,55.440,86.160">
            <image width="2" height="2" />
        </figure>
        <figure name="Im201" bbox="52.560,80.400,55.440,83.280">
            <image width="2" height="2" />
        </figure>
        <figure name="Im202" bbox="52.560,80.400,55.440,83.280">
            <image width="2" height="2" />
        </figure>
        <figure name="Im203" bbox="55.440,80.400,61.200,83.280">
            <image width="5" height="2" />
        </figure>
        <figure name="Im204" bbox="61.200,80.400,66.960,83.280">
            <image width="5" height="2" />
        </figure>
        <figure name="Im205" bbox="66.960,80.400,72.720,83.280">
            <image width="5" height="2" />
        </figure>
        <figure name="Im206" bbox="72.720,80.400,78.480,83.280">
            <image width="5" height="2" />
        </figure>
        <figure name="Im207" bbox="78.480,80.400,84.240,83.280">
            <image width="5" height="2" />
        </figure>
        <figure name="Im208" bbox="84.240,80.400,90.000,83.280">
            <image width="5" height="2" />
        </figure>
        <figure name="Im209" bbox="90.000,80.400,95.760,83.280">
            <image width="5" height="2" />
        </figure>
        <figure name="Im210" bbox="95.760,80.400,101.520,83.280">
            <image width="5" height="2" />
        </figure>
        <figure name="Im211" bbox="101.520,80.400,107.280,83.280">
            <image width="5" height="2" />
        </figure>
        <figure name="Im212" bbox="107.280,80.400,113.040,83.280">
            <image width="5" height="2" />
        </figure>
        <figure name="Im213" bbox="113.040,80.400,118.800,83.280">
            <image width="5" height="2" />
        </figure>
        <figure name="Im214" bbox="118.800,80.400,124.560,83.280">
            <image width="5" height="2" />
        </figure>
        <figure name="Im215" bbox="124.560,80.400,130.320,83.280">
            <image width="5" height="2" />
        </figure>
        <figure name="Im216" bbox="130.320,80.400,136.080,83.280">
            <image width="5" height="2" />
        </figure>
        <figure name="Im217" bbox="136.080,80.400,141.840,83.280">
            <image width="5" height="2" />
        </figure>
        <figure name="Im218" bbox="141.840,80.400,147.600,83.280">
            <image width="5" height="2" />
        </figure>
        <figure name="Im219" bbox="147.600,80.400,153.360,83.280">
            <image width="5" height="2" />
        </figure>
        <figure name="Im220" bbox="153.360,80.400,159.120,83.280">
            <image width="5" height="2" />
        </figure>
        <figure name="Im221" bbox="159.120,80.400,164.880,83.280">
            <image width="5" height="2" />
        </figure>
        <figure name="Im222" bbox="164.880,80.400,170.640,83.280">
            <image width="5" height="2" />
        </figure>
        <figure name="Im223" bbox="170.640,80.400,176.400,83.280">
            <image width="5" height="2" />
        </figure>
        <figure name="Im224" bbox="176.400,80.400,182.160,83.280">
            <image width="5" height="2" />
        </figure>
        <figure name="Im225" bbox="182.160,80.400,187.920,83.280">
            <image width="5" height="2" />
        </figure>
        <figure name="Im226" bbox="187.920,80.400,193.680,83.280">
            <image width="5" height="2" />
        </figure>
        <figure name="Im227" bbox="193.680,80.400,199.440,83.280">
            <image width="5" height="2" />
        </figure>
        <figure name="Im228" bbox="199.440,80.400,205.200,83.280">
            <image width="5" height="2" />
        </figure>
        <figure name="Im229" bbox="205.200,80.400,210.960,83.280">
            <image width="5" height="2" />
        </figure>
        <figure name="Im230" bbox="210.960,80.400,216.720,83.280">
            <image width="5" height="2" />
        </figure>
        <figure name="Im231" bbox="216.720,80.400,222.480,83.280">
            <image width="5" height="2" />
        </figure>
        <figure name="Im232" bbox="222.480,80.400,228.240,83.280">
            <image width="5" height="2" />
        </figure>
        <figure name="Im233" bbox="228.240,80.400,234.000,83.280">
            <image width="5" height="2" />
        </figure>
        <figure name="Im234" bbox="234.000,80.400,239.760,83.280">
            <image width="5" height="2" />
        </figure>
        <figure name="Im235" bbox="239.760,80.400,245.520,83.280">
            <image width="5" height="2" />
        </figure>
        <figure name="Im236" bbox="245.520,80.400,251.280,83.280">
            <image width="5" height="2" />
        </figure>
        <figure name="Im237" bbox="251.280,80.400,257.040,83.280">
            <image width="5" height="2" />
        </figure>
        <figure name="Im238" bbox="257.040,80.400,262.800,83.280">
            <image width="5" height="2" />
        </figure>
        <figure name="Im239" bbox="262.800,80.400,268.560,83.280">
            <image width="5" height="2" />
        </figure>
        <figure name="Im240" bbox="268.560,80.400,274.320,83.280">
            <image width="5" height="2" />
        </figure>
        <figure name="Im241" bbox="274.320,80.400,280.080,83.280">
            <image width="5" height="2" />
        </figure>
        <figure name="Im242" bbox="280.080,80.400,285.840,83.280">
            <image width="5" height="2" />
        </figure>
        <figure name="Im243" bbox="285.840,80.400,291.600,83.280">
            <image width="5" height="2" />
        </figure>
        <figure name="Im244" bbox="291.600,80.400,297.360,83.280">
            <image width="5" height="2" />
        </figure>
        <figure name="Im245" bbox="297.360,80.400,303.120,83.280">
            <image width="5" height="2" />
        </figure>
        <figure name="Im246" bbox="303.120,80.400,308.880,83.280">
            <image width="5" height="2" />
        </figure>
        <figure name="Im247" bbox="308.880,80.400,314.640,83.280">
            <image width="5" height="2" />
        </figure>
        <figure name="Im248" bbox="314.640,80.400,320.400,83.280">
            <image width="5" height="2" />
        </figure>
        <figure name="Im249" bbox="320.400,80.400,326.160,83.280">
            <image width="5" height="2" />
        </figure>
        <figure name="Im250" bbox="326.160,80.400,331.920,83.280">
            <image width="5" height="2" />
        </figure>
        <figure name="Im251" bbox="331.920,80.400,337.680,83.280">
            <image width="5" height="2" />
        </figure>
        <figure name="Im252" bbox="337.680,80.400,343.440,83.280">
            <image width="5" height="2" />
        </figure>
        <figure name="Im253" bbox="343.440,80.400,349.200,83.280">
            <image width="5" height="2" />
        </figure>
        <figure name="Im254" bbox="349.200,80.400,354.960,83.280">
            <image width="5" height="2" />
        </figure>
        <figure name="Im255" bbox="354.960,80.400,360.720,83.280">
            <image width="5" height="2" />
        </figure>
        <figure name="Im256" bbox="360.720,80.400,366.480,83.280">
            <image width="5" height="2" />
        </figure>
        <figure name="Im257" bbox="366.480,80.400,372.240,83.280">
            <image width="5" height="2" />
        </figure>
        <figure name="Im258" bbox="372.240,80.400,378.000,83.280">
            <image width="5" height="2" />
        </figure>
        <figure name="Im259" bbox="378.000,80.400,383.760,83.280">
            <image width="5" height="2" />
        </figure>
        <figure name="Im260" bbox="383.760,80.400,389.520,83.280">
            <image width="5" height="2" />
        </figure>
        <figure name="Im261" bbox="389.520,80.400,395.280,83.280">
            <image width="5" height="2" />
        </figure>
        <figure name="Im262" bbox="395.280,80.400,401.040,83.280">
            <image width="5" height="2" />
        </figure>
        <figure name="Im263" bbox="401.040,80.400,406.800,83.280">
            <image width="5" height="2" />
        </figure>
        <figure name="Im264" bbox="406.800,80.400,412.560,83.280">
            <image width="5" height="2" />
        </figure>
        <figure name="Im265" bbox="412.560,80.400,418.320,83.280">
            <image width="5" height="2" />
        </figure>
        <figure name="Im266" bbox="418.320,80.400,424.080,83.280">
            <image width="5" height="2" />
        </figure>
        <figure name="Im267" bbox="424.080,80.400,429.840,83.280">
            <image width="5" height="2" />
        </figure>
        <figure name="Im268" bbox="429.840,80.400,435.600,83.280">
            <image width="5" height="2" />
        </figure>
        <figure name="Im269" bbox="435.600,80.400,441.360,83.280">
            <image width="5" height="2" />
        </figure>
        <figure name="Im270" bbox="441.360,80.400,447.120,83.280">
            <image width="5" height="2" />
        </figure>
        <figure name="Im271" bbox="447.120,80.400,452.880,83.280">
            <image width="5" height="2" />
        </figure>
        <figure name="Im272" bbox="452.880,80.400,458.640,83.280">
            <image width="5" height="2" />
        </figure>
        <figure name="Im273" bbox="458.640,80.400,464.400,83.280">
            <image width="5" height="2" />
        </figure>
        <figure name="Im274" bbox="464.400,80.400,470.160,83.280">
            <image width="5" height="2" />
        </figure>
        <figure name="Im275" bbox="470.160,80.400,475.920,83.280">
            <image width="5" height="2" />
        </figure>
        <figure name="Im276" bbox="475.920,80.400,481.680,83.280">
            <image width="5" height="2" />
        </figure>
        <figure name="Im277" bbox="481.680,80.400,487.440,83.280">
            <image width="5" height="2" />
        </figure>
        <figure name="Im278" bbox="487.440,80.400,493.200,83.280">
            <image width="5" height="2" />
        </figure>
        <figure name="Im279" bbox="493.200,80.400,498.960,83.280">
            <image width="5" height="2" />
        </figure>
        <figure name="Im280" bbox="498.960,80.400,504.720,83.280">
            <image width="5" height="2" />
        </figure>
        <figure name="Im281" bbox="504.720,80.400,510.480,83.280">
            <image width="5" height="2" />
        </figure>
        <figure name="Im282" bbox="510.480,80.400,516.240,83.280">
            <image width="5" height="2" />
        </figure>
        <figure name="Im283" bbox="516.240,80.400,522.000,83.280">
            <image width="5" height="2" />
        </figure>
        <figure name="Im284" bbox="522.000,80.400,527.760,83.280">
            <image width="5" height="2" />
        </figure>
        <figure name="Im285" bbox="527.760,80.400,533.520,83.280">
            <image width="5" height="2" />
        </figure>
        <figure name="Im286" bbox="533.520,80.400,539.280,83.280">
            <image width="5" height="2" />
        </figure>
        <figure name="Im287" bbox="539.280,80.400,545.040,83.280">
            <image width="5" height="2" />
        </figure>
        <figure name="Im288" bbox="545.040,80.400,548.400,83.280">
            <image width="3" height="2" />
        </figure>
        <figure name="Im289" bbox="548.400,714.000,551.280,719.760">
            <image width="2" height="5" />
        </figure>
        <figure name="Im290" bbox="548.400,708.240,551.280,714.000">
            <image width="2" height="5" />
        </figure>
        <figure name="Im291" bbox="548.400,702.480,551.280,708.240">
            <image width="2" height="5" />
        </figure>
        <figure name="Im292" bbox="548.400,696.720,551.280,702.480">
            <image width="2" height="5" />
        </figure>
        <figure name="Im293" bbox="548.400,690.960,551.280,696.720">
            <image width="2" height="5" />
        </figure>
        <figure name="Im294" bbox="548.400,685.200,551.280,690.960">
            <image width="2" height="5" />
        </figure>
        <figure name="Im295" bbox="548.400,679.440,551.280,685.200">
            <image width="2" height="5" />
        </figure>
        <figure name="Im296" bbox="548.400,673.680,551.280,679.440">
            <image width="2" height="5" />
        </figure>
        <figure name="Im297" bbox="548.400,667.920,551.280,673.680">
            <image width="2" height="5" />
        </figure>
        <figure name="Im298" bbox="548.400,662.160,551.280,667.920">
            <image width="2" height="5" />
        </figure>
        <figure name="Im299" bbox="548.400,656.400,551.280,662.160">
            <image width="2" height="5" />
        </figure>
        <figure name="Im300" bbox="548.400,650.640,551.280,656.400">
            <image width="2" height="5" />
        </figure>
        <figure name="Im301" bbox="548.400,644.880,551.280,650.640">
            <image width="2" height="5" />
        </figure>
        <figure name="Im302" bbox="548.400,639.120,551.280,644.880">
            <image width="2" height="5" />
        </figure>
        <figure name="Im303" bbox="548.400,633.360,551.280,639.120">
            <image width="2" height="5" />
        </figure>
        <figure name="Im304" bbox="548.400,627.600,551.280,633.360">
            <image width="2" height="5" />
        </figure>
        <figure name="Im305" bbox="548.400,621.840,551.280,627.600">
            <image width="2" height="5" />
        </figure>
        <figure name="Im306" bbox="548.400,616.080,551.280,621.840">
            <image width="2" height="5" />
        </figure>
        <figure name="Im307" bbox="548.400,610.320,551.280,616.080">
            <image width="2" height="5" />
        </figure>
        <figure name="Im308" bbox="548.400,604.560,551.280,610.320">
            <image width="2" height="5" />
        </figure>
        <figure name="Im309" bbox="548.400,598.800,551.280,604.560">
            <image width="2" height="5" />
        </figure>
        <figure name="Im310" bbox="548.400,593.040,551.280,598.800">
            <image width="2" height="5" />
        </figure>
        <figure name="Im311" bbox="548.400,587.280,551.280,593.040">
            <image width="2" height="5" />
        </figure>
        <figure name="Im312" bbox="548.400,581.520,551.280,587.280">
            <image width="2" height="5" />
        </figure>
        <figure name="Im313" bbox="548.400,575.760,551.280,581.520">
            <image width="2" height="5" />
        </figure>
        <figure name="Im314" bbox="548.400,570.000,551.280,575.760">
            <image width="2" height="5" />
        </figure>
        <figure name="Im315" bbox="548.400,564.240,551.280,570.000">
            <image width="2" height="5" />
        </figure>
        <figure name="Im316" bbox="548.400,558.480,551.280,564.240">
            <image width="2" height="5" />
        </figure>
        <figure name="Im317" bbox="548.400,552.720,551.280,558.480">
            <image width="2" height="5" />
        </figure>
        <figure name="Im318" bbox="548.400,546.960,551.280,552.720">
            <image width="2" height="5" />
        </figure>
        <figure name="Im319" bbox="548.400,541.200,551.280,546.960">
            <image width="2" height="5" />
        </figure>
        <figure name="Im320" bbox="548.400,535.440,551.280,541.200">
            <image width="2" height="5" />
        </figure>
        <figure name="Im321" bbox="548.400,529.680,551.280,535.440">
            <image width="2" height="5" />
        </figure>
        <figure name="Im322" bbox="548.400,523.920,551.280,529.680">
            <image width="2" height="5" />
        </figure>
        <figure name="Im323" bbox="548.400,518.160,551.280,523.920">
            <image width="2" height="5" />
        </figure>
        <figure name="Im324" bbox="548.400,512.400,551.280,518.160">
            <image width="2" height="5" />
        </figure>
        <figure name="Im325" bbox="548.400,506.640,551.280,512.400">
            <image width="2" height="5" />
        </figure>
        <figure name="Im326" bbox="548.400,500.880,551.280,506.640">
            <image width="2" height="5" />
        </figure>
        <figure name="Im327" bbox="548.400,495.120,551.280,500.880">
            <image width="2" height="5" />
        </figure>
        <figure name="Im328" bbox="548.400,489.360,551.280,495.120">
            <image width="2" height="5" />
        </figure>
        <figure name="Im329" bbox="548.400,483.600,551.280,489.360">
            <image width="2" height="5" />
        </figure>
        <figure name="Im330" bbox="548.400,477.840,551.280,483.600">
            <image width="2" height="5" />
        </figure>
        <figure name="Im331" bbox="548.400,472.080,551.280,477.840">
            <image width="2" height="5" />
        </figure>
        <figure name="Im332" bbox="548.400,466.320,551.280,472.080">
            <image width="2" height="5" />
        </figure>
        <figure name="Im333" bbox="548.400,460.560,551.280,466.320">
            <image width="2" height="5" />
        </figure>
        <figure name="Im334" bbox="548.400,454.800,551.280,460.560">
            <image width="2" height="5" />
        </figure>
        <figure name="Im335" bbox="548.400,449.040,551.280,454.800">
            <image width="2" height="5" />
        </figure>
        <figure name="Im336" bbox="548.400,443.280,551.280,449.040">
            <image width="2" height="5" />
        </figure>
        <figure name="Im337" bbox="548.400,437.520,551.280,443.280">
            <image width="2" height="5" />
        </figure>
        <figure name="Im338" bbox="548.400,431.760,551.280,437.520">
            <image width="2" height="5" />
        </figure>
        <figure name="Im339" bbox="548.400,426.000,551.280,431.760">
            <image width="2" height="5" />
        </figure>
        <figure name="Im340" bbox="548.400,420.240,551.280,426.000">
            <image width="2" height="5" />
        </figure>
        <figure name="Im341" bbox="548.400,414.480,551.280,420.240">
            <image width="2" height="5" />
        </figure>
        <figure name="Im342" bbox="548.400,408.720,551.280,414.480">
            <image width="2" height="5" />
        </figure>
        <figure name="Im343" bbox="548.400,402.960,551.280,408.720">
            <image width="2" height="5" />
        </figure>
        <figure name="Im344" bbox="548.400,397.200,551.280,402.960">
            <image width="2" height="5" />
        </figure>
        <figure name="Im345" bbox="548.400,391.440,551.280,397.200">
            <image width="2" height="5" />
        </figure>
        <figure name="Im346" bbox="548.400,385.680,551.280,391.440">
            <image width="2" height="5" />
        </figure>
        <figure name="Im347" bbox="548.400,379.920,551.280,385.680">
            <image width="2" height="5" />
        </figure>
        <figure name="Im348" bbox="548.400,374.160,551.280,379.920">
            <image width="2" height="5" />
        </figure>
        <figure name="Im349" bbox="548.400,368.400,551.280,374.160">
            <image width="2" height="5" />
        </figure>
        <figure name="Im350" bbox="548.400,362.640,551.280,368.400">
            <image width="2" height="5" />
        </figure>
        <figure name="Im351" bbox="548.400,356.880,551.280,362.640">
            <image width="2" height="5" />
        </figure>
        <figure name="Im352" bbox="548.400,351.120,551.280,356.880">
            <image width="2" height="5" />
        </figure>
        <figure name="Im353" bbox="548.400,345.360,551.280,351.120">
            <image width="2" height="5" />
        </figure>
        <figure name="Im354" bbox="548.400,339.600,551.280,345.360">
            <image width="2" height="5" />
        </figure>
        <figure name="Im355" bbox="548.400,333.840,551.280,339.600">
            <image width="2" height="5" />
        </figure>
        <figure name="Im356" bbox="548.400,328.080,551.280,333.840">
            <image width="2" height="5" />
        </figure>
        <figure name="Im357" bbox="548.400,322.320,551.280,328.080">
            <image width="2" height="5" />
        </figure>
        <figure name="Im358" bbox="548.400,316.560,551.280,322.320">
            <image width="2" height="5" />
        </figure>
        <figure name="Im359" bbox="548.400,310.800,551.280,316.560">
            <image width="2" height="5" />
        </figure>
        <figure name="Im360" bbox="548.400,305.040,551.280,310.800">
            <image width="2" height="5" />
        </figure>
        <figure name="Im361" bbox="548.400,299.280,551.280,305.040">
            <image width="2" height="5" />
        </figure>
        <figure name="Im362" bbox="548.400,293.520,551.280,299.280">
            <image width="2" height="5" />
        </figure>
        <figure name="Im363" bbox="548.400,287.760,551.280,293.520">
            <image width="2" height="5" />
        </figure>
        <figure name="Im364" bbox="548.400,282.000,551.280,287.760">
            <image width="2" height="5" />
        </figure>
        <figure name="Im365" bbox="548.400,276.240,551.280,282.000">
            <image width="2" height="5" />
        </figure>
        <figure name="Im366" bbox="548.400,270.480,551.280,276.240">
            <image width="2" height="5" />
        </figure>
        <figure name="Im367" bbox="548.400,264.720,551.280,270.480">
            <image width="2" height="5" />
        </figure>
        <figure name="Im368" bbox="548.400,258.960,551.280,264.720">
            <image width="2" height="5" />
        </figure>
        <figure name="Im369" bbox="548.400,253.200,551.280,258.960">
            <image width="2" height="5" />
        </figure>
        <figure name="Im370" bbox="548.400,247.440,551.280,253.200">
            <image width="2" height="5" />
        </figure>
        <figure name="Im371" bbox="548.400,241.680,551.280,247.440">
            <image width="2" height="5" />
        </figure>
        <figure name="Im372" bbox="548.400,235.920,551.280,241.680">
            <image width="2" height="5" />
        </figure>
        <figure name="Im373" bbox="548.400,230.160,551.280,235.920">
            <image width="2" height="5" />
        </figure>
        <figure name="Im374" bbox="548.400,224.400,551.280,230.160">
            <image width="2" height="5" />
        </figure>
        <figure name="Im375" bbox="548.400,218.640,551.280,224.400">
            <image width="2" height="5" />
        </figure>
        <figure name="Im376" bbox="548.400,212.880,551.280,218.640">
            <image width="2" height="5" />
        </figure>
        <figure name="Im377" bbox="548.400,207.120,551.280,212.880">
            <image width="2" height="5" />
        </figure>
        <figure name="Im378" bbox="548.400,201.360,551.280,207.120">
            <image width="2" height="5" />
        </figure>
        <figure name="Im379" bbox="548.400,195.600,551.280,201.360">
            <image width="2" height="5" />
        </figure>
        <figure name="Im380" bbox="548.400,189.840,551.280,195.600">
            <image width="2" height="5" />
        </figure>
        <figure name="Im381" bbox="548.400,184.080,551.280,189.840">
            <image width="2" height="5" />
        </figure>
        <figure name="Im382" bbox="548.400,178.320,551.280,184.080">
            <image width="2" height="5" />
        </figure>
        <figure name="Im383" bbox="548.400,172.560,551.280,178.320">
            <image width="2" height="5" />
        </figure>
        <figure name="Im384" bbox="548.400,166.800,551.280,172.560">
            <image width="2" height="5" />
        </figure>
        <figure name="Im385" bbox="548.400,161.040,551.280,166.800">
            <image width="2" height="5" />
        </figure>
        <figure name="Im386" bbox="548.400,155.280,551.280,161.040">
            <image width="2" height="5" />
        </figure>
        <figure name="Im387" bbox="548.400,149.520,551.280,155.280">
            <image width="2" height="5" />
        </figure>
        <figure name="Im388" bbox="548.400,143.760,551.280,149.520">
            <image width="2" height="5" />
        </figure>
        <figure name="Im389" bbox="548.400,138.000,551.280,143.760">
            <image width="2" height="5" />
        </figure>
        <figure name="Im390" bbox="548.400,132.240,551.280,138.000">
            <image width="2" height="5" />
        </figure>
        <figure name="Im391" bbox="548.400,126.480,551.280,132.240">
            <image width="2" height="5" />
        </figure>
        <figure name="Im392" bbox="548.400,120.720,551.280,126.480">
            <image width="2" height="5" />
        </figure>
        <figure name="Im393" bbox="548.400,114.960,551.280,120.720">
            <image width="2" height="5" />
        </figure>
        <figure name="Im394" bbox="548.400,109.200,551.280,114.960">
            <image width="2" height="5" />
        </figure>
        <figure name="Im395" bbox="548.400,103.440,551.280,109.200">
            <image width="2" height="5" />
        </figure>
        <figure name="Im396" bbox="548.400,97.680,551.280,103.440">
            <image width="2" height="5" />
        </figure>
        <figure name="Im397" bbox="548.400,91.920,551.280,97.680">
            <image width="2" height="5" />
        </figure>
        <figure name="Im398" bbox="548.400,86.160,551.280,91.920">
            <image width="2" height="5" />
        </figure>
        <figure name="Im399" bbox="548.400,83.280,551.280,86.160">
            <image width="2" height="2" />
        </figure>
        <figure name="Im400" bbox="548.400,80.400,551.280,83.280">
            <image width="2" height="2" />
        </figure>
        <figure name="Im401" bbox="548.400,80.400,551.280,83.280">
            <image width="2" height="2" />
        </figure>
        <rect linewidth="0" bbox="86.800,97.271,525.550,288.971" />
        <rect linewidth="0" bbox="99.050,104.371,226.800,284.971" />
        <rect linewidth="0" bbox="386.800,803.220,542.700,818.820" />
        <figure name="Im402" bbox="387.000,803.160,542.760,818.760">
            <image width="155" height="15" />
        </figure>
        <rect linewidth="0" bbox="386.300,730.870,542.200,746.470" />
        <figure name="Im403" bbox="386.520,730.680,542.280,746.280">
            <image width="155" height="15" />
        </figure>
        <figure name="Im404" bbox="437.125,746.895,494.125,803.895">
            <image width="57" height="57" />
        </figure>
        <layout>
            <textgroup bbox="59.280,50.310,552.247,815.363">
                <textgroup bbox="59.280,111.709,524.764,815.363">
                    <textgroup bbox="253.680,726.914,524.764,815.363">
                        <textbox id="0" bbox="408.720,807.443,524.764,815.363" />
                        <textgroup bbox="253.680,726.914,506.220,773.954">
                            <textbox id="1" bbox="297.600,757.874,302.070,773.954" />
                            <textgroup bbox="253.680,726.914,506.220,743.927">
                                <textbox id="2" bbox="253.680,726.914,344.400,743.927" />
                                <textbox id="3" bbox="424.320,733.649,506.220,742.883" />
                            </textgroup>
                        </textgroup>
                    </textgroup>
                    <textgroup bbox="59.280,111.709,524.160,718.131">
                        <textgroup bbox="59.280,572.211,405.120,718.131">
                            <textgroup bbox="59.280,660.408,405.120,718.131">
                                <textbox id="4" bbox="59.280,672.291,405.120,718.131" />
                                <textbox id="5" bbox="85.440,660.408,280.080,672.911" />
                            </textgroup>
                            <textgroup bbox="59.280,572.211,321.840,652.751">
                                <textgroup bbox="85.438,620.332,321.840,652.751">
                                    <textbox id="6" bbox="85.438,640.249,300.960,652.751" />
                                    <textbox id="7" bbox="85.441,620.332,321.840,632.831" />
                                </textgroup>
                                <textgroup bbox="59.280,572.211,268.320,612.911">
                                    <textbox id="8" bbox="85.444,600.412,216.960,612.911" />
                                    <textbox id="9" bbox="59.280,572.211,268.320,598.131" />
                                </textgroup>
                            </textgroup>
                        </textgroup>
                        <textgroup bbox="59.280,111.709,524.160,572.831">
                            <textgroup bbox="85.408,315.551,524.160,572.831">
                                <textgroup bbox="85.408,483.551,523.427,572.831">
                                    <textgroup bbox="85.429,542.355,523.427,572.831">
                                        <textbox id="10" bbox="85.440,562.271,517.904,572.831" />
                                        <textbox id="11" bbox="85.429,542.355,523.427,552.915" />
                                    </textgroup>
                                    <textgroup bbox="85.408,483.551,461.760,532.756">
                                        <textbox id="12" bbox="85.429,522.196,340.052,532.756" />
                                        <textgroup bbox="85.408,483.551,461.760,512.840">
                                            <textbox id="13" bbox="85.408,502.280,437.014,512.840" />
                                            <textgroup bbox="121.440,483.551,461.760,494.111">
                                                <textgroup bbox="121.440,483.551,329.040,494.111">
                                                    <textbox id="14" bbox="121.440,483.551,158.400,494.111" />
                                                    <textgroup bbox="208.800,483.551,329.040,494.111">
                                                        <textbox id="15" bbox="208.800,483.551,245.760,494.111" />
                                                        <textbox id="16" bbox="281.520,483.551,329.040,494.111" />
                                                    </textgroup>
                                                </textgroup>
                                                <textbox id="17" bbox="414.240,483.551,461.760,494.111" />
                                            </textgroup>
                                        </textgroup>
                                    </textgroup>
                                </textgroup>
                                <textgroup bbox="85.440,315.551,524.160,470.595">
                                    <textgroup bbox="100.560,400.044,516.281,470.595">
                                        <textgroup bbox="100.560,432.431,324.960,442.991">
                                            <textgroup bbox="100.560,432.431,245.760,442.991">
                                                <textbox id="18" bbox="100.560,432.431,179.285,442.991" />
                                                <textbox id="19" bbox="209.043,432.431,245.760,442.991" />
                                            </textgroup>
                                            <textbox id="20" bbox="285.603,432.431,324.960,442.991" />
                                        </textgroup>
                                        <textgroup bbox="354.243,400.044,516.281,470.595">
                                            <textbox id="21" bbox="354.243,460.035,516.265,470.595" />
                                            <textgroup bbox="354.243,400.044,516.281,450.436">
                                                <textbox id="22" bbox="354.243,439.876,454.088,450.436" />
                                                <textgroup bbox="354.243,400.044,516.281,430.520">
                                                    <textbox id="23" bbox="354.243,419.960,516.281,430.520" />
                                                    <textbox id="24" bbox="354.243,400.044,501.354,410.604" />
                                                </textgroup>
                                            </textgroup>
                                        </textgroup>
                                    </textgroup>
                                    <textgroup bbox="85.440,315.551,524.160,389.951">
                                        <textgroup bbox="87.120,339.559,516.723,389.951">
                                            <textgroup bbox="87.120,359.475,516.723,389.951">
                                                <textbox id="25" bbox="87.120,379.391,516.723,389.951" />
                                                <textbox id="26" bbox="87.120,359.475,516.721,370.035" />
                                            </textgroup>
                                            <textbox id="27" bbox="87.120,339.559,433.446,350.119" />
                                        </textgroup>
                                        <textbox id="28" bbox="85.440,315.551,524.160,326.111" />
                                    </textgroup>
                                </textgroup>
                            </textgroup>
                            <textgroup bbox="59.280,111.709,518.400,311.571">
                                <textgroup bbox="59.280,270.598,131.280,311.571">
                                    <textbox id="29" bbox="59.280,285.651,131.280,311.571" />
                                    <textgroup bbox="59.280,270.598,96.960,284.278">
                                        <textbox id="30" bbox="59.280,273.718,61.920,284.278" />
                                        <textbox id="31" bbox="94.320,270.598,96.960,281.158" />
                                    </textgroup>
                                </textgroup>
                                <textgroup bbox="106.320,111.709,518.400,277.388">
                                    <textgroup bbox="106.320,111.709,370.551,276.911">
                                        <textgroup bbox="106.320,129.509,370.551,276.911">
                                            <textgroup bbox="106.320,265.349,338.880,276.911">
                                                <textbox id="32" bbox="106.320,266.309,216.960,276.911" />
                                                <textbox id="33" bbox="249.360,265.349,338.880,275.951" />
                                            </textgroup>
                                            <textgroup bbox="106.320,129.509,370.551,260.111">
                                                <textgroup bbox="106.320,130.464,206.168,260.111">
                                                    <textgroup bbox="106.320,198.389,185.520,260.111">
                                                        <textgroup bbox="111.600,232.465,185.045,260.111">
                                                            <textbox id="34" bbox="116.880,249.509,185.045,260.111" />
                                                            <textbox id="35" bbox="111.600,232.465,185.045,243.067" />
                                                        </textgroup>
                                                        <textgroup bbox="106.320,198.389,185.520,226.031">
                                                            <textbox id="36" bbox="106.320,215.429,185.520,226.031" />
                                                            <textbox id="37" bbox="116.880,198.389,185.045,208.991" />
                                                        </textgroup>
                                                    </textgroup>
                                                    <textgroup bbox="106.320,130.464,206.168,191.947">
                                                        <textgroup bbox="106.320,147.508,206.168,191.947">
                                                            <textbox id="38" bbox="116.880,181.345,206.165,191.947" />
                                                            <textgroup bbox="106.320,147.508,206.168,174.911">
                                                                <textbox id="39" bbox="106.320,164.309,195.840,174.911" />
                                                                <textbox id="40" bbox="116.883,147.508,206.168,158.110" />
                                                            </textgroup>
                                                        </textgroup>
                                                        <textbox id="41" bbox="116.883,130.464,174.720,141.066" />
                                                    </textgroup>
                                                </textgroup>
                                                <textgroup bbox="249.360,129.509,370.551,258.911">
                                                    <textgroup bbox="259.920,214.464,349.205,258.911">
                                                        <textbox id="42" bbox="259.920,248.309,317.757,258.911" />
                                                        <textgroup bbox="259.920,214.464,349.205,242.110">
                                                            <textbox id="43" bbox="259.920,231.508,338.645,242.110" />
                                                            <textbox id="44" bbox="259.920,214.464,349.205,225.066" />
                                                        </textgroup>
                                                    </textgroup>
                                                    <textgroup bbox="249.360,129.509,370.551,208.031">
                                                        <textgroup bbox="249.360,129.509,317.757,208.031">
                                                            <textgroup bbox="249.360,180.389,317.757,208.031">
                                                                <textbox id="45" bbox="249.360,197.429,307.440,208.031" />
                                                                <textbox id="46" bbox="259.920,180.389,317.757,190.991" />
                                                            </textgroup>
                                                            <textgroup bbox="249.360,129.509,317.514,156.903">
                                                                <textbox id="47" bbox="280.797,146.343,317.514,156.903" />
                                                                <textbox id="48" bbox="249.360,129.509,307.440,140.111" />
                                                            </textgroup>
                                                        </textgroup>
                                                        <textbox id="49" bbox="259.920,163.345,370.551,173.947" />
                                                    </textgroup>
                                                </textgroup>
                                            </textgroup>
                                        </textgroup>
                                        <textgroup bbox="111.603,111.709,328.085,124.022">
                                            <textbox id="50" bbox="111.603,111.709,214.088,124.022" />
                                            <textbox id="51" bbox="254.640,112.469,328.085,123.071" />
                                        </textgroup>
                                    </textgroup>
                                    <textgroup bbox="397.677,130.932,518.400,277.388">
                                        <textgroup bbox="397.677,147.976,497.760,277.388">
                                            <textgroup bbox="397.677,232.949,497.760,277.388">
                                                <textgroup bbox="397.677,249.989,476.880,277.388">
                                                    <textbox id="52" bbox="397.677,266.786,476.402,277.388" />
                                                    <textbox id="53" bbox="397.680,249.989,476.880,260.591" />
                                                </textgroup>
                                                <textbox id="54" bbox="397.680,232.949,497.760,243.551" />
                                            </textgroup>
                                            <textgroup bbox="402.960,147.976,476.405,226.511">
                                                <textgroup bbox="402.960,181.821,476.405,226.511">
                                                    <textgroup bbox="402.960,198.865,476.405,226.511">
                                                        <textbox id="55" bbox="408.240,215.909,476.405,226.511" />
                                                        <textbox id="56" bbox="402.960,198.865,476.405,209.467" />
                                                    </textgroup>
                                                    <textbox id="57" bbox="408.240,181.821,476.405,192.423" />
                                                </textgroup>
                                                <textgroup bbox="402.960,147.976,476.405,175.380">
                                                    <textbox id="58" bbox="402.960,164.777,476.405,175.380" />
                                                    <textbox id="59" bbox="408.240,147.976,476.405,158.579" />
                                                </textgroup>
                                            </textgroup>
                                        </textgroup>
                                        <textbox id="60" bbox="408.240,130.932,518.400,141.551" />
                                    </textgroup>
                                </textgroup>
                            </textgroup>
                        </textgroup>
                    </textgroup>
                </textgroup>
                <textgroup bbox="446.400,50.310,552.247,75.034">
                    <textbox id="61" bbox="446.400,65.914,552.247,75.034" />
                    <textbox id="62" bbox="446.409,50.310,513.842,59.430" />
                </textgroup>
            </textgroup>
        </layout>
    </page>
    <page id="2" bbox="0.000,0.000,595.200,841.920" rotate="0">
        <textbox id="0" bbox="97.440,583.829,776.160,611.940">
            <textline bbox="97.440,598.848,776.160,611.940">
                <text font="ERELLA+STXinwei" bbox="97.440,598.848,109.440,610.848" colourspace="ICCBased" ncolour="[0]" size="12.000">这</text>
                <text font="ERELLA+STXinwei" bbox="109.440,598.848,121.440,610.848" colourspace="ICCBased" ncolour="[0]" size="12.000">部</text>
                <text font="ERELLA+STXinwei" bbox="121.440,598.848,133.440,610.848" colourspace="ICCBased" ncolour="[0]" size="12.000">分</text>
                <text font="ERELLA+STXinwei" bbox="133.440,598.848,145.440,610.848" colourspace="ICCBased" ncolour="[0]" size="12.000">讲</text>
                <text font="ERELLA+STXinwei" bbox="145.440,598.848,157.440,610.848" colourspace="ICCBased" ncolour="[0]" size="12.000">的</text>
                <text font="ERELLA+STXinwei" bbox="157.440,598.848,169.440,610.848" colourspace="ICCBased" ncolour="[0]" size="12.000">是</text>
                <text font="ERELLA+STXinwei" bbox="169.440,598.848,181.440,610.848" colourspace="ICCBased" ncolour="[0]" size="12.000">我</text>
                <text font="ERELLA+STXinwei" bbox="181.440,598.848,193.440,610.848" colourspace="ICCBased" ncolour="[0]" size="12.000">们</text>
                <text font="ERELLA+STXinwei" bbox="193.440,598.848,205.440,610.848" colourspace="ICCBased" ncolour="[0]" size="12.000">提</text>
                <text font="ERELLA+STXinwei" bbox="205.440,598.848,217.440,610.848" colourspace="ICCBased" ncolour="[0]" size="12.000">供</text>
                <text font="ERELLA+STXinwei" bbox="217.440,598.848,229.440,610.848" colourspace="ICCBased" ncolour="[0]" size="12.000">的</text>
                <text font="ERELLA+STXinwei" bbox="229.440,598.848,241.440,610.848" colourspace="ICCBased" ncolour="[0]" size="12.000">保</text>
                <text font="ERELLA+STXinwei" bbox="241.440,598.848,253.440,610.848" colourspace="ICCBased" ncolour="[0]" size="12.000">障</text>
                <text font="ERELLA+STXinwei" bbox="253.440,598.848,265.440,610.848" colourspace="ICCBased" ncolour="[0]" size="12.000">以</text>
                <text font="ERELLA+STXinwei" bbox="265.440,598.848,277.440,610.848" colourspace="ICCBased" ncolour="[0]" size="12.000">及</text>
                <text font="ERELLA+STXinwei" bbox="277.440,598.848,289.440,610.848" colourspace="ICCBased" ncolour="[0]" size="12.000">我</text>
                <text font="ERELLA+STXinwei" bbox="289.440,598.848,301.440,610.848" colourspace="ICCBased" ncolour="[0]" size="12.000">们</text>
                <text font="ERELLA+STXinwei" bbox="301.440,598.848,313.440,610.848" colourspace="ICCBased" ncolour="[0]" size="12.000">提</text>
                <text font="ERELLA+STXinwei" bbox="313.440,598.848,325.440,610.848" colourspace="ICCBased" ncolour="[0]" size="12.000">供</text>
                <text font="ERELLA+STXinwei" bbox="325.440,598.848,337.440,610.848" colourspace="ICCBased" ncolour="[0]" size="12.000">保</text>
                <text font="ERELLA+STXinwei" bbox="337.440,598.848,349.440,610.848" colourspace="ICCBased" ncolour="[0]" size="12.000">障</text>
                <text font="ERELLA+STXinwei" bbox="349.440,598.848,361.440,610.848" colourspace="ICCBased" ncolour="[0]" size="12.000">的</text>
                <text font="ERELLA+STXinwei" bbox="361.440,598.848,373.440,610.848" colourspace="ICCBased" ncolour="[0]" size="12.000">期</text>
                <text font="ERELLA+STXinwei" bbox="373.440,598.848,385.440,610.848" colourspace="ICCBased" ncolour="[0]" size="12.000">间</text>
                <text font="ERELLA+STXinwei" bbox="385.440,598.848,397.440,610.848" colourspace="ICCBased" ncolour="[0]" size="12.000">。</text>
                <text font="JTTPDQ+SimSun" bbox="397.440,599.940,403.440,611.940" colourspace="ICCBased" ncolour="[0]" size="12.000"> </text>
                <text font="JTTPDQ+SimSun" bbox="403.440,599.940,409.440,611.940" colourspace="ICCBased" ncolour="[0]" size="12.000"> </text>
                <text font="JTTPDQ+SimSun" bbox="409.440,599.940,415.440,611.940" colourspace="ICCBased" ncolour="[0]" size="12.000"> </text>
                <text font="JTTPDQ+SimSun" bbox="415.440,599.940,421.440,611.940" colourspace="ICCBased" ncolour="[0]" size="12.000"> </text>
                <text font="JTTPDQ+SimSun" bbox="421.440,599.940,427.440,611.940" colourspace="ICCBased" ncolour="[0]" size="12.000"> </text>
                <text font="JTTPDQ+SimSun" bbox="427.680,599.940,433.680,611.940" colourspace="ICCBased" ncolour="[0]" size="12.000"> </text>
                <text font="JTTPDQ+SimSun" bbox="433.680,599.940,439.680,611.940" colourspace="ICCBased" ncolour="[0]" size="12.000"> </text>
                <text font="JTTPDQ+SimSun" bbox="439.680,599.940,445.680,611.940" colourspace="ICCBased" ncolour="[0]" size="12.000"> </text>
                <text font="JTTPDQ+SimSun" bbox="445.680,599.940,451.680,611.940" colourspace="ICCBased" ncolour="[0]" size="12.000"> </text>
                <text font="JTTPDQ+SimSun" bbox="451.680,599.940,457.680,611.940" colourspace="ICCBased" ncolour="[0]" size="12.000"> </text>
                <text font="JTTPDQ+SimSun" bbox="457.680,599.940,463.680,611.940" colourspace="ICCBased" ncolour="[0]" size="12.000"> </text>
                <text font="JTTPDQ+SimSun" bbox="463.680,599.940,469.680,611.940" colourspace="ICCBased" ncolour="[0]" size="12.000"> </text>
                <text font="JTTPDQ+SimSun" bbox="469.680,599.940,475.680,611.940" colourspace="ICCBased" ncolour="[0]" size="12.000"> </text>
                <text font="JTTPDQ+SimSun" bbox="475.680,599.940,481.680,611.940" colourspace="ICCBased" ncolour="[0]" size="12.000"> </text>
                <text font="JTTPDQ+SimSun" bbox="481.680,599.940,487.680,611.940" colourspace="ICCBased" ncolour="[0]" size="12.000"> </text>
                <text font="JTTPDQ+SimSun" bbox="487.680,599.940,493.680,611.940" colourspace="ICCBased" ncolour="[0]" size="12.000"> </text>
                <text font="JTTPDQ+SimSun" bbox="493.920,599.940,499.920,611.940" colourspace="ICCBased" ncolour="[0]" size="12.000"> </text>
                <text font="JTTPDQ+SimSun" bbox="499.920,599.940,505.920,611.940" colourspace="ICCBased" ncolour="[0]" size="12.000"> </text>
                <text font="JTTPDQ+SimSun" bbox="505.920,599.940,511.920,611.940" colourspace="ICCBased" ncolour="[0]" size="12.000"> </text>
                <text font="JTTPDQ+SimSun" bbox="511.920,599.940,517.920,611.940" colourspace="ICCBased" ncolour="[0]" size="12.000"> </text>
                <text font="JTTPDQ+SimSun" bbox="517.920,599.940,523.920,611.940" colourspace="ICCBased" ncolour="[0]" size="12.000"> </text>
                <text font="JTTPDQ+SimSun" bbox="523.920,599.940,529.920,611.940" colourspace="ICCBased" ncolour="[0]" size="12.000"> </text>
                <text font="JTTPDQ+SimSun" bbox="529.920,599.940,535.920,611.940" colourspace="ICCBased" ncolour="[0]" size="12.000"> </text>
                <text font="JTTPDQ+SimSun" bbox="535.920,599.940,541.920,611.940" colourspace="ICCBased" ncolour="[0]" size="12.000"> </text>
                <text font="JTTPDQ+SimSun" bbox="541.920,599.940,547.920,611.940" colourspace="ICCBased" ncolour="[0]" size="12.000"> </text>
                <text font="JTTPDQ+SimSun" bbox="547.920,599.940,553.920,611.940" colourspace="ICCBased" ncolour="[0]" size="12.000"> </text>
                <text font="JTTPDQ+SimSun" bbox="553.920,599.940,559.920,611.940" colourspace="ICCBased" ncolour="[0]" size="12.000"> </text>
                <text font="JTTPDQ+SimSun" bbox="560.160,599.940,566.160,611.940" colourspace="ICCBased" ncolour="[0]" size="12.000"> </text>
                <text font="JTTPDQ+SimSun" bbox="566.160,599.940,572.160,611.940" colourspace="ICCBased" ncolour="[0]" size="12.000"> </text>
                <text font="JTTPDQ+SimSun" bbox="572.160,599.940,578.160,611.940" colourspace="ICCBased" ncolour="[0]" size="12.000"> </text>
                <text font="JTTPDQ+SimSun" bbox="578.160,599.940,584.160,611.940" colourspace="ICCBased" ncolour="[0]" size="12.000"> </text>
                <text font="JTTPDQ+SimSun" bbox="584.160,599.940,590.160,611.940" colourspace="ICCBased" ncolour="[0]" size="12.000"> </text>
                <text font="JTTPDQ+SimSun" bbox="590.160,599.940,596.160,611.940" colourspace="ICCBased" ncolour="[0]" size="12.000"> </text>
                <text font="JTTPDQ+SimSun" bbox="596.160,599.940,602.160,611.940" colourspace="ICCBased" ncolour="[0]" size="12.000"> </text>
                <text font="JTTPDQ+SimSun" bbox="602.160,599.940,608.160,611.940" colourspace="ICCBased" ncolour="[0]" size="12.000"> </text>
                <text font="JTTPDQ+SimSun" bbox="608.400,599.940,614.400,611.940" colourspace="ICCBased" ncolour="[0]" size="12.000"> </text>
                <text font="JTTPDQ+SimSun" bbox="614.400,599.940,620.400,611.940" colourspace="ICCBased" ncolour="[0]" size="12.000"> </text>
                <text font="JTTPDQ+SimSun" bbox="620.400,599.940,626.400,611.940" colourspace="ICCBased" ncolour="[0]" size="12.000"> </text>
                <text font="JTTPDQ+SimSun" bbox="626.400,599.940,632.400,611.940" colourspace="ICCBased" ncolour="[0]" size="12.000"> </text>
                <text font="JTTPDQ+SimSun" bbox="632.400,599.940,638.400,611.940" colourspace="ICCBased" ncolour="[0]" size="12.000"> </text>
                <text font="JTTPDQ+SimSun" bbox="638.400,599.940,644.400,611.940" colourspace="ICCBased" ncolour="[0]" size="12.000"> </text>
                <text font="JTTPDQ+SimSun" bbox="644.400,599.940,650.400,611.940" colourspace="ICCBased" ncolour="[0]" size="12.000"> </text>
                <text font="JTTPDQ+SimSun" bbox="650.400,599.940,656.400,611.940" colourspace="ICCBased" ncolour="[0]" size="12.000"> </text>
                <text font="JTTPDQ+SimSun" bbox="656.400,599.940,662.400,611.940" colourspace="ICCBased" ncolour="[0]" size="12.000"> </text>
                <text font="JTTPDQ+SimSun" bbox="662.400,599.940,668.400,611.940" colourspace="ICCBased" ncolour="[0]" size="12.000"> </text>
                <text font="JTTPDQ+SimSun" bbox="668.400,599.940,674.400,611.940" colourspace="ICCBased" ncolour="[0]" size="12.000"> </text>
                <text font="JTTPDQ+SimSun" bbox="674.640,599.940,680.640,611.940" colourspace="ICCBased" ncolour="[0]" size="12.000"> </text>
                <text font="JTTPDQ+SimSun" bbox="680.640,599.940,686.640,611.940" colourspace="ICCBased" ncolour="[0]" size="12.000"> </text>
                <text font="JTTPDQ+SimSun" bbox="686.640,599.940,692.640,611.940" colourspace="ICCBased" ncolour="[0]" size="12.000"> </text>
                <text font="JTTPDQ+SimSun" bbox="692.640,599.940,698.640,611.940" colourspace="ICCBased" ncolour="[0]" size="12.000"> </text>
                <text font="JTTPDQ+SimSun" bbox="698.640,599.940,704.640,611.940" colourspace="ICCBased" ncolour="[0]" size="12.000"> </text>
                <text font="JTTPDQ+SimSun" bbox="704.640,599.940,710.640,611.940" colourspace="ICCBased" ncolour="[0]" size="12.000"> </text>
                <text font="JTTPDQ+SimSun" bbox="710.640,599.940,716.640,611.940" colourspace="ICCBased" ncolour="[0]" size="12.000"> </text>
                <text font="JTTPDQ+SimSun" bbox="716.640,599.940,722.640,611.940" colourspace="ICCBased" ncolour="[0]" size="12.000"> </text>
                <text font="JTTPDQ+SimSun" bbox="722.640,599.940,728.640,611.940" colourspace="ICCBased" ncolour="[0]" size="12.000"> </text>
                <text font="JTTPDQ+SimSun" bbox="728.640,599.940,734.640,611.940" colourspace="ICCBased" ncolour="[0]" size="12.000"> </text>
                <text font="JTTPDQ+SimSun" bbox="734.880,599.940,740.880,611.940" colourspace="ICCBased" ncolour="[0]" size="12.000"> </text>
                <text font="JTTPDQ+SimSun" bbox="740.880,599.940,746.880,611.940" colourspace="ICCBased" ncolour="[0]" size="12.000"> </text>
                <text font="JTTPDQ+SimSun" bbox="746.880,599.940,752.880,611.940" colourspace="ICCBased" ncolour="[0]" size="12.000"> </text>
                <text font="JTTPDQ+SimSun" bbox="752.880,599.940,758.880,611.940" colourspace="ICCBased" ncolour="[0]" size="12.000"> </text>
                <text font="JTTPDQ+SimSun" bbox="758.880,599.940,764.880,611.940" colourspace="ICCBased" ncolour="[0]" size="12.000"> </text>
                <text font="JTTPDQ+SimSun" bbox="764.880,599.940,770.880,611.940" colourspace="ICCBased" ncolour="[0]" size="12.000"> </text>
                <text font="JTTPDQ+SimSun" bbox="770.880,600.149,776.160,610.709" colourspace="ICCBased" ncolour="[0]" size="10.560"> </text>
                <text>
                </text>
            </textline>
            <textline bbox="97.440,583.829,102.720,594.389">
                <text font="JTTPDQ+SimSun" bbox="97.440,583.829,102.720,594.389" colourspace="ICCBased" ncolour="[0]" size="10.560"> </text>
                <text>
                </text>
            </textline>
        </textbox>
        <textbox id="1" bbox="60.960,570.629,513.840,581.189">
            <textline bbox="60.960,570.629,513.840,581.189">
                <text font="JTTPDQ+SimSun" bbox="60.960,570.629,66.240,581.189" colourspace="ICCBased" ncolour="[0]" size="10.560">1</text>
                <text font="JTTPDQ+SimSun" bbox="66.240,570.629,71.520,581.189" colourspace="ICCBased" ncolour="[0]" size="10.560">.</text>
                <text font="JTTPDQ+SimSun" bbox="71.520,570.629,76.800,581.189" colourspace="ICCBased" ncolour="[0]" size="10.560">1</text>
                <text font="JTTPDQ+SimSun" bbox="76.800,570.629,82.080,581.189" colourspace="ICCBased" ncolour="[0]" size="10.560"> </text>
                <text> </text>
                <text font="JQUZDQ+SimSun" bbox="97.440,570.629,108.000,581.189" colourspace="ICCBased" ncolour="[0]" size="10.560">保</text>
                <text font="JQUZDQ+SimSun" bbox="108.000,570.629,118.560,581.189" colourspace="ICCBased" ncolour="[0]" size="10.560">险</text>
                <text font="JQUZDQ+SimSun" bbox="118.560,570.629,129.120,581.189" colourspace="ICCBased" ncolour="[0]" size="10.560">责</text>
                <text font="JQUZDQ+SimSun" bbox="129.120,570.629,139.680,581.189" colourspace="ICCBased" ncolour="[0]" size="10.560">任</text>
                <text font="JTTPDQ+SimSun" bbox="139.680,570.629,144.960,581.189" colourspace="ICCBased" ncolour="[0]" size="10.560"> </text>
                <text font="JTTPDQ+SimSun" bbox="144.960,570.629,150.240,581.189" colourspace="ICCBased" ncolour="[0]" size="10.560"> </text>
                <text font="JTTPDQ+SimSun" bbox="150.240,570.629,155.520,581.189" colourspace="ICCBased" ncolour="[0]" size="10.560"> </text>
                <text font="JTTPDQ+SimSun" bbox="155.520,570.629,160.800,581.189" colourspace="ICCBased" ncolour="[0]" size="10.560"> </text>
                <text font="JTTPDQ+SimSun" bbox="160.800,570.629,166.080,581.189" colourspace="ICCBased" ncolour="[0]" size="10.560"> </text>
                <text font="JTTPDQ+SimSun" bbox="166.080,570.629,171.360,581.189" colourspace="ICCBased" ncolour="[0]" size="10.560"> </text>
                <text font="JTTPDQ+SimSun" bbox="171.360,570.629,176.640,581.189" colourspace="ICCBased" ncolour="[0]" size="10.560"> </text>
                <text font="JTTPDQ+SimSun" bbox="176.640,570.629,181.920,581.189" colourspace="ICCBased" ncolour="[0]" size="10.560"> </text>
                <text font="JTTPDQ+SimSun" bbox="181.920,570.629,187.200,581.189" colourspace="ICCBased" ncolour="[0]" size="10.560"> </text>
                <text font="JTTPDQ+SimSun" bbox="187.200,570.629,192.480,581.189" colourspace="ICCBased" ncolour="[0]" size="10.560"> </text>
                <text font="JTTPDQ+SimSun" bbox="192.480,570.629,197.760,581.189" colourspace="ICCBased" ncolour="[0]" size="10.560"> </text>
                <text font="JTTPDQ+SimSun" bbox="197.760,570.629,203.040,581.189" colourspace="ICCBased" ncolour="[0]" size="10.560"> </text>
                <text font="JTTPDQ+SimSun" bbox="203.040,570.629,208.320,581.189" colourspace="ICCBased" ncolour="[0]" size="10.560"> </text>
                <text font="JTTPDQ+SimSun" bbox="208.320,570.629,213.600,581.189" colourspace="ICCBased" ncolour="[0]" size="10.560"> </text>
                <text font="JTTPDQ+SimSun" bbox="213.600,570.629,218.880,581.189" colourspace="ICCBased" ncolour="[0]" size="10.560"> </text>
                <text font="JTTPDQ+SimSun" bbox="218.880,570.629,224.160,581.189" colourspace="ICCBased" ncolour="[0]" size="10.560"> </text>
                <text font="JTTPDQ+SimSun" bbox="224.160,570.629,229.440,581.189" colourspace="ICCBased" ncolour="[0]" size="10.560"> </text>
                <text font="JTTPDQ+SimSun" bbox="229.440,570.629,234.720,581.189" colourspace="ICCBased" ncolour="[0]" size="10.560"> </text>
                <text font="JTTPDQ+SimSun" bbox="234.720,570.629,240.000,581.189" colourspace="ICCBased" ncolour="[0]" size="10.560"> </text>
                <text font="JTTPDQ+SimSun" bbox="240.000,570.629,245.280,581.189" colourspace="ICCBased" ncolour="[0]" size="10.560"> </text>
                <text font="JTTPDQ+SimSun" bbox="245.280,570.629,250.560,581.189" colourspace="ICCBased" ncolour="[0]" size="10.560"> </text>
                <text font="JTTPDQ+SimSun" bbox="250.560,570.629,255.840,581.189" colourspace="ICCBased" ncolour="[0]" size="10.560"> </text>
                <text font="JTTPDQ+SimSun" bbox="255.840,570.629,261.120,581.189" colourspace="ICCBased" ncolour="[0]" size="10.560"> </text>
                <text font="JTTPDQ+SimSun" bbox="261.120,570.629,266.400,581.189" colourspace="ICCBased" ncolour="[0]" size="10.560"> </text>
                <text font="JTTPDQ+SimSun" bbox="266.400,570.629,271.680,581.189" colourspace="ICCBased" ncolour="[0]" size="10.560"> </text>
                <text font="JTTPDQ+SimSun" bbox="271.680,570.629,276.960,581.189" colourspace="ICCBased" ncolour="[0]" size="10.560"> </text>
                <text font="JTTPDQ+SimSun" bbox="276.720,570.629,282.000,581.189" colourspace="ICCBased" ncolour="[0]" size="10.560"> </text>
                <text font="JTTPDQ+SimSun" bbox="282.000,570.629,287.280,581.189" colourspace="ICCBased" ncolour="[0]" size="10.560"> </text>
                <text font="JTTPDQ+SimSun" bbox="287.280,570.629,292.560,581.189" colourspace="ICCBased" ncolour="[0]" size="10.560"> </text>
                <text font="JTTPDQ+SimSun" bbox="292.560,570.629,297.840,581.189" colourspace="ICCBased" ncolour="[0]" size="10.560"> </text>
                <text font="JTTPDQ+SimSun" bbox="297.840,570.629,303.120,581.189" colourspace="ICCBased" ncolour="[0]" size="10.560"> </text>
                <text font="JTTPDQ+SimSun" bbox="303.120,570.629,308.400,581.189" colourspace="ICCBased" ncolour="[0]" size="10.560"> </text>
                <text font="JTTPDQ+SimSun" bbox="308.400,570.629,313.680,581.189" colourspace="ICCBased" ncolour="[0]" size="10.560"> </text>
                <text font="JTTPDQ+SimSun" bbox="313.680,570.629,318.960,581.189" colourspace="ICCBased" ncolour="[0]" size="10.560"> </text>
                <text font="JTTPDQ+SimSun" bbox="318.960,570.629,324.240,581.189" colourspace="ICCBased" ncolour="[0]" size="10.560"> </text>
                <text font="JTTPDQ+SimSun" bbox="324.240,570.629,329.520,581.189" colourspace="ICCBased" ncolour="[0]" size="10.560"> </text>
                <text font="JTTPDQ+SimSun" bbox="329.520,570.629,334.800,581.189" colourspace="ICCBased" ncolour="[0]" size="10.560"> </text>
                <text font="JTTPDQ+SimSun" bbox="334.800,570.629,340.080,581.189" colourspace="ICCBased" ncolour="[0]" size="10.560"> </text>
                <text font="JTTPDQ+SimSun" bbox="339.841,570.629,345.121,581.189" colourspace="ICCBased" ncolour="[0]" size="10.560"> </text>
                <text font="JTTPDQ+SimSun" bbox="345.121,570.629,350.401,581.189" colourspace="ICCBased" ncolour="[0]" size="10.560"> </text>
                <text font="JTTPDQ+SimSun" bbox="350.401,570.629,355.681,581.189" colourspace="ICCBased" ncolour="[0]" size="10.560"> </text>
                <text font="JTTPDQ+SimSun" bbox="355.681,570.629,360.961,581.189" colourspace="ICCBased" ncolour="[0]" size="10.560"> </text>
                <text font="JTTPDQ+SimSun" bbox="360.961,570.629,366.241,581.189" colourspace="ICCBased" ncolour="[0]" size="10.560"> </text>
                <text font="JTTPDQ+SimSun" bbox="366.241,570.629,371.521,581.189" colourspace="ICCBased" ncolour="[0]" size="10.560"> </text>
                <text font="JTTPDQ+SimSun" bbox="371.521,570.629,376.801,581.189" colourspace="ICCBased" ncolour="[0]" size="10.560"> </text>
                <text font="JTTPDQ+SimSun" bbox="376.801,570.629,382.081,581.189" colourspace="ICCBased" ncolour="[0]" size="10.560"> </text>
                <text font="JTTPDQ+SimSun" bbox="382.081,570.629,387.361,581.189" colourspace="ICCBased" ncolour="[0]" size="10.560"> </text>
                <text font="JTTPDQ+SimSun" bbox="387.361,570.629,392.641,581.189" colourspace="ICCBased" ncolour="[0]" size="10.560"> </text>
                <text font="JTTPDQ+SimSun" bbox="392.641,570.629,397.921,581.189" colourspace="ICCBased" ncolour="[0]" size="10.560"> </text>
                <text font="JTTPDQ+SimSun" bbox="397.921,570.629,403.201,581.189" colourspace="ICCBased" ncolour="[0]" size="10.560"> </text>
                <text font="JTTPDQ+SimSun" bbox="403.201,570.629,408.481,581.189" colourspace="ICCBased" ncolour="[0]" size="10.560"> </text>
                <text font="JTTPDQ+SimSun" bbox="408.481,570.629,413.761,581.189" colourspace="ICCBased" ncolour="[0]" size="10.560"> </text>
                <text font="JTTPDQ+SimSun" bbox="413.761,570.629,419.041,581.189" colourspace="ICCBased" ncolour="[0]" size="10.560"> </text>
                <text font="JTTPDQ+SimSun" bbox="419.041,570.629,424.321,581.189" colourspace="ICCBased" ncolour="[0]" size="10.560"> </text>
                <text font="JTTPDQ+SimSun" bbox="424.321,570.629,429.601,581.189" colourspace="ICCBased" ncolour="[0]" size="10.560"> </text>
                <text font="JTTPDQ+SimSun" bbox="429.601,570.629,434.881,581.189" colourspace="ICCBased" ncolour="[0]" size="10.560"> </text>
                <text font="JTTPDQ+SimSun" bbox="434.881,570.629,440.161,581.189" colourspace="ICCBased" ncolour="[0]" size="10.560"> </text>
                <text font="JTTPDQ+SimSun" bbox="440.161,570.629,445.441,581.189" colourspace="ICCBased" ncolour="[0]" size="10.560"> </text>
                <text font="JTTPDQ+SimSun" bbox="445.441,570.629,450.721,581.189" colourspace="ICCBased" ncolour="[0]" size="10.560"> </text>
                <text font="JTTPDQ+SimSun" bbox="450.721,570.629,456.001,581.189" colourspace="ICCBased" ncolour="[0]" size="10.560"> </text>
                <text font="JTTPDQ+SimSun" bbox="456.001,570.629,461.281,581.189" colourspace="ICCBased" ncolour="[0]" size="10.560"> </text>
                <text font="JTTPDQ+SimSun" bbox="461.281,570.629,466.561,581.189" colourspace="ICCBased" ncolour="[0]" size="10.560"> </text>
                <text font="JTTPDQ+SimSun" bbox="466.561,570.629,471.841,581.189" colourspace="ICCBased" ncolour="[0]" size="10.560"> </text>
                <text font="JTTPDQ+SimSun" bbox="471.841,570.629,477.121,581.189" colourspace="ICCBased" ncolour="[0]" size="10.560"> </text>
                <text font="JTTPDQ+SimSun" bbox="477.121,570.629,482.401,581.189" colourspace="ICCBased" ncolour="[0]" size="10.560"> </text>
                <text font="JTTPDQ+SimSun" bbox="482.401,570.629,487.681,581.189" colourspace="ICCBased" ncolour="[0]" size="10.560"> </text>
                <text font="JTTPDQ+SimSun" bbox="487.681,570.629,492.961,581.189" colourspace="ICCBased" ncolour="[0]" size="10.560"> </text>
                <text font="JTTPDQ+SimSun" bbox="492.961,570.629,498.241,581.189" colourspace="ICCBased" ncolour="[0]" size="10.560"> </text>
                <text font="JTTPDQ+SimSun" bbox="498.241,570.629,503.521,581.189" colourspace="ICCBased" ncolour="[0]" size="10.560"> </text>
                <text font="JTTPDQ+SimSun" bbox="503.521,570.629,508.801,581.189" colourspace="ICCBased" ncolour="[0]" size="10.560"> </text>
                <text font="JTTPDQ+SimSun" bbox="508.560,570.629,513.840,581.189" colourspace="ICCBased" ncolour="[0]" size="10.560"> </text>
                <text>
                </text>
            </textline>
        </textbox>
        <textbox id="2" bbox="221.280,759.047,226.426,775.127">
            <textline bbox="221.280,759.047,226.426,775.127">
                <text font="EQLALA+STZhongsong" bbox="221.280,759.047,226.426,775.127" colourspace="ICCBased" ncolour="[0]" size="16.080"> </text>
                <text>
                </text>
            </textline>
        </textbox>
        <textbox id="3" bbox="297.600,737.544,301.440,749.544">
            <textline bbox="297.600,737.544,301.440,749.544">
                <text font="EQLALA+STZhongsong" bbox="297.600,737.544,301.440,749.544" colourspace="ICCBased" ncolour="[0]" size="12.000"> </text>
                <text>
                </text>
            </textline>
        </textbox>
        <textbox id="4" bbox="125.520,672.036,474.826,714.407">
            <textline bbox="125.520,698.327,474.826,714.407">
                <text font="JSAEDQ+STZhongsong" bbox="125.520,698.327,141.600,714.407" colourspace="ICCBased" ncolour="[0]" size="16.080">平</text>
                <text font="JSAEDQ+STZhongsong" bbox="141.600,698.327,157.680,714.407" colourspace="ICCBased" ncolour="[0]" size="16.080">安</text>
                <text font="JSAEDQ+STZhongsong" bbox="157.680,698.327,173.760,714.407" colourspace="ICCBased" ncolour="[0]" size="16.080">附</text>
                <text font="JSAEDQ+STZhongsong" bbox="173.760,698.327,189.840,714.407" colourspace="ICCBased" ncolour="[0]" size="16.080">加</text>
                <text font="JSAEDQ+STZhongsong" bbox="189.840,698.327,205.920,714.407" colourspace="ICCBased" ncolour="[0]" size="16.080">金</text>
                <text font="JSAEDQ+STZhongsong" bbox="205.680,698.327,221.760,714.407" colourspace="ICCBased" ncolour="[0]" size="16.080">鑫</text>
                <text font="JSAEDQ+STZhongsong" bbox="221.760,698.327,237.840,714.407" colourspace="ICCBased" ncolour="[0]" size="16.080">盛</text>
                <text> </text>
                <text font="EQLALA+STZhongsong" bbox="241.680,698.327,251.650,714.407" colourspace="ICCBased" ncolour="[0]" size="16.080">1</text>
                <text font="EQLALA+STZhongsong" bbox="251.762,698.327,261.732,714.407" colourspace="ICCBased" ncolour="[0]" size="16.080">8</text>
                <text font="JSAEDQ+STZhongsong" bbox="261.600,698.327,277.680,714.407" colourspace="ICCBased" ncolour="[0]" size="16.080">Ⅱ</text>
                <text font="JSAEDQ+STZhongsong" bbox="277.680,698.327,293.760,714.407" colourspace="ICCBased" ncolour="[0]" size="16.080">提</text>
                <text font="JSAEDQ+STZhongsong" bbox="293.760,698.327,309.840,714.407" colourspace="ICCBased" ncolour="[0]" size="16.080">前</text>
                <text font="JSAEDQ+STZhongsong" bbox="309.600,698.327,325.680,714.407" colourspace="ICCBased" ncolour="[0]" size="16.080">给</text>
                <text font="JSAEDQ+STZhongsong" bbox="325.680,698.327,341.760,714.407" colourspace="ICCBased" ncolour="[0]" size="16.080">付</text>
                <text font="JSAEDQ+STZhongsong" bbox="341.760,698.327,357.840,714.407" colourspace="ICCBased" ncolour="[0]" size="16.080">重</text>
                <text font="JSAEDQ+STZhongsong" bbox="357.601,698.327,373.681,714.407" colourspace="ICCBased" ncolour="[0]" size="16.080">大</text>
                <text font="JSAEDQ+STZhongsong" bbox="373.681,698.327,389.761,714.407" colourspace="ICCBased" ncolour="[0]" size="16.080">疾</text>
                <text font="JSAEDQ+STZhongsong" bbox="389.761,698.327,405.841,714.407" colourspace="ICCBased" ncolour="[0]" size="16.080">病</text>
                <text font="JSAEDQ+STZhongsong" bbox="405.841,698.327,421.921,714.407" colourspace="ICCBased" ncolour="[0]" size="16.080">保</text>
                <text font="JSAEDQ+STZhongsong" bbox="421.921,698.327,438.001,714.407" colourspace="ICCBased" ncolour="[0]" size="16.080">险</text>
                <text font="JSAEDQ+STZhongsong" bbox="437.760,698.327,453.840,714.407" colourspace="ICCBased" ncolour="[0]" size="16.080">条</text>
                <text font="JSAEDQ+STZhongsong" bbox="453.840,698.327,469.920,714.407" colourspace="ICCBased" ncolour="[0]" size="16.080">款</text>
                <text font="EQLALA+STZhongsong" bbox="469.680,698.327,474.826,714.407" colourspace="ICCBased" ncolour="[0]" size="16.080"> </text>
                <text>
                </text>
            </textline>
            <textline bbox="297.600,672.036,303.360,690.036">
                <text font="EQLALA+STZhongsong" bbox="297.600,672.036,303.360,690.036" colourspace="ICCBased" ncolour="[0]" size="18.000"> </text>
                <text>
                </text>
            </textline>
        </textbox>
        <textbox id="5" bbox="51.120,641.672,486.731,667.829">
            <textline bbox="51.120,657.269,486.731,667.829">
                <text font="JQUZDQ+SimSun" bbox="51.120,657.269,61.680,667.829" colourspace="ICCBased" ncolour="[0]" size="10.560">在</text>
                <text font="JQUZDQ+SimSun" bbox="61.680,657.269,72.240,667.829" colourspace="ICCBased" ncolour="[0]" size="10.560">本</text>
                <text font="JQUZDQ+SimSun" bbox="72.240,657.269,82.800,667.829" colourspace="ICCBased" ncolour="[0]" size="10.560">条</text>
                <text font="JQUZDQ+SimSun" bbox="82.800,657.269,93.360,667.829" colourspace="ICCBased" ncolour="[0]" size="10.560">款</text>
                <text font="JQUZDQ+SimSun" bbox="93.360,657.269,103.920,667.829" colourspace="ICCBased" ncolour="[0]" size="10.560">中</text>
                <text font="JQUZDQ+SimSun" bbox="103.680,657.269,114.240,667.829" colourspace="ICCBased" ncolour="[0]" size="10.560">，</text>
                <text font="JTTPDQ+SimSun" bbox="114.240,657.269,124.800,667.829" colourspace="ICCBased" ncolour="[0]" size="10.560">“</text>
                <text font="JQUZDQ+SimSun" bbox="124.800,657.269,135.360,667.829" colourspace="ICCBased" ncolour="[0]" size="10.560">您</text>
                <text font="JTTPDQ+SimSun" bbox="135.360,657.269,145.920,667.829" colourspace="ICCBased" ncolour="[0]" size="10.560">”</text>
                <text font="JQUZDQ+SimSun" bbox="145.685,657.269,156.245,667.829" colourspace="ICCBased" ncolour="[0]" size="10.560">指</text>
                <text font="JQUZDQ+SimSun" bbox="156.245,657.269,166.805,667.829" colourspace="ICCBased" ncolour="[0]" size="10.560">投</text>
                <text font="JQUZDQ+SimSun" bbox="166.805,657.269,177.365,667.829" colourspace="ICCBased" ncolour="[0]" size="10.560">保</text>
                <text font="JQUZDQ+SimSun" bbox="177.365,657.269,187.925,667.829" colourspace="ICCBased" ncolour="[0]" size="10.560">人</text>
                <text font="JQUZDQ+SimSun" bbox="187.685,657.269,198.245,667.829" colourspace="ICCBased" ncolour="[0]" size="10.560">，</text>
                <text font="JTTPDQ+SimSun" bbox="198.245,657.269,208.805,667.829" colourspace="ICCBased" ncolour="[0]" size="10.560">“</text>
                <text font="JQUZDQ+SimSun" bbox="208.805,657.269,219.365,667.829" colourspace="ICCBased" ncolour="[0]" size="10.560">我</text>
                <text font="JQUZDQ+SimSun" bbox="219.365,657.269,229.925,667.829" colourspace="ICCBased" ncolour="[0]" size="10.560">们</text>
                <text font="JTTPDQ+SimSun" bbox="229.690,657.269,240.250,667.829" colourspace="ICCBased" ncolour="[0]" size="10.560">”</text>
                <text font="JQUZDQ+SimSun" bbox="240.250,657.269,250.810,667.829" colourspace="ICCBased" ncolour="[0]" size="10.560">、</text>
                <text font="JTTPDQ+SimSun" bbox="250.810,657.269,261.370,667.829" colourspace="ICCBased" ncolour="[0]" size="10.560">“</text>
                <text font="JQUZDQ+SimSun" bbox="261.370,657.269,271.930,667.829" colourspace="ICCBased" ncolour="[0]" size="10.560">本</text>
                <text font="JQUZDQ+SimSun" bbox="271.687,657.269,282.247,667.829" colourspace="ICCBased" ncolour="[0]" size="10.560">公</text>
                <text font="JQUZDQ+SimSun" bbox="282.247,657.269,292.807,667.829" colourspace="ICCBased" ncolour="[0]" size="10.560">司</text>
                <text font="JTTPDQ+SimSun" bbox="292.807,657.269,303.367,667.829" colourspace="ICCBased" ncolour="[0]" size="10.560">”</text>
                <text font="JQUZDQ+SimSun" bbox="303.367,657.269,313.927,667.829" colourspace="ICCBased" ncolour="[0]" size="10.560">均</text>
                <text font="JQUZDQ+SimSun" bbox="313.927,657.269,324.487,667.829" colourspace="ICCBased" ncolour="[0]" size="10.560">指</text>
                <text font="JQUZDQ+SimSun" bbox="324.487,657.269,335.047,667.829" colourspace="ICCBased" ncolour="[0]" size="10.560">中</text>
                <text font="JQUZDQ+SimSun" bbox="335.047,657.269,345.607,667.829" colourspace="ICCBased" ncolour="[0]" size="10.560">国</text>
                <text font="JQUZDQ+SimSun" bbox="345.367,657.269,355.927,667.829" colourspace="ICCBased" ncolour="[0]" size="10.560">平</text>
                <text font="JQUZDQ+SimSun" bbox="355.927,657.269,366.487,667.829" colourspace="ICCBased" ncolour="[0]" size="10.560">安</text>
                <text font="JQUZDQ+SimSun" bbox="366.487,657.269,377.047,667.829" colourspace="ICCBased" ncolour="[0]" size="10.560">人</text>
                <text font="JQUZDQ+SimSun" bbox="377.047,657.269,387.607,667.829" colourspace="ICCBased" ncolour="[0]" size="10.560">寿</text>
                <text font="JQUZDQ+SimSun" bbox="387.367,657.269,397.927,667.829" colourspace="ICCBased" ncolour="[0]" size="10.560">保</text>
                <text font="JQUZDQ+SimSun" bbox="397.927,657.269,408.487,667.829" colourspace="ICCBased" ncolour="[0]" size="10.560">险</text>
                <text font="JQUZDQ+SimSun" bbox="408.487,657.269,419.047,667.829" colourspace="ICCBased" ncolour="[0]" size="10.560">股</text>
                <text font="JQUZDQ+SimSun" bbox="419.047,657.269,429.607,667.829" colourspace="ICCBased" ncolour="[0]" size="10.560">份</text>
                <text font="JQUZDQ+SimSun" bbox="429.367,657.269,439.927,667.829" colourspace="ICCBased" ncolour="[0]" size="10.560">有</text>
                <text font="JQUZDQ+SimSun" bbox="439.927,657.269,450.487,667.829" colourspace="ICCBased" ncolour="[0]" size="10.560">限</text>
                <text font="JQUZDQ+SimSun" bbox="450.487,657.269,461.047,667.829" colourspace="ICCBased" ncolour="[0]" size="10.560">公</text>
                <text font="JQUZDQ+SimSun" bbox="461.047,657.269,471.607,667.829" colourspace="ICCBased" ncolour="[0]" size="10.560">司</text>
                <text font="JQUZDQ+SimSun" bbox="471.367,657.269,481.927,667.829" colourspace="ICCBased" ncolour="[0]" size="10.560">。</text>
                <text font="JTTPDQ+SimSun" bbox="481.451,657.269,486.731,667.829" colourspace="ICCBased" ncolour="[0]" size="10.560"> </text>
                <text>
                </text>
            </textline>
            <textline bbox="51.131,641.672,56.411,652.232">
                <text font="JTTPDQ+SimSun" bbox="51.131,641.672,56.411,652.232" colourspace="ICCBased" ncolour="[0]" size="10.560"> </text>
                <text>
                </text>
            </textline>
        </textbox>
        <textbox id="6" bbox="97.447,641.672,102.727,652.232">
            <textline bbox="97.447,641.672,102.727,652.232">
                <text font="JTTPDQ+SimSun" bbox="97.447,641.672,102.727,652.232" colourspace="ICCBased" ncolour="[0]" size="10.560"> </text>
                <text>
                </text>
            </textline>
        </textbox>
        <textbox id="7" bbox="60.000,616.917,215.772,652.232">
            <textline bbox="210.492,641.672,215.772,652.232">
                <text font="JTTPDQ+SimSun" bbox="210.492,641.672,215.772,652.232" colourspace="ICCBased" ncolour="[0]" size="10.560"> </text>
                <text>
                </text>
            </textline>
            <textline bbox="60.000,616.917,211.920,636.837">
                <text font="ZTWRTK+Wingdings2" bbox="60.000,616.917,77.769,636.837" colourspace="ICCBased" ncolour="[0]" size="19.920"></text>
                <text font="ZTWRTK+Wingdings2" bbox="77.760,616.917,97.680,636.837" colourspace="ICCBased" ncolour="[0]" size="19.920"> </text>
                <text font="JQUZDQ+SimSun" bbox="97.440,619.860,109.440,631.860" colourspace="ICCBased" ncolour="[0]" size="12.000">我</text>
                <text font="JQUZDQ+SimSun" bbox="109.440,619.860,121.440,631.860" colourspace="ICCBased" ncolour="[0]" size="12.000">们</text>
                <text font="JQUZDQ+SimSun" bbox="121.680,619.860,133.680,631.860" colourspace="ICCBased" ncolour="[0]" size="12.000">保</text>
                <text font="JQUZDQ+SimSun" bbox="133.680,619.860,145.680,631.860" colourspace="ICCBased" ncolour="[0]" size="12.000">什</text>
                <text font="JQUZDQ+SimSun" bbox="145.680,619.860,157.680,631.860" colourspace="ICCBased" ncolour="[0]" size="12.000">么</text>
                <text font="JQUZDQ+SimSun" bbox="157.680,619.860,169.680,631.860" colourspace="ICCBased" ncolour="[0]" size="12.000">、</text>
                <text font="JQUZDQ+SimSun" bbox="169.680,619.860,181.680,631.860" colourspace="ICCBased" ncolour="[0]" size="12.000">保</text>
                <text font="JQUZDQ+SimSun" bbox="181.680,619.860,193.680,631.860" colourspace="ICCBased" ncolour="[0]" size="12.000">多</text>
                <text font="JQUZDQ+SimSun" bbox="193.920,619.860,205.920,631.860" colourspace="ICCBased" ncolour="[0]" size="12.000">久</text>
                <text font="JTTPDQ+SimSun" bbox="205.920,619.860,211.920,631.860" colourspace="ICCBased" ncolour="[0]" size="12.000"> </text>
                <text>
                </text>
            </textline>
        </textbox>
        <textbox id="8" bbox="97.440,447.648,566.160,473.195">
            <textline bbox="97.444,462.635,102.724,473.195">
                <text font="JTTPDQ+SimSun" bbox="97.444,462.635,102.724,473.195" colourspace="ICCBased" ncolour="[0]" size="10.560"> </text>
                <text>
                </text>
            </textline>
            <textline bbox="97.440,447.648,566.160,459.648">
                <text font="ERELLA+STXinwei" bbox="97.440,447.648,109.440,459.648" colourspace="ICCBased" ncolour="[0]" size="12.000">重</text>
                <text font="ERELLA+STXinwei" bbox="109.440,447.648,121.440,459.648" colourspace="ICCBased" ncolour="[0]" size="12.000">大</text>
                <text font="ERELLA+STXinwei" bbox="121.440,447.648,133.440,459.648" colourspace="ICCBased" ncolour="[0]" size="12.000">疾</text>
                <text font="ERELLA+STXinwei" bbox="133.440,447.648,145.440,459.648" colourspace="ICCBased" ncolour="[0]" size="12.000">病</text>
                <text font="ERELLA+STXinwei" bbox="145.440,447.648,157.440,459.648" colourspace="ICCBased" ncolour="[0]" size="12.000">保</text>
                <text font="ERELLA+STXinwei" bbox="157.440,447.648,169.440,459.648" colourspace="ICCBased" ncolour="[0]" size="12.000">险</text>
                <text font="ERELLA+STXinwei" bbox="169.440,447.648,181.440,459.648" colourspace="ICCBased" ncolour="[0]" size="12.000">金</text>
                <text font="JTTPDQ+SimSun" bbox="181.440,448.949,186.720,459.509" colourspace="ICCBased" ncolour="[0]" size="10.560"> </text>
                <text font="JTTPDQ+SimSun" bbox="186.720,448.949,192.000,459.509" colourspace="ICCBased" ncolour="[0]" size="10.560"> </text>
                <text font="JTTPDQ+SimSun" bbox="192.000,448.949,197.280,459.509" colourspace="ICCBased" ncolour="[0]" size="10.560"> </text>
                <text font="JTTPDQ+SimSun" bbox="197.280,448.949,202.560,459.509" colourspace="ICCBased" ncolour="[0]" size="10.560"> </text>
                <text font="JTTPDQ+SimSun" bbox="202.560,448.949,207.840,459.509" colourspace="ICCBased" ncolour="[0]" size="10.560"> </text>
                <text font="JTTPDQ+SimSun" bbox="207.840,448.949,213.120,459.509" colourspace="ICCBased" ncolour="[0]" size="10.560"> </text>
                <text font="JTTPDQ+SimSun" bbox="213.120,448.949,218.400,459.509" colourspace="ICCBased" ncolour="[0]" size="10.560"> </text>
                <text font="JTTPDQ+SimSun" bbox="218.400,448.949,223.680,459.509" colourspace="ICCBased" ncolour="[0]" size="10.560"> </text>
                <text font="JTTPDQ+SimSun" bbox="223.680,448.949,228.960,459.509" colourspace="ICCBased" ncolour="[0]" size="10.560"> </text>
                <text font="JTTPDQ+SimSun" bbox="228.960,448.949,234.240,459.509" colourspace="ICCBased" ncolour="[0]" size="10.560"> </text>
                <text font="JTTPDQ+SimSun" bbox="234.240,448.949,239.520,459.509" colourspace="ICCBased" ncolour="[0]" size="10.560"> </text>
                <text font="JTTPDQ+SimSun" bbox="239.520,448.949,244.800,459.509" colourspace="ICCBased" ncolour="[0]" size="10.560"> </text>
                <text font="JTTPDQ+SimSun" bbox="244.800,448.949,250.080,459.509" colourspace="ICCBased" ncolour="[0]" size="10.560"> </text>
                <text font="JTTPDQ+SimSun" bbox="250.080,448.949,255.360,459.509" colourspace="ICCBased" ncolour="[0]" size="10.560"> </text>
                <text font="JTTPDQ+SimSun" bbox="255.360,448.949,260.640,459.509" colourspace="ICCBased" ncolour="[0]" size="10.560"> </text>
                <text font="JTTPDQ+SimSun" bbox="260.640,448.949,265.920,459.509" colourspace="ICCBased" ncolour="[0]" size="10.560"> </text>
                <text font="JTTPDQ+SimSun" bbox="265.920,448.949,271.200,459.509" colourspace="ICCBased" ncolour="[0]" size="10.560"> </text>
                <text font="JTTPDQ+SimSun" bbox="271.200,448.949,276.480,459.509" colourspace="ICCBased" ncolour="[0]" size="10.560"> </text>
                <text font="JTTPDQ+SimSun" bbox="276.480,448.949,281.760,459.509" colourspace="ICCBased" ncolour="[0]" size="10.560"> </text>
                <text font="JTTPDQ+SimSun" bbox="281.760,448.949,287.040,459.509" colourspace="ICCBased" ncolour="[0]" size="10.560"> </text>
                <text font="JTTPDQ+SimSun" bbox="287.040,448.949,292.320,459.509" colourspace="ICCBased" ncolour="[0]" size="10.560"> </text>
                <text font="JTTPDQ+SimSun" bbox="292.320,448.949,297.600,459.509" colourspace="ICCBased" ncolour="[0]" size="10.560"> </text>
                <text font="JTTPDQ+SimSun" bbox="297.600,448.949,302.880,459.509" colourspace="ICCBased" ncolour="[0]" size="10.560"> </text>
                <text font="JTTPDQ+SimSun" bbox="302.880,448.949,308.160,459.509" colourspace="ICCBased" ncolour="[0]" size="10.560"> </text>
                <text font="JTTPDQ+SimSun" bbox="308.160,448.949,313.440,459.509" colourspace="ICCBased" ncolour="[0]" size="10.560"> </text>
                <text font="JTTPDQ+SimSun" bbox="313.440,448.949,318.720,459.509" colourspace="ICCBased" ncolour="[0]" size="10.560"> </text>
                <text font="JTTPDQ+SimSun" bbox="318.720,448.949,324.000,459.509" colourspace="ICCBased" ncolour="[0]" size="10.560"> </text>
                <text font="JTTPDQ+SimSun" bbox="324.000,448.949,329.280,459.509" colourspace="ICCBased" ncolour="[0]" size="10.560"> </text>
                <text font="JTTPDQ+SimSun" bbox="329.280,448.949,334.560,459.509" colourspace="ICCBased" ncolour="[0]" size="10.560"> </text>
                <text font="JTTPDQ+SimSun" bbox="334.560,448.949,339.840,459.509" colourspace="ICCBased" ncolour="[0]" size="10.560"> </text>
                <text font="JTTPDQ+SimSun" bbox="339.600,448.949,344.880,459.509" colourspace="ICCBased" ncolour="[0]" size="10.560"> </text>
                <text font="JTTPDQ+SimSun" bbox="344.880,448.949,350.160,459.509" colourspace="ICCBased" ncolour="[0]" size="10.560"> </text>
                <text font="JTTPDQ+SimSun" bbox="350.160,448.949,355.440,459.509" colourspace="ICCBased" ncolour="[0]" size="10.560"> </text>
                <text font="JTTPDQ+SimSun" bbox="355.440,448.949,360.720,459.509" colourspace="ICCBased" ncolour="[0]" size="10.560"> </text>
                <text font="JTTPDQ+SimSun" bbox="360.720,448.949,366.000,459.509" colourspace="ICCBased" ncolour="[0]" size="10.560"> </text>
                <text font="JTTPDQ+SimSun" bbox="366.000,448.949,371.280,459.509" colourspace="ICCBased" ncolour="[0]" size="10.560"> </text>
                <text font="JTTPDQ+SimSun" bbox="371.280,448.949,376.560,459.509" colourspace="ICCBased" ncolour="[0]" size="10.560"> </text>
                <text font="JTTPDQ+SimSun" bbox="376.560,448.949,381.840,459.509" colourspace="ICCBased" ncolour="[0]" size="10.560"> </text>
                <text font="JTTPDQ+SimSun" bbox="381.840,448.949,387.120,459.509" colourspace="ICCBased" ncolour="[0]" size="10.560"> </text>
                <text font="JTTPDQ+SimSun" bbox="387.120,448.949,392.400,459.509" colourspace="ICCBased" ncolour="[0]" size="10.560"> </text>
                <text font="JTTPDQ+SimSun" bbox="392.400,448.949,397.680,459.509" colourspace="ICCBased" ncolour="[0]" size="10.560"> </text>
                <text font="JTTPDQ+SimSun" bbox="397.680,448.949,402.960,459.509" colourspace="ICCBased" ncolour="[0]" size="10.560"> </text>
                <text font="JTTPDQ+SimSun" bbox="402.960,448.949,408.240,459.509" colourspace="ICCBased" ncolour="[0]" size="10.560"> </text>
                <text font="JTTPDQ+SimSun" bbox="408.240,448.949,413.520,459.509" colourspace="ICCBased" ncolour="[0]" size="10.560"> </text>
                <text font="JTTPDQ+SimSun" bbox="413.520,448.949,418.800,459.509" colourspace="ICCBased" ncolour="[0]" size="10.560"> </text>
                <text font="JTTPDQ+SimSun" bbox="418.800,448.949,424.080,459.509" colourspace="ICCBased" ncolour="[0]" size="10.560"> </text>
                <text font="JTTPDQ+SimSun" bbox="424.080,448.949,429.360,459.509" colourspace="ICCBased" ncolour="[0]" size="10.560"> </text>
                <text font="JTTPDQ+SimSun" bbox="429.360,448.949,434.640,459.509" colourspace="ICCBased" ncolour="[0]" size="10.560"> </text>
                <text font="JTTPDQ+SimSun" bbox="434.640,448.949,439.920,459.509" colourspace="ICCBased" ncolour="[0]" size="10.560"> </text>
                <text font="JTTPDQ+SimSun" bbox="439.920,448.949,445.200,459.509" colourspace="ICCBased" ncolour="[0]" size="10.560"> </text>
                <text font="JTTPDQ+SimSun" bbox="445.200,448.949,450.480,459.509" colourspace="ICCBased" ncolour="[0]" size="10.560"> </text>
                <text font="JTTPDQ+SimSun" bbox="450.480,448.949,455.760,459.509" colourspace="ICCBased" ncolour="[0]" size="10.560"> </text>
                <text font="JTTPDQ+SimSun" bbox="455.760,448.949,461.040,459.509" colourspace="ICCBased" ncolour="[0]" size="10.560"> </text>
                <text font="JTTPDQ+SimSun" bbox="461.040,448.949,466.320,459.509" colourspace="ICCBased" ncolour="[0]" size="10.560"> </text>
                <text font="JTTPDQ+SimSun" bbox="466.320,448.949,471.600,459.509" colourspace="ICCBased" ncolour="[0]" size="10.560"> </text>
                <text font="JTTPDQ+SimSun" bbox="471.600,448.949,476.880,459.509" colourspace="ICCBased" ncolour="[0]" size="10.560"> </text>
                <text font="JTTPDQ+SimSun" bbox="476.880,448.949,482.160,459.509" colourspace="ICCBased" ncolour="[0]" size="10.560"> </text>
                <text font="JTTPDQ+SimSun" bbox="482.160,448.949,487.440,459.509" colourspace="ICCBased" ncolour="[0]" size="10.560"> </text>
                <text font="JTTPDQ+SimSun" bbox="487.440,448.949,492.720,459.509" colourspace="ICCBased" ncolour="[0]" size="10.560"> </text>
                <text font="JTTPDQ+SimSun" bbox="492.720,448.949,498.000,459.509" colourspace="ICCBased" ncolour="[0]" size="10.560"> </text>
                <text font="JTTPDQ+SimSun" bbox="498.000,448.949,503.280,459.509" colourspace="ICCBased" ncolour="[0]" size="10.560"> </text>
                <text font="JTTPDQ+SimSun" bbox="503.280,448.949,508.560,459.509" colourspace="ICCBased" ncolour="[0]" size="10.560"> </text>
                <text font="JTTPDQ+SimSun" bbox="508.560,448.949,513.840,459.509" colourspace="ICCBased" ncolour="[0]" size="10.560"> </text>
                <text font="JTTPDQ+SimSun" bbox="513.840,448.949,519.120,459.509" colourspace="ICCBased" ncolour="[0]" size="10.560"> </text>
                <text font="JTTPDQ+SimSun" bbox="518.881,448.949,524.161,459.509" colourspace="ICCBased" ncolour="[0]" size="10.560"> </text>
                <text font="JTTPDQ+SimSun" bbox="524.161,448.949,529.441,459.509" colourspace="ICCBased" ncolour="[0]" size="10.560"> </text>
                <text font="JTTPDQ+SimSun" bbox="529.441,448.949,534.721,459.509" colourspace="ICCBased" ncolour="[0]" size="10.560"> </text>
                <text font="JTTPDQ+SimSun" bbox="534.721,448.949,540.001,459.509" colourspace="ICCBased" ncolour="[0]" size="10.560"> </text>
                <text font="JTTPDQ+SimSun" bbox="540.001,448.949,545.281,459.509" colourspace="ICCBased" ncolour="[0]" size="10.560"> </text>
                <text font="JTTPDQ+SimSun" bbox="545.281,448.949,550.561,459.509" colourspace="ICCBased" ncolour="[0]" size="10.560"> </text>
                <text font="JTTPDQ+SimSun" bbox="550.561,448.949,555.841,459.509" colourspace="ICCBased" ncolour="[0]" size="10.560"> </text>
                <text font="JTTPDQ+SimSun" bbox="555.841,448.949,561.121,459.509" colourspace="ICCBased" ncolour="[0]" size="10.560"> </text>
                <text font="JTTPDQ+SimSun" bbox="560.880,448.949,566.160,459.509" colourspace="ICCBased" ncolour="[0]" size="10.560"> </text>
                <text>
                </text>
            </textline>
        </textbox>
        <textbox id="9" bbox="97.435,539.808,138.720,565.592">
            <textline bbox="97.435,555.032,102.715,565.592">
                <text font="JTTPDQ+SimSun" bbox="97.435,555.032,102.715,565.592" colourspace="ICCBased" ncolour="[0]" size="10.560"> </text>
                <text>
                </text>
            </textline>
            <textline bbox="97.440,539.808,138.720,551.808">
                <text font="ERELLA+STXinwei" bbox="97.440,539.808,109.440,551.808" colourspace="ICCBased" ncolour="[0]" size="12.000">等</text>
                <text font="ERELLA+STXinwei" bbox="109.440,539.808,121.440,551.808" colourspace="ICCBased" ncolour="[0]" size="12.000">待</text>
                <text font="ERELLA+STXinwei" bbox="121.440,539.808,133.440,551.808" colourspace="ICCBased" ncolour="[0]" size="12.000">期</text>
                <text font="JTTPDQ+SimSun" bbox="133.440,541.109,138.720,551.669" colourspace="ICCBased" ncolour="[0]" size="10.560"> </text>
                <text>
                </text>
            </textline>
        </textbox>
        <textbox id="10" bbox="97.435,387.511,102.715,412.232">
            <textline bbox="97.435,401.672,102.715,412.232">
                <text font="JTTPDQ+SimSun" bbox="97.435,401.672,102.715,412.232" colourspace="ICCBased" ncolour="[0]" size="10.560"> </text>
                <text>
                </text>
            </textline>
            <textline bbox="97.435,387.511,102.715,398.071">
                <text font="JTTPDQ+SimSun" bbox="97.435,387.511,102.715,398.071" colourspace="ICCBased" ncolour="[0]" size="10.560"> </text>
                <text>
                </text>
            </textline>
        </textbox>
        <textbox id="11" bbox="51.120,583.829,56.400,594.389">
            <textline bbox="51.120,583.829,56.400,594.389">
                <text font="JTTPDQ+SimSun" bbox="51.120,583.829,56.400,594.389" colourspace="ICCBased" ncolour="[0]" size="10.560"> </text>
                <text>
                </text>
            </textline>
        </textbox>
        <textbox id="12" bbox="51.119,540.629,56.400,565.592">
            <textline bbox="51.119,555.032,56.399,565.592">
                <text font="JTTPDQ+SimSun" bbox="51.119,555.032,56.399,565.592" colourspace="ICCBased" ncolour="[0]" size="10.560"> </text>
                <text>
                </text>
            </textline>
            <textline bbox="51.120,540.629,56.400,551.189">
                <text font="JTTPDQ+SimSun" bbox="51.120,540.629,56.400,551.189" colourspace="ICCBased" ncolour="[0]" size="10.560"> </text>
                <text>
                </text>
            </textline>
        </textbox>
        <textbox id="13" bbox="51.120,448.469,56.408,473.195">
            <textline bbox="51.128,462.635,56.408,473.195">
                <text font="JTTPDQ+SimSun" bbox="51.128,462.635,56.408,473.195" colourspace="ICCBased" ncolour="[0]" size="10.560"> </text>
                <text>
                </text>
            </textline>
            <textline bbox="51.120,448.469,56.400,459.029">
                <text font="JTTPDQ+SimSun" bbox="51.120,448.469,56.400,459.029" colourspace="ICCBased" ncolour="[0]" size="10.560"> </text>
                <text>
                </text>
            </textline>
        </textbox>
        <textbox id="14" bbox="51.119,387.511,56.399,412.232">
            <textline bbox="51.119,401.672,56.399,412.232">
                <text font="JTTPDQ+SimSun" bbox="51.119,401.672,56.399,412.232" colourspace="ICCBased" ncolour="[0]" size="10.560"> </text>
                <text>
                </text>
            </textline>
            <textline bbox="51.119,387.511,56.399,398.071">
                <text font="JTTPDQ+SimSun" bbox="51.119,387.511,56.399,398.071" colourspace="ICCBased" ncolour="[0]" size="10.560"> </text>
                <text>
                </text>
            </textline>
        </textbox>
        <textbox id="15" bbox="51.125,310.951,56.405,335.672">
            <textline bbox="51.125,325.112,56.405,335.672">
                <text font="JTTPDQ+SimSun" bbox="51.125,325.112,56.405,335.672" colourspace="ICCBased" ncolour="[0]" size="10.560"> </text>
                <text>
                </text>
            </textline>
            <textline bbox="51.125,310.951,56.405,321.511">
                <text font="JTTPDQ+SimSun" bbox="51.125,310.951,56.405,321.511" colourspace="ICCBased" ncolour="[0]" size="10.560"> </text>
                <text>
                </text>
            </textline>
        </textbox>
        <textbox id="16" bbox="97.440,294.288,199.680,335.672">
            <textline bbox="97.441,325.112,102.721,335.672">
                <text font="JTTPDQ+SimSun" bbox="97.441,325.112,102.721,335.672" colourspace="ICCBased" ncolour="[0]" size="10.560"> </text>
                <text>
                </text>
            </textline>
            <textline bbox="97.440,310.128,199.680,322.128">
                <text font="ERELLA+STXinwei" bbox="97.440,310.128,109.440,322.128" colourspace="ICCBased" ncolour="[0]" size="12.000">我</text>
                <text font="ERELLA+STXinwei" bbox="110.400,310.128,122.400,322.128" colourspace="ICCBased" ncolour="[0]" size="12.000">们</text>
                <text font="ERELLA+STXinwei" bbox="123.360,310.128,135.360,322.128" colourspace="ICCBased" ncolour="[0]" size="12.000">所</text>
                <text font="ERELLA+STXinwei" bbox="136.080,310.128,148.080,322.128" colourspace="ICCBased" ncolour="[0]" size="12.000">保</text>
                <text font="ERELLA+STXinwei" bbox="149.040,310.128,161.040,322.128" colourspace="ICCBased" ncolour="[0]" size="12.000">障</text>
                <text font="ERELLA+STXinwei" bbox="162.000,310.128,174.000,322.128" colourspace="ICCBased" ncolour="[0]" size="12.000">的</text>
                <text font="ERELLA+STXinwei" bbox="174.720,310.128,186.720,322.128" colourspace="ICCBased" ncolour="[0]" size="12.000">重</text>
                <text font="ERELLA+STXinwei" bbox="187.680,310.128,199.680,322.128" colourspace="ICCBased" ncolour="[0]" size="12.000">大</text>
                <text>
                </text>
            </textline>
            <textline bbox="97.440,294.288,126.720,306.288">
                <text font="ERELLA+STXinwei" bbox="97.440,294.288,109.440,306.288" colourspace="ICCBased" ncolour="[0]" size="12.000">疾</text>
                <text font="ERELLA+STXinwei" bbox="109.440,294.288,121.440,306.288" colourspace="ICCBased" ncolour="[0]" size="12.000">病</text>
                <text font="JTTPDQ+SimSun" bbox="121.440,295.589,126.720,306.149" colourspace="ICCBased" ncolour="[0]" size="10.560"> </text>
                <text>
                </text>
            </textline>
        </textbox>
        <textbox id="17" bbox="210.478,295.356,552.480,594.389">
            <textline bbox="210.480,583.829,215.760,594.389">
                <text font="JTTPDQ+SimSun" bbox="210.480,583.829,215.760,594.389" colourspace="ICCBased" ncolour="[0]" size="10.560"> </text>
                <text>
                </text>
            </textline>
            <textline bbox="210.480,570.629,467.760,581.189">
                <text font="JQUZDQ+SimSun" bbox="210.480,570.629,221.040,581.189" colourspace="ICCBased" ncolour="[0]" size="10.560">在</text>
                <text font="JQUZDQ+SimSun" bbox="221.040,570.629,231.600,581.189" colourspace="ICCBased" ncolour="[0]" size="10.560">本</text>
                <text font="JQUZDQ+SimSun" bbox="231.600,570.629,242.160,581.189" colourspace="ICCBased" ncolour="[0]" size="10.560">附</text>
                <text font="JQUZDQ+SimSun" bbox="242.160,570.629,252.720,581.189" colourspace="ICCBased" ncolour="[0]" size="10.560">加</text>
                <text font="JQUZDQ+SimSun" bbox="252.720,570.629,263.280,581.189" colourspace="ICCBased" ncolour="[0]" size="10.560">险</text>
                <text font="JQUZDQ+SimSun" bbox="263.040,570.629,273.600,581.189" colourspace="ICCBased" ncolour="[0]" size="10.560">合</text>
                <text font="JQUZDQ+SimSun" bbox="273.600,570.629,284.160,581.189" colourspace="ICCBased" ncolour="[0]" size="10.560">同</text>
                <text font="JQUZDQ+SimSun" bbox="284.160,570.629,294.720,581.189" colourspace="ICCBased" ncolour="[0]" size="10.560">保</text>
                <text font="JQUZDQ+SimSun" bbox="294.720,570.629,305.280,581.189" colourspace="ICCBased" ncolour="[0]" size="10.560">险</text>
                <text font="JQUZDQ+SimSun" bbox="305.040,570.629,315.600,581.189" colourspace="ICCBased" ncolour="[0]" size="10.560">期</text>
                <text font="JQUZDQ+SimSun" bbox="315.600,570.629,326.160,581.189" colourspace="ICCBased" ncolour="[0]" size="10.560">间</text>
                <text font="JQUZDQ+SimSun" bbox="326.160,570.629,336.720,581.189" colourspace="ICCBased" ncolour="[0]" size="10.560">内</text>
                <text font="JQUZDQ+SimSun" bbox="336.720,570.629,347.280,581.189" colourspace="ICCBased" ncolour="[0]" size="10.560">，</text>
                <text font="JQUZDQ+SimSun" bbox="347.040,570.629,357.600,581.189" colourspace="ICCBased" ncolour="[0]" size="10.560">我</text>
                <text font="JQUZDQ+SimSun" bbox="357.600,570.629,368.160,581.189" colourspace="ICCBased" ncolour="[0]" size="10.560">们</text>
                <text font="JQUZDQ+SimSun" bbox="368.160,570.629,378.720,581.189" colourspace="ICCBased" ncolour="[0]" size="10.560">承</text>
                <text font="JQUZDQ+SimSun" bbox="378.720,570.629,389.280,581.189" colourspace="ICCBased" ncolour="[0]" size="10.560">担</text>
                <text font="JQUZDQ+SimSun" bbox="389.040,570.629,399.600,581.189" colourspace="ICCBased" ncolour="[0]" size="10.560">如</text>
                <text font="JQUZDQ+SimSun" bbox="399.600,570.629,410.160,581.189" colourspace="ICCBased" ncolour="[0]" size="10.560">下</text>
                <text font="JQUZDQ+SimSun" bbox="410.160,570.629,420.720,581.189" colourspace="ICCBased" ncolour="[0]" size="10.560">保</text>
                <text font="JQUZDQ+SimSun" bbox="420.720,570.629,431.280,581.189" colourspace="ICCBased" ncolour="[0]" size="10.560">险</text>
                <text font="JQUZDQ+SimSun" bbox="431.040,570.629,441.600,581.189" colourspace="ICCBased" ncolour="[0]" size="10.560">责</text>
                <text font="JQUZDQ+SimSun" bbox="441.600,570.629,452.160,581.189" colourspace="ICCBased" ncolour="[0]" size="10.560">任</text>
                <text font="JQUZDQ+SimSun" bbox="451.920,570.629,462.480,581.189" colourspace="ICCBased" ncolour="[0]" size="10.560">：</text>
                <text font="JTTPDQ+SimSun" bbox="462.480,570.629,467.760,581.189" colourspace="ICCBased" ncolour="[0]" size="10.560"> </text>
                <text>
                </text>
            </textline>
            <textline bbox="210.480,555.032,215.760,565.592">
                <text font="JTTPDQ+SimSun" bbox="210.480,555.032,215.760,565.592" colourspace="ICCBased" ncolour="[0]" size="10.560"> </text>
                <text>
                </text>
            </textline>
            <textline bbox="210.480,540.629,547.201,551.189">
                <text font="JQUZDQ+SimSun" bbox="210.480,540.629,221.040,551.189" colourspace="ICCBased" ncolour="[0]" size="10.560">从</text>
                <text font="JQUZDQ+SimSun" bbox="221.040,540.629,231.600,551.189" colourspace="ICCBased" ncolour="[0]" size="10.560">本</text>
                <text font="JQUZDQ+SimSun" bbox="231.600,540.629,242.160,551.189" colourspace="ICCBased" ncolour="[0]" size="10.560">附</text>
                <text font="JQUZDQ+SimSun" bbox="242.160,540.629,252.720,551.189" colourspace="ICCBased" ncolour="[0]" size="10.560">加</text>
                <text font="JQUZDQ+SimSun" bbox="252.720,540.629,263.280,551.189" colourspace="ICCBased" ncolour="[0]" size="10.560">险</text>
                <text font="JQUZDQ+SimSun" bbox="263.040,540.629,273.600,551.189" colourspace="ICCBased" ncolour="[0]" size="10.560">合</text>
                <text font="JQUZDQ+SimSun" bbox="273.600,540.629,284.160,551.189" colourspace="ICCBased" ncolour="[0]" size="10.560">同</text>
                <text font="JQUZDQ+SimSun" bbox="284.160,540.629,294.720,551.189" colourspace="ICCBased" ncolour="[0]" size="10.560">生</text>
                <text font="JQUZDQ+SimSun" bbox="294.720,540.629,305.280,551.189" colourspace="ICCBased" ncolour="[0]" size="10.560">效</text>
                <text font="JQUZDQ+SimSun" bbox="303.600,540.629,314.160,551.189" colourspace="ICCBased" ncolour="[0]" size="10.560">（</text>
                <text font="JQUZDQ+SimSun" bbox="314.160,540.629,324.720,551.189" colourspace="ICCBased" ncolour="[0]" size="10.560">或</text>
                <text font="JQUZDQ+SimSun" bbox="324.475,540.629,335.035,551.189" colourspace="ICCBased" ncolour="[0]" size="10.560">每</text>
                <text font="JQUZDQ+SimSun" bbox="335.035,540.629,345.595,551.189" colourspace="ICCBased" ncolour="[0]" size="10.560">次</text>
                <text font="JQUZDQ+SimSun" bbox="345.595,540.629,356.155,551.189" colourspace="ICCBased" ncolour="[0]" size="10.560">合</text>
                <text font="JQUZDQ+SimSun" bbox="356.155,540.629,366.715,551.189" colourspace="ICCBased" ncolour="[0]" size="10.560">同</text>
                <text font="JQUZDQ+SimSun" bbox="366.475,540.629,377.035,551.189" colourspace="ICCBased" ncolour="[0]" size="10.560">效</text>
                <text font="JQUZDQ+SimSun" bbox="377.035,540.629,387.595,551.189" colourspace="ICCBased" ncolour="[0]" size="10.560">力</text>
                <text font="JQUZDQ+SimSun" bbox="387.595,540.629,398.155,551.189" colourspace="ICCBased" ncolour="[0]" size="10.560">恢</text>
                <text font="JQUZDQ+SimSun" bbox="398.155,540.629,408.715,551.189" colourspace="ICCBased" ncolour="[0]" size="10.560">复</text>
                <text font="JQUZDQ+SimSun" bbox="408.715,540.629,419.275,551.189" colourspace="ICCBased" ncolour="[0]" size="10.560">）</text>
                <text font="JQUZDQ+SimSun" bbox="417.356,540.629,427.916,551.189" colourspace="ICCBased" ncolour="[0]" size="10.560">之</text>
                <text font="JQUZDQ+SimSun" bbox="427.916,540.629,438.476,551.189" colourspace="ICCBased" ncolour="[0]" size="10.560">日</text>
                <text font="JQUZDQ+SimSun" bbox="438.476,540.629,449.036,551.189" colourspace="ICCBased" ncolour="[0]" size="10.560">起</text>
                <text> </text>
                <text font="JTTPDQ+SimSun" bbox="451.440,540.629,456.720,551.189" colourspace="ICCBased" ncolour="[0]" size="10.560">9</text>
                <text font="JTTPDQ+SimSun" bbox="456.720,540.629,462.000,551.189" colourspace="ICCBased" ncolour="[0]" size="10.560">0</text>
                <text> </text>
                <text font="JQUZDQ+SimSun" bbox="464.640,540.629,475.200,551.189" colourspace="ICCBased" ncolour="[0]" size="10.560">日</text>
                <text font="JQUZDQ+SimSun" bbox="475.200,540.629,485.760,551.189" colourspace="ICCBased" ncolour="[0]" size="10.560">内</text>
                <text font="JQUZDQ+SimSun" bbox="485.760,540.629,496.320,551.189" colourspace="ICCBased" ncolour="[0]" size="10.560">，</text>
                <text font="JQUZDQ+SimSun" bbox="494.641,540.629,505.201,551.189" colourspace="ICCBased" ncolour="[0]" size="10.560">被</text>
                <text font="JQUZDQ+SimSun" bbox="505.201,540.629,515.761,551.189" colourspace="ICCBased" ncolour="[0]" size="10.560">保</text>
                <text font="JQUZDQ+SimSun" bbox="515.761,540.629,526.321,551.189" colourspace="ICCBased" ncolour="[0]" size="10.560">险</text>
                <text font="JQUZDQ+SimSun" bbox="526.081,540.629,536.641,551.189" colourspace="ICCBased" ncolour="[0]" size="10.560">人</text>
                <text font="JQUZDQ+SimSun" bbox="536.641,540.629,547.201,551.189" colourspace="ICCBased" ncolour="[0]" size="10.560">经</text>
                <text>
                </text>
            </textline>
            <textline bbox="210.480,524.913,547.436,536.739">
                <text font="JRNKDQ+SimHei" bbox="210.480,524.913,221.040,535.473" colourspace="ICCBased" ncolour="[0]" size="10.560">医</text>
                <text font="JRNKDQ+SimHei" bbox="221.040,524.913,231.600,535.473" colourspace="ICCBased" ncolour="[0]" size="10.560">院</text>
                <text> </text>
                <text font="TTLNNW+SimHei" bbox="235.920,531.219,238.680,536.739" colourspace="ICCBased" ncolour="[0]" size="5.520">1</text>
                <text font="JQUZDQ+SimSun" bbox="239.040,525.029,249.600,535.589" colourspace="ICCBased" ncolour="[0]" size="10.560">确</text>
                <text font="JQUZDQ+SimSun" bbox="249.600,525.029,260.160,535.589" colourspace="ICCBased" ncolour="[0]" size="10.560">诊</text>
                <text font="JQUZDQ+SimSun" bbox="260.160,525.029,270.720,535.589" colourspace="ICCBased" ncolour="[0]" size="10.560">为</text>
                <text font="JQUZDQ+SimSun" bbox="270.720,525.029,281.280,535.589" colourspace="ICCBased" ncolour="[0]" size="10.560">本</text>
                <text font="JQUZDQ+SimSun" bbox="281.280,525.029,291.840,535.589" colourspace="ICCBased" ncolour="[0]" size="10.560">附</text>
                <text font="JQUZDQ+SimSun" bbox="291.600,525.029,302.160,535.589" colourspace="ICCBased" ncolour="[0]" size="10.560">加</text>
                <text font="JQUZDQ+SimSun" bbox="302.160,525.029,312.720,535.589" colourspace="ICCBased" ncolour="[0]" size="10.560">险</text>
                <text font="JQUZDQ+SimSun" bbox="312.720,525.029,323.280,535.589" colourspace="ICCBased" ncolour="[0]" size="10.560">合</text>
                <text font="JQUZDQ+SimSun" bbox="323.280,525.029,333.840,535.589" colourspace="ICCBased" ncolour="[0]" size="10.560">同</text>
                <text font="JTTPDQ+SimSun" bbox="333.605,525.029,344.165,535.589" colourspace="ICCBased" ncolour="[0]" size="10.560">“</text>
                <text font="JTTPDQ+SimSun" bbox="344.165,525.029,349.445,535.589" colourspace="ICCBased" ncolour="[0]" size="10.560">7</text>
                <text> </text>
                <text font="JQUZDQ+SimSun" bbox="353.280,525.029,363.840,535.589" colourspace="ICCBased" ncolour="[0]" size="10.560">重</text>
                <text font="JQUZDQ+SimSun" bbox="363.840,525.029,374.400,535.589" colourspace="ICCBased" ncolour="[0]" size="10.560">大</text>
                <text font="JQUZDQ+SimSun" bbox="374.160,525.029,384.720,535.589" colourspace="ICCBased" ncolour="[0]" size="10.560">疾</text>
                <text font="JQUZDQ+SimSun" bbox="384.720,525.029,395.280,535.589" colourspace="ICCBased" ncolour="[0]" size="10.560">病</text>
                <text font="JQUZDQ+SimSun" bbox="395.280,525.029,405.840,535.589" colourspace="ICCBased" ncolour="[0]" size="10.560">释</text>
                <text font="JQUZDQ+SimSun" bbox="405.840,525.029,416.400,535.589" colourspace="ICCBased" ncolour="[0]" size="10.560">义</text>
                <text font="JTTPDQ+SimSun" bbox="416.165,525.029,426.725,535.589" colourspace="ICCBased" ncolour="[0]" size="10.560">”</text>
                <text font="JQUZDQ+SimSun" bbox="426.725,525.029,437.285,535.589" colourspace="ICCBased" ncolour="[0]" size="10.560">所</text>
                <text font="JQUZDQ+SimSun" bbox="437.285,525.029,447.845,535.589" colourspace="ICCBased" ncolour="[0]" size="10.560">定</text>
                <text font="JQUZDQ+SimSun" bbox="447.845,525.029,458.405,535.589" colourspace="ICCBased" ncolour="[0]" size="10.560">义</text>
                <text font="JQUZDQ+SimSun" bbox="458.162,525.029,468.722,535.589" colourspace="ICCBased" ncolour="[0]" size="10.560">的</text>
                <text font="JQUZDQ+SimSun" bbox="468.722,525.029,479.282,535.589" colourspace="ICCBased" ncolour="[0]" size="10.560">“</text>
                <text font="JQUZDQ+SimSun" bbox="479.282,525.029,489.842,535.589" colourspace="ICCBased" ncolour="[0]" size="10.560">重</text>
                <text font="JQUZDQ+SimSun" bbox="489.842,525.029,500.402,535.589" colourspace="ICCBased" ncolour="[0]" size="10.560">大</text>
                <text font="JQUZDQ+SimSun" bbox="500.402,525.029,510.962,535.589" colourspace="ICCBased" ncolour="[0]" size="10.560">疾</text>
                <text font="JQUZDQ+SimSun" bbox="510.722,525.029,521.282,535.589" colourspace="ICCBased" ncolour="[0]" size="10.560">病</text>
                <text font="JQUZDQ+SimSun" bbox="521.282,525.029,531.842,535.589" colourspace="ICCBased" ncolour="[0]" size="10.560">”</text>
                <text font="JQUZDQ+SimSun" bbox="526.559,525.029,537.119,535.589" colourspace="ICCBased" ncolour="[0]" size="10.560">，</text>
                <text font="JQUZDQ+SimSun" bbox="536.876,525.029,547.436,535.589" colourspace="ICCBased" ncolour="[0]" size="10.560">我</text>
                <text>
                </text>
            </textline>
            <textline bbox="210.480,509.429,547.200,519.989">
                <text font="JQUZDQ+SimSun" bbox="210.480,509.429,221.040,519.989" colourspace="ICCBased" ncolour="[0]" size="10.560">们</text>
                <text font="JQUZDQ+SimSun" bbox="221.040,509.429,231.600,519.989" colourspace="ICCBased" ncolour="[0]" size="10.560">不</text>
                <text font="JQUZDQ+SimSun" bbox="231.600,509.429,242.160,519.989" colourspace="ICCBased" ncolour="[0]" size="10.560">承</text>
                <text font="JQUZDQ+SimSun" bbox="242.160,509.429,252.720,519.989" colourspace="ICCBased" ncolour="[0]" size="10.560">担</text>
                <text font="JQUZDQ+SimSun" bbox="252.720,509.429,263.280,519.989" colourspace="ICCBased" ncolour="[0]" size="10.560">保</text>
                <text font="JQUZDQ+SimSun" bbox="263.280,509.429,273.840,519.989" colourspace="ICCBased" ncolour="[0]" size="10.560">险</text>
                <text font="JQUZDQ+SimSun" bbox="273.840,509.429,284.400,519.989" colourspace="ICCBased" ncolour="[0]" size="10.560">责</text>
                <text font="JQUZDQ+SimSun" bbox="284.160,509.429,294.720,519.989" colourspace="ICCBased" ncolour="[0]" size="10.560">任</text>
                <text font="JQUZDQ+SimSun" bbox="294.720,509.429,305.280,519.989" colourspace="ICCBased" ncolour="[0]" size="10.560">，</text>
                <text font="JQUZDQ+SimSun" bbox="305.280,509.429,315.840,519.989" colourspace="ICCBased" ncolour="[0]" size="10.560">将</text>
                <text font="JQUZDQ+SimSun" bbox="315.840,509.429,326.400,519.989" colourspace="ICCBased" ncolour="[0]" size="10.560">退</text>
                <text font="JQUZDQ+SimSun" bbox="326.400,509.429,336.960,519.989" colourspace="ICCBased" ncolour="[0]" size="10.560">还</text>
                <text font="JQUZDQ+SimSun" bbox="336.960,509.429,347.520,519.989" colourspace="ICCBased" ncolour="[0]" size="10.560">您</text>
                <text font="JQUZDQ+SimSun" bbox="347.280,509.429,357.840,519.989" colourspace="ICCBased" ncolour="[0]" size="10.560">所</text>
                <text font="JQUZDQ+SimSun" bbox="357.840,509.429,368.400,519.989" colourspace="ICCBased" ncolour="[0]" size="10.560">支</text>
                <text font="JQUZDQ+SimSun" bbox="368.400,509.429,378.960,519.989" colourspace="ICCBased" ncolour="[0]" size="10.560">付</text>
                <text font="JQUZDQ+SimSun" bbox="378.960,509.429,389.520,519.989" colourspace="ICCBased" ncolour="[0]" size="10.560">的</text>
                <text font="JQUZDQ+SimSun" bbox="389.520,509.429,400.080,519.989" colourspace="ICCBased" ncolour="[0]" size="10.560">本</text>
                <text font="JQUZDQ+SimSun" bbox="399.840,509.429,410.400,519.989" colourspace="ICCBased" ncolour="[0]" size="10.560">附</text>
                <text font="JQUZDQ+SimSun" bbox="410.400,509.429,420.960,519.989" colourspace="ICCBased" ncolour="[0]" size="10.560">加</text>
                <text font="JQUZDQ+SimSun" bbox="420.960,509.429,431.520,519.989" colourspace="ICCBased" ncolour="[0]" size="10.560">险</text>
                <text font="JQUZDQ+SimSun" bbox="431.520,509.429,442.080,519.989" colourspace="ICCBased" ncolour="[0]" size="10.560">合</text>
                <text font="JQUZDQ+SimSun" bbox="442.080,509.429,452.640,519.989" colourspace="ICCBased" ncolour="[0]" size="10.560">同</text>
                <text font="JQUZDQ+SimSun" bbox="452.400,509.429,462.960,519.989" colourspace="ICCBased" ncolour="[0]" size="10.560">的</text>
                <text font="JQUZDQ+SimSun" bbox="462.960,509.429,473.520,519.989" colourspace="ICCBased" ncolour="[0]" size="10.560">保</text>
                <text font="JQUZDQ+SimSun" bbox="473.520,509.429,484.080,519.989" colourspace="ICCBased" ncolour="[0]" size="10.560">险</text>
                <text font="JQUZDQ+SimSun" bbox="484.080,509.429,494.640,519.989" colourspace="ICCBased" ncolour="[0]" size="10.560">费</text>
                <text font="JQUZDQ+SimSun" bbox="494.640,509.429,505.200,519.989" colourspace="ICCBased" ncolour="[0]" size="10.560">，</text>
                <text font="JQUZDQ+SimSun" bbox="505.200,509.429,515.760,519.989" colourspace="ICCBased" ncolour="[0]" size="10.560">本</text>
                <text font="JQUZDQ+SimSun" bbox="515.760,509.429,526.320,519.989" colourspace="ICCBased" ncolour="[0]" size="10.560">附</text>
                <text font="JQUZDQ+SimSun" bbox="526.080,509.429,536.640,519.989" colourspace="ICCBased" ncolour="[0]" size="10.560">加</text>
                <text font="JQUZDQ+SimSun" bbox="536.640,509.429,547.200,519.989" colourspace="ICCBased" ncolour="[0]" size="10.560">险</text>
                <text>
                </text>
            </textline>
            <textline bbox="210.480,493.713,547.440,505.539">
                <text font="JQUZDQ+SimSun" bbox="210.480,493.829,221.040,504.389" colourspace="ICCBased" ncolour="[0]" size="10.560">合</text>
                <text font="JQUZDQ+SimSun" bbox="221.040,493.829,231.600,504.389" colourspace="ICCBased" ncolour="[0]" size="10.560">同</text>
                <text font="JQUZDQ+SimSun" bbox="231.600,493.829,242.160,504.389" colourspace="ICCBased" ncolour="[0]" size="10.560">终</text>
                <text font="JQUZDQ+SimSun" bbox="242.160,493.829,252.720,504.389" colourspace="ICCBased" ncolour="[0]" size="10.560">止</text>
                <text font="JQUZDQ+SimSun" bbox="252.720,493.829,263.280,504.389" colourspace="ICCBased" ncolour="[0]" size="10.560">。</text>
                <text font="JQUZDQ+SimSun" bbox="263.040,493.829,273.600,504.389" colourspace="ICCBased" ncolour="[0]" size="10.560">这</text>
                <text> </text>
                <text font="JTTPDQ+SimSun" bbox="276.240,493.829,281.520,504.389" colourspace="ICCBased" ncolour="[0]" size="10.560">9</text>
                <text font="JTTPDQ+SimSun" bbox="281.277,493.829,286.557,504.389" colourspace="ICCBased" ncolour="[0]" size="10.560">0</text>
                <text> </text>
                <text font="JQUZDQ+SimSun" bbox="289.200,493.829,299.760,504.389" colourspace="ICCBased" ncolour="[0]" size="10.560">日</text>
                <text font="JQUZDQ+SimSun" bbox="299.760,493.829,310.320,504.389" colourspace="ICCBased" ncolour="[0]" size="10.560">的</text>
                <text font="JQUZDQ+SimSun" bbox="310.320,493.829,320.880,504.389" colourspace="ICCBased" ncolour="[0]" size="10.560">时</text>
                <text font="JQUZDQ+SimSun" bbox="320.640,493.829,331.200,504.389" colourspace="ICCBased" ncolour="[0]" size="10.560">间</text>
                <text font="JQUZDQ+SimSun" bbox="331.200,493.829,341.760,504.389" colourspace="ICCBased" ncolour="[0]" size="10.560">称</text>
                <text font="JQUZDQ+SimSun" bbox="341.760,493.829,352.320,504.389" colourspace="ICCBased" ncolour="[0]" size="10.560">为</text>
                <text font="JQUZDQ+SimSun" bbox="352.320,493.829,362.880,504.389" colourspace="ICCBased" ncolour="[0]" size="10.560">等</text>
                <text font="JQUZDQ+SimSun" bbox="362.641,493.829,373.201,504.389" colourspace="ICCBased" ncolour="[0]" size="10.560">待</text>
                <text font="JQUZDQ+SimSun" bbox="373.201,493.829,383.761,504.389" colourspace="ICCBased" ncolour="[0]" size="10.560">期</text>
                <text font="JQUZDQ+SimSun" bbox="383.761,493.829,394.321,504.389" colourspace="ICCBased" ncolour="[0]" size="10.560">；</text>
                <text font="JQUZDQ+SimSun" bbox="394.080,493.829,404.640,504.389" colourspace="ICCBased" ncolour="[0]" size="10.560">被</text>
                <text font="JQUZDQ+SimSun" bbox="404.640,493.829,415.200,504.389" colourspace="ICCBased" ncolour="[0]" size="10.560">保</text>
                <text font="JQUZDQ+SimSun" bbox="414.960,493.829,425.520,504.389" colourspace="ICCBased" ncolour="[0]" size="10.560">险</text>
                <text font="JQUZDQ+SimSun" bbox="425.520,493.829,436.080,504.389" colourspace="ICCBased" ncolour="[0]" size="10.560">人</text>
                <text font="JQUZDQ+SimSun" bbox="436.080,493.829,446.640,504.389" colourspace="ICCBased" ncolour="[0]" size="10.560">因</text>
                <text font="JRNKDQ+SimHei" bbox="446.400,493.713,456.960,504.273" colourspace="ICCBased" ncolour="[0]" size="10.560">意</text>
                <text font="JRNKDQ+SimHei" bbox="456.960,493.713,467.520,504.273" colourspace="ICCBased" ncolour="[0]" size="10.560">外</text>
                <text font="JRNKDQ+SimHei" bbox="467.520,493.713,478.080,504.273" colourspace="ICCBased" ncolour="[0]" size="10.560">伤</text>
                <text font="JRNKDQ+SimHei" bbox="478.080,493.713,488.640,504.273" colourspace="ICCBased" ncolour="[0]" size="10.560">害</text>
                <text> </text>
                <text font="TTLNNW+SimHei" bbox="491.760,500.019,494.520,505.539" colourspace="ICCBased" ncolour="[0]" size="5.520">2</text>
                <text font="JQUZDQ+SimSun" bbox="494.880,493.829,505.440,504.389" colourspace="ICCBased" ncolour="[0]" size="10.560">发</text>
                <text font="JQUZDQ+SimSun" bbox="505.440,493.829,516.000,504.389" colourspace="ICCBased" ncolour="[0]" size="10.560">生</text>
                <text font="JQUZDQ+SimSun" bbox="516.000,493.829,526.560,504.389" colourspace="ICCBased" ncolour="[0]" size="10.560">上</text>
                <text font="JQUZDQ+SimSun" bbox="526.560,493.829,537.120,504.389" colourspace="ICCBased" ncolour="[0]" size="10.560">述</text>
                <text font="JQUZDQ+SimSun" bbox="536.880,493.829,547.440,504.389" colourspace="ICCBased" ncolour="[0]" size="10.560">情</text>
                <text>
                </text>
            </textline>
            <textline bbox="210.478,478.232,299.763,488.792">
                <text font="JQUZDQ+SimSun" bbox="210.478,478.232,221.038,488.792" colourspace="ICCBased" ncolour="[0]" size="10.560">形</text>
                <text font="JQUZDQ+SimSun" bbox="221.038,478.232,231.598,488.792" colourspace="ICCBased" ncolour="[0]" size="10.560">的</text>
                <text font="JQUZDQ+SimSun" bbox="231.598,478.232,242.158,488.792" colourspace="ICCBased" ncolour="[0]" size="10.560">，</text>
                <text font="JQUZDQ+SimSun" bbox="242.158,478.232,252.718,488.792" colourspace="ICCBased" ncolour="[0]" size="10.560">无</text>
                <text font="JQUZDQ+SimSun" bbox="252.718,478.232,263.278,488.792" colourspace="ICCBased" ncolour="[0]" size="10.560">等</text>
                <text font="JQUZDQ+SimSun" bbox="263.038,478.232,273.598,488.792" colourspace="ICCBased" ncolour="[0]" size="10.560">待</text>
                <text font="JQUZDQ+SimSun" bbox="273.598,478.232,284.158,488.792" colourspace="ICCBased" ncolour="[0]" size="10.560">期</text>
                <text font="JQUZDQ+SimSun" bbox="284.158,478.232,294.718,488.792" colourspace="ICCBased" ncolour="[0]" size="10.560">。</text>
                <text font="JTTPDQ+SimSun" bbox="294.483,478.232,299.763,488.792" colourspace="ICCBased" ncolour="[0]" size="10.560"> </text>
                <text>
                </text>
            </textline>
            <textline bbox="210.489,462.635,215.769,473.195">
                <text font="JTTPDQ+SimSun" bbox="210.489,462.635,215.769,473.195" colourspace="ICCBased" ncolour="[0]" size="10.560"> </text>
                <text>
                </text>
            </textline>
            <textline bbox="210.480,448.469,547.200,459.029">
                <text font="JQUZDQ+SimSun" bbox="210.480,448.469,221.040,459.029" colourspace="ICCBased" ncolour="[0]" size="10.560">被</text>
                <text font="JQUZDQ+SimSun" bbox="221.040,448.469,231.600,459.029" colourspace="ICCBased" ncolour="[0]" size="10.560">保</text>
                <text font="JQUZDQ+SimSun" bbox="231.600,448.469,242.160,459.029" colourspace="ICCBased" ncolour="[0]" size="10.560">险</text>
                <text font="JQUZDQ+SimSun" bbox="242.160,448.469,252.720,459.029" colourspace="ICCBased" ncolour="[0]" size="10.560">人</text>
                <text font="JQUZDQ+SimSun" bbox="252.720,448.469,263.280,459.029" colourspace="ICCBased" ncolour="[0]" size="10.560">经</text>
                <text font="JQUZDQ+SimSun" bbox="263.280,448.469,273.840,459.029" colourspace="ICCBased" ncolour="[0]" size="10.560">医</text>
                <text font="JQUZDQ+SimSun" bbox="273.840,448.469,284.400,459.029" colourspace="ICCBased" ncolour="[0]" size="10.560">院</text>
                <text font="JQUZDQ+SimSun" bbox="284.160,448.469,294.720,459.029" colourspace="ICCBased" ncolour="[0]" size="10.560">确</text>
                <text font="JQUZDQ+SimSun" bbox="294.720,448.469,305.280,459.029" colourspace="ICCBased" ncolour="[0]" size="10.560">诊</text>
                <text font="JQUZDQ+SimSun" bbox="305.280,448.469,315.840,459.029" colourspace="ICCBased" ncolour="[0]" size="10.560">初</text>
                <text font="JQUZDQ+SimSun" bbox="315.840,448.469,326.400,459.029" colourspace="ICCBased" ncolour="[0]" size="10.560">次</text>
                <text font="JQUZDQ+SimSun" bbox="326.400,448.469,336.960,459.029" colourspace="ICCBased" ncolour="[0]" size="10.560">发</text>
                <text font="JQUZDQ+SimSun" bbox="336.960,448.469,347.520,459.029" colourspace="ICCBased" ncolour="[0]" size="10.560">生</text>
                <text font="JQUZDQ+SimSun" bbox="347.285,448.469,357.845,459.029" colourspace="ICCBased" ncolour="[0]" size="10.560">本</text>
                <text font="JQUZDQ+SimSun" bbox="357.845,448.469,368.405,459.029" colourspace="ICCBased" ncolour="[0]" size="10.560">附</text>
                <text font="JQUZDQ+SimSun" bbox="368.405,448.469,378.965,459.029" colourspace="ICCBased" ncolour="[0]" size="10.560">加</text>
                <text font="JQUZDQ+SimSun" bbox="378.965,448.469,389.525,459.029" colourspace="ICCBased" ncolour="[0]" size="10.560">险</text>
                <text font="JQUZDQ+SimSun" bbox="389.525,448.469,400.085,459.029" colourspace="ICCBased" ncolour="[0]" size="10.560">合</text>
                <text font="JQUZDQ+SimSun" bbox="399.845,448.469,410.405,459.029" colourspace="ICCBased" ncolour="[0]" size="10.560">同</text>
                <text font="JTTPDQ+SimSun" bbox="410.405,448.469,420.965,459.029" colourspace="ICCBased" ncolour="[0]" size="10.560">“</text>
                <text font="JTTPDQ+SimSun" bbox="420.965,448.469,426.245,459.029" colourspace="ICCBased" ncolour="[0]" size="10.560">7</text>
                <text> </text>
                <text font="JQUZDQ+SimSun" bbox="431.520,448.469,442.080,459.029" colourspace="ICCBased" ncolour="[0]" size="10.560">重</text>
                <text font="JQUZDQ+SimSun" bbox="442.080,448.469,452.640,459.029" colourspace="ICCBased" ncolour="[0]" size="10.560">大</text>
                <text font="JQUZDQ+SimSun" bbox="452.400,448.469,462.960,459.029" colourspace="ICCBased" ncolour="[0]" size="10.560">疾</text>
                <text font="JQUZDQ+SimSun" bbox="462.960,448.469,473.520,459.029" colourspace="ICCBased" ncolour="[0]" size="10.560">病</text>
                <text font="JQUZDQ+SimSun" bbox="473.520,448.469,484.080,459.029" colourspace="ICCBased" ncolour="[0]" size="10.560">释</text>
                <text font="JQUZDQ+SimSun" bbox="484.080,448.469,494.640,459.029" colourspace="ICCBased" ncolour="[0]" size="10.560">义</text>
                <text font="JQUZDQ+SimSun" bbox="494.640,448.469,505.200,459.029" colourspace="ICCBased" ncolour="[0]" size="10.560">”</text>
                <text font="JQUZDQ+SimSun" bbox="505.200,448.469,515.760,459.029" colourspace="ICCBased" ncolour="[0]" size="10.560">所</text>
                <text font="JQUZDQ+SimSun" bbox="515.760,448.469,526.320,459.029" colourspace="ICCBased" ncolour="[0]" size="10.560">定</text>
                <text font="JQUZDQ+SimSun" bbox="526.080,448.469,536.640,459.029" colourspace="ICCBased" ncolour="[0]" size="10.560">义</text>
                <text font="JQUZDQ+SimSun" bbox="536.640,448.469,547.200,459.029" colourspace="ICCBased" ncolour="[0]" size="10.560">的</text>
                <text>
                </text>
            </textline>
            <textline bbox="210.478,432.753,552.480,444.579">
                <text font="JQUZDQ+SimSun" bbox="210.478,432.872,221.038,443.432" colourspace="ICCBased" ncolour="[0]" size="10.560">“</text>
                <text font="JQUZDQ+SimSun" bbox="221.038,432.872,231.598,443.432" colourspace="ICCBased" ncolour="[0]" size="10.560">重</text>
                <text font="JQUZDQ+SimSun" bbox="231.598,432.872,242.158,443.432" colourspace="ICCBased" ncolour="[0]" size="10.560">大</text>
                <text font="JQUZDQ+SimSun" bbox="242.158,432.872,252.718,443.432" colourspace="ICCBased" ncolour="[0]" size="10.560">疾</text>
                <text font="JQUZDQ+SimSun" bbox="252.718,432.872,263.278,443.432" colourspace="ICCBased" ncolour="[0]" size="10.560">病</text>
                <text font="JQUZDQ+SimSun" bbox="263.278,432.872,273.838,443.432" colourspace="ICCBased" ncolour="[0]" size="10.560">”</text>
                <text font="JQUZDQ+SimSun" bbox="268.318,432.872,278.878,443.432" colourspace="ICCBased" ncolour="[0]" size="10.560">，</text>
                <text font="JQUZDQ+SimSun" bbox="273.598,432.872,284.158,443.432" colourspace="ICCBased" ncolour="[0]" size="10.560">我</text>
                <text font="JQUZDQ+SimSun" bbox="284.158,432.872,294.718,443.432" colourspace="ICCBased" ncolour="[0]" size="10.560">们</text>
                <text font="JQUZDQ+SimSun" bbox="294.718,432.872,305.278,443.432" colourspace="ICCBased" ncolour="[0]" size="10.560">按</text>
                <text font="JQUZDQ+SimSun" bbox="305.038,432.872,315.598,443.432" colourspace="ICCBased" ncolour="[0]" size="10.560">照</text>
                <text font="JQUZDQ+SimSun" bbox="315.598,432.872,326.158,443.432" colourspace="ICCBased" ncolour="[0]" size="10.560">本</text>
                <text font="JQUZDQ+SimSun" bbox="326.158,432.872,336.718,443.432" colourspace="ICCBased" ncolour="[0]" size="10.560">附</text>
                <text font="JQUZDQ+SimSun" bbox="336.718,432.872,347.278,443.432" colourspace="ICCBased" ncolour="[0]" size="10.560">加</text>
                <text font="JQUZDQ+SimSun" bbox="347.038,432.872,357.598,443.432" colourspace="ICCBased" ncolour="[0]" size="10.560">险</text>
                <text font="JQUZDQ+SimSun" bbox="357.598,432.872,368.158,443.432" colourspace="ICCBased" ncolour="[0]" size="10.560">合</text>
                <text font="JQUZDQ+SimSun" bbox="368.158,432.872,378.718,443.432" colourspace="ICCBased" ncolour="[0]" size="10.560">同</text>
                <text font="JRNKDQ+SimHei" bbox="378.480,432.753,389.040,443.313" colourspace="ICCBased" ncolour="[0]" size="10.560">基</text>
                <text font="JRNKDQ+SimHei" bbox="389.040,432.753,399.600,443.313" colourspace="ICCBased" ncolour="[0]" size="10.560">本</text>
                <text font="JRNKDQ+SimHei" bbox="399.600,432.753,410.160,443.313" colourspace="ICCBased" ncolour="[0]" size="10.560">保</text>
                <text font="JRNKDQ+SimHei" bbox="410.160,432.753,420.720,443.313" colourspace="ICCBased" ncolour="[0]" size="10.560">险</text>
                <text font="JRNKDQ+SimHei" bbox="420.720,432.753,431.280,443.313" colourspace="ICCBased" ncolour="[0]" size="10.560">金</text>
                <text font="JRNKDQ+SimHei" bbox="431.280,432.753,441.840,443.313" colourspace="ICCBased" ncolour="[0]" size="10.560">额</text>
                <text> </text>
                <text font="TTLNNW+SimHei" bbox="444.480,439.059,447.240,444.579" colourspace="ICCBased" ncolour="[0]" size="5.520">3</text>
                <text font="JQUZDQ+SimSun" bbox="447.600,432.869,458.160,443.429" colourspace="ICCBased" ncolour="[0]" size="10.560">给</text>
                <text font="JQUZDQ+SimSun" bbox="458.160,432.869,468.720,443.429" colourspace="ICCBased" ncolour="[0]" size="10.560">付</text>
                <text font="JQUZDQ+SimSun" bbox="468.720,432.869,479.280,443.429" colourspace="ICCBased" ncolour="[0]" size="10.560">重</text>
                <text font="JQUZDQ+SimSun" bbox="479.280,432.869,489.840,443.429" colourspace="ICCBased" ncolour="[0]" size="10.560">大</text>
                <text font="JQUZDQ+SimSun" bbox="489.840,432.869,500.400,443.429" colourspace="ICCBased" ncolour="[0]" size="10.560">疾</text>
                <text font="JQUZDQ+SimSun" bbox="500.400,432.869,510.960,443.429" colourspace="ICCBased" ncolour="[0]" size="10.560">病</text>
                <text font="JQUZDQ+SimSun" bbox="510.720,432.869,521.280,443.429" colourspace="ICCBased" ncolour="[0]" size="10.560">保</text>
                <text font="JQUZDQ+SimSun" bbox="521.280,432.869,531.840,443.429" colourspace="ICCBased" ncolour="[0]" size="10.560">险</text>
                <text font="JQUZDQ+SimSun" bbox="531.601,432.869,542.161,443.429" colourspace="ICCBased" ncolour="[0]" size="10.560">金</text>
                <text font="JQUZDQ+SimSun" bbox="541.920,432.869,552.480,443.429" colourspace="ICCBased" ncolour="[0]" size="10.560">。</text>
                <text font="JTTPDQ+SimSun" bbox="546.960,432.869,552.240,443.429" colourspace="ICCBased" ncolour="[0]" size="10.560"> </text>
                <text>
                </text>
            </textline>
            <textline bbox="210.480,417.269,373.199,427.829">
                <text font="JQUZDQ+SimSun" bbox="210.480,417.269,221.040,427.829" colourspace="ICCBased" ncolour="[0]" size="10.560">重</text>
                <text font="JQUZDQ+SimSun" bbox="221.040,417.269,231.600,427.829" colourspace="ICCBased" ncolour="[0]" size="10.560">大</text>
                <text font="JQUZDQ+SimSun" bbox="231.600,417.269,242.160,427.829" colourspace="ICCBased" ncolour="[0]" size="10.560">疾</text>
                <text font="JQUZDQ+SimSun" bbox="242.160,417.269,252.720,427.829" colourspace="ICCBased" ncolour="[0]" size="10.560">病</text>
                <text font="JQUZDQ+SimSun" bbox="252.720,417.269,263.280,427.829" colourspace="ICCBased" ncolour="[0]" size="10.560">保</text>
                <text font="JQUZDQ+SimSun" bbox="263.040,417.269,273.600,427.829" colourspace="ICCBased" ncolour="[0]" size="10.560">险</text>
                <text font="JQUZDQ+SimSun" bbox="273.600,417.269,284.160,427.829" colourspace="ICCBased" ncolour="[0]" size="10.560">金</text>
                <text font="JQUZDQ+SimSun" bbox="284.160,417.269,294.720,427.829" colourspace="ICCBased" ncolour="[0]" size="10.560">给</text>
                <text font="JQUZDQ+SimSun" bbox="294.720,417.269,305.280,427.829" colourspace="ICCBased" ncolour="[0]" size="10.560">付</text>
                <text font="JQUZDQ+SimSun" bbox="305.040,417.269,315.600,427.829" colourspace="ICCBased" ncolour="[0]" size="10.560">以</text>
                <text font="JQUZDQ+SimSun" bbox="315.600,417.269,326.160,427.829" colourspace="ICCBased" ncolour="[0]" size="10.560">一</text>
                <text font="JQUZDQ+SimSun" bbox="326.160,417.269,336.720,427.829" colourspace="ICCBased" ncolour="[0]" size="10.560">次</text>
                <text font="JQUZDQ+SimSun" bbox="336.720,417.269,347.280,427.829" colourspace="ICCBased" ncolour="[0]" size="10.560">为</text>
                <text font="JQUZDQ+SimSun" bbox="347.040,417.269,357.600,427.829" colourspace="ICCBased" ncolour="[0]" size="10.560">限</text>
                <text font="JQUZDQ+SimSun" bbox="357.600,417.269,368.160,427.829" colourspace="ICCBased" ncolour="[0]" size="10.560">。</text>
                <text font="JTTPDQ+SimSun" bbox="367.919,417.269,373.199,427.829" colourspace="ICCBased" ncolour="[0]" size="10.560"> </text>
                <text>
                </text>
            </textline>
            <textline bbox="210.480,401.672,215.760,412.232">
                <text font="JTTPDQ+SimSun" bbox="210.480,401.672,215.760,412.232" colourspace="ICCBased" ncolour="[0]" size="10.560"> </text>
                <text>
                </text>
            </textline>
            <textline bbox="210.480,387.509,547.200,398.069">
                <text font="JQUZDQ+SimSun" bbox="210.480,387.509,221.040,398.069" colourspace="ICCBased" ncolour="[0]" size="10.560">我</text>
                <text font="JQUZDQ+SimSun" bbox="221.040,387.509,231.600,398.069" colourspace="ICCBased" ncolour="[0]" size="10.560">们</text>
                <text font="JQUZDQ+SimSun" bbox="231.600,387.509,242.160,398.069" colourspace="ICCBased" ncolour="[0]" size="10.560">给</text>
                <text font="JQUZDQ+SimSun" bbox="242.160,387.509,252.720,398.069" colourspace="ICCBased" ncolour="[0]" size="10.560">付</text>
                <text font="JQUZDQ+SimSun" bbox="252.720,387.509,263.280,398.069" colourspace="ICCBased" ncolour="[0]" size="10.560">重</text>
                <text font="JQUZDQ+SimSun" bbox="263.280,387.509,273.840,398.069" colourspace="ICCBased" ncolour="[0]" size="10.560">大</text>
                <text font="JQUZDQ+SimSun" bbox="273.840,387.509,284.400,398.069" colourspace="ICCBased" ncolour="[0]" size="10.560">疾</text>
                <text font="JQUZDQ+SimSun" bbox="284.160,387.509,294.720,398.069" colourspace="ICCBased" ncolour="[0]" size="10.560">病</text>
                <text font="JQUZDQ+SimSun" bbox="294.720,387.509,305.280,398.069" colourspace="ICCBased" ncolour="[0]" size="10.560">保</text>
                <text font="JQUZDQ+SimSun" bbox="305.280,387.509,315.840,398.069" colourspace="ICCBased" ncolour="[0]" size="10.560">险</text>
                <text font="JQUZDQ+SimSun" bbox="315.840,387.509,326.400,398.069" colourspace="ICCBased" ncolour="[0]" size="10.560">金</text>
                <text font="JQUZDQ+SimSun" bbox="326.400,387.509,336.960,398.069" colourspace="ICCBased" ncolour="[0]" size="10.560">后</text>
                <text font="JQUZDQ+SimSun" bbox="336.960,387.509,347.520,398.069" colourspace="ICCBased" ncolour="[0]" size="10.560">，</text>
                <text font="JQUZDQ+SimSun" bbox="347.280,387.509,357.840,398.069" colourspace="ICCBased" ncolour="[0]" size="10.560">本</text>
                <text font="JQUZDQ+SimSun" bbox="357.840,387.509,368.400,398.069" colourspace="ICCBased" ncolour="[0]" size="10.560">附</text>
                <text font="JQUZDQ+SimSun" bbox="368.400,387.509,378.960,398.069" colourspace="ICCBased" ncolour="[0]" size="10.560">加</text>
                <text font="JQUZDQ+SimSun" bbox="378.960,387.509,389.520,398.069" colourspace="ICCBased" ncolour="[0]" size="10.560">险</text>
                <text font="JQUZDQ+SimSun" bbox="389.520,387.509,400.080,398.069" colourspace="ICCBased" ncolour="[0]" size="10.560">合</text>
                <text font="JQUZDQ+SimSun" bbox="399.840,387.509,410.400,398.069" colourspace="ICCBased" ncolour="[0]" size="10.560">同</text>
                <text font="JQUZDQ+SimSun" bbox="410.400,387.509,420.960,398.069" colourspace="ICCBased" ncolour="[0]" size="10.560">终</text>
                <text font="JQUZDQ+SimSun" bbox="420.960,387.509,431.520,398.069" colourspace="ICCBased" ncolour="[0]" size="10.560">止</text>
                <text font="JQUZDQ+SimSun" bbox="431.520,387.509,442.080,398.069" colourspace="ICCBased" ncolour="[0]" size="10.560">，</text>
                <text font="JQUZDQ+SimSun" bbox="442.080,387.509,452.640,398.069" colourspace="ICCBased" ncolour="[0]" size="10.560">主</text>
                <text font="JQUZDQ+SimSun" bbox="452.400,387.509,462.960,398.069" colourspace="ICCBased" ncolour="[0]" size="10.560">险</text>
                <text font="JQUZDQ+SimSun" bbox="462.960,387.509,473.520,398.069" colourspace="ICCBased" ncolour="[0]" size="10.560">合</text>
                <text font="JQUZDQ+SimSun" bbox="473.520,387.509,484.080,398.069" colourspace="ICCBased" ncolour="[0]" size="10.560">同</text>
                <text font="JQUZDQ+SimSun" bbox="484.080,387.509,494.640,398.069" colourspace="ICCBased" ncolour="[0]" size="10.560">基</text>
                <text font="JQUZDQ+SimSun" bbox="494.640,387.509,505.200,398.069" colourspace="ICCBased" ncolour="[0]" size="10.560">本</text>
                <text font="JQUZDQ+SimSun" bbox="505.200,387.509,515.760,398.069" colourspace="ICCBased" ncolour="[0]" size="10.560">保</text>
                <text font="JQUZDQ+SimSun" bbox="515.760,387.509,526.320,398.069" colourspace="ICCBased" ncolour="[0]" size="10.560">险</text>
                <text font="JQUZDQ+SimSun" bbox="526.080,387.509,536.640,398.069" colourspace="ICCBased" ncolour="[0]" size="10.560">金</text>
                <text font="JQUZDQ+SimSun" bbox="536.640,387.509,547.200,398.069" colourspace="ICCBased" ncolour="[0]" size="10.560">额</text>
                <text>
                </text>
            </textline>
            <textline bbox="210.480,371.909,547.200,382.469">
                <text font="JQUZDQ+SimSun" bbox="210.480,371.909,221.040,382.469" colourspace="ICCBased" ncolour="[0]" size="10.560">按</text>
                <text font="JQUZDQ+SimSun" bbox="221.040,371.909,231.600,382.469" colourspace="ICCBased" ncolour="[0]" size="10.560">给</text>
                <text font="JQUZDQ+SimSun" bbox="231.600,371.909,242.160,382.469" colourspace="ICCBased" ncolour="[0]" size="10.560">付</text>
                <text font="JQUZDQ+SimSun" bbox="242.160,371.909,252.720,382.469" colourspace="ICCBased" ncolour="[0]" size="10.560">的</text>
                <text font="JQUZDQ+SimSun" bbox="252.720,371.909,263.280,382.469" colourspace="ICCBased" ncolour="[0]" size="10.560">重</text>
                <text font="JQUZDQ+SimSun" bbox="263.280,371.909,273.840,382.469" colourspace="ICCBased" ncolour="[0]" size="10.560">大</text>
                <text font="JQUZDQ+SimSun" bbox="273.840,371.909,284.400,382.469" colourspace="ICCBased" ncolour="[0]" size="10.560">疾</text>
                <text font="JQUZDQ+SimSun" bbox="284.160,371.909,294.720,382.469" colourspace="ICCBased" ncolour="[0]" size="10.560">病</text>
                <text font="JQUZDQ+SimSun" bbox="294.720,371.909,305.280,382.469" colourspace="ICCBased" ncolour="[0]" size="10.560">保</text>
                <text font="JQUZDQ+SimSun" bbox="305.280,371.909,315.840,382.469" colourspace="ICCBased" ncolour="[0]" size="10.560">险</text>
                <text font="JQUZDQ+SimSun" bbox="315.840,371.909,326.400,382.469" colourspace="ICCBased" ncolour="[0]" size="10.560">金</text>
                <text font="JQUZDQ+SimSun" bbox="326.400,371.909,336.960,382.469" colourspace="ICCBased" ncolour="[0]" size="10.560">等</text>
                <text font="JQUZDQ+SimSun" bbox="336.960,371.909,347.520,382.469" colourspace="ICCBased" ncolour="[0]" size="10.560">额</text>
                <text font="JQUZDQ+SimSun" bbox="347.280,371.909,357.840,382.469" colourspace="ICCBased" ncolour="[0]" size="10.560">减</text>
                <text font="JQUZDQ+SimSun" bbox="357.840,371.909,368.400,382.469" colourspace="ICCBased" ncolour="[0]" size="10.560">少</text>
                <text font="JQUZDQ+SimSun" bbox="368.400,371.909,378.960,382.469" colourspace="ICCBased" ncolour="[0]" size="10.560">；</text>
                <text font="JQUZDQ+SimSun" bbox="378.960,371.909,389.520,382.469" colourspace="ICCBased" ncolour="[0]" size="10.560">主</text>
                <text font="JQUZDQ+SimSun" bbox="389.520,371.909,400.080,382.469" colourspace="ICCBased" ncolour="[0]" size="10.560">险</text>
                <text font="JQUZDQ+SimSun" bbox="399.840,371.909,410.400,382.469" colourspace="ICCBased" ncolour="[0]" size="10.560">合</text>
                <text font="JQUZDQ+SimSun" bbox="410.400,371.909,420.960,382.469" colourspace="ICCBased" ncolour="[0]" size="10.560">同</text>
                <text font="JQUZDQ+SimSun" bbox="420.960,371.909,431.520,382.469" colourspace="ICCBased" ncolour="[0]" size="10.560">约</text>
                <text font="JQUZDQ+SimSun" bbox="431.520,371.909,442.080,382.469" colourspace="ICCBased" ncolour="[0]" size="10.560">定</text>
                <text font="JQUZDQ+SimSun" bbox="442.080,371.909,452.640,382.469" colourspace="ICCBased" ncolour="[0]" size="10.560">的</text>
                <text font="JQUZDQ+SimSun" bbox="452.400,371.909,462.960,382.469" colourspace="ICCBased" ncolour="[0]" size="10.560">各</text>
                <text font="JQUZDQ+SimSun" bbox="462.960,371.909,473.520,382.469" colourspace="ICCBased" ncolour="[0]" size="10.560">项</text>
                <text font="JQUZDQ+SimSun" bbox="473.520,371.909,484.080,382.469" colourspace="ICCBased" ncolour="[0]" size="10.560">保</text>
                <text font="JQUZDQ+SimSun" bbox="484.080,371.909,494.640,382.469" colourspace="ICCBased" ncolour="[0]" size="10.560">险</text>
                <text font="JQUZDQ+SimSun" bbox="494.640,371.909,505.200,382.469" colourspace="ICCBased" ncolour="[0]" size="10.560">责</text>
                <text font="JQUZDQ+SimSun" bbox="505.200,371.909,515.760,382.469" colourspace="ICCBased" ncolour="[0]" size="10.560">任</text>
                <text font="JQUZDQ+SimSun" bbox="515.760,371.909,526.320,382.469" colourspace="ICCBased" ncolour="[0]" size="10.560">及</text>
                <text font="JQUZDQ+SimSun" bbox="526.080,371.909,536.640,382.469" colourspace="ICCBased" ncolour="[0]" size="10.560">现</text>
                <text font="JQUZDQ+SimSun" bbox="536.640,371.909,547.200,382.469" colourspace="ICCBased" ncolour="[0]" size="10.560">金</text>
                <text>
                </text>
            </textline>
            <textline bbox="210.480,356.309,552.480,366.869">
                <text font="JQUZDQ+SimSun" bbox="210.480,356.309,221.040,366.869" colourspace="ICCBased" ncolour="[0]" size="10.560">价</text>
                <text font="JQUZDQ+SimSun" bbox="221.040,356.309,231.600,366.869" colourspace="ICCBased" ncolour="[0]" size="10.560">值</text>
                <text font="JQUZDQ+SimSun" bbox="231.600,356.309,242.160,366.869" colourspace="ICCBased" ncolour="[0]" size="10.560">按</text>
                <text font="JQUZDQ+SimSun" bbox="242.160,356.309,252.720,366.869" colourspace="ICCBased" ncolour="[0]" size="10.560">减</text>
                <text font="JQUZDQ+SimSun" bbox="252.720,356.309,263.280,366.869" colourspace="ICCBased" ncolour="[0]" size="10.560">少</text>
                <text font="JQUZDQ+SimSun" bbox="263.040,356.309,273.600,366.869" colourspace="ICCBased" ncolour="[0]" size="10.560">后</text>
                <text font="JQUZDQ+SimSun" bbox="273.600,356.309,284.160,366.869" colourspace="ICCBased" ncolour="[0]" size="10.560">的</text>
                <text font="JQUZDQ+SimSun" bbox="284.160,356.309,294.720,366.869" colourspace="ICCBased" ncolour="[0]" size="10.560">基</text>
                <text font="JQUZDQ+SimSun" bbox="294.720,356.309,305.280,366.869" colourspace="ICCBased" ncolour="[0]" size="10.560">本</text>
                <text font="JQUZDQ+SimSun" bbox="305.040,356.309,315.600,366.869" colourspace="ICCBased" ncolour="[0]" size="10.560">保</text>
                <text font="JQUZDQ+SimSun" bbox="315.600,356.309,326.160,366.869" colourspace="ICCBased" ncolour="[0]" size="10.560">险</text>
                <text font="JQUZDQ+SimSun" bbox="326.160,356.309,336.720,366.869" colourspace="ICCBased" ncolour="[0]" size="10.560">金</text>
                <text font="JQUZDQ+SimSun" bbox="336.720,356.309,347.280,366.869" colourspace="ICCBased" ncolour="[0]" size="10.560">额</text>
                <text font="JQUZDQ+SimSun" bbox="347.040,356.309,357.600,366.869" colourspace="ICCBased" ncolour="[0]" size="10.560">确</text>
                <text font="JQUZDQ+SimSun" bbox="357.600,356.309,368.160,366.869" colourspace="ICCBased" ncolour="[0]" size="10.560">定</text>
                <text font="JQUZDQ+SimSun" bbox="368.160,356.309,378.720,366.869" colourspace="ICCBased" ncolour="[0]" size="10.560">。</text>
                <text font="JQUZDQ+SimSun" bbox="373.920,356.309,384.480,366.869" colourspace="ICCBased" ncolour="[0]" size="10.560">当</text>
                <text font="JQUZDQ+SimSun" bbox="384.480,356.309,395.040,366.869" colourspace="ICCBased" ncolour="[0]" size="10.560">主</text>
                <text font="JQUZDQ+SimSun" bbox="394.801,356.309,405.361,366.869" colourspace="ICCBased" ncolour="[0]" size="10.560">险</text>
                <text font="JQUZDQ+SimSun" bbox="405.361,356.309,415.921,366.869" colourspace="ICCBased" ncolour="[0]" size="10.560">合</text>
                <text font="JQUZDQ+SimSun" bbox="415.921,356.309,426.481,366.869" colourspace="ICCBased" ncolour="[0]" size="10.560">同</text>
                <text font="JQUZDQ+SimSun" bbox="426.481,356.309,437.041,366.869" colourspace="ICCBased" ncolour="[0]" size="10.560">基</text>
                <text font="JQUZDQ+SimSun" bbox="436.800,356.309,447.360,366.869" colourspace="ICCBased" ncolour="[0]" size="10.560">本</text>
                <text font="JQUZDQ+SimSun" bbox="447.120,356.309,457.680,366.869" colourspace="ICCBased" ncolour="[0]" size="10.560">保</text>
                <text font="JQUZDQ+SimSun" bbox="457.680,356.309,468.240,366.869" colourspace="ICCBased" ncolour="[0]" size="10.560">险</text>
                <text font="JQUZDQ+SimSun" bbox="468.240,356.309,478.800,366.869" colourspace="ICCBased" ncolour="[0]" size="10.560">金</text>
                <text font="JQUZDQ+SimSun" bbox="478.800,356.309,489.360,366.869" colourspace="ICCBased" ncolour="[0]" size="10.560">额</text>
                <text font="JQUZDQ+SimSun" bbox="489.360,356.309,499.920,366.869" colourspace="ICCBased" ncolour="[0]" size="10.560">减</text>
                <text font="JQUZDQ+SimSun" bbox="499.680,356.309,510.240,366.869" colourspace="ICCBased" ncolour="[0]" size="10.560">少</text>
                <text font="JQUZDQ+SimSun" bbox="510.240,356.309,520.800,366.869" colourspace="ICCBased" ncolour="[0]" size="10.560">至</text>
                <text font="JQUZDQ+SimSun" bbox="520.800,356.309,531.360,366.869" colourspace="ICCBased" ncolour="[0]" size="10.560">零</text>
                <text font="JQUZDQ+SimSun" bbox="531.360,356.309,541.920,366.869" colourspace="ICCBased" ncolour="[0]" size="10.560">时</text>
                <text font="JQUZDQ+SimSun" bbox="541.920,356.309,552.480,366.869" colourspace="ICCBased" ncolour="[0]" size="10.560">，</text>
                <text>
                </text>
            </textline>
            <textline bbox="210.480,340.709,289.200,351.269">
                <text font="JQUZDQ+SimSun" bbox="210.480,340.709,221.040,351.269" colourspace="ICCBased" ncolour="[0]" size="10.560">主</text>
                <text font="JQUZDQ+SimSun" bbox="221.040,340.709,231.600,351.269" colourspace="ICCBased" ncolour="[0]" size="10.560">险</text>
                <text font="JQUZDQ+SimSun" bbox="231.600,340.709,242.160,351.269" colourspace="ICCBased" ncolour="[0]" size="10.560">合</text>
                <text font="JQUZDQ+SimSun" bbox="242.160,340.709,252.720,351.269" colourspace="ICCBased" ncolour="[0]" size="10.560">同</text>
                <text font="JQUZDQ+SimSun" bbox="252.720,340.709,263.280,351.269" colourspace="ICCBased" ncolour="[0]" size="10.560">终</text>
                <text font="JQUZDQ+SimSun" bbox="263.040,340.709,273.600,351.269" colourspace="ICCBased" ncolour="[0]" size="10.560">止</text>
                <text font="JQUZDQ+SimSun" bbox="273.600,340.709,284.160,351.269" colourspace="ICCBased" ncolour="[0]" size="10.560">。</text>
                <text font="JTTPDQ+SimSun" bbox="283.920,340.709,289.200,351.269" colourspace="ICCBased" ncolour="[0]" size="10.560"> </text>
                <text>
                </text>
            </textline>
            <textline bbox="210.486,325.112,215.766,335.672">
                <text font="JTTPDQ+SimSun" bbox="210.486,325.112,215.766,335.672" colourspace="ICCBased" ncolour="[0]" size="10.560"> </text>
                <text>
                </text>
            </textline>
            <textline bbox="210.482,310.954,547.201,321.514">
                <text font="JQUZDQ+SimSun" bbox="210.482,310.954,221.042,321.514" colourspace="ICCBased" ncolour="[0]" size="10.560">我</text>
                <text font="JQUZDQ+SimSun" bbox="221.042,310.954,231.602,321.514" colourspace="ICCBased" ncolour="[0]" size="10.560">们</text>
                <text font="JQUZDQ+SimSun" bbox="231.602,310.954,242.162,321.514" colourspace="ICCBased" ncolour="[0]" size="10.560">提</text>
                <text font="JQUZDQ+SimSun" bbox="242.162,310.954,252.722,321.514" colourspace="ICCBased" ncolour="[0]" size="10.560">供</text>
                <text font="JQUZDQ+SimSun" bbox="252.722,310.954,263.282,321.514" colourspace="ICCBased" ncolour="[0]" size="10.560">保</text>
                <text font="JQUZDQ+SimSun" bbox="263.042,310.954,273.602,321.514" colourspace="ICCBased" ncolour="[0]" size="10.560">障</text>
                <text font="JQUZDQ+SimSun" bbox="273.602,310.954,284.162,321.514" colourspace="ICCBased" ncolour="[0]" size="10.560">的</text>
                <text font="JQUZDQ+SimSun" bbox="284.162,310.954,294.722,321.514" colourspace="ICCBased" ncolour="[0]" size="10.560">重</text>
                <text font="JQUZDQ+SimSun" bbox="294.722,310.954,305.282,321.514" colourspace="ICCBased" ncolour="[0]" size="10.560">大</text>
                <text font="JQUZDQ+SimSun" bbox="305.041,310.954,315.601,321.514" colourspace="ICCBased" ncolour="[0]" size="10.560">疾</text>
                <text font="JQUZDQ+SimSun" bbox="315.601,310.954,326.161,321.514" colourspace="ICCBased" ncolour="[0]" size="10.560">病</text>
                <text font="JQUZDQ+SimSun" bbox="326.161,310.954,336.721,321.514" colourspace="ICCBased" ncolour="[0]" size="10.560">共</text>
                <text font="JQUZDQ+SimSun" bbox="336.721,310.954,347.281,321.514" colourspace="ICCBased" ncolour="[0]" size="10.560">有</text>
                <text> </text>
                <text font="JTTPDQ+SimSun" bbox="349.684,310.954,354.964,321.514" colourspace="ICCBased" ncolour="[0]" size="10.560">8</text>
                <text font="JTTPDQ+SimSun" bbox="354.964,310.954,360.244,321.514" colourspace="ICCBased" ncolour="[0]" size="10.560">0</text>
                <text> </text>
                <text font="JQUZDQ+SimSun" bbox="362.884,310.954,373.444,321.514" colourspace="ICCBased" ncolour="[0]" size="10.560">种</text>
                <text font="JQUZDQ+SimSun" bbox="373.444,310.954,384.004,321.514" colourspace="ICCBased" ncolour="[0]" size="10.560">，</text>
                <text font="JQUZDQ+SimSun" bbox="383.284,310.954,393.844,321.514" colourspace="ICCBased" ncolour="[0]" size="10.560">名</text>
                <text font="JQUZDQ+SimSun" bbox="393.604,310.954,404.164,321.514" colourspace="ICCBased" ncolour="[0]" size="10.560">称</text>
                <text font="JQUZDQ+SimSun" bbox="404.164,310.954,414.724,321.514" colourspace="ICCBased" ncolour="[0]" size="10.560">如</text>
                <text font="JQUZDQ+SimSun" bbox="414.724,310.954,425.284,321.514" colourspace="ICCBased" ncolour="[0]" size="10.560">下</text>
                <text font="JQUZDQ+SimSun" bbox="425.284,310.954,435.844,321.514" colourspace="ICCBased" ncolour="[0]" size="10.560">，</text>
                <text font="JQUZDQ+SimSun" bbox="434.884,310.954,445.444,321.514" colourspace="ICCBased" ncolour="[0]" size="10.560">具</text>
                <text font="JQUZDQ+SimSun" bbox="445.444,310.954,456.004,321.514" colourspace="ICCBased" ncolour="[0]" size="10.560">体</text>
                <text font="JQUZDQ+SimSun" bbox="455.764,310.954,466.324,321.514" colourspace="ICCBased" ncolour="[0]" size="10.560">释</text>
                <text font="JQUZDQ+SimSun" bbox="466.324,310.954,476.884,321.514" colourspace="ICCBased" ncolour="[0]" size="10.560">义</text>
                <text font="JQUZDQ+SimSun" bbox="476.884,310.954,487.444,321.514" colourspace="ICCBased" ncolour="[0]" size="10.560">见</text>
                <text font="JQUZDQ+SimSun" bbox="486.724,310.954,497.284,321.514" colourspace="ICCBased" ncolour="[0]" size="10.560">“</text>
                <text font="JTTPDQ+SimSun" bbox="497.284,310.954,502.564,321.514" colourspace="ICCBased" ncolour="[0]" size="10.560">7</text>
                <text> </text>
                <text font="JQUZDQ+SimSun" bbox="505.201,310.954,515.761,321.514" colourspace="ICCBased" ncolour="[0]" size="10.560">重</text>
                <text font="JQUZDQ+SimSun" bbox="515.521,310.954,526.081,321.514" colourspace="ICCBased" ncolour="[0]" size="10.560">大</text>
                <text font="JQUZDQ+SimSun" bbox="526.081,310.954,536.641,321.514" colourspace="ICCBased" ncolour="[0]" size="10.560">疾</text>
                <text font="JQUZDQ+SimSun" bbox="536.641,310.954,547.201,321.514" colourspace="ICCBased" ncolour="[0]" size="10.560">病</text>
                <text>
                </text>
            </textline>
            <textline bbox="210.482,295.356,252.479,305.916">
                <text font="JQUZDQ+SimSun" bbox="210.482,295.356,221.042,305.916" colourspace="ICCBased" ncolour="[0]" size="10.560">释</text>
                <text font="JQUZDQ+SimSun" bbox="221.042,295.356,231.602,305.916" colourspace="ICCBased" ncolour="[0]" size="10.560">义</text>
                <text font="JQUZDQ+SimSun" bbox="231.602,295.356,242.162,305.916" colourspace="ICCBased" ncolour="[0]" size="10.560">”</text>
                <text font="JQUZDQ+SimSun" bbox="236.882,295.356,247.442,305.916" colourspace="ICCBased" ncolour="[0]" size="10.560">。</text>
                <text font="JTTPDQ+SimSun" bbox="247.199,295.356,252.479,305.916" colourspace="ICCBased" ncolour="[0]" size="10.560"> </text>
                <text>
                </text>
            </textline>
        </textbox>
        <textbox id="18" bbox="216.000,278.789,368.880,289.349">
            <textline bbox="216.000,278.789,368.880,289.349">
                <text font="JQUZDQ+SimSun" bbox="216.000,278.789,226.560,289.349" colourspace="ICCBased" ncolour="[0]" size="10.560">第</text>
                <text> </text>
                <text font="JTTPDQ+SimSun" bbox="229.200,278.789,234.480,289.349" colourspace="ICCBased" ncolour="[0]" size="10.560">1</text>
                <text> </text>
                <text font="JQUZDQ+SimSun" bbox="237.120,278.789,247.680,289.349" colourspace="ICCBased" ncolour="[0]" size="10.560">类</text>
                <text font="JQUZDQ+SimSun" bbox="247.680,278.789,258.240,289.349" colourspace="ICCBased" ncolour="[0]" size="10.560">：</text>
                <text font="JQUZDQ+SimSun" bbox="258.240,278.789,268.800,289.349" colourspace="ICCBased" ncolour="[0]" size="10.560">与</text>
                <text font="JQUZDQ+SimSun" bbox="268.800,278.789,279.360,289.349" colourspace="ICCBased" ncolour="[0]" size="10.560">恶</text>
                <text font="JQUZDQ+SimSun" bbox="279.360,278.789,289.920,289.349" colourspace="ICCBased" ncolour="[0]" size="10.560">性</text>
                <text font="JQUZDQ+SimSun" bbox="289.920,278.789,300.480,289.349" colourspace="ICCBased" ncolour="[0]" size="10.560">肿</text>
                <text font="JQUZDQ+SimSun" bbox="300.480,278.789,311.040,289.349" colourspace="ICCBased" ncolour="[0]" size="10.560">瘤</text>
                <text font="JQUZDQ+SimSun" bbox="311.040,278.789,321.600,289.349" colourspace="ICCBased" ncolour="[0]" size="10.560">相</text>
                <text font="JQUZDQ+SimSun" bbox="321.600,278.789,332.160,289.349" colourspace="ICCBased" ncolour="[0]" size="10.560">关</text>
                <text font="JQUZDQ+SimSun" bbox="332.160,278.789,342.720,289.349" colourspace="ICCBased" ncolour="[0]" size="10.560">的</text>
                <text font="JQUZDQ+SimSun" bbox="342.720,278.789,353.280,289.349" colourspace="ICCBased" ncolour="[0]" size="10.560">疾</text>
                <text font="JQUZDQ+SimSun" bbox="353.280,278.789,363.840,289.349" colourspace="ICCBased" ncolour="[0]" size="10.560">病</text>
                <text font="JTTPDQ+SimSun" bbox="363.600,278.789,368.880,289.349" colourspace="ICCBased" ncolour="[0]" size="10.560"> </text>
                <text>
                </text>
            </textline>
        </textbox>
        <textbox id="19" bbox="216.000,258.149,389.280,268.709">
            <textline bbox="216.000,258.149,389.280,268.709">
                <text font="JTTPDQ+SimSun" bbox="216.000,258.149,221.280,268.709" colourspace="ICCBased" ncolour="[0]" size="10.560">1</text>
                <text font="JQUZDQ+SimSun" bbox="221.280,258.149,231.840,268.709" colourspace="ICCBased" ncolour="[0]" size="10.560">、</text>
                <text font="JQUZDQ+SimSun" bbox="231.840,258.149,242.400,268.709" colourspace="ICCBased" ncolour="[0]" size="10.560">恶</text>
                <text font="JQUZDQ+SimSun" bbox="242.400,258.149,252.960,268.709" colourspace="ICCBased" ncolour="[0]" size="10.560">性</text>
                <text font="JQUZDQ+SimSun" bbox="252.960,258.149,263.520,268.709" colourspace="ICCBased" ncolour="[0]" size="10.560">肿</text>
                <text font="JQUZDQ+SimSun" bbox="263.520,258.149,274.080,268.709" colourspace="ICCBased" ncolour="[0]" size="10.560">瘤</text>
                <text font="JTTPDQ+SimSun" bbox="273.840,258.149,279.120,268.709" colourspace="ICCBased" ncolour="[0]" size="10.560"> </text>
                <text font="JTTPDQ+SimSun" bbox="279.120,258.149,284.400,268.709" colourspace="ICCBased" ncolour="[0]" size="10.560"> </text>
                <text font="JTTPDQ+SimSun" bbox="284.400,258.149,289.680,268.709" colourspace="ICCBased" ncolour="[0]" size="10.560"> </text>
                <text font="JTTPDQ+SimSun" bbox="289.680,258.149,294.960,268.709" colourspace="ICCBased" ncolour="[0]" size="10.560"> </text>
                <text font="JTTPDQ+SimSun" bbox="294.960,258.149,300.240,268.709" colourspace="ICCBased" ncolour="[0]" size="10.560"> </text>
                <text font="JTTPDQ+SimSun" bbox="300.240,258.149,305.520,268.709" colourspace="ICCBased" ncolour="[0]" size="10.560"> </text>
                <text font="JTTPDQ+SimSun" bbox="305.520,258.149,310.800,268.709" colourspace="ICCBased" ncolour="[0]" size="10.560"> </text>
                <text font="JTTPDQ+SimSun" bbox="310.800,258.149,316.080,268.709" colourspace="ICCBased" ncolour="[0]" size="10.560"> </text>
                <text font="JTTPDQ+SimSun" bbox="315.840,258.149,321.120,268.709" colourspace="ICCBased" ncolour="[0]" size="10.560"> </text>
                <text font="JTTPDQ+SimSun" bbox="321.120,258.149,326.400,268.709" colourspace="ICCBased" ncolour="[0]" size="10.560"> </text>
                <text font="JTTPDQ+SimSun" bbox="326.400,258.149,331.680,268.709" colourspace="ICCBased" ncolour="[0]" size="10.560"> </text>
                <text font="JTTPDQ+SimSun" bbox="331.680,258.149,336.960,268.709" colourspace="ICCBased" ncolour="[0]" size="10.560"> </text>
                <text font="JTTPDQ+SimSun" bbox="336.960,258.149,342.240,268.709" colourspace="ICCBased" ncolour="[0]" size="10.560"> </text>
                <text font="JTTPDQ+SimSun" bbox="342.240,258.149,347.520,268.709" colourspace="ICCBased" ncolour="[0]" size="10.560"> </text>
                <text font="JTTPDQ+SimSun" bbox="347.520,258.149,352.800,268.709" colourspace="ICCBased" ncolour="[0]" size="10.560"> </text>
                <text font="JTTPDQ+SimSun" bbox="352.800,258.149,358.080,268.709" colourspace="ICCBased" ncolour="[0]" size="10.560"> </text>
                <text font="JTTPDQ+SimSun" bbox="357.841,258.149,363.121,268.709" colourspace="ICCBased" ncolour="[0]" size="10.560"> </text>
                <text font="JTTPDQ+SimSun" bbox="363.121,258.149,368.401,268.709" colourspace="ICCBased" ncolour="[0]" size="10.560"> </text>
                <text font="JTTPDQ+SimSun" bbox="368.401,258.149,373.681,268.709" colourspace="ICCBased" ncolour="[0]" size="10.560"> </text>
                <text font="JTTPDQ+SimSun" bbox="373.681,258.149,378.961,268.709" colourspace="ICCBased" ncolour="[0]" size="10.560"> </text>
                <text font="JTTPDQ+SimSun" bbox="378.961,258.149,384.241,268.709" colourspace="ICCBased" ncolour="[0]" size="10.560"> </text>
                <text font="JTTPDQ+SimSun" bbox="384.000,258.149,389.280,268.709" colourspace="ICCBased" ncolour="[0]" size="10.560"> </text>
                <text>
                </text>
            </textline>
        </textbox>
        <textbox id="20" bbox="359.520,258.149,538.079,268.709">
            <textline bbox="359.520,258.149,538.079,268.709">
                <text font="JTTPDQ+SimSun" bbox="359.520,258.149,364.800,268.709" colourspace="ICCBased" ncolour="[0]" size="10.560">2</text>
                <text font="JQUZDQ+SimSun" bbox="364.800,258.149,375.360,268.709" colourspace="ICCBased" ncolour="[0]" size="10.560">、</text>
                <text font="JQUZDQ+SimSun" bbox="375.360,258.149,385.920,268.709" colourspace="ICCBased" ncolour="[0]" size="10.560">侵</text>
                <text font="JQUZDQ+SimSun" bbox="385.920,258.149,396.480,268.709" colourspace="ICCBased" ncolour="[0]" size="10.560">蚀</text>
                <text font="JQUZDQ+SimSun" bbox="396.480,258.149,407.040,268.709" colourspace="ICCBased" ncolour="[0]" size="10.560">性</text>
                <text font="JQUZDQ+SimSun" bbox="407.040,258.149,417.600,268.709" colourspace="ICCBased" ncolour="[0]" size="10.560">葡</text>
                <text font="JQUZDQ+SimSun" bbox="417.360,258.149,427.920,268.709" colourspace="ICCBased" ncolour="[0]" size="10.560">萄</text>
                <text font="JQUZDQ+SimSun" bbox="427.920,258.149,438.480,268.709" colourspace="ICCBased" ncolour="[0]" size="10.560">胎</text>
                <text font="JQUZDQ+SimSun" bbox="438.480,258.149,449.040,268.709" colourspace="ICCBased" ncolour="[0]" size="10.560">（</text>
                <text font="JQUZDQ+SimSun" bbox="449.040,258.149,459.600,268.709" colourspace="ICCBased" ncolour="[0]" size="10.560">或</text>
                <text font="JQUZDQ+SimSun" bbox="459.360,258.149,469.920,268.709" colourspace="ICCBased" ncolour="[0]" size="10.560">称</text>
                <text font="JQUZDQ+SimSun" bbox="469.920,258.149,480.480,268.709" colourspace="ICCBased" ncolour="[0]" size="10.560">恶</text>
                <text font="JQUZDQ+SimSun" bbox="480.480,258.149,491.040,268.709" colourspace="ICCBased" ncolour="[0]" size="10.560">性</text>
                <text font="JQUZDQ+SimSun" bbox="491.040,258.149,501.600,268.709" colourspace="ICCBased" ncolour="[0]" size="10.560">葡</text>
                <text font="JQUZDQ+SimSun" bbox="501.360,258.149,511.920,268.709" colourspace="ICCBased" ncolour="[0]" size="10.560">萄</text>
                <text font="JQUZDQ+SimSun" bbox="511.920,258.149,522.480,268.709" colourspace="ICCBased" ncolour="[0]" size="10.560">胎</text>
                <text font="JQUZDQ+SimSun" bbox="522.480,258.149,533.040,268.709" colourspace="ICCBased" ncolour="[0]" size="10.560">）</text>
                <text font="JTTPDQ+SimSun" bbox="532.799,258.149,538.079,268.709" colourspace="ICCBased" ncolour="[0]" size="10.560"> </text>
                <text>
                </text>
            </textline>
        </textbox>
        <textbox id="21" bbox="216.000,238.229,390.000,248.789">
            <textline bbox="216.000,238.229,390.000,248.789">
                <text font="JQUZDQ+SimSun" bbox="216.000,238.229,226.560,248.789" colourspace="ICCBased" ncolour="[0]" size="10.560">第</text>
                <text> </text>
                <text font="JTTPDQ+SimSun" bbox="229.200,238.229,234.480,248.789" colourspace="ICCBased" ncolour="[0]" size="10.560">2</text>
                <text> </text>
                <text font="JQUZDQ+SimSun" bbox="237.120,238.229,247.680,248.789" colourspace="ICCBased" ncolour="[0]" size="10.560">类</text>
                <text font="JQUZDQ+SimSun" bbox="247.680,238.229,258.240,248.789" colourspace="ICCBased" ncolour="[0]" size="10.560">：</text>
                <text font="JQUZDQ+SimSun" bbox="258.240,238.229,268.800,248.789" colourspace="ICCBased" ncolour="[0]" size="10.560">与</text>
                <text font="JQUZDQ+SimSun" bbox="268.800,238.229,279.360,248.789" colourspace="ICCBased" ncolour="[0]" size="10.560">心</text>
                <text font="JQUZDQ+SimSun" bbox="279.360,238.229,289.920,248.789" colourspace="ICCBased" ncolour="[0]" size="10.560">脏</text>
                <text font="JQUZDQ+SimSun" bbox="289.920,238.229,300.480,248.789" colourspace="ICCBased" ncolour="[0]" size="10.560">或</text>
                <text font="JQUZDQ+SimSun" bbox="300.480,238.229,311.040,248.789" colourspace="ICCBased" ncolour="[0]" size="10.560">脑</text>
                <text font="JQUZDQ+SimSun" bbox="311.040,238.229,321.600,248.789" colourspace="ICCBased" ncolour="[0]" size="10.560">血</text>
                <text font="JQUZDQ+SimSun" bbox="321.600,238.229,332.160,248.789" colourspace="ICCBased" ncolour="[0]" size="10.560">管</text>
                <text font="JQUZDQ+SimSun" bbox="332.160,238.229,342.720,248.789" colourspace="ICCBased" ncolour="[0]" size="10.560">相</text>
                <text font="JQUZDQ+SimSun" bbox="342.720,238.229,353.280,248.789" colourspace="ICCBased" ncolour="[0]" size="10.560">关</text>
                <text font="JQUZDQ+SimSun" bbox="353.280,238.229,363.840,248.789" colourspace="ICCBased" ncolour="[0]" size="10.560">的</text>
                <text font="JQUZDQ+SimSun" bbox="363.840,238.229,374.400,248.789" colourspace="ICCBased" ncolour="[0]" size="10.560">疾</text>
                <text font="JQUZDQ+SimSun" bbox="374.400,238.229,384.960,248.789" colourspace="ICCBased" ncolour="[0]" size="10.560">病</text>
                <text font="JTTPDQ+SimSun" bbox="384.720,238.229,390.000,248.789" colourspace="ICCBased" ncolour="[0]" size="10.560"> </text>
                <text>
                </text>
            </textline>
        </textbox>
        <textbox id="22" bbox="216.000,159.040,336.722,231.989">
            <textline bbox="216.000,221.429,300.005,231.989">
                <text font="JTTPDQ+SimSun" bbox="216.000,221.429,221.280,231.989" colourspace="ICCBased" ncolour="[0]" size="10.560">3</text>
                <text font="JQUZDQ+SimSun" bbox="221.280,221.429,231.840,231.989" colourspace="ICCBased" ncolour="[0]" size="10.560">、</text>
                <text font="JQUZDQ+SimSun" bbox="231.840,221.429,242.400,231.989" colourspace="ICCBased" ncolour="[0]" size="10.560">急</text>
                <text font="JQUZDQ+SimSun" bbox="242.400,221.429,252.960,231.989" colourspace="ICCBased" ncolour="[0]" size="10.560">性</text>
                <text font="JQUZDQ+SimSun" bbox="252.960,221.429,263.520,231.989" colourspace="ICCBased" ncolour="[0]" size="10.560">心</text>
                <text font="JQUZDQ+SimSun" bbox="263.520,221.429,274.080,231.989" colourspace="ICCBased" ncolour="[0]" size="10.560">肌</text>
                <text font="JQUZDQ+SimSun" bbox="273.840,221.429,284.400,231.989" colourspace="ICCBased" ncolour="[0]" size="10.560">梗</text>
                <text font="JQUZDQ+SimSun" bbox="284.400,221.429,294.960,231.989" colourspace="ICCBased" ncolour="[0]" size="10.560">塞</text>
                <text font="JTTPDQ+SimSun" bbox="294.725,221.429,300.005,231.989" colourspace="ICCBased" ncolour="[0]" size="10.560"> </text>
                <text>
                </text>
            </textline>
            <textline bbox="216.000,205.832,300.005,216.392">
                <text font="JTTPDQ+SimSun" bbox="216.000,205.832,221.280,216.392" colourspace="ICCBased" ncolour="[0]" size="10.560">5</text>
                <text font="JQUZDQ+SimSun" bbox="221.280,205.832,231.840,216.392" colourspace="ICCBased" ncolour="[0]" size="10.560">、</text>
                <text font="JQUZDQ+SimSun" bbox="231.840,205.832,242.400,216.392" colourspace="ICCBased" ncolour="[0]" size="10.560">心</text>
                <text font="JQUZDQ+SimSun" bbox="242.400,205.832,252.960,216.392" colourspace="ICCBased" ncolour="[0]" size="10.560">脏</text>
                <text font="JQUZDQ+SimSun" bbox="252.960,205.832,263.520,216.392" colourspace="ICCBased" ncolour="[0]" size="10.560">瓣</text>
                <text font="JQUZDQ+SimSun" bbox="263.520,205.832,274.080,216.392" colourspace="ICCBased" ncolour="[0]" size="10.560">膜</text>
                <text font="JQUZDQ+SimSun" bbox="273.840,205.832,284.400,216.392" colourspace="ICCBased" ncolour="[0]" size="10.560">手</text>
                <text font="JQUZDQ+SimSun" bbox="284.400,205.832,294.960,216.392" colourspace="ICCBased" ncolour="[0]" size="10.560">术</text>
                <text font="JTTPDQ+SimSun" bbox="294.725,205.832,300.005,216.392" colourspace="ICCBased" ncolour="[0]" size="10.560"> </text>
                <text>
                </text>
            </textline>
            <textline bbox="216.000,190.235,300.005,200.795">
                <text font="JTTPDQ+SimSun" bbox="216.000,190.235,221.280,200.795" colourspace="ICCBased" ncolour="[0]" size="10.560">7</text>
                <text font="JQUZDQ+SimSun" bbox="221.280,190.235,231.840,200.795" colourspace="ICCBased" ncolour="[0]" size="10.560">、</text>
                <text font="JQUZDQ+SimSun" bbox="231.840,190.235,242.400,200.795" colourspace="ICCBased" ncolour="[0]" size="10.560">脑</text>
                <text font="JQUZDQ+SimSun" bbox="242.400,190.235,252.960,200.795" colourspace="ICCBased" ncolour="[0]" size="10.560">中</text>
                <text font="JQUZDQ+SimSun" bbox="252.960,190.235,263.520,200.795" colourspace="ICCBased" ncolour="[0]" size="10.560">风</text>
                <text font="JQUZDQ+SimSun" bbox="263.520,190.235,274.080,200.795" colourspace="ICCBased" ncolour="[0]" size="10.560">后</text>
                <text font="JQUZDQ+SimSun" bbox="273.840,190.235,284.400,200.795" colourspace="ICCBased" ncolour="[0]" size="10.560">遗</text>
                <text font="JQUZDQ+SimSun" bbox="284.400,190.235,294.960,200.795" colourspace="ICCBased" ncolour="[0]" size="10.560">症</text>
                <text font="JTTPDQ+SimSun" bbox="294.725,190.235,300.005,200.795" colourspace="ICCBased" ncolour="[0]" size="10.560"> </text>
                <text>
                </text>
            </textline>
            <textline bbox="216.000,174.637,289.445,185.197">
                <text font="JTTPDQ+SimSun" bbox="216.000,174.637,221.280,185.197" colourspace="ICCBased" ncolour="[0]" size="10.560">9</text>
                <text font="JQUZDQ+SimSun" bbox="221.280,174.637,231.840,185.197" colourspace="ICCBased" ncolour="[0]" size="10.560">、</text>
                <text font="JQUZDQ+SimSun" bbox="231.840,174.637,242.400,185.197" colourspace="ICCBased" ncolour="[0]" size="10.560">主</text>
                <text font="JQUZDQ+SimSun" bbox="242.400,174.637,252.960,185.197" colourspace="ICCBased" ncolour="[0]" size="10.560">动</text>
                <text font="JQUZDQ+SimSun" bbox="252.960,174.637,263.520,185.197" colourspace="ICCBased" ncolour="[0]" size="10.560">脉</text>
                <text font="JQUZDQ+SimSun" bbox="263.520,174.637,274.080,185.197" colourspace="ICCBased" ncolour="[0]" size="10.560">手</text>
                <text font="JQUZDQ+SimSun" bbox="273.840,174.637,284.400,185.197" colourspace="ICCBased" ncolour="[0]" size="10.560">术</text>
                <text font="JTTPDQ+SimSun" bbox="284.165,174.637,289.445,185.197" colourspace="ICCBased" ncolour="[0]" size="10.560"> </text>
                <text>
                </text>
            </textline>
            <textline bbox="216.000,159.040,336.722,169.600">
                <text font="JTTPDQ+SimSun" bbox="216.000,159.040,221.280,169.600" colourspace="ICCBased" ncolour="[0]" size="10.560">1</text>
                <text font="JTTPDQ+SimSun" bbox="221.280,159.040,226.560,169.600" colourspace="ICCBased" ncolour="[0]" size="10.560">0</text>
                <text font="JQUZDQ+SimSun" bbox="226.560,159.040,237.120,169.600" colourspace="ICCBased" ncolour="[0]" size="10.560">、</text>
                <text font="JQUZDQ+SimSun" bbox="237.120,159.040,247.680,169.600" colourspace="ICCBased" ncolour="[0]" size="10.560">严</text>
                <text font="JQUZDQ+SimSun" bbox="247.680,159.040,258.240,169.600" colourspace="ICCBased" ncolour="[0]" size="10.560">重</text>
                <text font="JQUZDQ+SimSun" bbox="258.240,159.040,268.800,169.600" colourspace="ICCBased" ncolour="[0]" size="10.560">感</text>
                <text font="JQUZDQ+SimSun" bbox="268.560,159.040,279.120,169.600" colourspace="ICCBased" ncolour="[0]" size="10.560">染</text>
                <text font="JQUZDQ+SimSun" bbox="279.120,159.040,289.680,169.600" colourspace="ICCBased" ncolour="[0]" size="10.560">性</text>
                <text font="JQUZDQ+SimSun" bbox="289.680,159.040,300.240,169.600" colourspace="ICCBased" ncolour="[0]" size="10.560">心</text>
                <text font="JQUZDQ+SimSun" bbox="300.240,159.040,310.800,169.600" colourspace="ICCBased" ncolour="[0]" size="10.560">内</text>
                <text font="JQUZDQ+SimSun" bbox="310.560,159.040,321.120,169.600" colourspace="ICCBased" ncolour="[0]" size="10.560">膜</text>
                <text font="JQUZDQ+SimSun" bbox="321.120,159.040,331.680,169.600" colourspace="ICCBased" ncolour="[0]" size="10.560">炎</text>
                <text font="JTTPDQ+SimSun" bbox="331.442,159.040,336.722,169.600" colourspace="ICCBased" ncolour="[0]" size="10.560"> </text>
                <text>
                </text>
            </textline>
        </textbox>
        <textbox id="23" bbox="359.521,190.245,541.441,231.999">
            <textline bbox="359.521,221.439,485.523,231.999">
                <text font="JTTPDQ+SimSun" bbox="359.521,221.439,364.801,231.999" colourspace="ICCBased" ncolour="[0]" size="10.560">4</text>
                <text font="JQUZDQ+SimSun" bbox="364.801,221.439,375.361,231.999" colourspace="ICCBased" ncolour="[0]" size="10.560">、</text>
                <text font="JQUZDQ+SimSun" bbox="375.361,221.439,385.921,231.999" colourspace="ICCBased" ncolour="[0]" size="10.560">严</text>
                <text font="JQUZDQ+SimSun" bbox="385.921,221.439,396.481,231.999" colourspace="ICCBased" ncolour="[0]" size="10.560">重</text>
                <text font="JQUZDQ+SimSun" bbox="396.481,221.439,407.041,231.999" colourspace="ICCBased" ncolour="[0]" size="10.560">原</text>
                <text font="JQUZDQ+SimSun" bbox="407.041,221.439,417.601,231.999" colourspace="ICCBased" ncolour="[0]" size="10.560">发</text>
                <text font="JQUZDQ+SimSun" bbox="417.361,221.439,427.921,231.999" colourspace="ICCBased" ncolour="[0]" size="10.560">性</text>
                <text font="JQUZDQ+SimSun" bbox="427.921,221.439,438.481,231.999" colourspace="ICCBased" ncolour="[0]" size="10.560">肺</text>
                <text font="JQUZDQ+SimSun" bbox="438.481,221.439,449.041,231.999" colourspace="ICCBased" ncolour="[0]" size="10.560">动</text>
                <text font="JQUZDQ+SimSun" bbox="449.041,221.439,459.601,231.999" colourspace="ICCBased" ncolour="[0]" size="10.560">脉</text>
                <text font="JQUZDQ+SimSun" bbox="459.360,221.439,469.920,231.999" colourspace="ICCBased" ncolour="[0]" size="10.560">高</text>
                <text font="JQUZDQ+SimSun" bbox="469.920,221.439,480.480,231.999" colourspace="ICCBased" ncolour="[0]" size="10.560">压</text>
                <text font="JTTPDQ+SimSun" bbox="480.243,221.439,485.523,231.999" colourspace="ICCBased" ncolour="[0]" size="10.560"> </text>
                <text>
                </text>
            </textline>
            <textline bbox="359.521,205.842,474.963,216.402">
                <text font="JTTPDQ+SimSun" bbox="359.521,205.842,364.801,216.402" colourspace="ICCBased" ncolour="[0]" size="10.560">6</text>
                <text font="JQUZDQ+SimSun" bbox="364.801,205.842,375.361,216.402" colourspace="ICCBased" ncolour="[0]" size="10.560">、</text>
                <text font="JQUZDQ+SimSun" bbox="375.361,205.842,385.921,216.402" colourspace="ICCBased" ncolour="[0]" size="10.560">严</text>
                <text font="JQUZDQ+SimSun" bbox="385.921,205.842,396.481,216.402" colourspace="ICCBased" ncolour="[0]" size="10.560">重</text>
                <text font="JQUZDQ+SimSun" bbox="396.481,205.842,407.041,216.402" colourspace="ICCBased" ncolour="[0]" size="10.560">的</text>
                <text font="JQUZDQ+SimSun" bbox="407.041,205.842,417.601,216.402" colourspace="ICCBased" ncolour="[0]" size="10.560">原</text>
                <text font="JQUZDQ+SimSun" bbox="417.361,205.842,427.921,216.402" colourspace="ICCBased" ncolour="[0]" size="10.560">发</text>
                <text font="JQUZDQ+SimSun" bbox="427.921,205.842,438.481,216.402" colourspace="ICCBased" ncolour="[0]" size="10.560">性</text>
                <text font="JQUZDQ+SimSun" bbox="438.481,205.842,449.041,216.402" colourspace="ICCBased" ncolour="[0]" size="10.560">心</text>
                <text font="JQUZDQ+SimSun" bbox="449.041,205.842,459.601,216.402" colourspace="ICCBased" ncolour="[0]" size="10.560">肌</text>
                <text font="JQUZDQ+SimSun" bbox="459.360,205.842,469.920,216.402" colourspace="ICCBased" ncolour="[0]" size="10.560">病</text>
                <text font="JTTPDQ+SimSun" bbox="469.683,205.842,474.963,216.402" colourspace="ICCBased" ncolour="[0]" size="10.560"> </text>
                <text>
                </text>
            </textline>
            <textline bbox="359.521,190.245,541.441,200.805">
                <text font="JTTPDQ+SimSun" bbox="359.521,190.245,364.801,200.805" colourspace="ICCBased" ncolour="[0]" size="10.560">8</text>
                <text font="JQUZDQ+SimSun" bbox="364.801,190.245,375.361,200.805" colourspace="ICCBased" ncolour="[0]" size="10.560">、</text>
                <text font="JQUZDQ+SimSun" bbox="374.401,190.245,384.961,200.805" colourspace="ICCBased" ncolour="[0]" size="10.560">冠</text>
                <text font="JQUZDQ+SimSun" bbox="384.961,190.245,395.521,200.805" colourspace="ICCBased" ncolour="[0]" size="10.560">状</text>
                <text font="JQUZDQ+SimSun" bbox="395.521,190.245,406.081,200.805" colourspace="ICCBased" ncolour="[0]" size="10.560">动</text>
                <text font="JQUZDQ+SimSun" bbox="405.841,190.245,416.401,200.805" colourspace="ICCBased" ncolour="[0]" size="10.560">脉</text>
                <text font="JQUZDQ+SimSun" bbox="416.401,190.245,426.961,200.805" colourspace="ICCBased" ncolour="[0]" size="10.560">搭</text>
                <text font="JQUZDQ+SimSun" bbox="426.961,190.245,437.521,200.805" colourspace="ICCBased" ncolour="[0]" size="10.560">桥</text>
                <text font="JQUZDQ+SimSun" bbox="437.521,190.245,448.081,200.805" colourspace="ICCBased" ncolour="[0]" size="10.560">术</text>
                <text font="JQUZDQ+SimSun" bbox="446.881,190.245,457.441,200.805" colourspace="ICCBased" ncolour="[0]" size="10.560">（</text>
                <text font="JQUZDQ+SimSun" bbox="457.441,190.245,468.001,200.805" colourspace="ICCBased" ncolour="[0]" size="10.560">或</text>
                <text font="JQUZDQ+SimSun" bbox="468.001,190.245,478.561,200.805" colourspace="ICCBased" ncolour="[0]" size="10.560">称</text>
                <text font="JQUZDQ+SimSun" bbox="478.321,190.245,488.881,200.805" colourspace="ICCBased" ncolour="[0]" size="10.560">冠</text>
                <text font="JQUZDQ+SimSun" bbox="488.881,190.245,499.441,200.805" colourspace="ICCBased" ncolour="[0]" size="10.560">状</text>
                <text font="JQUZDQ+SimSun" bbox="499.441,190.245,510.001,200.805" colourspace="ICCBased" ncolour="[0]" size="10.560">动</text>
                <text font="JQUZDQ+SimSun" bbox="509.761,190.245,520.321,200.805" colourspace="ICCBased" ncolour="[0]" size="10.560">脉</text>
                <text font="JQUZDQ+SimSun" bbox="520.321,190.245,530.881,200.805" colourspace="ICCBased" ncolour="[0]" size="10.560">旁</text>
                <text font="JQUZDQ+SimSun" bbox="530.881,190.245,541.441,200.805" colourspace="ICCBased" ncolour="[0]" size="10.560">路</text>
                <text>
                </text>
            </textline>
        </textbox>
        <textbox id="24" bbox="375.361,174.648,422.638,185.208">
            <textline bbox="375.361,174.648,422.638,185.208">
                <text font="JQUZDQ+SimSun" bbox="375.361,174.648,385.921,185.208" colourspace="ICCBased" ncolour="[0]" size="10.560">移</text>
                <text font="JQUZDQ+SimSun" bbox="385.921,174.648,396.481,185.208" colourspace="ICCBased" ncolour="[0]" size="10.560">植</text>
                <text font="JQUZDQ+SimSun" bbox="396.481,174.648,407.041,185.208" colourspace="ICCBased" ncolour="[0]" size="10.560">术</text>
                <text font="JQUZDQ+SimSun" bbox="407.041,174.648,417.601,185.208" colourspace="ICCBased" ncolour="[0]" size="10.560">）</text>
                <text font="JTTPDQ+SimSun" bbox="417.358,174.648,422.638,185.208" colourspace="ICCBased" ncolour="[0]" size="10.560"> </text>
                <text>
                </text>
            </textline>
        </textbox>
        <textbox id="25" bbox="359.521,159.051,469.683,169.611">
            <textline bbox="359.521,159.051,469.683,169.611">
                <text font="JTTPDQ+SimSun" bbox="359.521,159.051,364.801,169.611" colourspace="ICCBased" ncolour="[0]" size="10.560">1</text>
                <text font="JTTPDQ+SimSun" bbox="364.801,159.051,370.081,169.611" colourspace="ICCBased" ncolour="[0]" size="10.560">1</text>
                <text font="JQUZDQ+SimSun" bbox="370.081,159.051,380.641,169.611" colourspace="ICCBased" ncolour="[0]" size="10.560">、</text>
                <text font="JQUZDQ+SimSun" bbox="380.641,159.051,391.201,169.611" colourspace="ICCBased" ncolour="[0]" size="10.560">严</text>
                <text font="JQUZDQ+SimSun" bbox="391.201,159.051,401.761,169.611" colourspace="ICCBased" ncolour="[0]" size="10.560">重</text>
                <text font="JQUZDQ+SimSun" bbox="401.761,159.051,412.321,169.611" colourspace="ICCBased" ncolour="[0]" size="10.560">肺</text>
                <text font="JQUZDQ+SimSun" bbox="412.081,159.051,422.641,169.611" colourspace="ICCBased" ncolour="[0]" size="10.560">源</text>
                <text font="JQUZDQ+SimSun" bbox="422.641,159.051,433.201,169.611" colourspace="ICCBased" ncolour="[0]" size="10.560">性</text>
                <text font="JQUZDQ+SimSun" bbox="433.201,159.051,443.761,169.611" colourspace="ICCBased" ncolour="[0]" size="10.560">心</text>
                <text font="JQUZDQ+SimSun" bbox="443.761,159.051,454.321,169.611" colourspace="ICCBased" ncolour="[0]" size="10.560">脏</text>
                <text font="JQUZDQ+SimSun" bbox="454.080,159.051,464.640,169.611" colourspace="ICCBased" ncolour="[0]" size="10.560">病</text>
                <text font="JTTPDQ+SimSun" bbox="464.403,159.051,469.683,169.611" colourspace="ICCBased" ncolour="[0]" size="10.560"> </text>
                <text>
                </text>
            </textline>
        </textbox>
        <textbox id="26" bbox="51.120,98.720,548.878,150.838">
            <textline bbox="51.120,140.278,197.756,150.838">
                <text font="TimesNewRomanPSMT" bbox="51.120,140.278,53.760,150.838" colourspace="ICCBased" ncolour="[0]" size="10.560"> </text>
                <text font="TimesNewRomanPSMT" bbox="53.760,140.278,56.400,150.838" colourspace="ICCBased" ncolour="[0]" size="10.560"> </text>
                <text font="TimesNewRomanPSMT" bbox="56.400,140.278,59.040,150.838" colourspace="ICCBased" ncolour="[0]" size="10.560"> </text>
                <text font="TimesNewRomanPSMT" bbox="59.040,140.278,61.680,150.838" colourspace="ICCBased" ncolour="[0]" size="10.560"> </text>
                <text font="TimesNewRomanPSMT" bbox="61.680,140.278,64.320,150.838" colourspace="ICCBased" ncolour="[0]" size="10.560"> </text>
                <text font="TimesNewRomanPSMT" bbox="64.320,140.278,66.960,150.838" colourspace="ICCBased" ncolour="[0]" size="10.560"> </text>
                <text font="TimesNewRomanPSMT" bbox="66.960,140.278,69.600,150.838" colourspace="ICCBased" ncolour="[0]" size="10.560"> </text>
                <text font="TimesNewRomanPSMT" bbox="69.600,140.278,72.240,150.838" colourspace="ICCBased" ncolour="[0]" size="10.560"> </text>
                <text font="TimesNewRomanPSMT" bbox="72.240,140.278,74.880,150.838" colourspace="ICCBased" ncolour="[0]" size="10.560"> </text>
                <text font="TimesNewRomanPSMT" bbox="74.880,140.278,77.520,150.838" colourspace="ICCBased" ncolour="[0]" size="10.560"> </text>
                <text font="TimesNewRomanPSMT" bbox="77.520,140.278,80.160,150.838" colourspace="ICCBased" ncolour="[0]" size="10.560"> </text>
                <text font="TimesNewRomanPSMT" bbox="80.160,140.278,82.800,150.838" colourspace="ICCBased" ncolour="[0]" size="10.560"> </text>
                <text font="TimesNewRomanPSMT" bbox="82.800,140.278,85.440,150.838" colourspace="ICCBased" ncolour="[0]" size="10.560"> </text>
                <text font="TimesNewRomanPSMT" bbox="85.440,140.278,88.080,150.838" colourspace="ICCBased" ncolour="[0]" size="10.560"> </text>
                <text font="TimesNewRomanPSMT" bbox="88.080,140.278,90.720,150.838" colourspace="ICCBased" ncolour="[0]" size="10.560"> </text>
                <text font="TimesNewRomanPSMT" bbox="90.720,140.278,93.360,150.838" colourspace="ICCBased" ncolour="[0]" size="10.560"> </text>
                <text font="TimesNewRomanPSMT" bbox="93.360,140.278,96.000,150.838" colourspace="ICCBased" ncolour="[0]" size="10.560"> </text>
                <text font="TimesNewRomanPSMT" bbox="96.000,140.278,98.640,150.838" colourspace="ICCBased" ncolour="[0]" size="10.560"> </text>
                <text font="TimesNewRomanPSMT" bbox="98.640,140.278,101.280,150.838" colourspace="ICCBased" ncolour="[0]" size="10.560"> </text>
                <text font="TimesNewRomanPSMT" bbox="101.280,140.278,103.920,150.838" colourspace="ICCBased" ncolour="[0]" size="10.560"> </text>
                <text font="TimesNewRomanPSMT" bbox="103.920,140.278,106.560,150.838" colourspace="ICCBased" ncolour="[0]" size="10.560"> </text>
                <text font="TimesNewRomanPSMT" bbox="106.560,140.278,109.200,150.838" colourspace="ICCBased" ncolour="[0]" size="10.560"> </text>
                <text font="TimesNewRomanPSMT" bbox="109.200,140.278,111.840,150.838" colourspace="ICCBased" ncolour="[0]" size="10.560"> </text>
                <text font="TimesNewRomanPSMT" bbox="111.840,140.278,114.480,150.838" colourspace="ICCBased" ncolour="[0]" size="10.560"> </text>
                <text font="TimesNewRomanPSMT" bbox="114.480,140.278,117.120,150.838" colourspace="ICCBased" ncolour="[0]" size="10.560"> </text>
                <text font="TimesNewRomanPSMT" bbox="117.120,140.278,119.760,150.838" colourspace="ICCBased" ncolour="[0]" size="10.560"> </text>
                <text font="TimesNewRomanPSMT" bbox="119.760,140.278,122.400,150.838" colourspace="ICCBased" ncolour="[0]" size="10.560"> </text>
                <text font="TimesNewRomanPSMT" bbox="122.400,140.278,125.040,150.838" colourspace="ICCBased" ncolour="[0]" size="10.560"> </text>
                <text font="TimesNewRomanPSMT" bbox="125.040,140.278,127.680,150.838" colourspace="ICCBased" ncolour="[0]" size="10.560"> </text>
                <text font="TimesNewRomanPSMT" bbox="127.680,140.278,130.320,150.838" colourspace="ICCBased" ncolour="[0]" size="10.560"> </text>
                <text font="TimesNewRomanPSMT" bbox="130.320,140.278,132.960,150.838" colourspace="ICCBased" ncolour="[0]" size="10.560"> </text>
                <text font="TimesNewRomanPSMT" bbox="132.960,140.278,135.600,150.838" colourspace="ICCBased" ncolour="[0]" size="10.560"> </text>
                <text font="TimesNewRomanPSMT" bbox="135.600,140.278,138.240,150.838" colourspace="ICCBased" ncolour="[0]" size="10.560"> </text>
                <text font="TimesNewRomanPSMT" bbox="138.240,140.278,140.880,150.838" colourspace="ICCBased" ncolour="[0]" size="10.560"> </text>
                <text font="TimesNewRomanPSMT" bbox="140.880,140.278,143.520,150.838" colourspace="ICCBased" ncolour="[0]" size="10.560"> </text>
                <text font="TimesNewRomanPSMT" bbox="143.520,140.278,146.160,150.838" colourspace="ICCBased" ncolour="[0]" size="10.560"> </text>
                <text font="TimesNewRomanPSMT" bbox="146.160,140.278,148.800,150.838" colourspace="ICCBased" ncolour="[0]" size="10.560"> </text>
                <text font="TimesNewRomanPSMT" bbox="148.800,140.278,151.440,150.838" colourspace="ICCBased" ncolour="[0]" size="10.560"> </text>
                <text font="TimesNewRomanPSMT" bbox="151.440,140.278,154.080,150.838" colourspace="ICCBased" ncolour="[0]" size="10.560"> </text>
                <text font="TimesNewRomanPSMT" bbox="154.080,140.278,156.720,150.838" colourspace="ICCBased" ncolour="[0]" size="10.560"> </text>
                <text font="TimesNewRomanPSMT" bbox="156.720,140.278,159.360,150.838" colourspace="ICCBased" ncolour="[0]" size="10.560"> </text>
                <text font="TimesNewRomanPSMT" bbox="159.360,140.278,162.000,150.838" colourspace="ICCBased" ncolour="[0]" size="10.560"> </text>
                <text font="TimesNewRomanPSMT" bbox="162.000,140.278,164.640,150.838" colourspace="ICCBased" ncolour="[0]" size="10.560"> </text>
                <text font="TimesNewRomanPSMT" bbox="164.640,140.278,167.280,150.838" colourspace="ICCBased" ncolour="[0]" size="10.560"> </text>
                <text font="TimesNewRomanPSMT" bbox="167.280,140.278,169.920,150.838" colourspace="ICCBased" ncolour="[0]" size="10.560"> </text>
                <text font="TimesNewRomanPSMT" bbox="169.920,140.278,172.560,150.838" colourspace="ICCBased" ncolour="[0]" size="10.560"> </text>
                <text font="TimesNewRomanPSMT" bbox="172.560,140.278,175.200,150.838" colourspace="ICCBased" ncolour="[0]" size="10.560"> </text>
                <text font="TimesNewRomanPSMT" bbox="175.200,140.278,177.840,150.838" colourspace="ICCBased" ncolour="[0]" size="10.560"> </text>
                <text font="TimesNewRomanPSMT" bbox="177.840,140.278,180.480,150.838" colourspace="ICCBased" ncolour="[0]" size="10.560"> </text>
                <text font="TimesNewRomanPSMT" bbox="180.480,140.278,183.120,150.838" colourspace="ICCBased" ncolour="[0]" size="10.560"> </text>
                <text font="TimesNewRomanPSMT" bbox="183.120,140.278,185.760,150.838" colourspace="ICCBased" ncolour="[0]" size="10.560"> </text>
                <text font="TimesNewRomanPSMT" bbox="185.760,140.278,188.400,150.838" colourspace="ICCBased" ncolour="[0]" size="10.560"> </text>
                <text font="TimesNewRomanPSMT" bbox="188.400,140.278,191.040,150.838" colourspace="ICCBased" ncolour="[0]" size="10.560"> </text>
                <text font="TimesNewRomanPSMT" bbox="191.040,140.278,193.680,150.838" colourspace="ICCBased" ncolour="[0]" size="10.560"> </text>
                <text font="TimesNewRomanPSMT" bbox="193.680,140.278,196.320,150.838" colourspace="ICCBased" ncolour="[0]" size="10.560"> </text>
                <text font="TimesNewRomanPSMT" bbox="195.116,140.278,197.756,150.838" colourspace="ICCBased" ncolour="[0]" size="10.560"> </text>
                <text>
                </text>
            </textline>
            <textline bbox="51.120,128.074,544.353,137.837">
                <text font="EUYBLA+KaiTi_GB2312" bbox="51.120,133.277,53.400,137.837" colourspace="ICCBased" ncolour="[0]" size="4.560">1</text>
                <text font="EUYBLA+KaiTi_GB2312" bbox="53.760,128.074,58.320,137.194" colourspace="ICCBased" ncolour="[0]" size="9.120"> </text>
                <text font="EUYBLA+KaiTi_GB2312" bbox="58.320,128.074,67.440,137.194" colourspace="ICCBased" ncolour="[0]" size="9.120">医</text>
                <text font="EUYBLA+KaiTi_GB2312" bbox="67.440,128.074,76.560,137.194" colourspace="ICCBased" ncolour="[0]" size="9.120">院</text>
                <text font="EUYBLA+KaiTi_GB2312" bbox="76.560,128.074,85.680,137.194" colourspace="ICCBased" ncolour="[0]" size="9.120">指</text>
                <text font="EUYBLA+KaiTi_GB2312" bbox="85.443,128.074,94.563,137.194" colourspace="ICCBased" ncolour="[0]" size="9.120">经</text>
                <text font="EUYBLA+KaiTi_GB2312" bbox="94.563,128.074,103.683,137.194" colourspace="ICCBased" ncolour="[0]" size="9.120">中</text>
                <text font="EUYBLA+KaiTi_GB2312" bbox="103.446,128.074,112.566,137.194" colourspace="ICCBased" ncolour="[0]" size="9.120">华</text>
                <text font="EUYBLA+KaiTi_GB2312" bbox="112.566,128.074,121.686,137.194" colourspace="ICCBased" ncolour="[0]" size="9.120">人</text>
                <text font="EUYBLA+KaiTi_GB2312" bbox="121.449,128.074,130.569,137.194" colourspace="ICCBased" ncolour="[0]" size="9.120">民</text>
                <text font="EUYBLA+KaiTi_GB2312" bbox="130.570,128.074,139.690,137.194" colourspace="ICCBased" ncolour="[0]" size="9.120">共</text>
                <text font="EUYBLA+KaiTi_GB2312" bbox="139.452,128.074,148.572,137.194" colourspace="ICCBased" ncolour="[0]" size="9.120">和</text>
                <text font="EUYBLA+KaiTi_GB2312" bbox="148.572,128.074,157.692,137.194" colourspace="ICCBased" ncolour="[0]" size="9.120">国</text>
                <text font="EUYBLA+KaiTi_GB2312" bbox="157.455,128.074,166.575,137.194" colourspace="ICCBased" ncolour="[0]" size="9.120">卫</text>
                <text font="EUYBLA+KaiTi_GB2312" bbox="166.575,128.074,175.695,137.194" colourspace="ICCBased" ncolour="[0]" size="9.120">生</text>
                <text font="EUYBLA+KaiTi_GB2312" bbox="175.458,128.074,184.578,137.194" colourspace="ICCBased" ncolour="[0]" size="9.120">部</text>
                <text font="EUYBLA+KaiTi_GB2312" bbox="184.578,128.074,193.698,137.194" colourspace="ICCBased" ncolour="[0]" size="9.120">门</text>
                <text font="EUYBLA+KaiTi_GB2312" bbox="193.461,128.074,202.581,137.194" colourspace="ICCBased" ncolour="[0]" size="9.120">评</text>
                <text font="EUYBLA+KaiTi_GB2312" bbox="202.581,128.074,211.701,137.194" colourspace="ICCBased" ncolour="[0]" size="9.120">审</text>
                <text font="EUYBLA+KaiTi_GB2312" bbox="211.464,128.074,220.584,137.194" colourspace="ICCBased" ncolour="[0]" size="9.120">确</text>
                <text font="EUYBLA+KaiTi_GB2312" bbox="220.584,128.074,229.704,137.194" colourspace="ICCBased" ncolour="[0]" size="9.120">定</text>
                <text font="EUYBLA+KaiTi_GB2312" bbox="229.467,128.074,238.587,137.194" colourspace="ICCBased" ncolour="[0]" size="9.120">的</text>
                <text font="EUYBLA+KaiTi_GB2312" bbox="238.350,128.074,247.470,137.194" colourspace="ICCBased" ncolour="[0]" size="9.120">二</text>
                <text font="EUYBLA+KaiTi_GB2312" bbox="247.470,128.074,256.590,137.194" colourspace="ICCBased" ncolour="[0]" size="9.120">级</text>
                <text font="EUYBLA+KaiTi_GB2312" bbox="256.353,128.074,265.473,137.194" colourspace="ICCBased" ncolour="[0]" size="9.120">或</text>
                <text font="EUYBLA+KaiTi_GB2312" bbox="265.473,128.074,274.593,137.194" colourspace="ICCBased" ncolour="[0]" size="9.120">二</text>
                <text font="EUYBLA+KaiTi_GB2312" bbox="274.355,128.074,283.475,137.194" colourspace="ICCBased" ncolour="[0]" size="9.120">级</text>
                <text font="EUYBLA+KaiTi_GB2312" bbox="283.475,128.074,292.595,137.194" colourspace="ICCBased" ncolour="[0]" size="9.120">以</text>
                <text font="EUYBLA+KaiTi_GB2312" bbox="292.358,128.074,301.478,137.194" colourspace="ICCBased" ncolour="[0]" size="9.120">上</text>
                <text font="EUYBLA+KaiTi_GB2312" bbox="301.478,128.074,310.598,137.194" colourspace="ICCBased" ncolour="[0]" size="9.120">的</text>
                <text font="EUYBLA+KaiTi_GB2312" bbox="310.361,128.074,319.481,137.194" colourspace="ICCBased" ncolour="[0]" size="9.120">公</text>
                <text font="EUYBLA+KaiTi_GB2312" bbox="319.481,128.074,328.601,137.194" colourspace="ICCBased" ncolour="[0]" size="9.120">立</text>
                <text font="EUYBLA+KaiTi_GB2312" bbox="328.364,128.074,337.484,137.194" colourspace="ICCBased" ncolour="[0]" size="9.120">医</text>
                <text font="EUYBLA+KaiTi_GB2312" bbox="337.484,128.074,346.604,137.194" colourspace="ICCBased" ncolour="[0]" size="9.120">院</text>
                <text font="EUYBLA+KaiTi_GB2312" bbox="346.367,128.074,355.487,137.194" colourspace="ICCBased" ncolour="[0]" size="9.120">，</text>
                <text font="EUYBLA+KaiTi_GB2312" bbox="355.440,128.074,364.560,137.194" colourspace="ICCBased" ncolour="[0]" size="9.120">但</text>
                <text font="EUYBLA+KaiTi_GB2312" bbox="364.323,128.074,373.443,137.194" colourspace="ICCBased" ncolour="[0]" size="9.120">不</text>
                <text font="EUYBLA+KaiTi_GB2312" bbox="373.443,128.074,382.563,137.194" colourspace="ICCBased" ncolour="[0]" size="9.120">包</text>
                <text font="EUYBLA+KaiTi_GB2312" bbox="382.326,128.074,391.446,137.194" colourspace="ICCBased" ncolour="[0]" size="9.120">括</text>
                <text font="EUYBLA+KaiTi_GB2312" bbox="391.446,128.074,400.566,137.194" colourspace="ICCBased" ncolour="[0]" size="9.120">精</text>
                <text font="EUYBLA+KaiTi_GB2312" bbox="400.329,128.074,409.449,137.194" colourspace="ICCBased" ncolour="[0]" size="9.120">神</text>
                <text font="EUYBLA+KaiTi_GB2312" bbox="409.450,128.074,418.570,137.194" colourspace="ICCBased" ncolour="[0]" size="9.120">病</text>
                <text font="EUYBLA+KaiTi_GB2312" bbox="418.333,128.074,427.453,137.194" colourspace="ICCBased" ncolour="[0]" size="9.120">院</text>
                <text font="EUYBLA+KaiTi_GB2312" bbox="427.453,128.074,436.573,137.194" colourspace="ICCBased" ncolour="[0]" size="9.120">及</text>
                <text font="EUYBLA+KaiTi_GB2312" bbox="436.336,128.074,445.456,137.194" colourspace="ICCBased" ncolour="[0]" size="9.120">专</text>
                <text font="EUYBLA+KaiTi_GB2312" bbox="445.456,128.074,454.576,137.194" colourspace="ICCBased" ncolour="[0]" size="9.120">供</text>
                <text font="EUYBLA+KaiTi_GB2312" bbox="454.339,128.074,463.459,137.194" colourspace="ICCBased" ncolour="[0]" size="9.120">康</text>
                <text font="EUYBLA+KaiTi_GB2312" bbox="463.459,128.074,472.579,137.194" colourspace="ICCBased" ncolour="[0]" size="9.120">复</text>
                <text font="EUYBLA+KaiTi_GB2312" bbox="472.342,128.074,481.462,137.194" colourspace="ICCBased" ncolour="[0]" size="9.120">、</text>
                <text font="EUYBLA+KaiTi_GB2312" bbox="481.462,128.074,490.582,137.194" colourspace="ICCBased" ncolour="[0]" size="9.120">休</text>
                <text font="EUYBLA+KaiTi_GB2312" bbox="490.344,128.074,499.464,137.194" colourspace="ICCBased" ncolour="[0]" size="9.120">养</text>
                <text font="EUYBLA+KaiTi_GB2312" bbox="499.464,128.074,508.584,137.194" colourspace="ICCBased" ncolour="[0]" size="9.120">、</text>
                <text font="EUYBLA+KaiTi_GB2312" bbox="508.347,128.074,517.467,137.194" colourspace="ICCBased" ncolour="[0]" size="9.120">戒</text>
                <text font="EUYBLA+KaiTi_GB2312" bbox="517.467,128.074,526.587,137.194" colourspace="ICCBased" ncolour="[0]" size="9.120">毒</text>
                <text font="EUYBLA+KaiTi_GB2312" bbox="526.350,128.074,535.470,137.194" colourspace="ICCBased" ncolour="[0]" size="9.120">、</text>
                <text font="EUYBLA+KaiTi_GB2312" bbox="535.233,128.074,544.353,137.194" colourspace="ICCBased" ncolour="[0]" size="9.120">戒</text>
                <text>
                </text>
            </textline>
            <textline bbox="58.320,114.154,548.878,123.274">
                <text font="EUYBLA+KaiTi_GB2312" bbox="58.320,114.154,67.440,123.274" colourspace="ICCBased" ncolour="[0]" size="9.120">酒</text>
                <text font="EUYBLA+KaiTi_GB2312" bbox="67.440,114.154,76.560,123.274" colourspace="ICCBased" ncolour="[0]" size="9.120">、</text>
                <text font="EUYBLA+KaiTi_GB2312" bbox="76.323,114.154,85.443,123.274" colourspace="ICCBased" ncolour="[0]" size="9.120">护</text>
                <text font="EUYBLA+KaiTi_GB2312" bbox="85.443,114.154,94.563,123.274" colourspace="ICCBased" ncolour="[0]" size="9.120">理</text>
                <text font="EUYBLA+KaiTi_GB2312" bbox="94.326,114.154,103.446,123.274" colourspace="ICCBased" ncolour="[0]" size="9.120">、</text>
                <text font="EUYBLA+KaiTi_GB2312" bbox="103.446,114.154,112.566,123.274" colourspace="ICCBased" ncolour="[0]" size="9.120">养</text>
                <text font="EUYBLA+KaiTi_GB2312" bbox="112.329,114.154,121.449,123.274" colourspace="ICCBased" ncolour="[0]" size="9.120">老</text>
                <text font="EUYBLA+KaiTi_GB2312" bbox="121.449,114.154,130.569,123.274" colourspace="ICCBased" ncolour="[0]" size="9.120">等</text>
                <text font="EUYBLA+KaiTi_GB2312" bbox="130.332,114.154,139.452,123.274" colourspace="ICCBased" ncolour="[0]" size="9.120">非</text>
                <text font="EUYBLA+KaiTi_GB2312" bbox="139.452,114.154,148.572,123.274" colourspace="ICCBased" ncolour="[0]" size="9.120">以</text>
                <text font="EUYBLA+KaiTi_GB2312" bbox="148.334,114.154,157.454,123.274" colourspace="ICCBased" ncolour="[0]" size="9.120">直</text>
                <text font="EUYBLA+KaiTi_GB2312" bbox="157.454,114.154,166.574,123.274" colourspace="ICCBased" ncolour="[0]" size="9.120">接</text>
                <text font="EUYBLA+KaiTi_GB2312" bbox="166.337,114.154,175.457,123.274" colourspace="ICCBased" ncolour="[0]" size="9.120">诊</text>
                <text font="EUYBLA+KaiTi_GB2312" bbox="175.457,114.154,184.577,123.274" colourspace="ICCBased" ncolour="[0]" size="9.120">治</text>
                <text font="EUYBLA+KaiTi_GB2312" bbox="184.340,114.154,193.460,123.274" colourspace="ICCBased" ncolour="[0]" size="9.120">病</text>
                <text font="EUYBLA+KaiTi_GB2312" bbox="193.460,114.154,202.580,123.274" colourspace="ICCBased" ncolour="[0]" size="9.120">人</text>
                <text font="EUYBLA+KaiTi_GB2312" bbox="202.343,114.154,211.463,123.274" colourspace="ICCBased" ncolour="[0]" size="9.120">为</text>
                <text font="EUYBLA+KaiTi_GB2312" bbox="211.463,114.154,220.583,123.274" colourspace="ICCBased" ncolour="[0]" size="9.120">目</text>
                <text font="EUYBLA+KaiTi_GB2312" bbox="220.346,114.154,229.466,123.274" colourspace="ICCBased" ncolour="[0]" size="9.120">的</text>
                <text font="EUYBLA+KaiTi_GB2312" bbox="229.466,114.154,238.586,123.274" colourspace="ICCBased" ncolour="[0]" size="9.120">的</text>
                <text font="EUYBLA+KaiTi_GB2312" bbox="238.349,114.154,247.469,123.274" colourspace="ICCBased" ncolour="[0]" size="9.120">医</text>
                <text font="EUYBLA+KaiTi_GB2312" bbox="247.469,114.154,256.589,123.274" colourspace="ICCBased" ncolour="[0]" size="9.120">疗</text>
                <text font="EUYBLA+KaiTi_GB2312" bbox="256.352,114.154,265.472,123.274" colourspace="ICCBased" ncolour="[0]" size="9.120">机</text>
                <text font="EUYBLA+KaiTi_GB2312" bbox="265.472,114.154,274.592,123.274" colourspace="ICCBased" ncolour="[0]" size="9.120">构</text>
                <text font="EUYBLA+KaiTi_GB2312" bbox="274.355,114.154,283.475,123.274" colourspace="ICCBased" ncolour="[0]" size="9.120">。</text>
                <text font="EUYBLA+KaiTi_GB2312" bbox="283.438,114.154,292.558,123.274" colourspace="ICCBased" ncolour="[0]" size="9.120">该</text>
                <text font="EUYBLA+KaiTi_GB2312" bbox="292.318,114.154,301.438,123.274" colourspace="ICCBased" ncolour="[0]" size="9.120">医</text>
                <text font="EUYBLA+KaiTi_GB2312" bbox="301.198,114.154,310.318,123.274" colourspace="ICCBased" ncolour="[0]" size="9.120">院</text>
                <text font="EUYBLA+KaiTi_GB2312" bbox="310.318,114.154,319.438,123.274" colourspace="ICCBased" ncolour="[0]" size="9.120">必</text>
                <text font="EUYBLA+KaiTi_GB2312" bbox="319.199,114.154,328.319,123.274" colourspace="ICCBased" ncolour="[0]" size="9.120">须</text>
                <text font="EUYBLA+KaiTi_GB2312" bbox="328.319,114.154,337.439,123.274" colourspace="ICCBased" ncolour="[0]" size="9.120">具</text>
                <text font="EUYBLA+KaiTi_GB2312" bbox="337.198,114.154,346.318,123.274" colourspace="ICCBased" ncolour="[0]" size="9.120">有</text>
                <text font="EUYBLA+KaiTi_GB2312" bbox="346.318,114.154,355.438,123.274" colourspace="ICCBased" ncolour="[0]" size="9.120">符</text>
                <text font="EUYBLA+KaiTi_GB2312" bbox="355.198,114.154,364.318,123.274" colourspace="ICCBased" ncolour="[0]" size="9.120">合</text>
                <text font="EUYBLA+KaiTi_GB2312" bbox="364.318,114.154,373.438,123.274" colourspace="ICCBased" ncolour="[0]" size="9.120">国</text>
                <text font="EUYBLA+KaiTi_GB2312" bbox="373.198,114.154,382.318,123.274" colourspace="ICCBased" ncolour="[0]" size="9.120">家</text>
                <text font="EUYBLA+KaiTi_GB2312" bbox="382.558,114.154,391.678,123.274" colourspace="ICCBased" ncolour="[0]" size="9.120">有</text>
                <text font="EUYBLA+KaiTi_GB2312" bbox="391.678,114.154,400.798,123.274" colourspace="ICCBased" ncolour="[0]" size="9.120">关</text>
                <text font="EUYBLA+KaiTi_GB2312" bbox="401.038,114.154,410.158,123.274" colourspace="ICCBased" ncolour="[0]" size="9.120">医</text>
                <text font="EUYBLA+KaiTi_GB2312" bbox="410.158,114.154,419.278,123.274" colourspace="ICCBased" ncolour="[0]" size="9.120">院</text>
                <text font="EUYBLA+KaiTi_GB2312" bbox="419.518,114.154,428.638,123.274" colourspace="ICCBased" ncolour="[0]" size="9.120">管</text>
                <text font="EUYBLA+KaiTi_GB2312" bbox="428.638,114.154,437.758,123.274" colourspace="ICCBased" ncolour="[0]" size="9.120">理</text>
                <text font="EUYBLA+KaiTi_GB2312" bbox="437.998,114.154,447.118,123.274" colourspace="ICCBased" ncolour="[0]" size="9.120">规</text>
                <text font="EUYBLA+KaiTi_GB2312" bbox="447.118,114.154,456.238,123.274" colourspace="ICCBased" ncolour="[0]" size="9.120">则</text>
                <text font="EUYBLA+KaiTi_GB2312" bbox="456.478,114.154,465.598,123.274" colourspace="ICCBased" ncolour="[0]" size="9.120">设</text>
                <text font="EUYBLA+KaiTi_GB2312" bbox="465.598,114.154,474.718,123.274" colourspace="ICCBased" ncolour="[0]" size="9.120">置</text>
                <text font="EUYBLA+KaiTi_GB2312" bbox="474.958,114.154,484.078,123.274" colourspace="ICCBased" ncolour="[0]" size="9.120">标</text>
                <text font="EUYBLA+KaiTi_GB2312" bbox="484.078,114.154,493.198,123.274" colourspace="ICCBased" ncolour="[0]" size="9.120">准</text>
                <text font="EUYBLA+KaiTi_GB2312" bbox="493.438,114.154,502.558,123.274" colourspace="ICCBased" ncolour="[0]" size="9.120">的</text>
                <text font="EUYBLA+KaiTi_GB2312" bbox="502.558,114.154,511.678,123.274" colourspace="ICCBased" ncolour="[0]" size="9.120">医</text>
                <text font="EUYBLA+KaiTi_GB2312" bbox="511.918,114.154,521.038,123.274" colourspace="ICCBased" ncolour="[0]" size="9.120">疗</text>
                <text font="EUYBLA+KaiTi_GB2312" bbox="521.038,114.154,530.158,123.274" colourspace="ICCBased" ncolour="[0]" size="9.120">设</text>
                <text font="EUYBLA+KaiTi_GB2312" bbox="530.398,114.154,539.518,123.274" colourspace="ICCBased" ncolour="[0]" size="9.120">备</text>
                <text font="EUYBLA+KaiTi_GB2312" bbox="539.758,114.154,548.878,123.274" colourspace="ICCBased" ncolour="[0]" size="9.120">，</text>
                <text>
                </text>
            </textline>
            <textline bbox="58.320,98.720,312.360,109.357">
                <text font="EUYBLA+KaiTi_GB2312" bbox="58.320,100.237,67.440,109.357" colourspace="ICCBased" ncolour="[0]" size="9.120">且</text>
                <text font="EUYBLA+KaiTi_GB2312" bbox="67.440,100.237,76.560,109.357" colourspace="ICCBased" ncolour="[0]" size="9.120">全</text>
                <text font="EUYBLA+KaiTi_GB2312" bbox="76.323,100.237,85.443,109.357" colourspace="ICCBased" ncolour="[0]" size="9.120">天</text>
                <text font="EUYBLA+KaiTi_GB2312" bbox="85.443,100.237,94.563,109.357" colourspace="ICCBased" ncolour="[0]" size="9.120">二</text>
                <text font="EUYBLA+KaiTi_GB2312" bbox="94.326,100.237,103.446,109.357" colourspace="ICCBased" ncolour="[0]" size="9.120">十</text>
                <text font="EUYBLA+KaiTi_GB2312" bbox="103.446,100.237,112.566,109.357" colourspace="ICCBased" ncolour="[0]" size="9.120">四</text>
                <text font="EUYBLA+KaiTi_GB2312" bbox="112.329,100.237,121.449,109.357" colourspace="ICCBased" ncolour="[0]" size="9.120">小</text>
                <text font="EUYBLA+KaiTi_GB2312" bbox="121.449,100.237,130.569,109.357" colourspace="ICCBased" ncolour="[0]" size="9.120">时</text>
                <text font="EUYBLA+KaiTi_GB2312" bbox="130.332,100.237,139.452,109.357" colourspace="ICCBased" ncolour="[0]" size="9.120">有</text>
                <text font="EUYBLA+KaiTi_GB2312" bbox="139.452,100.237,148.572,109.357" colourspace="ICCBased" ncolour="[0]" size="9.120">合</text>
                <text font="EUYBLA+KaiTi_GB2312" bbox="148.334,100.237,157.454,109.357" colourspace="ICCBased" ncolour="[0]" size="9.120">格</text>
                <text font="EUYBLA+KaiTi_GB2312" bbox="157.454,100.237,166.574,109.357" colourspace="ICCBased" ncolour="[0]" size="9.120">医</text>
                <text font="EUYBLA+KaiTi_GB2312" bbox="166.337,100.237,175.457,109.357" colourspace="ICCBased" ncolour="[0]" size="9.120">师</text>
                <text font="EUYBLA+KaiTi_GB2312" bbox="175.457,100.237,184.577,109.357" colourspace="ICCBased" ncolour="[0]" size="9.120">及</text>
                <text font="EUYBLA+KaiTi_GB2312" bbox="184.340,100.237,193.460,109.357" colourspace="ICCBased" ncolour="[0]" size="9.120">护</text>
                <text font="EUYBLA+KaiTi_GB2312" bbox="193.460,100.237,202.580,109.357" colourspace="ICCBased" ncolour="[0]" size="9.120">士</text>
                <text font="EUYBLA+KaiTi_GB2312" bbox="202.343,100.237,211.463,109.357" colourspace="ICCBased" ncolour="[0]" size="9.120">驻</text>
                <text font="EUYBLA+KaiTi_GB2312" bbox="211.463,100.237,220.583,109.357" colourspace="ICCBased" ncolour="[0]" size="9.120">院</text>
                <text font="EUYBLA+KaiTi_GB2312" bbox="220.346,100.237,229.466,109.357" colourspace="ICCBased" ncolour="[0]" size="9.120">提</text>
                <text font="EUYBLA+KaiTi_GB2312" bbox="229.466,100.237,238.586,109.357" colourspace="ICCBased" ncolour="[0]" size="9.120">供</text>
                <text font="EUYBLA+KaiTi_GB2312" bbox="238.349,100.237,247.469,109.357" colourspace="ICCBased" ncolour="[0]" size="9.120">医</text>
                <text font="EUYBLA+KaiTi_GB2312" bbox="247.469,100.237,256.589,109.357" colourspace="ICCBased" ncolour="[0]" size="9.120">疗</text>
                <text font="EUYBLA+KaiTi_GB2312" bbox="256.352,100.237,265.472,109.357" colourspace="ICCBased" ncolour="[0]" size="9.120">及</text>
                <text font="EUYBLA+KaiTi_GB2312" bbox="265.472,100.237,274.592,109.357" colourspace="ICCBased" ncolour="[0]" size="9.120">护</text>
                <text font="EUYBLA+KaiTi_GB2312" bbox="274.355,100.237,283.475,109.357" colourspace="ICCBased" ncolour="[0]" size="9.120">理</text>
                <text font="EUYBLA+KaiTi_GB2312" bbox="283.475,100.237,292.595,109.357" colourspace="ICCBased" ncolour="[0]" size="9.120">服</text>
                <text font="EUYBLA+KaiTi_GB2312" bbox="292.357,100.237,301.477,109.357" colourspace="ICCBased" ncolour="[0]" size="9.120">务</text>
                <text font="EUYBLA+KaiTi_GB2312" bbox="301.240,100.237,310.360,109.357" colourspace="ICCBased" ncolour="[0]" size="9.120">。</text>
                <text font="TimesNewRomanPSMT" bbox="310.080,98.720,312.360,107.840" colourspace="ICCBased" ncolour="[0]" size="9.120"> </text>
                <text>
                </text>
            </textline>
        </textbox>
        <textbox id="27" bbox="51.120,72.154,544.633,95.837">
            <textline bbox="51.120,86.074,395.760,95.837">
                <text font="EUYBLA+KaiTi_GB2312" bbox="51.120,91.277,53.400,95.837" colourspace="ICCBased" ncolour="[0]" size="4.560">2</text>
                <text font="EUYBLA+KaiTi_GB2312" bbox="53.760,86.074,58.320,95.194" colourspace="ICCBased" ncolour="[0]" size="9.120"> </text>
                <text font="EUYBLA+KaiTi_GB2312" bbox="58.320,86.074,67.440,95.194" colourspace="ICCBased" ncolour="[0]" size="9.120">意</text>
                <text font="EUYBLA+KaiTi_GB2312" bbox="67.440,86.074,76.560,95.194" colourspace="ICCBased" ncolour="[0]" size="9.120">外</text>
                <text font="EUYBLA+KaiTi_GB2312" bbox="76.560,86.074,85.680,95.194" colourspace="ICCBased" ncolour="[0]" size="9.120">伤</text>
                <text font="EUYBLA+KaiTi_GB2312" bbox="85.440,86.074,94.560,95.194" colourspace="ICCBased" ncolour="[0]" size="9.120">害</text>
                <text font="EUYBLA+KaiTi_GB2312" bbox="94.560,86.074,103.680,95.194" colourspace="ICCBased" ncolour="[0]" size="9.120">指</text>
                <text font="EUYBLA+KaiTi_GB2312" bbox="103.443,86.074,112.563,95.194" colourspace="ICCBased" ncolour="[0]" size="9.120">遭</text>
                <text font="EUYBLA+KaiTi_GB2312" bbox="112.563,86.074,121.683,95.194" colourspace="ICCBased" ncolour="[0]" size="9.120">受</text>
                <text font="EUYBLA+KaiTi_GB2312" bbox="121.446,86.074,130.566,95.194" colourspace="ICCBased" ncolour="[0]" size="9.120">外</text>
                <text font="EUYBLA+KaiTi_GB2312" bbox="130.566,86.074,139.686,95.194" colourspace="ICCBased" ncolour="[0]" size="9.120">来</text>
                <text font="EUYBLA+KaiTi_GB2312" bbox="139.449,86.074,148.569,95.194" colourspace="ICCBased" ncolour="[0]" size="9.120">的</text>
                <text font="EUYBLA+KaiTi_GB2312" bbox="148.570,86.074,157.690,95.194" colourspace="ICCBased" ncolour="[0]" size="9.120">、</text>
                <text font="EUYBLA+KaiTi_GB2312" bbox="157.452,86.074,166.572,95.194" colourspace="ICCBased" ncolour="[0]" size="9.120">突</text>
                <text font="EUYBLA+KaiTi_GB2312" bbox="166.572,86.074,175.692,95.194" colourspace="ICCBased" ncolour="[0]" size="9.120">发</text>
                <text font="EUYBLA+KaiTi_GB2312" bbox="175.455,86.074,184.575,95.194" colourspace="ICCBased" ncolour="[0]" size="9.120">的</text>
                <text font="EUYBLA+KaiTi_GB2312" bbox="184.575,86.074,193.695,95.194" colourspace="ICCBased" ncolour="[0]" size="9.120">、</text>
                <text font="EUYBLA+KaiTi_GB2312" bbox="193.458,86.074,202.578,95.194" colourspace="ICCBased" ncolour="[0]" size="9.120">非</text>
                <text font="EUYBLA+KaiTi_GB2312" bbox="202.578,86.074,211.698,95.194" colourspace="ICCBased" ncolour="[0]" size="9.120">本</text>
                <text font="EUYBLA+KaiTi_GB2312" bbox="211.461,86.074,220.581,95.194" colourspace="ICCBased" ncolour="[0]" size="9.120">意</text>
                <text font="EUYBLA+KaiTi_GB2312" bbox="220.581,86.074,229.701,95.194" colourspace="ICCBased" ncolour="[0]" size="9.120">的</text>
                <text font="EUYBLA+KaiTi_GB2312" bbox="229.464,86.074,238.584,95.194" colourspace="ICCBased" ncolour="[0]" size="9.120">、</text>
                <text font="EUYBLA+KaiTi_GB2312" bbox="238.584,86.074,247.704,95.194" colourspace="ICCBased" ncolour="[0]" size="9.120">非</text>
                <text font="EUYBLA+KaiTi_GB2312" bbox="247.467,86.074,256.587,95.194" colourspace="ICCBased" ncolour="[0]" size="9.120">疾</text>
                <text font="EUYBLA+KaiTi_GB2312" bbox="256.587,86.074,265.707,95.194" colourspace="ICCBased" ncolour="[0]" size="9.120">病</text>
                <text font="EUYBLA+KaiTi_GB2312" bbox="265.470,86.074,274.590,95.194" colourspace="ICCBased" ncolour="[0]" size="9.120">的</text>
                <text font="EUYBLA+KaiTi_GB2312" bbox="274.590,86.074,283.710,95.194" colourspace="ICCBased" ncolour="[0]" size="9.120">使</text>
                <text font="EUYBLA+KaiTi_GB2312" bbox="283.473,86.074,292.593,95.194" colourspace="ICCBased" ncolour="[0]" size="9.120">身</text>
                <text font="EUYBLA+KaiTi_GB2312" bbox="292.355,86.074,301.475,95.194" colourspace="ICCBased" ncolour="[0]" size="9.120">体</text>
                <text font="EUYBLA+KaiTi_GB2312" bbox="301.475,86.074,310.595,95.194" colourspace="ICCBased" ncolour="[0]" size="9.120">受</text>
                <text font="EUYBLA+KaiTi_GB2312" bbox="310.358,86.074,319.478,95.194" colourspace="ICCBased" ncolour="[0]" size="9.120">到</text>
                <text font="EUYBLA+KaiTi_GB2312" bbox="319.478,86.074,328.598,95.194" colourspace="ICCBased" ncolour="[0]" size="9.120">伤</text>
                <text font="EUYBLA+KaiTi_GB2312" bbox="328.361,86.074,337.481,95.194" colourspace="ICCBased" ncolour="[0]" size="9.120">害</text>
                <text font="EUYBLA+KaiTi_GB2312" bbox="337.481,86.074,346.601,95.194" colourspace="ICCBased" ncolour="[0]" size="9.120">的</text>
                <text font="EUYBLA+KaiTi_GB2312" bbox="346.364,86.074,355.484,95.194" colourspace="ICCBased" ncolour="[0]" size="9.120">客</text>
                <text font="EUYBLA+KaiTi_GB2312" bbox="355.484,86.074,364.604,95.194" colourspace="ICCBased" ncolour="[0]" size="9.120">观</text>
                <text font="EUYBLA+KaiTi_GB2312" bbox="364.367,86.074,373.487,95.194" colourspace="ICCBased" ncolour="[0]" size="9.120">事</text>
                <text font="EUYBLA+KaiTi_GB2312" bbox="373.487,86.074,382.607,95.194" colourspace="ICCBased" ncolour="[0]" size="9.120">件</text>
                <text font="EUYBLA+KaiTi_GB2312" bbox="382.370,86.074,391.490,95.194" colourspace="ICCBased" ncolour="[0]" size="9.120">。</text>
                <text font="EUYBLA+KaiTi_GB2312" bbox="391.200,86.074,395.760,95.194" colourspace="ICCBased" ncolour="[0]" size="9.120"> </text>
                <text>
                </text>
            </textline>
            <textline bbox="51.120,72.154,544.633,81.917">
                <text font="EUYBLA+KaiTi_GB2312" bbox="51.120,77.357,53.400,81.917" colourspace="ICCBased" ncolour="[0]" size="4.560">3</text>
                <text font="EUYBLA+KaiTi_GB2312" bbox="53.760,72.154,58.320,81.274" colourspace="ICCBased" ncolour="[0]" size="9.120"> </text>
                <text font="EUYBLA+KaiTi_GB2312" bbox="58.320,72.154,67.440,81.274" colourspace="ICCBased" ncolour="[0]" size="9.120">基</text>
                <text font="EUYBLA+KaiTi_GB2312" bbox="67.440,72.154,76.560,81.274" colourspace="ICCBased" ncolour="[0]" size="9.120">本</text>
                <text font="EUYBLA+KaiTi_GB2312" bbox="76.560,72.154,85.680,81.274" colourspace="ICCBased" ncolour="[0]" size="9.120">保</text>
                <text font="EUYBLA+KaiTi_GB2312" bbox="85.440,72.154,94.560,81.274" colourspace="ICCBased" ncolour="[0]" size="9.120">险</text>
                <text font="EUYBLA+KaiTi_GB2312" bbox="94.560,72.154,103.680,81.274" colourspace="ICCBased" ncolour="[0]" size="9.120">金</text>
                <text font="EUYBLA+KaiTi_GB2312" bbox="103.680,72.154,112.800,81.274" colourspace="ICCBased" ncolour="[0]" size="9.120">额</text>
                <text font="EUYBLA+KaiTi_GB2312" bbox="112.800,72.154,121.920,81.274" colourspace="ICCBased" ncolour="[0]" size="9.120">指</text>
                <text font="EUYBLA+KaiTi_GB2312" bbox="121.683,72.154,130.803,81.274" colourspace="ICCBased" ncolour="[0]" size="9.120">投</text>
                <text font="EUYBLA+KaiTi_GB2312" bbox="130.566,72.154,139.686,81.274" colourspace="ICCBased" ncolour="[0]" size="9.120">保</text>
                <text font="EUYBLA+KaiTi_GB2312" bbox="139.686,72.154,148.806,81.274" colourspace="ICCBased" ncolour="[0]" size="9.120">时</text>
                <text font="EUYBLA+KaiTi_GB2312" bbox="148.569,72.154,157.689,81.274" colourspace="ICCBased" ncolour="[0]" size="9.120">您</text>
                <text font="EUYBLA+KaiTi_GB2312" bbox="157.690,72.154,166.810,81.274" colourspace="ICCBased" ncolour="[0]" size="9.120">购</text>
                <text font="EUYBLA+KaiTi_GB2312" bbox="166.572,72.154,175.692,81.274" colourspace="ICCBased" ncolour="[0]" size="9.120">买</text>
                <text font="EUYBLA+KaiTi_GB2312" bbox="175.692,72.154,184.812,81.274" colourspace="ICCBased" ncolour="[0]" size="9.120">的</text>
                <text font="EUYBLA+KaiTi_GB2312" bbox="184.575,72.154,193.695,81.274" colourspace="ICCBased" ncolour="[0]" size="9.120">金</text>
                <text font="EUYBLA+KaiTi_GB2312" bbox="193.695,72.154,202.815,81.274" colourspace="ICCBased" ncolour="[0]" size="9.120">额</text>
                <text font="EUYBLA+KaiTi_GB2312" bbox="202.578,72.154,211.698,81.274" colourspace="ICCBased" ncolour="[0]" size="9.120">，</text>
                <text font="EUYBLA+KaiTi_GB2312" bbox="211.698,72.154,220.818,81.274" colourspace="ICCBased" ncolour="[0]" size="9.120">会</text>
                <text font="EUYBLA+KaiTi_GB2312" bbox="220.581,72.154,229.701,81.274" colourspace="ICCBased" ncolour="[0]" size="9.120">在</text>
                <text font="EUYBLA+KaiTi_GB2312" bbox="229.701,72.154,238.821,81.274" colourspace="ICCBased" ncolour="[0]" size="9.120">投</text>
                <text font="EUYBLA+KaiTi_GB2312" bbox="238.584,72.154,247.704,81.274" colourspace="ICCBased" ncolour="[0]" size="9.120">保</text>
                <text font="EUYBLA+KaiTi_GB2312" bbox="247.704,72.154,256.824,81.274" colourspace="ICCBased" ncolour="[0]" size="9.120">书</text>
                <text font="EUYBLA+KaiTi_GB2312" bbox="256.587,72.154,265.707,81.274" colourspace="ICCBased" ncolour="[0]" size="9.120">以</text>
                <text font="EUYBLA+KaiTi_GB2312" bbox="265.707,72.154,274.827,81.274" colourspace="ICCBased" ncolour="[0]" size="9.120">及</text>
                <text font="EUYBLA+KaiTi_GB2312" bbox="274.590,72.154,283.710,81.274" colourspace="ICCBased" ncolour="[0]" size="9.120">保</text>
                <text font="EUYBLA+KaiTi_GB2312" bbox="283.710,72.154,292.830,81.274" colourspace="ICCBased" ncolour="[0]" size="9.120">险</text>
                <text font="EUYBLA+KaiTi_GB2312" bbox="292.593,72.154,301.713,81.274" colourspace="ICCBased" ncolour="[0]" size="9.120">单</text>
                <text font="EUYBLA+KaiTi_GB2312" bbox="301.713,72.154,310.833,81.274" colourspace="ICCBased" ncolour="[0]" size="9.120">上</text>
                <text font="EUYBLA+KaiTi_GB2312" bbox="310.595,72.154,319.715,81.274" colourspace="ICCBased" ncolour="[0]" size="9.120">载</text>
                <text font="EUYBLA+KaiTi_GB2312" bbox="319.715,72.154,328.835,81.274" colourspace="ICCBased" ncolour="[0]" size="9.120">明</text>
                <text font="EUYBLA+KaiTi_GB2312" bbox="328.598,72.154,337.718,81.274" colourspace="ICCBased" ncolour="[0]" size="9.120">。</text>
                <text font="EUYBLA+KaiTi_GB2312" bbox="337.718,72.154,346.838,81.274" colourspace="ICCBased" ncolour="[0]" size="9.120">若</text>
                <text font="EUYBLA+KaiTi_GB2312" bbox="346.601,72.154,355.721,81.274" colourspace="ICCBased" ncolour="[0]" size="9.120">该</text>
                <text font="EUYBLA+KaiTi_GB2312" bbox="355.721,72.154,364.841,81.274" colourspace="ICCBased" ncolour="[0]" size="9.120">金</text>
                <text font="EUYBLA+KaiTi_GB2312" bbox="364.604,72.154,373.724,81.274" colourspace="ICCBased" ncolour="[0]" size="9.120">额</text>
                <text font="EUYBLA+KaiTi_GB2312" bbox="373.724,72.154,382.844,81.274" colourspace="ICCBased" ncolour="[0]" size="9.120">发</text>
                <text font="EUYBLA+KaiTi_GB2312" bbox="382.607,72.154,391.727,81.274" colourspace="ICCBased" ncolour="[0]" size="9.120">生</text>
                <text font="EUYBLA+KaiTi_GB2312" bbox="391.727,72.154,400.847,81.274" colourspace="ICCBased" ncolour="[0]" size="9.120">变</text>
                <text font="EUYBLA+KaiTi_GB2312" bbox="400.610,72.154,409.730,81.274" colourspace="ICCBased" ncolour="[0]" size="9.120">更</text>
                <text font="EUYBLA+KaiTi_GB2312" bbox="409.730,72.154,418.850,81.274" colourspace="ICCBased" ncolour="[0]" size="9.120">，</text>
                <text font="EUYBLA+KaiTi_GB2312" bbox="418.613,72.154,427.733,81.274" colourspace="ICCBased" ncolour="[0]" size="9.120">则</text>
                <text font="EUYBLA+KaiTi_GB2312" bbox="427.733,72.154,436.853,81.274" colourspace="ICCBased" ncolour="[0]" size="9.120">以</text>
                <text font="EUYBLA+KaiTi_GB2312" bbox="436.616,72.154,445.736,81.274" colourspace="ICCBased" ncolour="[0]" size="9.120">变</text>
                <text font="EUYBLA+KaiTi_GB2312" bbox="445.736,72.154,454.856,81.274" colourspace="ICCBased" ncolour="[0]" size="9.120">更</text>
                <text font="EUYBLA+KaiTi_GB2312" bbox="454.619,72.154,463.739,81.274" colourspace="ICCBased" ncolour="[0]" size="9.120">后</text>
                <text font="EUYBLA+KaiTi_GB2312" bbox="463.739,72.154,472.859,81.274" colourspace="ICCBased" ncolour="[0]" size="9.120">的</text>
                <text font="EUYBLA+KaiTi_GB2312" bbox="472.621,72.154,481.741,81.274" colourspace="ICCBased" ncolour="[0]" size="9.120">金</text>
                <text font="EUYBLA+KaiTi_GB2312" bbox="481.741,72.154,490.861,81.274" colourspace="ICCBased" ncolour="[0]" size="9.120">额</text>
                <text font="EUYBLA+KaiTi_GB2312" bbox="490.624,72.154,499.744,81.274" colourspace="ICCBased" ncolour="[0]" size="9.120">为</text>
                <text font="EUYBLA+KaiTi_GB2312" bbox="499.744,72.154,508.864,81.274" colourspace="ICCBased" ncolour="[0]" size="9.120">基</text>
                <text font="EUYBLA+KaiTi_GB2312" bbox="508.627,72.154,517.747,81.274" colourspace="ICCBased" ncolour="[0]" size="9.120">本</text>
                <text font="EUYBLA+KaiTi_GB2312" bbox="517.747,72.154,526.867,81.274" colourspace="ICCBased" ncolour="[0]" size="9.120">保</text>
                <text font="EUYBLA+KaiTi_GB2312" bbox="526.630,72.154,535.750,81.274" colourspace="ICCBased" ncolour="[0]" size="9.120">险</text>
                <text font="EUYBLA+KaiTi_GB2312" bbox="535.513,72.154,544.633,81.274" colourspace="ICCBased" ncolour="[0]" size="9.120">金</text>
                <text>
                </text>
            </textline>
        </textbox>
        <textbox id="28" bbox="60.241,56.720,80.520,67.357">
            <textline bbox="60.241,56.720,80.520,67.357">
                <text font="EUYBLA+KaiTi_GB2312" bbox="60.241,58.237,69.361,67.357" colourspace="ICCBased" ncolour="[0]" size="9.120">额</text>
                <text font="EUYBLA+KaiTi_GB2312" bbox="69.361,58.237,78.481,67.357" colourspace="ICCBased" ncolour="[0]" size="9.120">。</text>
                <text font="TimesNewRomanPSMT" bbox="78.240,56.720,80.520,65.840" colourspace="ICCBased" ncolour="[0]" size="9.120"> </text>
                <text>
                </text>
            </textline>
        </textbox>
        <rect linewidth="0" bbox="45.600,596.880,92.160,597.840" />
        <rect linewidth="0" bbox="92.160,596.880,93.120,597.840" />
        <rect linewidth="0" bbox="93.120,596.880,205.200,597.840" />
        <rect linewidth="0" bbox="205.200,596.880,206.160,597.840" />
        <rect linewidth="0" bbox="206.160,596.880,552.480,597.840" />
        <rect linewidth="0" bbox="210.480,539.040,546.960,552.960" />
        <rect linewidth="0" bbox="210.480,523.440,546.960,537.360" />
        <rect linewidth="0" bbox="210.480,507.840,546.960,521.760" />
        <rect linewidth="0" bbox="210.480,492.240,383.760,506.160" />
        <rect linewidth="0" bbox="210.480,385.920,546.960,399.840" />
        <rect linewidth="0" bbox="210.480,370.320,546.960,384.240" />
        <rect linewidth="0" bbox="210.480,354.720,546.960,368.640" />
        <rect linewidth="0" bbox="210.480,339.120,283.920,353.040" />
        <rect linewidth="0" bbox="210.480,292.320,210.960,292.800" />
        <rect linewidth="0" bbox="210.480,292.320,210.960,292.800" />
        <rect linewidth="0" bbox="210.960,292.320,546.480,292.800" />
        <rect linewidth="0" bbox="546.480,292.320,546.960,292.800" />
        <rect linewidth="0" bbox="546.480,292.320,546.960,292.800" />
        <rect linewidth="0" bbox="210.480,275.760,210.960,292.320" />
        <rect linewidth="0" bbox="546.480,275.760,546.960,292.320" />
        <rect linewidth="0" bbox="210.480,275.280,210.960,275.760" />
        <rect linewidth="0" bbox="210.960,275.280,354.240,275.760" />
        <rect linewidth="0" bbox="354.240,275.280,354.720,275.760" />
        <rect linewidth="0" bbox="354.720,275.280,546.480,275.760" />
        <rect linewidth="0" bbox="546.480,275.280,546.960,275.760" />
        <rect linewidth="0" bbox="210.480,252.000,210.960,275.280" />
        <rect linewidth="0" bbox="546.480,252.000,546.960,275.280" />
        <rect linewidth="0" bbox="210.480,251.520,210.960,252.000" />
        <rect linewidth="0" bbox="210.960,251.520,354.240,252.000" />
        <rect linewidth="0" bbox="354.240,251.520,354.720,252.000" />
        <rect linewidth="0" bbox="354.720,251.520,546.480,252.000" />
        <rect linewidth="0" bbox="546.480,251.520,546.960,252.000" />
        <rect linewidth="0" bbox="210.480,234.960,210.960,251.520" />
        <rect linewidth="0" bbox="546.480,234.960,546.960,251.520" />
        <rect linewidth="0" bbox="210.480,234.480,210.960,234.961" />
        <rect linewidth="0" bbox="210.960,234.480,354.240,234.961" />
        <rect linewidth="0" bbox="354.240,234.480,354.720,234.961" />
        <rect linewidth="0" bbox="354.720,234.480,546.480,234.961" />
        <rect linewidth="0" bbox="546.480,234.480,546.960,234.961" />
        <rect linewidth="0" bbox="210.480,156.960,210.960,234.480" />
        <rect linewidth="0" bbox="210.480,156.480,210.960,156.960" />
        <rect linewidth="0" bbox="210.480,156.480,210.960,156.960" />
        <rect linewidth="0" bbox="210.960,156.480,354.240,156.960" />
        <rect linewidth="0" bbox="353.520,156.480,354.000,156.960" />
        <rect linewidth="0" bbox="354.000,156.480,546.480,156.960" />
        <rect linewidth="0" bbox="546.480,156.960,546.960,234.480" />
        <rect linewidth="0" bbox="546.480,156.480,546.960,156.960" />
        <rect linewidth="0" bbox="546.480,156.480,546.960,156.960" />
        <rect linewidth="0" bbox="355.440,126.720,544.080,138.720" />
        <rect linewidth="0" bbox="58.320,112.800,283.440,124.800" />
        <figure name="Im0" bbox="116.214,737.958,484.364,755.808">
            <image width="368" height="17" />
        </figure>
        <figure name="Im1" bbox="51.536,772.982,212.283,801.532">
            <image width="160" height="28" />
        </figure>
        <rect linewidth="0" bbox="51.120,145.680,195.120,146.160" />
        <layout>
            <textgroup bbox="51.119,56.720,776.160,775.127">
                <textgroup bbox="60.960,570.629,776.160,611.940">
                    <textbox id="0" bbox="97.440,583.829,776.160,611.940" />
                    <textbox id="1" bbox="60.960,570.629,513.840,581.189" />
                </textgroup>
                <textgroup bbox="51.119,56.720,566.160,775.127">
                    <textgroup bbox="51.120,616.917,486.731,775.127">
                        <textgroup bbox="221.280,737.544,301.440,775.127">
                            <textbox id="2" bbox="221.280,759.047,226.426,775.127" />
                            <textbox id="3" bbox="297.600,737.544,301.440,749.544" />
                        </textgroup>
                        <textgroup bbox="51.120,616.917,486.731,714.407">
                            <textbox id="4" bbox="125.520,672.036,474.826,714.407" />
                            <textgroup bbox="51.120,616.917,486.731,667.829">
                                <textgroup bbox="51.120,641.672,486.731,667.829">
                                    <textbox id="5" bbox="51.120,641.672,486.731,667.829" />
                                    <textbox id="6" bbox="97.447,641.672,102.727,652.232" />
                                </textgroup>
                                <textbox id="7" bbox="60.000,616.917,215.772,652.232" />
                            </textgroup>
                        </textgroup>
                    </textgroup>
                    <textgroup bbox="51.119,56.720,566.160,594.389">
                        <textgroup bbox="51.119,159.040,566.160,594.389">
                            <textbox id="8" bbox="97.440,447.648,566.160,473.195" />
                            <textgroup bbox="51.119,159.040,552.480,594.389">
                                <textgroup bbox="51.119,294.288,199.680,594.389">
                                    <textgroup bbox="51.119,310.951,138.720,594.389">
                                        <textgroup bbox="97.435,387.511,138.720,565.592">
                                            <textbox id="9" bbox="97.435,539.808,138.720,565.592" />
                                            <textbox id="10" bbox="97.435,387.511,102.715,412.232" />
                                        </textgroup>
                                        <textgroup bbox="51.119,310.951,56.408,594.389">
                                            <textgroup bbox="51.119,540.629,56.400,594.389">
                                                <textbox id="11" bbox="51.120,583.829,56.400,594.389" />
                                                <textbox id="12" bbox="51.119,540.629,56.400,565.592" />
                                            </textgroup>
                                            <textgroup bbox="51.119,310.951,56.408,473.195">
                                                <textgroup bbox="51.119,387.511,56.408,473.195">
                                                    <textbox id="13" bbox="51.120,448.469,56.408,473.195" />
                                                    <textbox id="14" bbox="51.119,387.511,56.399,412.232" />
                                                </textgroup>
                                                <textbox id="15" bbox="51.125,310.951,56.405,335.672" />
                                            </textgroup>
                                        </textgroup>
                                    </textgroup>
                                    <textbox id="16" bbox="97.440,294.288,199.680,335.672" />
                                </textgroup>
                                <textgroup bbox="210.478,159.040,552.480,594.389">
                                    <textgroup bbox="210.478,278.789,552.480,594.389">
                                        <textbox id="17" bbox="210.478,295.356,552.480,594.389" />
                                        <textbox id="18" bbox="216.000,278.789,368.880,289.349" />
                                    </textgroup>
                                    <textgroup bbox="216.000,159.040,541.441,268.709">
                                        <textgroup bbox="216.000,258.149,538.079,268.709">
                                            <textbox id="19" bbox="216.000,258.149,389.280,268.709" />
                                            <textbox id="20" bbox="359.520,258.149,538.079,268.709" />
                                        </textgroup>
                                        <textgroup bbox="216.000,159.040,541.441,248.789">
                                            <textbox id="21" bbox="216.000,238.229,390.000,248.789" />
                                            <textgroup bbox="216.000,159.040,541.441,231.999">
                                                <textbox id="22" bbox="216.000,159.040,336.722,231.989" />
                                                <textgroup bbox="359.521,159.051,541.441,231.999">
                                                    <textbox id="23" bbox="359.521,190.245,541.441,231.999" />
                                                    <textgroup bbox="359.521,159.051,469.683,185.208">
                                                        <textbox id="24" bbox="375.361,174.648,422.638,185.208" />
                                                        <textbox id="25" bbox="359.521,159.051,469.683,169.611" />
                                                    </textgroup>
                                                </textgroup>
                                            </textgroup>
                                        </textgroup>
                                    </textgroup>
                                </textgroup>
                            </textgroup>
                        </textgroup>
                        <textgroup bbox="51.120,56.720,548.878,150.838">
                            <textgroup bbox="51.120,72.154,548.878,150.838">
                                <textbox id="26" bbox="51.120,98.720,548.878,150.838" />
                                <textbox id="27" bbox="51.120,72.154,544.633,95.837" />
                            </textgroup>
                            <textbox id="28" bbox="60.241,56.720,80.520,67.357" />
                        </textgroup>
                    </textgroup>
                </textgroup>
            </textgroup>
        </layout>
    </page>
    <page id="3" bbox="0.000,0.000,595.200,841.920" rotate="0">
        <textbox id="0" bbox="216.000,756.152,315.845,782.309">
            <textline bbox="216.000,771.749,315.845,782.309">
                <text font="JTTPDQ+SimSun" bbox="216.000,771.749,221.280,782.309" colourspace="ICCBased" ncolour="[0]" size="10.560">1</text>
                <text font="JTTPDQ+SimSun" bbox="221.280,771.749,226.560,782.309" colourspace="ICCBased" ncolour="[0]" size="10.560">2</text>
                <text font="JQUZDQ+SimSun" bbox="226.560,771.749,237.120,782.309" colourspace="ICCBased" ncolour="[0]" size="10.560">、</text>
                <text font="JQUZDQ+SimSun" bbox="237.120,771.749,247.680,782.309" colourspace="ICCBased" ncolour="[0]" size="10.560">艾</text>
                <text font="JQUZDQ+SimSun" bbox="247.680,771.749,258.240,782.309" colourspace="ICCBased" ncolour="[0]" size="10.560">森</text>
                <text font="JQUZDQ+SimSun" bbox="258.240,771.749,268.800,782.309" colourspace="ICCBased" ncolour="[0]" size="10.560">门</text>
                <text font="JQUZDQ+SimSun" bbox="268.560,771.749,279.120,782.309" colourspace="ICCBased" ncolour="[0]" size="10.560">格</text>
                <text font="JQUZDQ+SimSun" bbox="279.120,771.749,289.680,782.309" colourspace="ICCBased" ncolour="[0]" size="10.560">综</text>
                <text font="JQUZDQ+SimSun" bbox="289.680,771.749,300.240,782.309" colourspace="ICCBased" ncolour="[0]" size="10.560">合</text>
                <text font="JQUZDQ+SimSun" bbox="300.240,771.749,310.800,782.309" colourspace="ICCBased" ncolour="[0]" size="10.560">征</text>
                <text font="JTTPDQ+SimSun" bbox="310.565,771.749,315.845,782.309" colourspace="ICCBased" ncolour="[0]" size="10.560"> </text>
                <text>
                </text>
            </textline>
            <textline bbox="216.000,756.152,294.725,766.712">
                <text font="JTTPDQ+SimSun" bbox="216.000,756.152,221.280,766.712" colourspace="ICCBased" ncolour="[0]" size="10.560">1</text>
                <text font="JTTPDQ+SimSun" bbox="221.280,756.152,226.560,766.712" colourspace="ICCBased" ncolour="[0]" size="10.560">4</text>
                <text font="JQUZDQ+SimSun" bbox="226.560,756.152,237.120,766.712" colourspace="ICCBased" ncolour="[0]" size="10.560">、</text>
                <text font="JQUZDQ+SimSun" bbox="237.120,756.152,247.680,766.712" colourspace="ICCBased" ncolour="[0]" size="10.560">严</text>
                <text font="JQUZDQ+SimSun" bbox="247.680,756.152,258.240,766.712" colourspace="ICCBased" ncolour="[0]" size="10.560">重</text>
                <text font="JQUZDQ+SimSun" bbox="258.240,756.152,268.800,766.712" colourspace="ICCBased" ncolour="[0]" size="10.560">冠</text>
                <text font="JQUZDQ+SimSun" bbox="268.560,756.152,279.120,766.712" colourspace="ICCBased" ncolour="[0]" size="10.560">心</text>
                <text font="JQUZDQ+SimSun" bbox="279.120,756.152,289.680,766.712" colourspace="ICCBased" ncolour="[0]" size="10.560">病</text>
                <text font="JTTPDQ+SimSun" bbox="289.445,756.152,294.725,766.712" colourspace="ICCBased" ncolour="[0]" size="10.560"> </text>
                <text>
                </text>
            </textline>
        </textbox>
        <textbox id="1" bbox="359.521,756.152,511.680,782.309">
            <textline bbox="359.521,771.749,501.363,782.309">
                <text font="JTTPDQ+SimSun" bbox="359.521,771.749,364.801,782.309" colourspace="ICCBased" ncolour="[0]" size="10.560">1</text>
                <text font="JTTPDQ+SimSun" bbox="364.801,771.749,370.081,782.309" colourspace="ICCBased" ncolour="[0]" size="10.560">3</text>
                <text font="JQUZDQ+SimSun" bbox="370.081,771.749,380.641,782.309" colourspace="ICCBased" ncolour="[0]" size="10.560">、</text>
                <text font="JQUZDQ+SimSun" bbox="380.641,771.749,391.201,782.309" colourspace="ICCBased" ncolour="[0]" size="10.560">严</text>
                <text font="JQUZDQ+SimSun" bbox="391.201,771.749,401.761,782.309" colourspace="ICCBased" ncolour="[0]" size="10.560">重</text>
                <text font="JQUZDQ+SimSun" bbox="401.761,771.749,412.321,782.309" colourspace="ICCBased" ncolour="[0]" size="10.560">的</text>
                <text font="JQUZDQ+SimSun" bbox="412.081,771.749,422.641,782.309" colourspace="ICCBased" ncolour="[0]" size="10.560">Ⅲ</text>
                <text font="JQUZDQ+SimSun" bbox="422.641,771.749,433.201,782.309" colourspace="ICCBased" ncolour="[0]" size="10.560">度</text>
                <text font="JQUZDQ+SimSun" bbox="433.201,771.749,443.761,782.309" colourspace="ICCBased" ncolour="[0]" size="10.560">房</text>
                <text font="JQUZDQ+SimSun" bbox="443.761,771.749,454.321,782.309" colourspace="ICCBased" ncolour="[0]" size="10.560">室</text>
                <text font="JQUZDQ+SimSun" bbox="454.080,771.749,464.640,782.309" colourspace="ICCBased" ncolour="[0]" size="10.560">传</text>
                <text font="JQUZDQ+SimSun" bbox="464.640,771.749,475.200,782.309" colourspace="ICCBased" ncolour="[0]" size="10.560">导</text>
                <text font="JQUZDQ+SimSun" bbox="475.200,771.749,485.760,782.309" colourspace="ICCBased" ncolour="[0]" size="10.560">阻</text>
                <text font="JQUZDQ+SimSun" bbox="485.760,771.749,496.320,782.309" colourspace="ICCBased" ncolour="[0]" size="10.560">滞</text>
                <text font="JTTPDQ+SimSun" bbox="496.083,771.749,501.363,782.309" colourspace="ICCBased" ncolour="[0]" size="10.560"> </text>
                <text>
                </text>
            </textline>
            <textline bbox="359.521,756.152,511.680,766.712">
                <text font="JTTPDQ+SimSun" bbox="359.521,756.152,364.801,766.712" colourspace="ICCBased" ncolour="[0]" size="10.560">1</text>
                <text font="JTTPDQ+SimSun" bbox="364.801,756.152,370.081,766.712" colourspace="ICCBased" ncolour="[0]" size="10.560">5</text>
                <text font="JQUZDQ+SimSun" bbox="370.081,756.152,380.641,766.712" colourspace="ICCBased" ncolour="[0]" size="10.560">、</text>
                <text font="JQUZDQ+SimSun" bbox="380.641,756.152,391.201,766.712" colourspace="ICCBased" ncolour="[0]" size="10.560">风</text>
                <text font="JQUZDQ+SimSun" bbox="391.201,756.152,401.761,766.712" colourspace="ICCBased" ncolour="[0]" size="10.560">湿</text>
                <text font="JQUZDQ+SimSun" bbox="401.761,756.152,412.321,766.712" colourspace="ICCBased" ncolour="[0]" size="10.560">热</text>
                <text font="JQUZDQ+SimSun" bbox="412.081,756.152,422.641,766.712" colourspace="ICCBased" ncolour="[0]" size="10.560">导</text>
                <text font="JQUZDQ+SimSun" bbox="422.641,756.152,433.201,766.712" colourspace="ICCBased" ncolour="[0]" size="10.560">致</text>
                <text font="JQUZDQ+SimSun" bbox="433.201,756.152,443.761,766.712" colourspace="ICCBased" ncolour="[0]" size="10.560">的</text>
                <text font="JQUZDQ+SimSun" bbox="443.761,756.152,454.321,766.712" colourspace="ICCBased" ncolour="[0]" size="10.560">心</text>
                <text font="JQUZDQ+SimSun" bbox="454.080,756.152,464.640,766.712" colourspace="ICCBased" ncolour="[0]" size="10.560">脏</text>
                <text font="JQUZDQ+SimSun" bbox="464.640,756.152,475.200,766.712" colourspace="ICCBased" ncolour="[0]" size="10.560">瓣</text>
                <text font="JQUZDQ+SimSun" bbox="475.200,756.152,485.760,766.712" colourspace="ICCBased" ncolour="[0]" size="10.560">膜</text>
                <text font="JQUZDQ+SimSun" bbox="485.760,756.152,496.320,766.712" colourspace="ICCBased" ncolour="[0]" size="10.560">疾</text>
                <text font="JQUZDQ+SimSun" bbox="496.081,756.152,506.641,766.712" colourspace="ICCBased" ncolour="[0]" size="10.560">病</text>
                <text font="JTTPDQ+SimSun" bbox="506.400,756.152,511.680,766.712" colourspace="ICCBased" ncolour="[0]" size="10.560"> </text>
                <text>
                </text>
            </textline>
        </textbox>
        <textbox id="2" bbox="216.000,740.069,411.120,750.629">
            <textline bbox="216.000,740.069,411.120,750.629">
                <text font="JQUZDQ+SimSun" bbox="216.000,740.069,226.560,750.629" colourspace="ICCBased" ncolour="[0]" size="10.560">第</text>
                <text> </text>
                <text font="JTTPDQ+SimSun" bbox="229.200,740.069,234.480,750.629" colourspace="ICCBased" ncolour="[0]" size="10.560">3</text>
                <text> </text>
                <text font="JQUZDQ+SimSun" bbox="237.120,740.069,247.680,750.629" colourspace="ICCBased" ncolour="[0]" size="10.560">类</text>
                <text font="JQUZDQ+SimSun" bbox="247.680,740.069,258.240,750.629" colourspace="ICCBased" ncolour="[0]" size="10.560">：</text>
                <text font="JQUZDQ+SimSun" bbox="258.240,740.069,268.800,750.629" colourspace="ICCBased" ncolour="[0]" size="10.560">与</text>
                <text font="JQUZDQ+SimSun" bbox="268.800,740.069,279.360,750.629" colourspace="ICCBased" ncolour="[0]" size="10.560">器</text>
                <text font="JQUZDQ+SimSun" bbox="279.360,740.069,289.920,750.629" colourspace="ICCBased" ncolour="[0]" size="10.560">官</text>
                <text font="JQUZDQ+SimSun" bbox="289.920,740.069,300.480,750.629" colourspace="ICCBased" ncolour="[0]" size="10.560">功</text>
                <text font="JQUZDQ+SimSun" bbox="300.480,740.069,311.040,750.629" colourspace="ICCBased" ncolour="[0]" size="10.560">能</text>
                <text font="JQUZDQ+SimSun" bbox="311.040,740.069,321.600,750.629" colourspace="ICCBased" ncolour="[0]" size="10.560">严</text>
                <text font="JQUZDQ+SimSun" bbox="321.600,740.069,332.160,750.629" colourspace="ICCBased" ncolour="[0]" size="10.560">重</text>
                <text font="JQUZDQ+SimSun" bbox="332.160,740.069,342.720,750.629" colourspace="ICCBased" ncolour="[0]" size="10.560">受</text>
                <text font="JQUZDQ+SimSun" bbox="342.720,740.069,353.280,750.629" colourspace="ICCBased" ncolour="[0]" size="10.560">损</text>
                <text font="JQUZDQ+SimSun" bbox="353.280,740.069,363.840,750.629" colourspace="ICCBased" ncolour="[0]" size="10.560">相</text>
                <text font="JQUZDQ+SimSun" bbox="363.840,740.069,374.400,750.629" colourspace="ICCBased" ncolour="[0]" size="10.560">关</text>
                <text font="JQUZDQ+SimSun" bbox="374.400,740.069,384.960,750.629" colourspace="ICCBased" ncolour="[0]" size="10.560">的</text>
                <text font="JQUZDQ+SimSun" bbox="384.960,740.069,395.520,750.629" colourspace="ICCBased" ncolour="[0]" size="10.560">疾</text>
                <text font="JQUZDQ+SimSun" bbox="395.520,740.069,406.080,750.629" colourspace="ICCBased" ncolour="[0]" size="10.560">病</text>
                <text font="JTTPDQ+SimSun" bbox="405.840,740.069,411.120,750.629" colourspace="ICCBased" ncolour="[0]" size="10.560"> </text>
                <text>
                </text>
            </textline>
        </textbox>
        <textbox id="3" bbox="216.000,489.269,368.880,734.549">
            <textline bbox="216.000,723.989,336.722,734.549">
                <text font="JTTPDQ+SimSun" bbox="216.000,723.989,221.280,734.549" colourspace="ICCBased" ncolour="[0]" size="10.560">1</text>
                <text font="JTTPDQ+SimSun" bbox="221.280,723.989,226.560,734.549" colourspace="ICCBased" ncolour="[0]" size="10.560">6</text>
                <text font="JQUZDQ+SimSun" bbox="226.560,723.989,237.120,734.549" colourspace="ICCBased" ncolour="[0]" size="10.560">、</text>
                <text font="JQUZDQ+SimSun" bbox="237.120,723.989,247.680,734.549" colourspace="ICCBased" ncolour="[0]" size="10.560">重</text>
                <text font="JQUZDQ+SimSun" bbox="247.680,723.989,258.240,734.549" colourspace="ICCBased" ncolour="[0]" size="10.560">型</text>
                <text font="JQUZDQ+SimSun" bbox="258.240,723.989,268.800,734.549" colourspace="ICCBased" ncolour="[0]" size="10.560">再</text>
                <text font="JQUZDQ+SimSun" bbox="268.560,723.989,279.120,734.549" colourspace="ICCBased" ncolour="[0]" size="10.560">生</text>
                <text font="JQUZDQ+SimSun" bbox="279.120,723.989,289.680,734.549" colourspace="ICCBased" ncolour="[0]" size="10.560">障</text>
                <text font="JQUZDQ+SimSun" bbox="289.680,723.989,300.240,734.549" colourspace="ICCBased" ncolour="[0]" size="10.560">碍</text>
                <text font="JQUZDQ+SimSun" bbox="300.240,723.989,310.800,734.549" colourspace="ICCBased" ncolour="[0]" size="10.560">性</text>
                <text font="JQUZDQ+SimSun" bbox="310.560,723.989,321.120,734.549" colourspace="ICCBased" ncolour="[0]" size="10.560">贫</text>
                <text font="JQUZDQ+SimSun" bbox="321.120,723.989,331.680,734.549" colourspace="ICCBased" ncolour="[0]" size="10.560">血</text>
                <text font="JTTPDQ+SimSun" bbox="331.442,723.989,336.722,734.549" colourspace="ICCBased" ncolour="[0]" size="10.560"> </text>
                <text>
                </text>
            </textline>
            <textline bbox="216.000,708.392,284.165,718.952">
                <text font="JTTPDQ+SimSun" bbox="216.000,708.392,221.280,718.952" colourspace="ICCBased" ncolour="[0]" size="10.560">1</text>
                <text font="JTTPDQ+SimSun" bbox="221.280,708.392,226.560,718.952" colourspace="ICCBased" ncolour="[0]" size="10.560">8</text>
                <text font="JQUZDQ+SimSun" bbox="226.560,708.392,237.120,718.952" colourspace="ICCBased" ncolour="[0]" size="10.560">、</text>
                <text font="JQUZDQ+SimSun" bbox="237.120,708.392,247.680,718.952" colourspace="ICCBased" ncolour="[0]" size="10.560">双</text>
                <text font="JQUZDQ+SimSun" bbox="247.680,708.392,258.240,718.952" colourspace="ICCBased" ncolour="[0]" size="10.560">耳</text>
                <text font="JQUZDQ+SimSun" bbox="258.240,708.392,268.800,718.952" colourspace="ICCBased" ncolour="[0]" size="10.560">失</text>
                <text font="JQUZDQ+SimSun" bbox="268.560,708.392,279.120,718.952" colourspace="ICCBased" ncolour="[0]" size="10.560">聪</text>
                <text font="JTTPDQ+SimSun" bbox="278.885,708.392,284.165,718.952" colourspace="ICCBased" ncolour="[0]" size="10.560"> </text>
                <text>
                </text>
            </textline>
            <textline bbox="216.000,692.795,284.165,703.355">
                <text font="JTTPDQ+SimSun" bbox="216.000,692.795,221.280,703.355" colourspace="ICCBased" ncolour="[0]" size="10.560">2</text>
                <text font="JTTPDQ+SimSun" bbox="221.280,692.795,226.560,703.355" colourspace="ICCBased" ncolour="[0]" size="10.560">0</text>
                <text font="JQUZDQ+SimSun" bbox="226.560,692.795,237.120,703.355" colourspace="ICCBased" ncolour="[0]" size="10.560">、</text>
                <text font="JQUZDQ+SimSun" bbox="237.120,692.795,247.680,703.355" colourspace="ICCBased" ncolour="[0]" size="10.560">双</text>
                <text font="JQUZDQ+SimSun" bbox="247.680,692.795,258.240,703.355" colourspace="ICCBased" ncolour="[0]" size="10.560">目</text>
                <text font="JQUZDQ+SimSun" bbox="258.240,692.795,268.800,703.355" colourspace="ICCBased" ncolour="[0]" size="10.560">失</text>
                <text font="JQUZDQ+SimSun" bbox="268.560,692.795,279.120,703.355" colourspace="ICCBased" ncolour="[0]" size="10.560">明</text>
                <text font="JTTPDQ+SimSun" bbox="278.885,692.795,284.165,703.355" colourspace="ICCBased" ncolour="[0]" size="10.560"> </text>
                <text>
                </text>
            </textline>
            <textline bbox="216.000,677.197,305.285,687.757">
                <text font="JTTPDQ+SimSun" bbox="216.000,677.197,221.280,687.757" colourspace="ICCBased" ncolour="[0]" size="10.560">2</text>
                <text font="JTTPDQ+SimSun" bbox="221.280,677.197,226.560,687.757" colourspace="ICCBased" ncolour="[0]" size="10.560">2</text>
                <text font="JQUZDQ+SimSun" bbox="226.560,677.197,237.120,687.757" colourspace="ICCBased" ncolour="[0]" size="10.560">、</text>
                <text font="JQUZDQ+SimSun" bbox="237.120,677.197,247.680,687.757" colourspace="ICCBased" ncolour="[0]" size="10.560">语</text>
                <text font="JQUZDQ+SimSun" bbox="247.680,677.197,258.240,687.757" colourspace="ICCBased" ncolour="[0]" size="10.560">言</text>
                <text font="JQUZDQ+SimSun" bbox="258.240,677.197,268.800,687.757" colourspace="ICCBased" ncolour="[0]" size="10.560">能</text>
                <text font="JQUZDQ+SimSun" bbox="268.560,677.197,279.120,687.757" colourspace="ICCBased" ncolour="[0]" size="10.560">力</text>
                <text font="JQUZDQ+SimSun" bbox="279.120,677.197,289.680,687.757" colourspace="ICCBased" ncolour="[0]" size="10.560">丧</text>
                <text font="JQUZDQ+SimSun" bbox="289.680,677.197,300.240,687.757" colourspace="ICCBased" ncolour="[0]" size="10.560">失</text>
                <text font="JTTPDQ+SimSun" bbox="300.005,677.197,305.285,687.757" colourspace="ICCBased" ncolour="[0]" size="10.560"> </text>
                <text>
                </text>
            </textline>
            <textline bbox="216.000,661.600,326.162,672.160">
                <text font="JTTPDQ+SimSun" bbox="216.000,661.600,221.280,672.160" colourspace="ICCBased" ncolour="[0]" size="10.560">2</text>
                <text font="JTTPDQ+SimSun" bbox="221.280,661.600,226.560,672.160" colourspace="ICCBased" ncolour="[0]" size="10.560">4</text>
                <text font="JQUZDQ+SimSun" bbox="226.560,661.600,237.120,672.160" colourspace="ICCBased" ncolour="[0]" size="10.560">、</text>
                <text font="JQUZDQ+SimSun" bbox="237.120,661.600,247.680,672.160" colourspace="ICCBased" ncolour="[0]" size="10.560">严</text>
                <text font="JQUZDQ+SimSun" bbox="247.680,661.600,258.240,672.160" colourspace="ICCBased" ncolour="[0]" size="10.560">重</text>
                <text font="JQUZDQ+SimSun" bbox="258.240,661.600,268.800,672.160" colourspace="ICCBased" ncolour="[0]" size="10.560">溃</text>
                <text font="JQUZDQ+SimSun" bbox="268.560,661.600,279.120,672.160" colourspace="ICCBased" ncolour="[0]" size="10.560">疡</text>
                <text font="JQUZDQ+SimSun" bbox="279.120,661.600,289.680,672.160" colourspace="ICCBased" ncolour="[0]" size="10.560">性</text>
                <text font="JQUZDQ+SimSun" bbox="289.680,661.600,300.240,672.160" colourspace="ICCBased" ncolour="[0]" size="10.560">结</text>
                <text font="JQUZDQ+SimSun" bbox="300.240,661.600,310.800,672.160" colourspace="ICCBased" ncolour="[0]" size="10.560">肠</text>
                <text font="JQUZDQ+SimSun" bbox="310.560,661.600,321.120,672.160" colourspace="ICCBased" ncolour="[0]" size="10.560">炎</text>
                <text font="JTTPDQ+SimSun" bbox="320.882,661.600,326.162,672.160" colourspace="ICCBased" ncolour="[0]" size="10.560"> </text>
                <text>
                </text>
            </textline>
            <textline bbox="216.000,646.003,294.725,656.563">
                <text font="JTTPDQ+SimSun" bbox="216.000,646.003,221.280,656.563" colourspace="ICCBased" ncolour="[0]" size="10.560">2</text>
                <text font="JTTPDQ+SimSun" bbox="221.280,646.003,226.560,656.563" colourspace="ICCBased" ncolour="[0]" size="10.560">6</text>
                <text font="JQUZDQ+SimSun" bbox="226.560,646.003,237.120,656.563" colourspace="ICCBased" ncolour="[0]" size="10.560">、</text>
                <text font="JQUZDQ+SimSun" bbox="237.120,646.003,247.680,656.563" colourspace="ICCBased" ncolour="[0]" size="10.560">终</text>
                <text font="JQUZDQ+SimSun" bbox="247.680,646.003,258.240,656.563" colourspace="ICCBased" ncolour="[0]" size="10.560">末</text>
                <text font="JQUZDQ+SimSun" bbox="258.240,646.003,268.800,656.563" colourspace="ICCBased" ncolour="[0]" size="10.560">期</text>
                <text font="JQUZDQ+SimSun" bbox="268.560,646.003,279.120,656.563" colourspace="ICCBased" ncolour="[0]" size="10.560">肺</text>
                <text font="JQUZDQ+SimSun" bbox="279.120,646.003,289.680,656.563" colourspace="ICCBased" ncolour="[0]" size="10.560">病</text>
                <text font="JTTPDQ+SimSun" bbox="289.445,646.003,294.725,656.563" colourspace="ICCBased" ncolour="[0]" size="10.560"> </text>
                <text>
                </text>
            </textline>
            <textline bbox="216.000,630.406,284.165,640.966">
                <text font="JTTPDQ+SimSun" bbox="216.000,630.406,221.280,640.966" colourspace="ICCBased" ncolour="[0]" size="10.560">2</text>
                <text font="JTTPDQ+SimSun" bbox="221.280,630.406,226.560,640.966" colourspace="ICCBased" ncolour="[0]" size="10.560">7</text>
                <text font="JQUZDQ+SimSun" bbox="226.560,630.406,237.120,640.966" colourspace="ICCBased" ncolour="[0]" size="10.560">、</text>
                <text font="JQUZDQ+SimSun" bbox="237.120,630.406,247.680,640.966" colourspace="ICCBased" ncolour="[0]" size="10.560">胰</text>
                <text font="JQUZDQ+SimSun" bbox="247.680,630.406,258.240,640.966" colourspace="ICCBased" ncolour="[0]" size="10.560">腺</text>
                <text font="JQUZDQ+SimSun" bbox="258.240,630.406,268.800,640.966" colourspace="ICCBased" ncolour="[0]" size="10.560">移</text>
                <text font="JQUZDQ+SimSun" bbox="268.560,630.406,279.120,640.966" colourspace="ICCBased" ncolour="[0]" size="10.560">植</text>
                <text font="JTTPDQ+SimSun" bbox="278.885,630.406,284.165,640.966" colourspace="ICCBased" ncolour="[0]" size="10.560"> </text>
                <text>
                </text>
            </textline>
            <textline bbox="216.000,614.809,326.162,625.369">
                <text font="JTTPDQ+SimSun" bbox="216.000,614.809,221.280,625.369" colourspace="ICCBased" ncolour="[0]" size="10.560">2</text>
                <text font="JTTPDQ+SimSun" bbox="221.280,614.809,226.560,625.369" colourspace="ICCBased" ncolour="[0]" size="10.560">9</text>
                <text font="JQUZDQ+SimSun" bbox="226.560,614.809,237.120,625.369" colourspace="ICCBased" ncolour="[0]" size="10.560">、</text>
                <text font="JQUZDQ+SimSun" bbox="237.120,614.809,247.680,625.369" colourspace="ICCBased" ncolour="[0]" size="10.560">严</text>
                <text font="JQUZDQ+SimSun" bbox="247.680,614.809,258.240,625.369" colourspace="ICCBased" ncolour="[0]" size="10.560">重</text>
                <text font="JQUZDQ+SimSun" bbox="258.240,614.809,268.800,625.369" colourspace="ICCBased" ncolour="[0]" size="10.560">肾</text>
                <text font="JQUZDQ+SimSun" bbox="268.560,614.809,279.120,625.369" colourspace="ICCBased" ncolour="[0]" size="10.560">髓</text>
                <text font="JQUZDQ+SimSun" bbox="279.120,614.809,289.680,625.369" colourspace="ICCBased" ncolour="[0]" size="10.560">质</text>
                <text font="JQUZDQ+SimSun" bbox="289.680,614.809,300.240,625.369" colourspace="ICCBased" ncolour="[0]" size="10.560">囊</text>
                <text font="JQUZDQ+SimSun" bbox="300.240,614.809,310.800,625.369" colourspace="ICCBased" ncolour="[0]" size="10.560">性</text>
                <text font="JQUZDQ+SimSun" bbox="310.560,614.809,321.120,625.369" colourspace="ICCBased" ncolour="[0]" size="10.560">病</text>
                <text font="JTTPDQ+SimSun" bbox="320.882,614.809,326.162,625.369" colourspace="ICCBased" ncolour="[0]" size="10.560"> </text>
                <text>
                </text>
            </textline>
            <textline bbox="216.000,599.212,336.722,609.772">
                <text font="JTTPDQ+SimSun" bbox="216.000,599.212,221.280,609.772" colourspace="ICCBased" ncolour="[0]" size="10.560">3</text>
                <text font="JTTPDQ+SimSun" bbox="221.280,599.212,226.560,609.772" colourspace="ICCBased" ncolour="[0]" size="10.560">1</text>
                <text font="JQUZDQ+SimSun" bbox="226.560,599.212,237.120,609.772" colourspace="ICCBased" ncolour="[0]" size="10.560">、</text>
                <text font="JQUZDQ+SimSun" bbox="237.120,599.212,247.680,609.772" colourspace="ICCBased" ncolour="[0]" size="10.560">严</text>
                <text font="JQUZDQ+SimSun" bbox="247.680,599.212,258.240,609.772" colourspace="ICCBased" ncolour="[0]" size="10.560">重</text>
                <text font="JQUZDQ+SimSun" bbox="258.240,599.212,268.800,609.772" colourspace="ICCBased" ncolour="[0]" size="10.560">自</text>
                <text font="JQUZDQ+SimSun" bbox="268.560,599.212,279.120,609.772" colourspace="ICCBased" ncolour="[0]" size="10.560">身</text>
                <text font="JQUZDQ+SimSun" bbox="279.120,599.212,289.680,609.772" colourspace="ICCBased" ncolour="[0]" size="10.560">免</text>
                <text font="JQUZDQ+SimSun" bbox="289.680,599.212,300.240,609.772" colourspace="ICCBased" ncolour="[0]" size="10.560">疫</text>
                <text font="JQUZDQ+SimSun" bbox="300.240,599.212,310.800,609.772" colourspace="ICCBased" ncolour="[0]" size="10.560">性</text>
                <text font="JQUZDQ+SimSun" bbox="310.560,599.212,321.120,609.772" colourspace="ICCBased" ncolour="[0]" size="10.560">肝</text>
                <text font="JQUZDQ+SimSun" bbox="321.120,599.212,331.680,609.772" colourspace="ICCBased" ncolour="[0]" size="10.560">炎</text>
                <text font="JTTPDQ+SimSun" bbox="331.442,599.212,336.722,609.772" colourspace="ICCBased" ncolour="[0]" size="10.560"> </text>
                <text>
                </text>
            </textline>
            <textline bbox="216.000,583.615,315.845,594.175">
                <text font="JTTPDQ+SimSun" bbox="216.000,583.615,221.280,594.175" colourspace="ICCBased" ncolour="[0]" size="10.560">3</text>
                <text font="JTTPDQ+SimSun" bbox="221.280,583.615,226.560,594.175" colourspace="ICCBased" ncolour="[0]" size="10.560">3</text>
                <text font="JQUZDQ+SimSun" bbox="226.560,583.615,237.120,594.175" colourspace="ICCBased" ncolour="[0]" size="10.560">、</text>
                <text font="JQUZDQ+SimSun" bbox="237.120,583.615,247.680,594.175" colourspace="ICCBased" ncolour="[0]" size="10.560">肺</text>
                <text font="JQUZDQ+SimSun" bbox="247.680,583.615,258.240,594.175" colourspace="ICCBased" ncolour="[0]" size="10.560">淋</text>
                <text font="JQUZDQ+SimSun" bbox="258.240,583.615,268.800,594.175" colourspace="ICCBased" ncolour="[0]" size="10.560">巴</text>
                <text font="JQUZDQ+SimSun" bbox="268.560,583.615,279.120,594.175" colourspace="ICCBased" ncolour="[0]" size="10.560">管</text>
                <text font="JQUZDQ+SimSun" bbox="279.120,583.615,289.680,594.175" colourspace="ICCBased" ncolour="[0]" size="10.560">肌</text>
                <text font="JQUZDQ+SimSun" bbox="289.680,583.615,300.240,594.175" colourspace="ICCBased" ncolour="[0]" size="10.560">瘤</text>
                <text font="JQUZDQ+SimSun" bbox="300.240,583.615,310.800,594.175" colourspace="ICCBased" ncolour="[0]" size="10.560">病</text>
                <text font="JTTPDQ+SimSun" bbox="310.565,583.615,315.845,594.175" colourspace="ICCBased" ncolour="[0]" size="10.560"> </text>
                <text>
                </text>
            </textline>
            <textline bbox="216.000,568.018,326.162,578.578">
                <text font="JTTPDQ+SimSun" bbox="216.000,568.018,221.280,578.578" colourspace="ICCBased" ncolour="[0]" size="10.560">3</text>
                <text font="JTTPDQ+SimSun" bbox="221.280,568.018,226.560,578.578" colourspace="ICCBased" ncolour="[0]" size="10.560">5</text>
                <text font="JQUZDQ+SimSun" bbox="226.560,568.018,237.120,578.578" colourspace="ICCBased" ncolour="[0]" size="10.560">、</text>
                <text font="JQUZDQ+SimSun" bbox="237.120,568.018,247.680,578.578" colourspace="ICCBased" ncolour="[0]" size="10.560">慢</text>
                <text font="JQUZDQ+SimSun" bbox="247.680,568.018,258.240,578.578" colourspace="ICCBased" ncolour="[0]" size="10.560">性</text>
                <text font="JQUZDQ+SimSun" bbox="258.240,568.018,268.800,578.578" colourspace="ICCBased" ncolour="[0]" size="10.560">复</text>
                <text font="JQUZDQ+SimSun" bbox="268.560,568.018,279.120,578.578" colourspace="ICCBased" ncolour="[0]" size="10.560">发</text>
                <text font="JQUZDQ+SimSun" bbox="279.120,568.018,289.680,578.578" colourspace="ICCBased" ncolour="[0]" size="10.560">性</text>
                <text font="JQUZDQ+SimSun" bbox="289.680,568.018,300.240,578.578" colourspace="ICCBased" ncolour="[0]" size="10.560">胰</text>
                <text font="JQUZDQ+SimSun" bbox="300.240,568.018,310.800,578.578" colourspace="ICCBased" ncolour="[0]" size="10.560">腺</text>
                <text font="JQUZDQ+SimSun" bbox="310.560,568.018,321.120,578.578" colourspace="ICCBased" ncolour="[0]" size="10.560">炎</text>
                <text font="JTTPDQ+SimSun" bbox="320.882,568.018,326.162,578.578" colourspace="ICCBased" ncolour="[0]" size="10.560"> </text>
                <text>
                </text>
            </textline>
            <textline bbox="216.000,552.420,336.722,562.980">
                <text font="JTTPDQ+SimSun" bbox="216.000,552.420,221.280,562.980" colourspace="ICCBased" ncolour="[0]" size="10.560">3</text>
                <text font="JTTPDQ+SimSun" bbox="221.280,552.420,226.560,562.980" colourspace="ICCBased" ncolour="[0]" size="10.560">7</text>
                <text font="JQUZDQ+SimSun" bbox="226.560,552.420,237.120,562.980" colourspace="ICCBased" ncolour="[0]" size="10.560">、</text>
                <text font="JQUZDQ+SimSun" bbox="237.120,552.420,247.680,562.980" colourspace="ICCBased" ncolour="[0]" size="10.560">严</text>
                <text font="JQUZDQ+SimSun" bbox="247.680,552.420,258.240,562.980" colourspace="ICCBased" ncolour="[0]" size="10.560">重</text>
                <text font="JQUZDQ+SimSun" bbox="258.240,552.420,268.800,562.980" colourspace="ICCBased" ncolour="[0]" size="10.560">小</text>
                <text font="JQUZDQ+SimSun" bbox="268.560,552.420,279.120,562.980" colourspace="ICCBased" ncolour="[0]" size="10.560">肠</text>
                <text font="JQUZDQ+SimSun" bbox="279.120,552.420,289.680,562.980" colourspace="ICCBased" ncolour="[0]" size="10.560">疾</text>
                <text font="JQUZDQ+SimSun" bbox="289.680,552.420,300.240,562.980" colourspace="ICCBased" ncolour="[0]" size="10.560">病</text>
                <text font="JQUZDQ+SimSun" bbox="300.240,552.420,310.800,562.980" colourspace="ICCBased" ncolour="[0]" size="10.560">并</text>
                <text font="JQUZDQ+SimSun" bbox="310.560,552.420,321.120,562.980" colourspace="ICCBased" ncolour="[0]" size="10.560">发</text>
                <text font="JQUZDQ+SimSun" bbox="321.120,552.420,331.680,562.980" colourspace="ICCBased" ncolour="[0]" size="10.560">症</text>
                <text font="JTTPDQ+SimSun" bbox="331.442,552.420,336.722,562.980" colourspace="ICCBased" ncolour="[0]" size="10.560"> </text>
                <text>
                </text>
            </textline>
            <textline bbox="216.000,536.823,294.725,547.383">
                <text font="JTTPDQ+SimSun" bbox="216.000,536.823,221.280,547.383" colourspace="ICCBased" ncolour="[0]" size="10.560">3</text>
                <text font="JTTPDQ+SimSun" bbox="221.280,536.823,226.560,547.383" colourspace="ICCBased" ncolour="[0]" size="10.560">9</text>
                <text font="JQUZDQ+SimSun" bbox="226.560,536.823,237.120,547.383" colourspace="ICCBased" ncolour="[0]" size="10.560">、</text>
                <text font="JQUZDQ+SimSun" bbox="237.120,536.823,247.680,547.383" colourspace="ICCBased" ncolour="[0]" size="10.560">严</text>
                <text font="JQUZDQ+SimSun" bbox="247.680,536.823,258.240,547.383" colourspace="ICCBased" ncolour="[0]" size="10.560">重</text>
                <text font="JQUZDQ+SimSun" bbox="258.240,536.823,268.800,547.383" colourspace="ICCBased" ncolour="[0]" size="10.560">克</text>
                <text font="JQUZDQ+SimSun" bbox="268.560,536.823,279.120,547.383" colourspace="ICCBased" ncolour="[0]" size="10.560">隆</text>
                <text font="JQUZDQ+SimSun" bbox="279.120,536.823,289.680,547.383" colourspace="ICCBased" ncolour="[0]" size="10.560">病</text>
                <text font="JTTPDQ+SimSun" bbox="289.445,536.823,294.725,547.383" colourspace="ICCBased" ncolour="[0]" size="10.560"> </text>
                <text>
                </text>
            </textline>
            <textline bbox="216.000,521.226,284.165,531.786">
                <text font="JTTPDQ+SimSun" bbox="216.000,521.226,221.280,531.786" colourspace="ICCBased" ncolour="[0]" size="10.560">4</text>
                <text font="JTTPDQ+SimSun" bbox="221.280,521.226,226.560,531.786" colourspace="ICCBased" ncolour="[0]" size="10.560">1</text>
                <text font="JQUZDQ+SimSun" bbox="226.560,521.226,237.120,531.786" colourspace="ICCBased" ncolour="[0]" size="10.560">、</text>
                <text font="JQUZDQ+SimSun" bbox="237.120,521.226,247.680,531.786" colourspace="ICCBased" ncolour="[0]" size="10.560">严</text>
                <text font="JQUZDQ+SimSun" bbox="247.680,521.226,258.240,531.786" colourspace="ICCBased" ncolour="[0]" size="10.560">重</text>
                <text font="JQUZDQ+SimSun" bbox="258.240,521.226,268.800,531.786" colourspace="ICCBased" ncolour="[0]" size="10.560">哮</text>
                <text font="JQUZDQ+SimSun" bbox="268.560,521.226,279.120,531.786" colourspace="ICCBased" ncolour="[0]" size="10.560">喘</text>
                <text font="JTTPDQ+SimSun" bbox="278.885,521.226,284.165,531.786" colourspace="ICCBased" ncolour="[0]" size="10.560"> </text>
                <text>
                </text>
            </textline>
            <textline bbox="216.000,503.878,302.387,516.189">
                <text font="JTTPDQ+SimSun" bbox="216.000,505.629,221.280,516.189" colourspace="ICCBased" ncolour="[0]" size="10.560">4</text>
                <text font="JTTPDQ+SimSun" bbox="221.280,505.629,226.560,516.189" colourspace="ICCBased" ncolour="[0]" size="10.560">3</text>
                <text font="JQUZDQ+SimSun" bbox="226.560,505.629,237.120,516.189" colourspace="ICCBased" ncolour="[0]" size="10.560">、</text>
                <text font="JQUZDQ+SimSun" bbox="237.120,505.629,247.680,516.189" colourspace="ICCBased" ncolour="[0]" size="10.560">胆</text>
                <text font="JQUZDQ+SimSun" bbox="247.680,505.629,258.240,516.189" colourspace="ICCBased" ncolour="[0]" size="10.560">道</text>
                <text font="JQUZDQ+SimSun" bbox="258.240,505.629,268.800,516.189" colourspace="ICCBased" ncolour="[0]" size="10.560">重</text>
                <text font="JQUZDQ+SimSun" bbox="268.560,505.629,279.120,516.189" colourspace="ICCBased" ncolour="[0]" size="10.560">建</text>
                <text font="JQUZDQ+SimSun" bbox="279.120,505.629,289.680,516.189" colourspace="ICCBased" ncolour="[0]" size="10.560">手</text>
                <text font="JQUZDQ+SimSun" bbox="289.680,505.629,300.240,516.189" colourspace="ICCBased" ncolour="[0]" size="10.560">术</text>
                <text font="JUMADQ+Calibri" bbox="300.000,503.878,302.387,514.438" colourspace="ICCBased" ncolour="[0]" size="10.560"> </text>
                <text>
                </text>
            </textline>
            <textline bbox="216.000,489.269,368.880,499.829">
                <text font="JQUZDQ+SimSun" bbox="216.000,489.269,226.560,499.829" colourspace="ICCBased" ncolour="[0]" size="10.560">第</text>
                <text> </text>
                <text font="JTTPDQ+SimSun" bbox="229.200,489.269,234.480,499.829" colourspace="ICCBased" ncolour="[0]" size="10.560">4</text>
                <text> </text>
                <text font="JQUZDQ+SimSun" bbox="237.120,489.269,247.680,499.829" colourspace="ICCBased" ncolour="[0]" size="10.560">类</text>
                <text font="JQUZDQ+SimSun" bbox="247.680,489.269,258.240,499.829" colourspace="ICCBased" ncolour="[0]" size="10.560">：</text>
                <text font="JQUZDQ+SimSun" bbox="258.240,489.269,268.800,499.829" colourspace="ICCBased" ncolour="[0]" size="10.560">与</text>
                <text font="JQUZDQ+SimSun" bbox="268.800,489.269,279.360,499.829" colourspace="ICCBased" ncolour="[0]" size="10.560">神</text>
                <text font="JQUZDQ+SimSun" bbox="279.360,489.269,289.920,499.829" colourspace="ICCBased" ncolour="[0]" size="10.560">经</text>
                <text font="JQUZDQ+SimSun" bbox="289.920,489.269,300.480,499.829" colourspace="ICCBased" ncolour="[0]" size="10.560">系</text>
                <text font="JQUZDQ+SimSun" bbox="300.480,489.269,311.040,499.829" colourspace="ICCBased" ncolour="[0]" size="10.560">统</text>
                <text font="JQUZDQ+SimSun" bbox="311.040,489.269,321.600,499.829" colourspace="ICCBased" ncolour="[0]" size="10.560">相</text>
                <text font="JQUZDQ+SimSun" bbox="321.600,489.269,332.160,499.829" colourspace="ICCBased" ncolour="[0]" size="10.560">关</text>
                <text font="JQUZDQ+SimSun" bbox="332.160,489.269,342.720,499.829" colourspace="ICCBased" ncolour="[0]" size="10.560">的</text>
                <text font="JQUZDQ+SimSun" bbox="342.720,489.269,353.280,499.829" colourspace="ICCBased" ncolour="[0]" size="10.560">疾</text>
                <text font="JQUZDQ+SimSun" bbox="353.280,489.269,363.840,499.829" colourspace="ICCBased" ncolour="[0]" size="10.560">病</text>
                <text font="JTTPDQ+SimSun" bbox="363.600,489.269,368.880,499.829" colourspace="ICCBased" ncolour="[0]" size="10.560"> </text>
                <text>
                </text>
            </textline>
        </textbox>
        <textbox id="4" bbox="359.520,661.597,546.480,734.549">
            <textline bbox="359.520,723.989,546.480,734.549">
                <text font="JTTPDQ+SimSun" bbox="359.520,723.989,364.800,734.549" colourspace="ICCBased" ncolour="[0]" size="10.560">1</text>
                <text font="JTTPDQ+SimSun" bbox="364.800,723.989,370.080,734.549" colourspace="ICCBased" ncolour="[0]" size="10.560">7</text>
                <text font="JQUZDQ+SimSun" bbox="370.080,723.989,380.640,734.549" colourspace="ICCBased" ncolour="[0]" size="10.560">、</text>
                <text font="JQUZDQ+SimSun" bbox="379.679,723.989,390.239,734.549" colourspace="ICCBased" ncolour="[0]" size="10.560">重</text>
                <text font="JQUZDQ+SimSun" bbox="389.764,723.989,400.324,734.549" colourspace="ICCBased" ncolour="[0]" size="10.560">大</text>
                <text font="JQUZDQ+SimSun" bbox="399.843,723.989,410.403,734.549" colourspace="ICCBased" ncolour="[0]" size="10.560">器</text>
                <text font="JQUZDQ+SimSun" bbox="409.923,723.989,420.483,734.549" colourspace="ICCBased" ncolour="[0]" size="10.560">官</text>
                <text font="JQUZDQ+SimSun" bbox="420.008,723.989,430.568,734.549" colourspace="ICCBased" ncolour="[0]" size="10.560">移</text>
                <text font="JQUZDQ+SimSun" bbox="430.087,723.989,440.647,734.549" colourspace="ICCBased" ncolour="[0]" size="10.560">植</text>
                <text font="JQUZDQ+SimSun" bbox="440.172,723.989,450.732,734.549" colourspace="ICCBased" ncolour="[0]" size="10.560">术</text>
                <text font="JQUZDQ+SimSun" bbox="450.252,723.989,460.812,734.549" colourspace="ICCBased" ncolour="[0]" size="10.560">或</text>
                <text font="JQUZDQ+SimSun" bbox="460.336,723.989,470.896,734.549" colourspace="ICCBased" ncolour="[0]" size="10.560">造</text>
                <text font="JQUZDQ+SimSun" bbox="470.416,723.989,480.976,734.549" colourspace="ICCBased" ncolour="[0]" size="10.560">血</text>
                <text font="JQUZDQ+SimSun" bbox="480.495,723.989,491.055,734.549" colourspace="ICCBased" ncolour="[0]" size="10.560">干</text>
                <text font="JQUZDQ+SimSun" bbox="490.580,723.989,501.140,734.549" colourspace="ICCBased" ncolour="[0]" size="10.560">细</text>
                <text font="JQUZDQ+SimSun" bbox="500.660,723.989,511.220,734.549" colourspace="ICCBased" ncolour="[0]" size="10.560">胞</text>
                <text font="JQUZDQ+SimSun" bbox="510.744,723.989,521.304,734.549" colourspace="ICCBased" ncolour="[0]" size="10.560">移</text>
                <text font="JQUZDQ+SimSun" bbox="520.824,723.989,531.384,734.549" colourspace="ICCBased" ncolour="[0]" size="10.560">植</text>
                <text font="JQUZDQ+SimSun" bbox="530.904,723.989,541.464,734.549" colourspace="ICCBased" ncolour="[0]" size="10.560">术</text>
                <text font="JTTPDQ+SimSun" bbox="541.200,723.989,546.480,734.549" colourspace="ICCBased" ncolour="[0]" size="10.560"> </text>
                <text>
                </text>
            </textline>
            <textline bbox="359.520,708.389,501.362,718.949">
                <text font="JTTPDQ+SimSun" bbox="359.520,708.389,364.800,718.949" colourspace="ICCBased" ncolour="[0]" size="10.560">1</text>
                <text font="JTTPDQ+SimSun" bbox="364.800,708.389,370.080,718.949" colourspace="ICCBased" ncolour="[0]" size="10.560">9</text>
                <text font="JQUZDQ+SimSun" bbox="370.080,708.389,380.640,718.949" colourspace="ICCBased" ncolour="[0]" size="10.560">、</text>
                <text font="JQUZDQ+SimSun" bbox="380.640,708.389,391.200,718.949" colourspace="ICCBased" ncolour="[0]" size="10.560">慢</text>
                <text font="JQUZDQ+SimSun" bbox="391.200,708.389,401.760,718.949" colourspace="ICCBased" ncolour="[0]" size="10.560">性</text>
                <text font="JQUZDQ+SimSun" bbox="401.760,708.389,412.320,718.949" colourspace="ICCBased" ncolour="[0]" size="10.560">肝</text>
                <text font="JQUZDQ+SimSun" bbox="412.080,708.389,422.640,718.949" colourspace="ICCBased" ncolour="[0]" size="10.560">功</text>
                <text font="JQUZDQ+SimSun" bbox="422.640,708.389,433.200,718.949" colourspace="ICCBased" ncolour="[0]" size="10.560">能</text>
                <text font="JQUZDQ+SimSun" bbox="433.200,708.389,443.760,718.949" colourspace="ICCBased" ncolour="[0]" size="10.560">衰</text>
                <text font="JQUZDQ+SimSun" bbox="443.760,708.389,454.320,718.949" colourspace="ICCBased" ncolour="[0]" size="10.560">竭</text>
                <text font="JQUZDQ+SimSun" bbox="454.080,708.389,464.640,718.949" colourspace="ICCBased" ncolour="[0]" size="10.560">失</text>
                <text font="JQUZDQ+SimSun" bbox="464.640,708.389,475.200,718.949" colourspace="ICCBased" ncolour="[0]" size="10.560">代</text>
                <text font="JQUZDQ+SimSun" bbox="475.200,708.389,485.760,718.949" colourspace="ICCBased" ncolour="[0]" size="10.560">偿</text>
                <text font="JQUZDQ+SimSun" bbox="485.760,708.389,496.320,718.949" colourspace="ICCBased" ncolour="[0]" size="10.560">期</text>
                <text font="JTTPDQ+SimSun" bbox="496.082,708.389,501.362,718.949" colourspace="ICCBased" ncolour="[0]" size="10.560"> </text>
                <text>
                </text>
            </textline>
            <textline bbox="359.520,692.792,532.799,703.352">
                <text font="JTTPDQ+SimSun" bbox="359.520,692.792,364.800,703.352" colourspace="ICCBased" ncolour="[0]" size="10.560">2</text>
                <text font="JTTPDQ+SimSun" bbox="364.800,692.792,370.080,703.352" colourspace="ICCBased" ncolour="[0]" size="10.560">1</text>
                <text font="JQUZDQ+SimSun" bbox="370.080,692.792,380.640,703.352" colourspace="ICCBased" ncolour="[0]" size="10.560">、</text>
                <text font="JQUZDQ+SimSun" bbox="380.640,692.792,391.200,703.352" colourspace="ICCBased" ncolour="[0]" size="10.560">系</text>
                <text font="JQUZDQ+SimSun" bbox="391.200,692.792,401.760,703.352" colourspace="ICCBased" ncolour="[0]" size="10.560">统</text>
                <text font="JQUZDQ+SimSun" bbox="401.760,692.792,412.320,703.352" colourspace="ICCBased" ncolour="[0]" size="10.560">性</text>
                <text font="JQUZDQ+SimSun" bbox="412.080,692.792,422.640,703.352" colourspace="ICCBased" ncolour="[0]" size="10.560">红</text>
                <text font="JQUZDQ+SimSun" bbox="422.640,692.792,433.200,703.352" colourspace="ICCBased" ncolour="[0]" size="10.560">斑</text>
                <text font="JQUZDQ+SimSun" bbox="433.200,692.792,443.760,703.352" colourspace="ICCBased" ncolour="[0]" size="10.560">狼</text>
                <text font="JQUZDQ+SimSun" bbox="443.760,692.792,454.320,703.352" colourspace="ICCBased" ncolour="[0]" size="10.560">疮</text>
                <text font="JQUZDQ+SimSun" bbox="454.080,692.792,464.640,703.352" colourspace="ICCBased" ncolour="[0]" size="10.560">并</text>
                <text font="JQUZDQ+SimSun" bbox="464.640,692.792,475.200,703.352" colourspace="ICCBased" ncolour="[0]" size="10.560">发</text>
                <text font="JQUZDQ+SimSun" bbox="475.200,692.792,485.760,703.352" colourspace="ICCBased" ncolour="[0]" size="10.560">肾</text>
                <text font="JQUZDQ+SimSun" bbox="485.760,692.792,496.320,703.352" colourspace="ICCBased" ncolour="[0]" size="10.560">功</text>
                <text font="JQUZDQ+SimSun" bbox="496.080,692.792,506.640,703.352" colourspace="ICCBased" ncolour="[0]" size="10.560">能</text>
                <text font="JQUZDQ+SimSun" bbox="506.640,692.792,517.200,703.352" colourspace="ICCBased" ncolour="[0]" size="10.560">损</text>
                <text font="JQUZDQ+SimSun" bbox="517.200,692.792,527.760,703.352" colourspace="ICCBased" ncolour="[0]" size="10.560">害</text>
                <text font="JTTPDQ+SimSun" bbox="527.519,692.792,532.799,703.352" colourspace="ICCBased" ncolour="[0]" size="10.560"> </text>
                <text>
                </text>
            </textline>
            <textline bbox="359.520,677.195,490.802,687.755">
                <text font="JTTPDQ+SimSun" bbox="359.520,677.195,364.800,687.755" colourspace="ICCBased" ncolour="[0]" size="10.560">2</text>
                <text font="JTTPDQ+SimSun" bbox="364.800,677.195,370.080,687.755" colourspace="ICCBased" ncolour="[0]" size="10.560">3</text>
                <text font="JQUZDQ+SimSun" bbox="370.080,677.195,380.640,687.755" colourspace="ICCBased" ncolour="[0]" size="10.560">、</text>
                <text font="JQUZDQ+SimSun" bbox="380.640,677.195,391.200,687.755" colourspace="ICCBased" ncolour="[0]" size="10.560">急</text>
                <text font="JQUZDQ+SimSun" bbox="391.200,677.195,401.760,687.755" colourspace="ICCBased" ncolour="[0]" size="10.560">性</text>
                <text font="JQUZDQ+SimSun" bbox="401.760,677.195,412.320,687.755" colourspace="ICCBased" ncolour="[0]" size="10.560">或</text>
                <text font="JQUZDQ+SimSun" bbox="412.080,677.195,422.640,687.755" colourspace="ICCBased" ncolour="[0]" size="10.560">亚</text>
                <text font="JQUZDQ+SimSun" bbox="422.640,677.195,433.200,687.755" colourspace="ICCBased" ncolour="[0]" size="10.560">急</text>
                <text font="JQUZDQ+SimSun" bbox="433.200,677.195,443.760,687.755" colourspace="ICCBased" ncolour="[0]" size="10.560">性</text>
                <text font="JQUZDQ+SimSun" bbox="443.760,677.195,454.320,687.755" colourspace="ICCBased" ncolour="[0]" size="10.560">重</text>
                <text font="JQUZDQ+SimSun" bbox="454.080,677.195,464.640,687.755" colourspace="ICCBased" ncolour="[0]" size="10.560">症</text>
                <text font="JQUZDQ+SimSun" bbox="464.640,677.195,475.200,687.755" colourspace="ICCBased" ncolour="[0]" size="10.560">肝</text>
                <text font="JQUZDQ+SimSun" bbox="475.200,677.195,485.760,687.755" colourspace="ICCBased" ncolour="[0]" size="10.560">炎</text>
                <text font="JTTPDQ+SimSun" bbox="485.522,677.195,490.802,687.755" colourspace="ICCBased" ncolour="[0]" size="10.560"> </text>
                <text>
                </text>
            </textline>
            <textline bbox="359.520,661.597,541.470,672.157">
                <text font="JTTPDQ+SimSun" bbox="359.520,661.597,364.800,672.157" colourspace="ICCBased" ncolour="[0]" size="10.560">2</text>
                <text font="JTTPDQ+SimSun" bbox="364.800,661.597,370.080,672.157" colourspace="ICCBased" ncolour="[0]" size="10.560">5</text>
                <text font="JQUZDQ+SimSun" bbox="370.323,661.597,380.883,672.157" colourspace="ICCBased" ncolour="[0]" size="10.560">、</text>
                <text font="JQUZDQ+SimSun" bbox="381.126,661.597,391.686,672.157" colourspace="ICCBased" ncolour="[0]" size="10.560">终</text>
                <text font="JQUZDQ+SimSun" bbox="391.686,661.597,402.246,672.157" colourspace="ICCBased" ncolour="[0]" size="10.560">末</text>
                <text font="JQUZDQ+SimSun" bbox="402.489,661.597,413.049,672.157" colourspace="ICCBased" ncolour="[0]" size="10.560">期</text>
                <text font="JQUZDQ+SimSun" bbox="413.049,661.597,423.609,672.157" colourspace="ICCBased" ncolour="[0]" size="10.560">肾</text>
                <text font="JQUZDQ+SimSun" bbox="423.852,661.597,434.412,672.157" colourspace="ICCBased" ncolour="[0]" size="10.560">病</text>
                <text font="JQUZDQ+SimSun" bbox="434.654,661.597,445.214,672.157" colourspace="ICCBased" ncolour="[0]" size="10.560">（</text>
                <text font="JQUZDQ+SimSun" bbox="445.215,661.597,455.775,672.157" colourspace="ICCBased" ncolour="[0]" size="10.560">或</text>
                <text font="JQUZDQ+SimSun" bbox="456.018,661.597,466.578,672.157" colourspace="ICCBased" ncolour="[0]" size="10.560">称</text>
                <text font="JQUZDQ+SimSun" bbox="466.578,661.597,477.138,672.157" colourspace="ICCBased" ncolour="[0]" size="10.560">慢</text>
                <text font="JQUZDQ+SimSun" bbox="477.381,661.597,487.941,672.157" colourspace="ICCBased" ncolour="[0]" size="10.560">性</text>
                <text font="JQUZDQ+SimSun" bbox="487.941,661.597,498.501,672.157" colourspace="ICCBased" ncolour="[0]" size="10.560">肾</text>
                <text font="JQUZDQ+SimSun" bbox="498.744,661.597,509.304,672.157" colourspace="ICCBased" ncolour="[0]" size="10.560">功</text>
                <text font="JQUZDQ+SimSun" bbox="509.547,661.597,520.107,672.157" colourspace="ICCBased" ncolour="[0]" size="10.560">能</text>
                <text font="JQUZDQ+SimSun" bbox="520.107,661.597,530.667,672.157" colourspace="ICCBased" ncolour="[0]" size="10.560">衰</text>
                <text font="JQUZDQ+SimSun" bbox="530.910,661.597,541.470,672.157" colourspace="ICCBased" ncolour="[0]" size="10.560">竭</text>
                <text>
                </text>
            </textline>
        </textbox>
        <textbox id="5" bbox="380.640,646.000,438.477,656.560">
            <textline bbox="380.640,646.000,438.477,656.560">
                <text font="JQUZDQ+SimSun" bbox="380.640,646.000,391.200,656.560" colourspace="ICCBased" ncolour="[0]" size="10.560">尿</text>
                <text font="JQUZDQ+SimSun" bbox="391.200,646.000,401.760,656.560" colourspace="ICCBased" ncolour="[0]" size="10.560">毒</text>
                <text font="JQUZDQ+SimSun" bbox="401.760,646.000,412.320,656.560" colourspace="ICCBased" ncolour="[0]" size="10.560">症</text>
                <text font="JQUZDQ+SimSun" bbox="412.320,646.000,422.880,656.560" colourspace="ICCBased" ncolour="[0]" size="10.560">期</text>
                <text font="JQUZDQ+SimSun" bbox="422.880,646.000,433.440,656.560" colourspace="ICCBased" ncolour="[0]" size="10.560">）</text>
                <text font="JTTPDQ+SimSun" bbox="433.197,646.000,438.477,656.560" colourspace="ICCBased" ncolour="[0]" size="10.560"> </text>
                <text>
                </text>
            </textline>
        </textbox>
        <textbox id="6" bbox="359.520,521.223,535.439,640.963">
            <textline bbox="359.520,630.403,511.679,640.963">
                <text font="JTTPDQ+SimSun" bbox="359.520,630.403,364.800,640.963" colourspace="ICCBased" ncolour="[0]" size="10.560">2</text>
                <text font="JTTPDQ+SimSun" bbox="364.800,630.403,370.080,640.963" colourspace="ICCBased" ncolour="[0]" size="10.560">8</text>
                <text font="JQUZDQ+SimSun" bbox="370.080,630.403,380.640,640.963" colourspace="ICCBased" ncolour="[0]" size="10.560">、</text>
                <text font="JQUZDQ+SimSun" bbox="380.640,630.403,391.200,640.963" colourspace="ICCBased" ncolour="[0]" size="10.560">急</text>
                <text font="JQUZDQ+SimSun" bbox="391.200,630.403,401.760,640.963" colourspace="ICCBased" ncolour="[0]" size="10.560">性</text>
                <text font="JQUZDQ+SimSun" bbox="401.760,630.403,412.320,640.963" colourspace="ICCBased" ncolour="[0]" size="10.560">坏</text>
                <text font="JQUZDQ+SimSun" bbox="412.080,630.403,422.640,640.963" colourspace="ICCBased" ncolour="[0]" size="10.560">死</text>
                <text font="JQUZDQ+SimSun" bbox="422.640,630.403,433.200,640.963" colourspace="ICCBased" ncolour="[0]" size="10.560">性</text>
                <text font="JQUZDQ+SimSun" bbox="433.200,630.403,443.760,640.963" colourspace="ICCBased" ncolour="[0]" size="10.560">胰</text>
                <text font="JQUZDQ+SimSun" bbox="443.760,630.403,454.320,640.963" colourspace="ICCBased" ncolour="[0]" size="10.560">腺</text>
                <text font="JQUZDQ+SimSun" bbox="454.080,630.403,464.640,640.963" colourspace="ICCBased" ncolour="[0]" size="10.560">炎</text>
                <text font="JQUZDQ+SimSun" bbox="464.640,630.403,475.200,640.963" colourspace="ICCBased" ncolour="[0]" size="10.560">开</text>
                <text font="JQUZDQ+SimSun" bbox="475.200,630.403,485.760,640.963" colourspace="ICCBased" ncolour="[0]" size="10.560">腹</text>
                <text font="JQUZDQ+SimSun" bbox="485.760,630.403,496.320,640.963" colourspace="ICCBased" ncolour="[0]" size="10.560">手</text>
                <text font="JQUZDQ+SimSun" bbox="496.080,630.403,506.640,640.963" colourspace="ICCBased" ncolour="[0]" size="10.560">术</text>
                <text font="JTTPDQ+SimSun" bbox="506.399,630.403,511.679,640.963" colourspace="ICCBased" ncolour="[0]" size="10.560"> </text>
                <text>
                </text>
            </textline>
            <textline bbox="359.520,614.806,535.439,625.366">
                <text font="JTTPDQ+SimSun" bbox="359.520,614.806,364.800,625.366" colourspace="ICCBased" ncolour="[0]" size="10.560">3</text>
                <text font="JTTPDQ+SimSun" bbox="364.800,614.806,370.080,625.366" colourspace="ICCBased" ncolour="[0]" size="10.560">0</text>
                <text font="JQUZDQ+SimSun" bbox="370.080,614.806,380.640,625.366" colourspace="ICCBased" ncolour="[0]" size="10.560">、</text>
                <text font="JQUZDQ+SimSun" bbox="380.640,614.806,391.200,625.366" colourspace="ICCBased" ncolour="[0]" size="10.560">严</text>
                <text font="JQUZDQ+SimSun" bbox="391.200,614.806,401.760,625.366" colourspace="ICCBased" ncolour="[0]" size="10.560">重</text>
                <text font="JQUZDQ+SimSun" bbox="401.760,614.806,412.320,625.366" colourspace="ICCBased" ncolour="[0]" size="10.560">肝</text>
                <text font="JQUZDQ+SimSun" bbox="412.080,614.806,422.640,625.366" colourspace="ICCBased" ncolour="[0]" size="10.560">豆</text>
                <text font="JQUZDQ+SimSun" bbox="422.640,614.806,433.200,625.366" colourspace="ICCBased" ncolour="[0]" size="10.560">状</text>
                <text font="JQUZDQ+SimSun" bbox="433.200,614.806,443.760,625.366" colourspace="ICCBased" ncolour="[0]" size="10.560">核</text>
                <text font="JQUZDQ+SimSun" bbox="443.760,614.806,454.320,625.366" colourspace="ICCBased" ncolour="[0]" size="10.560">变</text>
                <text font="JQUZDQ+SimSun" bbox="454.080,614.806,464.640,625.366" colourspace="ICCBased" ncolour="[0]" size="10.560">性</text>
                <text font="JQUZDQ+SimSun" bbox="464.640,614.806,475.200,625.366" colourspace="ICCBased" ncolour="[0]" size="10.560">（</text>
                <text font="JTTPDQ+SimSun" bbox="475.200,614.806,480.480,625.366" colourspace="ICCBased" ncolour="[0]" size="10.560">W</text>
                <text font="JTTPDQ+SimSun" bbox="480.480,614.806,485.760,625.366" colourspace="ICCBased" ncolour="[0]" size="10.560">i</text>
                <text font="JTTPDQ+SimSun" bbox="485.760,614.806,491.040,625.366" colourspace="ICCBased" ncolour="[0]" size="10.560">l</text>
                <text font="JTTPDQ+SimSun" bbox="491.040,614.806,496.320,625.366" colourspace="ICCBased" ncolour="[0]" size="10.560">s</text>
                <text font="JTTPDQ+SimSun" bbox="496.320,614.806,501.600,625.366" colourspace="ICCBased" ncolour="[0]" size="10.560">o</text>
                <text font="JTTPDQ+SimSun" bbox="501.360,614.806,506.640,625.366" colourspace="ICCBased" ncolour="[0]" size="10.560">n</text>
                <text> </text>
                <text font="JQUZDQ+SimSun" bbox="509.282,614.806,519.842,625.366" colourspace="ICCBased" ncolour="[0]" size="10.560">病</text>
                <text font="JQUZDQ+SimSun" bbox="519.842,614.806,530.402,625.366" colourspace="ICCBased" ncolour="[0]" size="10.560">）</text>
                <text font="JTTPDQ+SimSun" bbox="530.159,614.806,535.439,625.366" colourspace="ICCBased" ncolour="[0]" size="10.560"> </text>
                <text>
                </text>
            </textline>
            <textline bbox="359.520,599.209,501.362,609.769">
                <text font="JTTPDQ+SimSun" bbox="359.520,599.209,364.800,609.769" colourspace="ICCBased" ncolour="[0]" size="10.560">3</text>
                <text font="JTTPDQ+SimSun" bbox="364.800,599.209,370.080,609.769" colourspace="ICCBased" ncolour="[0]" size="10.560">2</text>
                <text font="JQUZDQ+SimSun" bbox="370.080,599.209,380.640,609.769" colourspace="ICCBased" ncolour="[0]" size="10.560">、</text>
                <text font="JQUZDQ+SimSun" bbox="380.640,599.209,391.200,609.769" colourspace="ICCBased" ncolour="[0]" size="10.560">严</text>
                <text font="JQUZDQ+SimSun" bbox="391.200,599.209,401.760,609.769" colourspace="ICCBased" ncolour="[0]" size="10.560">重</text>
                <text font="JQUZDQ+SimSun" bbox="401.760,599.209,412.320,609.769" colourspace="ICCBased" ncolour="[0]" size="10.560">弥</text>
                <text font="JQUZDQ+SimSun" bbox="412.080,599.209,422.640,609.769" colourspace="ICCBased" ncolour="[0]" size="10.560">漫</text>
                <text font="JQUZDQ+SimSun" bbox="422.640,599.209,433.200,609.769" colourspace="ICCBased" ncolour="[0]" size="10.560">性</text>
                <text font="JQUZDQ+SimSun" bbox="433.200,599.209,443.760,609.769" colourspace="ICCBased" ncolour="[0]" size="10.560">系</text>
                <text font="JQUZDQ+SimSun" bbox="443.760,599.209,454.320,609.769" colourspace="ICCBased" ncolour="[0]" size="10.560">统</text>
                <text font="JQUZDQ+SimSun" bbox="454.080,599.209,464.640,609.769" colourspace="ICCBased" ncolour="[0]" size="10.560">性</text>
                <text font="JQUZDQ+SimSun" bbox="464.640,599.209,475.200,609.769" colourspace="ICCBased" ncolour="[0]" size="10.560">硬</text>
                <text font="JQUZDQ+SimSun" bbox="475.200,599.209,485.760,609.769" colourspace="ICCBased" ncolour="[0]" size="10.560">皮</text>
                <text font="JQUZDQ+SimSun" bbox="485.760,599.209,496.320,609.769" colourspace="ICCBased" ncolour="[0]" size="10.560">病</text>
                <text font="JTTPDQ+SimSun" bbox="496.082,599.209,501.362,609.769" colourspace="ICCBased" ncolour="[0]" size="10.560"> </text>
                <text>
                </text>
            </textline>
            <textline bbox="359.520,583.612,469.682,594.172">
                <text font="JTTPDQ+SimSun" bbox="359.520,583.612,364.800,594.172" colourspace="ICCBased" ncolour="[0]" size="10.560">3</text>
                <text font="JTTPDQ+SimSun" bbox="364.800,583.612,370.080,594.172" colourspace="ICCBased" ncolour="[0]" size="10.560">4</text>
                <text font="JQUZDQ+SimSun" bbox="370.080,583.612,380.640,594.172" colourspace="ICCBased" ncolour="[0]" size="10.560">、</text>
                <text font="JQUZDQ+SimSun" bbox="380.640,583.612,391.200,594.172" colourspace="ICCBased" ncolour="[0]" size="10.560">肺</text>
                <text font="JQUZDQ+SimSun" bbox="391.200,583.612,401.760,594.172" colourspace="ICCBased" ncolour="[0]" size="10.560">泡</text>
                <text font="JQUZDQ+SimSun" bbox="401.760,583.612,412.320,594.172" colourspace="ICCBased" ncolour="[0]" size="10.560">蛋</text>
                <text font="JQUZDQ+SimSun" bbox="412.080,583.612,422.640,594.172" colourspace="ICCBased" ncolour="[0]" size="10.560">白</text>
                <text font="JQUZDQ+SimSun" bbox="422.640,583.612,433.200,594.172" colourspace="ICCBased" ncolour="[0]" size="10.560">质</text>
                <text font="JQUZDQ+SimSun" bbox="433.200,583.612,443.760,594.172" colourspace="ICCBased" ncolour="[0]" size="10.560">沉</text>
                <text font="JQUZDQ+SimSun" bbox="443.760,583.612,454.320,594.172" colourspace="ICCBased" ncolour="[0]" size="10.560">积</text>
                <text font="JQUZDQ+SimSun" bbox="454.080,583.612,464.640,594.172" colourspace="ICCBased" ncolour="[0]" size="10.560">症</text>
                <text font="JTTPDQ+SimSun" bbox="464.402,583.612,469.682,594.172" colourspace="ICCBased" ncolour="[0]" size="10.560"> </text>
                <text>
                </text>
            </textline>
            <textline bbox="359.520,568.015,532.799,578.575">
                <text font="JTTPDQ+SimSun" bbox="359.520,568.015,364.800,578.575" colourspace="ICCBased" ncolour="[0]" size="10.560">3</text>
                <text font="JTTPDQ+SimSun" bbox="364.800,568.015,370.080,578.575" colourspace="ICCBased" ncolour="[0]" size="10.560">6</text>
                <text font="JQUZDQ+SimSun" bbox="370.080,568.015,380.640,578.575" colourspace="ICCBased" ncolour="[0]" size="10.560">、</text>
                <text font="JQUZDQ+SimSun" bbox="380.640,568.015,391.200,578.575" colourspace="ICCBased" ncolour="[0]" size="10.560">特</text>
                <text font="JQUZDQ+SimSun" bbox="391.200,568.015,401.760,578.575" colourspace="ICCBased" ncolour="[0]" size="10.560">发</text>
                <text font="JQUZDQ+SimSun" bbox="401.760,568.015,412.320,578.575" colourspace="ICCBased" ncolour="[0]" size="10.560">性</text>
                <text font="JQUZDQ+SimSun" bbox="412.080,568.015,422.640,578.575" colourspace="ICCBased" ncolour="[0]" size="10.560">慢</text>
                <text font="JQUZDQ+SimSun" bbox="422.640,568.015,433.200,578.575" colourspace="ICCBased" ncolour="[0]" size="10.560">性</text>
                <text font="JQUZDQ+SimSun" bbox="433.200,568.015,443.760,578.575" colourspace="ICCBased" ncolour="[0]" size="10.560">肾</text>
                <text font="JQUZDQ+SimSun" bbox="443.760,568.015,454.320,578.575" colourspace="ICCBased" ncolour="[0]" size="10.560">上</text>
                <text font="JQUZDQ+SimSun" bbox="454.080,568.015,464.640,578.575" colourspace="ICCBased" ncolour="[0]" size="10.560">腺</text>
                <text font="JQUZDQ+SimSun" bbox="464.640,568.015,475.200,578.575" colourspace="ICCBased" ncolour="[0]" size="10.560">皮</text>
                <text font="JQUZDQ+SimSun" bbox="475.200,568.015,485.760,578.575" colourspace="ICCBased" ncolour="[0]" size="10.560">质</text>
                <text font="JQUZDQ+SimSun" bbox="485.760,568.015,496.320,578.575" colourspace="ICCBased" ncolour="[0]" size="10.560">功</text>
                <text font="JQUZDQ+SimSun" bbox="496.080,568.015,506.640,578.575" colourspace="ICCBased" ncolour="[0]" size="10.560">能</text>
                <text font="JQUZDQ+SimSun" bbox="506.640,568.015,517.200,578.575" colourspace="ICCBased" ncolour="[0]" size="10.560">减</text>
                <text font="JQUZDQ+SimSun" bbox="517.200,568.015,527.760,578.575" colourspace="ICCBased" ncolour="[0]" size="10.560">退</text>
                <text font="JTTPDQ+SimSun" bbox="527.519,568.015,532.799,578.575" colourspace="ICCBased" ncolour="[0]" size="10.560"> </text>
                <text>
                </text>
            </textline>
            <textline bbox="359.520,552.418,511.679,562.978">
                <text font="JTTPDQ+SimSun" bbox="359.520,552.418,364.800,562.978" colourspace="ICCBased" ncolour="[0]" size="10.560">3</text>
                <text font="JTTPDQ+SimSun" bbox="364.800,552.418,370.080,562.978" colourspace="ICCBased" ncolour="[0]" size="10.560">8</text>
                <text font="JQUZDQ+SimSun" bbox="370.080,552.418,380.640,562.978" colourspace="ICCBased" ncolour="[0]" size="10.560">、</text>
                <text font="JQUZDQ+SimSun" bbox="380.640,552.418,391.200,562.978" colourspace="ICCBased" ncolour="[0]" size="10.560">严</text>
                <text font="JQUZDQ+SimSun" bbox="391.200,552.418,401.760,562.978" colourspace="ICCBased" ncolour="[0]" size="10.560">重</text>
                <text font="JQUZDQ+SimSun" bbox="401.760,552.418,412.320,562.978" colourspace="ICCBased" ncolour="[0]" size="10.560">的</text>
                <text font="JQUZDQ+SimSun" bbox="412.080,552.418,422.640,562.978" colourspace="ICCBased" ncolour="[0]" size="10.560">骨</text>
                <text font="JQUZDQ+SimSun" bbox="422.640,552.418,433.200,562.978" colourspace="ICCBased" ncolour="[0]" size="10.560">髓</text>
                <text font="JQUZDQ+SimSun" bbox="433.200,552.418,443.760,562.978" colourspace="ICCBased" ncolour="[0]" size="10.560">增</text>
                <text font="JQUZDQ+SimSun" bbox="443.760,552.418,454.320,562.978" colourspace="ICCBased" ncolour="[0]" size="10.560">生</text>
                <text font="JQUZDQ+SimSun" bbox="454.080,552.418,464.640,562.978" colourspace="ICCBased" ncolour="[0]" size="10.560">异</text>
                <text font="JQUZDQ+SimSun" bbox="464.640,552.418,475.200,562.978" colourspace="ICCBased" ncolour="[0]" size="10.560">常</text>
                <text font="JQUZDQ+SimSun" bbox="475.200,552.418,485.760,562.978" colourspace="ICCBased" ncolour="[0]" size="10.560">综</text>
                <text font="JQUZDQ+SimSun" bbox="485.760,552.418,496.320,562.978" colourspace="ICCBased" ncolour="[0]" size="10.560">合</text>
                <text font="JQUZDQ+SimSun" bbox="496.080,552.418,506.640,562.978" colourspace="ICCBased" ncolour="[0]" size="10.560">征</text>
                <text font="JTTPDQ+SimSun" bbox="506.399,552.418,511.679,562.978" colourspace="ICCBased" ncolour="[0]" size="10.560"> </text>
                <text>
                </text>
            </textline>
            <textline bbox="359.520,536.820,438.245,547.380">
                <text font="JTTPDQ+SimSun" bbox="359.520,536.820,364.800,547.380" colourspace="ICCBased" ncolour="[0]" size="10.560">4</text>
                <text font="JTTPDQ+SimSun" bbox="364.800,536.820,370.080,547.380" colourspace="ICCBased" ncolour="[0]" size="10.560">0</text>
                <text font="JQUZDQ+SimSun" bbox="370.080,536.820,380.640,547.380" colourspace="ICCBased" ncolour="[0]" size="10.560">、</text>
                <text font="JQUZDQ+SimSun" bbox="380.640,536.820,391.200,547.380" colourspace="ICCBased" ncolour="[0]" size="10.560">骨</text>
                <text font="JQUZDQ+SimSun" bbox="391.200,536.820,401.760,547.380" colourspace="ICCBased" ncolour="[0]" size="10.560">髓</text>
                <text font="JQUZDQ+SimSun" bbox="401.760,536.820,412.320,547.380" colourspace="ICCBased" ncolour="[0]" size="10.560">纤</text>
                <text font="JQUZDQ+SimSun" bbox="412.080,536.820,422.640,547.380" colourspace="ICCBased" ncolour="[0]" size="10.560">维</text>
                <text font="JQUZDQ+SimSun" bbox="422.640,536.820,433.200,547.380" colourspace="ICCBased" ncolour="[0]" size="10.560">化</text>
                <text font="JTTPDQ+SimSun" bbox="432.965,536.820,438.245,547.380" colourspace="ICCBased" ncolour="[0]" size="10.560"> </text>
                <text>
                </text>
            </textline>
            <textline bbox="359.520,521.223,427.685,531.783">
                <text font="JTTPDQ+SimSun" bbox="359.520,521.223,364.800,531.783" colourspace="ICCBased" ncolour="[0]" size="10.560">4</text>
                <text font="JTTPDQ+SimSun" bbox="364.800,521.223,370.080,531.783" colourspace="ICCBased" ncolour="[0]" size="10.560">2</text>
                <text font="JQUZDQ+SimSun" bbox="370.080,521.223,380.640,531.783" colourspace="ICCBased" ncolour="[0]" size="10.560">、</text>
                <text font="JQUZDQ+SimSun" bbox="380.640,521.223,391.200,531.783" colourspace="ICCBased" ncolour="[0]" size="10.560">小</text>
                <text font="JQUZDQ+SimSun" bbox="391.200,521.223,401.760,531.783" colourspace="ICCBased" ncolour="[0]" size="10.560">肠</text>
                <text font="JQUZDQ+SimSun" bbox="401.760,521.223,412.320,531.783" colourspace="ICCBased" ncolour="[0]" size="10.560">移</text>
                <text font="JQUZDQ+SimSun" bbox="412.080,521.223,422.640,531.783" colourspace="ICCBased" ncolour="[0]" size="10.560">植</text>
                <text font="JTTPDQ+SimSun" bbox="422.405,521.223,427.685,531.783" colourspace="ICCBased" ncolour="[0]" size="10.560"> </text>
                <text>
                </text>
            </textline>
        </textbox>
        <textbox id="7" bbox="216.000,332.815,347.282,483.749">
            <textline bbox="216.000,473.189,294.725,483.749">
                <text font="JTTPDQ+SimSun" bbox="216.000,473.189,221.280,483.749" colourspace="ICCBased" ncolour="[0]" size="10.560">4</text>
                <text font="JTTPDQ+SimSun" bbox="221.280,473.189,226.560,483.749" colourspace="ICCBased" ncolour="[0]" size="10.560">4</text>
                <text font="JQUZDQ+SimSun" bbox="226.560,473.189,237.120,483.749" colourspace="ICCBased" ncolour="[0]" size="10.560">、</text>
                <text font="JQUZDQ+SimSun" bbox="237.120,473.189,247.680,483.749" colourspace="ICCBased" ncolour="[0]" size="10.560">良</text>
                <text font="JQUZDQ+SimSun" bbox="247.680,473.189,258.240,483.749" colourspace="ICCBased" ncolour="[0]" size="10.560">性</text>
                <text font="JQUZDQ+SimSun" bbox="258.240,473.189,268.800,483.749" colourspace="ICCBased" ncolour="[0]" size="10.560">脑</text>
                <text font="JQUZDQ+SimSun" bbox="268.560,473.189,279.120,483.749" colourspace="ICCBased" ncolour="[0]" size="10.560">肿</text>
                <text font="JQUZDQ+SimSun" bbox="279.120,473.189,289.680,483.749" colourspace="ICCBased" ncolour="[0]" size="10.560">瘤</text>
                <text font="JTTPDQ+SimSun" bbox="289.445,473.189,294.725,483.749" colourspace="ICCBased" ncolour="[0]" size="10.560"> </text>
                <text>
                </text>
            </textline>
            <textline bbox="216.000,457.592,284.165,468.152">
                <text font="JTTPDQ+SimSun" bbox="216.000,457.592,221.280,468.152" colourspace="ICCBased" ncolour="[0]" size="10.560">4</text>
                <text font="JTTPDQ+SimSun" bbox="221.280,457.592,226.560,468.152" colourspace="ICCBased" ncolour="[0]" size="10.560">6</text>
                <text font="JQUZDQ+SimSun" bbox="226.560,457.592,237.120,468.152" colourspace="ICCBased" ncolour="[0]" size="10.560">、</text>
                <text font="JQUZDQ+SimSun" bbox="237.120,457.592,247.680,468.152" colourspace="ICCBased" ncolour="[0]" size="10.560">深</text>
                <text font="JQUZDQ+SimSun" bbox="247.680,457.592,258.240,468.152" colourspace="ICCBased" ncolour="[0]" size="10.560">度</text>
                <text font="JQUZDQ+SimSun" bbox="258.240,457.592,268.800,468.152" colourspace="ICCBased" ncolour="[0]" size="10.560">昏</text>
                <text font="JQUZDQ+SimSun" bbox="268.560,457.592,279.120,468.152" colourspace="ICCBased" ncolour="[0]" size="10.560">迷</text>
                <text font="JTTPDQ+SimSun" bbox="278.885,457.592,284.165,468.152" colourspace="ICCBased" ncolour="[0]" size="10.560"> </text>
                <text>
                </text>
            </textline>
            <textline bbox="216.000,441.995,263.277,452.555">
                <text font="JTTPDQ+SimSun" bbox="216.000,441.995,221.280,452.555" colourspace="ICCBased" ncolour="[0]" size="10.560">4</text>
                <text font="JTTPDQ+SimSun" bbox="221.280,441.995,226.560,452.555" colourspace="ICCBased" ncolour="[0]" size="10.560">8</text>
                <text font="JQUZDQ+SimSun" bbox="226.560,441.995,237.120,452.555" colourspace="ICCBased" ncolour="[0]" size="10.560">、</text>
                <text font="JQUZDQ+SimSun" bbox="237.120,441.995,247.680,452.555" colourspace="ICCBased" ncolour="[0]" size="10.560">瘫</text>
                <text font="JQUZDQ+SimSun" bbox="247.680,441.995,258.240,452.555" colourspace="ICCBased" ncolour="[0]" size="10.560">痪</text>
                <text font="JTTPDQ+SimSun" bbox="257.997,441.995,263.277,452.555" colourspace="ICCBased" ncolour="[0]" size="10.560"> </text>
                <text>
                </text>
            </textline>
            <textline bbox="216.000,426.397,305.285,436.957">
                <text font="JTTPDQ+SimSun" bbox="216.000,426.397,221.280,436.957" colourspace="ICCBased" ncolour="[0]" size="10.560">5</text>
                <text font="JTTPDQ+SimSun" bbox="221.280,426.397,226.560,436.957" colourspace="ICCBased" ncolour="[0]" size="10.560">0</text>
                <text font="JQUZDQ+SimSun" bbox="226.560,426.397,237.120,436.957" colourspace="ICCBased" ncolour="[0]" size="10.560">、</text>
                <text font="JQUZDQ+SimSun" bbox="237.120,426.397,247.680,436.957" colourspace="ICCBased" ncolour="[0]" size="10.560">严</text>
                <text font="JQUZDQ+SimSun" bbox="247.680,426.397,258.240,436.957" colourspace="ICCBased" ncolour="[0]" size="10.560">重</text>
                <text font="JQUZDQ+SimSun" bbox="258.240,426.397,268.800,436.957" colourspace="ICCBased" ncolour="[0]" size="10.560">帕</text>
                <text font="JQUZDQ+SimSun" bbox="268.560,426.397,279.120,436.957" colourspace="ICCBased" ncolour="[0]" size="10.560">金</text>
                <text font="JQUZDQ+SimSun" bbox="279.120,426.397,289.680,436.957" colourspace="ICCBased" ncolour="[0]" size="10.560">森</text>
                <text font="JQUZDQ+SimSun" bbox="289.680,426.397,300.240,436.957" colourspace="ICCBased" ncolour="[0]" size="10.560">病</text>
                <text font="JTTPDQ+SimSun" bbox="300.005,426.397,305.285,436.957" colourspace="ICCBased" ncolour="[0]" size="10.560"> </text>
                <text>
                </text>
            </textline>
            <textline bbox="216.000,410.800,294.725,421.360">
                <text font="JTTPDQ+SimSun" bbox="216.000,410.800,221.280,421.360" colourspace="ICCBased" ncolour="[0]" size="10.560">5</text>
                <text font="JTTPDQ+SimSun" bbox="221.280,410.800,226.560,421.360" colourspace="ICCBased" ncolour="[0]" size="10.560">2</text>
                <text font="JQUZDQ+SimSun" bbox="226.560,410.800,237.120,421.360" colourspace="ICCBased" ncolour="[0]" size="10.560">、</text>
                <text font="JQUZDQ+SimSun" bbox="237.120,410.800,247.680,421.360" colourspace="ICCBased" ncolour="[0]" size="10.560">严</text>
                <text font="JQUZDQ+SimSun" bbox="247.680,410.800,258.240,421.360" colourspace="ICCBased" ncolour="[0]" size="10.560">重</text>
                <text font="JQUZDQ+SimSun" bbox="258.240,410.800,268.800,421.360" colourspace="ICCBased" ncolour="[0]" size="10.560">脑</text>
                <text font="JQUZDQ+SimSun" bbox="268.560,410.800,279.120,421.360" colourspace="ICCBased" ncolour="[0]" size="10.560">损</text>
                <text font="JQUZDQ+SimSun" bbox="279.120,410.800,289.680,421.360" colourspace="ICCBased" ncolour="[0]" size="10.560">伤</text>
                <text font="JTTPDQ+SimSun" bbox="289.445,410.800,294.725,421.360" colourspace="ICCBased" ncolour="[0]" size="10.560"> </text>
                <text>
                </text>
            </textline>
            <textline bbox="216.000,395.203,294.725,405.763">
                <text font="JTTPDQ+SimSun" bbox="216.000,395.203,221.280,405.763" colourspace="ICCBased" ncolour="[0]" size="10.560">5</text>
                <text font="JTTPDQ+SimSun" bbox="221.280,395.203,226.560,405.763" colourspace="ICCBased" ncolour="[0]" size="10.560">4</text>
                <text font="JQUZDQ+SimSun" bbox="226.560,395.203,237.120,405.763" colourspace="ICCBased" ncolour="[0]" size="10.560">、</text>
                <text font="JQUZDQ+SimSun" bbox="237.120,395.203,247.680,405.763" colourspace="ICCBased" ncolour="[0]" size="10.560">植</text>
                <text font="JQUZDQ+SimSun" bbox="247.680,395.203,258.240,405.763" colourspace="ICCBased" ncolour="[0]" size="10.560">物</text>
                <text font="JQUZDQ+SimSun" bbox="258.240,395.203,268.800,405.763" colourspace="ICCBased" ncolour="[0]" size="10.560">人</text>
                <text font="JQUZDQ+SimSun" bbox="268.560,395.203,279.120,405.763" colourspace="ICCBased" ncolour="[0]" size="10.560">状</text>
                <text font="JQUZDQ+SimSun" bbox="279.120,395.203,289.680,405.763" colourspace="ICCBased" ncolour="[0]" size="10.560">态</text>
                <text font="JTTPDQ+SimSun" bbox="289.445,395.203,294.725,405.763" colourspace="ICCBased" ncolour="[0]" size="10.560"> </text>
                <text>
                </text>
            </textline>
            <textline bbox="216.000,379.606,284.165,390.166">
                <text font="JTTPDQ+SimSun" bbox="216.000,379.606,221.280,390.166" colourspace="ICCBased" ncolour="[0]" size="10.560">5</text>
                <text font="JTTPDQ+SimSun" bbox="221.280,379.606,226.560,390.166" colourspace="ICCBased" ncolour="[0]" size="10.560">6</text>
                <text font="JQUZDQ+SimSun" bbox="226.560,379.606,237.120,390.166" colourspace="ICCBased" ncolour="[0]" size="10.560">、</text>
                <text font="JQUZDQ+SimSun" bbox="237.120,379.606,247.680,390.166" colourspace="ICCBased" ncolour="[0]" size="10.560">开</text>
                <text font="JQUZDQ+SimSun" bbox="247.680,379.606,258.240,390.166" colourspace="ICCBased" ncolour="[0]" size="10.560">颅</text>
                <text font="JQUZDQ+SimSun" bbox="258.240,379.606,268.800,390.166" colourspace="ICCBased" ncolour="[0]" size="10.560">手</text>
                <text font="JQUZDQ+SimSun" bbox="268.560,379.606,279.120,390.166" colourspace="ICCBased" ncolour="[0]" size="10.560">术</text>
                <text font="JTTPDQ+SimSun" bbox="278.885,379.606,284.165,390.166" colourspace="ICCBased" ncolour="[0]" size="10.560"> </text>
                <text>
                </text>
            </textline>
            <textline bbox="216.000,364.009,284.165,374.569">
                <text font="JTTPDQ+SimSun" bbox="216.000,364.009,221.280,374.569" colourspace="ICCBased" ncolour="[0]" size="10.560">5</text>
                <text font="JTTPDQ+SimSun" bbox="221.280,364.009,226.560,374.569" colourspace="ICCBased" ncolour="[0]" size="10.560">8</text>
                <text font="JQUZDQ+SimSun" bbox="226.560,364.009,237.120,374.569" colourspace="ICCBased" ncolour="[0]" size="10.560">、</text>
                <text font="JQUZDQ+SimSun" bbox="237.120,364.009,247.680,374.569" colourspace="ICCBased" ncolour="[0]" size="10.560">克</text>
                <text font="JQUZDQ+SimSun" bbox="247.680,364.009,258.240,374.569" colourspace="ICCBased" ncolour="[0]" size="10.560">雅</text>
                <text font="JQUZDQ+SimSun" bbox="258.240,364.009,268.800,374.569" colourspace="ICCBased" ncolour="[0]" size="10.560">氏</text>
                <text font="JQUZDQ+SimSun" bbox="268.560,364.009,279.120,374.569" colourspace="ICCBased" ncolour="[0]" size="10.560">病</text>
                <text font="JTTPDQ+SimSun" bbox="278.885,364.009,284.165,374.569" colourspace="ICCBased" ncolour="[0]" size="10.560"> </text>
                <text>
                </text>
            </textline>
            <textline bbox="216.000,348.412,347.282,358.972">
                <text font="JTTPDQ+SimSun" bbox="216.000,348.412,221.280,358.972" colourspace="ICCBased" ncolour="[0]" size="10.560">6</text>
                <text font="JTTPDQ+SimSun" bbox="221.280,348.412,226.560,358.972" colourspace="ICCBased" ncolour="[0]" size="10.560">0</text>
                <text font="JQUZDQ+SimSun" bbox="226.560,348.412,237.120,358.972" colourspace="ICCBased" ncolour="[0]" size="10.560">、</text>
                <text font="JQUZDQ+SimSun" bbox="237.120,348.412,247.680,358.972" colourspace="ICCBased" ncolour="[0]" size="10.560">进</text>
                <text font="JQUZDQ+SimSun" bbox="247.680,348.412,258.240,358.972" colourspace="ICCBased" ncolour="[0]" size="10.560">行</text>
                <text font="JQUZDQ+SimSun" bbox="258.240,348.412,268.800,358.972" colourspace="ICCBased" ncolour="[0]" size="10.560">性</text>
                <text font="JQUZDQ+SimSun" bbox="268.560,348.412,279.120,358.972" colourspace="ICCBased" ncolour="[0]" size="10.560">多</text>
                <text font="JQUZDQ+SimSun" bbox="279.120,348.412,289.680,358.972" colourspace="ICCBased" ncolour="[0]" size="10.560">灶</text>
                <text font="JQUZDQ+SimSun" bbox="289.680,348.412,300.240,358.972" colourspace="ICCBased" ncolour="[0]" size="10.560">性</text>
                <text font="JQUZDQ+SimSun" bbox="300.240,348.412,310.800,358.972" colourspace="ICCBased" ncolour="[0]" size="10.560">白</text>
                <text font="JQUZDQ+SimSun" bbox="310.560,348.412,321.120,358.972" colourspace="ICCBased" ncolour="[0]" size="10.560">质</text>
                <text font="JQUZDQ+SimSun" bbox="321.120,348.412,331.680,358.972" colourspace="ICCBased" ncolour="[0]" size="10.560">脑</text>
                <text font="JQUZDQ+SimSun" bbox="331.680,348.412,342.240,358.972" colourspace="ICCBased" ncolour="[0]" size="10.560">病</text>
                <text font="JTTPDQ+SimSun" bbox="342.002,348.412,347.282,358.972" colourspace="ICCBased" ncolour="[0]" size="10.560"> </text>
                <text>
                </text>
            </textline>
            <textline bbox="216.000,332.815,315.845,343.375">
                <text font="JTTPDQ+SimSun" bbox="216.000,332.815,221.280,343.375" colourspace="ICCBased" ncolour="[0]" size="10.560">6</text>
                <text font="JTTPDQ+SimSun" bbox="221.280,332.815,226.560,343.375" colourspace="ICCBased" ncolour="[0]" size="10.560">2</text>
                <text font="JQUZDQ+SimSun" bbox="226.560,332.815,237.120,343.375" colourspace="ICCBased" ncolour="[0]" size="10.560">、</text>
                <text font="JQUZDQ+SimSun" bbox="237.120,332.815,247.680,343.375" colourspace="ICCBased" ncolour="[0]" size="10.560">脊</text>
                <text font="JQUZDQ+SimSun" bbox="247.680,332.815,258.240,343.375" colourspace="ICCBased" ncolour="[0]" size="10.560">髓</text>
                <text font="JQUZDQ+SimSun" bbox="258.240,332.815,268.800,343.375" colourspace="ICCBased" ncolour="[0]" size="10.560">小</text>
                <text font="JQUZDQ+SimSun" bbox="268.560,332.815,279.120,343.375" colourspace="ICCBased" ncolour="[0]" size="10.560">脑</text>
                <text font="JQUZDQ+SimSun" bbox="279.120,332.815,289.680,343.375" colourspace="ICCBased" ncolour="[0]" size="10.560">变</text>
                <text font="JQUZDQ+SimSun" bbox="289.680,332.815,300.240,343.375" colourspace="ICCBased" ncolour="[0]" size="10.560">性</text>
                <text font="JQUZDQ+SimSun" bbox="300.240,332.815,310.800,343.375" colourspace="ICCBased" ncolour="[0]" size="10.560">症</text>
                <text font="JTTPDQ+SimSun" bbox="310.565,332.815,315.845,343.375" colourspace="ICCBased" ncolour="[0]" size="10.560"> </text>
                <text>
                </text>
            </textline>
        </textbox>
        <textbox id="8" bbox="216.000,316.709,326.640,327.269">
            <textline bbox="216.000,316.709,326.640,327.269">
                <text font="JQUZDQ+SimSun" bbox="216.000,316.709,226.560,327.269" colourspace="ICCBased" ncolour="[0]" size="10.560">第</text>
                <text> </text>
                <text font="JTTPDQ+SimSun" bbox="229.200,316.709,234.480,327.269" colourspace="ICCBased" ncolour="[0]" size="10.560">5</text>
                <text> </text>
                <text font="JQUZDQ+SimSun" bbox="237.120,316.709,247.680,327.269" colourspace="ICCBased" ncolour="[0]" size="10.560">类</text>
                <text font="JQUZDQ+SimSun" bbox="247.680,316.709,258.240,327.269" colourspace="ICCBased" ncolour="[0]" size="10.560">：</text>
                <text font="JQUZDQ+SimSun" bbox="258.240,316.709,268.800,327.269" colourspace="ICCBased" ncolour="[0]" size="10.560">其</text>
                <text font="JQUZDQ+SimSun" bbox="268.800,316.709,279.360,327.269" colourspace="ICCBased" ncolour="[0]" size="10.560">他</text>
                <text font="JQUZDQ+SimSun" bbox="279.360,316.709,289.920,327.269" colourspace="ICCBased" ncolour="[0]" size="10.560">重</text>
                <text font="JQUZDQ+SimSun" bbox="289.920,316.709,300.480,327.269" colourspace="ICCBased" ncolour="[0]" size="10.560">大</text>
                <text font="JQUZDQ+SimSun" bbox="300.480,316.709,311.040,327.269" colourspace="ICCBased" ncolour="[0]" size="10.560">疾</text>
                <text font="JQUZDQ+SimSun" bbox="311.040,316.709,321.600,327.269" colourspace="ICCBased" ncolour="[0]" size="10.560">病</text>
                <text font="JTTPDQ+SimSun" bbox="321.360,316.709,326.640,327.269" colourspace="ICCBased" ncolour="[0]" size="10.560"> </text>
                <text>
                </text>
            </textline>
        </textbox>
        <textbox id="9" bbox="216.000,129.060,353.998,311.189">
            <textline bbox="216.000,300.629,305.285,311.189">
                <text font="JTTPDQ+SimSun" bbox="216.000,300.629,221.280,311.189" colourspace="ICCBased" ncolour="[0]" size="10.560">6</text>
                <text font="JTTPDQ+SimSun" bbox="221.280,300.629,226.560,311.189" colourspace="ICCBased" ncolour="[0]" size="10.560">3</text>
                <text font="JQUZDQ+SimSun" bbox="226.560,300.629,237.120,311.189" colourspace="ICCBased" ncolour="[0]" size="10.560">、</text>
                <text font="JQUZDQ+SimSun" bbox="237.120,300.629,247.680,311.189" colourspace="ICCBased" ncolour="[0]" size="10.560">多</text>
                <text font="JQUZDQ+SimSun" bbox="247.680,300.629,258.240,311.189" colourspace="ICCBased" ncolour="[0]" size="10.560">个</text>
                <text font="JQUZDQ+SimSun" bbox="258.240,300.629,268.800,311.189" colourspace="ICCBased" ncolour="[0]" size="10.560">肢</text>
                <text font="JQUZDQ+SimSun" bbox="268.560,300.629,279.120,311.189" colourspace="ICCBased" ncolour="[0]" size="10.560">体</text>
                <text font="JQUZDQ+SimSun" bbox="279.120,300.629,289.680,311.189" colourspace="ICCBased" ncolour="[0]" size="10.560">缺</text>
                <text font="JQUZDQ+SimSun" bbox="289.680,300.629,300.240,311.189" colourspace="ICCBased" ncolour="[0]" size="10.560">失</text>
                <text font="JTTPDQ+SimSun" bbox="300.005,300.629,305.285,311.189" colourspace="ICCBased" ncolour="[0]" size="10.560"> </text>
                <text>
                </text>
            </textline>
            <textline bbox="216.000,285.032,305.285,295.592">
                <text font="JTTPDQ+SimSun" bbox="216.000,285.032,221.280,295.592" colourspace="ICCBased" ncolour="[0]" size="10.560">6</text>
                <text font="JTTPDQ+SimSun" bbox="221.280,285.032,226.560,295.592" colourspace="ICCBased" ncolour="[0]" size="10.560">5</text>
                <text font="JQUZDQ+SimSun" bbox="226.560,285.032,237.120,295.592" colourspace="ICCBased" ncolour="[0]" size="10.560">、</text>
                <text font="JQUZDQ+SimSun" bbox="237.120,285.032,247.680,295.592" colourspace="ICCBased" ncolour="[0]" size="10.560">严</text>
                <text font="JQUZDQ+SimSun" bbox="247.680,285.032,258.240,295.592" colourspace="ICCBased" ncolour="[0]" size="10.560">重</text>
                <text font="JQUZDQ+SimSun" bbox="258.240,285.032,268.800,295.592" colourspace="ICCBased" ncolour="[0]" size="10.560">Ⅲ</text>
                <text font="JQUZDQ+SimSun" bbox="268.560,285.032,279.120,295.592" colourspace="ICCBased" ncolour="[0]" size="10.560">度</text>
                <text font="JQUZDQ+SimSun" bbox="279.120,285.032,289.680,295.592" colourspace="ICCBased" ncolour="[0]" size="10.560">烧</text>
                <text font="JQUZDQ+SimSun" bbox="289.680,285.032,300.240,295.592" colourspace="ICCBased" ncolour="[0]" size="10.560">伤</text>
                <text font="JTTPDQ+SimSun" bbox="300.005,285.032,305.285,295.592" colourspace="ICCBased" ncolour="[0]" size="10.560"> </text>
                <text>
                </text>
            </textline>
            <textline bbox="216.000,269.435,273.837,279.995">
                <text font="JTTPDQ+SimSun" bbox="216.000,269.435,221.280,279.995" colourspace="ICCBased" ncolour="[0]" size="10.560">6</text>
                <text font="JTTPDQ+SimSun" bbox="221.280,269.435,226.560,279.995" colourspace="ICCBased" ncolour="[0]" size="10.560">7</text>
                <text font="JQUZDQ+SimSun" bbox="226.560,269.435,237.120,279.995" colourspace="ICCBased" ncolour="[0]" size="10.560">、</text>
                <text font="JQUZDQ+SimSun" bbox="237.120,269.435,247.680,279.995" colourspace="ICCBased" ncolour="[0]" size="10.560">象</text>
                <text font="JQUZDQ+SimSun" bbox="247.680,269.435,258.240,279.995" colourspace="ICCBased" ncolour="[0]" size="10.560">皮</text>
                <text font="JQUZDQ+SimSun" bbox="258.240,269.435,268.800,279.995" colourspace="ICCBased" ncolour="[0]" size="10.560">病</text>
                <text font="JTTPDQ+SimSun" bbox="268.557,269.435,273.837,279.995" colourspace="ICCBased" ncolour="[0]" size="10.560"> </text>
                <text>
                </text>
            </textline>
            <textline bbox="216.000,253.837,326.162,264.397">
                <text font="JTTPDQ+SimSun" bbox="216.000,253.837,221.280,264.397" colourspace="ICCBased" ncolour="[0]" size="10.560">6</text>
                <text font="JTTPDQ+SimSun" bbox="221.280,253.837,226.560,264.397" colourspace="ICCBased" ncolour="[0]" size="10.560">9</text>
                <text font="JQUZDQ+SimSun" bbox="226.560,253.837,237.120,264.397" colourspace="ICCBased" ncolour="[0]" size="10.560">、</text>
                <text font="JQUZDQ+SimSun" bbox="237.120,253.837,247.680,264.397" colourspace="ICCBased" ncolour="[0]" size="10.560">严</text>
                <text font="JQUZDQ+SimSun" bbox="247.680,253.837,258.240,264.397" colourspace="ICCBased" ncolour="[0]" size="10.560">重</text>
                <text font="JQUZDQ+SimSun" bbox="258.240,253.837,268.800,264.397" colourspace="ICCBased" ncolour="[0]" size="10.560">肌</text>
                <text font="JQUZDQ+SimSun" bbox="268.560,253.837,279.120,264.397" colourspace="ICCBased" ncolour="[0]" size="10.560">营</text>
                <text font="JQUZDQ+SimSun" bbox="279.120,253.837,289.680,264.397" colourspace="ICCBased" ncolour="[0]" size="10.560">养</text>
                <text font="JQUZDQ+SimSun" bbox="289.680,253.837,300.240,264.397" colourspace="ICCBased" ncolour="[0]" size="10.560">不</text>
                <text font="JQUZDQ+SimSun" bbox="300.240,253.837,310.800,264.397" colourspace="ICCBased" ncolour="[0]" size="10.560">良</text>
                <text font="JQUZDQ+SimSun" bbox="310.560,253.837,321.120,264.397" colourspace="ICCBased" ncolour="[0]" size="10.560">症</text>
                <text font="JTTPDQ+SimSun" bbox="320.882,253.837,326.162,264.397" colourspace="ICCBased" ncolour="[0]" size="10.560"> </text>
                <text>
                </text>
            </textline>
            <textline bbox="216.000,238.240,326.162,248.800">
                <text font="JTTPDQ+SimSun" bbox="216.000,238.240,221.280,248.800" colourspace="ICCBased" ncolour="[0]" size="10.560">7</text>
                <text font="JTTPDQ+SimSun" bbox="221.280,238.240,226.560,248.800" colourspace="ICCBased" ncolour="[0]" size="10.560">0</text>
                <text font="JQUZDQ+SimSun" bbox="226.560,238.240,237.120,248.800" colourspace="ICCBased" ncolour="[0]" size="10.560">、</text>
                <text font="JQUZDQ+SimSun" bbox="237.120,238.240,247.680,248.800" colourspace="ICCBased" ncolour="[0]" size="10.560">弥</text>
                <text font="JQUZDQ+SimSun" bbox="247.680,238.240,258.240,248.800" colourspace="ICCBased" ncolour="[0]" size="10.560">漫</text>
                <text font="JQUZDQ+SimSun" bbox="258.240,238.240,268.800,248.800" colourspace="ICCBased" ncolour="[0]" size="10.560">性</text>
                <text font="JQUZDQ+SimSun" bbox="268.560,238.240,279.120,248.800" colourspace="ICCBased" ncolour="[0]" size="10.560">血</text>
                <text font="JQUZDQ+SimSun" bbox="279.120,238.240,289.680,248.800" colourspace="ICCBased" ncolour="[0]" size="10.560">管</text>
                <text font="JQUZDQ+SimSun" bbox="289.680,238.240,300.240,248.800" colourspace="ICCBased" ncolour="[0]" size="10.560">内</text>
                <text font="JQUZDQ+SimSun" bbox="300.240,238.240,310.800,248.800" colourspace="ICCBased" ncolour="[0]" size="10.560">凝</text>
                <text font="JQUZDQ+SimSun" bbox="310.560,238.240,321.120,248.800" colourspace="ICCBased" ncolour="[0]" size="10.560">血</text>
                <text font="JTTPDQ+SimSun" bbox="320.882,238.240,326.162,248.800" colourspace="ICCBased" ncolour="[0]" size="10.560"> </text>
                <text>
                </text>
            </textline>
            <textline bbox="216.000,222.643,294.725,233.203">
                <text font="JTTPDQ+SimSun" bbox="216.000,222.643,221.280,233.203" colourspace="ICCBased" ncolour="[0]" size="10.560">7</text>
                <text font="JTTPDQ+SimSun" bbox="221.280,222.643,226.560,233.203" colourspace="ICCBased" ncolour="[0]" size="10.560">2</text>
                <text font="JQUZDQ+SimSun" bbox="226.560,222.643,237.120,233.203" colourspace="ICCBased" ncolour="[0]" size="10.560">、</text>
                <text font="JQUZDQ+SimSun" bbox="237.120,222.643,247.680,233.203" colourspace="ICCBased" ncolour="[0]" size="10.560">嗜</text>
                <text font="JQUZDQ+SimSun" bbox="247.680,222.643,258.240,233.203" colourspace="ICCBased" ncolour="[0]" size="10.560">铬</text>
                <text font="JQUZDQ+SimSun" bbox="258.240,222.643,268.800,233.203" colourspace="ICCBased" ncolour="[0]" size="10.560">细</text>
                <text font="JQUZDQ+SimSun" bbox="268.560,222.643,279.120,233.203" colourspace="ICCBased" ncolour="[0]" size="10.560">胞</text>
                <text font="JQUZDQ+SimSun" bbox="279.120,222.643,289.680,233.203" colourspace="ICCBased" ncolour="[0]" size="10.560">瘤</text>
                <text font="JTTPDQ+SimSun" bbox="289.445,222.643,294.725,233.203" colourspace="ICCBased" ncolour="[0]" size="10.560"> </text>
                <text>
                </text>
            </textline>
            <textline bbox="216.000,207.046,353.998,217.606">
                <text font="JTTPDQ+SimSun" bbox="216.000,207.046,221.280,217.606" colourspace="ICCBased" ncolour="[0]" size="10.560">7</text>
                <text font="JTTPDQ+SimSun" bbox="221.280,207.046,226.560,217.606" colourspace="ICCBased" ncolour="[0]" size="10.560">3</text>
                <text font="JQUZDQ+SimSun" bbox="226.560,207.046,237.120,217.606" colourspace="ICCBased" ncolour="[0]" size="10.560">、</text>
                <text font="JQUZDQ+SimSun" bbox="235.441,207.046,246.001,217.606" colourspace="ICCBased" ncolour="[0]" size="10.560">严</text>
                <text font="JQUZDQ+SimSun" bbox="245.758,207.046,256.318,217.606" colourspace="ICCBased" ncolour="[0]" size="10.560">重</text>
                <text font="JQUZDQ+SimSun" bbox="256.075,207.046,266.635,217.606" colourspace="ICCBased" ncolour="[0]" size="10.560">的</text>
                <text font="JQUZDQ+SimSun" bbox="266.392,207.046,276.952,217.606" colourspace="ICCBased" ncolour="[0]" size="10.560">原</text>
                <text font="JQUZDQ+SimSun" bbox="276.709,207.046,287.269,217.606" colourspace="ICCBased" ncolour="[0]" size="10.560">发</text>
                <text font="JQUZDQ+SimSun" bbox="287.027,207.046,297.587,217.606" colourspace="ICCBased" ncolour="[0]" size="10.560">性</text>
                <text font="JQUZDQ+SimSun" bbox="297.344,207.046,307.904,217.606" colourspace="ICCBased" ncolour="[0]" size="10.560">硬</text>
                <text font="JQUZDQ+SimSun" bbox="307.661,207.046,318.221,217.606" colourspace="ICCBased" ncolour="[0]" size="10.560">化</text>
                <text font="JQUZDQ+SimSun" bbox="317.978,207.046,328.538,217.606" colourspace="ICCBased" ncolour="[0]" size="10.560">性</text>
                <text font="JQUZDQ+SimSun" bbox="328.295,207.046,338.855,217.606" colourspace="ICCBased" ncolour="[0]" size="10.560">胆</text>
                <text font="JQUZDQ+SimSun" bbox="338.612,207.046,349.172,217.606" colourspace="ICCBased" ncolour="[0]" size="10.560">管</text>
                <text font="JTTPDQ+SimSun" bbox="348.718,207.046,353.998,217.606" colourspace="ICCBased" ncolour="[0]" size="10.560"> </text>
                <text>
                </text>
            </textline>
            <textline bbox="216.000,191.449,251.999,202.009">
                <text font="JTTPDQ+SimSun" bbox="216.000,191.449,221.280,202.009" colourspace="ICCBased" ncolour="[0]" size="10.560"> </text>
                <text font="JTTPDQ+SimSun" bbox="221.037,191.449,226.317,202.009" colourspace="ICCBased" ncolour="[0]" size="10.560"> </text>
                <text font="JTTPDQ+SimSun" bbox="226.074,191.449,231.354,202.009" colourspace="ICCBased" ncolour="[0]" size="10.560"> </text>
                <text font="JTTPDQ+SimSun" bbox="231.111,191.449,236.391,202.009" colourspace="ICCBased" ncolour="[0]" size="10.560"> </text>
                <text font="JQUZDQ+SimSun" bbox="236.402,191.449,246.962,202.009" colourspace="ICCBased" ncolour="[0]" size="10.560">炎</text>
                <text font="JTTPDQ+SimSun" bbox="246.719,191.449,251.999,202.009" colourspace="ICCBased" ncolour="[0]" size="10.560"> </text>
                <text>
                </text>
            </textline>
            <textline bbox="216.000,175.852,305.285,186.412">
                <text font="JTTPDQ+SimSun" bbox="216.000,175.852,221.280,186.412" colourspace="ICCBased" ncolour="[0]" size="10.560">7</text>
                <text font="JTTPDQ+SimSun" bbox="221.280,175.852,226.560,186.412" colourspace="ICCBased" ncolour="[0]" size="10.560">5</text>
                <text font="JQUZDQ+SimSun" bbox="226.560,175.852,237.120,186.412" colourspace="ICCBased" ncolour="[0]" size="10.560">、</text>
                <text font="JQUZDQ+SimSun" bbox="237.120,175.852,247.680,186.412" colourspace="ICCBased" ncolour="[0]" size="10.560">严</text>
                <text font="JQUZDQ+SimSun" bbox="247.680,175.852,258.240,186.412" colourspace="ICCBased" ncolour="[0]" size="10.560">重</text>
                <text font="JQUZDQ+SimSun" bbox="258.240,175.852,268.800,186.412" colourspace="ICCBased" ncolour="[0]" size="10.560">面</text>
                <text font="JQUZDQ+SimSun" bbox="268.560,175.852,279.120,186.412" colourspace="ICCBased" ncolour="[0]" size="10.560">部</text>
                <text font="JQUZDQ+SimSun" bbox="279.120,175.852,289.680,186.412" colourspace="ICCBased" ncolour="[0]" size="10.560">烧</text>
                <text font="JQUZDQ+SimSun" bbox="289.680,175.852,300.240,186.412" colourspace="ICCBased" ncolour="[0]" size="10.560">伤</text>
                <text font="JTTPDQ+SimSun" bbox="300.005,175.852,305.285,186.412" colourspace="ICCBased" ncolour="[0]" size="10.560"> </text>
                <text>
                </text>
            </textline>
            <textline bbox="216.000,160.255,326.162,170.815">
                <text font="JTTPDQ+SimSun" bbox="216.000,160.255,221.280,170.815" colourspace="ICCBased" ncolour="[0]" size="10.560">7</text>
                <text font="JTTPDQ+SimSun" bbox="221.280,160.255,226.560,170.815" colourspace="ICCBased" ncolour="[0]" size="10.560">7</text>
                <text font="JQUZDQ+SimSun" bbox="226.560,160.255,237.120,170.815" colourspace="ICCBased" ncolour="[0]" size="10.560">、</text>
                <text font="JQUZDQ+SimSun" bbox="237.120,160.255,247.680,170.815" colourspace="ICCBased" ncolour="[0]" size="10.560">成</text>
                <text font="JQUZDQ+SimSun" bbox="247.680,160.255,258.240,170.815" colourspace="ICCBased" ncolour="[0]" size="10.560">骨</text>
                <text font="JQUZDQ+SimSun" bbox="258.240,160.255,268.800,170.815" colourspace="ICCBased" ncolour="[0]" size="10.560">不</text>
                <text font="JQUZDQ+SimSun" bbox="268.560,160.255,279.120,170.815" colourspace="ICCBased" ncolour="[0]" size="10.560">全</text>
                <text font="JQUZDQ+SimSun" bbox="279.120,160.255,289.680,170.815" colourspace="ICCBased" ncolour="[0]" size="10.560">症</text>
                <text font="JQUZDQ+SimSun" bbox="289.680,160.255,300.240,170.815" colourspace="ICCBased" ncolour="[0]" size="10.560">第</text>
                <text font="JQUZDQ+SimSun" bbox="300.240,160.255,310.800,170.815" colourspace="ICCBased" ncolour="[0]" size="10.560">三</text>
                <text font="JQUZDQ+SimSun" bbox="310.560,160.255,321.120,170.815" colourspace="ICCBased" ncolour="[0]" size="10.560">型</text>
                <text font="JTTPDQ+SimSun" bbox="320.882,160.255,326.162,170.815" colourspace="ICCBased" ncolour="[0]" size="10.560"> </text>
                <text>
                </text>
            </textline>
            <textline bbox="216.000,144.658,347.282,155.218">
                <text font="JTTPDQ+SimSun" bbox="216.000,144.658,221.280,155.218" colourspace="ICCBased" ncolour="[0]" size="10.560">7</text>
                <text font="JTTPDQ+SimSun" bbox="221.280,144.658,226.560,155.218" colourspace="ICCBased" ncolour="[0]" size="10.560">8</text>
                <text font="JQUZDQ+SimSun" bbox="226.560,144.658,237.120,155.218" colourspace="ICCBased" ncolour="[0]" size="10.560">、</text>
                <text font="JQUZDQ+SimSun" bbox="237.120,144.658,247.680,155.218" colourspace="ICCBased" ncolour="[0]" size="10.560">多</text>
                <text font="JQUZDQ+SimSun" bbox="247.680,144.658,258.240,155.218" colourspace="ICCBased" ncolour="[0]" size="10.560">处</text>
                <text font="JQUZDQ+SimSun" bbox="258.240,144.658,268.800,155.218" colourspace="ICCBased" ncolour="[0]" size="10.560">臂</text>
                <text font="JQUZDQ+SimSun" bbox="268.560,144.658,279.120,155.218" colourspace="ICCBased" ncolour="[0]" size="10.560">丛</text>
                <text font="JQUZDQ+SimSun" bbox="279.120,144.658,289.680,155.218" colourspace="ICCBased" ncolour="[0]" size="10.560">神</text>
                <text font="JQUZDQ+SimSun" bbox="289.680,144.658,300.240,155.218" colourspace="ICCBased" ncolour="[0]" size="10.560">经</text>
                <text font="JQUZDQ+SimSun" bbox="300.240,144.658,310.800,155.218" colourspace="ICCBased" ncolour="[0]" size="10.560">根</text>
                <text font="JQUZDQ+SimSun" bbox="310.560,144.658,321.120,155.218" colourspace="ICCBased" ncolour="[0]" size="10.560">性</text>
                <text font="JQUZDQ+SimSun" bbox="321.120,144.658,331.680,155.218" colourspace="ICCBased" ncolour="[0]" size="10.560">撕</text>
                <text font="JQUZDQ+SimSun" bbox="331.680,144.658,342.240,155.218" colourspace="ICCBased" ncolour="[0]" size="10.560">脱</text>
                <text font="JTTPDQ+SimSun" bbox="342.002,144.658,347.282,155.218" colourspace="ICCBased" ncolour="[0]" size="10.560"> </text>
                <text>
                </text>
            </textline>
            <textline bbox="216.000,129.060,353.998,139.620">
                <text font="JTTPDQ+SimSun" bbox="216.000,129.060,221.280,139.620" colourspace="ICCBased" ncolour="[0]" size="10.560">8</text>
                <text font="JTTPDQ+SimSun" bbox="221.280,129.060,226.560,139.620" colourspace="ICCBased" ncolour="[0]" size="10.560">0</text>
                <text font="JQUZDQ+SimSun" bbox="226.560,129.060,237.120,139.620" colourspace="ICCBased" ncolour="[0]" size="10.560">、</text>
                <text font="JQUZDQ+SimSun" bbox="235.441,129.060,246.001,139.620" colourspace="ICCBased" ncolour="[0]" size="10.560">溶</text>
                <text font="JQUZDQ+SimSun" bbox="245.758,129.060,256.318,139.620" colourspace="ICCBased" ncolour="[0]" size="10.560">血</text>
                <text font="JQUZDQ+SimSun" bbox="256.075,129.060,266.635,139.620" colourspace="ICCBased" ncolour="[0]" size="10.560">性</text>
                <text font="JQUZDQ+SimSun" bbox="266.392,129.060,276.952,139.620" colourspace="ICCBased" ncolour="[0]" size="10.560">链</text>
                <text font="JQUZDQ+SimSun" bbox="276.709,129.060,287.269,139.620" colourspace="ICCBased" ncolour="[0]" size="10.560">球</text>
                <text font="JQUZDQ+SimSun" bbox="287.027,129.060,297.587,139.620" colourspace="ICCBased" ncolour="[0]" size="10.560">菌</text>
                <text font="JQUZDQ+SimSun" bbox="297.344,129.060,307.904,139.620" colourspace="ICCBased" ncolour="[0]" size="10.560">引</text>
                <text font="JQUZDQ+SimSun" bbox="307.661,129.060,318.221,139.620" colourspace="ICCBased" ncolour="[0]" size="10.560">起</text>
                <text font="JQUZDQ+SimSun" bbox="317.978,129.060,328.538,139.620" colourspace="ICCBased" ncolour="[0]" size="10.560">的</text>
                <text font="JQUZDQ+SimSun" bbox="328.295,129.060,338.855,139.620" colourspace="ICCBased" ncolour="[0]" size="10.560">坏</text>
                <text font="JQUZDQ+SimSun" bbox="338.612,129.060,349.172,139.620" colourspace="ICCBased" ncolour="[0]" size="10.560">疽</text>
                <text font="JTTPDQ+SimSun" bbox="348.718,129.060,353.998,139.620" colourspace="ICCBased" ncolour="[0]" size="10.560"> </text>
                <text>
                </text>
            </textline>
        </textbox>
        <textbox id="10" bbox="359.521,348.433,522.240,483.770">
            <textline bbox="359.521,473.210,511.680,483.770">
                <text font="JTTPDQ+SimSun" bbox="359.521,473.210,364.801,483.770" colourspace="ICCBased" ncolour="[0]" size="10.560">4</text>
                <text font="JTTPDQ+SimSun" bbox="364.801,473.210,370.081,483.770" colourspace="ICCBased" ncolour="[0]" size="10.560">5</text>
                <text font="JQUZDQ+SimSun" bbox="370.081,473.210,380.641,483.770" colourspace="ICCBased" ncolour="[0]" size="10.560">、</text>
                <text font="JQUZDQ+SimSun" bbox="380.641,473.210,391.201,483.770" colourspace="ICCBased" ncolour="[0]" size="10.560">脑</text>
                <text font="JQUZDQ+SimSun" bbox="391.201,473.210,401.761,483.770" colourspace="ICCBased" ncolour="[0]" size="10.560">炎</text>
                <text font="JQUZDQ+SimSun" bbox="401.761,473.210,412.321,483.770" colourspace="ICCBased" ncolour="[0]" size="10.560">后</text>
                <text font="JQUZDQ+SimSun" bbox="412.081,473.210,422.641,483.770" colourspace="ICCBased" ncolour="[0]" size="10.560">遗</text>
                <text font="JQUZDQ+SimSun" bbox="422.641,473.210,433.201,483.770" colourspace="ICCBased" ncolour="[0]" size="10.560">症</text>
                <text font="JQUZDQ+SimSun" bbox="433.201,473.210,443.761,483.770" colourspace="ICCBased" ncolour="[0]" size="10.560">或</text>
                <text font="JQUZDQ+SimSun" bbox="443.761,473.210,454.321,483.770" colourspace="ICCBased" ncolour="[0]" size="10.560">脑</text>
                <text font="JQUZDQ+SimSun" bbox="454.080,473.210,464.640,483.770" colourspace="ICCBased" ncolour="[0]" size="10.560">膜</text>
                <text font="JQUZDQ+SimSun" bbox="464.640,473.210,475.200,483.770" colourspace="ICCBased" ncolour="[0]" size="10.560">炎</text>
                <text font="JQUZDQ+SimSun" bbox="475.200,473.210,485.760,483.770" colourspace="ICCBased" ncolour="[0]" size="10.560">后</text>
                <text font="JQUZDQ+SimSun" bbox="485.760,473.210,496.320,483.770" colourspace="ICCBased" ncolour="[0]" size="10.560">遗</text>
                <text font="JQUZDQ+SimSun" bbox="496.081,473.210,506.641,483.770" colourspace="ICCBased" ncolour="[0]" size="10.560">症</text>
                <text font="JTTPDQ+SimSun" bbox="506.400,473.210,511.680,483.770" colourspace="ICCBased" ncolour="[0]" size="10.560"> </text>
                <text>
                </text>
            </textline>
            <textline bbox="359.521,457.613,480.243,468.173">
                <text font="JTTPDQ+SimSun" bbox="359.521,457.613,364.801,468.173" colourspace="ICCBased" ncolour="[0]" size="10.560">4</text>
                <text font="JTTPDQ+SimSun" bbox="364.801,457.613,370.081,468.173" colourspace="ICCBased" ncolour="[0]" size="10.560">7</text>
                <text font="JQUZDQ+SimSun" bbox="370.081,457.613,380.641,468.173" colourspace="ICCBased" ncolour="[0]" size="10.560">、</text>
                <text font="JQUZDQ+SimSun" bbox="380.641,457.613,391.201,468.173" colourspace="ICCBased" ncolour="[0]" size="10.560">严</text>
                <text font="JQUZDQ+SimSun" bbox="391.201,457.613,401.761,468.173" colourspace="ICCBased" ncolour="[0]" size="10.560">重</text>
                <text font="JQUZDQ+SimSun" bbox="401.761,457.613,412.321,468.173" colourspace="ICCBased" ncolour="[0]" size="10.560">阿</text>
                <text font="JQUZDQ+SimSun" bbox="412.081,457.613,422.641,468.173" colourspace="ICCBased" ncolour="[0]" size="10.560">尔</text>
                <text font="JQUZDQ+SimSun" bbox="422.641,457.613,433.201,468.173" colourspace="ICCBased" ncolour="[0]" size="10.560">茨</text>
                <text font="JQUZDQ+SimSun" bbox="433.201,457.613,443.761,468.173" colourspace="ICCBased" ncolour="[0]" size="10.560">海</text>
                <text font="JQUZDQ+SimSun" bbox="443.761,457.613,454.321,468.173" colourspace="ICCBased" ncolour="[0]" size="10.560">默</text>
                <text font="JQUZDQ+SimSun" bbox="454.080,457.613,464.640,468.173" colourspace="ICCBased" ncolour="[0]" size="10.560">病</text>
                <text font="JTTPDQ+SimSun" bbox="464.640,457.613,469.920,468.173" colourspace="ICCBased" ncolour="[0]" size="10.560"> </text>
                <text font="JTTPDQ+SimSun" bbox="469.920,457.613,475.200,468.173" colourspace="ICCBased" ncolour="[0]" size="10.560"> </text>
                <text font="JTTPDQ+SimSun" bbox="474.963,457.613,480.243,468.173" colourspace="ICCBased" ncolour="[0]" size="10.560"> </text>
                <text>
                </text>
            </textline>
            <textline bbox="359.521,442.016,490.803,452.576">
                <text font="JTTPDQ+SimSun" bbox="359.521,442.016,364.801,452.576" colourspace="ICCBased" ncolour="[0]" size="10.560">4</text>
                <text font="JTTPDQ+SimSun" bbox="364.801,442.016,370.081,452.576" colourspace="ICCBased" ncolour="[0]" size="10.560">9</text>
                <text font="JQUZDQ+SimSun" bbox="370.081,442.016,380.641,452.576" colourspace="ICCBased" ncolour="[0]" size="10.560">、</text>
                <text font="JQUZDQ+SimSun" bbox="380.641,442.016,391.201,452.576" colourspace="ICCBased" ncolour="[0]" size="10.560">严</text>
                <text font="JQUZDQ+SimSun" bbox="391.201,442.016,401.761,452.576" colourspace="ICCBased" ncolour="[0]" size="10.560">重</text>
                <text font="JQUZDQ+SimSun" bbox="401.761,442.016,412.321,452.576" colourspace="ICCBased" ncolour="[0]" size="10.560">的</text>
                <text font="JQUZDQ+SimSun" bbox="412.081,442.016,422.641,452.576" colourspace="ICCBased" ncolour="[0]" size="10.560">多</text>
                <text font="JQUZDQ+SimSun" bbox="422.641,442.016,433.201,452.576" colourspace="ICCBased" ncolour="[0]" size="10.560">发</text>
                <text font="JQUZDQ+SimSun" bbox="433.201,442.016,443.761,452.576" colourspace="ICCBased" ncolour="[0]" size="10.560">性</text>
                <text font="JQUZDQ+SimSun" bbox="443.761,442.016,454.321,452.576" colourspace="ICCBased" ncolour="[0]" size="10.560">硬</text>
                <text font="JQUZDQ+SimSun" bbox="454.080,442.016,464.640,452.576" colourspace="ICCBased" ncolour="[0]" size="10.560">化</text>
                <text font="JTTPDQ+SimSun" bbox="464.640,442.016,469.920,452.576" colourspace="ICCBased" ncolour="[0]" size="10.560"> </text>
                <text font="JTTPDQ+SimSun" bbox="469.920,442.016,475.200,452.576" colourspace="ICCBased" ncolour="[0]" size="10.560"> </text>
                <text font="JTTPDQ+SimSun" bbox="475.200,442.016,480.480,452.576" colourspace="ICCBased" ncolour="[0]" size="10.560"> </text>
                <text font="JTTPDQ+SimSun" bbox="480.480,442.016,485.760,452.576" colourspace="ICCBased" ncolour="[0]" size="10.560"> </text>
                <text font="JTTPDQ+SimSun" bbox="485.523,442.016,490.803,452.576" colourspace="ICCBased" ncolour="[0]" size="10.560"> </text>
                <text>
                </text>
            </textline>
            <textline bbox="359.521,426.419,490.803,436.979">
                <text font="JTTPDQ+SimSun" bbox="359.521,426.419,364.801,436.979" colourspace="ICCBased" ncolour="[0]" size="10.560">5</text>
                <text font="JTTPDQ+SimSun" bbox="364.801,426.419,370.081,436.979" colourspace="ICCBased" ncolour="[0]" size="10.560">1</text>
                <text font="JQUZDQ+SimSun" bbox="370.081,426.419,380.641,436.979" colourspace="ICCBased" ncolour="[0]" size="10.560">、</text>
                <text font="JQUZDQ+SimSun" bbox="380.641,426.419,391.201,436.979" colourspace="ICCBased" ncolour="[0]" size="10.560">严</text>
                <text font="JQUZDQ+SimSun" bbox="391.201,426.419,401.761,436.979" colourspace="ICCBased" ncolour="[0]" size="10.560">重</text>
                <text font="JQUZDQ+SimSun" bbox="401.761,426.419,412.321,436.979" colourspace="ICCBased" ncolour="[0]" size="10.560">运</text>
                <text font="JQUZDQ+SimSun" bbox="412.081,426.419,422.641,436.979" colourspace="ICCBased" ncolour="[0]" size="10.560">动</text>
                <text font="JQUZDQ+SimSun" bbox="422.641,426.419,433.201,436.979" colourspace="ICCBased" ncolour="[0]" size="10.560">神</text>
                <text font="JQUZDQ+SimSun" bbox="433.201,426.419,443.761,436.979" colourspace="ICCBased" ncolour="[0]" size="10.560">经</text>
                <text font="JQUZDQ+SimSun" bbox="443.761,426.419,454.321,436.979" colourspace="ICCBased" ncolour="[0]" size="10.560">元</text>
                <text font="JQUZDQ+SimSun" bbox="454.080,426.419,464.640,436.979" colourspace="ICCBased" ncolour="[0]" size="10.560">病</text>
                <text font="JTTPDQ+SimSun" bbox="464.640,426.419,469.920,436.979" colourspace="ICCBased" ncolour="[0]" size="10.560"> </text>
                <text font="JTTPDQ+SimSun" bbox="469.920,426.419,475.200,436.979" colourspace="ICCBased" ncolour="[0]" size="10.560"> </text>
                <text font="JTTPDQ+SimSun" bbox="475.200,426.419,480.480,436.979" colourspace="ICCBased" ncolour="[0]" size="10.560"> </text>
                <text font="JTTPDQ+SimSun" bbox="480.480,426.419,485.760,436.979" colourspace="ICCBased" ncolour="[0]" size="10.560"> </text>
                <text font="JTTPDQ+SimSun" bbox="485.523,426.419,490.803,436.979" colourspace="ICCBased" ncolour="[0]" size="10.560"> </text>
                <text>
                </text>
            </textline>
            <textline bbox="359.521,410.821,522.240,421.381">
                <text font="JTTPDQ+SimSun" bbox="359.521,410.821,364.801,421.381" colourspace="ICCBased" ncolour="[0]" size="10.560">5</text>
                <text font="JTTPDQ+SimSun" bbox="364.801,410.821,370.081,421.381" colourspace="ICCBased" ncolour="[0]" size="10.560">3</text>
                <text font="JQUZDQ+SimSun" bbox="370.081,410.821,380.641,421.381" colourspace="ICCBased" ncolour="[0]" size="10.560">、</text>
                <text font="JQUZDQ+SimSun" bbox="380.641,410.821,391.201,421.381" colourspace="ICCBased" ncolour="[0]" size="10.560">非</text>
                <text font="JQUZDQ+SimSun" bbox="391.201,410.821,401.761,421.381" colourspace="ICCBased" ncolour="[0]" size="10.560">阿</text>
                <text font="JQUZDQ+SimSun" bbox="401.761,410.821,412.321,421.381" colourspace="ICCBased" ncolour="[0]" size="10.560">尔</text>
                <text font="JQUZDQ+SimSun" bbox="412.081,410.821,422.641,421.381" colourspace="ICCBased" ncolour="[0]" size="10.560">茨</text>
                <text font="JQUZDQ+SimSun" bbox="422.641,410.821,433.201,421.381" colourspace="ICCBased" ncolour="[0]" size="10.560">海</text>
                <text font="JQUZDQ+SimSun" bbox="433.201,410.821,443.761,421.381" colourspace="ICCBased" ncolour="[0]" size="10.560">默</text>
                <text font="JQUZDQ+SimSun" bbox="443.761,410.821,454.321,421.381" colourspace="ICCBased" ncolour="[0]" size="10.560">病</text>
                <text font="JQUZDQ+SimSun" bbox="454.080,410.821,464.640,421.381" colourspace="ICCBased" ncolour="[0]" size="10.560">所</text>
                <text font="JQUZDQ+SimSun" bbox="464.640,410.821,475.200,421.381" colourspace="ICCBased" ncolour="[0]" size="10.560">致</text>
                <text font="JQUZDQ+SimSun" bbox="475.200,410.821,485.760,421.381" colourspace="ICCBased" ncolour="[0]" size="10.560">严</text>
                <text font="JQUZDQ+SimSun" bbox="485.760,410.821,496.320,421.381" colourspace="ICCBased" ncolour="[0]" size="10.560">重</text>
                <text font="JQUZDQ+SimSun" bbox="496.081,410.821,506.641,421.381" colourspace="ICCBased" ncolour="[0]" size="10.560">痴</text>
                <text font="JQUZDQ+SimSun" bbox="506.641,410.821,517.201,421.381" colourspace="ICCBased" ncolour="[0]" size="10.560">呆</text>
                <text font="JTTPDQ+SimSun" bbox="516.960,410.821,522.240,421.381" colourspace="ICCBased" ncolour="[0]" size="10.560"> </text>
                <text>
                </text>
            </textline>
            <textline bbox="359.521,395.224,469.683,405.784">
                <text font="JTTPDQ+SimSun" bbox="359.521,395.224,364.801,405.784" colourspace="ICCBased" ncolour="[0]" size="10.560">5</text>
                <text font="JTTPDQ+SimSun" bbox="364.801,395.224,370.081,405.784" colourspace="ICCBased" ncolour="[0]" size="10.560">5</text>
                <text font="JQUZDQ+SimSun" bbox="370.081,395.224,380.641,405.784" colourspace="ICCBased" ncolour="[0]" size="10.560">、</text>
                <text font="JQUZDQ+SimSun" bbox="380.641,395.224,391.201,405.784" colourspace="ICCBased" ncolour="[0]" size="10.560">进</text>
                <text font="JQUZDQ+SimSun" bbox="391.201,395.224,401.761,405.784" colourspace="ICCBased" ncolour="[0]" size="10.560">行</text>
                <text font="JQUZDQ+SimSun" bbox="401.761,395.224,412.321,405.784" colourspace="ICCBased" ncolour="[0]" size="10.560">性</text>
                <text font="JQUZDQ+SimSun" bbox="412.081,395.224,422.641,405.784" colourspace="ICCBased" ncolour="[0]" size="10.560">核</text>
                <text font="JQUZDQ+SimSun" bbox="422.641,395.224,433.201,405.784" colourspace="ICCBased" ncolour="[0]" size="10.560">上</text>
                <text font="JQUZDQ+SimSun" bbox="433.201,395.224,443.761,405.784" colourspace="ICCBased" ncolour="[0]" size="10.560">性</text>
                <text font="JQUZDQ+SimSun" bbox="443.761,395.224,454.321,405.784" colourspace="ICCBased" ncolour="[0]" size="10.560">麻</text>
                <text font="JQUZDQ+SimSun" bbox="454.080,395.224,464.640,405.784" colourspace="ICCBased" ncolour="[0]" size="10.560">痹</text>
                <text font="JTTPDQ+SimSun" bbox="464.403,395.224,469.683,405.784" colourspace="ICCBased" ncolour="[0]" size="10.560"> </text>
                <text>
                </text>
            </textline>
            <textline bbox="359.521,379.627,480.243,390.187">
                <text font="JTTPDQ+SimSun" bbox="359.521,379.627,364.801,390.187" colourspace="ICCBased" ncolour="[0]" size="10.560">5</text>
                <text font="JTTPDQ+SimSun" bbox="364.801,379.627,370.081,390.187" colourspace="ICCBased" ncolour="[0]" size="10.560">7</text>
                <text font="JQUZDQ+SimSun" bbox="370.081,379.627,380.641,390.187" colourspace="ICCBased" ncolour="[0]" size="10.560">、</text>
                <text font="JQUZDQ+SimSun" bbox="380.641,379.627,391.201,390.187" colourspace="ICCBased" ncolour="[0]" size="10.560">亚</text>
                <text font="JQUZDQ+SimSun" bbox="391.201,379.627,401.761,390.187" colourspace="ICCBased" ncolour="[0]" size="10.560">急</text>
                <text font="JQUZDQ+SimSun" bbox="401.761,379.627,412.321,390.187" colourspace="ICCBased" ncolour="[0]" size="10.560">性</text>
                <text font="JQUZDQ+SimSun" bbox="412.081,379.627,422.641,390.187" colourspace="ICCBased" ncolour="[0]" size="10.560">硬</text>
                <text font="JQUZDQ+SimSun" bbox="422.641,379.627,433.201,390.187" colourspace="ICCBased" ncolour="[0]" size="10.560">化</text>
                <text font="JQUZDQ+SimSun" bbox="433.201,379.627,443.761,390.187" colourspace="ICCBased" ncolour="[0]" size="10.560">性</text>
                <text font="JQUZDQ+SimSun" bbox="443.761,379.627,454.321,390.187" colourspace="ICCBased" ncolour="[0]" size="10.560">全</text>
                <text font="JQUZDQ+SimSun" bbox="454.080,379.627,464.640,390.187" colourspace="ICCBased" ncolour="[0]" size="10.560">脑</text>
                <text font="JQUZDQ+SimSun" bbox="464.640,379.627,475.200,390.187" colourspace="ICCBased" ncolour="[0]" size="10.560">炎</text>
                <text font="JTTPDQ+SimSun" bbox="474.963,379.627,480.243,390.187" colourspace="ICCBased" ncolour="[0]" size="10.560"> </text>
                <text>
                </text>
            </textline>
            <textline bbox="359.521,364.030,459.366,374.590">
                <text font="JTTPDQ+SimSun" bbox="359.521,364.030,364.801,374.590" colourspace="ICCBased" ncolour="[0]" size="10.560">5</text>
                <text font="JTTPDQ+SimSun" bbox="364.801,364.030,370.081,374.590" colourspace="ICCBased" ncolour="[0]" size="10.560">9</text>
                <text font="JQUZDQ+SimSun" bbox="370.081,364.030,380.641,374.590" colourspace="ICCBased" ncolour="[0]" size="10.560">、</text>
                <text font="JQUZDQ+SimSun" bbox="380.641,364.030,391.201,374.590" colourspace="ICCBased" ncolour="[0]" size="10.560">丧</text>
                <text font="JQUZDQ+SimSun" bbox="391.201,364.030,401.761,374.590" colourspace="ICCBased" ncolour="[0]" size="10.560">失</text>
                <text font="JQUZDQ+SimSun" bbox="401.761,364.030,412.321,374.590" colourspace="ICCBased" ncolour="[0]" size="10.560">一</text>
                <text font="JQUZDQ+SimSun" bbox="412.081,364.030,422.641,374.590" colourspace="ICCBased" ncolour="[0]" size="10.560">眼</text>
                <text font="JQUZDQ+SimSun" bbox="422.641,364.030,433.201,374.590" colourspace="ICCBased" ncolour="[0]" size="10.560">及</text>
                <text font="JQUZDQ+SimSun" bbox="433.201,364.030,443.761,374.590" colourspace="ICCBased" ncolour="[0]" size="10.560">一</text>
                <text font="JQUZDQ+SimSun" bbox="443.761,364.030,454.321,374.590" colourspace="ICCBased" ncolour="[0]" size="10.560">肢</text>
                <text font="JTTPDQ+SimSun" bbox="454.086,364.030,459.366,374.590" colourspace="ICCBased" ncolour="[0]" size="10.560"> </text>
                <text>
                </text>
            </textline>
            <textline bbox="359.521,348.433,490.803,358.993">
                <text font="JTTPDQ+SimSun" bbox="359.521,348.433,364.801,358.993" colourspace="ICCBased" ncolour="[0]" size="10.560">6</text>
                <text font="JTTPDQ+SimSun" bbox="364.801,348.433,370.081,358.993" colourspace="ICCBased" ncolour="[0]" size="10.560">1</text>
                <text font="JQUZDQ+SimSun" bbox="370.081,348.433,380.641,358.993" colourspace="ICCBased" ncolour="[0]" size="10.560">、</text>
                <text font="JQUZDQ+SimSun" bbox="380.641,348.433,391.201,358.993" colourspace="ICCBased" ncolour="[0]" size="10.560">破</text>
                <text font="JQUZDQ+SimSun" bbox="391.201,348.433,401.761,358.993" colourspace="ICCBased" ncolour="[0]" size="10.560">裂</text>
                <text font="JQUZDQ+SimSun" bbox="401.761,348.433,412.321,358.993" colourspace="ICCBased" ncolour="[0]" size="10.560">脑</text>
                <text font="JQUZDQ+SimSun" bbox="412.081,348.433,422.641,358.993" colourspace="ICCBased" ncolour="[0]" size="10.560">动</text>
                <text font="JQUZDQ+SimSun" bbox="422.641,348.433,433.201,358.993" colourspace="ICCBased" ncolour="[0]" size="10.560">脉</text>
                <text font="JQUZDQ+SimSun" bbox="433.201,348.433,443.761,358.993" colourspace="ICCBased" ncolour="[0]" size="10.560">瘤</text>
                <text font="JQUZDQ+SimSun" bbox="443.761,348.433,454.321,358.993" colourspace="ICCBased" ncolour="[0]" size="10.560">夹</text>
                <text font="JQUZDQ+SimSun" bbox="454.080,348.433,464.640,358.993" colourspace="ICCBased" ncolour="[0]" size="10.560">闭</text>
                <text font="JQUZDQ+SimSun" bbox="464.640,348.433,475.200,358.993" colourspace="ICCBased" ncolour="[0]" size="10.560">手</text>
                <text font="JQUZDQ+SimSun" bbox="475.200,348.433,485.760,358.993" colourspace="ICCBased" ncolour="[0]" size="10.560">术</text>
                <text font="JTTPDQ+SimSun" bbox="485.523,348.433,490.803,358.993" colourspace="ICCBased" ncolour="[0]" size="10.560"> </text>
                <text>
                </text>
            </textline>
        </textbox>
        <textbox id="11" bbox="359.521,269.466,541.470,311.220">
            <textline bbox="359.521,300.660,490.803,311.220">
                <text font="JTTPDQ+SimSun" bbox="359.521,300.660,364.801,311.220" colourspace="ICCBased" ncolour="[0]" size="10.560">6</text>
                <text font="JTTPDQ+SimSun" bbox="364.801,300.660,370.081,311.220" colourspace="ICCBased" ncolour="[0]" size="10.560">4</text>
                <text font="JQUZDQ+SimSun" bbox="370.081,300.660,380.641,311.220" colourspace="ICCBased" ncolour="[0]" size="10.560">、</text>
                <text font="JQUZDQ+SimSun" bbox="380.641,300.660,391.201,311.220" colourspace="ICCBased" ncolour="[0]" size="10.560">严</text>
                <text font="JQUZDQ+SimSun" bbox="391.201,300.660,401.761,311.220" colourspace="ICCBased" ncolour="[0]" size="10.560">重</text>
                <text font="JQUZDQ+SimSun" bbox="401.761,300.660,412.321,311.220" colourspace="ICCBased" ncolour="[0]" size="10.560">的</text>
                <text> </text>
                <text font="JTTPDQ+SimSun" bbox="414.718,300.660,419.998,311.220" colourspace="ICCBased" ncolour="[0]" size="10.560">1</text>
                <text> </text>
                <text font="JQUZDQ+SimSun" bbox="422.638,300.660,433.198,311.220" colourspace="ICCBased" ncolour="[0]" size="10.560">型</text>
                <text font="JQUZDQ+SimSun" bbox="433.198,300.660,443.758,311.220" colourspace="ICCBased" ncolour="[0]" size="10.560">糖</text>
                <text font="JQUZDQ+SimSun" bbox="443.758,300.660,454.318,311.220" colourspace="ICCBased" ncolour="[0]" size="10.560">尿</text>
                <text font="JQUZDQ+SimSun" bbox="454.078,300.660,464.638,311.220" colourspace="ICCBased" ncolour="[0]" size="10.560">病</text>
                <text font="JTTPDQ+SimSun" bbox="464.638,300.660,469.918,311.220" colourspace="ICCBased" ncolour="[0]" size="10.560"> </text>
                <text font="JTTPDQ+SimSun" bbox="469.918,300.660,475.198,311.220" colourspace="ICCBased" ncolour="[0]" size="10.560"> </text>
                <text font="JTTPDQ+SimSun" bbox="475.198,300.660,480.478,311.220" colourspace="ICCBased" ncolour="[0]" size="10.560"> </text>
                <text font="JTTPDQ+SimSun" bbox="480.478,300.660,485.758,311.220" colourspace="ICCBased" ncolour="[0]" size="10.560"> </text>
                <text font="JTTPDQ+SimSun" bbox="485.523,300.660,490.803,311.220" colourspace="ICCBased" ncolour="[0]" size="10.560"> </text>
                <text>
                </text>
            </textline>
            <textline bbox="359.521,285.063,480.243,295.623">
                <text font="JTTPDQ+SimSun" bbox="359.521,285.063,364.801,295.623" colourspace="ICCBased" ncolour="[0]" size="10.560">6</text>
                <text font="JTTPDQ+SimSun" bbox="364.801,285.063,370.081,295.623" colourspace="ICCBased" ncolour="[0]" size="10.560">6</text>
                <text font="JQUZDQ+SimSun" bbox="370.081,285.063,380.641,295.623" colourspace="ICCBased" ncolour="[0]" size="10.560">、</text>
                <text font="JQUZDQ+SimSun" bbox="380.641,285.063,391.201,295.623" colourspace="ICCBased" ncolour="[0]" size="10.560">严</text>
                <text font="JQUZDQ+SimSun" bbox="391.201,285.063,401.761,295.623" colourspace="ICCBased" ncolour="[0]" size="10.560">重</text>
                <text font="JQUZDQ+SimSun" bbox="401.761,285.063,412.321,295.623" colourspace="ICCBased" ncolour="[0]" size="10.560">类</text>
                <text font="JQUZDQ+SimSun" bbox="412.081,285.063,422.641,295.623" colourspace="ICCBased" ncolour="[0]" size="10.560">风</text>
                <text font="JQUZDQ+SimSun" bbox="422.641,285.063,433.201,295.623" colourspace="ICCBased" ncolour="[0]" size="10.560">湿</text>
                <text font="JQUZDQ+SimSun" bbox="433.201,285.063,443.761,295.623" colourspace="ICCBased" ncolour="[0]" size="10.560">性</text>
                <text font="JQUZDQ+SimSun" bbox="443.761,285.063,454.321,295.623" colourspace="ICCBased" ncolour="[0]" size="10.560">关</text>
                <text font="JQUZDQ+SimSun" bbox="454.080,285.063,464.640,295.623" colourspace="ICCBased" ncolour="[0]" size="10.560">节</text>
                <text font="JQUZDQ+SimSun" bbox="464.640,285.063,475.200,295.623" colourspace="ICCBased" ncolour="[0]" size="10.560">炎</text>
                <text font="JTTPDQ+SimSun" bbox="474.963,285.063,480.243,295.623" colourspace="ICCBased" ncolour="[0]" size="10.560"> </text>
                <text>
                </text>
            </textline>
            <textline bbox="359.521,269.466,541.470,280.026">
                <text font="JTTPDQ+SimSun" bbox="359.521,269.466,364.801,280.026" colourspace="ICCBased" ncolour="[0]" size="10.560">6</text>
                <text font="JTTPDQ+SimSun" bbox="364.801,269.466,370.081,280.026" colourspace="ICCBased" ncolour="[0]" size="10.560">8</text>
                <text font="JQUZDQ+SimSun" bbox="370.324,269.466,380.884,280.026" colourspace="ICCBased" ncolour="[0]" size="10.560">、</text>
                <text font="JQUZDQ+SimSun" bbox="381.127,269.466,391.687,280.026" colourspace="ICCBased" ncolour="[0]" size="10.560">经</text>
                <text font="JQUZDQ+SimSun" bbox="391.687,269.466,402.247,280.026" colourspace="ICCBased" ncolour="[0]" size="10.560">输</text>
                <text font="JQUZDQ+SimSun" bbox="402.490,269.466,413.050,280.026" colourspace="ICCBased" ncolour="[0]" size="10.560">血</text>
                <text font="JQUZDQ+SimSun" bbox="413.050,269.466,423.610,280.026" colourspace="ICCBased" ncolour="[0]" size="10.560">导</text>
                <text font="JQUZDQ+SimSun" bbox="423.852,269.466,434.412,280.026" colourspace="ICCBased" ncolour="[0]" size="10.560">致</text>
                <text font="JQUZDQ+SimSun" bbox="434.655,269.466,445.215,280.026" colourspace="ICCBased" ncolour="[0]" size="10.560">的</text>
                <text font="JQUZDQ+SimSun" bbox="445.215,269.466,455.775,280.026" colourspace="ICCBased" ncolour="[0]" size="10.560">艾</text>
                <text font="JQUZDQ+SimSun" bbox="456.018,269.466,466.578,280.026" colourspace="ICCBased" ncolour="[0]" size="10.560">滋</text>
                <text font="JQUZDQ+SimSun" bbox="466.578,269.466,477.138,280.026" colourspace="ICCBased" ncolour="[0]" size="10.560">病</text>
                <text font="JQUZDQ+SimSun" bbox="477.381,269.466,487.941,280.026" colourspace="ICCBased" ncolour="[0]" size="10.560">病</text>
                <text font="JQUZDQ+SimSun" bbox="487.941,269.466,498.501,280.026" colourspace="ICCBased" ncolour="[0]" size="10.560">毒</text>
                <text font="JQUZDQ+SimSun" bbox="498.744,269.466,509.304,280.026" colourspace="ICCBased" ncolour="[0]" size="10.560">感</text>
                <text font="JQUZDQ+SimSun" bbox="509.547,269.466,520.107,280.026" colourspace="ICCBased" ncolour="[0]" size="10.560">染</text>
                <text font="JQUZDQ+SimSun" bbox="520.107,269.466,530.667,280.026" colourspace="ICCBased" ncolour="[0]" size="10.560">或</text>
                <text font="JQUZDQ+SimSun" bbox="530.910,269.466,541.470,280.026" colourspace="ICCBased" ncolour="[0]" size="10.560">患</text>
                <text>
                </text>
            </textline>
        </textbox>
        <textbox id="12" bbox="359.521,238.272,541.471,248.832">
            <textline bbox="359.521,238.272,541.471,248.832">
                <text font="JTTPDQ+SimSun" bbox="359.521,238.272,364.801,248.832" colourspace="ICCBased" ncolour="[0]" size="10.560">7</text>
                <text font="JTTPDQ+SimSun" bbox="364.801,238.272,370.081,248.832" colourspace="ICCBased" ncolour="[0]" size="10.560">1</text>
                <text font="JQUZDQ+SimSun" bbox="370.324,238.272,380.884,248.832" colourspace="ICCBased" ncolour="[0]" size="10.560">、</text>
                <text font="JQUZDQ+SimSun" bbox="381.127,238.272,391.687,248.832" colourspace="ICCBased" ncolour="[0]" size="10.560">因</text>
                <text font="JQUZDQ+SimSun" bbox="391.687,238.272,402.247,248.832" colourspace="ICCBased" ncolour="[0]" size="10.560">职</text>
                <text font="JQUZDQ+SimSun" bbox="402.490,238.272,413.050,248.832" colourspace="ICCBased" ncolour="[0]" size="10.560">业</text>
                <text font="JQUZDQ+SimSun" bbox="413.050,238.272,423.610,248.832" colourspace="ICCBased" ncolour="[0]" size="10.560">关</text>
                <text font="JQUZDQ+SimSun" bbox="423.852,238.272,434.412,248.832" colourspace="ICCBased" ncolour="[0]" size="10.560">系</text>
                <text font="JQUZDQ+SimSun" bbox="434.655,238.272,445.215,248.832" colourspace="ICCBased" ncolour="[0]" size="10.560">导</text>
                <text font="JQUZDQ+SimSun" bbox="445.216,238.272,455.776,248.832" colourspace="ICCBased" ncolour="[0]" size="10.560">致</text>
                <text font="JQUZDQ+SimSun" bbox="456.019,238.272,466.579,248.832" colourspace="ICCBased" ncolour="[0]" size="10.560">的</text>
                <text font="JQUZDQ+SimSun" bbox="466.579,238.272,477.139,248.832" colourspace="ICCBased" ncolour="[0]" size="10.560">艾</text>
                <text font="JQUZDQ+SimSun" bbox="477.382,238.272,487.942,248.832" colourspace="ICCBased" ncolour="[0]" size="10.560">滋</text>
                <text font="JQUZDQ+SimSun" bbox="487.942,238.272,498.502,248.832" colourspace="ICCBased" ncolour="[0]" size="10.560">病</text>
                <text font="JQUZDQ+SimSun" bbox="498.745,238.272,509.305,248.832" colourspace="ICCBased" ncolour="[0]" size="10.560">病</text>
                <text font="JQUZDQ+SimSun" bbox="509.548,238.272,520.108,248.832" colourspace="ICCBased" ncolour="[0]" size="10.560">毒</text>
                <text font="JQUZDQ+SimSun" bbox="520.108,238.272,530.668,248.832" colourspace="ICCBased" ncolour="[0]" size="10.560">感</text>
                <text font="JQUZDQ+SimSun" bbox="530.911,238.272,541.471,248.832" colourspace="ICCBased" ncolour="[0]" size="10.560">染</text>
                <text>
                </text>
            </textline>
        </textbox>
        <textbox id="13" bbox="359.521,207.078,541.470,217.638">
            <textline bbox="359.521,207.078,541.470,217.638">
                <text font="JTTPDQ+SimSun" bbox="359.521,207.078,364.801,217.638" colourspace="ICCBased" ncolour="[0]" size="10.560">7</text>
                <text font="JTTPDQ+SimSun" bbox="364.801,207.078,370.081,217.638" colourspace="ICCBased" ncolour="[0]" size="10.560">4</text>
                <text font="JQUZDQ+SimSun" bbox="370.324,207.078,380.884,217.638" colourspace="ICCBased" ncolour="[0]" size="10.560">、</text>
                <text font="JQUZDQ+SimSun" bbox="381.127,207.078,391.687,217.638" colourspace="ICCBased" ncolour="[0]" size="10.560">因</text>
                <text font="JQUZDQ+SimSun" bbox="391.687,207.078,402.247,217.638" colourspace="ICCBased" ncolour="[0]" size="10.560">器</text>
                <text font="JQUZDQ+SimSun" bbox="402.490,207.078,413.050,217.638" colourspace="ICCBased" ncolour="[0]" size="10.560">官</text>
                <text font="JQUZDQ+SimSun" bbox="413.050,207.078,423.610,217.638" colourspace="ICCBased" ncolour="[0]" size="10.560">移</text>
                <text font="JQUZDQ+SimSun" bbox="423.852,207.078,434.412,217.638" colourspace="ICCBased" ncolour="[0]" size="10.560">植</text>
                <text font="JQUZDQ+SimSun" bbox="434.655,207.078,445.215,217.638" colourspace="ICCBased" ncolour="[0]" size="10.560">导</text>
                <text font="JQUZDQ+SimSun" bbox="445.215,207.078,455.775,217.638" colourspace="ICCBased" ncolour="[0]" size="10.560">致</text>
                <text font="JQUZDQ+SimSun" bbox="456.018,207.078,466.578,217.638" colourspace="ICCBased" ncolour="[0]" size="10.560">的</text>
                <text font="JQUZDQ+SimSun" bbox="466.578,207.078,477.138,217.638" colourspace="ICCBased" ncolour="[0]" size="10.560">艾</text>
                <text font="JQUZDQ+SimSun" bbox="477.381,207.078,487.941,217.638" colourspace="ICCBased" ncolour="[0]" size="10.560">滋</text>
                <text font="JQUZDQ+SimSun" bbox="487.941,207.078,498.501,217.638" colourspace="ICCBased" ncolour="[0]" size="10.560">病</text>
                <text font="JQUZDQ+SimSun" bbox="498.744,207.078,509.304,217.638" colourspace="ICCBased" ncolour="[0]" size="10.560">病</text>
                <text font="JQUZDQ+SimSun" bbox="509.547,207.078,520.107,217.638" colourspace="ICCBased" ncolour="[0]" size="10.560">毒</text>
                <text font="JQUZDQ+SimSun" bbox="520.107,207.078,530.667,217.638" colourspace="ICCBased" ncolour="[0]" size="10.560">感</text>
                <text font="JQUZDQ+SimSun" bbox="530.910,207.078,541.470,217.638" colourspace="ICCBased" ncolour="[0]" size="10.560">染</text>
                <text>
                </text>
            </textline>
        </textbox>
        <textbox id="14" bbox="380.641,253.869,417.358,264.429">
            <textline bbox="380.641,253.869,417.358,264.429">
                <text font="JQUZDQ+SimSun" bbox="380.641,253.869,391.201,264.429" colourspace="ICCBased" ncolour="[0]" size="10.560">艾</text>
                <text font="JQUZDQ+SimSun" bbox="391.201,253.869,401.761,264.429" colourspace="ICCBased" ncolour="[0]" size="10.560">滋</text>
                <text font="JQUZDQ+SimSun" bbox="401.761,253.869,412.321,264.429" colourspace="ICCBased" ncolour="[0]" size="10.560">病</text>
                <text font="JTTPDQ+SimSun" bbox="412.078,253.869,417.358,264.429" colourspace="ICCBased" ncolour="[0]" size="10.560"> </text>
                <text>
                </text>
            </textline>
        </textbox>
        <textbox id="15" bbox="380.641,222.675,438.478,233.235">
            <textline bbox="380.641,222.675,438.478,233.235">
                <text font="JQUZDQ+SimSun" bbox="380.641,222.675,391.201,233.235" colourspace="ICCBased" ncolour="[0]" size="10.560">或</text>
                <text font="JQUZDQ+SimSun" bbox="391.201,222.675,401.761,233.235" colourspace="ICCBased" ncolour="[0]" size="10.560">患</text>
                <text font="JQUZDQ+SimSun" bbox="401.761,222.675,412.321,233.235" colourspace="ICCBased" ncolour="[0]" size="10.560">艾</text>
                <text font="JQUZDQ+SimSun" bbox="412.321,222.675,422.881,233.235" colourspace="ICCBased" ncolour="[0]" size="10.560">滋</text>
                <text font="JQUZDQ+SimSun" bbox="422.881,222.675,433.441,233.235" colourspace="ICCBased" ncolour="[0]" size="10.560">病</text>
                <text font="JTTPDQ+SimSun" bbox="433.198,222.675,438.478,233.235" colourspace="ICCBased" ncolour="[0]" size="10.560"> </text>
                <text>
                </text>
            </textline>
        </textbox>
        <textbox id="16" bbox="380.652,191.481,438.489,202.041">
            <textline bbox="380.652,191.481,438.489,202.041">
                <text font="JQUZDQ+SimSun" bbox="380.652,191.481,391.212,202.041" colourspace="ICCBased" ncolour="[0]" size="10.560">或</text>
                <text font="JQUZDQ+SimSun" bbox="391.212,191.481,401.772,202.041" colourspace="ICCBased" ncolour="[0]" size="10.560">患</text>
                <text font="JQUZDQ+SimSun" bbox="401.772,191.481,412.332,202.041" colourspace="ICCBased" ncolour="[0]" size="10.560">艾</text>
                <text font="JQUZDQ+SimSun" bbox="412.332,191.481,422.892,202.041" colourspace="ICCBased" ncolour="[0]" size="10.560">滋</text>
                <text font="JQUZDQ+SimSun" bbox="422.892,191.481,433.452,202.041" colourspace="ICCBased" ncolour="[0]" size="10.560">病</text>
                <text font="JTTPDQ+SimSun" bbox="433.209,191.481,438.489,202.041" colourspace="ICCBased" ncolour="[0]" size="10.560"> </text>
                <text>
                </text>
            </textline>
        </textbox>
        <textbox id="17" bbox="359.532,160.286,541.452,186.444">
            <textline bbox="359.532,175.884,541.452,186.444">
                <text font="JTTPDQ+SimSun" bbox="359.532,175.884,364.812,186.444" colourspace="ICCBased" ncolour="[0]" size="10.560">7</text>
                <text font="JTTPDQ+SimSun" bbox="364.812,175.884,370.092,186.444" colourspace="ICCBased" ncolour="[0]" size="10.560">6</text>
                <text font="JQUZDQ+SimSun" bbox="370.092,175.884,380.652,186.444" colourspace="ICCBased" ncolour="[0]" size="10.560">、</text>
                <text font="JQUZDQ+SimSun" bbox="380.652,175.884,391.212,186.444" colourspace="ICCBased" ncolour="[0]" size="10.560">严</text>
                <text font="JQUZDQ+SimSun" bbox="391.212,175.884,401.772,186.444" colourspace="ICCBased" ncolour="[0]" size="10.560">重</text>
                <text font="JQUZDQ+SimSun" bbox="401.772,175.884,412.332,186.444" colourspace="ICCBased" ncolour="[0]" size="10.560">瑞</text>
                <text font="JQUZDQ+SimSun" bbox="412.092,175.884,422.652,186.444" colourspace="ICCBased" ncolour="[0]" size="10.560">氏</text>
                <text font="JQUZDQ+SimSun" bbox="422.652,175.884,433.212,186.444" colourspace="ICCBased" ncolour="[0]" size="10.560">综</text>
                <text font="JQUZDQ+SimSun" bbox="433.212,175.884,443.772,186.444" colourspace="ICCBased" ncolour="[0]" size="10.560">合</text>
                <text font="JQUZDQ+SimSun" bbox="443.772,175.884,454.332,186.444" colourspace="ICCBased" ncolour="[0]" size="10.560">症</text>
                <text font="JQUZDQ+SimSun" bbox="454.091,175.884,464.651,186.444" colourspace="ICCBased" ncolour="[0]" size="10.560">（</text>
                <text font="JTTPDQ+SimSun" bbox="464.651,175.884,469.931,186.444" colourspace="ICCBased" ncolour="[0]" size="10.560">R</text>
                <text font="JTTPDQ+SimSun" bbox="469.931,175.884,475.211,186.444" colourspace="ICCBased" ncolour="[0]" size="10.560">e</text>
                <text font="JTTPDQ+SimSun" bbox="475.211,175.884,480.491,186.444" colourspace="ICCBased" ncolour="[0]" size="10.560">y</text>
                <text font="JTTPDQ+SimSun" bbox="480.491,175.884,485.771,186.444" colourspace="ICCBased" ncolour="[0]" size="10.560">e</text>
                <text> </text>
                <text font="JQUZDQ+SimSun" bbox="488.892,175.884,499.452,186.444" colourspace="ICCBased" ncolour="[0]" size="10.560">综</text>
                <text font="JQUZDQ+SimSun" bbox="499.452,175.884,510.012,186.444" colourspace="ICCBased" ncolour="[0]" size="10.560">合</text>
                <text font="JQUZDQ+SimSun" bbox="509.772,175.884,520.332,186.444" colourspace="ICCBased" ncolour="[0]" size="10.560">征</text>
                <text font="JQUZDQ+SimSun" bbox="520.332,175.884,530.892,186.444" colourspace="ICCBased" ncolour="[0]" size="10.560">，</text>
                <text font="JQUZDQ+SimSun" bbox="530.892,175.884,541.452,186.444" colourspace="ICCBased" ncolour="[0]" size="10.560">也</text>
                <text>
                </text>
            </textline>
            <textline bbox="380.652,160.286,522.493,170.846">
                <text font="JQUZDQ+SimSun" bbox="380.652,160.286,391.212,170.846" colourspace="ICCBased" ncolour="[0]" size="10.560">称</text>
                <text font="JQUZDQ+SimSun" bbox="391.212,160.286,401.772,170.846" colourspace="ICCBased" ncolour="[0]" size="10.560">赖</text>
                <text font="JQUZDQ+SimSun" bbox="401.772,160.286,412.332,170.846" colourspace="ICCBased" ncolour="[0]" size="10.560">氏</text>
                <text font="JQUZDQ+SimSun" bbox="412.332,160.286,422.892,170.846" colourspace="ICCBased" ncolour="[0]" size="10.560">综</text>
                <text font="JQUZDQ+SimSun" bbox="422.892,160.286,433.452,170.846" colourspace="ICCBased" ncolour="[0]" size="10.560">合</text>
                <text font="JQUZDQ+SimSun" bbox="433.212,160.286,443.772,170.846" colourspace="ICCBased" ncolour="[0]" size="10.560">征</text>
                <text font="JQUZDQ+SimSun" bbox="443.772,160.286,454.332,170.846" colourspace="ICCBased" ncolour="[0]" size="10.560">、</text>
                <text font="JQUZDQ+SimSun" bbox="454.332,160.286,464.892,170.846" colourspace="ICCBased" ncolour="[0]" size="10.560">雷</text>
                <text font="JQUZDQ+SimSun" bbox="464.892,160.286,475.452,170.846" colourspace="ICCBased" ncolour="[0]" size="10.560">氏</text>
                <text font="JQUZDQ+SimSun" bbox="475.211,160.286,485.771,170.846" colourspace="ICCBased" ncolour="[0]" size="10.560">综</text>
                <text font="JQUZDQ+SimSun" bbox="485.771,160.286,496.331,170.846" colourspace="ICCBased" ncolour="[0]" size="10.560">合</text>
                <text font="JQUZDQ+SimSun" bbox="496.331,160.286,506.891,170.846" colourspace="ICCBased" ncolour="[0]" size="10.560">征</text>
                <text font="JQUZDQ+SimSun" bbox="506.891,160.286,517.451,170.846" colourspace="ICCBased" ncolour="[0]" size="10.560">）</text>
                <text font="JTTPDQ+SimSun" bbox="517.213,160.286,522.493,170.846" colourspace="ICCBased" ncolour="[0]" size="10.560"> </text>
                <text>
                </text>
            </textline>
        </textbox>
        <textbox id="18" bbox="359.532,129.092,511.691,155.249">
            <textline bbox="359.532,144.689,511.691,155.249">
                <text font="JTTPDQ+SimSun" bbox="359.532,144.689,364.812,155.249" colourspace="ICCBased" ncolour="[0]" size="10.560">7</text>
                <text font="JTTPDQ+SimSun" bbox="364.812,144.689,370.092,155.249" colourspace="ICCBased" ncolour="[0]" size="10.560">9</text>
                <text font="JQUZDQ+SimSun" bbox="370.092,144.689,380.652,155.249" colourspace="ICCBased" ncolour="[0]" size="10.560">、</text>
                <text font="JQUZDQ+SimSun" bbox="380.652,144.689,391.212,155.249" colourspace="ICCBased" ncolour="[0]" size="10.560">原</text>
                <text font="JQUZDQ+SimSun" bbox="391.212,144.689,401.772,155.249" colourspace="ICCBased" ncolour="[0]" size="10.560">发</text>
                <text font="JQUZDQ+SimSun" bbox="401.772,144.689,412.332,155.249" colourspace="ICCBased" ncolour="[0]" size="10.560">性</text>
                <text font="JQUZDQ+SimSun" bbox="412.092,144.689,422.652,155.249" colourspace="ICCBased" ncolour="[0]" size="10.560">脊</text>
                <text font="JQUZDQ+SimSun" bbox="422.652,144.689,433.212,155.249" colourspace="ICCBased" ncolour="[0]" size="10.560">柱</text>
                <text font="JQUZDQ+SimSun" bbox="433.212,144.689,443.772,155.249" colourspace="ICCBased" ncolour="[0]" size="10.560">侧</text>
                <text font="JQUZDQ+SimSun" bbox="443.772,144.689,454.332,155.249" colourspace="ICCBased" ncolour="[0]" size="10.560">弯</text>
                <text font="JQUZDQ+SimSun" bbox="454.091,144.689,464.651,155.249" colourspace="ICCBased" ncolour="[0]" size="10.560">的</text>
                <text font="JQUZDQ+SimSun" bbox="464.651,144.689,475.211,155.249" colourspace="ICCBased" ncolour="[0]" size="10.560">矫</text>
                <text font="JQUZDQ+SimSun" bbox="475.211,144.689,485.771,155.249" colourspace="ICCBased" ncolour="[0]" size="10.560">正</text>
                <text font="JQUZDQ+SimSun" bbox="485.771,144.689,496.331,155.249" colourspace="ICCBased" ncolour="[0]" size="10.560">手</text>
                <text font="JQUZDQ+SimSun" bbox="496.091,144.689,506.651,155.249" colourspace="ICCBased" ncolour="[0]" size="10.560">术</text>
                <text font="JTTPDQ+SimSun" bbox="506.411,144.689,511.691,155.249" colourspace="ICCBased" ncolour="[0]" size="10.560"> </text>
                <text>
                </text>
            </textline>
            <textline bbox="359.532,129.092,364.812,139.652">
                <text font="JTTPDQ+SimSun" bbox="359.532,129.092,364.812,139.652" colourspace="ICCBased" ncolour="[0]" size="10.560"> </text>
                <text>
                </text>
            </textline>
        </textbox>
        <textbox id="19" bbox="60.960,98.789,144.960,123.509">
            <textline bbox="97.436,112.949,102.716,123.509">
                <text font="JTTPDQ+SimSun" bbox="97.436,112.949,102.716,123.509" colourspace="ICCBased" ncolour="[0]" size="10.560"> </text>
                <text>
                </text>
            </textline>
            <textline bbox="60.960,98.789,144.960,109.349">
                <text font="JTTPDQ+SimSun" bbox="60.960,98.789,66.240,109.349" colourspace="ICCBased" ncolour="[0]" size="10.560">1</text>
                <text font="JTTPDQ+SimSun" bbox="66.240,98.789,71.520,109.349" colourspace="ICCBased" ncolour="[0]" size="10.560">.</text>
                <text font="JTTPDQ+SimSun" bbox="71.520,98.789,76.800,109.349" colourspace="ICCBased" ncolour="[0]" size="10.560">2</text>
                <text font="JTTPDQ+SimSun" bbox="76.800,98.789,82.080,109.349" colourspace="ICCBased" ncolour="[0]" size="10.560"> </text>
                <text> </text>
                <text font="JQUZDQ+SimSun" bbox="97.440,98.789,108.000,109.349" colourspace="ICCBased" ncolour="[0]" size="10.560">保</text>
                <text font="JQUZDQ+SimSun" bbox="108.000,98.789,118.560,109.349" colourspace="ICCBased" ncolour="[0]" size="10.560">险</text>
                <text font="JQUZDQ+SimSun" bbox="118.560,98.789,129.120,109.349" colourspace="ICCBased" ncolour="[0]" size="10.560">期</text>
                <text font="JQUZDQ+SimSun" bbox="129.120,98.789,139.680,109.349" colourspace="ICCBased" ncolour="[0]" size="10.560">间</text>
                <text font="JTTPDQ+SimSun" bbox="139.680,98.789,144.960,109.349" colourspace="ICCBased" ncolour="[0]" size="10.560"> </text>
                <text>
                </text>
            </textline>
        </textbox>
        <textbox id="20" bbox="51.120,112.949,56.400,123.509">
            <textline bbox="51.120,112.949,56.400,123.509">
                <text font="JTTPDQ+SimSun" bbox="51.120,112.949,56.400,123.509" colourspace="ICCBased" ncolour="[0]" size="10.560"> </text>
                <text>
                </text>
            </textline>
        </textbox>
        <textbox id="21" bbox="51.134,67.595,56.414,78.155">
            <textline bbox="51.134,67.595,56.414,78.155">
                <text font="JTTPDQ+SimSun" bbox="51.134,67.595,56.414,78.155" colourspace="ICCBased" ncolour="[0]" size="10.560"> </text>
                <text>
                </text>
            </textline>
        </textbox>
        <textbox id="22" bbox="97.451,67.595,102.731,78.155">
            <textline bbox="97.451,67.595,102.731,78.155">
                <text font="JTTPDQ+SimSun" bbox="97.451,67.595,102.731,78.155" colourspace="ICCBased" ncolour="[0]" size="10.560"> </text>
                <text>
                </text>
            </textline>
        </textbox>
        <textbox id="23" bbox="210.480,125.930,210.720,126.410">
            <textline bbox="210.480,125.930,210.720,126.410">
                <text font="JTTPDQ+SimSun" bbox="210.480,125.930,210.720,126.410" colourspace="ICCBased" ncolour="[0]" size="0.480"> </text>
                <text>
                </text>
            </textline>
        </textbox>
        <textbox id="24" bbox="210.481,67.595,547.205,123.509">
            <textline bbox="210.481,112.949,215.761,123.509">
                <text font="JTTPDQ+SimSun" bbox="210.481,112.949,215.761,123.509" colourspace="ICCBased" ncolour="[0]" size="10.560"> </text>
                <text>
                </text>
            </textline>
            <textline bbox="210.485,98.789,547.205,109.349">
                <text font="JQUZDQ+SimSun" bbox="210.485,98.789,221.045,109.349" colourspace="ICCBased" ncolour="[0]" size="10.560">本</text>
                <text font="JQUZDQ+SimSun" bbox="221.045,98.789,231.605,109.349" colourspace="ICCBased" ncolour="[0]" size="10.560">附</text>
                <text font="JQUZDQ+SimSun" bbox="231.605,98.789,242.165,109.349" colourspace="ICCBased" ncolour="[0]" size="10.560">加</text>
                <text font="JQUZDQ+SimSun" bbox="242.165,98.789,252.725,109.349" colourspace="ICCBased" ncolour="[0]" size="10.560">险</text>
                <text font="JQUZDQ+SimSun" bbox="252.725,98.789,263.285,109.349" colourspace="ICCBased" ncolour="[0]" size="10.560">合</text>
                <text font="JQUZDQ+SimSun" bbox="263.285,98.789,273.845,109.349" colourspace="ICCBased" ncolour="[0]" size="10.560">同</text>
                <text font="JQUZDQ+SimSun" bbox="273.845,98.789,284.405,109.349" colourspace="ICCBased" ncolour="[0]" size="10.560">的</text>
                <text font="JQUZDQ+SimSun" bbox="284.165,98.789,294.725,109.349" colourspace="ICCBased" ncolour="[0]" size="10.560">保</text>
                <text font="JQUZDQ+SimSun" bbox="294.725,98.789,305.285,109.349" colourspace="ICCBased" ncolour="[0]" size="10.560">险</text>
                <text font="JQUZDQ+SimSun" bbox="305.285,98.789,315.845,109.349" colourspace="ICCBased" ncolour="[0]" size="10.560">期</text>
                <text font="JQUZDQ+SimSun" bbox="315.845,98.789,326.405,109.349" colourspace="ICCBased" ncolour="[0]" size="10.560">间</text>
                <text font="JQUZDQ+SimSun" bbox="326.405,98.789,336.965,109.349" colourspace="ICCBased" ncolour="[0]" size="10.560">为</text>
                <text font="JQUZDQ+SimSun" bbox="336.965,98.789,347.525,109.349" colourspace="ICCBased" ncolour="[0]" size="10.560">终</text>
                <text font="JQUZDQ+SimSun" bbox="347.284,98.789,357.844,109.349" colourspace="ICCBased" ncolour="[0]" size="10.560">身</text>
                <text font="JQUZDQ+SimSun" bbox="357.844,98.789,368.404,109.349" colourspace="ICCBased" ncolour="[0]" size="10.560">，</text>
                <text font="JQUZDQ+SimSun" bbox="368.404,98.789,378.964,109.349" colourspace="ICCBased" ncolour="[0]" size="10.560">自</text>
                <text font="JQUZDQ+SimSun" bbox="378.964,98.789,389.524,109.349" colourspace="ICCBased" ncolour="[0]" size="10.560">本</text>
                <text font="JQUZDQ+SimSun" bbox="389.524,98.789,400.084,109.349" colourspace="ICCBased" ncolour="[0]" size="10.560">附</text>
                <text font="JQUZDQ+SimSun" bbox="399.845,98.789,410.405,109.349" colourspace="ICCBased" ncolour="[0]" size="10.560">加</text>
                <text font="JQUZDQ+SimSun" bbox="410.405,98.789,420.965,109.349" colourspace="ICCBased" ncolour="[0]" size="10.560">险</text>
                <text font="JQUZDQ+SimSun" bbox="420.965,98.789,431.525,109.349" colourspace="ICCBased" ncolour="[0]" size="10.560">合</text>
                <text font="JQUZDQ+SimSun" bbox="431.525,98.789,442.085,109.349" colourspace="ICCBased" ncolour="[0]" size="10.560">同</text>
                <text font="JQUZDQ+SimSun" bbox="442.085,98.789,452.645,109.349" colourspace="ICCBased" ncolour="[0]" size="10.560">生</text>
                <text font="JQUZDQ+SimSun" bbox="452.405,98.789,462.965,109.349" colourspace="ICCBased" ncolour="[0]" size="10.560">效</text>
                <text font="JQUZDQ+SimSun" bbox="462.965,98.789,473.525,109.349" colourspace="ICCBased" ncolour="[0]" size="10.560">时</text>
                <text font="JQUZDQ+SimSun" bbox="473.525,98.789,484.085,109.349" colourspace="ICCBased" ncolour="[0]" size="10.560">起</text>
                <text font="JQUZDQ+SimSun" bbox="484.085,98.789,494.645,109.349" colourspace="ICCBased" ncolour="[0]" size="10.560">至</text>
                <text font="JQUZDQ+SimSun" bbox="494.645,98.789,505.205,109.349" colourspace="ICCBased" ncolour="[0]" size="10.560">本</text>
                <text font="JQUZDQ+SimSun" bbox="505.205,98.789,515.765,109.349" colourspace="ICCBased" ncolour="[0]" size="10.560">附</text>
                <text font="JQUZDQ+SimSun" bbox="515.765,98.789,526.325,109.349" colourspace="ICCBased" ncolour="[0]" size="10.560">加</text>
                <text font="JQUZDQ+SimSun" bbox="526.085,98.789,536.645,109.349" colourspace="ICCBased" ncolour="[0]" size="10.560">险</text>
                <text font="JQUZDQ+SimSun" bbox="536.645,98.789,547.205,109.349" colourspace="ICCBased" ncolour="[0]" size="10.560">合</text>
                <text>
                </text>
            </textline>
            <textline bbox="210.485,83.192,299.770,93.752">
                <text font="JQUZDQ+SimSun" bbox="210.485,83.192,221.045,93.752" colourspace="ICCBased" ncolour="[0]" size="10.560">同</text>
                <text font="JQUZDQ+SimSun" bbox="221.045,83.192,231.605,93.752" colourspace="ICCBased" ncolour="[0]" size="10.560">约</text>
                <text font="JQUZDQ+SimSun" bbox="231.605,83.192,242.165,93.752" colourspace="ICCBased" ncolour="[0]" size="10.560">定</text>
                <text font="JQUZDQ+SimSun" bbox="242.165,83.192,252.725,93.752" colourspace="ICCBased" ncolour="[0]" size="10.560">终</text>
                <text font="JQUZDQ+SimSun" bbox="252.725,83.192,263.285,93.752" colourspace="ICCBased" ncolour="[0]" size="10.560">止</text>
                <text font="JQUZDQ+SimSun" bbox="263.045,83.192,273.605,93.752" colourspace="ICCBased" ncolour="[0]" size="10.560">时</text>
                <text font="JQUZDQ+SimSun" bbox="273.605,83.192,284.165,93.752" colourspace="ICCBased" ncolour="[0]" size="10.560">止</text>
                <text font="JQUZDQ+SimSun" bbox="284.165,83.192,294.725,93.752" colourspace="ICCBased" ncolour="[0]" size="10.560">。</text>
                <text font="JTTPDQ+SimSun" bbox="294.490,83.192,299.770,93.752" colourspace="ICCBased" ncolour="[0]" size="10.560"> </text>
                <text>
                </text>
            </textline>
            <textline bbox="210.495,67.595,215.775,78.155">
                <text font="JTTPDQ+SimSun" bbox="210.495,67.595,215.775,78.155" colourspace="ICCBased" ncolour="[0]" size="10.560"> </text>
                <text>
                </text>
            </textline>
        </textbox>
        <rect linewidth="0" bbox="210.480,784.800,210.960,785.280" />
        <rect linewidth="0" bbox="210.480,784.800,210.960,785.280" />
        <rect linewidth="0" bbox="210.960,784.800,354.240,785.280" />
        <rect linewidth="0" bbox="354.240,784.800,354.720,785.280" />
        <rect linewidth="0" bbox="354.720,784.800,546.480,785.280" />
        <rect linewidth="0" bbox="546.480,784.800,546.960,785.280" />
        <rect linewidth="0" bbox="546.480,784.800,546.960,785.280" />
        <rect linewidth="0" bbox="210.480,753.600,210.960,784.800" />
        <rect linewidth="0" bbox="546.480,753.600,546.960,784.800" />
        <rect linewidth="0" bbox="210.480,753.120,210.960,753.600" />
        <rect linewidth="0" bbox="210.960,753.120,354.240,753.600" />
        <rect linewidth="0" bbox="354.240,753.120,354.720,753.600" />
        <rect linewidth="0" bbox="354.720,753.120,546.480,753.600" />
        <rect linewidth="0" bbox="546.480,753.120,546.960,753.600" />
        <rect linewidth="0" bbox="210.480,737.520,210.960,753.120" />
        <rect linewidth="0" bbox="546.480,737.520,546.960,753.120" />
        <rect linewidth="0" bbox="210.480,737.040,210.960,737.521" />
        <rect linewidth="0" bbox="210.960,737.040,354.240,737.521" />
        <rect linewidth="0" bbox="354.240,737.040,354.720,737.521" />
        <rect linewidth="0" bbox="354.720,737.040,546.480,737.521" />
        <rect linewidth="0" bbox="546.480,737.040,546.960,737.521" />
        <rect linewidth="0" bbox="210.480,503.040,210.960,737.040" />
        <rect linewidth="0" bbox="546.480,503.040,546.960,737.040" />
        <rect linewidth="0" bbox="210.480,502.560,210.960,503.040" />
        <rect linewidth="0" bbox="210.960,502.560,354.240,503.040" />
        <rect linewidth="0" bbox="354.240,502.560,354.720,503.040" />
        <rect linewidth="0" bbox="354.720,502.560,546.480,503.040" />
        <rect linewidth="0" bbox="546.480,502.560,546.960,503.040" />
        <rect linewidth="0" bbox="210.480,486.720,210.960,502.560" />
        <rect linewidth="0" bbox="546.480,486.720,546.960,502.560" />
        <rect linewidth="0" bbox="210.480,486.240,210.960,486.720" />
        <rect linewidth="0" bbox="210.960,486.240,354.240,486.720" />
        <rect linewidth="0" bbox="354.240,486.240,354.720,486.720" />
        <rect linewidth="0" bbox="354.720,486.240,546.480,486.720" />
        <rect linewidth="0" bbox="546.480,486.240,546.960,486.720" />
        <rect linewidth="0" bbox="210.480,330.240,210.960,486.241" />
        <rect linewidth="0" bbox="546.480,330.240,546.960,486.241" />
        <rect linewidth="0" bbox="210.480,329.760,210.960,330.240" />
        <rect linewidth="0" bbox="210.960,329.760,354.240,330.240" />
        <rect linewidth="0" bbox="354.240,329.760,354.720,330.240" />
        <rect linewidth="0" bbox="354.720,329.760,546.480,330.240" />
        <rect linewidth="0" bbox="546.480,329.760,546.960,330.240" />
        <rect linewidth="0" bbox="210.480,314.160,210.960,329.760" />
        <rect linewidth="0" bbox="546.480,314.160,546.960,329.760" />
        <rect linewidth="0" bbox="210.480,313.680,210.960,314.161" />
        <rect linewidth="0" bbox="210.960,313.680,354.240,314.161" />
        <rect linewidth="0" bbox="354.240,313.680,354.720,314.161" />
        <rect linewidth="0" bbox="354.720,313.680,546.480,314.161" />
        <rect linewidth="0" bbox="546.480,313.680,546.960,314.161" />
        <rect linewidth="0" bbox="210.480,126.480,210.960,313.680" />
        <rect linewidth="0" bbox="210.480,126.000,210.960,126.480" />
        <rect linewidth="0" bbox="210.480,126.000,210.960,126.480" />
        <rect linewidth="0" bbox="210.960,126.000,354.240,126.480" />
        <rect linewidth="0" bbox="353.520,126.000,354.000,126.480" />
        <rect linewidth="0" bbox="354.000,126.000,546.480,126.480" />
        <rect linewidth="0" bbox="546.480,126.480,546.960,313.680" />
        <rect linewidth="0" bbox="546.480,126.000,546.960,126.480" />
        <rect linewidth="0" bbox="546.480,126.000,546.960,126.480" />
        <layout>
            <textgroup bbox="51.120,67.595,547.205,782.309">
                <textgroup bbox="216.000,129.060,546.480,782.309">
                    <textgroup bbox="216.000,489.269,546.480,782.309">
                        <textgroup bbox="216.000,740.069,511.680,782.309">
                            <textgroup bbox="216.000,756.152,511.680,782.309">
                                <textbox id="0" bbox="216.000,756.152,315.845,782.309" />
                                <textbox id="1" bbox="359.521,756.152,511.680,782.309" />
                            </textgroup>
                            <textbox id="2" bbox="216.000,740.069,411.120,750.629" />
                        </textgroup>
                        <textgroup bbox="216.000,489.269,546.480,734.549">
                            <textbox id="3" bbox="216.000,489.269,368.880,734.549" />
                            <textgroup bbox="359.520,521.223,546.480,734.549">
                                <textbox id="4" bbox="359.520,661.597,546.480,734.549" />
                                <textgroup bbox="359.520,521.223,535.439,656.560">
                                    <textbox id="5" bbox="380.640,646.000,438.477,656.560" />
                                    <textbox id="6" bbox="359.520,521.223,535.439,640.963" />
                                </textgroup>
                            </textgroup>
                        </textgroup>
                    </textgroup>
                    <textgroup bbox="216.000,129.060,541.471,483.770">
                        <textgroup bbox="216.000,129.060,353.998,483.749">
                            <textgroup bbox="216.000,316.709,347.282,483.749">
                                <textbox id="7" bbox="216.000,332.815,347.282,483.749" />
                                <textbox id="8" bbox="216.000,316.709,326.640,327.269" />
                            </textgroup>
                            <textbox id="9" bbox="216.000,129.060,353.998,311.189" />
                        </textgroup>
                        <textgroup bbox="359.521,129.092,541.471,483.770">
                            <textbox id="10" bbox="359.521,348.433,522.240,483.770" />
                            <textgroup bbox="359.521,129.092,541.471,311.220">
                                <textgroup bbox="359.521,191.481,541.471,311.220">
                                    <textbox id="11" bbox="359.521,269.466,541.470,311.220" />
                                    <textgroup bbox="359.521,191.481,541.471,264.429">
                                        <textgroup bbox="359.521,207.078,541.471,248.832">
                                            <textbox id="12" bbox="359.521,238.272,541.471,248.832" />
                                            <textbox id="13" bbox="359.521,207.078,541.470,217.638" />
                                        </textgroup>
                                        <textgroup bbox="380.641,191.481,438.489,264.429">
                                            <textbox id="14" bbox="380.641,253.869,417.358,264.429" />
                                            <textgroup bbox="380.641,191.481,438.489,233.235">
                                                <textbox id="15" bbox="380.641,222.675,438.478,233.235" />
                                                <textbox id="16" bbox="380.652,191.481,438.489,202.041" />
                                            </textgroup>
                                        </textgroup>
                                    </textgroup>
                                </textgroup>
                                <textgroup bbox="359.532,129.092,541.452,186.444">
                                    <textbox id="17" bbox="359.532,160.286,541.452,186.444" />
                                    <textbox id="18" bbox="359.532,129.092,511.691,155.249" />
                                </textgroup>
                            </textgroup>
                        </textgroup>
                    </textgroup>
                </textgroup>
                <textgroup bbox="51.120,67.595,547.205,126.410">
                    <textgroup bbox="51.120,67.595,144.960,123.509">
                        <textbox id="19" bbox="60.960,98.789,144.960,123.509" />
                        <textgroup bbox="51.120,67.595,102.731,123.509">
                            <textgroup bbox="51.120,67.595,56.414,123.509">
                                <textbox id="20" bbox="51.120,112.949,56.400,123.509" />
                                <textbox id="21" bbox="51.134,67.595,56.414,78.155" />
                            </textgroup>
                            <textbox id="22" bbox="97.451,67.595,102.731,78.155" />
                        </textgroup>
                    </textgroup>
                    <textgroup bbox="210.480,67.595,547.205,126.410">
                        <textbox id="23" bbox="210.480,125.930,210.720,126.410" />
                        <textbox id="24" bbox="210.481,67.595,547.205,123.509" />
                    </textgroup>
                </textgroup>
            </textgroup>
        </layout>
    </page>
    <page id="4" bbox="0.000,0.000,595.200,841.920" rotate="0">
        <textbox id="0" bbox="60.000,764.517,175.680,784.437">
            <textline bbox="60.000,764.517,175.680,784.437">
                <text font="ZTWRTK+Wingdings2" bbox="60.000,764.517,77.769,784.437" colourspace="ICCBased" ncolour="[0]" size="19.920"></text>
                <text font="ZTWRTK+Wingdings2" bbox="77.760,764.517,97.680,784.437" colourspace="ICCBased" ncolour="[0]" size="19.920"> </text>
                <text font="JQUZDQ+SimSun" bbox="97.440,767.460,109.440,779.460" colourspace="ICCBased" ncolour="[0]" size="12.000">我</text>
                <text font="JQUZDQ+SimSun" bbox="109.440,767.460,121.440,779.460" colourspace="ICCBased" ncolour="[0]" size="12.000">们</text>
                <text font="JQUZDQ+SimSun" bbox="121.680,767.460,133.680,779.460" colourspace="ICCBased" ncolour="[0]" size="12.000">不</text>
                <text font="JQUZDQ+SimSun" bbox="133.680,767.460,145.680,779.460" colourspace="ICCBased" ncolour="[0]" size="12.000">保</text>
                <text font="JQUZDQ+SimSun" bbox="145.680,767.460,157.680,779.460" colourspace="ICCBased" ncolour="[0]" size="12.000">什</text>
                <text font="JQUZDQ+SimSun" bbox="157.680,767.460,169.680,779.460" colourspace="ICCBased" ncolour="[0]" size="12.000">么</text>
                <text font="JTTPDQ+SimSun" bbox="169.680,767.460,175.680,779.460" colourspace="ICCBased" ncolour="[0]" size="12.000"> </text>
                <text>
                </text>
            </textline>
        </textbox>
        <textbox id="1" bbox="97.436,731.189,722.160,759.300">
            <textline bbox="97.440,746.208,722.160,759.300">
                <text font="ERELLA+STXinwei" bbox="97.440,746.208,109.440,758.208" colourspace="ICCBased" ncolour="[0]" size="12.000">这</text>
                <text font="ERELLA+STXinwei" bbox="109.440,746.208,121.440,758.208" colourspace="ICCBased" ncolour="[0]" size="12.000">部</text>
                <text font="ERELLA+STXinwei" bbox="121.440,746.208,133.440,758.208" colourspace="ICCBased" ncolour="[0]" size="12.000">分</text>
                <text font="ERELLA+STXinwei" bbox="133.440,746.208,145.440,758.208" colourspace="ICCBased" ncolour="[0]" size="12.000">讲</text>
                <text font="ERELLA+STXinwei" bbox="145.440,746.208,157.440,758.208" colourspace="ICCBased" ncolour="[0]" size="12.000">的</text>
                <text font="ERELLA+STXinwei" bbox="157.440,746.208,169.440,758.208" colourspace="ICCBased" ncolour="[0]" size="12.000">是</text>
                <text font="ERELLA+STXinwei" bbox="169.440,746.208,181.440,758.208" colourspace="ICCBased" ncolour="[0]" size="12.000">我</text>
                <text font="ERELLA+STXinwei" bbox="181.440,746.208,193.440,758.208" colourspace="ICCBased" ncolour="[0]" size="12.000">们</text>
                <text font="ERELLA+STXinwei" bbox="193.440,746.208,205.440,758.208" colourspace="ICCBased" ncolour="[0]" size="12.000">不</text>
                <text font="ERELLA+STXinwei" bbox="205.440,746.208,217.440,758.208" colourspace="ICCBased" ncolour="[0]" size="12.000">承</text>
                <text font="ERELLA+STXinwei" bbox="217.440,746.208,229.440,758.208" colourspace="ICCBased" ncolour="[0]" size="12.000">担</text>
                <text font="ERELLA+STXinwei" bbox="229.440,746.208,241.440,758.208" colourspace="ICCBased" ncolour="[0]" size="12.000">保</text>
                <text font="ERELLA+STXinwei" bbox="241.440,746.208,253.440,758.208" colourspace="ICCBased" ncolour="[0]" size="12.000">险</text>
                <text font="ERELLA+STXinwei" bbox="253.440,746.208,265.440,758.208" colourspace="ICCBased" ncolour="[0]" size="12.000">责</text>
                <text font="ERELLA+STXinwei" bbox="265.440,746.208,277.440,758.208" colourspace="ICCBased" ncolour="[0]" size="12.000">任</text>
                <text font="ERELLA+STXinwei" bbox="277.440,746.208,289.440,758.208" colourspace="ICCBased" ncolour="[0]" size="12.000">的</text>
                <text font="ERELLA+STXinwei" bbox="289.440,746.208,301.440,758.208" colourspace="ICCBased" ncolour="[0]" size="12.000">情</text>
                <text font="ERELLA+STXinwei" bbox="301.440,746.208,313.440,758.208" colourspace="ICCBased" ncolour="[0]" size="12.000">况</text>
                <text font="ERELLA+STXinwei" bbox="313.440,746.208,325.440,758.208" colourspace="ICCBased" ncolour="[0]" size="12.000">。</text>
                <text font="JTTPDQ+SimSun" bbox="325.440,747.300,331.440,759.300" colourspace="ICCBased" ncolour="[0]" size="12.000"> </text>
                <text font="JTTPDQ+SimSun" bbox="331.440,747.300,337.440,759.300" colourspace="ICCBased" ncolour="[0]" size="12.000"> </text>
                <text font="JTTPDQ+SimSun" bbox="337.440,747.300,343.440,759.300" colourspace="ICCBased" ncolour="[0]" size="12.000"> </text>
                <text font="JTTPDQ+SimSun" bbox="343.440,747.300,349.440,759.300" colourspace="ICCBased" ncolour="[0]" size="12.000"> </text>
                <text font="JTTPDQ+SimSun" bbox="349.440,747.300,355.440,759.300" colourspace="ICCBased" ncolour="[0]" size="12.000"> </text>
                <text font="JTTPDQ+SimSun" bbox="355.440,747.300,361.440,759.300" colourspace="ICCBased" ncolour="[0]" size="12.000"> </text>
                <text font="JTTPDQ+SimSun" bbox="361.440,747.300,367.440,759.300" colourspace="ICCBased" ncolour="[0]" size="12.000"> </text>
                <text font="JTTPDQ+SimSun" bbox="367.680,747.300,373.680,759.300" colourspace="ICCBased" ncolour="[0]" size="12.000"> </text>
                <text font="JTTPDQ+SimSun" bbox="373.680,747.300,379.680,759.300" colourspace="ICCBased" ncolour="[0]" size="12.000"> </text>
                <text font="JTTPDQ+SimSun" bbox="379.680,747.300,385.680,759.300" colourspace="ICCBased" ncolour="[0]" size="12.000"> </text>
                <text font="JTTPDQ+SimSun" bbox="385.680,747.300,391.680,759.300" colourspace="ICCBased" ncolour="[0]" size="12.000"> </text>
                <text font="JTTPDQ+SimSun" bbox="391.680,747.300,397.680,759.300" colourspace="ICCBased" ncolour="[0]" size="12.000"> </text>
                <text font="JTTPDQ+SimSun" bbox="397.680,747.300,403.680,759.300" colourspace="ICCBased" ncolour="[0]" size="12.000"> </text>
                <text font="JTTPDQ+SimSun" bbox="403.680,747.300,409.680,759.300" colourspace="ICCBased" ncolour="[0]" size="12.000"> </text>
                <text font="JTTPDQ+SimSun" bbox="409.680,747.300,415.680,759.300" colourspace="ICCBased" ncolour="[0]" size="12.000"> </text>
                <text font="JTTPDQ+SimSun" bbox="415.680,747.300,421.680,759.300" colourspace="ICCBased" ncolour="[0]" size="12.000"> </text>
                <text font="JTTPDQ+SimSun" bbox="421.680,747.300,427.680,759.300" colourspace="ICCBased" ncolour="[0]" size="12.000"> </text>
                <text font="JTTPDQ+SimSun" bbox="427.680,747.300,433.680,759.300" colourspace="ICCBased" ncolour="[0]" size="12.000"> </text>
                <text font="JTTPDQ+SimSun" bbox="433.920,747.300,439.920,759.300" colourspace="ICCBased" ncolour="[0]" size="12.000"> </text>
                <text font="JTTPDQ+SimSun" bbox="439.920,747.300,445.920,759.300" colourspace="ICCBased" ncolour="[0]" size="12.000"> </text>
                <text font="JTTPDQ+SimSun" bbox="445.920,747.300,451.920,759.300" colourspace="ICCBased" ncolour="[0]" size="12.000"> </text>
                <text font="JTTPDQ+SimSun" bbox="451.920,747.300,457.920,759.300" colourspace="ICCBased" ncolour="[0]" size="12.000"> </text>
                <text font="JTTPDQ+SimSun" bbox="457.920,747.300,463.920,759.300" colourspace="ICCBased" ncolour="[0]" size="12.000"> </text>
                <text font="JTTPDQ+SimSun" bbox="463.920,747.300,469.920,759.300" colourspace="ICCBased" ncolour="[0]" size="12.000"> </text>
                <text font="JTTPDQ+SimSun" bbox="469.920,747.300,475.920,759.300" colourspace="ICCBased" ncolour="[0]" size="12.000"> </text>
                <text font="JTTPDQ+SimSun" bbox="475.920,747.300,481.920,759.300" colourspace="ICCBased" ncolour="[0]" size="12.000"> </text>
                <text font="JTTPDQ+SimSun" bbox="481.920,747.300,487.920,759.300" colourspace="ICCBased" ncolour="[0]" size="12.000"> </text>
                <text font="JTTPDQ+SimSun" bbox="487.920,747.300,493.920,759.300" colourspace="ICCBased" ncolour="[0]" size="12.000"> </text>
                <text font="JTTPDQ+SimSun" bbox="494.160,747.300,500.160,759.300" colourspace="ICCBased" ncolour="[0]" size="12.000"> </text>
                <text font="JTTPDQ+SimSun" bbox="500.160,747.300,506.160,759.300" colourspace="ICCBased" ncolour="[0]" size="12.000"> </text>
                <text font="JTTPDQ+SimSun" bbox="506.160,747.300,512.160,759.300" colourspace="ICCBased" ncolour="[0]" size="12.000"> </text>
                <text font="JTTPDQ+SimSun" bbox="512.160,747.300,518.160,759.300" colourspace="ICCBased" ncolour="[0]" size="12.000"> </text>
                <text font="JTTPDQ+SimSun" bbox="518.160,747.300,524.160,759.300" colourspace="ICCBased" ncolour="[0]" size="12.000"> </text>
                <text font="JTTPDQ+SimSun" bbox="524.160,747.300,530.160,759.300" colourspace="ICCBased" ncolour="[0]" size="12.000"> </text>
                <text font="JTTPDQ+SimSun" bbox="530.160,747.300,536.160,759.300" colourspace="ICCBased" ncolour="[0]" size="12.000"> </text>
                <text font="JTTPDQ+SimSun" bbox="536.160,747.300,542.160,759.300" colourspace="ICCBased" ncolour="[0]" size="12.000"> </text>
                <text font="JTTPDQ+SimSun" bbox="542.160,747.300,548.160,759.300" colourspace="ICCBased" ncolour="[0]" size="12.000"> </text>
                <text font="JTTPDQ+SimSun" bbox="548.160,747.300,554.160,759.300" colourspace="ICCBased" ncolour="[0]" size="12.000"> </text>
                <text font="JTTPDQ+SimSun" bbox="554.160,747.300,560.160,759.300" colourspace="ICCBased" ncolour="[0]" size="12.000"> </text>
                <text font="JTTPDQ+SimSun" bbox="560.400,747.300,566.400,759.300" colourspace="ICCBased" ncolour="[0]" size="12.000"> </text>
                <text font="JTTPDQ+SimSun" bbox="566.400,747.300,572.400,759.300" colourspace="ICCBased" ncolour="[0]" size="12.000"> </text>
                <text font="JTTPDQ+SimSun" bbox="572.400,747.300,578.400,759.300" colourspace="ICCBased" ncolour="[0]" size="12.000"> </text>
                <text font="JTTPDQ+SimSun" bbox="578.400,747.300,584.400,759.300" colourspace="ICCBased" ncolour="[0]" size="12.000"> </text>
                <text font="JTTPDQ+SimSun" bbox="584.400,747.300,590.400,759.300" colourspace="ICCBased" ncolour="[0]" size="12.000"> </text>
                <text font="JTTPDQ+SimSun" bbox="590.400,747.300,596.400,759.300" colourspace="ICCBased" ncolour="[0]" size="12.000"> </text>
                <text font="JTTPDQ+SimSun" bbox="596.400,747.300,602.400,759.300" colourspace="ICCBased" ncolour="[0]" size="12.000"> </text>
                <text font="JTTPDQ+SimSun" bbox="602.400,747.300,608.400,759.300" colourspace="ICCBased" ncolour="[0]" size="12.000"> </text>
                <text font="JTTPDQ+SimSun" bbox="608.640,747.300,614.640,759.300" colourspace="ICCBased" ncolour="[0]" size="12.000"> </text>
                <text font="JTTPDQ+SimSun" bbox="614.640,747.300,620.640,759.300" colourspace="ICCBased" ncolour="[0]" size="12.000"> </text>
                <text font="JTTPDQ+SimSun" bbox="620.640,747.300,626.640,759.300" colourspace="ICCBased" ncolour="[0]" size="12.000"> </text>
                <text font="JTTPDQ+SimSun" bbox="626.640,747.300,632.640,759.300" colourspace="ICCBased" ncolour="[0]" size="12.000"> </text>
                <text font="JTTPDQ+SimSun" bbox="632.640,747.300,638.640,759.300" colourspace="ICCBased" ncolour="[0]" size="12.000"> </text>
                <text font="JTTPDQ+SimSun" bbox="638.640,747.300,644.640,759.300" colourspace="ICCBased" ncolour="[0]" size="12.000"> </text>
                <text font="JTTPDQ+SimSun" bbox="644.640,747.300,650.640,759.300" colourspace="ICCBased" ncolour="[0]" size="12.000"> </text>
                <text font="JTTPDQ+SimSun" bbox="650.640,747.300,656.640,759.300" colourspace="ICCBased" ncolour="[0]" size="12.000"> </text>
                <text font="JTTPDQ+SimSun" bbox="656.640,747.300,662.640,759.300" colourspace="ICCBased" ncolour="[0]" size="12.000"> </text>
                <text font="JTTPDQ+SimSun" bbox="662.640,747.300,668.640,759.300" colourspace="ICCBased" ncolour="[0]" size="12.000"> </text>
                <text font="JTTPDQ+SimSun" bbox="668.640,747.300,674.640,759.300" colourspace="ICCBased" ncolour="[0]" size="12.000"> </text>
                <text font="JTTPDQ+SimSun" bbox="674.880,747.300,680.880,759.300" colourspace="ICCBased" ncolour="[0]" size="12.000"> </text>
                <text font="JTTPDQ+SimSun" bbox="680.880,747.300,686.880,759.300" colourspace="ICCBased" ncolour="[0]" size="12.000"> </text>
                <text font="JTTPDQ+SimSun" bbox="686.880,747.300,692.880,759.300" colourspace="ICCBased" ncolour="[0]" size="12.000"> </text>
                <text font="JTTPDQ+SimSun" bbox="692.880,747.300,698.880,759.300" colourspace="ICCBased" ncolour="[0]" size="12.000"> </text>
                <text font="JTTPDQ+SimSun" bbox="698.880,747.300,704.880,759.300" colourspace="ICCBased" ncolour="[0]" size="12.000"> </text>
                <text font="JTTPDQ+SimSun" bbox="704.880,747.300,710.880,759.300" colourspace="ICCBased" ncolour="[0]" size="12.000"> </text>
                <text font="JTTPDQ+SimSun" bbox="710.880,747.300,716.880,759.300" colourspace="ICCBased" ncolour="[0]" size="12.000"> </text>
                <text font="JTTPDQ+SimSun" bbox="716.880,747.509,722.160,758.069" colourspace="ICCBased" ncolour="[0]" size="10.560"> </text>
                <text>
                </text>
            </textline>
            <textline bbox="97.436,731.189,102.716,741.749">
                <text font="JTTPDQ+SimSun" bbox="97.436,731.189,102.716,741.749" colourspace="ICCBased" ncolour="[0]" size="10.560"> </text>
                <text>
                </text>
            </textline>
        </textbox>
        <textbox id="2" bbox="210.481,731.189,215.761,741.749">
            <textline bbox="210.481,731.189,215.761,741.749">
                <text font="JTTPDQ+SimSun" bbox="210.481,731.189,215.761,741.749" colourspace="ICCBased" ncolour="[0]" size="10.560"> </text>
                <text>
                </text>
            </textline>
        </textbox>
        <textbox id="3" bbox="51.120,731.189,56.400,741.749">
            <textline bbox="51.120,731.189,56.400,741.749">
                <text font="JTTPDQ+SimSun" bbox="51.120,731.189,56.400,741.749" colourspace="ICCBased" ncolour="[0]" size="10.560"> </text>
                <text>
                </text>
            </textline>
        </textbox>
        <textbox id="4" bbox="60.960,715.109,519.120,725.669">
            <textline bbox="60.960,715.109,519.120,725.669">
                <text font="JTTPDQ+SimSun" bbox="60.960,715.109,66.240,725.669" colourspace="ICCBased" ncolour="[0]" size="10.560">2</text>
                <text font="JTTPDQ+SimSun" bbox="66.240,715.109,71.520,725.669" colourspace="ICCBased" ncolour="[0]" size="10.560">.</text>
                <text font="JTTPDQ+SimSun" bbox="71.520,715.109,76.800,725.669" colourspace="ICCBased" ncolour="[0]" size="10.560">1</text>
                <text font="JTTPDQ+SimSun" bbox="76.800,715.109,82.080,725.669" colourspace="ICCBased" ncolour="[0]" size="10.560"> </text>
                <text> </text>
                <text font="JQUZDQ+SimSun" bbox="97.440,715.109,108.000,725.669" colourspace="ICCBased" ncolour="[0]" size="10.560">责</text>
                <text font="JQUZDQ+SimSun" bbox="108.000,715.109,118.560,725.669" colourspace="ICCBased" ncolour="[0]" size="10.560">任</text>
                <text font="JQUZDQ+SimSun" bbox="118.560,715.109,129.120,725.669" colourspace="ICCBased" ncolour="[0]" size="10.560">免</text>
                <text font="JQUZDQ+SimSun" bbox="129.120,715.109,139.680,725.669" colourspace="ICCBased" ncolour="[0]" size="10.560">除</text>
                <text font="JTTPDQ+SimSun" bbox="139.680,715.109,144.960,725.669" colourspace="ICCBased" ncolour="[0]" size="10.560"> </text>
                <text font="JTTPDQ+SimSun" bbox="144.960,715.109,150.240,725.669" colourspace="ICCBased" ncolour="[0]" size="10.560"> </text>
                <text font="JTTPDQ+SimSun" bbox="150.240,715.109,155.520,725.669" colourspace="ICCBased" ncolour="[0]" size="10.560"> </text>
                <text font="JTTPDQ+SimSun" bbox="155.520,715.109,160.800,725.669" colourspace="ICCBased" ncolour="[0]" size="10.560"> </text>
                <text font="JTTPDQ+SimSun" bbox="160.800,715.109,166.080,725.669" colourspace="ICCBased" ncolour="[0]" size="10.560"> </text>
                <text font="JTTPDQ+SimSun" bbox="166.080,715.109,171.360,725.669" colourspace="ICCBased" ncolour="[0]" size="10.560"> </text>
                <text font="JTTPDQ+SimSun" bbox="171.360,715.109,176.640,725.669" colourspace="ICCBased" ncolour="[0]" size="10.560"> </text>
                <text font="JTTPDQ+SimSun" bbox="176.640,715.109,181.920,725.669" colourspace="ICCBased" ncolour="[0]" size="10.560"> </text>
                <text font="JTTPDQ+SimSun" bbox="181.920,715.109,187.200,725.669" colourspace="ICCBased" ncolour="[0]" size="10.560"> </text>
                <text font="JTTPDQ+SimSun" bbox="187.200,715.109,192.480,725.669" colourspace="ICCBased" ncolour="[0]" size="10.560"> </text>
                <text font="JTTPDQ+SimSun" bbox="192.480,715.109,197.760,725.669" colourspace="ICCBased" ncolour="[0]" size="10.560"> </text>
                <text font="JTTPDQ+SimSun" bbox="197.760,715.109,203.040,725.669" colourspace="ICCBased" ncolour="[0]" size="10.560"> </text>
                <text font="JTTPDQ+SimSun" bbox="203.040,715.109,208.320,725.669" colourspace="ICCBased" ncolour="[0]" size="10.560"> </text>
                <text font="JTTPDQ+SimSun" bbox="208.320,715.109,213.600,725.669" colourspace="ICCBased" ncolour="[0]" size="10.560"> </text>
                <text font="JTTPDQ+SimSun" bbox="213.600,715.109,218.880,725.669" colourspace="ICCBased" ncolour="[0]" size="10.560"> </text>
                <text font="JTTPDQ+SimSun" bbox="218.880,715.109,224.160,725.669" colourspace="ICCBased" ncolour="[0]" size="10.560"> </text>
                <text font="JTTPDQ+SimSun" bbox="224.160,715.109,229.440,725.669" colourspace="ICCBased" ncolour="[0]" size="10.560"> </text>
                <text font="JTTPDQ+SimSun" bbox="229.440,715.109,234.720,725.669" colourspace="ICCBased" ncolour="[0]" size="10.560"> </text>
                <text font="JTTPDQ+SimSun" bbox="234.720,715.109,240.000,725.669" colourspace="ICCBased" ncolour="[0]" size="10.560"> </text>
                <text font="JTTPDQ+SimSun" bbox="240.000,715.109,245.280,725.669" colourspace="ICCBased" ncolour="[0]" size="10.560"> </text>
                <text font="JTTPDQ+SimSun" bbox="245.280,715.109,250.560,725.669" colourspace="ICCBased" ncolour="[0]" size="10.560"> </text>
                <text font="JTTPDQ+SimSun" bbox="250.560,715.109,255.840,725.669" colourspace="ICCBased" ncolour="[0]" size="10.560"> </text>
                <text font="JTTPDQ+SimSun" bbox="255.840,715.109,261.120,725.669" colourspace="ICCBased" ncolour="[0]" size="10.560"> </text>
                <text font="JTTPDQ+SimSun" bbox="261.120,715.109,266.400,725.669" colourspace="ICCBased" ncolour="[0]" size="10.560"> </text>
                <text font="JTTPDQ+SimSun" bbox="266.400,715.109,271.680,725.669" colourspace="ICCBased" ncolour="[0]" size="10.560"> </text>
                <text font="JTTPDQ+SimSun" bbox="271.680,715.109,276.960,725.669" colourspace="ICCBased" ncolour="[0]" size="10.560"> </text>
                <text font="JTTPDQ+SimSun" bbox="276.720,715.109,282.000,725.669" colourspace="ICCBased" ncolour="[0]" size="10.560"> </text>
                <text font="JTTPDQ+SimSun" bbox="282.000,715.109,287.280,725.669" colourspace="ICCBased" ncolour="[0]" size="10.560"> </text>
                <text font="JTTPDQ+SimSun" bbox="287.280,715.109,292.560,725.669" colourspace="ICCBased" ncolour="[0]" size="10.560"> </text>
                <text font="JTTPDQ+SimSun" bbox="292.560,715.109,297.840,725.669" colourspace="ICCBased" ncolour="[0]" size="10.560"> </text>
                <text font="JTTPDQ+SimSun" bbox="297.840,715.109,303.120,725.669" colourspace="ICCBased" ncolour="[0]" size="10.560"> </text>
                <text font="JTTPDQ+SimSun" bbox="303.120,715.109,308.400,725.669" colourspace="ICCBased" ncolour="[0]" size="10.560"> </text>
                <text font="JTTPDQ+SimSun" bbox="308.400,715.109,313.680,725.669" colourspace="ICCBased" ncolour="[0]" size="10.560"> </text>
                <text font="JTTPDQ+SimSun" bbox="313.680,715.109,318.960,725.669" colourspace="ICCBased" ncolour="[0]" size="10.560"> </text>
                <text font="JTTPDQ+SimSun" bbox="318.960,715.109,324.240,725.669" colourspace="ICCBased" ncolour="[0]" size="10.560"> </text>
                <text font="JTTPDQ+SimSun" bbox="324.240,715.109,329.520,725.669" colourspace="ICCBased" ncolour="[0]" size="10.560"> </text>
                <text font="JTTPDQ+SimSun" bbox="329.520,715.109,334.800,725.669" colourspace="ICCBased" ncolour="[0]" size="10.560"> </text>
                <text font="JTTPDQ+SimSun" bbox="334.800,715.109,340.080,725.669" colourspace="ICCBased" ncolour="[0]" size="10.560"> </text>
                <text font="JTTPDQ+SimSun" bbox="339.841,715.109,345.121,725.669" colourspace="ICCBased" ncolour="[0]" size="10.560"> </text>
                <text font="JTTPDQ+SimSun" bbox="345.121,715.109,350.401,725.669" colourspace="ICCBased" ncolour="[0]" size="10.560"> </text>
                <text font="JTTPDQ+SimSun" bbox="350.401,715.109,355.681,725.669" colourspace="ICCBased" ncolour="[0]" size="10.560"> </text>
                <text font="JTTPDQ+SimSun" bbox="355.681,715.109,360.961,725.669" colourspace="ICCBased" ncolour="[0]" size="10.560"> </text>
                <text font="JTTPDQ+SimSun" bbox="360.961,715.109,366.241,725.669" colourspace="ICCBased" ncolour="[0]" size="10.560"> </text>
                <text font="JTTPDQ+SimSun" bbox="366.241,715.109,371.521,725.669" colourspace="ICCBased" ncolour="[0]" size="10.560"> </text>
                <text font="JTTPDQ+SimSun" bbox="371.521,715.109,376.801,725.669" colourspace="ICCBased" ncolour="[0]" size="10.560"> </text>
                <text font="JTTPDQ+SimSun" bbox="376.801,715.109,382.081,725.669" colourspace="ICCBased" ncolour="[0]" size="10.560"> </text>
                <text font="JTTPDQ+SimSun" bbox="382.081,715.109,387.361,725.669" colourspace="ICCBased" ncolour="[0]" size="10.560"> </text>
                <text font="JTTPDQ+SimSun" bbox="387.361,715.109,392.641,725.669" colourspace="ICCBased" ncolour="[0]" size="10.560"> </text>
                <text font="JTTPDQ+SimSun" bbox="392.641,715.109,397.921,725.669" colourspace="ICCBased" ncolour="[0]" size="10.560"> </text>
                <text font="JTTPDQ+SimSun" bbox="397.921,715.109,403.201,725.669" colourspace="ICCBased" ncolour="[0]" size="10.560"> </text>
                <text font="JTTPDQ+SimSun" bbox="403.201,715.109,408.481,725.669" colourspace="ICCBased" ncolour="[0]" size="10.560"> </text>
                <text font="JTTPDQ+SimSun" bbox="408.481,715.109,413.761,725.669" colourspace="ICCBased" ncolour="[0]" size="10.560"> </text>
                <text font="JTTPDQ+SimSun" bbox="413.761,715.109,419.041,725.669" colourspace="ICCBased" ncolour="[0]" size="10.560"> </text>
                <text font="JTTPDQ+SimSun" bbox="419.041,715.109,424.321,725.669" colourspace="ICCBased" ncolour="[0]" size="10.560"> </text>
                <text font="JTTPDQ+SimSun" bbox="424.321,715.109,429.601,725.669" colourspace="ICCBased" ncolour="[0]" size="10.560"> </text>
                <text font="JTTPDQ+SimSun" bbox="429.601,715.109,434.881,725.669" colourspace="ICCBased" ncolour="[0]" size="10.560"> </text>
                <text font="JTTPDQ+SimSun" bbox="434.881,715.109,440.161,725.669" colourspace="ICCBased" ncolour="[0]" size="10.560"> </text>
                <text font="JTTPDQ+SimSun" bbox="440.161,715.109,445.441,725.669" colourspace="ICCBased" ncolour="[0]" size="10.560"> </text>
                <text font="JTTPDQ+SimSun" bbox="445.441,715.109,450.721,725.669" colourspace="ICCBased" ncolour="[0]" size="10.560"> </text>
                <text font="JTTPDQ+SimSun" bbox="450.721,715.109,456.001,725.669" colourspace="ICCBased" ncolour="[0]" size="10.560"> </text>
                <text font="JTTPDQ+SimSun" bbox="456.001,715.109,461.281,725.669" colourspace="ICCBased" ncolour="[0]" size="10.560"> </text>
                <text font="JTTPDQ+SimSun" bbox="461.281,715.109,466.561,725.669" colourspace="ICCBased" ncolour="[0]" size="10.560"> </text>
                <text font="JTTPDQ+SimSun" bbox="466.561,715.109,471.841,725.669" colourspace="ICCBased" ncolour="[0]" size="10.560"> </text>
                <text font="JTTPDQ+SimSun" bbox="471.841,715.109,477.121,725.669" colourspace="ICCBased" ncolour="[0]" size="10.560"> </text>
                <text font="JTTPDQ+SimSun" bbox="477.121,715.109,482.401,725.669" colourspace="ICCBased" ncolour="[0]" size="10.560"> </text>
                <text font="JTTPDQ+SimSun" bbox="482.401,715.109,487.681,725.669" colourspace="ICCBased" ncolour="[0]" size="10.560"> </text>
                <text font="JTTPDQ+SimSun" bbox="487.681,715.109,492.961,725.669" colourspace="ICCBased" ncolour="[0]" size="10.560"> </text>
                <text font="JTTPDQ+SimSun" bbox="492.961,715.109,498.241,725.669" colourspace="ICCBased" ncolour="[0]" size="10.560"> </text>
                <text font="JTTPDQ+SimSun" bbox="498.241,715.109,503.521,725.669" colourspace="ICCBased" ncolour="[0]" size="10.560"> </text>
                <text font="JTTPDQ+SimSun" bbox="503.521,715.109,508.801,725.669" colourspace="ICCBased" ncolour="[0]" size="10.560"> </text>
                <text font="JTTPDQ+SimSun" bbox="508.801,715.109,514.081,725.669" colourspace="ICCBased" ncolour="[0]" size="10.560"> </text>
                <text font="JTTPDQ+SimSun" bbox="513.840,715.109,519.120,725.669" colourspace="ICCBased" ncolour="[0]" size="10.560"> </text>
                <text>
                </text>
            </textline>
        </textbox>
        <textbox id="5" bbox="210.480,621.393,552.720,725.669">
            <textline bbox="210.480,715.109,547.200,725.669">
                <text font="JQUZDQ+SimSun" bbox="210.480,715.109,221.040,725.669" colourspace="ICCBased" ncolour="[0]" size="10.560">因</text>
                <text font="JQUZDQ+SimSun" bbox="221.040,715.109,231.600,725.669" colourspace="ICCBased" ncolour="[0]" size="10.560">下</text>
                <text font="JQUZDQ+SimSun" bbox="231.600,715.109,242.160,725.669" colourspace="ICCBased" ncolour="[0]" size="10.560">列</text>
                <text font="JQUZDQ+SimSun" bbox="242.160,715.109,252.720,725.669" colourspace="ICCBased" ncolour="[0]" size="10.560">情</text>
                <text font="JQUZDQ+SimSun" bbox="252.720,715.109,263.280,725.669" colourspace="ICCBased" ncolour="[0]" size="10.560">形</text>
                <text font="JQUZDQ+SimSun" bbox="263.280,715.109,273.840,725.669" colourspace="ICCBased" ncolour="[0]" size="10.560">之</text>
                <text font="JQUZDQ+SimSun" bbox="273.840,715.109,284.400,725.669" colourspace="ICCBased" ncolour="[0]" size="10.560">一</text>
                <text font="JQUZDQ+SimSun" bbox="284.160,715.109,294.720,725.669" colourspace="ICCBased" ncolour="[0]" size="10.560">导</text>
                <text font="JQUZDQ+SimSun" bbox="294.720,715.109,305.280,725.669" colourspace="ICCBased" ncolour="[0]" size="10.560">致</text>
                <text font="JQUZDQ+SimSun" bbox="305.280,715.109,315.840,725.669" colourspace="ICCBased" ncolour="[0]" size="10.560">被</text>
                <text font="JQUZDQ+SimSun" bbox="315.840,715.109,326.400,725.669" colourspace="ICCBased" ncolour="[0]" size="10.560">保</text>
                <text font="JQUZDQ+SimSun" bbox="326.400,715.109,336.960,725.669" colourspace="ICCBased" ncolour="[0]" size="10.560">险</text>
                <text font="JQUZDQ+SimSun" bbox="336.960,715.109,347.520,725.669" colourspace="ICCBased" ncolour="[0]" size="10.560">人</text>
                <text font="JQUZDQ+SimSun" bbox="347.280,715.109,357.840,725.669" colourspace="ICCBased" ncolour="[0]" size="10.560">初</text>
                <text font="JQUZDQ+SimSun" bbox="357.840,715.109,368.400,725.669" colourspace="ICCBased" ncolour="[0]" size="10.560">次</text>
                <text font="JQUZDQ+SimSun" bbox="368.400,715.109,378.960,725.669" colourspace="ICCBased" ncolour="[0]" size="10.560">发</text>
                <text font="JQUZDQ+SimSun" bbox="378.960,715.109,389.520,725.669" colourspace="ICCBased" ncolour="[0]" size="10.560">生</text>
                <text font="JQUZDQ+SimSun" bbox="389.520,715.109,400.080,725.669" colourspace="ICCBased" ncolour="[0]" size="10.560">“</text>
                <text font="JQUZDQ+SimSun" bbox="399.840,715.109,410.400,725.669" colourspace="ICCBased" ncolour="[0]" size="10.560">重</text>
                <text font="JQUZDQ+SimSun" bbox="410.400,715.109,420.960,725.669" colourspace="ICCBased" ncolour="[0]" size="10.560">大</text>
                <text font="JQUZDQ+SimSun" bbox="420.960,715.109,431.520,725.669" colourspace="ICCBased" ncolour="[0]" size="10.560">疾</text>
                <text font="JQUZDQ+SimSun" bbox="431.520,715.109,442.080,725.669" colourspace="ICCBased" ncolour="[0]" size="10.560">病</text>
                <text font="JQUZDQ+SimSun" bbox="442.080,715.109,452.640,725.669" colourspace="ICCBased" ncolour="[0]" size="10.560">”</text>
                <text font="JQUZDQ+SimSun" bbox="452.400,715.109,462.960,725.669" colourspace="ICCBased" ncolour="[0]" size="10.560">的</text>
                <text font="JQUZDQ+SimSun" bbox="462.960,715.109,473.520,725.669" colourspace="ICCBased" ncolour="[0]" size="10.560">，</text>
                <text font="JQUZDQ+SimSun" bbox="473.520,715.109,484.080,725.669" colourspace="ICCBased" ncolour="[0]" size="10.560">我</text>
                <text font="JQUZDQ+SimSun" bbox="484.080,715.109,494.640,725.669" colourspace="ICCBased" ncolour="[0]" size="10.560">们</text>
                <text font="JQUZDQ+SimSun" bbox="494.640,715.109,505.200,725.669" colourspace="ICCBased" ncolour="[0]" size="10.560">不</text>
                <text font="JQUZDQ+SimSun" bbox="505.200,715.109,515.760,725.669" colourspace="ICCBased" ncolour="[0]" size="10.560">承</text>
                <text font="JQUZDQ+SimSun" bbox="515.760,715.109,526.320,725.669" colourspace="ICCBased" ncolour="[0]" size="10.560">担</text>
                <text font="JQUZDQ+SimSun" bbox="526.080,715.109,536.640,725.669" colourspace="ICCBased" ncolour="[0]" size="10.560">给</text>
                <text font="JQUZDQ+SimSun" bbox="536.640,715.109,547.200,725.669" colourspace="ICCBased" ncolour="[0]" size="10.560">付</text>
                <text>
                </text>
            </textline>
            <textline bbox="210.480,699.509,289.200,710.069">
                <text font="JQUZDQ+SimSun" bbox="210.480,699.509,221.040,710.069" colourspace="ICCBased" ncolour="[0]" size="10.560">保</text>
                <text font="JQUZDQ+SimSun" bbox="221.040,699.509,231.600,710.069" colourspace="ICCBased" ncolour="[0]" size="10.560">险</text>
                <text font="JQUZDQ+SimSun" bbox="231.600,699.509,242.160,710.069" colourspace="ICCBased" ncolour="[0]" size="10.560">金</text>
                <text font="JQUZDQ+SimSun" bbox="242.160,699.509,252.720,710.069" colourspace="ICCBased" ncolour="[0]" size="10.560">的</text>
                <text font="JQUZDQ+SimSun" bbox="252.720,699.509,263.280,710.069" colourspace="ICCBased" ncolour="[0]" size="10.560">责</text>
                <text font="JQUZDQ+SimSun" bbox="263.040,699.509,273.600,710.069" colourspace="ICCBased" ncolour="[0]" size="10.560">任</text>
                <text font="JQUZDQ+SimSun" bbox="273.600,699.509,284.160,710.069" colourspace="ICCBased" ncolour="[0]" size="10.560">：</text>
                <text font="JTTPDQ+SimSun" bbox="283.920,699.509,289.200,710.069" colourspace="ICCBased" ncolour="[0]" size="10.560"> </text>
                <text>
                </text>
            </textline>
            <textline bbox="210.480,683.909,441.364,694.469">
                <text font="JQUZDQ+SimSun" bbox="210.480,683.909,221.040,694.469" colourspace="ICCBased" ncolour="[0]" size="10.560">（</text>
                <text font="JTTPDQ+SimSun" bbox="221.040,683.909,226.320,694.469" colourspace="ICCBased" ncolour="[0]" size="10.560">1</text>
                <text font="JQUZDQ+SimSun" bbox="226.320,683.909,236.880,694.469" colourspace="ICCBased" ncolour="[0]" size="10.560">）</text>
                <text font="JQUZDQ+SimSun" bbox="236.880,683.909,247.440,694.469" colourspace="ICCBased" ncolour="[0]" size="10.560">投</text>
                <text font="JQUZDQ+SimSun" bbox="247.440,683.909,258.000,694.469" colourspace="ICCBased" ncolour="[0]" size="10.560">保</text>
                <text font="JQUZDQ+SimSun" bbox="258.000,683.909,268.560,694.469" colourspace="ICCBased" ncolour="[0]" size="10.560">人</text>
                <text font="JQUZDQ+SimSun" bbox="268.320,683.909,278.880,694.469" colourspace="ICCBased" ncolour="[0]" size="10.560">对</text>
                <text font="JQUZDQ+SimSun" bbox="278.880,683.909,289.440,694.469" colourspace="ICCBased" ncolour="[0]" size="10.560">被</text>
                <text font="JQUZDQ+SimSun" bbox="289.440,683.909,300.000,694.469" colourspace="ICCBased" ncolour="[0]" size="10.560">保</text>
                <text font="JQUZDQ+SimSun" bbox="300.000,683.909,310.560,694.469" colourspace="ICCBased" ncolour="[0]" size="10.560">险</text>
                <text font="JQUZDQ+SimSun" bbox="310.320,683.909,320.880,694.469" colourspace="ICCBased" ncolour="[0]" size="10.560">人</text>
                <text font="JQUZDQ+SimSun" bbox="320.880,683.909,331.440,694.469" colourspace="ICCBased" ncolour="[0]" size="10.560">的</text>
                <text font="JQUZDQ+SimSun" bbox="331.440,683.909,342.000,694.469" colourspace="ICCBased" ncolour="[0]" size="10.560">故</text>
                <text font="JQUZDQ+SimSun" bbox="342.000,683.909,352.560,694.469" colourspace="ICCBased" ncolour="[0]" size="10.560">意</text>
                <text font="JQUZDQ+SimSun" bbox="352.320,683.909,362.880,694.469" colourspace="ICCBased" ncolour="[0]" size="10.560">杀</text>
                <text font="JQUZDQ+SimSun" bbox="362.880,683.909,373.440,694.469" colourspace="ICCBased" ncolour="[0]" size="10.560">害</text>
                <text font="JQUZDQ+SimSun" bbox="373.440,683.909,384.000,694.469" colourspace="ICCBased" ncolour="[0]" size="10.560">、</text>
                <text font="JQUZDQ+SimSun" bbox="384.000,683.909,394.560,694.469" colourspace="ICCBased" ncolour="[0]" size="10.560">故</text>
                <text font="JQUZDQ+SimSun" bbox="394.320,683.909,404.880,694.469" colourspace="ICCBased" ncolour="[0]" size="10.560">意</text>
                <text font="JQUZDQ+SimSun" bbox="404.880,683.909,415.440,694.469" colourspace="ICCBased" ncolour="[0]" size="10.560">伤</text>
                <text font="JQUZDQ+SimSun" bbox="415.440,683.909,426.000,694.469" colourspace="ICCBased" ncolour="[0]" size="10.560">害</text>
                <text font="JQUZDQ+SimSun" bbox="425.760,683.909,436.320,694.469" colourspace="ICCBased" ncolour="[0]" size="10.560">；</text>
                <text font="JTTPDQ+SimSun" bbox="436.084,683.909,441.364,694.469" colourspace="ICCBased" ncolour="[0]" size="10.560"> </text>
                <text>
                </text>
            </textline>
            <textline bbox="210.480,668.309,546.478,678.869">
                <text font="JQUZDQ+SimSun" bbox="210.480,668.309,221.040,678.869" colourspace="ICCBased" ncolour="[0]" size="10.560">（</text>
                <text font="JTTPDQ+SimSun" bbox="221.040,668.309,226.320,678.869" colourspace="ICCBased" ncolour="[0]" size="10.560">2</text>
                <text font="JQUZDQ+SimSun" bbox="226.320,668.309,236.880,678.869" colourspace="ICCBased" ncolour="[0]" size="10.560">）</text>
                <text font="JQUZDQ+SimSun" bbox="236.880,668.309,247.440,678.869" colourspace="ICCBased" ncolour="[0]" size="10.560">被</text>
                <text font="JQUZDQ+SimSun" bbox="247.440,668.309,258.000,678.869" colourspace="ICCBased" ncolour="[0]" size="10.560">保</text>
                <text font="JQUZDQ+SimSun" bbox="258.000,668.309,268.560,678.869" colourspace="ICCBased" ncolour="[0]" size="10.560">险</text>
                <text font="JQUZDQ+SimSun" bbox="268.320,668.309,278.880,678.869" colourspace="ICCBased" ncolour="[0]" size="10.560">人</text>
                <text font="JQUZDQ+SimSun" bbox="278.880,668.309,289.440,678.869" colourspace="ICCBased" ncolour="[0]" size="10.560">故</text>
                <text font="JQUZDQ+SimSun" bbox="289.440,668.309,300.000,678.869" colourspace="ICCBased" ncolour="[0]" size="10.560">意</text>
                <text font="JQUZDQ+SimSun" bbox="300.000,668.309,310.560,678.869" colourspace="ICCBased" ncolour="[0]" size="10.560">自</text>
                <text font="JQUZDQ+SimSun" bbox="310.320,668.309,320.880,678.869" colourspace="ICCBased" ncolour="[0]" size="10.560">伤</text>
                <text font="JQUZDQ+SimSun" bbox="320.880,668.309,331.440,678.869" colourspace="ICCBased" ncolour="[0]" size="10.560">、</text>
                <text font="JQUZDQ+SimSun" bbox="331.440,668.309,342.000,678.869" colourspace="ICCBased" ncolour="[0]" size="10.560">故</text>
                <text font="JQUZDQ+SimSun" bbox="342.000,668.309,352.560,678.869" colourspace="ICCBased" ncolour="[0]" size="10.560">意</text>
                <text font="JQUZDQ+SimSun" bbox="352.320,668.309,362.880,678.869" colourspace="ICCBased" ncolour="[0]" size="10.560">犯</text>
                <text font="JQUZDQ+SimSun" bbox="362.880,668.309,373.440,678.869" colourspace="ICCBased" ncolour="[0]" size="10.560">罪</text>
                <text font="JQUZDQ+SimSun" bbox="373.440,668.309,384.000,678.869" colourspace="ICCBased" ncolour="[0]" size="10.560">或</text>
                <text font="JQUZDQ+SimSun" bbox="384.000,668.309,394.560,678.869" colourspace="ICCBased" ncolour="[0]" size="10.560">者</text>
                <text font="JQUZDQ+SimSun" bbox="394.320,668.309,404.880,678.869" colourspace="ICCBased" ncolour="[0]" size="10.560">抗</text>
                <text font="JQUZDQ+SimSun" bbox="404.880,668.309,415.440,678.869" colourspace="ICCBased" ncolour="[0]" size="10.560">拒</text>
                <text font="JQUZDQ+SimSun" bbox="415.440,668.309,426.000,678.869" colourspace="ICCBased" ncolour="[0]" size="10.560">依</text>
                <text font="JQUZDQ+SimSun" bbox="425.760,668.309,436.320,678.869" colourspace="ICCBased" ncolour="[0]" size="10.560">法</text>
                <text font="JQUZDQ+SimSun" bbox="436.320,668.309,446.880,678.869" colourspace="ICCBased" ncolour="[0]" size="10.560">采</text>
                <text font="JQUZDQ+SimSun" bbox="446.640,668.309,457.200,678.869" colourspace="ICCBased" ncolour="[0]" size="10.560">取</text>
                <text font="JQUZDQ+SimSun" bbox="457.200,668.309,467.760,678.869" colourspace="ICCBased" ncolour="[0]" size="10.560">的</text>
                <text font="JQUZDQ+SimSun" bbox="467.760,668.309,478.320,678.869" colourspace="ICCBased" ncolour="[0]" size="10.560">刑</text>
                <text font="JQUZDQ+SimSun" bbox="478.320,668.309,488.880,678.869" colourspace="ICCBased" ncolour="[0]" size="10.560">事</text>
                <text font="JQUZDQ+SimSun" bbox="488.880,668.309,499.440,678.869" colourspace="ICCBased" ncolour="[0]" size="10.560">强</text>
                <text font="JQUZDQ+SimSun" bbox="499.200,668.309,509.760,678.869" colourspace="ICCBased" ncolour="[0]" size="10.560">制</text>
                <text font="JQUZDQ+SimSun" bbox="509.760,668.309,520.320,678.869" colourspace="ICCBased" ncolour="[0]" size="10.560">措</text>
                <text font="JQUZDQ+SimSun" bbox="520.320,668.309,530.880,678.869" colourspace="ICCBased" ncolour="[0]" size="10.560">施</text>
                <text font="JQUZDQ+SimSun" bbox="530.880,668.309,541.440,678.869" colourspace="ICCBased" ncolour="[0]" size="10.560">；</text>
                <text font="JTTPDQ+SimSun" bbox="541.198,668.309,546.478,678.869" colourspace="ICCBased" ncolour="[0]" size="10.560"> </text>
                <text>
                </text>
            </textline>
            <textline bbox="210.480,652.593,395.280,664.419">
                <text font="JQUZDQ+SimSun" bbox="210.480,652.709,221.040,663.269" colourspace="ICCBased" ncolour="[0]" size="10.560">（</text>
                <text font="JTTPDQ+SimSun" bbox="221.040,652.709,226.320,663.269" colourspace="ICCBased" ncolour="[0]" size="10.560">3</text>
                <text font="JQUZDQ+SimSun" bbox="226.320,652.709,236.880,663.269" colourspace="ICCBased" ncolour="[0]" size="10.560">）</text>
                <text font="JQUZDQ+SimSun" bbox="236.880,652.709,247.440,663.269" colourspace="ICCBased" ncolour="[0]" size="10.560">被</text>
                <text font="JQUZDQ+SimSun" bbox="247.440,652.709,258.000,663.269" colourspace="ICCBased" ncolour="[0]" size="10.560">保</text>
                <text font="JQUZDQ+SimSun" bbox="258.000,652.709,268.560,663.269" colourspace="ICCBased" ncolour="[0]" size="10.560">险</text>
                <text font="JQUZDQ+SimSun" bbox="268.320,652.709,278.880,663.269" colourspace="ICCBased" ncolour="[0]" size="10.560">人</text>
                <text font="JQUZDQ+SimSun" bbox="278.880,652.709,289.440,663.269" colourspace="ICCBased" ncolour="[0]" size="10.560">主</text>
                <text font="JQUZDQ+SimSun" bbox="289.440,652.709,300.000,663.269" colourspace="ICCBased" ncolour="[0]" size="10.560">动</text>
                <text font="JQUZDQ+SimSun" bbox="300.000,652.709,310.560,663.269" colourspace="ICCBased" ncolour="[0]" size="10.560">吸</text>
                <text font="JQUZDQ+SimSun" bbox="310.320,652.709,320.880,663.269" colourspace="ICCBased" ncolour="[0]" size="10.560">食</text>
                <text font="JQUZDQ+SimSun" bbox="320.880,652.709,331.440,663.269" colourspace="ICCBased" ncolour="[0]" size="10.560">或</text>
                <text font="JQUZDQ+SimSun" bbox="331.440,652.709,342.000,663.269" colourspace="ICCBased" ncolour="[0]" size="10.560">注</text>
                <text font="JQUZDQ+SimSun" bbox="342.000,652.709,352.560,663.269" colourspace="ICCBased" ncolour="[0]" size="10.560">射</text>
                <text font="JRNKDQ+SimHei" bbox="352.320,652.593,362.880,663.153" colourspace="ICCBased" ncolour="[0]" size="10.560">毒</text>
                <text font="JRNKDQ+SimHei" bbox="362.880,652.593,373.440,663.153" colourspace="ICCBased" ncolour="[0]" size="10.560">品</text>
                <text> </text>
                <text font="TTLNNW+SimHei" bbox="376.320,658.899,379.080,664.419" colourspace="ICCBased" ncolour="[0]" size="5.520">4</text>
                <text font="JQUZDQ+SimSun" bbox="379.440,652.709,390.000,663.269" colourspace="ICCBased" ncolour="[0]" size="10.560">；</text>
                <text font="JTTPDQ+SimSun" bbox="390.000,652.709,395.280,663.269" colourspace="ICCBased" ncolour="[0]" size="10.560"> </text>
                <text>
                </text>
            </textline>
            <textline bbox="210.480,636.993,380.880,648.819">
                <text font="JQUZDQ+SimSun" bbox="210.480,637.109,221.040,647.669" colourspace="ICCBased" ncolour="[0]" size="10.560">（</text>
                <text font="JTTPDQ+SimSun" bbox="221.040,637.109,226.320,647.669" colourspace="ICCBased" ncolour="[0]" size="10.560">4</text>
                <text font="JQUZDQ+SimSun" bbox="226.320,637.109,236.880,647.669" colourspace="ICCBased" ncolour="[0]" size="10.560">）</text>
                <text font="JQUZDQ+SimSun" bbox="236.880,637.109,247.440,647.669" colourspace="ICCBased" ncolour="[0]" size="10.560">被</text>
                <text font="JQUZDQ+SimSun" bbox="247.440,637.109,258.000,647.669" colourspace="ICCBased" ncolour="[0]" size="10.560">保</text>
                <text font="JQUZDQ+SimSun" bbox="258.000,637.109,268.560,647.669" colourspace="ICCBased" ncolour="[0]" size="10.560">险</text>
                <text font="JQUZDQ+SimSun" bbox="268.320,637.109,278.880,647.669" colourspace="ICCBased" ncolour="[0]" size="10.560">人</text>
                <text font="JRNKDQ+SimHei" bbox="278.640,636.993,289.200,647.553" colourspace="ICCBased" ncolour="[0]" size="10.560">酒</text>
                <text font="JRNKDQ+SimHei" bbox="289.200,636.993,299.760,647.553" colourspace="ICCBased" ncolour="[0]" size="10.560">后</text>
                <text font="JRNKDQ+SimHei" bbox="299.760,636.993,310.320,647.553" colourspace="ICCBased" ncolour="[0]" size="10.560">驾</text>
                <text font="JRNKDQ+SimHei" bbox="310.320,636.993,320.880,647.553" colourspace="ICCBased" ncolour="[0]" size="10.560">驶</text>
                <text> </text>
                <text font="TTLNNW+SimHei" bbox="324.000,643.299,326.760,648.819" colourspace="ICCBased" ncolour="[0]" size="5.520">5</text>
                <text font="JRNKDQ+SimHei" bbox="327.120,636.993,337.680,647.553" colourspace="ICCBased" ncolour="[0]" size="10.560">机</text>
                <text font="JRNKDQ+SimHei" bbox="337.680,636.993,348.240,647.553" colourspace="ICCBased" ncolour="[0]" size="10.560">动</text>
                <text font="JRNKDQ+SimHei" bbox="348.240,636.993,358.800,647.553" colourspace="ICCBased" ncolour="[0]" size="10.560">车</text>
                <text> </text>
                <text font="TTLNNW+SimHei" bbox="361.920,643.299,364.680,648.819" colourspace="ICCBased" ncolour="[0]" size="5.520">6</text>
                <text font="JQUZDQ+SimSun" bbox="365.040,637.109,375.600,647.669" colourspace="ICCBased" ncolour="[0]" size="10.560">；</text>
                <text font="JTTPDQ+SimSun" bbox="375.600,637.109,380.880,647.669" colourspace="ICCBased" ncolour="[0]" size="10.560"> </text>
                <text>
                </text>
            </textline>
            <textline bbox="210.480,621.393,552.720,633.219">
                <text font="JQUZDQ+SimSun" bbox="210.480,621.509,221.040,632.069" colourspace="ICCBased" ncolour="[0]" size="10.560">（</text>
                <text font="JTTPDQ+SimSun" bbox="221.040,621.509,226.320,632.069" colourspace="ICCBased" ncolour="[0]" size="10.560">5</text>
                <text font="JQUZDQ+SimSun" bbox="226.320,621.509,236.880,632.069" colourspace="ICCBased" ncolour="[0]" size="10.560">）</text>
                <text font="JQUZDQ+SimSun" bbox="234.958,621.509,245.518,632.069" colourspace="ICCBased" ncolour="[0]" size="10.560">被</text>
                <text font="JQUZDQ+SimSun" bbox="245.518,621.509,256.078,632.069" colourspace="ICCBased" ncolour="[0]" size="10.560">保</text>
                <text font="JQUZDQ+SimSun" bbox="255.838,621.509,266.398,632.069" colourspace="ICCBased" ncolour="[0]" size="10.560">险</text>
                <text font="JQUZDQ+SimSun" bbox="266.398,621.509,276.958,632.069" colourspace="ICCBased" ncolour="[0]" size="10.560">人</text>
                <text font="JRNKDQ+SimHei" bbox="276.720,621.393,287.280,631.953" colourspace="ICCBased" ncolour="[0]" size="10.560">感</text>
                <text font="JRNKDQ+SimHei" bbox="287.280,621.393,297.840,631.953" colourspace="ICCBased" ncolour="[0]" size="10.560">染</text>
                <text font="JRNKDQ+SimHei" bbox="297.840,621.393,308.400,631.953" colourspace="ICCBased" ncolour="[0]" size="10.560">艾</text>
                <text font="JRNKDQ+SimHei" bbox="308.400,621.393,318.960,631.953" colourspace="ICCBased" ncolour="[0]" size="10.560">滋</text>
                <text font="JRNKDQ+SimHei" bbox="318.960,621.393,329.520,631.953" colourspace="ICCBased" ncolour="[0]" size="10.560">病</text>
                <text font="JRNKDQ+SimHei" bbox="329.520,621.393,340.080,631.953" colourspace="ICCBased" ncolour="[0]" size="10.560">病</text>
                <text font="JRNKDQ+SimHei" bbox="340.080,621.393,350.640,631.953" colourspace="ICCBased" ncolour="[0]" size="10.560">毒</text>
                <text font="JRNKDQ+SimHei" bbox="350.640,621.393,361.200,631.953" colourspace="ICCBased" ncolour="[0]" size="10.560">或</text>
                <text font="JRNKDQ+SimHei" bbox="361.200,621.393,371.760,631.953" colourspace="ICCBased" ncolour="[0]" size="10.560">患</text>
                <text font="JRNKDQ+SimHei" bbox="371.760,621.393,382.320,631.953" colourspace="ICCBased" ncolour="[0]" size="10.560">艾</text>
                <text font="JRNKDQ+SimHei" bbox="382.320,621.393,392.880,631.953" colourspace="ICCBased" ncolour="[0]" size="10.560">滋</text>
                <text font="JRNKDQ+SimHei" bbox="392.880,621.393,403.440,631.953" colourspace="ICCBased" ncolour="[0]" size="10.560">病</text>
                <text> </text>
                <text font="TTLNNW+SimHei" bbox="406.320,627.699,409.080,633.219" colourspace="ICCBased" ncolour="[0]" size="5.520">7</text>
                <text font="JQUZDQ+SimSun" bbox="407.520,621.509,418.080,632.069" colourspace="ICCBased" ncolour="[0]" size="10.560">（</text>
                <text font="JQUZDQ+SimSun" bbox="418.080,621.509,428.640,632.069" colourspace="ICCBased" ncolour="[0]" size="10.560">不</text>
                <text font="JQUZDQ+SimSun" bbox="428.640,621.509,439.200,632.069" colourspace="ICCBased" ncolour="[0]" size="10.560">包</text>
                <text font="JQUZDQ+SimSun" bbox="439.200,621.509,449.760,632.069" colourspace="ICCBased" ncolour="[0]" size="10.560">括</text>
                <text font="JQUZDQ+SimSun" bbox="449.520,621.509,460.080,632.069" colourspace="ICCBased" ncolour="[0]" size="10.560">经</text>
                <text font="JQUZDQ+SimSun" bbox="460.080,621.509,470.640,632.069" colourspace="ICCBased" ncolour="[0]" size="10.560">输</text>
                <text font="JQUZDQ+SimSun" bbox="470.640,621.509,481.200,632.069" colourspace="ICCBased" ncolour="[0]" size="10.560">血</text>
                <text font="JQUZDQ+SimSun" bbox="481.200,621.509,491.760,632.069" colourspace="ICCBased" ncolour="[0]" size="10.560">、</text>
                <text font="JQUZDQ+SimSun" bbox="489.840,621.509,500.400,632.069" colourspace="ICCBased" ncolour="[0]" size="10.560">因</text>
                <text font="JQUZDQ+SimSun" bbox="500.160,621.509,510.720,632.069" colourspace="ICCBased" ncolour="[0]" size="10.560">职</text>
                <text font="JQUZDQ+SimSun" bbox="510.720,621.509,521.280,632.069" colourspace="ICCBased" ncolour="[0]" size="10.560">业</text>
                <text font="JQUZDQ+SimSun" bbox="521.280,621.509,531.840,632.069" colourspace="ICCBased" ncolour="[0]" size="10.560">关</text>
                <text font="JQUZDQ+SimSun" bbox="531.600,621.509,542.160,632.069" colourspace="ICCBased" ncolour="[0]" size="10.560">系</text>
                <text font="JQUZDQ+SimSun" bbox="542.160,621.509,552.720,632.069" colourspace="ICCBased" ncolour="[0]" size="10.560">、</text>
                <text>
                </text>
            </textline>
        </textbox>
        <textbox id="6" bbox="235.680,605.909,456.240,616.469">
            <textline bbox="235.680,605.909,456.240,616.469">
                <text font="JQUZDQ+SimSun" bbox="235.680,605.909,246.240,616.469" colourspace="ICCBased" ncolour="[0]" size="10.560">器</text>
                <text font="JQUZDQ+SimSun" bbox="246.240,605.909,256.800,616.469" colourspace="ICCBased" ncolour="[0]" size="10.560">官</text>
                <text font="JQUZDQ+SimSun" bbox="256.800,605.909,267.360,616.469" colourspace="ICCBased" ncolour="[0]" size="10.560">移</text>
                <text font="JQUZDQ+SimSun" bbox="267.360,605.909,277.920,616.469" colourspace="ICCBased" ncolour="[0]" size="10.560">植</text>
                <text font="JQUZDQ+SimSun" bbox="277.920,605.909,288.480,616.469" colourspace="ICCBased" ncolour="[0]" size="10.560">导</text>
                <text font="JQUZDQ+SimSun" bbox="288.240,605.909,298.800,616.469" colourspace="ICCBased" ncolour="[0]" size="10.560">致</text>
                <text font="JQUZDQ+SimSun" bbox="298.800,605.909,309.360,616.469" colourspace="ICCBased" ncolour="[0]" size="10.560">的</text>
                <text font="JQUZDQ+SimSun" bbox="309.360,605.909,319.920,616.469" colourspace="ICCBased" ncolour="[0]" size="10.560">艾</text>
                <text font="JQUZDQ+SimSun" bbox="319.920,605.909,330.480,616.469" colourspace="ICCBased" ncolour="[0]" size="10.560">滋</text>
                <text font="JQUZDQ+SimSun" bbox="330.240,605.909,340.800,616.469" colourspace="ICCBased" ncolour="[0]" size="10.560">病</text>
                <text font="JQUZDQ+SimSun" bbox="340.800,605.909,351.360,616.469" colourspace="ICCBased" ncolour="[0]" size="10.560">病</text>
                <text font="JQUZDQ+SimSun" bbox="351.360,605.909,361.920,616.469" colourspace="ICCBased" ncolour="[0]" size="10.560">毒</text>
                <text font="JQUZDQ+SimSun" bbox="361.920,605.909,372.480,616.469" colourspace="ICCBased" ncolour="[0]" size="10.560">感</text>
                <text font="JQUZDQ+SimSun" bbox="372.240,605.909,382.800,616.469" colourspace="ICCBased" ncolour="[0]" size="10.560">染</text>
                <text font="JQUZDQ+SimSun" bbox="382.800,605.909,393.360,616.469" colourspace="ICCBased" ncolour="[0]" size="10.560">或</text>
                <text font="JQUZDQ+SimSun" bbox="393.360,605.909,403.920,616.469" colourspace="ICCBased" ncolour="[0]" size="10.560">患</text>
                <text font="JQUZDQ+SimSun" bbox="403.920,605.909,414.480,616.469" colourspace="ICCBased" ncolour="[0]" size="10.560">艾</text>
                <text font="JQUZDQ+SimSun" bbox="414.240,605.909,424.800,616.469" colourspace="ICCBased" ncolour="[0]" size="10.560">滋</text>
                <text font="JQUZDQ+SimSun" bbox="424.800,605.909,435.360,616.469" colourspace="ICCBased" ncolour="[0]" size="10.560">病</text>
                <text font="JQUZDQ+SimSun" bbox="435.360,605.909,445.920,616.469" colourspace="ICCBased" ncolour="[0]" size="10.560">）</text>
                <text font="JQUZDQ+SimSun" bbox="440.639,605.909,451.199,616.469" colourspace="ICCBased" ncolour="[0]" size="10.560">；</text>
                <text font="JTTPDQ+SimSun" bbox="450.960,605.909,456.240,616.469" colourspace="ICCBased" ncolour="[0]" size="10.560"> </text>
                <text>
                </text>
            </textline>
        </textbox>
        <textbox id="7" bbox="210.480,481.112,547.200,600.869">
            <textline bbox="210.480,590.309,409.916,600.869">
                <text font="JQUZDQ+SimSun" bbox="210.480,590.309,221.040,600.869" colourspace="ICCBased" ncolour="[0]" size="10.560">（</text>
                <text font="JTTPDQ+SimSun" bbox="221.040,590.309,226.320,600.869" colourspace="ICCBased" ncolour="[0]" size="10.560">6</text>
                <text font="JQUZDQ+SimSun" bbox="226.320,590.309,236.880,600.869" colourspace="ICCBased" ncolour="[0]" size="10.560">）</text>
                <text font="JQUZDQ+SimSun" bbox="236.880,590.309,247.440,600.869" colourspace="ICCBased" ncolour="[0]" size="10.560">战</text>
                <text font="JQUZDQ+SimSun" bbox="247.440,590.309,258.000,600.869" colourspace="ICCBased" ncolour="[0]" size="10.560">争</text>
                <text font="JQUZDQ+SimSun" bbox="258.000,590.309,268.560,600.869" colourspace="ICCBased" ncolour="[0]" size="10.560">、</text>
                <text font="JQUZDQ+SimSun" bbox="268.320,590.309,278.880,600.869" colourspace="ICCBased" ncolour="[0]" size="10.560">军</text>
                <text font="JQUZDQ+SimSun" bbox="278.880,590.309,289.440,600.869" colourspace="ICCBased" ncolour="[0]" size="10.560">事</text>
                <text font="JQUZDQ+SimSun" bbox="289.440,590.309,300.000,600.869" colourspace="ICCBased" ncolour="[0]" size="10.560">冲</text>
                <text font="JQUZDQ+SimSun" bbox="300.000,590.309,310.560,600.869" colourspace="ICCBased" ncolour="[0]" size="10.560">突</text>
                <text font="JQUZDQ+SimSun" bbox="310.320,590.309,320.880,600.869" colourspace="ICCBased" ncolour="[0]" size="10.560">、</text>
                <text font="JQUZDQ+SimSun" bbox="320.880,590.309,331.440,600.869" colourspace="ICCBased" ncolour="[0]" size="10.560">暴</text>
                <text font="JQUZDQ+SimSun" bbox="331.440,590.309,342.000,600.869" colourspace="ICCBased" ncolour="[0]" size="10.560">乱</text>
                <text font="JQUZDQ+SimSun" bbox="342.000,590.309,352.560,600.869" colourspace="ICCBased" ncolour="[0]" size="10.560">或</text>
                <text font="JQUZDQ+SimSun" bbox="352.320,590.309,362.880,600.869" colourspace="ICCBased" ncolour="[0]" size="10.560">武</text>
                <text font="JQUZDQ+SimSun" bbox="362.880,590.309,373.440,600.869" colourspace="ICCBased" ncolour="[0]" size="10.560">装</text>
                <text font="JQUZDQ+SimSun" bbox="373.440,590.309,384.000,600.869" colourspace="ICCBased" ncolour="[0]" size="10.560">叛</text>
                <text font="JQUZDQ+SimSun" bbox="384.000,590.309,394.560,600.869" colourspace="ICCBased" ncolour="[0]" size="10.560">乱</text>
                <text font="JQUZDQ+SimSun" bbox="394.320,590.309,404.880,600.869" colourspace="ICCBased" ncolour="[0]" size="10.560">；</text>
                <text font="JTTPDQ+SimSun" bbox="404.636,590.309,409.916,600.869" colourspace="ICCBased" ncolour="[0]" size="10.560"> </text>
                <text>
                </text>
            </textline>
            <textline bbox="210.480,574.709,367.919,585.269">
                <text font="JQUZDQ+SimSun" bbox="210.480,574.709,221.040,585.269" colourspace="ICCBased" ncolour="[0]" size="10.560">（</text>
                <text font="JTTPDQ+SimSun" bbox="221.040,574.709,226.320,585.269" colourspace="ICCBased" ncolour="[0]" size="10.560">7</text>
                <text font="JQUZDQ+SimSun" bbox="226.320,574.709,236.880,585.269" colourspace="ICCBased" ncolour="[0]" size="10.560">）</text>
                <text font="JQUZDQ+SimSun" bbox="236.880,574.709,247.440,585.269" colourspace="ICCBased" ncolour="[0]" size="10.560">核</text>
                <text font="JQUZDQ+SimSun" bbox="247.440,574.709,258.000,585.269" colourspace="ICCBased" ncolour="[0]" size="10.560">爆</text>
                <text font="JQUZDQ+SimSun" bbox="258.000,574.709,268.560,585.269" colourspace="ICCBased" ncolour="[0]" size="10.560">炸</text>
                <text font="JQUZDQ+SimSun" bbox="268.320,574.709,278.880,585.269" colourspace="ICCBased" ncolour="[0]" size="10.560">、</text>
                <text font="JQUZDQ+SimSun" bbox="278.880,574.709,289.440,585.269" colourspace="ICCBased" ncolour="[0]" size="10.560">核</text>
                <text font="JQUZDQ+SimSun" bbox="289.440,574.709,300.000,585.269" colourspace="ICCBased" ncolour="[0]" size="10.560">辐</text>
                <text font="JQUZDQ+SimSun" bbox="300.000,574.709,310.560,585.269" colourspace="ICCBased" ncolour="[0]" size="10.560">射</text>
                <text font="JQUZDQ+SimSun" bbox="310.320,574.709,320.880,585.269" colourspace="ICCBased" ncolour="[0]" size="10.560">或</text>
                <text font="JQUZDQ+SimSun" bbox="320.880,574.709,331.440,585.269" colourspace="ICCBased" ncolour="[0]" size="10.560">核</text>
                <text font="JQUZDQ+SimSun" bbox="331.440,574.709,342.000,585.269" colourspace="ICCBased" ncolour="[0]" size="10.560">污</text>
                <text font="JQUZDQ+SimSun" bbox="342.000,574.709,352.560,585.269" colourspace="ICCBased" ncolour="[0]" size="10.560">染</text>
                <text font="JQUZDQ+SimSun" bbox="352.320,574.709,362.880,585.269" colourspace="ICCBased" ncolour="[0]" size="10.560">；</text>
                <text font="JTTPDQ+SimSun" bbox="362.639,574.709,367.919,585.269" colourspace="ICCBased" ncolour="[0]" size="10.560"> </text>
                <text>
                </text>
            </textline>
            <textline bbox="210.480,558.993,475.920,570.819">
                <text font="JQUZDQ+SimSun" bbox="210.480,559.109,221.040,569.669" colourspace="ICCBased" ncolour="[0]" size="10.560">（</text>
                <text font="JTTPDQ+SimSun" bbox="221.040,559.109,226.320,569.669" colourspace="ICCBased" ncolour="[0]" size="10.560">8</text>
                <text font="JQUZDQ+SimSun" bbox="226.320,559.109,236.880,569.669" colourspace="ICCBased" ncolour="[0]" size="10.560">）</text>
                <text font="JRNKDQ+SimHei" bbox="236.640,558.993,247.200,569.553" colourspace="ICCBased" ncolour="[0]" size="10.560">遗</text>
                <text font="JRNKDQ+SimHei" bbox="247.200,558.993,257.760,569.553" colourspace="ICCBased" ncolour="[0]" size="10.560">传</text>
                <text font="JRNKDQ+SimHei" bbox="257.760,558.993,268.320,569.553" colourspace="ICCBased" ncolour="[0]" size="10.560">性</text>
                <text font="JRNKDQ+SimHei" bbox="268.320,558.993,278.880,569.553" colourspace="ICCBased" ncolour="[0]" size="10.560">疾</text>
                <text font="JRNKDQ+SimHei" bbox="278.880,558.993,289.440,569.553" colourspace="ICCBased" ncolour="[0]" size="10.560">病</text>
                <text> </text>
                <text font="TTLNNW+SimHei" bbox="292.560,565.299,295.320,570.819" colourspace="ICCBased" ncolour="[0]" size="5.520">8</text>
                <text font="JQUZDQ+SimSun" bbox="295.680,559.109,306.240,569.669" colourspace="ICCBased" ncolour="[0]" size="10.560">，</text>
                <text font="JRNKDQ+SimHei" bbox="306.240,558.993,316.800,569.553" colourspace="ICCBased" ncolour="[0]" size="10.560">先</text>
                <text font="JRNKDQ+SimHei" bbox="316.800,558.993,327.360,569.553" colourspace="ICCBased" ncolour="[0]" size="10.560">天</text>
                <text font="JRNKDQ+SimHei" bbox="327.360,558.993,337.920,569.553" colourspace="ICCBased" ncolour="[0]" size="10.560">性</text>
                <text font="JRNKDQ+SimHei" bbox="337.920,558.993,348.480,569.553" colourspace="ICCBased" ncolour="[0]" size="10.560">畸</text>
                <text font="JRNKDQ+SimHei" bbox="348.480,558.993,359.040,569.553" colourspace="ICCBased" ncolour="[0]" size="10.560">形</text>
                <text font="JRNKDQ+SimHei" bbox="359.040,558.993,369.600,569.553" colourspace="ICCBased" ncolour="[0]" size="10.560">、</text>
                <text font="JRNKDQ+SimHei" bbox="369.600,558.993,380.160,569.553" colourspace="ICCBased" ncolour="[0]" size="10.560">变</text>
                <text font="JRNKDQ+SimHei" bbox="380.160,558.993,390.720,569.553" colourspace="ICCBased" ncolour="[0]" size="10.560">形</text>
                <text font="JRNKDQ+SimHei" bbox="390.720,558.993,401.280,569.553" colourspace="ICCBased" ncolour="[0]" size="10.560">或</text>
                <text font="JRNKDQ+SimHei" bbox="401.280,558.993,411.840,569.553" colourspace="ICCBased" ncolour="[0]" size="10.560">染</text>
                <text font="JRNKDQ+SimHei" bbox="411.840,558.993,422.400,569.553" colourspace="ICCBased" ncolour="[0]" size="10.560">色</text>
                <text font="JRNKDQ+SimHei" bbox="422.400,558.993,432.960,569.553" colourspace="ICCBased" ncolour="[0]" size="10.560">体</text>
                <text font="JRNKDQ+SimHei" bbox="432.960,558.993,443.520,569.553" colourspace="ICCBased" ncolour="[0]" size="10.560">异</text>
                <text font="JRNKDQ+SimHei" bbox="443.520,558.993,454.080,569.553" colourspace="ICCBased" ncolour="[0]" size="10.560">常</text>
                <text> </text>
                <text font="TTLNNW+SimHei" bbox="456.960,565.299,459.720,570.819" colourspace="ICCBased" ncolour="[0]" size="5.520">9</text>
                <text font="JQUZDQ+SimSun" bbox="460.080,559.109,470.640,569.669" colourspace="ICCBased" ncolour="[0]" size="10.560">。</text>
                <text font="JTTPDQ+SimSun" bbox="470.640,559.109,475.920,569.669" colourspace="ICCBased" ncolour="[0]" size="10.560"> </text>
                <text>
                </text>
            </textline>
            <textline bbox="210.480,543.509,547.200,554.069">
                <text font="JQUZDQ+SimSun" bbox="210.480,543.509,221.040,554.069" colourspace="ICCBased" ncolour="[0]" size="10.560">发</text>
                <text font="JQUZDQ+SimSun" bbox="221.040,543.509,231.600,554.069" colourspace="ICCBased" ncolour="[0]" size="10.560">生</text>
                <text font="JQUZDQ+SimSun" bbox="231.600,543.509,242.160,554.069" colourspace="ICCBased" ncolour="[0]" size="10.560">上</text>
                <text font="JQUZDQ+SimSun" bbox="242.160,543.509,252.720,554.069" colourspace="ICCBased" ncolour="[0]" size="10.560">述</text>
                <text font="JQUZDQ+SimSun" bbox="252.720,543.509,263.280,554.069" colourspace="ICCBased" ncolour="[0]" size="10.560">第</text>
                <text font="JQUZDQ+SimSun" bbox="262.320,543.509,272.880,554.069" colourspace="ICCBased" ncolour="[0]" size="10.560">（</text>
                <text font="JTTPDQ+SimSun" bbox="272.640,543.509,277.920,554.069" colourspace="ICCBased" ncolour="[0]" size="10.560">1</text>
                <text font="JQUZDQ+SimSun" bbox="277.920,543.509,288.480,554.069" colourspace="ICCBased" ncolour="[0]" size="10.560">）</text>
                <text font="JQUZDQ+SimSun" bbox="287.520,543.509,298.080,554.069" colourspace="ICCBased" ncolour="[0]" size="10.560">项</text>
                <text font="JQUZDQ+SimSun" bbox="298.080,543.509,308.640,554.069" colourspace="ICCBased" ncolour="[0]" size="10.560">情</text>
                <text font="JQUZDQ+SimSun" bbox="308.400,543.509,318.960,554.069" colourspace="ICCBased" ncolour="[0]" size="10.560">形</text>
                <text font="JQUZDQ+SimSun" bbox="318.960,543.509,329.520,554.069" colourspace="ICCBased" ncolour="[0]" size="10.560">导</text>
                <text font="JQUZDQ+SimSun" bbox="329.520,543.509,340.080,554.069" colourspace="ICCBased" ncolour="[0]" size="10.560">致</text>
                <text font="JQUZDQ+SimSun" bbox="340.080,543.509,350.640,554.069" colourspace="ICCBased" ncolour="[0]" size="10.560">被</text>
                <text font="JQUZDQ+SimSun" bbox="350.400,543.509,360.960,554.069" colourspace="ICCBased" ncolour="[0]" size="10.560">保</text>
                <text font="JQUZDQ+SimSun" bbox="360.960,543.509,371.520,554.069" colourspace="ICCBased" ncolour="[0]" size="10.560">险</text>
                <text font="JQUZDQ+SimSun" bbox="371.520,543.509,382.080,554.069" colourspace="ICCBased" ncolour="[0]" size="10.560">人</text>
                <text font="JQUZDQ+SimSun" bbox="382.080,543.509,392.640,554.069" colourspace="ICCBased" ncolour="[0]" size="10.560">初</text>
                <text font="JQUZDQ+SimSun" bbox="392.400,543.509,402.960,554.069" colourspace="ICCBased" ncolour="[0]" size="10.560">次</text>
                <text font="JQUZDQ+SimSun" bbox="402.960,543.509,413.520,554.069" colourspace="ICCBased" ncolour="[0]" size="10.560">发</text>
                <text font="JQUZDQ+SimSun" bbox="413.520,543.509,424.080,554.069" colourspace="ICCBased" ncolour="[0]" size="10.560">生</text>
                <text font="JQUZDQ+SimSun" bbox="423.120,543.509,433.680,554.069" colourspace="ICCBased" ncolour="[0]" size="10.560">“</text>
                <text font="JQUZDQ+SimSun" bbox="433.440,543.509,444.000,554.069" colourspace="ICCBased" ncolour="[0]" size="10.560">重</text>
                <text font="JQUZDQ+SimSun" bbox="444.000,543.509,454.560,554.069" colourspace="ICCBased" ncolour="[0]" size="10.560">大</text>
                <text font="JQUZDQ+SimSun" bbox="454.321,543.509,464.881,554.069" colourspace="ICCBased" ncolour="[0]" size="10.560">疾</text>
                <text font="JQUZDQ+SimSun" bbox="464.881,543.509,475.441,554.069" colourspace="ICCBased" ncolour="[0]" size="10.560">病</text>
                <text font="JQUZDQ+SimSun" bbox="475.441,543.509,486.001,554.069" colourspace="ICCBased" ncolour="[0]" size="10.560">”</text>
                <text font="JQUZDQ+SimSun" bbox="485.040,543.509,495.600,554.069" colourspace="ICCBased" ncolour="[0]" size="10.560">的</text>
                <text font="JQUZDQ+SimSun" bbox="495.600,543.509,506.160,554.069" colourspace="ICCBased" ncolour="[0]" size="10.560">，</text>
                <text font="JQUZDQ+SimSun" bbox="505.200,543.509,515.760,554.069" colourspace="ICCBased" ncolour="[0]" size="10.560">本</text>
                <text font="JQUZDQ+SimSun" bbox="515.520,543.509,526.080,554.069" colourspace="ICCBased" ncolour="[0]" size="10.560">附</text>
                <text font="JQUZDQ+SimSun" bbox="526.080,543.509,536.640,554.069" colourspace="ICCBased" ncolour="[0]" size="10.560">加</text>
                <text font="JQUZDQ+SimSun" bbox="536.640,543.509,547.200,554.069" colourspace="ICCBased" ncolour="[0]" size="10.560">险</text>
                <text>
                </text>
            </textline>
            <textline bbox="210.480,527.909,488.640,538.469">
                <text font="JQUZDQ+SimSun" bbox="210.480,527.909,221.040,538.469" colourspace="ICCBased" ncolour="[0]" size="10.560">合</text>
                <text font="JQUZDQ+SimSun" bbox="221.040,527.909,231.600,538.469" colourspace="ICCBased" ncolour="[0]" size="10.560">同</text>
                <text font="JQUZDQ+SimSun" bbox="231.600,527.909,242.160,538.469" colourspace="ICCBased" ncolour="[0]" size="10.560">终</text>
                <text font="JQUZDQ+SimSun" bbox="242.160,527.909,252.720,538.469" colourspace="ICCBased" ncolour="[0]" size="10.560">止</text>
                <text font="JQUZDQ+SimSun" bbox="252.720,527.909,263.280,538.469" colourspace="ICCBased" ncolour="[0]" size="10.560">，</text>
                <text font="JQUZDQ+SimSun" bbox="263.040,527.909,273.600,538.469" colourspace="ICCBased" ncolour="[0]" size="10.560">我</text>
                <text font="JQUZDQ+SimSun" bbox="273.600,527.909,284.160,538.469" colourspace="ICCBased" ncolour="[0]" size="10.560">们</text>
                <text font="JQUZDQ+SimSun" bbox="284.160,527.909,294.720,538.469" colourspace="ICCBased" ncolour="[0]" size="10.560">向</text>
                <text font="JQUZDQ+SimSun" bbox="294.720,527.909,305.280,538.469" colourspace="ICCBased" ncolour="[0]" size="10.560">被</text>
                <text font="JQUZDQ+SimSun" bbox="305.040,527.909,315.600,538.469" colourspace="ICCBased" ncolour="[0]" size="10.560">保</text>
                <text font="JQUZDQ+SimSun" bbox="315.600,527.909,326.160,538.469" colourspace="ICCBased" ncolour="[0]" size="10.560">险</text>
                <text font="JQUZDQ+SimSun" bbox="326.160,527.909,336.720,538.469" colourspace="ICCBased" ncolour="[0]" size="10.560">人</text>
                <text font="JQUZDQ+SimSun" bbox="336.720,527.909,347.280,538.469" colourspace="ICCBased" ncolour="[0]" size="10.560">退</text>
                <text font="JQUZDQ+SimSun" bbox="347.040,527.909,357.600,538.469" colourspace="ICCBased" ncolour="[0]" size="10.560">还</text>
                <text font="JQUZDQ+SimSun" bbox="357.600,527.909,368.160,538.469" colourspace="ICCBased" ncolour="[0]" size="10.560">本</text>
                <text font="JQUZDQ+SimSun" bbox="368.160,527.909,378.720,538.469" colourspace="ICCBased" ncolour="[0]" size="10.560">附</text>
                <text font="JQUZDQ+SimSun" bbox="378.720,527.909,389.280,538.469" colourspace="ICCBased" ncolour="[0]" size="10.560">加</text>
                <text font="JQUZDQ+SimSun" bbox="389.040,527.909,399.600,538.469" colourspace="ICCBased" ncolour="[0]" size="10.560">险</text>
                <text font="JQUZDQ+SimSun" bbox="399.600,527.909,410.160,538.469" colourspace="ICCBased" ncolour="[0]" size="10.560">合</text>
                <text font="JQUZDQ+SimSun" bbox="410.160,527.909,420.720,538.469" colourspace="ICCBased" ncolour="[0]" size="10.560">同</text>
                <text font="JQUZDQ+SimSun" bbox="420.720,527.909,431.280,538.469" colourspace="ICCBased" ncolour="[0]" size="10.560">的</text>
                <text font="JQUZDQ+SimSun" bbox="431.040,527.909,441.600,538.469" colourspace="ICCBased" ncolour="[0]" size="10.560">现</text>
                <text font="JQUZDQ+SimSun" bbox="441.600,527.909,452.160,538.469" colourspace="ICCBased" ncolour="[0]" size="10.560">金</text>
                <text font="JQUZDQ+SimSun" bbox="451.920,527.909,462.480,538.469" colourspace="ICCBased" ncolour="[0]" size="10.560">价</text>
                <text font="JQUZDQ+SimSun" bbox="462.480,527.909,473.040,538.469" colourspace="ICCBased" ncolour="[0]" size="10.560">值</text>
                <text font="JQUZDQ+SimSun" bbox="473.040,527.909,483.600,538.469" colourspace="ICCBased" ncolour="[0]" size="10.560">。</text>
                <text font="JTTPDQ+SimSun" bbox="483.360,527.909,488.640,538.469" colourspace="ICCBased" ncolour="[0]" size="10.560"> </text>
                <text>
                </text>
            </textline>
            <textline bbox="210.480,512.309,547.200,522.869">
                <text font="JQUZDQ+SimSun" bbox="210.480,512.309,221.040,522.869" colourspace="ICCBased" ncolour="[0]" size="10.560">发</text>
                <text font="JQUZDQ+SimSun" bbox="221.040,512.309,231.600,522.869" colourspace="ICCBased" ncolour="[0]" size="10.560">生</text>
                <text font="JQUZDQ+SimSun" bbox="231.600,512.309,242.160,522.869" colourspace="ICCBased" ncolour="[0]" size="10.560">上</text>
                <text font="JQUZDQ+SimSun" bbox="242.160,512.309,252.720,522.869" colourspace="ICCBased" ncolour="[0]" size="10.560">述</text>
                <text font="JQUZDQ+SimSun" bbox="252.720,512.309,263.280,522.869" colourspace="ICCBased" ncolour="[0]" size="10.560">其</text>
                <text font="JQUZDQ+SimSun" bbox="263.280,512.309,273.840,522.869" colourspace="ICCBased" ncolour="[0]" size="10.560">他</text>
                <text font="JQUZDQ+SimSun" bbox="273.840,512.309,284.400,522.869" colourspace="ICCBased" ncolour="[0]" size="10.560">情</text>
                <text font="JQUZDQ+SimSun" bbox="284.160,512.309,294.720,522.869" colourspace="ICCBased" ncolour="[0]" size="10.560">形</text>
                <text font="JQUZDQ+SimSun" bbox="294.720,512.309,305.280,522.869" colourspace="ICCBased" ncolour="[0]" size="10.560">导</text>
                <text font="JQUZDQ+SimSun" bbox="305.280,512.309,315.840,522.869" colourspace="ICCBased" ncolour="[0]" size="10.560">致</text>
                <text font="JQUZDQ+SimSun" bbox="315.840,512.309,326.400,522.869" colourspace="ICCBased" ncolour="[0]" size="10.560">被</text>
                <text font="JQUZDQ+SimSun" bbox="326.400,512.309,336.960,522.869" colourspace="ICCBased" ncolour="[0]" size="10.560">保</text>
                <text font="JQUZDQ+SimSun" bbox="336.960,512.309,347.520,522.869" colourspace="ICCBased" ncolour="[0]" size="10.560">险</text>
                <text font="JQUZDQ+SimSun" bbox="347.280,512.309,357.840,522.869" colourspace="ICCBased" ncolour="[0]" size="10.560">人</text>
                <text font="JQUZDQ+SimSun" bbox="357.840,512.309,368.400,522.869" colourspace="ICCBased" ncolour="[0]" size="10.560">初</text>
                <text font="JQUZDQ+SimSun" bbox="368.400,512.309,378.960,522.869" colourspace="ICCBased" ncolour="[0]" size="10.560">次</text>
                <text font="JQUZDQ+SimSun" bbox="378.960,512.309,389.520,522.869" colourspace="ICCBased" ncolour="[0]" size="10.560">发</text>
                <text font="JQUZDQ+SimSun" bbox="389.520,512.309,400.080,522.869" colourspace="ICCBased" ncolour="[0]" size="10.560">生</text>
                <text font="JQUZDQ+SimSun" bbox="399.840,512.309,410.400,522.869" colourspace="ICCBased" ncolour="[0]" size="10.560">“</text>
                <text font="JQUZDQ+SimSun" bbox="410.400,512.309,420.960,522.869" colourspace="ICCBased" ncolour="[0]" size="10.560">重</text>
                <text font="JQUZDQ+SimSun" bbox="420.960,512.309,431.520,522.869" colourspace="ICCBased" ncolour="[0]" size="10.560">大</text>
                <text font="JQUZDQ+SimSun" bbox="431.520,512.309,442.080,522.869" colourspace="ICCBased" ncolour="[0]" size="10.560">疾</text>
                <text font="JQUZDQ+SimSun" bbox="442.080,512.309,452.640,522.869" colourspace="ICCBased" ncolour="[0]" size="10.560">病</text>
                <text font="JQUZDQ+SimSun" bbox="452.400,512.309,462.960,522.869" colourspace="ICCBased" ncolour="[0]" size="10.560">”</text>
                <text font="JQUZDQ+SimSun" bbox="462.960,512.309,473.520,522.869" colourspace="ICCBased" ncolour="[0]" size="10.560">的</text>
                <text font="JQUZDQ+SimSun" bbox="473.520,512.309,484.080,522.869" colourspace="ICCBased" ncolour="[0]" size="10.560">，</text>
                <text font="JQUZDQ+SimSun" bbox="484.080,512.309,494.640,522.869" colourspace="ICCBased" ncolour="[0]" size="10.560">本</text>
                <text font="JQUZDQ+SimSun" bbox="494.640,512.309,505.200,522.869" colourspace="ICCBased" ncolour="[0]" size="10.560">附</text>
                <text font="JQUZDQ+SimSun" bbox="505.200,512.309,515.760,522.869" colourspace="ICCBased" ncolour="[0]" size="10.560">加</text>
                <text font="JQUZDQ+SimSun" bbox="515.760,512.309,526.320,522.869" colourspace="ICCBased" ncolour="[0]" size="10.560">险</text>
                <text font="JQUZDQ+SimSun" bbox="526.080,512.309,536.640,522.869" colourspace="ICCBased" ncolour="[0]" size="10.560">合</text>
                <text font="JQUZDQ+SimSun" bbox="536.640,512.309,547.200,522.869" colourspace="ICCBased" ncolour="[0]" size="10.560">同</text>
                <text>
                </text>
            </textline>
            <textline bbox="210.480,496.709,436.320,507.269">
                <text font="JQUZDQ+SimSun" bbox="210.480,496.709,221.040,507.269" colourspace="ICCBased" ncolour="[0]" size="10.560">终</text>
                <text font="JQUZDQ+SimSun" bbox="221.040,496.709,231.600,507.269" colourspace="ICCBased" ncolour="[0]" size="10.560">止</text>
                <text font="JQUZDQ+SimSun" bbox="231.600,496.709,242.160,507.269" colourspace="ICCBased" ncolour="[0]" size="10.560">，</text>
                <text font="JQUZDQ+SimSun" bbox="242.160,496.709,252.720,507.269" colourspace="ICCBased" ncolour="[0]" size="10.560">我</text>
                <text font="JQUZDQ+SimSun" bbox="252.720,496.709,263.280,507.269" colourspace="ICCBased" ncolour="[0]" size="10.560">们</text>
                <text font="JQUZDQ+SimSun" bbox="263.040,496.709,273.600,507.269" colourspace="ICCBased" ncolour="[0]" size="10.560">向</text>
                <text font="JQUZDQ+SimSun" bbox="273.600,496.709,284.160,507.269" colourspace="ICCBased" ncolour="[0]" size="10.560">您</text>
                <text font="JQUZDQ+SimSun" bbox="284.160,496.709,294.720,507.269" colourspace="ICCBased" ncolour="[0]" size="10.560">退</text>
                <text font="JQUZDQ+SimSun" bbox="294.720,496.709,305.280,507.269" colourspace="ICCBased" ncolour="[0]" size="10.560">还</text>
                <text font="JQUZDQ+SimSun" bbox="305.040,496.709,315.600,507.269" colourspace="ICCBased" ncolour="[0]" size="10.560">本</text>
                <text font="JQUZDQ+SimSun" bbox="315.600,496.709,326.160,507.269" colourspace="ICCBased" ncolour="[0]" size="10.560">附</text>
                <text font="JQUZDQ+SimSun" bbox="326.160,496.709,336.720,507.269" colourspace="ICCBased" ncolour="[0]" size="10.560">加</text>
                <text font="JQUZDQ+SimSun" bbox="336.720,496.709,347.280,507.269" colourspace="ICCBased" ncolour="[0]" size="10.560">险</text>
                <text font="JQUZDQ+SimSun" bbox="347.040,496.709,357.600,507.269" colourspace="ICCBased" ncolour="[0]" size="10.560">合</text>
                <text font="JQUZDQ+SimSun" bbox="357.600,496.709,368.160,507.269" colourspace="ICCBased" ncolour="[0]" size="10.560">同</text>
                <text font="JQUZDQ+SimSun" bbox="368.160,496.709,378.720,507.269" colourspace="ICCBased" ncolour="[0]" size="10.560">的</text>
                <text font="JQUZDQ+SimSun" bbox="378.720,496.709,389.280,507.269" colourspace="ICCBased" ncolour="[0]" size="10.560">现</text>
                <text font="JQUZDQ+SimSun" bbox="389.040,496.709,399.600,507.269" colourspace="ICCBased" ncolour="[0]" size="10.560">金</text>
                <text font="JQUZDQ+SimSun" bbox="399.600,496.709,410.160,507.269" colourspace="ICCBased" ncolour="[0]" size="10.560">价</text>
                <text font="JQUZDQ+SimSun" bbox="410.160,496.709,420.720,507.269" colourspace="ICCBased" ncolour="[0]" size="10.560">值</text>
                <text font="JQUZDQ+SimSun" bbox="420.720,496.709,431.280,507.269" colourspace="ICCBased" ncolour="[0]" size="10.560">。</text>
                <text font="JTTPDQ+SimSun" bbox="431.040,496.709,436.320,507.269" colourspace="ICCBased" ncolour="[0]" size="10.560"> </text>
                <text>
                </text>
            </textline>
            <textline bbox="210.484,481.112,215.764,491.672">
                <text font="JTTPDQ+SimSun" bbox="210.484,481.112,215.764,491.672" colourspace="ICCBased" ncolour="[0]" size="10.560"> </text>
                <text>
                </text>
            </textline>
        </textbox>
        <textbox id="8" bbox="210.477,417.272,552.480,474.629">
            <textline bbox="210.477,464.069,552.480,474.629">
                <text font="JQUZDQ+SimSun" bbox="210.477,464.069,221.037,474.629" colourspace="ICCBased" ncolour="[0]" size="10.560">除</text>
                <text font="JQUZDQ+SimSun" bbox="220.319,464.069,230.879,474.629" colourspace="ICCBased" ncolour="[0]" size="10.560">“</text>
                <text font="JTTPDQ+SimSun" bbox="230.879,464.069,236.159,474.629" colourspace="ICCBased" ncolour="[0]" size="10.560">2</text>
                <text font="JTTPDQ+SimSun" bbox="236.159,464.069,241.439,474.629" colourspace="ICCBased" ncolour="[0]" size="10.560">.</text>
                <text font="JTTPDQ+SimSun" bbox="241.439,464.069,246.719,474.629" colourspace="ICCBased" ncolour="[0]" size="10.560">1</text>
                <text> </text>
                <text font="JQUZDQ+SimSun" bbox="249.360,464.069,259.920,474.629" colourspace="ICCBased" ncolour="[0]" size="10.560">责</text>
                <text font="JQUZDQ+SimSun" bbox="259.920,464.069,270.480,474.629" colourspace="ICCBased" ncolour="[0]" size="10.560">任</text>
                <text font="JQUZDQ+SimSun" bbox="270.240,464.069,280.800,474.629" colourspace="ICCBased" ncolour="[0]" size="10.560">免</text>
                <text font="JQUZDQ+SimSun" bbox="280.800,464.069,291.360,474.629" colourspace="ICCBased" ncolour="[0]" size="10.560">除</text>
                <text font="JQUZDQ+SimSun" bbox="291.360,464.069,301.920,474.629" colourspace="ICCBased" ncolour="[0]" size="10.560">”</text>
                <text font="JQUZDQ+SimSun" bbox="301.200,464.069,311.760,474.629" colourspace="ICCBased" ncolour="[0]" size="10.560">外</text>
                <text font="JQUZDQ+SimSun" bbox="311.520,464.069,322.080,474.629" colourspace="ICCBased" ncolour="[0]" size="10.560">，</text>
                <text font="JQUZDQ+SimSun" bbox="321.360,464.069,331.920,474.629" colourspace="ICCBased" ncolour="[0]" size="10.560">本</text>
                <text font="JQUZDQ+SimSun" bbox="331.920,464.069,342.480,474.629" colourspace="ICCBased" ncolour="[0]" size="10.560">附</text>
                <text font="JQUZDQ+SimSun" bbox="342.480,464.069,353.040,474.629" colourspace="ICCBased" ncolour="[0]" size="10.560">加</text>
                <text font="JQUZDQ+SimSun" bbox="352.800,464.069,363.360,474.629" colourspace="ICCBased" ncolour="[0]" size="10.560">险</text>
                <text font="JQUZDQ+SimSun" bbox="363.360,464.069,373.920,474.629" colourspace="ICCBased" ncolour="[0]" size="10.560">合</text>
                <text font="JQUZDQ+SimSun" bbox="373.920,464.069,384.480,474.629" colourspace="ICCBased" ncolour="[0]" size="10.560">同</text>
                <text font="JQUZDQ+SimSun" bbox="384.480,464.069,395.040,474.629" colourspace="ICCBased" ncolour="[0]" size="10.560">中</text>
                <text font="JQUZDQ+SimSun" bbox="394.800,464.069,405.360,474.629" colourspace="ICCBased" ncolour="[0]" size="10.560">还</text>
                <text font="JQUZDQ+SimSun" bbox="405.360,464.069,415.920,474.629" colourspace="ICCBased" ncolour="[0]" size="10.560">有</text>
                <text font="JQUZDQ+SimSun" bbox="415.920,464.069,426.480,474.629" colourspace="ICCBased" ncolour="[0]" size="10.560">一</text>
                <text font="JQUZDQ+SimSun" bbox="426.480,464.069,437.040,474.629" colourspace="ICCBased" ncolour="[0]" size="10.560">些</text>
                <text font="JQUZDQ+SimSun" bbox="436.801,464.069,447.361,474.629" colourspace="ICCBased" ncolour="[0]" size="10.560">免</text>
                <text font="JQUZDQ+SimSun" bbox="447.120,464.069,457.680,474.629" colourspace="ICCBased" ncolour="[0]" size="10.560">除</text>
                <text font="JQUZDQ+SimSun" bbox="457.680,464.069,468.240,474.629" colourspace="ICCBased" ncolour="[0]" size="10.560">保</text>
                <text font="JQUZDQ+SimSun" bbox="468.240,464.069,478.800,474.629" colourspace="ICCBased" ncolour="[0]" size="10.560">险</text>
                <text font="JQUZDQ+SimSun" bbox="478.800,464.069,489.360,474.629" colourspace="ICCBased" ncolour="[0]" size="10.560">人</text>
                <text font="JQUZDQ+SimSun" bbox="489.360,464.069,499.920,474.629" colourspace="ICCBased" ncolour="[0]" size="10.560">责</text>
                <text font="JQUZDQ+SimSun" bbox="499.680,464.069,510.240,474.629" colourspace="ICCBased" ncolour="[0]" size="10.560">任</text>
                <text font="JQUZDQ+SimSun" bbox="510.240,464.069,520.800,474.629" colourspace="ICCBased" ncolour="[0]" size="10.560">的</text>
                <text font="JQUZDQ+SimSun" bbox="520.800,464.069,531.360,474.629" colourspace="ICCBased" ncolour="[0]" size="10.560">条</text>
                <text font="JQUZDQ+SimSun" bbox="531.360,464.069,541.920,474.629" colourspace="ICCBased" ncolour="[0]" size="10.560">款</text>
                <text font="JQUZDQ+SimSun" bbox="541.920,464.069,552.480,474.629" colourspace="ICCBased" ncolour="[0]" size="10.560">，</text>
                <text>
                </text>
            </textline>
            <textline bbox="210.480,448.469,552.480,459.029">
                <text font="JQUZDQ+SimSun" bbox="210.480,448.469,221.040,459.029" colourspace="ICCBased" ncolour="[0]" size="10.560">详</text>
                <text font="JQUZDQ+SimSun" bbox="221.040,448.469,231.600,459.029" colourspace="ICCBased" ncolour="[0]" size="10.560">见</text>
                <text font="JTTPDQ+SimSun" bbox="229.203,448.469,239.763,459.029" colourspace="ICCBased" ncolour="[0]" size="10.560">“</text>
                <text font="JTTPDQ+SimSun" bbox="239.760,448.469,245.040,459.029" colourspace="ICCBased" ncolour="[0]" size="10.560">1</text>
                <text font="JTTPDQ+SimSun" bbox="245.040,448.469,250.320,459.029" colourspace="ICCBased" ncolour="[0]" size="10.560">.</text>
                <text font="JTTPDQ+SimSun" bbox="250.077,448.469,255.357,459.029" colourspace="ICCBased" ncolour="[0]" size="10.560">1</text>
                <text> </text>
                <text font="JQUZDQ+SimSun" bbox="257.997,448.469,268.557,459.029" colourspace="ICCBased" ncolour="[0]" size="10.560">保</text>
                <text font="JQUZDQ+SimSun" bbox="268.557,448.469,279.117,459.029" colourspace="ICCBased" ncolour="[0]" size="10.560">险</text>
                <text font="JQUZDQ+SimSun" bbox="279.117,448.469,289.677,459.029" colourspace="ICCBased" ncolour="[0]" size="10.560">责</text>
                <text font="JQUZDQ+SimSun" bbox="289.437,448.469,299.997,459.029" colourspace="ICCBased" ncolour="[0]" size="10.560">任</text>
                <text font="JQUZDQ+SimSun" bbox="299.997,448.469,310.557,459.029" colourspace="ICCBased" ncolour="[0]" size="10.560">”</text>
                <text font="JQUZDQ+SimSun" bbox="305.274,448.469,315.834,459.029" colourspace="ICCBased" ncolour="[0]" size="10.560">、</text>
                <text font="JTTPDQ+SimSun" bbox="307.914,448.469,318.474,459.029" colourspace="ICCBased" ncolour="[0]" size="10.560">“</text>
                <text font="JTTPDQ+SimSun" bbox="318.474,448.469,323.754,459.029" colourspace="ICCBased" ncolour="[0]" size="10.560">5</text>
                <text font="JTTPDQ+SimSun" bbox="323.754,448.469,329.034,459.029" colourspace="ICCBased" ncolour="[0]" size="10.560">.</text>
                <text font="JTTPDQ+SimSun" bbox="329.034,448.469,334.314,459.029" colourspace="ICCBased" ncolour="[0]" size="10.560">1</text>
                <text> </text>
                <text font="JQUZDQ+SimSun" bbox="336.954,448.469,347.514,459.029" colourspace="ICCBased" ncolour="[0]" size="10.560">犹</text>
                <text font="JQUZDQ+SimSun" bbox="347.275,448.469,357.835,459.029" colourspace="ICCBased" ncolour="[0]" size="10.560">豫</text>
                <text font="JQUZDQ+SimSun" bbox="357.835,448.469,368.395,459.029" colourspace="ICCBased" ncolour="[0]" size="10.560">期</text>
                <text font="JQUZDQ+SimSun" bbox="368.395,448.469,378.955,459.029" colourspace="ICCBased" ncolour="[0]" size="10.560">”</text>
                <text font="JQUZDQ+SimSun" bbox="373.675,448.469,384.235,459.029" colourspace="ICCBased" ncolour="[0]" size="10.560">、</text>
                <text font="JTTPDQ+SimSun" bbox="376.311,448.469,386.871,459.029" colourspace="ICCBased" ncolour="[0]" size="10.560">“</text>
                <text font="JTTPDQ+SimSun" bbox="386.871,448.469,392.151,459.029" colourspace="ICCBased" ncolour="[0]" size="10.560">7</text>
                <text> </text>
                <text font="JQUZDQ+SimSun" bbox="394.791,448.469,405.351,459.029" colourspace="ICCBased" ncolour="[0]" size="10.560">重</text>
                <text font="JQUZDQ+SimSun" bbox="405.351,448.469,415.911,459.029" colourspace="ICCBased" ncolour="[0]" size="10.560">大</text>
                <text font="JQUZDQ+SimSun" bbox="415.672,448.469,426.232,459.029" colourspace="ICCBased" ncolour="[0]" size="10.560">疾</text>
                <text font="JQUZDQ+SimSun" bbox="426.232,448.469,436.792,459.029" colourspace="ICCBased" ncolour="[0]" size="10.560">病</text>
                <text font="JQUZDQ+SimSun" bbox="436.792,448.469,447.352,459.029" colourspace="ICCBased" ncolour="[0]" size="10.560">释</text>
                <text font="JQUZDQ+SimSun" bbox="447.111,448.469,457.671,459.029" colourspace="ICCBased" ncolour="[0]" size="10.560">义</text>
                <text font="JQUZDQ+SimSun" bbox="457.671,448.469,468.231,459.029" colourspace="ICCBased" ncolour="[0]" size="10.560">”</text>
                <text font="JQUZDQ+SimSun" bbox="462.956,448.469,473.516,459.029" colourspace="ICCBased" ncolour="[0]" size="10.560">、</text>
                <text font="JTTPDQ+SimSun" bbox="465.839,448.469,476.399,459.029" colourspace="ICCBased" ncolour="[0]" size="10.560">“</text>
                <text font="JTTPDQ+SimSun" bbox="476.399,448.469,481.679,459.029" colourspace="ICCBased" ncolour="[0]" size="10.560">8</text>
                <text font="JTTPDQ+SimSun" bbox="481.679,448.469,486.959,459.029" colourspace="ICCBased" ncolour="[0]" size="10.560">.</text>
                <text font="JTTPDQ+SimSun" bbox="486.716,448.469,491.996,459.029" colourspace="ICCBased" ncolour="[0]" size="10.560">4</text>
                <text> </text>
                <text font="JQUZDQ+SimSun" bbox="494.640,448.469,505.200,459.029" colourspace="ICCBased" ncolour="[0]" size="10.560">年</text>
                <text font="JQUZDQ+SimSun" bbox="505.200,448.469,515.760,459.029" colourspace="ICCBased" ncolour="[0]" size="10.560">龄</text>
                <text font="JQUZDQ+SimSun" bbox="515.760,448.469,526.320,459.029" colourspace="ICCBased" ncolour="[0]" size="10.560">错</text>
                <text font="JQUZDQ+SimSun" bbox="526.080,448.469,536.640,459.029" colourspace="ICCBased" ncolour="[0]" size="10.560">误</text>
                <text font="JQUZDQ+SimSun" bbox="536.640,448.469,547.200,459.029" colourspace="ICCBased" ncolour="[0]" size="10.560">”</text>
                <text font="JQUZDQ+SimSun" bbox="541.920,448.469,552.480,459.029" colourspace="ICCBased" ncolour="[0]" size="10.560">、</text>
                <text>
                </text>
            </textline>
            <textline bbox="210.480,432.869,404.636,443.429">
                <text font="JTTPDQ+SimSun" bbox="210.480,432.869,221.040,443.429" colourspace="ICCBased" ncolour="[0]" size="10.560">“</text>
                <text font="JQUZDQ+SimSun" bbox="221.040,432.869,231.600,443.429" colourspace="ICCBased" ncolour="[0]" size="10.560">脚</text>
                <text font="JQUZDQ+SimSun" bbox="231.600,432.869,242.160,443.429" colourspace="ICCBased" ncolour="[0]" size="10.560">注</text>
                <text> </text>
                <text font="JTTPDQ+SimSun" bbox="244.800,432.869,250.080,443.429" colourspace="ICCBased" ncolour="[0]" size="10.560">1</text>
                <text> </text>
                <text font="JQUZDQ+SimSun" bbox="252.720,432.869,263.280,443.429" colourspace="ICCBased" ncolour="[0]" size="10.560">医</text>
                <text font="JQUZDQ+SimSun" bbox="263.037,432.869,273.597,443.429" colourspace="ICCBased" ncolour="[0]" size="10.560">院</text>
                <text font="JQUZDQ+SimSun" bbox="273.597,432.869,284.157,443.429" colourspace="ICCBased" ncolour="[0]" size="10.560">”</text>
                <text font="JQUZDQ+SimSun" bbox="284.157,432.869,294.717,443.429" colourspace="ICCBased" ncolour="[0]" size="10.560">中</text>
                <text font="JQUZDQ+SimSun" bbox="294.717,432.869,305.277,443.429" colourspace="ICCBased" ncolour="[0]" size="10.560">背</text>
                <text font="JQUZDQ+SimSun" bbox="305.037,432.869,315.597,443.429" colourspace="ICCBased" ncolour="[0]" size="10.560">景</text>
                <text font="JQUZDQ+SimSun" bbox="315.597,432.869,326.157,443.429" colourspace="ICCBased" ncolour="[0]" size="10.560">突</text>
                <text font="JQUZDQ+SimSun" bbox="326.157,432.869,336.717,443.429" colourspace="ICCBased" ncolour="[0]" size="10.560">出</text>
                <text font="JQUZDQ+SimSun" bbox="336.717,432.869,347.277,443.429" colourspace="ICCBased" ncolour="[0]" size="10.560">显</text>
                <text font="JQUZDQ+SimSun" bbox="347.038,432.869,357.598,443.429" colourspace="ICCBased" ncolour="[0]" size="10.560">示</text>
                <text font="JQUZDQ+SimSun" bbox="357.598,432.869,368.158,443.429" colourspace="ICCBased" ncolour="[0]" size="10.560">的</text>
                <text font="JQUZDQ+SimSun" bbox="368.158,432.869,378.718,443.429" colourspace="ICCBased" ncolour="[0]" size="10.560">内</text>
                <text font="JQUZDQ+SimSun" bbox="378.718,432.869,389.278,443.429" colourspace="ICCBased" ncolour="[0]" size="10.560">容</text>
                <text font="JQUZDQ+SimSun" bbox="389.037,432.869,399.597,443.429" colourspace="ICCBased" ncolour="[0]" size="10.560">。</text>
                <text font="JTTPDQ+SimSun" bbox="399.356,432.869,404.636,443.429" colourspace="ICCBased" ncolour="[0]" size="10.560"> </text>
                <text>
                </text>
            </textline>
            <textline bbox="210.480,417.272,215.760,427.832">
                <text font="JTTPDQ+SimSun" bbox="210.480,417.272,215.760,427.832" colourspace="ICCBased" ncolour="[0]" size="10.560"> </text>
                <text>
                </text>
            </textline>
        </textbox>
        <textbox id="9" bbox="60.960,464.069,165.840,474.629">
            <textline bbox="60.960,464.069,165.840,474.629">
                <text font="JTTPDQ+SimSun" bbox="60.960,464.069,66.240,474.629" colourspace="ICCBased" ncolour="[0]" size="10.560">2</text>
                <text font="JTTPDQ+SimSun" bbox="66.240,464.069,71.520,474.629" colourspace="ICCBased" ncolour="[0]" size="10.560">.</text>
                <text font="JTTPDQ+SimSun" bbox="71.520,464.069,76.800,474.629" colourspace="ICCBased" ncolour="[0]" size="10.560">2</text>
                <text font="JTTPDQ+SimSun" bbox="76.800,464.069,82.080,474.629" colourspace="ICCBased" ncolour="[0]" size="10.560"> </text>
                <text> </text>
                <text font="JQUZDQ+SimSun" bbox="97.440,464.069,108.000,474.629" colourspace="ICCBased" ncolour="[0]" size="10.560">其</text>
                <text font="JQUZDQ+SimSun" bbox="108.000,464.069,118.560,474.629" colourspace="ICCBased" ncolour="[0]" size="10.560">他</text>
                <text font="JQUZDQ+SimSun" bbox="118.560,464.069,129.120,474.629" colourspace="ICCBased" ncolour="[0]" size="10.560">免</text>
                <text font="JQUZDQ+SimSun" bbox="129.120,464.069,139.680,474.629" colourspace="ICCBased" ncolour="[0]" size="10.560">责</text>
                <text font="JQUZDQ+SimSun" bbox="139.680,464.069,150.240,474.629" colourspace="ICCBased" ncolour="[0]" size="10.560">条</text>
                <text font="JQUZDQ+SimSun" bbox="150.240,464.069,160.800,474.629" colourspace="ICCBased" ncolour="[0]" size="10.560">款</text>
                <text font="JTTPDQ+SimSun" bbox="160.560,464.069,165.840,474.629" colourspace="ICCBased" ncolour="[0]" size="10.560"> </text>
                <text>
                </text>
            </textline>
        </textbox>
        <textbox id="10" bbox="97.439,481.112,102.719,491.672">
            <textline bbox="97.439,481.112,102.719,491.672">
                <text font="JTTPDQ+SimSun" bbox="97.439,481.112,102.719,491.672" colourspace="ICCBased" ncolour="[0]" size="10.560"> </text>
                <text>
                </text>
            </textline>
        </textbox>
        <textbox id="11" bbox="97.435,417.272,102.715,427.832">
            <textline bbox="97.435,417.272,102.715,427.832">
                <text font="JTTPDQ+SimSun" bbox="97.435,417.272,102.715,427.832" colourspace="ICCBased" ncolour="[0]" size="10.560"> </text>
                <text>
                </text>
            </textline>
        </textbox>
        <textbox id="12" bbox="60.000,389.877,187.680,409.797">
            <textline bbox="60.000,389.877,187.680,409.797">
                <text font="ZTWRTK+Wingdings2" bbox="60.000,389.877,77.769,409.797" colourspace="ICCBased" ncolour="[0]" size="19.920"></text>
                <text font="ZTWRTK+Wingdings2" bbox="77.760,389.877,97.680,409.797" colourspace="ICCBased" ncolour="[0]" size="19.920"> </text>
                <text font="JQUZDQ+SimSun" bbox="97.440,392.820,109.440,404.820" colourspace="ICCBased" ncolour="[0]" size="12.000">如</text>
                <text font="JQUZDQ+SimSun" bbox="109.440,392.820,121.440,404.820" colourspace="ICCBased" ncolour="[0]" size="12.000">何</text>
                <text font="JQUZDQ+SimSun" bbox="121.680,392.820,133.680,404.820" colourspace="ICCBased" ncolour="[0]" size="12.000">支</text>
                <text font="JQUZDQ+SimSun" bbox="133.680,392.820,145.680,404.820" colourspace="ICCBased" ncolour="[0]" size="12.000">付</text>
                <text font="JQUZDQ+SimSun" bbox="145.680,392.820,157.680,404.820" colourspace="ICCBased" ncolour="[0]" size="12.000">保</text>
                <text font="JQUZDQ+SimSun" bbox="157.680,392.820,169.680,404.820" colourspace="ICCBased" ncolour="[0]" size="12.000">险</text>
                <text font="JQUZDQ+SimSun" bbox="169.680,392.820,181.680,404.820" colourspace="ICCBased" ncolour="[0]" size="12.000">费</text>
                <text font="JTTPDQ+SimSun" bbox="181.680,392.820,187.680,404.820" colourspace="ICCBased" ncolour="[0]" size="12.000"> </text>
                <text>
                </text>
            </textline>
        </textbox>
        <textbox id="13" bbox="51.123,481.112,56.403,491.672">
            <textline bbox="51.123,481.112,56.403,491.672">
                <text font="JTTPDQ+SimSun" bbox="51.123,481.112,56.403,491.672" colourspace="ICCBased" ncolour="[0]" size="10.560"> </text>
                <text>
                </text>
            </textline>
        </textbox>
        <textbox id="14" bbox="51.119,417.272,56.399,427.832">
            <textline bbox="51.119,417.272,56.399,427.832">
                <text font="JTTPDQ+SimSun" bbox="51.119,417.272,56.399,427.832" colourspace="ICCBased" ncolour="[0]" size="10.560"> </text>
                <text>
                </text>
            </textline>
        </textbox>
        <textbox id="15" bbox="51.120,356.549,56.400,367.109">
            <textline bbox="51.120,356.549,56.400,367.109">
                <text font="JTTPDQ+SimSun" bbox="51.120,356.549,56.400,367.109" colourspace="ICCBased" ncolour="[0]" size="10.560"> </text>
                <text>
                </text>
            </textline>
        </textbox>
        <textbox id="16" bbox="51.120,282.389,56.400,292.949">
            <textline bbox="51.120,282.389,56.400,292.949">
                <text font="JTTPDQ+SimSun" bbox="51.120,282.389,56.400,292.949" colourspace="ICCBased" ncolour="[0]" size="10.560"> </text>
                <text>
                </text>
            </textline>
        </textbox>
        <textbox id="17" bbox="60.960,282.389,555.840,365.398">
            <textline bbox="210.480,354.838,213.120,365.398">
                <text font="TimesNewRomanPSMT" bbox="210.480,354.838,213.120,365.398" colourspace="ICCBased" ncolour="[0]" size="10.560"> </text>
                <text>
                </text>
            </textline>
            <textline bbox="210.480,344.789,551.758,355.349">
                <text font="JQUZDQ+SimSun" bbox="210.480,344.789,221.040,355.349" colourspace="ICCBased" ncolour="[0]" size="10.560">本</text>
                <text font="JQUZDQ+SimSun" bbox="221.040,344.789,231.600,355.349" colourspace="ICCBased" ncolour="[0]" size="10.560">附</text>
                <text font="JQUZDQ+SimSun" bbox="231.600,344.789,242.160,355.349" colourspace="ICCBased" ncolour="[0]" size="10.560">加</text>
                <text font="JQUZDQ+SimSun" bbox="242.160,344.789,252.720,355.349" colourspace="ICCBased" ncolour="[0]" size="10.560">险</text>
                <text font="JQUZDQ+SimSun" bbox="252.720,344.789,263.280,355.349" colourspace="ICCBased" ncolour="[0]" size="10.560">合</text>
                <text font="JQUZDQ+SimSun" bbox="263.040,344.789,273.600,355.349" colourspace="ICCBased" ncolour="[0]" size="10.560">同</text>
                <text font="JQUZDQ+SimSun" bbox="273.600,344.789,284.160,355.349" colourspace="ICCBased" ncolour="[0]" size="10.560">的</text>
                <text font="JQUZDQ+SimSun" bbox="284.160,344.789,294.720,355.349" colourspace="ICCBased" ncolour="[0]" size="10.560">交</text>
                <text font="JQUZDQ+SimSun" bbox="294.720,344.789,305.280,355.349" colourspace="ICCBased" ncolour="[0]" size="10.560">费</text>
                <text font="JQUZDQ+SimSun" bbox="305.040,344.789,315.600,355.349" colourspace="ICCBased" ncolour="[0]" size="10.560">方</text>
                <text font="JQUZDQ+SimSun" bbox="315.600,344.789,326.160,355.349" colourspace="ICCBased" ncolour="[0]" size="10.560">式</text>
                <text font="JQUZDQ+SimSun" bbox="326.160,344.789,336.720,355.349" colourspace="ICCBased" ncolour="[0]" size="10.560">和</text>
                <text font="JQUZDQ+SimSun" bbox="336.720,344.789,347.280,355.349" colourspace="ICCBased" ncolour="[0]" size="10.560">交</text>
                <text font="JQUZDQ+SimSun" bbox="347.040,344.789,357.600,355.349" colourspace="ICCBased" ncolour="[0]" size="10.560">费</text>
                <text font="JQUZDQ+SimSun" bbox="357.600,344.789,368.160,355.349" colourspace="ICCBased" ncolour="[0]" size="10.560">期</text>
                <text font="JQUZDQ+SimSun" bbox="368.160,344.789,378.720,355.349" colourspace="ICCBased" ncolour="[0]" size="10.560">间</text>
                <text font="JQUZDQ+SimSun" bbox="378.720,344.789,389.280,355.349" colourspace="ICCBased" ncolour="[0]" size="10.560">由</text>
                <text font="JQUZDQ+SimSun" bbox="389.040,344.789,399.600,355.349" colourspace="ICCBased" ncolour="[0]" size="10.560">您</text>
                <text font="JQUZDQ+SimSun" bbox="399.600,344.789,410.160,355.349" colourspace="ICCBased" ncolour="[0]" size="10.560">和</text>
                <text font="JQUZDQ+SimSun" bbox="410.160,344.789,420.720,355.349" colourspace="ICCBased" ncolour="[0]" size="10.560">我</text>
                <text font="JQUZDQ+SimSun" bbox="420.720,344.789,431.280,355.349" colourspace="ICCBased" ncolour="[0]" size="10.560">们</text>
                <text font="JQUZDQ+SimSun" bbox="431.040,344.789,441.600,355.349" colourspace="ICCBased" ncolour="[0]" size="10.560">约</text>
                <text font="JQUZDQ+SimSun" bbox="441.600,344.789,452.160,355.349" colourspace="ICCBased" ncolour="[0]" size="10.560">定</text>
                <text font="JQUZDQ+SimSun" bbox="451.920,344.789,462.480,355.349" colourspace="ICCBased" ncolour="[0]" size="10.560">并</text>
                <text font="JQUZDQ+SimSun" bbox="462.480,344.789,473.040,355.349" colourspace="ICCBased" ncolour="[0]" size="10.560">在</text>
                <text font="JQUZDQ+SimSun" bbox="473.040,344.789,483.600,355.349" colourspace="ICCBased" ncolour="[0]" size="10.560">保</text>
                <text font="JQUZDQ+SimSun" bbox="483.600,344.789,494.160,355.349" colourspace="ICCBased" ncolour="[0]" size="10.560">险</text>
                <text font="JQUZDQ+SimSun" bbox="494.160,344.789,504.720,355.349" colourspace="ICCBased" ncolour="[0]" size="10.560">单</text>
                <text font="JQUZDQ+SimSun" bbox="504.480,344.789,515.040,355.349" colourspace="ICCBased" ncolour="[0]" size="10.560">上</text>
                <text font="JQUZDQ+SimSun" bbox="515.040,344.789,525.600,355.349" colourspace="ICCBased" ncolour="[0]" size="10.560">载</text>
                <text font="JQUZDQ+SimSun" bbox="525.600,344.789,536.160,355.349" colourspace="ICCBased" ncolour="[0]" size="10.560">明</text>
                <text font="JQUZDQ+SimSun" bbox="536.160,344.789,546.720,355.349" colourspace="ICCBased" ncolour="[0]" size="10.560">。</text>
                <text font="JTTPDQ+SimSun" bbox="546.478,344.789,551.758,355.349" colourspace="ICCBased" ncolour="[0]" size="10.560"> </text>
                <text>
                </text>
            </textline>
            <textline bbox="60.960,344.789,555.840,355.349">
                <text font="JTTPDQ+SimSun" bbox="60.960,344.789,66.240,355.349" colourspace="ICCBased" ncolour="[0]" size="10.560">3</text>
                <text font="JTTPDQ+SimSun" bbox="66.240,344.789,71.520,355.349" colourspace="ICCBased" ncolour="[0]" size="10.560">.</text>
                <text font="JTTPDQ+SimSun" bbox="71.520,344.789,76.800,355.349" colourspace="ICCBased" ncolour="[0]" size="10.560">1</text>
                <text font="JTTPDQ+SimSun" bbox="76.800,344.789,82.080,355.349" colourspace="ICCBased" ncolour="[0]" size="10.560"> </text>
                <text> </text>
                <text font="JQUZDQ+SimSun" bbox="97.440,344.789,108.000,355.349" colourspace="ICCBased" ncolour="[0]" size="10.560">保</text>
                <text font="JQUZDQ+SimSun" bbox="108.000,344.789,118.560,355.349" colourspace="ICCBased" ncolour="[0]" size="10.560">险</text>
                <text font="JQUZDQ+SimSun" bbox="118.560,344.789,129.120,355.349" colourspace="ICCBased" ncolour="[0]" size="10.560">费</text>
                <text font="JQUZDQ+SimSun" bbox="129.120,344.789,139.680,355.349" colourspace="ICCBased" ncolour="[0]" size="10.560">的</text>
                <text font="JQUZDQ+SimSun" bbox="139.680,344.789,150.240,355.349" colourspace="ICCBased" ncolour="[0]" size="10.560">支</text>
                <text font="JQUZDQ+SimSun" bbox="150.240,344.789,160.800,355.349" colourspace="ICCBased" ncolour="[0]" size="10.560">付</text>
                <text font="JTTPDQ+SimSun" bbox="160.800,344.789,166.080,355.349" colourspace="ICCBased" ncolour="[0]" size="10.560"> </text>
                <text font="JTTPDQ+SimSun" bbox="166.080,344.789,171.360,355.349" colourspace="ICCBased" ncolour="[0]" size="10.560"> </text>
                <text font="JTTPDQ+SimSun" bbox="171.360,344.789,176.640,355.349" colourspace="ICCBased" ncolour="[0]" size="10.560"> </text>
                <text font="JTTPDQ+SimSun" bbox="176.640,344.789,181.920,355.349" colourspace="ICCBased" ncolour="[0]" size="10.560"> </text>
                <text font="JTTPDQ+SimSun" bbox="181.920,344.789,187.200,355.349" colourspace="ICCBased" ncolour="[0]" size="10.560"> </text>
                <text font="JTTPDQ+SimSun" bbox="187.200,344.789,192.480,355.349" colourspace="ICCBased" ncolour="[0]" size="10.560"> </text>
                <text font="JTTPDQ+SimSun" bbox="192.480,344.789,197.760,355.349" colourspace="ICCBased" ncolour="[0]" size="10.560"> </text>
                <text font="JTTPDQ+SimSun" bbox="197.760,344.789,203.040,355.349" colourspace="ICCBased" ncolour="[0]" size="10.560"> </text>
                <text font="JTTPDQ+SimSun" bbox="203.040,344.789,208.320,355.349" colourspace="ICCBased" ncolour="[0]" size="10.560"> </text>
                <text font="JTTPDQ+SimSun" bbox="208.320,344.789,213.600,355.349" colourspace="ICCBased" ncolour="[0]" size="10.560"> </text>
                <text font="JTTPDQ+SimSun" bbox="213.600,344.789,218.880,355.349" colourspace="ICCBased" ncolour="[0]" size="10.560"> </text>
                <text font="JTTPDQ+SimSun" bbox="218.880,344.789,224.160,355.349" colourspace="ICCBased" ncolour="[0]" size="10.560"> </text>
                <text font="JTTPDQ+SimSun" bbox="224.160,344.789,229.440,355.349" colourspace="ICCBased" ncolour="[0]" size="10.560"> </text>
                <text font="JTTPDQ+SimSun" bbox="229.440,344.789,234.720,355.349" colourspace="ICCBased" ncolour="[0]" size="10.560"> </text>
                <text font="JTTPDQ+SimSun" bbox="234.720,344.789,240.000,355.349" colourspace="ICCBased" ncolour="[0]" size="10.560"> </text>
                <text font="JTTPDQ+SimSun" bbox="240.000,344.789,245.280,355.349" colourspace="ICCBased" ncolour="[0]" size="10.560"> </text>
                <text font="JTTPDQ+SimSun" bbox="245.280,344.789,250.560,355.349" colourspace="ICCBased" ncolour="[0]" size="10.560"> </text>
                <text font="JTTPDQ+SimSun" bbox="250.560,344.789,255.840,355.349" colourspace="ICCBased" ncolour="[0]" size="10.560"> </text>
                <text font="JTTPDQ+SimSun" bbox="255.840,344.789,261.120,355.349" colourspace="ICCBased" ncolour="[0]" size="10.560"> </text>
                <text font="JTTPDQ+SimSun" bbox="261.120,344.789,266.400,355.349" colourspace="ICCBased" ncolour="[0]" size="10.560"> </text>
                <text font="JTTPDQ+SimSun" bbox="266.400,344.789,271.680,355.349" colourspace="ICCBased" ncolour="[0]" size="10.560"> </text>
                <text font="JTTPDQ+SimSun" bbox="271.680,344.789,276.960,355.349" colourspace="ICCBased" ncolour="[0]" size="10.560"> </text>
                <text font="JTTPDQ+SimSun" bbox="276.720,344.789,282.000,355.349" colourspace="ICCBased" ncolour="[0]" size="10.560"> </text>
                <text font="JTTPDQ+SimSun" bbox="282.000,344.789,287.280,355.349" colourspace="ICCBased" ncolour="[0]" size="10.560"> </text>
                <text font="JTTPDQ+SimSun" bbox="287.280,344.789,292.560,355.349" colourspace="ICCBased" ncolour="[0]" size="10.560"> </text>
                <text font="JTTPDQ+SimSun" bbox="292.560,344.789,297.840,355.349" colourspace="ICCBased" ncolour="[0]" size="10.560"> </text>
                <text font="JTTPDQ+SimSun" bbox="297.840,344.789,303.120,355.349" colourspace="ICCBased" ncolour="[0]" size="10.560"> </text>
                <text font="JTTPDQ+SimSun" bbox="303.120,344.789,308.400,355.349" colourspace="ICCBased" ncolour="[0]" size="10.560"> </text>
                <text font="JTTPDQ+SimSun" bbox="308.400,344.789,313.680,355.349" colourspace="ICCBased" ncolour="[0]" size="10.560"> </text>
                <text font="JTTPDQ+SimSun" bbox="313.680,344.789,318.960,355.349" colourspace="ICCBased" ncolour="[0]" size="10.560"> </text>
                <text font="JTTPDQ+SimSun" bbox="318.960,344.789,324.240,355.349" colourspace="ICCBased" ncolour="[0]" size="10.560"> </text>
                <text font="JTTPDQ+SimSun" bbox="324.240,344.789,329.520,355.349" colourspace="ICCBased" ncolour="[0]" size="10.560"> </text>
                <text font="JTTPDQ+SimSun" bbox="329.520,344.789,334.800,355.349" colourspace="ICCBased" ncolour="[0]" size="10.560"> </text>
                <text font="JTTPDQ+SimSun" bbox="334.800,344.789,340.080,355.349" colourspace="ICCBased" ncolour="[0]" size="10.560"> </text>
                <text font="JTTPDQ+SimSun" bbox="339.841,344.789,345.121,355.349" colourspace="ICCBased" ncolour="[0]" size="10.560"> </text>
                <text font="JTTPDQ+SimSun" bbox="345.121,344.789,350.401,355.349" colourspace="ICCBased" ncolour="[0]" size="10.560"> </text>
                <text font="JTTPDQ+SimSun" bbox="350.401,344.789,355.681,355.349" colourspace="ICCBased" ncolour="[0]" size="10.560"> </text>
                <text font="JTTPDQ+SimSun" bbox="355.681,344.789,360.961,355.349" colourspace="ICCBased" ncolour="[0]" size="10.560"> </text>
                <text font="JTTPDQ+SimSun" bbox="360.961,344.789,366.241,355.349" colourspace="ICCBased" ncolour="[0]" size="10.560"> </text>
                <text font="JTTPDQ+SimSun" bbox="366.241,344.789,371.521,355.349" colourspace="ICCBased" ncolour="[0]" size="10.560"> </text>
                <text font="JTTPDQ+SimSun" bbox="371.521,344.789,376.801,355.349" colourspace="ICCBased" ncolour="[0]" size="10.560"> </text>
                <text font="JTTPDQ+SimSun" bbox="376.801,344.789,382.081,355.349" colourspace="ICCBased" ncolour="[0]" size="10.560"> </text>
                <text font="JTTPDQ+SimSun" bbox="382.081,344.789,387.361,355.349" colourspace="ICCBased" ncolour="[0]" size="10.560"> </text>
                <text font="JTTPDQ+SimSun" bbox="387.361,344.789,392.641,355.349" colourspace="ICCBased" ncolour="[0]" size="10.560"> </text>
                <text font="JTTPDQ+SimSun" bbox="392.641,344.789,397.921,355.349" colourspace="ICCBased" ncolour="[0]" size="10.560"> </text>
                <text font="JTTPDQ+SimSun" bbox="397.921,344.789,403.201,355.349" colourspace="ICCBased" ncolour="[0]" size="10.560"> </text>
                <text font="JTTPDQ+SimSun" bbox="403.201,344.789,408.481,355.349" colourspace="ICCBased" ncolour="[0]" size="10.560"> </text>
                <text font="JTTPDQ+SimSun" bbox="408.481,344.789,413.761,355.349" colourspace="ICCBased" ncolour="[0]" size="10.560"> </text>
                <text font="JTTPDQ+SimSun" bbox="413.761,344.789,419.041,355.349" colourspace="ICCBased" ncolour="[0]" size="10.560"> </text>
                <text font="JTTPDQ+SimSun" bbox="419.041,344.789,424.321,355.349" colourspace="ICCBased" ncolour="[0]" size="10.560"> </text>
                <text font="JTTPDQ+SimSun" bbox="424.321,344.789,429.601,355.349" colourspace="ICCBased" ncolour="[0]" size="10.560"> </text>
                <text font="JTTPDQ+SimSun" bbox="429.601,344.789,434.881,355.349" colourspace="ICCBased" ncolour="[0]" size="10.560"> </text>
                <text font="JTTPDQ+SimSun" bbox="434.881,344.789,440.161,355.349" colourspace="ICCBased" ncolour="[0]" size="10.560"> </text>
                <text font="JTTPDQ+SimSun" bbox="440.161,344.789,445.441,355.349" colourspace="ICCBased" ncolour="[0]" size="10.560"> </text>
                <text font="JTTPDQ+SimSun" bbox="445.441,344.789,450.721,355.349" colourspace="ICCBased" ncolour="[0]" size="10.560"> </text>
                <text font="JTTPDQ+SimSun" bbox="450.721,344.789,456.001,355.349" colourspace="ICCBased" ncolour="[0]" size="10.560"> </text>
                <text font="JTTPDQ+SimSun" bbox="456.001,344.789,461.281,355.349" colourspace="ICCBased" ncolour="[0]" size="10.560"> </text>
                <text font="JTTPDQ+SimSun" bbox="461.281,344.789,466.561,355.349" colourspace="ICCBased" ncolour="[0]" size="10.560"> </text>
                <text font="JTTPDQ+SimSun" bbox="466.561,344.789,471.841,355.349" colourspace="ICCBased" ncolour="[0]" size="10.560"> </text>
                <text font="JTTPDQ+SimSun" bbox="471.841,344.789,477.121,355.349" colourspace="ICCBased" ncolour="[0]" size="10.560"> </text>
                <text font="JTTPDQ+SimSun" bbox="477.121,344.789,482.401,355.349" colourspace="ICCBased" ncolour="[0]" size="10.560"> </text>
                <text font="JTTPDQ+SimSun" bbox="482.401,344.789,487.681,355.349" colourspace="ICCBased" ncolour="[0]" size="10.560"> </text>
                <text font="JTTPDQ+SimSun" bbox="487.681,344.789,492.961,355.349" colourspace="ICCBased" ncolour="[0]" size="10.560"> </text>
                <text font="JTTPDQ+SimSun" bbox="492.961,344.789,498.241,355.349" colourspace="ICCBased" ncolour="[0]" size="10.560"> </text>
                <text font="JTTPDQ+SimSun" bbox="498.241,344.789,503.521,355.349" colourspace="ICCBased" ncolour="[0]" size="10.560"> </text>
                <text font="JTTPDQ+SimSun" bbox="503.521,344.789,508.801,355.349" colourspace="ICCBased" ncolour="[0]" size="10.560"> </text>
                <text font="JTTPDQ+SimSun" bbox="508.801,344.789,514.081,355.349" colourspace="ICCBased" ncolour="[0]" size="10.560"> </text>
                <text font="JTTPDQ+SimSun" bbox="514.081,344.789,519.361,355.349" colourspace="ICCBased" ncolour="[0]" size="10.560"> </text>
                <text font="JTTPDQ+SimSun" bbox="519.120,344.789,524.400,355.349" colourspace="ICCBased" ncolour="[0]" size="10.560"> </text>
                <text font="JTTPDQ+SimSun" bbox="524.400,344.789,529.680,355.349" colourspace="ICCBased" ncolour="[0]" size="10.560"> </text>
                <text font="JTTPDQ+SimSun" bbox="529.680,344.789,534.960,355.349" colourspace="ICCBased" ncolour="[0]" size="10.560"> </text>
                <text font="JTTPDQ+SimSun" bbox="534.960,344.789,540.240,355.349" colourspace="ICCBased" ncolour="[0]" size="10.560"> </text>
                <text font="JTTPDQ+SimSun" bbox="540.240,344.789,545.520,355.349" colourspace="ICCBased" ncolour="[0]" size="10.560"> </text>
                <text font="JTTPDQ+SimSun" bbox="545.520,344.789,550.800,355.349" colourspace="ICCBased" ncolour="[0]" size="10.560"> </text>
                <text font="JTTPDQ+SimSun" bbox="550.560,344.789,555.840,355.349" colourspace="ICCBased" ncolour="[0]" size="10.560"> </text>
                <text>
                </text>
            </textline>
            <textline bbox="210.480,329.073,547.440,340.899">
                <text font="JQUZDQ+SimSun" bbox="210.480,329.189,221.040,339.749" colourspace="ICCBased" ncolour="[0]" size="10.560">分</text>
                <text font="JQUZDQ+SimSun" bbox="221.040,329.189,231.600,339.749" colourspace="ICCBased" ncolour="[0]" size="10.560">期</text>
                <text font="JQUZDQ+SimSun" bbox="231.600,329.189,242.160,339.749" colourspace="ICCBased" ncolour="[0]" size="10.560">支</text>
                <text font="JQUZDQ+SimSun" bbox="242.160,329.189,252.720,339.749" colourspace="ICCBased" ncolour="[0]" size="10.560">付</text>
                <text font="JQUZDQ+SimSun" bbox="252.720,329.189,263.280,339.749" colourspace="ICCBased" ncolour="[0]" size="10.560">保</text>
                <text font="JQUZDQ+SimSun" bbox="263.040,329.189,273.600,339.749" colourspace="ICCBased" ncolour="[0]" size="10.560">险</text>
                <text font="JQUZDQ+SimSun" bbox="273.600,329.189,284.160,339.749" colourspace="ICCBased" ncolour="[0]" size="10.560">费</text>
                <text font="JQUZDQ+SimSun" bbox="284.160,329.189,294.720,339.749" colourspace="ICCBased" ncolour="[0]" size="10.560">的</text>
                <text font="JQUZDQ+SimSun" bbox="294.720,329.189,305.280,339.749" colourspace="ICCBased" ncolour="[0]" size="10.560">，</text>
                <text font="JQUZDQ+SimSun" bbox="300.960,329.189,311.520,339.749" colourspace="ICCBased" ncolour="[0]" size="10.560">在</text>
                <text font="JQUZDQ+SimSun" bbox="311.280,329.189,321.840,339.749" colourspace="ICCBased" ncolour="[0]" size="10.560">支</text>
                <text font="JQUZDQ+SimSun" bbox="321.840,329.189,332.400,339.749" colourspace="ICCBased" ncolour="[0]" size="10.560">付</text>
                <text font="JQUZDQ+SimSun" bbox="332.400,329.189,342.960,339.749" colourspace="ICCBased" ncolour="[0]" size="10.560">首</text>
                <text font="JQUZDQ+SimSun" bbox="342.960,329.189,353.520,339.749" colourspace="ICCBased" ncolour="[0]" size="10.560">期</text>
                <text font="JQUZDQ+SimSun" bbox="353.280,329.189,363.840,339.749" colourspace="ICCBased" ncolour="[0]" size="10.560">保</text>
                <text font="JQUZDQ+SimSun" bbox="363.840,329.189,374.400,339.749" colourspace="ICCBased" ncolour="[0]" size="10.560">险</text>
                <text font="JQUZDQ+SimSun" bbox="374.400,329.189,384.960,339.749" colourspace="ICCBased" ncolour="[0]" size="10.560">费</text>
                <text font="JQUZDQ+SimSun" bbox="384.960,329.189,395.520,339.749" colourspace="ICCBased" ncolour="[0]" size="10.560">后</text>
                <text font="JQUZDQ+SimSun" bbox="395.520,329.189,406.080,339.749" colourspace="ICCBased" ncolour="[0]" size="10.560">，</text>
                <text font="JQUZDQ+SimSun" bbox="401.520,329.189,412.080,339.749" colourspace="ICCBased" ncolour="[0]" size="10.560">您</text>
                <text font="JQUZDQ+SimSun" bbox="412.080,329.189,422.640,339.749" colourspace="ICCBased" ncolour="[0]" size="10.560">应</text>
                <text font="JQUZDQ+SimSun" bbox="422.640,329.189,433.200,339.749" colourspace="ICCBased" ncolour="[0]" size="10.560">当</text>
                <text font="JQUZDQ+SimSun" bbox="432.960,329.189,443.520,339.749" colourspace="ICCBased" ncolour="[0]" size="10.560">在</text>
                <text font="JRNKDQ+SimHei" bbox="443.280,329.073,453.840,339.633" colourspace="ICCBased" ncolour="[0]" size="10.560">保</text>
                <text font="JRNKDQ+SimHei" bbox="453.840,329.073,464.400,339.633" colourspace="ICCBased" ncolour="[0]" size="10.560">险</text>
                <text font="JRNKDQ+SimHei" bbox="464.400,329.073,474.960,339.633" colourspace="ICCBased" ncolour="[0]" size="10.560">费</text>
                <text font="JRNKDQ+SimHei" bbox="474.960,329.073,485.520,339.633" colourspace="ICCBased" ncolour="[0]" size="10.560">约</text>
                <text font="JRNKDQ+SimHei" bbox="485.520,329.073,496.080,339.633" colourspace="ICCBased" ncolour="[0]" size="10.560">定</text>
                <text font="JRNKDQ+SimHei" bbox="496.080,329.073,506.640,339.633" colourspace="ICCBased" ncolour="[0]" size="10.560">支</text>
                <text font="JRNKDQ+SimHei" bbox="506.640,329.073,517.200,339.633" colourspace="ICCBased" ncolour="[0]" size="10.560">付</text>
                <text font="JRNKDQ+SimHei" bbox="517.200,329.073,527.760,339.633" colourspace="ICCBased" ncolour="[0]" size="10.560">日</text>
                <text> </text>
                <text font="TTLNNW+SimHei" bbox="530.640,335.379,533.400,340.899" colourspace="ICCBased" ncolour="[0]" size="5.520">1</text>
                <text font="TTLNNW+SimHei" bbox="533.759,335.379,536.519,340.899" colourspace="ICCBased" ncolour="[0]" size="5.520">0</text>
                <text font="JQUZDQ+SimSun" bbox="536.880,329.189,547.440,339.749" colourspace="ICCBased" ncolour="[0]" size="10.560">支</text>
                <text>
                </text>
            </textline>
            <textline bbox="210.481,313.592,320.643,324.152">
                <text font="JQUZDQ+SimSun" bbox="210.481,313.592,221.041,324.152" colourspace="ICCBased" ncolour="[0]" size="10.560">付</text>
                <text font="JQUZDQ+SimSun" bbox="221.041,313.592,231.601,324.152" colourspace="ICCBased" ncolour="[0]" size="10.560">其</text>
                <text font="JQUZDQ+SimSun" bbox="231.601,313.592,242.161,324.152" colourspace="ICCBased" ncolour="[0]" size="10.560">余</text>
                <text font="JQUZDQ+SimSun" bbox="242.161,313.592,252.721,324.152" colourspace="ICCBased" ncolour="[0]" size="10.560">各</text>
                <text font="JQUZDQ+SimSun" bbox="252.721,313.592,263.281,324.152" colourspace="ICCBased" ncolour="[0]" size="10.560">期</text>
                <text font="JQUZDQ+SimSun" bbox="263.041,313.592,273.601,324.152" colourspace="ICCBased" ncolour="[0]" size="10.560">的</text>
                <text font="JQUZDQ+SimSun" bbox="273.601,313.592,284.161,324.152" colourspace="ICCBased" ncolour="[0]" size="10.560">保</text>
                <text font="JQUZDQ+SimSun" bbox="284.161,313.592,294.721,324.152" colourspace="ICCBased" ncolour="[0]" size="10.560">险</text>
                <text font="JQUZDQ+SimSun" bbox="294.721,313.592,305.281,324.152" colourspace="ICCBased" ncolour="[0]" size="10.560">费</text>
                <text font="JQUZDQ+SimSun" bbox="305.040,313.592,315.600,324.152" colourspace="ICCBased" ncolour="[0]" size="10.560">。</text>
                <text font="JTTPDQ+SimSun" bbox="315.363,313.592,320.643,324.152" colourspace="ICCBased" ncolour="[0]" size="10.560"> </text>
                <text>
                </text>
            </textline>
            <textline bbox="210.481,297.995,551.759,308.555">
                <text font="JQUZDQ+SimSun" bbox="210.481,297.995,221.041,308.555" colourspace="ICCBased" ncolour="[0]" size="10.560">本</text>
                <text font="JQUZDQ+SimSun" bbox="221.041,297.995,231.601,308.555" colourspace="ICCBased" ncolour="[0]" size="10.560">附</text>
                <text font="JQUZDQ+SimSun" bbox="231.601,297.995,242.161,308.555" colourspace="ICCBased" ncolour="[0]" size="10.560">加</text>
                <text font="JQUZDQ+SimSun" bbox="242.161,297.995,252.721,308.555" colourspace="ICCBased" ncolour="[0]" size="10.560">险</text>
                <text font="JQUZDQ+SimSun" bbox="252.721,297.995,263.281,308.555" colourspace="ICCBased" ncolour="[0]" size="10.560">合</text>
                <text font="JQUZDQ+SimSun" bbox="263.041,297.995,273.601,308.555" colourspace="ICCBased" ncolour="[0]" size="10.560">同</text>
                <text font="JQUZDQ+SimSun" bbox="273.601,297.995,284.161,308.555" colourspace="ICCBased" ncolour="[0]" size="10.560">的</text>
                <text font="JQUZDQ+SimSun" bbox="284.161,297.995,294.721,308.555" colourspace="ICCBased" ncolour="[0]" size="10.560">保</text>
                <text font="JQUZDQ+SimSun" bbox="294.721,297.995,305.281,308.555" colourspace="ICCBased" ncolour="[0]" size="10.560">险</text>
                <text font="JQUZDQ+SimSun" bbox="305.040,297.995,315.600,308.555" colourspace="ICCBased" ncolour="[0]" size="10.560">费</text>
                <text font="JQUZDQ+SimSun" bbox="315.600,297.995,326.160,308.555" colourspace="ICCBased" ncolour="[0]" size="10.560">必</text>
                <text font="JQUZDQ+SimSun" bbox="326.160,297.995,336.720,308.555" colourspace="ICCBased" ncolour="[0]" size="10.560">须</text>
                <text font="JQUZDQ+SimSun" bbox="336.720,297.995,347.280,308.555" colourspace="ICCBased" ncolour="[0]" size="10.560">随</text>
                <text font="JQUZDQ+SimSun" bbox="347.041,297.995,357.601,308.555" colourspace="ICCBased" ncolour="[0]" size="10.560">主</text>
                <text font="JQUZDQ+SimSun" bbox="357.601,297.995,368.161,308.555" colourspace="ICCBased" ncolour="[0]" size="10.560">险</text>
                <text font="JQUZDQ+SimSun" bbox="368.161,297.995,378.721,308.555" colourspace="ICCBased" ncolour="[0]" size="10.560">合</text>
                <text font="JQUZDQ+SimSun" bbox="378.721,297.995,389.281,308.555" colourspace="ICCBased" ncolour="[0]" size="10.560">同</text>
                <text font="JQUZDQ+SimSun" bbox="389.041,297.995,399.601,308.555" colourspace="ICCBased" ncolour="[0]" size="10.560">保</text>
                <text font="JQUZDQ+SimSun" bbox="399.601,297.995,410.161,308.555" colourspace="ICCBased" ncolour="[0]" size="10.560">险</text>
                <text font="JQUZDQ+SimSun" bbox="410.161,297.995,420.721,308.555" colourspace="ICCBased" ncolour="[0]" size="10.560">费</text>
                <text font="JQUZDQ+SimSun" bbox="420.721,297.995,431.281,308.555" colourspace="ICCBased" ncolour="[0]" size="10.560">一</text>
                <text font="JQUZDQ+SimSun" bbox="431.041,297.995,441.601,308.555" colourspace="ICCBased" ncolour="[0]" size="10.560">同</text>
                <text font="JQUZDQ+SimSun" bbox="441.601,297.995,452.161,308.555" colourspace="ICCBased" ncolour="[0]" size="10.560">支</text>
                <text font="JQUZDQ+SimSun" bbox="451.921,297.995,462.481,308.555" colourspace="ICCBased" ncolour="[0]" size="10.560">付</text>
                <text font="JQUZDQ+SimSun" bbox="462.481,297.995,473.041,308.555" colourspace="ICCBased" ncolour="[0]" size="10.560">，</text>
                <text font="JQUZDQ+SimSun" bbox="473.041,297.995,483.601,308.555" colourspace="ICCBased" ncolour="[0]" size="10.560">不</text>
                <text font="JQUZDQ+SimSun" bbox="483.601,297.995,494.161,308.555" colourspace="ICCBased" ncolour="[0]" size="10.560">能</text>
                <text font="JQUZDQ+SimSun" bbox="494.161,297.995,504.721,308.555" colourspace="ICCBased" ncolour="[0]" size="10.560">单</text>
                <text font="JQUZDQ+SimSun" bbox="504.481,297.995,515.041,308.555" colourspace="ICCBased" ncolour="[0]" size="10.560">独</text>
                <text font="JQUZDQ+SimSun" bbox="515.041,297.995,525.601,308.555" colourspace="ICCBased" ncolour="[0]" size="10.560">支</text>
                <text font="JQUZDQ+SimSun" bbox="525.601,297.995,536.161,308.555" colourspace="ICCBased" ncolour="[0]" size="10.560">付</text>
                <text font="JQUZDQ+SimSun" bbox="536.161,297.995,546.721,308.555" colourspace="ICCBased" ncolour="[0]" size="10.560">。</text>
                <text font="JTTPDQ+SimSun" bbox="546.479,297.995,551.759,308.555" colourspace="ICCBased" ncolour="[0]" size="10.560"> </text>
                <text>
                </text>
            </textline>
            <textline bbox="210.480,282.389,215.760,292.949">
                <text font="JTTPDQ+SimSun" bbox="210.480,282.389,215.760,292.949" colourspace="ICCBased" ncolour="[0]" size="10.560"> </text>
                <text>
                </text>
            </textline>
        </textbox>
        <textbox id="18" bbox="97.440,282.389,102.720,292.949">
            <textline bbox="97.440,282.389,102.720,292.949">
                <text font="JTTPDQ+SimSun" bbox="97.440,282.389,102.720,292.949" colourspace="ICCBased" ncolour="[0]" size="10.560"> </text>
                <text>
                </text>
            </textline>
        </textbox>
        <textbox id="19" bbox="51.120,218.074,544.865,268.678">
            <textline bbox="51.120,258.118,197.756,268.678">
                <text font="TimesNewRomanPSMT" bbox="51.120,258.118,53.760,268.678" colourspace="ICCBased" ncolour="[0]" size="10.560"> </text>
                <text font="TimesNewRomanPSMT" bbox="53.760,258.118,56.400,268.678" colourspace="ICCBased" ncolour="[0]" size="10.560"> </text>
                <text font="TimesNewRomanPSMT" bbox="56.400,258.118,59.040,268.678" colourspace="ICCBased" ncolour="[0]" size="10.560"> </text>
                <text font="TimesNewRomanPSMT" bbox="59.040,258.118,61.680,268.678" colourspace="ICCBased" ncolour="[0]" size="10.560"> </text>
                <text font="TimesNewRomanPSMT" bbox="61.680,258.118,64.320,268.678" colourspace="ICCBased" ncolour="[0]" size="10.560"> </text>
                <text font="TimesNewRomanPSMT" bbox="64.320,258.118,66.960,268.678" colourspace="ICCBased" ncolour="[0]" size="10.560"> </text>
                <text font="TimesNewRomanPSMT" bbox="66.960,258.118,69.600,268.678" colourspace="ICCBased" ncolour="[0]" size="10.560"> </text>
                <text font="TimesNewRomanPSMT" bbox="69.600,258.118,72.240,268.678" colourspace="ICCBased" ncolour="[0]" size="10.560"> </text>
                <text font="TimesNewRomanPSMT" bbox="72.240,258.118,74.880,268.678" colourspace="ICCBased" ncolour="[0]" size="10.560"> </text>
                <text font="TimesNewRomanPSMT" bbox="74.880,258.118,77.520,268.678" colourspace="ICCBased" ncolour="[0]" size="10.560"> </text>
                <text font="TimesNewRomanPSMT" bbox="77.520,258.118,80.160,268.678" colourspace="ICCBased" ncolour="[0]" size="10.560"> </text>
                <text font="TimesNewRomanPSMT" bbox="80.160,258.118,82.800,268.678" colourspace="ICCBased" ncolour="[0]" size="10.560"> </text>
                <text font="TimesNewRomanPSMT" bbox="82.800,258.118,85.440,268.678" colourspace="ICCBased" ncolour="[0]" size="10.560"> </text>
                <text font="TimesNewRomanPSMT" bbox="85.440,258.118,88.080,268.678" colourspace="ICCBased" ncolour="[0]" size="10.560"> </text>
                <text font="TimesNewRomanPSMT" bbox="88.080,258.118,90.720,268.678" colourspace="ICCBased" ncolour="[0]" size="10.560"> </text>
                <text font="TimesNewRomanPSMT" bbox="90.720,258.118,93.360,268.678" colourspace="ICCBased" ncolour="[0]" size="10.560"> </text>
                <text font="TimesNewRomanPSMT" bbox="93.360,258.118,96.000,268.678" colourspace="ICCBased" ncolour="[0]" size="10.560"> </text>
                <text font="TimesNewRomanPSMT" bbox="96.000,258.118,98.640,268.678" colourspace="ICCBased" ncolour="[0]" size="10.560"> </text>
                <text font="TimesNewRomanPSMT" bbox="98.640,258.118,101.280,268.678" colourspace="ICCBased" ncolour="[0]" size="10.560"> </text>
                <text font="TimesNewRomanPSMT" bbox="101.280,258.118,103.920,268.678" colourspace="ICCBased" ncolour="[0]" size="10.560"> </text>
                <text font="TimesNewRomanPSMT" bbox="103.920,258.118,106.560,268.678" colourspace="ICCBased" ncolour="[0]" size="10.560"> </text>
                <text font="TimesNewRomanPSMT" bbox="106.560,258.118,109.200,268.678" colourspace="ICCBased" ncolour="[0]" size="10.560"> </text>
                <text font="TimesNewRomanPSMT" bbox="109.200,258.118,111.840,268.678" colourspace="ICCBased" ncolour="[0]" size="10.560"> </text>
                <text font="TimesNewRomanPSMT" bbox="111.840,258.118,114.480,268.678" colourspace="ICCBased" ncolour="[0]" size="10.560"> </text>
                <text font="TimesNewRomanPSMT" bbox="114.480,258.118,117.120,268.678" colourspace="ICCBased" ncolour="[0]" size="10.560"> </text>
                <text font="TimesNewRomanPSMT" bbox="117.120,258.118,119.760,268.678" colourspace="ICCBased" ncolour="[0]" size="10.560"> </text>
                <text font="TimesNewRomanPSMT" bbox="119.760,258.118,122.400,268.678" colourspace="ICCBased" ncolour="[0]" size="10.560"> </text>
                <text font="TimesNewRomanPSMT" bbox="122.400,258.118,125.040,268.678" colourspace="ICCBased" ncolour="[0]" size="10.560"> </text>
                <text font="TimesNewRomanPSMT" bbox="125.040,258.118,127.680,268.678" colourspace="ICCBased" ncolour="[0]" size="10.560"> </text>
                <text font="TimesNewRomanPSMT" bbox="127.680,258.118,130.320,268.678" colourspace="ICCBased" ncolour="[0]" size="10.560"> </text>
                <text font="TimesNewRomanPSMT" bbox="130.320,258.118,132.960,268.678" colourspace="ICCBased" ncolour="[0]" size="10.560"> </text>
                <text font="TimesNewRomanPSMT" bbox="132.960,258.118,135.600,268.678" colourspace="ICCBased" ncolour="[0]" size="10.560"> </text>
                <text font="TimesNewRomanPSMT" bbox="135.600,258.118,138.240,268.678" colourspace="ICCBased" ncolour="[0]" size="10.560"> </text>
                <text font="TimesNewRomanPSMT" bbox="138.240,258.118,140.880,268.678" colourspace="ICCBased" ncolour="[0]" size="10.560"> </text>
                <text font="TimesNewRomanPSMT" bbox="140.880,258.118,143.520,268.678" colourspace="ICCBased" ncolour="[0]" size="10.560"> </text>
                <text font="TimesNewRomanPSMT" bbox="143.520,258.118,146.160,268.678" colourspace="ICCBased" ncolour="[0]" size="10.560"> </text>
                <text font="TimesNewRomanPSMT" bbox="146.160,258.118,148.800,268.678" colourspace="ICCBased" ncolour="[0]" size="10.560"> </text>
                <text font="TimesNewRomanPSMT" bbox="148.800,258.118,151.440,268.678" colourspace="ICCBased" ncolour="[0]" size="10.560"> </text>
                <text font="TimesNewRomanPSMT" bbox="151.440,258.118,154.080,268.678" colourspace="ICCBased" ncolour="[0]" size="10.560"> </text>
                <text font="TimesNewRomanPSMT" bbox="154.080,258.118,156.720,268.678" colourspace="ICCBased" ncolour="[0]" size="10.560"> </text>
                <text font="TimesNewRomanPSMT" bbox="156.720,258.118,159.360,268.678" colourspace="ICCBased" ncolour="[0]" size="10.560"> </text>
                <text font="TimesNewRomanPSMT" bbox="159.360,258.118,162.000,268.678" colourspace="ICCBased" ncolour="[0]" size="10.560"> </text>
                <text font="TimesNewRomanPSMT" bbox="162.000,258.118,164.640,268.678" colourspace="ICCBased" ncolour="[0]" size="10.560"> </text>
                <text font="TimesNewRomanPSMT" bbox="164.640,258.118,167.280,268.678" colourspace="ICCBased" ncolour="[0]" size="10.560"> </text>
                <text font="TimesNewRomanPSMT" bbox="167.280,258.118,169.920,268.678" colourspace="ICCBased" ncolour="[0]" size="10.560"> </text>
                <text font="TimesNewRomanPSMT" bbox="169.920,258.118,172.560,268.678" colourspace="ICCBased" ncolour="[0]" size="10.560"> </text>
                <text font="TimesNewRomanPSMT" bbox="172.560,258.118,175.200,268.678" colourspace="ICCBased" ncolour="[0]" size="10.560"> </text>
                <text font="TimesNewRomanPSMT" bbox="175.200,258.118,177.840,268.678" colourspace="ICCBased" ncolour="[0]" size="10.560"> </text>
                <text font="TimesNewRomanPSMT" bbox="177.840,258.118,180.480,268.678" colourspace="ICCBased" ncolour="[0]" size="10.560"> </text>
                <text font="TimesNewRomanPSMT" bbox="180.480,258.118,183.120,268.678" colourspace="ICCBased" ncolour="[0]" size="10.560"> </text>
                <text font="TimesNewRomanPSMT" bbox="183.120,258.118,185.760,268.678" colourspace="ICCBased" ncolour="[0]" size="10.560"> </text>
                <text font="TimesNewRomanPSMT" bbox="185.760,258.118,188.400,268.678" colourspace="ICCBased" ncolour="[0]" size="10.560"> </text>
                <text font="TimesNewRomanPSMT" bbox="188.400,258.118,191.040,268.678" colourspace="ICCBased" ncolour="[0]" size="10.560"> </text>
                <text font="TimesNewRomanPSMT" bbox="191.040,258.118,193.680,268.678" colourspace="ICCBased" ncolour="[0]" size="10.560"> </text>
                <text font="TimesNewRomanPSMT" bbox="193.680,258.118,196.320,268.678" colourspace="ICCBased" ncolour="[0]" size="10.560"> </text>
                <text font="TimesNewRomanPSMT" bbox="195.116,258.118,197.756,268.678" colourspace="ICCBased" ncolour="[0]" size="10.560"> </text>
                <text>
                </text>
            </textline>
            <textline bbox="51.120,246.154,544.865,255.917">
                <text font="EUYBLA+KaiTi_GB2312" bbox="51.120,251.357,53.400,255.917" colourspace="ICCBased" ncolour="[0]" size="4.560">4</text>
                <text font="EUYBLA+KaiTi_GB2312" bbox="53.760,246.154,58.320,255.274" colourspace="ICCBased" ncolour="[0]" size="9.120"> </text>
                <text font="EUYBLA+KaiTi_GB2312" bbox="58.320,246.154,67.440,255.274" colourspace="ICCBased" ncolour="[0]" size="9.120">毒</text>
                <text font="EUYBLA+KaiTi_GB2312" bbox="67.440,246.154,76.560,255.274" colourspace="ICCBased" ncolour="[0]" size="9.120">品</text>
                <text font="EUYBLA+KaiTi_GB2312" bbox="76.560,246.154,85.680,255.274" colourspace="ICCBased" ncolour="[0]" size="9.120">指</text>
                <text font="EUYBLA+KaiTi_GB2312" bbox="84.960,246.154,94.080,255.274" colourspace="ICCBased" ncolour="[0]" size="9.120">《</text>
                <text font="EUYBLA+KaiTi_GB2312" bbox="93.843,246.154,102.963,255.274" colourspace="ICCBased" ncolour="[0]" size="9.120">中</text>
                <text font="EUYBLA+KaiTi_GB2312" bbox="102.963,246.154,112.083,255.274" colourspace="ICCBased" ncolour="[0]" size="9.120">华</text>
                <text font="EUYBLA+KaiTi_GB2312" bbox="111.846,246.154,120.966,255.274" colourspace="ICCBased" ncolour="[0]" size="9.120">人</text>
                <text font="EUYBLA+KaiTi_GB2312" bbox="120.966,246.154,130.086,255.274" colourspace="ICCBased" ncolour="[0]" size="9.120">民</text>
                <text font="EUYBLA+KaiTi_GB2312" bbox="129.849,246.154,138.969,255.274" colourspace="ICCBased" ncolour="[0]" size="9.120">共</text>
                <text font="EUYBLA+KaiTi_GB2312" bbox="138.969,246.154,148.089,255.274" colourspace="ICCBased" ncolour="[0]" size="9.120">和</text>
                <text font="EUYBLA+KaiTi_GB2312" bbox="147.852,246.154,156.972,255.274" colourspace="ICCBased" ncolour="[0]" size="9.120">国</text>
                <text font="EUYBLA+KaiTi_GB2312" bbox="156.972,246.154,166.092,255.274" colourspace="ICCBased" ncolour="[0]" size="9.120">刑</text>
                <text font="EUYBLA+KaiTi_GB2312" bbox="165.855,246.154,174.975,255.274" colourspace="ICCBased" ncolour="[0]" size="9.120">法</text>
                <text font="EUYBLA+KaiTi_GB2312" bbox="174.975,246.154,184.095,255.274" colourspace="ICCBased" ncolour="[0]" size="9.120">》</text>
                <text font="EUYBLA+KaiTi_GB2312" bbox="183.374,246.154,192.494,255.274" colourspace="ICCBased" ncolour="[0]" size="9.120">规</text>
                <text font="EUYBLA+KaiTi_GB2312" bbox="192.494,246.154,201.614,255.274" colourspace="ICCBased" ncolour="[0]" size="9.120">定</text>
                <text font="EUYBLA+KaiTi_GB2312" bbox="201.377,246.154,210.497,255.274" colourspace="ICCBased" ncolour="[0]" size="9.120">的</text>
                <text font="EUYBLA+KaiTi_GB2312" bbox="210.497,246.154,219.617,255.274" colourspace="ICCBased" ncolour="[0]" size="9.120">鸦</text>
                <text font="EUYBLA+KaiTi_GB2312" bbox="219.380,246.154,228.500,255.274" colourspace="ICCBased" ncolour="[0]" size="9.120">片</text>
                <text font="EUYBLA+KaiTi_GB2312" bbox="228.500,246.154,237.620,255.274" colourspace="ICCBased" ncolour="[0]" size="9.120">、</text>
                <text font="EUYBLA+KaiTi_GB2312" bbox="236.901,246.154,246.021,255.274" colourspace="ICCBased" ncolour="[0]" size="9.120">海</text>
                <text font="EUYBLA+KaiTi_GB2312" bbox="245.783,246.154,254.903,255.274" colourspace="ICCBased" ncolour="[0]" size="9.120">洛</text>
                <text font="EUYBLA+KaiTi_GB2312" bbox="254.904,246.154,264.024,255.274" colourspace="ICCBased" ncolour="[0]" size="9.120">因</text>
                <text font="EUYBLA+KaiTi_GB2312" bbox="263.787,246.154,272.907,255.274" colourspace="ICCBased" ncolour="[0]" size="9.120">、</text>
                <text font="EUYBLA+KaiTi_GB2312" bbox="272.428,246.154,281.548,255.274" colourspace="ICCBased" ncolour="[0]" size="9.120">甲</text>
                <text font="EUYBLA+KaiTi_GB2312" bbox="281.310,246.154,290.430,255.274" colourspace="ICCBased" ncolour="[0]" size="9.120">基</text>
                <text font="EUYBLA+KaiTi_GB2312" bbox="290.430,246.154,299.550,255.274" colourspace="ICCBased" ncolour="[0]" size="9.120">苯</text>
                <text font="EUYBLA+KaiTi_GB2312" bbox="299.313,246.154,308.433,255.274" colourspace="ICCBased" ncolour="[0]" size="9.120">丙</text>
                <text font="EUYBLA+KaiTi_GB2312" bbox="308.433,246.154,317.553,255.274" colourspace="ICCBased" ncolour="[0]" size="9.120">胺</text>
                <text font="EUYBLA+KaiTi_GB2312" bbox="316.833,246.154,325.953,255.274" colourspace="ICCBased" ncolour="[0]" size="9.120">（</text>
                <text font="EUYBLA+KaiTi_GB2312" bbox="325.953,246.154,335.073,255.274" colourspace="ICCBased" ncolour="[0]" size="9.120">冰</text>
                <text font="EUYBLA+KaiTi_GB2312" bbox="334.836,246.154,343.956,255.274" colourspace="ICCBased" ncolour="[0]" size="9.120">毒</text>
                <text font="EUYBLA+KaiTi_GB2312" bbox="343.956,246.154,353.076,255.274" colourspace="ICCBased" ncolour="[0]" size="9.120">）</text>
                <text font="EUYBLA+KaiTi_GB2312" bbox="348.276,246.154,357.396,255.274" colourspace="ICCBased" ncolour="[0]" size="9.120">、</text>
                <text font="EUYBLA+KaiTi_GB2312" bbox="356.916,246.154,366.036,255.274" colourspace="ICCBased" ncolour="[0]" size="9.120">吗</text>
                <text font="EUYBLA+KaiTi_GB2312" bbox="365.799,246.154,374.919,255.274" colourspace="ICCBased" ncolour="[0]" size="9.120">啡</text>
                <text font="EUYBLA+KaiTi_GB2312" bbox="374.919,246.154,384.039,255.274" colourspace="ICCBased" ncolour="[0]" size="9.120">、</text>
                <text font="EUYBLA+KaiTi_GB2312" bbox="383.318,246.154,392.438,255.274" colourspace="ICCBased" ncolour="[0]" size="9.120">大</text>
                <text font="EUYBLA+KaiTi_GB2312" bbox="392.438,246.154,401.558,255.274" colourspace="ICCBased" ncolour="[0]" size="9.120">麻</text>
                <text font="EUYBLA+KaiTi_GB2312" bbox="401.321,246.154,410.441,255.274" colourspace="ICCBased" ncolour="[0]" size="9.120">、</text>
                <text font="EUYBLA+KaiTi_GB2312" bbox="409.962,246.154,419.082,255.274" colourspace="ICCBased" ncolour="[0]" size="9.120">可</text>
                <text font="EUYBLA+KaiTi_GB2312" bbox="418.845,246.154,427.965,255.274" colourspace="ICCBased" ncolour="[0]" size="9.120">卡</text>
                <text font="EUYBLA+KaiTi_GB2312" bbox="427.965,246.154,437.085,255.274" colourspace="ICCBased" ncolour="[0]" size="9.120">因</text>
                <text font="EUYBLA+KaiTi_GB2312" bbox="436.847,246.154,445.967,255.274" colourspace="ICCBased" ncolour="[0]" size="9.120">以</text>
                <text font="EUYBLA+KaiTi_GB2312" bbox="445.730,246.154,454.850,255.274" colourspace="ICCBased" ncolour="[0]" size="9.120">及</text>
                <text font="EUYBLA+KaiTi_GB2312" bbox="454.850,246.154,463.970,255.274" colourspace="ICCBased" ncolour="[0]" size="9.120">国</text>
                <text font="EUYBLA+KaiTi_GB2312" bbox="463.733,246.154,472.853,255.274" colourspace="ICCBased" ncolour="[0]" size="9.120">家</text>
                <text font="EUYBLA+KaiTi_GB2312" bbox="472.853,246.154,481.973,255.274" colourspace="ICCBased" ncolour="[0]" size="9.120">规</text>
                <text font="EUYBLA+KaiTi_GB2312" bbox="481.736,246.154,490.856,255.274" colourspace="ICCBased" ncolour="[0]" size="9.120">定</text>
                <text font="EUYBLA+KaiTi_GB2312" bbox="490.856,246.154,499.976,255.274" colourspace="ICCBased" ncolour="[0]" size="9.120">管</text>
                <text font="EUYBLA+KaiTi_GB2312" bbox="499.739,246.154,508.859,255.274" colourspace="ICCBased" ncolour="[0]" size="9.120">制</text>
                <text font="EUYBLA+KaiTi_GB2312" bbox="508.859,246.154,517.979,255.274" colourspace="ICCBased" ncolour="[0]" size="9.120">的</text>
                <text font="EUYBLA+KaiTi_GB2312" bbox="517.742,246.154,526.862,255.274" colourspace="ICCBased" ncolour="[0]" size="9.120">其</text>
                <text font="EUYBLA+KaiTi_GB2312" bbox="526.862,246.154,535.982,255.274" colourspace="ICCBased" ncolour="[0]" size="9.120">他</text>
                <text font="EUYBLA+KaiTi_GB2312" bbox="535.745,246.154,544.865,255.274" colourspace="ICCBased" ncolour="[0]" size="9.120">能</text>
                <text>
                </text>
            </textline>
            <textline bbox="60.244,230.720,539.400,241.357">
                <text font="EUYBLA+KaiTi_GB2312" bbox="60.244,232.237,69.364,241.357" colourspace="ICCBased" ncolour="[0]" size="9.120">够</text>
                <text font="EUYBLA+KaiTi_GB2312" bbox="69.364,232.237,78.484,241.357" colourspace="ICCBased" ncolour="[0]" size="9.120">使</text>
                <text font="EUYBLA+KaiTi_GB2312" bbox="78.247,232.237,87.367,241.357" colourspace="ICCBased" ncolour="[0]" size="9.120">人</text>
                <text font="EUYBLA+KaiTi_GB2312" bbox="87.367,232.237,96.487,241.357" colourspace="ICCBased" ncolour="[0]" size="9.120">形</text>
                <text font="EUYBLA+KaiTi_GB2312" bbox="96.250,232.237,105.370,241.357" colourspace="ICCBased" ncolour="[0]" size="9.120">成</text>
                <text font="EUYBLA+KaiTi_GB2312" bbox="105.370,232.237,114.490,241.357" colourspace="ICCBased" ncolour="[0]" size="9.120">瘾</text>
                <text font="EUYBLA+KaiTi_GB2312" bbox="114.253,232.237,123.373,241.357" colourspace="ICCBased" ncolour="[0]" size="9.120">癖</text>
                <text font="EUYBLA+KaiTi_GB2312" bbox="123.373,232.237,132.493,241.357" colourspace="ICCBased" ncolour="[0]" size="9.120">的</text>
                <text font="EUYBLA+KaiTi_GB2312" bbox="132.256,232.237,141.376,241.357" colourspace="ICCBased" ncolour="[0]" size="9.120">麻</text>
                <text font="EUYBLA+KaiTi_GB2312" bbox="141.376,232.237,150.496,241.357" colourspace="ICCBased" ncolour="[0]" size="9.120">醉</text>
                <text font="EUYBLA+KaiTi_GB2312" bbox="150.259,232.237,159.379,241.357" colourspace="ICCBased" ncolour="[0]" size="9.120">药</text>
                <text font="EUYBLA+KaiTi_GB2312" bbox="159.379,232.237,168.499,241.357" colourspace="ICCBased" ncolour="[0]" size="9.120">品</text>
                <text font="EUYBLA+KaiTi_GB2312" bbox="168.262,232.237,177.382,241.357" colourspace="ICCBased" ncolour="[0]" size="9.120">和</text>
                <text font="EUYBLA+KaiTi_GB2312" bbox="177.382,232.237,186.502,241.357" colourspace="ICCBased" ncolour="[0]" size="9.120">精</text>
                <text font="EUYBLA+KaiTi_GB2312" bbox="186.264,232.237,195.384,241.357" colourspace="ICCBased" ncolour="[0]" size="9.120">神</text>
                <text font="EUYBLA+KaiTi_GB2312" bbox="195.384,232.237,204.504,241.357" colourspace="ICCBased" ncolour="[0]" size="9.120">药</text>
                <text font="EUYBLA+KaiTi_GB2312" bbox="204.267,232.237,213.387,241.357" colourspace="ICCBased" ncolour="[0]" size="9.120">品</text>
                <text font="EUYBLA+KaiTi_GB2312" bbox="213.387,232.237,222.507,241.357" colourspace="ICCBased" ncolour="[0]" size="9.120">，</text>
                <text font="EUYBLA+KaiTi_GB2312" bbox="222.270,232.237,231.390,241.357" colourspace="ICCBased" ncolour="[0]" size="9.120">但</text>
                <text font="EUYBLA+KaiTi_GB2312" bbox="231.390,232.237,240.510,241.357" colourspace="ICCBased" ncolour="[0]" size="9.120">不</text>
                <text font="EUYBLA+KaiTi_GB2312" bbox="240.273,232.237,249.393,241.357" colourspace="ICCBased" ncolour="[0]" size="9.120">包</text>
                <text font="EUYBLA+KaiTi_GB2312" bbox="249.393,232.237,258.513,241.357" colourspace="ICCBased" ncolour="[0]" size="9.120">括</text>
                <text font="EUYBLA+KaiTi_GB2312" bbox="258.276,232.237,267.396,241.357" colourspace="ICCBased" ncolour="[0]" size="9.120">由</text>
                <text font="EUYBLA+KaiTi_GB2312" bbox="267.396,232.237,276.516,241.357" colourspace="ICCBased" ncolour="[0]" size="9.120">医</text>
                <text font="EUYBLA+KaiTi_GB2312" bbox="276.279,232.237,285.399,241.357" colourspace="ICCBased" ncolour="[0]" size="9.120">生</text>
                <text font="EUYBLA+KaiTi_GB2312" bbox="285.399,232.237,294.519,241.357" colourspace="ICCBased" ncolour="[0]" size="9.120">开</text>
                <text font="EUYBLA+KaiTi_GB2312" bbox="294.282,232.237,303.402,241.357" colourspace="ICCBased" ncolour="[0]" size="9.120">具</text>
                <text font="EUYBLA+KaiTi_GB2312" bbox="303.165,232.237,312.285,241.357" colourspace="ICCBased" ncolour="[0]" size="9.120">并</text>
                <text font="EUYBLA+KaiTi_GB2312" bbox="312.285,232.237,321.405,241.357" colourspace="ICCBased" ncolour="[0]" size="9.120">遵</text>
                <text font="EUYBLA+KaiTi_GB2312" bbox="321.168,232.237,330.288,241.357" colourspace="ICCBased" ncolour="[0]" size="9.120">医</text>
                <text font="EUYBLA+KaiTi_GB2312" bbox="330.288,232.237,339.408,241.357" colourspace="ICCBased" ncolour="[0]" size="9.120">嘱</text>
                <text font="EUYBLA+KaiTi_GB2312" bbox="339.170,232.237,348.290,241.357" colourspace="ICCBased" ncolour="[0]" size="9.120">使</text>
                <text font="EUYBLA+KaiTi_GB2312" bbox="348.290,232.237,357.410,241.357" colourspace="ICCBased" ncolour="[0]" size="9.120">用</text>
                <text font="EUYBLA+KaiTi_GB2312" bbox="357.173,232.237,366.293,241.357" colourspace="ICCBased" ncolour="[0]" size="9.120">的</text>
                <text font="EUYBLA+KaiTi_GB2312" bbox="366.293,232.237,375.413,241.357" colourspace="ICCBased" ncolour="[0]" size="9.120">用</text>
                <text font="EUYBLA+KaiTi_GB2312" bbox="375.176,232.237,384.296,241.357" colourspace="ICCBased" ncolour="[0]" size="9.120">于</text>
                <text font="EUYBLA+KaiTi_GB2312" bbox="384.297,232.237,393.417,241.357" colourspace="ICCBased" ncolour="[0]" size="9.120">治</text>
                <text font="EUYBLA+KaiTi_GB2312" bbox="393.180,232.237,402.300,241.357" colourspace="ICCBased" ncolour="[0]" size="9.120">疗</text>
                <text font="EUYBLA+KaiTi_GB2312" bbox="402.300,232.237,411.420,241.357" colourspace="ICCBased" ncolour="[0]" size="9.120">疾</text>
                <text font="EUYBLA+KaiTi_GB2312" bbox="411.183,232.237,420.303,241.357" colourspace="ICCBased" ncolour="[0]" size="9.120">病</text>
                <text font="EUYBLA+KaiTi_GB2312" bbox="420.303,232.237,429.423,241.357" colourspace="ICCBased" ncolour="[0]" size="9.120">但</text>
                <text font="EUYBLA+KaiTi_GB2312" bbox="429.186,232.237,438.306,241.357" colourspace="ICCBased" ncolour="[0]" size="9.120">含</text>
                <text font="EUYBLA+KaiTi_GB2312" bbox="438.306,232.237,447.426,241.357" colourspace="ICCBased" ncolour="[0]" size="9.120">有</text>
                <text font="EUYBLA+KaiTi_GB2312" bbox="447.189,232.237,456.309,241.357" colourspace="ICCBased" ncolour="[0]" size="9.120">毒</text>
                <text font="EUYBLA+KaiTi_GB2312" bbox="456.309,232.237,465.429,241.357" colourspace="ICCBased" ncolour="[0]" size="9.120">品</text>
                <text font="EUYBLA+KaiTi_GB2312" bbox="465.191,232.237,474.311,241.357" colourspace="ICCBased" ncolour="[0]" size="9.120">成</text>
                <text font="EUYBLA+KaiTi_GB2312" bbox="474.311,232.237,483.431,241.357" colourspace="ICCBased" ncolour="[0]" size="9.120">分</text>
                <text font="EUYBLA+KaiTi_GB2312" bbox="483.194,232.237,492.314,241.357" colourspace="ICCBased" ncolour="[0]" size="9.120">的</text>
                <text font="EUYBLA+KaiTi_GB2312" bbox="492.314,232.237,501.434,241.357" colourspace="ICCBased" ncolour="[0]" size="9.120">处</text>
                <text font="EUYBLA+KaiTi_GB2312" bbox="501.197,232.237,510.317,241.357" colourspace="ICCBased" ncolour="[0]" size="9.120">方</text>
                <text font="EUYBLA+KaiTi_GB2312" bbox="510.317,232.237,519.437,241.357" colourspace="ICCBased" ncolour="[0]" size="9.120">药</text>
                <text font="EUYBLA+KaiTi_GB2312" bbox="519.200,232.237,528.320,241.357" colourspace="ICCBased" ncolour="[0]" size="9.120">品</text>
                <text font="EUYBLA+KaiTi_GB2312" bbox="528.320,232.237,537.440,241.357" colourspace="ICCBased" ncolour="[0]" size="9.120">。</text>
                <text font="TimesNewRomanPSMT" bbox="537.120,230.720,539.400,239.840" colourspace="ICCBased" ncolour="[0]" size="9.120"> </text>
                <text>
                </text>
            </textline>
            <textline bbox="51.120,218.074,544.396,227.837">
                <text font="EUYBLA+KaiTi_GB2312" bbox="51.120,223.277,53.400,227.837" colourspace="ICCBased" ncolour="[0]" size="4.560">5</text>
                <text font="EUYBLA+KaiTi_GB2312" bbox="53.760,218.074,58.320,227.194" colourspace="ICCBased" ncolour="[0]" size="9.120"> </text>
                <text font="EUYBLA+KaiTi_GB2312" bbox="58.320,218.074,67.440,227.194" colourspace="ICCBased" ncolour="[0]" size="9.120">酒</text>
                <text font="EUYBLA+KaiTi_GB2312" bbox="67.440,218.074,76.560,227.194" colourspace="ICCBased" ncolour="[0]" size="9.120">后</text>
                <text font="EUYBLA+KaiTi_GB2312" bbox="76.560,218.074,85.680,227.194" colourspace="ICCBased" ncolour="[0]" size="9.120">驾</text>
                <text font="EUYBLA+KaiTi_GB2312" bbox="85.440,218.074,94.560,227.194" colourspace="ICCBased" ncolour="[0]" size="9.120">驶</text>
                <text font="EUYBLA+KaiTi_GB2312" bbox="94.560,218.074,103.680,227.194" colourspace="ICCBased" ncolour="[0]" size="9.120">指</text>
                <text font="EUYBLA+KaiTi_GB2312" bbox="103.443,218.074,112.563,227.194" colourspace="ICCBased" ncolour="[0]" size="9.120">经</text>
                <text font="EUYBLA+KaiTi_GB2312" bbox="112.563,218.074,121.683,227.194" colourspace="ICCBased" ncolour="[0]" size="9.120">检</text>
                <text font="EUYBLA+KaiTi_GB2312" bbox="121.446,218.074,130.566,227.194" colourspace="ICCBased" ncolour="[0]" size="9.120">测</text>
                <text font="EUYBLA+KaiTi_GB2312" bbox="130.566,218.074,139.686,227.194" colourspace="ICCBased" ncolour="[0]" size="9.120">或</text>
                <text font="EUYBLA+KaiTi_GB2312" bbox="139.449,218.074,148.569,227.194" colourspace="ICCBased" ncolour="[0]" size="9.120">鉴</text>
                <text font="EUYBLA+KaiTi_GB2312" bbox="148.570,218.074,157.690,227.194" colourspace="ICCBased" ncolour="[0]" size="9.120">定</text>
                <text font="EUYBLA+KaiTi_GB2312" bbox="157.452,218.074,166.572,227.194" colourspace="ICCBased" ncolour="[0]" size="9.120">，</text>
                <text font="EUYBLA+KaiTi_GB2312" bbox="166.572,218.074,175.692,227.194" colourspace="ICCBased" ncolour="[0]" size="9.120">发</text>
                <text font="EUYBLA+KaiTi_GB2312" bbox="175.455,218.074,184.575,227.194" colourspace="ICCBased" ncolour="[0]" size="9.120">生</text>
                <text font="EUYBLA+KaiTi_GB2312" bbox="184.575,218.074,193.695,227.194" colourspace="ICCBased" ncolour="[0]" size="9.120">事</text>
                <text font="EUYBLA+KaiTi_GB2312" bbox="193.458,218.074,202.578,227.194" colourspace="ICCBased" ncolour="[0]" size="9.120">故</text>
                <text font="EUYBLA+KaiTi_GB2312" bbox="202.578,218.074,211.698,227.194" colourspace="ICCBased" ncolour="[0]" size="9.120">时</text>
                <text font="EUYBLA+KaiTi_GB2312" bbox="211.461,218.074,220.581,227.194" colourspace="ICCBased" ncolour="[0]" size="9.120">车</text>
                <text font="EUYBLA+KaiTi_GB2312" bbox="220.581,218.074,229.701,227.194" colourspace="ICCBased" ncolour="[0]" size="9.120">辆</text>
                <text font="EUYBLA+KaiTi_GB2312" bbox="229.464,218.074,238.584,227.194" colourspace="ICCBased" ncolour="[0]" size="9.120">驾</text>
                <text font="EUYBLA+KaiTi_GB2312" bbox="238.584,218.074,247.704,227.194" colourspace="ICCBased" ncolour="[0]" size="9.120">驶</text>
                <text font="EUYBLA+KaiTi_GB2312" bbox="247.467,218.074,256.587,227.194" colourspace="ICCBased" ncolour="[0]" size="9.120">人</text>
                <text font="EUYBLA+KaiTi_GB2312" bbox="256.587,218.074,265.707,227.194" colourspace="ICCBased" ncolour="[0]" size="9.120">员</text>
                <text font="EUYBLA+KaiTi_GB2312" bbox="265.470,218.074,274.590,227.194" colourspace="ICCBased" ncolour="[0]" size="9.120">每</text>
                <text font="EUYBLA+KaiTi_GB2312" bbox="274.590,218.074,283.710,227.194" colourspace="ICCBased" ncolour="[0]" size="9.120">百</text>
                <text font="EUYBLA+KaiTi_GB2312" bbox="283.473,218.074,292.593,227.194" colourspace="ICCBased" ncolour="[0]" size="9.120">毫</text>
                <text font="EUYBLA+KaiTi_GB2312" bbox="292.355,218.074,301.475,227.194" colourspace="ICCBased" ncolour="[0]" size="9.120">升</text>
                <text font="EUYBLA+KaiTi_GB2312" bbox="301.475,218.074,310.595,227.194" colourspace="ICCBased" ncolour="[0]" size="9.120">血</text>
                <text font="EUYBLA+KaiTi_GB2312" bbox="310.358,218.074,319.478,227.194" colourspace="ICCBased" ncolour="[0]" size="9.120">液</text>
                <text font="EUYBLA+KaiTi_GB2312" bbox="319.478,218.074,328.598,227.194" colourspace="ICCBased" ncolour="[0]" size="9.120">中</text>
                <text font="EUYBLA+KaiTi_GB2312" bbox="328.361,218.074,337.481,227.194" colourspace="ICCBased" ncolour="[0]" size="9.120">的</text>
                <text font="EUYBLA+KaiTi_GB2312" bbox="337.481,218.074,346.601,227.194" colourspace="ICCBased" ncolour="[0]" size="9.120">酒</text>
                <text font="EUYBLA+KaiTi_GB2312" bbox="346.364,218.074,355.484,227.194" colourspace="ICCBased" ncolour="[0]" size="9.120">精</text>
                <text font="EUYBLA+KaiTi_GB2312" bbox="355.484,218.074,364.604,227.194" colourspace="ICCBased" ncolour="[0]" size="9.120">含</text>
                <text font="EUYBLA+KaiTi_GB2312" bbox="364.367,218.074,373.487,227.194" colourspace="ICCBased" ncolour="[0]" size="9.120">量</text>
                <text font="EUYBLA+KaiTi_GB2312" bbox="373.487,218.074,382.607,227.194" colourspace="ICCBased" ncolour="[0]" size="9.120">达</text>
                <text font="EUYBLA+KaiTi_GB2312" bbox="382.370,218.074,391.490,227.194" colourspace="ICCBased" ncolour="[0]" size="9.120">到</text>
                <text font="EUYBLA+KaiTi_GB2312" bbox="391.490,218.074,400.610,227.194" colourspace="ICCBased" ncolour="[0]" size="9.120">或</text>
                <text font="EUYBLA+KaiTi_GB2312" bbox="400.373,218.074,409.493,227.194" colourspace="ICCBased" ncolour="[0]" size="9.120">超</text>
                <text font="EUYBLA+KaiTi_GB2312" bbox="409.493,218.074,418.613,227.194" colourspace="ICCBased" ncolour="[0]" size="9.120">过</text>
                <text font="EUYBLA+KaiTi_GB2312" bbox="418.376,218.074,427.496,227.194" colourspace="ICCBased" ncolour="[0]" size="9.120">一</text>
                <text font="EUYBLA+KaiTi_GB2312" bbox="427.496,218.074,436.616,227.194" colourspace="ICCBased" ncolour="[0]" size="9.120">定</text>
                <text font="EUYBLA+KaiTi_GB2312" bbox="436.379,218.074,445.499,227.194" colourspace="ICCBased" ncolour="[0]" size="9.120">的</text>
                <text font="EUYBLA+KaiTi_GB2312" bbox="445.499,218.074,454.619,227.194" colourspace="ICCBased" ncolour="[0]" size="9.120">标</text>
                <text font="EUYBLA+KaiTi_GB2312" bbox="454.381,218.074,463.501,227.194" colourspace="ICCBased" ncolour="[0]" size="9.120">准</text>
                <text font="EUYBLA+KaiTi_GB2312" bbox="463.501,218.074,472.621,227.194" colourspace="ICCBased" ncolour="[0]" size="9.120">，</text>
                <text font="EUYBLA+KaiTi_GB2312" bbox="472.384,218.074,481.504,227.194" colourspace="ICCBased" ncolour="[0]" size="9.120">公</text>
                <text font="EUYBLA+KaiTi_GB2312" bbox="481.504,218.074,490.624,227.194" colourspace="ICCBased" ncolour="[0]" size="9.120">安</text>
                <text font="EUYBLA+KaiTi_GB2312" bbox="490.387,218.074,499.507,227.194" colourspace="ICCBased" ncolour="[0]" size="9.120">机</text>
                <text font="EUYBLA+KaiTi_GB2312" bbox="499.507,218.074,508.627,227.194" colourspace="ICCBased" ncolour="[0]" size="9.120">关</text>
                <text font="EUYBLA+KaiTi_GB2312" bbox="508.390,218.074,517.510,227.194" colourspace="ICCBased" ncolour="[0]" size="9.120">交</text>
                <text font="EUYBLA+KaiTi_GB2312" bbox="517.510,218.074,526.630,227.194" colourspace="ICCBased" ncolour="[0]" size="9.120">通</text>
                <text font="EUYBLA+KaiTi_GB2312" bbox="526.393,218.074,535.513,227.194" colourspace="ICCBased" ncolour="[0]" size="9.120">管</text>
                <text font="EUYBLA+KaiTi_GB2312" bbox="535.276,218.074,544.396,227.194" colourspace="ICCBased" ncolour="[0]" size="9.120">理</text>
                <text>
                </text>
            </textline>
        </textbox>
        <textbox id="20" bbox="60.241,202.640,404.280,213.277">
            <textline bbox="60.241,202.640,404.280,213.277">
                <text font="EUYBLA+KaiTi_GB2312" bbox="60.241,204.157,69.361,213.277" colourspace="ICCBased" ncolour="[0]" size="9.120">部</text>
                <text font="EUYBLA+KaiTi_GB2312" bbox="69.361,204.157,78.481,213.277" colourspace="ICCBased" ncolour="[0]" size="9.120">门</text>
                <text font="EUYBLA+KaiTi_GB2312" bbox="78.244,204.157,87.364,213.277" colourspace="ICCBased" ncolour="[0]" size="9.120">依</text>
                <text font="EUYBLA+KaiTi_GB2312" bbox="87.364,204.157,96.484,213.277" colourspace="ICCBased" ncolour="[0]" size="9.120">据</text>
                <text font="EUYBLA+KaiTi_GB2312" bbox="96.247,204.157,105.367,213.277" colourspace="ICCBased" ncolour="[0]" size="9.120">《</text>
                <text font="EUYBLA+KaiTi_GB2312" bbox="105.358,204.157,114.478,213.277" colourspace="ICCBased" ncolour="[0]" size="9.120">中</text>
                <text font="EUYBLA+KaiTi_GB2312" bbox="114.241,204.157,123.361,213.277" colourspace="ICCBased" ncolour="[0]" size="9.120">华</text>
                <text font="EUYBLA+KaiTi_GB2312" bbox="123.361,204.157,132.481,213.277" colourspace="ICCBased" ncolour="[0]" size="9.120">人</text>
                <text font="EUYBLA+KaiTi_GB2312" bbox="132.244,204.157,141.364,213.277" colourspace="ICCBased" ncolour="[0]" size="9.120">民</text>
                <text font="EUYBLA+KaiTi_GB2312" bbox="141.364,204.157,150.484,213.277" colourspace="ICCBased" ncolour="[0]" size="9.120">共</text>
                <text font="EUYBLA+KaiTi_GB2312" bbox="150.247,204.157,159.367,213.277" colourspace="ICCBased" ncolour="[0]" size="9.120">和</text>
                <text font="EUYBLA+KaiTi_GB2312" bbox="159.368,204.157,168.488,213.277" colourspace="ICCBased" ncolour="[0]" size="9.120">国</text>
                <text font="EUYBLA+KaiTi_GB2312" bbox="168.488,204.157,177.608,213.277" colourspace="ICCBased" ncolour="[0]" size="9.120">道</text>
                <text font="EUYBLA+KaiTi_GB2312" bbox="177.608,204.157,186.728,213.277" colourspace="ICCBased" ncolour="[0]" size="9.120">路</text>
                <text font="EUYBLA+KaiTi_GB2312" bbox="186.488,204.157,195.608,213.277" colourspace="ICCBased" ncolour="[0]" size="9.120">交</text>
                <text font="EUYBLA+KaiTi_GB2312" bbox="195.608,204.157,204.728,213.277" colourspace="ICCBased" ncolour="[0]" size="9.120">通</text>
                <text font="EUYBLA+KaiTi_GB2312" bbox="204.488,204.157,213.608,213.277" colourspace="ICCBased" ncolour="[0]" size="9.120">安</text>
                <text font="EUYBLA+KaiTi_GB2312" bbox="213.608,204.157,222.728,213.277" colourspace="ICCBased" ncolour="[0]" size="9.120">全</text>
                <text font="EUYBLA+KaiTi_GB2312" bbox="222.488,204.157,231.608,213.277" colourspace="ICCBased" ncolour="[0]" size="9.120">法</text>
                <text font="EUYBLA+KaiTi_GB2312" bbox="231.608,204.157,240.728,213.277" colourspace="ICCBased" ncolour="[0]" size="9.120">》</text>
                <text font="EUYBLA+KaiTi_GB2312" bbox="240.488,204.157,249.608,213.277" colourspace="ICCBased" ncolour="[0]" size="9.120">的</text>
                <text font="EUYBLA+KaiTi_GB2312" bbox="249.608,204.157,258.728,213.277" colourspace="ICCBased" ncolour="[0]" size="9.120">规</text>
                <text font="EUYBLA+KaiTi_GB2312" bbox="258.488,204.157,267.608,213.277" colourspace="ICCBased" ncolour="[0]" size="9.120">定</text>
                <text font="EUYBLA+KaiTi_GB2312" bbox="267.608,204.157,276.728,213.277" colourspace="ICCBased" ncolour="[0]" size="9.120">认</text>
                <text font="EUYBLA+KaiTi_GB2312" bbox="276.488,204.157,285.608,213.277" colourspace="ICCBased" ncolour="[0]" size="9.120">定</text>
                <text font="EUYBLA+KaiTi_GB2312" bbox="285.608,204.157,294.728,213.277" colourspace="ICCBased" ncolour="[0]" size="9.120">为</text>
                <text font="EUYBLA+KaiTi_GB2312" bbox="294.242,204.157,303.362,213.277" colourspace="ICCBased" ncolour="[0]" size="9.120">饮</text>
                <text font="EUYBLA+KaiTi_GB2312" bbox="303.125,204.157,312.245,213.277" colourspace="ICCBased" ncolour="[0]" size="9.120">酒</text>
                <text font="EUYBLA+KaiTi_GB2312" bbox="312.245,204.157,321.365,213.277" colourspace="ICCBased" ncolour="[0]" size="9.120">后</text>
                <text font="EUYBLA+KaiTi_GB2312" bbox="321.128,204.157,330.248,213.277" colourspace="ICCBased" ncolour="[0]" size="9.120">驾</text>
                <text font="EUYBLA+KaiTi_GB2312" bbox="330.248,204.157,339.368,213.277" colourspace="ICCBased" ncolour="[0]" size="9.120">驶</text>
                <text font="EUYBLA+KaiTi_GB2312" bbox="339.131,204.157,348.251,213.277" colourspace="ICCBased" ncolour="[0]" size="9.120">或</text>
                <text font="EUYBLA+KaiTi_GB2312" bbox="348.242,204.157,357.362,213.277" colourspace="ICCBased" ncolour="[0]" size="9.120">醉</text>
                <text font="EUYBLA+KaiTi_GB2312" bbox="357.125,204.157,366.245,213.277" colourspace="ICCBased" ncolour="[0]" size="9.120">酒</text>
                <text font="EUYBLA+KaiTi_GB2312" bbox="366.245,204.157,375.365,213.277" colourspace="ICCBased" ncolour="[0]" size="9.120">后</text>
                <text font="EUYBLA+KaiTi_GB2312" bbox="375.128,204.157,384.248,213.277" colourspace="ICCBased" ncolour="[0]" size="9.120">驾</text>
                <text font="EUYBLA+KaiTi_GB2312" bbox="384.248,204.157,393.368,213.277" colourspace="ICCBased" ncolour="[0]" size="9.120">驶</text>
                <text font="EUYBLA+KaiTi_GB2312" bbox="393.131,204.157,402.251,213.277" colourspace="ICCBased" ncolour="[0]" size="9.120">。</text>
                <text font="TimesNewRomanPSMT" bbox="402.000,202.640,404.280,211.760" colourspace="ICCBased" ncolour="[0]" size="9.120"> </text>
                <text>
                </text>
            </textline>
        </textbox>
        <textbox id="21" bbox="51.120,176.074,544.832,199.997">
            <textline bbox="51.120,188.720,519.480,199.997">
                <text font="EUYBLA+KaiTi_GB2312" bbox="51.120,195.437,53.400,199.997" colourspace="ICCBased" ncolour="[0]" size="4.560">6</text>
                <text font="EUYBLA+KaiTi_GB2312" bbox="53.760,190.234,58.320,199.354" colourspace="ICCBased" ncolour="[0]" size="9.120"> </text>
                <text font="EUYBLA+KaiTi_GB2312" bbox="58.320,190.234,67.440,199.354" colourspace="ICCBased" ncolour="[0]" size="9.120">机</text>
                <text font="EUYBLA+KaiTi_GB2312" bbox="67.440,190.234,76.560,199.354" colourspace="ICCBased" ncolour="[0]" size="9.120">动</text>
                <text font="EUYBLA+KaiTi_GB2312" bbox="76.560,190.234,85.680,199.354" colourspace="ICCBased" ncolour="[0]" size="9.120">车</text>
                <text font="EUYBLA+KaiTi_GB2312" bbox="85.680,190.234,94.800,199.354" colourspace="ICCBased" ncolour="[0]" size="9.120">指</text>
                <text font="EUYBLA+KaiTi_GB2312" bbox="94.563,190.234,103.683,199.354" colourspace="ICCBased" ncolour="[0]" size="9.120">以</text>
                <text font="EUYBLA+KaiTi_GB2312" bbox="103.446,190.234,112.566,199.354" colourspace="ICCBased" ncolour="[0]" size="9.120">动</text>
                <text font="EUYBLA+KaiTi_GB2312" bbox="112.566,190.234,121.686,199.354" colourspace="ICCBased" ncolour="[0]" size="9.120">力</text>
                <text font="EUYBLA+KaiTi_GB2312" bbox="121.449,190.234,130.569,199.354" colourspace="ICCBased" ncolour="[0]" size="9.120">装</text>
                <text font="EUYBLA+KaiTi_GB2312" bbox="130.570,190.234,139.690,199.354" colourspace="ICCBased" ncolour="[0]" size="9.120">置</text>
                <text font="EUYBLA+KaiTi_GB2312" bbox="139.452,190.234,148.572,199.354" colourspace="ICCBased" ncolour="[0]" size="9.120">驱</text>
                <text font="EUYBLA+KaiTi_GB2312" bbox="148.572,190.234,157.692,199.354" colourspace="ICCBased" ncolour="[0]" size="9.120">动</text>
                <text font="EUYBLA+KaiTi_GB2312" bbox="157.455,190.234,166.575,199.354" colourspace="ICCBased" ncolour="[0]" size="9.120">或</text>
                <text font="EUYBLA+KaiTi_GB2312" bbox="166.575,190.234,175.695,199.354" colourspace="ICCBased" ncolour="[0]" size="9.120">者</text>
                <text font="EUYBLA+KaiTi_GB2312" bbox="175.458,190.234,184.578,199.354" colourspace="ICCBased" ncolour="[0]" size="9.120">牵</text>
                <text font="EUYBLA+KaiTi_GB2312" bbox="184.578,190.234,193.698,199.354" colourspace="ICCBased" ncolour="[0]" size="9.120">引</text>
                <text font="EUYBLA+KaiTi_GB2312" bbox="193.461,190.234,202.581,199.354" colourspace="ICCBased" ncolour="[0]" size="9.120">，</text>
                <text font="EUYBLA+KaiTi_GB2312" bbox="202.581,190.234,211.701,199.354" colourspace="ICCBased" ncolour="[0]" size="9.120">上</text>
                <text font="EUYBLA+KaiTi_GB2312" bbox="211.464,190.234,220.584,199.354" colourspace="ICCBased" ncolour="[0]" size="9.120">道</text>
                <text font="EUYBLA+KaiTi_GB2312" bbox="220.584,190.234,229.704,199.354" colourspace="ICCBased" ncolour="[0]" size="9.120">路</text>
                <text font="EUYBLA+KaiTi_GB2312" bbox="229.467,190.234,238.587,199.354" colourspace="ICCBased" ncolour="[0]" size="9.120">行</text>
                <text font="EUYBLA+KaiTi_GB2312" bbox="238.587,190.234,247.707,199.354" colourspace="ICCBased" ncolour="[0]" size="9.120">驶</text>
                <text font="EUYBLA+KaiTi_GB2312" bbox="247.470,190.234,256.590,199.354" colourspace="ICCBased" ncolour="[0]" size="9.120">的</text>
                <text font="EUYBLA+KaiTi_GB2312" bbox="256.590,190.234,265.710,199.354" colourspace="ICCBased" ncolour="[0]" size="9.120">供</text>
                <text font="EUYBLA+KaiTi_GB2312" bbox="265.473,190.234,274.593,199.354" colourspace="ICCBased" ncolour="[0]" size="9.120">人</text>
                <text font="EUYBLA+KaiTi_GB2312" bbox="274.593,190.234,283.713,199.354" colourspace="ICCBased" ncolour="[0]" size="9.120">员</text>
                <text font="EUYBLA+KaiTi_GB2312" bbox="283.475,190.234,292.595,199.354" colourspace="ICCBased" ncolour="[0]" size="9.120">乘</text>
                <text font="EUYBLA+KaiTi_GB2312" bbox="292.358,190.234,301.478,199.354" colourspace="ICCBased" ncolour="[0]" size="9.120">用</text>
                <text font="EUYBLA+KaiTi_GB2312" bbox="301.478,190.234,310.598,199.354" colourspace="ICCBased" ncolour="[0]" size="9.120">或</text>
                <text font="EUYBLA+KaiTi_GB2312" bbox="310.361,190.234,319.481,199.354" colourspace="ICCBased" ncolour="[0]" size="9.120">者</text>
                <text font="EUYBLA+KaiTi_GB2312" bbox="319.481,190.234,328.601,199.354" colourspace="ICCBased" ncolour="[0]" size="9.120">用</text>
                <text font="EUYBLA+KaiTi_GB2312" bbox="328.364,190.234,337.484,199.354" colourspace="ICCBased" ncolour="[0]" size="9.120">于</text>
                <text font="EUYBLA+KaiTi_GB2312" bbox="337.484,190.234,346.604,199.354" colourspace="ICCBased" ncolour="[0]" size="9.120">运</text>
                <text font="EUYBLA+KaiTi_GB2312" bbox="346.367,190.234,355.487,199.354" colourspace="ICCBased" ncolour="[0]" size="9.120">送</text>
                <text font="EUYBLA+KaiTi_GB2312" bbox="355.487,190.234,364.607,199.354" colourspace="ICCBased" ncolour="[0]" size="9.120">物</text>
                <text font="EUYBLA+KaiTi_GB2312" bbox="364.370,190.234,373.490,199.354" colourspace="ICCBased" ncolour="[0]" size="9.120">品</text>
                <text font="EUYBLA+KaiTi_GB2312" bbox="373.490,190.234,382.610,199.354" colourspace="ICCBased" ncolour="[0]" size="9.120">以</text>
                <text font="EUYBLA+KaiTi_GB2312" bbox="382.373,190.234,391.493,199.354" colourspace="ICCBased" ncolour="[0]" size="9.120">及</text>
                <text font="EUYBLA+KaiTi_GB2312" bbox="391.493,190.234,400.613,199.354" colourspace="ICCBased" ncolour="[0]" size="9.120">进</text>
                <text font="EUYBLA+KaiTi_GB2312" bbox="400.376,190.234,409.496,199.354" colourspace="ICCBased" ncolour="[0]" size="9.120">行</text>
                <text font="EUYBLA+KaiTi_GB2312" bbox="409.496,190.234,418.616,199.354" colourspace="ICCBased" ncolour="[0]" size="9.120">工</text>
                <text font="EUYBLA+KaiTi_GB2312" bbox="418.379,190.234,427.499,199.354" colourspace="ICCBased" ncolour="[0]" size="9.120">程</text>
                <text font="EUYBLA+KaiTi_GB2312" bbox="427.499,190.234,436.619,199.354" colourspace="ICCBased" ncolour="[0]" size="9.120">专</text>
                <text font="EUYBLA+KaiTi_GB2312" bbox="436.381,190.234,445.501,199.354" colourspace="ICCBased" ncolour="[0]" size="9.120">项</text>
                <text font="EUYBLA+KaiTi_GB2312" bbox="445.501,190.234,454.621,199.354" colourspace="ICCBased" ncolour="[0]" size="9.120">作</text>
                <text font="EUYBLA+KaiTi_GB2312" bbox="454.384,190.234,463.504,199.354" colourspace="ICCBased" ncolour="[0]" size="9.120">业</text>
                <text font="EUYBLA+KaiTi_GB2312" bbox="463.504,190.234,472.624,199.354" colourspace="ICCBased" ncolour="[0]" size="9.120">的</text>
                <text font="EUYBLA+KaiTi_GB2312" bbox="472.387,190.234,481.507,199.354" colourspace="ICCBased" ncolour="[0]" size="9.120">轮</text>
                <text font="EUYBLA+KaiTi_GB2312" bbox="481.507,190.234,490.627,199.354" colourspace="ICCBased" ncolour="[0]" size="9.120">式</text>
                <text font="EUYBLA+KaiTi_GB2312" bbox="490.390,190.234,499.510,199.354" colourspace="ICCBased" ncolour="[0]" size="9.120">车</text>
                <text font="EUYBLA+KaiTi_GB2312" bbox="499.510,190.234,508.630,199.354" colourspace="ICCBased" ncolour="[0]" size="9.120">辆</text>
                <text font="EUYBLA+KaiTi_GB2312" bbox="508.393,190.234,517.513,199.354" colourspace="ICCBased" ncolour="[0]" size="9.120">。</text>
                <text font="TimesNewRomanPSMT" bbox="517.200,188.720,519.480,197.840" colourspace="ICCBased" ncolour="[0]" size="9.120"> </text>
                <text>
                </text>
            </textline>
            <textline bbox="51.120,176.074,544.832,187.622">
                <text font="EUYBLA+KaiTi_GB2312" bbox="51.120,182.102,53.880,187.622" colourspace="ICCBased" ncolour="[0]" size="5.520">7</text>
                <text font="EUYBLA+KaiTi_GB2312" bbox="54.240,176.074,58.800,185.194" colourspace="ICCBased" ncolour="[0]" size="9.120"> </text>
                <text font="EUYBLA+KaiTi_GB2312" bbox="58.800,176.074,67.920,185.194" colourspace="ICCBased" ncolour="[0]" size="9.120">感</text>
                <text font="EUYBLA+KaiTi_GB2312" bbox="67.920,176.074,77.040,185.194" colourspace="ICCBased" ncolour="[0]" size="9.120">染</text>
                <text font="EUYBLA+KaiTi_GB2312" bbox="77.040,176.074,86.160,185.194" colourspace="ICCBased" ncolour="[0]" size="9.120">艾</text>
                <text font="EUYBLA+KaiTi_GB2312" bbox="85.920,176.074,95.040,185.194" colourspace="ICCBased" ncolour="[0]" size="9.120">滋</text>
                <text font="EUYBLA+KaiTi_GB2312" bbox="95.040,176.074,104.160,185.194" colourspace="ICCBased" ncolour="[0]" size="9.120">病</text>
                <text font="EUYBLA+KaiTi_GB2312" bbox="104.160,176.074,113.280,185.194" colourspace="ICCBased" ncolour="[0]" size="9.120">病</text>
                <text font="EUYBLA+KaiTi_GB2312" bbox="113.040,176.074,122.160,185.194" colourspace="ICCBased" ncolour="[0]" size="9.120">毒</text>
                <text font="EUYBLA+KaiTi_GB2312" bbox="122.160,176.074,131.280,185.194" colourspace="ICCBased" ncolour="[0]" size="9.120">或</text>
                <text font="EUYBLA+KaiTi_GB2312" bbox="131.280,176.074,140.400,185.194" colourspace="ICCBased" ncolour="[0]" size="9.120">患</text>
                <text font="EUYBLA+KaiTi_GB2312" bbox="140.160,176.074,149.280,185.194" colourspace="ICCBased" ncolour="[0]" size="9.120">艾</text>
                <text font="EUYBLA+KaiTi_GB2312" bbox="149.280,176.074,158.400,185.194" colourspace="ICCBased" ncolour="[0]" size="9.120">滋</text>
                <text font="EUYBLA+KaiTi_GB2312" bbox="158.400,176.074,167.520,185.194" colourspace="ICCBased" ncolour="[0]" size="9.120">病</text>
                <text font="EUYBLA+KaiTi_GB2312" bbox="167.280,176.074,176.400,185.194" colourspace="ICCBased" ncolour="[0]" size="9.120">：</text>
                <text font="EUYBLA+KaiTi_GB2312" bbox="176.400,176.074,185.520,185.194" colourspace="ICCBased" ncolour="[0]" size="9.120">艾</text>
                <text font="EUYBLA+KaiTi_GB2312" bbox="185.280,176.074,194.400,185.194" colourspace="ICCBased" ncolour="[0]" size="9.120">滋</text>
                <text font="EUYBLA+KaiTi_GB2312" bbox="194.400,176.074,203.520,185.194" colourspace="ICCBased" ncolour="[0]" size="9.120">病</text>
                <text font="EUYBLA+KaiTi_GB2312" bbox="203.280,176.074,212.400,185.194" colourspace="ICCBased" ncolour="[0]" size="9.120">病</text>
                <text font="EUYBLA+KaiTi_GB2312" bbox="212.400,176.074,221.520,185.194" colourspace="ICCBased" ncolour="[0]" size="9.120">毒</text>
                <text font="EUYBLA+KaiTi_GB2312" bbox="221.280,176.074,230.400,185.194" colourspace="ICCBased" ncolour="[0]" size="9.120">指</text>
                <text font="EUYBLA+KaiTi_GB2312" bbox="230.400,176.074,239.520,185.194" colourspace="ICCBased" ncolour="[0]" size="9.120">人</text>
                <text font="EUYBLA+KaiTi_GB2312" bbox="239.280,176.074,248.400,185.194" colourspace="ICCBased" ncolour="[0]" size="9.120">类</text>
                <text font="EUYBLA+KaiTi_GB2312" bbox="248.400,176.074,257.520,185.194" colourspace="ICCBased" ncolour="[0]" size="9.120">免</text>
                <text font="EUYBLA+KaiTi_GB2312" bbox="257.280,176.074,266.400,185.194" colourspace="ICCBased" ncolour="[0]" size="9.120">疫</text>
                <text font="EUYBLA+KaiTi_GB2312" bbox="266.400,176.074,275.520,185.194" colourspace="ICCBased" ncolour="[0]" size="9.120">缺</text>
                <text font="EUYBLA+KaiTi_GB2312" bbox="275.280,176.074,284.400,185.194" colourspace="ICCBased" ncolour="[0]" size="9.120">陷</text>
                <text font="EUYBLA+KaiTi_GB2312" bbox="284.400,176.074,293.520,185.194" colourspace="ICCBased" ncolour="[0]" size="9.120">病</text>
                <text font="EUYBLA+KaiTi_GB2312" bbox="293.280,176.074,302.400,185.194" colourspace="ICCBased" ncolour="[0]" size="9.120">毒</text>
                <text font="EUYBLA+KaiTi_GB2312" bbox="302.400,176.074,311.520,185.194" colourspace="ICCBased" ncolour="[0]" size="9.120">，</text>
                <text font="EUYBLA+KaiTi_GB2312" bbox="311.280,176.074,320.400,185.194" colourspace="ICCBased" ncolour="[0]" size="9.120">英</text>
                <text font="EUYBLA+KaiTi_GB2312" bbox="320.400,176.074,329.520,185.194" colourspace="ICCBased" ncolour="[0]" size="9.120">文</text>
                <text font="EUYBLA+KaiTi_GB2312" bbox="329.280,176.074,338.400,185.194" colourspace="ICCBased" ncolour="[0]" size="9.120">缩</text>
                <text font="EUYBLA+KaiTi_GB2312" bbox="338.400,176.074,347.520,185.194" colourspace="ICCBased" ncolour="[0]" size="9.120">写</text>
                <text font="EUYBLA+KaiTi_GB2312" bbox="347.520,176.074,356.640,185.194" colourspace="ICCBased" ncolour="[0]" size="9.120">为</text>
                <text> </text>
                <text font="EUYBLA+KaiTi_GB2312" bbox="360.480,176.074,365.040,185.194" colourspace="ICCBased" ncolour="[0]" size="9.120">H</text>
                <text font="EUYBLA+KaiTi_GB2312" bbox="364.803,176.074,369.363,185.194" colourspace="ICCBased" ncolour="[0]" size="9.120">I</text>
                <text font="EUYBLA+KaiTi_GB2312" bbox="369.363,176.074,373.923,185.194" colourspace="ICCBased" ncolour="[0]" size="9.120">V</text>
                <text font="EUYBLA+KaiTi_GB2312" bbox="373.923,176.074,383.043,185.194" colourspace="ICCBased" ncolour="[0]" size="9.120">。</text>
                <text font="EUYBLA+KaiTi_GB2312" bbox="382.806,176.074,391.926,185.194" colourspace="ICCBased" ncolour="[0]" size="9.120">艾</text>
                <text font="EUYBLA+KaiTi_GB2312" bbox="391.926,176.074,401.046,185.194" colourspace="ICCBased" ncolour="[0]" size="9.120">滋</text>
                <text font="EUYBLA+KaiTi_GB2312" bbox="400.809,176.074,409.929,185.194" colourspace="ICCBased" ncolour="[0]" size="9.120">病</text>
                <text font="EUYBLA+KaiTi_GB2312" bbox="409.929,176.074,419.049,185.194" colourspace="ICCBased" ncolour="[0]" size="9.120">指</text>
                <text font="EUYBLA+KaiTi_GB2312" bbox="418.812,176.074,427.932,185.194" colourspace="ICCBased" ncolour="[0]" size="9.120">人</text>
                <text font="EUYBLA+KaiTi_GB2312" bbox="427.932,176.074,437.052,185.194" colourspace="ICCBased" ncolour="[0]" size="9.120">类</text>
                <text font="EUYBLA+KaiTi_GB2312" bbox="436.814,176.074,445.934,185.194" colourspace="ICCBased" ncolour="[0]" size="9.120">免</text>
                <text font="EUYBLA+KaiTi_GB2312" bbox="445.934,176.074,455.054,185.194" colourspace="ICCBased" ncolour="[0]" size="9.120">疫</text>
                <text font="EUYBLA+KaiTi_GB2312" bbox="454.817,176.074,463.937,185.194" colourspace="ICCBased" ncolour="[0]" size="9.120">缺</text>
                <text font="EUYBLA+KaiTi_GB2312" bbox="463.937,176.074,473.057,185.194" colourspace="ICCBased" ncolour="[0]" size="9.120">陷</text>
                <text font="EUYBLA+KaiTi_GB2312" bbox="472.820,176.074,481.940,185.194" colourspace="ICCBased" ncolour="[0]" size="9.120">病</text>
                <text font="EUYBLA+KaiTi_GB2312" bbox="481.940,176.074,491.060,185.194" colourspace="ICCBased" ncolour="[0]" size="9.120">毒</text>
                <text font="EUYBLA+KaiTi_GB2312" bbox="490.823,176.074,499.943,185.194" colourspace="ICCBased" ncolour="[0]" size="9.120">引</text>
                <text font="EUYBLA+KaiTi_GB2312" bbox="499.943,176.074,509.063,185.194" colourspace="ICCBased" ncolour="[0]" size="9.120">起</text>
                <text font="EUYBLA+KaiTi_GB2312" bbox="508.826,176.074,517.946,185.194" colourspace="ICCBased" ncolour="[0]" size="9.120">的</text>
                <text font="EUYBLA+KaiTi_GB2312" bbox="517.946,176.074,527.066,185.194" colourspace="ICCBased" ncolour="[0]" size="9.120">获</text>
                <text font="EUYBLA+KaiTi_GB2312" bbox="526.829,176.074,535.949,185.194" colourspace="ICCBased" ncolour="[0]" size="9.120">得</text>
                <text font="EUYBLA+KaiTi_GB2312" bbox="535.712,176.074,544.832,185.194" colourspace="ICCBased" ncolour="[0]" size="9.120">性</text>
                <text>
                </text>
            </textline>
        </textbox>
        <textbox id="22" bbox="61.681,134.487,544.562,171.277">
            <textline bbox="61.681,162.157,212.399,171.277">
                <text font="EUYBLA+KaiTi_GB2312" bbox="61.681,162.157,70.801,171.277" colourspace="ICCBased" ncolour="[0]" size="9.120">免</text>
                <text font="EUYBLA+KaiTi_GB2312" bbox="70.801,162.157,79.921,171.277" colourspace="ICCBased" ncolour="[0]" size="9.120">疫</text>
                <text font="EUYBLA+KaiTi_GB2312" bbox="79.682,162.157,88.802,171.277" colourspace="ICCBased" ncolour="[0]" size="9.120">缺</text>
                <text font="EUYBLA+KaiTi_GB2312" bbox="88.802,162.157,97.922,171.277" colourspace="ICCBased" ncolour="[0]" size="9.120">陷</text>
                <text font="EUYBLA+KaiTi_GB2312" bbox="97.682,162.157,106.802,171.277" colourspace="ICCBased" ncolour="[0]" size="9.120">综</text>
                <text font="EUYBLA+KaiTi_GB2312" bbox="106.802,162.157,115.922,171.277" colourspace="ICCBased" ncolour="[0]" size="9.120">合</text>
                <text font="EUYBLA+KaiTi_GB2312" bbox="115.682,162.157,124.802,171.277" colourspace="ICCBased" ncolour="[0]" size="9.120">征</text>
                <text font="EUYBLA+KaiTi_GB2312" bbox="124.802,162.157,133.922,171.277" colourspace="ICCBased" ncolour="[0]" size="9.120">，</text>
                <text font="EUYBLA+KaiTi_GB2312" bbox="133.681,162.157,142.801,171.277" colourspace="ICCBased" ncolour="[0]" size="9.120">英</text>
                <text font="EUYBLA+KaiTi_GB2312" bbox="142.801,162.157,151.921,171.277" colourspace="ICCBased" ncolour="[0]" size="9.120">文</text>
                <text font="EUYBLA+KaiTi_GB2312" bbox="151.681,162.157,160.801,171.277" colourspace="ICCBased" ncolour="[0]" size="9.120">缩</text>
                <text font="EUYBLA+KaiTi_GB2312" bbox="160.801,162.157,169.921,171.277" colourspace="ICCBased" ncolour="[0]" size="9.120">写</text>
                <text font="EUYBLA+KaiTi_GB2312" bbox="169.921,162.157,179.041,171.277" colourspace="ICCBased" ncolour="[0]" size="9.120">为</text>
                <text> </text>
                <text font="EUYBLA+KaiTi_GB2312" bbox="181.199,162.157,185.759,171.277" colourspace="ICCBased" ncolour="[0]" size="9.120">A</text>
                <text font="EUYBLA+KaiTi_GB2312" bbox="185.519,162.157,190.079,171.277" colourspace="ICCBased" ncolour="[0]" size="9.120">I</text>
                <text font="EUYBLA+KaiTi_GB2312" bbox="190.079,162.157,194.639,171.277" colourspace="ICCBased" ncolour="[0]" size="9.120">D</text>
                <text font="EUYBLA+KaiTi_GB2312" bbox="194.639,162.157,199.199,171.277" colourspace="ICCBased" ncolour="[0]" size="9.120">S</text>
                <text font="EUYBLA+KaiTi_GB2312" bbox="198.956,162.157,208.076,171.277" colourspace="ICCBased" ncolour="[0]" size="9.120">。</text>
                <text font="EUYBLA+KaiTi_GB2312" bbox="207.839,162.157,212.399,171.277" colourspace="ICCBased" ncolour="[0]" size="9.120"> </text>
                <text>
                </text>
            </textline>
            <textline bbox="61.681,148.960,544.562,158.080">
                <text font="EUYBLA+KaiTi_GB2312" bbox="61.681,148.960,70.801,158.080" colourspace="ICCBased" ncolour="[0]" size="9.120">在</text>
                <text font="EUYBLA+KaiTi_GB2312" bbox="70.801,148.960,79.921,158.080" colourspace="ICCBased" ncolour="[0]" size="9.120">人</text>
                <text font="EUYBLA+KaiTi_GB2312" bbox="79.682,148.960,88.802,158.080" colourspace="ICCBased" ncolour="[0]" size="9.120">体</text>
                <text font="EUYBLA+KaiTi_GB2312" bbox="88.802,148.960,97.922,158.080" colourspace="ICCBased" ncolour="[0]" size="9.120">血</text>
                <text font="EUYBLA+KaiTi_GB2312" bbox="97.682,148.960,106.802,158.080" colourspace="ICCBased" ncolour="[0]" size="9.120">液</text>
                <text font="EUYBLA+KaiTi_GB2312" bbox="106.802,148.960,115.922,158.080" colourspace="ICCBased" ncolour="[0]" size="9.120">或</text>
                <text font="EUYBLA+KaiTi_GB2312" bbox="115.682,148.960,124.802,158.080" colourspace="ICCBased" ncolour="[0]" size="9.120">其</text>
                <text font="EUYBLA+KaiTi_GB2312" bbox="124.802,148.960,133.922,158.080" colourspace="ICCBased" ncolour="[0]" size="9.120">它</text>
                <text font="EUYBLA+KaiTi_GB2312" bbox="133.681,148.960,142.801,158.080" colourspace="ICCBased" ncolour="[0]" size="9.120">样</text>
                <text font="EUYBLA+KaiTi_GB2312" bbox="142.801,148.960,151.921,158.080" colourspace="ICCBased" ncolour="[0]" size="9.120">本</text>
                <text font="EUYBLA+KaiTi_GB2312" bbox="151.681,148.960,160.801,158.080" colourspace="ICCBased" ncolour="[0]" size="9.120">中</text>
                <text font="EUYBLA+KaiTi_GB2312" bbox="160.801,148.960,169.921,158.080" colourspace="ICCBased" ncolour="[0]" size="9.120">检</text>
                <text font="EUYBLA+KaiTi_GB2312" bbox="169.681,148.960,178.801,158.080" colourspace="ICCBased" ncolour="[0]" size="9.120">测</text>
                <text font="EUYBLA+KaiTi_GB2312" bbox="178.801,148.960,187.921,158.080" colourspace="ICCBased" ncolour="[0]" size="9.120">到</text>
                <text font="EUYBLA+KaiTi_GB2312" bbox="187.682,148.960,196.802,158.080" colourspace="ICCBased" ncolour="[0]" size="9.120">艾</text>
                <text font="EUYBLA+KaiTi_GB2312" bbox="196.802,148.960,205.922,158.080" colourspace="ICCBased" ncolour="[0]" size="9.120">滋</text>
                <text font="EUYBLA+KaiTi_GB2312" bbox="205.682,148.960,214.802,158.080" colourspace="ICCBased" ncolour="[0]" size="9.120">病</text>
                <text font="EUYBLA+KaiTi_GB2312" bbox="214.802,148.960,223.922,158.080" colourspace="ICCBased" ncolour="[0]" size="9.120">病</text>
                <text font="EUYBLA+KaiTi_GB2312" bbox="223.682,148.960,232.802,158.080" colourspace="ICCBased" ncolour="[0]" size="9.120">毒</text>
                <text font="EUYBLA+KaiTi_GB2312" bbox="232.802,148.960,241.922,158.080" colourspace="ICCBased" ncolour="[0]" size="9.120">或</text>
                <text font="EUYBLA+KaiTi_GB2312" bbox="241.681,148.960,250.801,158.080" colourspace="ICCBased" ncolour="[0]" size="9.120">其</text>
                <text font="EUYBLA+KaiTi_GB2312" bbox="250.801,148.960,259.921,158.080" colourspace="ICCBased" ncolour="[0]" size="9.120">抗</text>
                <text font="EUYBLA+KaiTi_GB2312" bbox="259.681,148.960,268.801,158.080" colourspace="ICCBased" ncolour="[0]" size="9.120">体</text>
                <text font="EUYBLA+KaiTi_GB2312" bbox="268.801,148.960,277.921,158.080" colourspace="ICCBased" ncolour="[0]" size="9.120">呈</text>
                <text font="EUYBLA+KaiTi_GB2312" bbox="277.681,148.960,286.801,158.080" colourspace="ICCBased" ncolour="[0]" size="9.120">阳</text>
                <text font="EUYBLA+KaiTi_GB2312" bbox="286.801,148.960,295.921,158.080" colourspace="ICCBased" ncolour="[0]" size="9.120">性</text>
                <text font="EUYBLA+KaiTi_GB2312" bbox="295.921,148.960,305.041,158.080" colourspace="ICCBased" ncolour="[0]" size="9.120">，</text>
                <text font="EUYBLA+KaiTi_GB2312" bbox="303.601,148.960,312.721,158.080" colourspace="ICCBased" ncolour="[0]" size="9.120">没</text>
                <text font="EUYBLA+KaiTi_GB2312" bbox="312.721,148.960,321.841,158.080" colourspace="ICCBased" ncolour="[0]" size="9.120">有</text>
                <text font="EUYBLA+KaiTi_GB2312" bbox="321.601,148.960,330.721,158.080" colourspace="ICCBased" ncolour="[0]" size="9.120">出</text>
                <text font="EUYBLA+KaiTi_GB2312" bbox="330.721,148.960,339.841,158.080" colourspace="ICCBased" ncolour="[0]" size="9.120">现</text>
                <text font="EUYBLA+KaiTi_GB2312" bbox="339.602,148.960,348.722,158.080" colourspace="ICCBased" ncolour="[0]" size="9.120">临</text>
                <text font="EUYBLA+KaiTi_GB2312" bbox="348.722,148.960,357.842,158.080" colourspace="ICCBased" ncolour="[0]" size="9.120">床</text>
                <text font="EUYBLA+KaiTi_GB2312" bbox="357.602,148.960,366.722,158.080" colourspace="ICCBased" ncolour="[0]" size="9.120">症</text>
                <text font="EUYBLA+KaiTi_GB2312" bbox="366.722,148.960,375.842,158.080" colourspace="ICCBased" ncolour="[0]" size="9.120">状</text>
                <text font="EUYBLA+KaiTi_GB2312" bbox="375.602,148.960,384.722,158.080" colourspace="ICCBased" ncolour="[0]" size="9.120">或</text>
                <text font="EUYBLA+KaiTi_GB2312" bbox="384.722,148.960,393.842,158.080" colourspace="ICCBased" ncolour="[0]" size="9.120">体</text>
                <text font="EUYBLA+KaiTi_GB2312" bbox="393.601,148.960,402.721,158.080" colourspace="ICCBased" ncolour="[0]" size="9.120">征</text>
                <text font="EUYBLA+KaiTi_GB2312" bbox="402.721,148.960,411.841,158.080" colourspace="ICCBased" ncolour="[0]" size="9.120">的</text>
                <text font="EUYBLA+KaiTi_GB2312" bbox="411.841,148.960,420.961,158.080" colourspace="ICCBased" ncolour="[0]" size="9.120">，</text>
                <text font="EUYBLA+KaiTi_GB2312" bbox="419.521,148.960,428.641,158.080" colourspace="ICCBased" ncolour="[0]" size="9.120">为</text>
                <text font="EUYBLA+KaiTi_GB2312" bbox="428.641,148.960,437.761,158.080" colourspace="ICCBased" ncolour="[0]" size="9.120">感</text>
                <text font="EUYBLA+KaiTi_GB2312" bbox="437.521,148.960,446.641,158.080" colourspace="ICCBased" ncolour="[0]" size="9.120">染</text>
                <text font="EUYBLA+KaiTi_GB2312" bbox="446.641,148.960,455.761,158.080" colourspace="ICCBased" ncolour="[0]" size="9.120">艾</text>
                <text font="EUYBLA+KaiTi_GB2312" bbox="455.521,148.960,464.641,158.080" colourspace="ICCBased" ncolour="[0]" size="9.120">滋</text>
                <text font="EUYBLA+KaiTi_GB2312" bbox="464.641,148.960,473.761,158.080" colourspace="ICCBased" ncolour="[0]" size="9.120">病</text>
                <text font="EUYBLA+KaiTi_GB2312" bbox="473.521,148.960,482.641,158.080" colourspace="ICCBased" ncolour="[0]" size="9.120">病</text>
                <text font="EUYBLA+KaiTi_GB2312" bbox="482.641,148.960,491.761,158.080" colourspace="ICCBased" ncolour="[0]" size="9.120">毒</text>
                <text font="EUYBLA+KaiTi_GB2312" bbox="491.761,148.960,500.881,158.080" colourspace="ICCBased" ncolour="[0]" size="9.120">；</text>
                <text font="EUYBLA+KaiTi_GB2312" bbox="499.441,148.960,508.561,158.080" colourspace="ICCBased" ncolour="[0]" size="9.120">如</text>
                <text font="EUYBLA+KaiTi_GB2312" bbox="508.561,148.960,517.681,158.080" colourspace="ICCBased" ncolour="[0]" size="9.120">果</text>
                <text font="EUYBLA+KaiTi_GB2312" bbox="517.442,148.960,526.562,158.080" colourspace="ICCBased" ncolour="[0]" size="9.120">同</text>
                <text font="EUYBLA+KaiTi_GB2312" bbox="526.562,148.960,535.682,158.080" colourspace="ICCBased" ncolour="[0]" size="9.120">时</text>
                <text font="EUYBLA+KaiTi_GB2312" bbox="535.442,148.960,544.562,158.080" colourspace="ICCBased" ncolour="[0]" size="9.120">出</text>
                <text>
                </text>
            </textline>
            <textline bbox="61.681,134.487,235.107,145.121">
                <text font="EUYBLA+KaiTi_GB2312" bbox="61.681,136.001,70.801,145.121" colourspace="ICCBased" ncolour="[0]" size="9.120">现</text>
                <text font="EUYBLA+KaiTi_GB2312" bbox="70.801,136.001,79.921,145.121" colourspace="ICCBased" ncolour="[0]" size="9.120">了</text>
                <text font="EUYBLA+KaiTi_GB2312" bbox="79.684,136.001,88.804,145.121" colourspace="ICCBased" ncolour="[0]" size="9.120">明</text>
                <text font="EUYBLA+KaiTi_GB2312" bbox="88.804,136.001,97.924,145.121" colourspace="ICCBased" ncolour="[0]" size="9.120">显</text>
                <text font="EUYBLA+KaiTi_GB2312" bbox="97.687,136.001,106.807,145.121" colourspace="ICCBased" ncolour="[0]" size="9.120">临</text>
                <text font="EUYBLA+KaiTi_GB2312" bbox="106.807,136.001,115.927,145.121" colourspace="ICCBased" ncolour="[0]" size="9.120">床</text>
                <text font="EUYBLA+KaiTi_GB2312" bbox="115.690,136.001,124.810,145.121" colourspace="ICCBased" ncolour="[0]" size="9.120">症</text>
                <text font="EUYBLA+KaiTi_GB2312" bbox="124.810,136.001,133.930,145.121" colourspace="ICCBased" ncolour="[0]" size="9.120">状</text>
                <text font="EUYBLA+KaiTi_GB2312" bbox="133.693,136.001,142.813,145.121" colourspace="ICCBased" ncolour="[0]" size="9.120">或</text>
                <text font="EUYBLA+KaiTi_GB2312" bbox="142.813,136.001,151.933,145.121" colourspace="ICCBased" ncolour="[0]" size="9.120">体</text>
                <text font="EUYBLA+KaiTi_GB2312" bbox="151.696,136.001,160.816,145.121" colourspace="ICCBased" ncolour="[0]" size="9.120">征</text>
                <text font="EUYBLA+KaiTi_GB2312" bbox="160.816,136.001,169.936,145.121" colourspace="ICCBased" ncolour="[0]" size="9.120">的</text>
                <text font="EUYBLA+KaiTi_GB2312" bbox="169.699,136.001,178.819,145.121" colourspace="ICCBased" ncolour="[0]" size="9.120">，</text>
                <text font="EUYBLA+KaiTi_GB2312" bbox="178.819,136.001,187.939,145.121" colourspace="ICCBased" ncolour="[0]" size="9.120">为</text>
                <text font="EUYBLA+KaiTi_GB2312" bbox="187.702,136.001,196.822,145.121" colourspace="ICCBased" ncolour="[0]" size="9.120">患</text>
                <text font="EUYBLA+KaiTi_GB2312" bbox="196.822,136.001,205.942,145.121" colourspace="ICCBased" ncolour="[0]" size="9.120">艾</text>
                <text font="EUYBLA+KaiTi_GB2312" bbox="205.704,136.001,214.824,145.121" colourspace="ICCBased" ncolour="[0]" size="9.120">滋</text>
                <text font="EUYBLA+KaiTi_GB2312" bbox="214.824,136.001,223.944,145.121" colourspace="ICCBased" ncolour="[0]" size="9.120">病</text>
                <text font="EUYBLA+KaiTi_GB2312" bbox="223.707,136.001,232.827,145.121" colourspace="ICCBased" ncolour="[0]" size="9.120">。</text>
                <text font="TimesNewRomanPSMT" bbox="232.827,134.487,235.107,143.607" colourspace="ICCBased" ncolour="[0]" size="9.120"> </text>
                <text>
                </text>
            </textline>
        </textbox>
        <textbox id="23" bbox="51.120,122.794,544.396,132.557">
            <textline bbox="51.120,122.794,544.396,132.557">
                <text font="EUYBLA+KaiTi_GB2312" bbox="51.120,127.997,53.400,132.557" colourspace="ICCBased" ncolour="[0]" size="4.560">8</text>
                <text font="EUYBLA+KaiTi_GB2312" bbox="53.760,122.794,58.320,131.914" colourspace="ICCBased" ncolour="[0]" size="9.120"> </text>
                <text font="EUYBLA+KaiTi_GB2312" bbox="58.320,122.794,67.440,131.914" colourspace="ICCBased" ncolour="[0]" size="9.120">遗</text>
                <text font="EUYBLA+KaiTi_GB2312" bbox="67.440,122.794,76.560,131.914" colourspace="ICCBased" ncolour="[0]" size="9.120">传</text>
                <text font="EUYBLA+KaiTi_GB2312" bbox="76.560,122.794,85.680,131.914" colourspace="ICCBased" ncolour="[0]" size="9.120">性</text>
                <text font="EUYBLA+KaiTi_GB2312" bbox="85.440,122.794,94.560,131.914" colourspace="ICCBased" ncolour="[0]" size="9.120">疾</text>
                <text font="EUYBLA+KaiTi_GB2312" bbox="94.560,122.794,103.680,131.914" colourspace="ICCBased" ncolour="[0]" size="9.120">病</text>
                <text font="EUYBLA+KaiTi_GB2312" bbox="103.680,122.794,112.800,131.914" colourspace="ICCBased" ncolour="[0]" size="9.120">指</text>
                <text font="EUYBLA+KaiTi_GB2312" bbox="112.563,122.794,121.683,131.914" colourspace="ICCBased" ncolour="[0]" size="9.120">生</text>
                <text font="EUYBLA+KaiTi_GB2312" bbox="121.683,122.794,130.803,131.914" colourspace="ICCBased" ncolour="[0]" size="9.120">殖</text>
                <text font="EUYBLA+KaiTi_GB2312" bbox="130.566,122.794,139.686,131.914" colourspace="ICCBased" ncolour="[0]" size="9.120">细</text>
                <text font="EUYBLA+KaiTi_GB2312" bbox="139.449,122.794,148.569,131.914" colourspace="ICCBased" ncolour="[0]" size="9.120">胞</text>
                <text font="EUYBLA+KaiTi_GB2312" bbox="148.570,122.794,157.690,131.914" colourspace="ICCBased" ncolour="[0]" size="9.120">或</text>
                <text font="EUYBLA+KaiTi_GB2312" bbox="157.452,122.794,166.572,131.914" colourspace="ICCBased" ncolour="[0]" size="9.120">受</text>
                <text font="EUYBLA+KaiTi_GB2312" bbox="166.572,122.794,175.692,131.914" colourspace="ICCBased" ncolour="[0]" size="9.120">精</text>
                <text font="EUYBLA+KaiTi_GB2312" bbox="175.455,122.794,184.575,131.914" colourspace="ICCBased" ncolour="[0]" size="9.120">卵</text>
                <text font="EUYBLA+KaiTi_GB2312" bbox="184.575,122.794,193.695,131.914" colourspace="ICCBased" ncolour="[0]" size="9.120">的</text>
                <text font="EUYBLA+KaiTi_GB2312" bbox="193.458,122.794,202.578,131.914" colourspace="ICCBased" ncolour="[0]" size="9.120">遗</text>
                <text font="EUYBLA+KaiTi_GB2312" bbox="202.578,122.794,211.698,131.914" colourspace="ICCBased" ncolour="[0]" size="9.120">传</text>
                <text font="EUYBLA+KaiTi_GB2312" bbox="211.461,122.794,220.581,131.914" colourspace="ICCBased" ncolour="[0]" size="9.120">物</text>
                <text font="EUYBLA+KaiTi_GB2312" bbox="220.581,122.794,229.701,131.914" colourspace="ICCBased" ncolour="[0]" size="9.120">质</text>
                <text font="EUYBLA+KaiTi_GB2312" bbox="229.464,122.794,238.584,131.914" colourspace="ICCBased" ncolour="[0]" size="9.120">（</text>
                <text font="EUYBLA+KaiTi_GB2312" bbox="238.584,122.794,247.704,131.914" colourspace="ICCBased" ncolour="[0]" size="9.120">染</text>
                <text font="EUYBLA+KaiTi_GB2312" bbox="247.467,122.794,256.587,131.914" colourspace="ICCBased" ncolour="[0]" size="9.120">色</text>
                <text font="EUYBLA+KaiTi_GB2312" bbox="256.587,122.794,265.707,131.914" colourspace="ICCBased" ncolour="[0]" size="9.120">体</text>
                <text font="EUYBLA+KaiTi_GB2312" bbox="265.470,122.794,274.590,131.914" colourspace="ICCBased" ncolour="[0]" size="9.120">和</text>
                <text font="EUYBLA+KaiTi_GB2312" bbox="274.590,122.794,283.710,131.914" colourspace="ICCBased" ncolour="[0]" size="9.120">基</text>
                <text font="EUYBLA+KaiTi_GB2312" bbox="283.473,122.794,292.593,131.914" colourspace="ICCBased" ncolour="[0]" size="9.120">因</text>
                <text font="EUYBLA+KaiTi_GB2312" bbox="292.355,122.794,301.475,131.914" colourspace="ICCBased" ncolour="[0]" size="9.120">）</text>
                <text font="EUYBLA+KaiTi_GB2312" bbox="301.475,122.794,310.595,131.914" colourspace="ICCBased" ncolour="[0]" size="9.120">发</text>
                <text font="EUYBLA+KaiTi_GB2312" bbox="310.358,122.794,319.478,131.914" colourspace="ICCBased" ncolour="[0]" size="9.120">生</text>
                <text font="EUYBLA+KaiTi_GB2312" bbox="319.478,122.794,328.598,131.914" colourspace="ICCBased" ncolour="[0]" size="9.120">突</text>
                <text font="EUYBLA+KaiTi_GB2312" bbox="328.361,122.794,337.481,131.914" colourspace="ICCBased" ncolour="[0]" size="9.120">变</text>
                <text font="EUYBLA+KaiTi_GB2312" bbox="337.481,122.794,346.601,131.914" colourspace="ICCBased" ncolour="[0]" size="9.120">或</text>
                <text font="EUYBLA+KaiTi_GB2312" bbox="346.364,122.794,355.484,131.914" colourspace="ICCBased" ncolour="[0]" size="9.120">畸</text>
                <text font="EUYBLA+KaiTi_GB2312" bbox="355.484,122.794,364.604,131.914" colourspace="ICCBased" ncolour="[0]" size="9.120">变</text>
                <text font="EUYBLA+KaiTi_GB2312" bbox="364.367,122.794,373.487,131.914" colourspace="ICCBased" ncolour="[0]" size="9.120">所</text>
                <text font="EUYBLA+KaiTi_GB2312" bbox="373.487,122.794,382.607,131.914" colourspace="ICCBased" ncolour="[0]" size="9.120">引</text>
                <text font="EUYBLA+KaiTi_GB2312" bbox="382.370,122.794,391.490,131.914" colourspace="ICCBased" ncolour="[0]" size="9.120">起</text>
                <text font="EUYBLA+KaiTi_GB2312" bbox="391.490,122.794,400.610,131.914" colourspace="ICCBased" ncolour="[0]" size="9.120">的</text>
                <text font="EUYBLA+KaiTi_GB2312" bbox="400.373,122.794,409.493,131.914" colourspace="ICCBased" ncolour="[0]" size="9.120">疾</text>
                <text font="EUYBLA+KaiTi_GB2312" bbox="409.493,122.794,418.613,131.914" colourspace="ICCBased" ncolour="[0]" size="9.120">病</text>
                <text font="EUYBLA+KaiTi_GB2312" bbox="418.376,122.794,427.496,131.914" colourspace="ICCBased" ncolour="[0]" size="9.120">，</text>
                <text font="EUYBLA+KaiTi_GB2312" bbox="427.496,122.794,436.616,131.914" colourspace="ICCBased" ncolour="[0]" size="9.120">通</text>
                <text font="EUYBLA+KaiTi_GB2312" bbox="436.379,122.794,445.499,131.914" colourspace="ICCBased" ncolour="[0]" size="9.120">常</text>
                <text font="EUYBLA+KaiTi_GB2312" bbox="445.499,122.794,454.619,131.914" colourspace="ICCBased" ncolour="[0]" size="9.120">具</text>
                <text font="EUYBLA+KaiTi_GB2312" bbox="454.381,122.794,463.501,131.914" colourspace="ICCBased" ncolour="[0]" size="9.120">有</text>
                <text font="EUYBLA+KaiTi_GB2312" bbox="463.501,122.794,472.621,131.914" colourspace="ICCBased" ncolour="[0]" size="9.120">由</text>
                <text font="EUYBLA+KaiTi_GB2312" bbox="472.384,122.794,481.504,131.914" colourspace="ICCBased" ncolour="[0]" size="9.120">亲</text>
                <text font="EUYBLA+KaiTi_GB2312" bbox="481.504,122.794,490.624,131.914" colourspace="ICCBased" ncolour="[0]" size="9.120">代</text>
                <text font="EUYBLA+KaiTi_GB2312" bbox="490.387,122.794,499.507,131.914" colourspace="ICCBased" ncolour="[0]" size="9.120">传</text>
                <text font="EUYBLA+KaiTi_GB2312" bbox="499.507,122.794,508.627,131.914" colourspace="ICCBased" ncolour="[0]" size="9.120">至</text>
                <text font="EUYBLA+KaiTi_GB2312" bbox="508.390,122.794,517.510,131.914" colourspace="ICCBased" ncolour="[0]" size="9.120">后</text>
                <text font="EUYBLA+KaiTi_GB2312" bbox="517.510,122.794,526.630,131.914" colourspace="ICCBased" ncolour="[0]" size="9.120">代</text>
                <text font="EUYBLA+KaiTi_GB2312" bbox="526.393,122.794,535.513,131.914" colourspace="ICCBased" ncolour="[0]" size="9.120">的</text>
                <text font="EUYBLA+KaiTi_GB2312" bbox="535.276,122.794,544.396,131.914" colourspace="ICCBased" ncolour="[0]" size="9.120">垂</text>
                <text>
                </text>
            </textline>
        </textbox>
        <textbox id="24" bbox="60.241,108.320,125.400,118.955">
            <textline bbox="60.241,108.320,125.400,118.955">
                <text font="EUYBLA+KaiTi_GB2312" bbox="60.241,109.835,69.361,118.955" colourspace="ICCBased" ncolour="[0]" size="9.120">直</text>
                <text font="EUYBLA+KaiTi_GB2312" bbox="69.361,109.835,78.481,118.955" colourspace="ICCBased" ncolour="[0]" size="9.120">传</text>
                <text font="EUYBLA+KaiTi_GB2312" bbox="78.244,109.835,87.364,118.955" colourspace="ICCBased" ncolour="[0]" size="9.120">递</text>
                <text font="EUYBLA+KaiTi_GB2312" bbox="87.364,109.835,96.484,118.955" colourspace="ICCBased" ncolour="[0]" size="9.120">的</text>
                <text font="EUYBLA+KaiTi_GB2312" bbox="96.247,109.835,105.367,118.955" colourspace="ICCBased" ncolour="[0]" size="9.120">特</text>
                <text font="EUYBLA+KaiTi_GB2312" bbox="105.367,109.835,114.487,118.955" colourspace="ICCBased" ncolour="[0]" size="9.120">征</text>
                <text font="EUYBLA+KaiTi_GB2312" bbox="114.250,109.835,123.370,118.955" colourspace="ICCBased" ncolour="[0]" size="9.120">。</text>
                <text font="TimesNewRomanPSMT" bbox="123.120,108.320,125.400,117.440" colourspace="ICCBased" ncolour="[0]" size="9.120"> </text>
                <text>
                </text>
            </textline>
        </textbox>
        <textbox id="25" bbox="51.120,96.874,544.861,106.637">
            <textline bbox="51.120,96.874,544.861,106.637">
                <text font="EUYBLA+KaiTi_GB2312" bbox="51.120,102.077,53.400,106.637" colourspace="ICCBased" ncolour="[0]" size="4.560">9</text>
                <text font="EUYBLA+KaiTi_GB2312" bbox="53.760,96.874,58.320,105.994" colourspace="ICCBased" ncolour="[0]" size="9.120"> </text>
                <text font="EUYBLA+KaiTi_GB2312" bbox="58.320,96.874,67.440,105.994" colourspace="ICCBased" ncolour="[0]" size="9.120">先</text>
                <text font="EUYBLA+KaiTi_GB2312" bbox="67.440,96.874,76.560,105.994" colourspace="ICCBased" ncolour="[0]" size="9.120">天</text>
                <text font="EUYBLA+KaiTi_GB2312" bbox="76.560,96.874,85.680,105.994" colourspace="ICCBased" ncolour="[0]" size="9.120">性</text>
                <text font="EUYBLA+KaiTi_GB2312" bbox="85.440,96.874,94.560,105.994" colourspace="ICCBased" ncolour="[0]" size="9.120">畸</text>
                <text font="EUYBLA+KaiTi_GB2312" bbox="94.560,96.874,103.680,105.994" colourspace="ICCBased" ncolour="[0]" size="9.120">形</text>
                <text font="EUYBLA+KaiTi_GB2312" bbox="103.680,96.874,112.800,105.994" colourspace="ICCBased" ncolour="[0]" size="9.120">、</text>
                <text font="EUYBLA+KaiTi_GB2312" bbox="112.560,96.874,121.680,105.994" colourspace="ICCBased" ncolour="[0]" size="9.120">变</text>
                <text font="EUYBLA+KaiTi_GB2312" bbox="121.680,96.874,130.800,105.994" colourspace="ICCBased" ncolour="[0]" size="9.120">形</text>
                <text font="EUYBLA+KaiTi_GB2312" bbox="130.560,96.874,139.680,105.994" colourspace="ICCBased" ncolour="[0]" size="9.120">或</text>
                <text font="EUYBLA+KaiTi_GB2312" bbox="139.680,96.874,148.800,105.994" colourspace="ICCBased" ncolour="[0]" size="9.120">染</text>
                <text font="EUYBLA+KaiTi_GB2312" bbox="148.800,96.874,157.920,105.994" colourspace="ICCBased" ncolour="[0]" size="9.120">色</text>
                <text font="EUYBLA+KaiTi_GB2312" bbox="157.680,96.874,166.800,105.994" colourspace="ICCBased" ncolour="[0]" size="9.120">体</text>
                <text font="EUYBLA+KaiTi_GB2312" bbox="166.800,96.874,175.920,105.994" colourspace="ICCBased" ncolour="[0]" size="9.120">异</text>
                <text font="EUYBLA+KaiTi_GB2312" bbox="175.920,96.874,185.040,105.994" colourspace="ICCBased" ncolour="[0]" size="9.120">常</text>
                <text font="EUYBLA+KaiTi_GB2312" bbox="185.040,96.874,194.160,105.994" colourspace="ICCBased" ncolour="[0]" size="9.120">指</text>
                <text font="EUYBLA+KaiTi_GB2312" bbox="193.923,96.874,203.043,105.994" colourspace="ICCBased" ncolour="[0]" size="9.120">被</text>
                <text font="EUYBLA+KaiTi_GB2312" bbox="202.806,96.874,211.926,105.994" colourspace="ICCBased" ncolour="[0]" size="9.120">保</text>
                <text font="EUYBLA+KaiTi_GB2312" bbox="211.926,96.874,221.046,105.994" colourspace="ICCBased" ncolour="[0]" size="9.120">险</text>
                <text font="EUYBLA+KaiTi_GB2312" bbox="220.809,96.874,229.929,105.994" colourspace="ICCBased" ncolour="[0]" size="9.120">人</text>
                <text font="EUYBLA+KaiTi_GB2312" bbox="229.930,96.874,239.050,105.994" colourspace="ICCBased" ncolour="[0]" size="9.120">出</text>
                <text font="EUYBLA+KaiTi_GB2312" bbox="238.812,96.874,247.932,105.994" colourspace="ICCBased" ncolour="[0]" size="9.120">生</text>
                <text font="EUYBLA+KaiTi_GB2312" bbox="247.932,96.874,257.052,105.994" colourspace="ICCBased" ncolour="[0]" size="9.120">时</text>
                <text font="EUYBLA+KaiTi_GB2312" bbox="256.815,96.874,265.935,105.994" colourspace="ICCBased" ncolour="[0]" size="9.120">就</text>
                <text font="EUYBLA+KaiTi_GB2312" bbox="265.935,96.874,275.055,105.994" colourspace="ICCBased" ncolour="[0]" size="9.120">具</text>
                <text font="EUYBLA+KaiTi_GB2312" bbox="274.818,96.874,283.938,105.994" colourspace="ICCBased" ncolour="[0]" size="9.120">有</text>
                <text font="EUYBLA+KaiTi_GB2312" bbox="283.938,96.874,293.058,105.994" colourspace="ICCBased" ncolour="[0]" size="9.120">的</text>
                <text font="EUYBLA+KaiTi_GB2312" bbox="292.821,96.874,301.941,105.994" colourspace="ICCBased" ncolour="[0]" size="9.120">畸</text>
                <text font="EUYBLA+KaiTi_GB2312" bbox="301.941,96.874,311.061,105.994" colourspace="ICCBased" ncolour="[0]" size="9.120">形</text>
                <text font="EUYBLA+KaiTi_GB2312" bbox="310.824,96.874,319.944,105.994" colourspace="ICCBased" ncolour="[0]" size="9.120">、</text>
                <text font="EUYBLA+KaiTi_GB2312" bbox="319.944,96.874,329.064,105.994" colourspace="ICCBased" ncolour="[0]" size="9.120">变</text>
                <text font="EUYBLA+KaiTi_GB2312" bbox="328.827,96.874,337.947,105.994" colourspace="ICCBased" ncolour="[0]" size="9.120">形</text>
                <text font="EUYBLA+KaiTi_GB2312" bbox="337.947,96.874,347.067,105.994" colourspace="ICCBased" ncolour="[0]" size="9.120">或</text>
                <text font="EUYBLA+KaiTi_GB2312" bbox="346.830,96.874,355.950,105.994" colourspace="ICCBased" ncolour="[0]" size="9.120">染</text>
                <text font="EUYBLA+KaiTi_GB2312" bbox="355.950,96.874,365.070,105.994" colourspace="ICCBased" ncolour="[0]" size="9.120">色</text>
                <text font="EUYBLA+KaiTi_GB2312" bbox="364.833,96.874,373.953,105.994" colourspace="ICCBased" ncolour="[0]" size="9.120">体</text>
                <text font="EUYBLA+KaiTi_GB2312" bbox="373.953,96.874,383.073,105.994" colourspace="ICCBased" ncolour="[0]" size="9.120">异</text>
                <text font="EUYBLA+KaiTi_GB2312" bbox="382.835,96.874,391.955,105.994" colourspace="ICCBased" ncolour="[0]" size="9.120">常</text>
                <text font="EUYBLA+KaiTi_GB2312" bbox="391.955,96.874,401.075,105.994" colourspace="ICCBased" ncolour="[0]" size="9.120">。</text>
                <text font="EUYBLA+KaiTi_GB2312" bbox="400.838,96.874,409.958,105.994" colourspace="ICCBased" ncolour="[0]" size="9.120">先</text>
                <text font="EUYBLA+KaiTi_GB2312" bbox="409.958,96.874,419.078,105.994" colourspace="ICCBased" ncolour="[0]" size="9.120">天</text>
                <text font="EUYBLA+KaiTi_GB2312" bbox="418.841,96.874,427.961,105.994" colourspace="ICCBased" ncolour="[0]" size="9.120">性</text>
                <text font="EUYBLA+KaiTi_GB2312" bbox="427.961,96.874,437.081,105.994" colourspace="ICCBased" ncolour="[0]" size="9.120">畸</text>
                <text font="EUYBLA+KaiTi_GB2312" bbox="436.844,96.874,445.964,105.994" colourspace="ICCBased" ncolour="[0]" size="9.120">形</text>
                <text font="EUYBLA+KaiTi_GB2312" bbox="445.964,96.874,455.084,105.994" colourspace="ICCBased" ncolour="[0]" size="9.120">、</text>
                <text font="EUYBLA+KaiTi_GB2312" bbox="454.847,96.874,463.967,105.994" colourspace="ICCBased" ncolour="[0]" size="9.120">变</text>
                <text font="EUYBLA+KaiTi_GB2312" bbox="463.967,96.874,473.087,105.994" colourspace="ICCBased" ncolour="[0]" size="9.120">形</text>
                <text font="EUYBLA+KaiTi_GB2312" bbox="472.850,96.874,481.970,105.994" colourspace="ICCBased" ncolour="[0]" size="9.120">和</text>
                <text font="EUYBLA+KaiTi_GB2312" bbox="481.970,96.874,491.090,105.994" colourspace="ICCBased" ncolour="[0]" size="9.120">染</text>
                <text font="EUYBLA+KaiTi_GB2312" bbox="490.853,96.874,499.973,105.994" colourspace="ICCBased" ncolour="[0]" size="9.120">色</text>
                <text font="EUYBLA+KaiTi_GB2312" bbox="499.973,96.874,509.093,105.994" colourspace="ICCBased" ncolour="[0]" size="9.120">体</text>
                <text font="EUYBLA+KaiTi_GB2312" bbox="508.856,96.874,517.976,105.994" colourspace="ICCBased" ncolour="[0]" size="9.120">异</text>
                <text font="EUYBLA+KaiTi_GB2312" bbox="517.976,96.874,527.096,105.994" colourspace="ICCBased" ncolour="[0]" size="9.120">常</text>
                <text font="EUYBLA+KaiTi_GB2312" bbox="526.859,96.874,535.979,105.994" colourspace="ICCBased" ncolour="[0]" size="9.120">依</text>
                <text font="EUYBLA+KaiTi_GB2312" bbox="535.741,96.874,544.861,105.994" colourspace="ICCBased" ncolour="[0]" size="9.120">照</text>
                <text>
                </text>
            </textline>
        </textbox>
        <textbox id="26" bbox="60.242,82.400,345.962,93.035">
            <textline bbox="60.242,82.400,345.962,93.035">
                <text font="EUYBLA+KaiTi_GB2312" bbox="60.242,83.915,69.362,93.035" colourspace="ICCBased" ncolour="[0]" size="9.120">世</text>
                <text font="EUYBLA+KaiTi_GB2312" bbox="69.362,83.915,78.482,93.035" colourspace="ICCBased" ncolour="[0]" size="9.120">界</text>
                <text font="EUYBLA+KaiTi_GB2312" bbox="78.242,83.915,87.362,93.035" colourspace="ICCBased" ncolour="[0]" size="9.120">卫</text>
                <text font="EUYBLA+KaiTi_GB2312" bbox="87.362,83.915,96.482,93.035" colourspace="ICCBased" ncolour="[0]" size="9.120">生</text>
                <text font="EUYBLA+KaiTi_GB2312" bbox="96.242,83.915,105.362,93.035" colourspace="ICCBased" ncolour="[0]" size="9.120">组</text>
                <text font="EUYBLA+KaiTi_GB2312" bbox="105.362,83.915,114.482,93.035" colourspace="ICCBased" ncolour="[0]" size="9.120">织</text>
                <text font="EUYBLA+KaiTi_GB2312" bbox="114.242,83.915,123.362,93.035" colourspace="ICCBased" ncolour="[0]" size="9.120">《</text>
                <text font="EUYBLA+KaiTi_GB2312" bbox="123.362,83.915,132.482,93.035" colourspace="ICCBased" ncolour="[0]" size="9.120">疾</text>
                <text font="EUYBLA+KaiTi_GB2312" bbox="132.242,83.915,141.362,93.035" colourspace="ICCBased" ncolour="[0]" size="9.120">病</text>
                <text font="EUYBLA+KaiTi_GB2312" bbox="141.362,83.915,150.482,93.035" colourspace="ICCBased" ncolour="[0]" size="9.120">和</text>
                <text font="EUYBLA+KaiTi_GB2312" bbox="150.242,83.915,159.362,93.035" colourspace="ICCBased" ncolour="[0]" size="9.120">有</text>
                <text font="EUYBLA+KaiTi_GB2312" bbox="159.362,83.915,168.482,93.035" colourspace="ICCBased" ncolour="[0]" size="9.120">关</text>
                <text font="EUYBLA+KaiTi_GB2312" bbox="168.242,83.915,177.362,93.035" colourspace="ICCBased" ncolour="[0]" size="9.120">健</text>
                <text font="EUYBLA+KaiTi_GB2312" bbox="177.362,83.915,186.482,93.035" colourspace="ICCBased" ncolour="[0]" size="9.120">康</text>
                <text font="EUYBLA+KaiTi_GB2312" bbox="186.242,83.915,195.362,93.035" colourspace="ICCBased" ncolour="[0]" size="9.120">问</text>
                <text font="EUYBLA+KaiTi_GB2312" bbox="195.362,83.915,204.482,93.035" colourspace="ICCBased" ncolour="[0]" size="9.120">题</text>
                <text font="EUYBLA+KaiTi_GB2312" bbox="204.242,83.915,213.362,93.035" colourspace="ICCBased" ncolour="[0]" size="9.120">的</text>
                <text font="EUYBLA+KaiTi_GB2312" bbox="213.362,83.915,222.482,93.035" colourspace="ICCBased" ncolour="[0]" size="9.120">国</text>
                <text font="EUYBLA+KaiTi_GB2312" bbox="222.242,83.915,231.362,93.035" colourspace="ICCBased" ncolour="[0]" size="9.120">际</text>
                <text font="EUYBLA+KaiTi_GB2312" bbox="231.362,83.915,240.482,93.035" colourspace="ICCBased" ncolour="[0]" size="9.120">统</text>
                <text font="EUYBLA+KaiTi_GB2312" bbox="240.242,83.915,249.362,93.035" colourspace="ICCBased" ncolour="[0]" size="9.120">计</text>
                <text font="EUYBLA+KaiTi_GB2312" bbox="249.362,83.915,258.482,93.035" colourspace="ICCBased" ncolour="[0]" size="9.120">分</text>
                <text font="EUYBLA+KaiTi_GB2312" bbox="258.242,83.915,267.362,93.035" colourspace="ICCBased" ncolour="[0]" size="9.120">类</text>
                <text font="EUYBLA+KaiTi_GB2312" bbox="267.362,83.915,276.482,93.035" colourspace="ICCBased" ncolour="[0]" size="9.120">》</text>
                <text font="EUYBLA+KaiTi_GB2312" bbox="271.922,83.915,281.042,93.035" colourspace="ICCBased" ncolour="[0]" size="9.120">（</text>
                <text font="EUYBLA+KaiTi_GB2312" bbox="280.800,83.914,285.360,93.034" colourspace="ICCBased" ncolour="[0]" size="9.120">I</text>
                <text font="EUYBLA+KaiTi_GB2312" bbox="285.360,83.914,289.920,93.034" colourspace="ICCBased" ncolour="[0]" size="9.120">C</text>
                <text font="EUYBLA+KaiTi_GB2312" bbox="289.920,83.914,294.480,93.034" colourspace="ICCBased" ncolour="[0]" size="9.120">D</text>
                <text font="EUYBLA+KaiTi_GB2312" bbox="294.480,83.914,299.040,93.034" colourspace="ICCBased" ncolour="[0]" size="9.120">-</text>
                <text font="EUYBLA+KaiTi_GB2312" bbox="298.803,83.914,303.363,93.034" colourspace="ICCBased" ncolour="[0]" size="9.120">1</text>
                <text font="EUYBLA+KaiTi_GB2312" bbox="303.126,83.914,307.686,93.034" colourspace="ICCBased" ncolour="[0]" size="9.120">0</text>
                <text font="EUYBLA+KaiTi_GB2312" bbox="307.686,83.914,316.806,93.034" colourspace="ICCBased" ncolour="[0]" size="9.120">）</text>
                <text font="EUYBLA+KaiTi_GB2312" bbox="316.806,83.914,325.926,93.034" colourspace="ICCBased" ncolour="[0]" size="9.120">确</text>
                <text font="EUYBLA+KaiTi_GB2312" bbox="325.686,83.914,334.806,93.034" colourspace="ICCBased" ncolour="[0]" size="9.120">定</text>
                <text font="EUYBLA+KaiTi_GB2312" bbox="334.806,83.914,343.926,93.034" colourspace="ICCBased" ncolour="[0]" size="9.120">。</text>
                <text font="TimesNewRomanPSMT" bbox="343.682,82.400,345.962,91.520" colourspace="ICCBased" ncolour="[0]" size="9.120"> </text>
                <text>
                </text>
            </textline>
        </textbox>
        <textbox id="27" bbox="51.120,70.954,544.862,80.717">
            <textline bbox="51.120,70.954,544.862,80.717">
                <text font="EUYBLA+KaiTi_GB2312" bbox="51.120,76.157,53.400,80.717" colourspace="ICCBased" ncolour="[0]" size="4.560">1</text>
                <text font="EUYBLA+KaiTi_GB2312" bbox="53.760,76.157,56.040,80.717" colourspace="ICCBased" ncolour="[0]" size="4.560">0</text>
                <text font="EUYBLA+KaiTi_GB2312" bbox="56.400,70.954,60.960,80.074" colourspace="ICCBased" ncolour="[0]" size="9.120"> </text>
                <text font="EUYBLA+KaiTi_GB2312" bbox="60.960,70.954,70.080,80.074" colourspace="ICCBased" ncolour="[0]" size="9.120">保</text>
                <text font="EUYBLA+KaiTi_GB2312" bbox="70.080,70.954,79.200,80.074" colourspace="ICCBased" ncolour="[0]" size="9.120">险</text>
                <text font="EUYBLA+KaiTi_GB2312" bbox="79.200,70.954,88.320,80.074" colourspace="ICCBased" ncolour="[0]" size="9.120">费</text>
                <text font="EUYBLA+KaiTi_GB2312" bbox="88.080,70.954,97.200,80.074" colourspace="ICCBased" ncolour="[0]" size="9.120">约</text>
                <text font="EUYBLA+KaiTi_GB2312" bbox="97.200,70.954,106.320,80.074" colourspace="ICCBased" ncolour="[0]" size="9.120">定</text>
                <text font="EUYBLA+KaiTi_GB2312" bbox="106.320,70.954,115.440,80.074" colourspace="ICCBased" ncolour="[0]" size="9.120">支</text>
                <text font="EUYBLA+KaiTi_GB2312" bbox="115.200,70.954,124.320,80.074" colourspace="ICCBased" ncolour="[0]" size="9.120">付</text>
                <text font="EUYBLA+KaiTi_GB2312" bbox="124.320,70.954,133.440,80.074" colourspace="ICCBased" ncolour="[0]" size="9.120">日</text>
                <text font="EUYBLA+KaiTi_GB2312" bbox="133.440,70.954,142.560,80.074" colourspace="ICCBased" ncolour="[0]" size="9.120">指</text>
                <text font="EUYBLA+KaiTi_GB2312" bbox="142.323,70.954,151.443,80.074" colourspace="ICCBased" ncolour="[0]" size="9.120">保</text>
                <text font="EUYBLA+KaiTi_GB2312" bbox="151.206,70.954,160.326,80.074" colourspace="ICCBased" ncolour="[0]" size="9.120">险</text>
                <text font="EUYBLA+KaiTi_GB2312" bbox="160.326,70.954,169.446,80.074" colourspace="ICCBased" ncolour="[0]" size="9.120">合</text>
                <text font="EUYBLA+KaiTi_GB2312" bbox="169.209,70.954,178.329,80.074" colourspace="ICCBased" ncolour="[0]" size="9.120">同</text>
                <text font="EUYBLA+KaiTi_GB2312" bbox="178.330,70.954,187.450,80.074" colourspace="ICCBased" ncolour="[0]" size="9.120">生</text>
                <text font="EUYBLA+KaiTi_GB2312" bbox="187.212,70.954,196.332,80.074" colourspace="ICCBased" ncolour="[0]" size="9.120">效</text>
                <text font="EUYBLA+KaiTi_GB2312" bbox="196.332,70.954,205.452,80.074" colourspace="ICCBased" ncolour="[0]" size="9.120">日</text>
                <text font="EUYBLA+KaiTi_GB2312" bbox="205.215,70.954,214.335,80.074" colourspace="ICCBased" ncolour="[0]" size="9.120">在</text>
                <text font="EUYBLA+KaiTi_GB2312" bbox="214.335,70.954,223.455,80.074" colourspace="ICCBased" ncolour="[0]" size="9.120">每</text>
                <text font="EUYBLA+KaiTi_GB2312" bbox="223.218,70.954,232.338,80.074" colourspace="ICCBased" ncolour="[0]" size="9.120">月</text>
                <text font="EUYBLA+KaiTi_GB2312" bbox="232.338,70.954,241.458,80.074" colourspace="ICCBased" ncolour="[0]" size="9.120">、</text>
                <text font="EUYBLA+KaiTi_GB2312" bbox="240.978,70.954,250.098,80.074" colourspace="ICCBased" ncolour="[0]" size="9.120">每</text>
                <text font="EUYBLA+KaiTi_GB2312" bbox="249.861,70.954,258.981,80.074" colourspace="ICCBased" ncolour="[0]" size="9.120">季</text>
                <text font="EUYBLA+KaiTi_GB2312" bbox="258.981,70.954,268.101,80.074" colourspace="ICCBased" ncolour="[0]" size="9.120">、</text>
                <text font="EUYBLA+KaiTi_GB2312" bbox="267.381,70.954,276.501,80.074" colourspace="ICCBased" ncolour="[0]" size="9.120">每</text>
                <text font="EUYBLA+KaiTi_GB2312" bbox="276.501,70.954,285.621,80.074" colourspace="ICCBased" ncolour="[0]" size="9.120">半</text>
                <text font="EUYBLA+KaiTi_GB2312" bbox="285.384,70.954,294.504,80.074" colourspace="ICCBased" ncolour="[0]" size="9.120">年</text>
                <text font="EUYBLA+KaiTi_GB2312" bbox="294.267,70.954,303.387,80.074" colourspace="ICCBased" ncolour="[0]" size="9.120">或</text>
                <text font="EUYBLA+KaiTi_GB2312" bbox="303.387,70.954,312.507,80.074" colourspace="ICCBased" ncolour="[0]" size="9.120">每</text>
                <text font="EUYBLA+KaiTi_GB2312" bbox="312.270,70.954,321.390,80.074" colourspace="ICCBased" ncolour="[0]" size="9.120">年</text>
                <text font="EUYBLA+KaiTi_GB2312" bbox="320.909,70.954,330.029,80.074" colourspace="ICCBased" ncolour="[0]" size="9.120">（</text>
                <text font="EUYBLA+KaiTi_GB2312" bbox="330.030,70.954,339.150,80.074" colourspace="ICCBased" ncolour="[0]" size="9.120">根</text>
                <text font="EUYBLA+KaiTi_GB2312" bbox="338.913,70.954,348.033,80.074" colourspace="ICCBased" ncolour="[0]" size="9.120">据</text>
                <text font="EUYBLA+KaiTi_GB2312" bbox="348.033,70.954,357.153,80.074" colourspace="ICCBased" ncolour="[0]" size="9.120">交</text>
                <text font="EUYBLA+KaiTi_GB2312" bbox="356.916,70.954,366.036,80.074" colourspace="ICCBased" ncolour="[0]" size="9.120">费</text>
                <text font="EUYBLA+KaiTi_GB2312" bbox="366.036,70.954,375.156,80.074" colourspace="ICCBased" ncolour="[0]" size="9.120">方</text>
                <text font="EUYBLA+KaiTi_GB2312" bbox="374.918,70.954,384.038,80.074" colourspace="ICCBased" ncolour="[0]" size="9.120">式</text>
                <text font="EUYBLA+KaiTi_GB2312" bbox="384.038,70.954,393.158,80.074" colourspace="ICCBased" ncolour="[0]" size="9.120">确</text>
                <text font="EUYBLA+KaiTi_GB2312" bbox="392.921,70.954,402.041,80.074" colourspace="ICCBased" ncolour="[0]" size="9.120">定</text>
                <text font="EUYBLA+KaiTi_GB2312" bbox="402.041,70.954,411.161,80.074" colourspace="ICCBased" ncolour="[0]" size="9.120">）</text>
                <text font="EUYBLA+KaiTi_GB2312" bbox="410.442,70.954,419.562,80.074" colourspace="ICCBased" ncolour="[0]" size="9.120">的</text>
                <text font="EUYBLA+KaiTi_GB2312" bbox="419.562,70.954,428.682,80.074" colourspace="ICCBased" ncolour="[0]" size="9.120">对</text>
                <text font="EUYBLA+KaiTi_GB2312" bbox="428.445,70.954,437.565,80.074" colourspace="ICCBased" ncolour="[0]" size="9.120">应</text>
                <text font="EUYBLA+KaiTi_GB2312" bbox="437.565,70.954,446.685,80.074" colourspace="ICCBased" ncolour="[0]" size="9.120">日</text>
                <text font="EUYBLA+KaiTi_GB2312" bbox="446.685,70.954,455.805,80.074" colourspace="ICCBased" ncolour="[0]" size="9.120">。</text>
                <text font="EUYBLA+KaiTi_GB2312" bbox="455.085,70.954,464.205,80.074" colourspace="ICCBased" ncolour="[0]" size="9.120">如</text>
                <text font="EUYBLA+KaiTi_GB2312" bbox="464.205,70.954,473.325,80.074" colourspace="ICCBased" ncolour="[0]" size="9.120">果</text>
                <text font="EUYBLA+KaiTi_GB2312" bbox="473.088,70.954,482.208,80.074" colourspace="ICCBased" ncolour="[0]" size="9.120">当</text>
                <text font="EUYBLA+KaiTi_GB2312" bbox="482.208,70.954,491.328,80.074" colourspace="ICCBased" ncolour="[0]" size="9.120">月</text>
                <text font="EUYBLA+KaiTi_GB2312" bbox="491.091,70.954,500.211,80.074" colourspace="ICCBased" ncolour="[0]" size="9.120">无</text>
                <text font="EUYBLA+KaiTi_GB2312" bbox="500.211,70.954,509.331,80.074" colourspace="ICCBased" ncolour="[0]" size="9.120">对</text>
                <text font="EUYBLA+KaiTi_GB2312" bbox="509.094,70.954,518.214,80.074" colourspace="ICCBased" ncolour="[0]" size="9.120">应</text>
                <text font="EUYBLA+KaiTi_GB2312" bbox="517.977,70.954,527.097,80.074" colourspace="ICCBased" ncolour="[0]" size="9.120">的</text>
                <text font="EUYBLA+KaiTi_GB2312" bbox="526.859,70.954,535.979,80.074" colourspace="ICCBased" ncolour="[0]" size="9.120">同</text>
                <text font="EUYBLA+KaiTi_GB2312" bbox="535.742,70.954,544.862,80.074" colourspace="ICCBased" ncolour="[0]" size="9.120">一</text>
                <text>
                </text>
            </textline>
        </textbox>
        <textbox id="28" bbox="60.243,56.480,197.400,67.115">
            <textline bbox="60.243,56.480,197.400,67.115">
                <text font="EUYBLA+KaiTi_GB2312" bbox="60.243,57.995,69.363,67.115" colourspace="ICCBased" ncolour="[0]" size="9.120">日</text>
                <text font="EUYBLA+KaiTi_GB2312" bbox="69.363,57.995,78.483,67.115" colourspace="ICCBased" ncolour="[0]" size="9.120">，</text>
                <text font="EUYBLA+KaiTi_GB2312" bbox="78.246,57.995,87.366,67.115" colourspace="ICCBased" ncolour="[0]" size="9.120">则</text>
                <text font="EUYBLA+KaiTi_GB2312" bbox="87.366,57.995,96.486,67.115" colourspace="ICCBased" ncolour="[0]" size="9.120">以</text>
                <text font="EUYBLA+KaiTi_GB2312" bbox="96.249,57.995,105.369,67.115" colourspace="ICCBased" ncolour="[0]" size="9.120">该</text>
                <text font="EUYBLA+KaiTi_GB2312" bbox="105.369,57.995,114.489,67.115" colourspace="ICCBased" ncolour="[0]" size="9.120">月</text>
                <text font="EUYBLA+KaiTi_GB2312" bbox="114.252,57.995,123.372,67.115" colourspace="ICCBased" ncolour="[0]" size="9.120">最</text>
                <text font="EUYBLA+KaiTi_GB2312" bbox="123.372,57.995,132.492,67.115" colourspace="ICCBased" ncolour="[0]" size="9.120">后</text>
                <text font="EUYBLA+KaiTi_GB2312" bbox="132.254,57.995,141.374,67.115" colourspace="ICCBased" ncolour="[0]" size="9.120">一</text>
                <text font="EUYBLA+KaiTi_GB2312" bbox="141.374,57.995,150.494,67.115" colourspace="ICCBased" ncolour="[0]" size="9.120">日</text>
                <text font="EUYBLA+KaiTi_GB2312" bbox="150.257,57.995,159.377,67.115" colourspace="ICCBased" ncolour="[0]" size="9.120">为</text>
                <text font="EUYBLA+KaiTi_GB2312" bbox="159.377,57.995,168.497,67.115" colourspace="ICCBased" ncolour="[0]" size="9.120">对</text>
                <text font="EUYBLA+KaiTi_GB2312" bbox="168.260,57.995,177.380,67.115" colourspace="ICCBased" ncolour="[0]" size="9.120">应</text>
                <text font="EUYBLA+KaiTi_GB2312" bbox="177.380,57.995,186.500,67.115" colourspace="ICCBased" ncolour="[0]" size="9.120">日</text>
                <text font="EUYBLA+KaiTi_GB2312" bbox="186.263,57.995,195.383,67.115" colourspace="ICCBased" ncolour="[0]" size="9.120">。</text>
                <text font="TimesNewRomanPSMT" bbox="195.120,56.480,197.400,65.600" colourspace="ICCBased" ncolour="[0]" size="9.120"> </text>
                <text>
                </text>
            </textline>
        </textbox>
        <textbox id="29" bbox="97.440,356.549,908.160,384.660">
            <textline bbox="97.440,371.568,908.160,384.660">
                <text font="ERELLA+STXinwei" bbox="97.440,371.568,109.440,383.568" colourspace="ICCBased" ncolour="[0]" size="12.000">这</text>
                <text font="ERELLA+STXinwei" bbox="109.440,371.568,121.440,383.568" colourspace="ICCBased" ncolour="[0]" size="12.000">部</text>
                <text font="ERELLA+STXinwei" bbox="121.440,371.568,133.440,383.568" colourspace="ICCBased" ncolour="[0]" size="12.000">分</text>
                <text font="ERELLA+STXinwei" bbox="133.440,371.568,145.440,383.568" colourspace="ICCBased" ncolour="[0]" size="12.000">讲</text>
                <text font="ERELLA+STXinwei" bbox="145.440,371.568,157.440,383.568" colourspace="ICCBased" ncolour="[0]" size="12.000">的</text>
                <text font="ERELLA+STXinwei" bbox="157.440,371.568,169.440,383.568" colourspace="ICCBased" ncolour="[0]" size="12.000">是</text>
                <text font="ERELLA+STXinwei" bbox="169.440,371.568,181.440,383.568" colourspace="ICCBased" ncolour="[0]" size="12.000">您</text>
                <text font="ERELLA+STXinwei" bbox="181.440,371.568,193.440,383.568" colourspace="ICCBased" ncolour="[0]" size="12.000">应</text>
                <text font="ERELLA+STXinwei" bbox="193.440,371.568,205.440,383.568" colourspace="ICCBased" ncolour="[0]" size="12.000">当</text>
                <text font="ERELLA+STXinwei" bbox="205.440,371.568,217.440,383.568" colourspace="ICCBased" ncolour="[0]" size="12.000">按</text>
                <text font="ERELLA+STXinwei" bbox="217.440,371.568,229.440,383.568" colourspace="ICCBased" ncolour="[0]" size="12.000">时</text>
                <text font="ERELLA+STXinwei" bbox="229.440,371.568,241.440,383.568" colourspace="ICCBased" ncolour="[0]" size="12.000">交</text>
                <text font="ERELLA+STXinwei" bbox="241.440,371.568,253.440,383.568" colourspace="ICCBased" ncolour="[0]" size="12.000">纳</text>
                <text font="ERELLA+STXinwei" bbox="253.440,371.568,265.440,383.568" colourspace="ICCBased" ncolour="[0]" size="12.000">保</text>
                <text font="ERELLA+STXinwei" bbox="265.440,371.568,277.440,383.568" colourspace="ICCBased" ncolour="[0]" size="12.000">险</text>
                <text font="ERELLA+STXinwei" bbox="277.440,371.568,289.440,383.568" colourspace="ICCBased" ncolour="[0]" size="12.000">费</text>
                <text font="ERELLA+STXinwei" bbox="289.440,371.568,301.440,383.568" colourspace="ICCBased" ncolour="[0]" size="12.000">，</text>
                <text font="ERELLA+STXinwei" bbox="301.440,371.568,313.440,383.568" colourspace="ICCBased" ncolour="[0]" size="12.000">如</text>
                <text font="ERELLA+STXinwei" bbox="313.440,371.568,325.440,383.568" colourspace="ICCBased" ncolour="[0]" size="12.000">果</text>
                <text font="ERELLA+STXinwei" bbox="325.440,371.568,337.440,383.568" colourspace="ICCBased" ncolour="[0]" size="12.000">不</text>
                <text font="ERELLA+STXinwei" bbox="337.440,371.568,349.440,383.568" colourspace="ICCBased" ncolour="[0]" size="12.000">及</text>
                <text font="ERELLA+STXinwei" bbox="349.440,371.568,361.440,383.568" colourspace="ICCBased" ncolour="[0]" size="12.000">时</text>
                <text font="ERELLA+STXinwei" bbox="361.440,371.568,373.440,383.568" colourspace="ICCBased" ncolour="[0]" size="12.000">交</text>
                <text font="ERELLA+STXinwei" bbox="373.440,371.568,385.440,383.568" colourspace="ICCBased" ncolour="[0]" size="12.000">费</text>
                <text font="ERELLA+STXinwei" bbox="385.440,371.568,397.440,383.568" colourspace="ICCBased" ncolour="[0]" size="12.000">可</text>
                <text font="ERELLA+STXinwei" bbox="397.440,371.568,409.440,383.568" colourspace="ICCBased" ncolour="[0]" size="12.000">能</text>
                <text font="ERELLA+STXinwei" bbox="409.440,371.568,421.440,383.568" colourspace="ICCBased" ncolour="[0]" size="12.000">会</text>
                <text font="ERELLA+STXinwei" bbox="421.440,371.568,433.440,383.568" colourspace="ICCBased" ncolour="[0]" size="12.000">导</text>
                <text font="ERELLA+STXinwei" bbox="433.440,371.568,445.440,383.568" colourspace="ICCBased" ncolour="[0]" size="12.000">致</text>
                <text font="ERELLA+STXinwei" bbox="445.440,371.568,457.440,383.568" colourspace="ICCBased" ncolour="[0]" size="12.000">合</text>
                <text font="ERELLA+STXinwei" bbox="457.440,371.568,469.440,383.568" colourspace="ICCBased" ncolour="[0]" size="12.000">同</text>
                <text font="ERELLA+STXinwei" bbox="469.440,371.568,481.440,383.568" colourspace="ICCBased" ncolour="[0]" size="12.000">效</text>
                <text font="ERELLA+STXinwei" bbox="481.440,371.568,493.440,383.568" colourspace="ICCBased" ncolour="[0]" size="12.000">力</text>
                <text font="ERELLA+STXinwei" bbox="493.440,371.568,505.440,383.568" colourspace="ICCBased" ncolour="[0]" size="12.000">中</text>
                <text font="ERELLA+STXinwei" bbox="505.440,371.568,517.440,383.568" colourspace="ICCBased" ncolour="[0]" size="12.000">止</text>
                <text font="ERELLA+STXinwei" bbox="517.440,371.568,529.440,383.568" colourspace="ICCBased" ncolour="[0]" size="12.000">。</text>
                <text font="JTTPDQ+SimSun" bbox="529.440,372.660,535.440,384.660" colourspace="ICCBased" ncolour="[0]" size="12.000"> </text>
                <text font="JTTPDQ+SimSun" bbox="535.440,372.660,541.440,384.660" colourspace="ICCBased" ncolour="[0]" size="12.000"> </text>
                <text font="JTTPDQ+SimSun" bbox="541.440,372.660,547.440,384.660" colourspace="ICCBased" ncolour="[0]" size="12.000"> </text>
                <text font="JTTPDQ+SimSun" bbox="547.440,372.660,553.440,384.660" colourspace="ICCBased" ncolour="[0]" size="12.000"> </text>
                <text font="JTTPDQ+SimSun" bbox="553.440,372.660,559.440,384.660" colourspace="ICCBased" ncolour="[0]" size="12.000"> </text>
                <text font="JTTPDQ+SimSun" bbox="559.440,372.660,565.440,384.660" colourspace="ICCBased" ncolour="[0]" size="12.000"> </text>
                <text font="JTTPDQ+SimSun" bbox="565.680,372.660,571.680,384.660" colourspace="ICCBased" ncolour="[0]" size="12.000"> </text>
                <text font="JTTPDQ+SimSun" bbox="571.680,372.660,577.680,384.660" colourspace="ICCBased" ncolour="[0]" size="12.000"> </text>
                <text font="JTTPDQ+SimSun" bbox="577.680,372.660,583.680,384.660" colourspace="ICCBased" ncolour="[0]" size="12.000"> </text>
                <text font="JTTPDQ+SimSun" bbox="583.680,372.660,589.680,384.660" colourspace="ICCBased" ncolour="[0]" size="12.000"> </text>
                <text font="JTTPDQ+SimSun" bbox="589.680,372.660,595.680,384.660" colourspace="ICCBased" ncolour="[0]" size="12.000"> </text>
                <text font="JTTPDQ+SimSun" bbox="595.680,372.660,601.680,384.660" colourspace="ICCBased" ncolour="[0]" size="12.000"> </text>
                <text font="JTTPDQ+SimSun" bbox="601.680,372.660,607.680,384.660" colourspace="ICCBased" ncolour="[0]" size="12.000"> </text>
                <text font="JTTPDQ+SimSun" bbox="607.920,372.660,613.920,384.660" colourspace="ICCBased" ncolour="[0]" size="12.000"> </text>
                <text font="JTTPDQ+SimSun" bbox="613.920,372.660,619.920,384.660" colourspace="ICCBased" ncolour="[0]" size="12.000"> </text>
                <text font="JTTPDQ+SimSun" bbox="619.920,372.660,625.920,384.660" colourspace="ICCBased" ncolour="[0]" size="12.000"> </text>
                <text font="JTTPDQ+SimSun" bbox="625.920,372.660,631.920,384.660" colourspace="ICCBased" ncolour="[0]" size="12.000"> </text>
                <text font="JTTPDQ+SimSun" bbox="631.920,372.660,637.920,384.660" colourspace="ICCBased" ncolour="[0]" size="12.000"> </text>
                <text font="JTTPDQ+SimSun" bbox="637.920,372.660,643.920,384.660" colourspace="ICCBased" ncolour="[0]" size="12.000"> </text>
                <text font="JTTPDQ+SimSun" bbox="643.920,372.660,649.920,384.660" colourspace="ICCBased" ncolour="[0]" size="12.000"> </text>
                <text font="JTTPDQ+SimSun" bbox="649.920,372.660,655.920,384.660" colourspace="ICCBased" ncolour="[0]" size="12.000"> </text>
                <text font="JTTPDQ+SimSun" bbox="655.920,372.660,661.920,384.660" colourspace="ICCBased" ncolour="[0]" size="12.000"> </text>
                <text font="JTTPDQ+SimSun" bbox="661.920,372.660,667.920,384.660" colourspace="ICCBased" ncolour="[0]" size="12.000"> </text>
                <text font="JTTPDQ+SimSun" bbox="667.920,372.660,673.920,384.660" colourspace="ICCBased" ncolour="[0]" size="12.000"> </text>
                <text font="JTTPDQ+SimSun" bbox="674.160,372.660,680.160,384.660" colourspace="ICCBased" ncolour="[0]" size="12.000"> </text>
                <text font="JTTPDQ+SimSun" bbox="680.160,372.660,686.160,384.660" colourspace="ICCBased" ncolour="[0]" size="12.000"> </text>
                <text font="JTTPDQ+SimSun" bbox="686.160,372.660,692.160,384.660" colourspace="ICCBased" ncolour="[0]" size="12.000"> </text>
                <text font="JTTPDQ+SimSun" bbox="692.160,372.660,698.160,384.660" colourspace="ICCBased" ncolour="[0]" size="12.000"> </text>
                <text font="JTTPDQ+SimSun" bbox="698.160,372.660,704.160,384.660" colourspace="ICCBased" ncolour="[0]" size="12.000"> </text>
                <text font="JTTPDQ+SimSun" bbox="704.160,372.660,710.160,384.660" colourspace="ICCBased" ncolour="[0]" size="12.000"> </text>
                <text font="JTTPDQ+SimSun" bbox="710.160,372.660,716.160,384.660" colourspace="ICCBased" ncolour="[0]" size="12.000"> </text>
                <text font="JTTPDQ+SimSun" bbox="716.160,372.660,722.160,384.660" colourspace="ICCBased" ncolour="[0]" size="12.000"> </text>
                <text font="JTTPDQ+SimSun" bbox="722.160,372.660,728.160,384.660" colourspace="ICCBased" ncolour="[0]" size="12.000"> </text>
                <text font="JTTPDQ+SimSun" bbox="728.160,372.660,734.160,384.660" colourspace="ICCBased" ncolour="[0]" size="12.000"> </text>
                <text font="JTTPDQ+SimSun" bbox="734.400,372.660,740.400,384.660" colourspace="ICCBased" ncolour="[0]" size="12.000"> </text>
                <text font="JTTPDQ+SimSun" bbox="740.400,372.660,746.400,384.660" colourspace="ICCBased" ncolour="[0]" size="12.000"> </text>
                <text font="JTTPDQ+SimSun" bbox="746.400,372.660,752.400,384.660" colourspace="ICCBased" ncolour="[0]" size="12.000"> </text>
                <text font="JTTPDQ+SimSun" bbox="752.400,372.660,758.400,384.660" colourspace="ICCBased" ncolour="[0]" size="12.000"> </text>
                <text font="JTTPDQ+SimSun" bbox="758.400,372.660,764.400,384.660" colourspace="ICCBased" ncolour="[0]" size="12.000"> </text>
                <text font="JTTPDQ+SimSun" bbox="764.400,372.660,770.400,384.660" colourspace="ICCBased" ncolour="[0]" size="12.000"> </text>
                <text font="JTTPDQ+SimSun" bbox="770.400,372.660,776.400,384.660" colourspace="ICCBased" ncolour="[0]" size="12.000"> </text>
                <text font="JTTPDQ+SimSun" bbox="776.400,372.660,782.400,384.660" colourspace="ICCBased" ncolour="[0]" size="12.000"> </text>
                <text font="JTTPDQ+SimSun" bbox="782.400,372.660,788.400,384.660" colourspace="ICCBased" ncolour="[0]" size="12.000"> </text>
                <text font="JTTPDQ+SimSun" bbox="788.400,372.660,794.400,384.660" colourspace="ICCBased" ncolour="[0]" size="12.000"> </text>
                <text font="JTTPDQ+SimSun" bbox="794.400,372.660,800.400,384.660" colourspace="ICCBased" ncolour="[0]" size="12.000"> </text>
                <text font="JTTPDQ+SimSun" bbox="800.640,372.660,806.640,384.660" colourspace="ICCBased" ncolour="[0]" size="12.000"> </text>
                <text font="JTTPDQ+SimSun" bbox="806.640,372.660,812.640,384.660" colourspace="ICCBased" ncolour="[0]" size="12.000"> </text>
                <text font="JTTPDQ+SimSun" bbox="812.640,372.660,818.640,384.660" colourspace="ICCBased" ncolour="[0]" size="12.000"> </text>
                <text font="JTTPDQ+SimSun" bbox="818.640,372.660,824.640,384.660" colourspace="ICCBased" ncolour="[0]" size="12.000"> </text>
                <text font="JTTPDQ+SimSun" bbox="824.640,372.660,830.640,384.660" colourspace="ICCBased" ncolour="[0]" size="12.000"> </text>
                <text font="JTTPDQ+SimSun" bbox="830.640,372.660,836.640,384.660" colourspace="ICCBased" ncolour="[0]" size="12.000"> </text>
                <text font="JTTPDQ+SimSun" bbox="836.640,372.660,842.640,384.660" colourspace="ICCBased" ncolour="[0]" size="12.000"> </text>
                <text font="JTTPDQ+SimSun" bbox="842.640,372.660,848.640,384.660" colourspace="ICCBased" ncolour="[0]" size="12.000"> </text>
                <text font="JTTPDQ+SimSun" bbox="848.880,372.660,854.880,384.660" colourspace="ICCBased" ncolour="[0]" size="12.000"> </text>
                <text font="JTTPDQ+SimSun" bbox="854.880,372.660,860.880,384.660" colourspace="ICCBased" ncolour="[0]" size="12.000"> </text>
                <text font="JTTPDQ+SimSun" bbox="860.880,372.660,866.880,384.660" colourspace="ICCBased" ncolour="[0]" size="12.000"> </text>
                <text font="JTTPDQ+SimSun" bbox="866.880,372.660,872.880,384.660" colourspace="ICCBased" ncolour="[0]" size="12.000"> </text>
                <text font="JTTPDQ+SimSun" bbox="872.880,372.660,878.880,384.660" colourspace="ICCBased" ncolour="[0]" size="12.000"> </text>
                <text font="JTTPDQ+SimSun" bbox="878.880,372.660,884.880,384.660" colourspace="ICCBased" ncolour="[0]" size="12.000"> </text>
                <text font="JTTPDQ+SimSun" bbox="884.880,372.660,890.880,384.660" colourspace="ICCBased" ncolour="[0]" size="12.000"> </text>
                <text font="JTTPDQ+SimSun" bbox="890.880,372.660,896.880,384.660" colourspace="ICCBased" ncolour="[0]" size="12.000"> </text>
                <text font="JTTPDQ+SimSun" bbox="896.880,372.660,902.880,384.660" colourspace="ICCBased" ncolour="[0]" size="12.000"> </text>
                <text font="JTTPDQ+SimSun" bbox="902.880,372.869,908.160,383.429" colourspace="ICCBased" ncolour="[0]" size="10.560"> </text>
                <text>
                </text>
            </textline>
            <textline bbox="97.440,356.549,102.720,367.109">
                <text font="JTTPDQ+SimSun" bbox="97.440,356.549,102.720,367.109" colourspace="ICCBased" ncolour="[0]" size="10.560"> </text>
                <text>
                </text>
            </textline>
        </textbox>
        <rect linewidth="0" bbox="45.600,744.240,92.160,745.200" />
        <rect linewidth="0" bbox="92.160,744.240,93.120,745.200" />
        <rect linewidth="0" bbox="93.120,744.240,205.200,745.200" />
        <rect linewidth="0" bbox="205.200,744.240,206.160,745.200" />
        <rect linewidth="0" bbox="206.160,744.240,552.480,745.200" />
        <rect linewidth="0" bbox="210.480,713.520,546.960,727.440" />
        <rect linewidth="0" bbox="210.480,697.920,283.920,711.840" />
        <rect linewidth="0" bbox="210.480,682.320,436.080,696.240" />
        <rect linewidth="0" bbox="210.480,666.720,541.200,680.640" />
        <rect linewidth="0" bbox="210.480,651.120,390.000,665.040" />
        <rect linewidth="0" bbox="210.480,635.520,375.600,649.440" />
        <rect linewidth="0" bbox="210.480,619.920,409.440,633.840" />
        <rect linewidth="0" bbox="210.480,588.720,404.640,602.640" />
        <rect linewidth="0" bbox="210.480,573.120,362.640,587.040" />
        <rect linewidth="0" bbox="210.480,557.520,470.640,571.440" />
        <rect linewidth="0" bbox="210.480,541.920,546.960,555.840" />
        <rect linewidth="0" bbox="210.480,526.320,483.360,540.240" />
        <rect linewidth="0" bbox="210.480,510.720,546.960,524.640" />
        <rect linewidth="0" bbox="210.480,495.120,431.040,509.040" />
        <rect linewidth="0" bbox="45.600,369.600,92.160,370.559" />
        <rect linewidth="0" bbox="92.160,369.600,93.120,370.559" />
        <rect linewidth="0" bbox="93.120,369.600,205.200,370.559" />
        <rect linewidth="0" bbox="205.200,369.600,206.160,370.559" />
        <rect linewidth="0" bbox="206.160,369.600,552.480,370.559" />
        <rect linewidth="0" bbox="51.120,263.520,195.120,264.000" />
        <layout>
            <textgroup bbox="51.119,56.480,908.160,784.437">
                <textgroup bbox="51.119,56.480,722.160,784.437">
                    <textgroup bbox="51.120,715.109,722.160,784.437">
                        <textbox id="0" bbox="60.000,764.517,175.680,784.437" />
                        <textgroup bbox="51.120,715.109,722.160,759.300">
                            <textgroup bbox="51.120,731.189,722.160,759.300">
                                <textgroup bbox="97.436,731.189,722.160,759.300">
                                    <textbox id="1" bbox="97.436,731.189,722.160,759.300" />
                                    <textbox id="2" bbox="210.481,731.189,215.761,741.749" />
                                </textgroup>
                                <textbox id="3" bbox="51.120,731.189,56.400,741.749" />
                            </textgroup>
                            <textbox id="4" bbox="60.960,715.109,519.120,725.669" />
                        </textgroup>
                    </textgroup>
                    <textgroup bbox="51.119,56.480,555.840,725.669">
                        <textgroup bbox="210.477,417.272,552.720,725.669">
                            <textgroup bbox="210.480,605.909,552.720,725.669">
                                <textbox id="5" bbox="210.480,621.393,552.720,725.669" />
                                <textbox id="6" bbox="235.680,605.909,456.240,616.469" />
                            </textgroup>
                            <textgroup bbox="210.477,417.272,552.480,600.869">
                                <textbox id="7" bbox="210.480,481.112,547.200,600.869" />
                                <textbox id="8" bbox="210.477,417.272,552.480,474.629" />
                            </textgroup>
                        </textgroup>
                        <textgroup bbox="51.119,56.480,555.840,491.672">
                            <textgroup bbox="51.119,282.389,187.680,491.672">
                                <textgroup bbox="60.000,389.877,187.680,491.672">
                                    <textgroup bbox="60.960,417.272,165.840,491.672">
                                        <textbox id="9" bbox="60.960,464.069,165.840,474.629" />
                                        <textgroup bbox="97.435,417.272,102.719,491.672">
                                            <textbox id="10" bbox="97.439,481.112,102.719,491.672" />
                                            <textbox id="11" bbox="97.435,417.272,102.715,427.832" />
                                        </textgroup>
                                    </textgroup>
                                    <textbox id="12" bbox="60.000,389.877,187.680,409.797" />
                                </textgroup>
                                <textgroup bbox="51.119,282.389,56.403,491.672">
                                    <textgroup bbox="51.119,356.549,56.403,491.672">
                                        <textbox id="13" bbox="51.123,481.112,56.403,491.672" />
                                        <textgroup bbox="51.119,356.549,56.400,427.832">
                                            <textbox id="14" bbox="51.119,417.272,56.399,427.832" />
                                            <textbox id="15" bbox="51.120,356.549,56.400,367.109" />
                                        </textgroup>
                                    </textgroup>
                                    <textbox id="16" bbox="51.120,282.389,56.400,292.949" />
                                </textgroup>
                            </textgroup>
                            <textgroup bbox="51.120,56.480,555.840,365.398">
                                <textgroup bbox="60.960,282.389,555.840,365.398">
                                    <textbox id="17" bbox="60.960,282.389,555.840,365.398" />
                                    <textbox id="18" bbox="97.440,282.389,102.720,292.949" />
                                </textgroup>
                                <textgroup bbox="51.120,56.480,544.865,268.678">
                                    <textgroup bbox="51.120,70.954,544.865,268.678">
                                        <textgroup bbox="51.120,122.794,544.865,268.678">
                                            <textbox id="19" bbox="51.120,218.074,544.865,268.678" />
                                            <textgroup bbox="51.120,122.794,544.832,213.277">
                                                <textbox id="20" bbox="60.241,202.640,404.280,213.277" />
                                                <textgroup bbox="51.120,122.794,544.832,199.997">
                                                    <textbox id="21" bbox="51.120,176.074,544.832,199.997" />
                                                    <textgroup bbox="51.120,122.794,544.562,171.277">
                                                        <textbox id="22" bbox="61.681,134.487,544.562,171.277" />
                                                        <textbox id="23" bbox="51.120,122.794,544.396,132.557" />
                                                    </textgroup>
                                                </textgroup>
                                            </textgroup>
                                        </textgroup>
                                        <textgroup bbox="51.120,70.954,544.862,118.955">
                                            <textbox id="24" bbox="60.241,108.320,125.400,118.955" />
                                            <textgroup bbox="51.120,70.954,544.862,106.637">
                                                <textbox id="25" bbox="51.120,96.874,544.861,106.637" />
                                                <textgroup bbox="51.120,70.954,544.862,93.035">
                                                    <textbox id="26" bbox="60.242,82.400,345.962,93.035" />
                                                    <textbox id="27" bbox="51.120,70.954,544.862,80.717" />
                                                </textgroup>
                                            </textgroup>
                                        </textgroup>
                                    </textgroup>
                                    <textbox id="28" bbox="60.243,56.480,197.400,67.115" />
                                </textgroup>
                            </textgroup>
                        </textgroup>
                    </textgroup>
                </textgroup>
                <textbox id="29" bbox="97.440,356.549,908.160,384.660" />
            </textgroup>
        </layout>
    </page>
    <page id="5" bbox="0.000,0.000,595.200,841.920" rotate="0">
        <textbox id="0" bbox="97.440,501.509,824.400,529.620">
            <textline bbox="97.440,516.528,824.400,529.620">
                <text font="ERELLA+STXinwei" bbox="97.440,516.528,109.440,528.528" colourspace="ICCBased" ncolour="[0]" size="12.000">这</text>
                <text font="ERELLA+STXinwei" bbox="109.440,516.528,121.440,528.528" colourspace="ICCBased" ncolour="[0]" size="12.000">部</text>
                <text font="ERELLA+STXinwei" bbox="121.440,516.528,133.440,528.528" colourspace="ICCBased" ncolour="[0]" size="12.000">分</text>
                <text font="ERELLA+STXinwei" bbox="133.440,516.528,145.440,528.528" colourspace="ICCBased" ncolour="[0]" size="12.000">讲</text>
                <text font="ERELLA+STXinwei" bbox="145.440,516.528,157.440,528.528" colourspace="ICCBased" ncolour="[0]" size="12.000">的</text>
                <text font="ERELLA+STXinwei" bbox="157.440,516.528,169.440,528.528" colourspace="ICCBased" ncolour="[0]" size="12.000">是</text>
                <text font="ERELLA+STXinwei" bbox="169.440,516.528,181.440,528.528" colourspace="ICCBased" ncolour="[0]" size="12.000">发</text>
                <text font="ERELLA+STXinwei" bbox="181.440,516.528,193.440,528.528" colourspace="ICCBased" ncolour="[0]" size="12.000">生</text>
                <text font="ERELLA+STXinwei" bbox="193.440,516.528,205.440,528.528" colourspace="ICCBased" ncolour="[0]" size="12.000">保</text>
                <text font="ERELLA+STXinwei" bbox="205.440,516.528,217.440,528.528" colourspace="ICCBased" ncolour="[0]" size="12.000">险</text>
                <text font="ERELLA+STXinwei" bbox="217.440,516.528,229.440,528.528" colourspace="ICCBased" ncolour="[0]" size="12.000">事</text>
                <text font="ERELLA+STXinwei" bbox="229.440,516.528,241.440,528.528" colourspace="ICCBased" ncolour="[0]" size="12.000">故</text>
                <text font="ERELLA+STXinwei" bbox="241.440,516.528,253.440,528.528" colourspace="ICCBased" ncolour="[0]" size="12.000">后</text>
                <text font="ERELLA+STXinwei" bbox="253.440,516.528,265.440,528.528" colourspace="ICCBased" ncolour="[0]" size="12.000">受</text>
                <text font="ERELLA+STXinwei" bbox="265.440,516.528,277.440,528.528" colourspace="ICCBased" ncolour="[0]" size="12.000">益</text>
                <text font="ERELLA+STXinwei" bbox="277.440,516.528,289.440,528.528" colourspace="ICCBased" ncolour="[0]" size="12.000">人</text>
                <text font="ERELLA+STXinwei" bbox="289.440,516.528,301.440,528.528" colourspace="ICCBased" ncolour="[0]" size="12.000">如</text>
                <text font="ERELLA+STXinwei" bbox="301.440,516.528,313.440,528.528" colourspace="ICCBased" ncolour="[0]" size="12.000">何</text>
                <text font="ERELLA+STXinwei" bbox="313.440,516.528,325.440,528.528" colourspace="ICCBased" ncolour="[0]" size="12.000">领</text>
                <text font="ERELLA+STXinwei" bbox="325.440,516.528,337.440,528.528" colourspace="ICCBased" ncolour="[0]" size="12.000">取</text>
                <text font="ERELLA+STXinwei" bbox="337.440,516.528,349.440,528.528" colourspace="ICCBased" ncolour="[0]" size="12.000">保</text>
                <text font="ERELLA+STXinwei" bbox="349.440,516.528,361.440,528.528" colourspace="ICCBased" ncolour="[0]" size="12.000">险</text>
                <text font="ERELLA+STXinwei" bbox="361.440,516.528,373.440,528.528" colourspace="ICCBased" ncolour="[0]" size="12.000">金</text>
                <text font="ERELLA+STXinwei" bbox="373.440,516.528,385.440,528.528" colourspace="ICCBased" ncolour="[0]" size="12.000">。</text>
                <text font="JTTPDQ+SimSun" bbox="385.440,517.620,391.440,529.620" colourspace="ICCBased" ncolour="[0]" size="12.000"> </text>
                <text font="JTTPDQ+SimSun" bbox="391.440,517.620,397.440,529.620" colourspace="ICCBased" ncolour="[0]" size="12.000"> </text>
                <text font="JTTPDQ+SimSun" bbox="397.440,517.620,403.440,529.620" colourspace="ICCBased" ncolour="[0]" size="12.000"> </text>
                <text font="JTTPDQ+SimSun" bbox="403.440,517.620,409.440,529.620" colourspace="ICCBased" ncolour="[0]" size="12.000"> </text>
                <text font="JTTPDQ+SimSun" bbox="409.440,517.620,415.440,529.620" colourspace="ICCBased" ncolour="[0]" size="12.000"> </text>
                <text font="JTTPDQ+SimSun" bbox="415.680,517.620,421.680,529.620" colourspace="ICCBased" ncolour="[0]" size="12.000"> </text>
                <text font="JTTPDQ+SimSun" bbox="421.680,517.620,427.680,529.620" colourspace="ICCBased" ncolour="[0]" size="12.000"> </text>
                <text font="JTTPDQ+SimSun" bbox="427.680,517.620,433.680,529.620" colourspace="ICCBased" ncolour="[0]" size="12.000"> </text>
                <text font="JTTPDQ+SimSun" bbox="433.680,517.620,439.680,529.620" colourspace="ICCBased" ncolour="[0]" size="12.000"> </text>
                <text font="JTTPDQ+SimSun" bbox="439.680,517.620,445.680,529.620" colourspace="ICCBased" ncolour="[0]" size="12.000"> </text>
                <text font="JTTPDQ+SimSun" bbox="445.680,517.620,451.680,529.620" colourspace="ICCBased" ncolour="[0]" size="12.000"> </text>
                <text font="JTTPDQ+SimSun" bbox="451.680,517.620,457.680,529.620" colourspace="ICCBased" ncolour="[0]" size="12.000"> </text>
                <text font="JTTPDQ+SimSun" bbox="457.680,517.620,463.680,529.620" colourspace="ICCBased" ncolour="[0]" size="12.000"> </text>
                <text font="JTTPDQ+SimSun" bbox="463.680,517.620,469.680,529.620" colourspace="ICCBased" ncolour="[0]" size="12.000"> </text>
                <text font="JTTPDQ+SimSun" bbox="469.680,517.620,475.680,529.620" colourspace="ICCBased" ncolour="[0]" size="12.000"> </text>
                <text font="JTTPDQ+SimSun" bbox="475.680,517.620,481.680,529.620" colourspace="ICCBased" ncolour="[0]" size="12.000"> </text>
                <text font="JTTPDQ+SimSun" bbox="481.920,517.620,487.920,529.620" colourspace="ICCBased" ncolour="[0]" size="12.000"> </text>
                <text font="JTTPDQ+SimSun" bbox="487.920,517.620,493.920,529.620" colourspace="ICCBased" ncolour="[0]" size="12.000"> </text>
                <text font="JTTPDQ+SimSun" bbox="493.920,517.620,499.920,529.620" colourspace="ICCBased" ncolour="[0]" size="12.000"> </text>
                <text font="JTTPDQ+SimSun" bbox="499.920,517.620,505.920,529.620" colourspace="ICCBased" ncolour="[0]" size="12.000"> </text>
                <text font="JTTPDQ+SimSun" bbox="505.920,517.620,511.920,529.620" colourspace="ICCBased" ncolour="[0]" size="12.000"> </text>
                <text font="JTTPDQ+SimSun" bbox="511.920,517.620,517.920,529.620" colourspace="ICCBased" ncolour="[0]" size="12.000"> </text>
                <text font="JTTPDQ+SimSun" bbox="517.920,517.620,523.920,529.620" colourspace="ICCBased" ncolour="[0]" size="12.000"> </text>
                <text font="JTTPDQ+SimSun" bbox="523.920,517.620,529.920,529.620" colourspace="ICCBased" ncolour="[0]" size="12.000"> </text>
                <text font="JTTPDQ+SimSun" bbox="529.920,517.620,535.920,529.620" colourspace="ICCBased" ncolour="[0]" size="12.000"> </text>
                <text font="JTTPDQ+SimSun" bbox="535.920,517.620,541.920,529.620" colourspace="ICCBased" ncolour="[0]" size="12.000"> </text>
                <text font="JTTPDQ+SimSun" bbox="541.920,517.620,547.920,529.620" colourspace="ICCBased" ncolour="[0]" size="12.000"> </text>
                <text font="JTTPDQ+SimSun" bbox="548.160,517.620,554.160,529.620" colourspace="ICCBased" ncolour="[0]" size="12.000"> </text>
                <text font="JTTPDQ+SimSun" bbox="554.160,517.620,560.160,529.620" colourspace="ICCBased" ncolour="[0]" size="12.000"> </text>
                <text font="JTTPDQ+SimSun" bbox="560.160,517.620,566.160,529.620" colourspace="ICCBased" ncolour="[0]" size="12.000"> </text>
                <text font="JTTPDQ+SimSun" bbox="566.160,517.620,572.160,529.620" colourspace="ICCBased" ncolour="[0]" size="12.000"> </text>
                <text font="JTTPDQ+SimSun" bbox="572.160,517.620,578.160,529.620" colourspace="ICCBased" ncolour="[0]" size="12.000"> </text>
                <text font="JTTPDQ+SimSun" bbox="578.160,517.620,584.160,529.620" colourspace="ICCBased" ncolour="[0]" size="12.000"> </text>
                <text font="JTTPDQ+SimSun" bbox="584.160,517.620,590.160,529.620" colourspace="ICCBased" ncolour="[0]" size="12.000"> </text>
                <text font="JTTPDQ+SimSun" bbox="590.160,517.620,596.160,529.620" colourspace="ICCBased" ncolour="[0]" size="12.000"> </text>
                <text font="JTTPDQ+SimSun" bbox="596.160,517.620,602.160,529.620" colourspace="ICCBased" ncolour="[0]" size="12.000"> </text>
                <text font="JTTPDQ+SimSun" bbox="602.160,517.620,608.160,529.620" colourspace="ICCBased" ncolour="[0]" size="12.000"> </text>
                <text font="JTTPDQ+SimSun" bbox="608.400,517.620,614.400,529.620" colourspace="ICCBased" ncolour="[0]" size="12.000"> </text>
                <text font="JTTPDQ+SimSun" bbox="614.400,517.620,620.400,529.620" colourspace="ICCBased" ncolour="[0]" size="12.000"> </text>
                <text font="JTTPDQ+SimSun" bbox="620.400,517.620,626.400,529.620" colourspace="ICCBased" ncolour="[0]" size="12.000"> </text>
                <text font="JTTPDQ+SimSun" bbox="626.400,517.620,632.400,529.620" colourspace="ICCBased" ncolour="[0]" size="12.000"> </text>
                <text font="JTTPDQ+SimSun" bbox="632.400,517.620,638.400,529.620" colourspace="ICCBased" ncolour="[0]" size="12.000"> </text>
                <text font="JTTPDQ+SimSun" bbox="638.400,517.620,644.400,529.620" colourspace="ICCBased" ncolour="[0]" size="12.000"> </text>
                <text font="JTTPDQ+SimSun" bbox="644.400,517.620,650.400,529.620" colourspace="ICCBased" ncolour="[0]" size="12.000"> </text>
                <text font="JTTPDQ+SimSun" bbox="650.400,517.620,656.400,529.620" colourspace="ICCBased" ncolour="[0]" size="12.000"> </text>
                <text font="JTTPDQ+SimSun" bbox="656.400,517.620,662.400,529.620" colourspace="ICCBased" ncolour="[0]" size="12.000"> </text>
                <text font="JTTPDQ+SimSun" bbox="662.400,517.620,668.400,529.620" colourspace="ICCBased" ncolour="[0]" size="12.000"> </text>
                <text font="JTTPDQ+SimSun" bbox="668.400,517.620,674.400,529.620" colourspace="ICCBased" ncolour="[0]" size="12.000"> </text>
                <text font="JTTPDQ+SimSun" bbox="674.640,517.620,680.640,529.620" colourspace="ICCBased" ncolour="[0]" size="12.000"> </text>
                <text font="JTTPDQ+SimSun" bbox="680.640,517.620,686.640,529.620" colourspace="ICCBased" ncolour="[0]" size="12.000"> </text>
                <text font="JTTPDQ+SimSun" bbox="686.640,517.620,692.640,529.620" colourspace="ICCBased" ncolour="[0]" size="12.000"> </text>
                <text font="JTTPDQ+SimSun" bbox="692.640,517.620,698.640,529.620" colourspace="ICCBased" ncolour="[0]" size="12.000"> </text>
                <text font="JTTPDQ+SimSun" bbox="698.640,517.620,704.640,529.620" colourspace="ICCBased" ncolour="[0]" size="12.000"> </text>
                <text font="JTTPDQ+SimSun" bbox="704.640,517.620,710.640,529.620" colourspace="ICCBased" ncolour="[0]" size="12.000"> </text>
                <text font="JTTPDQ+SimSun" bbox="710.640,517.620,716.640,529.620" colourspace="ICCBased" ncolour="[0]" size="12.000"> </text>
                <text font="JTTPDQ+SimSun" bbox="716.640,517.620,722.640,529.620" colourspace="ICCBased" ncolour="[0]" size="12.000"> </text>
                <text font="JTTPDQ+SimSun" bbox="722.640,517.620,728.640,529.620" colourspace="ICCBased" ncolour="[0]" size="12.000"> </text>
                <text font="JTTPDQ+SimSun" bbox="728.640,517.620,734.640,529.620" colourspace="ICCBased" ncolour="[0]" size="12.000"> </text>
                <text font="JTTPDQ+SimSun" bbox="734.880,517.620,740.880,529.620" colourspace="ICCBased" ncolour="[0]" size="12.000"> </text>
                <text font="JTTPDQ+SimSun" bbox="740.880,517.620,746.880,529.620" colourspace="ICCBased" ncolour="[0]" size="12.000"> </text>
                <text font="JTTPDQ+SimSun" bbox="746.880,517.620,752.880,529.620" colourspace="ICCBased" ncolour="[0]" size="12.000"> </text>
                <text font="JTTPDQ+SimSun" bbox="752.880,517.620,758.880,529.620" colourspace="ICCBased" ncolour="[0]" size="12.000"> </text>
                <text font="JTTPDQ+SimSun" bbox="758.880,517.620,764.880,529.620" colourspace="ICCBased" ncolour="[0]" size="12.000"> </text>
                <text font="JTTPDQ+SimSun" bbox="764.880,517.620,770.880,529.620" colourspace="ICCBased" ncolour="[0]" size="12.000"> </text>
                <text font="JTTPDQ+SimSun" bbox="770.880,517.620,776.880,529.620" colourspace="ICCBased" ncolour="[0]" size="12.000"> </text>
                <text font="JTTPDQ+SimSun" bbox="776.880,517.620,782.880,529.620" colourspace="ICCBased" ncolour="[0]" size="12.000"> </text>
                <text font="JTTPDQ+SimSun" bbox="782.880,517.620,788.880,529.620" colourspace="ICCBased" ncolour="[0]" size="12.000"> </text>
                <text font="JTTPDQ+SimSun" bbox="788.880,517.620,794.880,529.620" colourspace="ICCBased" ncolour="[0]" size="12.000"> </text>
                <text font="JTTPDQ+SimSun" bbox="794.880,517.620,800.880,529.620" colourspace="ICCBased" ncolour="[0]" size="12.000"> </text>
                <text font="JTTPDQ+SimSun" bbox="801.120,517.620,807.120,529.620" colourspace="ICCBased" ncolour="[0]" size="12.000"> </text>
                <text font="JTTPDQ+SimSun" bbox="807.120,517.620,813.120,529.620" colourspace="ICCBased" ncolour="[0]" size="12.000"> </text>
                <text font="JTTPDQ+SimSun" bbox="813.120,517.620,819.120,529.620" colourspace="ICCBased" ncolour="[0]" size="12.000"> </text>
                <text font="JTTPDQ+SimSun" bbox="819.120,517.829,824.400,528.389" colourspace="ICCBased" ncolour="[0]" size="10.560"> </text>
                <text>
                </text>
            </textline>
            <textline bbox="97.440,501.509,102.720,512.069">
                <text font="JTTPDQ+SimSun" bbox="97.440,501.509,102.720,512.069" colourspace="ICCBased" ncolour="[0]" size="10.560"> </text>
                <text>
                </text>
            </textline>
        </textbox>
        <textbox id="1" bbox="60.960,488.309,408.240,498.869">
            <textline bbox="60.960,488.309,408.240,498.869">
                <text font="JTTPDQ+SimSun" bbox="60.960,488.309,66.240,498.869" colourspace="ICCBased" ncolour="[0]" size="10.560">4</text>
                <text font="JTTPDQ+SimSun" bbox="66.240,488.309,71.520,498.869" colourspace="ICCBased" ncolour="[0]" size="10.560">.</text>
                <text font="JTTPDQ+SimSun" bbox="71.520,488.309,76.800,498.869" colourspace="ICCBased" ncolour="[0]" size="10.560">1</text>
                <text font="JTTPDQ+SimSun" bbox="76.800,488.309,82.080,498.869" colourspace="ICCBased" ncolour="[0]" size="10.560"> </text>
                <text> </text>
                <text font="JQUZDQ+SimSun" bbox="97.440,488.309,108.000,498.869" colourspace="ICCBased" ncolour="[0]" size="10.560">受</text>
                <text font="JQUZDQ+SimSun" bbox="108.000,488.309,118.560,498.869" colourspace="ICCBased" ncolour="[0]" size="10.560">益</text>
                <text font="JQUZDQ+SimSun" bbox="118.560,488.309,129.120,498.869" colourspace="ICCBased" ncolour="[0]" size="10.560">人</text>
                <text font="JTTPDQ+SimSun" bbox="129.120,488.309,134.400,498.869" colourspace="ICCBased" ncolour="[0]" size="10.560"> </text>
                <text font="JTTPDQ+SimSun" bbox="134.400,488.309,139.680,498.869" colourspace="ICCBased" ncolour="[0]" size="10.560"> </text>
                <text font="JTTPDQ+SimSun" bbox="139.680,488.309,144.960,498.869" colourspace="ICCBased" ncolour="[0]" size="10.560"> </text>
                <text font="JTTPDQ+SimSun" bbox="144.960,488.309,150.240,498.869" colourspace="ICCBased" ncolour="[0]" size="10.560"> </text>
                <text font="JTTPDQ+SimSun" bbox="150.240,488.309,155.520,498.869" colourspace="ICCBased" ncolour="[0]" size="10.560"> </text>
                <text font="JTTPDQ+SimSun" bbox="155.520,488.309,160.800,498.869" colourspace="ICCBased" ncolour="[0]" size="10.560"> </text>
                <text font="JTTPDQ+SimSun" bbox="160.800,488.309,166.080,498.869" colourspace="ICCBased" ncolour="[0]" size="10.560"> </text>
                <text font="JTTPDQ+SimSun" bbox="166.080,488.309,171.360,498.869" colourspace="ICCBased" ncolour="[0]" size="10.560"> </text>
                <text font="JTTPDQ+SimSun" bbox="171.360,488.309,176.640,498.869" colourspace="ICCBased" ncolour="[0]" size="10.560"> </text>
                <text font="JTTPDQ+SimSun" bbox="176.640,488.309,181.920,498.869" colourspace="ICCBased" ncolour="[0]" size="10.560"> </text>
                <text font="JTTPDQ+SimSun" bbox="181.920,488.309,187.200,498.869" colourspace="ICCBased" ncolour="[0]" size="10.560"> </text>
                <text font="JTTPDQ+SimSun" bbox="187.200,488.309,192.480,498.869" colourspace="ICCBased" ncolour="[0]" size="10.560"> </text>
                <text font="JTTPDQ+SimSun" bbox="192.480,488.309,197.760,498.869" colourspace="ICCBased" ncolour="[0]" size="10.560"> </text>
                <text font="JTTPDQ+SimSun" bbox="197.760,488.309,203.040,498.869" colourspace="ICCBased" ncolour="[0]" size="10.560"> </text>
                <text font="JTTPDQ+SimSun" bbox="203.040,488.309,208.320,498.869" colourspace="ICCBased" ncolour="[0]" size="10.560"> </text>
                <text font="JTTPDQ+SimSun" bbox="208.320,488.309,213.600,498.869" colourspace="ICCBased" ncolour="[0]" size="10.560"> </text>
                <text font="JTTPDQ+SimSun" bbox="213.600,488.309,218.880,498.869" colourspace="ICCBased" ncolour="[0]" size="10.560"> </text>
                <text font="JTTPDQ+SimSun" bbox="218.880,488.309,224.160,498.869" colourspace="ICCBased" ncolour="[0]" size="10.560"> </text>
                <text font="JTTPDQ+SimSun" bbox="224.160,488.309,229.440,498.869" colourspace="ICCBased" ncolour="[0]" size="10.560"> </text>
                <text font="JTTPDQ+SimSun" bbox="229.440,488.309,234.720,498.869" colourspace="ICCBased" ncolour="[0]" size="10.560"> </text>
                <text font="JTTPDQ+SimSun" bbox="234.720,488.309,240.000,498.869" colourspace="ICCBased" ncolour="[0]" size="10.560"> </text>
                <text font="JTTPDQ+SimSun" bbox="240.000,488.309,245.280,498.869" colourspace="ICCBased" ncolour="[0]" size="10.560"> </text>
                <text font="JTTPDQ+SimSun" bbox="245.280,488.309,250.560,498.869" colourspace="ICCBased" ncolour="[0]" size="10.560"> </text>
                <text font="JTTPDQ+SimSun" bbox="250.560,488.309,255.840,498.869" colourspace="ICCBased" ncolour="[0]" size="10.560"> </text>
                <text font="JTTPDQ+SimSun" bbox="255.840,488.309,261.120,498.869" colourspace="ICCBased" ncolour="[0]" size="10.560"> </text>
                <text font="JTTPDQ+SimSun" bbox="261.120,488.309,266.400,498.869" colourspace="ICCBased" ncolour="[0]" size="10.560"> </text>
                <text font="JTTPDQ+SimSun" bbox="266.400,488.309,271.680,498.869" colourspace="ICCBased" ncolour="[0]" size="10.560"> </text>
                <text font="JTTPDQ+SimSun" bbox="271.680,488.309,276.960,498.869" colourspace="ICCBased" ncolour="[0]" size="10.560"> </text>
                <text font="JTTPDQ+SimSun" bbox="276.720,488.309,282.000,498.869" colourspace="ICCBased" ncolour="[0]" size="10.560"> </text>
                <text font="JTTPDQ+SimSun" bbox="282.000,488.309,287.280,498.869" colourspace="ICCBased" ncolour="[0]" size="10.560"> </text>
                <text font="JTTPDQ+SimSun" bbox="287.280,488.309,292.560,498.869" colourspace="ICCBased" ncolour="[0]" size="10.560"> </text>
                <text font="JTTPDQ+SimSun" bbox="292.560,488.309,297.840,498.869" colourspace="ICCBased" ncolour="[0]" size="10.560"> </text>
                <text font="JTTPDQ+SimSun" bbox="297.840,488.309,303.120,498.869" colourspace="ICCBased" ncolour="[0]" size="10.560"> </text>
                <text font="JTTPDQ+SimSun" bbox="303.120,488.309,308.400,498.869" colourspace="ICCBased" ncolour="[0]" size="10.560"> </text>
                <text font="JTTPDQ+SimSun" bbox="308.400,488.309,313.680,498.869" colourspace="ICCBased" ncolour="[0]" size="10.560"> </text>
                <text font="JTTPDQ+SimSun" bbox="313.680,488.309,318.960,498.869" colourspace="ICCBased" ncolour="[0]" size="10.560"> </text>
                <text font="JTTPDQ+SimSun" bbox="318.960,488.309,324.240,498.869" colourspace="ICCBased" ncolour="[0]" size="10.560"> </text>
                <text font="JTTPDQ+SimSun" bbox="324.240,488.309,329.520,498.869" colourspace="ICCBased" ncolour="[0]" size="10.560"> </text>
                <text font="JTTPDQ+SimSun" bbox="329.520,488.309,334.800,498.869" colourspace="ICCBased" ncolour="[0]" size="10.560"> </text>
                <text font="JTTPDQ+SimSun" bbox="334.800,488.309,340.080,498.869" colourspace="ICCBased" ncolour="[0]" size="10.560"> </text>
                <text font="JTTPDQ+SimSun" bbox="339.841,488.309,345.121,498.869" colourspace="ICCBased" ncolour="[0]" size="10.560"> </text>
                <text font="JTTPDQ+SimSun" bbox="345.121,488.309,350.401,498.869" colourspace="ICCBased" ncolour="[0]" size="10.560"> </text>
                <text font="JTTPDQ+SimSun" bbox="350.401,488.309,355.681,498.869" colourspace="ICCBased" ncolour="[0]" size="10.560"> </text>
                <text font="JTTPDQ+SimSun" bbox="355.681,488.309,360.961,498.869" colourspace="ICCBased" ncolour="[0]" size="10.560"> </text>
                <text font="JTTPDQ+SimSun" bbox="360.961,488.309,366.241,498.869" colourspace="ICCBased" ncolour="[0]" size="10.560"> </text>
                <text font="JTTPDQ+SimSun" bbox="366.241,488.309,371.521,498.869" colourspace="ICCBased" ncolour="[0]" size="10.560"> </text>
                <text font="JTTPDQ+SimSun" bbox="371.521,488.309,376.801,498.869" colourspace="ICCBased" ncolour="[0]" size="10.560"> </text>
                <text font="JTTPDQ+SimSun" bbox="376.801,488.309,382.081,498.869" colourspace="ICCBased" ncolour="[0]" size="10.560"> </text>
                <text font="JTTPDQ+SimSun" bbox="382.081,488.309,387.361,498.869" colourspace="ICCBased" ncolour="[0]" size="10.560"> </text>
                <text font="JTTPDQ+SimSun" bbox="387.361,488.309,392.641,498.869" colourspace="ICCBased" ncolour="[0]" size="10.560"> </text>
                <text font="JTTPDQ+SimSun" bbox="392.641,488.309,397.921,498.869" colourspace="ICCBased" ncolour="[0]" size="10.560"> </text>
                <text font="JTTPDQ+SimSun" bbox="397.921,488.309,403.201,498.869" colourspace="ICCBased" ncolour="[0]" size="10.560"> </text>
                <text font="JTTPDQ+SimSun" bbox="402.960,488.309,408.240,498.869" colourspace="ICCBased" ncolour="[0]" size="10.560"> </text>
                <text>
                </text>
            </textline>
        </textbox>
        <textbox id="2" bbox="51.120,678.629,56.400,689.189">
            <textline bbox="51.120,678.629,56.400,689.189">
                <text font="JTTPDQ+SimSun" bbox="51.120,678.629,56.400,689.189" colourspace="ICCBased" ncolour="[0]" size="10.560"> </text>
                <text>
                </text>
            </textline>
        </textbox>
        <textbox id="3" bbox="97.440,678.629,102.720,689.189">
            <textline bbox="97.440,678.629,102.720,689.189">
                <text font="JTTPDQ+SimSun" bbox="97.440,678.629,102.720,689.189" colourspace="ICCBased" ncolour="[0]" size="10.560"> </text>
                <text>
                </text>
            </textline>
        </textbox>
        <textbox id="4" bbox="60.960,665.909,534.720,676.469">
            <textline bbox="60.960,665.909,534.720,676.469">
                <text font="JTTPDQ+SimSun" bbox="60.960,665.909,66.240,676.469" colourspace="ICCBased" ncolour="[0]" size="10.560">3</text>
                <text font="JTTPDQ+SimSun" bbox="66.240,665.909,71.520,676.469" colourspace="ICCBased" ncolour="[0]" size="10.560">.</text>
                <text font="JTTPDQ+SimSun" bbox="71.520,665.909,76.800,676.469" colourspace="ICCBased" ncolour="[0]" size="10.560">3</text>
                <text font="JTTPDQ+SimSun" bbox="76.800,665.909,82.080,676.469" colourspace="ICCBased" ncolour="[0]" size="10.560"> </text>
                <text> </text>
                <text font="JQUZDQ+SimSun" bbox="97.440,665.909,108.000,676.469" colourspace="ICCBased" ncolour="[0]" size="10.560">效</text>
                <text font="JQUZDQ+SimSun" bbox="108.000,665.909,118.560,676.469" colourspace="ICCBased" ncolour="[0]" size="10.560">力</text>
                <text font="JQUZDQ+SimSun" bbox="118.560,665.909,129.120,676.469" colourspace="ICCBased" ncolour="[0]" size="10.560">中</text>
                <text font="JQUZDQ+SimSun" bbox="129.120,665.909,139.680,676.469" colourspace="ICCBased" ncolour="[0]" size="10.560">止</text>
                <text font="JQUZDQ+SimSun" bbox="139.680,665.909,150.240,676.469" colourspace="ICCBased" ncolour="[0]" size="10.560">与</text>
                <text font="JQUZDQ+SimSun" bbox="150.240,665.909,160.800,676.469" colourspace="ICCBased" ncolour="[0]" size="10.560">恢</text>
                <text font="JQUZDQ+SimSun" bbox="160.800,665.909,171.360,676.469" colourspace="ICCBased" ncolour="[0]" size="10.560">复</text>
                <text font="JTTPDQ+SimSun" bbox="171.360,665.909,176.640,676.469" colourspace="ICCBased" ncolour="[0]" size="10.560"> </text>
                <text font="JTTPDQ+SimSun" bbox="176.640,665.909,181.920,676.469" colourspace="ICCBased" ncolour="[0]" size="10.560"> </text>
                <text font="JTTPDQ+SimSun" bbox="181.920,665.909,187.200,676.469" colourspace="ICCBased" ncolour="[0]" size="10.560"> </text>
                <text font="JTTPDQ+SimSun" bbox="187.200,665.909,192.480,676.469" colourspace="ICCBased" ncolour="[0]" size="10.560"> </text>
                <text font="JTTPDQ+SimSun" bbox="192.480,665.909,197.760,676.469" colourspace="ICCBased" ncolour="[0]" size="10.560"> </text>
                <text font="JTTPDQ+SimSun" bbox="197.760,665.909,203.040,676.469" colourspace="ICCBased" ncolour="[0]" size="10.560"> </text>
                <text font="JTTPDQ+SimSun" bbox="203.040,665.909,208.320,676.469" colourspace="ICCBased" ncolour="[0]" size="10.560"> </text>
                <text font="JTTPDQ+SimSun" bbox="208.320,665.909,213.600,676.469" colourspace="ICCBased" ncolour="[0]" size="10.560"> </text>
                <text font="JTTPDQ+SimSun" bbox="213.600,665.909,218.880,676.469" colourspace="ICCBased" ncolour="[0]" size="10.560"> </text>
                <text font="JTTPDQ+SimSun" bbox="218.880,665.909,224.160,676.469" colourspace="ICCBased" ncolour="[0]" size="10.560"> </text>
                <text font="JTTPDQ+SimSun" bbox="224.160,665.909,229.440,676.469" colourspace="ICCBased" ncolour="[0]" size="10.560"> </text>
                <text font="JTTPDQ+SimSun" bbox="229.440,665.909,234.720,676.469" colourspace="ICCBased" ncolour="[0]" size="10.560"> </text>
                <text font="JTTPDQ+SimSun" bbox="234.720,665.909,240.000,676.469" colourspace="ICCBased" ncolour="[0]" size="10.560"> </text>
                <text font="JTTPDQ+SimSun" bbox="240.000,665.909,245.280,676.469" colourspace="ICCBased" ncolour="[0]" size="10.560"> </text>
                <text font="JTTPDQ+SimSun" bbox="245.280,665.909,250.560,676.469" colourspace="ICCBased" ncolour="[0]" size="10.560"> </text>
                <text font="JTTPDQ+SimSun" bbox="250.560,665.909,255.840,676.469" colourspace="ICCBased" ncolour="[0]" size="10.560"> </text>
                <text font="JTTPDQ+SimSun" bbox="255.840,665.909,261.120,676.469" colourspace="ICCBased" ncolour="[0]" size="10.560"> </text>
                <text font="JTTPDQ+SimSun" bbox="261.120,665.909,266.400,676.469" colourspace="ICCBased" ncolour="[0]" size="10.560"> </text>
                <text font="JTTPDQ+SimSun" bbox="266.400,665.909,271.680,676.469" colourspace="ICCBased" ncolour="[0]" size="10.560"> </text>
                <text font="JTTPDQ+SimSun" bbox="271.680,665.909,276.960,676.469" colourspace="ICCBased" ncolour="[0]" size="10.560"> </text>
                <text font="JTTPDQ+SimSun" bbox="276.720,665.909,282.000,676.469" colourspace="ICCBased" ncolour="[0]" size="10.560"> </text>
                <text font="JTTPDQ+SimSun" bbox="282.000,665.909,287.280,676.469" colourspace="ICCBased" ncolour="[0]" size="10.560"> </text>
                <text font="JTTPDQ+SimSun" bbox="287.280,665.909,292.560,676.469" colourspace="ICCBased" ncolour="[0]" size="10.560"> </text>
                <text font="JTTPDQ+SimSun" bbox="292.560,665.909,297.840,676.469" colourspace="ICCBased" ncolour="[0]" size="10.560"> </text>
                <text font="JTTPDQ+SimSun" bbox="297.840,665.909,303.120,676.469" colourspace="ICCBased" ncolour="[0]" size="10.560"> </text>
                <text font="JTTPDQ+SimSun" bbox="303.120,665.909,308.400,676.469" colourspace="ICCBased" ncolour="[0]" size="10.560"> </text>
                <text font="JTTPDQ+SimSun" bbox="308.400,665.909,313.680,676.469" colourspace="ICCBased" ncolour="[0]" size="10.560"> </text>
                <text font="JTTPDQ+SimSun" bbox="313.680,665.909,318.960,676.469" colourspace="ICCBased" ncolour="[0]" size="10.560"> </text>
                <text font="JTTPDQ+SimSun" bbox="318.960,665.909,324.240,676.469" colourspace="ICCBased" ncolour="[0]" size="10.560"> </text>
                <text font="JTTPDQ+SimSun" bbox="324.240,665.909,329.520,676.469" colourspace="ICCBased" ncolour="[0]" size="10.560"> </text>
                <text font="JTTPDQ+SimSun" bbox="329.520,665.909,334.800,676.469" colourspace="ICCBased" ncolour="[0]" size="10.560"> </text>
                <text font="JTTPDQ+SimSun" bbox="334.800,665.909,340.080,676.469" colourspace="ICCBased" ncolour="[0]" size="10.560"> </text>
                <text font="JTTPDQ+SimSun" bbox="339.840,665.909,345.120,676.469" colourspace="ICCBased" ncolour="[0]" size="10.560"> </text>
                <text font="JTTPDQ+SimSun" bbox="345.120,665.909,350.400,676.469" colourspace="ICCBased" ncolour="[0]" size="10.560"> </text>
                <text font="JTTPDQ+SimSun" bbox="350.400,665.909,355.680,676.469" colourspace="ICCBased" ncolour="[0]" size="10.560"> </text>
                <text font="JTTPDQ+SimSun" bbox="355.680,665.909,360.960,676.469" colourspace="ICCBased" ncolour="[0]" size="10.560"> </text>
                <text font="JTTPDQ+SimSun" bbox="360.960,665.909,366.240,676.469" colourspace="ICCBased" ncolour="[0]" size="10.560"> </text>
                <text font="JTTPDQ+SimSun" bbox="366.240,665.909,371.520,676.469" colourspace="ICCBased" ncolour="[0]" size="10.560"> </text>
                <text font="JTTPDQ+SimSun" bbox="371.520,665.909,376.800,676.469" colourspace="ICCBased" ncolour="[0]" size="10.560"> </text>
                <text font="JTTPDQ+SimSun" bbox="376.800,665.909,382.080,676.469" colourspace="ICCBased" ncolour="[0]" size="10.560"> </text>
                <text font="JTTPDQ+SimSun" bbox="382.080,665.909,387.360,676.469" colourspace="ICCBased" ncolour="[0]" size="10.560"> </text>
                <text font="JTTPDQ+SimSun" bbox="387.360,665.909,392.640,676.469" colourspace="ICCBased" ncolour="[0]" size="10.560"> </text>
                <text font="JTTPDQ+SimSun" bbox="392.640,665.909,397.920,676.469" colourspace="ICCBased" ncolour="[0]" size="10.560"> </text>
                <text font="JTTPDQ+SimSun" bbox="397.920,665.909,403.200,676.469" colourspace="ICCBased" ncolour="[0]" size="10.560"> </text>
                <text font="JTTPDQ+SimSun" bbox="403.200,665.909,408.480,676.469" colourspace="ICCBased" ncolour="[0]" size="10.560"> </text>
                <text font="JTTPDQ+SimSun" bbox="408.480,665.909,413.760,676.469" colourspace="ICCBased" ncolour="[0]" size="10.560"> </text>
                <text font="JTTPDQ+SimSun" bbox="413.760,665.909,419.040,676.469" colourspace="ICCBased" ncolour="[0]" size="10.560"> </text>
                <text font="JTTPDQ+SimSun" bbox="419.040,665.909,424.320,676.469" colourspace="ICCBased" ncolour="[0]" size="10.560"> </text>
                <text font="JTTPDQ+SimSun" bbox="424.320,665.909,429.600,676.469" colourspace="ICCBased" ncolour="[0]" size="10.560"> </text>
                <text font="JTTPDQ+SimSun" bbox="429.600,665.909,434.880,676.469" colourspace="ICCBased" ncolour="[0]" size="10.560"> </text>
                <text font="JTTPDQ+SimSun" bbox="434.880,665.909,440.160,676.469" colourspace="ICCBased" ncolour="[0]" size="10.560"> </text>
                <text font="JTTPDQ+SimSun" bbox="440.160,665.909,445.440,676.469" colourspace="ICCBased" ncolour="[0]" size="10.560"> </text>
                <text font="JTTPDQ+SimSun" bbox="445.440,665.909,450.720,676.469" colourspace="ICCBased" ncolour="[0]" size="10.560"> </text>
                <text font="JTTPDQ+SimSun" bbox="450.720,665.909,456.000,676.469" colourspace="ICCBased" ncolour="[0]" size="10.560"> </text>
                <text font="JTTPDQ+SimSun" bbox="456.000,665.909,461.280,676.469" colourspace="ICCBased" ncolour="[0]" size="10.560"> </text>
                <text font="JTTPDQ+SimSun" bbox="461.280,665.909,466.560,676.469" colourspace="ICCBased" ncolour="[0]" size="10.560"> </text>
                <text font="JTTPDQ+SimSun" bbox="466.560,665.909,471.840,676.469" colourspace="ICCBased" ncolour="[0]" size="10.560"> </text>
                <text font="JTTPDQ+SimSun" bbox="471.840,665.909,477.120,676.469" colourspace="ICCBased" ncolour="[0]" size="10.560"> </text>
                <text font="JTTPDQ+SimSun" bbox="477.120,665.909,482.400,676.469" colourspace="ICCBased" ncolour="[0]" size="10.560"> </text>
                <text font="JTTPDQ+SimSun" bbox="482.400,665.909,487.680,676.469" colourspace="ICCBased" ncolour="[0]" size="10.560"> </text>
                <text font="JTTPDQ+SimSun" bbox="487.680,665.909,492.960,676.469" colourspace="ICCBased" ncolour="[0]" size="10.560"> </text>
                <text font="JTTPDQ+SimSun" bbox="492.960,665.909,498.240,676.469" colourspace="ICCBased" ncolour="[0]" size="10.560"> </text>
                <text font="JTTPDQ+SimSun" bbox="498.240,665.909,503.520,676.469" colourspace="ICCBased" ncolour="[0]" size="10.560"> </text>
                <text font="JTTPDQ+SimSun" bbox="503.520,665.909,508.800,676.469" colourspace="ICCBased" ncolour="[0]" size="10.560"> </text>
                <text font="JTTPDQ+SimSun" bbox="508.800,665.909,514.080,676.469" colourspace="ICCBased" ncolour="[0]" size="10.560"> </text>
                <text font="JTTPDQ+SimSun" bbox="514.080,665.909,519.360,676.469" colourspace="ICCBased" ncolour="[0]" size="10.560"> </text>
                <text font="JTTPDQ+SimSun" bbox="519.120,665.909,524.400,676.469" colourspace="ICCBased" ncolour="[0]" size="10.560"> </text>
                <text font="JTTPDQ+SimSun" bbox="524.400,665.909,529.680,676.469" colourspace="ICCBased" ncolour="[0]" size="10.560"> </text>
                <text font="JTTPDQ+SimSun" bbox="529.440,665.909,534.720,676.469" colourspace="ICCBased" ncolour="[0]" size="10.560"> </text>
                <text>
                </text>
            </textline>
        </textbox>
        <textbox id="5" bbox="60.960,772.229,134.400,782.789">
            <textline bbox="60.960,772.229,134.400,782.789">
                <text font="JTTPDQ+SimSun" bbox="60.960,772.229,66.240,782.789" colourspace="ICCBased" ncolour="[0]" size="10.560">3</text>
                <text font="JTTPDQ+SimSun" bbox="66.240,772.229,71.520,782.789" colourspace="ICCBased" ncolour="[0]" size="10.560">.</text>
                <text font="JTTPDQ+SimSun" bbox="71.520,772.229,76.800,782.789" colourspace="ICCBased" ncolour="[0]" size="10.560">2</text>
                <text font="JTTPDQ+SimSun" bbox="76.800,772.229,82.080,782.789" colourspace="ICCBased" ncolour="[0]" size="10.560"> </text>
                <text> </text>
                <text font="JQUZDQ+SimSun" bbox="97.440,772.229,108.000,782.789" colourspace="ICCBased" ncolour="[0]" size="10.560">宽</text>
                <text font="JQUZDQ+SimSun" bbox="108.000,772.229,118.560,782.789" colourspace="ICCBased" ncolour="[0]" size="10.560">限</text>
                <text font="JQUZDQ+SimSun" bbox="118.560,772.229,129.120,782.789" colourspace="ICCBased" ncolour="[0]" size="10.560">期</text>
                <text font="JTTPDQ+SimSun" bbox="129.120,772.229,134.400,782.789" colourspace="ICCBased" ncolour="[0]" size="10.560"> </text>
                <text>
                </text>
            </textline>
        </textbox>
        <textbox id="6" bbox="97.446,556.729,102.726,567.289">
            <textline bbox="97.446,556.729,102.726,567.289">
                <text font="JTTPDQ+SimSun" bbox="97.446,556.729,102.726,567.289" colourspace="ICCBased" ncolour="[0]" size="10.560"> </text>
                <text>
                </text>
            </textline>
        </textbox>
        <textbox id="7" bbox="60.000,534.597,187.680,554.517">
            <textline bbox="60.000,534.597,187.680,554.517">
                <text font="ZTWRTK+Wingdings2" bbox="60.000,534.597,77.769,554.517" colourspace="ICCBased" ncolour="[0]" size="19.920"></text>
                <text font="ZTWRTK+Wingdings2" bbox="77.760,534.597,97.680,554.517" colourspace="ICCBased" ncolour="[0]" size="19.920"> </text>
                <text font="JQUZDQ+SimSun" bbox="97.440,537.540,109.440,549.540" colourspace="ICCBased" ncolour="[0]" size="12.000">如</text>
                <text font="JQUZDQ+SimSun" bbox="109.440,537.540,121.440,549.540" colourspace="ICCBased" ncolour="[0]" size="12.000">何</text>
                <text font="JQUZDQ+SimSun" bbox="121.680,537.540,133.680,549.540" colourspace="ICCBased" ncolour="[0]" size="12.000">领</text>
                <text font="JQUZDQ+SimSun" bbox="133.680,537.540,145.680,549.540" colourspace="ICCBased" ncolour="[0]" size="12.000">取</text>
                <text font="JQUZDQ+SimSun" bbox="145.680,537.540,157.680,549.540" colourspace="ICCBased" ncolour="[0]" size="12.000">保</text>
                <text font="JQUZDQ+SimSun" bbox="157.680,537.540,169.680,549.540" colourspace="ICCBased" ncolour="[0]" size="12.000">险</text>
                <text font="JQUZDQ+SimSun" bbox="169.680,537.540,181.680,549.540" colourspace="ICCBased" ncolour="[0]" size="12.000">金</text>
                <text font="JTTPDQ+SimSun" bbox="181.680,537.540,187.680,549.540" colourspace="ICCBased" ncolour="[0]" size="12.000"> </text>
                <text>
                </text>
            </textline>
        </textbox>
        <textbox id="8" bbox="51.130,556.729,56.410,567.289">
            <textline bbox="51.130,556.729,56.410,567.289">
                <text font="JTTPDQ+SimSun" bbox="51.130,556.729,56.410,567.289" colourspace="ICCBased" ncolour="[0]" size="10.560"> </text>
                <text>
                </text>
            </textline>
        </textbox>
        <textbox id="9" bbox="51.120,501.509,56.400,512.069">
            <textline bbox="51.120,501.509,56.400,512.069">
                <text font="JTTPDQ+SimSun" bbox="51.120,501.509,56.400,512.069" colourspace="ICCBased" ncolour="[0]" size="10.560"> </text>
                <text>
                </text>
            </textline>
        </textbox>
        <textbox id="10" bbox="68.881,472.712,74.161,483.272">
            <textline bbox="68.881,472.712,74.161,483.272">
                <text font="JTTPDQ+SimSun" bbox="68.881,472.712,74.161,483.272" colourspace="ICCBased" ncolour="[0]" size="10.560"> </text>
                <text>
                </text>
            </textline>
        </textbox>
        <textbox id="11" bbox="97.446,472.712,102.726,483.272">
            <textline bbox="97.446,472.712,102.726,483.272">
                <text font="JTTPDQ+SimSun" bbox="97.446,472.712,102.726,483.272" colourspace="ICCBased" ncolour="[0]" size="10.560"> </text>
                <text>
                </text>
            </textline>
        </textbox>
        <textbox id="12" bbox="60.960,458.309,155.520,468.869">
            <textline bbox="60.960,458.309,155.520,468.869">
                <text font="JTTPDQ+SimSun" bbox="60.960,458.309,66.240,468.869" colourspace="ICCBased" ncolour="[0]" size="10.560">4</text>
                <text font="JTTPDQ+SimSun" bbox="66.240,458.309,71.520,468.869" colourspace="ICCBased" ncolour="[0]" size="10.560">.</text>
                <text font="JTTPDQ+SimSun" bbox="71.520,458.309,76.800,468.869" colourspace="ICCBased" ncolour="[0]" size="10.560">2</text>
                <text font="JTTPDQ+SimSun" bbox="76.800,458.309,82.080,468.869" colourspace="ICCBased" ncolour="[0]" size="10.560"> </text>
                <text> </text>
                <text font="JQUZDQ+SimSun" bbox="97.440,458.309,108.000,468.869" colourspace="ICCBased" ncolour="[0]" size="10.560">保</text>
                <text font="JQUZDQ+SimSun" bbox="108.000,458.309,118.560,468.869" colourspace="ICCBased" ncolour="[0]" size="10.560">险</text>
                <text font="JQUZDQ+SimSun" bbox="118.560,458.309,129.120,468.869" colourspace="ICCBased" ncolour="[0]" size="10.560">金</text>
                <text font="JQUZDQ+SimSun" bbox="129.120,458.309,139.680,468.869" colourspace="ICCBased" ncolour="[0]" size="10.560">申</text>
                <text font="JQUZDQ+SimSun" bbox="139.680,458.309,150.240,468.869" colourspace="ICCBased" ncolour="[0]" size="10.560">请</text>
                <text font="JTTPDQ+SimSun" bbox="150.240,458.309,155.520,468.869" colourspace="ICCBased" ncolour="[0]" size="10.560"> </text>
                <text>
                </text>
            </textline>
        </textbox>
        <textbox id="13" bbox="97.451,442.712,102.731,453.272">
            <textline bbox="97.451,442.712,102.731,453.272">
                <text font="JTTPDQ+SimSun" bbox="97.451,442.712,102.731,453.272" colourspace="ICCBased" ncolour="[0]" size="10.560"> </text>
                <text>
                </text>
            </textline>
        </textbox>
        <textbox id="14" bbox="68.886,427.728,199.680,453.272">
            <textline bbox="68.886,442.712,74.166,453.272">
                <text font="JTTPDQ+SimSun" bbox="68.886,442.712,74.166,453.272" colourspace="ICCBased" ncolour="[0]" size="10.560"> </text>
                <text>
                </text>
            </textline>
            <textline bbox="68.896,427.728,199.680,439.728">
                <text font="JTTPDQ+SimSun" bbox="68.896,428.551,74.176,439.111" colourspace="ICCBased" ncolour="[0]" size="10.560"> </text>
                <text> </text>
                <text font="ERELLA+STXinwei" bbox="97.440,427.728,109.440,439.728" colourspace="ICCBased" ncolour="[0]" size="12.000">重</text>
                <text font="ERELLA+STXinwei" bbox="110.400,427.728,122.400,439.728" colourspace="ICCBased" ncolour="[0]" size="12.000">大</text>
                <text font="ERELLA+STXinwei" bbox="123.360,427.728,135.360,439.728" colourspace="ICCBased" ncolour="[0]" size="12.000">疾</text>
                <text font="ERELLA+STXinwei" bbox="136.080,427.728,148.080,439.728" colourspace="ICCBased" ncolour="[0]" size="12.000">病</text>
                <text font="ERELLA+STXinwei" bbox="149.040,427.728,161.040,439.728" colourspace="ICCBased" ncolour="[0]" size="12.000">保</text>
                <text font="ERELLA+STXinwei" bbox="162.000,427.728,174.000,439.728" colourspace="ICCBased" ncolour="[0]" size="12.000">险</text>
                <text font="ERELLA+STXinwei" bbox="174.720,427.728,186.720,439.728" colourspace="ICCBased" ncolour="[0]" size="12.000">金</text>
                <text font="ERELLA+STXinwei" bbox="187.680,427.728,199.680,439.728" colourspace="ICCBased" ncolour="[0]" size="12.000">申</text>
                <text>
                </text>
            </textline>
        </textbox>
        <textbox id="15" bbox="97.440,411.888,112.368,423.888">
            <textline bbox="97.440,411.888,112.368,423.888">
                <text font="ERELLA+STXinwei" bbox="97.440,411.888,109.440,423.888" colourspace="ICCBased" ncolour="[0]" size="12.000">请</text>
                <text font="ERELLA+STXinwei" bbox="109.440,411.888,112.368,423.888" colourspace="ICCBased" ncolour="[0]" size="12.000"> </text>
                <text>
                </text>
            </textline>
        </textbox>
        <textbox id="16" bbox="68.880,303.766,74.160,314.326">
            <textline bbox="68.880,303.766,74.160,314.326">
                <text font="JTTPDQ+SimSun" bbox="68.880,303.766,74.160,314.326" colourspace="ICCBased" ncolour="[0]" size="10.560"> </text>
                <text>
                </text>
            </textline>
        </textbox>
        <textbox id="17" bbox="97.445,303.766,102.725,314.326">
            <textline bbox="97.445,303.766,102.725,314.326">
                <text font="JTTPDQ+SimSun" bbox="97.445,303.766,102.725,314.326" colourspace="ICCBased" ncolour="[0]" size="10.560"> </text>
                <text>
                </text>
            </textline>
        </textbox>
        <textbox id="18" bbox="60.960,289.589,165.840,301.109">
            <textline bbox="60.960,289.589,165.840,301.109">
                <text font="JTTPDQ+SimSun" bbox="60.960,290.549,66.240,301.109" colourspace="ICCBased" ncolour="[0]" size="10.560">4</text>
                <text font="JTTPDQ+SimSun" bbox="66.240,290.549,71.520,301.109" colourspace="ICCBased" ncolour="[0]" size="10.560">.</text>
                <text font="JTTPDQ+SimSun" bbox="71.520,290.549,76.800,301.109" colourspace="ICCBased" ncolour="[0]" size="10.560">3</text>
                <text font="JTTPDQ+SimSun" bbox="76.800,290.549,82.080,301.109" colourspace="ICCBased" ncolour="[0]" size="10.560"> </text>
                <text> </text>
                <text font="JQUZDQ+SimSun" bbox="97.440,289.589,108.000,300.149" colourspace="ICCBased" ncolour="[0]" size="10.560">保</text>
                <text font="JQUZDQ+SimSun" bbox="108.000,289.589,118.560,300.149" colourspace="ICCBased" ncolour="[0]" size="10.560">险</text>
                <text font="JQUZDQ+SimSun" bbox="118.560,289.589,129.120,300.149" colourspace="ICCBased" ncolour="[0]" size="10.560">金</text>
                <text font="JQUZDQ+SimSun" bbox="129.120,289.589,139.680,300.149" colourspace="ICCBased" ncolour="[0]" size="10.560">的</text>
                <text font="JQUZDQ+SimSun" bbox="139.680,289.589,150.240,300.149" colourspace="ICCBased" ncolour="[0]" size="10.560">给</text>
                <text font="JQUZDQ+SimSun" bbox="150.240,289.589,160.800,300.149" colourspace="ICCBased" ncolour="[0]" size="10.560">付</text>
                <text font="JTTPDQ+SimSun" bbox="160.560,289.589,165.840,300.149" colourspace="ICCBased" ncolour="[0]" size="10.560"> </text>
                <text>
                </text>
            </textline>
        </textbox>
        <textbox id="19" bbox="210.480,556.729,547.211,782.789">
            <textline bbox="210.480,772.229,547.200,782.789">
                <text font="JQUZDQ+SimSun" bbox="210.480,772.229,221.040,782.789" colourspace="ICCBased" ncolour="[0]" size="10.560">分</text>
                <text font="JQUZDQ+SimSun" bbox="221.040,772.229,231.600,782.789" colourspace="ICCBased" ncolour="[0]" size="10.560">期</text>
                <text font="JQUZDQ+SimSun" bbox="231.600,772.229,242.160,782.789" colourspace="ICCBased" ncolour="[0]" size="10.560">支</text>
                <text font="JQUZDQ+SimSun" bbox="242.160,772.229,252.720,782.789" colourspace="ICCBased" ncolour="[0]" size="10.560">付</text>
                <text font="JQUZDQ+SimSun" bbox="252.720,772.229,263.280,782.789" colourspace="ICCBased" ncolour="[0]" size="10.560">保</text>
                <text font="JQUZDQ+SimSun" bbox="263.280,772.229,273.840,782.789" colourspace="ICCBased" ncolour="[0]" size="10.560">险</text>
                <text font="JQUZDQ+SimSun" bbox="273.840,772.229,284.400,782.789" colourspace="ICCBased" ncolour="[0]" size="10.560">费</text>
                <text font="JQUZDQ+SimSun" bbox="284.160,772.229,294.720,782.789" colourspace="ICCBased" ncolour="[0]" size="10.560">的</text>
                <text font="JQUZDQ+SimSun" bbox="294.720,772.229,305.280,782.789" colourspace="ICCBased" ncolour="[0]" size="10.560">，</text>
                <text font="JQUZDQ+SimSun" bbox="305.280,772.229,315.840,782.789" colourspace="ICCBased" ncolour="[0]" size="10.560">在</text>
                <text font="JQUZDQ+SimSun" bbox="315.840,772.229,326.400,782.789" colourspace="ICCBased" ncolour="[0]" size="10.560">支</text>
                <text font="JQUZDQ+SimSun" bbox="326.400,772.229,336.960,782.789" colourspace="ICCBased" ncolour="[0]" size="10.560">付</text>
                <text font="JQUZDQ+SimSun" bbox="336.960,772.229,347.520,782.789" colourspace="ICCBased" ncolour="[0]" size="10.560">首</text>
                <text font="JQUZDQ+SimSun" bbox="347.280,772.229,357.840,782.789" colourspace="ICCBased" ncolour="[0]" size="10.560">期</text>
                <text font="JQUZDQ+SimSun" bbox="357.840,772.229,368.400,782.789" colourspace="ICCBased" ncolour="[0]" size="10.560">保</text>
                <text font="JQUZDQ+SimSun" bbox="368.400,772.229,378.960,782.789" colourspace="ICCBased" ncolour="[0]" size="10.560">险</text>
                <text font="JQUZDQ+SimSun" bbox="378.960,772.229,389.520,782.789" colourspace="ICCBased" ncolour="[0]" size="10.560">费</text>
                <text font="JQUZDQ+SimSun" bbox="389.520,772.229,400.080,782.789" colourspace="ICCBased" ncolour="[0]" size="10.560">后</text>
                <text font="JQUZDQ+SimSun" bbox="399.840,772.229,410.400,782.789" colourspace="ICCBased" ncolour="[0]" size="10.560">，</text>
                <text font="JQUZDQ+SimSun" bbox="410.400,772.229,420.960,782.789" colourspace="ICCBased" ncolour="[0]" size="10.560">除</text>
                <text font="JQUZDQ+SimSun" bbox="420.960,772.229,431.520,782.789" colourspace="ICCBased" ncolour="[0]" size="10.560">本</text>
                <text font="JQUZDQ+SimSun" bbox="431.520,772.229,442.080,782.789" colourspace="ICCBased" ncolour="[0]" size="10.560">附</text>
                <text font="JQUZDQ+SimSun" bbox="442.080,772.229,452.640,782.789" colourspace="ICCBased" ncolour="[0]" size="10.560">加</text>
                <text font="JQUZDQ+SimSun" bbox="452.400,772.229,462.960,782.789" colourspace="ICCBased" ncolour="[0]" size="10.560">险</text>
                <text font="JQUZDQ+SimSun" bbox="462.960,772.229,473.520,782.789" colourspace="ICCBased" ncolour="[0]" size="10.560">合</text>
                <text font="JQUZDQ+SimSun" bbox="473.520,772.229,484.080,782.789" colourspace="ICCBased" ncolour="[0]" size="10.560">同</text>
                <text font="JQUZDQ+SimSun" bbox="484.080,772.229,494.640,782.789" colourspace="ICCBased" ncolour="[0]" size="10.560">另</text>
                <text font="JQUZDQ+SimSun" bbox="494.640,772.229,505.200,782.789" colourspace="ICCBased" ncolour="[0]" size="10.560">有</text>
                <text font="JQUZDQ+SimSun" bbox="505.200,772.229,515.760,782.789" colourspace="ICCBased" ncolour="[0]" size="10.560">约</text>
                <text font="JQUZDQ+SimSun" bbox="515.760,772.229,526.320,782.789" colourspace="ICCBased" ncolour="[0]" size="10.560">定</text>
                <text font="JQUZDQ+SimSun" bbox="526.080,772.229,536.640,782.789" colourspace="ICCBased" ncolour="[0]" size="10.560">外</text>
                <text font="JQUZDQ+SimSun" bbox="536.640,772.229,547.200,782.789" colourspace="ICCBased" ncolour="[0]" size="10.560">，</text>
                <text>
                </text>
            </textline>
            <textline bbox="210.480,756.632,547.196,767.192">
                <text font="JQUZDQ+SimSun" bbox="210.480,756.632,221.040,767.192" colourspace="ICCBased" ncolour="[0]" size="10.560">如</text>
                <text font="JQUZDQ+SimSun" bbox="221.040,756.632,231.600,767.192" colourspace="ICCBased" ncolour="[0]" size="10.560">果</text>
                <text font="JQUZDQ+SimSun" bbox="231.600,756.632,242.160,767.192" colourspace="ICCBased" ncolour="[0]" size="10.560">您</text>
                <text font="JQUZDQ+SimSun" bbox="242.160,756.632,252.720,767.192" colourspace="ICCBased" ncolour="[0]" size="10.560">到</text>
                <text font="JQUZDQ+SimSun" bbox="252.720,756.632,263.280,767.192" colourspace="ICCBased" ncolour="[0]" size="10.560">期</text>
                <text font="JQUZDQ+SimSun" bbox="263.040,756.632,273.600,767.192" colourspace="ICCBased" ncolour="[0]" size="10.560">未</text>
                <text font="JQUZDQ+SimSun" bbox="273.600,756.632,284.160,767.192" colourspace="ICCBased" ncolour="[0]" size="10.560">支</text>
                <text font="JQUZDQ+SimSun" bbox="284.160,756.632,294.720,767.192" colourspace="ICCBased" ncolour="[0]" size="10.560">付</text>
                <text font="JQUZDQ+SimSun" bbox="294.720,756.632,305.280,767.192" colourspace="ICCBased" ncolour="[0]" size="10.560">保</text>
                <text font="JQUZDQ+SimSun" bbox="305.040,756.632,315.600,767.192" colourspace="ICCBased" ncolour="[0]" size="10.560">险</text>
                <text font="JQUZDQ+SimSun" bbox="315.600,756.632,326.160,767.192" colourspace="ICCBased" ncolour="[0]" size="10.560">费</text>
                <text font="JQUZDQ+SimSun" bbox="326.160,756.632,336.720,767.192" colourspace="ICCBased" ncolour="[0]" size="10.560">，</text>
                <text font="JQUZDQ+SimSun" bbox="331.920,756.632,342.480,767.192" colourspace="ICCBased" ncolour="[0]" size="10.560">自</text>
                <text font="JQUZDQ+SimSun" bbox="342.480,756.632,353.040,767.192" colourspace="ICCBased" ncolour="[0]" size="10.560">保</text>
                <text font="JQUZDQ+SimSun" bbox="352.800,756.632,363.360,767.192" colourspace="ICCBased" ncolour="[0]" size="10.560">险</text>
                <text font="JQUZDQ+SimSun" bbox="363.360,756.632,373.920,767.192" colourspace="ICCBased" ncolour="[0]" size="10.560">费</text>
                <text font="JQUZDQ+SimSun" bbox="373.920,756.632,384.480,767.192" colourspace="ICCBased" ncolour="[0]" size="10.560">约</text>
                <text font="JQUZDQ+SimSun" bbox="384.480,756.632,395.040,767.192" colourspace="ICCBased" ncolour="[0]" size="10.560">定</text>
                <text font="JQUZDQ+SimSun" bbox="394.801,756.632,405.361,767.192" colourspace="ICCBased" ncolour="[0]" size="10.560">支</text>
                <text font="JQUZDQ+SimSun" bbox="405.361,756.632,415.921,767.192" colourspace="ICCBased" ncolour="[0]" size="10.560">付</text>
                <text font="JQUZDQ+SimSun" bbox="415.921,756.632,426.481,767.192" colourspace="ICCBased" ncolour="[0]" size="10.560">日</text>
                <text font="JQUZDQ+SimSun" bbox="426.481,756.632,437.041,767.192" colourspace="ICCBased" ncolour="[0]" size="10.560">的</text>
                <text font="JQUZDQ+SimSun" bbox="436.800,756.632,447.360,767.192" colourspace="ICCBased" ncolour="[0]" size="10.560">次</text>
                <text font="JQUZDQ+SimSun" bbox="447.120,756.632,457.680,767.192" colourspace="ICCBased" ncolour="[0]" size="10.560">日</text>
                <text font="JQUZDQ+SimSun" bbox="457.680,756.632,468.240,767.192" colourspace="ICCBased" ncolour="[0]" size="10.560">零</text>
                <text font="JQUZDQ+SimSun" bbox="468.240,756.632,478.800,767.192" colourspace="ICCBased" ncolour="[0]" size="10.560">时</text>
                <text font="JQUZDQ+SimSun" bbox="478.800,756.632,489.360,767.192" colourspace="ICCBased" ncolour="[0]" size="10.560">起</text>
                <text> </text>
                <text font="JTTPDQ+SimSun" bbox="491.999,756.632,497.279,767.192" colourspace="ICCBased" ncolour="[0]" size="10.560">6</text>
                <text font="JTTPDQ+SimSun" bbox="497.279,756.632,502.559,767.192" colourspace="ICCBased" ncolour="[0]" size="10.560">0</text>
                <text> </text>
                <text font="JQUZDQ+SimSun" bbox="504.956,756.632,515.516,767.192" colourspace="ICCBased" ncolour="[0]" size="10.560">日</text>
                <text font="JQUZDQ+SimSun" bbox="515.516,756.632,526.076,767.192" colourspace="ICCBased" ncolour="[0]" size="10.560">为</text>
                <text font="JQUZDQ+SimSun" bbox="526.076,756.632,536.636,767.192" colourspace="ICCBased" ncolour="[0]" size="10.560">宽</text>
                <text font="JQUZDQ+SimSun" bbox="536.636,756.632,547.196,767.192" colourspace="ICCBased" ncolour="[0]" size="10.560">限</text>
                <text>
                </text>
            </textline>
            <textline bbox="210.480,741.035,547.200,751.595">
                <text font="JQUZDQ+SimSun" bbox="210.480,741.035,221.040,751.595" colourspace="ICCBased" ncolour="[0]" size="10.560">期</text>
                <text font="JQUZDQ+SimSun" bbox="221.040,741.035,231.600,751.595" colourspace="ICCBased" ncolour="[0]" size="10.560">。</text>
                <text font="JQUZDQ+SimSun" bbox="231.600,741.035,242.160,751.595" colourspace="ICCBased" ncolour="[0]" size="10.560">宽</text>
                <text font="JQUZDQ+SimSun" bbox="242.160,741.035,252.720,751.595" colourspace="ICCBased" ncolour="[0]" size="10.560">限</text>
                <text font="JQUZDQ+SimSun" bbox="252.720,741.035,263.280,751.595" colourspace="ICCBased" ncolour="[0]" size="10.560">期</text>
                <text font="JQUZDQ+SimSun" bbox="263.280,741.035,273.840,751.595" colourspace="ICCBased" ncolour="[0]" size="10.560">内</text>
                <text font="JQUZDQ+SimSun" bbox="273.840,741.035,284.400,751.595" colourspace="ICCBased" ncolour="[0]" size="10.560">发</text>
                <text font="JQUZDQ+SimSun" bbox="284.160,741.035,294.720,751.595" colourspace="ICCBased" ncolour="[0]" size="10.560">生</text>
                <text font="JQUZDQ+SimSun" bbox="294.720,741.035,305.280,751.595" colourspace="ICCBased" ncolour="[0]" size="10.560">的</text>
                <text font="JQUZDQ+SimSun" bbox="305.280,741.035,315.840,751.595" colourspace="ICCBased" ncolour="[0]" size="10.560">保</text>
                <text font="JQUZDQ+SimSun" bbox="315.840,741.035,326.400,751.595" colourspace="ICCBased" ncolour="[0]" size="10.560">险</text>
                <text font="JQUZDQ+SimSun" bbox="326.400,741.035,336.960,751.595" colourspace="ICCBased" ncolour="[0]" size="10.560">事</text>
                <text font="JQUZDQ+SimSun" bbox="336.960,741.035,347.520,751.595" colourspace="ICCBased" ncolour="[0]" size="10.560">故</text>
                <text font="JQUZDQ+SimSun" bbox="347.280,741.035,357.840,751.595" colourspace="ICCBased" ncolour="[0]" size="10.560">，</text>
                <text font="JQUZDQ+SimSun" bbox="357.840,741.035,368.400,751.595" colourspace="ICCBased" ncolour="[0]" size="10.560">我</text>
                <text font="JQUZDQ+SimSun" bbox="368.400,741.035,378.960,751.595" colourspace="ICCBased" ncolour="[0]" size="10.560">们</text>
                <text font="JQUZDQ+SimSun" bbox="378.960,741.035,389.520,751.595" colourspace="ICCBased" ncolour="[0]" size="10.560">仍</text>
                <text font="JQUZDQ+SimSun" bbox="389.520,741.035,400.080,751.595" colourspace="ICCBased" ncolour="[0]" size="10.560">会</text>
                <text font="JQUZDQ+SimSun" bbox="399.840,741.035,410.400,751.595" colourspace="ICCBased" ncolour="[0]" size="10.560">承</text>
                <text font="JQUZDQ+SimSun" bbox="410.400,741.035,420.960,751.595" colourspace="ICCBased" ncolour="[0]" size="10.560">担</text>
                <text font="JQUZDQ+SimSun" bbox="420.960,741.035,431.520,751.595" colourspace="ICCBased" ncolour="[0]" size="10.560">保</text>
                <text font="JQUZDQ+SimSun" bbox="431.520,741.035,442.080,751.595" colourspace="ICCBased" ncolour="[0]" size="10.560">险</text>
                <text font="JQUZDQ+SimSun" bbox="442.080,741.035,452.640,751.595" colourspace="ICCBased" ncolour="[0]" size="10.560">责</text>
                <text font="JQUZDQ+SimSun" bbox="452.400,741.035,462.960,751.595" colourspace="ICCBased" ncolour="[0]" size="10.560">任</text>
                <text font="JQUZDQ+SimSun" bbox="462.960,741.035,473.520,751.595" colourspace="ICCBased" ncolour="[0]" size="10.560">，</text>
                <text font="JQUZDQ+SimSun" bbox="473.520,741.035,484.080,751.595" colourspace="ICCBased" ncolour="[0]" size="10.560">但</text>
                <text font="JQUZDQ+SimSun" bbox="484.080,741.035,494.640,751.595" colourspace="ICCBased" ncolour="[0]" size="10.560">在</text>
                <text font="JQUZDQ+SimSun" bbox="494.640,741.035,505.200,751.595" colourspace="ICCBased" ncolour="[0]" size="10.560">给</text>
                <text font="JQUZDQ+SimSun" bbox="505.200,741.035,515.760,751.595" colourspace="ICCBased" ncolour="[0]" size="10.560">付</text>
                <text font="JQUZDQ+SimSun" bbox="515.760,741.035,526.320,751.595" colourspace="ICCBased" ncolour="[0]" size="10.560">保</text>
                <text font="JQUZDQ+SimSun" bbox="526.080,741.035,536.640,751.595" colourspace="ICCBased" ncolour="[0]" size="10.560">险</text>
                <text font="JQUZDQ+SimSun" bbox="536.640,741.035,547.200,751.595" colourspace="ICCBased" ncolour="[0]" size="10.560">金</text>
                <text>
                </text>
            </textline>
            <textline bbox="210.480,725.437,341.762,735.997">
                <text font="JQUZDQ+SimSun" bbox="210.480,725.437,221.040,735.997" colourspace="ICCBased" ncolour="[0]" size="10.560">时</text>
                <text font="JQUZDQ+SimSun" bbox="221.040,725.437,231.600,735.997" colourspace="ICCBased" ncolour="[0]" size="10.560">会</text>
                <text font="JQUZDQ+SimSun" bbox="231.600,725.437,242.160,735.997" colourspace="ICCBased" ncolour="[0]" size="10.560">扣</text>
                <text font="JQUZDQ+SimSun" bbox="242.160,725.437,252.720,735.997" colourspace="ICCBased" ncolour="[0]" size="10.560">减</text>
                <text font="JQUZDQ+SimSun" bbox="252.720,725.437,263.280,735.997" colourspace="ICCBased" ncolour="[0]" size="10.560">您</text>
                <text font="JQUZDQ+SimSun" bbox="263.037,725.437,273.597,735.997" colourspace="ICCBased" ncolour="[0]" size="10.560">欠</text>
                <text font="JQUZDQ+SimSun" bbox="273.597,725.437,284.157,735.997" colourspace="ICCBased" ncolour="[0]" size="10.560">交</text>
                <text font="JQUZDQ+SimSun" bbox="284.157,725.437,294.717,735.997" colourspace="ICCBased" ncolour="[0]" size="10.560">的</text>
                <text font="JQUZDQ+SimSun" bbox="294.717,725.437,305.277,735.997" colourspace="ICCBased" ncolour="[0]" size="10.560">保</text>
                <text font="JQUZDQ+SimSun" bbox="305.037,725.437,315.597,735.997" colourspace="ICCBased" ncolour="[0]" size="10.560">险</text>
                <text font="JQUZDQ+SimSun" bbox="315.597,725.437,326.157,735.997" colourspace="ICCBased" ncolour="[0]" size="10.560">费</text>
                <text font="JQUZDQ+SimSun" bbox="326.157,725.437,336.717,735.997" colourspace="ICCBased" ncolour="[0]" size="10.560">。</text>
                <text font="JTTPDQ+SimSun" bbox="336.482,725.437,341.762,735.997" colourspace="ICCBased" ncolour="[0]" size="10.560"> </text>
                <text>
                </text>
            </textline>
            <textline bbox="210.480,709.840,547.200,720.400">
                <text font="JQUZDQ+SimSun" bbox="210.480,709.840,221.040,720.400" colourspace="ICCBased" ncolour="[0]" size="10.560">如</text>
                <text font="JQUZDQ+SimSun" bbox="221.040,709.840,231.600,720.400" colourspace="ICCBased" ncolour="[0]" size="10.560">果</text>
                <text font="JQUZDQ+SimSun" bbox="231.600,709.840,242.160,720.400" colourspace="ICCBased" ncolour="[0]" size="10.560">您</text>
                <text font="JQUZDQ+SimSun" bbox="242.160,709.840,252.720,720.400" colourspace="ICCBased" ncolour="[0]" size="10.560">宽</text>
                <text font="JQUZDQ+SimSun" bbox="252.720,709.840,263.280,720.400" colourspace="ICCBased" ncolour="[0]" size="10.560">限</text>
                <text font="JQUZDQ+SimSun" bbox="263.280,709.840,273.840,720.400" colourspace="ICCBased" ncolour="[0]" size="10.560">期</text>
                <text font="JQUZDQ+SimSun" bbox="273.840,709.840,284.400,720.400" colourspace="ICCBased" ncolour="[0]" size="10.560">结</text>
                <text font="JQUZDQ+SimSun" bbox="284.160,709.840,294.720,720.400" colourspace="ICCBased" ncolour="[0]" size="10.560">束</text>
                <text font="JQUZDQ+SimSun" bbox="294.720,709.840,305.280,720.400" colourspace="ICCBased" ncolour="[0]" size="10.560">之</text>
                <text font="JQUZDQ+SimSun" bbox="305.280,709.840,315.840,720.400" colourspace="ICCBased" ncolour="[0]" size="10.560">后</text>
                <text font="JQUZDQ+SimSun" bbox="315.840,709.840,326.400,720.400" colourspace="ICCBased" ncolour="[0]" size="10.560">仍</text>
                <text font="JQUZDQ+SimSun" bbox="326.400,709.840,336.960,720.400" colourspace="ICCBased" ncolour="[0]" size="10.560">未</text>
                <text font="JQUZDQ+SimSun" bbox="336.960,709.840,347.520,720.400" colourspace="ICCBased" ncolour="[0]" size="10.560">支</text>
                <text font="JQUZDQ+SimSun" bbox="347.280,709.840,357.840,720.400" colourspace="ICCBased" ncolour="[0]" size="10.560">付</text>
                <text font="JQUZDQ+SimSun" bbox="357.840,709.840,368.400,720.400" colourspace="ICCBased" ncolour="[0]" size="10.560">保</text>
                <text font="JQUZDQ+SimSun" bbox="368.400,709.840,378.960,720.400" colourspace="ICCBased" ncolour="[0]" size="10.560">险</text>
                <text font="JQUZDQ+SimSun" bbox="378.960,709.840,389.520,720.400" colourspace="ICCBased" ncolour="[0]" size="10.560">费</text>
                <text font="JQUZDQ+SimSun" bbox="389.520,709.840,400.080,720.400" colourspace="ICCBased" ncolour="[0]" size="10.560">，</text>
                <text font="JQUZDQ+SimSun" bbox="399.840,709.840,410.400,720.400" colourspace="ICCBased" ncolour="[0]" size="10.560">则</text>
                <text font="JQUZDQ+SimSun" bbox="410.400,709.840,420.960,720.400" colourspace="ICCBased" ncolour="[0]" size="10.560">本</text>
                <text font="JQUZDQ+SimSun" bbox="420.960,709.840,431.520,720.400" colourspace="ICCBased" ncolour="[0]" size="10.560">附</text>
                <text font="JQUZDQ+SimSun" bbox="431.520,709.840,442.080,720.400" colourspace="ICCBased" ncolour="[0]" size="10.560">加</text>
                <text font="JQUZDQ+SimSun" bbox="442.080,709.840,452.640,720.400" colourspace="ICCBased" ncolour="[0]" size="10.560">险</text>
                <text font="JQUZDQ+SimSun" bbox="452.400,709.840,462.960,720.400" colourspace="ICCBased" ncolour="[0]" size="10.560">合</text>
                <text font="JQUZDQ+SimSun" bbox="462.960,709.840,473.520,720.400" colourspace="ICCBased" ncolour="[0]" size="10.560">同</text>
                <text font="JQUZDQ+SimSun" bbox="473.520,709.840,484.080,720.400" colourspace="ICCBased" ncolour="[0]" size="10.560">自</text>
                <text font="JQUZDQ+SimSun" bbox="484.080,709.840,494.640,720.400" colourspace="ICCBased" ncolour="[0]" size="10.560">宽</text>
                <text font="JQUZDQ+SimSun" bbox="494.640,709.840,505.200,720.400" colourspace="ICCBased" ncolour="[0]" size="10.560">限</text>
                <text font="JQUZDQ+SimSun" bbox="505.200,709.840,515.760,720.400" colourspace="ICCBased" ncolour="[0]" size="10.560">期</text>
                <text font="JQUZDQ+SimSun" bbox="515.760,709.840,526.320,720.400" colourspace="ICCBased" ncolour="[0]" size="10.560">满</text>
                <text font="JQUZDQ+SimSun" bbox="526.080,709.840,536.640,720.400" colourspace="ICCBased" ncolour="[0]" size="10.560">的</text>
                <text font="JQUZDQ+SimSun" bbox="536.640,709.840,547.200,720.400" colourspace="ICCBased" ncolour="[0]" size="10.560">次</text>
                <text>
                </text>
            </textline>
            <textline bbox="210.480,694.243,310.325,704.803">
                <text font="JQUZDQ+SimSun" bbox="210.480,694.243,221.040,704.803" colourspace="ICCBased" ncolour="[0]" size="10.560">日</text>
                <text font="JQUZDQ+SimSun" bbox="221.040,694.243,231.600,704.803" colourspace="ICCBased" ncolour="[0]" size="10.560">零</text>
                <text font="JQUZDQ+SimSun" bbox="231.600,694.243,242.160,704.803" colourspace="ICCBased" ncolour="[0]" size="10.560">时</text>
                <text font="JQUZDQ+SimSun" bbox="242.160,694.243,252.720,704.803" colourspace="ICCBased" ncolour="[0]" size="10.560">起</text>
                <text font="JQUZDQ+SimSun" bbox="252.720,694.243,263.280,704.803" colourspace="ICCBased" ncolour="[0]" size="10.560">效</text>
                <text font="JQUZDQ+SimSun" bbox="263.040,694.243,273.600,704.803" colourspace="ICCBased" ncolour="[0]" size="10.560">力</text>
                <text font="JQUZDQ+SimSun" bbox="273.600,694.243,284.160,704.803" colourspace="ICCBased" ncolour="[0]" size="10.560">中</text>
                <text font="JQUZDQ+SimSun" bbox="284.160,694.243,294.720,704.803" colourspace="ICCBased" ncolour="[0]" size="10.560">止</text>
                <text font="JQUZDQ+SimSun" bbox="294.720,694.243,305.280,704.803" colourspace="ICCBased" ncolour="[0]" size="10.560">。</text>
                <text font="JTTPDQ+SimSun" bbox="305.045,694.243,310.325,704.803" colourspace="ICCBased" ncolour="[0]" size="10.560"> </text>
                <text>
                </text>
            </textline>
            <textline bbox="210.480,678.629,215.760,689.189">
                <text font="JTTPDQ+SimSun" bbox="210.480,678.629,215.760,689.189" colourspace="ICCBased" ncolour="[0]" size="10.560"> </text>
                <text>
                </text>
            </textline>
            <textline bbox="210.480,665.909,467.760,676.469">
                <text font="JQUZDQ+SimSun" bbox="210.480,665.909,221.040,676.469" colourspace="ICCBased" ncolour="[0]" size="10.560">在</text>
                <text font="JQUZDQ+SimSun" bbox="221.040,665.909,231.600,676.469" colourspace="ICCBased" ncolour="[0]" size="10.560">本</text>
                <text font="JQUZDQ+SimSun" bbox="231.600,665.909,242.160,676.469" colourspace="ICCBased" ncolour="[0]" size="10.560">附</text>
                <text font="JQUZDQ+SimSun" bbox="242.160,665.909,252.720,676.469" colourspace="ICCBased" ncolour="[0]" size="10.560">加</text>
                <text font="JQUZDQ+SimSun" bbox="252.720,665.909,263.280,676.469" colourspace="ICCBased" ncolour="[0]" size="10.560">险</text>
                <text font="JQUZDQ+SimSun" bbox="263.040,665.909,273.600,676.469" colourspace="ICCBased" ncolour="[0]" size="10.560">合</text>
                <text font="JQUZDQ+SimSun" bbox="273.600,665.909,284.160,676.469" colourspace="ICCBased" ncolour="[0]" size="10.560">同</text>
                <text font="JQUZDQ+SimSun" bbox="284.160,665.909,294.720,676.469" colourspace="ICCBased" ncolour="[0]" size="10.560">效</text>
                <text font="JQUZDQ+SimSun" bbox="294.720,665.909,305.280,676.469" colourspace="ICCBased" ncolour="[0]" size="10.560">力</text>
                <text font="JQUZDQ+SimSun" bbox="305.040,665.909,315.600,676.469" colourspace="ICCBased" ncolour="[0]" size="10.560">中</text>
                <text font="JQUZDQ+SimSun" bbox="315.600,665.909,326.160,676.469" colourspace="ICCBased" ncolour="[0]" size="10.560">止</text>
                <text font="JQUZDQ+SimSun" bbox="326.160,665.909,336.720,676.469" colourspace="ICCBased" ncolour="[0]" size="10.560">期</text>
                <text font="JQUZDQ+SimSun" bbox="336.720,665.909,347.280,676.469" colourspace="ICCBased" ncolour="[0]" size="10.560">间</text>
                <text font="JQUZDQ+SimSun" bbox="347.040,665.909,357.600,676.469" colourspace="ICCBased" ncolour="[0]" size="10.560">，</text>
                <text font="JQUZDQ+SimSun" bbox="357.600,665.909,368.160,676.469" colourspace="ICCBased" ncolour="[0]" size="10.560">我</text>
                <text font="JQUZDQ+SimSun" bbox="368.160,665.909,378.720,676.469" colourspace="ICCBased" ncolour="[0]" size="10.560">们</text>
                <text font="JQUZDQ+SimSun" bbox="378.720,665.909,389.280,676.469" colourspace="ICCBased" ncolour="[0]" size="10.560">不</text>
                <text font="JQUZDQ+SimSun" bbox="389.040,665.909,399.600,676.469" colourspace="ICCBased" ncolour="[0]" size="10.560">承</text>
                <text font="JQUZDQ+SimSun" bbox="399.600,665.909,410.160,676.469" colourspace="ICCBased" ncolour="[0]" size="10.560">担</text>
                <text font="JQUZDQ+SimSun" bbox="410.160,665.909,420.720,676.469" colourspace="ICCBased" ncolour="[0]" size="10.560">保</text>
                <text font="JQUZDQ+SimSun" bbox="420.720,665.909,431.280,676.469" colourspace="ICCBased" ncolour="[0]" size="10.560">险</text>
                <text font="JQUZDQ+SimSun" bbox="431.040,665.909,441.600,676.469" colourspace="ICCBased" ncolour="[0]" size="10.560">责</text>
                <text font="JQUZDQ+SimSun" bbox="441.600,665.909,452.160,676.469" colourspace="ICCBased" ncolour="[0]" size="10.560">任</text>
                <text font="JQUZDQ+SimSun" bbox="451.920,665.909,462.480,676.469" colourspace="ICCBased" ncolour="[0]" size="10.560">。</text>
                <text font="JTTPDQ+SimSun" bbox="462.480,665.909,467.760,676.469" colourspace="ICCBased" ncolour="[0]" size="10.560"> </text>
                <text>
                </text>
            </textline>
            <textline bbox="210.480,650.312,547.197,660.872">
                <text font="JQUZDQ+SimSun" bbox="210.480,650.312,221.040,660.872" colourspace="ICCBased" ncolour="[0]" size="10.560">本</text>
                <text font="JQUZDQ+SimSun" bbox="221.040,650.312,231.600,660.872" colourspace="ICCBased" ncolour="[0]" size="10.560">附</text>
                <text font="JQUZDQ+SimSun" bbox="231.600,650.312,242.160,660.872" colourspace="ICCBased" ncolour="[0]" size="10.560">加</text>
                <text font="JQUZDQ+SimSun" bbox="242.160,650.312,252.720,660.872" colourspace="ICCBased" ncolour="[0]" size="10.560">险</text>
                <text font="JQUZDQ+SimSun" bbox="252.720,650.312,263.280,660.872" colourspace="ICCBased" ncolour="[0]" size="10.560">合</text>
                <text font="JQUZDQ+SimSun" bbox="263.040,650.312,273.600,660.872" colourspace="ICCBased" ncolour="[0]" size="10.560">同</text>
                <text font="JQUZDQ+SimSun" bbox="273.600,650.312,284.160,660.872" colourspace="ICCBased" ncolour="[0]" size="10.560">效</text>
                <text font="JQUZDQ+SimSun" bbox="284.160,650.312,294.720,660.872" colourspace="ICCBased" ncolour="[0]" size="10.560">力</text>
                <text font="JQUZDQ+SimSun" bbox="294.720,650.312,305.280,660.872" colourspace="ICCBased" ncolour="[0]" size="10.560">中</text>
                <text font="JQUZDQ+SimSun" bbox="305.040,650.312,315.600,660.872" colourspace="ICCBased" ncolour="[0]" size="10.560">止</text>
                <text font="JQUZDQ+SimSun" bbox="315.600,650.312,326.160,660.872" colourspace="ICCBased" ncolour="[0]" size="10.560">后</text>
                <text> </text>
                <text font="JTTPDQ+SimSun" bbox="329.037,650.312,334.317,660.872" colourspace="ICCBased" ncolour="[0]" size="10.560">2</text>
                <text> </text>
                <text font="JQUZDQ+SimSun" bbox="337.200,650.312,347.760,660.872" colourspace="ICCBased" ncolour="[0]" size="10.560">年</text>
                <text font="JQUZDQ+SimSun" bbox="347.517,650.312,358.077,660.872" colourspace="ICCBased" ncolour="[0]" size="10.560">内</text>
                <text font="JQUZDQ+SimSun" bbox="358.077,650.312,368.637,660.872" colourspace="ICCBased" ncolour="[0]" size="10.560">，</text>
                <text font="JQUZDQ+SimSun" bbox="368.637,650.312,379.197,660.872" colourspace="ICCBased" ncolour="[0]" size="10.560">您</text>
                <text font="JQUZDQ+SimSun" bbox="379.197,650.312,389.757,660.872" colourspace="ICCBased" ncolour="[0]" size="10.560">可</text>
                <text font="JQUZDQ+SimSun" bbox="389.517,650.312,400.077,660.872" colourspace="ICCBased" ncolour="[0]" size="10.560">以</text>
                <text font="JQUZDQ+SimSun" bbox="400.077,650.312,410.637,660.872" colourspace="ICCBased" ncolour="[0]" size="10.560">申</text>
                <text font="JQUZDQ+SimSun" bbox="410.637,650.312,421.197,660.872" colourspace="ICCBased" ncolour="[0]" size="10.560">请</text>
                <text font="JQUZDQ+SimSun" bbox="421.197,650.312,431.757,660.872" colourspace="ICCBased" ncolour="[0]" size="10.560">恢</text>
                <text font="JQUZDQ+SimSun" bbox="431.518,650.312,442.078,660.872" colourspace="ICCBased" ncolour="[0]" size="10.560">复</text>
                <text font="JQUZDQ+SimSun" bbox="442.078,650.312,452.638,660.872" colourspace="ICCBased" ncolour="[0]" size="10.560">合</text>
                <text font="JQUZDQ+SimSun" bbox="452.397,650.312,462.957,660.872" colourspace="ICCBased" ncolour="[0]" size="10.560">同</text>
                <text font="JQUZDQ+SimSun" bbox="462.957,650.312,473.517,660.872" colourspace="ICCBased" ncolour="[0]" size="10.560">效</text>
                <text font="JQUZDQ+SimSun" bbox="473.517,650.312,484.077,660.872" colourspace="ICCBased" ncolour="[0]" size="10.560">力</text>
                <text font="JQUZDQ+SimSun" bbox="484.077,650.312,494.637,660.872" colourspace="ICCBased" ncolour="[0]" size="10.560">。</text>
                <text font="JQUZDQ+SimSun" bbox="494.637,650.312,505.197,660.872" colourspace="ICCBased" ncolour="[0]" size="10.560">经</text>
                <text font="JQUZDQ+SimSun" bbox="504.957,650.312,515.517,660.872" colourspace="ICCBased" ncolour="[0]" size="10.560">您</text>
                <text font="JQUZDQ+SimSun" bbox="515.517,650.312,526.077,660.872" colourspace="ICCBased" ncolour="[0]" size="10.560">与</text>
                <text font="JQUZDQ+SimSun" bbox="526.077,650.312,536.637,660.872" colourspace="ICCBased" ncolour="[0]" size="10.560">我</text>
                <text font="JQUZDQ+SimSun" bbox="536.637,650.312,547.197,660.872" colourspace="ICCBased" ncolour="[0]" size="10.560">们</text>
                <text>
                </text>
            </textline>
            <textline bbox="210.480,634.715,488.641,645.275">
                <text font="JQUZDQ+SimSun" bbox="210.480,634.715,221.040,645.275" colourspace="ICCBased" ncolour="[0]" size="10.560">协</text>
                <text font="JQUZDQ+SimSun" bbox="221.040,634.715,231.600,645.275" colourspace="ICCBased" ncolour="[0]" size="10.560">商</text>
                <text font="JQUZDQ+SimSun" bbox="231.600,634.715,242.160,645.275" colourspace="ICCBased" ncolour="[0]" size="10.560">并</text>
                <text font="JQUZDQ+SimSun" bbox="242.160,634.715,252.720,645.275" colourspace="ICCBased" ncolour="[0]" size="10.560">达</text>
                <text font="JQUZDQ+SimSun" bbox="252.720,634.715,263.280,645.275" colourspace="ICCBased" ncolour="[0]" size="10.560">成</text>
                <text font="JQUZDQ+SimSun" bbox="263.040,634.715,273.600,645.275" colourspace="ICCBased" ncolour="[0]" size="10.560">协</text>
                <text font="JQUZDQ+SimSun" bbox="273.600,634.715,284.160,645.275" colourspace="ICCBased" ncolour="[0]" size="10.560">议</text>
                <text font="JQUZDQ+SimSun" bbox="284.160,634.715,294.720,645.275" colourspace="ICCBased" ncolour="[0]" size="10.560">，</text>
                <text font="JQUZDQ+SimSun" bbox="294.720,634.715,305.280,645.275" colourspace="ICCBased" ncolour="[0]" size="10.560">自</text>
                <text font="JQUZDQ+SimSun" bbox="305.045,634.715,315.605,645.275" colourspace="ICCBased" ncolour="[0]" size="10.560">您</text>
                <text font="JQUZDQ+SimSun" bbox="315.605,634.715,326.165,645.275" colourspace="ICCBased" ncolour="[0]" size="10.560">补</text>
                <text font="JQUZDQ+SimSun" bbox="326.165,634.715,336.725,645.275" colourspace="ICCBased" ncolour="[0]" size="10.560">交</text>
                <text font="JQUZDQ+SimSun" bbox="336.725,634.715,347.285,645.275" colourspace="ICCBased" ncolour="[0]" size="10.560">保</text>
                <text font="JQUZDQ+SimSun" bbox="347.045,634.715,357.605,645.275" colourspace="ICCBased" ncolour="[0]" size="10.560">险</text>
                <text font="JQUZDQ+SimSun" bbox="357.605,634.715,368.165,645.275" colourspace="ICCBased" ncolour="[0]" size="10.560">费</text>
                <text font="JQUZDQ+SimSun" bbox="368.165,634.715,378.725,645.275" colourspace="ICCBased" ncolour="[0]" size="10.560">之</text>
                <text font="JQUZDQ+SimSun" bbox="378.725,634.715,389.285,645.275" colourspace="ICCBased" ncolour="[0]" size="10.560">日</text>
                <text font="JQUZDQ+SimSun" bbox="389.045,634.715,399.605,645.275" colourspace="ICCBased" ncolour="[0]" size="10.560">起</text>
                <text font="JQUZDQ+SimSun" bbox="399.605,634.715,410.165,645.275" colourspace="ICCBased" ncolour="[0]" size="10.560">，</text>
                <text font="JQUZDQ+SimSun" bbox="410.165,634.715,420.725,645.275" colourspace="ICCBased" ncolour="[0]" size="10.560">合</text>
                <text font="JQUZDQ+SimSun" bbox="420.725,634.715,431.285,645.275" colourspace="ICCBased" ncolour="[0]" size="10.560">同</text>
                <text font="JQUZDQ+SimSun" bbox="431.045,634.715,441.605,645.275" colourspace="ICCBased" ncolour="[0]" size="10.560">效</text>
                <text font="JQUZDQ+SimSun" bbox="441.605,634.715,452.165,645.275" colourspace="ICCBased" ncolour="[0]" size="10.560">力</text>
                <text font="JQUZDQ+SimSun" bbox="451.925,634.715,462.485,645.275" colourspace="ICCBased" ncolour="[0]" size="10.560">恢</text>
                <text font="JQUZDQ+SimSun" bbox="462.485,634.715,473.045,645.275" colourspace="ICCBased" ncolour="[0]" size="10.560">复</text>
                <text font="JQUZDQ+SimSun" bbox="473.045,634.715,483.605,645.275" colourspace="ICCBased" ncolour="[0]" size="10.560">。</text>
                <text font="JTTPDQ+SimSun" bbox="483.361,634.715,488.641,645.275" colourspace="ICCBased" ncolour="[0]" size="10.560"> </text>
                <text>
                </text>
            </textline>
            <textline bbox="210.480,619.117,488.641,629.677">
                <text font="JQUZDQ+SimSun" bbox="210.480,619.117,221.040,629.677" colourspace="ICCBased" ncolour="[0]" size="10.560">主</text>
                <text font="JQUZDQ+SimSun" bbox="221.040,619.117,231.600,629.677" colourspace="ICCBased" ncolour="[0]" size="10.560">险</text>
                <text font="JQUZDQ+SimSun" bbox="231.600,619.117,242.160,629.677" colourspace="ICCBased" ncolour="[0]" size="10.560">合</text>
                <text font="JQUZDQ+SimSun" bbox="242.160,619.117,252.720,629.677" colourspace="ICCBased" ncolour="[0]" size="10.560">同</text>
                <text font="JQUZDQ+SimSun" bbox="252.720,619.117,263.280,629.677" colourspace="ICCBased" ncolour="[0]" size="10.560">效</text>
                <text font="JQUZDQ+SimSun" bbox="263.040,619.117,273.600,629.677" colourspace="ICCBased" ncolour="[0]" size="10.560">力</text>
                <text font="JQUZDQ+SimSun" bbox="273.600,619.117,284.160,629.677" colourspace="ICCBased" ncolour="[0]" size="10.560">中</text>
                <text font="JQUZDQ+SimSun" bbox="284.160,619.117,294.720,629.677" colourspace="ICCBased" ncolour="[0]" size="10.560">止</text>
                <text font="JQUZDQ+SimSun" bbox="294.720,619.117,305.280,629.677" colourspace="ICCBased" ncolour="[0]" size="10.560">期</text>
                <text font="JQUZDQ+SimSun" bbox="305.040,619.117,315.600,629.677" colourspace="ICCBased" ncolour="[0]" size="10.560">间</text>
                <text font="JQUZDQ+SimSun" bbox="315.600,619.117,326.160,629.677" colourspace="ICCBased" ncolour="[0]" size="10.560">，</text>
                <text font="JQUZDQ+SimSun" bbox="326.160,619.117,336.720,629.677" colourspace="ICCBased" ncolour="[0]" size="10.560">本</text>
                <text font="JQUZDQ+SimSun" bbox="336.720,619.117,347.280,629.677" colourspace="ICCBased" ncolour="[0]" size="10.560">附</text>
                <text font="JQUZDQ+SimSun" bbox="347.040,619.117,357.600,629.677" colourspace="ICCBased" ncolour="[0]" size="10.560">加</text>
                <text font="JQUZDQ+SimSun" bbox="357.600,619.117,368.160,629.677" colourspace="ICCBased" ncolour="[0]" size="10.560">险</text>
                <text font="JQUZDQ+SimSun" bbox="368.160,619.117,378.720,629.677" colourspace="ICCBased" ncolour="[0]" size="10.560">合</text>
                <text font="JQUZDQ+SimSun" bbox="378.720,619.117,389.280,629.677" colourspace="ICCBased" ncolour="[0]" size="10.560">同</text>
                <text font="JQUZDQ+SimSun" bbox="389.040,619.117,399.600,629.677" colourspace="ICCBased" ncolour="[0]" size="10.560">不</text>
                <text font="JQUZDQ+SimSun" bbox="399.600,619.117,410.160,629.677" colourspace="ICCBased" ncolour="[0]" size="10.560">得</text>
                <text font="JQUZDQ+SimSun" bbox="410.160,619.117,420.720,629.677" colourspace="ICCBased" ncolour="[0]" size="10.560">单</text>
                <text font="JQUZDQ+SimSun" bbox="420.720,619.117,431.280,629.677" colourspace="ICCBased" ncolour="[0]" size="10.560">独</text>
                <text font="JQUZDQ+SimSun" bbox="431.040,619.117,441.600,629.677" colourspace="ICCBased" ncolour="[0]" size="10.560">申</text>
                <text font="JQUZDQ+SimSun" bbox="441.600,619.117,452.160,629.677" colourspace="ICCBased" ncolour="[0]" size="10.560">请</text>
                <text font="JQUZDQ+SimSun" bbox="451.920,619.117,462.480,629.677" colourspace="ICCBased" ncolour="[0]" size="10.560">复</text>
                <text font="JQUZDQ+SimSun" bbox="462.480,619.117,473.040,629.677" colourspace="ICCBased" ncolour="[0]" size="10.560">效</text>
                <text font="JQUZDQ+SimSun" bbox="473.040,619.117,483.600,629.677" colourspace="ICCBased" ncolour="[0]" size="10.560">。</text>
                <text font="JTTPDQ+SimSun" bbox="483.361,619.117,488.641,629.677" colourspace="ICCBased" ncolour="[0]" size="10.560"> </text>
                <text>
                </text>
            </textline>
            <textline bbox="210.480,603.520,547.207,614.080">
                <text font="JQUZDQ+SimSun" bbox="210.480,603.520,221.040,614.080" colourspace="ICCBased" ncolour="[0]" size="10.560">自</text>
                <text font="JQUZDQ+SimSun" bbox="221.040,603.520,231.600,614.080" colourspace="ICCBased" ncolour="[0]" size="10.560">本</text>
                <text font="JQUZDQ+SimSun" bbox="231.600,603.520,242.160,614.080" colourspace="ICCBased" ncolour="[0]" size="10.560">附</text>
                <text font="JQUZDQ+SimSun" bbox="242.160,603.520,252.720,614.080" colourspace="ICCBased" ncolour="[0]" size="10.560">加</text>
                <text font="JQUZDQ+SimSun" bbox="252.720,603.520,263.280,614.080" colourspace="ICCBased" ncolour="[0]" size="10.560">险</text>
                <text font="JQUZDQ+SimSun" bbox="263.040,603.520,273.600,614.080" colourspace="ICCBased" ncolour="[0]" size="10.560">合</text>
                <text font="JQUZDQ+SimSun" bbox="273.600,603.520,284.160,614.080" colourspace="ICCBased" ncolour="[0]" size="10.560">同</text>
                <text font="JQUZDQ+SimSun" bbox="284.160,603.520,294.720,614.080" colourspace="ICCBased" ncolour="[0]" size="10.560">效</text>
                <text font="JQUZDQ+SimSun" bbox="294.720,603.520,305.280,614.080" colourspace="ICCBased" ncolour="[0]" size="10.560">力</text>
                <text font="JQUZDQ+SimSun" bbox="305.040,603.520,315.600,614.080" colourspace="ICCBased" ncolour="[0]" size="10.560">中</text>
                <text font="JQUZDQ+SimSun" bbox="315.600,603.520,326.160,614.080" colourspace="ICCBased" ncolour="[0]" size="10.560">止</text>
                <text font="JQUZDQ+SimSun" bbox="326.160,603.520,336.720,614.080" colourspace="ICCBased" ncolour="[0]" size="10.560">之</text>
                <text font="JQUZDQ+SimSun" bbox="336.720,603.520,347.280,614.080" colourspace="ICCBased" ncolour="[0]" size="10.560">日</text>
                <text font="JQUZDQ+SimSun" bbox="347.040,603.520,357.600,614.080" colourspace="ICCBased" ncolour="[0]" size="10.560">起</text>
                <text font="JQUZDQ+SimSun" bbox="357.600,603.520,368.160,614.080" colourspace="ICCBased" ncolour="[0]" size="10.560">满</text>
                <text> </text>
                <text font="JTTPDQ+SimSun" bbox="371.045,603.520,376.325,614.080" colourspace="ICCBased" ncolour="[0]" size="10.560">2</text>
                <text> </text>
                <text font="JQUZDQ+SimSun" bbox="379.208,603.520,389.768,614.080" colourspace="ICCBased" ncolour="[0]" size="10.560">年</text>
                <text font="JQUZDQ+SimSun" bbox="389.525,603.520,400.085,614.080" colourspace="ICCBased" ncolour="[0]" size="10.560">您</text>
                <text font="JQUZDQ+SimSun" bbox="400.085,603.520,410.645,614.080" colourspace="ICCBased" ncolour="[0]" size="10.560">和</text>
                <text font="JQUZDQ+SimSun" bbox="410.645,603.520,421.205,614.080" colourspace="ICCBased" ncolour="[0]" size="10.560">我</text>
                <text font="JQUZDQ+SimSun" bbox="421.205,603.520,431.765,614.080" colourspace="ICCBased" ncolour="[0]" size="10.560">们</text>
                <text font="JQUZDQ+SimSun" bbox="431.525,603.520,442.085,614.080" colourspace="ICCBased" ncolour="[0]" size="10.560">未</text>
                <text font="JQUZDQ+SimSun" bbox="442.085,603.520,452.645,614.080" colourspace="ICCBased" ncolour="[0]" size="10.560">达</text>
                <text font="JQUZDQ+SimSun" bbox="452.404,603.520,462.964,614.080" colourspace="ICCBased" ncolour="[0]" size="10.560">成</text>
                <text font="JQUZDQ+SimSun" bbox="462.964,603.520,473.524,614.080" colourspace="ICCBased" ncolour="[0]" size="10.560">协</text>
                <text font="JQUZDQ+SimSun" bbox="473.524,603.520,484.084,614.080" colourspace="ICCBased" ncolour="[0]" size="10.560">议</text>
                <text font="JQUZDQ+SimSun" bbox="484.084,603.520,494.644,614.080" colourspace="ICCBased" ncolour="[0]" size="10.560">的</text>
                <text font="JQUZDQ+SimSun" bbox="494.644,603.520,505.204,614.080" colourspace="ICCBased" ncolour="[0]" size="10.560">，</text>
                <text font="JQUZDQ+SimSun" bbox="504.967,603.520,515.527,614.080" colourspace="ICCBased" ncolour="[0]" size="10.560">我</text>
                <text font="JQUZDQ+SimSun" bbox="515.527,603.520,526.087,614.080" colourspace="ICCBased" ncolour="[0]" size="10.560">们</text>
                <text font="JQUZDQ+SimSun" bbox="526.087,603.520,536.647,614.080" colourspace="ICCBased" ncolour="[0]" size="10.560">有</text>
                <text font="JQUZDQ+SimSun" bbox="536.647,603.520,547.207,614.080" colourspace="ICCBased" ncolour="[0]" size="10.560">权</text>
                <text>
                </text>
            </textline>
            <textline bbox="210.491,587.923,547.211,598.483">
                <text font="JQUZDQ+SimSun" bbox="210.491,587.923,221.051,598.483" colourspace="ICCBased" ncolour="[0]" size="10.560">解</text>
                <text font="JQUZDQ+SimSun" bbox="221.051,587.923,231.611,598.483" colourspace="ICCBased" ncolour="[0]" size="10.560">除</text>
                <text font="JQUZDQ+SimSun" bbox="231.611,587.923,242.171,598.483" colourspace="ICCBased" ncolour="[0]" size="10.560">合</text>
                <text font="JQUZDQ+SimSun" bbox="242.171,587.923,252.731,598.483" colourspace="ICCBased" ncolour="[0]" size="10.560">同</text>
                <text font="JQUZDQ+SimSun" bbox="252.731,587.923,263.291,598.483" colourspace="ICCBased" ncolour="[0]" size="10.560">。</text>
                <text font="JQUZDQ+SimSun" bbox="263.291,587.923,273.851,598.483" colourspace="ICCBased" ncolour="[0]" size="10.560">我</text>
                <text font="JQUZDQ+SimSun" bbox="273.851,587.923,284.411,598.483" colourspace="ICCBased" ncolour="[0]" size="10.560">们</text>
                <text font="JQUZDQ+SimSun" bbox="284.171,587.923,294.731,598.483" colourspace="ICCBased" ncolour="[0]" size="10.560">解</text>
                <text font="JQUZDQ+SimSun" bbox="294.731,587.923,305.291,598.483" colourspace="ICCBased" ncolour="[0]" size="10.560">除</text>
                <text font="JQUZDQ+SimSun" bbox="305.291,587.923,315.851,598.483" colourspace="ICCBased" ncolour="[0]" size="10.560">合</text>
                <text font="JQUZDQ+SimSun" bbox="315.851,587.923,326.411,598.483" colourspace="ICCBased" ncolour="[0]" size="10.560">同</text>
                <text font="JQUZDQ+SimSun" bbox="326.411,587.923,336.971,598.483" colourspace="ICCBased" ncolour="[0]" size="10.560">的</text>
                <text font="JQUZDQ+SimSun" bbox="336.971,587.923,347.531,598.483" colourspace="ICCBased" ncolour="[0]" size="10.560">，</text>
                <text font="JQUZDQ+SimSun" bbox="347.290,587.923,357.850,598.483" colourspace="ICCBased" ncolour="[0]" size="10.560">向</text>
                <text font="JQUZDQ+SimSun" bbox="357.850,587.923,368.410,598.483" colourspace="ICCBased" ncolour="[0]" size="10.560">您</text>
                <text font="JQUZDQ+SimSun" bbox="368.410,587.923,378.970,598.483" colourspace="ICCBased" ncolour="[0]" size="10.560">退</text>
                <text font="JQUZDQ+SimSun" bbox="378.970,587.923,389.530,598.483" colourspace="ICCBased" ncolour="[0]" size="10.560">还</text>
                <text font="JQUZDQ+SimSun" bbox="389.530,587.923,400.090,598.483" colourspace="ICCBased" ncolour="[0]" size="10.560">合</text>
                <text font="JQUZDQ+SimSun" bbox="399.850,587.923,410.410,598.483" colourspace="ICCBased" ncolour="[0]" size="10.560">同</text>
                <text font="JQUZDQ+SimSun" bbox="410.410,587.923,420.970,598.483" colourspace="ICCBased" ncolour="[0]" size="10.560">效</text>
                <text font="JQUZDQ+SimSun" bbox="420.970,587.923,431.530,598.483" colourspace="ICCBased" ncolour="[0]" size="10.560">力</text>
                <text font="JQUZDQ+SimSun" bbox="431.530,587.923,442.090,598.483" colourspace="ICCBased" ncolour="[0]" size="10.560">中</text>
                <text font="JQUZDQ+SimSun" bbox="442.090,587.923,452.650,598.483" colourspace="ICCBased" ncolour="[0]" size="10.560">止</text>
                <text font="JQUZDQ+SimSun" bbox="452.411,587.923,462.971,598.483" colourspace="ICCBased" ncolour="[0]" size="10.560">时</text>
                <text font="JQUZDQ+SimSun" bbox="462.971,587.923,473.531,598.483" colourspace="ICCBased" ncolour="[0]" size="10.560">本</text>
                <text font="JQUZDQ+SimSun" bbox="473.531,587.923,484.091,598.483" colourspace="ICCBased" ncolour="[0]" size="10.560">附</text>
                <text font="JQUZDQ+SimSun" bbox="484.091,587.923,494.651,598.483" colourspace="ICCBased" ncolour="[0]" size="10.560">加</text>
                <text font="JQUZDQ+SimSun" bbox="494.651,587.923,505.211,598.483" colourspace="ICCBased" ncolour="[0]" size="10.560">险</text>
                <text font="JQUZDQ+SimSun" bbox="505.211,587.923,515.771,598.483" colourspace="ICCBased" ncolour="[0]" size="10.560">合</text>
                <text font="JQUZDQ+SimSun" bbox="515.771,587.923,526.331,598.483" colourspace="ICCBased" ncolour="[0]" size="10.560">同</text>
                <text font="JQUZDQ+SimSun" bbox="526.091,587.923,536.651,598.483" colourspace="ICCBased" ncolour="[0]" size="10.560">的</text>
                <text font="JQUZDQ+SimSun" bbox="536.651,587.923,547.211,598.483" colourspace="ICCBased" ncolour="[0]" size="10.560">现</text>
                <text>
                </text>
            </textline>
            <textline bbox="210.491,572.326,257.768,582.886">
                <text font="JQUZDQ+SimSun" bbox="210.491,572.326,221.051,582.886" colourspace="ICCBased" ncolour="[0]" size="10.560">金</text>
                <text font="JQUZDQ+SimSun" bbox="221.051,572.326,231.611,582.886" colourspace="ICCBased" ncolour="[0]" size="10.560">价</text>
                <text font="JQUZDQ+SimSun" bbox="231.611,572.326,242.171,582.886" colourspace="ICCBased" ncolour="[0]" size="10.560">值</text>
                <text font="JQUZDQ+SimSun" bbox="242.171,572.326,252.731,582.886" colourspace="ICCBased" ncolour="[0]" size="10.560">。</text>
                <text font="JTTPDQ+SimSun" bbox="252.488,572.326,257.768,582.886" colourspace="ICCBased" ncolour="[0]" size="10.560"> </text>
                <text>
                </text>
            </textline>
            <textline bbox="210.491,556.729,215.771,567.289">
                <text font="JTTPDQ+SimSun" bbox="210.491,556.729,215.771,567.289" colourspace="ICCBased" ncolour="[0]" size="10.560"> </text>
                <text>
                </text>
            </textline>
        </textbox>
        <textbox id="20" bbox="210.480,381.752,547.206,512.069">
            <textline bbox="210.480,501.509,215.760,512.069">
                <text font="JTTPDQ+SimSun" bbox="210.480,501.509,215.760,512.069" colourspace="ICCBased" ncolour="[0]" size="10.560"> </text>
                <text>
                </text>
            </textline>
            <textline bbox="210.480,488.309,478.081,498.869">
                <text font="JQUZDQ+SimSun" bbox="210.480,488.309,221.040,498.869" colourspace="ICCBased" ncolour="[0]" size="10.560">除</text>
                <text font="JQUZDQ+SimSun" bbox="221.040,488.309,231.600,498.869" colourspace="ICCBased" ncolour="[0]" size="10.560">另</text>
                <text font="JQUZDQ+SimSun" bbox="231.600,488.309,242.160,498.869" colourspace="ICCBased" ncolour="[0]" size="10.560">有</text>
                <text font="JQUZDQ+SimSun" bbox="242.160,488.309,252.720,498.869" colourspace="ICCBased" ncolour="[0]" size="10.560">指</text>
                <text font="JQUZDQ+SimSun" bbox="252.720,488.309,263.280,498.869" colourspace="ICCBased" ncolour="[0]" size="10.560">定</text>
                <text font="JQUZDQ+SimSun" bbox="263.040,488.309,273.600,498.869" colourspace="ICCBased" ncolour="[0]" size="10.560">外</text>
                <text font="JQUZDQ+SimSun" bbox="273.600,488.309,284.160,498.869" colourspace="ICCBased" ncolour="[0]" size="10.560">，</text>
                <text font="JQUZDQ+SimSun" bbox="284.160,488.309,294.720,498.869" colourspace="ICCBased" ncolour="[0]" size="10.560">重</text>
                <text font="JQUZDQ+SimSun" bbox="294.720,488.309,305.280,498.869" colourspace="ICCBased" ncolour="[0]" size="10.560">大</text>
                <text font="JQUZDQ+SimSun" bbox="305.040,488.309,315.600,498.869" colourspace="ICCBased" ncolour="[0]" size="10.560">疾</text>
                <text font="JQUZDQ+SimSun" bbox="315.600,488.309,326.160,498.869" colourspace="ICCBased" ncolour="[0]" size="10.560">病</text>
                <text font="JQUZDQ+SimSun" bbox="326.160,488.309,336.720,498.869" colourspace="ICCBased" ncolour="[0]" size="10.560">保</text>
                <text font="JQUZDQ+SimSun" bbox="336.720,488.309,347.280,498.869" colourspace="ICCBased" ncolour="[0]" size="10.560">险</text>
                <text font="JQUZDQ+SimSun" bbox="347.040,488.309,357.600,498.869" colourspace="ICCBased" ncolour="[0]" size="10.560">金</text>
                <text font="JQUZDQ+SimSun" bbox="357.600,488.309,368.160,498.869" colourspace="ICCBased" ncolour="[0]" size="10.560">受</text>
                <text font="JQUZDQ+SimSun" bbox="368.160,488.309,378.720,498.869" colourspace="ICCBased" ncolour="[0]" size="10.560">益</text>
                <text font="JQUZDQ+SimSun" bbox="378.720,488.309,389.280,498.869" colourspace="ICCBased" ncolour="[0]" size="10.560">人</text>
                <text font="JQUZDQ+SimSun" bbox="389.039,488.309,399.599,498.869" colourspace="ICCBased" ncolour="[0]" size="10.560">为</text>
                <text font="JQUZDQ+SimSun" bbox="399.599,488.309,410.159,498.869" colourspace="ICCBased" ncolour="[0]" size="10.560">被</text>
                <text font="JQUZDQ+SimSun" bbox="410.159,488.309,420.719,498.869" colourspace="ICCBased" ncolour="[0]" size="10.560">保</text>
                <text font="JQUZDQ+SimSun" bbox="420.719,488.309,431.279,498.869" colourspace="ICCBased" ncolour="[0]" size="10.560">险</text>
                <text font="JQUZDQ+SimSun" bbox="431.039,488.309,441.599,498.869" colourspace="ICCBased" ncolour="[0]" size="10.560">人</text>
                <text font="JQUZDQ+SimSun" bbox="441.599,488.309,452.159,498.869" colourspace="ICCBased" ncolour="[0]" size="10.560">本</text>
                <text font="JQUZDQ+SimSun" bbox="451.920,488.309,462.480,498.869" colourspace="ICCBased" ncolour="[0]" size="10.560">人</text>
                <text font="JQUZDQ+SimSun" bbox="462.480,488.309,473.040,498.869" colourspace="ICCBased" ncolour="[0]" size="10.560">。</text>
                <text font="JTTPDQ+SimSun" bbox="472.801,488.309,478.081,498.869" colourspace="ICCBased" ncolour="[0]" size="10.560"> </text>
                <text>
                </text>
            </textline>
            <textline bbox="210.491,472.712,215.771,483.272">
                <text font="JTTPDQ+SimSun" bbox="210.491,472.712,215.771,483.272" colourspace="ICCBased" ncolour="[0]" size="10.560"> </text>
                <text>
                </text>
            </textline>
            <textline bbox="210.485,458.309,404.641,468.869">
                <text font="JQUZDQ+SimSun" bbox="210.485,458.309,221.045,468.869" colourspace="ICCBased" ncolour="[0]" size="10.560">在</text>
                <text font="JQUZDQ+SimSun" bbox="221.045,458.309,231.605,468.869" colourspace="ICCBased" ncolour="[0]" size="10.560">申</text>
                <text font="JQUZDQ+SimSun" bbox="231.605,458.309,242.165,468.869" colourspace="ICCBased" ncolour="[0]" size="10.560">请</text>
                <text font="JQUZDQ+SimSun" bbox="242.165,458.309,252.725,468.869" colourspace="ICCBased" ncolour="[0]" size="10.560">保</text>
                <text font="JQUZDQ+SimSun" bbox="252.725,458.309,263.285,468.869" colourspace="ICCBased" ncolour="[0]" size="10.560">险</text>
                <text font="JQUZDQ+SimSun" bbox="263.045,458.309,273.605,468.869" colourspace="ICCBased" ncolour="[0]" size="10.560">金</text>
                <text font="JQUZDQ+SimSun" bbox="273.605,458.309,284.165,468.869" colourspace="ICCBased" ncolour="[0]" size="10.560">时</text>
                <text font="JQUZDQ+SimSun" bbox="284.165,458.309,294.725,468.869" colourspace="ICCBased" ncolour="[0]" size="10.560">，</text>
                <text font="JQUZDQ+SimSun" bbox="294.725,458.309,305.285,468.869" colourspace="ICCBased" ncolour="[0]" size="10.560">请</text>
                <text font="JQUZDQ+SimSun" bbox="305.044,458.309,315.604,468.869" colourspace="ICCBased" ncolour="[0]" size="10.560">按</text>
                <text font="JQUZDQ+SimSun" bbox="315.604,458.309,326.164,468.869" colourspace="ICCBased" ncolour="[0]" size="10.560">照</text>
                <text font="JQUZDQ+SimSun" bbox="326.164,458.309,336.724,468.869" colourspace="ICCBased" ncolour="[0]" size="10.560">下</text>
                <text font="JQUZDQ+SimSun" bbox="336.724,458.309,347.284,468.869" colourspace="ICCBased" ncolour="[0]" size="10.560">列</text>
                <text font="JQUZDQ+SimSun" bbox="347.045,458.309,357.605,468.869" colourspace="ICCBased" ncolour="[0]" size="10.560">方</text>
                <text font="JQUZDQ+SimSun" bbox="357.605,458.309,368.165,468.869" colourspace="ICCBased" ncolour="[0]" size="10.560">式</text>
                <text font="JQUZDQ+SimSun" bbox="368.165,458.309,378.725,468.869" colourspace="ICCBased" ncolour="[0]" size="10.560">办</text>
                <text font="JQUZDQ+SimSun" bbox="378.725,458.309,389.285,468.869" colourspace="ICCBased" ncolour="[0]" size="10.560">理</text>
                <text font="JQUZDQ+SimSun" bbox="389.045,458.309,399.605,468.869" colourspace="ICCBased" ncolour="[0]" size="10.560">：</text>
                <text font="JTTPDQ+SimSun" bbox="399.361,458.309,404.641,468.869" colourspace="ICCBased" ncolour="[0]" size="10.560"> </text>
                <text>
                </text>
            </textline>
            <textline bbox="210.495,442.712,215.775,453.272">
                <text font="JTTPDQ+SimSun" bbox="210.495,442.712,215.775,453.272" colourspace="ICCBased" ncolour="[0]" size="10.560"> </text>
                <text>
                </text>
            </textline>
            <textline bbox="210.480,428.549,488.641,439.109">
                <text font="JQUZDQ+SimSun" bbox="210.480,428.549,221.040,439.109" colourspace="ICCBased" ncolour="[0]" size="10.560">由</text>
                <text font="JQUZDQ+SimSun" bbox="221.040,428.549,231.600,439.109" colourspace="ICCBased" ncolour="[0]" size="10.560">受</text>
                <text font="JQUZDQ+SimSun" bbox="231.600,428.549,242.160,439.109" colourspace="ICCBased" ncolour="[0]" size="10.560">益</text>
                <text font="JQUZDQ+SimSun" bbox="242.160,428.549,252.720,439.109" colourspace="ICCBased" ncolour="[0]" size="10.560">人</text>
                <text font="JQUZDQ+SimSun" bbox="252.720,428.549,263.280,439.109" colourspace="ICCBased" ncolour="[0]" size="10.560">填</text>
                <text font="JQUZDQ+SimSun" bbox="263.040,428.549,273.600,439.109" colourspace="ICCBased" ncolour="[0]" size="10.560">写</text>
                <text font="JQUZDQ+SimSun" bbox="273.600,428.549,284.160,439.109" colourspace="ICCBased" ncolour="[0]" size="10.560">保</text>
                <text font="JQUZDQ+SimSun" bbox="284.160,428.549,294.720,439.109" colourspace="ICCBased" ncolour="[0]" size="10.560">险</text>
                <text font="JQUZDQ+SimSun" bbox="294.720,428.549,305.280,439.109" colourspace="ICCBased" ncolour="[0]" size="10.560">金</text>
                <text font="JQUZDQ+SimSun" bbox="305.040,428.549,315.600,439.109" colourspace="ICCBased" ncolour="[0]" size="10.560">给</text>
                <text font="JQUZDQ+SimSun" bbox="315.600,428.549,326.160,439.109" colourspace="ICCBased" ncolour="[0]" size="10.560">付</text>
                <text font="JQUZDQ+SimSun" bbox="326.160,428.549,336.720,439.109" colourspace="ICCBased" ncolour="[0]" size="10.560">申</text>
                <text font="JQUZDQ+SimSun" bbox="336.720,428.549,347.280,439.109" colourspace="ICCBased" ncolour="[0]" size="10.560">请</text>
                <text font="JQUZDQ+SimSun" bbox="347.040,428.549,357.600,439.109" colourspace="ICCBased" ncolour="[0]" size="10.560">书</text>
                <text font="JQUZDQ+SimSun" bbox="357.600,428.549,368.160,439.109" colourspace="ICCBased" ncolour="[0]" size="10.560">，</text>
                <text font="JQUZDQ+SimSun" bbox="368.160,428.549,378.720,439.109" colourspace="ICCBased" ncolour="[0]" size="10.560">并</text>
                <text font="JQUZDQ+SimSun" bbox="378.720,428.549,389.280,439.109" colourspace="ICCBased" ncolour="[0]" size="10.560">提</text>
                <text font="JQUZDQ+SimSun" bbox="389.040,428.549,399.600,439.109" colourspace="ICCBased" ncolour="[0]" size="10.560">供</text>
                <text font="JQUZDQ+SimSun" bbox="399.600,428.549,410.160,439.109" colourspace="ICCBased" ncolour="[0]" size="10.560">下</text>
                <text font="JQUZDQ+SimSun" bbox="410.160,428.549,420.720,439.109" colourspace="ICCBased" ncolour="[0]" size="10.560">列</text>
                <text font="JQUZDQ+SimSun" bbox="420.720,428.549,431.280,439.109" colourspace="ICCBased" ncolour="[0]" size="10.560">证</text>
                <text font="JQUZDQ+SimSun" bbox="431.040,428.549,441.600,439.109" colourspace="ICCBased" ncolour="[0]" size="10.560">明</text>
                <text font="JQUZDQ+SimSun" bbox="441.600,428.549,452.160,439.109" colourspace="ICCBased" ncolour="[0]" size="10.560">和</text>
                <text font="JQUZDQ+SimSun" bbox="451.920,428.549,462.480,439.109" colourspace="ICCBased" ncolour="[0]" size="10.560">资</text>
                <text font="JQUZDQ+SimSun" bbox="462.480,428.549,473.040,439.109" colourspace="ICCBased" ncolour="[0]" size="10.560">料</text>
                <text font="JQUZDQ+SimSun" bbox="473.040,428.549,483.600,439.109" colourspace="ICCBased" ncolour="[0]" size="10.560">：</text>
                <text font="JTTPDQ+SimSun" bbox="483.361,428.549,488.641,439.109" colourspace="ICCBased" ncolour="[0]" size="10.560"> </text>
                <text>
                </text>
            </textline>
            <textline bbox="210.480,412.952,294.485,423.512">
                <text font="JQUZDQ+SimSun" bbox="210.480,412.952,221.040,423.512" colourspace="ICCBased" ncolour="[0]" size="10.560">（</text>
                <text font="JTTPDQ+SimSun" bbox="221.040,412.952,226.320,423.512" colourspace="ICCBased" ncolour="[0]" size="10.560">1</text>
                <text font="JQUZDQ+SimSun" bbox="226.320,412.952,236.880,423.512" colourspace="ICCBased" ncolour="[0]" size="10.560">）</text>
                <text font="JQUZDQ+SimSun" bbox="236.880,412.952,247.440,423.512" colourspace="ICCBased" ncolour="[0]" size="10.560">保</text>
                <text font="JQUZDQ+SimSun" bbox="247.440,412.952,258.000,423.512" colourspace="ICCBased" ncolour="[0]" size="10.560">险</text>
                <text font="JQUZDQ+SimSun" bbox="258.000,412.952,268.560,423.512" colourspace="ICCBased" ncolour="[0]" size="10.560">合</text>
                <text font="JQUZDQ+SimSun" bbox="268.320,412.952,278.880,423.512" colourspace="ICCBased" ncolour="[0]" size="10.560">同</text>
                <text font="JQUZDQ+SimSun" bbox="278.880,412.952,289.440,423.512" colourspace="ICCBased" ncolour="[0]" size="10.560">；</text>
                <text font="JTTPDQ+SimSun" bbox="289.205,412.952,294.485,423.512" colourspace="ICCBased" ncolour="[0]" size="10.560"> </text>
                <text>
                </text>
            </textline>
            <textline bbox="210.480,397.233,367.200,409.059">
                <text font="JQUZDQ+SimSun" bbox="210.480,397.355,221.040,407.915" colourspace="ICCBased" ncolour="[0]" size="10.560">（</text>
                <text font="JTTPDQ+SimSun" bbox="221.040,397.355,226.320,407.915" colourspace="ICCBased" ncolour="[0]" size="10.560">2</text>
                <text font="JQUZDQ+SimSun" bbox="226.320,397.349,236.880,407.909" colourspace="ICCBased" ncolour="[0]" size="10.560">）</text>
                <text font="JQUZDQ+SimSun" bbox="236.880,397.349,247.440,407.909" colourspace="ICCBased" ncolour="[0]" size="10.560">受</text>
                <text font="JQUZDQ+SimSun" bbox="247.440,397.349,258.000,407.909" colourspace="ICCBased" ncolour="[0]" size="10.560">益</text>
                <text font="JQUZDQ+SimSun" bbox="258.000,397.349,268.560,407.909" colourspace="ICCBased" ncolour="[0]" size="10.560">人</text>
                <text font="JQUZDQ+SimSun" bbox="268.320,397.349,278.880,407.909" colourspace="ICCBased" ncolour="[0]" size="10.560">的</text>
                <text font="JRNKDQ+SimHei" bbox="278.640,397.233,289.200,407.793" colourspace="ICCBased" ncolour="[0]" size="10.560">有</text>
                <text font="JRNKDQ+SimHei" bbox="289.200,397.233,299.760,407.793" colourspace="ICCBased" ncolour="[0]" size="10.560">效</text>
                <text font="JRNKDQ+SimHei" bbox="299.760,397.233,310.320,407.793" colourspace="ICCBased" ncolour="[0]" size="10.560">身</text>
                <text font="JRNKDQ+SimHei" bbox="310.320,397.233,320.880,407.793" colourspace="ICCBased" ncolour="[0]" size="10.560">份</text>
                <text font="JRNKDQ+SimHei" bbox="320.880,397.233,331.440,407.793" colourspace="ICCBased" ncolour="[0]" size="10.560">证</text>
                <text font="JRNKDQ+SimHei" bbox="331.440,397.233,342.000,407.793" colourspace="ICCBased" ncolour="[0]" size="10.560">件</text>
                <text> </text>
                <text font="TTLNNW+SimHei" bbox="345.120,403.539,347.880,409.059" colourspace="ICCBased" ncolour="[0]" size="5.520">1</text>
                <text font="TTLNNW+SimHei" bbox="348.239,403.539,350.999,409.059" colourspace="ICCBased" ncolour="[0]" size="5.520">1</text>
                <text font="JQUZDQ+SimSun" bbox="351.360,397.349,361.920,407.909" colourspace="ICCBased" ncolour="[0]" size="10.560">；</text>
                <text font="JTTPDQ+SimSun" bbox="361.920,397.349,367.200,407.909" colourspace="ICCBased" ncolour="[0]" size="10.560"> </text>
                <text>
                </text>
            </textline>
            <textline bbox="211.440,381.752,547.206,392.312">
                <text font="JQUZDQ+SimSun" bbox="211.440,381.752,222.000,392.312" colourspace="ICCBased" ncolour="[0]" size="10.560">（</text>
                <text font="JTTPDQ+SimSun" bbox="222.243,381.752,227.523,392.312" colourspace="ICCBased" ncolour="[0]" size="10.560">3</text>
                <text font="JQUZDQ+SimSun" bbox="227.523,381.752,238.083,392.312" colourspace="ICCBased" ncolour="[0]" size="10.560">）</text>
                <text font="JQUZDQ+SimSun" bbox="238.326,381.752,248.886,392.312" colourspace="ICCBased" ncolour="[0]" size="10.560">医</text>
                <text font="JQUZDQ+SimSun" bbox="248.886,381.752,259.446,392.312" colourspace="ICCBased" ncolour="[0]" size="10.560">院</text>
                <text font="JQUZDQ+SimSun" bbox="259.685,381.752,270.245,392.312" colourspace="ICCBased" ncolour="[0]" size="10.560">出</text>
                <text font="JQUZDQ+SimSun" bbox="270.245,381.752,280.805,392.312" colourspace="ICCBased" ncolour="[0]" size="10.560">具</text>
                <text font="JQUZDQ+SimSun" bbox="280.805,381.752,291.365,392.312" colourspace="ICCBased" ncolour="[0]" size="10.560">的</text>
                <text font="JQUZDQ+SimSun" bbox="291.605,381.752,302.165,392.312" colourspace="ICCBased" ncolour="[0]" size="10.560">附</text>
                <text font="JQUZDQ+SimSun" bbox="302.165,381.752,312.725,392.312" colourspace="ICCBased" ncolour="[0]" size="10.560">有</text>
                <text font="JQUZDQ+SimSun" bbox="312.966,381.752,323.526,392.312" colourspace="ICCBased" ncolour="[0]" size="10.560">病</text>
                <text font="JQUZDQ+SimSun" bbox="323.526,381.752,334.086,392.312" colourspace="ICCBased" ncolour="[0]" size="10.560">理</text>
                <text font="JQUZDQ+SimSun" bbox="334.086,381.752,344.646,392.312" colourspace="ICCBased" ncolour="[0]" size="10.560">显</text>
                <text font="JQUZDQ+SimSun" bbox="344.886,381.752,355.446,392.312" colourspace="ICCBased" ncolour="[0]" size="10.560">微</text>
                <text font="JQUZDQ+SimSun" bbox="355.446,381.752,366.006,392.312" colourspace="ICCBased" ncolour="[0]" size="10.560">镜</text>
                <text font="JQUZDQ+SimSun" bbox="366.245,381.752,376.805,392.312" colourspace="ICCBased" ncolour="[0]" size="10.560">检</text>
                <text font="JQUZDQ+SimSun" bbox="376.805,381.752,387.365,392.312" colourspace="ICCBased" ncolour="[0]" size="10.560">查</text>
                <text font="JQUZDQ+SimSun" bbox="387.365,381.752,397.925,392.312" colourspace="ICCBased" ncolour="[0]" size="10.560">、</text>
                <text font="JQUZDQ+SimSun" bbox="398.166,381.752,408.726,392.312" colourspace="ICCBased" ncolour="[0]" size="10.560">血</text>
                <text font="JQUZDQ+SimSun" bbox="408.726,381.752,419.286,392.312" colourspace="ICCBased" ncolour="[0]" size="10.560">液</text>
                <text font="JQUZDQ+SimSun" bbox="419.526,381.752,430.086,392.312" colourspace="ICCBased" ncolour="[0]" size="10.560">检</text>
                <text font="JQUZDQ+SimSun" bbox="430.086,381.752,440.646,392.312" colourspace="ICCBased" ncolour="[0]" size="10.560">验</text>
                <text font="JQUZDQ+SimSun" bbox="440.646,381.752,451.206,392.312" colourspace="ICCBased" ncolour="[0]" size="10.560">及</text>
                <text font="JQUZDQ+SimSun" bbox="451.206,381.752,461.766,392.312" colourspace="ICCBased" ncolour="[0]" size="10.560">其</text>
                <text font="JQUZDQ+SimSun" bbox="462.006,381.752,472.566,392.312" colourspace="ICCBased" ncolour="[0]" size="10.560">他</text>
                <text font="JQUZDQ+SimSun" bbox="472.566,381.752,483.126,392.312" colourspace="ICCBased" ncolour="[0]" size="10.560">科</text>
                <text font="JQUZDQ+SimSun" bbox="483.365,381.752,493.925,392.312" colourspace="ICCBased" ncolour="[0]" size="10.560">学</text>
                <text font="JQUZDQ+SimSun" bbox="493.925,381.752,504.485,392.312" colourspace="ICCBased" ncolour="[0]" size="10.560">方</text>
                <text font="JQUZDQ+SimSun" bbox="504.485,381.752,515.045,392.312" colourspace="ICCBased" ncolour="[0]" size="10.560">法</text>
                <text font="JQUZDQ+SimSun" bbox="515.286,381.752,525.846,392.312" colourspace="ICCBased" ncolour="[0]" size="10.560">检</text>
                <text font="JQUZDQ+SimSun" bbox="525.846,381.752,536.406,392.312" colourspace="ICCBased" ncolour="[0]" size="10.560">验</text>
                <text font="JQUZDQ+SimSun" bbox="536.646,381.752,547.206,392.312" colourspace="ICCBased" ncolour="[0]" size="10.560">报</text>
                <text>
                </text>
            </textline>
        </textbox>
        <textbox id="21" bbox="237.608,366.155,347.770,376.715">
            <textline bbox="237.608,366.155,347.770,376.715">
                <text font="JQUZDQ+SimSun" bbox="237.608,366.155,248.168,376.715" colourspace="ICCBased" ncolour="[0]" size="10.560">告</text>
                <text font="JQUZDQ+SimSun" bbox="248.168,366.155,258.728,376.715" colourspace="ICCBased" ncolour="[0]" size="10.560">的</text>
                <text font="JQUZDQ+SimSun" bbox="258.728,366.155,269.288,376.715" colourspace="ICCBased" ncolour="[0]" size="10.560">疾</text>
                <text font="JQUZDQ+SimSun" bbox="269.288,366.155,279.848,376.715" colourspace="ICCBased" ncolour="[0]" size="10.560">病</text>
                <text font="JQUZDQ+SimSun" bbox="279.848,366.155,290.408,376.715" colourspace="ICCBased" ncolour="[0]" size="10.560">诊</text>
                <text font="JQUZDQ+SimSun" bbox="290.168,366.155,300.728,376.715" colourspace="ICCBased" ncolour="[0]" size="10.560">断</text>
                <text font="JQUZDQ+SimSun" bbox="300.728,366.155,311.288,376.715" colourspace="ICCBased" ncolour="[0]" size="10.560">证</text>
                <text font="JQUZDQ+SimSun" bbox="311.288,366.155,321.848,376.715" colourspace="ICCBased" ncolour="[0]" size="10.560">明</text>
                <text font="JQUZDQ+SimSun" bbox="321.848,366.155,332.408,376.715" colourspace="ICCBased" ncolour="[0]" size="10.560">书</text>
                <text font="JQUZDQ+SimSun" bbox="332.167,366.155,342.727,376.715" colourspace="ICCBased" ncolour="[0]" size="10.560">；</text>
                <text font="JTTPDQ+SimSun" bbox="342.490,366.155,347.770,376.715" colourspace="ICCBased" ncolour="[0]" size="10.560"> </text>
                <text>
                </text>
            </textline>
        </textbox>
        <textbox id="22" bbox="210.477,117.995,547.201,361.117">
            <textline bbox="210.490,350.557,504.480,361.117">
                <text font="JQUZDQ+SimSun" bbox="210.490,350.557,221.050,361.117" colourspace="ICCBased" ncolour="[0]" size="10.560">（</text>
                <text font="JTTPDQ+SimSun" bbox="221.050,350.557,226.330,361.117" colourspace="ICCBased" ncolour="[0]" size="10.560">4</text>
                <text font="JQUZDQ+SimSun" bbox="226.330,350.557,236.890,361.117" colourspace="ICCBased" ncolour="[0]" size="10.560">）</text>
                <text font="JQUZDQ+SimSun" bbox="236.890,350.557,247.450,361.117" colourspace="ICCBased" ncolour="[0]" size="10.560">与</text>
                <text font="JQUZDQ+SimSun" bbox="247.450,350.557,258.010,361.117" colourspace="ICCBased" ncolour="[0]" size="10.560">确</text>
                <text font="JQUZDQ+SimSun" bbox="258.010,350.557,268.570,361.117" colourspace="ICCBased" ncolour="[0]" size="10.560">认</text>
                <text font="JQUZDQ+SimSun" bbox="268.327,350.557,278.887,361.117" colourspace="ICCBased" ncolour="[0]" size="10.560">保</text>
                <text font="JQUZDQ+SimSun" bbox="278.887,350.557,289.447,361.117" colourspace="ICCBased" ncolour="[0]" size="10.560">险</text>
                <text font="JQUZDQ+SimSun" bbox="289.447,350.557,300.007,361.117" colourspace="ICCBased" ncolour="[0]" size="10.560">事</text>
                <text font="JQUZDQ+SimSun" bbox="300.007,350.557,310.567,361.117" colourspace="ICCBased" ncolour="[0]" size="10.560">故</text>
                <text font="JQUZDQ+SimSun" bbox="310.324,350.557,320.884,361.117" colourspace="ICCBased" ncolour="[0]" size="10.560">的</text>
                <text font="JQUZDQ+SimSun" bbox="320.884,350.557,331.444,361.117" colourspace="ICCBased" ncolour="[0]" size="10.560">性</text>
                <text font="JQUZDQ+SimSun" bbox="331.444,350.557,342.004,361.117" colourspace="ICCBased" ncolour="[0]" size="10.560">质</text>
                <text font="JQUZDQ+SimSun" bbox="342.004,350.557,352.564,361.117" colourspace="ICCBased" ncolour="[0]" size="10.560">、</text>
                <text font="JQUZDQ+SimSun" bbox="352.324,350.557,362.884,361.117" colourspace="ICCBased" ncolour="[0]" size="10.560">原</text>
                <text font="JQUZDQ+SimSun" bbox="362.884,350.557,373.444,361.117" colourspace="ICCBased" ncolour="[0]" size="10.560">因</text>
                <text font="JQUZDQ+SimSun" bbox="373.444,350.557,384.004,361.117" colourspace="ICCBased" ncolour="[0]" size="10.560">等</text>
                <text font="JQUZDQ+SimSun" bbox="384.004,350.557,394.564,361.117" colourspace="ICCBased" ncolour="[0]" size="10.560">有</text>
                <text font="JQUZDQ+SimSun" bbox="394.323,350.557,404.883,361.117" colourspace="ICCBased" ncolour="[0]" size="10.560">关</text>
                <text font="JQUZDQ+SimSun" bbox="404.883,350.557,415.443,361.117" colourspace="ICCBased" ncolour="[0]" size="10.560">的</text>
                <text font="JQUZDQ+SimSun" bbox="415.443,350.557,426.003,361.117" colourspace="ICCBased" ncolour="[0]" size="10.560">其</text>
                <text font="JQUZDQ+SimSun" bbox="425.764,350.557,436.324,361.117" colourspace="ICCBased" ncolour="[0]" size="10.560">他</text>
                <text font="JQUZDQ+SimSun" bbox="436.324,350.557,446.884,361.117" colourspace="ICCBased" ncolour="[0]" size="10.560">证</text>
                <text font="JQUZDQ+SimSun" bbox="446.644,350.557,457.204,361.117" colourspace="ICCBased" ncolour="[0]" size="10.560">明</text>
                <text font="JQUZDQ+SimSun" bbox="457.204,350.557,467.764,361.117" colourspace="ICCBased" ncolour="[0]" size="10.560">和</text>
                <text font="JQUZDQ+SimSun" bbox="467.764,350.557,478.324,361.117" colourspace="ICCBased" ncolour="[0]" size="10.560">资</text>
                <text font="JQUZDQ+SimSun" bbox="478.324,350.557,488.884,361.117" colourspace="ICCBased" ncolour="[0]" size="10.560">料</text>
                <text font="JQUZDQ+SimSun" bbox="488.884,350.557,499.444,361.117" colourspace="ICCBased" ncolour="[0]" size="10.560">。</text>
                <text font="JTTPDQ+SimSun" bbox="499.200,350.557,504.480,361.117" colourspace="ICCBased" ncolour="[0]" size="10.560"> </text>
                <text>
                </text>
            </textline>
            <textline bbox="210.479,334.960,547.199,345.520">
                <text font="JQUZDQ+SimSun" bbox="210.479,334.960,221.039,345.520" colourspace="ICCBased" ncolour="[0]" size="10.560">以</text>
                <text font="JQUZDQ+SimSun" bbox="221.039,334.960,231.599,345.520" colourspace="ICCBased" ncolour="[0]" size="10.560">上</text>
                <text font="JQUZDQ+SimSun" bbox="231.599,334.960,242.159,345.520" colourspace="ICCBased" ncolour="[0]" size="10.560">证</text>
                <text font="JQUZDQ+SimSun" bbox="242.159,334.960,252.719,345.520" colourspace="ICCBased" ncolour="[0]" size="10.560">明</text>
                <text font="JQUZDQ+SimSun" bbox="252.719,334.960,263.279,345.520" colourspace="ICCBased" ncolour="[0]" size="10.560">和</text>
                <text font="JQUZDQ+SimSun" bbox="263.279,334.960,273.839,345.520" colourspace="ICCBased" ncolour="[0]" size="10.560">资</text>
                <text font="JQUZDQ+SimSun" bbox="273.839,334.960,284.399,345.520" colourspace="ICCBased" ncolour="[0]" size="10.560">料</text>
                <text font="JQUZDQ+SimSun" bbox="284.159,334.960,294.719,345.520" colourspace="ICCBased" ncolour="[0]" size="10.560">不</text>
                <text font="JQUZDQ+SimSun" bbox="294.719,334.960,305.279,345.520" colourspace="ICCBased" ncolour="[0]" size="10.560">完</text>
                <text font="JQUZDQ+SimSun" bbox="305.279,334.960,315.839,345.520" colourspace="ICCBased" ncolour="[0]" size="10.560">整</text>
                <text font="JQUZDQ+SimSun" bbox="315.839,334.960,326.399,345.520" colourspace="ICCBased" ncolour="[0]" size="10.560">的</text>
                <text font="JQUZDQ+SimSun" bbox="326.399,334.960,336.959,345.520" colourspace="ICCBased" ncolour="[0]" size="10.560">，</text>
                <text font="JQUZDQ+SimSun" bbox="336.959,334.960,347.519,345.520" colourspace="ICCBased" ncolour="[0]" size="10.560">我</text>
                <text font="JQUZDQ+SimSun" bbox="347.279,334.960,357.839,345.520" colourspace="ICCBased" ncolour="[0]" size="10.560">们</text>
                <text font="JQUZDQ+SimSun" bbox="357.839,334.960,368.399,345.520" colourspace="ICCBased" ncolour="[0]" size="10.560">将</text>
                <text font="JQUZDQ+SimSun" bbox="368.399,334.960,378.959,345.520" colourspace="ICCBased" ncolour="[0]" size="10.560">一</text>
                <text font="JQUZDQ+SimSun" bbox="378.959,334.960,389.519,345.520" colourspace="ICCBased" ncolour="[0]" size="10.560">次</text>
                <text font="JQUZDQ+SimSun" bbox="389.519,334.960,400.079,345.520" colourspace="ICCBased" ncolour="[0]" size="10.560">性</text>
                <text font="JQUZDQ+SimSun" bbox="399.839,334.960,410.399,345.520" colourspace="ICCBased" ncolour="[0]" size="10.560">通</text>
                <text font="JQUZDQ+SimSun" bbox="410.399,334.960,420.959,345.520" colourspace="ICCBased" ncolour="[0]" size="10.560">知</text>
                <text font="JQUZDQ+SimSun" bbox="420.959,334.960,431.519,345.520" colourspace="ICCBased" ncolour="[0]" size="10.560">受</text>
                <text font="JQUZDQ+SimSun" bbox="431.519,334.960,442.079,345.520" colourspace="ICCBased" ncolour="[0]" size="10.560">益</text>
                <text font="JQUZDQ+SimSun" bbox="442.079,334.960,452.639,345.520" colourspace="ICCBased" ncolour="[0]" size="10.560">人</text>
                <text font="JQUZDQ+SimSun" bbox="452.399,334.960,462.959,345.520" colourspace="ICCBased" ncolour="[0]" size="10.560">补</text>
                <text font="JQUZDQ+SimSun" bbox="462.959,334.960,473.519,345.520" colourspace="ICCBased" ncolour="[0]" size="10.560">充</text>
                <text font="JQUZDQ+SimSun" bbox="473.519,334.960,484.079,345.520" colourspace="ICCBased" ncolour="[0]" size="10.560">提</text>
                <text font="JQUZDQ+SimSun" bbox="484.079,334.960,494.639,345.520" colourspace="ICCBased" ncolour="[0]" size="10.560">供</text>
                <text font="JQUZDQ+SimSun" bbox="494.639,334.960,505.199,345.520" colourspace="ICCBased" ncolour="[0]" size="10.560">有</text>
                <text font="JQUZDQ+SimSun" bbox="505.199,334.960,515.759,345.520" colourspace="ICCBased" ncolour="[0]" size="10.560">关</text>
                <text font="JQUZDQ+SimSun" bbox="515.759,334.960,526.319,345.520" colourspace="ICCBased" ncolour="[0]" size="10.560">证</text>
                <text font="JQUZDQ+SimSun" bbox="526.079,334.960,536.639,345.520" colourspace="ICCBased" ncolour="[0]" size="10.560">明</text>
                <text font="JQUZDQ+SimSun" bbox="536.639,334.960,547.199,345.520" colourspace="ICCBased" ncolour="[0]" size="10.560">和</text>
                <text>
                </text>
            </textline>
            <textline bbox="210.479,319.363,247.196,329.923">
                <text font="JQUZDQ+SimSun" bbox="210.479,319.363,221.039,329.923" colourspace="ICCBased" ncolour="[0]" size="10.560">资</text>
                <text font="JQUZDQ+SimSun" bbox="221.039,319.363,231.599,329.923" colourspace="ICCBased" ncolour="[0]" size="10.560">料</text>
                <text font="JQUZDQ+SimSun" bbox="231.599,319.363,242.159,329.923" colourspace="ICCBased" ncolour="[0]" size="10.560">。</text>
                <text font="JTTPDQ+SimSun" bbox="241.916,319.363,247.196,329.923" colourspace="ICCBased" ncolour="[0]" size="10.560"> </text>
                <text>
                </text>
            </textline>
            <textline bbox="210.490,303.766,215.770,314.326">
                <text font="JTTPDQ+SimSun" bbox="210.490,303.766,215.770,314.326" colourspace="ICCBased" ncolour="[0]" size="10.560"> </text>
                <text>
                </text>
            </textline>
            <textline bbox="210.477,289.589,547.196,300.149">
                <text font="JQUZDQ+SimSun" bbox="210.477,289.589,221.037,300.149" colourspace="ICCBased" ncolour="[0]" size="10.560">我</text>
                <text font="JQUZDQ+SimSun" bbox="221.037,289.589,231.597,300.149" colourspace="ICCBased" ncolour="[0]" size="10.560">们</text>
                <text font="JQUZDQ+SimSun" bbox="231.597,289.589,242.157,300.149" colourspace="ICCBased" ncolour="[0]" size="10.560">在</text>
                <text font="JQUZDQ+SimSun" bbox="242.157,289.589,252.717,300.149" colourspace="ICCBased" ncolour="[0]" size="10.560">收</text>
                <text font="JQUZDQ+SimSun" bbox="252.717,289.589,263.277,300.149" colourspace="ICCBased" ncolour="[0]" size="10.560">到</text>
                <text font="JQUZDQ+SimSun" bbox="263.037,289.589,273.597,300.149" colourspace="ICCBased" ncolour="[0]" size="10.560">保</text>
                <text font="JQUZDQ+SimSun" bbox="273.597,289.589,284.157,300.149" colourspace="ICCBased" ncolour="[0]" size="10.560">险</text>
                <text font="JQUZDQ+SimSun" bbox="284.157,289.589,294.717,300.149" colourspace="ICCBased" ncolour="[0]" size="10.560">金</text>
                <text font="JQUZDQ+SimSun" bbox="294.717,289.589,305.277,300.149" colourspace="ICCBased" ncolour="[0]" size="10.560">给</text>
                <text font="JQUZDQ+SimSun" bbox="305.037,289.589,315.597,300.149" colourspace="ICCBased" ncolour="[0]" size="10.560">付</text>
                <text font="JQUZDQ+SimSun" bbox="315.597,289.589,326.157,300.149" colourspace="ICCBased" ncolour="[0]" size="10.560">申</text>
                <text font="JQUZDQ+SimSun" bbox="326.157,289.589,336.717,300.149" colourspace="ICCBased" ncolour="[0]" size="10.560">请</text>
                <text font="JQUZDQ+SimSun" bbox="336.717,289.589,347.277,300.149" colourspace="ICCBased" ncolour="[0]" size="10.560">书</text>
                <text font="JQUZDQ+SimSun" bbox="347.037,289.589,357.597,300.149" colourspace="ICCBased" ncolour="[0]" size="10.560">及</text>
                <text font="JQUZDQ+SimSun" bbox="357.597,289.589,368.157,300.149" colourspace="ICCBased" ncolour="[0]" size="10.560">上</text>
                <text font="JQUZDQ+SimSun" bbox="368.157,289.589,378.717,300.149" colourspace="ICCBased" ncolour="[0]" size="10.560">述</text>
                <text font="JQUZDQ+SimSun" bbox="378.717,289.589,389.277,300.149" colourspace="ICCBased" ncolour="[0]" size="10.560">有</text>
                <text font="JQUZDQ+SimSun" bbox="389.037,289.589,399.597,300.149" colourspace="ICCBased" ncolour="[0]" size="10.560">关</text>
                <text font="JQUZDQ+SimSun" bbox="399.597,289.589,410.157,300.149" colourspace="ICCBased" ncolour="[0]" size="10.560">证</text>
                <text font="JQUZDQ+SimSun" bbox="410.157,289.589,420.717,300.149" colourspace="ICCBased" ncolour="[0]" size="10.560">明</text>
                <text font="JQUZDQ+SimSun" bbox="420.717,289.589,431.277,300.149" colourspace="ICCBased" ncolour="[0]" size="10.560">和</text>
                <text font="JQUZDQ+SimSun" bbox="431.038,289.589,441.598,300.149" colourspace="ICCBased" ncolour="[0]" size="10.560">资</text>
                <text font="JQUZDQ+SimSun" bbox="441.598,289.589,452.158,300.149" colourspace="ICCBased" ncolour="[0]" size="10.560">料</text>
                <text font="JQUZDQ+SimSun" bbox="451.917,289.589,462.477,300.149" colourspace="ICCBased" ncolour="[0]" size="10.560">后</text>
                <text font="JQUZDQ+SimSun" bbox="462.477,289.589,473.037,300.149" colourspace="ICCBased" ncolour="[0]" size="10.560">，</text>
                <text font="JQUZDQ+SimSun" bbox="473.037,289.589,483.597,300.149" colourspace="ICCBased" ncolour="[0]" size="10.560">将</text>
                <text font="JQUZDQ+SimSun" bbox="483.597,289.589,494.157,300.149" colourspace="ICCBased" ncolour="[0]" size="10.560">在</text>
                <text> </text>
                <text font="JTTPDQ+SimSun" bbox="497.033,289.589,502.313,300.149" colourspace="ICCBased" ncolour="[0]" size="10.560">5</text>
                <text> </text>
                <text font="JQUZDQ+SimSun" bbox="505.196,289.589,515.756,300.149" colourspace="ICCBased" ncolour="[0]" size="10.560">日</text>
                <text font="JQUZDQ+SimSun" bbox="515.516,289.589,526.076,300.149" colourspace="ICCBased" ncolour="[0]" size="10.560">内</text>
                <text font="JQUZDQ+SimSun" bbox="526.076,289.589,536.636,300.149" colourspace="ICCBased" ncolour="[0]" size="10.560">作</text>
                <text font="JQUZDQ+SimSun" bbox="536.636,289.589,547.196,300.149" colourspace="ICCBased" ncolour="[0]" size="10.560">出</text>
                <text>
                </text>
            </textline>
            <textline bbox="210.477,273.992,409.924,284.552">
                <text font="JQUZDQ+SimSun" bbox="210.477,273.992,221.037,284.552" colourspace="ICCBased" ncolour="[0]" size="10.560">核</text>
                <text font="JQUZDQ+SimSun" bbox="221.037,273.992,231.597,284.552" colourspace="ICCBased" ncolour="[0]" size="10.560">定</text>
                <text font="JQUZDQ+SimSun" bbox="231.597,273.992,242.157,284.552" colourspace="ICCBased" ncolour="[0]" size="10.560">；</text>
                <text font="JQUZDQ+SimSun" bbox="242.157,273.992,252.717,284.552" colourspace="ICCBased" ncolour="[0]" size="10.560">情</text>
                <text font="JQUZDQ+SimSun" bbox="252.717,273.992,263.277,284.552" colourspace="ICCBased" ncolour="[0]" size="10.560">形</text>
                <text font="JQUZDQ+SimSun" bbox="263.037,273.992,273.597,284.552" colourspace="ICCBased" ncolour="[0]" size="10.560">复</text>
                <text font="JQUZDQ+SimSun" bbox="273.597,273.992,284.157,284.552" colourspace="ICCBased" ncolour="[0]" size="10.560">杂</text>
                <text font="JQUZDQ+SimSun" bbox="284.157,273.992,294.717,284.552" colourspace="ICCBased" ncolour="[0]" size="10.560">的</text>
                <text font="JQUZDQ+SimSun" bbox="294.717,273.992,305.277,284.552" colourspace="ICCBased" ncolour="[0]" size="10.560">，</text>
                <text font="JQUZDQ+SimSun" bbox="305.037,273.992,315.597,284.552" colourspace="ICCBased" ncolour="[0]" size="10.560">在</text>
                <text> </text>
                <text font="JTTPDQ+SimSun" bbox="318.242,273.992,323.522,284.552" colourspace="ICCBased" ncolour="[0]" size="10.560">3</text>
                <text font="JTTPDQ+SimSun" bbox="323.522,273.992,328.802,284.552" colourspace="ICCBased" ncolour="[0]" size="10.560">0</text>
                <text> </text>
                <text font="JQUZDQ+SimSun" bbox="331.442,273.992,342.002,284.552" colourspace="ICCBased" ncolour="[0]" size="10.560">日</text>
                <text font="JQUZDQ+SimSun" bbox="342.002,273.992,352.562,284.552" colourspace="ICCBased" ncolour="[0]" size="10.560">内</text>
                <text font="JQUZDQ+SimSun" bbox="352.322,273.992,362.882,284.552" colourspace="ICCBased" ncolour="[0]" size="10.560">作</text>
                <text font="JQUZDQ+SimSun" bbox="362.882,273.992,373.442,284.552" colourspace="ICCBased" ncolour="[0]" size="10.560">出</text>
                <text font="JQUZDQ+SimSun" bbox="373.442,273.992,384.002,284.552" colourspace="ICCBased" ncolour="[0]" size="10.560">核</text>
                <text font="JQUZDQ+SimSun" bbox="384.002,273.992,394.562,284.552" colourspace="ICCBased" ncolour="[0]" size="10.560">定</text>
                <text font="JQUZDQ+SimSun" bbox="394.322,273.992,404.882,284.552" colourspace="ICCBased" ncolour="[0]" size="10.560">。</text>
                <text font="JTTPDQ+SimSun" bbox="404.644,273.992,409.924,284.552" colourspace="ICCBased" ncolour="[0]" size="10.560"> </text>
                <text>
                </text>
            </textline>
            <textline bbox="210.488,258.395,547.201,268.955">
                <text font="JQUZDQ+SimSun" bbox="210.488,258.395,221.048,268.955" colourspace="ICCBased" ncolour="[0]" size="10.560">对</text>
                <text font="JQUZDQ+SimSun" bbox="221.048,258.395,231.608,268.955" colourspace="ICCBased" ncolour="[0]" size="10.560">属</text>
                <text font="JQUZDQ+SimSun" bbox="231.608,258.395,242.168,268.955" colourspace="ICCBased" ncolour="[0]" size="10.560">于</text>
                <text font="JQUZDQ+SimSun" bbox="242.168,258.395,252.728,268.955" colourspace="ICCBased" ncolour="[0]" size="10.560">保</text>
                <text font="JQUZDQ+SimSun" bbox="252.728,258.395,263.288,268.955" colourspace="ICCBased" ncolour="[0]" size="10.560">险</text>
                <text font="JQUZDQ+SimSun" bbox="263.048,258.395,273.608,268.955" colourspace="ICCBased" ncolour="[0]" size="10.560">责</text>
                <text font="JQUZDQ+SimSun" bbox="273.608,258.395,284.168,268.955" colourspace="ICCBased" ncolour="[0]" size="10.560">任</text>
                <text font="JQUZDQ+SimSun" bbox="284.168,258.395,294.728,268.955" colourspace="ICCBased" ncolour="[0]" size="10.560">的</text>
                <text font="JQUZDQ+SimSun" bbox="294.728,258.395,305.288,268.955" colourspace="ICCBased" ncolour="[0]" size="10.560">，</text>
                <text font="JQUZDQ+SimSun" bbox="302.888,258.395,313.448,268.955" colourspace="ICCBased" ncolour="[0]" size="10.560">我</text>
                <text font="JQUZDQ+SimSun" bbox="313.208,258.395,323.768,268.955" colourspace="ICCBased" ncolour="[0]" size="10.560">们</text>
                <text font="JQUZDQ+SimSun" bbox="323.768,258.395,334.328,268.955" colourspace="ICCBased" ncolour="[0]" size="10.560">在</text>
                <text font="JQUZDQ+SimSun" bbox="334.328,258.395,344.888,268.955" colourspace="ICCBased" ncolour="[0]" size="10.560">与</text>
                <text font="JQUZDQ+SimSun" bbox="344.888,258.395,355.448,268.955" colourspace="ICCBased" ncolour="[0]" size="10.560">受</text>
                <text font="JQUZDQ+SimSun" bbox="355.207,258.395,365.767,268.955" colourspace="ICCBased" ncolour="[0]" size="10.560">益</text>
                <text font="JQUZDQ+SimSun" bbox="365.767,258.395,376.327,268.955" colourspace="ICCBased" ncolour="[0]" size="10.560">人</text>
                <text font="JQUZDQ+SimSun" bbox="376.327,258.395,386.887,268.955" colourspace="ICCBased" ncolour="[0]" size="10.560">达</text>
                <text font="JQUZDQ+SimSun" bbox="386.647,258.395,397.207,268.955" colourspace="ICCBased" ncolour="[0]" size="10.560">成</text>
                <text font="JQUZDQ+SimSun" bbox="397.207,258.395,407.767,268.955" colourspace="ICCBased" ncolour="[0]" size="10.560">给</text>
                <text font="JQUZDQ+SimSun" bbox="407.767,258.395,418.327,268.955" colourspace="ICCBased" ncolour="[0]" size="10.560">付</text>
                <text font="JQUZDQ+SimSun" bbox="418.327,258.395,428.887,268.955" colourspace="ICCBased" ncolour="[0]" size="10.560">保</text>
                <text font="JQUZDQ+SimSun" bbox="428.648,258.395,439.208,268.955" colourspace="ICCBased" ncolour="[0]" size="10.560">险</text>
                <text font="JQUZDQ+SimSun" bbox="439.208,258.395,449.768,268.955" colourspace="ICCBased" ncolour="[0]" size="10.560">金</text>
                <text font="JQUZDQ+SimSun" bbox="449.528,258.395,460.088,268.955" colourspace="ICCBased" ncolour="[0]" size="10.560">的</text>
                <text font="JQUZDQ+SimSun" bbox="460.088,258.395,470.648,268.955" colourspace="ICCBased" ncolour="[0]" size="10.560">协</text>
                <text font="JQUZDQ+SimSun" bbox="470.648,258.395,481.208,268.955" colourspace="ICCBased" ncolour="[0]" size="10.560">议</text>
                <text font="JQUZDQ+SimSun" bbox="481.208,258.395,491.768,268.955" colourspace="ICCBased" ncolour="[0]" size="10.560">后</text>
                <text> </text>
                <text font="JTTPDQ+SimSun" bbox="494.404,258.395,499.684,268.955" colourspace="ICCBased" ncolour="[0]" size="10.560">1</text>
                <text font="JTTPDQ+SimSun" bbox="499.684,258.395,504.964,268.955" colourspace="ICCBased" ncolour="[0]" size="10.560">0</text>
                <text> </text>
                <text font="JQUZDQ+SimSun" bbox="507.361,258.395,517.921,268.955" colourspace="ICCBased" ncolour="[0]" size="10.560">日</text>
                <text font="JQUZDQ+SimSun" bbox="517.921,258.395,528.481,268.955" colourspace="ICCBased" ncolour="[0]" size="10.560">内</text>
                <text font="JQUZDQ+SimSun" bbox="528.481,258.395,539.041,268.955" colourspace="ICCBased" ncolour="[0]" size="10.560">，</text>
                <text font="JQUZDQ+SimSun" bbox="536.641,258.395,547.201,268.955" colourspace="ICCBased" ncolour="[0]" size="10.560">履</text>
                <text>
                </text>
            </textline>
            <textline bbox="210.477,242.797,547.198,253.357">
                <text font="JQUZDQ+SimSun" bbox="210.477,242.797,221.037,253.357" colourspace="ICCBased" ncolour="[0]" size="10.560">行</text>
                <text font="JQUZDQ+SimSun" bbox="221.037,242.797,231.597,253.357" colourspace="ICCBased" ncolour="[0]" size="10.560">给</text>
                <text font="JQUZDQ+SimSun" bbox="231.597,242.797,242.157,253.357" colourspace="ICCBased" ncolour="[0]" size="10.560">付</text>
                <text font="JQUZDQ+SimSun" bbox="242.157,242.797,252.717,253.357" colourspace="ICCBased" ncolour="[0]" size="10.560">保</text>
                <text font="JQUZDQ+SimSun" bbox="252.717,242.797,263.277,253.357" colourspace="ICCBased" ncolour="[0]" size="10.560">险</text>
                <text font="JQUZDQ+SimSun" bbox="263.277,242.797,273.837,253.357" colourspace="ICCBased" ncolour="[0]" size="10.560">金</text>
                <text font="JQUZDQ+SimSun" bbox="273.837,242.797,284.397,253.357" colourspace="ICCBased" ncolour="[0]" size="10.560">义</text>
                <text font="JQUZDQ+SimSun" bbox="284.157,242.797,294.717,253.357" colourspace="ICCBased" ncolour="[0]" size="10.560">务</text>
                <text font="JQUZDQ+SimSun" bbox="294.717,242.797,305.277,253.357" colourspace="ICCBased" ncolour="[0]" size="10.560">；</text>
                <text font="JQUZDQ+SimSun" bbox="305.277,242.797,315.837,253.357" colourspace="ICCBased" ncolour="[0]" size="10.560">若</text>
                <text font="JQUZDQ+SimSun" bbox="315.837,242.797,326.397,253.357" colourspace="ICCBased" ncolour="[0]" size="10.560">我</text>
                <text font="JQUZDQ+SimSun" bbox="326.397,242.797,336.957,253.357" colourspace="ICCBased" ncolour="[0]" size="10.560">们</text>
                <text font="JQUZDQ+SimSun" bbox="336.957,242.797,347.517,253.357" colourspace="ICCBased" ncolour="[0]" size="10.560">在</text>
                <text font="JQUZDQ+SimSun" bbox="347.277,242.797,357.837,253.357" colourspace="ICCBased" ncolour="[0]" size="10.560">收</text>
                <text font="JQUZDQ+SimSun" bbox="357.837,242.797,368.397,253.357" colourspace="ICCBased" ncolour="[0]" size="10.560">到</text>
                <text font="JQUZDQ+SimSun" bbox="368.397,242.797,378.957,253.357" colourspace="ICCBased" ncolour="[0]" size="10.560">保</text>
                <text font="JQUZDQ+SimSun" bbox="378.957,242.797,389.517,253.357" colourspace="ICCBased" ncolour="[0]" size="10.560">险</text>
                <text font="JQUZDQ+SimSun" bbox="389.517,242.797,400.077,253.357" colourspace="ICCBased" ncolour="[0]" size="10.560">金</text>
                <text font="JQUZDQ+SimSun" bbox="399.837,242.797,410.397,253.357" colourspace="ICCBased" ncolour="[0]" size="10.560">给</text>
                <text font="JQUZDQ+SimSun" bbox="410.397,242.797,420.957,253.357" colourspace="ICCBased" ncolour="[0]" size="10.560">付</text>
                <text font="JQUZDQ+SimSun" bbox="420.957,242.797,431.517,253.357" colourspace="ICCBased" ncolour="[0]" size="10.560">申</text>
                <text font="JQUZDQ+SimSun" bbox="431.517,242.797,442.077,253.357" colourspace="ICCBased" ncolour="[0]" size="10.560">请</text>
                <text font="JQUZDQ+SimSun" bbox="442.077,242.797,452.637,253.357" colourspace="ICCBased" ncolour="[0]" size="10.560">书</text>
                <text font="JQUZDQ+SimSun" bbox="452.397,242.797,462.957,253.357" colourspace="ICCBased" ncolour="[0]" size="10.560">及</text>
                <text font="JQUZDQ+SimSun" bbox="462.957,242.797,473.517,253.357" colourspace="ICCBased" ncolour="[0]" size="10.560">上</text>
                <text font="JQUZDQ+SimSun" bbox="473.517,242.797,484.077,253.357" colourspace="ICCBased" ncolour="[0]" size="10.560">述</text>
                <text font="JQUZDQ+SimSun" bbox="484.077,242.797,494.637,253.357" colourspace="ICCBased" ncolour="[0]" size="10.560">有</text>
                <text font="JQUZDQ+SimSun" bbox="494.637,242.797,505.197,253.357" colourspace="ICCBased" ncolour="[0]" size="10.560">关</text>
                <text font="JQUZDQ+SimSun" bbox="505.197,242.797,515.757,253.357" colourspace="ICCBased" ncolour="[0]" size="10.560">证</text>
                <text font="JQUZDQ+SimSun" bbox="515.757,242.797,526.317,253.357" colourspace="ICCBased" ncolour="[0]" size="10.560">明</text>
                <text font="JQUZDQ+SimSun" bbox="526.078,242.797,536.638,253.357" colourspace="ICCBased" ncolour="[0]" size="10.560">和</text>
                <text font="JQUZDQ+SimSun" bbox="536.638,242.797,547.198,253.357" colourspace="ICCBased" ncolour="[0]" size="10.560">资</text>
                <text>
                </text>
            </textline>
            <textline bbox="210.477,227.200,547.193,237.760">
                <text font="JQUZDQ+SimSun" bbox="210.477,227.200,221.037,237.760" colourspace="ICCBased" ncolour="[0]" size="10.560">料</text>
                <text font="JQUZDQ+SimSun" bbox="221.037,227.200,231.597,237.760" colourspace="ICCBased" ncolour="[0]" size="10.560">后</text>
                <text font="JQUZDQ+SimSun" bbox="231.597,227.200,242.157,237.760" colourspace="ICCBased" ncolour="[0]" size="10.560">第</text>
                <text> </text>
                <text font="JTTPDQ+SimSun" bbox="244.797,227.200,250.077,237.760" colourspace="ICCBased" ncolour="[0]" size="10.560">3</text>
                <text font="JTTPDQ+SimSun" bbox="250.077,227.200,255.357,237.760" colourspace="ICCBased" ncolour="[0]" size="10.560">0</text>
                <text> </text>
                <text font="JQUZDQ+SimSun" bbox="257.997,227.200,268.557,237.760" colourspace="ICCBased" ncolour="[0]" size="10.560">日</text>
                <text font="JQUZDQ+SimSun" bbox="268.557,227.200,279.117,237.760" colourspace="ICCBased" ncolour="[0]" size="10.560">仍</text>
                <text font="JQUZDQ+SimSun" bbox="279.117,227.200,289.677,237.760" colourspace="ICCBased" ncolour="[0]" size="10.560">未</text>
                <text font="JQUZDQ+SimSun" bbox="289.677,227.200,300.237,237.760" colourspace="ICCBased" ncolour="[0]" size="10.560">作</text>
                <text font="JQUZDQ+SimSun" bbox="300.237,227.200,310.797,237.760" colourspace="ICCBased" ncolour="[0]" size="10.560">出</text>
                <text font="JQUZDQ+SimSun" bbox="310.557,227.200,321.117,237.760" colourspace="ICCBased" ncolour="[0]" size="10.560">核</text>
                <text font="JQUZDQ+SimSun" bbox="321.117,227.200,331.677,237.760" colourspace="ICCBased" ncolour="[0]" size="10.560">定</text>
                <text font="JQUZDQ+SimSun" bbox="331.677,227.200,342.237,237.760" colourspace="ICCBased" ncolour="[0]" size="10.560">，</text>
                <text font="JQUZDQ+SimSun" bbox="342.237,227.200,352.797,237.760" colourspace="ICCBased" ncolour="[0]" size="10.560">除</text>
                <text font="JQUZDQ+SimSun" bbox="352.557,227.200,363.117,237.760" colourspace="ICCBased" ncolour="[0]" size="10.560">支</text>
                <text font="JQUZDQ+SimSun" bbox="363.117,227.200,373.677,237.760" colourspace="ICCBased" ncolour="[0]" size="10.560">付</text>
                <text font="JQUZDQ+SimSun" bbox="373.677,227.200,384.237,237.760" colourspace="ICCBased" ncolour="[0]" size="10.560">保</text>
                <text font="JQUZDQ+SimSun" bbox="384.237,227.200,394.797,237.760" colourspace="ICCBased" ncolour="[0]" size="10.560">险</text>
                <text font="JQUZDQ+SimSun" bbox="394.557,227.200,405.117,237.760" colourspace="ICCBased" ncolour="[0]" size="10.560">金</text>
                <text font="JQUZDQ+SimSun" bbox="405.117,227.200,415.677,237.760" colourspace="ICCBased" ncolour="[0]" size="10.560">外</text>
                <text font="JQUZDQ+SimSun" bbox="415.677,227.200,426.237,237.760" colourspace="ICCBased" ncolour="[0]" size="10.560">，</text>
                <text font="JQUZDQ+SimSun" bbox="426.237,227.200,436.797,237.760" colourspace="ICCBased" ncolour="[0]" size="10.560">我</text>
                <text font="JQUZDQ+SimSun" bbox="436.557,227.200,447.117,237.760" colourspace="ICCBased" ncolour="[0]" size="10.560">们</text>
                <text font="JQUZDQ+SimSun" bbox="446.878,227.200,457.438,237.760" colourspace="ICCBased" ncolour="[0]" size="10.560">将</text>
                <text font="JQUZDQ+SimSun" bbox="457.438,227.200,467.998,237.760" colourspace="ICCBased" ncolour="[0]" size="10.560">从</text>
                <text font="JQUZDQ+SimSun" bbox="467.998,227.200,478.558,237.760" colourspace="ICCBased" ncolour="[0]" size="10.560">第</text>
                <text> </text>
                <text font="JTTPDQ+SimSun" bbox="481.193,227.200,486.473,237.760" colourspace="ICCBased" ncolour="[0]" size="10.560">3</text>
                <text font="JTTPDQ+SimSun" bbox="486.473,227.200,491.753,237.760" colourspace="ICCBased" ncolour="[0]" size="10.560">1</text>
                <text> </text>
                <text font="JQUZDQ+SimSun" bbox="494.393,227.200,504.953,237.760" colourspace="ICCBased" ncolour="[0]" size="10.560">日</text>
                <text font="JQUZDQ+SimSun" bbox="504.953,227.200,515.513,237.760" colourspace="ICCBased" ncolour="[0]" size="10.560">起</text>
                <text font="JQUZDQ+SimSun" bbox="515.513,227.200,526.073,237.760" colourspace="ICCBased" ncolour="[0]" size="10.560">按</text>
                <text font="JQUZDQ+SimSun" bbox="526.073,227.200,536.633,237.760" colourspace="ICCBased" ncolour="[0]" size="10.560">超</text>
                <text font="JQUZDQ+SimSun" bbox="536.633,227.200,547.193,237.760" colourspace="ICCBased" ncolour="[0]" size="10.560">过</text>
                <text>
                </text>
            </textline>
            <textline bbox="210.477,211.603,547.198,222.163">
                <text font="JQUZDQ+SimSun" bbox="210.477,211.603,221.037,222.163" colourspace="ICCBased" ncolour="[0]" size="10.560">天</text>
                <text font="JQUZDQ+SimSun" bbox="221.037,211.603,231.597,222.163" colourspace="ICCBased" ncolour="[0]" size="10.560">数</text>
                <text font="JQUZDQ+SimSun" bbox="231.597,211.603,242.157,222.163" colourspace="ICCBased" ncolour="[0]" size="10.560">赔</text>
                <text font="JQUZDQ+SimSun" bbox="242.157,211.603,252.717,222.163" colourspace="ICCBased" ncolour="[0]" size="10.560">偿</text>
                <text font="JQUZDQ+SimSun" bbox="252.717,211.603,263.277,222.163" colourspace="ICCBased" ncolour="[0]" size="10.560">受</text>
                <text font="JQUZDQ+SimSun" bbox="263.277,211.603,273.837,222.163" colourspace="ICCBased" ncolour="[0]" size="10.560">益</text>
                <text font="JQUZDQ+SimSun" bbox="273.837,211.603,284.397,222.163" colourspace="ICCBased" ncolour="[0]" size="10.560">人</text>
                <text font="JQUZDQ+SimSun" bbox="284.157,211.603,294.717,222.163" colourspace="ICCBased" ncolour="[0]" size="10.560">因</text>
                <text font="JQUZDQ+SimSun" bbox="294.717,211.603,305.277,222.163" colourspace="ICCBased" ncolour="[0]" size="10.560">此</text>
                <text font="JQUZDQ+SimSun" bbox="305.277,211.603,315.837,222.163" colourspace="ICCBased" ncolour="[0]" size="10.560">受</text>
                <text font="JQUZDQ+SimSun" bbox="315.837,211.603,326.397,222.163" colourspace="ICCBased" ncolour="[0]" size="10.560">到</text>
                <text font="JQUZDQ+SimSun" bbox="326.397,211.603,336.957,222.163" colourspace="ICCBased" ncolour="[0]" size="10.560">的</text>
                <text font="JQUZDQ+SimSun" bbox="336.957,211.603,347.517,222.163" colourspace="ICCBased" ncolour="[0]" size="10.560">利</text>
                <text font="JQUZDQ+SimSun" bbox="347.277,211.603,357.837,222.163" colourspace="ICCBased" ncolour="[0]" size="10.560">息</text>
                <text font="JQUZDQ+SimSun" bbox="357.837,211.603,368.397,222.163" colourspace="ICCBased" ncolour="[0]" size="10.560">损</text>
                <text font="JQUZDQ+SimSun" bbox="368.397,211.603,378.957,222.163" colourspace="ICCBased" ncolour="[0]" size="10.560">失</text>
                <text font="JQUZDQ+SimSun" bbox="378.957,211.603,389.517,222.163" colourspace="ICCBased" ncolour="[0]" size="10.560">。</text>
                <text font="JQUZDQ+SimSun" bbox="389.517,211.603,400.077,222.163" colourspace="ICCBased" ncolour="[0]" size="10.560">利</text>
                <text font="JQUZDQ+SimSun" bbox="399.837,211.603,410.397,222.163" colourspace="ICCBased" ncolour="[0]" size="10.560">息</text>
                <text font="JQUZDQ+SimSun" bbox="410.397,211.603,420.957,222.163" colourspace="ICCBased" ncolour="[0]" size="10.560">按</text>
                <text font="JQUZDQ+SimSun" bbox="420.957,211.603,431.517,222.163" colourspace="ICCBased" ncolour="[0]" size="10.560">照</text>
                <text font="JQUZDQ+SimSun" bbox="431.517,211.603,442.077,222.163" colourspace="ICCBased" ncolour="[0]" size="10.560">我</text>
                <text font="JQUZDQ+SimSun" bbox="442.077,211.603,452.637,222.163" colourspace="ICCBased" ncolour="[0]" size="10.560">们</text>
                <text font="JQUZDQ+SimSun" bbox="452.397,211.603,462.957,222.163" colourspace="ICCBased" ncolour="[0]" size="10.560">公</text>
                <text font="JQUZDQ+SimSun" bbox="462.957,211.603,473.517,222.163" colourspace="ICCBased" ncolour="[0]" size="10.560">示</text>
                <text font="JQUZDQ+SimSun" bbox="473.517,211.603,484.077,222.163" colourspace="ICCBased" ncolour="[0]" size="10.560">的</text>
                <text font="JQUZDQ+SimSun" bbox="484.077,211.603,494.637,222.163" colourspace="ICCBased" ncolour="[0]" size="10.560">利</text>
                <text font="JQUZDQ+SimSun" bbox="494.637,211.603,505.197,222.163" colourspace="ICCBased" ncolour="[0]" size="10.560">率</text>
                <text font="JQUZDQ+SimSun" bbox="505.197,211.603,515.757,222.163" colourspace="ICCBased" ncolour="[0]" size="10.560">按</text>
                <text font="JQUZDQ+SimSun" bbox="515.757,211.603,526.317,222.163" colourspace="ICCBased" ncolour="[0]" size="10.560">单</text>
                <text font="JQUZDQ+SimSun" bbox="526.078,211.603,536.638,222.163" colourspace="ICCBased" ncolour="[0]" size="10.560">利</text>
                <text font="JQUZDQ+SimSun" bbox="536.638,211.603,547.198,222.163" colourspace="ICCBased" ncolour="[0]" size="10.560">计</text>
                <text>
                </text>
            </textline>
            <textline bbox="210.477,196.006,547.198,206.566">
                <text font="JQUZDQ+SimSun" bbox="210.477,196.006,221.037,206.566" colourspace="ICCBased" ncolour="[0]" size="10.560">算</text>
                <text font="JQUZDQ+SimSun" bbox="221.037,196.006,231.597,206.566" colourspace="ICCBased" ncolour="[0]" size="10.560">，</text>
                <text font="JQUZDQ+SimSun" bbox="231.597,196.006,242.157,206.566" colourspace="ICCBased" ncolour="[0]" size="10.560">且</text>
                <text font="JQUZDQ+SimSun" bbox="242.157,196.006,252.717,206.566" colourspace="ICCBased" ncolour="[0]" size="10.560">保</text>
                <text font="JQUZDQ+SimSun" bbox="252.717,196.006,263.277,206.566" colourspace="ICCBased" ncolour="[0]" size="10.560">证</text>
                <text font="JQUZDQ+SimSun" bbox="263.277,196.006,273.837,206.566" colourspace="ICCBased" ncolour="[0]" size="10.560">该</text>
                <text font="JQUZDQ+SimSun" bbox="273.837,196.006,284.397,206.566" colourspace="ICCBased" ncolour="[0]" size="10.560">利</text>
                <text font="JQUZDQ+SimSun" bbox="284.157,196.006,294.717,206.566" colourspace="ICCBased" ncolour="[0]" size="10.560">率</text>
                <text font="JQUZDQ+SimSun" bbox="294.717,196.006,305.277,206.566" colourspace="ICCBased" ncolour="[0]" size="10.560">不</text>
                <text font="JQUZDQ+SimSun" bbox="305.277,196.006,315.837,206.566" colourspace="ICCBased" ncolour="[0]" size="10.560">低</text>
                <text font="JQUZDQ+SimSun" bbox="315.837,196.006,326.397,206.566" colourspace="ICCBased" ncolour="[0]" size="10.560">于</text>
                <text font="JQUZDQ+SimSun" bbox="326.397,196.006,336.957,206.566" colourspace="ICCBased" ncolour="[0]" size="10.560">中</text>
                <text font="JQUZDQ+SimSun" bbox="336.957,196.006,347.517,206.566" colourspace="ICCBased" ncolour="[0]" size="10.560">国</text>
                <text font="JQUZDQ+SimSun" bbox="347.277,196.006,357.837,206.566" colourspace="ICCBased" ncolour="[0]" size="10.560">人</text>
                <text font="JQUZDQ+SimSun" bbox="357.837,196.006,368.397,206.566" colourspace="ICCBased" ncolour="[0]" size="10.560">民</text>
                <text font="JQUZDQ+SimSun" bbox="368.397,196.006,378.957,206.566" colourspace="ICCBased" ncolour="[0]" size="10.560">银</text>
                <text font="JQUZDQ+SimSun" bbox="378.957,196.006,389.517,206.566" colourspace="ICCBased" ncolour="[0]" size="10.560">行</text>
                <text font="JQUZDQ+SimSun" bbox="389.517,196.006,400.077,206.566" colourspace="ICCBased" ncolour="[0]" size="10.560">公</text>
                <text font="JQUZDQ+SimSun" bbox="399.837,196.006,410.397,206.566" colourspace="ICCBased" ncolour="[0]" size="10.560">布</text>
                <text font="JQUZDQ+SimSun" bbox="410.397,196.006,420.957,206.566" colourspace="ICCBased" ncolour="[0]" size="10.560">的</text>
                <text font="JQUZDQ+SimSun" bbox="420.957,196.006,431.517,206.566" colourspace="ICCBased" ncolour="[0]" size="10.560">同</text>
                <text font="JQUZDQ+SimSun" bbox="431.517,196.006,442.077,206.566" colourspace="ICCBased" ncolour="[0]" size="10.560">期</text>
                <text font="JQUZDQ+SimSun" bbox="442.077,196.006,452.637,206.566" colourspace="ICCBased" ncolour="[0]" size="10.560">金</text>
                <text font="JQUZDQ+SimSun" bbox="452.397,196.006,462.957,206.566" colourspace="ICCBased" ncolour="[0]" size="10.560">融</text>
                <text font="JQUZDQ+SimSun" bbox="462.957,196.006,473.517,206.566" colourspace="ICCBased" ncolour="[0]" size="10.560">机</text>
                <text font="JQUZDQ+SimSun" bbox="473.517,196.006,484.077,206.566" colourspace="ICCBased" ncolour="[0]" size="10.560">构</text>
                <text font="JQUZDQ+SimSun" bbox="484.077,196.006,494.637,206.566" colourspace="ICCBased" ncolour="[0]" size="10.560">人</text>
                <text font="JQUZDQ+SimSun" bbox="494.637,196.006,505.197,206.566" colourspace="ICCBased" ncolour="[0]" size="10.560">民</text>
                <text font="JQUZDQ+SimSun" bbox="505.197,196.006,515.757,206.566" colourspace="ICCBased" ncolour="[0]" size="10.560">币</text>
                <text font="JQUZDQ+SimSun" bbox="515.757,196.006,526.317,206.566" colourspace="ICCBased" ncolour="[0]" size="10.560">活</text>
                <text font="JQUZDQ+SimSun" bbox="526.078,196.006,536.638,206.566" colourspace="ICCBased" ncolour="[0]" size="10.560">期</text>
                <text font="JQUZDQ+SimSun" bbox="536.638,196.006,547.198,206.566" colourspace="ICCBased" ncolour="[0]" size="10.560">存</text>
                <text>
                </text>
            </textline>
            <textline bbox="210.477,180.409,547.198,190.969">
                <text font="JQUZDQ+SimSun" bbox="210.477,180.409,221.037,190.969" colourspace="ICCBased" ncolour="[0]" size="10.560">款</text>
                <text font="JQUZDQ+SimSun" bbox="221.037,180.409,231.597,190.969" colourspace="ICCBased" ncolour="[0]" size="10.560">基</text>
                <text font="JQUZDQ+SimSun" bbox="231.597,180.409,242.157,190.969" colourspace="ICCBased" ncolour="[0]" size="10.560">准</text>
                <text font="JQUZDQ+SimSun" bbox="242.157,180.409,252.717,190.969" colourspace="ICCBased" ncolour="[0]" size="10.560">利</text>
                <text font="JQUZDQ+SimSun" bbox="252.717,180.409,263.277,190.969" colourspace="ICCBased" ncolour="[0]" size="10.560">率</text>
                <text font="JQUZDQ+SimSun" bbox="263.277,180.409,273.837,190.969" colourspace="ICCBased" ncolour="[0]" size="10.560">。</text>
                <text font="JQUZDQ+SimSun" bbox="273.837,180.409,284.397,190.969" colourspace="ICCBased" ncolour="[0]" size="10.560">若</text>
                <text font="JQUZDQ+SimSun" bbox="284.157,180.409,294.717,190.969" colourspace="ICCBased" ncolour="[0]" size="10.560">我</text>
                <text font="JQUZDQ+SimSun" bbox="294.717,180.409,305.277,190.969" colourspace="ICCBased" ncolour="[0]" size="10.560">们</text>
                <text font="JQUZDQ+SimSun" bbox="305.277,180.409,315.837,190.969" colourspace="ICCBased" ncolour="[0]" size="10.560">要</text>
                <text font="JQUZDQ+SimSun" bbox="315.837,180.409,326.397,190.969" colourspace="ICCBased" ncolour="[0]" size="10.560">求</text>
                <text font="JQUZDQ+SimSun" bbox="326.397,180.409,336.957,190.969" colourspace="ICCBased" ncolour="[0]" size="10.560">投</text>
                <text font="JQUZDQ+SimSun" bbox="336.957,180.409,347.517,190.969" colourspace="ICCBased" ncolour="[0]" size="10.560">保</text>
                <text font="JQUZDQ+SimSun" bbox="347.277,180.409,357.837,190.969" colourspace="ICCBased" ncolour="[0]" size="10.560">人</text>
                <text font="JQUZDQ+SimSun" bbox="357.837,180.409,368.397,190.969" colourspace="ICCBased" ncolour="[0]" size="10.560">、</text>
                <text font="JQUZDQ+SimSun" bbox="368.397,180.409,378.957,190.969" colourspace="ICCBased" ncolour="[0]" size="10.560">被</text>
                <text font="JQUZDQ+SimSun" bbox="378.957,180.409,389.517,190.969" colourspace="ICCBased" ncolour="[0]" size="10.560">保</text>
                <text font="JQUZDQ+SimSun" bbox="389.517,180.409,400.077,190.969" colourspace="ICCBased" ncolour="[0]" size="10.560">险</text>
                <text font="JQUZDQ+SimSun" bbox="399.837,180.409,410.397,190.969" colourspace="ICCBased" ncolour="[0]" size="10.560">人</text>
                <text font="JQUZDQ+SimSun" bbox="410.397,180.409,420.957,190.969" colourspace="ICCBased" ncolour="[0]" size="10.560">或</text>
                <text font="JQUZDQ+SimSun" bbox="420.957,180.409,431.517,190.969" colourspace="ICCBased" ncolour="[0]" size="10.560">者</text>
                <text font="JQUZDQ+SimSun" bbox="431.517,180.409,442.077,190.969" colourspace="ICCBased" ncolour="[0]" size="10.560">受</text>
                <text font="JQUZDQ+SimSun" bbox="442.077,180.409,452.637,190.969" colourspace="ICCBased" ncolour="[0]" size="10.560">益</text>
                <text font="JQUZDQ+SimSun" bbox="452.397,180.409,462.957,190.969" colourspace="ICCBased" ncolour="[0]" size="10.560">人</text>
                <text font="JQUZDQ+SimSun" bbox="462.957,180.409,473.517,190.969" colourspace="ICCBased" ncolour="[0]" size="10.560">补</text>
                <text font="JQUZDQ+SimSun" bbox="473.517,180.409,484.077,190.969" colourspace="ICCBased" ncolour="[0]" size="10.560">充</text>
                <text font="JQUZDQ+SimSun" bbox="484.077,180.409,494.637,190.969" colourspace="ICCBased" ncolour="[0]" size="10.560">提</text>
                <text font="JQUZDQ+SimSun" bbox="494.637,180.409,505.197,190.969" colourspace="ICCBased" ncolour="[0]" size="10.560">供</text>
                <text font="JQUZDQ+SimSun" bbox="505.197,180.409,515.757,190.969" colourspace="ICCBased" ncolour="[0]" size="10.560">有</text>
                <text font="JQUZDQ+SimSun" bbox="515.757,180.409,526.317,190.969" colourspace="ICCBased" ncolour="[0]" size="10.560">关</text>
                <text font="JQUZDQ+SimSun" bbox="526.078,180.409,536.638,190.969" colourspace="ICCBased" ncolour="[0]" size="10.560">证</text>
                <text font="JQUZDQ+SimSun" bbox="536.638,180.409,547.198,190.969" colourspace="ICCBased" ncolour="[0]" size="10.560">明</text>
                <text>
                </text>
            </textline>
            <textline bbox="210.477,163.356,522.615,175.372">
                <text font="JQUZDQ+SimSun" bbox="210.477,164.812,221.037,175.372" colourspace="ICCBased" ncolour="[0]" size="10.560">和</text>
                <text font="JQUZDQ+SimSun" bbox="221.037,164.812,231.597,175.372" colourspace="ICCBased" ncolour="[0]" size="10.560">资</text>
                <text font="JQUZDQ+SimSun" bbox="231.597,164.812,242.157,175.372" colourspace="ICCBased" ncolour="[0]" size="10.560">料</text>
                <text font="JQUZDQ+SimSun" bbox="242.157,164.812,252.717,175.372" colourspace="ICCBased" ncolour="[0]" size="10.560">的</text>
                <text font="JQUZDQ+SimSun" bbox="252.717,164.812,263.277,175.372" colourspace="ICCBased" ncolour="[0]" size="10.560">，</text>
                <text font="JQUZDQ+SimSun" bbox="263.037,164.812,273.597,175.372" colourspace="ICCBased" ncolour="[0]" size="10.560">则</text>
                <text font="JQUZDQ+SimSun" bbox="273.597,164.812,284.157,175.372" colourspace="ICCBased" ncolour="[0]" size="10.560">上</text>
                <text font="JQUZDQ+SimSun" bbox="284.157,164.812,294.717,175.372" colourspace="ICCBased" ncolour="[0]" size="10.560">述</text>
                <text font="JQUZDQ+SimSun" bbox="294.717,164.812,305.277,175.372" colourspace="ICCBased" ncolour="[0]" size="10.560">的</text>
                <text> </text>
                <text font="JTTPDQ+SimSun" bbox="307.682,164.812,312.962,175.372" colourspace="ICCBased" ncolour="[0]" size="10.560">3</text>
                <text font="JTTPDQ+SimSun" bbox="312.962,164.812,318.242,175.372" colourspace="ICCBased" ncolour="[0]" size="10.560">0</text>
                <text> </text>
                <text font="JQUZDQ+SimSun" bbox="320.882,164.812,331.442,175.372" colourspace="ICCBased" ncolour="[0]" size="10.560">日</text>
                <text font="JQUZDQ+SimSun" bbox="331.442,164.812,342.002,175.372" colourspace="ICCBased" ncolour="[0]" size="10.560">不</text>
                <text font="JQUZDQ+SimSun" bbox="342.002,164.812,352.562,175.372" colourspace="ICCBased" ncolour="[0]" size="10.560">包</text>
                <text font="JQUZDQ+SimSun" bbox="352.322,164.812,362.882,175.372" colourspace="ICCBased" ncolour="[0]" size="10.560">括</text>
                <text font="JQUZDQ+SimSun" bbox="362.882,164.812,373.442,175.372" colourspace="ICCBased" ncolour="[0]" size="10.560">补</text>
                <text font="JQUZDQ+SimSun" bbox="373.442,164.812,384.002,175.372" colourspace="ICCBased" ncolour="[0]" size="10.560">充</text>
                <text font="JQUZDQ+SimSun" bbox="384.002,164.812,394.562,175.372" colourspace="ICCBased" ncolour="[0]" size="10.560">提</text>
                <text font="JQUZDQ+SimSun" bbox="394.322,164.812,404.882,175.372" colourspace="ICCBased" ncolour="[0]" size="10.560">供</text>
                <text font="JQUZDQ+SimSun" bbox="404.882,164.812,415.442,175.372" colourspace="ICCBased" ncolour="[0]" size="10.560">有</text>
                <text font="JQUZDQ+SimSun" bbox="415.442,164.812,426.002,175.372" colourspace="ICCBased" ncolour="[0]" size="10.560">关</text>
                <text font="JQUZDQ+SimSun" bbox="425.762,164.812,436.322,175.372" colourspace="ICCBased" ncolour="[0]" size="10.560">证</text>
                <text font="JQUZDQ+SimSun" bbox="436.322,164.812,446.882,175.372" colourspace="ICCBased" ncolour="[0]" size="10.560">明</text>
                <text font="JQUZDQ+SimSun" bbox="446.642,164.812,457.202,175.372" colourspace="ICCBased" ncolour="[0]" size="10.560">和</text>
                <text font="JQUZDQ+SimSun" bbox="457.202,164.812,467.762,175.372" colourspace="ICCBased" ncolour="[0]" size="10.560">资</text>
                <text font="JQUZDQ+SimSun" bbox="467.762,164.812,478.322,175.372" colourspace="ICCBased" ncolour="[0]" size="10.560">料</text>
                <text font="JQUZDQ+SimSun" bbox="478.322,164.812,488.882,175.372" colourspace="ICCBased" ncolour="[0]" size="10.560">的</text>
                <text font="JQUZDQ+SimSun" bbox="488.882,164.812,499.442,175.372" colourspace="ICCBased" ncolour="[0]" size="10.560">期</text>
                <text font="JQUZDQ+SimSun" bbox="499.202,164.812,509.762,175.372" colourspace="ICCBased" ncolour="[0]" size="10.560">间</text>
                <text font="JQUZDQ+SimSun" bbox="509.762,164.812,520.322,175.372" colourspace="ICCBased" ncolour="[0]" size="10.560">。</text>
                <text font="ArialMT" bbox="520.080,163.356,522.615,172.476" colourspace="ICCBased" ncolour="[0]" size="9.120"> </text>
                <text>
                </text>
            </textline>
            <textline bbox="210.480,149.189,547.201,159.749">
                <text font="JQUZDQ+SimSun" bbox="210.480,149.189,221.040,159.749" colourspace="ICCBased" ncolour="[0]" size="10.560">对</text>
                <text font="JQUZDQ+SimSun" bbox="221.040,149.189,231.600,159.749" colourspace="ICCBased" ncolour="[0]" size="10.560">不</text>
                <text font="JQUZDQ+SimSun" bbox="231.600,149.189,242.160,159.749" colourspace="ICCBased" ncolour="[0]" size="10.560">属</text>
                <text font="JQUZDQ+SimSun" bbox="242.160,149.189,252.720,159.749" colourspace="ICCBased" ncolour="[0]" size="10.560">于</text>
                <text font="JQUZDQ+SimSun" bbox="252.720,149.189,263.280,159.749" colourspace="ICCBased" ncolour="[0]" size="10.560">保</text>
                <text font="JQUZDQ+SimSun" bbox="263.040,149.189,273.600,159.749" colourspace="ICCBased" ncolour="[0]" size="10.560">险</text>
                <text font="JQUZDQ+SimSun" bbox="273.600,149.189,284.160,159.749" colourspace="ICCBased" ncolour="[0]" size="10.560">责</text>
                <text font="JQUZDQ+SimSun" bbox="284.160,149.189,294.720,159.749" colourspace="ICCBased" ncolour="[0]" size="10.560">任</text>
                <text font="JQUZDQ+SimSun" bbox="294.720,149.189,305.280,159.749" colourspace="ICCBased" ncolour="[0]" size="10.560">的</text>
                <text font="JQUZDQ+SimSun" bbox="305.040,149.189,315.600,159.749" colourspace="ICCBased" ncolour="[0]" size="10.560">，</text>
                <text font="JQUZDQ+SimSun" bbox="315.600,149.189,326.160,159.749" colourspace="ICCBased" ncolour="[0]" size="10.560">我</text>
                <text font="JQUZDQ+SimSun" bbox="326.160,149.189,336.720,159.749" colourspace="ICCBased" ncolour="[0]" size="10.560">们</text>
                <text font="JQUZDQ+SimSun" bbox="336.720,149.189,347.280,159.749" colourspace="ICCBased" ncolour="[0]" size="10.560">自</text>
                <text font="JQUZDQ+SimSun" bbox="347.040,149.189,357.600,159.749" colourspace="ICCBased" ncolour="[0]" size="10.560">作</text>
                <text font="JQUZDQ+SimSun" bbox="357.600,149.189,368.160,159.749" colourspace="ICCBased" ncolour="[0]" size="10.560">出</text>
                <text font="JQUZDQ+SimSun" bbox="368.160,149.189,378.720,159.749" colourspace="ICCBased" ncolour="[0]" size="10.560">核</text>
                <text font="JQUZDQ+SimSun" bbox="378.720,149.189,389.280,159.749" colourspace="ICCBased" ncolour="[0]" size="10.560">定</text>
                <text font="JQUZDQ+SimSun" bbox="389.040,149.189,399.600,159.749" colourspace="ICCBased" ncolour="[0]" size="10.560">之</text>
                <text font="JQUZDQ+SimSun" bbox="399.600,149.189,410.160,159.749" colourspace="ICCBased" ncolour="[0]" size="10.560">日</text>
                <text font="JQUZDQ+SimSun" bbox="410.160,149.189,420.720,159.749" colourspace="ICCBased" ncolour="[0]" size="10.560">起</text>
                <text> </text>
                <text font="JTTPDQ+SimSun" bbox="423.602,149.189,428.882,159.749" colourspace="ICCBased" ncolour="[0]" size="10.560">3</text>
                <text> </text>
                <text font="JQUZDQ+SimSun" bbox="431.522,149.189,442.082,159.749" colourspace="ICCBased" ncolour="[0]" size="10.560">日</text>
                <text font="JQUZDQ+SimSun" bbox="442.082,149.189,452.642,159.749" colourspace="ICCBased" ncolour="[0]" size="10.560">内</text>
                <text font="JQUZDQ+SimSun" bbox="452.402,149.189,462.962,159.749" colourspace="ICCBased" ncolour="[0]" size="10.560">向</text>
                <text font="JQUZDQ+SimSun" bbox="462.962,149.189,473.522,159.749" colourspace="ICCBased" ncolour="[0]" size="10.560">受</text>
                <text font="JQUZDQ+SimSun" bbox="473.522,149.189,484.082,159.749" colourspace="ICCBased" ncolour="[0]" size="10.560">益</text>
                <text font="JQUZDQ+SimSun" bbox="484.082,149.189,494.642,159.749" colourspace="ICCBased" ncolour="[0]" size="10.560">人</text>
                <text font="JQUZDQ+SimSun" bbox="494.642,149.189,505.202,159.749" colourspace="ICCBased" ncolour="[0]" size="10.560">发</text>
                <text font="JQUZDQ+SimSun" bbox="504.961,149.189,515.521,159.749" colourspace="ICCBased" ncolour="[0]" size="10.560">出</text>
                <text font="JQUZDQ+SimSun" bbox="515.521,149.189,526.081,159.749" colourspace="ICCBased" ncolour="[0]" size="10.560">拒</text>
                <text font="JQUZDQ+SimSun" bbox="526.081,149.189,536.641,159.749" colourspace="ICCBased" ncolour="[0]" size="10.560">绝</text>
                <text font="JQUZDQ+SimSun" bbox="536.641,149.189,547.201,159.749" colourspace="ICCBased" ncolour="[0]" size="10.560">给</text>
                <text>
                </text>
            </textline>
            <textline bbox="210.480,133.592,352.322,144.152">
                <text font="JQUZDQ+SimSun" bbox="210.480,133.592,221.040,144.152" colourspace="ICCBased" ncolour="[0]" size="10.560">付</text>
                <text font="JQUZDQ+SimSun" bbox="221.040,133.592,231.600,144.152" colourspace="ICCBased" ncolour="[0]" size="10.560">保</text>
                <text font="JQUZDQ+SimSun" bbox="231.600,133.592,242.160,144.152" colourspace="ICCBased" ncolour="[0]" size="10.560">险</text>
                <text font="JQUZDQ+SimSun" bbox="242.160,133.592,252.720,144.152" colourspace="ICCBased" ncolour="[0]" size="10.560">金</text>
                <text font="JQUZDQ+SimSun" bbox="252.720,133.592,263.280,144.152" colourspace="ICCBased" ncolour="[0]" size="10.560">通</text>
                <text font="JQUZDQ+SimSun" bbox="263.040,133.592,273.600,144.152" colourspace="ICCBased" ncolour="[0]" size="10.560">知</text>
                <text font="JQUZDQ+SimSun" bbox="273.600,133.592,284.160,144.152" colourspace="ICCBased" ncolour="[0]" size="10.560">书</text>
                <text font="JQUZDQ+SimSun" bbox="284.160,133.592,294.720,144.152" colourspace="ICCBased" ncolour="[0]" size="10.560">并</text>
                <text font="JQUZDQ+SimSun" bbox="294.720,133.592,305.280,144.152" colourspace="ICCBased" ncolour="[0]" size="10.560">说</text>
                <text font="JQUZDQ+SimSun" bbox="305.040,133.592,315.600,144.152" colourspace="ICCBased" ncolour="[0]" size="10.560">明</text>
                <text font="JQUZDQ+SimSun" bbox="315.600,133.592,326.160,144.152" colourspace="ICCBased" ncolour="[0]" size="10.560">理</text>
                <text font="JQUZDQ+SimSun" bbox="326.160,133.592,336.720,144.152" colourspace="ICCBased" ncolour="[0]" size="10.560">由</text>
                <text font="JQUZDQ+SimSun" bbox="336.720,133.592,347.280,144.152" colourspace="ICCBased" ncolour="[0]" size="10.560">。</text>
                <text font="JTTPDQ+SimSun" bbox="347.042,133.592,352.322,144.152" colourspace="ICCBased" ncolour="[0]" size="10.560"> </text>
                <text>
                </text>
            </textline>
            <textline bbox="210.480,117.995,215.760,128.555">
                <text font="JTTPDQ+SimSun" bbox="210.480,117.995,215.760,128.555" colourspace="ICCBased" ncolour="[0]" size="10.560"> </text>
                <text>
                </text>
            </textline>
        </textbox>
        <textbox id="23" bbox="51.119,117.995,56.399,128.555">
            <textline bbox="51.119,117.995,56.399,128.555">
                <text font="JTTPDQ+SimSun" bbox="51.119,117.995,56.399,128.555" colourspace="ICCBased" ncolour="[0]" size="10.560"> </text>
                <text>
                </text>
            </textline>
        </textbox>
        <textbox id="24" bbox="97.435,117.995,102.715,128.555">
            <textline bbox="97.435,117.995,102.715,128.555">
                <text font="JTTPDQ+SimSun" bbox="97.435,117.995,102.715,128.555" colourspace="ICCBased" ncolour="[0]" size="10.560"> </text>
                <text>
                </text>
            </textline>
        </textbox>
        <textbox id="25" bbox="60.246,58.234,118.800,67.357">
            <textline bbox="60.246,58.234,118.800,67.357">
                <text font="EUYBLA+KaiTi_GB2312" bbox="60.246,58.237,69.366,67.357" colourspace="ICCBased" ncolour="[0]" size="9.120">营</text>
                <text font="EUYBLA+KaiTi_GB2312" bbox="69.366,58.237,78.486,67.357" colourspace="ICCBased" ncolour="[0]" size="9.120">业</text>
                <text font="EUYBLA+KaiTi_GB2312" bbox="78.249,58.237,87.369,67.357" colourspace="ICCBased" ncolour="[0]" size="9.120">执</text>
                <text font="EUYBLA+KaiTi_GB2312" bbox="87.369,58.237,96.489,67.357" colourspace="ICCBased" ncolour="[0]" size="9.120">照</text>
                <text font="EUYBLA+KaiTi_GB2312" bbox="96.252,58.237,105.372,67.357" colourspace="ICCBased" ncolour="[0]" size="9.120">等</text>
                <text font="EUYBLA+KaiTi_GB2312" bbox="105.362,58.237,114.482,67.357" colourspace="ICCBased" ncolour="[0]" size="9.120">。</text>
                <text font="EUYBLA+KaiTi_GB2312" bbox="114.240,58.234,118.800,67.354" colourspace="ICCBased" ncolour="[0]" size="9.120"> </text>
                <text>
                </text>
            </textline>
        </textbox>
        <textbox id="26" bbox="51.120,72.154,548.644,94.678">
            <textline bbox="51.120,84.118,197.756,94.678">
                <text font="TimesNewRomanPSMT" bbox="51.120,84.118,53.760,94.678" colourspace="ICCBased" ncolour="[0]" size="10.560"> </text>
                <text font="TimesNewRomanPSMT" bbox="53.760,84.118,56.400,94.678" colourspace="ICCBased" ncolour="[0]" size="10.560"> </text>
                <text font="TimesNewRomanPSMT" bbox="56.400,84.118,59.040,94.678" colourspace="ICCBased" ncolour="[0]" size="10.560"> </text>
                <text font="TimesNewRomanPSMT" bbox="59.040,84.118,61.680,94.678" colourspace="ICCBased" ncolour="[0]" size="10.560"> </text>
                <text font="TimesNewRomanPSMT" bbox="61.680,84.118,64.320,94.678" colourspace="ICCBased" ncolour="[0]" size="10.560"> </text>
                <text font="TimesNewRomanPSMT" bbox="64.320,84.118,66.960,94.678" colourspace="ICCBased" ncolour="[0]" size="10.560"> </text>
                <text font="TimesNewRomanPSMT" bbox="66.960,84.118,69.600,94.678" colourspace="ICCBased" ncolour="[0]" size="10.560"> </text>
                <text font="TimesNewRomanPSMT" bbox="69.600,84.118,72.240,94.678" colourspace="ICCBased" ncolour="[0]" size="10.560"> </text>
                <text font="TimesNewRomanPSMT" bbox="72.240,84.118,74.880,94.678" colourspace="ICCBased" ncolour="[0]" size="10.560"> </text>
                <text font="TimesNewRomanPSMT" bbox="74.880,84.118,77.520,94.678" colourspace="ICCBased" ncolour="[0]" size="10.560"> </text>
                <text font="TimesNewRomanPSMT" bbox="77.520,84.118,80.160,94.678" colourspace="ICCBased" ncolour="[0]" size="10.560"> </text>
                <text font="TimesNewRomanPSMT" bbox="80.160,84.118,82.800,94.678" colourspace="ICCBased" ncolour="[0]" size="10.560"> </text>
                <text font="TimesNewRomanPSMT" bbox="82.800,84.118,85.440,94.678" colourspace="ICCBased" ncolour="[0]" size="10.560"> </text>
                <text font="TimesNewRomanPSMT" bbox="85.440,84.118,88.080,94.678" colourspace="ICCBased" ncolour="[0]" size="10.560"> </text>
                <text font="TimesNewRomanPSMT" bbox="88.080,84.118,90.720,94.678" colourspace="ICCBased" ncolour="[0]" size="10.560"> </text>
                <text font="TimesNewRomanPSMT" bbox="90.720,84.118,93.360,94.678" colourspace="ICCBased" ncolour="[0]" size="10.560"> </text>
                <text font="TimesNewRomanPSMT" bbox="93.360,84.118,96.000,94.678" colourspace="ICCBased" ncolour="[0]" size="10.560"> </text>
                <text font="TimesNewRomanPSMT" bbox="96.000,84.118,98.640,94.678" colourspace="ICCBased" ncolour="[0]" size="10.560"> </text>
                <text font="TimesNewRomanPSMT" bbox="98.640,84.118,101.280,94.678" colourspace="ICCBased" ncolour="[0]" size="10.560"> </text>
                <text font="TimesNewRomanPSMT" bbox="101.280,84.118,103.920,94.678" colourspace="ICCBased" ncolour="[0]" size="10.560"> </text>
                <text font="TimesNewRomanPSMT" bbox="103.920,84.118,106.560,94.678" colourspace="ICCBased" ncolour="[0]" size="10.560"> </text>
                <text font="TimesNewRomanPSMT" bbox="106.560,84.118,109.200,94.678" colourspace="ICCBased" ncolour="[0]" size="10.560"> </text>
                <text font="TimesNewRomanPSMT" bbox="109.200,84.118,111.840,94.678" colourspace="ICCBased" ncolour="[0]" size="10.560"> </text>
                <text font="TimesNewRomanPSMT" bbox="111.840,84.118,114.480,94.678" colourspace="ICCBased" ncolour="[0]" size="10.560"> </text>
                <text font="TimesNewRomanPSMT" bbox="114.480,84.118,117.120,94.678" colourspace="ICCBased" ncolour="[0]" size="10.560"> </text>
                <text font="TimesNewRomanPSMT" bbox="117.120,84.118,119.760,94.678" colourspace="ICCBased" ncolour="[0]" size="10.560"> </text>
                <text font="TimesNewRomanPSMT" bbox="119.760,84.118,122.400,94.678" colourspace="ICCBased" ncolour="[0]" size="10.560"> </text>
                <text font="TimesNewRomanPSMT" bbox="122.400,84.118,125.040,94.678" colourspace="ICCBased" ncolour="[0]" size="10.560"> </text>
                <text font="TimesNewRomanPSMT" bbox="125.040,84.118,127.680,94.678" colourspace="ICCBased" ncolour="[0]" size="10.560"> </text>
                <text font="TimesNewRomanPSMT" bbox="127.680,84.118,130.320,94.678" colourspace="ICCBased" ncolour="[0]" size="10.560"> </text>
                <text font="TimesNewRomanPSMT" bbox="130.320,84.118,132.960,94.678" colourspace="ICCBased" ncolour="[0]" size="10.560"> </text>
                <text font="TimesNewRomanPSMT" bbox="132.960,84.118,135.600,94.678" colourspace="ICCBased" ncolour="[0]" size="10.560"> </text>
                <text font="TimesNewRomanPSMT" bbox="135.600,84.118,138.240,94.678" colourspace="ICCBased" ncolour="[0]" size="10.560"> </text>
                <text font="TimesNewRomanPSMT" bbox="138.240,84.118,140.880,94.678" colourspace="ICCBased" ncolour="[0]" size="10.560"> </text>
                <text font="TimesNewRomanPSMT" bbox="140.880,84.118,143.520,94.678" colourspace="ICCBased" ncolour="[0]" size="10.560"> </text>
                <text font="TimesNewRomanPSMT" bbox="143.520,84.118,146.160,94.678" colourspace="ICCBased" ncolour="[0]" size="10.560"> </text>
                <text font="TimesNewRomanPSMT" bbox="146.160,84.118,148.800,94.678" colourspace="ICCBased" ncolour="[0]" size="10.560"> </text>
                <text font="TimesNewRomanPSMT" bbox="148.800,84.118,151.440,94.678" colourspace="ICCBased" ncolour="[0]" size="10.560"> </text>
                <text font="TimesNewRomanPSMT" bbox="151.440,84.118,154.080,94.678" colourspace="ICCBased" ncolour="[0]" size="10.560"> </text>
                <text font="TimesNewRomanPSMT" bbox="154.080,84.118,156.720,94.678" colourspace="ICCBased" ncolour="[0]" size="10.560"> </text>
                <text font="TimesNewRomanPSMT" bbox="156.720,84.118,159.360,94.678" colourspace="ICCBased" ncolour="[0]" size="10.560"> </text>
                <text font="TimesNewRomanPSMT" bbox="159.360,84.118,162.000,94.678" colourspace="ICCBased" ncolour="[0]" size="10.560"> </text>
                <text font="TimesNewRomanPSMT" bbox="162.000,84.118,164.640,94.678" colourspace="ICCBased" ncolour="[0]" size="10.560"> </text>
                <text font="TimesNewRomanPSMT" bbox="164.640,84.118,167.280,94.678" colourspace="ICCBased" ncolour="[0]" size="10.560"> </text>
                <text font="TimesNewRomanPSMT" bbox="167.280,84.118,169.920,94.678" colourspace="ICCBased" ncolour="[0]" size="10.560"> </text>
                <text font="TimesNewRomanPSMT" bbox="169.920,84.118,172.560,94.678" colourspace="ICCBased" ncolour="[0]" size="10.560"> </text>
                <text font="TimesNewRomanPSMT" bbox="172.560,84.118,175.200,94.678" colourspace="ICCBased" ncolour="[0]" size="10.560"> </text>
                <text font="TimesNewRomanPSMT" bbox="175.200,84.118,177.840,94.678" colourspace="ICCBased" ncolour="[0]" size="10.560"> </text>
                <text font="TimesNewRomanPSMT" bbox="177.840,84.118,180.480,94.678" colourspace="ICCBased" ncolour="[0]" size="10.560"> </text>
                <text font="TimesNewRomanPSMT" bbox="180.480,84.118,183.120,94.678" colourspace="ICCBased" ncolour="[0]" size="10.560"> </text>
                <text font="TimesNewRomanPSMT" bbox="183.120,84.118,185.760,94.678" colourspace="ICCBased" ncolour="[0]" size="10.560"> </text>
                <text font="TimesNewRomanPSMT" bbox="185.760,84.118,188.400,94.678" colourspace="ICCBased" ncolour="[0]" size="10.560"> </text>
                <text font="TimesNewRomanPSMT" bbox="188.400,84.118,191.040,94.678" colourspace="ICCBased" ncolour="[0]" size="10.560"> </text>
                <text font="TimesNewRomanPSMT" bbox="191.040,84.118,193.680,94.678" colourspace="ICCBased" ncolour="[0]" size="10.560"> </text>
                <text font="TimesNewRomanPSMT" bbox="193.680,84.118,196.320,94.678" colourspace="ICCBased" ncolour="[0]" size="10.560"> </text>
                <text font="TimesNewRomanPSMT" bbox="195.116,84.118,197.756,94.678" colourspace="ICCBased" ncolour="[0]" size="10.560"> </text>
                <text>
                </text>
            </textline>
            <textline bbox="51.120,72.154,548.644,81.917">
                <text font="EUYBLA+KaiTi_GB2312" bbox="51.120,77.357,53.400,81.917" colourspace="ICCBased" ncolour="[0]" size="4.560">1</text>
                <text font="EUYBLA+KaiTi_GB2312" bbox="53.760,77.357,56.040,81.917" colourspace="ICCBased" ncolour="[0]" size="4.560">1</text>
                <text font="EUYBLA+KaiTi_GB2312" bbox="56.400,72.154,60.960,81.274" colourspace="ICCBased" ncolour="[0]" size="9.120"> </text>
                <text font="EUYBLA+KaiTi_GB2312" bbox="60.960,72.154,70.080,81.274" colourspace="ICCBased" ncolour="[0]" size="9.120">有</text>
                <text font="EUYBLA+KaiTi_GB2312" bbox="70.080,72.154,79.200,81.274" colourspace="ICCBased" ncolour="[0]" size="9.120">效</text>
                <text font="EUYBLA+KaiTi_GB2312" bbox="79.200,72.154,88.320,81.274" colourspace="ICCBased" ncolour="[0]" size="9.120">身</text>
                <text font="EUYBLA+KaiTi_GB2312" bbox="88.080,72.154,97.200,81.274" colourspace="ICCBased" ncolour="[0]" size="9.120">份</text>
                <text font="EUYBLA+KaiTi_GB2312" bbox="97.200,72.154,106.320,81.274" colourspace="ICCBased" ncolour="[0]" size="9.120">证</text>
                <text font="EUYBLA+KaiTi_GB2312" bbox="106.320,72.154,115.440,81.274" colourspace="ICCBased" ncolour="[0]" size="9.120">件</text>
                <text font="EUYBLA+KaiTi_GB2312" bbox="115.440,72.154,124.560,81.274" colourspace="ICCBased" ncolour="[0]" size="9.120">指</text>
                <text font="EUYBLA+KaiTi_GB2312" bbox="124.323,72.154,133.443,81.274" colourspace="ICCBased" ncolour="[0]" size="9.120">政</text>
                <text font="EUYBLA+KaiTi_GB2312" bbox="133.206,72.154,142.326,81.274" colourspace="ICCBased" ncolour="[0]" size="9.120">府</text>
                <text font="EUYBLA+KaiTi_GB2312" bbox="142.326,72.154,151.446,81.274" colourspace="ICCBased" ncolour="[0]" size="9.120">有</text>
                <text font="EUYBLA+KaiTi_GB2312" bbox="151.209,72.154,160.329,81.274" colourspace="ICCBased" ncolour="[0]" size="9.120">权</text>
                <text font="EUYBLA+KaiTi_GB2312" bbox="160.330,72.154,169.450,81.274" colourspace="ICCBased" ncolour="[0]" size="9.120">机</text>
                <text font="EUYBLA+KaiTi_GB2312" bbox="169.212,72.154,178.332,81.274" colourspace="ICCBased" ncolour="[0]" size="9.120">关</text>
                <text font="EUYBLA+KaiTi_GB2312" bbox="178.332,72.154,187.452,81.274" colourspace="ICCBased" ncolour="[0]" size="9.120">颁</text>
                <text font="EUYBLA+KaiTi_GB2312" bbox="187.215,72.154,196.335,81.274" colourspace="ICCBased" ncolour="[0]" size="9.120">发</text>
                <text font="EUYBLA+KaiTi_GB2312" bbox="196.335,72.154,205.455,81.274" colourspace="ICCBased" ncolour="[0]" size="9.120">的</text>
                <text font="EUYBLA+KaiTi_GB2312" bbox="205.218,72.154,214.338,81.274" colourspace="ICCBased" ncolour="[0]" size="9.120">能</text>
                <text font="EUYBLA+KaiTi_GB2312" bbox="214.338,72.154,223.458,81.274" colourspace="ICCBased" ncolour="[0]" size="9.120">够</text>
                <text font="EUYBLA+KaiTi_GB2312" bbox="223.221,72.154,232.341,81.274" colourspace="ICCBased" ncolour="[0]" size="9.120">证</text>
                <text font="EUYBLA+KaiTi_GB2312" bbox="232.341,72.154,241.461,81.274" colourspace="ICCBased" ncolour="[0]" size="9.120">明</text>
                <text font="EUYBLA+KaiTi_GB2312" bbox="241.224,72.154,250.344,81.274" colourspace="ICCBased" ncolour="[0]" size="9.120">其</text>
                <text font="EUYBLA+KaiTi_GB2312" bbox="250.344,72.154,259.464,81.274" colourspace="ICCBased" ncolour="[0]" size="9.120">合</text>
                <text font="EUYBLA+KaiTi_GB2312" bbox="259.227,72.154,268.347,81.274" colourspace="ICCBased" ncolour="[0]" size="9.120">法</text>
                <text font="EUYBLA+KaiTi_GB2312" bbox="268.347,72.154,277.467,81.274" colourspace="ICCBased" ncolour="[0]" size="9.120">真</text>
                <text font="EUYBLA+KaiTi_GB2312" bbox="277.230,72.154,286.350,81.274" colourspace="ICCBased" ncolour="[0]" size="9.120">实</text>
                <text font="EUYBLA+KaiTi_GB2312" bbox="286.350,72.154,295.470,81.274" colourspace="ICCBased" ncolour="[0]" size="9.120">身</text>
                <text font="EUYBLA+KaiTi_GB2312" bbox="295.233,72.154,304.353,81.274" colourspace="ICCBased" ncolour="[0]" size="9.120">份</text>
                <text font="EUYBLA+KaiTi_GB2312" bbox="304.353,72.154,313.473,81.274" colourspace="ICCBased" ncolour="[0]" size="9.120">的</text>
                <text font="EUYBLA+KaiTi_GB2312" bbox="313.235,72.154,322.355,81.274" colourspace="ICCBased" ncolour="[0]" size="9.120">证</text>
                <text font="EUYBLA+KaiTi_GB2312" bbox="322.355,72.154,331.475,81.274" colourspace="ICCBased" ncolour="[0]" size="9.120">件</text>
                <text font="EUYBLA+KaiTi_GB2312" bbox="331.238,72.154,340.358,81.274" colourspace="ICCBased" ncolour="[0]" size="9.120">或</text>
                <text font="EUYBLA+KaiTi_GB2312" bbox="340.358,72.154,349.478,81.274" colourspace="ICCBased" ncolour="[0]" size="9.120">文</text>
                <text font="EUYBLA+KaiTi_GB2312" bbox="349.241,72.154,358.361,81.274" colourspace="ICCBased" ncolour="[0]" size="9.120">件</text>
                <text font="EUYBLA+KaiTi_GB2312" bbox="358.324,72.154,367.444,81.274" colourspace="ICCBased" ncolour="[0]" size="9.120">等</text>
                <text font="EUYBLA+KaiTi_GB2312" bbox="367.204,72.154,376.324,81.274" colourspace="ICCBased" ncolour="[0]" size="9.120">，</text>
                <text font="EUYBLA+KaiTi_GB2312" bbox="376.324,72.154,385.444,81.274" colourspace="ICCBased" ncolour="[0]" size="9.120">如</text>
                <text font="EUYBLA+KaiTi_GB2312" bbox="385.204,72.154,394.324,81.274" colourspace="ICCBased" ncolour="[0]" size="9.120">居</text>
                <text font="EUYBLA+KaiTi_GB2312" bbox="394.324,72.154,403.444,81.274" colourspace="ICCBased" ncolour="[0]" size="9.120">民</text>
                <text font="EUYBLA+KaiTi_GB2312" bbox="403.204,72.154,412.324,81.274" colourspace="ICCBased" ncolour="[0]" size="9.120">身</text>
                <text font="EUYBLA+KaiTi_GB2312" bbox="412.324,72.154,421.444,81.274" colourspace="ICCBased" ncolour="[0]" size="9.120">份</text>
                <text font="EUYBLA+KaiTi_GB2312" bbox="421.204,72.154,430.324,81.274" colourspace="ICCBased" ncolour="[0]" size="9.120">证</text>
                <text font="EUYBLA+KaiTi_GB2312" bbox="430.324,72.154,439.444,81.274" colourspace="ICCBased" ncolour="[0]" size="9.120">、</text>
                <text font="EUYBLA+KaiTi_GB2312" bbox="439.204,72.154,448.324,81.274" colourspace="ICCBased" ncolour="[0]" size="9.120">按</text>
                <text font="EUYBLA+KaiTi_GB2312" bbox="448.324,72.154,457.444,81.274" colourspace="ICCBased" ncolour="[0]" size="9.120">规</text>
                <text font="EUYBLA+KaiTi_GB2312" bbox="457.204,72.154,466.324,81.274" colourspace="ICCBased" ncolour="[0]" size="9.120">定</text>
                <text font="EUYBLA+KaiTi_GB2312" bbox="466.324,72.154,475.444,81.274" colourspace="ICCBased" ncolour="[0]" size="9.120">可</text>
                <text font="EUYBLA+KaiTi_GB2312" bbox="475.204,72.154,484.324,81.274" colourspace="ICCBased" ncolour="[0]" size="9.120">使</text>
                <text font="EUYBLA+KaiTi_GB2312" bbox="484.324,72.154,493.444,81.274" colourspace="ICCBased" ncolour="[0]" size="9.120">用</text>
                <text font="EUYBLA+KaiTi_GB2312" bbox="493.444,72.154,502.564,81.274" colourspace="ICCBased" ncolour="[0]" size="9.120">的</text>
                <text font="EUYBLA+KaiTi_GB2312" bbox="502.804,72.154,511.924,81.274" colourspace="ICCBased" ncolour="[0]" size="9.120">有</text>
                <text font="EUYBLA+KaiTi_GB2312" bbox="511.924,72.154,521.044,81.274" colourspace="ICCBased" ncolour="[0]" size="9.120">效</text>
                <text font="EUYBLA+KaiTi_GB2312" bbox="521.284,72.154,530.404,81.274" colourspace="ICCBased" ncolour="[0]" size="9.120">护</text>
                <text font="EUYBLA+KaiTi_GB2312" bbox="530.404,72.154,539.524,81.274" colourspace="ICCBased" ncolour="[0]" size="9.120">照</text>
                <text font="EUYBLA+KaiTi_GB2312" bbox="539.524,72.154,548.644,81.274" colourspace="ICCBased" ncolour="[0]" size="9.120">、</text>
                <text>
                </text>
            </textline>
        </textbox>
        <rect linewidth="0" bbox="45.600,514.560,92.160,515.520" />
        <rect linewidth="0" bbox="92.160,514.560,93.120,515.520" />
        <rect linewidth="0" bbox="93.120,514.560,205.200,515.520" />
        <rect linewidth="0" bbox="205.200,514.560,206.160,515.520" />
        <rect linewidth="0" bbox="206.160,514.560,552.480,515.520" />
        <rect linewidth="0" bbox="51.120,89.520,195.120,90.000" />
        <layout>
            <textgroup bbox="51.119,58.234,824.400,782.789">
                <textgroup bbox="60.960,488.309,824.400,529.620">
                    <textbox id="0" bbox="97.440,501.509,824.400,529.620" />
                    <textbox id="1" bbox="60.960,488.309,408.240,498.869" />
                </textgroup>
                <textgroup bbox="51.119,58.234,548.644,782.789">
                    <textgroup bbox="51.120,117.995,547.211,782.789">
                        <textgroup bbox="51.120,665.909,534.720,689.189">
                            <textgroup bbox="51.120,678.629,102.720,689.189">
                                <textbox id="2" bbox="51.120,678.629,56.400,689.189" />
                                <textbox id="3" bbox="97.440,678.629,102.720,689.189" />
                            </textgroup>
                            <textbox id="4" bbox="60.960,665.909,534.720,676.469" />
                        </textgroup>
                        <textgroup bbox="51.120,117.995,547.211,782.789">
                            <textgroup bbox="51.120,289.589,199.680,782.789">
                                <textbox id="5" bbox="60.960,772.229,134.400,782.789" />
                                <textgroup bbox="51.120,289.589,199.680,567.289">
                                    <textgroup bbox="51.120,411.888,199.680,567.289">
                                        <textgroup bbox="51.120,501.509,187.680,567.289">
                                            <textgroup bbox="60.000,534.597,187.680,567.289">
                                                <textbox id="6" bbox="97.446,556.729,102.726,567.289" />
                                                <textbox id="7" bbox="60.000,534.597,187.680,554.517" />
                                            </textgroup>
                                            <textgroup bbox="51.120,501.509,56.410,567.289">
                                                <textbox id="8" bbox="51.130,556.729,56.410,567.289" />
                                                <textbox id="9" bbox="51.120,501.509,56.400,512.069" />
                                            </textgroup>
                                        </textgroup>
                                        <textgroup bbox="60.960,411.888,199.680,483.272">
                                            <textgroup bbox="60.960,458.309,155.520,483.272">
                                                <textgroup bbox="68.881,472.712,102.726,483.272">
                                                    <textbox id="10" bbox="68.881,472.712,74.161,483.272" />
                                                    <textbox id="11" bbox="97.446,472.712,102.726,483.272" />
                                                </textgroup>
                                                <textbox id="12" bbox="60.960,458.309,155.520,468.869" />
                                            </textgroup>
                                            <textgroup bbox="68.886,411.888,199.680,453.272">
                                                <textgroup bbox="68.886,427.728,199.680,453.272">
                                                    <textbox id="13" bbox="97.451,442.712,102.731,453.272" />
                                                    <textbox id="14" bbox="68.886,427.728,199.680,453.272" />
                                                </textgroup>
                                                <textbox id="15" bbox="97.440,411.888,112.368,423.888" />
                                            </textgroup>
                                        </textgroup>
                                    </textgroup>
                                    <textgroup bbox="60.960,289.589,165.840,314.326">
                                        <textgroup bbox="68.880,303.766,102.725,314.326">
                                            <textbox id="16" bbox="68.880,303.766,74.160,314.326" />
                                            <textbox id="17" bbox="97.445,303.766,102.725,314.326" />
                                        </textgroup>
                                        <textbox id="18" bbox="60.960,289.589,165.840,301.109" />
                                    </textgroup>
                                </textgroup>
                            </textgroup>
                            <textgroup bbox="210.477,117.995,547.211,782.789">
                                <textbox id="19" bbox="210.480,556.729,547.211,782.789" />
                                <textgroup bbox="210.477,117.995,547.206,512.069">
                                    <textbox id="20" bbox="210.480,381.752,547.206,512.069" />
                                    <textgroup bbox="210.477,117.995,547.201,376.715">
                                        <textbox id="21" bbox="237.608,366.155,347.770,376.715" />
                                        <textbox id="22" bbox="210.477,117.995,547.201,361.117" />
                                    </textgroup>
                                </textgroup>
                            </textgroup>
                        </textgroup>
                    </textgroup>
                    <textgroup bbox="51.119,58.234,548.644,128.555">
                        <textgroup bbox="51.119,58.234,118.800,128.555">
                            <textgroup bbox="51.119,117.995,102.715,128.555">
                                <textbox id="23" bbox="51.119,117.995,56.399,128.555" />
                                <textbox id="24" bbox="97.435,117.995,102.715,128.555" />
                            </textgroup>
                            <textbox id="25" bbox="60.246,58.234,118.800,67.357" />
                        </textgroup>
                        <textbox id="26" bbox="51.120,72.154,548.644,94.678" />
                    </textgroup>
                </textgroup>
            </textgroup>
        </layout>
    </page>
    <page id="6" bbox="0.000,0.000,595.200,841.920" rotate="0">
        <textbox id="0" bbox="60.000,764.517,151.680,784.437">
            <textline bbox="60.000,764.517,151.680,784.437">
                <text font="ZTWRTK+Wingdings2" bbox="60.000,764.517,77.769,784.437" colourspace="ICCBased" ncolour="[0]" size="19.920"></text>
                <text font="ZTWRTK+Wingdings2" bbox="77.760,764.517,97.680,784.437" colourspace="ICCBased" ncolour="[0]" size="19.920"> </text>
                <text font="JQUZDQ+SimSun" bbox="97.440,767.460,109.440,779.460" colourspace="ICCBased" ncolour="[0]" size="12.000">如</text>
                <text font="JQUZDQ+SimSun" bbox="109.440,767.460,121.440,779.460" colourspace="ICCBased" ncolour="[0]" size="12.000">何</text>
                <text font="JQUZDQ+SimSun" bbox="121.680,767.460,133.680,779.460" colourspace="ICCBased" ncolour="[0]" size="12.000">退</text>
                <text font="JQUZDQ+SimSun" bbox="133.680,767.460,145.680,779.460" colourspace="ICCBased" ncolour="[0]" size="12.000">保</text>
                <text font="JTTPDQ+SimSun" bbox="145.680,767.460,151.680,779.460" colourspace="ICCBased" ncolour="[0]" size="12.000"> </text>
                <text>
                </text>
            </textline>
        </textbox>
        <textbox id="1" bbox="97.440,731.189,552.700,758.208">
            <textline bbox="97.440,746.208,552.700,758.208">
                <text font="ERELLA+STXinwei" bbox="97.440,746.208,109.154,758.208" colourspace="ICCBased" ncolour="[0]" size="12.000">这</text>
                <text font="ERELLA+STXinwei" bbox="109.201,746.208,120.915,758.208" colourspace="ICCBased" ncolour="[0]" size="12.000">部</text>
                <text font="ERELLA+STXinwei" bbox="120.962,746.208,132.677,758.208" colourspace="ICCBased" ncolour="[0]" size="12.000">分</text>
                <text font="ERELLA+STXinwei" bbox="132.962,746.208,144.677,758.208" colourspace="ICCBased" ncolour="[0]" size="12.000">讲</text>
                <text font="ERELLA+STXinwei" bbox="144.724,746.208,156.438,758.208" colourspace="ICCBased" ncolour="[0]" size="12.000">的</text>
                <text font="ERELLA+STXinwei" bbox="156.485,746.208,168.199,758.208" colourspace="ICCBased" ncolour="[0]" size="12.000">是</text>
                <text font="ERELLA+STXinwei" bbox="168.485,746.208,180.199,758.208" colourspace="ICCBased" ncolour="[0]" size="12.000">您</text>
                <text font="ERELLA+STXinwei" bbox="180.246,746.208,191.960,758.208" colourspace="ICCBased" ncolour="[0]" size="12.000">可</text>
                <text font="ERELLA+STXinwei" bbox="192.246,746.208,203.960,758.208" colourspace="ICCBased" ncolour="[0]" size="12.000">以</text>
                <text font="ERELLA+STXinwei" bbox="204.007,746.208,215.722,758.208" colourspace="ICCBased" ncolour="[0]" size="12.000">随</text>
                <text font="ERELLA+STXinwei" bbox="215.768,746.208,227.483,758.208" colourspace="ICCBased" ncolour="[0]" size="12.000">时</text>
                <text font="ERELLA+STXinwei" bbox="227.769,746.208,239.483,758.208" colourspace="ICCBased" ncolour="[0]" size="12.000">申</text>
                <text font="ERELLA+STXinwei" bbox="239.530,746.208,251.244,758.208" colourspace="ICCBased" ncolour="[0]" size="12.000">请</text>
                <text font="ERELLA+STXinwei" bbox="251.291,746.208,263.005,758.208" colourspace="ICCBased" ncolour="[0]" size="12.000">退</text>
                <text font="ERELLA+STXinwei" bbox="263.291,746.208,275.005,758.208" colourspace="ICCBased" ncolour="[0]" size="12.000">保</text>
                <text font="ERELLA+STXinwei" bbox="275.291,746.208,287.005,758.208" colourspace="ICCBased" ncolour="[0]" size="12.000">，</text>
                <text font="ERELLA+STXinwei" bbox="283.451,746.208,295.166,758.208" colourspace="ICCBased" ncolour="[0]" size="12.000">在</text>
                <text font="ERELLA+STXinwei" bbox="295.213,746.208,306.927,758.208" colourspace="ICCBased" ncolour="[0]" size="12.000">犹</text>
                <text font="ERELLA+STXinwei" bbox="307.213,746.208,318.927,758.208" colourspace="ICCBased" ncolour="[0]" size="12.000">豫</text>
                <text font="ERELLA+STXinwei" bbox="318.974,746.208,330.688,758.208" colourspace="ICCBased" ncolour="[0]" size="12.000">期</text>
                <text font="ERELLA+STXinwei" bbox="330.974,746.208,342.688,758.208" colourspace="ICCBased" ncolour="[0]" size="12.000">内</text>
                <text font="ERELLA+STXinwei" bbox="342.974,746.208,354.688,758.208" colourspace="ICCBased" ncolour="[0]" size="12.000">退</text>
                <text font="ERELLA+STXinwei" bbox="354.735,746.208,366.450,758.208" colourspace="ICCBased" ncolour="[0]" size="12.000">保</text>
                <text font="ERELLA+STXinwei" bbox="366.496,746.208,378.211,758.208" colourspace="ICCBased" ncolour="[0]" size="12.000">没</text>
                <text font="ERELLA+STXinwei" bbox="378.497,746.208,390.211,758.208" colourspace="ICCBased" ncolour="[0]" size="12.000">有</text>
                <text font="ERELLA+STXinwei" bbox="390.258,746.208,401.972,758.208" colourspace="ICCBased" ncolour="[0]" size="12.000">损</text>
                <text font="ERELLA+STXinwei" bbox="402.019,746.208,413.733,758.208" colourspace="ICCBased" ncolour="[0]" size="12.000">失</text>
                <text font="ERELLA+STXinwei" bbox="414.019,746.208,425.733,758.208" colourspace="ICCBased" ncolour="[0]" size="12.000">，</text>
                <text font="ERELLA+STXinwei" bbox="422.179,746.208,433.893,758.208" colourspace="ICCBased" ncolour="[0]" size="12.000">犹</text>
                <text font="ERELLA+STXinwei" bbox="434.179,746.208,445.894,758.208" colourspace="ICCBased" ncolour="[0]" size="12.000">豫</text>
                <text font="ERELLA+STXinwei" bbox="445.940,746.208,457.655,758.208" colourspace="ICCBased" ncolour="[0]" size="12.000">期</text>
                <text font="ERELLA+STXinwei" bbox="457.941,746.208,469.655,758.208" colourspace="ICCBased" ncolour="[0]" size="12.000">后</text>
                <text font="ERELLA+STXinwei" bbox="469.702,746.208,481.416,758.208" colourspace="ICCBased" ncolour="[0]" size="12.000">退</text>
                <text font="ERELLA+STXinwei" bbox="481.463,746.208,493.177,758.208" colourspace="ICCBased" ncolour="[0]" size="12.000">保</text>
                <text font="ERELLA+STXinwei" bbox="493.463,746.208,505.177,758.208" colourspace="ICCBased" ncolour="[0]" size="12.000">会</text>
                <text font="ERELLA+STXinwei" bbox="505.224,746.208,516.938,758.208" colourspace="ICCBased" ncolour="[0]" size="12.000">有</text>
                <text font="ERELLA+STXinwei" bbox="517.224,746.208,528.939,758.208" colourspace="ICCBased" ncolour="[0]" size="12.000">损</text>
                <text font="ERELLA+STXinwei" bbox="528.985,746.208,540.700,758.208" colourspace="ICCBased" ncolour="[0]" size="12.000">失</text>
                <text font="ERELLA+STXinwei" bbox="540.986,746.208,552.700,758.208" colourspace="ICCBased" ncolour="[0]" size="12.000">。</text>
                <text font="JTTPDQ+SimSun" bbox="546.720,747.509,551.880,758.069" colourspace="ICCBased" ncolour="[0]" size="10.560"> </text>
                <text>
                </text>
            </textline>
            <textline bbox="97.440,731.189,102.720,741.749">
                <text font="JTTPDQ+SimSun" bbox="97.440,731.189,102.720,741.749" colourspace="ICCBased" ncolour="[0]" size="10.560"> </text>
                <text>
                </text>
            </textline>
        </textbox>
        <textbox id="2" bbox="51.120,731.189,56.400,741.749">
            <textline bbox="51.120,731.189,56.400,741.749">
                <text font="JTTPDQ+SimSun" bbox="51.120,731.189,56.400,741.749" colourspace="ICCBased" ncolour="[0]" size="10.560"> </text>
                <text>
                </text>
            </textline>
        </textbox>
        <textbox id="3" bbox="60.960,717.989,492.720,728.549">
            <textline bbox="60.960,717.989,492.720,728.549">
                <text font="JTTPDQ+SimSun" bbox="60.960,717.989,66.240,728.549" colourspace="ICCBased" ncolour="[0]" size="10.560">5</text>
                <text font="JTTPDQ+SimSun" bbox="66.240,717.989,71.520,728.549" colourspace="ICCBased" ncolour="[0]" size="10.560">.</text>
                <text font="JTTPDQ+SimSun" bbox="71.520,717.989,76.800,728.549" colourspace="ICCBased" ncolour="[0]" size="10.560">1</text>
                <text font="JTTPDQ+SimSun" bbox="76.800,717.989,82.080,728.549" colourspace="ICCBased" ncolour="[0]" size="10.560"> </text>
                <text> </text>
                <text font="JQUZDQ+SimSun" bbox="97.440,717.989,108.000,728.549" colourspace="ICCBased" ncolour="[0]" size="10.560">犹</text>
                <text font="JQUZDQ+SimSun" bbox="108.000,717.989,118.560,728.549" colourspace="ICCBased" ncolour="[0]" size="10.560">豫</text>
                <text font="JQUZDQ+SimSun" bbox="118.560,717.989,129.120,728.549" colourspace="ICCBased" ncolour="[0]" size="10.560">期</text>
                <text font="JTTPDQ+SimSun" bbox="129.120,717.989,134.400,728.549" colourspace="ICCBased" ncolour="[0]" size="10.560"> </text>
                <text font="JTTPDQ+SimSun" bbox="134.400,717.989,139.680,728.549" colourspace="ICCBased" ncolour="[0]" size="10.560"> </text>
                <text font="JTTPDQ+SimSun" bbox="139.680,717.989,144.960,728.549" colourspace="ICCBased" ncolour="[0]" size="10.560"> </text>
                <text font="JTTPDQ+SimSun" bbox="144.960,717.989,150.240,728.549" colourspace="ICCBased" ncolour="[0]" size="10.560"> </text>
                <text font="JTTPDQ+SimSun" bbox="150.240,717.989,155.520,728.549" colourspace="ICCBased" ncolour="[0]" size="10.560"> </text>
                <text font="JTTPDQ+SimSun" bbox="155.520,717.989,160.800,728.549" colourspace="ICCBased" ncolour="[0]" size="10.560"> </text>
                <text font="JTTPDQ+SimSun" bbox="160.800,717.989,166.080,728.549" colourspace="ICCBased" ncolour="[0]" size="10.560"> </text>
                <text font="JTTPDQ+SimSun" bbox="166.080,717.989,171.360,728.549" colourspace="ICCBased" ncolour="[0]" size="10.560"> </text>
                <text font="JTTPDQ+SimSun" bbox="171.360,717.989,176.640,728.549" colourspace="ICCBased" ncolour="[0]" size="10.560"> </text>
                <text font="JTTPDQ+SimSun" bbox="176.640,717.989,181.920,728.549" colourspace="ICCBased" ncolour="[0]" size="10.560"> </text>
                <text font="JTTPDQ+SimSun" bbox="181.920,717.989,187.200,728.549" colourspace="ICCBased" ncolour="[0]" size="10.560"> </text>
                <text font="JTTPDQ+SimSun" bbox="187.200,717.989,192.480,728.549" colourspace="ICCBased" ncolour="[0]" size="10.560"> </text>
                <text font="JTTPDQ+SimSun" bbox="192.480,717.989,197.760,728.549" colourspace="ICCBased" ncolour="[0]" size="10.560"> </text>
                <text font="JTTPDQ+SimSun" bbox="197.760,717.989,203.040,728.549" colourspace="ICCBased" ncolour="[0]" size="10.560"> </text>
                <text font="JTTPDQ+SimSun" bbox="203.040,717.989,208.320,728.549" colourspace="ICCBased" ncolour="[0]" size="10.560"> </text>
                <text font="JTTPDQ+SimSun" bbox="208.320,717.989,213.600,728.549" colourspace="ICCBased" ncolour="[0]" size="10.560"> </text>
                <text font="JTTPDQ+SimSun" bbox="213.600,717.989,218.880,728.549" colourspace="ICCBased" ncolour="[0]" size="10.560"> </text>
                <text font="JTTPDQ+SimSun" bbox="218.880,717.989,224.160,728.549" colourspace="ICCBased" ncolour="[0]" size="10.560"> </text>
                <text font="JTTPDQ+SimSun" bbox="224.160,717.989,229.440,728.549" colourspace="ICCBased" ncolour="[0]" size="10.560"> </text>
                <text font="JTTPDQ+SimSun" bbox="229.440,717.989,234.720,728.549" colourspace="ICCBased" ncolour="[0]" size="10.560"> </text>
                <text font="JTTPDQ+SimSun" bbox="234.720,717.989,240.000,728.549" colourspace="ICCBased" ncolour="[0]" size="10.560"> </text>
                <text font="JTTPDQ+SimSun" bbox="240.000,717.989,245.280,728.549" colourspace="ICCBased" ncolour="[0]" size="10.560"> </text>
                <text font="JTTPDQ+SimSun" bbox="245.280,717.989,250.560,728.549" colourspace="ICCBased" ncolour="[0]" size="10.560"> </text>
                <text font="JTTPDQ+SimSun" bbox="250.560,717.989,255.840,728.549" colourspace="ICCBased" ncolour="[0]" size="10.560"> </text>
                <text font="JTTPDQ+SimSun" bbox="255.840,717.989,261.120,728.549" colourspace="ICCBased" ncolour="[0]" size="10.560"> </text>
                <text font="JTTPDQ+SimSun" bbox="261.120,717.989,266.400,728.549" colourspace="ICCBased" ncolour="[0]" size="10.560"> </text>
                <text font="JTTPDQ+SimSun" bbox="266.400,717.989,271.680,728.549" colourspace="ICCBased" ncolour="[0]" size="10.560"> </text>
                <text font="JTTPDQ+SimSun" bbox="271.680,717.989,276.960,728.549" colourspace="ICCBased" ncolour="[0]" size="10.560"> </text>
                <text font="JTTPDQ+SimSun" bbox="276.720,717.989,282.000,728.549" colourspace="ICCBased" ncolour="[0]" size="10.560"> </text>
                <text font="JTTPDQ+SimSun" bbox="282.000,717.989,287.280,728.549" colourspace="ICCBased" ncolour="[0]" size="10.560"> </text>
                <text font="JTTPDQ+SimSun" bbox="287.280,717.989,292.560,728.549" colourspace="ICCBased" ncolour="[0]" size="10.560"> </text>
                <text font="JTTPDQ+SimSun" bbox="292.560,717.989,297.840,728.549" colourspace="ICCBased" ncolour="[0]" size="10.560"> </text>
                <text font="JTTPDQ+SimSun" bbox="297.840,717.989,303.120,728.549" colourspace="ICCBased" ncolour="[0]" size="10.560"> </text>
                <text font="JTTPDQ+SimSun" bbox="303.120,717.989,308.400,728.549" colourspace="ICCBased" ncolour="[0]" size="10.560"> </text>
                <text font="JTTPDQ+SimSun" bbox="308.400,717.989,313.680,728.549" colourspace="ICCBased" ncolour="[0]" size="10.560"> </text>
                <text font="JTTPDQ+SimSun" bbox="313.680,717.989,318.960,728.549" colourspace="ICCBased" ncolour="[0]" size="10.560"> </text>
                <text font="JTTPDQ+SimSun" bbox="318.960,717.989,324.240,728.549" colourspace="ICCBased" ncolour="[0]" size="10.560"> </text>
                <text font="JTTPDQ+SimSun" bbox="324.240,717.989,329.520,728.549" colourspace="ICCBased" ncolour="[0]" size="10.560"> </text>
                <text font="JTTPDQ+SimSun" bbox="329.520,717.989,334.800,728.549" colourspace="ICCBased" ncolour="[0]" size="10.560"> </text>
                <text font="JTTPDQ+SimSun" bbox="334.800,717.989,340.080,728.549" colourspace="ICCBased" ncolour="[0]" size="10.560"> </text>
                <text font="JTTPDQ+SimSun" bbox="339.841,717.989,345.121,728.549" colourspace="ICCBased" ncolour="[0]" size="10.560"> </text>
                <text font="JTTPDQ+SimSun" bbox="345.121,717.989,350.401,728.549" colourspace="ICCBased" ncolour="[0]" size="10.560"> </text>
                <text font="JTTPDQ+SimSun" bbox="350.401,717.989,355.681,728.549" colourspace="ICCBased" ncolour="[0]" size="10.560"> </text>
                <text font="JTTPDQ+SimSun" bbox="355.681,717.989,360.961,728.549" colourspace="ICCBased" ncolour="[0]" size="10.560"> </text>
                <text font="JTTPDQ+SimSun" bbox="360.961,717.989,366.241,728.549" colourspace="ICCBased" ncolour="[0]" size="10.560"> </text>
                <text font="JTTPDQ+SimSun" bbox="366.241,717.989,371.521,728.549" colourspace="ICCBased" ncolour="[0]" size="10.560"> </text>
                <text font="JTTPDQ+SimSun" bbox="371.521,717.989,376.801,728.549" colourspace="ICCBased" ncolour="[0]" size="10.560"> </text>
                <text font="JTTPDQ+SimSun" bbox="376.801,717.989,382.081,728.549" colourspace="ICCBased" ncolour="[0]" size="10.560"> </text>
                <text font="JTTPDQ+SimSun" bbox="382.081,717.989,387.361,728.549" colourspace="ICCBased" ncolour="[0]" size="10.560"> </text>
                <text font="JTTPDQ+SimSun" bbox="387.361,717.989,392.641,728.549" colourspace="ICCBased" ncolour="[0]" size="10.560"> </text>
                <text font="JTTPDQ+SimSun" bbox="392.641,717.989,397.921,728.549" colourspace="ICCBased" ncolour="[0]" size="10.560"> </text>
                <text font="JTTPDQ+SimSun" bbox="397.921,717.989,403.201,728.549" colourspace="ICCBased" ncolour="[0]" size="10.560"> </text>
                <text font="JTTPDQ+SimSun" bbox="403.201,717.989,408.481,728.549" colourspace="ICCBased" ncolour="[0]" size="10.560"> </text>
                <text font="JTTPDQ+SimSun" bbox="408.481,717.989,413.761,728.549" colourspace="ICCBased" ncolour="[0]" size="10.560"> </text>
                <text font="JTTPDQ+SimSun" bbox="413.761,717.989,419.041,728.549" colourspace="ICCBased" ncolour="[0]" size="10.560"> </text>
                <text font="JTTPDQ+SimSun" bbox="419.041,717.989,424.321,728.549" colourspace="ICCBased" ncolour="[0]" size="10.560"> </text>
                <text font="JTTPDQ+SimSun" bbox="424.321,717.989,429.601,728.549" colourspace="ICCBased" ncolour="[0]" size="10.560"> </text>
                <text font="JTTPDQ+SimSun" bbox="429.601,717.989,434.881,728.549" colourspace="ICCBased" ncolour="[0]" size="10.560"> </text>
                <text font="JTTPDQ+SimSun" bbox="434.881,717.989,440.161,728.549" colourspace="ICCBased" ncolour="[0]" size="10.560"> </text>
                <text font="JTTPDQ+SimSun" bbox="440.161,717.989,445.441,728.549" colourspace="ICCBased" ncolour="[0]" size="10.560"> </text>
                <text font="JTTPDQ+SimSun" bbox="445.441,717.989,450.721,728.549" colourspace="ICCBased" ncolour="[0]" size="10.560"> </text>
                <text font="JTTPDQ+SimSun" bbox="450.721,717.989,456.001,728.549" colourspace="ICCBased" ncolour="[0]" size="10.560"> </text>
                <text font="JTTPDQ+SimSun" bbox="456.001,717.989,461.281,728.549" colourspace="ICCBased" ncolour="[0]" size="10.560"> </text>
                <text font="JTTPDQ+SimSun" bbox="461.281,717.989,466.561,728.549" colourspace="ICCBased" ncolour="[0]" size="10.560"> </text>
                <text font="JTTPDQ+SimSun" bbox="466.561,717.989,471.841,728.549" colourspace="ICCBased" ncolour="[0]" size="10.560"> </text>
                <text font="JTTPDQ+SimSun" bbox="471.841,717.989,477.121,728.549" colourspace="ICCBased" ncolour="[0]" size="10.560"> </text>
                <text font="JTTPDQ+SimSun" bbox="477.121,717.989,482.401,728.549" colourspace="ICCBased" ncolour="[0]" size="10.560"> </text>
                <text font="JTTPDQ+SimSun" bbox="482.401,717.989,487.681,728.549" colourspace="ICCBased" ncolour="[0]" size="10.560"> </text>
                <text font="JTTPDQ+SimSun" bbox="487.440,717.989,492.720,728.549" colourspace="ICCBased" ncolour="[0]" size="10.560"> </text>
                <text>
                </text>
            </textline>
        </textbox>
        <textbox id="4" bbox="68.880,624.389,74.160,634.949">
            <textline bbox="68.880,624.389,74.160,634.949">
                <text font="JTTPDQ+SimSun" bbox="68.880,624.389,74.160,634.949" colourspace="ICCBased" ncolour="[0]" size="10.560"> </text>
                <text>
                </text>
            </textline>
        </textbox>
        <textbox id="5" bbox="97.440,624.389,102.720,634.949">
            <textline bbox="97.440,624.389,102.720,634.949">
                <text font="JTTPDQ+SimSun" bbox="97.440,624.389,102.720,634.949" colourspace="ICCBased" ncolour="[0]" size="10.560"> </text>
                <text>
                </text>
            </textline>
        </textbox>
        <textbox id="6" bbox="60.960,610.229,199.686,620.789">
            <textline bbox="60.960,610.229,199.686,620.789">
                <text font="JTTPDQ+SimSun" bbox="60.960,610.229,66.240,620.789" colourspace="ICCBased" ncolour="[0]" size="10.560">5</text>
                <text font="JTTPDQ+SimSun" bbox="66.240,610.229,71.520,620.789" colourspace="ICCBased" ncolour="[0]" size="10.560">.</text>
                <text font="JTTPDQ+SimSun" bbox="71.520,610.229,76.800,620.789" colourspace="ICCBased" ncolour="[0]" size="10.560">2</text>
                <text font="JTTPDQ+SimSun" bbox="76.800,610.229,82.080,620.789" colourspace="ICCBased" ncolour="[0]" size="10.560"> </text>
                <text> </text>
                <text font="JQUZDQ+SimSun" bbox="97.440,610.229,108.000,620.789" colourspace="ICCBased" ncolour="[0]" size="10.560">您</text>
                <text font="JQUZDQ+SimSun" bbox="108.961,610.229,119.521,620.789" colourspace="ICCBased" ncolour="[0]" size="10.560">解</text>
                <text font="JQUZDQ+SimSun" bbox="120.482,610.229,131.042,620.789" colourspace="ICCBased" ncolour="[0]" size="10.560">除</text>
                <text font="JQUZDQ+SimSun" bbox="132.003,610.229,142.563,620.789" colourspace="ICCBased" ncolour="[0]" size="10.560">合</text>
                <text font="JQUZDQ+SimSun" bbox="143.283,610.229,153.843,620.789" colourspace="ICCBased" ncolour="[0]" size="10.560">同</text>
                <text font="JQUZDQ+SimSun" bbox="154.804,610.229,165.364,620.789" colourspace="ICCBased" ncolour="[0]" size="10.560">的</text>
                <text font="JQUZDQ+SimSun" bbox="166.325,610.229,176.885,620.789" colourspace="ICCBased" ncolour="[0]" size="10.560">手</text>
                <text font="JQUZDQ+SimSun" bbox="177.605,610.229,188.165,620.789" colourspace="ICCBased" ncolour="[0]" size="10.560">续</text>
                <text font="JQUZDQ+SimSun" bbox="189.126,610.229,199.686,620.789" colourspace="ICCBased" ncolour="[0]" size="10.560">及</text>
                <text>
                </text>
            </textline>
        </textbox>
        <textbox id="7" bbox="97.440,594.629,513.840,605.189">
            <textline bbox="97.440,594.629,513.840,605.189">
                <text font="JQUZDQ+SimSun" bbox="97.440,594.629,108.000,605.189" colourspace="ICCBased" ncolour="[0]" size="10.560">风</text>
                <text font="JQUZDQ+SimSun" bbox="108.000,594.629,118.560,605.189" colourspace="ICCBased" ncolour="[0]" size="10.560">险</text>
                <text font="JTTPDQ+SimSun" bbox="118.560,594.629,123.840,605.189" colourspace="ICCBased" ncolour="[0]" size="10.560"> </text>
                <text font="JTTPDQ+SimSun" bbox="123.840,594.629,129.120,605.189" colourspace="ICCBased" ncolour="[0]" size="10.560"> </text>
                <text font="JTTPDQ+SimSun" bbox="129.120,594.629,134.400,605.189" colourspace="ICCBased" ncolour="[0]" size="10.560"> </text>
                <text font="JTTPDQ+SimSun" bbox="134.400,594.629,139.680,605.189" colourspace="ICCBased" ncolour="[0]" size="10.560"> </text>
                <text font="JTTPDQ+SimSun" bbox="139.680,594.629,144.960,605.189" colourspace="ICCBased" ncolour="[0]" size="10.560"> </text>
                <text font="JTTPDQ+SimSun" bbox="144.960,594.629,150.240,605.189" colourspace="ICCBased" ncolour="[0]" size="10.560"> </text>
                <text font="JTTPDQ+SimSun" bbox="150.240,594.629,155.520,605.189" colourspace="ICCBased" ncolour="[0]" size="10.560"> </text>
                <text font="JTTPDQ+SimSun" bbox="155.520,594.629,160.800,605.189" colourspace="ICCBased" ncolour="[0]" size="10.560"> </text>
                <text font="JTTPDQ+SimSun" bbox="160.800,594.629,166.080,605.189" colourspace="ICCBased" ncolour="[0]" size="10.560"> </text>
                <text font="JTTPDQ+SimSun" bbox="166.080,594.629,171.360,605.189" colourspace="ICCBased" ncolour="[0]" size="10.560"> </text>
                <text font="JTTPDQ+SimSun" bbox="171.360,594.629,176.640,605.189" colourspace="ICCBased" ncolour="[0]" size="10.560"> </text>
                <text font="JTTPDQ+SimSun" bbox="176.640,594.629,181.920,605.189" colourspace="ICCBased" ncolour="[0]" size="10.560"> </text>
                <text font="JTTPDQ+SimSun" bbox="181.920,594.629,187.200,605.189" colourspace="ICCBased" ncolour="[0]" size="10.560"> </text>
                <text font="JTTPDQ+SimSun" bbox="187.200,594.629,192.480,605.189" colourspace="ICCBased" ncolour="[0]" size="10.560"> </text>
                <text font="JTTPDQ+SimSun" bbox="192.480,594.629,197.760,605.189" colourspace="ICCBased" ncolour="[0]" size="10.560"> </text>
                <text font="JTTPDQ+SimSun" bbox="197.760,594.629,203.040,605.189" colourspace="ICCBased" ncolour="[0]" size="10.560"> </text>
                <text font="JTTPDQ+SimSun" bbox="203.040,594.629,208.320,605.189" colourspace="ICCBased" ncolour="[0]" size="10.560"> </text>
                <text font="JTTPDQ+SimSun" bbox="208.320,594.629,213.600,605.189" colourspace="ICCBased" ncolour="[0]" size="10.560"> </text>
                <text font="JTTPDQ+SimSun" bbox="213.600,594.629,218.880,605.189" colourspace="ICCBased" ncolour="[0]" size="10.560"> </text>
                <text font="JTTPDQ+SimSun" bbox="218.880,594.629,224.160,605.189" colourspace="ICCBased" ncolour="[0]" size="10.560"> </text>
                <text font="JTTPDQ+SimSun" bbox="224.160,594.629,229.440,605.189" colourspace="ICCBased" ncolour="[0]" size="10.560"> </text>
                <text font="JTTPDQ+SimSun" bbox="229.440,594.629,234.720,605.189" colourspace="ICCBased" ncolour="[0]" size="10.560"> </text>
                <text font="JTTPDQ+SimSun" bbox="234.720,594.629,240.000,605.189" colourspace="ICCBased" ncolour="[0]" size="10.560"> </text>
                <text font="JTTPDQ+SimSun" bbox="240.000,594.629,245.280,605.189" colourspace="ICCBased" ncolour="[0]" size="10.560"> </text>
                <text font="JTTPDQ+SimSun" bbox="245.280,594.629,250.560,605.189" colourspace="ICCBased" ncolour="[0]" size="10.560"> </text>
                <text font="JTTPDQ+SimSun" bbox="250.560,594.629,255.840,605.189" colourspace="ICCBased" ncolour="[0]" size="10.560"> </text>
                <text font="JTTPDQ+SimSun" bbox="255.840,594.629,261.120,605.189" colourspace="ICCBased" ncolour="[0]" size="10.560"> </text>
                <text font="JTTPDQ+SimSun" bbox="261.120,594.629,266.400,605.189" colourspace="ICCBased" ncolour="[0]" size="10.560"> </text>
                <text font="JTTPDQ+SimSun" bbox="266.400,594.629,271.680,605.189" colourspace="ICCBased" ncolour="[0]" size="10.560"> </text>
                <text font="JTTPDQ+SimSun" bbox="271.680,594.629,276.960,605.189" colourspace="ICCBased" ncolour="[0]" size="10.560"> </text>
                <text font="JTTPDQ+SimSun" bbox="276.720,594.629,282.000,605.189" colourspace="ICCBased" ncolour="[0]" size="10.560"> </text>
                <text font="JTTPDQ+SimSun" bbox="282.000,594.629,287.280,605.189" colourspace="ICCBased" ncolour="[0]" size="10.560"> </text>
                <text font="JTTPDQ+SimSun" bbox="287.280,594.629,292.560,605.189" colourspace="ICCBased" ncolour="[0]" size="10.560"> </text>
                <text font="JTTPDQ+SimSun" bbox="292.560,594.629,297.840,605.189" colourspace="ICCBased" ncolour="[0]" size="10.560"> </text>
                <text font="JTTPDQ+SimSun" bbox="297.840,594.629,303.120,605.189" colourspace="ICCBased" ncolour="[0]" size="10.560"> </text>
                <text font="JTTPDQ+SimSun" bbox="303.120,594.629,308.400,605.189" colourspace="ICCBased" ncolour="[0]" size="10.560"> </text>
                <text font="JTTPDQ+SimSun" bbox="308.400,594.629,313.680,605.189" colourspace="ICCBased" ncolour="[0]" size="10.560"> </text>
                <text font="JTTPDQ+SimSun" bbox="313.680,594.629,318.960,605.189" colourspace="ICCBased" ncolour="[0]" size="10.560"> </text>
                <text font="JTTPDQ+SimSun" bbox="318.960,594.629,324.240,605.189" colourspace="ICCBased" ncolour="[0]" size="10.560"> </text>
                <text font="JTTPDQ+SimSun" bbox="324.240,594.629,329.520,605.189" colourspace="ICCBased" ncolour="[0]" size="10.560"> </text>
                <text font="JTTPDQ+SimSun" bbox="329.520,594.629,334.800,605.189" colourspace="ICCBased" ncolour="[0]" size="10.560"> </text>
                <text font="JTTPDQ+SimSun" bbox="334.800,594.629,340.080,605.189" colourspace="ICCBased" ncolour="[0]" size="10.560"> </text>
                <text font="JTTPDQ+SimSun" bbox="339.841,594.629,345.121,605.189" colourspace="ICCBased" ncolour="[0]" size="10.560"> </text>
                <text font="JTTPDQ+SimSun" bbox="345.121,594.629,350.401,605.189" colourspace="ICCBased" ncolour="[0]" size="10.560"> </text>
                <text font="JTTPDQ+SimSun" bbox="350.401,594.629,355.681,605.189" colourspace="ICCBased" ncolour="[0]" size="10.560"> </text>
                <text font="JTTPDQ+SimSun" bbox="355.681,594.629,360.961,605.189" colourspace="ICCBased" ncolour="[0]" size="10.560"> </text>
                <text font="JTTPDQ+SimSun" bbox="360.961,594.629,366.241,605.189" colourspace="ICCBased" ncolour="[0]" size="10.560"> </text>
                <text font="JTTPDQ+SimSun" bbox="366.241,594.629,371.521,605.189" colourspace="ICCBased" ncolour="[0]" size="10.560"> </text>
                <text font="JTTPDQ+SimSun" bbox="371.521,594.629,376.801,605.189" colourspace="ICCBased" ncolour="[0]" size="10.560"> </text>
                <text font="JTTPDQ+SimSun" bbox="376.801,594.629,382.081,605.189" colourspace="ICCBased" ncolour="[0]" size="10.560"> </text>
                <text font="JTTPDQ+SimSun" bbox="382.081,594.629,387.361,605.189" colourspace="ICCBased" ncolour="[0]" size="10.560"> </text>
                <text font="JTTPDQ+SimSun" bbox="387.361,594.629,392.641,605.189" colourspace="ICCBased" ncolour="[0]" size="10.560"> </text>
                <text font="JTTPDQ+SimSun" bbox="392.641,594.629,397.921,605.189" colourspace="ICCBased" ncolour="[0]" size="10.560"> </text>
                <text font="JTTPDQ+SimSun" bbox="397.921,594.629,403.201,605.189" colourspace="ICCBased" ncolour="[0]" size="10.560"> </text>
                <text font="JTTPDQ+SimSun" bbox="403.201,594.629,408.481,605.189" colourspace="ICCBased" ncolour="[0]" size="10.560"> </text>
                <text font="JTTPDQ+SimSun" bbox="408.481,594.629,413.761,605.189" colourspace="ICCBased" ncolour="[0]" size="10.560"> </text>
                <text font="JTTPDQ+SimSun" bbox="413.761,594.629,419.041,605.189" colourspace="ICCBased" ncolour="[0]" size="10.560"> </text>
                <text font="JTTPDQ+SimSun" bbox="419.041,594.629,424.321,605.189" colourspace="ICCBased" ncolour="[0]" size="10.560"> </text>
                <text font="JTTPDQ+SimSun" bbox="424.321,594.629,429.601,605.189" colourspace="ICCBased" ncolour="[0]" size="10.560"> </text>
                <text font="JTTPDQ+SimSun" bbox="429.601,594.629,434.881,605.189" colourspace="ICCBased" ncolour="[0]" size="10.560"> </text>
                <text font="JTTPDQ+SimSun" bbox="434.881,594.629,440.161,605.189" colourspace="ICCBased" ncolour="[0]" size="10.560"> </text>
                <text font="JTTPDQ+SimSun" bbox="440.161,594.629,445.441,605.189" colourspace="ICCBased" ncolour="[0]" size="10.560"> </text>
                <text font="JTTPDQ+SimSun" bbox="445.441,594.629,450.721,605.189" colourspace="ICCBased" ncolour="[0]" size="10.560"> </text>
                <text font="JTTPDQ+SimSun" bbox="450.721,594.629,456.001,605.189" colourspace="ICCBased" ncolour="[0]" size="10.560"> </text>
                <text font="JTTPDQ+SimSun" bbox="456.001,594.629,461.281,605.189" colourspace="ICCBased" ncolour="[0]" size="10.560"> </text>
                <text font="JTTPDQ+SimSun" bbox="461.281,594.629,466.561,605.189" colourspace="ICCBased" ncolour="[0]" size="10.560"> </text>
                <text font="JTTPDQ+SimSun" bbox="466.561,594.629,471.841,605.189" colourspace="ICCBased" ncolour="[0]" size="10.560"> </text>
                <text font="JTTPDQ+SimSun" bbox="471.841,594.629,477.121,605.189" colourspace="ICCBased" ncolour="[0]" size="10.560"> </text>
                <text font="JTTPDQ+SimSun" bbox="477.121,594.629,482.401,605.189" colourspace="ICCBased" ncolour="[0]" size="10.560"> </text>
                <text font="JTTPDQ+SimSun" bbox="482.401,594.629,487.681,605.189" colourspace="ICCBased" ncolour="[0]" size="10.560"> </text>
                <text font="JTTPDQ+SimSun" bbox="487.681,594.629,492.961,605.189" colourspace="ICCBased" ncolour="[0]" size="10.560"> </text>
                <text font="JTTPDQ+SimSun" bbox="492.961,594.629,498.241,605.189" colourspace="ICCBased" ncolour="[0]" size="10.560"> </text>
                <text font="JTTPDQ+SimSun" bbox="498.241,594.629,503.521,605.189" colourspace="ICCBased" ncolour="[0]" size="10.560"> </text>
                <text font="JTTPDQ+SimSun" bbox="503.521,594.629,508.801,605.189" colourspace="ICCBased" ncolour="[0]" size="10.560"> </text>
                <text font="JTTPDQ+SimSun" bbox="508.560,594.629,513.840,605.189" colourspace="ICCBased" ncolour="[0]" size="10.560"> </text>
                <text>
                </text>
            </textline>
        </textbox>
        <textbox id="8" bbox="210.480,485.429,552.480,741.749">
            <textline bbox="210.480,731.189,215.760,741.749">
                <text font="JTTPDQ+SimSun" bbox="210.480,731.189,215.760,741.749" colourspace="ICCBased" ncolour="[0]" size="10.560"> </text>
                <text>
                </text>
            </textline>
            <textline bbox="210.480,717.989,547.205,728.549">
                <text font="JQUZDQ+SimSun" bbox="210.480,717.989,221.040,728.549" colourspace="ICCBased" ncolour="[0]" size="10.560">自</text>
                <text font="JQUZDQ+SimSun" bbox="221.040,717.989,231.600,728.549" colourspace="ICCBased" ncolour="[0]" size="10.560">您</text>
                <text font="JQUZDQ+SimSun" bbox="231.600,717.989,242.160,728.549" colourspace="ICCBased" ncolour="[0]" size="10.560">签</text>
                <text font="JQUZDQ+SimSun" bbox="242.160,717.989,252.720,728.549" colourspace="ICCBased" ncolour="[0]" size="10.560">收</text>
                <text font="JQUZDQ+SimSun" bbox="252.720,717.989,263.280,728.549" colourspace="ICCBased" ncolour="[0]" size="10.560">本</text>
                <text font="JQUZDQ+SimSun" bbox="263.040,717.989,273.600,728.549" colourspace="ICCBased" ncolour="[0]" size="10.560">附</text>
                <text font="JQUZDQ+SimSun" bbox="273.600,717.989,284.160,728.549" colourspace="ICCBased" ncolour="[0]" size="10.560">加</text>
                <text font="JQUZDQ+SimSun" bbox="284.160,717.989,294.720,728.549" colourspace="ICCBased" ncolour="[0]" size="10.560">险</text>
                <text font="JQUZDQ+SimSun" bbox="294.720,717.989,305.280,728.549" colourspace="ICCBased" ncolour="[0]" size="10.560">合</text>
                <text font="JQUZDQ+SimSun" bbox="305.040,717.989,315.600,728.549" colourspace="ICCBased" ncolour="[0]" size="10.560">同</text>
                <text font="JQUZDQ+SimSun" bbox="315.600,717.989,326.160,728.549" colourspace="ICCBased" ncolour="[0]" size="10.560">次</text>
                <text font="JQUZDQ+SimSun" bbox="326.160,717.989,336.720,728.549" colourspace="ICCBased" ncolour="[0]" size="10.560">日</text>
                <text font="JQUZDQ+SimSun" bbox="336.720,717.989,347.280,728.549" colourspace="ICCBased" ncolour="[0]" size="10.560">起</text>
                <text font="JQUZDQ+SimSun" bbox="347.280,717.989,357.840,728.549" colourspace="ICCBased" ncolour="[0]" size="10.560">，</text>
                <text font="JQUZDQ+SimSun" bbox="355.200,717.989,365.760,728.549" colourspace="ICCBased" ncolour="[0]" size="10.560">有</text>
                <text> </text>
                <text font="JTTPDQ+SimSun" bbox="368.405,717.989,373.685,728.549" colourspace="ICCBased" ncolour="[0]" size="10.560">2</text>
                <text font="JTTPDQ+SimSun" bbox="373.685,717.989,378.965,728.549" colourspace="ICCBased" ncolour="[0]" size="10.560">0</text>
                <text> </text>
                <text font="JQUZDQ+SimSun" bbox="381.605,717.989,392.165,728.549" colourspace="ICCBased" ncolour="[0]" size="10.560">日</text>
                <text font="JQUZDQ+SimSun" bbox="391.925,717.989,402.485,728.549" colourspace="ICCBased" ncolour="[0]" size="10.560">的</text>
                <text font="JQUZDQ+SimSun" bbox="402.485,717.989,413.045,728.549" colourspace="ICCBased" ncolour="[0]" size="10.560">犹</text>
                <text font="JQUZDQ+SimSun" bbox="413.045,717.989,423.605,728.549" colourspace="ICCBased" ncolour="[0]" size="10.560">豫</text>
                <text font="JQUZDQ+SimSun" bbox="423.605,717.989,434.165,728.549" colourspace="ICCBased" ncolour="[0]" size="10.560">期</text>
                <text font="JQUZDQ+SimSun" bbox="433.924,717.989,444.484,728.549" colourspace="ICCBased" ncolour="[0]" size="10.560">。</text>
                <text font="JQUZDQ+SimSun" bbox="442.085,717.989,452.645,728.549" colourspace="ICCBased" ncolour="[0]" size="10.560">在</text>
                <text font="JQUZDQ+SimSun" bbox="452.404,717.989,462.964,728.549" colourspace="ICCBased" ncolour="[0]" size="10.560">此</text>
                <text font="JQUZDQ+SimSun" bbox="462.964,717.989,473.524,728.549" colourspace="ICCBased" ncolour="[0]" size="10.560">期</text>
                <text font="JQUZDQ+SimSun" bbox="473.524,717.989,484.084,728.549" colourspace="ICCBased" ncolour="[0]" size="10.560">间</text>
                <text font="JQUZDQ+SimSun" bbox="484.084,717.989,494.644,728.549" colourspace="ICCBased" ncolour="[0]" size="10.560">请</text>
                <text font="JQUZDQ+SimSun" bbox="494.644,717.989,505.204,728.549" colourspace="ICCBased" ncolour="[0]" size="10.560">您</text>
                <text font="JQUZDQ+SimSun" bbox="504.965,717.989,515.525,728.549" colourspace="ICCBased" ncolour="[0]" size="10.560">认</text>
                <text font="JQUZDQ+SimSun" bbox="515.525,717.989,526.085,728.549" colourspace="ICCBased" ncolour="[0]" size="10.560">真</text>
                <text font="JQUZDQ+SimSun" bbox="526.085,717.989,536.645,728.549" colourspace="ICCBased" ncolour="[0]" size="10.560">审</text>
                <text font="JQUZDQ+SimSun" bbox="536.645,717.989,547.205,728.549" colourspace="ICCBased" ncolour="[0]" size="10.560">视</text>
                <text>
                </text>
            </textline>
            <textline bbox="210.480,702.392,546.720,712.952">
                <text font="JQUZDQ+SimSun" bbox="210.480,702.392,221.040,712.952" colourspace="ICCBased" ncolour="[0]" size="10.560">本</text>
                <text font="JQUZDQ+SimSun" bbox="221.040,702.392,231.600,712.952" colourspace="ICCBased" ncolour="[0]" size="10.560">附</text>
                <text font="JQUZDQ+SimSun" bbox="231.600,702.392,242.160,712.952" colourspace="ICCBased" ncolour="[0]" size="10.560">加</text>
                <text font="JQUZDQ+SimSun" bbox="242.160,702.392,252.720,712.952" colourspace="ICCBased" ncolour="[0]" size="10.560">险</text>
                <text font="JQUZDQ+SimSun" bbox="252.720,702.392,263.280,712.952" colourspace="ICCBased" ncolour="[0]" size="10.560">合</text>
                <text font="JQUZDQ+SimSun" bbox="263.040,702.392,273.600,712.952" colourspace="ICCBased" ncolour="[0]" size="10.560">同</text>
                <text font="JQUZDQ+SimSun" bbox="273.600,702.392,284.160,712.952" colourspace="ICCBased" ncolour="[0]" size="10.560">，</text>
                <text font="JQUZDQ+SimSun" bbox="284.160,702.392,294.720,712.952" colourspace="ICCBased" ncolour="[0]" size="10.560">如</text>
                <text font="JQUZDQ+SimSun" bbox="294.720,702.392,305.280,712.952" colourspace="ICCBased" ncolour="[0]" size="10.560">果</text>
                <text font="JQUZDQ+SimSun" bbox="305.040,702.392,315.600,712.952" colourspace="ICCBased" ncolour="[0]" size="10.560">您</text>
                <text font="JQUZDQ+SimSun" bbox="315.600,702.392,326.160,712.952" colourspace="ICCBased" ncolour="[0]" size="10.560">认</text>
                <text font="JQUZDQ+SimSun" bbox="326.160,702.392,336.720,712.952" colourspace="ICCBased" ncolour="[0]" size="10.560">为</text>
                <text font="JQUZDQ+SimSun" bbox="336.720,702.392,347.280,712.952" colourspace="ICCBased" ncolour="[0]" size="10.560">本</text>
                <text font="JQUZDQ+SimSun" bbox="347.040,702.392,357.600,712.952" colourspace="ICCBased" ncolour="[0]" size="10.560">附</text>
                <text font="JQUZDQ+SimSun" bbox="357.600,702.392,368.160,712.952" colourspace="ICCBased" ncolour="[0]" size="10.560">加</text>
                <text font="JQUZDQ+SimSun" bbox="368.160,702.392,378.720,712.952" colourspace="ICCBased" ncolour="[0]" size="10.560">险</text>
                <text font="JQUZDQ+SimSun" bbox="378.720,702.392,389.280,712.952" colourspace="ICCBased" ncolour="[0]" size="10.560">合</text>
                <text font="JQUZDQ+SimSun" bbox="389.040,702.392,399.600,712.952" colourspace="ICCBased" ncolour="[0]" size="10.560">同</text>
                <text font="JQUZDQ+SimSun" bbox="399.600,702.392,410.160,712.952" colourspace="ICCBased" ncolour="[0]" size="10.560">与</text>
                <text font="JQUZDQ+SimSun" bbox="410.160,702.392,420.720,712.952" colourspace="ICCBased" ncolour="[0]" size="10.560">您</text>
                <text font="JQUZDQ+SimSun" bbox="420.720,702.392,431.280,712.952" colourspace="ICCBased" ncolour="[0]" size="10.560">的</text>
                <text font="JQUZDQ+SimSun" bbox="431.040,702.392,441.600,712.952" colourspace="ICCBased" ncolour="[0]" size="10.560">需</text>
                <text font="JQUZDQ+SimSun" bbox="441.600,702.392,452.160,712.952" colourspace="ICCBased" ncolour="[0]" size="10.560">求</text>
                <text font="JQUZDQ+SimSun" bbox="451.920,702.392,462.480,712.952" colourspace="ICCBased" ncolour="[0]" size="10.560">不</text>
                <text font="JQUZDQ+SimSun" bbox="462.480,702.392,473.040,712.952" colourspace="ICCBased" ncolour="[0]" size="10.560">相</text>
                <text font="JQUZDQ+SimSun" bbox="473.040,702.392,483.600,712.952" colourspace="ICCBased" ncolour="[0]" size="10.560">符</text>
                <text font="JQUZDQ+SimSun" bbox="483.600,702.392,494.160,712.952" colourspace="ICCBased" ncolour="[0]" size="10.560">，</text>
                <text font="JQUZDQ+SimSun" bbox="494.160,702.392,504.720,712.952" colourspace="ICCBased" ncolour="[0]" size="10.560">您</text>
                <text font="JQUZDQ+SimSun" bbox="504.480,702.392,515.040,712.952" colourspace="ICCBased" ncolour="[0]" size="10.560">可</text>
                <text font="JQUZDQ+SimSun" bbox="515.040,702.392,525.600,712.952" colourspace="ICCBased" ncolour="[0]" size="10.560">以</text>
                <text font="JQUZDQ+SimSun" bbox="525.600,702.392,536.160,712.952" colourspace="ICCBased" ncolour="[0]" size="10.560">在</text>
                <text font="JQUZDQ+SimSun" bbox="536.160,702.392,546.720,712.952" colourspace="ICCBased" ncolour="[0]" size="10.560">此</text>
                <text>
                </text>
            </textline>
            <textline bbox="210.480,686.795,541.198,697.355">
                <text font="JQUZDQ+SimSun" bbox="210.480,686.795,221.040,697.355" colourspace="ICCBased" ncolour="[0]" size="10.560">期</text>
                <text font="JQUZDQ+SimSun" bbox="221.040,686.795,231.600,697.355" colourspace="ICCBased" ncolour="[0]" size="10.560">间</text>
                <text font="JQUZDQ+SimSun" bbox="231.600,686.795,242.160,697.355" colourspace="ICCBased" ncolour="[0]" size="10.560">提</text>
                <text font="JQUZDQ+SimSun" bbox="242.160,686.795,252.720,697.355" colourspace="ICCBased" ncolour="[0]" size="10.560">出</text>
                <text font="JQUZDQ+SimSun" bbox="252.720,686.795,263.280,697.355" colourspace="ICCBased" ncolour="[0]" size="10.560">解</text>
                <text font="JQUZDQ+SimSun" bbox="263.040,686.795,273.600,697.355" colourspace="ICCBased" ncolour="[0]" size="10.560">除</text>
                <text font="JQUZDQ+SimSun" bbox="273.600,686.795,284.160,697.355" colourspace="ICCBased" ncolour="[0]" size="10.560">本</text>
                <text font="JQUZDQ+SimSun" bbox="284.160,686.795,294.720,697.355" colourspace="ICCBased" ncolour="[0]" size="10.560">附</text>
                <text font="JQUZDQ+SimSun" bbox="294.720,686.795,305.280,697.355" colourspace="ICCBased" ncolour="[0]" size="10.560">加</text>
                <text font="JQUZDQ+SimSun" bbox="305.040,686.795,315.600,697.355" colourspace="ICCBased" ncolour="[0]" size="10.560">险</text>
                <text font="JQUZDQ+SimSun" bbox="315.600,686.795,326.160,697.355" colourspace="ICCBased" ncolour="[0]" size="10.560">合</text>
                <text font="JQUZDQ+SimSun" bbox="326.160,686.795,336.720,697.355" colourspace="ICCBased" ncolour="[0]" size="10.560">同</text>
                <text font="JQUZDQ+SimSun" bbox="336.720,686.795,347.280,697.355" colourspace="ICCBased" ncolour="[0]" size="10.560">，</text>
                <text font="JQUZDQ+SimSun" bbox="347.040,686.795,357.600,697.355" colourspace="ICCBased" ncolour="[0]" size="10.560">我</text>
                <text font="JQUZDQ+SimSun" bbox="357.600,686.795,368.160,697.355" colourspace="ICCBased" ncolour="[0]" size="10.560">们</text>
                <text font="JQUZDQ+SimSun" bbox="368.160,686.795,378.720,697.355" colourspace="ICCBased" ncolour="[0]" size="10.560">将</text>
                <text font="JQUZDQ+SimSun" bbox="378.720,686.795,389.280,697.355" colourspace="ICCBased" ncolour="[0]" size="10.560">无</text>
                <text font="JQUZDQ+SimSun" bbox="389.040,686.795,399.600,697.355" colourspace="ICCBased" ncolour="[0]" size="10.560">息</text>
                <text font="JQUZDQ+SimSun" bbox="399.600,686.795,410.160,697.355" colourspace="ICCBased" ncolour="[0]" size="10.560">退</text>
                <text font="JQUZDQ+SimSun" bbox="410.160,686.795,420.720,697.355" colourspace="ICCBased" ncolour="[0]" size="10.560">还</text>
                <text font="JQUZDQ+SimSun" bbox="420.720,686.795,431.280,697.355" colourspace="ICCBased" ncolour="[0]" size="10.560">您</text>
                <text font="JQUZDQ+SimSun" bbox="431.040,686.795,441.600,697.355" colourspace="ICCBased" ncolour="[0]" size="10.560">所</text>
                <text font="JQUZDQ+SimSun" bbox="441.600,686.795,452.160,697.355" colourspace="ICCBased" ncolour="[0]" size="10.560">支</text>
                <text font="JQUZDQ+SimSun" bbox="451.920,686.795,462.480,697.355" colourspace="ICCBased" ncolour="[0]" size="10.560">付</text>
                <text font="JQUZDQ+SimSun" bbox="462.480,686.795,473.040,697.355" colourspace="ICCBased" ncolour="[0]" size="10.560">的</text>
                <text font="JQUZDQ+SimSun" bbox="473.040,686.795,483.600,697.355" colourspace="ICCBased" ncolour="[0]" size="10.560">全</text>
                <text font="JQUZDQ+SimSun" bbox="483.600,686.795,494.160,697.355" colourspace="ICCBased" ncolour="[0]" size="10.560">部</text>
                <text font="JQUZDQ+SimSun" bbox="494.160,686.795,504.720,697.355" colourspace="ICCBased" ncolour="[0]" size="10.560">保</text>
                <text font="JQUZDQ+SimSun" bbox="504.480,686.795,515.040,697.355" colourspace="ICCBased" ncolour="[0]" size="10.560">险</text>
                <text font="JQUZDQ+SimSun" bbox="515.040,686.795,525.600,697.355" colourspace="ICCBased" ncolour="[0]" size="10.560">费</text>
                <text font="JQUZDQ+SimSun" bbox="525.600,686.795,536.160,697.355" colourspace="ICCBased" ncolour="[0]" size="10.560">。</text>
                <text font="JTTPDQ+SimSun" bbox="535.918,686.795,541.198,697.355" colourspace="ICCBased" ncolour="[0]" size="10.560"> </text>
                <text>
                </text>
            </textline>
            <textline bbox="210.480,671.189,546.720,681.749">
                <text font="JQUZDQ+SimSun" bbox="210.480,671.189,221.040,681.749" colourspace="ICCBased" ncolour="[0]" size="10.560">解</text>
                <text font="JQUZDQ+SimSun" bbox="221.040,671.189,231.600,681.749" colourspace="ICCBased" ncolour="[0]" size="10.560">除</text>
                <text font="JQUZDQ+SimSun" bbox="231.600,671.189,242.160,681.749" colourspace="ICCBased" ncolour="[0]" size="10.560">本</text>
                <text font="JQUZDQ+SimSun" bbox="242.160,671.189,252.720,681.749" colourspace="ICCBased" ncolour="[0]" size="10.560">附</text>
                <text font="JQUZDQ+SimSun" bbox="252.720,671.189,263.280,681.749" colourspace="ICCBased" ncolour="[0]" size="10.560">加</text>
                <text font="JQUZDQ+SimSun" bbox="263.040,671.189,273.600,681.749" colourspace="ICCBased" ncolour="[0]" size="10.560">险</text>
                <text font="JQUZDQ+SimSun" bbox="273.600,671.189,284.160,681.749" colourspace="ICCBased" ncolour="[0]" size="10.560">合</text>
                <text font="JQUZDQ+SimSun" bbox="284.160,671.189,294.720,681.749" colourspace="ICCBased" ncolour="[0]" size="10.560">同</text>
                <text font="JQUZDQ+SimSun" bbox="294.720,671.189,305.280,681.749" colourspace="ICCBased" ncolour="[0]" size="10.560">时</text>
                <text font="JQUZDQ+SimSun" bbox="305.040,671.189,315.600,681.749" colourspace="ICCBased" ncolour="[0]" size="10.560">，</text>
                <text font="JQUZDQ+SimSun" bbox="315.600,671.189,326.160,681.749" colourspace="ICCBased" ncolour="[0]" size="10.560">您</text>
                <text font="JQUZDQ+SimSun" bbox="326.160,671.189,336.720,681.749" colourspace="ICCBased" ncolour="[0]" size="10.560">需</text>
                <text font="JQUZDQ+SimSun" bbox="336.720,671.189,347.280,681.749" colourspace="ICCBased" ncolour="[0]" size="10.560">要</text>
                <text font="JQUZDQ+SimSun" bbox="347.040,671.189,357.600,681.749" colourspace="ICCBased" ncolour="[0]" size="10.560">填</text>
                <text font="JQUZDQ+SimSun" bbox="357.600,671.189,368.160,681.749" colourspace="ICCBased" ncolour="[0]" size="10.560">写</text>
                <text font="JQUZDQ+SimSun" bbox="368.160,671.189,378.720,681.749" colourspace="ICCBased" ncolour="[0]" size="10.560">申</text>
                <text font="JQUZDQ+SimSun" bbox="378.720,671.189,389.280,681.749" colourspace="ICCBased" ncolour="[0]" size="10.560">请</text>
                <text font="JQUZDQ+SimSun" bbox="389.040,671.189,399.600,681.749" colourspace="ICCBased" ncolour="[0]" size="10.560">书</text>
                <text font="JQUZDQ+SimSun" bbox="399.600,671.189,410.160,681.749" colourspace="ICCBased" ncolour="[0]" size="10.560">，</text>
                <text font="JQUZDQ+SimSun" bbox="410.160,671.189,420.720,681.749" colourspace="ICCBased" ncolour="[0]" size="10.560">并</text>
                <text font="JQUZDQ+SimSun" bbox="420.720,671.189,431.280,681.749" colourspace="ICCBased" ncolour="[0]" size="10.560">提</text>
                <text font="JQUZDQ+SimSun" bbox="431.040,671.189,441.600,681.749" colourspace="ICCBased" ncolour="[0]" size="10.560">供</text>
                <text font="JQUZDQ+SimSun" bbox="441.600,671.189,452.160,681.749" colourspace="ICCBased" ncolour="[0]" size="10.560">您</text>
                <text font="JQUZDQ+SimSun" bbox="451.920,671.189,462.480,681.749" colourspace="ICCBased" ncolour="[0]" size="10.560">的</text>
                <text font="JQUZDQ+SimSun" bbox="462.480,671.189,473.040,681.749" colourspace="ICCBased" ncolour="[0]" size="10.560">保</text>
                <text font="JQUZDQ+SimSun" bbox="473.040,671.189,483.600,681.749" colourspace="ICCBased" ncolour="[0]" size="10.560">险</text>
                <text font="JQUZDQ+SimSun" bbox="483.600,671.189,494.160,681.749" colourspace="ICCBased" ncolour="[0]" size="10.560">合</text>
                <text font="JQUZDQ+SimSun" bbox="494.160,671.189,504.720,681.749" colourspace="ICCBased" ncolour="[0]" size="10.560">同</text>
                <text font="JQUZDQ+SimSun" bbox="504.480,671.189,515.040,681.749" colourspace="ICCBased" ncolour="[0]" size="10.560">及</text>
                <text font="JQUZDQ+SimSun" bbox="515.040,671.189,525.600,681.749" colourspace="ICCBased" ncolour="[0]" size="10.560">有</text>
                <text font="JQUZDQ+SimSun" bbox="525.600,671.189,536.160,681.749" colourspace="ICCBased" ncolour="[0]" size="10.560">效</text>
                <text font="JQUZDQ+SimSun" bbox="536.160,671.189,546.720,681.749" colourspace="ICCBased" ncolour="[0]" size="10.560">身</text>
                <text>
                </text>
            </textline>
            <textline bbox="210.480,655.589,552.480,666.149">
                <text font="JQUZDQ+SimSun" bbox="210.480,655.589,221.040,666.149" colourspace="ICCBased" ncolour="[0]" size="10.560">份</text>
                <text font="JQUZDQ+SimSun" bbox="221.040,655.589,231.600,666.149" colourspace="ICCBased" ncolour="[0]" size="10.560">证</text>
                <text font="JQUZDQ+SimSun" bbox="231.600,655.589,242.160,666.149" colourspace="ICCBased" ncolour="[0]" size="10.560">件</text>
                <text font="JQUZDQ+SimSun" bbox="242.160,655.589,252.720,666.149" colourspace="ICCBased" ncolour="[0]" size="10.560">。</text>
                <text font="JQUZDQ+SimSun" bbox="250.320,655.589,260.880,666.149" colourspace="ICCBased" ncolour="[0]" size="10.560">自</text>
                <text font="JQUZDQ+SimSun" bbox="260.880,655.589,271.440,666.149" colourspace="ICCBased" ncolour="[0]" size="10.560">我</text>
                <text font="JQUZDQ+SimSun" bbox="271.200,655.589,281.760,666.149" colourspace="ICCBased" ncolour="[0]" size="10.560">们</text>
                <text font="JQUZDQ+SimSun" bbox="281.760,655.589,292.320,666.149" colourspace="ICCBased" ncolour="[0]" size="10.560">收</text>
                <text font="JQUZDQ+SimSun" bbox="292.320,655.589,302.880,666.149" colourspace="ICCBased" ncolour="[0]" size="10.560">到</text>
                <text font="JQUZDQ+SimSun" bbox="302.880,655.589,313.440,666.149" colourspace="ICCBased" ncolour="[0]" size="10.560">您</text>
                <text font="JQUZDQ+SimSun" bbox="313.200,655.589,323.760,666.149" colourspace="ICCBased" ncolour="[0]" size="10.560">解</text>
                <text font="JQUZDQ+SimSun" bbox="323.760,655.589,334.320,666.149" colourspace="ICCBased" ncolour="[0]" size="10.560">除</text>
                <text font="JQUZDQ+SimSun" bbox="334.320,655.589,344.880,666.149" colourspace="ICCBased" ncolour="[0]" size="10.560">合</text>
                <text font="JQUZDQ+SimSun" bbox="344.880,655.589,355.440,666.149" colourspace="ICCBased" ncolour="[0]" size="10.560">同</text>
                <text font="JQUZDQ+SimSun" bbox="355.200,655.589,365.760,666.149" colourspace="ICCBased" ncolour="[0]" size="10.560">的</text>
                <text font="JQUZDQ+SimSun" bbox="365.760,655.589,376.320,666.149" colourspace="ICCBased" ncolour="[0]" size="10.560">书</text>
                <text font="JQUZDQ+SimSun" bbox="376.320,655.589,386.880,666.149" colourspace="ICCBased" ncolour="[0]" size="10.560">面</text>
                <text font="JQUZDQ+SimSun" bbox="386.640,655.589,397.200,666.149" colourspace="ICCBased" ncolour="[0]" size="10.560">申</text>
                <text font="JQUZDQ+SimSun" bbox="397.200,655.589,407.760,666.149" colourspace="ICCBased" ncolour="[0]" size="10.560">请</text>
                <text font="JQUZDQ+SimSun" bbox="407.760,655.589,418.320,666.149" colourspace="ICCBased" ncolour="[0]" size="10.560">时</text>
                <text font="JQUZDQ+SimSun" bbox="418.320,655.589,428.880,666.149" colourspace="ICCBased" ncolour="[0]" size="10.560">起</text>
                <text font="JQUZDQ+SimSun" bbox="428.880,655.589,439.440,666.149" colourspace="ICCBased" ncolour="[0]" size="10.560">，</text>
                <text font="JQUZDQ+SimSun" bbox="436.800,655.589,447.360,666.149" colourspace="ICCBased" ncolour="[0]" size="10.560">本</text>
                <text font="JQUZDQ+SimSun" bbox="447.120,655.589,457.680,666.149" colourspace="ICCBased" ncolour="[0]" size="10.560">附</text>
                <text font="JQUZDQ+SimSun" bbox="457.680,655.589,468.240,666.149" colourspace="ICCBased" ncolour="[0]" size="10.560">加</text>
                <text font="JQUZDQ+SimSun" bbox="468.240,655.589,478.800,666.149" colourspace="ICCBased" ncolour="[0]" size="10.560">险</text>
                <text font="JQUZDQ+SimSun" bbox="478.800,655.589,489.360,666.149" colourspace="ICCBased" ncolour="[0]" size="10.560">合</text>
                <text font="JQUZDQ+SimSun" bbox="489.360,655.589,499.920,666.149" colourspace="ICCBased" ncolour="[0]" size="10.560">同</text>
                <text font="JQUZDQ+SimSun" bbox="499.680,655.589,510.240,666.149" colourspace="ICCBased" ncolour="[0]" size="10.560">即</text>
                <text font="JQUZDQ+SimSun" bbox="510.240,655.589,520.800,666.149" colourspace="ICCBased" ncolour="[0]" size="10.560">被</text>
                <text font="JQUZDQ+SimSun" bbox="520.800,655.589,531.360,666.149" colourspace="ICCBased" ncolour="[0]" size="10.560">解</text>
                <text font="JQUZDQ+SimSun" bbox="531.360,655.589,541.920,666.149" colourspace="ICCBased" ncolour="[0]" size="10.560">除</text>
                <text font="JQUZDQ+SimSun" bbox="541.920,655.589,552.480,666.149" colourspace="ICCBased" ncolour="[0]" size="10.560">，</text>
                <text>
                </text>
            </textline>
            <textline bbox="210.480,639.989,446.640,650.549">
                <text font="JQUZDQ+SimSun" bbox="210.480,639.989,221.040,650.549" colourspace="ICCBased" ncolour="[0]" size="10.560">合</text>
                <text font="JQUZDQ+SimSun" bbox="221.040,639.989,231.600,650.549" colourspace="ICCBased" ncolour="[0]" size="10.560">同</text>
                <text font="JQUZDQ+SimSun" bbox="231.600,639.989,242.160,650.549" colourspace="ICCBased" ncolour="[0]" size="10.560">解</text>
                <text font="JQUZDQ+SimSun" bbox="242.160,639.989,252.720,650.549" colourspace="ICCBased" ncolour="[0]" size="10.560">除</text>
                <text font="JQUZDQ+SimSun" bbox="252.720,639.989,263.280,650.549" colourspace="ICCBased" ncolour="[0]" size="10.560">前</text>
                <text font="JQUZDQ+SimSun" bbox="263.040,639.989,273.600,650.549" colourspace="ICCBased" ncolour="[0]" size="10.560">发</text>
                <text font="JQUZDQ+SimSun" bbox="273.600,639.989,284.160,650.549" colourspace="ICCBased" ncolour="[0]" size="10.560">生</text>
                <text font="JQUZDQ+SimSun" bbox="284.160,639.989,294.720,650.549" colourspace="ICCBased" ncolour="[0]" size="10.560">的</text>
                <text font="JQUZDQ+SimSun" bbox="294.720,639.989,305.280,650.549" colourspace="ICCBased" ncolour="[0]" size="10.560">保</text>
                <text font="JQUZDQ+SimSun" bbox="305.040,639.989,315.600,650.549" colourspace="ICCBased" ncolour="[0]" size="10.560">险</text>
                <text font="JQUZDQ+SimSun" bbox="315.600,639.989,326.160,650.549" colourspace="ICCBased" ncolour="[0]" size="10.560">事</text>
                <text font="JQUZDQ+SimSun" bbox="326.160,639.989,336.720,650.549" colourspace="ICCBased" ncolour="[0]" size="10.560">故</text>
                <text font="JQUZDQ+SimSun" bbox="336.720,639.989,347.280,650.549" colourspace="ICCBased" ncolour="[0]" size="10.560">我</text>
                <text font="JQUZDQ+SimSun" bbox="347.040,639.989,357.600,650.549" colourspace="ICCBased" ncolour="[0]" size="10.560">们</text>
                <text font="JQUZDQ+SimSun" bbox="357.600,639.989,368.160,650.549" colourspace="ICCBased" ncolour="[0]" size="10.560">不</text>
                <text font="JQUZDQ+SimSun" bbox="368.160,639.989,378.720,650.549" colourspace="ICCBased" ncolour="[0]" size="10.560">承</text>
                <text font="JQUZDQ+SimSun" bbox="378.720,639.989,389.280,650.549" colourspace="ICCBased" ncolour="[0]" size="10.560">担</text>
                <text font="JQUZDQ+SimSun" bbox="389.040,639.989,399.600,650.549" colourspace="ICCBased" ncolour="[0]" size="10.560">保</text>
                <text font="JQUZDQ+SimSun" bbox="399.600,639.989,410.160,650.549" colourspace="ICCBased" ncolour="[0]" size="10.560">险</text>
                <text font="JQUZDQ+SimSun" bbox="410.160,639.989,420.720,650.549" colourspace="ICCBased" ncolour="[0]" size="10.560">责</text>
                <text font="JQUZDQ+SimSun" bbox="420.720,639.989,431.280,650.549" colourspace="ICCBased" ncolour="[0]" size="10.560">任</text>
                <text font="JQUZDQ+SimSun" bbox="431.040,639.989,441.600,650.549" colourspace="ICCBased" ncolour="[0]" size="10.560">。</text>
                <text font="JTTPDQ+SimSun" bbox="441.360,639.989,446.640,650.549" colourspace="ICCBased" ncolour="[0]" size="10.560"> </text>
                <text>
                </text>
            </textline>
            <textline bbox="210.480,624.389,215.760,634.949">
                <text font="JTTPDQ+SimSun" bbox="210.480,624.389,215.760,634.949" colourspace="ICCBased" ncolour="[0]" size="10.560"> </text>
                <text>
                </text>
            </textline>
            <textline bbox="210.480,610.229,547.200,620.789">
                <text font="JQUZDQ+SimSun" bbox="210.480,610.229,221.040,620.789" colourspace="ICCBased" ncolour="[0]" size="10.560">您</text>
                <text font="JQUZDQ+SimSun" bbox="221.040,610.229,231.600,620.789" colourspace="ICCBased" ncolour="[0]" size="10.560">在</text>
                <text font="JQUZDQ+SimSun" bbox="231.600,610.229,242.160,620.789" colourspace="ICCBased" ncolour="[0]" size="10.560">犹</text>
                <text font="JQUZDQ+SimSun" bbox="242.160,610.229,252.720,620.789" colourspace="ICCBased" ncolour="[0]" size="10.560">豫</text>
                <text font="JQUZDQ+SimSun" bbox="252.720,610.229,263.280,620.789" colourspace="ICCBased" ncolour="[0]" size="10.560">期</text>
                <text font="JQUZDQ+SimSun" bbox="263.280,610.229,273.840,620.789" colourspace="ICCBased" ncolour="[0]" size="10.560">后</text>
                <text font="JQUZDQ+SimSun" bbox="273.840,610.229,284.400,620.789" colourspace="ICCBased" ncolour="[0]" size="10.560">可</text>
                <text font="JQUZDQ+SimSun" bbox="284.160,610.229,294.720,620.789" colourspace="ICCBased" ncolour="[0]" size="10.560">以</text>
                <text font="JQUZDQ+SimSun" bbox="294.720,610.229,305.280,620.789" colourspace="ICCBased" ncolour="[0]" size="10.560">申</text>
                <text font="JQUZDQ+SimSun" bbox="305.280,610.229,315.840,620.789" colourspace="ICCBased" ncolour="[0]" size="10.560">请</text>
                <text font="JQUZDQ+SimSun" bbox="315.840,610.229,326.400,620.789" colourspace="ICCBased" ncolour="[0]" size="10.560">解</text>
                <text font="JQUZDQ+SimSun" bbox="326.400,610.229,336.960,620.789" colourspace="ICCBased" ncolour="[0]" size="10.560">除</text>
                <text font="JQUZDQ+SimSun" bbox="336.960,610.229,347.520,620.789" colourspace="ICCBased" ncolour="[0]" size="10.560">本</text>
                <text font="JQUZDQ+SimSun" bbox="347.280,610.229,357.840,620.789" colourspace="ICCBased" ncolour="[0]" size="10.560">附</text>
                <text font="JQUZDQ+SimSun" bbox="357.840,610.229,368.400,620.789" colourspace="ICCBased" ncolour="[0]" size="10.560">加</text>
                <text font="JQUZDQ+SimSun" bbox="368.400,610.229,378.960,620.789" colourspace="ICCBased" ncolour="[0]" size="10.560">险</text>
                <text font="JQUZDQ+SimSun" bbox="378.960,610.229,389.520,620.789" colourspace="ICCBased" ncolour="[0]" size="10.560">合</text>
                <text font="JQUZDQ+SimSun" bbox="389.520,610.229,400.080,620.789" colourspace="ICCBased" ncolour="[0]" size="10.560">同</text>
                <text font="JQUZDQ+SimSun" bbox="399.840,610.229,410.400,620.789" colourspace="ICCBased" ncolour="[0]" size="10.560">，</text>
                <text font="JQUZDQ+SimSun" bbox="410.400,610.229,420.960,620.789" colourspace="ICCBased" ncolour="[0]" size="10.560">请</text>
                <text font="JQUZDQ+SimSun" bbox="420.960,610.229,431.520,620.789" colourspace="ICCBased" ncolour="[0]" size="10.560">填</text>
                <text font="JQUZDQ+SimSun" bbox="431.520,610.229,442.080,620.789" colourspace="ICCBased" ncolour="[0]" size="10.560">写</text>
                <text font="JQUZDQ+SimSun" bbox="442.080,610.229,452.640,620.789" colourspace="ICCBased" ncolour="[0]" size="10.560">解</text>
                <text font="JQUZDQ+SimSun" bbox="452.400,610.229,462.960,620.789" colourspace="ICCBased" ncolour="[0]" size="10.560">除</text>
                <text font="JQUZDQ+SimSun" bbox="462.960,610.229,473.520,620.789" colourspace="ICCBased" ncolour="[0]" size="10.560">合</text>
                <text font="JQUZDQ+SimSun" bbox="473.520,610.229,484.080,620.789" colourspace="ICCBased" ncolour="[0]" size="10.560">同</text>
                <text font="JQUZDQ+SimSun" bbox="484.080,610.229,494.640,620.789" colourspace="ICCBased" ncolour="[0]" size="10.560">申</text>
                <text font="JQUZDQ+SimSun" bbox="494.640,610.229,505.200,620.789" colourspace="ICCBased" ncolour="[0]" size="10.560">请</text>
                <text font="JQUZDQ+SimSun" bbox="505.200,610.229,515.760,620.789" colourspace="ICCBased" ncolour="[0]" size="10.560">书</text>
                <text font="JQUZDQ+SimSun" bbox="515.760,610.229,526.320,620.789" colourspace="ICCBased" ncolour="[0]" size="10.560">并</text>
                <text font="JQUZDQ+SimSun" bbox="526.080,610.229,536.640,620.789" colourspace="ICCBased" ncolour="[0]" size="10.560">向</text>
                <text font="JQUZDQ+SimSun" bbox="536.640,610.229,547.200,620.789" colourspace="ICCBased" ncolour="[0]" size="10.560">我</text>
                <text>
                </text>
            </textline>
            <textline bbox="210.480,594.632,299.765,605.192">
                <text font="JQUZDQ+SimSun" bbox="210.480,594.632,221.040,605.192" colourspace="ICCBased" ncolour="[0]" size="10.560">们</text>
                <text font="JQUZDQ+SimSun" bbox="221.040,594.632,231.600,605.192" colourspace="ICCBased" ncolour="[0]" size="10.560">提</text>
                <text font="JQUZDQ+SimSun" bbox="231.600,594.632,242.160,605.192" colourspace="ICCBased" ncolour="[0]" size="10.560">供</text>
                <text font="JQUZDQ+SimSun" bbox="242.160,594.632,252.720,605.192" colourspace="ICCBased" ncolour="[0]" size="10.560">下</text>
                <text font="JQUZDQ+SimSun" bbox="252.720,594.632,263.280,605.192" colourspace="ICCBased" ncolour="[0]" size="10.560">列</text>
                <text font="JQUZDQ+SimSun" bbox="263.040,594.632,273.600,605.192" colourspace="ICCBased" ncolour="[0]" size="10.560">资</text>
                <text font="JQUZDQ+SimSun" bbox="273.600,594.632,284.160,605.192" colourspace="ICCBased" ncolour="[0]" size="10.560">料</text>
                <text font="JQUZDQ+SimSun" bbox="284.160,594.632,294.720,605.192" colourspace="ICCBased" ncolour="[0]" size="10.560">：</text>
                <text font="JTTPDQ+SimSun" bbox="294.485,594.632,299.765,605.192" colourspace="ICCBased" ncolour="[0]" size="10.560"> </text>
                <text>
                </text>
            </textline>
            <textline bbox="210.480,579.035,294.485,589.595">
                <text font="JQUZDQ+SimSun" bbox="210.480,579.035,221.040,589.595" colourspace="ICCBased" ncolour="[0]" size="10.560">（</text>
                <text font="JTTPDQ+SimSun" bbox="221.040,579.035,226.320,589.595" colourspace="ICCBased" ncolour="[0]" size="10.560">1</text>
                <text font="JQUZDQ+SimSun" bbox="226.320,579.035,236.880,589.595" colourspace="ICCBased" ncolour="[0]" size="10.560">）</text>
                <text font="JQUZDQ+SimSun" bbox="236.880,579.035,247.440,589.595" colourspace="ICCBased" ncolour="[0]" size="10.560">保</text>
                <text font="JQUZDQ+SimSun" bbox="247.440,579.035,258.000,589.595" colourspace="ICCBased" ncolour="[0]" size="10.560">险</text>
                <text font="JQUZDQ+SimSun" bbox="258.000,579.035,268.560,589.595" colourspace="ICCBased" ncolour="[0]" size="10.560">合</text>
                <text font="JQUZDQ+SimSun" bbox="268.320,579.035,278.880,589.595" colourspace="ICCBased" ncolour="[0]" size="10.560">同</text>
                <text font="JQUZDQ+SimSun" bbox="278.880,579.035,289.440,589.595" colourspace="ICCBased" ncolour="[0]" size="10.560">；</text>
                <text font="JTTPDQ+SimSun" bbox="289.205,579.035,294.485,589.595" colourspace="ICCBased" ncolour="[0]" size="10.560"> </text>
                <text>
                </text>
            </textline>
            <textline bbox="210.480,563.437,336.482,573.997">
                <text font="JQUZDQ+SimSun" bbox="210.480,563.437,221.040,573.997" colourspace="ICCBased" ncolour="[0]" size="10.560">（</text>
                <text font="JTTPDQ+SimSun" bbox="221.040,563.437,226.320,573.997" colourspace="ICCBased" ncolour="[0]" size="10.560">2</text>
                <text font="JQUZDQ+SimSun" bbox="226.320,563.437,236.880,573.997" colourspace="ICCBased" ncolour="[0]" size="10.560">）</text>
                <text font="JQUZDQ+SimSun" bbox="236.880,563.437,247.440,573.997" colourspace="ICCBased" ncolour="[0]" size="10.560">您</text>
                <text font="JQUZDQ+SimSun" bbox="247.440,563.437,258.000,573.997" colourspace="ICCBased" ncolour="[0]" size="10.560">的</text>
                <text font="JQUZDQ+SimSun" bbox="258.000,563.437,268.560,573.997" colourspace="ICCBased" ncolour="[0]" size="10.560">有</text>
                <text font="JQUZDQ+SimSun" bbox="268.320,563.437,278.880,573.997" colourspace="ICCBased" ncolour="[0]" size="10.560">效</text>
                <text font="JQUZDQ+SimSun" bbox="278.880,563.437,289.440,573.997" colourspace="ICCBased" ncolour="[0]" size="10.560">身</text>
                <text font="JQUZDQ+SimSun" bbox="289.440,563.437,300.000,573.997" colourspace="ICCBased" ncolour="[0]" size="10.560">份</text>
                <text font="JQUZDQ+SimSun" bbox="300.000,563.437,310.560,573.997" colourspace="ICCBased" ncolour="[0]" size="10.560">证</text>
                <text font="JQUZDQ+SimSun" bbox="310.320,563.437,320.880,573.997" colourspace="ICCBased" ncolour="[0]" size="10.560">件</text>
                <text font="JQUZDQ+SimSun" bbox="320.880,563.437,331.440,573.997" colourspace="ICCBased" ncolour="[0]" size="10.560">。</text>
                <text font="JTTPDQ+SimSun" bbox="331.202,563.437,336.482,573.997" colourspace="ICCBased" ncolour="[0]" size="10.560"> </text>
                <text>
                </text>
            </textline>
            <textline bbox="210.480,547.840,547.197,558.400">
                <text font="JQUZDQ+SimSun" bbox="210.480,547.840,221.040,558.400" colourspace="ICCBased" ncolour="[0]" size="10.560">自</text>
                <text font="JQUZDQ+SimSun" bbox="221.040,547.840,231.600,558.400" colourspace="ICCBased" ncolour="[0]" size="10.560">我</text>
                <text font="JQUZDQ+SimSun" bbox="231.600,547.840,242.160,558.400" colourspace="ICCBased" ncolour="[0]" size="10.560">们</text>
                <text font="JQUZDQ+SimSun" bbox="242.160,547.840,252.720,558.400" colourspace="ICCBased" ncolour="[0]" size="10.560">收</text>
                <text font="JQUZDQ+SimSun" bbox="252.720,547.840,263.280,558.400" colourspace="ICCBased" ncolour="[0]" size="10.560">到</text>
                <text font="JQUZDQ+SimSun" bbox="263.280,547.840,273.840,558.400" colourspace="ICCBased" ncolour="[0]" size="10.560">解</text>
                <text font="JQUZDQ+SimSun" bbox="273.840,547.840,284.400,558.400" colourspace="ICCBased" ncolour="[0]" size="10.560">除</text>
                <text font="JQUZDQ+SimSun" bbox="284.160,547.840,294.720,558.400" colourspace="ICCBased" ncolour="[0]" size="10.560">合</text>
                <text font="JQUZDQ+SimSun" bbox="294.720,547.840,305.280,558.400" colourspace="ICCBased" ncolour="[0]" size="10.560">同</text>
                <text font="JQUZDQ+SimSun" bbox="305.280,547.840,315.840,558.400" colourspace="ICCBased" ncolour="[0]" size="10.560">申</text>
                <text font="JQUZDQ+SimSun" bbox="315.840,547.840,326.400,558.400" colourspace="ICCBased" ncolour="[0]" size="10.560">请</text>
                <text font="JQUZDQ+SimSun" bbox="326.400,547.840,336.960,558.400" colourspace="ICCBased" ncolour="[0]" size="10.560">书</text>
                <text font="JQUZDQ+SimSun" bbox="336.960,547.840,347.520,558.400" colourspace="ICCBased" ncolour="[0]" size="10.560">时</text>
                <text font="JQUZDQ+SimSun" bbox="347.280,547.840,357.840,558.400" colourspace="ICCBased" ncolour="[0]" size="10.560">起</text>
                <text font="JQUZDQ+SimSun" bbox="357.840,547.840,368.400,558.400" colourspace="ICCBased" ncolour="[0]" size="10.560">，</text>
                <text font="JQUZDQ+SimSun" bbox="368.400,547.840,378.960,558.400" colourspace="ICCBased" ncolour="[0]" size="10.560">本</text>
                <text font="JQUZDQ+SimSun" bbox="378.960,547.840,389.520,558.400" colourspace="ICCBased" ncolour="[0]" size="10.560">附</text>
                <text font="JQUZDQ+SimSun" bbox="389.520,547.840,400.080,558.400" colourspace="ICCBased" ncolour="[0]" size="10.560">加</text>
                <text font="JQUZDQ+SimSun" bbox="399.840,547.840,410.400,558.400" colourspace="ICCBased" ncolour="[0]" size="10.560">险</text>
                <text font="JQUZDQ+SimSun" bbox="410.400,547.840,420.960,558.400" colourspace="ICCBased" ncolour="[0]" size="10.560">合</text>
                <text font="JQUZDQ+SimSun" bbox="420.960,547.840,431.520,558.400" colourspace="ICCBased" ncolour="[0]" size="10.560">同</text>
                <text font="JQUZDQ+SimSun" bbox="431.520,547.840,442.080,558.400" colourspace="ICCBased" ncolour="[0]" size="10.560">终</text>
                <text font="JQUZDQ+SimSun" bbox="442.080,547.840,452.640,558.400" colourspace="ICCBased" ncolour="[0]" size="10.560">止</text>
                <text font="JQUZDQ+SimSun" bbox="452.400,547.840,462.960,558.400" colourspace="ICCBased" ncolour="[0]" size="10.560">。</text>
                <text font="JQUZDQ+SimSun" bbox="462.960,547.840,473.520,558.400" colourspace="ICCBased" ncolour="[0]" size="10.560">我</text>
                <text font="JQUZDQ+SimSun" bbox="473.520,547.840,484.080,558.400" colourspace="ICCBased" ncolour="[0]" size="10.560">们</text>
                <text font="JQUZDQ+SimSun" bbox="484.080,547.840,494.640,558.400" colourspace="ICCBased" ncolour="[0]" size="10.560">自</text>
                <text font="JQUZDQ+SimSun" bbox="494.640,547.840,505.200,558.400" colourspace="ICCBased" ncolour="[0]" size="10.560">收</text>
                <text font="JQUZDQ+SimSun" bbox="505.200,547.840,515.760,558.400" colourspace="ICCBased" ncolour="[0]" size="10.560">到</text>
                <text font="JQUZDQ+SimSun" bbox="515.760,547.840,526.320,558.400" colourspace="ICCBased" ncolour="[0]" size="10.560">解</text>
                <text font="JQUZDQ+SimSun" bbox="526.077,547.840,536.637,558.400" colourspace="ICCBased" ncolour="[0]" size="10.560">除</text>
                <text font="JQUZDQ+SimSun" bbox="536.637,547.840,547.197,558.400" colourspace="ICCBased" ncolour="[0]" size="10.560">合</text>
                <text>
                </text>
            </textline>
            <textline bbox="210.480,532.243,493.921,542.803">
                <text font="JQUZDQ+SimSun" bbox="210.480,532.243,221.040,542.803" colourspace="ICCBased" ncolour="[0]" size="10.560">同</text>
                <text font="JQUZDQ+SimSun" bbox="221.040,532.243,231.600,542.803" colourspace="ICCBased" ncolour="[0]" size="10.560">申</text>
                <text font="JQUZDQ+SimSun" bbox="231.600,532.243,242.160,542.803" colourspace="ICCBased" ncolour="[0]" size="10.560">请</text>
                <text font="JQUZDQ+SimSun" bbox="242.160,532.243,252.720,542.803" colourspace="ICCBased" ncolour="[0]" size="10.560">书</text>
                <text font="JQUZDQ+SimSun" bbox="252.720,532.243,263.280,542.803" colourspace="ICCBased" ncolour="[0]" size="10.560">之</text>
                <text font="JQUZDQ+SimSun" bbox="263.040,532.243,273.600,542.803" colourspace="ICCBased" ncolour="[0]" size="10.560">日</text>
                <text font="JQUZDQ+SimSun" bbox="273.600,532.243,284.160,542.803" colourspace="ICCBased" ncolour="[0]" size="10.560">起</text>
                <text> </text>
                <text font="JTTPDQ+SimSun" bbox="286.797,532.243,292.077,542.803" colourspace="ICCBased" ncolour="[0]" size="10.560">3</text>
                <text font="JTTPDQ+SimSun" bbox="292.077,532.243,297.357,542.803" colourspace="ICCBased" ncolour="[0]" size="10.560">0</text>
                <text> </text>
                <text font="JQUZDQ+SimSun" bbox="299.997,532.243,310.557,542.803" colourspace="ICCBased" ncolour="[0]" size="10.560">日</text>
                <text font="JQUZDQ+SimSun" bbox="310.317,532.243,320.877,542.803" colourspace="ICCBased" ncolour="[0]" size="10.560">内</text>
                <text font="JQUZDQ+SimSun" bbox="320.877,532.243,331.437,542.803" colourspace="ICCBased" ncolour="[0]" size="10.560">向</text>
                <text font="JQUZDQ+SimSun" bbox="331.437,532.243,341.997,542.803" colourspace="ICCBased" ncolour="[0]" size="10.560">您</text>
                <text font="JQUZDQ+SimSun" bbox="341.997,532.243,352.557,542.803" colourspace="ICCBased" ncolour="[0]" size="10.560">退</text>
                <text font="JQUZDQ+SimSun" bbox="352.318,532.243,362.878,542.803" colourspace="ICCBased" ncolour="[0]" size="10.560">还</text>
                <text font="JQUZDQ+SimSun" bbox="362.878,532.243,373.438,542.803" colourspace="ICCBased" ncolour="[0]" size="10.560">本</text>
                <text font="JQUZDQ+SimSun" bbox="373.438,532.243,383.998,542.803" colourspace="ICCBased" ncolour="[0]" size="10.560">附</text>
                <text font="JQUZDQ+SimSun" bbox="383.998,532.243,394.558,542.803" colourspace="ICCBased" ncolour="[0]" size="10.560">加</text>
                <text font="JQUZDQ+SimSun" bbox="394.317,532.243,404.877,542.803" colourspace="ICCBased" ncolour="[0]" size="10.560">险</text>
                <text font="JQUZDQ+SimSun" bbox="404.877,532.243,415.437,542.803" colourspace="ICCBased" ncolour="[0]" size="10.560">合</text>
                <text font="JQUZDQ+SimSun" bbox="415.437,532.243,425.997,542.803" colourspace="ICCBased" ncolour="[0]" size="10.560">同</text>
                <text font="JQUZDQ+SimSun" bbox="425.757,532.243,436.317,542.803" colourspace="ICCBased" ncolour="[0]" size="10.560">的</text>
                <text font="JQUZDQ+SimSun" bbox="436.317,532.243,446.877,542.803" colourspace="ICCBased" ncolour="[0]" size="10.560">现</text>
                <text font="JQUZDQ+SimSun" bbox="446.638,532.243,457.198,542.803" colourspace="ICCBased" ncolour="[0]" size="10.560">金</text>
                <text font="JQUZDQ+SimSun" bbox="457.198,532.243,467.758,542.803" colourspace="ICCBased" ncolour="[0]" size="10.560">价</text>
                <text font="JQUZDQ+SimSun" bbox="467.758,532.243,478.318,542.803" colourspace="ICCBased" ncolour="[0]" size="10.560">值</text>
                <text font="JQUZDQ+SimSun" bbox="478.318,532.243,488.878,542.803" colourspace="ICCBased" ncolour="[0]" size="10.560">。</text>
                <text font="JTTPDQ+SimSun" bbox="488.641,532.243,493.921,542.803" colourspace="ICCBased" ncolour="[0]" size="10.560"> </text>
                <text>
                </text>
            </textline>
            <textline bbox="210.480,516.646,404.636,527.206">
                <text font="JQUZDQ+SimSun" bbox="210.480,516.646,221.040,527.206" colourspace="ICCBased" ncolour="[0]" size="10.560">您</text>
                <text font="JQUZDQ+SimSun" bbox="221.040,516.646,231.600,527.206" colourspace="ICCBased" ncolour="[0]" size="10.560">在</text>
                <text font="JQUZDQ+SimSun" bbox="231.600,516.646,242.160,527.206" colourspace="ICCBased" ncolour="[0]" size="10.560">犹</text>
                <text font="JQUZDQ+SimSun" bbox="242.160,516.646,252.720,527.206" colourspace="ICCBased" ncolour="[0]" size="10.560">豫</text>
                <text font="JQUZDQ+SimSun" bbox="252.720,516.646,263.280,527.206" colourspace="ICCBased" ncolour="[0]" size="10.560">期</text>
                <text font="JQUZDQ+SimSun" bbox="263.040,516.646,273.600,527.206" colourspace="ICCBased" ncolour="[0]" size="10.560">后</text>
                <text font="JQUZDQ+SimSun" bbox="273.600,516.646,284.160,527.206" colourspace="ICCBased" ncolour="[0]" size="10.560">解</text>
                <text font="JQUZDQ+SimSun" bbox="284.160,516.646,294.720,527.206" colourspace="ICCBased" ncolour="[0]" size="10.560">除</text>
                <text font="JQUZDQ+SimSun" bbox="294.720,516.646,305.280,527.206" colourspace="ICCBased" ncolour="[0]" size="10.560">合</text>
                <text font="JQUZDQ+SimSun" bbox="305.040,516.646,315.600,527.206" colourspace="ICCBased" ncolour="[0]" size="10.560">同</text>
                <text font="JQUZDQ+SimSun" bbox="315.600,516.646,326.160,527.206" colourspace="ICCBased" ncolour="[0]" size="10.560">会</text>
                <text font="JQUZDQ+SimSun" bbox="326.160,516.646,336.720,527.206" colourspace="ICCBased" ncolour="[0]" size="10.560">遭</text>
                <text font="JQUZDQ+SimSun" bbox="336.720,516.646,347.280,527.206" colourspace="ICCBased" ncolour="[0]" size="10.560">受</text>
                <text font="JQUZDQ+SimSun" bbox="347.040,516.646,357.600,527.206" colourspace="ICCBased" ncolour="[0]" size="10.560">一</text>
                <text font="JQUZDQ+SimSun" bbox="357.600,516.646,368.160,527.206" colourspace="ICCBased" ncolour="[0]" size="10.560">定</text>
                <text font="JQUZDQ+SimSun" bbox="368.160,516.646,378.720,527.206" colourspace="ICCBased" ncolour="[0]" size="10.560">损</text>
                <text font="JQUZDQ+SimSun" bbox="378.720,516.646,389.280,527.206" colourspace="ICCBased" ncolour="[0]" size="10.560">失</text>
                <text font="JQUZDQ+SimSun" bbox="389.040,516.646,399.600,527.206" colourspace="ICCBased" ncolour="[0]" size="10.560">。</text>
                <text font="JTTPDQ+SimSun" bbox="399.356,516.646,404.636,527.206" colourspace="ICCBased" ncolour="[0]" size="10.560"> </text>
                <text>
                </text>
            </textline>
            <textline bbox="210.480,501.049,383.759,511.609">
                <text font="JQUZDQ+SimSun" bbox="210.480,501.049,221.040,511.609" colourspace="ICCBased" ncolour="[0]" size="10.560">解</text>
                <text font="JQUZDQ+SimSun" bbox="221.040,501.049,231.600,511.609" colourspace="ICCBased" ncolour="[0]" size="10.560">除</text>
                <text font="JQUZDQ+SimSun" bbox="231.600,501.049,242.160,511.609" colourspace="ICCBased" ncolour="[0]" size="10.560">合</text>
                <text font="JQUZDQ+SimSun" bbox="242.160,501.049,252.720,511.609" colourspace="ICCBased" ncolour="[0]" size="10.560">同</text>
                <text font="JQUZDQ+SimSun" bbox="252.720,501.049,263.280,511.609" colourspace="ICCBased" ncolour="[0]" size="10.560">后</text>
                <text font="JQUZDQ+SimSun" bbox="263.040,501.049,273.600,511.609" colourspace="ICCBased" ncolour="[0]" size="10.560">，</text>
                <text font="JQUZDQ+SimSun" bbox="273.600,501.049,284.160,511.609" colourspace="ICCBased" ncolour="[0]" size="10.560">您</text>
                <text font="JQUZDQ+SimSun" bbox="284.160,501.049,294.720,511.609" colourspace="ICCBased" ncolour="[0]" size="10.560">会</text>
                <text font="JQUZDQ+SimSun" bbox="294.720,501.049,305.280,511.609" colourspace="ICCBased" ncolour="[0]" size="10.560">失</text>
                <text font="JQUZDQ+SimSun" bbox="305.040,501.049,315.600,511.609" colourspace="ICCBased" ncolour="[0]" size="10.560">去</text>
                <text font="JQUZDQ+SimSun" bbox="315.600,501.049,326.160,511.609" colourspace="ICCBased" ncolour="[0]" size="10.560">原</text>
                <text font="JQUZDQ+SimSun" bbox="326.160,501.049,336.720,511.609" colourspace="ICCBased" ncolour="[0]" size="10.560">有</text>
                <text font="JQUZDQ+SimSun" bbox="336.720,501.049,347.280,511.609" colourspace="ICCBased" ncolour="[0]" size="10.560">的</text>
                <text font="JQUZDQ+SimSun" bbox="347.040,501.049,357.600,511.609" colourspace="ICCBased" ncolour="[0]" size="10.560">保</text>
                <text font="JQUZDQ+SimSun" bbox="357.600,501.049,368.160,511.609" colourspace="ICCBased" ncolour="[0]" size="10.560">障</text>
                <text font="JQUZDQ+SimSun" bbox="368.160,501.049,378.720,511.609" colourspace="ICCBased" ncolour="[0]" size="10.560">。</text>
                <text font="JTTPDQ+SimSun" bbox="378.479,501.049,383.759,511.609" colourspace="ICCBased" ncolour="[0]" size="10.560"> </text>
                <text>
                </text>
            </textline>
            <textline bbox="210.480,485.429,215.760,495.989">
                <text font="JTTPDQ+SimSun" bbox="210.480,485.429,215.760,495.989" colourspace="ICCBased" ncolour="[0]" size="10.560"> </text>
                <text>
                </text>
            </textline>
        </textbox>
        <textbox id="9" bbox="97.440,485.429,102.720,495.989">
            <textline bbox="97.440,485.429,102.720,495.989">
                <text font="JTTPDQ+SimSun" bbox="97.440,485.429,102.720,495.989" colourspace="ICCBased" ncolour="[0]" size="10.560"> </text>
                <text>
                </text>
            </textline>
        </textbox>
        <textbox id="10" bbox="60.000,463.557,163.680,483.477">
            <textline bbox="60.000,463.557,163.680,483.477">
                <text font="ZTWRTK+Wingdings2" bbox="60.000,463.557,77.769,483.477" colourspace="ICCBased" ncolour="[0]" size="19.920"></text>
                <text font="ZTWRTK+Wingdings2" bbox="77.760,463.557,97.680,483.477" colourspace="ICCBased" ncolour="[0]" size="19.920"> </text>
                <text font="JQUZDQ+SimSun" bbox="97.440,466.500,109.440,478.500" colourspace="ICCBased" ncolour="[0]" size="12.000">其</text>
                <text font="JQUZDQ+SimSun" bbox="109.440,466.500,121.440,478.500" colourspace="ICCBased" ncolour="[0]" size="12.000">他</text>
                <text font="JQUZDQ+SimSun" bbox="121.680,466.500,133.680,478.500" colourspace="ICCBased" ncolour="[0]" size="12.000">权</text>
                <text font="JQUZDQ+SimSun" bbox="133.680,466.500,145.680,478.500" colourspace="ICCBased" ncolour="[0]" size="12.000">益</text>
                <text font="JTTPDQ+SimSun" bbox="145.680,466.500,151.680,478.500" colourspace="ICCBased" ncolour="[0]" size="12.000"> </text>
                <text font="JTTPDQ+SimSun" bbox="151.680,466.500,157.680,478.500" colourspace="ICCBased" ncolour="[0]" size="12.000"> </text>
                <text font="JTTPDQ+SimSun" bbox="157.680,466.500,163.680,478.500" colourspace="ICCBased" ncolour="[0]" size="12.000"> </text>
                <text>
                </text>
            </textline>
        </textbox>
        <textbox id="11" bbox="68.881,354.640,74.161,365.200">
            <textline bbox="68.881,354.640,74.161,365.200">
                <text font="JTTPDQ+SimSun" bbox="68.881,354.640,74.161,365.200" colourspace="ICCBased" ncolour="[0]" size="10.560"> </text>
                <text>
                </text>
            </textline>
        </textbox>
        <textbox id="12" bbox="51.120,485.429,56.400,495.989">
            <textline bbox="51.120,485.429,56.400,495.989">
                <text font="JTTPDQ+SimSun" bbox="51.120,485.429,56.400,495.989" colourspace="ICCBased" ncolour="[0]" size="10.560"> </text>
                <text>
                </text>
            </textline>
        </textbox>
        <textbox id="13" bbox="51.120,430.229,56.400,440.789">
            <textline bbox="51.120,430.229,56.400,440.789">
                <text font="JTTPDQ+SimSun" bbox="51.120,430.229,56.400,440.789" colourspace="ICCBased" ncolour="[0]" size="10.560"> </text>
                <text>
                </text>
            </textline>
        </textbox>
        <textbox id="14" bbox="51.120,153.269,56.400,163.829">
            <textline bbox="51.120,153.269,56.400,163.829">
                <text font="JTTPDQ+SimSun" bbox="51.120,153.269,56.400,163.829" colourspace="ICCBased" ncolour="[0]" size="10.560"> </text>
                <text>
                </text>
            </textline>
        </textbox>
        <textbox id="15" bbox="60.960,340.469,524.400,351.029">
            <textline bbox="60.960,340.469,524.400,351.029">
                <text font="JTTPDQ+SimSun" bbox="60.960,340.469,66.240,351.029" colourspace="ICCBased" ncolour="[0]" size="10.560">6</text>
                <text font="JTTPDQ+SimSun" bbox="66.240,340.469,71.520,351.029" colourspace="ICCBased" ncolour="[0]" size="10.560">.</text>
                <text font="JTTPDQ+SimSun" bbox="71.520,340.469,76.800,351.029" colourspace="ICCBased" ncolour="[0]" size="10.560">2</text>
                <text font="JTTPDQ+SimSun" bbox="76.800,340.469,82.080,351.029" colourspace="ICCBased" ncolour="[0]" size="10.560"> </text>
                <text> </text>
                <text font="JQUZDQ+SimSun" bbox="97.440,340.469,108.000,351.029" colourspace="ICCBased" ncolour="[0]" size="10.560">减</text>
                <text font="JQUZDQ+SimSun" bbox="108.000,340.469,118.560,351.029" colourspace="ICCBased" ncolour="[0]" size="10.560">额</text>
                <text font="JQUZDQ+SimSun" bbox="118.560,340.469,129.120,351.029" colourspace="ICCBased" ncolour="[0]" size="10.560">交</text>
                <text font="JQUZDQ+SimSun" bbox="129.120,340.469,139.680,351.029" colourspace="ICCBased" ncolour="[0]" size="10.560">清</text>
                <text font="JTTPDQ+SimSun" bbox="139.680,340.469,144.960,351.029" colourspace="ICCBased" ncolour="[0]" size="10.560"> </text>
                <text font="JTTPDQ+SimSun" bbox="144.960,340.469,150.240,351.029" colourspace="ICCBased" ncolour="[0]" size="10.560"> </text>
                <text font="JTTPDQ+SimSun" bbox="150.240,340.469,155.520,351.029" colourspace="ICCBased" ncolour="[0]" size="10.560"> </text>
                <text font="JTTPDQ+SimSun" bbox="155.520,340.469,160.800,351.029" colourspace="ICCBased" ncolour="[0]" size="10.560"> </text>
                <text font="JTTPDQ+SimSun" bbox="160.800,340.469,166.080,351.029" colourspace="ICCBased" ncolour="[0]" size="10.560"> </text>
                <text font="JTTPDQ+SimSun" bbox="166.080,340.469,171.360,351.029" colourspace="ICCBased" ncolour="[0]" size="10.560"> </text>
                <text font="JTTPDQ+SimSun" bbox="171.360,340.469,176.640,351.029" colourspace="ICCBased" ncolour="[0]" size="10.560"> </text>
                <text font="JTTPDQ+SimSun" bbox="176.640,340.469,181.920,351.029" colourspace="ICCBased" ncolour="[0]" size="10.560"> </text>
                <text font="JTTPDQ+SimSun" bbox="181.920,340.469,187.200,351.029" colourspace="ICCBased" ncolour="[0]" size="10.560"> </text>
                <text font="JTTPDQ+SimSun" bbox="187.200,340.469,192.480,351.029" colourspace="ICCBased" ncolour="[0]" size="10.560"> </text>
                <text font="JTTPDQ+SimSun" bbox="192.480,340.469,197.760,351.029" colourspace="ICCBased" ncolour="[0]" size="10.560"> </text>
                <text font="JTTPDQ+SimSun" bbox="197.760,340.469,203.040,351.029" colourspace="ICCBased" ncolour="[0]" size="10.560"> </text>
                <text font="JTTPDQ+SimSun" bbox="203.040,340.469,208.320,351.029" colourspace="ICCBased" ncolour="[0]" size="10.560"> </text>
                <text font="JTTPDQ+SimSun" bbox="208.320,340.469,213.600,351.029" colourspace="ICCBased" ncolour="[0]" size="10.560"> </text>
                <text font="JTTPDQ+SimSun" bbox="213.600,340.469,218.880,351.029" colourspace="ICCBased" ncolour="[0]" size="10.560"> </text>
                <text font="JTTPDQ+SimSun" bbox="218.880,340.469,224.160,351.029" colourspace="ICCBased" ncolour="[0]" size="10.560"> </text>
                <text font="JTTPDQ+SimSun" bbox="224.160,340.469,229.440,351.029" colourspace="ICCBased" ncolour="[0]" size="10.560"> </text>
                <text font="JTTPDQ+SimSun" bbox="229.440,340.469,234.720,351.029" colourspace="ICCBased" ncolour="[0]" size="10.560"> </text>
                <text font="JTTPDQ+SimSun" bbox="234.720,340.469,240.000,351.029" colourspace="ICCBased" ncolour="[0]" size="10.560"> </text>
                <text font="JTTPDQ+SimSun" bbox="240.000,340.469,245.280,351.029" colourspace="ICCBased" ncolour="[0]" size="10.560"> </text>
                <text font="JTTPDQ+SimSun" bbox="245.280,340.469,250.560,351.029" colourspace="ICCBased" ncolour="[0]" size="10.560"> </text>
                <text font="JTTPDQ+SimSun" bbox="250.560,340.469,255.840,351.029" colourspace="ICCBased" ncolour="[0]" size="10.560"> </text>
                <text font="JTTPDQ+SimSun" bbox="255.840,340.469,261.120,351.029" colourspace="ICCBased" ncolour="[0]" size="10.560"> </text>
                <text font="JTTPDQ+SimSun" bbox="261.120,340.469,266.400,351.029" colourspace="ICCBased" ncolour="[0]" size="10.560"> </text>
                <text font="JTTPDQ+SimSun" bbox="266.400,340.469,271.680,351.029" colourspace="ICCBased" ncolour="[0]" size="10.560"> </text>
                <text font="JTTPDQ+SimSun" bbox="271.680,340.469,276.960,351.029" colourspace="ICCBased" ncolour="[0]" size="10.560"> </text>
                <text font="JTTPDQ+SimSun" bbox="276.720,340.469,282.000,351.029" colourspace="ICCBased" ncolour="[0]" size="10.560"> </text>
                <text font="JTTPDQ+SimSun" bbox="282.000,340.469,287.280,351.029" colourspace="ICCBased" ncolour="[0]" size="10.560"> </text>
                <text font="JTTPDQ+SimSun" bbox="287.280,340.469,292.560,351.029" colourspace="ICCBased" ncolour="[0]" size="10.560"> </text>
                <text font="JTTPDQ+SimSun" bbox="292.560,340.469,297.840,351.029" colourspace="ICCBased" ncolour="[0]" size="10.560"> </text>
                <text font="JTTPDQ+SimSun" bbox="297.840,340.469,303.120,351.029" colourspace="ICCBased" ncolour="[0]" size="10.560"> </text>
                <text font="JTTPDQ+SimSun" bbox="303.120,340.469,308.400,351.029" colourspace="ICCBased" ncolour="[0]" size="10.560"> </text>
                <text font="JTTPDQ+SimSun" bbox="308.400,340.469,313.680,351.029" colourspace="ICCBased" ncolour="[0]" size="10.560"> </text>
                <text font="JTTPDQ+SimSun" bbox="313.680,340.469,318.960,351.029" colourspace="ICCBased" ncolour="[0]" size="10.560"> </text>
                <text font="JTTPDQ+SimSun" bbox="318.960,340.469,324.240,351.029" colourspace="ICCBased" ncolour="[0]" size="10.560"> </text>
                <text font="JTTPDQ+SimSun" bbox="324.240,340.469,329.520,351.029" colourspace="ICCBased" ncolour="[0]" size="10.560"> </text>
                <text font="JTTPDQ+SimSun" bbox="329.520,340.469,334.800,351.029" colourspace="ICCBased" ncolour="[0]" size="10.560"> </text>
                <text font="JTTPDQ+SimSun" bbox="334.800,340.469,340.080,351.029" colourspace="ICCBased" ncolour="[0]" size="10.560"> </text>
                <text font="JTTPDQ+SimSun" bbox="339.841,340.469,345.121,351.029" colourspace="ICCBased" ncolour="[0]" size="10.560"> </text>
                <text font="JTTPDQ+SimSun" bbox="345.121,340.469,350.401,351.029" colourspace="ICCBased" ncolour="[0]" size="10.560"> </text>
                <text font="JTTPDQ+SimSun" bbox="350.401,340.469,355.681,351.029" colourspace="ICCBased" ncolour="[0]" size="10.560"> </text>
                <text font="JTTPDQ+SimSun" bbox="355.681,340.469,360.961,351.029" colourspace="ICCBased" ncolour="[0]" size="10.560"> </text>
                <text font="JTTPDQ+SimSun" bbox="360.961,340.469,366.241,351.029" colourspace="ICCBased" ncolour="[0]" size="10.560"> </text>
                <text font="JTTPDQ+SimSun" bbox="366.241,340.469,371.521,351.029" colourspace="ICCBased" ncolour="[0]" size="10.560"> </text>
                <text font="JTTPDQ+SimSun" bbox="371.521,340.469,376.801,351.029" colourspace="ICCBased" ncolour="[0]" size="10.560"> </text>
                <text font="JTTPDQ+SimSun" bbox="376.801,340.469,382.081,351.029" colourspace="ICCBased" ncolour="[0]" size="10.560"> </text>
                <text font="JTTPDQ+SimSun" bbox="382.081,340.469,387.361,351.029" colourspace="ICCBased" ncolour="[0]" size="10.560"> </text>
                <text font="JTTPDQ+SimSun" bbox="387.361,340.469,392.641,351.029" colourspace="ICCBased" ncolour="[0]" size="10.560"> </text>
                <text font="JTTPDQ+SimSun" bbox="392.641,340.469,397.921,351.029" colourspace="ICCBased" ncolour="[0]" size="10.560"> </text>
                <text font="JTTPDQ+SimSun" bbox="397.921,340.469,403.201,351.029" colourspace="ICCBased" ncolour="[0]" size="10.560"> </text>
                <text font="JTTPDQ+SimSun" bbox="403.201,340.469,408.481,351.029" colourspace="ICCBased" ncolour="[0]" size="10.560"> </text>
                <text font="JTTPDQ+SimSun" bbox="408.481,340.469,413.761,351.029" colourspace="ICCBased" ncolour="[0]" size="10.560"> </text>
                <text font="JTTPDQ+SimSun" bbox="413.761,340.469,419.041,351.029" colourspace="ICCBased" ncolour="[0]" size="10.560"> </text>
                <text font="JTTPDQ+SimSun" bbox="419.041,340.469,424.321,351.029" colourspace="ICCBased" ncolour="[0]" size="10.560"> </text>
                <text font="JTTPDQ+SimSun" bbox="424.321,340.469,429.601,351.029" colourspace="ICCBased" ncolour="[0]" size="10.560"> </text>
                <text font="JTTPDQ+SimSun" bbox="429.601,340.469,434.881,351.029" colourspace="ICCBased" ncolour="[0]" size="10.560"> </text>
                <text font="JTTPDQ+SimSun" bbox="434.881,340.469,440.161,351.029" colourspace="ICCBased" ncolour="[0]" size="10.560"> </text>
                <text font="JTTPDQ+SimSun" bbox="440.161,340.469,445.441,351.029" colourspace="ICCBased" ncolour="[0]" size="10.560"> </text>
                <text font="JTTPDQ+SimSun" bbox="445.441,340.469,450.721,351.029" colourspace="ICCBased" ncolour="[0]" size="10.560"> </text>
                <text font="JTTPDQ+SimSun" bbox="450.721,340.469,456.001,351.029" colourspace="ICCBased" ncolour="[0]" size="10.560"> </text>
                <text font="JTTPDQ+SimSun" bbox="456.001,340.469,461.281,351.029" colourspace="ICCBased" ncolour="[0]" size="10.560"> </text>
                <text font="JTTPDQ+SimSun" bbox="461.281,340.469,466.561,351.029" colourspace="ICCBased" ncolour="[0]" size="10.560"> </text>
                <text font="JTTPDQ+SimSun" bbox="466.561,340.469,471.841,351.029" colourspace="ICCBased" ncolour="[0]" size="10.560"> </text>
                <text font="JTTPDQ+SimSun" bbox="471.841,340.469,477.121,351.029" colourspace="ICCBased" ncolour="[0]" size="10.560"> </text>
                <text font="JTTPDQ+SimSun" bbox="477.121,340.469,482.401,351.029" colourspace="ICCBased" ncolour="[0]" size="10.560"> </text>
                <text font="JTTPDQ+SimSun" bbox="482.401,340.469,487.681,351.029" colourspace="ICCBased" ncolour="[0]" size="10.560"> </text>
                <text font="JTTPDQ+SimSun" bbox="487.681,340.469,492.961,351.029" colourspace="ICCBased" ncolour="[0]" size="10.560"> </text>
                <text font="JTTPDQ+SimSun" bbox="492.961,340.469,498.241,351.029" colourspace="ICCBased" ncolour="[0]" size="10.560"> </text>
                <text font="JTTPDQ+SimSun" bbox="498.241,340.469,503.521,351.029" colourspace="ICCBased" ncolour="[0]" size="10.560"> </text>
                <text font="JTTPDQ+SimSun" bbox="503.521,340.469,508.801,351.029" colourspace="ICCBased" ncolour="[0]" size="10.560"> </text>
                <text font="JTTPDQ+SimSun" bbox="508.801,340.469,514.081,351.029" colourspace="ICCBased" ncolour="[0]" size="10.560"> </text>
                <text font="JTTPDQ+SimSun" bbox="514.081,340.469,519.361,351.029" colourspace="ICCBased" ncolour="[0]" size="10.560"> </text>
                <text font="JTTPDQ+SimSun" bbox="519.120,340.469,524.400,351.029" colourspace="ICCBased" ncolour="[0]" size="10.560"> </text>
                <text>
                </text>
            </textline>
        </textbox>
        <textbox id="16" bbox="60.960,417.029,524.400,427.589">
            <textline bbox="60.960,417.029,524.400,427.589">
                <text font="JTTPDQ+SimSun" bbox="60.960,417.029,66.240,427.589" colourspace="ICCBased" ncolour="[0]" size="10.560">6</text>
                <text font="JTTPDQ+SimSun" bbox="66.240,417.029,71.520,427.589" colourspace="ICCBased" ncolour="[0]" size="10.560">.</text>
                <text font="JTTPDQ+SimSun" bbox="71.520,417.029,76.800,427.589" colourspace="ICCBased" ncolour="[0]" size="10.560">1</text>
                <text font="JTTPDQ+SimSun" bbox="76.800,417.029,82.080,427.589" colourspace="ICCBased" ncolour="[0]" size="10.560"> </text>
                <text> </text>
                <text font="JQUZDQ+SimSun" bbox="97.440,417.029,108.000,427.589" colourspace="ICCBased" ncolour="[0]" size="10.560">现</text>
                <text font="JQUZDQ+SimSun" bbox="108.000,417.029,118.560,427.589" colourspace="ICCBased" ncolour="[0]" size="10.560">金</text>
                <text font="JQUZDQ+SimSun" bbox="118.560,417.029,129.120,427.589" colourspace="ICCBased" ncolour="[0]" size="10.560">价</text>
                <text font="JQUZDQ+SimSun" bbox="129.120,417.029,139.680,427.589" colourspace="ICCBased" ncolour="[0]" size="10.560">值</text>
                <text font="JTTPDQ+SimSun" bbox="139.680,417.029,144.960,427.589" colourspace="ICCBased" ncolour="[0]" size="10.560"> </text>
                <text font="JTTPDQ+SimSun" bbox="144.960,417.029,150.240,427.589" colourspace="ICCBased" ncolour="[0]" size="10.560"> </text>
                <text font="JTTPDQ+SimSun" bbox="150.240,417.029,155.520,427.589" colourspace="ICCBased" ncolour="[0]" size="10.560"> </text>
                <text font="JTTPDQ+SimSun" bbox="155.520,417.029,160.800,427.589" colourspace="ICCBased" ncolour="[0]" size="10.560"> </text>
                <text font="JTTPDQ+SimSun" bbox="160.800,417.029,166.080,427.589" colourspace="ICCBased" ncolour="[0]" size="10.560"> </text>
                <text font="JTTPDQ+SimSun" bbox="166.080,417.029,171.360,427.589" colourspace="ICCBased" ncolour="[0]" size="10.560"> </text>
                <text font="JTTPDQ+SimSun" bbox="171.360,417.029,176.640,427.589" colourspace="ICCBased" ncolour="[0]" size="10.560"> </text>
                <text font="JTTPDQ+SimSun" bbox="176.640,417.029,181.920,427.589" colourspace="ICCBased" ncolour="[0]" size="10.560"> </text>
                <text font="JTTPDQ+SimSun" bbox="181.920,417.029,187.200,427.589" colourspace="ICCBased" ncolour="[0]" size="10.560"> </text>
                <text font="JTTPDQ+SimSun" bbox="187.200,417.029,192.480,427.589" colourspace="ICCBased" ncolour="[0]" size="10.560"> </text>
                <text font="JTTPDQ+SimSun" bbox="192.480,417.029,197.760,427.589" colourspace="ICCBased" ncolour="[0]" size="10.560"> </text>
                <text font="JTTPDQ+SimSun" bbox="197.760,417.029,203.040,427.589" colourspace="ICCBased" ncolour="[0]" size="10.560"> </text>
                <text font="JTTPDQ+SimSun" bbox="203.040,417.029,208.320,427.589" colourspace="ICCBased" ncolour="[0]" size="10.560"> </text>
                <text font="JTTPDQ+SimSun" bbox="208.320,417.029,213.600,427.589" colourspace="ICCBased" ncolour="[0]" size="10.560"> </text>
                <text font="JTTPDQ+SimSun" bbox="213.600,417.029,218.880,427.589" colourspace="ICCBased" ncolour="[0]" size="10.560"> </text>
                <text font="JTTPDQ+SimSun" bbox="218.880,417.029,224.160,427.589" colourspace="ICCBased" ncolour="[0]" size="10.560"> </text>
                <text font="JTTPDQ+SimSun" bbox="224.160,417.029,229.440,427.589" colourspace="ICCBased" ncolour="[0]" size="10.560"> </text>
                <text font="JTTPDQ+SimSun" bbox="229.440,417.029,234.720,427.589" colourspace="ICCBased" ncolour="[0]" size="10.560"> </text>
                <text font="JTTPDQ+SimSun" bbox="234.720,417.029,240.000,427.589" colourspace="ICCBased" ncolour="[0]" size="10.560"> </text>
                <text font="JTTPDQ+SimSun" bbox="240.000,417.029,245.280,427.589" colourspace="ICCBased" ncolour="[0]" size="10.560"> </text>
                <text font="JTTPDQ+SimSun" bbox="245.280,417.029,250.560,427.589" colourspace="ICCBased" ncolour="[0]" size="10.560"> </text>
                <text font="JTTPDQ+SimSun" bbox="250.560,417.029,255.840,427.589" colourspace="ICCBased" ncolour="[0]" size="10.560"> </text>
                <text font="JTTPDQ+SimSun" bbox="255.840,417.029,261.120,427.589" colourspace="ICCBased" ncolour="[0]" size="10.560"> </text>
                <text font="JTTPDQ+SimSun" bbox="261.120,417.029,266.400,427.589" colourspace="ICCBased" ncolour="[0]" size="10.560"> </text>
                <text font="JTTPDQ+SimSun" bbox="266.400,417.029,271.680,427.589" colourspace="ICCBased" ncolour="[0]" size="10.560"> </text>
                <text font="JTTPDQ+SimSun" bbox="271.680,417.029,276.960,427.589" colourspace="ICCBased" ncolour="[0]" size="10.560"> </text>
                <text font="JTTPDQ+SimSun" bbox="276.720,417.029,282.000,427.589" colourspace="ICCBased" ncolour="[0]" size="10.560"> </text>
                <text font="JTTPDQ+SimSun" bbox="282.000,417.029,287.280,427.589" colourspace="ICCBased" ncolour="[0]" size="10.560"> </text>
                <text font="JTTPDQ+SimSun" bbox="287.280,417.029,292.560,427.589" colourspace="ICCBased" ncolour="[0]" size="10.560"> </text>
                <text font="JTTPDQ+SimSun" bbox="292.560,417.029,297.840,427.589" colourspace="ICCBased" ncolour="[0]" size="10.560"> </text>
                <text font="JTTPDQ+SimSun" bbox="297.840,417.029,303.120,427.589" colourspace="ICCBased" ncolour="[0]" size="10.560"> </text>
                <text font="JTTPDQ+SimSun" bbox="303.120,417.029,308.400,427.589" colourspace="ICCBased" ncolour="[0]" size="10.560"> </text>
                <text font="JTTPDQ+SimSun" bbox="308.400,417.029,313.680,427.589" colourspace="ICCBased" ncolour="[0]" size="10.560"> </text>
                <text font="JTTPDQ+SimSun" bbox="313.680,417.029,318.960,427.589" colourspace="ICCBased" ncolour="[0]" size="10.560"> </text>
                <text font="JTTPDQ+SimSun" bbox="318.960,417.029,324.240,427.589" colourspace="ICCBased" ncolour="[0]" size="10.560"> </text>
                <text font="JTTPDQ+SimSun" bbox="324.240,417.029,329.520,427.589" colourspace="ICCBased" ncolour="[0]" size="10.560"> </text>
                <text font="JTTPDQ+SimSun" bbox="329.520,417.029,334.800,427.589" colourspace="ICCBased" ncolour="[0]" size="10.560"> </text>
                <text font="JTTPDQ+SimSun" bbox="334.800,417.029,340.080,427.589" colourspace="ICCBased" ncolour="[0]" size="10.560"> </text>
                <text font="JTTPDQ+SimSun" bbox="339.841,417.029,345.121,427.589" colourspace="ICCBased" ncolour="[0]" size="10.560"> </text>
                <text font="JTTPDQ+SimSun" bbox="345.121,417.029,350.401,427.589" colourspace="ICCBased" ncolour="[0]" size="10.560"> </text>
                <text font="JTTPDQ+SimSun" bbox="350.401,417.029,355.681,427.589" colourspace="ICCBased" ncolour="[0]" size="10.560"> </text>
                <text font="JTTPDQ+SimSun" bbox="355.681,417.029,360.961,427.589" colourspace="ICCBased" ncolour="[0]" size="10.560"> </text>
                <text font="JTTPDQ+SimSun" bbox="360.961,417.029,366.241,427.589" colourspace="ICCBased" ncolour="[0]" size="10.560"> </text>
                <text font="JTTPDQ+SimSun" bbox="366.241,417.029,371.521,427.589" colourspace="ICCBased" ncolour="[0]" size="10.560"> </text>
                <text font="JTTPDQ+SimSun" bbox="371.521,417.029,376.801,427.589" colourspace="ICCBased" ncolour="[0]" size="10.560"> </text>
                <text font="JTTPDQ+SimSun" bbox="376.801,417.029,382.081,427.589" colourspace="ICCBased" ncolour="[0]" size="10.560"> </text>
                <text font="JTTPDQ+SimSun" bbox="382.081,417.029,387.361,427.589" colourspace="ICCBased" ncolour="[0]" size="10.560"> </text>
                <text font="JTTPDQ+SimSun" bbox="387.361,417.029,392.641,427.589" colourspace="ICCBased" ncolour="[0]" size="10.560"> </text>
                <text font="JTTPDQ+SimSun" bbox="392.641,417.029,397.921,427.589" colourspace="ICCBased" ncolour="[0]" size="10.560"> </text>
                <text font="JTTPDQ+SimSun" bbox="397.921,417.029,403.201,427.589" colourspace="ICCBased" ncolour="[0]" size="10.560"> </text>
                <text font="JTTPDQ+SimSun" bbox="403.201,417.029,408.481,427.589" colourspace="ICCBased" ncolour="[0]" size="10.560"> </text>
                <text font="JTTPDQ+SimSun" bbox="408.481,417.029,413.761,427.589" colourspace="ICCBased" ncolour="[0]" size="10.560"> </text>
                <text font="JTTPDQ+SimSun" bbox="413.761,417.029,419.041,427.589" colourspace="ICCBased" ncolour="[0]" size="10.560"> </text>
                <text font="JTTPDQ+SimSun" bbox="419.041,417.029,424.321,427.589" colourspace="ICCBased" ncolour="[0]" size="10.560"> </text>
                <text font="JTTPDQ+SimSun" bbox="424.321,417.029,429.601,427.589" colourspace="ICCBased" ncolour="[0]" size="10.560"> </text>
                <text font="JTTPDQ+SimSun" bbox="429.601,417.029,434.881,427.589" colourspace="ICCBased" ncolour="[0]" size="10.560"> </text>
                <text font="JTTPDQ+SimSun" bbox="434.881,417.029,440.161,427.589" colourspace="ICCBased" ncolour="[0]" size="10.560"> </text>
                <text font="JTTPDQ+SimSun" bbox="440.161,417.029,445.441,427.589" colourspace="ICCBased" ncolour="[0]" size="10.560"> </text>
                <text font="JTTPDQ+SimSun" bbox="445.441,417.029,450.721,427.589" colourspace="ICCBased" ncolour="[0]" size="10.560"> </text>
                <text font="JTTPDQ+SimSun" bbox="450.721,417.029,456.001,427.589" colourspace="ICCBased" ncolour="[0]" size="10.560"> </text>
                <text font="JTTPDQ+SimSun" bbox="456.001,417.029,461.281,427.589" colourspace="ICCBased" ncolour="[0]" size="10.560"> </text>
                <text font="JTTPDQ+SimSun" bbox="461.281,417.029,466.561,427.589" colourspace="ICCBased" ncolour="[0]" size="10.560"> </text>
                <text font="JTTPDQ+SimSun" bbox="466.561,417.029,471.841,427.589" colourspace="ICCBased" ncolour="[0]" size="10.560"> </text>
                <text font="JTTPDQ+SimSun" bbox="471.841,417.029,477.121,427.589" colourspace="ICCBased" ncolour="[0]" size="10.560"> </text>
                <text font="JTTPDQ+SimSun" bbox="477.121,417.029,482.401,427.589" colourspace="ICCBased" ncolour="[0]" size="10.560"> </text>
                <text font="JTTPDQ+SimSun" bbox="482.401,417.029,487.681,427.589" colourspace="ICCBased" ncolour="[0]" size="10.560"> </text>
                <text font="JTTPDQ+SimSun" bbox="487.681,417.029,492.961,427.589" colourspace="ICCBased" ncolour="[0]" size="10.560"> </text>
                <text font="JTTPDQ+SimSun" bbox="492.961,417.029,498.241,427.589" colourspace="ICCBased" ncolour="[0]" size="10.560"> </text>
                <text font="JTTPDQ+SimSun" bbox="498.241,417.029,503.521,427.589" colourspace="ICCBased" ncolour="[0]" size="10.560"> </text>
                <text font="JTTPDQ+SimSun" bbox="503.521,417.029,508.801,427.589" colourspace="ICCBased" ncolour="[0]" size="10.560"> </text>
                <text font="JTTPDQ+SimSun" bbox="508.801,417.029,514.081,427.589" colourspace="ICCBased" ncolour="[0]" size="10.560"> </text>
                <text font="JTTPDQ+SimSun" bbox="514.081,417.029,519.361,427.589" colourspace="ICCBased" ncolour="[0]" size="10.560"> </text>
                <text font="JTTPDQ+SimSun" bbox="519.120,417.029,524.400,427.589" colourspace="ICCBased" ncolour="[0]" size="10.560"> </text>
                <text>
                </text>
            </textline>
        </textbox>
        <textbox id="17" bbox="97.446,354.640,102.726,365.200">
            <textline bbox="97.446,354.640,102.726,365.200">
                <text font="JTTPDQ+SimSun" bbox="97.446,354.640,102.726,365.200" colourspace="ICCBased" ncolour="[0]" size="10.560"> </text>
                <text>
                </text>
            </textline>
        </textbox>
        <textbox id="18" bbox="97.440,153.269,547.440,457.248">
            <textline bbox="97.440,445.248,318.720,457.248">
                <text font="ERELLA+STXinwei" bbox="97.440,445.248,109.440,457.248" colourspace="ICCBased" ncolour="[0]" size="12.000">这</text>
                <text font="ERELLA+STXinwei" bbox="109.440,445.248,121.440,457.248" colourspace="ICCBased" ncolour="[0]" size="12.000">部</text>
                <text font="ERELLA+STXinwei" bbox="121.440,445.248,133.440,457.248" colourspace="ICCBased" ncolour="[0]" size="12.000">分</text>
                <text font="ERELLA+STXinwei" bbox="133.440,445.248,145.440,457.248" colourspace="ICCBased" ncolour="[0]" size="12.000">讲</text>
                <text font="ERELLA+STXinwei" bbox="145.440,445.248,157.440,457.248" colourspace="ICCBased" ncolour="[0]" size="12.000">的</text>
                <text font="ERELLA+STXinwei" bbox="157.440,445.248,169.440,457.248" colourspace="ICCBased" ncolour="[0]" size="12.000">是</text>
                <text font="ERELLA+STXinwei" bbox="169.440,445.248,181.440,457.248" colourspace="ICCBased" ncolour="[0]" size="12.000">您</text>
                <text font="ERELLA+STXinwei" bbox="181.440,445.248,193.440,457.248" colourspace="ICCBased" ncolour="[0]" size="12.000">所</text>
                <text font="ERELLA+STXinwei" bbox="193.440,445.248,205.440,457.248" colourspace="ICCBased" ncolour="[0]" size="12.000">拥</text>
                <text font="ERELLA+STXinwei" bbox="205.440,445.248,217.440,457.248" colourspace="ICCBased" ncolour="[0]" size="12.000">有</text>
                <text font="ERELLA+STXinwei" bbox="217.440,445.248,229.440,457.248" colourspace="ICCBased" ncolour="[0]" size="12.000">的</text>
                <text font="ERELLA+STXinwei" bbox="229.440,445.248,241.440,457.248" colourspace="ICCBased" ncolour="[0]" size="12.000">其</text>
                <text font="ERELLA+STXinwei" bbox="241.440,445.248,253.440,457.248" colourspace="ICCBased" ncolour="[0]" size="12.000">他</text>
                <text font="ERELLA+STXinwei" bbox="253.440,445.248,265.440,457.248" colourspace="ICCBased" ncolour="[0]" size="12.000">相</text>
                <text font="ERELLA+STXinwei" bbox="265.440,445.248,277.440,457.248" colourspace="ICCBased" ncolour="[0]" size="12.000">关</text>
                <text font="ERELLA+STXinwei" bbox="277.440,445.248,289.440,457.248" colourspace="ICCBased" ncolour="[0]" size="12.000">权</text>
                <text font="ERELLA+STXinwei" bbox="289.440,445.248,301.440,457.248" colourspace="ICCBased" ncolour="[0]" size="12.000">益</text>
                <text font="ERELLA+STXinwei" bbox="301.440,445.248,313.440,457.248" colourspace="ICCBased" ncolour="[0]" size="12.000">。</text>
                <text font="JTTPDQ+SimSun" bbox="313.440,446.549,318.720,457.109" colourspace="ICCBased" ncolour="[0]" size="10.560"> </text>
                <text>
                </text>
            </textline>
            <textline bbox="210.480,430.229,215.760,440.789">
                <text font="JTTPDQ+SimSun" bbox="210.480,430.229,215.760,440.789" colourspace="ICCBased" ncolour="[0]" size="10.560"> </text>
                <text>
                </text>
            </textline>
            <textline bbox="97.440,430.229,102.720,440.789">
                <text font="JTTPDQ+SimSun" bbox="97.440,430.229,102.720,440.789" colourspace="ICCBased" ncolour="[0]" size="10.560"> </text>
                <text>
                </text>
            </textline>
            <textline bbox="210.480,417.029,547.200,427.589">
                <text font="JQUZDQ+SimSun" bbox="210.480,417.029,221.040,427.589" colourspace="ICCBased" ncolour="[0]" size="10.560">指</text>
                <text font="JQUZDQ+SimSun" bbox="221.040,417.029,231.600,427.589" colourspace="ICCBased" ncolour="[0]" size="10.560">保</text>
                <text font="JQUZDQ+SimSun" bbox="231.600,417.029,242.160,427.589" colourspace="ICCBased" ncolour="[0]" size="10.560">险</text>
                <text font="JQUZDQ+SimSun" bbox="242.160,417.029,252.720,427.589" colourspace="ICCBased" ncolour="[0]" size="10.560">单</text>
                <text font="JQUZDQ+SimSun" bbox="252.720,417.029,263.280,427.589" colourspace="ICCBased" ncolour="[0]" size="10.560">所</text>
                <text font="JQUZDQ+SimSun" bbox="263.280,417.029,273.840,427.589" colourspace="ICCBased" ncolour="[0]" size="10.560">具</text>
                <text font="JQUZDQ+SimSun" bbox="273.840,417.029,284.400,427.589" colourspace="ICCBased" ncolour="[0]" size="10.560">有</text>
                <text font="JQUZDQ+SimSun" bbox="284.160,417.029,294.720,427.589" colourspace="ICCBased" ncolour="[0]" size="10.560">的</text>
                <text font="JQUZDQ+SimSun" bbox="294.720,417.029,305.280,427.589" colourspace="ICCBased" ncolour="[0]" size="10.560">价</text>
                <text font="JQUZDQ+SimSun" bbox="305.280,417.029,315.840,427.589" colourspace="ICCBased" ncolour="[0]" size="10.560">值</text>
                <text font="JQUZDQ+SimSun" bbox="315.840,417.029,326.400,427.589" colourspace="ICCBased" ncolour="[0]" size="10.560">。</text>
                <text font="JQUZDQ+SimSun" bbox="326.400,417.029,336.960,427.589" colourspace="ICCBased" ncolour="[0]" size="10.560">通</text>
                <text font="JQUZDQ+SimSun" bbox="336.960,417.029,347.520,427.589" colourspace="ICCBased" ncolour="[0]" size="10.560">常</text>
                <text font="JQUZDQ+SimSun" bbox="347.280,417.029,357.840,427.589" colourspace="ICCBased" ncolour="[0]" size="10.560">体</text>
                <text font="JQUZDQ+SimSun" bbox="357.840,417.029,368.400,427.589" colourspace="ICCBased" ncolour="[0]" size="10.560">现</text>
                <text font="JQUZDQ+SimSun" bbox="368.400,417.029,378.960,427.589" colourspace="ICCBased" ncolour="[0]" size="10.560">为</text>
                <text font="JQUZDQ+SimSun" bbox="378.960,417.029,389.520,427.589" colourspace="ICCBased" ncolour="[0]" size="10.560">解</text>
                <text font="JQUZDQ+SimSun" bbox="389.520,417.029,400.080,427.589" colourspace="ICCBased" ncolour="[0]" size="10.560">除</text>
                <text font="JQUZDQ+SimSun" bbox="399.840,417.029,410.400,427.589" colourspace="ICCBased" ncolour="[0]" size="10.560">合</text>
                <text font="JQUZDQ+SimSun" bbox="410.400,417.029,420.960,427.589" colourspace="ICCBased" ncolour="[0]" size="10.560">同</text>
                <text font="JQUZDQ+SimSun" bbox="420.960,417.029,431.520,427.589" colourspace="ICCBased" ncolour="[0]" size="10.560">时</text>
                <text font="JQUZDQ+SimSun" bbox="431.520,417.029,442.080,427.589" colourspace="ICCBased" ncolour="[0]" size="10.560">，</text>
                <text font="JQUZDQ+SimSun" bbox="442.080,417.029,452.640,427.589" colourspace="ICCBased" ncolour="[0]" size="10.560">由</text>
                <text font="JQUZDQ+SimSun" bbox="452.400,417.029,462.960,427.589" colourspace="ICCBased" ncolour="[0]" size="10.560">本</text>
                <text font="JQUZDQ+SimSun" bbox="462.960,417.029,473.520,427.589" colourspace="ICCBased" ncolour="[0]" size="10.560">公</text>
                <text font="JQUZDQ+SimSun" bbox="473.520,417.029,484.080,427.589" colourspace="ICCBased" ncolour="[0]" size="10.560">司</text>
                <text font="JQUZDQ+SimSun" bbox="484.080,417.029,494.640,427.589" colourspace="ICCBased" ncolour="[0]" size="10.560">退</text>
                <text font="JQUZDQ+SimSun" bbox="494.640,417.029,505.200,427.589" colourspace="ICCBased" ncolour="[0]" size="10.560">还</text>
                <text font="JQUZDQ+SimSun" bbox="505.200,417.029,515.760,427.589" colourspace="ICCBased" ncolour="[0]" size="10.560">的</text>
                <text font="JQUZDQ+SimSun" bbox="515.760,417.029,526.320,427.589" colourspace="ICCBased" ncolour="[0]" size="10.560">那</text>
                <text font="JQUZDQ+SimSun" bbox="526.080,417.029,536.640,427.589" colourspace="ICCBased" ncolour="[0]" size="10.560">部</text>
                <text font="JQUZDQ+SimSun" bbox="536.640,417.029,547.200,427.589" colourspace="ICCBased" ncolour="[0]" size="10.560">分</text>
                <text>
                </text>
            </textline>
            <textline bbox="210.480,401.432,247.197,411.992">
                <text font="JQUZDQ+SimSun" bbox="210.480,401.432,221.040,411.992" colourspace="ICCBased" ncolour="[0]" size="10.560">金</text>
                <text font="JQUZDQ+SimSun" bbox="221.040,401.432,231.600,411.992" colourspace="ICCBased" ncolour="[0]" size="10.560">额</text>
                <text font="JQUZDQ+SimSun" bbox="231.600,401.432,242.160,411.992" colourspace="ICCBased" ncolour="[0]" size="10.560">。</text>
                <text font="JTTPDQ+SimSun" bbox="241.917,401.432,247.197,411.992" colourspace="ICCBased" ncolour="[0]" size="10.560"> </text>
                <text>
                </text>
            </textline>
            <textline bbox="210.480,385.835,547.200,396.395">
                <text font="JQUZDQ+SimSun" bbox="210.480,385.835,221.040,396.395" colourspace="ICCBased" ncolour="[0]" size="10.560">本</text>
                <text font="JQUZDQ+SimSun" bbox="221.040,385.835,231.600,396.395" colourspace="ICCBased" ncolour="[0]" size="10.560">附</text>
                <text font="JQUZDQ+SimSun" bbox="231.600,385.835,242.160,396.395" colourspace="ICCBased" ncolour="[0]" size="10.560">加</text>
                <text font="JQUZDQ+SimSun" bbox="242.160,385.835,252.720,396.395" colourspace="ICCBased" ncolour="[0]" size="10.560">险</text>
                <text font="JQUZDQ+SimSun" bbox="252.720,385.835,263.280,396.395" colourspace="ICCBased" ncolour="[0]" size="10.560">合</text>
                <text font="JQUZDQ+SimSun" bbox="263.280,385.835,273.840,396.395" colourspace="ICCBased" ncolour="[0]" size="10.560">同</text>
                <text font="JQUZDQ+SimSun" bbox="273.840,385.835,284.400,396.395" colourspace="ICCBased" ncolour="[0]" size="10.560">保</text>
                <text font="JQUZDQ+SimSun" bbox="284.160,385.835,294.720,396.395" colourspace="ICCBased" ncolour="[0]" size="10.560">单</text>
                <text font="JQUZDQ+SimSun" bbox="294.720,385.835,305.280,396.395" colourspace="ICCBased" ncolour="[0]" size="10.560">年</text>
                <text font="JQUZDQ+SimSun" bbox="305.280,385.835,315.840,396.395" colourspace="ICCBased" ncolour="[0]" size="10.560">度</text>
                <text font="JQUZDQ+SimSun" bbox="315.840,385.835,326.400,396.395" colourspace="ICCBased" ncolour="[0]" size="10.560">末</text>
                <text font="JQUZDQ+SimSun" bbox="326.400,385.835,336.960,396.395" colourspace="ICCBased" ncolour="[0]" size="10.560">的</text>
                <text font="JQUZDQ+SimSun" bbox="336.960,385.835,347.520,396.395" colourspace="ICCBased" ncolour="[0]" size="10.560">现</text>
                <text font="JQUZDQ+SimSun" bbox="347.280,385.835,357.840,396.395" colourspace="ICCBased" ncolour="[0]" size="10.560">金</text>
                <text font="JQUZDQ+SimSun" bbox="357.840,385.835,368.400,396.395" colourspace="ICCBased" ncolour="[0]" size="10.560">价</text>
                <text font="JQUZDQ+SimSun" bbox="368.400,385.835,378.960,396.395" colourspace="ICCBased" ncolour="[0]" size="10.560">值</text>
                <text font="JQUZDQ+SimSun" bbox="378.960,385.835,389.520,396.395" colourspace="ICCBased" ncolour="[0]" size="10.560">会</text>
                <text font="JQUZDQ+SimSun" bbox="389.520,385.835,400.080,396.395" colourspace="ICCBased" ncolour="[0]" size="10.560">在</text>
                <text font="JQUZDQ+SimSun" bbox="399.840,385.835,410.400,396.395" colourspace="ICCBased" ncolour="[0]" size="10.560">保</text>
                <text font="JQUZDQ+SimSun" bbox="410.400,385.835,420.960,396.395" colourspace="ICCBased" ncolour="[0]" size="10.560">险</text>
                <text font="JQUZDQ+SimSun" bbox="420.960,385.835,431.520,396.395" colourspace="ICCBased" ncolour="[0]" size="10.560">单</text>
                <text font="JQUZDQ+SimSun" bbox="431.520,385.835,442.080,396.395" colourspace="ICCBased" ncolour="[0]" size="10.560">上</text>
                <text font="JQUZDQ+SimSun" bbox="442.080,385.835,452.640,396.395" colourspace="ICCBased" ncolour="[0]" size="10.560">载</text>
                <text font="JQUZDQ+SimSun" bbox="452.400,385.835,462.960,396.395" colourspace="ICCBased" ncolour="[0]" size="10.560">明</text>
                <text font="JQUZDQ+SimSun" bbox="462.960,385.835,473.520,396.395" colourspace="ICCBased" ncolour="[0]" size="10.560">。</text>
                <text font="JQUZDQ+SimSun" bbox="473.520,385.835,484.080,396.395" colourspace="ICCBased" ncolour="[0]" size="10.560">保</text>
                <text font="JQUZDQ+SimSun" bbox="484.080,385.835,494.640,396.395" colourspace="ICCBased" ncolour="[0]" size="10.560">单</text>
                <text font="JQUZDQ+SimSun" bbox="494.640,385.835,505.200,396.395" colourspace="ICCBased" ncolour="[0]" size="10.560">年</text>
                <text font="JQUZDQ+SimSun" bbox="505.200,385.835,515.760,396.395" colourspace="ICCBased" ncolour="[0]" size="10.560">度</text>
                <text font="JQUZDQ+SimSun" bbox="515.760,385.835,526.320,396.395" colourspace="ICCBased" ncolour="[0]" size="10.560">内</text>
                <text font="JQUZDQ+SimSun" bbox="526.080,385.835,536.640,396.395" colourspace="ICCBased" ncolour="[0]" size="10.560">的</text>
                <text font="JQUZDQ+SimSun" bbox="536.640,385.835,547.200,396.395" colourspace="ICCBased" ncolour="[0]" size="10.560">现</text>
                <text>
                </text>
            </textline>
            <textline bbox="210.480,370.237,352.322,380.797">
                <text font="JQUZDQ+SimSun" bbox="210.480,370.237,221.040,380.797" colourspace="ICCBased" ncolour="[0]" size="10.560">金</text>
                <text font="JQUZDQ+SimSun" bbox="221.040,370.237,231.600,380.797" colourspace="ICCBased" ncolour="[0]" size="10.560">价</text>
                <text font="JQUZDQ+SimSun" bbox="231.600,370.237,242.160,380.797" colourspace="ICCBased" ncolour="[0]" size="10.560">值</text>
                <text font="JQUZDQ+SimSun" bbox="242.160,370.237,252.720,380.797" colourspace="ICCBased" ncolour="[0]" size="10.560">，</text>
                <text font="JQUZDQ+SimSun" bbox="252.720,370.237,263.280,380.797" colourspace="ICCBased" ncolour="[0]" size="10.560">您</text>
                <text font="JQUZDQ+SimSun" bbox="263.040,370.237,273.600,380.797" colourspace="ICCBased" ncolour="[0]" size="10.560">可</text>
                <text font="JQUZDQ+SimSun" bbox="273.600,370.237,284.160,380.797" colourspace="ICCBased" ncolour="[0]" size="10.560">以</text>
                <text font="JQUZDQ+SimSun" bbox="284.160,370.237,294.720,380.797" colourspace="ICCBased" ncolour="[0]" size="10.560">向</text>
                <text font="JQUZDQ+SimSun" bbox="294.720,370.237,305.280,380.797" colourspace="ICCBased" ncolour="[0]" size="10.560">我</text>
                <text font="JQUZDQ+SimSun" bbox="305.040,370.237,315.600,380.797" colourspace="ICCBased" ncolour="[0]" size="10.560">们</text>
                <text font="JQUZDQ+SimSun" bbox="315.600,370.237,326.160,380.797" colourspace="ICCBased" ncolour="[0]" size="10.560">咨</text>
                <text font="JQUZDQ+SimSun" bbox="326.160,370.237,336.720,380.797" colourspace="ICCBased" ncolour="[0]" size="10.560">询</text>
                <text font="JQUZDQ+SimSun" bbox="336.720,370.237,347.280,380.797" colourspace="ICCBased" ncolour="[0]" size="10.560">。</text>
                <text font="JTTPDQ+SimSun" bbox="347.042,370.237,352.322,380.797" colourspace="ICCBased" ncolour="[0]" size="10.560"> </text>
                <text>
                </text>
            </textline>
            <textline bbox="210.491,354.640,215.771,365.200">
                <text font="JTTPDQ+SimSun" bbox="210.491,354.640,215.771,365.200" colourspace="ICCBased" ncolour="[0]" size="10.560"> </text>
                <text>
                </text>
            </textline>
            <textline bbox="210.480,338.758,349.682,351.029">
                <text font="JQUZDQ+SimSun" bbox="210.480,340.469,221.040,351.029" colourspace="ICCBased" ncolour="[0]" size="10.560">您</text>
                <text font="JQUZDQ+SimSun" bbox="221.040,340.469,231.600,351.029" colourspace="ICCBased" ncolour="[0]" size="10.560">可</text>
                <text font="JQUZDQ+SimSun" bbox="231.600,340.469,242.160,351.029" colourspace="ICCBased" ncolour="[0]" size="10.560">申</text>
                <text font="JQUZDQ+SimSun" bbox="242.160,340.469,252.720,351.029" colourspace="ICCBased" ncolour="[0]" size="10.560">请</text>
                <text font="JQUZDQ+SimSun" bbox="252.720,340.469,263.280,351.029" colourspace="ICCBased" ncolour="[0]" size="10.560">使</text>
                <text font="JQUZDQ+SimSun" bbox="263.040,340.469,273.600,351.029" colourspace="ICCBased" ncolour="[0]" size="10.560">用</text>
                <text font="JQUZDQ+SimSun" bbox="273.600,340.469,284.160,351.029" colourspace="ICCBased" ncolour="[0]" size="10.560">减</text>
                <text font="JQUZDQ+SimSun" bbox="284.160,340.469,294.720,351.029" colourspace="ICCBased" ncolour="[0]" size="10.560">额</text>
                <text font="JQUZDQ+SimSun" bbox="294.720,340.469,305.280,351.029" colourspace="ICCBased" ncolour="[0]" size="10.560">交</text>
                <text font="JQUZDQ+SimSun" bbox="305.040,340.469,315.600,351.029" colourspace="ICCBased" ncolour="[0]" size="10.560">清</text>
                <text font="JQUZDQ+SimSun" bbox="315.600,340.469,326.160,351.029" colourspace="ICCBased" ncolour="[0]" size="10.560">功</text>
                <text font="JQUZDQ+SimSun" bbox="326.160,340.469,336.720,351.029" colourspace="ICCBased" ncolour="[0]" size="10.560">能</text>
                <text font="JQUZDQ+SimSun" bbox="336.720,340.469,347.280,351.029" colourspace="ICCBased" ncolour="[0]" size="10.560">。</text>
                <text font="TimesNewRomanPSMT" bbox="347.042,338.758,349.682,349.318" colourspace="ICCBased" ncolour="[0]" size="10.560"> </text>
                <text>
                </text>
            </textline>
            <textline bbox="210.480,324.872,547.200,335.432">
                <text font="JQUZDQ+SimSun" bbox="210.480,324.872,221.040,335.432" colourspace="ICCBased" ncolour="[0]" size="10.560">当</text>
                <text font="JQUZDQ+SimSun" bbox="221.040,324.872,231.600,335.432" colourspace="ICCBased" ncolour="[0]" size="10.560">您</text>
                <text font="JQUZDQ+SimSun" bbox="231.600,324.872,242.160,335.432" colourspace="ICCBased" ncolour="[0]" size="10.560">无</text>
                <text font="JQUZDQ+SimSun" bbox="242.160,324.872,252.720,335.432" colourspace="ICCBased" ncolour="[0]" size="10.560">法</text>
                <text font="JQUZDQ+SimSun" bbox="252.720,324.872,263.280,335.432" colourspace="ICCBased" ncolour="[0]" size="10.560">继</text>
                <text font="JQUZDQ+SimSun" bbox="263.280,324.872,273.840,335.432" colourspace="ICCBased" ncolour="[0]" size="10.560">续</text>
                <text font="JQUZDQ+SimSun" bbox="273.840,324.872,284.400,335.432" colourspace="ICCBased" ncolour="[0]" size="10.560">交</text>
                <text font="JQUZDQ+SimSun" bbox="284.160,324.872,294.720,335.432" colourspace="ICCBased" ncolour="[0]" size="10.560">费</text>
                <text font="JQUZDQ+SimSun" bbox="294.720,324.872,305.280,335.432" colourspace="ICCBased" ncolour="[0]" size="10.560">时</text>
                <text font="JQUZDQ+SimSun" bbox="305.280,324.872,315.840,335.432" colourspace="ICCBased" ncolour="[0]" size="10.560">，</text>
                <text font="JQUZDQ+SimSun" bbox="315.840,324.872,326.400,335.432" colourspace="ICCBased" ncolour="[0]" size="10.560">可</text>
                <text font="JQUZDQ+SimSun" bbox="326.400,324.872,336.960,335.432" colourspace="ICCBased" ncolour="[0]" size="10.560">选</text>
                <text font="JQUZDQ+SimSun" bbox="336.960,324.872,347.520,335.432" colourspace="ICCBased" ncolour="[0]" size="10.560">择</text>
                <text font="JQUZDQ+SimSun" bbox="347.280,324.872,357.840,335.432" colourspace="ICCBased" ncolour="[0]" size="10.560">使</text>
                <text font="JQUZDQ+SimSun" bbox="357.840,324.872,368.400,335.432" colourspace="ICCBased" ncolour="[0]" size="10.560">用</text>
                <text font="JQUZDQ+SimSun" bbox="368.400,324.872,378.960,335.432" colourspace="ICCBased" ncolour="[0]" size="10.560">现</text>
                <text font="JQUZDQ+SimSun" bbox="378.960,324.872,389.520,335.432" colourspace="ICCBased" ncolour="[0]" size="10.560">金</text>
                <text font="JQUZDQ+SimSun" bbox="389.520,324.872,400.080,335.432" colourspace="ICCBased" ncolour="[0]" size="10.560">价</text>
                <text font="JQUZDQ+SimSun" bbox="399.840,324.872,410.400,335.432" colourspace="ICCBased" ncolour="[0]" size="10.560">值</text>
                <text font="JQUZDQ+SimSun" bbox="410.400,324.872,420.960,335.432" colourspace="ICCBased" ncolour="[0]" size="10.560">作</text>
                <text font="JQUZDQ+SimSun" bbox="420.960,324.872,431.520,335.432" colourspace="ICCBased" ncolour="[0]" size="10.560">为</text>
                <text font="JQUZDQ+SimSun" bbox="431.520,324.872,442.080,335.432" colourspace="ICCBased" ncolour="[0]" size="10.560">一</text>
                <text font="JQUZDQ+SimSun" bbox="442.080,324.872,452.640,335.432" colourspace="ICCBased" ncolour="[0]" size="10.560">次</text>
                <text font="JQUZDQ+SimSun" bbox="452.400,324.872,462.960,335.432" colourspace="ICCBased" ncolour="[0]" size="10.560">交</text>
                <text font="JQUZDQ+SimSun" bbox="462.960,324.872,473.520,335.432" colourspace="ICCBased" ncolour="[0]" size="10.560">清</text>
                <text font="JQUZDQ+SimSun" bbox="473.520,324.872,484.080,335.432" colourspace="ICCBased" ncolour="[0]" size="10.560">的</text>
                <text font="JQUZDQ+SimSun" bbox="484.080,324.872,494.640,335.432" colourspace="ICCBased" ncolour="[0]" size="10.560">保</text>
                <text font="JQUZDQ+SimSun" bbox="494.640,324.872,505.200,335.432" colourspace="ICCBased" ncolour="[0]" size="10.560">险</text>
                <text font="JQUZDQ+SimSun" bbox="505.200,324.872,515.760,335.432" colourspace="ICCBased" ncolour="[0]" size="10.560">费</text>
                <text font="JQUZDQ+SimSun" bbox="515.760,324.872,526.320,335.432" colourspace="ICCBased" ncolour="[0]" size="10.560">，</text>
                <text font="JQUZDQ+SimSun" bbox="526.080,324.872,536.640,335.432" colourspace="ICCBased" ncolour="[0]" size="10.560">基</text>
                <text font="JQUZDQ+SimSun" bbox="536.640,324.872,547.200,335.432" colourspace="ICCBased" ncolour="[0]" size="10.560">本</text>
                <text>
                </text>
            </textline>
            <textline bbox="210.480,309.275,373.199,319.835">
                <text font="JQUZDQ+SimSun" bbox="210.480,309.275,221.040,319.835" colourspace="ICCBased" ncolour="[0]" size="10.560">保</text>
                <text font="JQUZDQ+SimSun" bbox="221.040,309.275,231.600,319.835" colourspace="ICCBased" ncolour="[0]" size="10.560">险</text>
                <text font="JQUZDQ+SimSun" bbox="231.600,309.275,242.160,319.835" colourspace="ICCBased" ncolour="[0]" size="10.560">金</text>
                <text font="JQUZDQ+SimSun" bbox="242.160,309.275,252.720,319.835" colourspace="ICCBased" ncolour="[0]" size="10.560">额</text>
                <text font="JQUZDQ+SimSun" bbox="252.720,309.275,263.280,319.835" colourspace="ICCBased" ncolour="[0]" size="10.560">将</text>
                <text font="JQUZDQ+SimSun" bbox="263.040,309.275,273.600,319.835" colourspace="ICCBased" ncolour="[0]" size="10.560">减</text>
                <text font="JQUZDQ+SimSun" bbox="273.600,309.275,284.160,319.835" colourspace="ICCBased" ncolour="[0]" size="10.560">少</text>
                <text font="JQUZDQ+SimSun" bbox="284.160,309.275,294.720,319.835" colourspace="ICCBased" ncolour="[0]" size="10.560">，</text>
                <text font="JQUZDQ+SimSun" bbox="294.720,309.275,305.280,319.835" colourspace="ICCBased" ncolour="[0]" size="10.560">合</text>
                <text font="JQUZDQ+SimSun" bbox="305.040,309.275,315.600,319.835" colourspace="ICCBased" ncolour="[0]" size="10.560">同</text>
                <text font="JQUZDQ+SimSun" bbox="315.600,309.275,326.160,319.835" colourspace="ICCBased" ncolour="[0]" size="10.560">继</text>
                <text font="JQUZDQ+SimSun" bbox="326.160,309.275,336.720,319.835" colourspace="ICCBased" ncolour="[0]" size="10.560">续</text>
                <text font="JQUZDQ+SimSun" bbox="336.720,309.275,347.280,319.835" colourspace="ICCBased" ncolour="[0]" size="10.560">有</text>
                <text font="JQUZDQ+SimSun" bbox="347.040,309.275,357.600,319.835" colourspace="ICCBased" ncolour="[0]" size="10.560">效</text>
                <text font="JQUZDQ+SimSun" bbox="357.600,309.275,368.160,319.835" colourspace="ICCBased" ncolour="[0]" size="10.560">。</text>
                <text font="JTTPDQ+SimSun" bbox="367.919,309.275,373.199,319.835" colourspace="ICCBased" ncolour="[0]" size="10.560"> </text>
                <text>
                </text>
            </textline>
            <textline bbox="210.480,293.669,547.200,304.229">
                <text font="JQUZDQ+SimSun" bbox="210.480,293.669,221.040,304.229" colourspace="ICCBased" ncolour="[0]" size="10.560">即</text>
                <text font="JQUZDQ+SimSun" bbox="221.040,293.669,231.600,304.229" colourspace="ICCBased" ncolour="[0]" size="10.560">如</text>
                <text font="JQUZDQ+SimSun" bbox="231.600,293.669,242.160,304.229" colourspace="ICCBased" ncolour="[0]" size="10.560">果</text>
                <text font="JQUZDQ+SimSun" bbox="242.160,293.669,252.720,304.229" colourspace="ICCBased" ncolour="[0]" size="10.560">您</text>
                <text font="JQUZDQ+SimSun" bbox="252.720,293.669,263.280,304.229" colourspace="ICCBased" ncolour="[0]" size="10.560">决</text>
                <text font="JQUZDQ+SimSun" bbox="263.280,293.669,273.840,304.229" colourspace="ICCBased" ncolour="[0]" size="10.560">定</text>
                <text font="JQUZDQ+SimSun" bbox="273.840,293.669,284.400,304.229" colourspace="ICCBased" ncolour="[0]" size="10.560">不</text>
                <text font="JQUZDQ+SimSun" bbox="284.160,293.669,294.720,304.229" colourspace="ICCBased" ncolour="[0]" size="10.560">再</text>
                <text font="JQUZDQ+SimSun" bbox="294.720,293.669,305.280,304.229" colourspace="ICCBased" ncolour="[0]" size="10.560">支</text>
                <text font="JQUZDQ+SimSun" bbox="305.280,293.669,315.840,304.229" colourspace="ICCBased" ncolour="[0]" size="10.560">付</text>
                <text font="JQUZDQ+SimSun" bbox="315.840,293.669,326.400,304.229" colourspace="ICCBased" ncolour="[0]" size="10.560">续</text>
                <text font="JQUZDQ+SimSun" bbox="326.400,293.669,336.960,304.229" colourspace="ICCBased" ncolour="[0]" size="10.560">期</text>
                <text font="JQUZDQ+SimSun" bbox="336.960,293.669,347.520,304.229" colourspace="ICCBased" ncolour="[0]" size="10.560">保</text>
                <text font="JQUZDQ+SimSun" bbox="347.280,293.669,357.840,304.229" colourspace="ICCBased" ncolour="[0]" size="10.560">险</text>
                <text font="JQUZDQ+SimSun" bbox="357.840,293.669,368.400,304.229" colourspace="ICCBased" ncolour="[0]" size="10.560">费</text>
                <text font="JQUZDQ+SimSun" bbox="368.400,293.669,378.960,304.229" colourspace="ICCBased" ncolour="[0]" size="10.560">且</text>
                <text font="JQUZDQ+SimSun" bbox="378.960,293.669,389.520,304.229" colourspace="ICCBased" ncolour="[0]" size="10.560">您</text>
                <text font="JQUZDQ+SimSun" bbox="389.520,293.669,400.080,304.229" colourspace="ICCBased" ncolour="[0]" size="10.560">已</text>
                <text font="JQUZDQ+SimSun" bbox="399.840,293.669,410.400,304.229" colourspace="ICCBased" ncolour="[0]" size="10.560">选</text>
                <text font="JQUZDQ+SimSun" bbox="410.400,293.669,420.960,304.229" colourspace="ICCBased" ncolour="[0]" size="10.560">择</text>
                <text font="JQUZDQ+SimSun" bbox="420.960,293.669,431.520,304.229" colourspace="ICCBased" ncolour="[0]" size="10.560">了</text>
                <text font="JQUZDQ+SimSun" bbox="431.520,293.669,442.080,304.229" colourspace="ICCBased" ncolour="[0]" size="10.560">减</text>
                <text font="JQUZDQ+SimSun" bbox="442.080,293.669,452.640,304.229" colourspace="ICCBased" ncolour="[0]" size="10.560">额</text>
                <text font="JQUZDQ+SimSun" bbox="452.400,293.669,462.960,304.229" colourspace="ICCBased" ncolour="[0]" size="10.560">交</text>
                <text font="JQUZDQ+SimSun" bbox="462.960,293.669,473.520,304.229" colourspace="ICCBased" ncolour="[0]" size="10.560">清</text>
                <text font="JQUZDQ+SimSun" bbox="473.520,293.669,484.080,304.229" colourspace="ICCBased" ncolour="[0]" size="10.560">，</text>
                <text font="JQUZDQ+SimSun" bbox="484.080,293.669,494.640,304.229" colourspace="ICCBased" ncolour="[0]" size="10.560">我</text>
                <text font="JQUZDQ+SimSun" bbox="494.640,293.669,505.200,304.229" colourspace="ICCBased" ncolour="[0]" size="10.560">们</text>
                <text font="JQUZDQ+SimSun" bbox="505.200,293.669,515.760,304.229" colourspace="ICCBased" ncolour="[0]" size="10.560">将</text>
                <text font="JQUZDQ+SimSun" bbox="515.760,293.669,526.320,304.229" colourspace="ICCBased" ncolour="[0]" size="10.560">以</text>
                <text font="JQUZDQ+SimSun" bbox="526.080,293.669,536.640,304.229" colourspace="ICCBased" ncolour="[0]" size="10.560">本</text>
                <text font="JQUZDQ+SimSun" bbox="536.640,293.669,547.200,304.229" colourspace="ICCBased" ncolour="[0]" size="10.560">附</text>
                <text>
                </text>
            </textline>
            <textline bbox="210.480,278.072,547.200,288.632">
                <text font="JQUZDQ+SimSun" bbox="210.480,278.072,221.040,288.632" colourspace="ICCBased" ncolour="[0]" size="10.560">加</text>
                <text font="JQUZDQ+SimSun" bbox="221.040,278.072,231.600,288.632" colourspace="ICCBased" ncolour="[0]" size="10.560">险</text>
                <text font="JQUZDQ+SimSun" bbox="231.600,278.072,242.160,288.632" colourspace="ICCBased" ncolour="[0]" size="10.560">合</text>
                <text font="JQUZDQ+SimSun" bbox="242.160,278.072,252.720,288.632" colourspace="ICCBased" ncolour="[0]" size="10.560">同</text>
                <text font="JQUZDQ+SimSun" bbox="252.720,278.072,263.280,288.632" colourspace="ICCBased" ncolour="[0]" size="10.560">宽</text>
                <text font="JQUZDQ+SimSun" bbox="263.280,278.072,273.840,288.632" colourspace="ICCBased" ncolour="[0]" size="10.560">限</text>
                <text font="JQUZDQ+SimSun" bbox="273.840,278.072,284.400,288.632" colourspace="ICCBased" ncolour="[0]" size="10.560">期</text>
                <text font="JQUZDQ+SimSun" bbox="284.160,278.072,294.720,288.632" colourspace="ICCBased" ncolour="[0]" size="10.560">开</text>
                <text font="JQUZDQ+SimSun" bbox="294.720,278.072,305.280,288.632" colourspace="ICCBased" ncolour="[0]" size="10.560">始</text>
                <text font="JQUZDQ+SimSun" bbox="305.280,278.072,315.840,288.632" colourspace="ICCBased" ncolour="[0]" size="10.560">前</text>
                <text font="JQUZDQ+SimSun" bbox="315.840,278.072,326.400,288.632" colourspace="ICCBased" ncolour="[0]" size="10.560">一</text>
                <text font="JQUZDQ+SimSun" bbox="326.400,278.072,336.960,288.632" colourspace="ICCBased" ncolour="[0]" size="10.560">日</text>
                <text font="JQUZDQ+SimSun" bbox="336.960,278.072,347.520,288.632" colourspace="ICCBased" ncolour="[0]" size="10.560">的</text>
                <text font="JQUZDQ+SimSun" bbox="347.280,278.072,357.840,288.632" colourspace="ICCBased" ncolour="[0]" size="10.560">现</text>
                <text font="JQUZDQ+SimSun" bbox="357.840,278.072,368.400,288.632" colourspace="ICCBased" ncolour="[0]" size="10.560">金</text>
                <text font="JQUZDQ+SimSun" bbox="368.400,278.072,378.960,288.632" colourspace="ICCBased" ncolour="[0]" size="10.560">价</text>
                <text font="JQUZDQ+SimSun" bbox="378.960,278.072,389.520,288.632" colourspace="ICCBased" ncolour="[0]" size="10.560">值</text>
                <text font="JQUZDQ+SimSun" bbox="389.520,278.072,400.080,288.632" colourspace="ICCBased" ncolour="[0]" size="10.560">扣</text>
                <text font="JQUZDQ+SimSun" bbox="399.840,278.072,410.400,288.632" colourspace="ICCBased" ncolour="[0]" size="10.560">除</text>
                <text font="JQUZDQ+SimSun" bbox="410.400,278.072,420.960,288.632" colourspace="ICCBased" ncolour="[0]" size="10.560">您</text>
                <text font="JQUZDQ+SimSun" bbox="420.960,278.072,431.520,288.632" colourspace="ICCBased" ncolour="[0]" size="10.560">尚</text>
                <text font="JQUZDQ+SimSun" bbox="431.520,278.072,442.080,288.632" colourspace="ICCBased" ncolour="[0]" size="10.560">未</text>
                <text font="JQUZDQ+SimSun" bbox="442.080,278.072,452.640,288.632" colourspace="ICCBased" ncolour="[0]" size="10.560">偿</text>
                <text font="JQUZDQ+SimSun" bbox="452.400,278.072,462.960,288.632" colourspace="ICCBased" ncolour="[0]" size="10.560">还</text>
                <text font="JQUZDQ+SimSun" bbox="462.960,278.072,473.520,288.632" colourspace="ICCBased" ncolour="[0]" size="10.560">的</text>
                <text font="JQUZDQ+SimSun" bbox="473.520,278.072,484.080,288.632" colourspace="ICCBased" ncolour="[0]" size="10.560">各</text>
                <text font="JQUZDQ+SimSun" bbox="484.080,278.072,494.640,288.632" colourspace="ICCBased" ncolour="[0]" size="10.560">项</text>
                <text font="JQUZDQ+SimSun" bbox="494.640,278.072,505.200,288.632" colourspace="ICCBased" ncolour="[0]" size="10.560">欠</text>
                <text font="JQUZDQ+SimSun" bbox="505.200,278.072,515.760,288.632" colourspace="ICCBased" ncolour="[0]" size="10.560">款</text>
                <text font="JQUZDQ+SimSun" bbox="515.760,278.072,526.320,288.632" colourspace="ICCBased" ncolour="[0]" size="10.560">之</text>
                <text font="JQUZDQ+SimSun" bbox="526.080,278.072,536.640,288.632" colourspace="ICCBased" ncolour="[0]" size="10.560">后</text>
                <text font="JQUZDQ+SimSun" bbox="536.640,278.072,547.200,288.632" colourspace="ICCBased" ncolour="[0]" size="10.560">的</text>
                <text>
                </text>
            </textline>
            <textline bbox="210.480,262.353,547.440,274.179">
                <text font="JQUZDQ+SimSun" bbox="210.480,262.475,221.040,273.035" colourspace="ICCBased" ncolour="[0]" size="10.560">余</text>
                <text font="JQUZDQ+SimSun" bbox="221.040,262.475,231.600,273.035" colourspace="ICCBased" ncolour="[0]" size="10.560">额</text>
                <text font="JQUZDQ+SimSun" bbox="231.600,262.475,242.160,273.035" colourspace="ICCBased" ncolour="[0]" size="10.560">作</text>
                <text font="JQUZDQ+SimSun" bbox="242.160,262.475,252.720,273.035" colourspace="ICCBased" ncolour="[0]" size="10.560">为</text>
                <text font="JQUZDQ+SimSun" bbox="252.720,262.475,263.280,273.035" colourspace="ICCBased" ncolour="[0]" size="10.560">一</text>
                <text font="JQUZDQ+SimSun" bbox="263.040,262.475,273.600,273.035" colourspace="ICCBased" ncolour="[0]" size="10.560">次</text>
                <text font="JQUZDQ+SimSun" bbox="273.600,262.475,284.160,273.035" colourspace="ICCBased" ncolour="[0]" size="10.560">交</text>
                <text font="JQUZDQ+SimSun" bbox="284.160,262.475,294.720,273.035" colourspace="ICCBased" ncolour="[0]" size="10.560">清</text>
                <text font="JQUZDQ+SimSun" bbox="294.720,262.475,305.280,273.035" colourspace="ICCBased" ncolour="[0]" size="10.560">的</text>
                <text font="JRNKDQ+SimHei" bbox="305.040,262.353,315.600,272.913" colourspace="ICCBased" ncolour="[0]" size="10.560">净</text>
                <text font="JRNKDQ+SimHei" bbox="315.600,262.353,326.160,272.913" colourspace="ICCBased" ncolour="[0]" size="10.560">保</text>
                <text font="JRNKDQ+SimHei" bbox="326.160,262.353,336.720,272.913" colourspace="ICCBased" ncolour="[0]" size="10.560">险</text>
                <text font="JRNKDQ+SimHei" bbox="336.720,262.353,347.280,272.913" colourspace="ICCBased" ncolour="[0]" size="10.560">费</text>
                <text> </text>
                <text font="TTLNNW+SimHei" bbox="352.320,268.659,355.080,274.179" colourspace="ICCBased" ncolour="[0]" size="5.520">1</text>
                <text font="TTLNNW+SimHei" bbox="355.439,268.659,358.199,274.179" colourspace="ICCBased" ncolour="[0]" size="5.520">2</text>
                <text font="JQUZDQ+SimSun" bbox="358.560,262.469,369.120,273.029" colourspace="ICCBased" ncolour="[0]" size="10.560">，</text>
                <text font="JQUZDQ+SimSun" bbox="369.120,262.469,379.680,273.029" colourspace="ICCBased" ncolour="[0]" size="10.560">购</text>
                <text font="JQUZDQ+SimSun" bbox="379.680,262.469,390.240,273.029" colourspace="ICCBased" ncolour="[0]" size="10.560">买</text>
                <text font="JQUZDQ+SimSun" bbox="390.240,262.469,400.800,273.029" colourspace="ICCBased" ncolour="[0]" size="10.560">与</text>
                <text font="JQUZDQ+SimSun" bbox="400.800,262.469,411.360,273.029" colourspace="ICCBased" ncolour="[0]" size="10.560">主</text>
                <text font="JQUZDQ+SimSun" bbox="411.360,262.469,421.920,273.029" colourspace="ICCBased" ncolour="[0]" size="10.560">险</text>
                <text font="JQUZDQ+SimSun" bbox="421.920,262.469,432.480,273.029" colourspace="ICCBased" ncolour="[0]" size="10.560">合</text>
                <text font="JQUZDQ+SimSun" bbox="432.240,262.469,442.800,273.029" colourspace="ICCBased" ncolour="[0]" size="10.560">同</text>
                <text font="JQUZDQ+SimSun" bbox="442.800,262.469,453.360,273.029" colourspace="ICCBased" ncolour="[0]" size="10.560">减</text>
                <text font="JQUZDQ+SimSun" bbox="453.120,262.469,463.680,273.029" colourspace="ICCBased" ncolour="[0]" size="10.560">额</text>
                <text font="JQUZDQ+SimSun" bbox="463.680,262.469,474.240,273.029" colourspace="ICCBased" ncolour="[0]" size="10.560">交</text>
                <text font="JQUZDQ+SimSun" bbox="474.240,262.469,484.800,273.029" colourspace="ICCBased" ncolour="[0]" size="10.560">清</text>
                <text font="JQUZDQ+SimSun" bbox="484.800,262.469,495.360,273.029" colourspace="ICCBased" ncolour="[0]" size="10.560">后</text>
                <text font="JQUZDQ+SimSun" bbox="495.360,262.469,505.920,273.029" colourspace="ICCBased" ncolour="[0]" size="10.560">的</text>
                <text font="JQUZDQ+SimSun" bbox="505.680,262.469,516.240,273.029" colourspace="ICCBased" ncolour="[0]" size="10.560">基</text>
                <text font="JQUZDQ+SimSun" bbox="516.240,262.469,526.800,273.029" colourspace="ICCBased" ncolour="[0]" size="10.560">本</text>
                <text font="JQUZDQ+SimSun" bbox="526.560,262.469,537.120,273.029" colourspace="ICCBased" ncolour="[0]" size="10.560">保</text>
                <text font="JQUZDQ+SimSun" bbox="536.880,262.469,547.440,273.029" colourspace="ICCBased" ncolour="[0]" size="10.560">险</text>
                <text>
                </text>
            </textline>
            <textline bbox="210.477,246.872,547.198,257.432">
                <text font="JQUZDQ+SimSun" bbox="210.477,246.872,221.037,257.432" colourspace="ICCBased" ncolour="[0]" size="10.560">金</text>
                <text font="JQUZDQ+SimSun" bbox="221.037,246.872,231.597,257.432" colourspace="ICCBased" ncolour="[0]" size="10.560">额</text>
                <text font="JQUZDQ+SimSun" bbox="231.597,246.872,242.157,257.432" colourspace="ICCBased" ncolour="[0]" size="10.560">相</text>
                <text font="JQUZDQ+SimSun" bbox="242.157,246.872,252.717,257.432" colourspace="ICCBased" ncolour="[0]" size="10.560">等</text>
                <text font="JQUZDQ+SimSun" bbox="252.717,246.872,263.277,257.432" colourspace="ICCBased" ncolour="[0]" size="10.560">的</text>
                <text font="JQUZDQ+SimSun" bbox="263.277,246.872,273.837,257.432" colourspace="ICCBased" ncolour="[0]" size="10.560">基</text>
                <text font="JQUZDQ+SimSun" bbox="273.837,246.872,284.397,257.432" colourspace="ICCBased" ncolour="[0]" size="10.560">本</text>
                <text font="JQUZDQ+SimSun" bbox="284.157,246.872,294.717,257.432" colourspace="ICCBased" ncolour="[0]" size="10.560">保</text>
                <text font="JQUZDQ+SimSun" bbox="294.717,246.872,305.277,257.432" colourspace="ICCBased" ncolour="[0]" size="10.560">险</text>
                <text font="JQUZDQ+SimSun" bbox="305.277,246.872,315.837,257.432" colourspace="ICCBased" ncolour="[0]" size="10.560">金</text>
                <text font="JQUZDQ+SimSun" bbox="315.837,246.872,326.397,257.432" colourspace="ICCBased" ncolour="[0]" size="10.560">额</text>
                <text font="JQUZDQ+SimSun" bbox="326.397,246.872,336.957,257.432" colourspace="ICCBased" ncolour="[0]" size="10.560">。</text>
                <text font="JQUZDQ+SimSun" bbox="336.957,246.872,347.517,257.432" colourspace="ICCBased" ncolour="[0]" size="10.560">如</text>
                <text font="JQUZDQ+SimSun" bbox="347.277,246.872,357.837,257.432" colourspace="ICCBased" ncolour="[0]" size="10.560">果</text>
                <text font="JQUZDQ+SimSun" bbox="357.837,246.872,368.397,257.432" colourspace="ICCBased" ncolour="[0]" size="10.560">现</text>
                <text font="JQUZDQ+SimSun" bbox="368.397,246.872,378.957,257.432" colourspace="ICCBased" ncolour="[0]" size="10.560">金</text>
                <text font="JQUZDQ+SimSun" bbox="378.957,246.872,389.517,257.432" colourspace="ICCBased" ncolour="[0]" size="10.560">价</text>
                <text font="JQUZDQ+SimSun" bbox="389.517,246.872,400.077,257.432" colourspace="ICCBased" ncolour="[0]" size="10.560">值</text>
                <text font="JQUZDQ+SimSun" bbox="399.837,246.872,410.397,257.432" colourspace="ICCBased" ncolour="[0]" size="10.560">仍</text>
                <text font="JQUZDQ+SimSun" bbox="410.397,246.872,420.957,257.432" colourspace="ICCBased" ncolour="[0]" size="10.560">有</text>
                <text font="JQUZDQ+SimSun" bbox="420.957,246.872,431.517,257.432" colourspace="ICCBased" ncolour="[0]" size="10.560">剩</text>
                <text font="JQUZDQ+SimSun" bbox="431.517,246.872,442.077,257.432" colourspace="ICCBased" ncolour="[0]" size="10.560">余</text>
                <text font="JQUZDQ+SimSun" bbox="442.077,246.872,452.637,257.432" colourspace="ICCBased" ncolour="[0]" size="10.560">，</text>
                <text font="JQUZDQ+SimSun" bbox="452.397,246.872,462.957,257.432" colourspace="ICCBased" ncolour="[0]" size="10.560">我</text>
                <text font="JQUZDQ+SimSun" bbox="462.957,246.872,473.517,257.432" colourspace="ICCBased" ncolour="[0]" size="10.560">们</text>
                <text font="JQUZDQ+SimSun" bbox="473.517,246.872,484.077,257.432" colourspace="ICCBased" ncolour="[0]" size="10.560">将</text>
                <text font="JQUZDQ+SimSun" bbox="484.077,246.872,494.637,257.432" colourspace="ICCBased" ncolour="[0]" size="10.560">退</text>
                <text font="JQUZDQ+SimSun" bbox="494.637,246.872,505.197,257.432" colourspace="ICCBased" ncolour="[0]" size="10.560">还</text>
                <text font="JQUZDQ+SimSun" bbox="505.197,246.872,515.757,257.432" colourspace="ICCBased" ncolour="[0]" size="10.560">给</text>
                <text font="JQUZDQ+SimSun" bbox="515.757,246.872,526.317,257.432" colourspace="ICCBased" ncolour="[0]" size="10.560">您</text>
                <text font="JQUZDQ+SimSun" bbox="526.078,246.872,536.638,257.432" colourspace="ICCBased" ncolour="[0]" size="10.560">；</text>
                <text font="JQUZDQ+SimSun" bbox="536.638,246.872,547.198,257.432" colourspace="ICCBased" ncolour="[0]" size="10.560">如</text>
                <text>
                </text>
            </textline>
            <textline bbox="210.477,231.275,547.198,241.835">
                <text font="JQUZDQ+SimSun" bbox="210.477,231.275,221.037,241.835" colourspace="ICCBased" ncolour="[0]" size="10.560">果</text>
                <text font="JQUZDQ+SimSun" bbox="221.037,231.275,231.597,241.835" colourspace="ICCBased" ncolour="[0]" size="10.560">现</text>
                <text font="JQUZDQ+SimSun" bbox="231.597,231.275,242.157,241.835" colourspace="ICCBased" ncolour="[0]" size="10.560">金</text>
                <text font="JQUZDQ+SimSun" bbox="242.157,231.275,252.717,241.835" colourspace="ICCBased" ncolour="[0]" size="10.560">价</text>
                <text font="JQUZDQ+SimSun" bbox="252.717,231.275,263.277,241.835" colourspace="ICCBased" ncolour="[0]" size="10.560">值</text>
                <text font="JQUZDQ+SimSun" bbox="263.277,231.275,273.837,241.835" colourspace="ICCBased" ncolour="[0]" size="10.560">不</text>
                <text font="JQUZDQ+SimSun" bbox="273.837,231.275,284.397,241.835" colourspace="ICCBased" ncolour="[0]" size="10.560">足</text>
                <text font="JQUZDQ+SimSun" bbox="284.157,231.275,294.717,241.835" colourspace="ICCBased" ncolour="[0]" size="10.560">，</text>
                <text font="JQUZDQ+SimSun" bbox="294.717,231.275,305.277,241.835" colourspace="ICCBased" ncolour="[0]" size="10.560">我</text>
                <text font="JQUZDQ+SimSun" bbox="305.277,231.275,315.837,241.835" colourspace="ICCBased" ncolour="[0]" size="10.560">们</text>
                <text font="JQUZDQ+SimSun" bbox="315.837,231.275,326.397,241.835" colourspace="ICCBased" ncolour="[0]" size="10.560">将</text>
                <text font="JQUZDQ+SimSun" bbox="326.397,231.275,336.957,241.835" colourspace="ICCBased" ncolour="[0]" size="10.560">以</text>
                <text font="JQUZDQ+SimSun" bbox="336.957,231.275,347.517,241.835" colourspace="ICCBased" ncolour="[0]" size="10.560">本</text>
                <text font="JQUZDQ+SimSun" bbox="347.277,231.275,357.837,241.835" colourspace="ICCBased" ncolour="[0]" size="10.560">附</text>
                <text font="JQUZDQ+SimSun" bbox="357.837,231.275,368.397,241.835" colourspace="ICCBased" ncolour="[0]" size="10.560">加</text>
                <text font="JQUZDQ+SimSun" bbox="368.397,231.275,378.957,241.835" colourspace="ICCBased" ncolour="[0]" size="10.560">险</text>
                <text font="JQUZDQ+SimSun" bbox="378.957,231.275,389.517,241.835" colourspace="ICCBased" ncolour="[0]" size="10.560">合</text>
                <text font="JQUZDQ+SimSun" bbox="389.517,231.275,400.077,241.835" colourspace="ICCBased" ncolour="[0]" size="10.560">同</text>
                <text font="JQUZDQ+SimSun" bbox="399.837,231.275,410.397,241.835" colourspace="ICCBased" ncolour="[0]" size="10.560">宽</text>
                <text font="JQUZDQ+SimSun" bbox="410.397,231.275,420.957,241.835" colourspace="ICCBased" ncolour="[0]" size="10.560">限</text>
                <text font="JQUZDQ+SimSun" bbox="420.957,231.275,431.517,241.835" colourspace="ICCBased" ncolour="[0]" size="10.560">期</text>
                <text font="JQUZDQ+SimSun" bbox="431.517,231.275,442.077,241.835" colourspace="ICCBased" ncolour="[0]" size="10.560">开</text>
                <text font="JQUZDQ+SimSun" bbox="442.077,231.275,452.637,241.835" colourspace="ICCBased" ncolour="[0]" size="10.560">始</text>
                <text font="JQUZDQ+SimSun" bbox="452.397,231.275,462.957,241.835" colourspace="ICCBased" ncolour="[0]" size="10.560">前</text>
                <text font="JQUZDQ+SimSun" bbox="462.957,231.275,473.517,241.835" colourspace="ICCBased" ncolour="[0]" size="10.560">一</text>
                <text font="JQUZDQ+SimSun" bbox="473.517,231.275,484.077,241.835" colourspace="ICCBased" ncolour="[0]" size="10.560">日</text>
                <text font="JQUZDQ+SimSun" bbox="484.077,231.275,494.637,241.835" colourspace="ICCBased" ncolour="[0]" size="10.560">的</text>
                <text font="JQUZDQ+SimSun" bbox="494.637,231.275,505.197,241.835" colourspace="ICCBased" ncolour="[0]" size="10.560">现</text>
                <text font="JQUZDQ+SimSun" bbox="505.197,231.275,515.757,241.835" colourspace="ICCBased" ncolour="[0]" size="10.560">金</text>
                <text font="JQUZDQ+SimSun" bbox="515.757,231.275,526.317,241.835" colourspace="ICCBased" ncolour="[0]" size="10.560">价</text>
                <text font="JQUZDQ+SimSun" bbox="526.078,231.275,536.638,241.835" colourspace="ICCBased" ncolour="[0]" size="10.560">值</text>
                <text font="JQUZDQ+SimSun" bbox="536.638,231.275,547.198,241.835" colourspace="ICCBased" ncolour="[0]" size="10.560">扣</text>
                <text>
                </text>
            </textline>
            <textline bbox="210.477,215.677,547.198,226.237">
                <text font="JQUZDQ+SimSun" bbox="210.477,215.677,221.037,226.237" colourspace="ICCBased" ncolour="[0]" size="10.560">除</text>
                <text font="JQUZDQ+SimSun" bbox="221.037,215.677,231.597,226.237" colourspace="ICCBased" ncolour="[0]" size="10.560">您</text>
                <text font="JQUZDQ+SimSun" bbox="231.597,215.677,242.157,226.237" colourspace="ICCBased" ncolour="[0]" size="10.560">尚</text>
                <text font="JQUZDQ+SimSun" bbox="242.157,215.677,252.717,226.237" colourspace="ICCBased" ncolour="[0]" size="10.560">未</text>
                <text font="JQUZDQ+SimSun" bbox="252.717,215.677,263.277,226.237" colourspace="ICCBased" ncolour="[0]" size="10.560">偿</text>
                <text font="JQUZDQ+SimSun" bbox="263.277,215.677,273.837,226.237" colourspace="ICCBased" ncolour="[0]" size="10.560">还</text>
                <text font="JQUZDQ+SimSun" bbox="273.837,215.677,284.397,226.237" colourspace="ICCBased" ncolour="[0]" size="10.560">的</text>
                <text font="JQUZDQ+SimSun" bbox="284.157,215.677,294.717,226.237" colourspace="ICCBased" ncolour="[0]" size="10.560">各</text>
                <text font="JQUZDQ+SimSun" bbox="294.717,215.677,305.277,226.237" colourspace="ICCBased" ncolour="[0]" size="10.560">项</text>
                <text font="JQUZDQ+SimSun" bbox="305.277,215.677,315.837,226.237" colourspace="ICCBased" ncolour="[0]" size="10.560">欠</text>
                <text font="JQUZDQ+SimSun" bbox="315.837,215.677,326.397,226.237" colourspace="ICCBased" ncolour="[0]" size="10.560">款</text>
                <text font="JQUZDQ+SimSun" bbox="326.397,215.677,336.957,226.237" colourspace="ICCBased" ncolour="[0]" size="10.560">之</text>
                <text font="JQUZDQ+SimSun" bbox="336.957,215.677,347.517,226.237" colourspace="ICCBased" ncolour="[0]" size="10.560">后</text>
                <text font="JQUZDQ+SimSun" bbox="347.277,215.677,357.837,226.237" colourspace="ICCBased" ncolour="[0]" size="10.560">的</text>
                <text font="JQUZDQ+SimSun" bbox="357.837,215.677,368.397,226.237" colourspace="ICCBased" ncolour="[0]" size="10.560">余</text>
                <text font="JQUZDQ+SimSun" bbox="368.397,215.677,378.957,226.237" colourspace="ICCBased" ncolour="[0]" size="10.560">额</text>
                <text font="JQUZDQ+SimSun" bbox="378.957,215.677,389.517,226.237" colourspace="ICCBased" ncolour="[0]" size="10.560">，</text>
                <text font="JQUZDQ+SimSun" bbox="389.517,215.677,400.077,226.237" colourspace="ICCBased" ncolour="[0]" size="10.560">重</text>
                <text font="JQUZDQ+SimSun" bbox="399.837,215.677,410.397,226.237" colourspace="ICCBased" ncolour="[0]" size="10.560">新</text>
                <text font="JQUZDQ+SimSun" bbox="410.397,215.677,420.957,226.237" colourspace="ICCBased" ncolour="[0]" size="10.560">计</text>
                <text font="JQUZDQ+SimSun" bbox="420.957,215.677,431.517,226.237" colourspace="ICCBased" ncolour="[0]" size="10.560">算</text>
                <text font="JQUZDQ+SimSun" bbox="431.517,215.677,442.077,226.237" colourspace="ICCBased" ncolour="[0]" size="10.560">本</text>
                <text font="JQUZDQ+SimSun" bbox="442.077,215.677,452.637,226.237" colourspace="ICCBased" ncolour="[0]" size="10.560">附</text>
                <text font="JQUZDQ+SimSun" bbox="452.397,215.677,462.957,226.237" colourspace="ICCBased" ncolour="[0]" size="10.560">加</text>
                <text font="JQUZDQ+SimSun" bbox="462.957,215.677,473.517,226.237" colourspace="ICCBased" ncolour="[0]" size="10.560">险</text>
                <text font="JQUZDQ+SimSun" bbox="473.517,215.677,484.077,226.237" colourspace="ICCBased" ncolour="[0]" size="10.560">合</text>
                <text font="JQUZDQ+SimSun" bbox="484.077,215.677,494.637,226.237" colourspace="ICCBased" ncolour="[0]" size="10.560">同</text>
                <text font="JQUZDQ+SimSun" bbox="494.637,215.677,505.197,226.237" colourspace="ICCBased" ncolour="[0]" size="10.560">的</text>
                <text font="JQUZDQ+SimSun" bbox="505.197,215.677,515.757,226.237" colourspace="ICCBased" ncolour="[0]" size="10.560">基</text>
                <text font="JQUZDQ+SimSun" bbox="515.757,215.677,526.317,226.237" colourspace="ICCBased" ncolour="[0]" size="10.560">本</text>
                <text font="JQUZDQ+SimSun" bbox="526.078,215.677,536.638,226.237" colourspace="ICCBased" ncolour="[0]" size="10.560">保</text>
                <text font="JQUZDQ+SimSun" bbox="536.638,215.677,547.198,226.237" colourspace="ICCBased" ncolour="[0]" size="10.560">险</text>
                <text>
                </text>
            </textline>
            <textline bbox="210.477,200.080,247.194,210.640">
                <text font="JQUZDQ+SimSun" bbox="210.477,200.080,221.037,210.640" colourspace="ICCBased" ncolour="[0]" size="10.560">金</text>
                <text font="JQUZDQ+SimSun" bbox="221.037,200.080,231.597,210.640" colourspace="ICCBased" ncolour="[0]" size="10.560">额</text>
                <text font="JQUZDQ+SimSun" bbox="231.597,200.080,242.157,210.640" colourspace="ICCBased" ncolour="[0]" size="10.560">。</text>
                <text font="JTTPDQ+SimSun" bbox="241.914,200.080,247.194,210.640" colourspace="ICCBased" ncolour="[0]" size="10.560"> </text>
                <text>
                </text>
            </textline>
            <textline bbox="210.477,184.483,547.198,195.043">
                <text font="JQUZDQ+SimSun" bbox="210.477,184.483,221.037,195.043" colourspace="ICCBased" ncolour="[0]" size="10.560">减</text>
                <text font="JQUZDQ+SimSun" bbox="221.037,184.483,231.597,195.043" colourspace="ICCBased" ncolour="[0]" size="10.560">额</text>
                <text font="JQUZDQ+SimSun" bbox="231.597,184.483,242.157,195.043" colourspace="ICCBased" ncolour="[0]" size="10.560">交</text>
                <text font="JQUZDQ+SimSun" bbox="242.157,184.483,252.717,195.043" colourspace="ICCBased" ncolour="[0]" size="10.560">清</text>
                <text font="JQUZDQ+SimSun" bbox="252.717,184.483,263.277,195.043" colourspace="ICCBased" ncolour="[0]" size="10.560">后</text>
                <text font="JQUZDQ+SimSun" bbox="263.277,184.483,273.837,195.043" colourspace="ICCBased" ncolour="[0]" size="10.560">，</text>
                <text font="JQUZDQ+SimSun" bbox="273.837,184.483,284.397,195.043" colourspace="ICCBased" ncolour="[0]" size="10.560">本</text>
                <text font="JQUZDQ+SimSun" bbox="284.157,184.483,294.717,195.043" colourspace="ICCBased" ncolour="[0]" size="10.560">附</text>
                <text font="JQUZDQ+SimSun" bbox="294.717,184.483,305.277,195.043" colourspace="ICCBased" ncolour="[0]" size="10.560">加</text>
                <text font="JQUZDQ+SimSun" bbox="305.277,184.483,315.837,195.043" colourspace="ICCBased" ncolour="[0]" size="10.560">险</text>
                <text font="JQUZDQ+SimSun" bbox="315.837,184.483,326.397,195.043" colourspace="ICCBased" ncolour="[0]" size="10.560">合</text>
                <text font="JQUZDQ+SimSun" bbox="326.397,184.483,336.957,195.043" colourspace="ICCBased" ncolour="[0]" size="10.560">同</text>
                <text font="JQUZDQ+SimSun" bbox="336.957,184.483,347.517,195.043" colourspace="ICCBased" ncolour="[0]" size="10.560">的</text>
                <text font="JQUZDQ+SimSun" bbox="347.277,184.483,357.837,195.043" colourspace="ICCBased" ncolour="[0]" size="10.560">基</text>
                <text font="JQUZDQ+SimSun" bbox="357.837,184.483,368.397,195.043" colourspace="ICCBased" ncolour="[0]" size="10.560">本</text>
                <text font="JQUZDQ+SimSun" bbox="368.397,184.483,378.957,195.043" colourspace="ICCBased" ncolour="[0]" size="10.560">保</text>
                <text font="JQUZDQ+SimSun" bbox="378.957,184.483,389.517,195.043" colourspace="ICCBased" ncolour="[0]" size="10.560">险</text>
                <text font="JQUZDQ+SimSun" bbox="389.517,184.483,400.077,195.043" colourspace="ICCBased" ncolour="[0]" size="10.560">金</text>
                <text font="JQUZDQ+SimSun" bbox="399.837,184.483,410.397,195.043" colourspace="ICCBased" ncolour="[0]" size="10.560">额</text>
                <text font="JQUZDQ+SimSun" bbox="410.397,184.483,420.957,195.043" colourspace="ICCBased" ncolour="[0]" size="10.560">会</text>
                <text font="JQUZDQ+SimSun" bbox="420.957,184.483,431.517,195.043" colourspace="ICCBased" ncolour="[0]" size="10.560">相</text>
                <text font="JQUZDQ+SimSun" bbox="431.517,184.483,442.077,195.043" colourspace="ICCBased" ncolour="[0]" size="10.560">应</text>
                <text font="JQUZDQ+SimSun" bbox="442.077,184.483,452.637,195.043" colourspace="ICCBased" ncolour="[0]" size="10.560">减</text>
                <text font="JQUZDQ+SimSun" bbox="452.397,184.483,462.957,195.043" colourspace="ICCBased" ncolour="[0]" size="10.560">少</text>
                <text font="JQUZDQ+SimSun" bbox="462.957,184.483,473.517,195.043" colourspace="ICCBased" ncolour="[0]" size="10.560">，</text>
                <text font="JQUZDQ+SimSun" bbox="473.517,184.483,484.077,195.043" colourspace="ICCBased" ncolour="[0]" size="10.560">您</text>
                <text font="JQUZDQ+SimSun" bbox="484.077,184.483,494.637,195.043" colourspace="ICCBased" ncolour="[0]" size="10.560">不</text>
                <text font="JQUZDQ+SimSun" bbox="494.637,184.483,505.197,195.043" colourspace="ICCBased" ncolour="[0]" size="10.560">需</text>
                <text font="JQUZDQ+SimSun" bbox="505.197,184.483,515.757,195.043" colourspace="ICCBased" ncolour="[0]" size="10.560">要</text>
                <text font="JQUZDQ+SimSun" bbox="515.757,184.483,526.317,195.043" colourspace="ICCBased" ncolour="[0]" size="10.560">再</text>
                <text font="JQUZDQ+SimSun" bbox="526.078,184.483,536.638,195.043" colourspace="ICCBased" ncolour="[0]" size="10.560">支</text>
                <text font="JQUZDQ+SimSun" bbox="536.638,184.483,547.198,195.043" colourspace="ICCBased" ncolour="[0]" size="10.560">付</text>
                <text>
                </text>
            </textline>
            <textline bbox="210.477,168.886,373.196,179.446">
                <text font="JQUZDQ+SimSun" bbox="210.477,168.886,221.037,179.446" colourspace="ICCBased" ncolour="[0]" size="10.560">保</text>
                <text font="JQUZDQ+SimSun" bbox="221.037,168.886,231.597,179.446" colourspace="ICCBased" ncolour="[0]" size="10.560">险</text>
                <text font="JQUZDQ+SimSun" bbox="231.597,168.886,242.157,179.446" colourspace="ICCBased" ncolour="[0]" size="10.560">费</text>
                <text font="JQUZDQ+SimSun" bbox="242.157,168.886,252.717,179.446" colourspace="ICCBased" ncolour="[0]" size="10.560">，</text>
                <text font="JQUZDQ+SimSun" bbox="252.717,168.886,263.277,179.446" colourspace="ICCBased" ncolour="[0]" size="10.560">本</text>
                <text font="JQUZDQ+SimSun" bbox="263.037,168.886,273.597,179.446" colourspace="ICCBased" ncolour="[0]" size="10.560">附</text>
                <text font="JQUZDQ+SimSun" bbox="273.597,168.886,284.157,179.446" colourspace="ICCBased" ncolour="[0]" size="10.560">加</text>
                <text font="JQUZDQ+SimSun" bbox="284.157,168.886,294.717,179.446" colourspace="ICCBased" ncolour="[0]" size="10.560">险</text>
                <text font="JQUZDQ+SimSun" bbox="294.717,168.886,305.277,179.446" colourspace="ICCBased" ncolour="[0]" size="10.560">合</text>
                <text font="JQUZDQ+SimSun" bbox="305.037,168.886,315.597,179.446" colourspace="ICCBased" ncolour="[0]" size="10.560">同</text>
                <text font="JQUZDQ+SimSun" bbox="315.597,168.886,326.157,179.446" colourspace="ICCBased" ncolour="[0]" size="10.560">继</text>
                <text font="JQUZDQ+SimSun" bbox="326.157,168.886,336.717,179.446" colourspace="ICCBased" ncolour="[0]" size="10.560">续</text>
                <text font="JQUZDQ+SimSun" bbox="336.717,168.886,347.277,179.446" colourspace="ICCBased" ncolour="[0]" size="10.560">有</text>
                <text font="JQUZDQ+SimSun" bbox="347.037,168.886,357.597,179.446" colourspace="ICCBased" ncolour="[0]" size="10.560">效</text>
                <text font="JQUZDQ+SimSun" bbox="357.597,168.886,368.157,179.446" colourspace="ICCBased" ncolour="[0]" size="10.560">。</text>
                <text font="JTTPDQ+SimSun" bbox="367.916,168.886,373.196,179.446" colourspace="ICCBased" ncolour="[0]" size="10.560"> </text>
                <text>
                </text>
            </textline>
            <textline bbox="210.480,153.269,215.760,163.829">
                <text font="JTTPDQ+SimSun" bbox="210.480,153.269,215.760,163.829" colourspace="ICCBased" ncolour="[0]" size="10.560"> </text>
                <text>
                </text>
            </textline>
        </textbox>
        <textbox id="19" bbox="97.440,153.269,102.720,163.829">
            <textline bbox="97.440,153.269,102.720,163.829">
                <text font="JTTPDQ+SimSun" bbox="97.440,153.269,102.720,163.829" colourspace="ICCBased" ncolour="[0]" size="10.560"> </text>
                <text>
                </text>
            </textline>
        </textbox>
        <textbox id="20" bbox="60.000,131.157,175.680,151.077">
            <textline bbox="60.000,131.157,175.680,151.077">
                <text font="ZTWRTK+Wingdings2" bbox="60.000,131.157,77.769,151.077" colourspace="ICCBased" ncolour="[0]" size="19.920"></text>
                <text font="ZTWRTK+Wingdings2" bbox="77.760,131.157,97.680,151.077" colourspace="ICCBased" ncolour="[0]" size="19.920"> </text>
                <text font="JQUZDQ+SimSun" bbox="97.440,138.420,109.440,150.420" colourspace="ICCBased" ncolour="[0]" size="12.000">重</text>
                <text font="JQUZDQ+SimSun" bbox="109.440,138.420,121.440,150.420" colourspace="ICCBased" ncolour="[0]" size="12.000">大</text>
                <text font="JQUZDQ+SimSun" bbox="121.680,138.420,133.680,150.420" colourspace="ICCBased" ncolour="[0]" size="12.000">疾</text>
                <text font="JQUZDQ+SimSun" bbox="133.680,138.420,145.680,150.420" colourspace="ICCBased" ncolour="[0]" size="12.000">病</text>
                <text font="JQUZDQ+SimSun" bbox="145.680,138.420,157.680,150.420" colourspace="ICCBased" ncolour="[0]" size="12.000">释</text>
                <text font="JQUZDQ+SimSun" bbox="157.680,138.420,169.680,150.420" colourspace="ICCBased" ncolour="[0]" size="12.000">义</text>
                <text font="JTTPDQ+SimSun" bbox="169.680,138.420,175.680,150.420" colourspace="ICCBased" ncolour="[0]" size="12.000"> </text>
                <text>
                </text>
            </textline>
        </textbox>
        <textbox id="21" bbox="97.440,98.928,546.960,126.768">
            <textline bbox="97.440,114.768,546.960,126.768">
                <text font="ERELLA+STXinwei" bbox="97.440,114.768,109.440,126.768" colourspace="ICCBased" ncolour="[0]" size="12.000">这</text>
                <text font="ERELLA+STXinwei" bbox="109.440,114.768,121.440,126.768" colourspace="ICCBased" ncolour="[0]" size="12.000">部</text>
                <text font="ERELLA+STXinwei" bbox="121.440,114.768,133.440,126.768" colourspace="ICCBased" ncolour="[0]" size="12.000">分</text>
                <text font="ERELLA+STXinwei" bbox="133.440,114.768,145.440,126.768" colourspace="ICCBased" ncolour="[0]" size="12.000">讲</text>
                <text font="ERELLA+STXinwei" bbox="145.440,114.768,157.440,126.768" colourspace="ICCBased" ncolour="[0]" size="12.000">的</text>
                <text font="ERELLA+STXinwei" bbox="157.440,114.768,169.440,126.768" colourspace="ICCBased" ncolour="[0]" size="12.000">是</text>
                <text font="ERELLA+STXinwei" bbox="169.440,114.768,181.440,126.768" colourspace="ICCBased" ncolour="[0]" size="12.000">我</text>
                <text font="ERELLA+STXinwei" bbox="181.440,114.768,193.440,126.768" colourspace="ICCBased" ncolour="[0]" size="12.000">们</text>
                <text font="ERELLA+STXinwei" bbox="193.440,114.768,205.440,126.768" colourspace="ICCBased" ncolour="[0]" size="12.000">提</text>
                <text font="ERELLA+STXinwei" bbox="205.440,114.768,217.440,126.768" colourspace="ICCBased" ncolour="[0]" size="12.000">供</text>
                <text font="ERELLA+STXinwei" bbox="217.440,114.768,229.440,126.768" colourspace="ICCBased" ncolour="[0]" size="12.000">保</text>
                <text font="ERELLA+STXinwei" bbox="229.440,114.768,241.440,126.768" colourspace="ICCBased" ncolour="[0]" size="12.000">障</text>
                <text font="ERELLA+STXinwei" bbox="241.440,114.768,253.440,126.768" colourspace="ICCBased" ncolour="[0]" size="12.000">的</text>
                <text> </text>
                <text font="ERELLA+STXinwei" bbox="256.320,114.768,263.148,126.768" colourspace="ICCBased" ncolour="[0]" size="12.000">8</text>
                <text font="ERELLA+STXinwei" bbox="263.280,114.768,270.336,126.768" colourspace="ICCBased" ncolour="[0]" size="12.000">0</text>
                <text> </text>
                <text font="ERELLA+STXinwei" bbox="273.120,114.768,285.120,126.768" colourspace="ICCBased" ncolour="[0]" size="12.000">种</text>
                <text font="ERELLA+STXinwei" bbox="285.120,114.768,297.120,126.768" colourspace="ICCBased" ncolour="[0]" size="12.000">重</text>
                <text font="ERELLA+STXinwei" bbox="297.120,114.768,309.120,126.768" colourspace="ICCBased" ncolour="[0]" size="12.000">大</text>
                <text font="ERELLA+STXinwei" bbox="309.120,114.768,321.120,126.768" colourspace="ICCBased" ncolour="[0]" size="12.000">疾</text>
                <text font="ERELLA+STXinwei" bbox="321.120,114.768,333.120,126.768" colourspace="ICCBased" ncolour="[0]" size="12.000">病</text>
                <text font="ERELLA+STXinwei" bbox="333.360,114.768,345.360,126.768" colourspace="ICCBased" ncolour="[0]" size="12.000">的</text>
                <text font="ERELLA+STXinwei" bbox="345.360,114.768,357.360,126.768" colourspace="ICCBased" ncolour="[0]" size="12.000">定</text>
                <text font="ERELLA+STXinwei" bbox="357.360,114.768,369.360,126.768" colourspace="ICCBased" ncolour="[0]" size="12.000">义</text>
                <text font="ERELLA+STXinwei" bbox="369.360,114.768,381.360,126.768" colourspace="ICCBased" ncolour="[0]" size="12.000">，</text>
                <text font="ERELLA+STXinwei" bbox="380.160,114.768,392.160,126.768" colourspace="ICCBased" ncolour="[0]" size="12.000">其</text>
                <text font="ERELLA+STXinwei" bbox="392.160,114.768,404.160,126.768" colourspace="ICCBased" ncolour="[0]" size="12.000">中</text>
                <text font="ERELLA+STXinwei" bbox="404.160,114.768,416.160,126.768" colourspace="ICCBased" ncolour="[0]" size="12.000">包</text>
                <text font="ERELLA+STXinwei" bbox="416.160,114.768,428.160,126.768" colourspace="ICCBased" ncolour="[0]" size="12.000">含</text>
                <text font="ERELLA+STXinwei" bbox="428.160,114.768,440.160,126.768" colourspace="ICCBased" ncolour="[0]" size="12.000">一</text>
                <text font="ERELLA+STXinwei" bbox="440.160,114.768,452.160,126.768" colourspace="ICCBased" ncolour="[0]" size="12.000">些</text>
                <text font="ERELLA+STXinwei" bbox="452.160,114.768,464.160,126.768" colourspace="ICCBased" ncolour="[0]" size="12.000">免</text>
                <text font="ERELLA+STXinwei" bbox="464.160,114.768,476.160,126.768" colourspace="ICCBased" ncolour="[0]" size="12.000">责</text>
                <text font="ERELLA+STXinwei" bbox="476.160,114.768,488.160,126.768" colourspace="ICCBased" ncolour="[0]" size="12.000">条</text>
                <text font="ERELLA+STXinwei" bbox="488.160,114.768,500.160,126.768" colourspace="ICCBased" ncolour="[0]" size="12.000">款</text>
                <text font="ERELLA+STXinwei" bbox="500.160,114.768,512.160,126.768" colourspace="ICCBased" ncolour="[0]" size="12.000">，</text>
                <text font="ERELLA+STXinwei" bbox="510.960,114.768,522.960,126.768" colourspace="ICCBased" ncolour="[0]" size="12.000">请</text>
                <text font="ERELLA+STXinwei" bbox="522.960,114.768,534.960,126.768" colourspace="ICCBased" ncolour="[0]" size="12.000">您</text>
                <text font="ERELLA+STXinwei" bbox="534.960,114.768,546.960,126.768" colourspace="ICCBased" ncolour="[0]" size="12.000">特</text>
                <text>
                </text>
            </textline>
            <textline bbox="97.440,98.928,150.720,110.928">
                <text font="ERELLA+STXinwei" bbox="97.440,98.928,109.440,110.928" colourspace="ICCBased" ncolour="[0]" size="12.000">别</text>
                <text font="ERELLA+STXinwei" bbox="109.440,98.928,121.440,110.928" colourspace="ICCBased" ncolour="[0]" size="12.000">留</text>
                <text font="ERELLA+STXinwei" bbox="121.440,98.928,133.440,110.928" colourspace="ICCBased" ncolour="[0]" size="12.000">意</text>
                <text font="ERELLA+STXinwei" bbox="133.440,98.928,145.440,110.928" colourspace="ICCBased" ncolour="[0]" size="12.000">。</text>
                <text font="JTTPDQ+SimSun" bbox="145.440,100.229,150.720,110.789" colourspace="ICCBased" ncolour="[0]" size="10.560"> </text>
                <text>
                </text>
            </textline>
        </textbox>
        <textbox id="22" bbox="51.120,58.234,308.400,80.758">
            <textline bbox="51.120,70.198,197.756,80.758">
                <text font="TimesNewRomanPSMT" bbox="51.120,70.198,53.760,80.758" colourspace="ICCBased" ncolour="[0]" size="10.560"> </text>
                <text font="TimesNewRomanPSMT" bbox="53.760,70.198,56.400,80.758" colourspace="ICCBased" ncolour="[0]" size="10.560"> </text>
                <text font="TimesNewRomanPSMT" bbox="56.400,70.198,59.040,80.758" colourspace="ICCBased" ncolour="[0]" size="10.560"> </text>
                <text font="TimesNewRomanPSMT" bbox="59.040,70.198,61.680,80.758" colourspace="ICCBased" ncolour="[0]" size="10.560"> </text>
                <text font="TimesNewRomanPSMT" bbox="61.680,70.198,64.320,80.758" colourspace="ICCBased" ncolour="[0]" size="10.560"> </text>
                <text font="TimesNewRomanPSMT" bbox="64.320,70.198,66.960,80.758" colourspace="ICCBased" ncolour="[0]" size="10.560"> </text>
                <text font="TimesNewRomanPSMT" bbox="66.960,70.198,69.600,80.758" colourspace="ICCBased" ncolour="[0]" size="10.560"> </text>
                <text font="TimesNewRomanPSMT" bbox="69.600,70.198,72.240,80.758" colourspace="ICCBased" ncolour="[0]" size="10.560"> </text>
                <text font="TimesNewRomanPSMT" bbox="72.240,70.198,74.880,80.758" colourspace="ICCBased" ncolour="[0]" size="10.560"> </text>
                <text font="TimesNewRomanPSMT" bbox="74.880,70.198,77.520,80.758" colourspace="ICCBased" ncolour="[0]" size="10.560"> </text>
                <text font="TimesNewRomanPSMT" bbox="77.520,70.198,80.160,80.758" colourspace="ICCBased" ncolour="[0]" size="10.560"> </text>
                <text font="TimesNewRomanPSMT" bbox="80.160,70.198,82.800,80.758" colourspace="ICCBased" ncolour="[0]" size="10.560"> </text>
                <text font="TimesNewRomanPSMT" bbox="82.800,70.198,85.440,80.758" colourspace="ICCBased" ncolour="[0]" size="10.560"> </text>
                <text font="TimesNewRomanPSMT" bbox="85.440,70.198,88.080,80.758" colourspace="ICCBased" ncolour="[0]" size="10.560"> </text>
                <text font="TimesNewRomanPSMT" bbox="88.080,70.198,90.720,80.758" colourspace="ICCBased" ncolour="[0]" size="10.560"> </text>
                <text font="TimesNewRomanPSMT" bbox="90.720,70.198,93.360,80.758" colourspace="ICCBased" ncolour="[0]" size="10.560"> </text>
                <text font="TimesNewRomanPSMT" bbox="93.360,70.198,96.000,80.758" colourspace="ICCBased" ncolour="[0]" size="10.560"> </text>
                <text font="TimesNewRomanPSMT" bbox="96.000,70.198,98.640,80.758" colourspace="ICCBased" ncolour="[0]" size="10.560"> </text>
                <text font="TimesNewRomanPSMT" bbox="98.640,70.198,101.280,80.758" colourspace="ICCBased" ncolour="[0]" size="10.560"> </text>
                <text font="TimesNewRomanPSMT" bbox="101.280,70.198,103.920,80.758" colourspace="ICCBased" ncolour="[0]" size="10.560"> </text>
                <text font="TimesNewRomanPSMT" bbox="103.920,70.198,106.560,80.758" colourspace="ICCBased" ncolour="[0]" size="10.560"> </text>
                <text font="TimesNewRomanPSMT" bbox="106.560,70.198,109.200,80.758" colourspace="ICCBased" ncolour="[0]" size="10.560"> </text>
                <text font="TimesNewRomanPSMT" bbox="109.200,70.198,111.840,80.758" colourspace="ICCBased" ncolour="[0]" size="10.560"> </text>
                <text font="TimesNewRomanPSMT" bbox="111.840,70.198,114.480,80.758" colourspace="ICCBased" ncolour="[0]" size="10.560"> </text>
                <text font="TimesNewRomanPSMT" bbox="114.480,70.198,117.120,80.758" colourspace="ICCBased" ncolour="[0]" size="10.560"> </text>
                <text font="TimesNewRomanPSMT" bbox="117.120,70.198,119.760,80.758" colourspace="ICCBased" ncolour="[0]" size="10.560"> </text>
                <text font="TimesNewRomanPSMT" bbox="119.760,70.198,122.400,80.758" colourspace="ICCBased" ncolour="[0]" size="10.560"> </text>
                <text font="TimesNewRomanPSMT" bbox="122.400,70.198,125.040,80.758" colourspace="ICCBased" ncolour="[0]" size="10.560"> </text>
                <text font="TimesNewRomanPSMT" bbox="125.040,70.198,127.680,80.758" colourspace="ICCBased" ncolour="[0]" size="10.560"> </text>
                <text font="TimesNewRomanPSMT" bbox="127.680,70.198,130.320,80.758" colourspace="ICCBased" ncolour="[0]" size="10.560"> </text>
                <text font="TimesNewRomanPSMT" bbox="130.320,70.198,132.960,80.758" colourspace="ICCBased" ncolour="[0]" size="10.560"> </text>
                <text font="TimesNewRomanPSMT" bbox="132.960,70.198,135.600,80.758" colourspace="ICCBased" ncolour="[0]" size="10.560"> </text>
                <text font="TimesNewRomanPSMT" bbox="135.600,70.198,138.240,80.758" colourspace="ICCBased" ncolour="[0]" size="10.560"> </text>
                <text font="TimesNewRomanPSMT" bbox="138.240,70.198,140.880,80.758" colourspace="ICCBased" ncolour="[0]" size="10.560"> </text>
                <text font="TimesNewRomanPSMT" bbox="140.880,70.198,143.520,80.758" colourspace="ICCBased" ncolour="[0]" size="10.560"> </text>
                <text font="TimesNewRomanPSMT" bbox="143.520,70.198,146.160,80.758" colourspace="ICCBased" ncolour="[0]" size="10.560"> </text>
                <text font="TimesNewRomanPSMT" bbox="146.160,70.198,148.800,80.758" colourspace="ICCBased" ncolour="[0]" size="10.560"> </text>
                <text font="TimesNewRomanPSMT" bbox="148.800,70.198,151.440,80.758" colourspace="ICCBased" ncolour="[0]" size="10.560"> </text>
                <text font="TimesNewRomanPSMT" bbox="151.440,70.198,154.080,80.758" colourspace="ICCBased" ncolour="[0]" size="10.560"> </text>
                <text font="TimesNewRomanPSMT" bbox="154.080,70.198,156.720,80.758" colourspace="ICCBased" ncolour="[0]" size="10.560"> </text>
                <text font="TimesNewRomanPSMT" bbox="156.720,70.198,159.360,80.758" colourspace="ICCBased" ncolour="[0]" size="10.560"> </text>
                <text font="TimesNewRomanPSMT" bbox="159.360,70.198,162.000,80.758" colourspace="ICCBased" ncolour="[0]" size="10.560"> </text>
                <text font="TimesNewRomanPSMT" bbox="162.000,70.198,164.640,80.758" colourspace="ICCBased" ncolour="[0]" size="10.560"> </text>
                <text font="TimesNewRomanPSMT" bbox="164.640,70.198,167.280,80.758" colourspace="ICCBased" ncolour="[0]" size="10.560"> </text>
                <text font="TimesNewRomanPSMT" bbox="167.280,70.198,169.920,80.758" colourspace="ICCBased" ncolour="[0]" size="10.560"> </text>
                <text font="TimesNewRomanPSMT" bbox="169.920,70.198,172.560,80.758" colourspace="ICCBased" ncolour="[0]" size="10.560"> </text>
                <text font="TimesNewRomanPSMT" bbox="172.560,70.198,175.200,80.758" colourspace="ICCBased" ncolour="[0]" size="10.560"> </text>
                <text font="TimesNewRomanPSMT" bbox="175.200,70.198,177.840,80.758" colourspace="ICCBased" ncolour="[0]" size="10.560"> </text>
                <text font="TimesNewRomanPSMT" bbox="177.840,70.198,180.480,80.758" colourspace="ICCBased" ncolour="[0]" size="10.560"> </text>
                <text font="TimesNewRomanPSMT" bbox="180.480,70.198,183.120,80.758" colourspace="ICCBased" ncolour="[0]" size="10.560"> </text>
                <text font="TimesNewRomanPSMT" bbox="183.120,70.198,185.760,80.758" colourspace="ICCBased" ncolour="[0]" size="10.560"> </text>
                <text font="TimesNewRomanPSMT" bbox="185.760,70.198,188.400,80.758" colourspace="ICCBased" ncolour="[0]" size="10.560"> </text>
                <text font="TimesNewRomanPSMT" bbox="188.400,70.198,191.040,80.758" colourspace="ICCBased" ncolour="[0]" size="10.560"> </text>
                <text font="TimesNewRomanPSMT" bbox="191.040,70.198,193.680,80.758" colourspace="ICCBased" ncolour="[0]" size="10.560"> </text>
                <text font="TimesNewRomanPSMT" bbox="193.680,70.198,196.320,80.758" colourspace="ICCBased" ncolour="[0]" size="10.560"> </text>
                <text font="TimesNewRomanPSMT" bbox="195.116,70.198,197.756,80.758" colourspace="ICCBased" ncolour="[0]" size="10.560"> </text>
                <text>
                </text>
            </textline>
            <textline bbox="51.120,58.234,308.400,67.997">
                <text font="EUYBLA+KaiTi_GB2312" bbox="51.120,63.437,53.400,67.997" colourspace="ICCBased" ncolour="[0]" size="4.560">1</text>
                <text font="EUYBLA+KaiTi_GB2312" bbox="53.760,63.437,56.040,67.997" colourspace="ICCBased" ncolour="[0]" size="4.560">2</text>
                <text font="EUYBLA+KaiTi_GB2312" bbox="56.400,58.234,60.960,67.354" colourspace="ICCBased" ncolour="[0]" size="9.120"> </text>
                <text font="EUYBLA+KaiTi_GB2312" bbox="60.960,58.234,70.080,67.354" colourspace="ICCBased" ncolour="[0]" size="9.120">净</text>
                <text font="EUYBLA+KaiTi_GB2312" bbox="70.080,58.234,79.200,67.354" colourspace="ICCBased" ncolour="[0]" size="9.120">保</text>
                <text font="EUYBLA+KaiTi_GB2312" bbox="79.200,58.234,88.320,67.354" colourspace="ICCBased" ncolour="[0]" size="9.120">险</text>
                <text font="EUYBLA+KaiTi_GB2312" bbox="88.080,58.234,97.200,67.354" colourspace="ICCBased" ncolour="[0]" size="9.120">费</text>
                <text font="EUYBLA+KaiTi_GB2312" bbox="97.200,58.234,106.320,67.354" colourspace="ICCBased" ncolour="[0]" size="9.120">指</text>
                <text font="EUYBLA+KaiTi_GB2312" bbox="106.083,58.234,115.203,67.354" colourspace="ICCBased" ncolour="[0]" size="9.120">不</text>
                <text font="EUYBLA+KaiTi_GB2312" bbox="115.203,58.234,124.323,67.354" colourspace="ICCBased" ncolour="[0]" size="9.120">包</text>
                <text font="EUYBLA+KaiTi_GB2312" bbox="124.086,58.234,133.206,67.354" colourspace="ICCBased" ncolour="[0]" size="9.120">含</text>
                <text font="EUYBLA+KaiTi_GB2312" bbox="133.206,58.234,142.326,67.354" colourspace="ICCBased" ncolour="[0]" size="9.120">公</text>
                <text font="EUYBLA+KaiTi_GB2312" bbox="142.089,58.234,151.209,67.354" colourspace="ICCBased" ncolour="[0]" size="9.120">司</text>
                <text font="EUYBLA+KaiTi_GB2312" bbox="151.210,58.234,160.330,67.354" colourspace="ICCBased" ncolour="[0]" size="9.120">营</text>
                <text font="EUYBLA+KaiTi_GB2312" bbox="160.092,58.234,169.212,67.354" colourspace="ICCBased" ncolour="[0]" size="9.120">业</text>
                <text font="EUYBLA+KaiTi_GB2312" bbox="169.212,58.234,178.332,67.354" colourspace="ICCBased" ncolour="[0]" size="9.120">费</text>
                <text font="EUYBLA+KaiTi_GB2312" bbox="178.095,58.234,187.215,67.354" colourspace="ICCBased" ncolour="[0]" size="9.120">用</text>
                <text font="EUYBLA+KaiTi_GB2312" bbox="187.215,58.234,196.335,67.354" colourspace="ICCBased" ncolour="[0]" size="9.120">、</text>
                <text font="EUYBLA+KaiTi_GB2312" bbox="196.098,58.234,205.218,67.354" colourspace="ICCBased" ncolour="[0]" size="9.120">佣</text>
                <text font="EUYBLA+KaiTi_GB2312" bbox="205.218,58.234,214.338,67.354" colourspace="ICCBased" ncolour="[0]" size="9.120">金</text>
                <text font="EUYBLA+KaiTi_GB2312" bbox="214.101,58.234,223.221,67.354" colourspace="ICCBased" ncolour="[0]" size="9.120">等</text>
                <text font="EUYBLA+KaiTi_GB2312" bbox="223.221,58.234,232.341,67.354" colourspace="ICCBased" ncolour="[0]" size="9.120">其</text>
                <text font="EUYBLA+KaiTi_GB2312" bbox="232.104,58.234,241.224,67.354" colourspace="ICCBased" ncolour="[0]" size="9.120">他</text>
                <text font="EUYBLA+KaiTi_GB2312" bbox="241.224,58.234,250.344,67.354" colourspace="ICCBased" ncolour="[0]" size="9.120">费</text>
                <text font="EUYBLA+KaiTi_GB2312" bbox="250.107,58.234,259.227,67.354" colourspace="ICCBased" ncolour="[0]" size="9.120">用</text>
                <text font="EUYBLA+KaiTi_GB2312" bbox="259.227,58.234,268.347,67.354" colourspace="ICCBased" ncolour="[0]" size="9.120">的</text>
                <text font="EUYBLA+KaiTi_GB2312" bbox="268.110,58.234,277.230,67.354" colourspace="ICCBased" ncolour="[0]" size="9.120">保</text>
                <text font="EUYBLA+KaiTi_GB2312" bbox="277.230,58.234,286.350,67.354" colourspace="ICCBased" ncolour="[0]" size="9.120">险</text>
                <text font="EUYBLA+KaiTi_GB2312" bbox="286.113,58.234,295.233,67.354" colourspace="ICCBased" ncolour="[0]" size="9.120">费</text>
                <text font="EUYBLA+KaiTi_GB2312" bbox="294.995,58.234,304.115,67.354" colourspace="ICCBased" ncolour="[0]" size="9.120">。</text>
                <text font="EUYBLA+KaiTi_GB2312" bbox="303.840,58.234,308.400,67.354" colourspace="ICCBased" ncolour="[0]" size="9.120"> </text>
                <text>
                </text>
            </textline>
        </textbox>
        <rect linewidth="0" bbox="45.600,744.240,92.160,745.200" />
        <rect linewidth="0" bbox="92.160,744.240,93.120,745.200" />
        <rect linewidth="0" bbox="93.120,744.240,205.200,745.200" />
        <rect linewidth="0" bbox="205.200,744.240,206.160,745.200" />
        <rect linewidth="0" bbox="206.160,744.240,552.480,745.200" />
        <rect linewidth="0" bbox="210.480,638.400,441.360,652.320" />
        <rect linewidth="0" bbox="45.600,443.280,92.160,444.240" />
        <rect linewidth="0" bbox="92.160,443.280,93.120,444.240" />
        <rect linewidth="0" bbox="93.120,443.280,205.200,444.240" />
        <rect linewidth="0" bbox="205.200,443.280,206.160,444.240" />
        <rect linewidth="0" bbox="206.160,443.280,552.480,444.240" />
        <rect linewidth="0" bbox="44.880,96.000,92.160,96.959" />
        <rect linewidth="0" bbox="91.440,96.000,92.400,96.959" />
        <rect linewidth="0" bbox="92.400,96.000,552.480,96.959" />
        <rect linewidth="0" bbox="51.120,75.600,195.120,76.080" />
        <layout>
            <textgroup bbox="51.120,58.234,552.700,784.437">
                <textgroup bbox="51.120,485.429,552.700,784.437">
                    <textgroup bbox="51.120,717.989,552.700,784.437">
                        <textbox id="0" bbox="60.000,764.517,151.680,784.437" />
                        <textgroup bbox="51.120,717.989,552.700,758.208">
                            <textgroup bbox="51.120,731.189,552.700,758.208">
                                <textbox id="1" bbox="97.440,731.189,552.700,758.208" />
                                <textbox id="2" bbox="51.120,731.189,56.400,741.749" />
                            </textgroup>
                            <textbox id="3" bbox="60.960,717.989,492.720,728.549" />
                        </textgroup>
                    </textgroup>
                    <textgroup bbox="60.960,485.429,552.480,741.749">
                        <textgroup bbox="60.960,594.629,513.840,634.949">
                            <textgroup bbox="60.960,610.229,199.686,634.949">
                                <textgroup bbox="68.880,624.389,102.720,634.949">
                                    <textbox id="4" bbox="68.880,624.389,74.160,634.949" />
                                    <textbox id="5" bbox="97.440,624.389,102.720,634.949" />
                                </textgroup>
                                <textbox id="6" bbox="60.960,610.229,199.686,620.789" />
                            </textgroup>
                            <textbox id="7" bbox="97.440,594.629,513.840,605.189" />
                        </textgroup>
                        <textbox id="8" bbox="210.480,485.429,552.480,741.749" />
                    </textgroup>
                </textgroup>
                <textgroup bbox="51.120,58.234,547.440,495.989">
                    <textgroup bbox="51.120,98.928,547.440,495.989">
                        <textgroup bbox="60.000,463.557,163.680,495.989">
                            <textbox id="9" bbox="97.440,485.429,102.720,495.989" />
                            <textbox id="10" bbox="60.000,463.557,163.680,483.477" />
                        </textgroup>
                        <textgroup bbox="51.120,98.928,547.440,495.989">
                            <textgroup bbox="51.120,153.269,74.161,495.989">
                                <textbox id="11" bbox="68.881,354.640,74.161,365.200" />
                                <textgroup bbox="51.120,153.269,56.400,495.989">
                                    <textgroup bbox="51.120,430.229,56.400,495.989">
                                        <textbox id="12" bbox="51.120,485.429,56.400,495.989" />
                                        <textbox id="13" bbox="51.120,430.229,56.400,440.789" />
                                    </textgroup>
                                    <textbox id="14" bbox="51.120,153.269,56.400,163.829" />
                                </textgroup>
                            </textgroup>
                            <textgroup bbox="60.000,98.928,547.440,457.248">
                                <textgroup bbox="60.000,131.157,547.440,457.248">
                                    <textgroup bbox="60.960,153.269,547.440,457.248">
                                        <textbox id="15" bbox="60.960,340.469,524.400,351.029" />
                                        <textgroup bbox="60.960,153.269,547.440,457.248">
                                            <textbox id="16" bbox="60.960,417.029,524.400,427.589" />
                                            <textgroup bbox="97.440,153.269,547.440,457.248">
                                                <textgroup bbox="97.440,153.269,547.440,457.248">
                                                    <textbox id="17" bbox="97.446,354.640,102.726,365.200" />
                                                    <textbox id="18" bbox="97.440,153.269,547.440,457.248" />
                                                </textgroup>
                                                <textbox id="19" bbox="97.440,153.269,102.720,163.829" />
                                            </textgroup>
                                        </textgroup>
                                    </textgroup>
                                    <textbox id="20" bbox="60.000,131.157,175.680,151.077" />
                                </textgroup>
                                <textbox id="21" bbox="97.440,98.928,546.960,126.768" />
                            </textgroup>
                        </textgroup>
                    </textgroup>
                    <textbox id="22" bbox="51.120,58.234,308.400,80.758" />
                </textgroup>
            </textgroup>
        </layout>
    </page>
    <page id="7" bbox="0.000,0.000,595.200,841.920" rotate="0">
        <textbox id="0" bbox="51.120,758.069,56.400,781.829">
            <textline bbox="51.120,771.269,56.400,781.829">
                <text font="JTTPDQ+SimSun" bbox="51.120,771.269,56.400,781.829" colourspace="ICCBased" ncolour="[0]" size="10.560"> </text>
                <text>
                </text>
            </textline>
            <textline bbox="51.120,758.069,56.400,768.629">
                <text font="JTTPDQ+SimSun" bbox="51.120,758.069,56.400,768.629" colourspace="ICCBased" ncolour="[0]" size="10.560"> </text>
                <text>
                </text>
            </textline>
        </textbox>
        <textbox id="1" bbox="51.120,741.029,56.400,751.589">
            <textline bbox="51.120,741.029,56.400,751.589">
                <text font="JTTPDQ+SimSun" bbox="51.120,741.029,56.400,751.589" colourspace="ICCBased" ncolour="[0]" size="10.560"> </text>
                <text>
                </text>
            </textline>
        </textbox>
        <textbox id="2" bbox="97.440,740.208,142.608,781.829">
            <textline bbox="97.440,771.269,102.720,781.829">
                <text font="JTTPDQ+SimSun" bbox="97.440,771.269,102.720,781.829" colourspace="ICCBased" ncolour="[0]" size="10.560"> </text>
                <text>
                </text>
            </textline>
            <textline bbox="97.440,757.968,142.608,769.968">
                <text font="JQUZDQ+SimSun" bbox="97.440,759.269,108.000,769.829" colourspace="ICCBased" ncolour="[0]" size="10.560">第</text>
                <text> </text>
                <text font="JTTPDQ+SimSun" bbox="110.640,759.269,115.920,769.829" colourspace="ICCBased" ncolour="[0]" size="10.560">1</text>
                <text> </text>
                <text font="JQUZDQ+SimSun" bbox="118.560,759.269,129.120,769.829" colourspace="ICCBased" ncolour="[0]" size="10.560">类</text>
                <text font="JQUZDQ+SimSun" bbox="129.120,759.269,139.680,769.829" colourspace="ICCBased" ncolour="[0]" size="10.560">：</text>
                <text font="ERELLA+STXinwei" bbox="139.680,757.968,142.608,769.968" colourspace="ICCBased" ncolour="[0]" size="12.000"> </text>
                <text>
                </text>
            </textline>
            <textline bbox="97.440,740.208,100.368,752.208">
                <text font="ERELLA+STXinwei" bbox="97.440,740.208,100.368,752.208" colourspace="ICCBased" ncolour="[0]" size="12.000"> </text>
                <text>
                </text>
            </textline>
        </textbox>
        <textbox id="3" bbox="66.240,726.048,150.720,738.048">
            <textline bbox="66.240,726.048,150.720,738.048">
                <text font="JTTPDQ+SimSun" bbox="66.240,726.869,71.520,737.429" colourspace="ICCBased" ncolour="[0]" size="10.560">1</text>
                <text font="JTTPDQ+SimSun" bbox="71.520,726.869,76.800,737.429" colourspace="ICCBased" ncolour="[0]" size="10.560"> </text>
                <text> </text>
                <text font="ERELLA+STXinwei" bbox="97.440,726.048,109.440,738.048" colourspace="ICCBased" ncolour="[0]" size="12.000">恶</text>
                <text font="ERELLA+STXinwei" bbox="109.440,726.048,121.440,738.048" colourspace="ICCBased" ncolour="[0]" size="12.000">性</text>
                <text font="ERELLA+STXinwei" bbox="121.440,726.048,133.440,738.048" colourspace="ICCBased" ncolour="[0]" size="12.000">肿</text>
                <text font="ERELLA+STXinwei" bbox="133.440,726.048,145.440,738.048" colourspace="ICCBased" ncolour="[0]" size="12.000">瘤</text>
                <text font="JTTPDQ+SimSun" bbox="145.440,727.349,150.720,737.909" colourspace="ICCBased" ncolour="[0]" size="10.560"> </text>
                <text>
                </text>
            </textline>
        </textbox>
        <textbox id="4" bbox="210.480,758.069,321.120,781.829">
            <textline bbox="210.480,771.269,215.760,781.829">
                <text font="JTTPDQ+SimSun" bbox="210.480,771.269,215.760,781.829" colourspace="ICCBased" ncolour="[0]" size="10.560"> </text>
                <text>
                </text>
            </textline>
            <textline bbox="210.480,758.069,321.120,768.629">
                <text font="JQUZDQ+SimSun" bbox="210.480,758.069,221.040,768.629" colourspace="ICCBased" ncolour="[0]" size="10.560">与</text>
                <text font="JQUZDQ+SimSun" bbox="221.040,758.069,231.600,768.629" colourspace="ICCBased" ncolour="[0]" size="10.560">恶</text>
                <text font="JQUZDQ+SimSun" bbox="231.600,758.069,242.160,768.629" colourspace="ICCBased" ncolour="[0]" size="10.560">性</text>
                <text font="JQUZDQ+SimSun" bbox="242.160,758.069,252.720,768.629" colourspace="ICCBased" ncolour="[0]" size="10.560">肿</text>
                <text font="JQUZDQ+SimSun" bbox="252.720,758.069,263.280,768.629" colourspace="ICCBased" ncolour="[0]" size="10.560">瘤</text>
                <text font="JQUZDQ+SimSun" bbox="263.280,758.069,273.840,768.629" colourspace="ICCBased" ncolour="[0]" size="10.560">相</text>
                <text font="JQUZDQ+SimSun" bbox="273.840,758.069,284.400,768.629" colourspace="ICCBased" ncolour="[0]" size="10.560">关</text>
                <text font="JQUZDQ+SimSun" bbox="284.400,758.069,294.960,768.629" colourspace="ICCBased" ncolour="[0]" size="10.560">的</text>
                <text font="JQUZDQ+SimSun" bbox="294.960,758.069,305.520,768.629" colourspace="ICCBased" ncolour="[0]" size="10.560">疾</text>
                <text font="JQUZDQ+SimSun" bbox="305.520,758.069,316.080,768.629" colourspace="ICCBased" ncolour="[0]" size="10.560">病</text>
                <text font="JTTPDQ+SimSun" bbox="315.840,758.069,321.120,768.629" colourspace="ICCBased" ncolour="[0]" size="10.560"> </text>
                <text>
                </text>
            </textline>
        </textbox>
        <textbox id="5" bbox="210.480,540.872,547.200,751.589">
            <textline bbox="210.480,741.029,215.760,751.589">
                <text font="JTTPDQ+SimSun" bbox="210.480,741.029,215.760,751.589" colourspace="ICCBased" ncolour="[0]" size="10.560"> </text>
                <text>
                </text>
            </textline>
            <textline bbox="210.480,726.869,547.200,737.429">
                <text font="JQUZDQ+SimSun" bbox="210.480,726.869,221.040,737.429" colourspace="ICCBased" ncolour="[0]" size="10.560">指</text>
                <text font="JQUZDQ+SimSun" bbox="221.040,726.869,231.600,737.429" colourspace="ICCBased" ncolour="[0]" size="10.560">恶</text>
                <text font="JQUZDQ+SimSun" bbox="231.600,726.869,242.160,737.429" colourspace="ICCBased" ncolour="[0]" size="10.560">性</text>
                <text font="JQUZDQ+SimSun" bbox="242.160,726.869,252.720,737.429" colourspace="ICCBased" ncolour="[0]" size="10.560">细</text>
                <text font="JQUZDQ+SimSun" bbox="252.720,726.869,263.280,737.429" colourspace="ICCBased" ncolour="[0]" size="10.560">胞</text>
                <text font="JQUZDQ+SimSun" bbox="263.280,726.869,273.840,737.429" colourspace="ICCBased" ncolour="[0]" size="10.560">不</text>
                <text font="JQUZDQ+SimSun" bbox="273.840,726.869,284.400,737.429" colourspace="ICCBased" ncolour="[0]" size="10.560">受</text>
                <text font="JQUZDQ+SimSun" bbox="284.160,726.869,294.720,737.429" colourspace="ICCBased" ncolour="[0]" size="10.560">控</text>
                <text font="JQUZDQ+SimSun" bbox="294.720,726.869,305.280,737.429" colourspace="ICCBased" ncolour="[0]" size="10.560">制</text>
                <text font="JQUZDQ+SimSun" bbox="305.280,726.869,315.840,737.429" colourspace="ICCBased" ncolour="[0]" size="10.560">的</text>
                <text font="JQUZDQ+SimSun" bbox="315.840,726.869,326.400,737.429" colourspace="ICCBased" ncolour="[0]" size="10.560">进</text>
                <text font="JQUZDQ+SimSun" bbox="326.400,726.869,336.960,737.429" colourspace="ICCBased" ncolour="[0]" size="10.560">行</text>
                <text font="JQUZDQ+SimSun" bbox="336.960,726.869,347.520,737.429" colourspace="ICCBased" ncolour="[0]" size="10.560">性</text>
                <text font="JQUZDQ+SimSun" bbox="347.280,726.869,357.840,737.429" colourspace="ICCBased" ncolour="[0]" size="10.560">增</text>
                <text font="JQUZDQ+SimSun" bbox="357.840,726.869,368.400,737.429" colourspace="ICCBased" ncolour="[0]" size="10.560">长</text>
                <text font="JQUZDQ+SimSun" bbox="368.400,726.869,378.960,737.429" colourspace="ICCBased" ncolour="[0]" size="10.560">和</text>
                <text font="JQUZDQ+SimSun" bbox="378.960,726.869,389.520,737.429" colourspace="ICCBased" ncolour="[0]" size="10.560">扩</text>
                <text font="JQUZDQ+SimSun" bbox="389.520,726.869,400.080,737.429" colourspace="ICCBased" ncolour="[0]" size="10.560">散</text>
                <text font="JQUZDQ+SimSun" bbox="399.840,726.869,410.400,737.429" colourspace="ICCBased" ncolour="[0]" size="10.560">，</text>
                <text font="JQUZDQ+SimSun" bbox="410.400,726.869,420.960,737.429" colourspace="ICCBased" ncolour="[0]" size="10.560">浸</text>
                <text font="JQUZDQ+SimSun" bbox="420.960,726.869,431.520,737.429" colourspace="ICCBased" ncolour="[0]" size="10.560">润</text>
                <text font="JQUZDQ+SimSun" bbox="431.520,726.869,442.080,737.429" colourspace="ICCBased" ncolour="[0]" size="10.560">和</text>
                <text font="JQUZDQ+SimSun" bbox="442.080,726.869,452.640,737.429" colourspace="ICCBased" ncolour="[0]" size="10.560">破</text>
                <text font="JQUZDQ+SimSun" bbox="452.400,726.869,462.960,737.429" colourspace="ICCBased" ncolour="[0]" size="10.560">坏</text>
                <text font="JQUZDQ+SimSun" bbox="462.960,726.869,473.520,737.429" colourspace="ICCBased" ncolour="[0]" size="10.560">周</text>
                <text font="JQUZDQ+SimSun" bbox="473.520,726.869,484.080,737.429" colourspace="ICCBased" ncolour="[0]" size="10.560">围</text>
                <text font="JQUZDQ+SimSun" bbox="484.080,726.869,494.640,737.429" colourspace="ICCBased" ncolour="[0]" size="10.560">正</text>
                <text font="JQUZDQ+SimSun" bbox="494.640,726.869,505.200,737.429" colourspace="ICCBased" ncolour="[0]" size="10.560">常</text>
                <text font="JQUZDQ+SimSun" bbox="505.200,726.869,515.760,737.429" colourspace="ICCBased" ncolour="[0]" size="10.560">组</text>
                <text font="JQUZDQ+SimSun" bbox="515.760,726.869,526.320,737.429" colourspace="ICCBased" ncolour="[0]" size="10.560">织</text>
                <text font="JQUZDQ+SimSun" bbox="526.080,726.869,536.640,737.429" colourspace="ICCBased" ncolour="[0]" size="10.560">，</text>
                <text font="JQUZDQ+SimSun" bbox="536.640,726.869,547.200,737.429" colourspace="ICCBased" ncolour="[0]" size="10.560">可</text>
                <text>
                </text>
            </textline>
            <textline bbox="210.480,711.272,547.200,721.832">
                <text font="JQUZDQ+SimSun" bbox="210.480,711.272,221.040,721.832" colourspace="ICCBased" ncolour="[0]" size="10.560">以</text>
                <text font="JQUZDQ+SimSun" bbox="221.040,711.272,231.600,721.832" colourspace="ICCBased" ncolour="[0]" size="10.560">经</text>
                <text font="JQUZDQ+SimSun" bbox="231.600,711.272,242.160,721.832" colourspace="ICCBased" ncolour="[0]" size="10.560">血</text>
                <text font="JQUZDQ+SimSun" bbox="242.160,711.272,252.720,721.832" colourspace="ICCBased" ncolour="[0]" size="10.560">管</text>
                <text font="JQUZDQ+SimSun" bbox="252.720,711.272,263.280,721.832" colourspace="ICCBased" ncolour="[0]" size="10.560">、</text>
                <text font="JQUZDQ+SimSun" bbox="263.280,711.272,273.840,721.832" colourspace="ICCBased" ncolour="[0]" size="10.560">淋</text>
                <text font="JQUZDQ+SimSun" bbox="273.840,711.272,284.400,721.832" colourspace="ICCBased" ncolour="[0]" size="10.560">巴</text>
                <text font="JQUZDQ+SimSun" bbox="284.160,711.272,294.720,721.832" colourspace="ICCBased" ncolour="[0]" size="10.560">管</text>
                <text font="JQUZDQ+SimSun" bbox="294.720,711.272,305.280,721.832" colourspace="ICCBased" ncolour="[0]" size="10.560">和</text>
                <text font="JQUZDQ+SimSun" bbox="305.280,711.272,315.840,721.832" colourspace="ICCBased" ncolour="[0]" size="10.560">体</text>
                <text font="JQUZDQ+SimSun" bbox="315.840,711.272,326.400,721.832" colourspace="ICCBased" ncolour="[0]" size="10.560">腔</text>
                <text font="JQUZDQ+SimSun" bbox="326.400,711.272,336.960,721.832" colourspace="ICCBased" ncolour="[0]" size="10.560">扩</text>
                <text font="JQUZDQ+SimSun" bbox="336.960,711.272,347.520,721.832" colourspace="ICCBased" ncolour="[0]" size="10.560">散</text>
                <text font="JQUZDQ+SimSun" bbox="347.280,711.272,357.840,721.832" colourspace="ICCBased" ncolour="[0]" size="10.560">转</text>
                <text font="JQUZDQ+SimSun" bbox="357.840,711.272,368.400,721.832" colourspace="ICCBased" ncolour="[0]" size="10.560">移</text>
                <text font="JQUZDQ+SimSun" bbox="368.400,711.272,378.960,721.832" colourspace="ICCBased" ncolour="[0]" size="10.560">到</text>
                <text font="JQUZDQ+SimSun" bbox="378.960,711.272,389.520,721.832" colourspace="ICCBased" ncolour="[0]" size="10.560">身</text>
                <text font="JQUZDQ+SimSun" bbox="389.520,711.272,400.080,721.832" colourspace="ICCBased" ncolour="[0]" size="10.560">体</text>
                <text font="JQUZDQ+SimSun" bbox="399.840,711.272,410.400,721.832" colourspace="ICCBased" ncolour="[0]" size="10.560">其</text>
                <text font="JQUZDQ+SimSun" bbox="410.400,711.272,420.960,721.832" colourspace="ICCBased" ncolour="[0]" size="10.560">它</text>
                <text font="JQUZDQ+SimSun" bbox="420.960,711.272,431.520,721.832" colourspace="ICCBased" ncolour="[0]" size="10.560">部</text>
                <text font="JQUZDQ+SimSun" bbox="431.520,711.272,442.080,721.832" colourspace="ICCBased" ncolour="[0]" size="10.560">位</text>
                <text font="JQUZDQ+SimSun" bbox="442.080,711.272,452.640,721.832" colourspace="ICCBased" ncolour="[0]" size="10.560">的</text>
                <text font="JQUZDQ+SimSun" bbox="452.400,711.272,462.960,721.832" colourspace="ICCBased" ncolour="[0]" size="10.560">疾</text>
                <text font="JQUZDQ+SimSun" bbox="462.960,711.272,473.520,721.832" colourspace="ICCBased" ncolour="[0]" size="10.560">病</text>
                <text font="JQUZDQ+SimSun" bbox="473.520,711.272,484.080,721.832" colourspace="ICCBased" ncolour="[0]" size="10.560">。</text>
                <text font="JQUZDQ+SimSun" bbox="484.080,711.272,494.640,721.832" colourspace="ICCBased" ncolour="[0]" size="10.560">经</text>
                <text font="JQUZDQ+SimSun" bbox="494.640,711.272,505.200,721.832" colourspace="ICCBased" ncolour="[0]" size="10.560">病</text>
                <text font="JQUZDQ+SimSun" bbox="505.200,711.272,515.760,721.832" colourspace="ICCBased" ncolour="[0]" size="10.560">理</text>
                <text font="JQUZDQ+SimSun" bbox="515.760,711.272,526.320,721.832" colourspace="ICCBased" ncolour="[0]" size="10.560">学</text>
                <text font="JQUZDQ+SimSun" bbox="526.080,711.272,536.640,721.832" colourspace="ICCBased" ncolour="[0]" size="10.560">检</text>
                <text font="JQUZDQ+SimSun" bbox="536.640,711.272,547.200,721.832" colourspace="ICCBased" ncolour="[0]" size="10.560">查</text>
                <text>
                </text>
            </textline>
            <textline bbox="210.480,695.675,547.200,706.235">
                <text font="JQUZDQ+SimSun" bbox="210.480,695.675,221.040,706.235" colourspace="ICCBased" ncolour="[0]" size="10.560">结</text>
                <text font="JQUZDQ+SimSun" bbox="221.040,695.675,231.600,706.235" colourspace="ICCBased" ncolour="[0]" size="10.560">果</text>
                <text font="JQUZDQ+SimSun" bbox="231.600,695.675,242.160,706.235" colourspace="ICCBased" ncolour="[0]" size="10.560">明</text>
                <text font="JQUZDQ+SimSun" bbox="242.160,695.675,252.720,706.235" colourspace="ICCBased" ncolour="[0]" size="10.560">确</text>
                <text font="JQUZDQ+SimSun" bbox="252.720,695.675,263.280,706.235" colourspace="ICCBased" ncolour="[0]" size="10.560">诊</text>
                <text font="JQUZDQ+SimSun" bbox="263.280,695.675,273.840,706.235" colourspace="ICCBased" ncolour="[0]" size="10.560">断</text>
                <text font="JQUZDQ+SimSun" bbox="273.840,695.675,284.400,706.235" colourspace="ICCBased" ncolour="[0]" size="10.560">，</text>
                <text font="JQUZDQ+SimSun" bbox="284.160,695.675,294.720,706.235" colourspace="ICCBased" ncolour="[0]" size="10.560">临</text>
                <text font="JQUZDQ+SimSun" bbox="294.720,695.675,305.280,706.235" colourspace="ICCBased" ncolour="[0]" size="10.560">床</text>
                <text font="JQUZDQ+SimSun" bbox="305.280,695.675,315.840,706.235" colourspace="ICCBased" ncolour="[0]" size="10.560">诊</text>
                <text font="JQUZDQ+SimSun" bbox="315.840,695.675,326.400,706.235" colourspace="ICCBased" ncolour="[0]" size="10.560">断</text>
                <text font="JQUZDQ+SimSun" bbox="326.400,695.675,336.960,706.235" colourspace="ICCBased" ncolour="[0]" size="10.560">属</text>
                <text font="JQUZDQ+SimSun" bbox="336.960,695.675,347.520,706.235" colourspace="ICCBased" ncolour="[0]" size="10.560">于</text>
                <text font="JQUZDQ+SimSun" bbox="347.280,695.675,357.840,706.235" colourspace="ICCBased" ncolour="[0]" size="10.560">世</text>
                <text font="JQUZDQ+SimSun" bbox="357.840,695.675,368.400,706.235" colourspace="ICCBased" ncolour="[0]" size="10.560">界</text>
                <text font="JQUZDQ+SimSun" bbox="368.400,695.675,378.960,706.235" colourspace="ICCBased" ncolour="[0]" size="10.560">卫</text>
                <text font="JQUZDQ+SimSun" bbox="378.960,695.675,389.520,706.235" colourspace="ICCBased" ncolour="[0]" size="10.560">生</text>
                <text font="JQUZDQ+SimSun" bbox="389.520,695.675,400.080,706.235" colourspace="ICCBased" ncolour="[0]" size="10.560">组</text>
                <text font="JQUZDQ+SimSun" bbox="399.840,695.675,410.400,706.235" colourspace="ICCBased" ncolour="[0]" size="10.560">织</text>
                <text font="JQUZDQ+SimSun" bbox="410.400,695.675,420.960,706.235" colourspace="ICCBased" ncolour="[0]" size="10.560">《</text>
                <text font="JQUZDQ+SimSun" bbox="420.960,695.675,431.520,706.235" colourspace="ICCBased" ncolour="[0]" size="10.560">疾</text>
                <text font="JQUZDQ+SimSun" bbox="431.520,695.675,442.080,706.235" colourspace="ICCBased" ncolour="[0]" size="10.560">病</text>
                <text font="JQUZDQ+SimSun" bbox="442.080,695.675,452.640,706.235" colourspace="ICCBased" ncolour="[0]" size="10.560">和</text>
                <text font="JQUZDQ+SimSun" bbox="452.400,695.675,462.960,706.235" colourspace="ICCBased" ncolour="[0]" size="10.560">有</text>
                <text font="JQUZDQ+SimSun" bbox="462.960,695.675,473.520,706.235" colourspace="ICCBased" ncolour="[0]" size="10.560">关</text>
                <text font="JQUZDQ+SimSun" bbox="473.520,695.675,484.080,706.235" colourspace="ICCBased" ncolour="[0]" size="10.560">健</text>
                <text font="JQUZDQ+SimSun" bbox="484.080,695.675,494.640,706.235" colourspace="ICCBased" ncolour="[0]" size="10.560">康</text>
                <text font="JQUZDQ+SimSun" bbox="494.640,695.675,505.200,706.235" colourspace="ICCBased" ncolour="[0]" size="10.560">问</text>
                <text font="JQUZDQ+SimSun" bbox="505.200,695.675,515.760,706.235" colourspace="ICCBased" ncolour="[0]" size="10.560">题</text>
                <text font="JQUZDQ+SimSun" bbox="515.760,695.675,526.320,706.235" colourspace="ICCBased" ncolour="[0]" size="10.560">的</text>
                <text font="JQUZDQ+SimSun" bbox="526.080,695.675,536.640,706.235" colourspace="ICCBased" ncolour="[0]" size="10.560">国</text>
                <text font="JQUZDQ+SimSun" bbox="536.640,695.675,547.200,706.235" colourspace="ICCBased" ncolour="[0]" size="10.560">际</text>
                <text>
                </text>
            </textline>
            <textline bbox="210.480,680.069,525.361,690.629">
                <text font="JQUZDQ+SimSun" bbox="210.480,680.069,221.040,690.629" colourspace="ICCBased" ncolour="[0]" size="10.560">统</text>
                <text font="JQUZDQ+SimSun" bbox="221.040,680.069,231.600,690.629" colourspace="ICCBased" ncolour="[0]" size="10.560">计</text>
                <text font="JQUZDQ+SimSun" bbox="231.600,680.069,242.160,690.629" colourspace="ICCBased" ncolour="[0]" size="10.560">分</text>
                <text font="JQUZDQ+SimSun" bbox="242.160,680.069,252.720,690.629" colourspace="ICCBased" ncolour="[0]" size="10.560">类</text>
                <text font="JQUZDQ+SimSun" bbox="252.720,680.069,263.280,690.629" colourspace="ICCBased" ncolour="[0]" size="10.560">》</text>
                <text font="JQUZDQ+SimSun" bbox="258.000,680.069,268.560,690.629" colourspace="ICCBased" ncolour="[0]" size="10.560">（</text>
                <text font="JTTPDQ+SimSun" bbox="268.320,680.069,273.600,690.629" colourspace="ICCBased" ncolour="[0]" size="10.560">I</text>
                <text font="JTTPDQ+SimSun" bbox="273.600,680.069,278.880,690.629" colourspace="ICCBased" ncolour="[0]" size="10.560">C</text>
                <text font="JTTPDQ+SimSun" bbox="278.880,680.069,284.160,690.629" colourspace="ICCBased" ncolour="[0]" size="10.560">D</text>
                <text font="JTTPDQ+SimSun" bbox="284.160,680.069,289.440,690.629" colourspace="ICCBased" ncolour="[0]" size="10.560">-</text>
                <text font="JTTPDQ+SimSun" bbox="289.440,680.069,294.720,690.629" colourspace="ICCBased" ncolour="[0]" size="10.560">1</text>
                <text font="JTTPDQ+SimSun" bbox="294.720,680.069,300.000,690.629" colourspace="ICCBased" ncolour="[0]" size="10.560">0</text>
                <text font="JQUZDQ+SimSun" bbox="300.000,680.069,310.560,690.629" colourspace="ICCBased" ncolour="[0]" size="10.560">）</text>
                <text font="JQUZDQ+SimSun" bbox="310.320,680.069,320.880,690.629" colourspace="ICCBased" ncolour="[0]" size="10.560">的</text>
                <text font="JQUZDQ+SimSun" bbox="320.880,680.069,331.440,690.629" colourspace="ICCBased" ncolour="[0]" size="10.560">恶</text>
                <text font="JQUZDQ+SimSun" bbox="331.440,680.069,342.000,690.629" colourspace="ICCBased" ncolour="[0]" size="10.560">性</text>
                <text font="JQUZDQ+SimSun" bbox="342.000,680.069,352.560,690.629" colourspace="ICCBased" ncolour="[0]" size="10.560">肿</text>
                <text font="JQUZDQ+SimSun" bbox="352.321,680.069,362.881,690.629" colourspace="ICCBased" ncolour="[0]" size="10.560">瘤</text>
                <text font="JQUZDQ+SimSun" bbox="362.881,680.069,373.441,690.629" colourspace="ICCBased" ncolour="[0]" size="10.560">范</text>
                <text font="JQUZDQ+SimSun" bbox="373.441,680.069,384.001,690.629" colourspace="ICCBased" ncolour="[0]" size="10.560">畴</text>
                <text font="JQUZDQ+SimSun" bbox="384.001,680.069,394.561,690.629" colourspace="ICCBased" ncolour="[0]" size="10.560">。</text>
                <text font="JQUZDQ+SimSun" bbox="394.322,680.069,404.882,690.629" colourspace="ICCBased" ncolour="[0]" size="10.560">下</text>
                <text font="JQUZDQ+SimSun" bbox="404.882,680.069,415.442,690.629" colourspace="ICCBased" ncolour="[0]" size="10.560">列</text>
                <text font="JQUZDQ+SimSun" bbox="415.442,680.069,426.002,690.629" colourspace="ICCBased" ncolour="[0]" size="10.560">疾</text>
                <text font="JQUZDQ+SimSun" bbox="425.762,680.069,436.322,690.629" colourspace="ICCBased" ncolour="[0]" size="10.560">病</text>
                <text font="JQUZDQ+SimSun" bbox="436.322,680.069,446.882,690.629" colourspace="ICCBased" ncolour="[0]" size="10.560">不</text>
                <text font="JQUZDQ+SimSun" bbox="446.641,680.069,457.201,690.629" colourspace="ICCBased" ncolour="[0]" size="10.560">在</text>
                <text font="JQUZDQ+SimSun" bbox="457.201,680.069,467.761,690.629" colourspace="ICCBased" ncolour="[0]" size="10.560">保</text>
                <text font="JQUZDQ+SimSun" bbox="467.761,680.069,478.321,690.629" colourspace="ICCBased" ncolour="[0]" size="10.560">障</text>
                <text font="JQUZDQ+SimSun" bbox="478.321,680.069,488.881,690.629" colourspace="ICCBased" ncolour="[0]" size="10.560">范</text>
                <text font="JQUZDQ+SimSun" bbox="488.881,680.069,499.441,690.629" colourspace="ICCBased" ncolour="[0]" size="10.560">围</text>
                <text font="JQUZDQ+SimSun" bbox="499.202,680.069,509.762,690.629" colourspace="ICCBased" ncolour="[0]" size="10.560">内</text>
                <text font="JQUZDQ+SimSun" bbox="509.762,680.069,520.322,690.629" colourspace="ICCBased" ncolour="[0]" size="10.560">：</text>
                <text font="JTTPDQ+SimSun" bbox="520.081,680.069,525.361,690.629" colourspace="ICCBased" ncolour="[0]" size="10.560"> </text>
                <text>
                </text>
            </textline>
            <textline bbox="210.480,664.469,283.925,675.029">
                <text font="JQUZDQ+SimSun" bbox="210.480,664.469,221.040,675.029" colourspace="ICCBased" ncolour="[0]" size="10.560">（</text>
                <text font="JTTPDQ+SimSun" bbox="221.040,664.469,226.320,675.029" colourspace="ICCBased" ncolour="[0]" size="10.560">1</text>
                <text font="JQUZDQ+SimSun" bbox="226.320,664.469,236.880,675.029" colourspace="ICCBased" ncolour="[0]" size="10.560">）</text>
                <text font="JQUZDQ+SimSun" bbox="236.880,664.469,247.440,675.029" colourspace="ICCBased" ncolour="[0]" size="10.560">原</text>
                <text font="JQUZDQ+SimSun" bbox="247.440,664.469,258.000,675.029" colourspace="ICCBased" ncolour="[0]" size="10.560">位</text>
                <text font="JQUZDQ+SimSun" bbox="258.000,664.469,268.560,675.029" colourspace="ICCBased" ncolour="[0]" size="10.560">癌</text>
                <text font="JQUZDQ+SimSun" bbox="268.320,664.469,278.880,675.029" colourspace="ICCBased" ncolour="[0]" size="10.560">；</text>
                <text font="JTTPDQ+SimSun" bbox="278.645,664.469,283.925,675.029" colourspace="ICCBased" ncolour="[0]" size="10.560"> </text>
                <text>
                </text>
            </textline>
            <textline bbox="210.480,648.869,504.470,659.429">
                <text font="JQUZDQ+SimSun" bbox="210.480,648.869,221.040,659.429" colourspace="ICCBased" ncolour="[0]" size="10.560">（</text>
                <text font="JTTPDQ+SimSun" bbox="221.040,648.869,226.320,659.429" colourspace="ICCBased" ncolour="[0]" size="10.560">2</text>
                <text font="JQUZDQ+SimSun" bbox="226.320,648.869,236.880,659.429" colourspace="ICCBased" ncolour="[0]" size="10.560">）</text>
                <text font="JQUZDQ+SimSun" bbox="236.880,648.869,247.440,659.429" colourspace="ICCBased" ncolour="[0]" size="10.560">相</text>
                <text font="JQUZDQ+SimSun" bbox="247.440,648.869,258.000,659.429" colourspace="ICCBased" ncolour="[0]" size="10.560">当</text>
                <text font="JQUZDQ+SimSun" bbox="258.000,648.869,268.560,659.429" colourspace="ICCBased" ncolour="[0]" size="10.560">于</text>
                <text> </text>
                <text font="JTTPDQ+SimSun" bbox="270.957,648.869,276.237,659.429" colourspace="ICCBased" ncolour="[0]" size="10.560">B</text>
                <text font="JTTPDQ+SimSun" bbox="276.237,648.869,281.517,659.429" colourspace="ICCBased" ncolour="[0]" size="10.560">i</text>
                <text font="JTTPDQ+SimSun" bbox="281.517,648.869,286.797,659.429" colourspace="ICCBased" ncolour="[0]" size="10.560">n</text>
                <text font="JTTPDQ+SimSun" bbox="286.797,648.869,292.077,659.429" colourspace="ICCBased" ncolour="[0]" size="10.560">e</text>
                <text font="JTTPDQ+SimSun" bbox="292.077,648.869,297.357,659.429" colourspace="ICCBased" ncolour="[0]" size="10.560">t</text>
                <text> </text>
                <text font="JQUZDQ+SimSun" bbox="299.997,648.869,310.557,659.429" colourspace="ICCBased" ncolour="[0]" size="10.560">分</text>
                <text font="JQUZDQ+SimSun" bbox="310.317,648.869,320.877,659.429" colourspace="ICCBased" ncolour="[0]" size="10.560">期</text>
                <text font="JQUZDQ+SimSun" bbox="320.877,648.869,331.437,659.429" colourspace="ICCBased" ncolour="[0]" size="10.560">方</text>
                <text font="JQUZDQ+SimSun" bbox="331.437,648.869,341.997,659.429" colourspace="ICCBased" ncolour="[0]" size="10.560">案</text>
                <text> </text>
                <text font="JTTPDQ+SimSun" bbox="344.634,648.869,349.914,659.429" colourspace="ICCBased" ncolour="[0]" size="10.560">A</text>
                <text> </text>
                <text font="JQUZDQ+SimSun" bbox="352.311,648.869,362.871,659.429" colourspace="ICCBased" ncolour="[0]" size="10.560">期</text>
                <text font="JQUZDQ+SimSun" bbox="362.871,648.869,373.431,659.429" colourspace="ICCBased" ncolour="[0]" size="10.560">程</text>
                <text font="JQUZDQ+SimSun" bbox="373.431,648.869,383.991,659.429" colourspace="ICCBased" ncolour="[0]" size="10.560">度</text>
                <text font="JQUZDQ+SimSun" bbox="383.991,648.869,394.551,659.429" colourspace="ICCBased" ncolour="[0]" size="10.560">的</text>
                <text font="JQUZDQ+SimSun" bbox="394.312,648.869,404.872,659.429" colourspace="ICCBased" ncolour="[0]" size="10.560">慢</text>
                <text font="JQUZDQ+SimSun" bbox="404.872,648.869,415.432,659.429" colourspace="ICCBased" ncolour="[0]" size="10.560">性</text>
                <text font="JQUZDQ+SimSun" bbox="415.432,648.869,425.992,659.429" colourspace="ICCBased" ncolour="[0]" size="10.560">淋</text>
                <text font="JQUZDQ+SimSun" bbox="425.752,648.869,436.312,659.429" colourspace="ICCBased" ncolour="[0]" size="10.560">巴</text>
                <text font="JQUZDQ+SimSun" bbox="436.312,648.869,446.872,659.429" colourspace="ICCBased" ncolour="[0]" size="10.560">细</text>
                <text font="JQUZDQ+SimSun" bbox="446.631,648.869,457.191,659.429" colourspace="ICCBased" ncolour="[0]" size="10.560">胞</text>
                <text font="JQUZDQ+SimSun" bbox="457.191,648.869,467.751,659.429" colourspace="ICCBased" ncolour="[0]" size="10.560">白</text>
                <text font="JQUZDQ+SimSun" bbox="467.751,648.869,478.311,659.429" colourspace="ICCBased" ncolour="[0]" size="10.560">血</text>
                <text font="JQUZDQ+SimSun" bbox="478.311,648.869,488.871,659.429" colourspace="ICCBased" ncolour="[0]" size="10.560">病</text>
                <text font="JQUZDQ+SimSun" bbox="488.871,648.869,499.431,659.429" colourspace="ICCBased" ncolour="[0]" size="10.560">；</text>
                <text font="JTTPDQ+SimSun" bbox="499.190,648.869,504.470,659.429" colourspace="ICCBased" ncolour="[0]" size="10.560"> </text>
                <text>
                </text>
            </textline>
            <textline bbox="210.480,633.269,483.350,643.829">
                <text font="JQUZDQ+SimSun" bbox="210.480,633.269,221.040,643.829" colourspace="ICCBased" ncolour="[0]" size="10.560">（</text>
                <text font="JTTPDQ+SimSun" bbox="221.040,633.269,226.320,643.829" colourspace="ICCBased" ncolour="[0]" size="10.560">3</text>
                <text font="JQUZDQ+SimSun" bbox="226.320,633.269,236.880,643.829" colourspace="ICCBased" ncolour="[0]" size="10.560">）</text>
                <text font="JQUZDQ+SimSun" bbox="236.880,633.269,247.440,643.829" colourspace="ICCBased" ncolour="[0]" size="10.560">相</text>
                <text font="JQUZDQ+SimSun" bbox="247.440,633.269,258.000,643.829" colourspace="ICCBased" ncolour="[0]" size="10.560">当</text>
                <text font="JQUZDQ+SimSun" bbox="258.000,633.269,268.560,643.829" colourspace="ICCBased" ncolour="[0]" size="10.560">于</text>
                <text> </text>
                <text font="JTTPDQ+SimSun" bbox="270.957,633.269,276.237,643.829" colourspace="ICCBased" ncolour="[0]" size="10.560">A</text>
                <text font="JTTPDQ+SimSun" bbox="276.237,633.269,281.517,643.829" colourspace="ICCBased" ncolour="[0]" size="10.560">n</text>
                <text font="JTTPDQ+SimSun" bbox="281.517,633.269,286.797,643.829" colourspace="ICCBased" ncolour="[0]" size="10.560">n</text>
                <text font="JTTPDQ+SimSun" bbox="286.797,633.269,292.077,643.829" colourspace="ICCBased" ncolour="[0]" size="10.560"> </text>
                <text font="JTTPDQ+SimSun" bbox="292.077,633.269,297.357,643.829" colourspace="ICCBased" ncolour="[0]" size="10.560">A</text>
                <text font="JTTPDQ+SimSun" bbox="297.357,633.269,302.637,643.829" colourspace="ICCBased" ncolour="[0]" size="10.560">r</text>
                <text font="JTTPDQ+SimSun" bbox="302.637,633.269,307.917,643.829" colourspace="ICCBased" ncolour="[0]" size="10.560">b</text>
                <text font="JTTPDQ+SimSun" bbox="307.677,633.269,312.957,643.829" colourspace="ICCBased" ncolour="[0]" size="10.560">o</text>
                <text font="JTTPDQ+SimSun" bbox="312.957,633.269,318.237,643.829" colourspace="ICCBased" ncolour="[0]" size="10.560">r</text>
                <text> </text>
                <text font="JQUZDQ+SimSun" bbox="320.874,633.269,331.434,643.829" colourspace="ICCBased" ncolour="[0]" size="10.560">分</text>
                <text font="JQUZDQ+SimSun" bbox="331.434,633.269,341.994,643.829" colourspace="ICCBased" ncolour="[0]" size="10.560">期</text>
                <text font="JQUZDQ+SimSun" bbox="341.994,633.269,352.554,643.829" colourspace="ICCBased" ncolour="[0]" size="10.560">方</text>
                <text font="JQUZDQ+SimSun" bbox="352.315,633.269,362.875,643.829" colourspace="ICCBased" ncolour="[0]" size="10.560">案</text>
                <text> </text>
                <text font="JTTPDQ+SimSun" bbox="365.511,633.269,370.791,643.829" colourspace="ICCBased" ncolour="[0]" size="10.560">I</text>
                <text> </text>
                <text font="JQUZDQ+SimSun" bbox="373.431,633.269,383.991,643.829" colourspace="ICCBased" ncolour="[0]" size="10.560">期</text>
                <text font="JQUZDQ+SimSun" bbox="383.991,633.269,394.551,643.829" colourspace="ICCBased" ncolour="[0]" size="10.560">程</text>
                <text font="JQUZDQ+SimSun" bbox="394.312,633.269,404.872,643.829" colourspace="ICCBased" ncolour="[0]" size="10.560">度</text>
                <text font="JQUZDQ+SimSun" bbox="404.872,633.269,415.432,643.829" colourspace="ICCBased" ncolour="[0]" size="10.560">的</text>
                <text font="JQUZDQ+SimSun" bbox="415.432,633.269,425.992,643.829" colourspace="ICCBased" ncolour="[0]" size="10.560">何</text>
                <text font="JQUZDQ+SimSun" bbox="425.752,633.269,436.312,643.829" colourspace="ICCBased" ncolour="[0]" size="10.560">杰</text>
                <text font="JQUZDQ+SimSun" bbox="436.312,633.269,446.872,643.829" colourspace="ICCBased" ncolour="[0]" size="10.560">金</text>
                <text font="JQUZDQ+SimSun" bbox="446.631,633.269,457.191,643.829" colourspace="ICCBased" ncolour="[0]" size="10.560">氏</text>
                <text font="JQUZDQ+SimSun" bbox="457.191,633.269,467.751,643.829" colourspace="ICCBased" ncolour="[0]" size="10.560">病</text>
                <text font="JQUZDQ+SimSun" bbox="467.751,633.269,478.311,643.829" colourspace="ICCBased" ncolour="[0]" size="10.560">；</text>
                <text font="JTTPDQ+SimSun" bbox="478.070,633.269,483.350,643.829" colourspace="ICCBased" ncolour="[0]" size="10.560"> </text>
                <text>
                </text>
            </textline>
            <textline bbox="210.480,617.669,499.201,628.229">
                <text font="JQUZDQ+SimSun" bbox="210.480,617.669,221.040,628.229" colourspace="ICCBased" ncolour="[0]" size="10.560">（</text>
                <text font="JTTPDQ+SimSun" bbox="221.040,617.669,226.320,628.229" colourspace="ICCBased" ncolour="[0]" size="10.560">4</text>
                <text font="JQUZDQ+SimSun" bbox="226.320,617.669,236.880,628.229" colourspace="ICCBased" ncolour="[0]" size="10.560">）</text>
                <text font="JQUZDQ+SimSun" bbox="236.880,617.669,247.440,628.229" colourspace="ICCBased" ncolour="[0]" size="10.560">皮</text>
                <text font="JQUZDQ+SimSun" bbox="247.440,617.669,258.000,628.229" colourspace="ICCBased" ncolour="[0]" size="10.560">肤</text>
                <text font="JQUZDQ+SimSun" bbox="258.000,617.669,268.560,628.229" colourspace="ICCBased" ncolour="[0]" size="10.560">癌</text>
                <text font="JQUZDQ+SimSun" bbox="268.317,617.669,278.877,628.229" colourspace="ICCBased" ncolour="[0]" size="10.560">（</text>
                <text font="JQUZDQ+SimSun" bbox="278.877,617.669,289.437,628.229" colourspace="ICCBased" ncolour="[0]" size="10.560">不</text>
                <text font="JQUZDQ+SimSun" bbox="289.437,617.669,299.997,628.229" colourspace="ICCBased" ncolour="[0]" size="10.560">包</text>
                <text font="JQUZDQ+SimSun" bbox="299.997,617.669,310.557,628.229" colourspace="ICCBased" ncolour="[0]" size="10.560">括</text>
                <text font="JQUZDQ+SimSun" bbox="310.317,617.669,320.877,628.229" colourspace="ICCBased" ncolour="[0]" size="10.560">恶</text>
                <text font="JQUZDQ+SimSun" bbox="320.877,617.669,331.437,628.229" colourspace="ICCBased" ncolour="[0]" size="10.560">性</text>
                <text font="JQUZDQ+SimSun" bbox="331.437,617.669,341.997,628.229" colourspace="ICCBased" ncolour="[0]" size="10.560">黑</text>
                <text font="JQUZDQ+SimSun" bbox="341.997,617.669,352.557,628.229" colourspace="ICCBased" ncolour="[0]" size="10.560">色</text>
                <text font="JQUZDQ+SimSun" bbox="352.318,617.669,362.878,628.229" colourspace="ICCBased" ncolour="[0]" size="10.560">素</text>
                <text font="JQUZDQ+SimSun" bbox="362.878,617.669,373.438,628.229" colourspace="ICCBased" ncolour="[0]" size="10.560">瘤</text>
                <text font="JQUZDQ+SimSun" bbox="373.438,617.669,383.998,628.229" colourspace="ICCBased" ncolour="[0]" size="10.560">及</text>
                <text font="JQUZDQ+SimSun" bbox="383.998,617.669,394.558,628.229" colourspace="ICCBased" ncolour="[0]" size="10.560">已</text>
                <text font="JQUZDQ+SimSun" bbox="394.317,617.669,404.877,628.229" colourspace="ICCBased" ncolour="[0]" size="10.560">发</text>
                <text font="JQUZDQ+SimSun" bbox="404.877,617.669,415.437,628.229" colourspace="ICCBased" ncolour="[0]" size="10.560">生</text>
                <text font="JQUZDQ+SimSun" bbox="415.437,617.669,425.997,628.229" colourspace="ICCBased" ncolour="[0]" size="10.560">转</text>
                <text font="JQUZDQ+SimSun" bbox="425.757,617.669,436.317,628.229" colourspace="ICCBased" ncolour="[0]" size="10.560">移</text>
                <text font="JQUZDQ+SimSun" bbox="436.317,617.669,446.877,628.229" colourspace="ICCBased" ncolour="[0]" size="10.560">的</text>
                <text font="JQUZDQ+SimSun" bbox="446.638,617.669,457.198,628.229" colourspace="ICCBased" ncolour="[0]" size="10.560">皮</text>
                <text font="JQUZDQ+SimSun" bbox="457.198,617.669,467.758,628.229" colourspace="ICCBased" ncolour="[0]" size="10.560">肤</text>
                <text font="JQUZDQ+SimSun" bbox="467.758,617.669,478.318,628.229" colourspace="ICCBased" ncolour="[0]" size="10.560">癌</text>
                <text font="JQUZDQ+SimSun" bbox="478.318,617.669,488.878,628.229" colourspace="ICCBased" ncolour="[0]" size="10.560">）</text>
                <text font="JQUZDQ+SimSun" bbox="483.598,617.669,494.158,628.229" colourspace="ICCBased" ncolour="[0]" size="10.560">；</text>
                <text font="JTTPDQ+SimSun" bbox="493.921,617.669,499.201,628.229" colourspace="ICCBased" ncolour="[0]" size="10.560"> </text>
                <text>
                </text>
            </textline>
            <textline bbox="210.480,602.069,445.919,612.629">
                <text font="JQUZDQ+SimSun" bbox="210.480,602.069,221.040,612.629" colourspace="ICCBased" ncolour="[0]" size="10.560">（</text>
                <text font="JTTPDQ+SimSun" bbox="221.040,602.069,226.320,612.629" colourspace="ICCBased" ncolour="[0]" size="10.560">5</text>
                <text font="JQUZDQ+SimSun" bbox="226.320,602.069,236.880,612.629" colourspace="ICCBased" ncolour="[0]" size="10.560">）</text>
                <text font="JTTPDQ+SimSun" bbox="236.880,602.069,242.160,612.629" colourspace="ICCBased" ncolour="[0]" size="10.560">T</text>
                <text font="JTTPDQ+SimSun" bbox="242.160,602.069,247.440,612.629" colourspace="ICCBased" ncolour="[0]" size="10.560">N</text>
                <text font="JTTPDQ+SimSun" bbox="247.440,602.069,252.720,612.629" colourspace="ICCBased" ncolour="[0]" size="10.560">M</text>
                <text> </text>
                <text font="JQUZDQ+SimSun" bbox="255.360,602.069,265.920,612.629" colourspace="ICCBased" ncolour="[0]" size="10.560">分</text>
                <text font="JQUZDQ+SimSun" bbox="265.677,602.069,276.237,612.629" colourspace="ICCBased" ncolour="[0]" size="10.560">期</text>
                <text font="JQUZDQ+SimSun" bbox="276.237,602.069,286.797,612.629" colourspace="ICCBased" ncolour="[0]" size="10.560">为</text>
                <text> </text>
                <text font="JTTPDQ+SimSun" bbox="289.437,602.069,294.717,612.629" colourspace="ICCBased" ncolour="[0]" size="10.560">T</text>
                <text font="JTTPDQ+SimSun" bbox="294.480,602.320,297.240,607.840" colourspace="ICCBased" ncolour="[0]" size="5.520">1</text>
                <text font="JTTPDQ+SimSun" bbox="297.360,602.069,302.640,612.629" colourspace="ICCBased" ncolour="[0]" size="10.560">N</text>
                <text font="JTTPDQ+SimSun" bbox="302.640,602.320,305.400,607.840" colourspace="ICCBased" ncolour="[0]" size="5.520">0</text>
                <text font="JTTPDQ+SimSun" bbox="305.520,602.069,310.800,612.629" colourspace="ICCBased" ncolour="[0]" size="10.560">M</text>
                <text font="JTTPDQ+SimSun" bbox="310.560,602.320,313.320,607.840" colourspace="ICCBased" ncolour="[0]" size="5.520">0</text>
                <text> </text>
                <text font="JQUZDQ+SimSun" bbox="314.880,602.069,325.440,612.629" colourspace="ICCBased" ncolour="[0]" size="10.560">期</text>
                <text font="JQUZDQ+SimSun" bbox="325.200,602.069,335.760,612.629" colourspace="ICCBased" ncolour="[0]" size="10.560">或</text>
                <text font="JQUZDQ+SimSun" bbox="335.760,602.069,346.320,612.629" colourspace="ICCBased" ncolour="[0]" size="10.560">更</text>
                <text font="JQUZDQ+SimSun" bbox="346.320,602.069,356.880,612.629" colourspace="ICCBased" ncolour="[0]" size="10.560">轻</text>
                <text font="JQUZDQ+SimSun" bbox="356.880,602.069,367.440,612.629" colourspace="ICCBased" ncolour="[0]" size="10.560">分</text>
                <text font="JQUZDQ+SimSun" bbox="367.201,602.069,377.761,612.629" colourspace="ICCBased" ncolour="[0]" size="10.560">期</text>
                <text font="JQUZDQ+SimSun" bbox="377.761,602.069,388.321,612.629" colourspace="ICCBased" ncolour="[0]" size="10.560">的</text>
                <text font="JQUZDQ+SimSun" bbox="388.321,602.069,398.881,612.629" colourspace="ICCBased" ncolour="[0]" size="10.560">前</text>
                <text font="JQUZDQ+SimSun" bbox="398.640,602.069,409.200,612.629" colourspace="ICCBased" ncolour="[0]" size="10.560">列</text>
                <text font="JQUZDQ+SimSun" bbox="409.200,602.069,419.760,612.629" colourspace="ICCBased" ncolour="[0]" size="10.560">腺</text>
                <text font="JQUZDQ+SimSun" bbox="419.760,602.069,430.320,612.629" colourspace="ICCBased" ncolour="[0]" size="10.560">癌</text>
                <text font="JQUZDQ+SimSun" bbox="430.320,602.069,440.880,612.629" colourspace="ICCBased" ncolour="[0]" size="10.560">；</text>
                <text font="JTTPDQ+SimSun" bbox="440.639,602.069,445.919,612.629" colourspace="ICCBased" ncolour="[0]" size="10.560"> </text>
                <text>
                </text>
            </textline>
            <textline bbox="210.480,586.469,462.484,597.029">
                <text font="JQUZDQ+SimSun" bbox="210.480,586.469,221.040,597.029" colourspace="ICCBased" ncolour="[0]" size="10.560">（</text>
                <text font="JTTPDQ+SimSun" bbox="221.040,586.469,226.320,597.029" colourspace="ICCBased" ncolour="[0]" size="10.560">6</text>
                <text font="JQUZDQ+SimSun" bbox="226.320,586.469,236.880,597.029" colourspace="ICCBased" ncolour="[0]" size="10.560">）</text>
                <text font="JQUZDQ+SimSun" bbox="236.880,586.469,247.440,597.029" colourspace="ICCBased" ncolour="[0]" size="10.560">感</text>
                <text font="JQUZDQ+SimSun" bbox="247.440,586.469,258.000,597.029" colourspace="ICCBased" ncolour="[0]" size="10.560">染</text>
                <text font="JQUZDQ+SimSun" bbox="258.000,586.469,268.560,597.029" colourspace="ICCBased" ncolour="[0]" size="10.560">艾</text>
                <text font="JQUZDQ+SimSun" bbox="268.320,586.469,278.880,597.029" colourspace="ICCBased" ncolour="[0]" size="10.560">滋</text>
                <text font="JQUZDQ+SimSun" bbox="278.880,586.469,289.440,597.029" colourspace="ICCBased" ncolour="[0]" size="10.560">病</text>
                <text font="JQUZDQ+SimSun" bbox="289.440,586.469,300.000,597.029" colourspace="ICCBased" ncolour="[0]" size="10.560">病</text>
                <text font="JQUZDQ+SimSun" bbox="300.000,586.469,310.560,597.029" colourspace="ICCBased" ncolour="[0]" size="10.560">毒</text>
                <text font="JQUZDQ+SimSun" bbox="310.320,586.469,320.880,597.029" colourspace="ICCBased" ncolour="[0]" size="10.560">或</text>
                <text font="JQUZDQ+SimSun" bbox="320.880,586.469,331.440,597.029" colourspace="ICCBased" ncolour="[0]" size="10.560">患</text>
                <text font="JQUZDQ+SimSun" bbox="331.440,586.469,342.000,597.029" colourspace="ICCBased" ncolour="[0]" size="10.560">艾</text>
                <text font="JQUZDQ+SimSun" bbox="342.000,586.469,352.560,597.029" colourspace="ICCBased" ncolour="[0]" size="10.560">滋</text>
                <text font="JQUZDQ+SimSun" bbox="352.320,586.469,362.880,597.029" colourspace="ICCBased" ncolour="[0]" size="10.560">病</text>
                <text font="JQUZDQ+SimSun" bbox="362.880,586.469,373.440,597.029" colourspace="ICCBased" ncolour="[0]" size="10.560">期</text>
                <text font="JQUZDQ+SimSun" bbox="373.440,586.469,384.000,597.029" colourspace="ICCBased" ncolour="[0]" size="10.560">间</text>
                <text font="JQUZDQ+SimSun" bbox="384.000,586.469,394.560,597.029" colourspace="ICCBased" ncolour="[0]" size="10.560">所</text>
                <text font="JQUZDQ+SimSun" bbox="394.320,586.469,404.880,597.029" colourspace="ICCBased" ncolour="[0]" size="10.560">患</text>
                <text font="JQUZDQ+SimSun" bbox="404.880,586.469,415.440,597.029" colourspace="ICCBased" ncolour="[0]" size="10.560">恶</text>
                <text font="JQUZDQ+SimSun" bbox="415.440,586.469,426.000,597.029" colourspace="ICCBased" ncolour="[0]" size="10.560">性</text>
                <text font="JQUZDQ+SimSun" bbox="425.760,586.469,436.320,597.029" colourspace="ICCBased" ncolour="[0]" size="10.560">肿</text>
                <text font="JQUZDQ+SimSun" bbox="436.320,586.469,446.880,597.029" colourspace="ICCBased" ncolour="[0]" size="10.560">瘤</text>
                <text font="JQUZDQ+SimSun" bbox="446.644,586.469,457.204,597.029" colourspace="ICCBased" ncolour="[0]" size="10.560">。</text>
                <text font="JTTPDQ+SimSun" bbox="457.204,586.469,462.484,597.029" colourspace="ICCBased" ncolour="[0]" size="10.560"> </text>
                <text>
                </text>
            </textline>
            <textline bbox="210.480,570.869,215.760,581.429">
                <text font="JTTPDQ+SimSun" bbox="210.480,570.869,215.760,581.429" colourspace="ICCBased" ncolour="[0]" size="10.560"> </text>
                <text>
                </text>
            </textline>
            <textline bbox="210.480,556.469,547.200,567.029">
                <text font="JQUZDQ+SimSun" bbox="210.480,556.469,221.040,567.029" colourspace="ICCBased" ncolour="[0]" size="10.560">指</text>
                <text font="JQUZDQ+SimSun" bbox="221.040,556.469,231.600,567.029" colourspace="ICCBased" ncolour="[0]" size="10.560">异</text>
                <text font="JQUZDQ+SimSun" bbox="231.600,556.469,242.160,567.029" colourspace="ICCBased" ncolour="[0]" size="10.560">常</text>
                <text font="JQUZDQ+SimSun" bbox="242.160,556.469,252.720,567.029" colourspace="ICCBased" ncolour="[0]" size="10.560">增</text>
                <text font="JQUZDQ+SimSun" bbox="252.720,556.469,263.280,567.029" colourspace="ICCBased" ncolour="[0]" size="10.560">生</text>
                <text font="JQUZDQ+SimSun" bbox="263.280,556.469,273.840,567.029" colourspace="ICCBased" ncolour="[0]" size="10.560">的</text>
                <text font="JQUZDQ+SimSun" bbox="273.840,556.469,284.400,567.029" colourspace="ICCBased" ncolour="[0]" size="10.560">绒</text>
                <text font="JQUZDQ+SimSun" bbox="284.160,556.469,294.720,567.029" colourspace="ICCBased" ncolour="[0]" size="10.560">毛</text>
                <text font="JQUZDQ+SimSun" bbox="294.720,556.469,305.280,567.029" colourspace="ICCBased" ncolour="[0]" size="10.560">组</text>
                <text font="JQUZDQ+SimSun" bbox="305.280,556.469,315.840,567.029" colourspace="ICCBased" ncolour="[0]" size="10.560">织</text>
                <text font="JQUZDQ+SimSun" bbox="315.840,556.469,326.400,567.029" colourspace="ICCBased" ncolour="[0]" size="10.560">浸</text>
                <text font="JQUZDQ+SimSun" bbox="326.400,556.469,336.960,567.029" colourspace="ICCBased" ncolour="[0]" size="10.560">润</text>
                <text font="JQUZDQ+SimSun" bbox="336.960,556.469,347.520,567.029" colourspace="ICCBased" ncolour="[0]" size="10.560">性</text>
                <text font="JQUZDQ+SimSun" bbox="347.280,556.469,357.840,567.029" colourspace="ICCBased" ncolour="[0]" size="10.560">生</text>
                <text font="JQUZDQ+SimSun" bbox="357.840,556.469,368.400,567.029" colourspace="ICCBased" ncolour="[0]" size="10.560">长</text>
                <text font="JQUZDQ+SimSun" bbox="368.400,556.469,378.960,567.029" colourspace="ICCBased" ncolour="[0]" size="10.560">浸</text>
                <text font="JQUZDQ+SimSun" bbox="378.960,556.469,389.520,567.029" colourspace="ICCBased" ncolour="[0]" size="10.560">入</text>
                <text font="JQUZDQ+SimSun" bbox="389.520,556.469,400.080,567.029" colourspace="ICCBased" ncolour="[0]" size="10.560">子</text>
                <text font="JQUZDQ+SimSun" bbox="399.840,556.469,410.400,567.029" colourspace="ICCBased" ncolour="[0]" size="10.560">宫</text>
                <text font="JQUZDQ+SimSun" bbox="410.400,556.469,420.960,567.029" colourspace="ICCBased" ncolour="[0]" size="10.560">肌</text>
                <text font="JQUZDQ+SimSun" bbox="420.960,556.469,431.520,567.029" colourspace="ICCBased" ncolour="[0]" size="10.560">层</text>
                <text font="JQUZDQ+SimSun" bbox="431.520,556.469,442.080,567.029" colourspace="ICCBased" ncolour="[0]" size="10.560">或</text>
                <text font="JQUZDQ+SimSun" bbox="442.080,556.469,452.640,567.029" colourspace="ICCBased" ncolour="[0]" size="10.560">转</text>
                <text font="JQUZDQ+SimSun" bbox="452.400,556.469,462.960,567.029" colourspace="ICCBased" ncolour="[0]" size="10.560">移</text>
                <text font="JQUZDQ+SimSun" bbox="462.960,556.469,473.520,567.029" colourspace="ICCBased" ncolour="[0]" size="10.560">至</text>
                <text font="JQUZDQ+SimSun" bbox="473.520,556.469,484.080,567.029" colourspace="ICCBased" ncolour="[0]" size="10.560">其</text>
                <text font="JQUZDQ+SimSun" bbox="484.080,556.469,494.640,567.029" colourspace="ICCBased" ncolour="[0]" size="10.560">他</text>
                <text font="JQUZDQ+SimSun" bbox="494.640,556.469,505.200,567.029" colourspace="ICCBased" ncolour="[0]" size="10.560">器</text>
                <text font="JQUZDQ+SimSun" bbox="505.200,556.469,515.760,567.029" colourspace="ICCBased" ncolour="[0]" size="10.560">官</text>
                <text font="JQUZDQ+SimSun" bbox="515.760,556.469,526.320,567.029" colourspace="ICCBased" ncolour="[0]" size="10.560">或</text>
                <text font="JQUZDQ+SimSun" bbox="526.080,556.469,536.640,567.029" colourspace="ICCBased" ncolour="[0]" size="10.560">组</text>
                <text font="JQUZDQ+SimSun" bbox="536.640,556.469,547.200,567.029" colourspace="ICCBased" ncolour="[0]" size="10.560">织</text>
                <text>
                </text>
            </textline>
            <textline bbox="210.480,540.872,415.196,551.432">
                <text font="JQUZDQ+SimSun" bbox="210.480,540.872,221.040,551.432" colourspace="ICCBased" ncolour="[0]" size="10.560">的</text>
                <text font="JQUZDQ+SimSun" bbox="221.040,540.872,231.600,551.432" colourspace="ICCBased" ncolour="[0]" size="10.560">葡</text>
                <text font="JQUZDQ+SimSun" bbox="231.600,540.872,242.160,551.432" colourspace="ICCBased" ncolour="[0]" size="10.560">萄</text>
                <text font="JQUZDQ+SimSun" bbox="242.160,540.872,252.720,551.432" colourspace="ICCBased" ncolour="[0]" size="10.560">胎</text>
                <text font="JQUZDQ+SimSun" bbox="252.720,540.872,263.280,551.432" colourspace="ICCBased" ncolour="[0]" size="10.560">，</text>
                <text font="JQUZDQ+SimSun" bbox="263.040,540.872,273.600,551.432" colourspace="ICCBased" ncolour="[0]" size="10.560">并</text>
                <text font="JQUZDQ+SimSun" bbox="273.600,540.872,284.160,551.432" colourspace="ICCBased" ncolour="[0]" size="10.560">已</text>
                <text font="JQUZDQ+SimSun" bbox="284.160,540.872,294.720,551.432" colourspace="ICCBased" ncolour="[0]" size="10.560">经</text>
                <text font="JQUZDQ+SimSun" bbox="294.720,540.872,305.280,551.432" colourspace="ICCBased" ncolour="[0]" size="10.560">进</text>
                <text font="JQUZDQ+SimSun" bbox="305.040,540.872,315.600,551.432" colourspace="ICCBased" ncolour="[0]" size="10.560">行</text>
                <text font="JQUZDQ+SimSun" bbox="315.600,540.872,326.160,551.432" colourspace="ICCBased" ncolour="[0]" size="10.560">化</text>
                <text font="JQUZDQ+SimSun" bbox="326.160,540.872,336.720,551.432" colourspace="ICCBased" ncolour="[0]" size="10.560">疗</text>
                <text font="JQUZDQ+SimSun" bbox="336.720,540.872,347.280,551.432" colourspace="ICCBased" ncolour="[0]" size="10.560">或</text>
                <text font="JQUZDQ+SimSun" bbox="347.040,540.872,357.600,551.432" colourspace="ICCBased" ncolour="[0]" size="10.560">手</text>
                <text font="JQUZDQ+SimSun" bbox="357.600,540.872,368.160,551.432" colourspace="ICCBased" ncolour="[0]" size="10.560">术</text>
                <text font="JQUZDQ+SimSun" bbox="368.160,540.872,378.720,551.432" colourspace="ICCBased" ncolour="[0]" size="10.560">治</text>
                <text font="JQUZDQ+SimSun" bbox="378.720,540.872,389.280,551.432" colourspace="ICCBased" ncolour="[0]" size="10.560">疗</text>
                <text font="JQUZDQ+SimSun" bbox="389.040,540.872,399.600,551.432" colourspace="ICCBased" ncolour="[0]" size="10.560">的</text>
                <text font="JQUZDQ+SimSun" bbox="399.600,540.872,410.160,551.432" colourspace="ICCBased" ncolour="[0]" size="10.560">。</text>
                <text font="JTTPDQ+SimSun" bbox="409.916,540.872,415.196,551.432" colourspace="ICCBased" ncolour="[0]" size="10.560"> </text>
                <text>
                </text>
            </textline>
        </textbox>
        <textbox id="6" bbox="210.480,510.629,342.240,535.349">
            <textline bbox="210.480,524.789,215.760,535.349">
                <text font="JTTPDQ+SimSun" bbox="210.480,524.789,215.760,535.349" colourspace="ICCBased" ncolour="[0]" size="10.560"> </text>
                <text>
                </text>
            </textline>
            <textline bbox="210.480,510.629,342.240,521.189">
                <text font="JQUZDQ+SimSun" bbox="210.480,510.629,221.040,521.189" colourspace="ICCBased" ncolour="[0]" size="10.560">与</text>
                <text font="JQUZDQ+SimSun" bbox="221.040,510.629,231.600,521.189" colourspace="ICCBased" ncolour="[0]" size="10.560">心</text>
                <text font="JQUZDQ+SimSun" bbox="231.600,510.629,242.160,521.189" colourspace="ICCBased" ncolour="[0]" size="10.560">脏</text>
                <text font="JQUZDQ+SimSun" bbox="242.160,510.629,252.720,521.189" colourspace="ICCBased" ncolour="[0]" size="10.560">或</text>
                <text font="JQUZDQ+SimSun" bbox="252.720,510.629,263.280,521.189" colourspace="ICCBased" ncolour="[0]" size="10.560">脑</text>
                <text font="JQUZDQ+SimSun" bbox="263.280,510.629,273.840,521.189" colourspace="ICCBased" ncolour="[0]" size="10.560">血</text>
                <text font="JQUZDQ+SimSun" bbox="273.840,510.629,284.400,521.189" colourspace="ICCBased" ncolour="[0]" size="10.560">管</text>
                <text font="JQUZDQ+SimSun" bbox="284.400,510.629,294.960,521.189" colourspace="ICCBased" ncolour="[0]" size="10.560">相</text>
                <text font="JQUZDQ+SimSun" bbox="294.960,510.629,305.520,521.189" colourspace="ICCBased" ncolour="[0]" size="10.560">关</text>
                <text font="JQUZDQ+SimSun" bbox="305.520,510.629,316.080,521.189" colourspace="ICCBased" ncolour="[0]" size="10.560">的</text>
                <text font="JQUZDQ+SimSun" bbox="316.080,510.629,326.640,521.189" colourspace="ICCBased" ncolour="[0]" size="10.560">疾</text>
                <text font="JQUZDQ+SimSun" bbox="326.640,510.629,337.200,521.189" colourspace="ICCBased" ncolour="[0]" size="10.560">病</text>
                <text font="JTTPDQ+SimSun" bbox="336.960,510.629,342.240,521.189" colourspace="ICCBased" ncolour="[0]" size="10.560"> </text>
                <text>
                </text>
            </textline>
        </textbox>
        <textbox id="7" bbox="210.480,417.029,547.200,504.149">
            <textline bbox="210.480,493.589,215.760,504.149">
                <text font="JTTPDQ+SimSun" bbox="210.480,493.589,215.760,504.149" colourspace="ICCBased" ncolour="[0]" size="10.560"> </text>
                <text>
                </text>
            </textline>
            <textline bbox="210.480,479.429,547.200,489.989">
                <text font="JQUZDQ+SimSun" bbox="210.480,479.429,221.040,489.989" colourspace="ICCBased" ncolour="[0]" size="10.560">指</text>
                <text font="JQUZDQ+SimSun" bbox="221.040,479.429,231.600,489.989" colourspace="ICCBased" ncolour="[0]" size="10.560">因</text>
                <text font="JQUZDQ+SimSun" bbox="231.600,479.429,242.160,489.989" colourspace="ICCBased" ncolour="[0]" size="10.560">冠</text>
                <text font="JQUZDQ+SimSun" bbox="242.160,479.429,252.720,489.989" colourspace="ICCBased" ncolour="[0]" size="10.560">状</text>
                <text font="JQUZDQ+SimSun" bbox="252.720,479.429,263.280,489.989" colourspace="ICCBased" ncolour="[0]" size="10.560">动</text>
                <text font="JQUZDQ+SimSun" bbox="263.280,479.429,273.840,489.989" colourspace="ICCBased" ncolour="[0]" size="10.560">脉</text>
                <text font="JQUZDQ+SimSun" bbox="273.840,479.429,284.400,489.989" colourspace="ICCBased" ncolour="[0]" size="10.560">阻</text>
                <text font="JQUZDQ+SimSun" bbox="284.160,479.429,294.720,489.989" colourspace="ICCBased" ncolour="[0]" size="10.560">塞</text>
                <text font="JQUZDQ+SimSun" bbox="294.720,479.429,305.280,489.989" colourspace="ICCBased" ncolour="[0]" size="10.560">导</text>
                <text font="JQUZDQ+SimSun" bbox="305.280,479.429,315.840,489.989" colourspace="ICCBased" ncolour="[0]" size="10.560">致</text>
                <text font="JQUZDQ+SimSun" bbox="315.840,479.429,326.400,489.989" colourspace="ICCBased" ncolour="[0]" size="10.560">的</text>
                <text font="JQUZDQ+SimSun" bbox="326.400,479.429,336.960,489.989" colourspace="ICCBased" ncolour="[0]" size="10.560">相</text>
                <text font="JQUZDQ+SimSun" bbox="336.960,479.429,347.520,489.989" colourspace="ICCBased" ncolour="[0]" size="10.560">应</text>
                <text font="JQUZDQ+SimSun" bbox="347.280,479.429,357.840,489.989" colourspace="ICCBased" ncolour="[0]" size="10.560">区</text>
                <text font="JQUZDQ+SimSun" bbox="357.840,479.429,368.400,489.989" colourspace="ICCBased" ncolour="[0]" size="10.560">域</text>
                <text font="JQUZDQ+SimSun" bbox="368.400,479.429,378.960,489.989" colourspace="ICCBased" ncolour="[0]" size="10.560">供</text>
                <text font="JQUZDQ+SimSun" bbox="378.960,479.429,389.520,489.989" colourspace="ICCBased" ncolour="[0]" size="10.560">血</text>
                <text font="JQUZDQ+SimSun" bbox="389.520,479.429,400.080,489.989" colourspace="ICCBased" ncolour="[0]" size="10.560">不</text>
                <text font="JQUZDQ+SimSun" bbox="399.840,479.429,410.400,489.989" colourspace="ICCBased" ncolour="[0]" size="10.560">足</text>
                <text font="JQUZDQ+SimSun" bbox="410.400,479.429,420.960,489.989" colourspace="ICCBased" ncolour="[0]" size="10.560">造</text>
                <text font="JQUZDQ+SimSun" bbox="420.960,479.429,431.520,489.989" colourspace="ICCBased" ncolour="[0]" size="10.560">成</text>
                <text font="JQUZDQ+SimSun" bbox="431.520,479.429,442.080,489.989" colourspace="ICCBased" ncolour="[0]" size="10.560">部</text>
                <text font="JQUZDQ+SimSun" bbox="442.080,479.429,452.640,489.989" colourspace="ICCBased" ncolour="[0]" size="10.560">分</text>
                <text font="JQUZDQ+SimSun" bbox="452.400,479.429,462.960,489.989" colourspace="ICCBased" ncolour="[0]" size="10.560">心</text>
                <text font="JQUZDQ+SimSun" bbox="462.960,479.429,473.520,489.989" colourspace="ICCBased" ncolour="[0]" size="10.560">肌</text>
                <text font="JQUZDQ+SimSun" bbox="473.520,479.429,484.080,489.989" colourspace="ICCBased" ncolour="[0]" size="10.560">坏</text>
                <text font="JQUZDQ+SimSun" bbox="484.080,479.429,494.640,489.989" colourspace="ICCBased" ncolour="[0]" size="10.560">死</text>
                <text font="JQUZDQ+SimSun" bbox="494.640,479.429,505.200,489.989" colourspace="ICCBased" ncolour="[0]" size="10.560">。</text>
                <text font="JQUZDQ+SimSun" bbox="505.200,479.429,515.760,489.989" colourspace="ICCBased" ncolour="[0]" size="10.560">须</text>
                <text font="JQUZDQ+SimSun" bbox="515.760,479.429,526.320,489.989" colourspace="ICCBased" ncolour="[0]" size="10.560">满</text>
                <text font="JQUZDQ+SimSun" bbox="526.080,479.429,536.640,489.989" colourspace="ICCBased" ncolour="[0]" size="10.560">足</text>
                <text font="JQUZDQ+SimSun" bbox="536.640,479.429,547.200,489.989" colourspace="ICCBased" ncolour="[0]" size="10.560">下</text>
                <text>
                </text>
            </textline>
            <textline bbox="210.480,463.832,305.045,474.392">
                <text font="JQUZDQ+SimSun" bbox="210.480,463.832,221.040,474.392" colourspace="ICCBased" ncolour="[0]" size="10.560">列</text>
                <text font="JQUZDQ+SimSun" bbox="221.040,463.832,231.600,474.392" colourspace="ICCBased" ncolour="[0]" size="10.560">至</text>
                <text font="JQUZDQ+SimSun" bbox="231.600,463.832,242.160,474.392" colourspace="ICCBased" ncolour="[0]" size="10.560">少</text>
                <text font="JQUZDQ+SimSun" bbox="242.160,463.832,252.720,474.392" colourspace="ICCBased" ncolour="[0]" size="10.560">三</text>
                <text font="JQUZDQ+SimSun" bbox="252.720,463.832,263.280,474.392" colourspace="ICCBased" ncolour="[0]" size="10.560">项</text>
                <text font="JQUZDQ+SimSun" bbox="263.040,463.832,273.600,474.392" colourspace="ICCBased" ncolour="[0]" size="10.560">条</text>
                <text font="JQUZDQ+SimSun" bbox="273.600,463.832,284.160,474.392" colourspace="ICCBased" ncolour="[0]" size="10.560">件</text>
                <text font="JQUZDQ+SimSun" bbox="284.160,463.832,294.720,474.392" colourspace="ICCBased" ncolour="[0]" size="10.560">：</text>
                <text font="JTTPDQ+SimSun" bbox="294.720,463.832,300.000,474.392" colourspace="ICCBased" ncolour="[0]" size="10.560"> </text>
                <text font="JTTPDQ+SimSun" bbox="299.765,463.832,305.045,474.392" colourspace="ICCBased" ncolour="[0]" size="10.560"> </text>
                <text>
                </text>
            </textline>
            <textline bbox="210.480,448.235,404.636,458.795">
                <text font="JQUZDQ+SimSun" bbox="210.480,448.235,221.040,458.795" colourspace="ICCBased" ncolour="[0]" size="10.560">（</text>
                <text font="JTTPDQ+SimSun" bbox="221.040,448.235,226.320,458.795" colourspace="ICCBased" ncolour="[0]" size="10.560">1</text>
                <text font="JQUZDQ+SimSun" bbox="226.320,448.235,236.880,458.795" colourspace="ICCBased" ncolour="[0]" size="10.560">）</text>
                <text font="JQUZDQ+SimSun" bbox="236.880,448.235,247.440,458.795" colourspace="ICCBased" ncolour="[0]" size="10.560">典</text>
                <text font="JQUZDQ+SimSun" bbox="247.440,448.235,258.000,458.795" colourspace="ICCBased" ncolour="[0]" size="10.560">型</text>
                <text font="JQUZDQ+SimSun" bbox="258.000,448.235,268.560,458.795" colourspace="ICCBased" ncolour="[0]" size="10.560">临</text>
                <text font="JQUZDQ+SimSun" bbox="268.320,448.235,278.880,458.795" colourspace="ICCBased" ncolour="[0]" size="10.560">床</text>
                <text font="JQUZDQ+SimSun" bbox="278.880,448.235,289.440,458.795" colourspace="ICCBased" ncolour="[0]" size="10.560">表</text>
                <text font="JQUZDQ+SimSun" bbox="289.440,448.235,300.000,458.795" colourspace="ICCBased" ncolour="[0]" size="10.560">现</text>
                <text font="JQUZDQ+SimSun" bbox="300.000,448.235,310.560,458.795" colourspace="ICCBased" ncolour="[0]" size="10.560">，</text>
                <text font="JQUZDQ+SimSun" bbox="310.320,448.235,320.880,458.795" colourspace="ICCBased" ncolour="[0]" size="10.560">例</text>
                <text font="JQUZDQ+SimSun" bbox="320.880,448.235,331.440,458.795" colourspace="ICCBased" ncolour="[0]" size="10.560">如</text>
                <text font="JQUZDQ+SimSun" bbox="331.440,448.235,342.000,458.795" colourspace="ICCBased" ncolour="[0]" size="10.560">急</text>
                <text font="JQUZDQ+SimSun" bbox="342.000,448.235,352.560,458.795" colourspace="ICCBased" ncolour="[0]" size="10.560">性</text>
                <text font="JQUZDQ+SimSun" bbox="352.320,448.235,362.880,458.795" colourspace="ICCBased" ncolour="[0]" size="10.560">胸</text>
                <text font="JQUZDQ+SimSun" bbox="362.880,448.235,373.440,458.795" colourspace="ICCBased" ncolour="[0]" size="10.560">痛</text>
                <text font="JQUZDQ+SimSun" bbox="373.440,448.235,384.000,458.795" colourspace="ICCBased" ncolour="[0]" size="10.560">等</text>
                <text font="JQUZDQ+SimSun" bbox="384.000,448.235,394.560,458.795" colourspace="ICCBased" ncolour="[0]" size="10.560">；</text>
                <text font="JTTPDQ+SimSun" bbox="394.319,448.235,399.599,458.795" colourspace="ICCBased" ncolour="[0]" size="10.560"> </text>
                <text font="JTTPDQ+SimSun" bbox="399.356,448.235,404.636,458.795" colourspace="ICCBased" ncolour="[0]" size="10.560"> </text>
                <text>
                </text>
            </textline>
            <textline bbox="210.480,432.637,425.756,443.197">
                <text font="JQUZDQ+SimSun" bbox="210.480,432.637,221.040,443.197" colourspace="ICCBased" ncolour="[0]" size="10.560">（</text>
                <text font="JTTPDQ+SimSun" bbox="221.040,432.637,226.320,443.197" colourspace="ICCBased" ncolour="[0]" size="10.560">2</text>
                <text font="JQUZDQ+SimSun" bbox="226.320,432.637,236.880,443.197" colourspace="ICCBased" ncolour="[0]" size="10.560">）</text>
                <text font="JQUZDQ+SimSun" bbox="236.880,432.637,247.440,443.197" colourspace="ICCBased" ncolour="[0]" size="10.560">新</text>
                <text font="JQUZDQ+SimSun" bbox="247.440,432.637,258.000,443.197" colourspace="ICCBased" ncolour="[0]" size="10.560">近</text>
                <text font="JQUZDQ+SimSun" bbox="258.000,432.637,268.560,443.197" colourspace="ICCBased" ncolour="[0]" size="10.560">的</text>
                <text font="JQUZDQ+SimSun" bbox="268.320,432.637,278.880,443.197" colourspace="ICCBased" ncolour="[0]" size="10.560">心</text>
                <text font="JQUZDQ+SimSun" bbox="278.880,432.637,289.440,443.197" colourspace="ICCBased" ncolour="[0]" size="10.560">电</text>
                <text font="JQUZDQ+SimSun" bbox="289.440,432.637,300.000,443.197" colourspace="ICCBased" ncolour="[0]" size="10.560">图</text>
                <text font="JQUZDQ+SimSun" bbox="300.000,432.637,310.560,443.197" colourspace="ICCBased" ncolour="[0]" size="10.560">改</text>
                <text font="JQUZDQ+SimSun" bbox="310.320,432.637,320.880,443.197" colourspace="ICCBased" ncolour="[0]" size="10.560">变</text>
                <text font="JQUZDQ+SimSun" bbox="320.880,432.637,331.440,443.197" colourspace="ICCBased" ncolour="[0]" size="10.560">提</text>
                <text font="JQUZDQ+SimSun" bbox="331.440,432.637,342.000,443.197" colourspace="ICCBased" ncolour="[0]" size="10.560">示</text>
                <text font="JQUZDQ+SimSun" bbox="342.000,432.637,352.560,443.197" colourspace="ICCBased" ncolour="[0]" size="10.560">急</text>
                <text font="JQUZDQ+SimSun" bbox="352.320,432.637,362.880,443.197" colourspace="ICCBased" ncolour="[0]" size="10.560">性</text>
                <text font="JQUZDQ+SimSun" bbox="362.880,432.637,373.440,443.197" colourspace="ICCBased" ncolour="[0]" size="10.560">心</text>
                <text font="JQUZDQ+SimSun" bbox="373.440,432.637,384.000,443.197" colourspace="ICCBased" ncolour="[0]" size="10.560">肌</text>
                <text font="JQUZDQ+SimSun" bbox="384.000,432.637,394.560,443.197" colourspace="ICCBased" ncolour="[0]" size="10.560">梗</text>
                <text font="JQUZDQ+SimSun" bbox="394.320,432.637,404.880,443.197" colourspace="ICCBased" ncolour="[0]" size="10.560">塞</text>
                <text font="JQUZDQ+SimSun" bbox="404.880,432.637,415.440,443.197" colourspace="ICCBased" ncolour="[0]" size="10.560">；</text>
                <text font="JTTPDQ+SimSun" bbox="415.440,432.637,420.720,443.197" colourspace="ICCBased" ncolour="[0]" size="10.560"> </text>
                <text font="JTTPDQ+SimSun" bbox="420.476,432.637,425.756,443.197" colourspace="ICCBased" ncolour="[0]" size="10.560"> </text>
                <text>
                </text>
            </textline>
            <textline bbox="210.480,417.029,547.200,427.600">
                <text font="JQUZDQ+SimSun" bbox="210.480,417.040,221.040,427.600" colourspace="ICCBased" ncolour="[0]" size="10.560">（</text>
                <text font="JTTPDQ+SimSun" bbox="221.040,417.040,226.320,427.600" colourspace="ICCBased" ncolour="[0]" size="10.560">3</text>
                <text font="JQUZDQ+SimSun" bbox="226.320,417.029,236.880,427.589" colourspace="ICCBased" ncolour="[0]" size="10.560">）</text>
                <text font="JQUZDQ+SimSun" bbox="234.480,417.029,245.040,427.589" colourspace="ICCBased" ncolour="[0]" size="10.560">心</text>
                <text font="JQUZDQ+SimSun" bbox="245.040,417.029,255.600,427.589" colourspace="ICCBased" ncolour="[0]" size="10.560">肌</text>
                <text font="JQUZDQ+SimSun" bbox="255.600,417.029,266.160,427.589" colourspace="ICCBased" ncolour="[0]" size="10.560">酶</text>
                <text font="JQUZDQ+SimSun" bbox="265.920,417.029,276.480,427.589" colourspace="ICCBased" ncolour="[0]" size="10.560">或</text>
                <text font="JQUZDQ+SimSun" bbox="276.480,417.029,287.040,427.589" colourspace="ICCBased" ncolour="[0]" size="10.560">肌</text>
                <text font="JQUZDQ+SimSun" bbox="287.040,417.029,297.600,427.589" colourspace="ICCBased" ncolour="[0]" size="10.560">钙</text>
                <text font="JQUZDQ+SimSun" bbox="297.600,417.029,308.160,427.589" colourspace="ICCBased" ncolour="[0]" size="10.560">蛋</text>
                <text font="JQUZDQ+SimSun" bbox="307.920,417.029,318.480,427.589" colourspace="ICCBased" ncolour="[0]" size="10.560">白</text>
                <text font="JQUZDQ+SimSun" bbox="318.480,417.029,329.040,427.589" colourspace="ICCBased" ncolour="[0]" size="10.560">有</text>
                <text font="JQUZDQ+SimSun" bbox="329.040,417.029,339.600,427.589" colourspace="ICCBased" ncolour="[0]" size="10.560">诊</text>
                <text font="JQUZDQ+SimSun" bbox="339.600,417.029,350.160,427.589" colourspace="ICCBased" ncolour="[0]" size="10.560">断</text>
                <text font="JQUZDQ+SimSun" bbox="349.920,417.029,360.480,427.589" colourspace="ICCBased" ncolour="[0]" size="10.560">意</text>
                <text font="JQUZDQ+SimSun" bbox="360.480,417.029,371.040,427.589" colourspace="ICCBased" ncolour="[0]" size="10.560">义</text>
                <text font="JQUZDQ+SimSun" bbox="371.040,417.029,381.600,427.589" colourspace="ICCBased" ncolour="[0]" size="10.560">的</text>
                <text font="JQUZDQ+SimSun" bbox="381.600,417.029,392.160,427.589" colourspace="ICCBased" ncolour="[0]" size="10.560">升</text>
                <text font="JQUZDQ+SimSun" bbox="391.920,417.029,402.480,427.589" colourspace="ICCBased" ncolour="[0]" size="10.560">高</text>
                <text font="JQUZDQ+SimSun" bbox="402.480,417.029,413.040,427.589" colourspace="ICCBased" ncolour="[0]" size="10.560">，</text>
                <text font="JQUZDQ+SimSun" bbox="410.641,417.029,421.201,427.589" colourspace="ICCBased" ncolour="[0]" size="10.560">或</text>
                <text font="JQUZDQ+SimSun" bbox="421.201,417.029,431.761,427.589" colourspace="ICCBased" ncolour="[0]" size="10.560">呈</text>
                <text font="JQUZDQ+SimSun" bbox="431.520,417.029,442.080,427.589" colourspace="ICCBased" ncolour="[0]" size="10.560">符</text>
                <text font="JQUZDQ+SimSun" bbox="442.080,417.029,452.640,427.589" colourspace="ICCBased" ncolour="[0]" size="10.560">合</text>
                <text font="JQUZDQ+SimSun" bbox="452.400,417.029,462.960,427.589" colourspace="ICCBased" ncolour="[0]" size="10.560">急</text>
                <text font="JQUZDQ+SimSun" bbox="462.960,417.029,473.520,427.589" colourspace="ICCBased" ncolour="[0]" size="10.560">性</text>
                <text font="JQUZDQ+SimSun" bbox="473.520,417.029,484.080,427.589" colourspace="ICCBased" ncolour="[0]" size="10.560">心</text>
                <text font="JQUZDQ+SimSun" bbox="484.080,417.029,494.640,427.589" colourspace="ICCBased" ncolour="[0]" size="10.560">肌</text>
                <text font="JQUZDQ+SimSun" bbox="494.640,417.029,505.200,427.589" colourspace="ICCBased" ncolour="[0]" size="10.560">梗</text>
                <text font="JQUZDQ+SimSun" bbox="504.960,417.029,515.520,427.589" colourspace="ICCBased" ncolour="[0]" size="10.560">塞</text>
                <text font="JQUZDQ+SimSun" bbox="515.520,417.029,526.080,427.589" colourspace="ICCBased" ncolour="[0]" size="10.560">的</text>
                <text font="JQUZDQ+SimSun" bbox="526.080,417.029,536.640,427.589" colourspace="ICCBased" ncolour="[0]" size="10.560">动</text>
                <text font="JQUZDQ+SimSun" bbox="536.640,417.029,547.200,427.589" colourspace="ICCBased" ncolour="[0]" size="10.560">态</text>
                <text>
                </text>
            </textline>
        </textbox>
        <textbox id="8" bbox="210.472,385.832,547.195,396.392">
            <textline bbox="210.472,385.832,547.195,396.392">
                <text font="JQUZDQ+SimSun" bbox="210.472,385.832,221.032,396.392" colourspace="ICCBased" ncolour="[0]" size="10.560">（</text>
                <text font="JTTPDQ+SimSun" bbox="221.032,385.832,226.312,396.392" colourspace="ICCBased" ncolour="[0]" size="10.560">4</text>
                <text font="JQUZDQ+SimSun" bbox="226.312,385.832,236.872,396.392" colourspace="ICCBased" ncolour="[0]" size="10.560">）</text>
                <text font="JQUZDQ+SimSun" bbox="236.872,385.832,247.432,396.392" colourspace="ICCBased" ncolour="[0]" size="10.560">发</text>
                <text font="JQUZDQ+SimSun" bbox="247.432,385.832,257.992,396.392" colourspace="ICCBased" ncolour="[0]" size="10.560">病</text>
                <text> </text>
                <text font="JTTPDQ+SimSun" bbox="260.875,385.832,266.155,396.392" colourspace="ICCBased" ncolour="[0]" size="10.560">9</text>
                <text font="JTTPDQ+SimSun" bbox="266.155,385.832,271.435,396.392" colourspace="ICCBased" ncolour="[0]" size="10.560">0</text>
                <text> </text>
                <text font="JQUZDQ+SimSun" bbox="274.075,385.832,284.635,396.392" colourspace="ICCBased" ncolour="[0]" size="10.560">日</text>
                <text font="JQUZDQ+SimSun" bbox="284.635,385.832,295.195,396.392" colourspace="ICCBased" ncolour="[0]" size="10.560">后</text>
                <text font="JQUZDQ+SimSun" bbox="295.195,385.832,305.755,396.392" colourspace="ICCBased" ncolour="[0]" size="10.560">，</text>
                <text font="JQUZDQ+SimSun" bbox="305.755,385.832,316.315,396.392" colourspace="ICCBased" ncolour="[0]" size="10.560">经</text>
                <text font="JQUZDQ+SimSun" bbox="316.075,385.832,326.635,396.392" colourspace="ICCBased" ncolour="[0]" size="10.560">检</text>
                <text font="JQUZDQ+SimSun" bbox="326.635,385.832,337.195,396.392" colourspace="ICCBased" ncolour="[0]" size="10.560">查</text>
                <text font="JQUZDQ+SimSun" bbox="337.195,385.832,347.755,396.392" colourspace="ICCBased" ncolour="[0]" size="10.560">证</text>
                <text font="JQUZDQ+SimSun" bbox="347.516,385.832,358.076,396.392" colourspace="ICCBased" ncolour="[0]" size="10.560">实</text>
                <text font="JQUZDQ+SimSun" bbox="358.076,385.832,368.636,396.392" colourspace="ICCBased" ncolour="[0]" size="10.560">左</text>
                <text font="JQUZDQ+SimSun" bbox="368.636,385.832,379.196,396.392" colourspace="ICCBased" ncolour="[0]" size="10.560">心</text>
                <text font="JQUZDQ+SimSun" bbox="379.196,385.832,389.756,396.392" colourspace="ICCBased" ncolour="[0]" size="10.560">室</text>
                <text font="JQUZDQ+SimSun" bbox="389.515,385.832,400.075,396.392" colourspace="ICCBased" ncolour="[0]" size="10.560">功</text>
                <text font="JQUZDQ+SimSun" bbox="400.075,385.832,410.635,396.392" colourspace="ICCBased" ncolour="[0]" size="10.560">能</text>
                <text font="JQUZDQ+SimSun" bbox="410.635,385.832,421.195,396.392" colourspace="ICCBased" ncolour="[0]" size="10.560">降</text>
                <text font="JQUZDQ+SimSun" bbox="421.195,385.832,431.755,396.392" colourspace="ICCBased" ncolour="[0]" size="10.560">低</text>
                <text font="JQUZDQ+SimSun" bbox="431.515,385.832,442.075,396.392" colourspace="ICCBased" ncolour="[0]" size="10.560">，</text>
                <text font="JQUZDQ+SimSun" bbox="442.075,385.832,452.635,396.392" colourspace="ICCBased" ncolour="[0]" size="10.560">如</text>
                <text font="JQUZDQ+SimSun" bbox="452.396,385.832,462.956,396.392" colourspace="ICCBased" ncolour="[0]" size="10.560">左</text>
                <text font="JQUZDQ+SimSun" bbox="462.956,385.832,473.516,396.392" colourspace="ICCBased" ncolour="[0]" size="10.560">心</text>
                <text font="JQUZDQ+SimSun" bbox="473.516,385.832,484.076,396.392" colourspace="ICCBased" ncolour="[0]" size="10.560">室</text>
                <text font="JQUZDQ+SimSun" bbox="484.076,385.832,494.636,396.392" colourspace="ICCBased" ncolour="[0]" size="10.560">射</text>
                <text font="JQUZDQ+SimSun" bbox="494.636,385.832,505.196,396.392" colourspace="ICCBased" ncolour="[0]" size="10.560">血</text>
                <text font="JQUZDQ+SimSun" bbox="504.955,385.832,515.515,396.392" colourspace="ICCBased" ncolour="[0]" size="10.560">分</text>
                <text font="JQUZDQ+SimSun" bbox="515.515,385.832,526.075,396.392" colourspace="ICCBased" ncolour="[0]" size="10.560">数</text>
                <text font="JQUZDQ+SimSun" bbox="526.075,385.832,536.635,396.392" colourspace="ICCBased" ncolour="[0]" size="10.560">低</text>
                <text font="JQUZDQ+SimSun" bbox="536.635,385.832,547.195,396.392" colourspace="ICCBased" ncolour="[0]" size="10.560">于</text>
                <text>
                </text>
            </textline>
        </textbox>
        <textbox id="9" bbox="236.640,401.429,289.197,411.989">
            <textline bbox="236.640,401.429,289.197,411.989">
                <text font="JQUZDQ+SimSun" bbox="236.640,401.429,247.200,411.989" colourspace="ICCBased" ncolour="[0]" size="10.560">性</text>
                <text font="JQUZDQ+SimSun" bbox="247.200,401.429,257.760,411.989" colourspace="ICCBased" ncolour="[0]" size="10.560">变</text>
                <text font="JQUZDQ+SimSun" bbox="257.760,401.429,268.320,411.989" colourspace="ICCBased" ncolour="[0]" size="10.560">化</text>
                <text font="JQUZDQ+SimSun" bbox="268.320,401.429,278.880,411.989" colourspace="ICCBased" ncolour="[0]" size="10.560">；</text>
                <text font="JTTPDQ+SimSun" bbox="278.880,401.429,284.160,411.989" colourspace="ICCBased" ncolour="[0]" size="10.560"> </text>
                <text font="JTTPDQ+SimSun" bbox="283.917,401.429,289.197,411.989" colourspace="ICCBased" ncolour="[0]" size="10.560"> </text>
                <text>
                </text>
            </textline>
        </textbox>
        <textbox id="10" bbox="236.640,370.235,268.077,380.795">
            <textline bbox="236.640,370.235,268.077,380.795">
                <text font="JTTPDQ+SimSun" bbox="236.640,370.235,241.920,380.795" colourspace="ICCBased" ncolour="[0]" size="10.560">5</text>
                <text font="JTTPDQ+SimSun" bbox="241.920,370.235,247.200,380.795" colourspace="ICCBased" ncolour="[0]" size="10.560">0</text>
                <text font="JTTPDQ+SimSun" bbox="247.200,370.235,252.480,380.795" colourspace="ICCBased" ncolour="[0]" size="10.560">%</text>
                <text font="JQUZDQ+SimSun" bbox="252.480,370.235,263.040,380.795" colourspace="ICCBased" ncolour="[0]" size="10.560">。</text>
                <text font="JTTPDQ+SimSun" bbox="262.797,370.235,268.077,380.795" colourspace="ICCBased" ncolour="[0]" size="10.560"> </text>
                <text>
                </text>
            </textline>
        </textbox>
        <textbox id="11" bbox="210.480,171.393,547.200,365.189">
            <textline bbox="210.480,354.629,215.760,365.189">
                <text font="JTTPDQ+SimSun" bbox="210.480,354.629,215.760,365.189" colourspace="ICCBased" ncolour="[0]" size="10.560"> </text>
                <text>
                </text>
            </textline>
            <textline bbox="210.480,340.469,547.200,351.029">
                <text font="JQUZDQ+SimSun" bbox="210.480,340.469,221.040,351.029" colourspace="ICCBased" ncolour="[0]" size="10.560">指</text>
                <text font="JQUZDQ+SimSun" bbox="221.040,340.469,231.600,351.029" colourspace="ICCBased" ncolour="[0]" size="10.560">不</text>
                <text font="JQUZDQ+SimSun" bbox="231.600,340.469,242.160,351.029" colourspace="ICCBased" ncolour="[0]" size="10.560">明</text>
                <text font="JQUZDQ+SimSun" bbox="242.160,340.469,252.720,351.029" colourspace="ICCBased" ncolour="[0]" size="10.560">原</text>
                <text font="JQUZDQ+SimSun" bbox="252.720,340.469,263.280,351.029" colourspace="ICCBased" ncolour="[0]" size="10.560">因</text>
                <text font="JQUZDQ+SimSun" bbox="263.280,340.469,273.840,351.029" colourspace="ICCBased" ncolour="[0]" size="10.560">的</text>
                <text font="JQUZDQ+SimSun" bbox="273.840,340.469,284.400,351.029" colourspace="ICCBased" ncolour="[0]" size="10.560">肺</text>
                <text font="JQUZDQ+SimSun" bbox="284.160,340.469,294.720,351.029" colourspace="ICCBased" ncolour="[0]" size="10.560">动</text>
                <text font="JQUZDQ+SimSun" bbox="294.720,340.469,305.280,351.029" colourspace="ICCBased" ncolour="[0]" size="10.560">脉</text>
                <text font="JQUZDQ+SimSun" bbox="305.280,340.469,315.840,351.029" colourspace="ICCBased" ncolour="[0]" size="10.560">压</text>
                <text font="JQUZDQ+SimSun" bbox="315.840,340.469,326.400,351.029" colourspace="ICCBased" ncolour="[0]" size="10.560">力</text>
                <text font="JQUZDQ+SimSun" bbox="326.400,340.469,336.960,351.029" colourspace="ICCBased" ncolour="[0]" size="10.560">持</text>
                <text font="JQUZDQ+SimSun" bbox="336.960,340.469,347.520,351.029" colourspace="ICCBased" ncolour="[0]" size="10.560">续</text>
                <text font="JQUZDQ+SimSun" bbox="347.280,340.469,357.840,351.029" colourspace="ICCBased" ncolour="[0]" size="10.560">性</text>
                <text font="JQUZDQ+SimSun" bbox="357.840,340.469,368.400,351.029" colourspace="ICCBased" ncolour="[0]" size="10.560">增</text>
                <text font="JQUZDQ+SimSun" bbox="368.400,340.469,378.960,351.029" colourspace="ICCBased" ncolour="[0]" size="10.560">高</text>
                <text font="JQUZDQ+SimSun" bbox="378.960,340.469,389.520,351.029" colourspace="ICCBased" ncolour="[0]" size="10.560">，</text>
                <text font="JQUZDQ+SimSun" bbox="389.520,340.469,400.080,351.029" colourspace="ICCBased" ncolour="[0]" size="10.560">进</text>
                <text font="JQUZDQ+SimSun" bbox="399.840,340.469,410.400,351.029" colourspace="ICCBased" ncolour="[0]" size="10.560">行</text>
                <text font="JQUZDQ+SimSun" bbox="410.400,340.469,420.960,351.029" colourspace="ICCBased" ncolour="[0]" size="10.560">性</text>
                <text font="JQUZDQ+SimSun" bbox="420.960,340.469,431.520,351.029" colourspace="ICCBased" ncolour="[0]" size="10.560">发</text>
                <text font="JQUZDQ+SimSun" bbox="431.520,340.469,442.080,351.029" colourspace="ICCBased" ncolour="[0]" size="10.560">展</text>
                <text font="JQUZDQ+SimSun" bbox="442.080,340.469,452.640,351.029" colourspace="ICCBased" ncolour="[0]" size="10.560">而</text>
                <text font="JQUZDQ+SimSun" bbox="452.400,340.469,462.960,351.029" colourspace="ICCBased" ncolour="[0]" size="10.560">导</text>
                <text font="JQUZDQ+SimSun" bbox="462.960,340.469,473.520,351.029" colourspace="ICCBased" ncolour="[0]" size="10.560">致</text>
                <text font="JQUZDQ+SimSun" bbox="473.520,340.469,484.080,351.029" colourspace="ICCBased" ncolour="[0]" size="10.560">的</text>
                <text font="JQUZDQ+SimSun" bbox="484.080,340.469,494.640,351.029" colourspace="ICCBased" ncolour="[0]" size="10.560">慢</text>
                <text font="JQUZDQ+SimSun" bbox="494.640,340.469,505.200,351.029" colourspace="ICCBased" ncolour="[0]" size="10.560">性</text>
                <text font="JQUZDQ+SimSun" bbox="505.200,340.469,515.760,351.029" colourspace="ICCBased" ncolour="[0]" size="10.560">疾</text>
                <text font="JQUZDQ+SimSun" bbox="515.760,340.469,526.320,351.029" colourspace="ICCBased" ncolour="[0]" size="10.560">病</text>
                <text font="JQUZDQ+SimSun" bbox="526.080,340.469,536.640,351.029" colourspace="ICCBased" ncolour="[0]" size="10.560">，</text>
                <text font="JQUZDQ+SimSun" bbox="536.640,340.469,547.200,351.029" colourspace="ICCBased" ncolour="[0]" size="10.560">已</text>
                <text>
                </text>
            </textline>
            <textline bbox="210.480,324.753,547.200,336.579">
                <text font="JQUZDQ+SimSun" bbox="210.480,324.872,221.040,335.432" colourspace="ICCBased" ncolour="[0]" size="10.560">经</text>
                <text font="JQUZDQ+SimSun" bbox="221.040,324.872,231.600,335.432" colourspace="ICCBased" ncolour="[0]" size="10.560">造</text>
                <text font="JQUZDQ+SimSun" bbox="231.600,324.872,242.160,335.432" colourspace="ICCBased" ncolour="[0]" size="10.560">成</text>
                <text font="JRNKDQ+SimHei" bbox="241.920,324.753,252.480,335.313" colourspace="ICCBased" ncolour="[0]" size="10.560">永</text>
                <text font="JRNKDQ+SimHei" bbox="252.480,324.753,263.040,335.313" colourspace="ICCBased" ncolour="[0]" size="10.560">久</text>
                <text font="JRNKDQ+SimHei" bbox="263.040,324.753,273.600,335.313" colourspace="ICCBased" ncolour="[0]" size="10.560">不</text>
                <text font="JRNKDQ+SimHei" bbox="273.600,324.753,284.160,335.313" colourspace="ICCBased" ncolour="[0]" size="10.560">可</text>
                <text font="JRNKDQ+SimHei" bbox="284.160,324.753,294.720,335.313" colourspace="ICCBased" ncolour="[0]" size="10.560">逆</text>
                <text> </text>
                <text font="TTLNNW+SimHei" bbox="300.000,331.059,302.760,336.579" colourspace="ICCBased" ncolour="[0]" size="5.520">1</text>
                <text font="TTLNNW+SimHei" bbox="303.119,331.059,305.879,336.579" colourspace="ICCBased" ncolour="[0]" size="5.520">3</text>
                <text font="JQUZDQ+SimSun" bbox="306.240,324.869,316.800,335.429" colourspace="ICCBased" ncolour="[0]" size="10.560">性</text>
                <text font="JQUZDQ+SimSun" bbox="316.800,324.869,327.360,335.429" colourspace="ICCBased" ncolour="[0]" size="10.560">的</text>
                <text font="JQUZDQ+SimSun" bbox="327.360,324.869,337.920,335.429" colourspace="ICCBased" ncolour="[0]" size="10.560">体</text>
                <text font="JQUZDQ+SimSun" bbox="337.680,324.869,348.240,335.429" colourspace="ICCBased" ncolour="[0]" size="10.560">力</text>
                <text font="JQUZDQ+SimSun" bbox="348.240,324.869,358.800,335.429" colourspace="ICCBased" ncolour="[0]" size="10.560">活</text>
                <text font="JQUZDQ+SimSun" bbox="358.800,324.869,369.360,335.429" colourspace="ICCBased" ncolour="[0]" size="10.560">动</text>
                <text font="JQUZDQ+SimSun" bbox="369.360,324.869,379.920,335.429" colourspace="ICCBased" ncolour="[0]" size="10.560">能</text>
                <text font="JQUZDQ+SimSun" bbox="379.681,324.869,390.241,335.429" colourspace="ICCBased" ncolour="[0]" size="10.560">力</text>
                <text font="JQUZDQ+SimSun" bbox="390.241,324.869,400.801,335.429" colourspace="ICCBased" ncolour="[0]" size="10.560">受</text>
                <text font="JQUZDQ+SimSun" bbox="400.801,324.869,411.361,335.429" colourspace="ICCBased" ncolour="[0]" size="10.560">限</text>
                <text font="JQUZDQ+SimSun" bbox="411.361,324.869,421.921,335.429" colourspace="ICCBased" ncolour="[0]" size="10.560">，</text>
                <text font="JQUZDQ+SimSun" bbox="421.680,324.869,432.240,335.429" colourspace="ICCBased" ncolour="[0]" size="10.560">达</text>
                <text font="JQUZDQ+SimSun" bbox="432.240,324.869,442.800,335.429" colourspace="ICCBased" ncolour="[0]" size="10.560">到</text>
                <text font="JQUZDQ+SimSun" bbox="442.800,324.869,453.360,335.429" colourspace="ICCBased" ncolour="[0]" size="10.560">美</text>
                <text font="JQUZDQ+SimSun" bbox="453.120,324.869,463.680,335.429" colourspace="ICCBased" ncolour="[0]" size="10.560">国</text>
                <text font="JQUZDQ+SimSun" bbox="463.680,324.869,474.240,335.429" colourspace="ICCBased" ncolour="[0]" size="10.560">纽</text>
                <text font="JQUZDQ+SimSun" bbox="474.240,324.869,484.800,335.429" colourspace="ICCBased" ncolour="[0]" size="10.560">约</text>
                <text font="JQUZDQ+SimSun" bbox="484.800,324.869,495.360,335.429" colourspace="ICCBased" ncolour="[0]" size="10.560">心</text>
                <text font="JQUZDQ+SimSun" bbox="495.360,324.869,505.920,335.429" colourspace="ICCBased" ncolour="[0]" size="10.560">脏</text>
                <text font="JQUZDQ+SimSun" bbox="505.680,324.869,516.240,335.429" colourspace="ICCBased" ncolour="[0]" size="10.560">病</text>
                <text font="JQUZDQ+SimSun" bbox="516.000,324.869,526.560,335.429" colourspace="ICCBased" ncolour="[0]" size="10.560">学</text>
                <text font="JQUZDQ+SimSun" bbox="526.320,324.869,536.880,335.429" colourspace="ICCBased" ncolour="[0]" size="10.560">会</text>
                <text font="JRNKDQ+SimHei" bbox="536.640,324.753,547.200,335.313" colourspace="ICCBased" ncolour="[0]" size="10.560">心</text>
                <text>
                </text>
            </textline>
            <textline bbox="210.480,309.153,514.073,320.979">
                <text font="JRNKDQ+SimHei" bbox="210.480,309.153,221.040,319.713" colourspace="ICCBased" ncolour="[0]" size="10.560">功</text>
                <text font="JRNKDQ+SimHei" bbox="221.040,309.153,231.600,319.713" colourspace="ICCBased" ncolour="[0]" size="10.560">能</text>
                <text font="JRNKDQ+SimHei" bbox="231.600,309.153,242.160,319.713" colourspace="ICCBased" ncolour="[0]" size="10.560">状</text>
                <text font="JRNKDQ+SimHei" bbox="242.160,309.153,252.720,319.713" colourspace="ICCBased" ncolour="[0]" size="10.560">态</text>
                <text font="JRNKDQ+SimHei" bbox="252.720,309.153,263.280,319.713" colourspace="ICCBased" ncolour="[0]" size="10.560">分</text>
                <text font="JRNKDQ+SimHei" bbox="263.280,309.153,273.840,319.713" colourspace="ICCBased" ncolour="[0]" size="10.560">级</text>
                <text> </text>
                <text font="TTLNNW+SimHei" bbox="276.960,315.459,279.720,320.979" colourspace="ICCBased" ncolour="[0]" size="5.520">1</text>
                <text font="TTLNNW+SimHei" bbox="280.079,315.459,282.839,320.979" colourspace="ICCBased" ncolour="[0]" size="5.520">4</text>
                <text font="JTTPDQ+SimSun" bbox="283.200,309.269,288.480,319.829" colourspace="ICCBased" ncolour="[0]" size="10.560">I</text>
                <text font="JTTPDQ+SimSun" bbox="288.480,309.269,293.760,319.829" colourspace="ICCBased" ncolour="[0]" size="10.560">V</text>
                <text> </text>
                <text font="JQUZDQ+SimSun" bbox="296.400,309.269,306.960,319.829" colourspace="ICCBased" ncolour="[0]" size="10.560">级</text>
                <text font="JQUZDQ+SimSun" bbox="306.960,309.269,317.520,319.829" colourspace="ICCBased" ncolour="[0]" size="10.560">，</text>
                <text font="JQUZDQ+SimSun" bbox="317.280,309.269,327.840,319.829" colourspace="ICCBased" ncolour="[0]" size="10.560">且</text>
                <text font="JQUZDQ+SimSun" bbox="327.840,309.269,338.400,319.829" colourspace="ICCBased" ncolour="[0]" size="10.560">静</text>
                <text font="JQUZDQ+SimSun" bbox="338.400,309.269,348.960,319.829" colourspace="ICCBased" ncolour="[0]" size="10.560">息</text>
                <text font="JQUZDQ+SimSun" bbox="348.960,309.269,359.520,319.829" colourspace="ICCBased" ncolour="[0]" size="10.560">状</text>
                <text font="JQUZDQ+SimSun" bbox="359.281,309.269,369.841,319.829" colourspace="ICCBased" ncolour="[0]" size="10.560">态</text>
                <text font="JQUZDQ+SimSun" bbox="369.841,309.269,380.401,319.829" colourspace="ICCBased" ncolour="[0]" size="10.560">下</text>
                <text font="JQUZDQ+SimSun" bbox="380.401,309.269,390.961,319.829" colourspace="ICCBased" ncolour="[0]" size="10.560">肺</text>
                <text font="JQUZDQ+SimSun" bbox="390.961,309.269,401.521,319.829" colourspace="ICCBased" ncolour="[0]" size="10.560">动</text>
                <text font="JQUZDQ+SimSun" bbox="401.280,309.269,411.840,319.829" colourspace="ICCBased" ncolour="[0]" size="10.560">脉</text>
                <text font="JQUZDQ+SimSun" bbox="411.840,309.269,422.400,319.829" colourspace="ICCBased" ncolour="[0]" size="10.560">平</text>
                <text font="JQUZDQ+SimSun" bbox="422.400,309.269,432.960,319.829" colourspace="ICCBased" ncolour="[0]" size="10.560">均</text>
                <text font="JQUZDQ+SimSun" bbox="432.960,309.269,443.520,319.829" colourspace="ICCBased" ncolour="[0]" size="10.560">压</text>
                <text font="JQUZDQ+SimSun" bbox="443.280,309.269,453.840,319.829" colourspace="ICCBased" ncolour="[0]" size="10.560">超</text>
                <text font="JQUZDQ+SimSun" bbox="453.600,309.269,464.160,319.829" colourspace="ICCBased" ncolour="[0]" size="10.560">过</text>
                <text> </text>
                <text font="JTTPDQ+SimSun" bbox="466.796,309.269,472.076,319.829" colourspace="ICCBased" ncolour="[0]" size="10.560">3</text>
                <text font="JTTPDQ+SimSun" bbox="472.076,309.269,477.356,319.829" colourspace="ICCBased" ncolour="[0]" size="10.560">0</text>
                <text font="JTTPDQ+SimSun" bbox="477.356,309.269,482.636,319.829" colourspace="ICCBased" ncolour="[0]" size="10.560">m</text>
                <text font="JTTPDQ+SimSun" bbox="482.636,309.269,487.916,319.829" colourspace="ICCBased" ncolour="[0]" size="10.560">m</text>
                <text font="JTTPDQ+SimSun" bbox="487.916,309.269,493.196,319.829" colourspace="ICCBased" ncolour="[0]" size="10.560">H</text>
                <text font="JTTPDQ+SimSun" bbox="493.196,309.269,498.476,319.829" colourspace="ICCBased" ncolour="[0]" size="10.560">g</text>
                <text font="JQUZDQ+SimSun" bbox="498.476,309.269,509.036,319.829" colourspace="ICCBased" ncolour="[0]" size="10.560">。</text>
                <text font="JTTPDQ+SimSun" bbox="508.793,309.269,514.073,319.829" colourspace="ICCBased" ncolour="[0]" size="10.560"> </text>
                <text>
                </text>
            </textline>
            <textline bbox="210.480,293.669,215.760,304.229">
                <text font="JTTPDQ+SimSun" bbox="210.480,293.669,215.760,304.229" colourspace="ICCBased" ncolour="[0]" size="10.560"> </text>
                <text>
                </text>
            </textline>
            <textline bbox="210.480,279.509,547.200,290.069">
                <text font="JQUZDQ+SimSun" bbox="210.480,279.509,221.040,290.069" colourspace="ICCBased" ncolour="[0]" size="10.560">指</text>
                <text font="JQUZDQ+SimSun" bbox="221.040,279.509,231.600,290.069" colourspace="ICCBased" ncolour="[0]" size="10.560">为</text>
                <text font="JQUZDQ+SimSun" bbox="231.600,279.509,242.160,290.069" colourspace="ICCBased" ncolour="[0]" size="10.560">治</text>
                <text font="JQUZDQ+SimSun" bbox="242.160,279.509,252.720,290.069" colourspace="ICCBased" ncolour="[0]" size="10.560">疗</text>
                <text font="JQUZDQ+SimSun" bbox="252.720,279.509,263.280,290.069" colourspace="ICCBased" ncolour="[0]" size="10.560">心</text>
                <text font="JQUZDQ+SimSun" bbox="263.280,279.509,273.840,290.069" colourspace="ICCBased" ncolour="[0]" size="10.560">脏</text>
                <text font="JQUZDQ+SimSun" bbox="273.840,279.509,284.400,290.069" colourspace="ICCBased" ncolour="[0]" size="10.560">瓣</text>
                <text font="JQUZDQ+SimSun" bbox="284.160,279.509,294.720,290.069" colourspace="ICCBased" ncolour="[0]" size="10.560">膜</text>
                <text font="JQUZDQ+SimSun" bbox="294.720,279.509,305.280,290.069" colourspace="ICCBased" ncolour="[0]" size="10.560">疾</text>
                <text font="JQUZDQ+SimSun" bbox="305.280,279.509,315.840,290.069" colourspace="ICCBased" ncolour="[0]" size="10.560">病</text>
                <text font="JQUZDQ+SimSun" bbox="315.840,279.509,326.400,290.069" colourspace="ICCBased" ncolour="[0]" size="10.560">，</text>
                <text font="JQUZDQ+SimSun" bbox="326.400,279.509,336.960,290.069" colourspace="ICCBased" ncolour="[0]" size="10.560">实</text>
                <text font="JQUZDQ+SimSun" bbox="336.960,279.509,347.520,290.069" colourspace="ICCBased" ncolour="[0]" size="10.560">际</text>
                <text font="JQUZDQ+SimSun" bbox="347.280,279.509,357.840,290.069" colourspace="ICCBased" ncolour="[0]" size="10.560">实</text>
                <text font="JQUZDQ+SimSun" bbox="357.840,279.509,368.400,290.069" colourspace="ICCBased" ncolour="[0]" size="10.560">施</text>
                <text font="JQUZDQ+SimSun" bbox="368.400,279.509,378.960,290.069" colourspace="ICCBased" ncolour="[0]" size="10.560">了</text>
                <text font="JQUZDQ+SimSun" bbox="378.960,279.509,389.520,290.069" colourspace="ICCBased" ncolour="[0]" size="10.560">开</text>
                <text font="JQUZDQ+SimSun" bbox="389.520,279.509,400.080,290.069" colourspace="ICCBased" ncolour="[0]" size="10.560">胸</text>
                <text font="JQUZDQ+SimSun" bbox="399.840,279.509,410.400,290.069" colourspace="ICCBased" ncolour="[0]" size="10.560">进</text>
                <text font="JQUZDQ+SimSun" bbox="410.400,279.509,420.960,290.069" colourspace="ICCBased" ncolour="[0]" size="10.560">行</text>
                <text font="JQUZDQ+SimSun" bbox="420.960,279.509,431.520,290.069" colourspace="ICCBased" ncolour="[0]" size="10.560">的</text>
                <text font="JQUZDQ+SimSun" bbox="431.520,279.509,442.080,290.069" colourspace="ICCBased" ncolour="[0]" size="10.560">心</text>
                <text font="JQUZDQ+SimSun" bbox="442.080,279.509,452.640,290.069" colourspace="ICCBased" ncolour="[0]" size="10.560">脏</text>
                <text font="JQUZDQ+SimSun" bbox="452.400,279.509,462.960,290.069" colourspace="ICCBased" ncolour="[0]" size="10.560">瓣</text>
                <text font="JQUZDQ+SimSun" bbox="462.960,279.509,473.520,290.069" colourspace="ICCBased" ncolour="[0]" size="10.560">膜</text>
                <text font="JQUZDQ+SimSun" bbox="473.520,279.509,484.080,290.069" colourspace="ICCBased" ncolour="[0]" size="10.560">置</text>
                <text font="JQUZDQ+SimSun" bbox="484.080,279.509,494.640,290.069" colourspace="ICCBased" ncolour="[0]" size="10.560">换</text>
                <text font="JQUZDQ+SimSun" bbox="494.640,279.509,505.200,290.069" colourspace="ICCBased" ncolour="[0]" size="10.560">或</text>
                <text font="JQUZDQ+SimSun" bbox="505.200,279.509,515.760,290.069" colourspace="ICCBased" ncolour="[0]" size="10.560">修</text>
                <text font="JQUZDQ+SimSun" bbox="515.760,279.509,526.320,290.069" colourspace="ICCBased" ncolour="[0]" size="10.560">复</text>
                <text font="JQUZDQ+SimSun" bbox="526.080,279.509,536.640,290.069" colourspace="ICCBased" ncolour="[0]" size="10.560">的</text>
                <text font="JQUZDQ+SimSun" bbox="536.640,279.509,547.200,290.069" colourspace="ICCBased" ncolour="[0]" size="10.560">手</text>
                <text>
                </text>
            </textline>
            <textline bbox="210.480,263.912,236.637,274.472">
                <text font="JQUZDQ+SimSun" bbox="210.480,263.912,221.040,274.472" colourspace="ICCBased" ncolour="[0]" size="10.560">术</text>
                <text font="JQUZDQ+SimSun" bbox="221.040,263.912,231.600,274.472" colourspace="ICCBased" ncolour="[0]" size="10.560">。</text>
                <text font="JTTPDQ+SimSun" bbox="231.357,263.912,236.637,274.472" colourspace="ICCBased" ncolour="[0]" size="10.560"> </text>
                <text>
                </text>
            </textline>
            <textline bbox="210.480,248.309,215.760,258.869">
                <text font="JTTPDQ+SimSun" bbox="210.480,248.309,215.760,258.869" colourspace="ICCBased" ncolour="[0]" size="10.560"> </text>
                <text>
                </text>
            </textline>
            <textline bbox="210.480,233.909,547.200,244.469">
                <text font="JQUZDQ+SimSun" bbox="210.480,233.909,221.040,244.469" colourspace="ICCBased" ncolour="[0]" size="10.560">指</text>
                <text font="JQUZDQ+SimSun" bbox="221.040,233.909,231.600,244.469" colourspace="ICCBased" ncolour="[0]" size="10.560">不</text>
                <text font="JQUZDQ+SimSun" bbox="231.600,233.909,242.160,244.469" colourspace="ICCBased" ncolour="[0]" size="10.560">明</text>
                <text font="JQUZDQ+SimSun" bbox="242.160,233.909,252.720,244.469" colourspace="ICCBased" ncolour="[0]" size="10.560">原</text>
                <text font="JQUZDQ+SimSun" bbox="252.720,233.909,263.280,244.469" colourspace="ICCBased" ncolour="[0]" size="10.560">因</text>
                <text font="JQUZDQ+SimSun" bbox="263.280,233.909,273.840,244.469" colourspace="ICCBased" ncolour="[0]" size="10.560">引</text>
                <text font="JQUZDQ+SimSun" bbox="273.840,233.909,284.400,244.469" colourspace="ICCBased" ncolour="[0]" size="10.560">起</text>
                <text font="JQUZDQ+SimSun" bbox="284.160,233.909,294.720,244.469" colourspace="ICCBased" ncolour="[0]" size="10.560">的</text>
                <text font="JQUZDQ+SimSun" bbox="294.720,233.909,305.280,244.469" colourspace="ICCBased" ncolour="[0]" size="10.560">一</text>
                <text font="JQUZDQ+SimSun" bbox="305.280,233.909,315.840,244.469" colourspace="ICCBased" ncolour="[0]" size="10.560">类</text>
                <text font="JQUZDQ+SimSun" bbox="315.840,233.909,326.400,244.469" colourspace="ICCBased" ncolour="[0]" size="10.560">心</text>
                <text font="JQUZDQ+SimSun" bbox="326.400,233.909,336.960,244.469" colourspace="ICCBased" ncolour="[0]" size="10.560">肌</text>
                <text font="JQUZDQ+SimSun" bbox="336.960,233.909,347.520,244.469" colourspace="ICCBased" ncolour="[0]" size="10.560">病</text>
                <text font="JQUZDQ+SimSun" bbox="347.280,233.909,357.840,244.469" colourspace="ICCBased" ncolour="[0]" size="10.560">变</text>
                <text font="JQUZDQ+SimSun" bbox="357.840,233.909,368.400,244.469" colourspace="ICCBased" ncolour="[0]" size="10.560">，</text>
                <text font="JQUZDQ+SimSun" bbox="368.400,233.909,378.960,244.469" colourspace="ICCBased" ncolour="[0]" size="10.560">包</text>
                <text font="JQUZDQ+SimSun" bbox="378.960,233.909,389.520,244.469" colourspace="ICCBased" ncolour="[0]" size="10.560">括</text>
                <text font="JQUZDQ+SimSun" bbox="389.520,233.909,400.080,244.469" colourspace="ICCBased" ncolour="[0]" size="10.560">原</text>
                <text font="JQUZDQ+SimSun" bbox="399.840,233.909,410.400,244.469" colourspace="ICCBased" ncolour="[0]" size="10.560">发</text>
                <text font="JQUZDQ+SimSun" bbox="410.400,233.909,420.960,244.469" colourspace="ICCBased" ncolour="[0]" size="10.560">性</text>
                <text font="JQUZDQ+SimSun" bbox="420.960,233.909,431.520,244.469" colourspace="ICCBased" ncolour="[0]" size="10.560">扩</text>
                <text font="JQUZDQ+SimSun" bbox="431.520,233.909,442.080,244.469" colourspace="ICCBased" ncolour="[0]" size="10.560">张</text>
                <text font="JQUZDQ+SimSun" bbox="442.080,233.909,452.640,244.469" colourspace="ICCBased" ncolour="[0]" size="10.560">型</text>
                <text font="JQUZDQ+SimSun" bbox="452.400,233.909,462.960,244.469" colourspace="ICCBased" ncolour="[0]" size="10.560">心</text>
                <text font="JQUZDQ+SimSun" bbox="462.960,233.909,473.520,244.469" colourspace="ICCBased" ncolour="[0]" size="10.560">肌</text>
                <text font="JQUZDQ+SimSun" bbox="473.520,233.909,484.080,244.469" colourspace="ICCBased" ncolour="[0]" size="10.560">病</text>
                <text font="JQUZDQ+SimSun" bbox="484.080,233.909,494.640,244.469" colourspace="ICCBased" ncolour="[0]" size="10.560">、</text>
                <text font="JQUZDQ+SimSun" bbox="494.640,233.909,505.200,244.469" colourspace="ICCBased" ncolour="[0]" size="10.560">原</text>
                <text font="JQUZDQ+SimSun" bbox="505.200,233.909,515.760,244.469" colourspace="ICCBased" ncolour="[0]" size="10.560">发</text>
                <text font="JQUZDQ+SimSun" bbox="515.760,233.909,526.320,244.469" colourspace="ICCBased" ncolour="[0]" size="10.560">性</text>
                <text font="JQUZDQ+SimSun" bbox="526.080,233.909,536.640,244.469" colourspace="ICCBased" ncolour="[0]" size="10.560">肥</text>
                <text font="JQUZDQ+SimSun" bbox="536.640,233.909,547.200,244.469" colourspace="ICCBased" ncolour="[0]" size="10.560">厚</text>
                <text>
                </text>
            </textline>
            <textline bbox="210.480,218.312,547.200,228.872">
                <text font="JQUZDQ+SimSun" bbox="210.480,218.312,221.040,228.872" colourspace="ICCBased" ncolour="[0]" size="10.560">型</text>
                <text font="JQUZDQ+SimSun" bbox="221.040,218.312,231.600,228.872" colourspace="ICCBased" ncolour="[0]" size="10.560">心</text>
                <text font="JQUZDQ+SimSun" bbox="231.600,218.312,242.160,228.872" colourspace="ICCBased" ncolour="[0]" size="10.560">肌</text>
                <text font="JQUZDQ+SimSun" bbox="242.160,218.312,252.720,228.872" colourspace="ICCBased" ncolour="[0]" size="10.560">病</text>
                <text font="JQUZDQ+SimSun" bbox="252.720,218.312,263.280,228.872" colourspace="ICCBased" ncolour="[0]" size="10.560">及</text>
                <text font="JQUZDQ+SimSun" bbox="263.280,218.312,273.840,228.872" colourspace="ICCBased" ncolour="[0]" size="10.560">原</text>
                <text font="JQUZDQ+SimSun" bbox="273.840,218.312,284.400,228.872" colourspace="ICCBased" ncolour="[0]" size="10.560">发</text>
                <text font="JQUZDQ+SimSun" bbox="284.160,218.312,294.720,228.872" colourspace="ICCBased" ncolour="[0]" size="10.560">性</text>
                <text font="JQUZDQ+SimSun" bbox="294.720,218.312,305.280,228.872" colourspace="ICCBased" ncolour="[0]" size="10.560">限</text>
                <text font="JQUZDQ+SimSun" bbox="305.280,218.312,315.840,228.872" colourspace="ICCBased" ncolour="[0]" size="10.560">制</text>
                <text font="JQUZDQ+SimSun" bbox="315.840,218.312,326.400,228.872" colourspace="ICCBased" ncolour="[0]" size="10.560">型</text>
                <text font="JQUZDQ+SimSun" bbox="326.400,218.312,336.960,228.872" colourspace="ICCBased" ncolour="[0]" size="10.560">心</text>
                <text font="JQUZDQ+SimSun" bbox="336.960,218.312,347.520,228.872" colourspace="ICCBased" ncolour="[0]" size="10.560">肌</text>
                <text font="JQUZDQ+SimSun" bbox="347.280,218.312,357.840,228.872" colourspace="ICCBased" ncolour="[0]" size="10.560">病</text>
                <text font="JQUZDQ+SimSun" bbox="357.840,218.312,368.400,228.872" colourspace="ICCBased" ncolour="[0]" size="10.560">三</text>
                <text font="JQUZDQ+SimSun" bbox="368.400,218.312,378.960,228.872" colourspace="ICCBased" ncolour="[0]" size="10.560">种</text>
                <text font="JQUZDQ+SimSun" bbox="378.960,218.312,389.520,228.872" colourspace="ICCBased" ncolour="[0]" size="10.560">，</text>
                <text font="JQUZDQ+SimSun" bbox="389.520,218.312,400.080,228.872" colourspace="ICCBased" ncolour="[0]" size="10.560">病</text>
                <text font="JQUZDQ+SimSun" bbox="399.840,218.312,410.400,228.872" colourspace="ICCBased" ncolour="[0]" size="10.560">变</text>
                <text font="JQUZDQ+SimSun" bbox="410.400,218.312,420.960,228.872" colourspace="ICCBased" ncolour="[0]" size="10.560">必</text>
                <text font="JQUZDQ+SimSun" bbox="420.960,218.312,431.520,228.872" colourspace="ICCBased" ncolour="[0]" size="10.560">须</text>
                <text font="JQUZDQ+SimSun" bbox="431.520,218.312,442.080,228.872" colourspace="ICCBased" ncolour="[0]" size="10.560">已</text>
                <text font="JQUZDQ+SimSun" bbox="442.080,218.312,452.640,228.872" colourspace="ICCBased" ncolour="[0]" size="10.560">造</text>
                <text font="JQUZDQ+SimSun" bbox="452.400,218.312,462.960,228.872" colourspace="ICCBased" ncolour="[0]" size="10.560">成</text>
                <text font="JQUZDQ+SimSun" bbox="462.960,218.312,473.520,228.872" colourspace="ICCBased" ncolour="[0]" size="10.560">事</text>
                <text font="JQUZDQ+SimSun" bbox="473.520,218.312,484.080,228.872" colourspace="ICCBased" ncolour="[0]" size="10.560">实</text>
                <text font="JQUZDQ+SimSun" bbox="484.080,218.312,494.640,228.872" colourspace="ICCBased" ncolour="[0]" size="10.560">上</text>
                <text font="JQUZDQ+SimSun" bbox="494.640,218.312,505.200,228.872" colourspace="ICCBased" ncolour="[0]" size="10.560">心</text>
                <text font="JQUZDQ+SimSun" bbox="505.200,218.312,515.760,228.872" colourspace="ICCBased" ncolour="[0]" size="10.560">室</text>
                <text font="JQUZDQ+SimSun" bbox="515.760,218.312,526.320,228.872" colourspace="ICCBased" ncolour="[0]" size="10.560">功</text>
                <text font="JQUZDQ+SimSun" bbox="526.080,218.312,536.640,228.872" colourspace="ICCBased" ncolour="[0]" size="10.560">能</text>
                <text font="JQUZDQ+SimSun" bbox="536.640,218.312,547.200,228.872" colourspace="ICCBased" ncolour="[0]" size="10.560">障</text>
                <text>
                </text>
            </textline>
            <textline bbox="210.480,202.715,547.200,213.275">
                <text font="JQUZDQ+SimSun" bbox="210.480,202.715,221.040,213.275" colourspace="ICCBased" ncolour="[0]" size="10.560">碍</text>
                <text font="JQUZDQ+SimSun" bbox="221.040,202.715,231.600,213.275" colourspace="ICCBased" ncolour="[0]" size="10.560">而</text>
                <text font="JQUZDQ+SimSun" bbox="231.600,202.715,242.160,213.275" colourspace="ICCBased" ncolour="[0]" size="10.560">出</text>
                <text font="JQUZDQ+SimSun" bbox="242.160,202.715,252.720,213.275" colourspace="ICCBased" ncolour="[0]" size="10.560">现</text>
                <text font="JQUZDQ+SimSun" bbox="252.720,202.715,263.280,213.275" colourspace="ICCBased" ncolour="[0]" size="10.560">明</text>
                <text font="JQUZDQ+SimSun" bbox="263.280,202.715,273.840,213.275" colourspace="ICCBased" ncolour="[0]" size="10.560">显</text>
                <text font="JQUZDQ+SimSun" bbox="273.840,202.715,284.400,213.275" colourspace="ICCBased" ncolour="[0]" size="10.560">的</text>
                <text font="JQUZDQ+SimSun" bbox="284.160,202.715,294.720,213.275" colourspace="ICCBased" ncolour="[0]" size="10.560">心</text>
                <text font="JQUZDQ+SimSun" bbox="294.720,202.715,305.280,213.275" colourspace="ICCBased" ncolour="[0]" size="10.560">功</text>
                <text font="JQUZDQ+SimSun" bbox="305.280,202.715,315.840,213.275" colourspace="ICCBased" ncolour="[0]" size="10.560">能</text>
                <text font="JQUZDQ+SimSun" bbox="315.840,202.715,326.400,213.275" colourspace="ICCBased" ncolour="[0]" size="10.560">衰</text>
                <text font="JQUZDQ+SimSun" bbox="326.400,202.715,336.960,213.275" colourspace="ICCBased" ncolour="[0]" size="10.560">竭</text>
                <text font="JQUZDQ+SimSun" bbox="336.960,202.715,347.520,213.275" colourspace="ICCBased" ncolour="[0]" size="10.560">（</text>
                <text font="JQUZDQ+SimSun" bbox="347.280,202.715,357.840,213.275" colourspace="ICCBased" ncolour="[0]" size="10.560">指</text>
                <text font="JQUZDQ+SimSun" bbox="357.840,202.715,368.400,213.275" colourspace="ICCBased" ncolour="[0]" size="10.560">按</text>
                <text font="JQUZDQ+SimSun" bbox="368.400,202.715,378.960,213.275" colourspace="ICCBased" ncolour="[0]" size="10.560">照</text>
                <text font="JQUZDQ+SimSun" bbox="378.960,202.715,389.520,213.275" colourspace="ICCBased" ncolour="[0]" size="10.560">美</text>
                <text font="JQUZDQ+SimSun" bbox="389.520,202.715,400.080,213.275" colourspace="ICCBased" ncolour="[0]" size="10.560">国</text>
                <text font="JQUZDQ+SimSun" bbox="399.840,202.715,410.400,213.275" colourspace="ICCBased" ncolour="[0]" size="10.560">纽</text>
                <text font="JQUZDQ+SimSun" bbox="410.400,202.715,420.960,213.275" colourspace="ICCBased" ncolour="[0]" size="10.560">约</text>
                <text font="JQUZDQ+SimSun" bbox="420.960,202.715,431.520,213.275" colourspace="ICCBased" ncolour="[0]" size="10.560">心</text>
                <text font="JQUZDQ+SimSun" bbox="431.520,202.715,442.080,213.275" colourspace="ICCBased" ncolour="[0]" size="10.560">脏</text>
                <text font="JQUZDQ+SimSun" bbox="442.080,202.715,452.640,213.275" colourspace="ICCBased" ncolour="[0]" size="10.560">病</text>
                <text font="JQUZDQ+SimSun" bbox="452.400,202.715,462.960,213.275" colourspace="ICCBased" ncolour="[0]" size="10.560">学</text>
                <text font="JQUZDQ+SimSun" bbox="462.960,202.715,473.520,213.275" colourspace="ICCBased" ncolour="[0]" size="10.560">会</text>
                <text font="JQUZDQ+SimSun" bbox="473.520,202.715,484.080,213.275" colourspace="ICCBased" ncolour="[0]" size="10.560">提</text>
                <text font="JQUZDQ+SimSun" bbox="484.080,202.715,494.640,213.275" colourspace="ICCBased" ncolour="[0]" size="10.560">出</text>
                <text font="JQUZDQ+SimSun" bbox="494.640,202.715,505.200,213.275" colourspace="ICCBased" ncolour="[0]" size="10.560">的</text>
                <text font="JQUZDQ+SimSun" bbox="505.200,202.715,515.760,213.275" colourspace="ICCBased" ncolour="[0]" size="10.560">心</text>
                <text font="JQUZDQ+SimSun" bbox="515.760,202.715,526.320,213.275" colourspace="ICCBased" ncolour="[0]" size="10.560">功</text>
                <text font="JQUZDQ+SimSun" bbox="526.080,202.715,536.640,213.275" colourspace="ICCBased" ncolour="[0]" size="10.560">能</text>
                <text font="JQUZDQ+SimSun" bbox="536.640,202.715,547.200,213.275" colourspace="ICCBased" ncolour="[0]" size="10.560">状</text>
                <text>
                </text>
            </textline>
            <textline bbox="210.480,187.109,547.200,197.669">
                <text font="JQUZDQ+SimSun" bbox="210.480,187.109,221.040,197.669" colourspace="ICCBased" ncolour="[0]" size="10.560">态</text>
                <text font="JQUZDQ+SimSun" bbox="221.040,187.109,231.600,197.669" colourspace="ICCBased" ncolour="[0]" size="10.560">分</text>
                <text font="JQUZDQ+SimSun" bbox="231.600,187.109,242.160,197.669" colourspace="ICCBased" ncolour="[0]" size="10.560">级</text>
                <text font="JQUZDQ+SimSun" bbox="242.160,187.109,252.720,197.669" colourspace="ICCBased" ncolour="[0]" size="10.560">的</text>
                <text font="JQUZDQ+SimSun" bbox="252.720,187.109,263.280,197.669" colourspace="ICCBased" ncolour="[0]" size="10.560">标</text>
                <text font="JQUZDQ+SimSun" bbox="263.040,187.109,273.600,197.669" colourspace="ICCBased" ncolour="[0]" size="10.560">准</text>
                <text font="JQUZDQ+SimSun" bbox="273.600,187.109,284.160,197.669" colourspace="ICCBased" ncolour="[0]" size="10.560">判</text>
                <text font="JQUZDQ+SimSun" bbox="284.160,187.109,294.720,197.669" colourspace="ICCBased" ncolour="[0]" size="10.560">定</text>
                <text font="JQUZDQ+SimSun" bbox="294.720,187.109,305.280,197.669" colourspace="ICCBased" ncolour="[0]" size="10.560">，</text>
                <text font="JQUZDQ+SimSun" bbox="302.880,187.109,313.440,197.669" colourspace="ICCBased" ncolour="[0]" size="10.560">心</text>
                <text font="JQUZDQ+SimSun" bbox="313.200,187.109,323.760,197.669" colourspace="ICCBased" ncolour="[0]" size="10.560">功</text>
                <text font="JQUZDQ+SimSun" bbox="323.760,187.109,334.320,197.669" colourspace="ICCBased" ncolour="[0]" size="10.560">能</text>
                <text font="JQUZDQ+SimSun" bbox="334.320,187.109,344.880,197.669" colourspace="ICCBased" ncolour="[0]" size="10.560">状</text>
                <text font="JQUZDQ+SimSun" bbox="344.880,187.109,355.440,197.669" colourspace="ICCBased" ncolour="[0]" size="10.560">态</text>
                <text font="JQUZDQ+SimSun" bbox="355.200,187.109,365.760,197.669" colourspace="ICCBased" ncolour="[0]" size="10.560">已</text>
                <text font="JQUZDQ+SimSun" bbox="365.760,187.109,376.320,197.669" colourspace="ICCBased" ncolour="[0]" size="10.560">达</text>
                <text font="JQUZDQ+SimSun" bbox="376.320,187.109,386.880,197.669" colourspace="ICCBased" ncolour="[0]" size="10.560">Ⅳ</text>
                <text font="JQUZDQ+SimSun" bbox="386.640,187.109,397.200,197.669" colourspace="ICCBased" ncolour="[0]" size="10.560">级</text>
                <text font="JQUZDQ+SimSun" bbox="397.200,187.109,407.760,197.669" colourspace="ICCBased" ncolour="[0]" size="10.560">）</text>
                <text font="JQUZDQ+SimSun" bbox="402.480,187.109,413.040,197.669" colourspace="ICCBased" ncolour="[0]" size="10.560">，</text>
                <text font="JQUZDQ+SimSun" bbox="410.640,187.109,421.200,197.669" colourspace="ICCBased" ncolour="[0]" size="10.560">且</text>
                <text font="JQUZDQ+SimSun" bbox="421.200,187.109,431.760,197.669" colourspace="ICCBased" ncolour="[0]" size="10.560">有</text>
                <text font="JQUZDQ+SimSun" bbox="431.520,187.109,442.080,197.669" colourspace="ICCBased" ncolour="[0]" size="10.560">相</text>
                <text font="JQUZDQ+SimSun" bbox="442.080,187.109,452.640,197.669" colourspace="ICCBased" ncolour="[0]" size="10.560">关</text>
                <text font="JQUZDQ+SimSun" bbox="452.400,187.109,462.960,197.669" colourspace="ICCBased" ncolour="[0]" size="10.560">住</text>
                <text font="JQUZDQ+SimSun" bbox="462.960,187.109,473.520,197.669" colourspace="ICCBased" ncolour="[0]" size="10.560">院</text>
                <text font="JQUZDQ+SimSun" bbox="473.520,187.109,484.080,197.669" colourspace="ICCBased" ncolour="[0]" size="10.560">医</text>
                <text font="JQUZDQ+SimSun" bbox="484.080,187.109,494.640,197.669" colourspace="ICCBased" ncolour="[0]" size="10.560">疗</text>
                <text font="JQUZDQ+SimSun" bbox="494.640,187.109,505.200,197.669" colourspace="ICCBased" ncolour="[0]" size="10.560">记</text>
                <text font="JQUZDQ+SimSun" bbox="504.960,187.109,515.520,197.669" colourspace="ICCBased" ncolour="[0]" size="10.560">录</text>
                <text font="JQUZDQ+SimSun" bbox="515.520,187.109,526.080,197.669" colourspace="ICCBased" ncolour="[0]" size="10.560">显</text>
                <text font="JQUZDQ+SimSun" bbox="526.080,187.109,536.640,197.669" colourspace="ICCBased" ncolour="[0]" size="10.560">示</text>
                <text font="JQUZDQ+SimSun" bbox="536.640,187.109,547.200,197.669" colourspace="ICCBased" ncolour="[0]" size="10.560">Ⅳ</text>
                <text>
                </text>
            </textline>
            <textline bbox="210.480,171.393,540.237,183.219">
                <text font="JQUZDQ+SimSun" bbox="210.480,171.509,221.040,182.069" colourspace="ICCBased" ncolour="[0]" size="10.560">级</text>
                <text font="JQUZDQ+SimSun" bbox="221.040,171.509,231.600,182.069" colourspace="ICCBased" ncolour="[0]" size="10.560">心</text>
                <text font="JQUZDQ+SimSun" bbox="231.600,171.509,242.160,182.069" colourspace="ICCBased" ncolour="[0]" size="10.560">功</text>
                <text font="JQUZDQ+SimSun" bbox="242.160,171.509,252.720,182.069" colourspace="ICCBased" ncolour="[0]" size="10.560">能</text>
                <text font="JQUZDQ+SimSun" bbox="252.720,171.509,263.280,182.069" colourspace="ICCBased" ncolour="[0]" size="10.560">衰</text>
                <text font="JQUZDQ+SimSun" bbox="263.040,171.509,273.600,182.069" colourspace="ICCBased" ncolour="[0]" size="10.560">竭</text>
                <text font="JQUZDQ+SimSun" bbox="273.600,171.509,284.160,182.069" colourspace="ICCBased" ncolour="[0]" size="10.560">状</text>
                <text font="JQUZDQ+SimSun" bbox="284.160,171.509,294.720,182.069" colourspace="ICCBased" ncolour="[0]" size="10.560">态</text>
                <text font="JQUZDQ+SimSun" bbox="294.720,171.509,305.280,182.069" colourspace="ICCBased" ncolour="[0]" size="10.560">已</text>
                <text font="JQUZDQ+SimSun" bbox="305.040,171.509,315.600,182.069" colourspace="ICCBased" ncolour="[0]" size="10.560">持</text>
                <text font="JQUZDQ+SimSun" bbox="315.600,171.509,326.160,182.069" colourspace="ICCBased" ncolour="[0]" size="10.560">续</text>
                <text font="JQUZDQ+SimSun" bbox="326.160,171.509,336.720,182.069" colourspace="ICCBased" ncolour="[0]" size="10.560">至</text>
                <text font="JQUZDQ+SimSun" bbox="336.720,171.509,347.280,182.069" colourspace="ICCBased" ncolour="[0]" size="10.560">少</text>
                <text> </text>
                <text font="JTTPDQ+SimSun" bbox="349.680,171.509,354.960,182.069" colourspace="ICCBased" ncolour="[0]" size="10.560">1</text>
                <text font="JTTPDQ+SimSun" bbox="354.960,171.509,360.240,182.069" colourspace="ICCBased" ncolour="[0]" size="10.560">8</text>
                <text font="JTTPDQ+SimSun" bbox="360.240,171.509,365.520,182.069" colourspace="ICCBased" ncolour="[0]" size="10.560">0</text>
                <text> </text>
                <text font="JQUZDQ+SimSun" bbox="368.160,171.509,378.720,182.069" colourspace="ICCBased" ncolour="[0]" size="10.560">日</text>
                <text font="JQUZDQ+SimSun" bbox="378.720,171.509,389.280,182.069" colourspace="ICCBased" ncolour="[0]" size="10.560">。</text>
                <text font="JQUZDQ+SimSun" bbox="389.040,171.509,399.600,182.069" colourspace="ICCBased" ncolour="[0]" size="10.560">本</text>
                <text font="JQUZDQ+SimSun" bbox="399.600,171.509,410.160,182.069" colourspace="ICCBased" ncolour="[0]" size="10.560">病</text>
                <text font="JQUZDQ+SimSun" bbox="410.160,171.509,420.720,182.069" colourspace="ICCBased" ncolour="[0]" size="10.560">须</text>
                <text font="JQUZDQ+SimSun" bbox="420.720,171.509,431.280,182.069" colourspace="ICCBased" ncolour="[0]" size="10.560">经</text>
                <text font="JRNKDQ+SimHei" bbox="431.040,171.393,441.600,181.953" colourspace="ICCBased" ncolour="[0]" size="10.560">专</text>
                <text font="JRNKDQ+SimHei" bbox="441.600,171.393,452.160,181.953" colourspace="ICCBased" ncolour="[0]" size="10.560">科</text>
                <text font="JRNKDQ+SimHei" bbox="451.920,171.393,462.480,181.953" colourspace="ICCBased" ncolour="[0]" size="10.560">医</text>
                <text font="JRNKDQ+SimHei" bbox="462.480,171.393,473.040,181.953" colourspace="ICCBased" ncolour="[0]" size="10.560">生</text>
                <text> </text>
                <text font="TTLNNW+SimHei" bbox="476.160,177.699,478.920,183.219" colourspace="ICCBased" ncolour="[0]" size="5.520">1</text>
                <text font="TTLNNW+SimHei" bbox="479.279,177.699,482.039,183.219" colourspace="ICCBased" ncolour="[0]" size="5.520">5</text>
                <text font="JQUZDQ+SimSun" bbox="482.400,171.509,492.960,182.069" colourspace="ICCBased" ncolour="[0]" size="10.560">明</text>
                <text font="JQUZDQ+SimSun" bbox="492.960,171.509,503.520,182.069" colourspace="ICCBased" ncolour="[0]" size="10.560">确</text>
                <text font="JQUZDQ+SimSun" bbox="503.520,171.509,514.080,182.069" colourspace="ICCBased" ncolour="[0]" size="10.560">诊</text>
                <text font="JQUZDQ+SimSun" bbox="514.080,171.509,524.640,182.069" colourspace="ICCBased" ncolour="[0]" size="10.560">断</text>
                <text font="JQUZDQ+SimSun" bbox="524.640,171.509,535.200,182.069" colourspace="ICCBased" ncolour="[0]" size="10.560">。</text>
                <text font="JTTPDQ+SimSun" bbox="534.957,171.509,540.237,182.069" colourspace="ICCBased" ncolour="[0]" size="10.560"> </text>
                <text>
                </text>
            </textline>
        </textbox>
        <textbox id="12" bbox="97.440,570.868,100.017,581.428">
            <textline bbox="97.440,570.868,100.017,581.428">
                <text font="ERELLA+STXinwei" bbox="97.440,570.868,100.017,581.428" colourspace="ICCBased" ncolour="[0]" size="10.560"> </text>
                <text>
                </text>
            </textline>
        </textbox>
        <textbox id="13" bbox="66.240,555.648,199.680,581.429">
            <textline bbox="68.880,570.869,74.160,581.429">
                <text font="JTTPDQ+SimSun" bbox="68.880,570.869,74.160,581.429" colourspace="ICCBased" ncolour="[0]" size="10.560"> </text>
                <text>
                </text>
            </textline>
            <textline bbox="66.240,555.648,199.680,567.648">
                <text font="JTTPDQ+SimSun" bbox="66.240,556.469,71.520,567.029" colourspace="ICCBased" ncolour="[0]" size="10.560">2</text>
                <text font="JTTPDQ+SimSun" bbox="71.520,556.469,76.800,567.029" colourspace="ICCBased" ncolour="[0]" size="10.560"> </text>
                <text> </text>
                <text font="ERELLA+STXinwei" bbox="97.440,555.648,109.440,567.648" colourspace="ICCBased" ncolour="[0]" size="12.000">侵</text>
                <text font="ERELLA+STXinwei" bbox="110.400,555.648,122.400,567.648" colourspace="ICCBased" ncolour="[0]" size="12.000">蚀</text>
                <text font="ERELLA+STXinwei" bbox="123.360,555.648,135.360,567.648" colourspace="ICCBased" ncolour="[0]" size="12.000">性</text>
                <text font="ERELLA+STXinwei" bbox="136.080,555.648,148.080,567.648" colourspace="ICCBased" ncolour="[0]" size="12.000">葡</text>
                <text font="ERELLA+STXinwei" bbox="149.040,555.648,161.040,567.648" colourspace="ICCBased" ncolour="[0]" size="12.000">萄</text>
                <text font="ERELLA+STXinwei" bbox="162.000,555.648,174.000,567.648" colourspace="ICCBased" ncolour="[0]" size="12.000">胎</text>
                <text font="ERELLA+STXinwei" bbox="174.720,555.648,186.720,567.648" colourspace="ICCBased" ncolour="[0]" size="12.000">（</text>
                <text font="ERELLA+STXinwei" bbox="187.680,555.648,199.680,567.648" colourspace="ICCBased" ncolour="[0]" size="12.000">或</text>
                <text>
                </text>
            </textline>
        </textbox>
        <textbox id="14" bbox="97.440,510.629,184.017,551.808">
            <textline bbox="97.440,539.808,184.017,551.808">
                <text font="ERELLA+STXinwei" bbox="97.440,539.808,109.440,551.808" colourspace="ICCBased" ncolour="[0]" size="12.000">称</text>
                <text font="ERELLA+STXinwei" bbox="109.440,539.808,121.440,551.808" colourspace="ICCBased" ncolour="[0]" size="12.000">恶</text>
                <text font="ERELLA+STXinwei" bbox="121.440,539.808,133.440,551.808" colourspace="ICCBased" ncolour="[0]" size="12.000">性</text>
                <text font="ERELLA+STXinwei" bbox="133.440,539.808,145.440,551.808" colourspace="ICCBased" ncolour="[0]" size="12.000">葡</text>
                <text font="ERELLA+STXinwei" bbox="145.440,539.808,157.440,551.808" colourspace="ICCBased" ncolour="[0]" size="12.000">萄</text>
                <text font="ERELLA+STXinwei" bbox="157.440,539.808,169.440,551.808" colourspace="ICCBased" ncolour="[0]" size="12.000">胎</text>
                <text font="ERELLA+STXinwei" bbox="169.440,539.808,181.440,551.808" colourspace="ICCBased" ncolour="[0]" size="12.000">）</text>
                <text font="ERELLA+STXinwei" bbox="181.440,540.148,184.017,550.708" colourspace="ICCBased" ncolour="[0]" size="10.560"> </text>
                <text>
                </text>
            </textline>
            <textline bbox="97.440,524.789,102.720,535.349">
                <text font="JTTPDQ+SimSun" bbox="97.440,524.789,102.720,535.349" colourspace="ICCBased" ncolour="[0]" size="10.560"> </text>
                <text>
                </text>
            </textline>
            <textline bbox="97.440,510.629,144.960,521.189">
                <text font="JQUZDQ+SimSun" bbox="97.440,510.629,108.000,521.189" colourspace="ICCBased" ncolour="[0]" size="10.560">第</text>
                <text> </text>
                <text font="JTTPDQ+SimSun" bbox="110.640,510.629,115.920,521.189" colourspace="ICCBased" ncolour="[0]" size="10.560">2</text>
                <text> </text>
                <text font="JQUZDQ+SimSun" bbox="118.560,510.629,129.120,521.189" colourspace="ICCBased" ncolour="[0]" size="10.560">类</text>
                <text font="JQUZDQ+SimSun" bbox="129.120,510.629,139.680,521.189" colourspace="ICCBased" ncolour="[0]" size="10.560">：</text>
                <text font="JTTPDQ+SimSun" bbox="139.680,510.629,144.960,521.189" colourspace="ICCBased" ncolour="[0]" size="10.560"> </text>
                <text>
                </text>
            </textline>
        </textbox>
        <textbox id="15" bbox="68.880,510.629,74.160,535.349">
            <textline bbox="68.880,524.789,74.160,535.349">
                <text font="JTTPDQ+SimSun" bbox="68.880,524.789,74.160,535.349" colourspace="ICCBased" ncolour="[0]" size="10.560"> </text>
                <text>
                </text>
            </textline>
            <textline bbox="68.880,510.629,74.160,521.189">
                <text font="JTTPDQ+SimSun" bbox="68.880,510.629,74.160,521.189" colourspace="ICCBased" ncolour="[0]" size="10.560"> </text>
                <text>
                </text>
            </textline>
        </textbox>
        <textbox id="16" bbox="97.440,493.589,102.720,504.149">
            <textline bbox="97.440,493.589,102.720,504.149">
                <text font="JTTPDQ+SimSun" bbox="97.440,493.589,102.720,504.149" colourspace="ICCBased" ncolour="[0]" size="10.560"> </text>
                <text>
                </text>
            </textline>
        </textbox>
        <textbox id="17" bbox="66.240,478.608,172.017,504.149">
            <textline bbox="68.880,493.589,74.160,504.149">
                <text font="JTTPDQ+SimSun" bbox="68.880,493.589,74.160,504.149" colourspace="ICCBased" ncolour="[0]" size="10.560"> </text>
                <text>
                </text>
            </textline>
            <textline bbox="66.240,478.608,172.017,490.608">
                <text font="JTTPDQ+SimSun" bbox="66.240,479.429,71.520,489.989" colourspace="ICCBased" ncolour="[0]" size="10.560">3</text>
                <text font="JTTPDQ+SimSun" bbox="71.520,479.429,76.800,489.989" colourspace="ICCBased" ncolour="[0]" size="10.560"> </text>
                <text> </text>
                <text font="ERELLA+STXinwei" bbox="97.440,478.608,109.440,490.608" colourspace="ICCBased" ncolour="[0]" size="12.000">急</text>
                <text font="ERELLA+STXinwei" bbox="109.440,478.608,121.440,490.608" colourspace="ICCBased" ncolour="[0]" size="12.000">性</text>
                <text font="ERELLA+STXinwei" bbox="121.440,478.608,133.440,490.608" colourspace="ICCBased" ncolour="[0]" size="12.000">心</text>
                <text font="ERELLA+STXinwei" bbox="133.440,478.608,145.440,490.608" colourspace="ICCBased" ncolour="[0]" size="12.000">肌</text>
                <text font="ERELLA+STXinwei" bbox="145.440,478.608,157.440,490.608" colourspace="ICCBased" ncolour="[0]" size="12.000">梗</text>
                <text font="ERELLA+STXinwei" bbox="157.440,478.608,169.440,490.608" colourspace="ICCBased" ncolour="[0]" size="12.000">塞</text>
                <text font="ERELLA+STXinwei" bbox="169.440,478.948,172.017,489.508" colourspace="ICCBased" ncolour="[0]" size="10.560"> </text>
                <text>
                </text>
            </textline>
        </textbox>
        <textbox id="18" bbox="97.440,353.808,100.368,365.808">
            <textline bbox="97.440,353.808,100.368,365.808">
                <text font="ERELLA+STXinwei" bbox="97.440,353.808,100.368,365.808" colourspace="ICCBased" ncolour="[0]" size="12.000"> </text>
                <text>
                </text>
            </textline>
        </textbox>
        <textbox id="19" bbox="66.240,339.648,199.680,365.189">
            <textline bbox="68.880,354.629,74.160,365.189">
                <text font="JTTPDQ+SimSun" bbox="68.880,354.629,74.160,365.189" colourspace="ICCBased" ncolour="[0]" size="10.560"> </text>
                <text>
                </text>
            </textline>
            <textline bbox="66.240,339.648,199.680,351.648">
                <text font="JTTPDQ+SimSun" bbox="66.240,340.469,71.520,351.029" colourspace="ICCBased" ncolour="[0]" size="10.560">4</text>
                <text font="JTTPDQ+SimSun" bbox="71.520,340.469,76.800,351.029" colourspace="ICCBased" ncolour="[0]" size="10.560"> </text>
                <text> </text>
                <text font="ERELLA+STXinwei" bbox="97.440,339.648,109.440,351.648" colourspace="ICCBased" ncolour="[0]" size="12.000">严</text>
                <text font="ERELLA+STXinwei" bbox="110.400,339.648,122.400,351.648" colourspace="ICCBased" ncolour="[0]" size="12.000">重</text>
                <text font="ERELLA+STXinwei" bbox="123.360,339.648,135.360,351.648" colourspace="ICCBased" ncolour="[0]" size="12.000">原</text>
                <text font="ERELLA+STXinwei" bbox="136.080,339.648,148.080,351.648" colourspace="ICCBased" ncolour="[0]" size="12.000">发</text>
                <text font="ERELLA+STXinwei" bbox="149.040,339.648,161.040,351.648" colourspace="ICCBased" ncolour="[0]" size="12.000">性</text>
                <text font="ERELLA+STXinwei" bbox="162.000,339.648,174.000,351.648" colourspace="ICCBased" ncolour="[0]" size="12.000">肺</text>
                <text font="ERELLA+STXinwei" bbox="174.720,339.648,186.720,351.648" colourspace="ICCBased" ncolour="[0]" size="12.000">动</text>
                <text font="ERELLA+STXinwei" bbox="187.680,339.648,199.680,351.648" colourspace="ICCBased" ncolour="[0]" size="12.000">脉</text>
                <text>
                </text>
            </textline>
        </textbox>
        <textbox id="20" bbox="97.440,323.808,124.368,335.808">
            <textline bbox="97.440,323.808,124.368,335.808">
                <text font="ERELLA+STXinwei" bbox="97.440,323.808,109.440,335.808" colourspace="ICCBased" ncolour="[0]" size="12.000">高</text>
                <text font="ERELLA+STXinwei" bbox="109.440,323.808,121.440,335.808" colourspace="ICCBased" ncolour="[0]" size="12.000">压</text>
                <text font="ERELLA+STXinwei" bbox="121.440,323.808,124.368,335.808" colourspace="ICCBased" ncolour="[0]" size="12.000"> </text>
                <text>
                </text>
            </textline>
        </textbox>
        <textbox id="21" bbox="97.440,292.848,100.368,304.848">
            <textline bbox="97.440,292.848,100.368,304.848">
                <text font="ERELLA+STXinwei" bbox="97.440,292.848,100.368,304.848" colourspace="ICCBased" ncolour="[0]" size="12.000"> </text>
                <text>
                </text>
            </textline>
        </textbox>
        <textbox id="22" bbox="66.240,278.688,172.368,304.229">
            <textline bbox="68.880,293.669,74.160,304.229">
                <text font="JTTPDQ+SimSun" bbox="68.880,293.669,74.160,304.229" colourspace="ICCBased" ncolour="[0]" size="10.560"> </text>
                <text>
                </text>
            </textline>
            <textline bbox="66.240,278.688,172.368,290.688">
                <text font="JTTPDQ+SimSun" bbox="66.240,279.509,71.520,290.069" colourspace="ICCBased" ncolour="[0]" size="10.560">5</text>
                <text font="JTTPDQ+SimSun" bbox="71.520,279.509,76.800,290.069" colourspace="ICCBased" ncolour="[0]" size="10.560"> </text>
                <text> </text>
                <text font="ERELLA+STXinwei" bbox="97.440,278.688,109.440,290.688" colourspace="ICCBased" ncolour="[0]" size="12.000">心</text>
                <text font="ERELLA+STXinwei" bbox="109.440,278.688,121.440,290.688" colourspace="ICCBased" ncolour="[0]" size="12.000">脏</text>
                <text font="ERELLA+STXinwei" bbox="121.440,278.688,133.440,290.688" colourspace="ICCBased" ncolour="[0]" size="12.000">瓣</text>
                <text font="ERELLA+STXinwei" bbox="133.440,278.688,145.440,290.688" colourspace="ICCBased" ncolour="[0]" size="12.000">膜</text>
                <text font="ERELLA+STXinwei" bbox="145.440,278.688,157.440,290.688" colourspace="ICCBased" ncolour="[0]" size="12.000">手</text>
                <text font="ERELLA+STXinwei" bbox="157.440,278.688,169.440,290.688" colourspace="ICCBased" ncolour="[0]" size="12.000">术</text>
                <text font="ERELLA+STXinwei" bbox="169.440,278.688,172.368,290.688" colourspace="ICCBased" ncolour="[0]" size="12.000"> </text>
                <text>
                </text>
            </textline>
        </textbox>
        <textbox id="23" bbox="97.440,247.488,100.368,259.488">
            <textline bbox="97.440,247.488,100.368,259.488">
                <text font="ERELLA+STXinwei" bbox="97.440,247.488,100.368,259.488" colourspace="ICCBased" ncolour="[0]" size="12.000"> </text>
                <text>
                </text>
            </textline>
        </textbox>
        <textbox id="24" bbox="66.240,233.088,199.680,258.869">
            <textline bbox="68.880,248.309,74.160,258.869">
                <text font="JTTPDQ+SimSun" bbox="68.880,248.309,74.160,258.869" colourspace="ICCBased" ncolour="[0]" size="10.560"> </text>
                <text>
                </text>
            </textline>
            <textline bbox="66.240,233.088,199.680,245.088">
                <text font="JTTPDQ+SimSun" bbox="66.240,233.909,71.520,244.469" colourspace="ICCBased" ncolour="[0]" size="10.560">6</text>
                <text font="JTTPDQ+SimSun" bbox="71.520,233.909,76.800,244.469" colourspace="ICCBased" ncolour="[0]" size="10.560"> </text>
                <text> </text>
                <text font="ERELLA+STXinwei" bbox="97.440,233.088,109.440,245.088" colourspace="ICCBased" ncolour="[0]" size="12.000">严</text>
                <text font="ERELLA+STXinwei" bbox="110.400,233.088,122.400,245.088" colourspace="ICCBased" ncolour="[0]" size="12.000">重</text>
                <text font="ERELLA+STXinwei" bbox="123.360,233.088,135.360,245.088" colourspace="ICCBased" ncolour="[0]" size="12.000">的</text>
                <text font="ERELLA+STXinwei" bbox="136.080,233.088,148.080,245.088" colourspace="ICCBased" ncolour="[0]" size="12.000">原</text>
                <text font="ERELLA+STXinwei" bbox="149.040,233.088,161.040,245.088" colourspace="ICCBased" ncolour="[0]" size="12.000">发</text>
                <text font="ERELLA+STXinwei" bbox="162.000,233.088,174.000,245.088" colourspace="ICCBased" ncolour="[0]" size="12.000">性</text>
                <text font="ERELLA+STXinwei" bbox="174.720,233.088,186.720,245.088" colourspace="ICCBased" ncolour="[0]" size="12.000">心</text>
                <text font="ERELLA+STXinwei" bbox="187.680,233.088,199.680,245.088" colourspace="ICCBased" ncolour="[0]" size="12.000">肌</text>
                <text>
                </text>
            </textline>
        </textbox>
        <textbox id="25" bbox="97.440,217.248,112.368,229.248">
            <textline bbox="97.440,217.248,112.368,229.248">
                <text font="ERELLA+STXinwei" bbox="97.440,217.248,109.440,229.248" colourspace="ICCBased" ncolour="[0]" size="12.000">病</text>
                <text font="ERELLA+STXinwei" bbox="109.440,217.248,112.368,229.248" colourspace="ICCBased" ncolour="[0]" size="12.000"> </text>
                <text>
                </text>
            </textline>
        </textbox>
        <textbox id="26" bbox="51.120,128.074,486.387,164.758">
            <textline bbox="51.120,154.198,197.756,164.758">
                <text font="TimesNewRomanPSMT" bbox="51.120,154.198,53.760,164.758" colourspace="ICCBased" ncolour="[0]" size="10.560"> </text>
                <text font="TimesNewRomanPSMT" bbox="53.760,154.198,56.400,164.758" colourspace="ICCBased" ncolour="[0]" size="10.560"> </text>
                <text font="TimesNewRomanPSMT" bbox="56.400,154.198,59.040,164.758" colourspace="ICCBased" ncolour="[0]" size="10.560"> </text>
                <text font="TimesNewRomanPSMT" bbox="59.040,154.198,61.680,164.758" colourspace="ICCBased" ncolour="[0]" size="10.560"> </text>
                <text font="TimesNewRomanPSMT" bbox="61.680,154.198,64.320,164.758" colourspace="ICCBased" ncolour="[0]" size="10.560"> </text>
                <text font="TimesNewRomanPSMT" bbox="64.320,154.198,66.960,164.758" colourspace="ICCBased" ncolour="[0]" size="10.560"> </text>
                <text font="TimesNewRomanPSMT" bbox="66.960,154.198,69.600,164.758" colourspace="ICCBased" ncolour="[0]" size="10.560"> </text>
                <text font="TimesNewRomanPSMT" bbox="69.600,154.198,72.240,164.758" colourspace="ICCBased" ncolour="[0]" size="10.560"> </text>
                <text font="TimesNewRomanPSMT" bbox="72.240,154.198,74.880,164.758" colourspace="ICCBased" ncolour="[0]" size="10.560"> </text>
                <text font="TimesNewRomanPSMT" bbox="74.880,154.198,77.520,164.758" colourspace="ICCBased" ncolour="[0]" size="10.560"> </text>
                <text font="TimesNewRomanPSMT" bbox="77.520,154.198,80.160,164.758" colourspace="ICCBased" ncolour="[0]" size="10.560"> </text>
                <text font="TimesNewRomanPSMT" bbox="80.160,154.198,82.800,164.758" colourspace="ICCBased" ncolour="[0]" size="10.560"> </text>
                <text font="TimesNewRomanPSMT" bbox="82.800,154.198,85.440,164.758" colourspace="ICCBased" ncolour="[0]" size="10.560"> </text>
                <text font="TimesNewRomanPSMT" bbox="85.440,154.198,88.080,164.758" colourspace="ICCBased" ncolour="[0]" size="10.560"> </text>
                <text font="TimesNewRomanPSMT" bbox="88.080,154.198,90.720,164.758" colourspace="ICCBased" ncolour="[0]" size="10.560"> </text>
                <text font="TimesNewRomanPSMT" bbox="90.720,154.198,93.360,164.758" colourspace="ICCBased" ncolour="[0]" size="10.560"> </text>
                <text font="TimesNewRomanPSMT" bbox="93.360,154.198,96.000,164.758" colourspace="ICCBased" ncolour="[0]" size="10.560"> </text>
                <text font="TimesNewRomanPSMT" bbox="96.000,154.198,98.640,164.758" colourspace="ICCBased" ncolour="[0]" size="10.560"> </text>
                <text font="TimesNewRomanPSMT" bbox="98.640,154.198,101.280,164.758" colourspace="ICCBased" ncolour="[0]" size="10.560"> </text>
                <text font="TimesNewRomanPSMT" bbox="101.280,154.198,103.920,164.758" colourspace="ICCBased" ncolour="[0]" size="10.560"> </text>
                <text font="TimesNewRomanPSMT" bbox="103.920,154.198,106.560,164.758" colourspace="ICCBased" ncolour="[0]" size="10.560"> </text>
                <text font="TimesNewRomanPSMT" bbox="106.560,154.198,109.200,164.758" colourspace="ICCBased" ncolour="[0]" size="10.560"> </text>
                <text font="TimesNewRomanPSMT" bbox="109.200,154.198,111.840,164.758" colourspace="ICCBased" ncolour="[0]" size="10.560"> </text>
                <text font="TimesNewRomanPSMT" bbox="111.840,154.198,114.480,164.758" colourspace="ICCBased" ncolour="[0]" size="10.560"> </text>
                <text font="TimesNewRomanPSMT" bbox="114.480,154.198,117.120,164.758" colourspace="ICCBased" ncolour="[0]" size="10.560"> </text>
                <text font="TimesNewRomanPSMT" bbox="117.120,154.198,119.760,164.758" colourspace="ICCBased" ncolour="[0]" size="10.560"> </text>
                <text font="TimesNewRomanPSMT" bbox="119.760,154.198,122.400,164.758" colourspace="ICCBased" ncolour="[0]" size="10.560"> </text>
                <text font="TimesNewRomanPSMT" bbox="122.400,154.198,125.040,164.758" colourspace="ICCBased" ncolour="[0]" size="10.560"> </text>
                <text font="TimesNewRomanPSMT" bbox="125.040,154.198,127.680,164.758" colourspace="ICCBased" ncolour="[0]" size="10.560"> </text>
                <text font="TimesNewRomanPSMT" bbox="127.680,154.198,130.320,164.758" colourspace="ICCBased" ncolour="[0]" size="10.560"> </text>
                <text font="TimesNewRomanPSMT" bbox="130.320,154.198,132.960,164.758" colourspace="ICCBased" ncolour="[0]" size="10.560"> </text>
                <text font="TimesNewRomanPSMT" bbox="132.960,154.198,135.600,164.758" colourspace="ICCBased" ncolour="[0]" size="10.560"> </text>
                <text font="TimesNewRomanPSMT" bbox="135.600,154.198,138.240,164.758" colourspace="ICCBased" ncolour="[0]" size="10.560"> </text>
                <text font="TimesNewRomanPSMT" bbox="138.240,154.198,140.880,164.758" colourspace="ICCBased" ncolour="[0]" size="10.560"> </text>
                <text font="TimesNewRomanPSMT" bbox="140.880,154.198,143.520,164.758" colourspace="ICCBased" ncolour="[0]" size="10.560"> </text>
                <text font="TimesNewRomanPSMT" bbox="143.520,154.198,146.160,164.758" colourspace="ICCBased" ncolour="[0]" size="10.560"> </text>
                <text font="TimesNewRomanPSMT" bbox="146.160,154.198,148.800,164.758" colourspace="ICCBased" ncolour="[0]" size="10.560"> </text>
                <text font="TimesNewRomanPSMT" bbox="148.800,154.198,151.440,164.758" colourspace="ICCBased" ncolour="[0]" size="10.560"> </text>
                <text font="TimesNewRomanPSMT" bbox="151.440,154.198,154.080,164.758" colourspace="ICCBased" ncolour="[0]" size="10.560"> </text>
                <text font="TimesNewRomanPSMT" bbox="154.080,154.198,156.720,164.758" colourspace="ICCBased" ncolour="[0]" size="10.560"> </text>
                <text font="TimesNewRomanPSMT" bbox="156.720,154.198,159.360,164.758" colourspace="ICCBased" ncolour="[0]" size="10.560"> </text>
                <text font="TimesNewRomanPSMT" bbox="159.360,154.198,162.000,164.758" colourspace="ICCBased" ncolour="[0]" size="10.560"> </text>
                <text font="TimesNewRomanPSMT" bbox="162.000,154.198,164.640,164.758" colourspace="ICCBased" ncolour="[0]" size="10.560"> </text>
                <text font="TimesNewRomanPSMT" bbox="164.640,154.198,167.280,164.758" colourspace="ICCBased" ncolour="[0]" size="10.560"> </text>
                <text font="TimesNewRomanPSMT" bbox="167.280,154.198,169.920,164.758" colourspace="ICCBased" ncolour="[0]" size="10.560"> </text>
                <text font="TimesNewRomanPSMT" bbox="169.920,154.198,172.560,164.758" colourspace="ICCBased" ncolour="[0]" size="10.560"> </text>
                <text font="TimesNewRomanPSMT" bbox="172.560,154.198,175.200,164.758" colourspace="ICCBased" ncolour="[0]" size="10.560"> </text>
                <text font="TimesNewRomanPSMT" bbox="175.200,154.198,177.840,164.758" colourspace="ICCBased" ncolour="[0]" size="10.560"> </text>
                <text font="TimesNewRomanPSMT" bbox="177.840,154.198,180.480,164.758" colourspace="ICCBased" ncolour="[0]" size="10.560"> </text>
                <text font="TimesNewRomanPSMT" bbox="180.480,154.198,183.120,164.758" colourspace="ICCBased" ncolour="[0]" size="10.560"> </text>
                <text font="TimesNewRomanPSMT" bbox="183.120,154.198,185.760,164.758" colourspace="ICCBased" ncolour="[0]" size="10.560"> </text>
                <text font="TimesNewRomanPSMT" bbox="185.760,154.198,188.400,164.758" colourspace="ICCBased" ncolour="[0]" size="10.560"> </text>
                <text font="TimesNewRomanPSMT" bbox="188.400,154.198,191.040,164.758" colourspace="ICCBased" ncolour="[0]" size="10.560"> </text>
                <text font="TimesNewRomanPSMT" bbox="191.040,154.198,193.680,164.758" colourspace="ICCBased" ncolour="[0]" size="10.560"> </text>
                <text font="TimesNewRomanPSMT" bbox="193.680,154.198,196.320,164.758" colourspace="ICCBased" ncolour="[0]" size="10.560"> </text>
                <text font="TimesNewRomanPSMT" bbox="195.116,154.198,197.756,164.758" colourspace="ICCBased" ncolour="[0]" size="10.560"> </text>
                <text>
                </text>
            </textline>
            <textline bbox="51.120,140.720,486.387,151.997">
                <text font="EUYBLA+KaiTi_GB2312" bbox="51.120,147.437,53.400,151.997" colourspace="ICCBased" ncolour="[0]" size="4.560">1</text>
                <text font="EUYBLA+KaiTi_GB2312" bbox="53.760,147.437,56.040,151.997" colourspace="ICCBased" ncolour="[0]" size="4.560">3</text>
                <text font="EUYBLA+KaiTi_GB2312" bbox="56.400,142.234,60.960,151.354" colourspace="ICCBased" ncolour="[0]" size="9.120"> </text>
                <text font="EUYBLA+KaiTi_GB2312" bbox="60.960,142.234,70.080,151.354" colourspace="ICCBased" ncolour="[0]" size="9.120">永</text>
                <text font="EUYBLA+KaiTi_GB2312" bbox="70.080,142.234,79.200,151.354" colourspace="ICCBased" ncolour="[0]" size="9.120">久</text>
                <text font="EUYBLA+KaiTi_GB2312" bbox="79.200,142.234,88.320,151.354" colourspace="ICCBased" ncolour="[0]" size="9.120">不</text>
                <text font="EUYBLA+KaiTi_GB2312" bbox="88.080,142.234,97.200,151.354" colourspace="ICCBased" ncolour="[0]" size="9.120">可</text>
                <text font="EUYBLA+KaiTi_GB2312" bbox="97.200,142.234,106.320,151.354" colourspace="ICCBased" ncolour="[0]" size="9.120">逆</text>
                <text font="EUYBLA+KaiTi_GB2312" bbox="106.320,142.234,115.440,151.354" colourspace="ICCBased" ncolour="[0]" size="9.120">指</text>
                <text font="EUYBLA+KaiTi_GB2312" bbox="115.203,142.234,124.323,151.354" colourspace="ICCBased" ncolour="[0]" size="9.120">自</text>
                <text font="EUYBLA+KaiTi_GB2312" bbox="124.323,142.234,133.443,151.354" colourspace="ICCBased" ncolour="[0]" size="9.120">疾</text>
                <text font="EUYBLA+KaiTi_GB2312" bbox="133.206,142.234,142.326,151.354" colourspace="ICCBased" ncolour="[0]" size="9.120">病</text>
                <text font="EUYBLA+KaiTi_GB2312" bbox="142.089,142.234,151.209,151.354" colourspace="ICCBased" ncolour="[0]" size="9.120">确</text>
                <text font="EUYBLA+KaiTi_GB2312" bbox="151.210,142.234,160.330,151.354" colourspace="ICCBased" ncolour="[0]" size="9.120">诊</text>
                <text font="EUYBLA+KaiTi_GB2312" bbox="160.092,142.234,169.212,151.354" colourspace="ICCBased" ncolour="[0]" size="9.120">或</text>
                <text font="EUYBLA+KaiTi_GB2312" bbox="169.212,142.234,178.332,151.354" colourspace="ICCBased" ncolour="[0]" size="9.120">意</text>
                <text font="EUYBLA+KaiTi_GB2312" bbox="178.095,142.234,187.215,151.354" colourspace="ICCBased" ncolour="[0]" size="9.120">外</text>
                <text font="EUYBLA+KaiTi_GB2312" bbox="187.215,142.234,196.335,151.354" colourspace="ICCBased" ncolour="[0]" size="9.120">伤</text>
                <text font="EUYBLA+KaiTi_GB2312" bbox="196.098,142.234,205.218,151.354" colourspace="ICCBased" ncolour="[0]" size="9.120">害</text>
                <text font="EUYBLA+KaiTi_GB2312" bbox="205.218,142.234,214.338,151.354" colourspace="ICCBased" ncolour="[0]" size="9.120">发</text>
                <text font="EUYBLA+KaiTi_GB2312" bbox="214.101,142.234,223.221,151.354" colourspace="ICCBased" ncolour="[0]" size="9.120">生</text>
                <text font="EUYBLA+KaiTi_GB2312" bbox="223.221,142.234,232.341,151.354" colourspace="ICCBased" ncolour="[0]" size="9.120">之</text>
                <text font="EUYBLA+KaiTi_GB2312" bbox="232.104,142.234,241.224,151.354" colourspace="ICCBased" ncolour="[0]" size="9.120">日</text>
                <text font="EUYBLA+KaiTi_GB2312" bbox="241.224,142.234,250.344,151.354" colourspace="ICCBased" ncolour="[0]" size="9.120">起</text>
                <text font="EUYBLA+KaiTi_GB2312" bbox="250.107,142.234,259.227,151.354" colourspace="ICCBased" ncolour="[0]" size="9.120">，</text>
                <text font="EUYBLA+KaiTi_GB2312" bbox="259.227,142.234,268.347,151.354" colourspace="ICCBased" ncolour="[0]" size="9.120">经</text>
                <text font="EUYBLA+KaiTi_GB2312" bbox="268.110,142.234,277.230,151.354" colourspace="ICCBased" ncolour="[0]" size="9.120">过</text>
                <text font="EUYBLA+KaiTi_GB2312" bbox="277.230,142.234,286.350,151.354" colourspace="ICCBased" ncolour="[0]" size="9.120">积</text>
                <text font="EUYBLA+KaiTi_GB2312" bbox="286.113,142.234,295.233,151.354" colourspace="ICCBased" ncolour="[0]" size="9.120">极</text>
                <text font="EUYBLA+KaiTi_GB2312" bbox="294.995,142.234,304.115,151.354" colourspace="ICCBased" ncolour="[0]" size="9.120">治</text>
                <text font="EUYBLA+KaiTi_GB2312" bbox="304.115,142.234,313.235,151.354" colourspace="ICCBased" ncolour="[0]" size="9.120">疗</text>
                <text> </text>
                <text font="EUYBLA+KaiTi_GB2312" bbox="315.360,142.234,319.920,151.354" colourspace="ICCBased" ncolour="[0]" size="9.120">1</text>
                <text font="EUYBLA+KaiTi_GB2312" bbox="319.920,142.234,324.480,151.354" colourspace="ICCBased" ncolour="[0]" size="9.120">8</text>
                <text font="EUYBLA+KaiTi_GB2312" bbox="324.480,142.234,329.040,151.354" colourspace="ICCBased" ncolour="[0]" size="9.120">0</text>
                <text> </text>
                <text font="EUYBLA+KaiTi_GB2312" bbox="330.964,142.234,340.084,151.354" colourspace="ICCBased" ncolour="[0]" size="9.120">日</text>
                <text font="EUYBLA+KaiTi_GB2312" bbox="340.084,142.234,349.204,151.354" colourspace="ICCBased" ncolour="[0]" size="9.120">后</text>
                <text font="EUYBLA+KaiTi_GB2312" bbox="348.967,142.234,358.087,151.354" colourspace="ICCBased" ncolour="[0]" size="9.120">，</text>
                <text font="EUYBLA+KaiTi_GB2312" bbox="358.087,142.234,367.207,151.354" colourspace="ICCBased" ncolour="[0]" size="9.120">仍</text>
                <text font="EUYBLA+KaiTi_GB2312" bbox="366.970,142.234,376.090,151.354" colourspace="ICCBased" ncolour="[0]" size="9.120">无</text>
                <text font="EUYBLA+KaiTi_GB2312" bbox="376.090,142.234,385.210,151.354" colourspace="ICCBased" ncolour="[0]" size="9.120">法</text>
                <text font="EUYBLA+KaiTi_GB2312" bbox="384.973,142.234,394.093,151.354" colourspace="ICCBased" ncolour="[0]" size="9.120">通</text>
                <text font="EUYBLA+KaiTi_GB2312" bbox="394.093,142.234,403.213,151.354" colourspace="ICCBased" ncolour="[0]" size="9.120">过</text>
                <text font="EUYBLA+KaiTi_GB2312" bbox="402.976,142.234,412.096,151.354" colourspace="ICCBased" ncolour="[0]" size="9.120">现</text>
                <text font="EUYBLA+KaiTi_GB2312" bbox="412.096,142.234,421.216,151.354" colourspace="ICCBased" ncolour="[0]" size="9.120">有</text>
                <text font="EUYBLA+KaiTi_GB2312" bbox="420.979,142.234,430.099,151.354" colourspace="ICCBased" ncolour="[0]" size="9.120">医</text>
                <text font="EUYBLA+KaiTi_GB2312" bbox="430.099,142.234,439.219,151.354" colourspace="ICCBased" ncolour="[0]" size="9.120">疗</text>
                <text font="EUYBLA+KaiTi_GB2312" bbox="438.982,142.234,448.102,151.354" colourspace="ICCBased" ncolour="[0]" size="9.120">手</text>
                <text font="EUYBLA+KaiTi_GB2312" bbox="448.102,142.234,457.222,151.354" colourspace="ICCBased" ncolour="[0]" size="9.120">段</text>
                <text font="EUYBLA+KaiTi_GB2312" bbox="456.984,142.234,466.104,151.354" colourspace="ICCBased" ncolour="[0]" size="9.120">恢</text>
                <text font="EUYBLA+KaiTi_GB2312" bbox="466.104,142.234,475.224,151.354" colourspace="ICCBased" ncolour="[0]" size="9.120">复</text>
                <text font="EUYBLA+KaiTi_GB2312" bbox="474.987,142.234,484.107,151.354" colourspace="ICCBased" ncolour="[0]" size="9.120">。</text>
                <text font="TimesNewRomanPSMT" bbox="484.107,140.720,486.387,149.840" colourspace="ICCBased" ncolour="[0]" size="9.120"> </text>
                <text>
                </text>
            </textline>
            <textline bbox="51.120,128.074,317.760,137.837">
                <text font="EUYBLA+KaiTi_GB2312" bbox="51.120,133.277,53.400,137.837" colourspace="ICCBased" ncolour="[0]" size="4.560">1</text>
                <text font="EUYBLA+KaiTi_GB2312" bbox="53.760,133.277,56.040,137.837" colourspace="ICCBased" ncolour="[0]" size="4.560">4</text>
                <text font="EUYBLA+KaiTi_GB2312" bbox="56.400,128.074,60.960,137.194" colourspace="ICCBased" ncolour="[0]" size="9.120"> </text>
                <text font="EUYBLA+KaiTi_GB2312" bbox="60.960,128.074,70.080,137.194" colourspace="ICCBased" ncolour="[0]" size="9.120">心</text>
                <text font="EUYBLA+KaiTi_GB2312" bbox="70.080,128.074,79.200,137.194" colourspace="ICCBased" ncolour="[0]" size="9.120">功</text>
                <text font="EUYBLA+KaiTi_GB2312" bbox="79.200,128.074,88.320,137.194" colourspace="ICCBased" ncolour="[0]" size="9.120">能</text>
                <text font="EUYBLA+KaiTi_GB2312" bbox="88.080,128.074,97.200,137.194" colourspace="ICCBased" ncolour="[0]" size="9.120">状</text>
                <text font="EUYBLA+KaiTi_GB2312" bbox="97.200,128.074,106.320,137.194" colourspace="ICCBased" ncolour="[0]" size="9.120">态</text>
                <text font="EUYBLA+KaiTi_GB2312" bbox="106.320,128.074,115.440,137.194" colourspace="ICCBased" ncolour="[0]" size="9.120">分</text>
                <text font="EUYBLA+KaiTi_GB2312" bbox="115.200,128.074,124.320,137.194" colourspace="ICCBased" ncolour="[0]" size="9.120">级</text>
                <text font="EUYBLA+KaiTi_GB2312" bbox="124.320,128.074,133.440,137.194" colourspace="ICCBased" ncolour="[0]" size="9.120">指</text>
                <text font="EUYBLA+KaiTi_GB2312" bbox="133.203,128.074,142.323,137.194" colourspace="ICCBased" ncolour="[0]" size="9.120">美</text>
                <text font="EUYBLA+KaiTi_GB2312" bbox="142.323,128.074,151.443,137.194" colourspace="ICCBased" ncolour="[0]" size="9.120">国</text>
                <text font="EUYBLA+KaiTi_GB2312" bbox="151.206,128.074,160.326,137.194" colourspace="ICCBased" ncolour="[0]" size="9.120">纽</text>
                <text font="EUYBLA+KaiTi_GB2312" bbox="160.326,128.074,169.446,137.194" colourspace="ICCBased" ncolour="[0]" size="9.120">约</text>
                <text font="EUYBLA+KaiTi_GB2312" bbox="169.209,128.074,178.329,137.194" colourspace="ICCBased" ncolour="[0]" size="9.120">心</text>
                <text font="EUYBLA+KaiTi_GB2312" bbox="178.330,128.074,187.450,137.194" colourspace="ICCBased" ncolour="[0]" size="9.120">脏</text>
                <text font="EUYBLA+KaiTi_GB2312" bbox="187.212,128.074,196.332,137.194" colourspace="ICCBased" ncolour="[0]" size="9.120">病</text>
                <text font="EUYBLA+KaiTi_GB2312" bbox="196.332,128.074,205.452,137.194" colourspace="ICCBased" ncolour="[0]" size="9.120">学</text>
                <text font="EUYBLA+KaiTi_GB2312" bbox="205.215,128.074,214.335,137.194" colourspace="ICCBased" ncolour="[0]" size="9.120">会</text>
                <text font="EUYBLA+KaiTi_GB2312" bbox="214.335,128.074,223.455,137.194" colourspace="ICCBased" ncolour="[0]" size="9.120">心</text>
                <text font="EUYBLA+KaiTi_GB2312" bbox="223.218,128.074,232.338,137.194" colourspace="ICCBased" ncolour="[0]" size="9.120">功</text>
                <text font="EUYBLA+KaiTi_GB2312" bbox="232.338,128.074,241.458,137.194" colourspace="ICCBased" ncolour="[0]" size="9.120">能</text>
                <text font="EUYBLA+KaiTi_GB2312" bbox="241.221,128.074,250.341,137.194" colourspace="ICCBased" ncolour="[0]" size="9.120">状</text>
                <text font="EUYBLA+KaiTi_GB2312" bbox="250.341,128.074,259.461,137.194" colourspace="ICCBased" ncolour="[0]" size="9.120">态</text>
                <text font="EUYBLA+KaiTi_GB2312" bbox="259.224,128.074,268.344,137.194" colourspace="ICCBased" ncolour="[0]" size="9.120">的</text>
                <text font="EUYBLA+KaiTi_GB2312" bbox="268.344,128.074,277.464,137.194" colourspace="ICCBased" ncolour="[0]" size="9.120">分</text>
                <text font="EUYBLA+KaiTi_GB2312" bbox="277.227,128.074,286.347,137.194" colourspace="ICCBased" ncolour="[0]" size="9.120">级</text>
                <text font="EUYBLA+KaiTi_GB2312" bbox="286.347,128.074,295.467,137.194" colourspace="ICCBased" ncolour="[0]" size="9.120">标</text>
                <text font="EUYBLA+KaiTi_GB2312" bbox="295.230,128.074,304.350,137.194" colourspace="ICCBased" ncolour="[0]" size="9.120">准</text>
                <text font="EUYBLA+KaiTi_GB2312" bbox="304.350,128.074,313.470,137.194" colourspace="ICCBased" ncolour="[0]" size="9.120">：</text>
                <text font="EUYBLA+KaiTi_GB2312" bbox="313.200,128.074,317.760,137.194" colourspace="ICCBased" ncolour="[0]" size="9.120"> </text>
                <text>
                </text>
            </textline>
        </textbox>
        <textbox id="27" bbox="60.239,114.157,397.962,123.277">
            <textline bbox="60.239,114.157,397.962,123.277">
                <text font="EUYBLA+KaiTi_GB2312" bbox="60.239,114.157,69.359,123.277" colourspace="ICCBased" ncolour="[0]" size="9.120">Ⅰ</text>
                <text font="EUYBLA+KaiTi_GB2312" bbox="69.359,114.157,78.479,123.277" colourspace="ICCBased" ncolour="[0]" size="9.120">级</text>
                <text font="EUYBLA+KaiTi_GB2312" bbox="78.241,114.157,87.361,123.277" colourspace="ICCBased" ncolour="[0]" size="9.120">：</text>
                <text font="EUYBLA+KaiTi_GB2312" bbox="87.361,114.157,96.481,123.277" colourspace="ICCBased" ncolour="[0]" size="9.120">体</text>
                <text font="EUYBLA+KaiTi_GB2312" bbox="96.244,114.157,105.364,123.277" colourspace="ICCBased" ncolour="[0]" size="9.120">力</text>
                <text font="EUYBLA+KaiTi_GB2312" bbox="105.355,114.157,114.475,123.277" colourspace="ICCBased" ncolour="[0]" size="9.120">活</text>
                <text font="EUYBLA+KaiTi_GB2312" bbox="114.238,114.157,123.358,123.277" colourspace="ICCBased" ncolour="[0]" size="9.120">动</text>
                <text font="EUYBLA+KaiTi_GB2312" bbox="123.358,114.157,132.478,123.277" colourspace="ICCBased" ncolour="[0]" size="9.120">不</text>
                <text font="EUYBLA+KaiTi_GB2312" bbox="132.241,114.157,141.361,123.277" colourspace="ICCBased" ncolour="[0]" size="9.120">受</text>
                <text font="EUYBLA+KaiTi_GB2312" bbox="141.361,114.157,150.481,123.277" colourspace="ICCBased" ncolour="[0]" size="9.120">限</text>
                <text font="EUYBLA+KaiTi_GB2312" bbox="150.244,114.157,159.364,123.277" colourspace="ICCBased" ncolour="[0]" size="9.120">制</text>
                <text font="EUYBLA+KaiTi_GB2312" bbox="159.365,114.157,168.485,123.277" colourspace="ICCBased" ncolour="[0]" size="9.120">，</text>
                <text font="EUYBLA+KaiTi_GB2312" bbox="168.248,114.157,177.368,123.277" colourspace="ICCBased" ncolour="[0]" size="9.120">日</text>
                <text font="EUYBLA+KaiTi_GB2312" bbox="177.368,114.157,186.488,123.277" colourspace="ICCBased" ncolour="[0]" size="9.120">常</text>
                <text font="EUYBLA+KaiTi_GB2312" bbox="186.251,114.157,195.371,123.277" colourspace="ICCBased" ncolour="[0]" size="9.120">活</text>
                <text font="EUYBLA+KaiTi_GB2312" bbox="195.371,114.157,204.491,123.277" colourspace="ICCBased" ncolour="[0]" size="9.120">动</text>
                <text font="EUYBLA+KaiTi_GB2312" bbox="204.253,114.157,213.373,123.277" colourspace="ICCBased" ncolour="[0]" size="9.120">不</text>
                <text font="EUYBLA+KaiTi_GB2312" bbox="213.373,114.157,222.493,123.277" colourspace="ICCBased" ncolour="[0]" size="9.120">引</text>
                <text font="EUYBLA+KaiTi_GB2312" bbox="222.256,114.157,231.376,123.277" colourspace="ICCBased" ncolour="[0]" size="9.120">起</text>
                <text font="EUYBLA+KaiTi_GB2312" bbox="231.376,114.157,240.496,123.277" colourspace="ICCBased" ncolour="[0]" size="9.120">乏</text>
                <text font="EUYBLA+KaiTi_GB2312" bbox="240.259,114.157,249.379,123.277" colourspace="ICCBased" ncolour="[0]" size="9.120">力</text>
                <text font="EUYBLA+KaiTi_GB2312" bbox="249.379,114.157,258.499,123.277" colourspace="ICCBased" ncolour="[0]" size="9.120">、</text>
                <text font="EUYBLA+KaiTi_GB2312" bbox="258.262,114.157,267.382,123.277" colourspace="ICCBased" ncolour="[0]" size="9.120">心</text>
                <text font="EUYBLA+KaiTi_GB2312" bbox="267.382,114.157,276.502,123.277" colourspace="ICCBased" ncolour="[0]" size="9.120">悸</text>
                <text font="EUYBLA+KaiTi_GB2312" bbox="276.265,114.157,285.385,123.277" colourspace="ICCBased" ncolour="[0]" size="9.120">、</text>
                <text font="EUYBLA+KaiTi_GB2312" bbox="285.385,114.157,294.505,123.277" colourspace="ICCBased" ncolour="[0]" size="9.120">呼</text>
                <text font="EUYBLA+KaiTi_GB2312" bbox="294.268,114.157,303.388,123.277" colourspace="ICCBased" ncolour="[0]" size="9.120">吸</text>
                <text font="EUYBLA+KaiTi_GB2312" bbox="303.151,114.157,312.271,123.277" colourspace="ICCBased" ncolour="[0]" size="9.120">困</text>
                <text font="EUYBLA+KaiTi_GB2312" bbox="312.271,114.157,321.391,123.277" colourspace="ICCBased" ncolour="[0]" size="9.120">难</text>
                <text font="EUYBLA+KaiTi_GB2312" bbox="321.154,114.157,330.274,123.277" colourspace="ICCBased" ncolour="[0]" size="9.120">或</text>
                <text font="EUYBLA+KaiTi_GB2312" bbox="330.274,114.157,339.394,123.277" colourspace="ICCBased" ncolour="[0]" size="9.120">心</text>
                <text font="EUYBLA+KaiTi_GB2312" bbox="339.156,114.157,348.276,123.277" colourspace="ICCBased" ncolour="[0]" size="9.120">绞</text>
                <text font="EUYBLA+KaiTi_GB2312" bbox="348.276,114.157,357.396,123.277" colourspace="ICCBased" ncolour="[0]" size="9.120">痛</text>
                <text font="EUYBLA+KaiTi_GB2312" bbox="357.159,114.157,366.279,123.277" colourspace="ICCBased" ncolour="[0]" size="9.120">等</text>
                <text font="EUYBLA+KaiTi_GB2312" bbox="366.279,114.157,375.399,123.277" colourspace="ICCBased" ncolour="[0]" size="9.120">症</text>
                <text font="EUYBLA+KaiTi_GB2312" bbox="375.162,114.157,384.282,123.277" colourspace="ICCBased" ncolour="[0]" size="9.120">状</text>
                <text font="EUYBLA+KaiTi_GB2312" bbox="384.282,114.157,393.402,123.277" colourspace="ICCBased" ncolour="[0]" size="9.120">；</text>
                <text font="EUYBLA+KaiTi_GB2312" bbox="393.402,114.157,397.962,123.277" colourspace="ICCBased" ncolour="[0]" size="9.120"> </text>
                <text>
                </text>
            </textline>
        </textbox>
        <textbox id="28" bbox="60.239,100.240,469.965,109.360">
            <textline bbox="60.239,100.240,469.965,109.360">
                <text font="EUYBLA+KaiTi_GB2312" bbox="60.239,100.240,69.359,109.360" colourspace="ICCBased" ncolour="[0]" size="9.120">Ⅱ</text>
                <text font="EUYBLA+KaiTi_GB2312" bbox="69.359,100.240,78.479,109.360" colourspace="ICCBased" ncolour="[0]" size="9.120">级</text>
                <text font="EUYBLA+KaiTi_GB2312" bbox="78.241,100.240,87.361,109.360" colourspace="ICCBased" ncolour="[0]" size="9.120">：</text>
                <text font="EUYBLA+KaiTi_GB2312" bbox="87.361,100.240,96.481,109.360" colourspace="ICCBased" ncolour="[0]" size="9.120">体</text>
                <text font="EUYBLA+KaiTi_GB2312" bbox="96.244,100.240,105.364,109.360" colourspace="ICCBased" ncolour="[0]" size="9.120">力</text>
                <text font="EUYBLA+KaiTi_GB2312" bbox="105.364,100.240,114.484,109.360" colourspace="ICCBased" ncolour="[0]" size="9.120">活</text>
                <text font="EUYBLA+KaiTi_GB2312" bbox="114.247,100.240,123.367,109.360" colourspace="ICCBased" ncolour="[0]" size="9.120">动</text>
                <text font="EUYBLA+KaiTi_GB2312" bbox="123.367,100.240,132.487,109.360" colourspace="ICCBased" ncolour="[0]" size="9.120">轻</text>
                <text font="EUYBLA+KaiTi_GB2312" bbox="132.250,100.240,141.370,109.360" colourspace="ICCBased" ncolour="[0]" size="9.120">度</text>
                <text font="EUYBLA+KaiTi_GB2312" bbox="141.370,100.240,150.490,109.360" colourspace="ICCBased" ncolour="[0]" size="9.120">受</text>
                <text font="EUYBLA+KaiTi_GB2312" bbox="150.253,100.240,159.373,109.360" colourspace="ICCBased" ncolour="[0]" size="9.120">限</text>
                <text font="EUYBLA+KaiTi_GB2312" bbox="159.373,100.240,168.493,109.360" colourspace="ICCBased" ncolour="[0]" size="9.120">，</text>
                <text font="EUYBLA+KaiTi_GB2312" bbox="168.256,100.240,177.376,109.360" colourspace="ICCBased" ncolour="[0]" size="9.120">休</text>
                <text font="EUYBLA+KaiTi_GB2312" bbox="177.358,100.240,186.478,109.360" colourspace="ICCBased" ncolour="[0]" size="9.120">息</text>
                <text font="EUYBLA+KaiTi_GB2312" bbox="186.240,100.240,195.360,109.360" colourspace="ICCBased" ncolour="[0]" size="9.120">时</text>
                <text font="EUYBLA+KaiTi_GB2312" bbox="195.360,100.240,204.480,109.360" colourspace="ICCBased" ncolour="[0]" size="9.120">无</text>
                <text font="EUYBLA+KaiTi_GB2312" bbox="204.243,100.240,213.363,109.360" colourspace="ICCBased" ncolour="[0]" size="9.120">症</text>
                <text font="EUYBLA+KaiTi_GB2312" bbox="213.363,100.240,222.483,109.360" colourspace="ICCBased" ncolour="[0]" size="9.120">状</text>
                <text font="EUYBLA+KaiTi_GB2312" bbox="222.246,100.240,231.366,109.360" colourspace="ICCBased" ncolour="[0]" size="9.120">，</text>
                <text font="EUYBLA+KaiTi_GB2312" bbox="231.367,100.240,240.487,109.360" colourspace="ICCBased" ncolour="[0]" size="9.120">日</text>
                <text font="EUYBLA+KaiTi_GB2312" bbox="240.250,100.240,249.370,109.360" colourspace="ICCBased" ncolour="[0]" size="9.120">常</text>
                <text font="EUYBLA+KaiTi_GB2312" bbox="249.370,100.240,258.490,109.360" colourspace="ICCBased" ncolour="[0]" size="9.120">活</text>
                <text font="EUYBLA+KaiTi_GB2312" bbox="258.253,100.240,267.373,109.360" colourspace="ICCBased" ncolour="[0]" size="9.120">动</text>
                <text font="EUYBLA+KaiTi_GB2312" bbox="267.373,100.240,276.493,109.360" colourspace="ICCBased" ncolour="[0]" size="9.120">即</text>
                <text font="EUYBLA+KaiTi_GB2312" bbox="276.256,100.240,285.376,109.360" colourspace="ICCBased" ncolour="[0]" size="9.120">可</text>
                <text font="EUYBLA+KaiTi_GB2312" bbox="285.376,100.240,294.496,109.360" colourspace="ICCBased" ncolour="[0]" size="9.120">引</text>
                <text font="EUYBLA+KaiTi_GB2312" bbox="294.259,100.240,303.379,109.360" colourspace="ICCBased" ncolour="[0]" size="9.120">起</text>
                <text font="EUYBLA+KaiTi_GB2312" bbox="303.142,100.240,312.262,109.360" colourspace="ICCBased" ncolour="[0]" size="9.120">乏</text>
                <text font="EUYBLA+KaiTi_GB2312" bbox="312.262,100.240,321.382,109.360" colourspace="ICCBased" ncolour="[0]" size="9.120">力</text>
                <text font="EUYBLA+KaiTi_GB2312" bbox="321.144,100.240,330.264,109.360" colourspace="ICCBased" ncolour="[0]" size="9.120">、</text>
                <text font="EUYBLA+KaiTi_GB2312" bbox="330.264,100.240,339.384,109.360" colourspace="ICCBased" ncolour="[0]" size="9.120">心</text>
                <text font="EUYBLA+KaiTi_GB2312" bbox="339.147,100.240,348.267,109.360" colourspace="ICCBased" ncolour="[0]" size="9.120">悸</text>
                <text font="EUYBLA+KaiTi_GB2312" bbox="348.267,100.240,357.387,109.360" colourspace="ICCBased" ncolour="[0]" size="9.120">、</text>
                <text font="EUYBLA+KaiTi_GB2312" bbox="357.150,100.240,366.270,109.360" colourspace="ICCBased" ncolour="[0]" size="9.120">呼</text>
                <text font="EUYBLA+KaiTi_GB2312" bbox="366.270,100.240,375.390,109.360" colourspace="ICCBased" ncolour="[0]" size="9.120">吸</text>
                <text font="EUYBLA+KaiTi_GB2312" bbox="375.153,100.240,384.273,109.360" colourspace="ICCBased" ncolour="[0]" size="9.120">困</text>
                <text font="EUYBLA+KaiTi_GB2312" bbox="384.273,100.240,393.393,109.360" colourspace="ICCBased" ncolour="[0]" size="9.120">难</text>
                <text font="EUYBLA+KaiTi_GB2312" bbox="393.156,100.240,402.276,109.360" colourspace="ICCBased" ncolour="[0]" size="9.120">或</text>
                <text font="EUYBLA+KaiTi_GB2312" bbox="402.276,100.240,411.396,109.360" colourspace="ICCBased" ncolour="[0]" size="9.120">心</text>
                <text font="EUYBLA+KaiTi_GB2312" bbox="411.159,100.240,420.279,109.360" colourspace="ICCBased" ncolour="[0]" size="9.120">绞</text>
                <text font="EUYBLA+KaiTi_GB2312" bbox="420.279,100.240,429.399,109.360" colourspace="ICCBased" ncolour="[0]" size="9.120">痛</text>
                <text font="EUYBLA+KaiTi_GB2312" bbox="429.162,100.240,438.282,109.360" colourspace="ICCBased" ncolour="[0]" size="9.120">等</text>
                <text font="EUYBLA+KaiTi_GB2312" bbox="438.282,100.240,447.402,109.360" colourspace="ICCBased" ncolour="[0]" size="9.120">症</text>
                <text font="EUYBLA+KaiTi_GB2312" bbox="447.165,100.240,456.285,109.360" colourspace="ICCBased" ncolour="[0]" size="9.120">状</text>
                <text font="EUYBLA+KaiTi_GB2312" bbox="456.285,100.240,465.405,109.360" colourspace="ICCBased" ncolour="[0]" size="9.120">；</text>
                <text font="EUYBLA+KaiTi_GB2312" bbox="465.405,100.240,469.965,109.360" colourspace="ICCBased" ncolour="[0]" size="9.120"> </text>
                <text>
                </text>
            </textline>
        </textbox>
        <textbox id="29" bbox="60.239,70.645,379.968,95.196">
            <textline bbox="60.239,86.076,379.968,95.196">
                <text font="EUYBLA+KaiTi_GB2312" bbox="60.239,86.076,69.359,95.196" colourspace="ICCBased" ncolour="[0]" size="9.120">Ⅲ</text>
                <text font="EUYBLA+KaiTi_GB2312" bbox="69.359,86.076,78.479,95.196" colourspace="ICCBased" ncolour="[0]" size="9.120">级</text>
                <text font="EUYBLA+KaiTi_GB2312" bbox="78.241,86.076,87.361,95.196" colourspace="ICCBased" ncolour="[0]" size="9.120">：</text>
                <text font="EUYBLA+KaiTi_GB2312" bbox="87.361,86.076,96.481,95.196" colourspace="ICCBased" ncolour="[0]" size="9.120">体</text>
                <text font="EUYBLA+KaiTi_GB2312" bbox="96.244,86.076,105.364,95.196" colourspace="ICCBased" ncolour="[0]" size="9.120">力</text>
                <text font="EUYBLA+KaiTi_GB2312" bbox="105.364,86.076,114.484,95.196" colourspace="ICCBased" ncolour="[0]" size="9.120">活</text>
                <text font="EUYBLA+KaiTi_GB2312" bbox="114.247,86.076,123.367,95.196" colourspace="ICCBased" ncolour="[0]" size="9.120">动</text>
                <text font="EUYBLA+KaiTi_GB2312" bbox="123.367,86.076,132.487,95.196" colourspace="ICCBased" ncolour="[0]" size="9.120">明</text>
                <text font="EUYBLA+KaiTi_GB2312" bbox="132.250,86.076,141.370,95.196" colourspace="ICCBased" ncolour="[0]" size="9.120">显</text>
                <text font="EUYBLA+KaiTi_GB2312" bbox="141.370,86.076,150.490,95.196" colourspace="ICCBased" ncolour="[0]" size="9.120">受</text>
                <text font="EUYBLA+KaiTi_GB2312" bbox="150.253,86.076,159.373,95.196" colourspace="ICCBased" ncolour="[0]" size="9.120">限</text>
                <text font="EUYBLA+KaiTi_GB2312" bbox="159.373,86.076,168.493,95.196" colourspace="ICCBased" ncolour="[0]" size="9.120">，</text>
                <text font="EUYBLA+KaiTi_GB2312" bbox="168.256,86.076,177.376,95.196" colourspace="ICCBased" ncolour="[0]" size="9.120">休</text>
                <text font="EUYBLA+KaiTi_GB2312" bbox="177.376,86.076,186.496,95.196" colourspace="ICCBased" ncolour="[0]" size="9.120">息</text>
                <text font="EUYBLA+KaiTi_GB2312" bbox="186.259,86.076,195.379,95.196" colourspace="ICCBased" ncolour="[0]" size="9.120">时</text>
                <text font="EUYBLA+KaiTi_GB2312" bbox="195.379,86.076,204.499,95.196" colourspace="ICCBased" ncolour="[0]" size="9.120">无</text>
                <text font="EUYBLA+KaiTi_GB2312" bbox="204.262,86.076,213.382,95.196" colourspace="ICCBased" ncolour="[0]" size="9.120">症</text>
                <text font="EUYBLA+KaiTi_GB2312" bbox="213.382,86.076,222.502,95.196" colourspace="ICCBased" ncolour="[0]" size="9.120">状</text>
                <text font="EUYBLA+KaiTi_GB2312" bbox="222.264,86.076,231.384,95.196" colourspace="ICCBased" ncolour="[0]" size="9.120">，</text>
                <text font="EUYBLA+KaiTi_GB2312" bbox="231.384,86.076,240.504,95.196" colourspace="ICCBased" ncolour="[0]" size="9.120">轻</text>
                <text font="EUYBLA+KaiTi_GB2312" bbox="240.267,86.076,249.387,95.196" colourspace="ICCBased" ncolour="[0]" size="9.120">于</text>
                <text font="EUYBLA+KaiTi_GB2312" bbox="249.387,86.076,258.507,95.196" colourspace="ICCBased" ncolour="[0]" size="9.120">日</text>
                <text font="EUYBLA+KaiTi_GB2312" bbox="258.270,86.076,267.390,95.196" colourspace="ICCBased" ncolour="[0]" size="9.120">常</text>
                <text font="EUYBLA+KaiTi_GB2312" bbox="267.390,86.076,276.510,95.196" colourspace="ICCBased" ncolour="[0]" size="9.120">的</text>
                <text font="EUYBLA+KaiTi_GB2312" bbox="276.273,86.076,285.393,95.196" colourspace="ICCBased" ncolour="[0]" size="9.120">活</text>
                <text font="EUYBLA+KaiTi_GB2312" bbox="285.393,86.076,294.513,95.196" colourspace="ICCBased" ncolour="[0]" size="9.120">动</text>
                <text font="EUYBLA+KaiTi_GB2312" bbox="294.276,86.076,303.396,95.196" colourspace="ICCBased" ncolour="[0]" size="9.120">即</text>
                <text font="EUYBLA+KaiTi_GB2312" bbox="303.159,86.076,312.279,95.196" colourspace="ICCBased" ncolour="[0]" size="9.120">可</text>
                <text font="EUYBLA+KaiTi_GB2312" bbox="312.279,86.076,321.399,95.196" colourspace="ICCBased" ncolour="[0]" size="9.120">引</text>
                <text font="EUYBLA+KaiTi_GB2312" bbox="321.162,86.076,330.282,95.196" colourspace="ICCBased" ncolour="[0]" size="9.120">起</text>
                <text font="EUYBLA+KaiTi_GB2312" bbox="330.282,86.076,339.402,95.196" colourspace="ICCBased" ncolour="[0]" size="9.120">上</text>
                <text font="EUYBLA+KaiTi_GB2312" bbox="339.165,86.076,348.285,95.196" colourspace="ICCBased" ncolour="[0]" size="9.120">述</text>
                <text font="EUYBLA+KaiTi_GB2312" bbox="348.285,86.076,357.405,95.196" colourspace="ICCBased" ncolour="[0]" size="9.120">症</text>
                <text font="EUYBLA+KaiTi_GB2312" bbox="357.168,86.076,366.288,95.196" colourspace="ICCBased" ncolour="[0]" size="9.120">状</text>
                <text font="EUYBLA+KaiTi_GB2312" bbox="366.288,86.076,375.408,95.196" colourspace="ICCBased" ncolour="[0]" size="9.120">；</text>
                <text font="EUYBLA+KaiTi_GB2312" bbox="375.408,86.076,379.968,95.196" colourspace="ICCBased" ncolour="[0]" size="9.120"> </text>
                <text>
                </text>
            </textline>
            <textline bbox="60.239,70.645,332.562,81.279">
                <text font="EUYBLA+KaiTi_GB2312" bbox="60.239,72.159,69.359,81.279" colourspace="ICCBased" ncolour="[0]" size="9.120">Ⅳ</text>
                <text font="EUYBLA+KaiTi_GB2312" bbox="69.359,72.159,78.479,81.279" colourspace="ICCBased" ncolour="[0]" size="9.120">级</text>
                <text font="EUYBLA+KaiTi_GB2312" bbox="78.241,72.159,87.361,81.279" colourspace="ICCBased" ncolour="[0]" size="9.120">：</text>
                <text font="EUYBLA+KaiTi_GB2312" bbox="87.361,72.159,96.481,81.279" colourspace="ICCBased" ncolour="[0]" size="9.120">不</text>
                <text font="EUYBLA+KaiTi_GB2312" bbox="96.244,72.159,105.364,81.279" colourspace="ICCBased" ncolour="[0]" size="9.120">能</text>
                <text font="EUYBLA+KaiTi_GB2312" bbox="105.364,72.159,114.484,81.279" colourspace="ICCBased" ncolour="[0]" size="9.120">从</text>
                <text font="EUYBLA+KaiTi_GB2312" bbox="114.247,72.159,123.367,81.279" colourspace="ICCBased" ncolour="[0]" size="9.120">事</text>
                <text font="EUYBLA+KaiTi_GB2312" bbox="123.367,72.159,132.487,81.279" colourspace="ICCBased" ncolour="[0]" size="9.120">任</text>
                <text font="EUYBLA+KaiTi_GB2312" bbox="132.250,72.159,141.370,81.279" colourspace="ICCBased" ncolour="[0]" size="9.120">何</text>
                <text font="EUYBLA+KaiTi_GB2312" bbox="141.370,72.159,150.490,81.279" colourspace="ICCBased" ncolour="[0]" size="9.120">体</text>
                <text font="EUYBLA+KaiTi_GB2312" bbox="150.253,72.159,159.373,81.279" colourspace="ICCBased" ncolour="[0]" size="9.120">力</text>
                <text font="EUYBLA+KaiTi_GB2312" bbox="159.373,72.159,168.493,81.279" colourspace="ICCBased" ncolour="[0]" size="9.120">活</text>
                <text font="EUYBLA+KaiTi_GB2312" bbox="168.256,72.159,177.376,81.279" colourspace="ICCBased" ncolour="[0]" size="9.120">动</text>
                <text font="EUYBLA+KaiTi_GB2312" bbox="177.376,72.159,186.496,81.279" colourspace="ICCBased" ncolour="[0]" size="9.120">，</text>
                <text font="EUYBLA+KaiTi_GB2312" bbox="186.259,72.159,195.379,81.279" colourspace="ICCBased" ncolour="[0]" size="9.120">休</text>
                <text font="EUYBLA+KaiTi_GB2312" bbox="195.379,72.159,204.499,81.279" colourspace="ICCBased" ncolour="[0]" size="9.120">息</text>
                <text font="EUYBLA+KaiTi_GB2312" bbox="204.262,72.159,213.382,81.279" colourspace="ICCBased" ncolour="[0]" size="9.120">时</text>
                <text font="EUYBLA+KaiTi_GB2312" bbox="213.382,72.159,222.502,81.279" colourspace="ICCBased" ncolour="[0]" size="9.120">亦</text>
                <text font="EUYBLA+KaiTi_GB2312" bbox="222.264,72.159,231.384,81.279" colourspace="ICCBased" ncolour="[0]" size="9.120">有</text>
                <text font="EUYBLA+KaiTi_GB2312" bbox="231.384,72.159,240.504,81.279" colourspace="ICCBased" ncolour="[0]" size="9.120">症</text>
                <text font="EUYBLA+KaiTi_GB2312" bbox="240.267,72.159,249.387,81.279" colourspace="ICCBased" ncolour="[0]" size="9.120">状</text>
                <text font="EUYBLA+KaiTi_GB2312" bbox="249.387,72.159,258.507,81.279" colourspace="ICCBased" ncolour="[0]" size="9.120">，</text>
                <text font="EUYBLA+KaiTi_GB2312" bbox="258.270,72.159,267.390,81.279" colourspace="ICCBased" ncolour="[0]" size="9.120">体</text>
                <text font="EUYBLA+KaiTi_GB2312" bbox="267.390,72.159,276.510,81.279" colourspace="ICCBased" ncolour="[0]" size="9.120">力</text>
                <text font="EUYBLA+KaiTi_GB2312" bbox="276.273,72.159,285.393,81.279" colourspace="ICCBased" ncolour="[0]" size="9.120">活</text>
                <text font="EUYBLA+KaiTi_GB2312" bbox="285.393,72.159,294.513,81.279" colourspace="ICCBased" ncolour="[0]" size="9.120">动</text>
                <text font="EUYBLA+KaiTi_GB2312" bbox="294.276,72.159,303.396,81.279" colourspace="ICCBased" ncolour="[0]" size="9.120">后</text>
                <text font="EUYBLA+KaiTi_GB2312" bbox="303.159,72.159,312.279,81.279" colourspace="ICCBased" ncolour="[0]" size="9.120">加</text>
                <text font="EUYBLA+KaiTi_GB2312" bbox="312.279,72.159,321.399,81.279" colourspace="ICCBased" ncolour="[0]" size="9.120">重</text>
                <text font="EUYBLA+KaiTi_GB2312" bbox="321.162,72.159,330.282,81.279" colourspace="ICCBased" ncolour="[0]" size="9.120">。</text>
                <text font="TimesNewRomanPSMT" bbox="330.282,70.645,332.562,79.765" colourspace="ICCBased" ncolour="[0]" size="9.120"> </text>
                <text>
                </text>
            </textline>
        </textbox>
        <textbox id="30" bbox="51.120,58.234,542.656,67.997">
            <textline bbox="51.120,58.234,542.656,67.997">
                <text font="EUYBLA+KaiTi_GB2312" bbox="51.120,63.437,53.400,67.997" colourspace="ICCBased" ncolour="[0]" size="4.560">1</text>
                <text font="EUYBLA+KaiTi_GB2312" bbox="53.760,63.437,56.040,67.997" colourspace="ICCBased" ncolour="[0]" size="4.560">5</text>
                <text font="EUYBLA+KaiTi_GB2312" bbox="56.400,58.234,60.960,67.354" colourspace="ICCBased" ncolour="[0]" size="9.120"> </text>
                <text font="EUYBLA+KaiTi_GB2312" bbox="60.960,58.234,70.080,67.354" colourspace="ICCBased" ncolour="[0]" size="9.120">专</text>
                <text font="EUYBLA+KaiTi_GB2312" bbox="70.080,58.234,79.200,67.354" colourspace="ICCBased" ncolour="[0]" size="9.120">科</text>
                <text font="EUYBLA+KaiTi_GB2312" bbox="79.200,58.234,88.320,67.354" colourspace="ICCBased" ncolour="[0]" size="9.120">医</text>
                <text font="EUYBLA+KaiTi_GB2312" bbox="88.080,58.234,97.200,67.354" colourspace="ICCBased" ncolour="[0]" size="9.120">生</text>
                <text font="EUYBLA+KaiTi_GB2312" bbox="97.200,58.234,106.320,67.354" colourspace="ICCBased" ncolour="[0]" size="9.120">：</text>
                <text font="EUYBLA+KaiTi_GB2312" bbox="106.320,58.234,115.440,67.354" colourspace="ICCBased" ncolour="[0]" size="9.120">专</text>
                <text font="EUYBLA+KaiTi_GB2312" bbox="115.203,58.234,124.323,67.354" colourspace="ICCBased" ncolour="[0]" size="9.120">科</text>
                <text font="EUYBLA+KaiTi_GB2312" bbox="124.323,58.234,133.443,67.354" colourspace="ICCBased" ncolour="[0]" size="9.120">医</text>
                <text font="EUYBLA+KaiTi_GB2312" bbox="133.206,58.234,142.326,67.354" colourspace="ICCBased" ncolour="[0]" size="9.120">生</text>
                <text font="EUYBLA+KaiTi_GB2312" bbox="142.089,58.234,151.209,67.354" colourspace="ICCBased" ncolour="[0]" size="9.120">应</text>
                <text font="EUYBLA+KaiTi_GB2312" bbox="151.210,58.234,160.330,67.354" colourspace="ICCBased" ncolour="[0]" size="9.120">当</text>
                <text font="EUYBLA+KaiTi_GB2312" bbox="160.092,58.234,169.212,67.354" colourspace="ICCBased" ncolour="[0]" size="9.120">同</text>
                <text font="EUYBLA+KaiTi_GB2312" bbox="169.212,58.234,178.332,67.354" colourspace="ICCBased" ncolour="[0]" size="9.120">时</text>
                <text font="EUYBLA+KaiTi_GB2312" bbox="178.095,58.234,187.215,67.354" colourspace="ICCBased" ncolour="[0]" size="9.120">满</text>
                <text font="EUYBLA+KaiTi_GB2312" bbox="187.215,58.234,196.335,67.354" colourspace="ICCBased" ncolour="[0]" size="9.120">足</text>
                <text font="EUYBLA+KaiTi_GB2312" bbox="196.098,58.234,205.218,67.354" colourspace="ICCBased" ncolour="[0]" size="9.120">以</text>
                <text font="EUYBLA+KaiTi_GB2312" bbox="205.218,58.234,214.338,67.354" colourspace="ICCBased" ncolour="[0]" size="9.120">下</text>
                <text font="EUYBLA+KaiTi_GB2312" bbox="214.101,58.234,223.221,67.354" colourspace="ICCBased" ncolour="[0]" size="9.120">四</text>
                <text font="EUYBLA+KaiTi_GB2312" bbox="223.221,58.234,232.341,67.354" colourspace="ICCBased" ncolour="[0]" size="9.120">项</text>
                <text font="EUYBLA+KaiTi_GB2312" bbox="232.104,58.234,241.224,67.354" colourspace="ICCBased" ncolour="[0]" size="9.120">资</text>
                <text font="EUYBLA+KaiTi_GB2312" bbox="241.224,58.234,250.344,67.354" colourspace="ICCBased" ncolour="[0]" size="9.120">格</text>
                <text font="EUYBLA+KaiTi_GB2312" bbox="250.107,58.234,259.227,67.354" colourspace="ICCBased" ncolour="[0]" size="9.120">条</text>
                <text font="EUYBLA+KaiTi_GB2312" bbox="259.227,58.234,268.347,67.354" colourspace="ICCBased" ncolour="[0]" size="9.120">件</text>
                <text font="EUYBLA+KaiTi_GB2312" bbox="268.347,58.234,277.467,67.354" colourspace="ICCBased" ncolour="[0]" size="9.120">：</text>
                <text font="EUYBLA+KaiTi_GB2312" bbox="272.667,58.234,281.787,67.354" colourspace="ICCBased" ncolour="[0]" size="9.120">（</text>
                <text font="EUYBLA+KaiTi_GB2312" bbox="281.760,58.234,286.320,67.354" colourspace="ICCBased" ncolour="[0]" size="9.120">1</text>
                <text font="EUYBLA+KaiTi_GB2312" bbox="286.083,58.234,295.203,67.354" colourspace="ICCBased" ncolour="[0]" size="9.120">）</text>
                <text font="EUYBLA+KaiTi_GB2312" bbox="294.966,58.234,304.086,67.354" colourspace="ICCBased" ncolour="[0]" size="9.120">具</text>
                <text font="EUYBLA+KaiTi_GB2312" bbox="304.086,58.234,313.206,67.354" colourspace="ICCBased" ncolour="[0]" size="9.120">有</text>
                <text font="EUYBLA+KaiTi_GB2312" bbox="312.969,58.234,322.089,67.354" colourspace="ICCBased" ncolour="[0]" size="9.120">有</text>
                <text font="EUYBLA+KaiTi_GB2312" bbox="322.089,58.234,331.209,67.354" colourspace="ICCBased" ncolour="[0]" size="9.120">效</text>
                <text font="EUYBLA+KaiTi_GB2312" bbox="330.972,58.234,340.092,67.354" colourspace="ICCBased" ncolour="[0]" size="9.120">的</text>
                <text font="EUYBLA+KaiTi_GB2312" bbox="340.092,58.234,349.212,67.354" colourspace="ICCBased" ncolour="[0]" size="9.120">中</text>
                <text font="EUYBLA+KaiTi_GB2312" bbox="348.975,58.234,358.095,67.354" colourspace="ICCBased" ncolour="[0]" size="9.120">华</text>
                <text font="EUYBLA+KaiTi_GB2312" bbox="358.095,58.234,367.215,67.354" colourspace="ICCBased" ncolour="[0]" size="9.120">人</text>
                <text font="EUYBLA+KaiTi_GB2312" bbox="366.978,58.234,376.098,67.354" colourspace="ICCBased" ncolour="[0]" size="9.120">民</text>
                <text font="EUYBLA+KaiTi_GB2312" bbox="376.098,58.234,385.218,67.354" colourspace="ICCBased" ncolour="[0]" size="9.120">共</text>
                <text font="EUYBLA+KaiTi_GB2312" bbox="384.981,58.234,394.101,67.354" colourspace="ICCBased" ncolour="[0]" size="9.120">和</text>
                <text font="EUYBLA+KaiTi_GB2312" bbox="394.101,58.234,403.221,67.354" colourspace="ICCBased" ncolour="[0]" size="9.120">国</text>
                <text font="EUYBLA+KaiTi_GB2312" bbox="402.984,58.234,412.104,67.354" colourspace="ICCBased" ncolour="[0]" size="9.120">《</text>
                <text font="EUYBLA+KaiTi_GB2312" bbox="412.104,58.234,421.224,67.354" colourspace="ICCBased" ncolour="[0]" size="9.120">医</text>
                <text font="EUYBLA+KaiTi_GB2312" bbox="420.987,58.234,430.107,67.354" colourspace="ICCBased" ncolour="[0]" size="9.120">师</text>
                <text font="EUYBLA+KaiTi_GB2312" bbox="430.107,58.234,439.227,67.354" colourspace="ICCBased" ncolour="[0]" size="9.120">资</text>
                <text font="EUYBLA+KaiTi_GB2312" bbox="438.990,58.234,448.110,67.354" colourspace="ICCBased" ncolour="[0]" size="9.120">格</text>
                <text font="EUYBLA+KaiTi_GB2312" bbox="448.110,58.234,457.230,67.354" colourspace="ICCBased" ncolour="[0]" size="9.120">证</text>
                <text font="EUYBLA+KaiTi_GB2312" bbox="456.993,58.234,466.113,67.354" colourspace="ICCBased" ncolour="[0]" size="9.120">书</text>
                <text font="EUYBLA+KaiTi_GB2312" bbox="466.113,58.234,475.233,67.354" colourspace="ICCBased" ncolour="[0]" size="9.120">》</text>
                <text font="EUYBLA+KaiTi_GB2312" bbox="470.673,58.234,479.793,67.354" colourspace="ICCBased" ncolour="[0]" size="9.120">；</text>
                <text font="EUYBLA+KaiTi_GB2312" bbox="474.967,58.234,484.087,67.354" colourspace="ICCBased" ncolour="[0]" size="9.120">（</text>
                <text font="EUYBLA+KaiTi_GB2312" bbox="484.087,58.234,488.647,67.354" colourspace="ICCBased" ncolour="[0]" size="9.120">2</text>
                <text font="EUYBLA+KaiTi_GB2312" bbox="488.647,58.234,497.767,67.354" colourspace="ICCBased" ncolour="[0]" size="9.120">）</text>
                <text font="EUYBLA+KaiTi_GB2312" bbox="497.530,58.234,506.650,67.354" colourspace="ICCBased" ncolour="[0]" size="9.120">具</text>
                <text font="EUYBLA+KaiTi_GB2312" bbox="506.650,58.234,515.770,67.354" colourspace="ICCBased" ncolour="[0]" size="9.120">有</text>
                <text font="EUYBLA+KaiTi_GB2312" bbox="515.533,58.234,524.653,67.354" colourspace="ICCBased" ncolour="[0]" size="9.120">有</text>
                <text font="EUYBLA+KaiTi_GB2312" bbox="524.653,58.234,533.773,67.354" colourspace="ICCBased" ncolour="[0]" size="9.120">效</text>
                <text font="EUYBLA+KaiTi_GB2312" bbox="533.536,58.234,542.656,67.354" colourspace="ICCBased" ncolour="[0]" size="9.120">的</text>
                <text>
                </text>
            </textline>
        </textbox>
        <rect linewidth="0" bbox="45.600,784.320,92.160,785.279" />
        <rect linewidth="0" bbox="92.160,784.320,93.120,785.279" />
        <rect linewidth="0" bbox="93.120,784.320,205.200,785.279" />
        <rect linewidth="0" bbox="205.200,784.320,206.160,785.279" />
        <rect linewidth="0" bbox="206.160,784.320,552.480,785.279" />
        <rect linewidth="0" bbox="394.320,678.480,520.080,692.400" />
        <rect linewidth="0" bbox="210.480,662.880,278.640,676.800" />
        <rect linewidth="0" bbox="210.480,647.280,499.200,661.200" />
        <rect linewidth="0" bbox="210.480,631.680,478.080,645.600" />
        <rect linewidth="0" bbox="210.480,616.080,268.320,630.000" />
        <rect linewidth="0" bbox="210.480,600.480,440.640,614.400" />
        <rect linewidth="0" bbox="210.480,584.880,457.200,598.800" />
        <rect linewidth="0" bbox="51.120,159.600,195.120,160.081" />
        <layout>
            <textgroup bbox="51.120,58.234,547.200,781.829">
                <textgroup bbox="51.120,171.393,547.200,781.829">
                    <textgroup bbox="51.120,726.048,321.120,781.829">
                        <textgroup bbox="51.120,726.048,150.720,781.829">
                            <textgroup bbox="51.120,740.208,142.608,781.829">
                                <textgroup bbox="51.120,741.029,56.400,781.829">
                                    <textbox id="0" bbox="51.120,758.069,56.400,781.829" />
                                    <textbox id="1" bbox="51.120,741.029,56.400,751.589" />
                                </textgroup>
                                <textbox id="2" bbox="97.440,740.208,142.608,781.829" />
                            </textgroup>
                            <textbox id="3" bbox="66.240,726.048,150.720,738.048" />
                        </textgroup>
                        <textbox id="4" bbox="210.480,758.069,321.120,781.829" />
                    </textgroup>
                    <textgroup bbox="66.240,171.393,547.200,751.589">
                        <textgroup bbox="210.472,171.393,547.200,751.589">
                            <textgroup bbox="210.472,370.235,547.200,751.589">
                                <textgroup bbox="210.472,385.832,547.200,751.589">
                                    <textgroup bbox="210.480,417.029,547.200,751.589">
                                        <textgroup bbox="210.480,510.629,547.200,751.589">
                                            <textbox id="5" bbox="210.480,540.872,547.200,751.589" />
                                            <textbox id="6" bbox="210.480,510.629,342.240,535.349" />
                                        </textgroup>
                                        <textbox id="7" bbox="210.480,417.029,547.200,504.149" />
                                    </textgroup>
                                    <textbox id="8" bbox="210.472,385.832,547.195,396.392" />
                                </textgroup>
                                <textgroup bbox="236.640,370.235,289.197,411.989">
                                    <textbox id="9" bbox="236.640,401.429,289.197,411.989" />
                                    <textbox id="10" bbox="236.640,370.235,268.077,380.795" />
                                </textgroup>
                            </textgroup>
                            <textbox id="11" bbox="210.480,171.393,547.200,365.189" />
                        </textgroup>
                        <textgroup bbox="66.240,217.248,199.680,581.429">
                            <textgroup bbox="66.240,478.608,199.680,581.429">
                                <textgroup bbox="66.240,555.648,199.680,581.429">
                                    <textbox id="12" bbox="97.440,570.868,100.017,581.428" />
                                    <textbox id="13" bbox="66.240,555.648,199.680,581.429" />
                                </textgroup>
                                <textgroup bbox="66.240,478.608,184.017,551.808">
                                    <textgroup bbox="68.880,510.629,184.017,551.808">
                                        <textbox id="14" bbox="97.440,510.629,184.017,551.808" />
                                        <textbox id="15" bbox="68.880,510.629,74.160,535.349" />
                                    </textgroup>
                                    <textgroup bbox="66.240,478.608,172.017,504.149">
                                        <textbox id="16" bbox="97.440,493.589,102.720,504.149" />
                                        <textbox id="17" bbox="66.240,478.608,172.017,504.149" />
                                    </textgroup>
                                </textgroup>
                            </textgroup>
                            <textgroup bbox="66.240,217.248,199.680,365.808">
                                <textgroup bbox="66.240,278.688,199.680,365.808">
                                    <textgroup bbox="66.240,323.808,199.680,365.808">
                                        <textgroup bbox="66.240,339.648,199.680,365.808">
                                            <textbox id="18" bbox="97.440,353.808,100.368,365.808" />
                                            <textbox id="19" bbox="66.240,339.648,199.680,365.189" />
                                        </textgroup>
                                        <textbox id="20" bbox="97.440,323.808,124.368,335.808" />
                                    </textgroup>
                                    <textgroup bbox="66.240,278.688,172.368,304.848">
                                        <textbox id="21" bbox="97.440,292.848,100.368,304.848" />
                                        <textbox id="22" bbox="66.240,278.688,172.368,304.229" />
                                    </textgroup>
                                </textgroup>
                                <textgroup bbox="66.240,217.248,199.680,259.488">
                                    <textgroup bbox="66.240,233.088,199.680,259.488">
                                        <textbox id="23" bbox="97.440,247.488,100.368,259.488" />
                                        <textbox id="24" bbox="66.240,233.088,199.680,258.869" />
                                    </textgroup>
                                    <textbox id="25" bbox="97.440,217.248,112.368,229.248" />
                                </textgroup>
                            </textgroup>
                        </textgroup>
                    </textgroup>
                </textgroup>
                <textgroup bbox="51.120,58.234,542.656,164.758">
                    <textgroup bbox="51.120,70.645,486.387,164.758">
                        <textgroup bbox="51.120,100.240,486.387,164.758">
                            <textbox id="26" bbox="51.120,128.074,486.387,164.758" />
                            <textgroup bbox="60.239,100.240,469.965,123.277">
                                <textbox id="27" bbox="60.239,114.157,397.962,123.277" />
                                <textbox id="28" bbox="60.239,100.240,469.965,109.360" />
                            </textgroup>
                        </textgroup>
                        <textbox id="29" bbox="60.239,70.645,379.968,95.196" />
                    </textgroup>
                    <textbox id="30" bbox="51.120,58.234,542.656,67.997" />
                </textgroup>
            </textgroup>
        </layout>
    </page>
    <page id="8" bbox="0.000,0.000,595.200,841.920" rotate="0">
        <textbox id="0" bbox="97.440,756.628,100.017,767.188">
            <textline bbox="97.440,756.628,100.017,767.188">
                <text font="ERELLA+STXinwei" bbox="97.440,756.628,100.017,767.188" colourspace="ICCBased" ncolour="[0]" size="10.560"> </text>
                <text>
                </text>
            </textline>
        </textbox>
        <textbox id="1" bbox="66.240,738.768,172.017,767.189">
            <textline bbox="68.880,756.629,74.160,767.189">
                <text font="JTTPDQ+SimSun" bbox="68.880,756.629,74.160,767.189" colourspace="ICCBased" ncolour="[0]" size="10.560"> </text>
                <text>
                </text>
            </textline>
            <textline bbox="66.240,738.768,172.017,750.768">
                <text font="JTTPDQ+SimSun" bbox="66.240,739.589,71.520,750.149" colourspace="ICCBased" ncolour="[0]" size="10.560">7</text>
                <text font="JTTPDQ+SimSun" bbox="71.520,739.589,76.800,750.149" colourspace="ICCBased" ncolour="[0]" size="10.560"> </text>
                <text> </text>
                <text font="ERELLA+STXinwei" bbox="97.440,738.768,109.440,750.768" colourspace="ICCBased" ncolour="[0]" size="12.000">脑</text>
                <text font="ERELLA+STXinwei" bbox="109.440,738.768,121.440,750.768" colourspace="ICCBased" ncolour="[0]" size="12.000">中</text>
                <text font="ERELLA+STXinwei" bbox="121.440,738.768,133.440,750.768" colourspace="ICCBased" ncolour="[0]" size="12.000">风</text>
                <text font="ERELLA+STXinwei" bbox="133.440,738.768,145.440,750.768" colourspace="ICCBased" ncolour="[0]" size="12.000">后</text>
                <text font="ERELLA+STXinwei" bbox="145.440,738.768,157.440,750.768" colourspace="ICCBased" ncolour="[0]" size="12.000">遗</text>
                <text font="ERELLA+STXinwei" bbox="157.440,738.768,169.440,750.768" colourspace="ICCBased" ncolour="[0]" size="12.000">症</text>
                <text font="ERELLA+STXinwei" bbox="169.440,739.108,172.017,749.668" colourspace="ICCBased" ncolour="[0]" size="10.560"> </text>
                <text>
                </text>
            </textline>
        </textbox>
        <textbox id="2" bbox="97.440,629.568,100.368,641.568">
            <textline bbox="97.440,629.568,100.368,641.568">
                <text font="ERELLA+STXinwei" bbox="97.440,629.568,100.368,641.568" colourspace="ICCBased" ncolour="[0]" size="12.000"> </text>
                <text>
                </text>
            </textline>
        </textbox>
        <textbox id="3" bbox="66.240,584.928,199.680,640.949">
            <textline bbox="68.880,630.389,74.160,640.949">
                <text font="JTTPDQ+SimSun" bbox="68.880,630.389,74.160,640.949" colourspace="ICCBased" ncolour="[0]" size="10.560"> </text>
                <text>
                </text>
            </textline>
            <textline bbox="66.240,616.848,199.680,628.848">
                <text font="JTTPDQ+SimSun" bbox="66.240,617.669,71.520,628.229" colourspace="ICCBased" ncolour="[0]" size="10.560">8</text>
                <text font="JTTPDQ+SimSun" bbox="71.520,617.669,76.800,628.229" colourspace="ICCBased" ncolour="[0]" size="10.560"> </text>
                <text> </text>
                <text font="ERELLA+STXinwei" bbox="97.440,616.848,109.440,628.848" colourspace="ICCBased" ncolour="[0]" size="12.000">冠</text>
                <text> </text>
                <text font="ERELLA+STXinwei" bbox="112.560,616.848,124.560,628.848" colourspace="ICCBased" ncolour="[0]" size="12.000">状</text>
                <text> </text>
                <text font="ERELLA+STXinwei" bbox="127.680,616.848,139.680,628.848" colourspace="ICCBased" ncolour="[0]" size="12.000">动</text>
                <text> </text>
                <text font="ERELLA+STXinwei" bbox="142.560,616.848,154.560,628.848" colourspace="ICCBased" ncolour="[0]" size="12.000">脉</text>
                <text> </text>
                <text font="ERELLA+STXinwei" bbox="157.680,616.848,169.680,628.848" colourspace="ICCBased" ncolour="[0]" size="12.000">搭</text>
                <text> </text>
                <text font="ERELLA+STXinwei" bbox="172.560,616.848,184.560,628.848" colourspace="ICCBased" ncolour="[0]" size="12.000">桥</text>
                <text> </text>
                <text font="ERELLA+STXinwei" bbox="187.680,616.848,199.680,628.848" colourspace="ICCBased" ncolour="[0]" size="12.000">术</text>
                <text>
                </text>
            </textline>
            <textline bbox="97.440,601.008,199.680,613.008">
                <text font="ERELLA+STXinwei" bbox="97.440,601.008,109.440,613.008" colourspace="ICCBased" ncolour="[0]" size="12.000">（</text>
                <text font="ERELLA+STXinwei" bbox="110.400,601.008,122.400,613.008" colourspace="ICCBased" ncolour="[0]" size="12.000">或</text>
                <text font="ERELLA+STXinwei" bbox="123.360,601.008,135.360,613.008" colourspace="ICCBased" ncolour="[0]" size="12.000">称</text>
                <text font="ERELLA+STXinwei" bbox="136.080,601.008,148.080,613.008" colourspace="ICCBased" ncolour="[0]" size="12.000">冠</text>
                <text font="ERELLA+STXinwei" bbox="149.040,601.008,161.040,613.008" colourspace="ICCBased" ncolour="[0]" size="12.000">状</text>
                <text font="ERELLA+STXinwei" bbox="162.000,601.008,174.000,613.008" colourspace="ICCBased" ncolour="[0]" size="12.000">动</text>
                <text font="ERELLA+STXinwei" bbox="174.720,601.008,186.720,613.008" colourspace="ICCBased" ncolour="[0]" size="12.000">脉</text>
                <text font="ERELLA+STXinwei" bbox="187.680,601.008,199.680,613.008" colourspace="ICCBased" ncolour="[0]" size="12.000">旁</text>
                <text>
                </text>
            </textline>
            <textline bbox="97.440,584.928,160.368,596.928">
                <text font="ERELLA+STXinwei" bbox="97.440,584.928,109.440,596.928" colourspace="ICCBased" ncolour="[0]" size="12.000">路</text>
                <text font="ERELLA+STXinwei" bbox="109.440,584.928,121.440,596.928" colourspace="ICCBased" ncolour="[0]" size="12.000">移</text>
                <text font="ERELLA+STXinwei" bbox="121.440,584.928,133.440,596.928" colourspace="ICCBased" ncolour="[0]" size="12.000">植</text>
                <text font="ERELLA+STXinwei" bbox="133.440,584.928,145.440,596.928" colourspace="ICCBased" ncolour="[0]" size="12.000">术</text>
                <text font="ERELLA+STXinwei" bbox="145.440,584.928,157.440,596.928" colourspace="ICCBased" ncolour="[0]" size="12.000">）</text>
                <text font="ERELLA+STXinwei" bbox="157.440,584.928,160.368,596.928" colourspace="ICCBased" ncolour="[0]" size="12.000"> </text>
                <text>
                </text>
            </textline>
        </textbox>
        <textbox id="4" bbox="97.440,555.268,100.017,565.828">
            <textline bbox="97.440,555.268,100.017,565.828">
                <text font="ERELLA+STXinwei" bbox="97.440,555.268,100.017,565.828" colourspace="ICCBased" ncolour="[0]" size="10.560"> </text>
                <text>
                </text>
            </textline>
        </textbox>
        <textbox id="5" bbox="66.240,540.288,160.017,565.829">
            <textline bbox="68.880,555.269,74.160,565.829">
                <text font="JTTPDQ+SimSun" bbox="68.880,555.269,74.160,565.829" colourspace="ICCBased" ncolour="[0]" size="10.560"> </text>
                <text>
                </text>
            </textline>
            <textline bbox="66.240,540.288,160.017,552.288">
                <text font="JTTPDQ+SimSun" bbox="66.240,541.109,71.520,551.669" colourspace="ICCBased" ncolour="[0]" size="10.560">9</text>
                <text font="JTTPDQ+SimSun" bbox="71.520,541.109,76.800,551.669" colourspace="ICCBased" ncolour="[0]" size="10.560"> </text>
                <text> </text>
                <text font="ERELLA+STXinwei" bbox="97.440,540.288,109.440,552.288" colourspace="ICCBased" ncolour="[0]" size="12.000">主</text>
                <text font="ERELLA+STXinwei" bbox="109.440,540.288,121.440,552.288" colourspace="ICCBased" ncolour="[0]" size="12.000">动</text>
                <text font="ERELLA+STXinwei" bbox="121.440,540.288,133.440,552.288" colourspace="ICCBased" ncolour="[0]" size="12.000">脉</text>
                <text font="ERELLA+STXinwei" bbox="133.440,540.288,145.440,552.288" colourspace="ICCBased" ncolour="[0]" size="12.000">手</text>
                <text font="ERELLA+STXinwei" bbox="145.440,540.288,157.440,552.288" colourspace="ICCBased" ncolour="[0]" size="12.000">术</text>
                <text font="ERELLA+STXinwei" bbox="157.440,540.628,160.017,551.188" colourspace="ICCBased" ncolour="[0]" size="10.560"> </text>
                <text>
                </text>
            </textline>
        </textbox>
        <textbox id="6" bbox="97.440,477.888,100.368,489.888">
            <textline bbox="97.440,477.888,100.368,489.888">
                <text font="ERELLA+STXinwei" bbox="97.440,477.888,100.368,489.888" colourspace="ICCBased" ncolour="[0]" size="12.000"> </text>
                <text>
                </text>
            </textline>
        </textbox>
        <textbox id="7" bbox="63.600,465.168,199.680,489.269">
            <textline bbox="68.880,478.709,74.160,489.269">
                <text font="JTTPDQ+SimSun" bbox="68.880,478.709,74.160,489.269" colourspace="ICCBased" ncolour="[0]" size="10.560"> </text>
                <text>
                </text>
            </textline>
            <textline bbox="63.600,465.168,199.680,477.168">
                <text font="JTTPDQ+SimSun" bbox="63.600,465.989,68.880,476.549" colourspace="ICCBased" ncolour="[0]" size="10.560">1</text>
                <text font="JTTPDQ+SimSun" bbox="68.880,465.989,74.160,476.549" colourspace="ICCBased" ncolour="[0]" size="10.560">0</text>
                <text font="JTTPDQ+SimSun" bbox="74.160,465.989,79.440,476.549" colourspace="ICCBased" ncolour="[0]" size="10.560"> </text>
                <text> </text>
                <text font="ERELLA+STXinwei" bbox="97.440,465.168,109.440,477.168" colourspace="ICCBased" ncolour="[0]" size="12.000">严</text>
                <text font="ERELLA+STXinwei" bbox="110.400,465.168,122.400,477.168" colourspace="ICCBased" ncolour="[0]" size="12.000">重</text>
                <text font="ERELLA+STXinwei" bbox="123.360,465.168,135.360,477.168" colourspace="ICCBased" ncolour="[0]" size="12.000">感</text>
                <text font="ERELLA+STXinwei" bbox="136.080,465.168,148.080,477.168" colourspace="ICCBased" ncolour="[0]" size="12.000">染</text>
                <text font="ERELLA+STXinwei" bbox="149.040,465.168,161.040,477.168" colourspace="ICCBased" ncolour="[0]" size="12.000">性</text>
                <text font="ERELLA+STXinwei" bbox="162.000,465.168,174.000,477.168" colourspace="ICCBased" ncolour="[0]" size="12.000">心</text>
                <text font="ERELLA+STXinwei" bbox="174.720,465.168,186.720,477.168" colourspace="ICCBased" ncolour="[0]" size="12.000">内</text>
                <text font="ERELLA+STXinwei" bbox="187.680,465.168,199.680,477.168" colourspace="ICCBased" ncolour="[0]" size="12.000">膜</text>
                <text>
                </text>
            </textline>
        </textbox>
        <textbox id="8" bbox="97.440,449.088,112.368,461.088">
            <textline bbox="97.440,449.088,112.368,461.088">
                <text font="ERELLA+STXinwei" bbox="97.440,449.088,109.440,461.088" colourspace="ICCBased" ncolour="[0]" size="12.000">炎</text>
                <text font="ERELLA+STXinwei" bbox="109.440,449.088,112.368,461.088" colourspace="ICCBased" ncolour="[0]" size="12.000"> </text>
                <text>
                </text>
            </textline>
        </textbox>
        <textbox id="9" bbox="210.480,756.629,551.760,782.789">
            <textline bbox="210.480,772.229,551.760,782.789">
                <text font="JQUZDQ+SimSun" bbox="210.480,772.229,221.040,782.789" colourspace="ICCBased" ncolour="[0]" size="10.560">继</text>
                <text font="JQUZDQ+SimSun" bbox="221.040,772.229,231.600,782.789" colourspace="ICCBased" ncolour="[0]" size="10.560">发</text>
                <text font="JQUZDQ+SimSun" bbox="231.600,772.229,242.160,782.789" colourspace="ICCBased" ncolour="[0]" size="10.560">于</text>
                <text font="JQUZDQ+SimSun" bbox="242.160,772.229,252.720,782.789" colourspace="ICCBased" ncolour="[0]" size="10.560">全</text>
                <text font="JQUZDQ+SimSun" bbox="252.720,772.229,263.280,782.789" colourspace="ICCBased" ncolour="[0]" size="10.560">身</text>
                <text font="JQUZDQ+SimSun" bbox="263.040,772.229,273.600,782.789" colourspace="ICCBased" ncolour="[0]" size="10.560">性</text>
                <text font="JQUZDQ+SimSun" bbox="273.600,772.229,284.160,782.789" colourspace="ICCBased" ncolour="[0]" size="10.560">疾</text>
                <text font="JQUZDQ+SimSun" bbox="284.160,772.229,294.720,782.789" colourspace="ICCBased" ncolour="[0]" size="10.560">病</text>
                <text font="JQUZDQ+SimSun" bbox="294.720,772.229,305.280,782.789" colourspace="ICCBased" ncolour="[0]" size="10.560">或</text>
                <text font="JQUZDQ+SimSun" bbox="305.040,772.229,315.600,782.789" colourspace="ICCBased" ncolour="[0]" size="10.560">其</text>
                <text font="JQUZDQ+SimSun" bbox="315.600,772.229,326.160,782.789" colourspace="ICCBased" ncolour="[0]" size="10.560">它</text>
                <text font="JQUZDQ+SimSun" bbox="326.160,772.229,336.720,782.789" colourspace="ICCBased" ncolour="[0]" size="10.560">器</text>
                <text font="JQUZDQ+SimSun" bbox="336.720,772.229,347.280,782.789" colourspace="ICCBased" ncolour="[0]" size="10.560">官</text>
                <text font="JQUZDQ+SimSun" bbox="347.040,772.229,357.600,782.789" colourspace="ICCBased" ncolour="[0]" size="10.560">系</text>
                <text font="JQUZDQ+SimSun" bbox="357.600,772.229,368.160,782.789" colourspace="ICCBased" ncolour="[0]" size="10.560">统</text>
                <text font="JQUZDQ+SimSun" bbox="368.160,772.229,378.720,782.789" colourspace="ICCBased" ncolour="[0]" size="10.560">疾</text>
                <text font="JQUZDQ+SimSun" bbox="378.720,772.229,389.280,782.789" colourspace="ICCBased" ncolour="[0]" size="10.560">病</text>
                <text font="JQUZDQ+SimSun" bbox="389.040,772.229,399.600,782.789" colourspace="ICCBased" ncolour="[0]" size="10.560">造</text>
                <text font="JQUZDQ+SimSun" bbox="399.600,772.229,410.160,782.789" colourspace="ICCBased" ncolour="[0]" size="10.560">成</text>
                <text font="JQUZDQ+SimSun" bbox="410.160,772.229,420.720,782.789" colourspace="ICCBased" ncolour="[0]" size="10.560">的</text>
                <text font="JQUZDQ+SimSun" bbox="420.720,772.229,431.280,782.789" colourspace="ICCBased" ncolour="[0]" size="10.560">心</text>
                <text font="JQUZDQ+SimSun" bbox="431.040,772.229,441.600,782.789" colourspace="ICCBased" ncolour="[0]" size="10.560">肌</text>
                <text font="JQUZDQ+SimSun" bbox="441.600,772.229,452.160,782.789" colourspace="ICCBased" ncolour="[0]" size="10.560">病</text>
                <text font="JQUZDQ+SimSun" bbox="451.920,772.229,462.480,782.789" colourspace="ICCBased" ncolour="[0]" size="10.560">变</text>
                <text font="JQUZDQ+SimSun" bbox="462.480,772.229,473.040,782.789" colourspace="ICCBased" ncolour="[0]" size="10.560">不</text>
                <text font="JQUZDQ+SimSun" bbox="473.040,772.229,483.600,782.789" colourspace="ICCBased" ncolour="[0]" size="10.560">在</text>
                <text font="JQUZDQ+SimSun" bbox="483.600,772.229,494.160,782.789" colourspace="ICCBased" ncolour="[0]" size="10.560">保</text>
                <text font="JQUZDQ+SimSun" bbox="494.160,772.229,504.720,782.789" colourspace="ICCBased" ncolour="[0]" size="10.560">障</text>
                <text font="JQUZDQ+SimSun" bbox="504.480,772.229,515.040,782.789" colourspace="ICCBased" ncolour="[0]" size="10.560">范</text>
                <text font="JQUZDQ+SimSun" bbox="515.040,772.229,525.600,782.789" colourspace="ICCBased" ncolour="[0]" size="10.560">围</text>
                <text font="JQUZDQ+SimSun" bbox="525.600,772.229,536.160,782.789" colourspace="ICCBased" ncolour="[0]" size="10.560">内</text>
                <text font="JQUZDQ+SimSun" bbox="536.160,772.229,546.720,782.789" colourspace="ICCBased" ncolour="[0]" size="10.560">。</text>
                <text font="JTTPDQ+SimSun" bbox="546.480,772.229,551.760,782.789" colourspace="ICCBased" ncolour="[0]" size="10.560"> </text>
                <text>
                </text>
            </textline>
            <textline bbox="210.480,756.629,215.760,767.189">
                <text font="JTTPDQ+SimSun" bbox="210.480,756.629,215.760,767.189" colourspace="ICCBased" ncolour="[0]" size="10.560"> </text>
                <text>
                </text>
            </textline>
        </textbox>
        <textbox id="10" bbox="210.479,661.473,547.437,750.149">
            <textline bbox="210.480,739.589,547.200,750.149">
                <text font="JQUZDQ+SimSun" bbox="210.480,739.589,221.040,750.149" colourspace="ICCBased" ncolour="[0]" size="10.560">指</text>
                <text font="JQUZDQ+SimSun" bbox="221.040,739.589,231.600,750.149" colourspace="ICCBased" ncolour="[0]" size="10.560">因</text>
                <text font="JQUZDQ+SimSun" bbox="231.600,739.589,242.160,750.149" colourspace="ICCBased" ncolour="[0]" size="10.560">脑</text>
                <text font="JQUZDQ+SimSun" bbox="242.160,739.589,252.720,750.149" colourspace="ICCBased" ncolour="[0]" size="10.560">血</text>
                <text font="JQUZDQ+SimSun" bbox="252.720,739.589,263.280,750.149" colourspace="ICCBased" ncolour="[0]" size="10.560">管</text>
                <text font="JQUZDQ+SimSun" bbox="263.280,739.589,273.840,750.149" colourspace="ICCBased" ncolour="[0]" size="10.560">的</text>
                <text font="JQUZDQ+SimSun" bbox="273.840,739.589,284.400,750.149" colourspace="ICCBased" ncolour="[0]" size="10.560">突</text>
                <text font="JQUZDQ+SimSun" bbox="284.160,739.589,294.720,750.149" colourspace="ICCBased" ncolour="[0]" size="10.560">发</text>
                <text font="JQUZDQ+SimSun" bbox="294.720,739.589,305.280,750.149" colourspace="ICCBased" ncolour="[0]" size="10.560">病</text>
                <text font="JQUZDQ+SimSun" bbox="305.280,739.589,315.840,750.149" colourspace="ICCBased" ncolour="[0]" size="10.560">变</text>
                <text font="JQUZDQ+SimSun" bbox="315.840,739.589,326.400,750.149" colourspace="ICCBased" ncolour="[0]" size="10.560">引</text>
                <text font="JQUZDQ+SimSun" bbox="326.400,739.589,336.960,750.149" colourspace="ICCBased" ncolour="[0]" size="10.560">起</text>
                <text font="JQUZDQ+SimSun" bbox="336.960,739.589,347.520,750.149" colourspace="ICCBased" ncolour="[0]" size="10.560">脑</text>
                <text font="JQUZDQ+SimSun" bbox="347.280,739.589,357.840,750.149" colourspace="ICCBased" ncolour="[0]" size="10.560">血</text>
                <text font="JQUZDQ+SimSun" bbox="357.840,739.589,368.400,750.149" colourspace="ICCBased" ncolour="[0]" size="10.560">管</text>
                <text font="JQUZDQ+SimSun" bbox="368.400,739.589,378.960,750.149" colourspace="ICCBased" ncolour="[0]" size="10.560">出</text>
                <text font="JQUZDQ+SimSun" bbox="378.960,739.589,389.520,750.149" colourspace="ICCBased" ncolour="[0]" size="10.560">血</text>
                <text font="JQUZDQ+SimSun" bbox="389.520,739.589,400.080,750.149" colourspace="ICCBased" ncolour="[0]" size="10.560">、</text>
                <text font="JQUZDQ+SimSun" bbox="399.840,739.589,410.400,750.149" colourspace="ICCBased" ncolour="[0]" size="10.560">栓</text>
                <text font="JQUZDQ+SimSun" bbox="410.400,739.589,420.960,750.149" colourspace="ICCBased" ncolour="[0]" size="10.560">塞</text>
                <text font="JQUZDQ+SimSun" bbox="420.960,739.589,431.520,750.149" colourspace="ICCBased" ncolour="[0]" size="10.560">或</text>
                <text font="JQUZDQ+SimSun" bbox="431.520,739.589,442.080,750.149" colourspace="ICCBased" ncolour="[0]" size="10.560">梗</text>
                <text font="JQUZDQ+SimSun" bbox="442.080,739.589,452.640,750.149" colourspace="ICCBased" ncolour="[0]" size="10.560">塞</text>
                <text font="JQUZDQ+SimSun" bbox="452.400,739.589,462.960,750.149" colourspace="ICCBased" ncolour="[0]" size="10.560">，</text>
                <text font="JQUZDQ+SimSun" bbox="462.960,739.589,473.520,750.149" colourspace="ICCBased" ncolour="[0]" size="10.560">并</text>
                <text font="JQUZDQ+SimSun" bbox="473.520,739.589,484.080,750.149" colourspace="ICCBased" ncolour="[0]" size="10.560">导</text>
                <text font="JQUZDQ+SimSun" bbox="484.080,739.589,494.640,750.149" colourspace="ICCBased" ncolour="[0]" size="10.560">致</text>
                <text font="JQUZDQ+SimSun" bbox="494.640,739.589,505.200,750.149" colourspace="ICCBased" ncolour="[0]" size="10.560">神</text>
                <text font="JQUZDQ+SimSun" bbox="505.200,739.589,515.760,750.149" colourspace="ICCBased" ncolour="[0]" size="10.560">经</text>
                <text font="JQUZDQ+SimSun" bbox="515.760,739.589,526.320,750.149" colourspace="ICCBased" ncolour="[0]" size="10.560">系</text>
                <text font="JQUZDQ+SimSun" bbox="526.080,739.589,536.640,750.149" colourspace="ICCBased" ncolour="[0]" size="10.560">统</text>
                <text font="JQUZDQ+SimSun" bbox="536.640,739.589,547.200,750.149" colourspace="ICCBased" ncolour="[0]" size="10.560">永</text>
                <text>
                </text>
            </textline>
            <textline bbox="210.480,723.992,547.199,734.552">
                <text font="JQUZDQ+SimSun" bbox="210.480,723.992,221.040,734.552" colourspace="ICCBased" ncolour="[0]" size="10.560">久</text>
                <text font="JQUZDQ+SimSun" bbox="221.040,723.992,231.600,734.552" colourspace="ICCBased" ncolour="[0]" size="10.560">性</text>
                <text font="JQUZDQ+SimSun" bbox="231.600,723.992,242.160,734.552" colourspace="ICCBased" ncolour="[0]" size="10.560">的</text>
                <text font="JQUZDQ+SimSun" bbox="242.160,723.992,252.720,734.552" colourspace="ICCBased" ncolour="[0]" size="10.560">功</text>
                <text font="JQUZDQ+SimSun" bbox="252.720,723.992,263.280,734.552" colourspace="ICCBased" ncolour="[0]" size="10.560">能</text>
                <text font="JQUZDQ+SimSun" bbox="263.040,723.992,273.600,734.552" colourspace="ICCBased" ncolour="[0]" size="10.560">障</text>
                <text font="JQUZDQ+SimSun" bbox="273.600,723.992,284.160,734.552" colourspace="ICCBased" ncolour="[0]" size="10.560">碍</text>
                <text font="JQUZDQ+SimSun" bbox="284.160,723.992,294.720,734.552" colourspace="ICCBased" ncolour="[0]" size="10.560">。</text>
                <text font="JQUZDQ+SimSun" bbox="294.720,723.992,305.280,734.552" colourspace="ICCBased" ncolour="[0]" size="10.560">神</text>
                <text font="JQUZDQ+SimSun" bbox="305.040,723.992,315.600,734.552" colourspace="ICCBased" ncolour="[0]" size="10.560">经</text>
                <text font="JQUZDQ+SimSun" bbox="315.600,723.992,326.160,734.552" colourspace="ICCBased" ncolour="[0]" size="10.560">系</text>
                <text font="JQUZDQ+SimSun" bbox="326.160,723.992,336.720,734.552" colourspace="ICCBased" ncolour="[0]" size="10.560">统</text>
                <text font="JQUZDQ+SimSun" bbox="336.720,723.992,347.280,734.552" colourspace="ICCBased" ncolour="[0]" size="10.560">永</text>
                <text font="JQUZDQ+SimSun" bbox="347.040,723.992,357.600,734.552" colourspace="ICCBased" ncolour="[0]" size="10.560">久</text>
                <text font="JQUZDQ+SimSun" bbox="357.600,723.992,368.160,734.552" colourspace="ICCBased" ncolour="[0]" size="10.560">性</text>
                <text font="JQUZDQ+SimSun" bbox="368.160,723.992,378.720,734.552" colourspace="ICCBased" ncolour="[0]" size="10.560">的</text>
                <text font="JQUZDQ+SimSun" bbox="378.720,723.992,389.280,734.552" colourspace="ICCBased" ncolour="[0]" size="10.560">功</text>
                <text font="JQUZDQ+SimSun" bbox="389.040,723.992,399.600,734.552" colourspace="ICCBased" ncolour="[0]" size="10.560">能</text>
                <text font="JQUZDQ+SimSun" bbox="399.600,723.992,410.160,734.552" colourspace="ICCBased" ncolour="[0]" size="10.560">障</text>
                <text font="JQUZDQ+SimSun" bbox="410.160,723.992,420.720,734.552" colourspace="ICCBased" ncolour="[0]" size="10.560">碍</text>
                <text font="JQUZDQ+SimSun" bbox="420.720,723.992,431.280,734.552" colourspace="ICCBased" ncolour="[0]" size="10.560">，</text>
                <text font="JQUZDQ+SimSun" bbox="431.040,723.992,441.600,734.552" colourspace="ICCBased" ncolour="[0]" size="10.560">指</text>
                <text font="JQUZDQ+SimSun" bbox="441.600,723.992,452.160,734.552" colourspace="ICCBased" ncolour="[0]" size="10.560">疾</text>
                <text font="JQUZDQ+SimSun" bbox="451.920,723.992,462.480,734.552" colourspace="ICCBased" ncolour="[0]" size="10.560">病</text>
                <text font="JQUZDQ+SimSun" bbox="462.480,723.992,473.040,734.552" colourspace="ICCBased" ncolour="[0]" size="10.560">确</text>
                <text font="JQUZDQ+SimSun" bbox="473.040,723.992,483.600,734.552" colourspace="ICCBased" ncolour="[0]" size="10.560">诊</text>
                <text> </text>
                <text font="JTTPDQ+SimSun" bbox="486.476,723.992,491.756,734.552" colourspace="ICCBased" ncolour="[0]" size="10.560">1</text>
                <text font="JTTPDQ+SimSun" bbox="491.756,723.992,497.036,734.552" colourspace="ICCBased" ncolour="[0]" size="10.560">8</text>
                <text font="JTTPDQ+SimSun" bbox="497.036,723.992,502.316,734.552" colourspace="ICCBased" ncolour="[0]" size="10.560">0</text>
                <text> </text>
                <text font="JQUZDQ+SimSun" bbox="505.199,723.992,515.759,734.552" colourspace="ICCBased" ncolour="[0]" size="10.560">日</text>
                <text font="JQUZDQ+SimSun" bbox="515.519,723.992,526.079,734.552" colourspace="ICCBased" ncolour="[0]" size="10.560">后</text>
                <text font="JQUZDQ+SimSun" bbox="526.079,723.992,536.639,734.552" colourspace="ICCBased" ncolour="[0]" size="10.560">，</text>
                <text font="JQUZDQ+SimSun" bbox="536.639,723.992,547.199,734.552" colourspace="ICCBased" ncolour="[0]" size="10.560">仍</text>
                <text>
                </text>
            </textline>
            <textline bbox="210.480,708.395,362.639,718.955">
                <text font="JQUZDQ+SimSun" bbox="210.480,708.395,221.040,718.955" colourspace="ICCBased" ncolour="[0]" size="10.560">遗</text>
                <text font="JQUZDQ+SimSun" bbox="221.040,708.395,231.600,718.955" colourspace="ICCBased" ncolour="[0]" size="10.560">留</text>
                <text font="JQUZDQ+SimSun" bbox="231.600,708.395,242.160,718.955" colourspace="ICCBased" ncolour="[0]" size="10.560">下</text>
                <text font="JQUZDQ+SimSun" bbox="242.160,708.395,252.720,718.955" colourspace="ICCBased" ncolour="[0]" size="10.560">列</text>
                <text font="JQUZDQ+SimSun" bbox="252.720,708.395,263.280,718.955" colourspace="ICCBased" ncolour="[0]" size="10.560">一</text>
                <text font="JQUZDQ+SimSun" bbox="263.040,708.395,273.600,718.955" colourspace="ICCBased" ncolour="[0]" size="10.560">种</text>
                <text font="JQUZDQ+SimSun" bbox="273.600,708.395,284.160,718.955" colourspace="ICCBased" ncolour="[0]" size="10.560">或</text>
                <text font="JQUZDQ+SimSun" bbox="284.160,708.395,294.720,718.955" colourspace="ICCBased" ncolour="[0]" size="10.560">一</text>
                <text font="JQUZDQ+SimSun" bbox="294.720,708.395,305.280,718.955" colourspace="ICCBased" ncolour="[0]" size="10.560">种</text>
                <text font="JQUZDQ+SimSun" bbox="305.040,708.395,315.600,718.955" colourspace="ICCBased" ncolour="[0]" size="10.560">以</text>
                <text font="JQUZDQ+SimSun" bbox="315.600,708.395,326.160,718.955" colourspace="ICCBased" ncolour="[0]" size="10.560">上</text>
                <text font="JQUZDQ+SimSun" bbox="326.160,708.395,336.720,718.955" colourspace="ICCBased" ncolour="[0]" size="10.560">障</text>
                <text font="JQUZDQ+SimSun" bbox="336.720,708.395,347.280,718.955" colourspace="ICCBased" ncolour="[0]" size="10.560">碍</text>
                <text font="JQUZDQ+SimSun" bbox="347.040,708.395,357.600,718.955" colourspace="ICCBased" ncolour="[0]" size="10.560">：</text>
                <text font="JTTPDQ+SimSun" bbox="357.359,708.395,362.639,718.955" colourspace="ICCBased" ncolour="[0]" size="10.560"> </text>
                <text>
                </text>
            </textline>
            <textline bbox="210.480,692.673,425.040,704.499">
                <text font="JQUZDQ+SimSun" bbox="210.480,692.797,221.040,703.357" colourspace="ICCBased" ncolour="[0]" size="10.560">（</text>
                <text font="JTTPDQ+SimSun" bbox="221.040,692.797,226.320,703.357" colourspace="ICCBased" ncolour="[0]" size="10.560">1</text>
                <text font="JQUZDQ+SimSun" bbox="226.320,692.789,236.880,703.349" colourspace="ICCBased" ncolour="[0]" size="10.560">）</text>
                <text font="JQUZDQ+SimSun" bbox="236.880,692.789,247.440,703.349" colourspace="ICCBased" ncolour="[0]" size="10.560">一</text>
                <text font="JQUZDQ+SimSun" bbox="247.440,692.789,258.000,703.349" colourspace="ICCBased" ncolour="[0]" size="10.560">肢</text>
                <text font="JQUZDQ+SimSun" bbox="258.000,692.789,268.560,703.349" colourspace="ICCBased" ncolour="[0]" size="10.560">或</text>
                <text font="JQUZDQ+SimSun" bbox="268.320,692.789,278.880,703.349" colourspace="ICCBased" ncolour="[0]" size="10.560">一</text>
                <text font="JQUZDQ+SimSun" bbox="278.880,692.789,289.440,703.349" colourspace="ICCBased" ncolour="[0]" size="10.560">肢</text>
                <text font="JQUZDQ+SimSun" bbox="289.440,692.789,300.000,703.349" colourspace="ICCBased" ncolour="[0]" size="10.560">以</text>
                <text font="JQUZDQ+SimSun" bbox="300.000,692.789,310.560,703.349" colourspace="ICCBased" ncolour="[0]" size="10.560">上</text>
                <text font="JRNKDQ+SimHei" bbox="310.320,692.673,320.880,703.233" colourspace="ICCBased" ncolour="[0]" size="10.560">肢</text>
                <text font="JRNKDQ+SimHei" bbox="320.880,692.673,331.440,703.233" colourspace="ICCBased" ncolour="[0]" size="10.560">体</text>
                <text font="JRNKDQ+SimHei" bbox="331.440,692.673,342.000,703.233" colourspace="ICCBased" ncolour="[0]" size="10.560">机</text>
                <text font="JRNKDQ+SimHei" bbox="342.000,692.673,352.560,703.233" colourspace="ICCBased" ncolour="[0]" size="10.560">能</text>
                <text font="JRNKDQ+SimHei" bbox="352.560,692.673,363.120,703.233" colourspace="ICCBased" ncolour="[0]" size="10.560">完</text>
                <text font="JRNKDQ+SimHei" bbox="363.120,692.673,373.680,703.233" colourspace="ICCBased" ncolour="[0]" size="10.560">全</text>
                <text font="JRNKDQ+SimHei" bbox="373.680,692.673,384.240,703.233" colourspace="ICCBased" ncolour="[0]" size="10.560">丧</text>
                <text font="JRNKDQ+SimHei" bbox="384.240,692.673,394.800,703.233" colourspace="ICCBased" ncolour="[0]" size="10.560">失</text>
                <text> </text>
                <text font="TTLNNW+SimHei" bbox="397.680,698.979,400.440,704.499" colourspace="ICCBased" ncolour="[0]" size="5.520">1</text>
                <text font="TTLNNW+SimHei" bbox="400.799,698.979,403.559,704.499" colourspace="ICCBased" ncolour="[0]" size="5.520">6</text>
                <text font="JQUZDQ+SimSun" bbox="403.920,692.789,414.480,703.349" colourspace="ICCBased" ncolour="[0]" size="10.560">；</text>
                <text font="JTTPDQ+SimSun" bbox="414.480,692.789,419.760,703.349" colourspace="ICCBased" ncolour="[0]" size="10.560"> </text>
                <text font="JTTPDQ+SimSun" bbox="419.760,692.789,425.040,703.349" colourspace="ICCBased" ncolour="[0]" size="10.560"> </text>
                <text>
                </text>
            </textline>
            <textline bbox="210.482,677.073,425.280,688.899">
                <text font="JQUZDQ+SimSun" bbox="210.482,677.192,221.042,687.752" colourspace="ICCBased" ncolour="[0]" size="10.560">（</text>
                <text font="JTTPDQ+SimSun" bbox="221.042,677.192,226.322,687.752" colourspace="ICCBased" ncolour="[0]" size="10.560">2</text>
                <text font="JQUZDQ+SimSun" bbox="226.320,677.189,236.880,687.749" colourspace="ICCBased" ncolour="[0]" size="10.560">）</text>
                <text font="JRNKDQ+SimHei" bbox="236.640,677.073,247.200,687.633" colourspace="ICCBased" ncolour="[0]" size="10.560">语</text>
                <text font="JRNKDQ+SimHei" bbox="247.200,677.073,257.760,687.633" colourspace="ICCBased" ncolour="[0]" size="10.560">言</text>
                <text font="JRNKDQ+SimHei" bbox="257.760,677.073,268.320,687.633" colourspace="ICCBased" ncolour="[0]" size="10.560">能</text>
                <text font="JRNKDQ+SimHei" bbox="268.320,677.073,278.880,687.633" colourspace="ICCBased" ncolour="[0]" size="10.560">力</text>
                <text font="JRNKDQ+SimHei" bbox="278.880,677.073,289.440,687.633" colourspace="ICCBased" ncolour="[0]" size="10.560">或</text>
                <text font="JRNKDQ+SimHei" bbox="289.440,677.073,300.000,687.633" colourspace="ICCBased" ncolour="[0]" size="10.560">咀</text>
                <text font="JRNKDQ+SimHei" bbox="300.000,677.073,310.560,687.633" colourspace="ICCBased" ncolour="[0]" size="10.560">嚼</text>
                <text font="JRNKDQ+SimHei" bbox="310.560,677.073,321.120,687.633" colourspace="ICCBased" ncolour="[0]" size="10.560">吞</text>
                <text font="JRNKDQ+SimHei" bbox="321.120,677.073,331.680,687.633" colourspace="ICCBased" ncolour="[0]" size="10.560">咽</text>
                <text font="JRNKDQ+SimHei" bbox="331.680,677.073,342.240,687.633" colourspace="ICCBased" ncolour="[0]" size="10.560">能</text>
                <text font="JRNKDQ+SimHei" bbox="342.240,677.073,352.800,687.633" colourspace="ICCBased" ncolour="[0]" size="10.560">力</text>
                <text font="JRNKDQ+SimHei" bbox="352.800,677.073,363.360,687.633" colourspace="ICCBased" ncolour="[0]" size="10.560">完</text>
                <text font="JRNKDQ+SimHei" bbox="363.360,677.073,373.920,687.633" colourspace="ICCBased" ncolour="[0]" size="10.560">全</text>
                <text font="JRNKDQ+SimHei" bbox="373.920,677.073,384.480,687.633" colourspace="ICCBased" ncolour="[0]" size="10.560">丧</text>
                <text font="JRNKDQ+SimHei" bbox="384.480,677.073,395.040,687.633" colourspace="ICCBased" ncolour="[0]" size="10.560">失</text>
                <text> </text>
                <text font="TTLNNW+SimHei" bbox="397.920,683.379,400.680,688.899" colourspace="ICCBased" ncolour="[0]" size="5.520">1</text>
                <text font="TTLNNW+SimHei" bbox="401.039,683.379,403.799,688.899" colourspace="ICCBased" ncolour="[0]" size="5.520">7</text>
                <text font="JQUZDQ+SimSun" bbox="404.160,677.189,414.720,687.749" colourspace="ICCBased" ncolour="[0]" size="10.560">；</text>
                <text font="JTTPDQ+SimSun" bbox="414.720,677.189,420.000,687.749" colourspace="ICCBased" ncolour="[0]" size="10.560"> </text>
                <text font="JTTPDQ+SimSun" bbox="420.000,677.189,425.280,687.749" colourspace="ICCBased" ncolour="[0]" size="10.560"> </text>
                <text>
                </text>
            </textline>
            <textline bbox="210.479,661.473,547.437,673.299">
                <text font="JQUZDQ+SimSun" bbox="210.479,661.592,221.039,672.152" colourspace="ICCBased" ncolour="[0]" size="10.560">（</text>
                <text font="JTTPDQ+SimSun" bbox="221.039,661.592,226.319,672.152" colourspace="ICCBased" ncolour="[0]" size="10.560">3</text>
                <text font="JQUZDQ+SimSun" bbox="226.320,661.589,236.880,672.149" colourspace="ICCBased" ncolour="[0]" size="10.560">）</text>
                <text font="JQUZDQ+SimSun" bbox="235.200,661.589,245.760,672.149" colourspace="ICCBased" ncolour="[0]" size="10.560">自</text>
                <text font="JQUZDQ+SimSun" bbox="245.760,661.589,256.320,672.149" colourspace="ICCBased" ncolour="[0]" size="10.560">主</text>
                <text font="JQUZDQ+SimSun" bbox="256.320,661.589,266.880,672.149" colourspace="ICCBased" ncolour="[0]" size="10.560">生</text>
                <text font="JQUZDQ+SimSun" bbox="266.640,661.589,277.200,672.149" colourspace="ICCBased" ncolour="[0]" size="10.560">活</text>
                <text font="JQUZDQ+SimSun" bbox="277.200,661.589,287.760,672.149" colourspace="ICCBased" ncolour="[0]" size="10.560">能</text>
                <text font="JQUZDQ+SimSun" bbox="287.760,661.589,298.320,672.149" colourspace="ICCBased" ncolour="[0]" size="10.560">力</text>
                <text font="JQUZDQ+SimSun" bbox="298.320,661.589,308.880,672.149" colourspace="ICCBased" ncolour="[0]" size="10.560">完</text>
                <text font="JQUZDQ+SimSun" bbox="308.639,661.589,319.199,672.149" colourspace="ICCBased" ncolour="[0]" size="10.560">全</text>
                <text font="JQUZDQ+SimSun" bbox="319.199,661.589,329.759,672.149" colourspace="ICCBased" ncolour="[0]" size="10.560">丧</text>
                <text font="JQUZDQ+SimSun" bbox="329.759,661.589,340.319,672.149" colourspace="ICCBased" ncolour="[0]" size="10.560">失</text>
                <text font="JQUZDQ+SimSun" bbox="340.319,661.589,350.879,672.149" colourspace="ICCBased" ncolour="[0]" size="10.560">，</text>
                <text font="JQUZDQ+SimSun" bbox="348.960,661.589,359.520,672.149" colourspace="ICCBased" ncolour="[0]" size="10.560">无</text>
                <text font="JQUZDQ+SimSun" bbox="359.520,661.589,370.080,672.149" colourspace="ICCBased" ncolour="[0]" size="10.560">法</text>
                <text font="JQUZDQ+SimSun" bbox="370.080,661.589,380.640,672.149" colourspace="ICCBased" ncolour="[0]" size="10.560">独</text>
                <text font="JQUZDQ+SimSun" bbox="380.640,661.589,391.200,672.149" colourspace="ICCBased" ncolour="[0]" size="10.560">立</text>
                <text font="JQUZDQ+SimSun" bbox="390.960,661.589,401.520,672.149" colourspace="ICCBased" ncolour="[0]" size="10.560">完</text>
                <text font="JQUZDQ+SimSun" bbox="401.520,661.589,412.080,672.149" colourspace="ICCBased" ncolour="[0]" size="10.560">成</text>
                <text font="JRNKDQ+SimHei" bbox="411.840,661.473,422.400,672.033" colourspace="ICCBased" ncolour="[0]" size="10.560">六</text>
                <text font="JRNKDQ+SimHei" bbox="422.400,661.473,432.960,672.033" colourspace="ICCBased" ncolour="[0]" size="10.560">项</text>
                <text font="JRNKDQ+SimHei" bbox="432.960,661.473,443.520,672.033" colourspace="ICCBased" ncolour="[0]" size="10.560">基</text>
                <text font="JRNKDQ+SimHei" bbox="443.520,661.473,454.080,672.033" colourspace="ICCBased" ncolour="[0]" size="10.560">本</text>
                <text font="JRNKDQ+SimHei" bbox="454.080,661.473,464.640,672.033" colourspace="ICCBased" ncolour="[0]" size="10.560">日</text>
                <text font="JRNKDQ+SimHei" bbox="464.640,661.473,475.200,672.033" colourspace="ICCBased" ncolour="[0]" size="10.560">常</text>
                <text font="JRNKDQ+SimHei" bbox="475.200,661.473,485.760,672.033" colourspace="ICCBased" ncolour="[0]" size="10.560">生</text>
                <text font="JRNKDQ+SimHei" bbox="485.760,661.473,496.320,672.033" colourspace="ICCBased" ncolour="[0]" size="10.560">活</text>
                <text font="JRNKDQ+SimHei" bbox="496.320,661.473,506.880,672.033" colourspace="ICCBased" ncolour="[0]" size="10.560">活</text>
                <text font="JRNKDQ+SimHei" bbox="506.880,661.473,517.440,672.033" colourspace="ICCBased" ncolour="[0]" size="10.560">动</text>
                <text> </text>
                <text font="TTLNNW+SimHei" bbox="520.320,667.779,523.080,673.299" colourspace="ICCBased" ncolour="[0]" size="5.520">1</text>
                <text font="TTLNNW+SimHei" bbox="523.439,667.779,526.199,673.299" colourspace="ICCBased" ncolour="[0]" size="5.520">8</text>
                <text font="JQUZDQ+SimSun" bbox="526.560,661.589,537.120,672.149" colourspace="ICCBased" ncolour="[0]" size="10.560">中</text>
                <text font="JQUZDQ+SimSun" bbox="536.877,661.589,547.437,672.149" colourspace="ICCBased" ncolour="[0]" size="10.560">的</text>
                <text>
                </text>
            </textline>
        </textbox>
        <textbox id="11" bbox="236.635,645.992,325.920,656.552">
            <textline bbox="236.635,645.992,325.920,656.552">
                <text font="JQUZDQ+SimSun" bbox="236.635,645.992,247.195,656.552" colourspace="ICCBased" ncolour="[0]" size="10.560">三</text>
                <text font="JQUZDQ+SimSun" bbox="247.195,645.992,257.755,656.552" colourspace="ICCBased" ncolour="[0]" size="10.560">项</text>
                <text font="JQUZDQ+SimSun" bbox="257.755,645.992,268.315,656.552" colourspace="ICCBased" ncolour="[0]" size="10.560">或</text>
                <text font="JQUZDQ+SimSun" bbox="268.315,645.992,278.875,656.552" colourspace="ICCBased" ncolour="[0]" size="10.560">三</text>
                <text font="JQUZDQ+SimSun" bbox="278.875,645.992,289.435,656.552" colourspace="ICCBased" ncolour="[0]" size="10.560">项</text>
                <text font="JQUZDQ+SimSun" bbox="289.195,645.992,299.755,656.552" colourspace="ICCBased" ncolour="[0]" size="10.560">以</text>
                <text font="JQUZDQ+SimSun" bbox="299.755,645.992,310.315,656.552" colourspace="ICCBased" ncolour="[0]" size="10.560">上</text>
                <text font="JQUZDQ+SimSun" bbox="310.315,645.992,320.875,656.552" colourspace="ICCBased" ncolour="[0]" size="10.560">。</text>
                <text font="JTTPDQ+SimSun" bbox="320.640,645.992,325.920,656.552" colourspace="ICCBased" ncolour="[0]" size="10.560"> </text>
                <text>
                </text>
            </textline>
        </textbox>
        <textbox id="12" bbox="210.480,372.389,557.040,640.949">
            <textline bbox="210.480,630.389,215.760,640.949">
                <text font="JTTPDQ+SimSun" bbox="210.480,630.389,215.760,640.949" colourspace="ICCBased" ncolour="[0]" size="10.560"> </text>
                <text>
                </text>
            </textline>
            <textline bbox="210.480,617.669,547.200,628.229">
                <text font="JQUZDQ+SimSun" bbox="210.480,617.669,221.040,628.229" colourspace="ICCBased" ncolour="[0]" size="10.560">指</text>
                <text font="JQUZDQ+SimSun" bbox="221.040,617.669,231.600,628.229" colourspace="ICCBased" ncolour="[0]" size="10.560">为</text>
                <text font="JQUZDQ+SimSun" bbox="231.600,617.669,242.160,628.229" colourspace="ICCBased" ncolour="[0]" size="10.560">治</text>
                <text font="JQUZDQ+SimSun" bbox="242.160,617.669,252.720,628.229" colourspace="ICCBased" ncolour="[0]" size="10.560">疗</text>
                <text font="JQUZDQ+SimSun" bbox="252.720,617.669,263.280,628.229" colourspace="ICCBased" ncolour="[0]" size="10.560">严</text>
                <text font="JQUZDQ+SimSun" bbox="263.280,617.669,273.840,628.229" colourspace="ICCBased" ncolour="[0]" size="10.560">重</text>
                <text font="JQUZDQ+SimSun" bbox="273.840,617.669,284.400,628.229" colourspace="ICCBased" ncolour="[0]" size="10.560">的</text>
                <text font="JQUZDQ+SimSun" bbox="284.160,617.669,294.720,628.229" colourspace="ICCBased" ncolour="[0]" size="10.560">冠</text>
                <text font="JQUZDQ+SimSun" bbox="294.720,617.669,305.280,628.229" colourspace="ICCBased" ncolour="[0]" size="10.560">心</text>
                <text font="JQUZDQ+SimSun" bbox="305.280,617.669,315.840,628.229" colourspace="ICCBased" ncolour="[0]" size="10.560">病</text>
                <text font="JQUZDQ+SimSun" bbox="315.840,617.669,326.400,628.229" colourspace="ICCBased" ncolour="[0]" size="10.560">，</text>
                <text font="JQUZDQ+SimSun" bbox="326.400,617.669,336.960,628.229" colourspace="ICCBased" ncolour="[0]" size="10.560">实</text>
                <text font="JQUZDQ+SimSun" bbox="336.960,617.669,347.520,628.229" colourspace="ICCBased" ncolour="[0]" size="10.560">际</text>
                <text font="JQUZDQ+SimSun" bbox="347.280,617.669,357.840,628.229" colourspace="ICCBased" ncolour="[0]" size="10.560">实</text>
                <text font="JQUZDQ+SimSun" bbox="357.840,617.669,368.400,628.229" colourspace="ICCBased" ncolour="[0]" size="10.560">施</text>
                <text font="JQUZDQ+SimSun" bbox="368.400,617.669,378.960,628.229" colourspace="ICCBased" ncolour="[0]" size="10.560">了</text>
                <text font="JQUZDQ+SimSun" bbox="378.960,617.669,389.520,628.229" colourspace="ICCBased" ncolour="[0]" size="10.560">开</text>
                <text font="JQUZDQ+SimSun" bbox="389.520,617.669,400.080,628.229" colourspace="ICCBased" ncolour="[0]" size="10.560">胸</text>
                <text font="JQUZDQ+SimSun" bbox="399.840,617.669,410.400,628.229" colourspace="ICCBased" ncolour="[0]" size="10.560">进</text>
                <text font="JQUZDQ+SimSun" bbox="410.400,617.669,420.960,628.229" colourspace="ICCBased" ncolour="[0]" size="10.560">行</text>
                <text font="JQUZDQ+SimSun" bbox="420.960,617.669,431.520,628.229" colourspace="ICCBased" ncolour="[0]" size="10.560">的</text>
                <text font="JQUZDQ+SimSun" bbox="431.520,617.669,442.080,628.229" colourspace="ICCBased" ncolour="[0]" size="10.560">冠</text>
                <text font="JQUZDQ+SimSun" bbox="442.080,617.669,452.640,628.229" colourspace="ICCBased" ncolour="[0]" size="10.560">状</text>
                <text font="JQUZDQ+SimSun" bbox="452.400,617.669,462.960,628.229" colourspace="ICCBased" ncolour="[0]" size="10.560">动</text>
                <text font="JQUZDQ+SimSun" bbox="462.960,617.669,473.520,628.229" colourspace="ICCBased" ncolour="[0]" size="10.560">脉</text>
                <text font="JQUZDQ+SimSun" bbox="473.520,617.669,484.080,628.229" colourspace="ICCBased" ncolour="[0]" size="10.560">血</text>
                <text font="JQUZDQ+SimSun" bbox="484.080,617.669,494.640,628.229" colourspace="ICCBased" ncolour="[0]" size="10.560">管</text>
                <text font="JQUZDQ+SimSun" bbox="494.640,617.669,505.200,628.229" colourspace="ICCBased" ncolour="[0]" size="10.560">旁</text>
                <text font="JQUZDQ+SimSun" bbox="505.200,617.669,515.760,628.229" colourspace="ICCBased" ncolour="[0]" size="10.560">路</text>
                <text font="JQUZDQ+SimSun" bbox="515.760,617.669,526.320,628.229" colourspace="ICCBased" ncolour="[0]" size="10.560">移</text>
                <text font="JQUZDQ+SimSun" bbox="526.080,617.669,536.640,628.229" colourspace="ICCBased" ncolour="[0]" size="10.560">植</text>
                <text font="JQUZDQ+SimSun" bbox="536.640,617.669,547.200,628.229" colourspace="ICCBased" ncolour="[0]" size="10.560">的</text>
                <text>
                </text>
            </textline>
            <textline bbox="210.480,602.072,252.477,612.632">
                <text font="JQUZDQ+SimSun" bbox="210.480,602.072,221.040,612.632" colourspace="ICCBased" ncolour="[0]" size="10.560">手</text>
                <text font="JQUZDQ+SimSun" bbox="221.040,602.072,231.600,612.632" colourspace="ICCBased" ncolour="[0]" size="10.560">术</text>
                <text font="JQUZDQ+SimSun" bbox="231.600,602.072,242.160,612.632" colourspace="ICCBased" ncolour="[0]" size="10.560">。</text>
                <text font="JTTPDQ+SimSun" bbox="242.160,602.072,247.440,612.632" colourspace="ICCBased" ncolour="[0]" size="10.560"> </text>
                <text font="JTTPDQ+SimSun" bbox="247.197,602.072,252.477,612.632" colourspace="ICCBased" ncolour="[0]" size="10.560"> </text>
                <text>
                </text>
            </textline>
            <textline bbox="210.480,586.469,547.200,597.029">
                <text font="JQUZDQ+SimSun" bbox="210.480,586.469,221.040,597.029" colourspace="ICCBased" ncolour="[0]" size="10.560">冠</text>
                <text font="JQUZDQ+SimSun" bbox="221.040,586.469,231.600,597.029" colourspace="ICCBased" ncolour="[0]" size="10.560">状</text>
                <text font="JQUZDQ+SimSun" bbox="231.600,586.469,242.160,597.029" colourspace="ICCBased" ncolour="[0]" size="10.560">动</text>
                <text font="JQUZDQ+SimSun" bbox="242.160,586.469,252.720,597.029" colourspace="ICCBased" ncolour="[0]" size="10.560">脉</text>
                <text font="JQUZDQ+SimSun" bbox="252.720,586.469,263.280,597.029" colourspace="ICCBased" ncolour="[0]" size="10.560">支</text>
                <text font="JQUZDQ+SimSun" bbox="263.280,586.469,273.840,597.029" colourspace="ICCBased" ncolour="[0]" size="10.560">架</text>
                <text font="JQUZDQ+SimSun" bbox="273.840,586.469,284.400,597.029" colourspace="ICCBased" ncolour="[0]" size="10.560">植</text>
                <text font="JQUZDQ+SimSun" bbox="284.160,586.469,294.720,597.029" colourspace="ICCBased" ncolour="[0]" size="10.560">入</text>
                <text font="JQUZDQ+SimSun" bbox="294.720,586.469,305.280,597.029" colourspace="ICCBased" ncolour="[0]" size="10.560">术</text>
                <text font="JQUZDQ+SimSun" bbox="305.280,586.469,315.840,597.029" colourspace="ICCBased" ncolour="[0]" size="10.560">、</text>
                <text font="JQUZDQ+SimSun" bbox="315.840,586.469,326.400,597.029" colourspace="ICCBased" ncolour="[0]" size="10.560">心</text>
                <text font="JQUZDQ+SimSun" bbox="326.400,586.469,336.960,597.029" colourspace="ICCBased" ncolour="[0]" size="10.560">导</text>
                <text font="JQUZDQ+SimSun" bbox="336.960,586.469,347.520,597.029" colourspace="ICCBased" ncolour="[0]" size="10.560">管</text>
                <text font="JQUZDQ+SimSun" bbox="347.280,586.469,357.840,597.029" colourspace="ICCBased" ncolour="[0]" size="10.560">球</text>
                <text font="JQUZDQ+SimSun" bbox="357.840,586.469,368.400,597.029" colourspace="ICCBased" ncolour="[0]" size="10.560">囊</text>
                <text font="JQUZDQ+SimSun" bbox="368.400,586.469,378.960,597.029" colourspace="ICCBased" ncolour="[0]" size="10.560">扩</text>
                <text font="JQUZDQ+SimSun" bbox="378.960,586.469,389.520,597.029" colourspace="ICCBased" ncolour="[0]" size="10.560">张</text>
                <text font="JQUZDQ+SimSun" bbox="389.520,586.469,400.080,597.029" colourspace="ICCBased" ncolour="[0]" size="10.560">术</text>
                <text font="JQUZDQ+SimSun" bbox="399.840,586.469,410.400,597.029" colourspace="ICCBased" ncolour="[0]" size="10.560">、</text>
                <text font="JQUZDQ+SimSun" bbox="410.400,586.469,420.960,597.029" colourspace="ICCBased" ncolour="[0]" size="10.560">激</text>
                <text font="JQUZDQ+SimSun" bbox="420.960,586.469,431.520,597.029" colourspace="ICCBased" ncolour="[0]" size="10.560">光</text>
                <text font="JQUZDQ+SimSun" bbox="431.520,586.469,442.080,597.029" colourspace="ICCBased" ncolour="[0]" size="10.560">射</text>
                <text font="JQUZDQ+SimSun" bbox="442.080,586.469,452.640,597.029" colourspace="ICCBased" ncolour="[0]" size="10.560">频</text>
                <text font="JQUZDQ+SimSun" bbox="452.400,586.469,462.960,597.029" colourspace="ICCBased" ncolour="[0]" size="10.560">技</text>
                <text font="JQUZDQ+SimSun" bbox="462.960,586.469,473.520,597.029" colourspace="ICCBased" ncolour="[0]" size="10.560">术</text>
                <text font="JQUZDQ+SimSun" bbox="473.520,586.469,484.080,597.029" colourspace="ICCBased" ncolour="[0]" size="10.560">及</text>
                <text font="JQUZDQ+SimSun" bbox="484.080,586.469,494.640,597.029" colourspace="ICCBased" ncolour="[0]" size="10.560">其</text>
                <text font="JQUZDQ+SimSun" bbox="494.640,586.469,505.200,597.029" colourspace="ICCBased" ncolour="[0]" size="10.560">它</text>
                <text font="JQUZDQ+SimSun" bbox="505.200,586.469,515.760,597.029" colourspace="ICCBased" ncolour="[0]" size="10.560">非</text>
                <text font="JQUZDQ+SimSun" bbox="515.760,586.469,526.320,597.029" colourspace="ICCBased" ncolour="[0]" size="10.560">开</text>
                <text font="JQUZDQ+SimSun" bbox="526.080,586.469,536.640,597.029" colourspace="ICCBased" ncolour="[0]" size="10.560">胸</text>
                <text font="JQUZDQ+SimSun" bbox="536.640,586.469,547.200,597.029" colourspace="ICCBased" ncolour="[0]" size="10.560">的</text>
                <text>
                </text>
            </textline>
            <textline bbox="210.480,570.869,394.320,581.429">
                <text font="JQUZDQ+SimSun" bbox="210.480,570.869,221.040,581.429" colourspace="ICCBased" ncolour="[0]" size="10.560">介</text>
                <text font="JQUZDQ+SimSun" bbox="221.040,570.869,231.600,581.429" colourspace="ICCBased" ncolour="[0]" size="10.560">入</text>
                <text font="JQUZDQ+SimSun" bbox="231.600,570.869,242.160,581.429" colourspace="ICCBased" ncolour="[0]" size="10.560">手</text>
                <text font="JQUZDQ+SimSun" bbox="242.160,570.869,252.720,581.429" colourspace="ICCBased" ncolour="[0]" size="10.560">术</text>
                <text font="JQUZDQ+SimSun" bbox="252.720,570.869,263.280,581.429" colourspace="ICCBased" ncolour="[0]" size="10.560">、</text>
                <text font="JQUZDQ+SimSun" bbox="263.040,570.869,273.600,581.429" colourspace="ICCBased" ncolour="[0]" size="10.560">腔</text>
                <text font="JQUZDQ+SimSun" bbox="273.600,570.869,284.160,581.429" colourspace="ICCBased" ncolour="[0]" size="10.560">镜</text>
                <text font="JQUZDQ+SimSun" bbox="284.160,570.869,294.720,581.429" colourspace="ICCBased" ncolour="[0]" size="10.560">手</text>
                <text font="JQUZDQ+SimSun" bbox="294.720,570.869,305.280,581.429" colourspace="ICCBased" ncolour="[0]" size="10.560">术</text>
                <text font="JQUZDQ+SimSun" bbox="305.040,570.869,315.600,581.429" colourspace="ICCBased" ncolour="[0]" size="10.560">不</text>
                <text font="JQUZDQ+SimSun" bbox="315.600,570.869,326.160,581.429" colourspace="ICCBased" ncolour="[0]" size="10.560">在</text>
                <text font="JQUZDQ+SimSun" bbox="326.160,570.869,336.720,581.429" colourspace="ICCBased" ncolour="[0]" size="10.560">保</text>
                <text font="JQUZDQ+SimSun" bbox="336.720,570.869,347.280,581.429" colourspace="ICCBased" ncolour="[0]" size="10.560">障</text>
                <text font="JQUZDQ+SimSun" bbox="347.040,570.869,357.600,581.429" colourspace="ICCBased" ncolour="[0]" size="10.560">范</text>
                <text font="JQUZDQ+SimSun" bbox="357.600,570.869,368.160,581.429" colourspace="ICCBased" ncolour="[0]" size="10.560">围</text>
                <text font="JQUZDQ+SimSun" bbox="368.160,570.869,378.720,581.429" colourspace="ICCBased" ncolour="[0]" size="10.560">内</text>
                <text font="JQUZDQ+SimSun" bbox="378.720,570.869,389.280,581.429" colourspace="ICCBased" ncolour="[0]" size="10.560">。</text>
                <text font="JTTPDQ+SimSun" bbox="389.040,570.869,394.320,581.429" colourspace="ICCBased" ncolour="[0]" size="10.560"> </text>
                <text>
                </text>
            </textline>
            <textline bbox="210.480,555.269,215.760,565.829">
                <text font="JTTPDQ+SimSun" bbox="210.480,555.269,215.760,565.829" colourspace="ICCBased" ncolour="[0]" size="10.560"> </text>
                <text>
                </text>
            </textline>
            <textline bbox="210.480,541.109,547.200,551.669">
                <text font="JQUZDQ+SimSun" bbox="210.480,541.109,221.040,551.669" colourspace="ICCBased" ncolour="[0]" size="10.560">指</text>
                <text font="JQUZDQ+SimSun" bbox="221.040,541.109,231.600,551.669" colourspace="ICCBased" ncolour="[0]" size="10.560">为</text>
                <text font="JQUZDQ+SimSun" bbox="231.600,541.109,242.160,551.669" colourspace="ICCBased" ncolour="[0]" size="10.560">治</text>
                <text font="JQUZDQ+SimSun" bbox="242.160,541.109,252.720,551.669" colourspace="ICCBased" ncolour="[0]" size="10.560">疗</text>
                <text font="JQUZDQ+SimSun" bbox="252.720,541.109,263.280,551.669" colourspace="ICCBased" ncolour="[0]" size="10.560">主</text>
                <text font="JQUZDQ+SimSun" bbox="263.280,541.109,273.840,551.669" colourspace="ICCBased" ncolour="[0]" size="10.560">动</text>
                <text font="JQUZDQ+SimSun" bbox="273.840,541.109,284.400,551.669" colourspace="ICCBased" ncolour="[0]" size="10.560">脉</text>
                <text font="JQUZDQ+SimSun" bbox="284.160,541.109,294.720,551.669" colourspace="ICCBased" ncolour="[0]" size="10.560">疾</text>
                <text font="JQUZDQ+SimSun" bbox="294.720,541.109,305.280,551.669" colourspace="ICCBased" ncolour="[0]" size="10.560">病</text>
                <text font="JQUZDQ+SimSun" bbox="305.280,541.109,315.840,551.669" colourspace="ICCBased" ncolour="[0]" size="10.560">，</text>
                <text font="JQUZDQ+SimSun" bbox="315.840,541.109,326.400,551.669" colourspace="ICCBased" ncolour="[0]" size="10.560">实</text>
                <text font="JQUZDQ+SimSun" bbox="326.400,541.109,336.960,551.669" colourspace="ICCBased" ncolour="[0]" size="10.560">际</text>
                <text font="JQUZDQ+SimSun" bbox="336.960,541.109,347.520,551.669" colourspace="ICCBased" ncolour="[0]" size="10.560">实</text>
                <text font="JQUZDQ+SimSun" bbox="347.280,541.109,357.840,551.669" colourspace="ICCBased" ncolour="[0]" size="10.560">施</text>
                <text font="JQUZDQ+SimSun" bbox="357.840,541.109,368.400,551.669" colourspace="ICCBased" ncolour="[0]" size="10.560">了</text>
                <text font="JQUZDQ+SimSun" bbox="368.400,541.109,378.960,551.669" colourspace="ICCBased" ncolour="[0]" size="10.560">开</text>
                <text font="JQUZDQ+SimSun" bbox="378.960,541.109,389.520,551.669" colourspace="ICCBased" ncolour="[0]" size="10.560">胸</text>
                <text font="JQUZDQ+SimSun" bbox="389.520,541.109,400.080,551.669" colourspace="ICCBased" ncolour="[0]" size="10.560">或</text>
                <text font="JQUZDQ+SimSun" bbox="399.840,541.109,410.400,551.669" colourspace="ICCBased" ncolour="[0]" size="10.560">开</text>
                <text font="JQUZDQ+SimSun" bbox="410.400,541.109,420.960,551.669" colourspace="ICCBased" ncolour="[0]" size="10.560">腹</text>
                <text font="JQUZDQ+SimSun" bbox="420.960,541.109,431.520,551.669" colourspace="ICCBased" ncolour="[0]" size="10.560">进</text>
                <text font="JQUZDQ+SimSun" bbox="431.520,541.109,442.080,551.669" colourspace="ICCBased" ncolour="[0]" size="10.560">行</text>
                <text font="JQUZDQ+SimSun" bbox="442.080,541.109,452.640,551.669" colourspace="ICCBased" ncolour="[0]" size="10.560">的</text>
                <text font="JQUZDQ+SimSun" bbox="452.400,541.109,462.960,551.669" colourspace="ICCBased" ncolour="[0]" size="10.560">切</text>
                <text font="JQUZDQ+SimSun" bbox="462.960,541.109,473.520,551.669" colourspace="ICCBased" ncolour="[0]" size="10.560">除</text>
                <text font="JQUZDQ+SimSun" bbox="473.520,541.109,484.080,551.669" colourspace="ICCBased" ncolour="[0]" size="10.560">、</text>
                <text font="JQUZDQ+SimSun" bbox="484.080,541.109,494.640,551.669" colourspace="ICCBased" ncolour="[0]" size="10.560">置</text>
                <text font="JQUZDQ+SimSun" bbox="494.640,541.109,505.200,551.669" colourspace="ICCBased" ncolour="[0]" size="10.560">换</text>
                <text font="JQUZDQ+SimSun" bbox="505.200,541.109,515.760,551.669" colourspace="ICCBased" ncolour="[0]" size="10.560">、</text>
                <text font="JQUZDQ+SimSun" bbox="515.760,541.109,526.320,551.669" colourspace="ICCBased" ncolour="[0]" size="10.560">修</text>
                <text font="JQUZDQ+SimSun" bbox="526.080,541.109,536.640,551.669" colourspace="ICCBased" ncolour="[0]" size="10.560">补</text>
                <text font="JQUZDQ+SimSun" bbox="536.640,541.109,547.200,551.669" colourspace="ICCBased" ncolour="[0]" size="10.560">病</text>
                <text>
                </text>
            </textline>
            <textline bbox="210.480,525.512,320.642,536.072">
                <text font="JQUZDQ+SimSun" bbox="210.480,525.512,221.040,536.072" colourspace="ICCBased" ncolour="[0]" size="10.560">损</text>
                <text font="JQUZDQ+SimSun" bbox="221.040,525.512,231.600,536.072" colourspace="ICCBased" ncolour="[0]" size="10.560">主</text>
                <text font="JQUZDQ+SimSun" bbox="231.600,525.512,242.160,536.072" colourspace="ICCBased" ncolour="[0]" size="10.560">动</text>
                <text font="JQUZDQ+SimSun" bbox="242.160,525.512,252.720,536.072" colourspace="ICCBased" ncolour="[0]" size="10.560">脉</text>
                <text font="JQUZDQ+SimSun" bbox="252.720,525.512,263.280,536.072" colourspace="ICCBased" ncolour="[0]" size="10.560">血</text>
                <text font="JQUZDQ+SimSun" bbox="263.040,525.512,273.600,536.072" colourspace="ICCBased" ncolour="[0]" size="10.560">管</text>
                <text font="JQUZDQ+SimSun" bbox="273.600,525.512,284.160,536.072" colourspace="ICCBased" ncolour="[0]" size="10.560">的</text>
                <text font="JQUZDQ+SimSun" bbox="284.160,525.512,294.720,536.072" colourspace="ICCBased" ncolour="[0]" size="10.560">手</text>
                <text font="JQUZDQ+SimSun" bbox="294.720,525.512,305.280,536.072" colourspace="ICCBased" ncolour="[0]" size="10.560">术</text>
                <text font="JQUZDQ+SimSun" bbox="305.040,525.512,315.600,536.072" colourspace="ICCBased" ncolour="[0]" size="10.560">。</text>
                <text font="JTTPDQ+SimSun" bbox="315.362,525.512,320.642,536.072" colourspace="ICCBased" ncolour="[0]" size="10.560"> </text>
                <text>
                </text>
            </textline>
            <textline bbox="210.480,509.909,557.040,520.469">
                <text font="JQUZDQ+SimSun" bbox="210.480,509.909,221.040,520.469" colourspace="ICCBased" ncolour="[0]" size="10.560">主</text>
                <text font="JQUZDQ+SimSun" bbox="221.040,509.909,231.600,520.469" colourspace="ICCBased" ncolour="[0]" size="10.560">动</text>
                <text font="JQUZDQ+SimSun" bbox="231.600,509.909,242.160,520.469" colourspace="ICCBased" ncolour="[0]" size="10.560">脉</text>
                <text font="JQUZDQ+SimSun" bbox="242.160,509.909,252.720,520.469" colourspace="ICCBased" ncolour="[0]" size="10.560">指</text>
                <text font="JQUZDQ+SimSun" bbox="252.720,509.909,263.280,520.469" colourspace="ICCBased" ncolour="[0]" size="10.560">胸</text>
                <text font="JQUZDQ+SimSun" bbox="263.040,509.909,273.600,520.469" colourspace="ICCBased" ncolour="[0]" size="10.560">主</text>
                <text font="JQUZDQ+SimSun" bbox="273.600,509.909,284.160,520.469" colourspace="ICCBased" ncolour="[0]" size="10.560">动</text>
                <text font="JQUZDQ+SimSun" bbox="284.160,509.909,294.720,520.469" colourspace="ICCBased" ncolour="[0]" size="10.560">脉</text>
                <text font="JQUZDQ+SimSun" bbox="294.720,509.909,305.280,520.469" colourspace="ICCBased" ncolour="[0]" size="10.560">和</text>
                <text font="JQUZDQ+SimSun" bbox="305.040,509.909,315.600,520.469" colourspace="ICCBased" ncolour="[0]" size="10.560">腹</text>
                <text font="JQUZDQ+SimSun" bbox="315.600,509.909,326.160,520.469" colourspace="ICCBased" ncolour="[0]" size="10.560">主</text>
                <text font="JQUZDQ+SimSun" bbox="326.160,509.909,336.720,520.469" colourspace="ICCBased" ncolour="[0]" size="10.560">动</text>
                <text font="JQUZDQ+SimSun" bbox="336.720,509.909,347.280,520.469" colourspace="ICCBased" ncolour="[0]" size="10.560">脉</text>
                <text font="JQUZDQ+SimSun" bbox="347.040,509.909,357.600,520.469" colourspace="ICCBased" ncolour="[0]" size="10.560">，</text>
                <text font="JQUZDQ+SimSun" bbox="357.600,509.909,368.160,520.469" colourspace="ICCBased" ncolour="[0]" size="10.560">不</text>
                <text font="JQUZDQ+SimSun" bbox="368.160,509.909,378.720,520.469" colourspace="ICCBased" ncolour="[0]" size="10.560">包</text>
                <text font="JQUZDQ+SimSun" bbox="378.720,509.909,389.280,520.469" colourspace="ICCBased" ncolour="[0]" size="10.560">括</text>
                <text font="JQUZDQ+SimSun" bbox="389.040,509.909,399.600,520.469" colourspace="ICCBased" ncolour="[0]" size="10.560">胸</text>
                <text font="JQUZDQ+SimSun" bbox="399.600,509.909,410.160,520.469" colourspace="ICCBased" ncolour="[0]" size="10.560">主</text>
                <text font="JQUZDQ+SimSun" bbox="410.160,509.909,420.720,520.469" colourspace="ICCBased" ncolour="[0]" size="10.560">动</text>
                <text font="JQUZDQ+SimSun" bbox="420.720,509.909,431.280,520.469" colourspace="ICCBased" ncolour="[0]" size="10.560">脉</text>
                <text font="JQUZDQ+SimSun" bbox="431.040,509.909,441.600,520.469" colourspace="ICCBased" ncolour="[0]" size="10.560">和</text>
                <text font="JQUZDQ+SimSun" bbox="441.600,509.909,452.160,520.469" colourspace="ICCBased" ncolour="[0]" size="10.560">腹</text>
                <text font="JQUZDQ+SimSun" bbox="451.920,509.909,462.480,520.469" colourspace="ICCBased" ncolour="[0]" size="10.560">主</text>
                <text font="JQUZDQ+SimSun" bbox="462.480,509.909,473.040,520.469" colourspace="ICCBased" ncolour="[0]" size="10.560">动</text>
                <text font="JQUZDQ+SimSun" bbox="473.040,509.909,483.600,520.469" colourspace="ICCBased" ncolour="[0]" size="10.560">脉</text>
                <text font="JQUZDQ+SimSun" bbox="483.600,509.909,494.160,520.469" colourspace="ICCBased" ncolour="[0]" size="10.560">的</text>
                <text font="JQUZDQ+SimSun" bbox="494.160,509.909,504.720,520.469" colourspace="ICCBased" ncolour="[0]" size="10.560">分</text>
                <text font="JQUZDQ+SimSun" bbox="504.480,509.909,515.040,520.469" colourspace="ICCBased" ncolour="[0]" size="10.560">支</text>
                <text font="JQUZDQ+SimSun" bbox="515.040,509.909,525.600,520.469" colourspace="ICCBased" ncolour="[0]" size="10.560">血</text>
                <text font="JQUZDQ+SimSun" bbox="525.600,509.909,536.160,520.469" colourspace="ICCBased" ncolour="[0]" size="10.560">管</text>
                <text font="JQUZDQ+SimSun" bbox="536.160,509.909,546.720,520.469" colourspace="ICCBased" ncolour="[0]" size="10.560">。</text>
                <text font="JTTPDQ+SimSun" bbox="546.720,509.909,552.000,520.469" colourspace="ICCBased" ncolour="[0]" size="10.560"> </text>
                <text font="JTTPDQ+SimSun" bbox="551.760,509.909,557.040,520.469" colourspace="ICCBased" ncolour="[0]" size="10.560"> </text>
                <text>
                </text>
            </textline>
            <textline bbox="210.480,494.309,383.760,504.869">
                <text font="JQUZDQ+SimSun" bbox="210.480,494.309,221.040,504.869" colourspace="ICCBased" ncolour="[0]" size="10.560">动</text>
                <text font="JQUZDQ+SimSun" bbox="221.040,494.309,231.600,504.869" colourspace="ICCBased" ncolour="[0]" size="10.560">脉</text>
                <text font="JQUZDQ+SimSun" bbox="231.600,494.309,242.160,504.869" colourspace="ICCBased" ncolour="[0]" size="10.560">内</text>
                <text font="JQUZDQ+SimSun" bbox="242.160,494.309,252.720,504.869" colourspace="ICCBased" ncolour="[0]" size="10.560">血</text>
                <text font="JQUZDQ+SimSun" bbox="252.720,494.309,263.280,504.869" colourspace="ICCBased" ncolour="[0]" size="10.560">管</text>
                <text font="JQUZDQ+SimSun" bbox="263.040,494.309,273.600,504.869" colourspace="ICCBased" ncolour="[0]" size="10.560">成</text>
                <text font="JQUZDQ+SimSun" bbox="273.600,494.309,284.160,504.869" colourspace="ICCBased" ncolour="[0]" size="10.560">形</text>
                <text font="JQUZDQ+SimSun" bbox="284.160,494.309,294.720,504.869" colourspace="ICCBased" ncolour="[0]" size="10.560">术</text>
                <text font="JQUZDQ+SimSun" bbox="294.720,494.309,305.280,504.869" colourspace="ICCBased" ncolour="[0]" size="10.560">不</text>
                <text font="JQUZDQ+SimSun" bbox="305.040,494.309,315.600,504.869" colourspace="ICCBased" ncolour="[0]" size="10.560">在</text>
                <text font="JQUZDQ+SimSun" bbox="315.600,494.309,326.160,504.869" colourspace="ICCBased" ncolour="[0]" size="10.560">保</text>
                <text font="JQUZDQ+SimSun" bbox="326.160,494.309,336.720,504.869" colourspace="ICCBased" ncolour="[0]" size="10.560">障</text>
                <text font="JQUZDQ+SimSun" bbox="336.720,494.309,347.280,504.869" colourspace="ICCBased" ncolour="[0]" size="10.560">范</text>
                <text font="JQUZDQ+SimSun" bbox="347.040,494.309,357.600,504.869" colourspace="ICCBased" ncolour="[0]" size="10.560">围</text>
                <text font="JQUZDQ+SimSun" bbox="357.600,494.309,368.160,504.869" colourspace="ICCBased" ncolour="[0]" size="10.560">内</text>
                <text font="JQUZDQ+SimSun" bbox="368.160,494.309,378.720,504.869" colourspace="ICCBased" ncolour="[0]" size="10.560">。</text>
                <text font="JTTPDQ+SimSun" bbox="378.480,494.309,383.760,504.869" colourspace="ICCBased" ncolour="[0]" size="10.560"> </text>
                <text>
                </text>
            </textline>
            <textline bbox="210.480,478.709,215.760,489.269">
                <text font="JTTPDQ+SimSun" bbox="210.480,478.709,215.760,489.269" colourspace="ICCBased" ncolour="[0]" size="10.560"> </text>
                <text>
                </text>
            </textline>
            <textline bbox="210.480,465.894,547.196,476.549">
                <text font="JQUZDQ+SimSun" bbox="210.480,465.989,221.040,476.549" colourspace="ICCBased" ncolour="[0]" size="10.560">指</text>
                <text font="JQUZDQ+SimSun" bbox="221.040,465.989,231.600,476.549" colourspace="ICCBased" ncolour="[0]" size="10.560">因</text>
                <text font="JQUZDQ+SimSun" bbox="231.600,465.989,242.160,476.549" colourspace="ICCBased" ncolour="[0]" size="10.560">感</text>
                <text font="JQUZDQ+SimSun" bbox="242.160,465.989,252.720,476.549" colourspace="ICCBased" ncolour="[0]" size="10.560">染</text>
                <text font="JQUZDQ+SimSun" bbox="252.720,465.989,263.280,476.549" colourspace="ICCBased" ncolour="[0]" size="10.560">性</text>
                <text font="JQUZDQ+SimSun" bbox="263.280,465.989,273.840,476.549" colourspace="ICCBased" ncolour="[0]" size="10.560">微</text>
                <text font="JQUZDQ+SimSun" bbox="273.840,465.989,284.400,476.549" colourspace="ICCBased" ncolour="[0]" size="10.560">生</text>
                <text font="JQUZDQ+SimSun" bbox="284.160,465.989,294.720,476.549" colourspace="ICCBased" ncolour="[0]" size="10.560">物</text>
                <text font="JQUZDQ+SimSun" bbox="294.720,465.989,305.280,476.549" colourspace="ICCBased" ncolour="[0]" size="10.560">造</text>
                <text font="JQUZDQ+SimSun" bbox="305.280,465.989,315.840,476.549" colourspace="ICCBased" ncolour="[0]" size="10.560">成</text>
                <text font="JQUZDQ+SimSun" bbox="315.840,465.989,326.400,476.549" colourspace="ICCBased" ncolour="[0]" size="10.560">心</text>
                <text font="JQUZDQ+SimSun" bbox="326.400,465.989,336.960,476.549" colourspace="ICCBased" ncolour="[0]" size="10.560">脏</text>
                <text font="JQUZDQ+SimSun" bbox="336.960,465.989,347.520,476.549" colourspace="ICCBased" ncolour="[0]" size="10.560">内</text>
                <text font="JQUZDQ+SimSun" bbox="347.280,465.989,357.840,476.549" colourspace="ICCBased" ncolour="[0]" size="10.560">膜</text>
                <text font="JQUZDQ+SimSun" bbox="357.840,465.989,368.400,476.549" colourspace="ICCBased" ncolour="[0]" size="10.560">发</text>
                <text font="JQUZDQ+SimSun" bbox="368.400,465.989,378.960,476.549" colourspace="ICCBased" ncolour="[0]" size="10.560">炎</text>
                <text font="JQUZDQ+SimSun" bbox="378.960,465.989,389.520,476.549" colourspace="ICCBased" ncolour="[0]" size="10.560">，</text>
                <text font="JQUZDQ+SimSun" bbox="389.520,465.989,400.080,476.549" colourspace="ICCBased" ncolour="[0]" size="10.560">经</text>
                <text font="JQUZDQ+SimSun" bbox="399.840,465.989,410.400,476.549" colourspace="ICCBased" ncolour="[0]" size="10.560">由</text>
                <text font="JQUZDQ+SimSun" bbox="410.400,465.989,420.960,476.549" colourspace="ICCBased" ncolour="[0]" size="10.560">专</text>
                <text font="JQUZDQ+SimSun" bbox="420.960,465.989,431.520,476.549" colourspace="ICCBased" ncolour="[0]" size="10.560">科</text>
                <text font="JQUZDQ+SimSun" bbox="431.520,465.989,442.080,476.549" colourspace="ICCBased" ncolour="[0]" size="10.560">医</text>
                <text font="JQUZDQ+SimSun" bbox="442.080,465.989,452.640,476.549" colourspace="ICCBased" ncolour="[0]" size="10.560">生</text>
                <text font="JQUZDQ+SimSun" bbox="452.400,465.989,462.960,476.549" colourspace="ICCBased" ncolour="[0]" size="10.560">确</text>
                <text font="JQUZDQ+SimSun" bbox="462.960,465.989,473.520,476.549" colourspace="ICCBased" ncolour="[0]" size="10.560">诊</text>
                <text font="JQUZDQ+SimSun" bbox="473.520,465.989,484.080,476.549" colourspace="ICCBased" ncolour="[0]" size="10.560">，</text>
                <text font="JQUZDQ+SimSun" bbox="484.080,465.989,494.640,476.549" colourspace="ICCBased" ncolour="[0]" size="10.560">并</text>
                <text font="JQUZDQ+SimSun" bbox="494.640,465.989,505.200,476.549" colourspace="ICCBased" ncolour="[0]" size="10.560">符</text>
                <text font="JQUZDQ+SimSun" bbox="505.200,465.989,515.760,476.549" colourspace="ICCBased" ncolour="[0]" size="10.560">合</text>
                <text font="JQUZDQ+SimSun" bbox="515.760,465.989,526.320,476.549" colourspace="ICCBased" ncolour="[0]" size="10.560">下</text>
                <text font="JUMADQ+Batang" bbox="526.076,465.894,536.636,476.454" colourspace="ICCBased" ncolour="[0]" size="10.560">列</text>
                <text font="JQUZDQ+SimSun" bbox="536.636,465.989,547.196,476.549" colourspace="ICCBased" ncolour="[0]" size="10.560">所</text>
                <text>
                </text>
            </textline>
            <textline bbox="210.480,450.392,252.477,460.952">
                <text font="JQUZDQ+SimSun" bbox="210.480,450.392,221.040,460.952" colourspace="ICCBased" ncolour="[0]" size="10.560">有</text>
                <text font="JQUZDQ+SimSun" bbox="221.040,450.392,231.600,460.952" colourspace="ICCBased" ncolour="[0]" size="10.560">条</text>
                <text font="JQUZDQ+SimSun" bbox="231.600,450.392,242.160,460.952" colourspace="ICCBased" ncolour="[0]" size="10.560">件</text>
                <text font="JTTPDQ+SimSun" bbox="242.160,450.392,247.440,460.952" colourspace="ICCBased" ncolour="[0]" size="10.560">:</text>
                <text font="JTTPDQ+SimSun" bbox="247.197,450.392,252.477,460.952" colourspace="ICCBased" ncolour="[0]" size="10.560"> </text>
                <text>
                </text>
            </textline>
            <textline bbox="210.480,434.795,546.478,445.355">
                <text font="JQUZDQ+SimSun" bbox="210.480,434.795,221.040,445.355" colourspace="ICCBased" ncolour="[0]" size="10.560">（</text>
                <text font="JTTPDQ+SimSun" bbox="221.040,434.795,226.320,445.355" colourspace="ICCBased" ncolour="[0]" size="10.560">1</text>
                <text font="JQUZDQ+SimSun" bbox="226.320,434.795,236.880,445.355" colourspace="ICCBased" ncolour="[0]" size="10.560">）</text>
                <text font="JQUZDQ+SimSun" bbox="236.880,434.795,247.440,445.355" colourspace="ICCBased" ncolour="[0]" size="10.560">以</text>
                <text font="JQUZDQ+SimSun" bbox="247.440,434.795,258.000,445.355" colourspace="ICCBased" ncolour="[0]" size="10.560">下</text>
                <text font="JQUZDQ+SimSun" bbox="258.000,434.795,268.560,445.355" colourspace="ICCBased" ncolour="[0]" size="10.560">方</text>
                <text font="JQUZDQ+SimSun" bbox="268.320,434.795,278.880,445.355" colourspace="ICCBased" ncolour="[0]" size="10.560">法</text>
                <text font="JQUZDQ+SimSun" bbox="278.880,434.795,289.440,445.355" colourspace="ICCBased" ncolour="[0]" size="10.560">之</text>
                <text font="JQUZDQ+SimSun" bbox="289.440,434.795,300.000,445.355" colourspace="ICCBased" ncolour="[0]" size="10.560">一</text>
                <text font="JQUZDQ+SimSun" bbox="300.000,434.795,310.560,445.355" colourspace="ICCBased" ncolour="[0]" size="10.560">血</text>
                <text font="JQUZDQ+SimSun" bbox="310.320,434.795,320.880,445.355" colourspace="ICCBased" ncolour="[0]" size="10.560">液</text>
                <text font="JQUZDQ+SimSun" bbox="320.880,434.795,331.440,445.355" colourspace="ICCBased" ncolour="[0]" size="10.560">培</text>
                <text font="JQUZDQ+SimSun" bbox="331.440,434.795,342.000,445.355" colourspace="ICCBased" ncolour="[0]" size="10.560">养</text>
                <text font="JQUZDQ+SimSun" bbox="342.000,434.795,352.560,445.355" colourspace="ICCBased" ncolour="[0]" size="10.560">测</text>
                <text font="JQUZDQ+SimSun" bbox="352.320,434.795,362.880,445.355" colourspace="ICCBased" ncolour="[0]" size="10.560">试</text>
                <text font="JQUZDQ+SimSun" bbox="362.880,434.795,373.440,445.355" colourspace="ICCBased" ncolour="[0]" size="10.560">结</text>
                <text font="JQUZDQ+SimSun" bbox="373.440,434.795,384.000,445.355" colourspace="ICCBased" ncolour="[0]" size="10.560">果</text>
                <text font="JQUZDQ+SimSun" bbox="384.000,434.795,394.560,445.355" colourspace="ICCBased" ncolour="[0]" size="10.560">为</text>
                <text font="JQUZDQ+SimSun" bbox="394.320,434.795,404.880,445.355" colourspace="ICCBased" ncolour="[0]" size="10.560">阳</text>
                <text font="JQUZDQ+SimSun" bbox="404.880,434.795,415.440,445.355" colourspace="ICCBased" ncolour="[0]" size="10.560">性</text>
                <text font="JQUZDQ+SimSun" bbox="415.440,434.795,426.000,445.355" colourspace="ICCBased" ncolour="[0]" size="10.560">，</text>
                <text font="JQUZDQ+SimSun" bbox="425.760,434.795,436.320,445.355" colourspace="ICCBased" ncolour="[0]" size="10.560">证</text>
                <text font="JQUZDQ+SimSun" bbox="436.320,434.795,446.880,445.355" colourspace="ICCBased" ncolour="[0]" size="10.560">实</text>
                <text font="JQUZDQ+SimSun" bbox="446.640,434.795,457.200,445.355" colourspace="ICCBased" ncolour="[0]" size="10.560">存</text>
                <text font="JQUZDQ+SimSun" bbox="457.200,434.795,467.760,445.355" colourspace="ICCBased" ncolour="[0]" size="10.560">在</text>
                <text font="JQUZDQ+SimSun" bbox="467.760,434.795,478.320,445.355" colourspace="ICCBased" ncolour="[0]" size="10.560">感</text>
                <text font="JQUZDQ+SimSun" bbox="478.320,434.795,488.880,445.355" colourspace="ICCBased" ncolour="[0]" size="10.560">染</text>
                <text font="JQUZDQ+SimSun" bbox="488.880,434.795,499.440,445.355" colourspace="ICCBased" ncolour="[0]" size="10.560">性</text>
                <text font="JQUZDQ+SimSun" bbox="499.200,434.795,509.760,445.355" colourspace="ICCBased" ncolour="[0]" size="10.560">微</text>
                <text font="JQUZDQ+SimSun" bbox="509.760,434.795,520.320,445.355" colourspace="ICCBased" ncolour="[0]" size="10.560">生</text>
                <text font="JQUZDQ+SimSun" bbox="520.320,434.795,530.880,445.355" colourspace="ICCBased" ncolour="[0]" size="10.560">物</text>
                <text font="JQUZDQ+SimSun" bbox="530.880,434.795,541.440,445.355" colourspace="ICCBased" ncolour="[0]" size="10.560">：</text>
                <text font="JTTPDQ+SimSun" bbox="541.198,434.795,546.478,445.355" colourspace="ICCBased" ncolour="[0]" size="10.560"> </text>
                <text>
                </text>
            </textline>
            <textline bbox="215.760,419.197,546.478,429.757">
                <text font="JQUZDQ+SimSun" bbox="215.760,419.197,226.320,429.757" colourspace="ICCBased" ncolour="[0]" size="10.560">①</text>
                <text font="JTTPDQ+SimSun" bbox="226.320,419.197,231.600,429.757" colourspace="ICCBased" ncolour="[0]" size="10.560"> </text>
                <text font="JTTPDQ+SimSun" bbox="231.600,419.197,236.880,429.757" colourspace="ICCBased" ncolour="[0]" size="10.560"> </text>
                <text font="JQUZDQ+SimSun" bbox="236.880,419.197,247.440,429.757" colourspace="ICCBased" ncolour="[0]" size="10.560">微</text>
                <text font="JQUZDQ+SimSun" bbox="247.440,419.197,258.000,429.757" colourspace="ICCBased" ncolour="[0]" size="10.560">生</text>
                <text font="JQUZDQ+SimSun" bbox="258.000,419.197,268.560,429.757" colourspace="ICCBased" ncolour="[0]" size="10.560">物</text>
                <text font="JQUZDQ+SimSun" bbox="268.320,419.197,278.880,429.757" colourspace="ICCBased" ncolour="[0]" size="10.560">：</text>
                <text font="JQUZDQ+SimSun" bbox="278.880,419.197,289.440,429.757" colourspace="ICCBased" ncolour="[0]" size="10.560">在</text>
                <text font="JQUZDQ+SimSun" bbox="289.440,419.197,300.000,429.757" colourspace="ICCBased" ncolour="[0]" size="10.560">赘</text>
                <text font="JQUZDQ+SimSun" bbox="300.000,419.197,310.560,429.757" colourspace="ICCBased" ncolour="[0]" size="10.560">生</text>
                <text font="JQUZDQ+SimSun" bbox="310.320,419.197,320.880,429.757" colourspace="ICCBased" ncolour="[0]" size="10.560">物</text>
                <text font="JQUZDQ+SimSun" bbox="320.880,419.197,331.440,429.757" colourspace="ICCBased" ncolour="[0]" size="10.560">或</text>
                <text font="JQUZDQ+SimSun" bbox="331.440,419.197,342.000,429.757" colourspace="ICCBased" ncolour="[0]" size="10.560">心</text>
                <text font="JQUZDQ+SimSun" bbox="342.000,419.197,352.560,429.757" colourspace="ICCBased" ncolour="[0]" size="10.560">脏</text>
                <text font="JQUZDQ+SimSun" bbox="352.320,419.197,362.880,429.757" colourspace="ICCBased" ncolour="[0]" size="10.560">内</text>
                <text font="JQUZDQ+SimSun" bbox="362.880,419.197,373.440,429.757" colourspace="ICCBased" ncolour="[0]" size="10.560">脓</text>
                <text font="JQUZDQ+SimSun" bbox="373.440,419.197,384.000,429.757" colourspace="ICCBased" ncolour="[0]" size="10.560">疡</text>
                <text font="JQUZDQ+SimSun" bbox="384.000,419.197,394.560,429.757" colourspace="ICCBased" ncolour="[0]" size="10.560">经</text>
                <text font="JQUZDQ+SimSun" bbox="394.320,419.197,404.880,429.757" colourspace="ICCBased" ncolour="[0]" size="10.560">培</text>
                <text font="JQUZDQ+SimSun" bbox="404.880,419.197,415.440,429.757" colourspace="ICCBased" ncolour="[0]" size="10.560">养</text>
                <text font="JQUZDQ+SimSun" bbox="415.440,419.197,426.000,429.757" colourspace="ICCBased" ncolour="[0]" size="10.560">或</text>
                <text font="JQUZDQ+SimSun" bbox="426.000,419.197,436.560,429.757" colourspace="ICCBased" ncolour="[0]" size="10.560">组</text>
                <text font="JQUZDQ+SimSun" bbox="436.320,419.197,446.880,429.757" colourspace="ICCBased" ncolour="[0]" size="10.560">织</text>
                <text font="JQUZDQ+SimSun" bbox="446.880,419.197,457.440,429.757" colourspace="ICCBased" ncolour="[0]" size="10.560">检</text>
                <text font="JQUZDQ+SimSun" bbox="457.200,419.197,467.760,429.757" colourspace="ICCBased" ncolour="[0]" size="10.560">查</text>
                <text font="JQUZDQ+SimSun" bbox="467.760,419.197,478.320,429.757" colourspace="ICCBased" ncolour="[0]" size="10.560">证</text>
                <text font="JQUZDQ+SimSun" bbox="478.320,419.197,488.880,429.757" colourspace="ICCBased" ncolour="[0]" size="10.560">实</text>
                <text font="JQUZDQ+SimSun" bbox="488.880,419.197,499.440,429.757" colourspace="ICCBased" ncolour="[0]" size="10.560">有</text>
                <text font="JQUZDQ+SimSun" bbox="499.440,419.197,510.000,429.757" colourspace="ICCBased" ncolour="[0]" size="10.560">微</text>
                <text font="JQUZDQ+SimSun" bbox="509.760,419.197,520.320,429.757" colourspace="ICCBased" ncolour="[0]" size="10.560">生</text>
                <text font="JQUZDQ+SimSun" bbox="520.320,419.197,530.880,429.757" colourspace="ICCBased" ncolour="[0]" size="10.560">物</text>
                <text font="JQUZDQ+SimSun" bbox="530.880,419.197,541.440,429.757" colourspace="ICCBased" ncolour="[0]" size="10.560">；</text>
                <text font="JTTPDQ+SimSun" bbox="541.198,419.197,546.478,429.757" colourspace="ICCBased" ncolour="[0]" size="10.560"> </text>
                <text>
                </text>
            </textline>
            <textline bbox="215.760,403.494,552.240,414.160">
                <text font="JQUZDQ+SimSun" bbox="215.760,403.600,226.320,414.160" colourspace="ICCBased" ncolour="[0]" size="10.560">②</text>
                <text font="JTTPDQ+SimSun" bbox="226.320,403.600,231.600,414.160" colourspace="ICCBased" ncolour="[0]" size="10.560"> </text>
                <text font="JTTPDQ+SimSun" bbox="231.600,403.600,236.880,414.160" colourspace="ICCBased" ncolour="[0]" size="10.560"> </text>
                <text font="JQUZDQ+SimSun" bbox="236.880,403.589,247.440,414.149" colourspace="ICCBased" ncolour="[0]" size="10.560">病</text>
                <text font="JUMADQ+Batang" bbox="247.440,403.494,258.000,414.054" colourspace="ICCBased" ncolour="[0]" size="10.560">理</text>
                <text font="JQUZDQ+SimSun" bbox="258.000,403.589,268.560,414.149" colourspace="ICCBased" ncolour="[0]" size="10.560">性</text>
                <text font="JQUZDQ+SimSun" bbox="268.320,403.589,278.880,414.149" colourspace="ICCBased" ncolour="[0]" size="10.560">病</text>
                <text font="JQUZDQ+SimSun" bbox="278.880,403.589,289.440,414.149" colourspace="ICCBased" ncolour="[0]" size="10.560">灶</text>
                <text font="JQUZDQ+SimSun" bbox="289.440,403.589,300.000,414.149" colourspace="ICCBased" ncolour="[0]" size="10.560">：</text>
                <text font="JQUZDQ+SimSun" bbox="300.000,403.589,310.560,414.149" colourspace="ICCBased" ncolour="[0]" size="10.560">组</text>
                <text font="JQUZDQ+SimSun" bbox="310.321,403.589,320.881,414.149" colourspace="ICCBased" ncolour="[0]" size="10.560">织</text>
                <text font="JQUZDQ+SimSun" bbox="320.881,403.589,331.441,414.149" colourspace="ICCBased" ncolour="[0]" size="10.560">检</text>
                <text font="JQUZDQ+SimSun" bbox="331.441,403.589,342.001,414.149" colourspace="ICCBased" ncolour="[0]" size="10.560">查</text>
                <text font="JQUZDQ+SimSun" bbox="342.001,403.589,352.561,414.149" colourspace="ICCBased" ncolour="[0]" size="10.560">证</text>
                <text font="JQUZDQ+SimSun" bbox="352.320,403.589,362.880,414.149" colourspace="ICCBased" ncolour="[0]" size="10.560">实</text>
                <text font="JQUZDQ+SimSun" bbox="362.880,403.589,373.440,414.149" colourspace="ICCBased" ncolour="[0]" size="10.560">赘</text>
                <text font="JQUZDQ+SimSun" bbox="373.440,403.589,384.000,414.149" colourspace="ICCBased" ncolour="[0]" size="10.560">生</text>
                <text font="JQUZDQ+SimSun" bbox="384.000,403.589,394.560,414.149" colourspace="ICCBased" ncolour="[0]" size="10.560">物</text>
                <text font="JQUZDQ+SimSun" bbox="394.320,403.589,404.880,414.149" colourspace="ICCBased" ncolour="[0]" size="10.560">或</text>
                <text font="JQUZDQ+SimSun" bbox="404.880,403.589,415.440,414.149" colourspace="ICCBased" ncolour="[0]" size="10.560">心</text>
                <text font="JQUZDQ+SimSun" bbox="415.440,403.589,426.000,414.149" colourspace="ICCBased" ncolour="[0]" size="10.560">脏</text>
                <text font="JQUZDQ+SimSun" bbox="426.000,403.589,436.560,414.149" colourspace="ICCBased" ncolour="[0]" size="10.560">内</text>
                <text font="JQUZDQ+SimSun" bbox="436.320,403.589,446.880,414.149" colourspace="ICCBased" ncolour="[0]" size="10.560">脓</text>
                <text font="JQUZDQ+SimSun" bbox="446.880,403.589,457.440,414.149" colourspace="ICCBased" ncolour="[0]" size="10.560">疡</text>
                <text font="JQUZDQ+SimSun" bbox="457.200,403.589,467.760,414.149" colourspace="ICCBased" ncolour="[0]" size="10.560">有</text>
                <text font="JQUZDQ+SimSun" bbox="467.760,403.589,478.320,414.149" colourspace="ICCBased" ncolour="[0]" size="10.560">活</text>
                <text font="JQUZDQ+SimSun" bbox="478.320,403.589,488.880,414.149" colourspace="ICCBased" ncolour="[0]" size="10.560">动</text>
                <text font="JQUZDQ+SimSun" bbox="488.880,403.589,499.440,414.149" colourspace="ICCBased" ncolour="[0]" size="10.560">性</text>
                <text font="JQUZDQ+SimSun" bbox="499.440,403.589,510.000,414.149" colourspace="ICCBased" ncolour="[0]" size="10.560">心</text>
                <text font="JQUZDQ+SimSun" bbox="509.760,403.589,520.320,414.149" colourspace="ICCBased" ncolour="[0]" size="10.560">内</text>
                <text font="JQUZDQ+SimSun" bbox="520.320,403.589,530.880,414.149" colourspace="ICCBased" ncolour="[0]" size="10.560">膜</text>
                <text font="JQUZDQ+SimSun" bbox="530.880,403.589,541.440,414.149" colourspace="ICCBased" ncolour="[0]" size="10.560">炎</text>
                <text font="JQUZDQ+SimSun" bbox="541.440,403.589,552.000,414.149" colourspace="ICCBased" ncolour="[0]" size="10.560">；</text>
                <text font="JTTPDQ+SimSun" bbox="546.960,403.589,552.240,414.149" colourspace="ICCBased" ncolour="[0]" size="10.560"> </text>
                <text>
                </text>
            </textline>
            <textline bbox="215.760,387.989,493.921,398.549">
                <text font="JQUZDQ+SimSun" bbox="215.760,387.989,226.320,398.549" colourspace="ICCBased" ncolour="[0]" size="10.560">③</text>
                <text font="JTTPDQ+SimSun" bbox="226.320,387.989,231.600,398.549" colourspace="ICCBased" ncolour="[0]" size="10.560"> </text>
                <text font="JTTPDQ+SimSun" bbox="231.600,387.989,236.880,398.549" colourspace="ICCBased" ncolour="[0]" size="10.560"> </text>
                <text font="JQUZDQ+SimSun" bbox="236.880,387.989,247.440,398.549" colourspace="ICCBased" ncolour="[0]" size="10.560">分</text>
                <text font="JQUZDQ+SimSun" bbox="247.440,387.989,258.000,398.549" colourspace="ICCBased" ncolour="[0]" size="10.560">别</text>
                <text font="JQUZDQ+SimSun" bbox="258.000,387.989,268.560,398.549" colourspace="ICCBased" ncolour="[0]" size="10.560">两</text>
                <text font="JQUZDQ+SimSun" bbox="268.320,387.989,278.880,398.549" colourspace="ICCBased" ncolour="[0]" size="10.560">次</text>
                <text font="JQUZDQ+SimSun" bbox="278.880,387.989,289.440,398.549" colourspace="ICCBased" ncolour="[0]" size="10.560">血</text>
                <text font="JQUZDQ+SimSun" bbox="289.440,387.989,300.000,398.549" colourspace="ICCBased" ncolour="[0]" size="10.560">液</text>
                <text font="JQUZDQ+SimSun" bbox="300.000,387.989,310.560,398.549" colourspace="ICCBased" ncolour="[0]" size="10.560">培</text>
                <text font="JQUZDQ+SimSun" bbox="310.320,387.989,320.880,398.549" colourspace="ICCBased" ncolour="[0]" size="10.560">养</text>
                <text font="JQUZDQ+SimSun" bbox="320.880,387.989,331.440,398.549" colourspace="ICCBased" ncolour="[0]" size="10.560">证</text>
                <text font="JQUZDQ+SimSun" bbox="331.440,387.989,342.000,398.549" colourspace="ICCBased" ncolour="[0]" size="10.560">实</text>
                <text font="JQUZDQ+SimSun" bbox="342.000,387.989,352.560,398.549" colourspace="ICCBased" ncolour="[0]" size="10.560">有</text>
                <text font="JQUZDQ+SimSun" bbox="352.320,387.989,362.880,398.549" colourspace="ICCBased" ncolour="[0]" size="10.560">微</text>
                <text font="JQUZDQ+SimSun" bbox="362.880,387.989,373.440,398.549" colourspace="ICCBased" ncolour="[0]" size="10.560">生</text>
                <text font="JQUZDQ+SimSun" bbox="373.440,387.989,384.000,398.549" colourspace="ICCBased" ncolour="[0]" size="10.560">物</text>
                <text font="JQUZDQ+SimSun" bbox="384.000,387.989,394.560,398.549" colourspace="ICCBased" ncolour="[0]" size="10.560">，</text>
                <text font="JQUZDQ+SimSun" bbox="394.320,387.989,404.880,398.549" colourspace="ICCBased" ncolour="[0]" size="10.560">且</text>
                <text font="JQUZDQ+SimSun" bbox="404.880,387.989,415.440,398.549" colourspace="ICCBased" ncolour="[0]" size="10.560">与</text>
                <text font="JQUZDQ+SimSun" bbox="415.440,387.989,426.000,398.549" colourspace="ICCBased" ncolour="[0]" size="10.560">心</text>
                <text font="JQUZDQ+SimSun" bbox="426.000,387.989,436.560,398.549" colourspace="ICCBased" ncolour="[0]" size="10.560">内</text>
                <text font="JQUZDQ+SimSun" bbox="436.320,387.989,446.880,398.549" colourspace="ICCBased" ncolour="[0]" size="10.560">膜</text>
                <text font="JQUZDQ+SimSun" bbox="446.880,387.989,457.440,398.549" colourspace="ICCBased" ncolour="[0]" size="10.560">炎</text>
                <text font="JQUZDQ+SimSun" bbox="457.200,387.989,467.760,398.549" colourspace="ICCBased" ncolour="[0]" size="10.560">符</text>
                <text font="JQUZDQ+SimSun" bbox="467.760,387.989,478.320,398.549" colourspace="ICCBased" ncolour="[0]" size="10.560">合</text>
                <text font="JQUZDQ+SimSun" bbox="478.320,387.989,488.880,398.549" colourspace="ICCBased" ncolour="[0]" size="10.560">。</text>
                <text font="JTTPDQ+SimSun" bbox="488.641,387.989,493.921,398.549" colourspace="ICCBased" ncolour="[0]" size="10.560"> </text>
                <text>
                </text>
            </textline>
            <textline bbox="210.480,372.389,547.200,382.952">
                <text font="JQUZDQ+SimSun" bbox="210.480,372.392,221.040,382.952" colourspace="ICCBased" ncolour="[0]" size="10.560">（</text>
                <text font="JTTPDQ+SimSun" bbox="221.040,372.392,226.320,382.952" colourspace="ICCBased" ncolour="[0]" size="10.560">2</text>
                <text font="JQUZDQ+SimSun" bbox="226.320,372.389,236.880,382.949" colourspace="ICCBased" ncolour="[0]" size="10.560">）</text>
                <text font="JQUZDQ+SimSun" bbox="234.480,372.389,245.040,382.949" colourspace="ICCBased" ncolour="[0]" size="10.560">出</text>
                <text font="JQUZDQ+SimSun" bbox="245.040,372.389,255.600,382.949" colourspace="ICCBased" ncolour="[0]" size="10.560">现</text>
                <text font="JQUZDQ+SimSun" bbox="255.600,372.389,266.160,382.949" colourspace="ICCBased" ncolour="[0]" size="10.560">明</text>
                <text font="JQUZDQ+SimSun" bbox="265.920,372.389,276.480,382.949" colourspace="ICCBased" ncolour="[0]" size="10.560">显</text>
                <text font="JQUZDQ+SimSun" bbox="276.480,372.389,287.040,382.949" colourspace="ICCBased" ncolour="[0]" size="10.560">的</text>
                <text font="JQUZDQ+SimSun" bbox="287.040,372.389,297.600,382.949" colourspace="ICCBased" ncolour="[0]" size="10.560">心</text>
                <text font="JQUZDQ+SimSun" bbox="297.600,372.389,308.160,382.949" colourspace="ICCBased" ncolour="[0]" size="10.560">功</text>
                <text font="JQUZDQ+SimSun" bbox="307.920,372.389,318.480,382.949" colourspace="ICCBased" ncolour="[0]" size="10.560">能</text>
                <text font="JQUZDQ+SimSun" bbox="318.480,372.389,329.040,382.949" colourspace="ICCBased" ncolour="[0]" size="10.560">衰</text>
                <text font="JQUZDQ+SimSun" bbox="329.040,372.389,339.600,382.949" colourspace="ICCBased" ncolour="[0]" size="10.560">竭</text>
                <text font="JQUZDQ+SimSun" bbox="337.200,372.389,347.760,382.949" colourspace="ICCBased" ncolour="[0]" size="10.560">（</text>
                <text font="JQUZDQ+SimSun" bbox="347.520,372.389,358.080,382.949" colourspace="ICCBased" ncolour="[0]" size="10.560">指</text>
                <text font="JQUZDQ+SimSun" bbox="358.080,372.389,368.640,382.949" colourspace="ICCBased" ncolour="[0]" size="10.560">按</text>
                <text font="JQUZDQ+SimSun" bbox="368.640,372.389,379.200,382.949" colourspace="ICCBased" ncolour="[0]" size="10.560">照</text>
                <text font="JQUZDQ+SimSun" bbox="379.200,372.389,389.760,382.949" colourspace="ICCBased" ncolour="[0]" size="10.560">美</text>
                <text font="JQUZDQ+SimSun" bbox="389.520,372.389,400.080,382.949" colourspace="ICCBased" ncolour="[0]" size="10.560">国</text>
                <text font="JQUZDQ+SimSun" bbox="400.080,372.389,410.640,382.949" colourspace="ICCBased" ncolour="[0]" size="10.560">纽</text>
                <text font="JQUZDQ+SimSun" bbox="410.640,372.389,421.200,382.949" colourspace="ICCBased" ncolour="[0]" size="10.560">约</text>
                <text font="JQUZDQ+SimSun" bbox="421.200,372.389,431.760,382.949" colourspace="ICCBased" ncolour="[0]" size="10.560">心</text>
                <text font="JQUZDQ+SimSun" bbox="431.520,372.389,442.080,382.949" colourspace="ICCBased" ncolour="[0]" size="10.560">脏</text>
                <text font="JQUZDQ+SimSun" bbox="442.080,372.389,452.640,382.949" colourspace="ICCBased" ncolour="[0]" size="10.560">病</text>
                <text font="JQUZDQ+SimSun" bbox="452.400,372.389,462.960,382.949" colourspace="ICCBased" ncolour="[0]" size="10.560">学</text>
                <text font="JQUZDQ+SimSun" bbox="462.960,372.389,473.520,382.949" colourspace="ICCBased" ncolour="[0]" size="10.560">会</text>
                <text font="JQUZDQ+SimSun" bbox="473.520,372.389,484.080,382.949" colourspace="ICCBased" ncolour="[0]" size="10.560">提</text>
                <text font="JQUZDQ+SimSun" bbox="484.080,372.389,494.640,382.949" colourspace="ICCBased" ncolour="[0]" size="10.560">出</text>
                <text font="JQUZDQ+SimSun" bbox="494.640,372.389,505.200,382.949" colourspace="ICCBased" ncolour="[0]" size="10.560">的</text>
                <text font="JQUZDQ+SimSun" bbox="504.960,372.389,515.520,382.949" colourspace="ICCBased" ncolour="[0]" size="10.560">心</text>
                <text font="JQUZDQ+SimSun" bbox="515.520,372.389,526.080,382.949" colourspace="ICCBased" ncolour="[0]" size="10.560">功</text>
                <text font="JQUZDQ+SimSun" bbox="526.080,372.389,536.640,382.949" colourspace="ICCBased" ncolour="[0]" size="10.560">能</text>
                <text font="JQUZDQ+SimSun" bbox="536.640,372.389,547.200,382.949" colourspace="ICCBased" ncolour="[0]" size="10.560">状</text>
                <text>
                </text>
            </textline>
        </textbox>
        <textbox id="13" bbox="236.640,356.789,446.640,367.349">
            <textline bbox="236.640,356.789,446.640,367.349">
                <text font="JQUZDQ+SimSun" bbox="236.640,356.789,247.200,367.349" colourspace="ICCBased" ncolour="[0]" size="10.560">态</text>
                <text font="JQUZDQ+SimSun" bbox="247.200,356.789,257.760,367.349" colourspace="ICCBased" ncolour="[0]" size="10.560">分</text>
                <text font="JQUZDQ+SimSun" bbox="257.760,356.789,268.320,367.349" colourspace="ICCBased" ncolour="[0]" size="10.560">级</text>
                <text font="JQUZDQ+SimSun" bbox="268.320,356.789,278.880,367.349" colourspace="ICCBased" ncolour="[0]" size="10.560">的</text>
                <text font="JQUZDQ+SimSun" bbox="278.880,356.789,289.440,367.349" colourspace="ICCBased" ncolour="[0]" size="10.560">标</text>
                <text font="JQUZDQ+SimSun" bbox="289.200,356.789,299.760,367.349" colourspace="ICCBased" ncolour="[0]" size="10.560">准</text>
                <text font="JQUZDQ+SimSun" bbox="299.760,356.789,310.320,367.349" colourspace="ICCBased" ncolour="[0]" size="10.560">判</text>
                <text font="JQUZDQ+SimSun" bbox="310.320,356.789,320.880,367.349" colourspace="ICCBased" ncolour="[0]" size="10.560">定</text>
                <text font="JQUZDQ+SimSun" bbox="320.880,356.789,331.440,367.349" colourspace="ICCBased" ncolour="[0]" size="10.560">，</text>
                <text font="JQUZDQ+SimSun" bbox="331.200,356.789,341.760,367.349" colourspace="ICCBased" ncolour="[0]" size="10.560">心</text>
                <text font="JQUZDQ+SimSun" bbox="341.760,356.789,352.320,367.349" colourspace="ICCBased" ncolour="[0]" size="10.560">功</text>
                <text font="JQUZDQ+SimSun" bbox="352.320,356.789,362.880,367.349" colourspace="ICCBased" ncolour="[0]" size="10.560">能</text>
                <text font="JQUZDQ+SimSun" bbox="362.880,356.789,373.440,367.349" colourspace="ICCBased" ncolour="[0]" size="10.560">状</text>
                <text font="JQUZDQ+SimSun" bbox="373.200,356.789,383.760,367.349" colourspace="ICCBased" ncolour="[0]" size="10.560">态</text>
                <text font="JQUZDQ+SimSun" bbox="383.760,356.789,394.320,367.349" colourspace="ICCBased" ncolour="[0]" size="10.560">已</text>
                <text font="JQUZDQ+SimSun" bbox="394.320,356.789,404.880,367.349" colourspace="ICCBased" ncolour="[0]" size="10.560">达</text>
                <text font="JQUZDQ+SimSun" bbox="404.880,356.789,415.440,367.349" colourspace="ICCBased" ncolour="[0]" size="10.560">Ⅳ</text>
                <text font="JQUZDQ+SimSun" bbox="415.200,356.789,425.760,367.349" colourspace="ICCBased" ncolour="[0]" size="10.560">级</text>
                <text font="JQUZDQ+SimSun" bbox="425.760,356.789,436.320,367.349" colourspace="ICCBased" ncolour="[0]" size="10.560">）</text>
                <text font="JQUZDQ+SimSun" bbox="431.040,356.789,441.600,367.349" colourspace="ICCBased" ncolour="[0]" size="10.560">。</text>
                <text font="JTTPDQ+SimSun" bbox="441.360,356.789,446.640,367.349" colourspace="ICCBased" ncolour="[0]" size="10.560"> </text>
                <text>
                </text>
            </textline>
        </textbox>
        <textbox id="14" bbox="51.120,341.189,56.400,351.749">
            <textline bbox="51.120,341.189,56.400,351.749">
                <text font="JTTPDQ+SimSun" bbox="51.120,341.189,56.400,351.749" colourspace="ICCBased" ncolour="[0]" size="10.560"> </text>
                <text>
                </text>
            </textline>
        </textbox>
        <textbox id="15" bbox="97.440,341.188,100.017,351.748">
            <textline bbox="97.440,341.188,100.017,351.748">
                <text font="ERELLA+STXinwei" bbox="97.440,341.188,100.017,351.748" colourspace="ICCBased" ncolour="[0]" size="10.560"> </text>
                <text>
                </text>
            </textline>
        </textbox>
        <textbox id="16" bbox="210.480,341.189,215.760,351.749">
            <textline bbox="210.480,341.189,215.760,351.749">
                <text font="JTTPDQ+SimSun" bbox="210.480,341.189,215.760,351.749" colourspace="ICCBased" ncolour="[0]" size="10.560"> </text>
                <text>
                </text>
            </textline>
        </textbox>
        <textbox id="17" bbox="63.600,279.989,547.200,337.968">
            <textline bbox="63.600,325.968,547.200,337.968">
                <text font="JTTPDQ+SimSun" bbox="63.600,326.789,68.880,337.349" colourspace="ICCBased" ncolour="[0]" size="10.560">1</text>
                <text font="JTTPDQ+SimSun" bbox="68.880,326.789,74.160,337.349" colourspace="ICCBased" ncolour="[0]" size="10.560">1</text>
                <text font="JTTPDQ+SimSun" bbox="74.160,326.789,79.440,337.349" colourspace="ICCBased" ncolour="[0]" size="10.560"> </text>
                <text> </text>
                <text font="ERELLA+STXinwei" bbox="97.440,325.968,109.440,337.968" colourspace="ICCBased" ncolour="[0]" size="12.000">严</text>
                <text font="ERELLA+STXinwei" bbox="109.440,325.968,121.440,337.968" colourspace="ICCBased" ncolour="[0]" size="12.000">重</text>
                <text font="ERELLA+STXinwei" bbox="121.440,325.968,133.440,337.968" colourspace="ICCBased" ncolour="[0]" size="12.000">肺</text>
                <text font="ERELLA+STXinwei" bbox="133.440,325.968,145.440,337.968" colourspace="ICCBased" ncolour="[0]" size="12.000">源</text>
                <text font="ERELLA+STXinwei" bbox="145.440,325.968,157.440,337.968" colourspace="ICCBased" ncolour="[0]" size="12.000">性</text>
                <text font="ERELLA+STXinwei" bbox="157.440,325.968,169.440,337.968" colourspace="ICCBased" ncolour="[0]" size="12.000">心</text>
                <text font="ERELLA+STXinwei" bbox="169.440,325.968,181.440,337.968" colourspace="ICCBased" ncolour="[0]" size="12.000">脏</text>
                <text font="ERELLA+STXinwei" bbox="181.440,325.968,193.440,337.968" colourspace="ICCBased" ncolour="[0]" size="12.000">病</text>
                <text font="ERELLA+STXinwei" bbox="193.440,325.968,196.368,337.968" colourspace="ICCBased" ncolour="[0]" size="12.000"> </text>
                <text> </text>
                <text font="JQUZDQ+SimSun" bbox="210.480,326.789,221.040,337.349" colourspace="ICCBased" ncolour="[0]" size="10.560">指</text>
                <text font="JQUZDQ+SimSun" bbox="221.040,326.789,231.600,337.349" colourspace="ICCBased" ncolour="[0]" size="10.560">因</text>
                <text font="JQUZDQ+SimSun" bbox="231.600,326.789,242.160,337.349" colourspace="ICCBased" ncolour="[0]" size="10.560">慢</text>
                <text font="JQUZDQ+SimSun" bbox="242.160,326.789,252.720,337.349" colourspace="ICCBased" ncolour="[0]" size="10.560">性</text>
                <text font="JQUZDQ+SimSun" bbox="252.720,326.789,263.280,337.349" colourspace="ICCBased" ncolour="[0]" size="10.560">肺</text>
                <text font="JQUZDQ+SimSun" bbox="263.280,326.789,273.840,337.349" colourspace="ICCBased" ncolour="[0]" size="10.560">部</text>
                <text font="JQUZDQ+SimSun" bbox="273.840,326.789,284.400,337.349" colourspace="ICCBased" ncolour="[0]" size="10.560">疾</text>
                <text font="JQUZDQ+SimSun" bbox="284.160,326.789,294.720,337.349" colourspace="ICCBased" ncolour="[0]" size="10.560">病</text>
                <text font="JQUZDQ+SimSun" bbox="294.720,326.789,305.280,337.349" colourspace="ICCBased" ncolour="[0]" size="10.560">导</text>
                <text font="JQUZDQ+SimSun" bbox="305.280,326.789,315.840,337.349" colourspace="ICCBased" ncolour="[0]" size="10.560">致</text>
                <text font="JQUZDQ+SimSun" bbox="315.840,326.789,326.400,337.349" colourspace="ICCBased" ncolour="[0]" size="10.560">慢</text>
                <text font="JQUZDQ+SimSun" bbox="326.400,326.789,336.960,337.349" colourspace="ICCBased" ncolour="[0]" size="10.560">性</text>
                <text font="JQUZDQ+SimSun" bbox="336.960,326.789,347.520,337.349" colourspace="ICCBased" ncolour="[0]" size="10.560">心</text>
                <text font="JQUZDQ+SimSun" bbox="347.280,326.789,357.840,337.349" colourspace="ICCBased" ncolour="[0]" size="10.560">功</text>
                <text font="JQUZDQ+SimSun" bbox="357.840,326.789,368.400,337.349" colourspace="ICCBased" ncolour="[0]" size="10.560">能</text>
                <text font="JQUZDQ+SimSun" bbox="368.400,326.789,378.960,337.349" colourspace="ICCBased" ncolour="[0]" size="10.560">损</text>
                <text font="JQUZDQ+SimSun" bbox="378.960,326.789,389.520,337.349" colourspace="ICCBased" ncolour="[0]" size="10.560">害</text>
                <text font="JQUZDQ+SimSun" bbox="389.520,326.789,400.080,337.349" colourspace="ICCBased" ncolour="[0]" size="10.560">造</text>
                <text font="JQUZDQ+SimSun" bbox="399.840,326.789,410.400,337.349" colourspace="ICCBased" ncolour="[0]" size="10.560">成</text>
                <text font="JQUZDQ+SimSun" bbox="410.400,326.789,420.960,337.349" colourspace="ICCBased" ncolour="[0]" size="10.560">永</text>
                <text font="JQUZDQ+SimSun" bbox="420.960,326.789,431.520,337.349" colourspace="ICCBased" ncolour="[0]" size="10.560">久</text>
                <text font="JQUZDQ+SimSun" bbox="431.520,326.789,442.080,337.349" colourspace="ICCBased" ncolour="[0]" size="10.560">不</text>
                <text font="JQUZDQ+SimSun" bbox="442.080,326.789,452.640,337.349" colourspace="ICCBased" ncolour="[0]" size="10.560">可</text>
                <text font="JQUZDQ+SimSun" bbox="452.400,326.789,462.960,337.349" colourspace="ICCBased" ncolour="[0]" size="10.560">逆</text>
                <text font="JQUZDQ+SimSun" bbox="462.960,326.789,473.520,337.349" colourspace="ICCBased" ncolour="[0]" size="10.560">性</text>
                <text font="JQUZDQ+SimSun" bbox="473.520,326.789,484.080,337.349" colourspace="ICCBased" ncolour="[0]" size="10.560">的</text>
                <text font="JQUZDQ+SimSun" bbox="484.080,326.789,494.640,337.349" colourspace="ICCBased" ncolour="[0]" size="10.560">心</text>
                <text font="JQUZDQ+SimSun" bbox="494.640,326.789,505.200,337.349" colourspace="ICCBased" ncolour="[0]" size="10.560">功</text>
                <text font="JQUZDQ+SimSun" bbox="505.200,326.789,515.760,337.349" colourspace="ICCBased" ncolour="[0]" size="10.560">能</text>
                <text font="JQUZDQ+SimSun" bbox="515.760,326.789,526.320,337.349" colourspace="ICCBased" ncolour="[0]" size="10.560">衰</text>
                <text font="JQUZDQ+SimSun" bbox="526.080,326.789,536.640,337.349" colourspace="ICCBased" ncolour="[0]" size="10.560">竭</text>
                <text font="JQUZDQ+SimSun" bbox="536.640,326.789,547.200,337.349" colourspace="ICCBased" ncolour="[0]" size="10.560">。</text>
                <text>
                </text>
            </textline>
            <textline bbox="210.480,311.192,547.200,321.752">
                <text font="JQUZDQ+SimSun" bbox="210.480,311.192,221.040,321.752" colourspace="ICCBased" ncolour="[0]" size="10.560">心</text>
                <text font="JQUZDQ+SimSun" bbox="221.040,311.192,231.600,321.752" colourspace="ICCBased" ncolour="[0]" size="10.560">功</text>
                <text font="JQUZDQ+SimSun" bbox="231.600,311.192,242.160,321.752" colourspace="ICCBased" ncolour="[0]" size="10.560">能</text>
                <text font="JQUZDQ+SimSun" bbox="242.160,311.192,252.720,321.752" colourspace="ICCBased" ncolour="[0]" size="10.560">衰</text>
                <text font="JQUZDQ+SimSun" bbox="252.720,311.192,263.280,321.752" colourspace="ICCBased" ncolour="[0]" size="10.560">竭</text>
                <text font="JQUZDQ+SimSun" bbox="263.280,311.192,273.840,321.752" colourspace="ICCBased" ncolour="[0]" size="10.560">程</text>
                <text font="JQUZDQ+SimSun" bbox="273.840,311.192,284.400,321.752" colourspace="ICCBased" ncolour="[0]" size="10.560">度</text>
                <text font="JQUZDQ+SimSun" bbox="284.160,311.192,294.720,321.752" colourspace="ICCBased" ncolour="[0]" size="10.560">至</text>
                <text font="JQUZDQ+SimSun" bbox="294.720,311.192,305.280,321.752" colourspace="ICCBased" ncolour="[0]" size="10.560">少</text>
                <text font="JQUZDQ+SimSun" bbox="305.280,311.192,315.840,321.752" colourspace="ICCBased" ncolour="[0]" size="10.560">达</text>
                <text font="JQUZDQ+SimSun" bbox="315.840,311.192,326.400,321.752" colourspace="ICCBased" ncolour="[0]" size="10.560">到</text>
                <text font="JQUZDQ+SimSun" bbox="326.400,311.192,336.960,321.752" colourspace="ICCBased" ncolour="[0]" size="10.560">美</text>
                <text font="JQUZDQ+SimSun" bbox="336.960,311.192,347.520,321.752" colourspace="ICCBased" ncolour="[0]" size="10.560">国</text>
                <text font="JQUZDQ+SimSun" bbox="347.280,311.192,357.840,321.752" colourspace="ICCBased" ncolour="[0]" size="10.560">纽</text>
                <text font="JQUZDQ+SimSun" bbox="357.840,311.192,368.400,321.752" colourspace="ICCBased" ncolour="[0]" size="10.560">约</text>
                <text font="JQUZDQ+SimSun" bbox="368.400,311.192,378.960,321.752" colourspace="ICCBased" ncolour="[0]" size="10.560">心</text>
                <text font="JQUZDQ+SimSun" bbox="378.960,311.192,389.520,321.752" colourspace="ICCBased" ncolour="[0]" size="10.560">脏</text>
                <text font="JQUZDQ+SimSun" bbox="389.520,311.192,400.080,321.752" colourspace="ICCBased" ncolour="[0]" size="10.560">病</text>
                <text font="JQUZDQ+SimSun" bbox="399.840,311.192,410.400,321.752" colourspace="ICCBased" ncolour="[0]" size="10.560">学</text>
                <text font="JQUZDQ+SimSun" bbox="410.400,311.192,420.960,321.752" colourspace="ICCBased" ncolour="[0]" size="10.560">会</text>
                <text font="JQUZDQ+SimSun" bbox="420.960,311.192,431.520,321.752" colourspace="ICCBased" ncolour="[0]" size="10.560">心</text>
                <text font="JQUZDQ+SimSun" bbox="431.520,311.192,442.080,321.752" colourspace="ICCBased" ncolour="[0]" size="10.560">功</text>
                <text font="JQUZDQ+SimSun" bbox="442.080,311.192,452.640,321.752" colourspace="ICCBased" ncolour="[0]" size="10.560">能</text>
                <text font="JQUZDQ+SimSun" bbox="452.400,311.192,462.960,321.752" colourspace="ICCBased" ncolour="[0]" size="10.560">状</text>
                <text font="JQUZDQ+SimSun" bbox="462.960,311.192,473.520,321.752" colourspace="ICCBased" ncolour="[0]" size="10.560">态</text>
                <text font="JQUZDQ+SimSun" bbox="473.520,311.192,484.080,321.752" colourspace="ICCBased" ncolour="[0]" size="10.560">分</text>
                <text font="JQUZDQ+SimSun" bbox="484.080,311.192,494.640,321.752" colourspace="ICCBased" ncolour="[0]" size="10.560">级</text>
                <text font="JQUZDQ+SimSun" bbox="494.640,311.192,505.200,321.752" colourspace="ICCBased" ncolour="[0]" size="10.560">Ⅳ</text>
                <text font="JQUZDQ+SimSun" bbox="505.200,311.192,515.760,321.752" colourspace="ICCBased" ncolour="[0]" size="10.560">级</text>
                <text font="JQUZDQ+SimSun" bbox="515.760,311.192,526.320,321.752" colourspace="ICCBased" ncolour="[0]" size="10.560">。</text>
                <text font="JQUZDQ+SimSun" bbox="526.080,311.192,536.640,321.752" colourspace="ICCBased" ncolour="[0]" size="10.560">永</text>
                <text font="JQUZDQ+SimSun" bbox="536.640,311.192,547.200,321.752" colourspace="ICCBased" ncolour="[0]" size="10.560">久</text>
                <text>
                </text>
            </textline>
            <textline bbox="210.480,295.595,478.081,306.155">
                <text font="JQUZDQ+SimSun" bbox="210.480,295.595,221.040,306.155" colourspace="ICCBased" ncolour="[0]" size="10.560">不</text>
                <text font="JQUZDQ+SimSun" bbox="221.040,295.595,231.600,306.155" colourspace="ICCBased" ncolour="[0]" size="10.560">可</text>
                <text font="JQUZDQ+SimSun" bbox="231.600,295.595,242.160,306.155" colourspace="ICCBased" ncolour="[0]" size="10.560">逆</text>
                <text font="JQUZDQ+SimSun" bbox="242.160,295.595,252.720,306.155" colourspace="ICCBased" ncolour="[0]" size="10.560">性</text>
                <text font="JQUZDQ+SimSun" bbox="252.720,295.595,263.280,306.155" colourspace="ICCBased" ncolour="[0]" size="10.560">的</text>
                <text font="JQUZDQ+SimSun" bbox="263.040,295.595,273.600,306.155" colourspace="ICCBased" ncolour="[0]" size="10.560">体</text>
                <text font="JQUZDQ+SimSun" bbox="273.600,295.595,284.160,306.155" colourspace="ICCBased" ncolour="[0]" size="10.560">力</text>
                <text font="JQUZDQ+SimSun" bbox="284.160,295.595,294.720,306.155" colourspace="ICCBased" ncolour="[0]" size="10.560">活</text>
                <text font="JQUZDQ+SimSun" bbox="294.720,295.595,305.280,306.155" colourspace="ICCBased" ncolour="[0]" size="10.560">动</text>
                <text font="JQUZDQ+SimSun" bbox="305.040,295.595,315.600,306.155" colourspace="ICCBased" ncolour="[0]" size="10.560">能</text>
                <text font="JQUZDQ+SimSun" bbox="315.600,295.595,326.160,306.155" colourspace="ICCBased" ncolour="[0]" size="10.560">力</text>
                <text font="JQUZDQ+SimSun" bbox="326.160,295.595,336.720,306.155" colourspace="ICCBased" ncolour="[0]" size="10.560">受</text>
                <text font="JQUZDQ+SimSun" bbox="336.720,295.595,347.280,306.155" colourspace="ICCBased" ncolour="[0]" size="10.560">限</text>
                <text font="JQUZDQ+SimSun" bbox="347.040,295.595,357.600,306.155" colourspace="ICCBased" ncolour="[0]" size="10.560">，</text>
                <text font="JQUZDQ+SimSun" bbox="357.600,295.595,368.160,306.155" colourspace="ICCBased" ncolour="[0]" size="10.560">不</text>
                <text font="JQUZDQ+SimSun" bbox="368.160,295.595,378.720,306.155" colourspace="ICCBased" ncolour="[0]" size="10.560">能</text>
                <text font="JQUZDQ+SimSun" bbox="378.720,295.595,389.280,306.155" colourspace="ICCBased" ncolour="[0]" size="10.560">从</text>
                <text font="JQUZDQ+SimSun" bbox="389.040,295.595,399.600,306.155" colourspace="ICCBased" ncolour="[0]" size="10.560">事</text>
                <text font="JQUZDQ+SimSun" bbox="399.600,295.595,410.160,306.155" colourspace="ICCBased" ncolour="[0]" size="10.560">任</text>
                <text font="JQUZDQ+SimSun" bbox="410.160,295.595,420.720,306.155" colourspace="ICCBased" ncolour="[0]" size="10.560">何</text>
                <text font="JQUZDQ+SimSun" bbox="420.720,295.595,431.280,306.155" colourspace="ICCBased" ncolour="[0]" size="10.560">体</text>
                <text font="JQUZDQ+SimSun" bbox="431.040,295.595,441.600,306.155" colourspace="ICCBased" ncolour="[0]" size="10.560">力</text>
                <text font="JQUZDQ+SimSun" bbox="441.600,295.595,452.160,306.155" colourspace="ICCBased" ncolour="[0]" size="10.560">活</text>
                <text font="JQUZDQ+SimSun" bbox="451.920,295.595,462.480,306.155" colourspace="ICCBased" ncolour="[0]" size="10.560">动</text>
                <text font="JQUZDQ+SimSun" bbox="462.480,295.595,473.040,306.155" colourspace="ICCBased" ncolour="[0]" size="10.560">。</text>
                <text font="JTTPDQ+SimSun" bbox="472.801,295.595,478.081,306.155" colourspace="ICCBased" ncolour="[0]" size="10.560"> </text>
                <text>
                </text>
            </textline>
            <textline bbox="210.480,279.989,215.760,290.549">
                <text font="JTTPDQ+SimSun" bbox="210.480,279.989,215.760,290.549" colourspace="ICCBased" ncolour="[0]" size="10.560"> </text>
                <text>
                </text>
            </textline>
        </textbox>
        <textbox id="18" bbox="68.880,279.989,74.160,290.549">
            <textline bbox="68.880,279.989,74.160,290.549">
                <text font="JTTPDQ+SimSun" bbox="68.880,279.989,74.160,290.549" colourspace="ICCBased" ncolour="[0]" size="10.560"> </text>
                <text>
                </text>
            </textline>
        </textbox>
        <textbox id="19" bbox="97.440,279.988,100.017,290.548">
            <textline bbox="97.440,279.988,100.017,290.548">
                <text font="ERELLA+STXinwei" bbox="97.440,279.988,100.017,290.548" colourspace="ICCBased" ncolour="[0]" size="10.560"> </text>
                <text>
                </text>
            </textline>
        </textbox>
        <textbox id="20" bbox="51.120,254.074,546.965,276.838">
            <textline bbox="51.120,266.278,546.965,276.838">
                <text font="TimesNewRomanPSMT" bbox="51.120,266.278,53.760,276.838" colourspace="ICCBased" ncolour="[0]" size="10.560"> </text>
                <text font="TimesNewRomanPSMT" bbox="53.760,266.278,56.400,276.838" colourspace="ICCBased" ncolour="[0]" size="10.560"> </text>
                <text font="TimesNewRomanPSMT" bbox="56.400,266.278,59.040,276.838" colourspace="ICCBased" ncolour="[0]" size="10.560"> </text>
                <text font="TimesNewRomanPSMT" bbox="59.040,266.278,61.680,276.838" colourspace="ICCBased" ncolour="[0]" size="10.560"> </text>
                <text font="TimesNewRomanPSMT" bbox="61.680,266.278,64.320,276.838" colourspace="ICCBased" ncolour="[0]" size="10.560"> </text>
                <text font="TimesNewRomanPSMT" bbox="64.320,266.278,66.960,276.838" colourspace="ICCBased" ncolour="[0]" size="10.560"> </text>
                <text font="TimesNewRomanPSMT" bbox="66.960,266.278,69.600,276.838" colourspace="ICCBased" ncolour="[0]" size="10.560"> </text>
                <text font="TimesNewRomanPSMT" bbox="69.600,266.278,72.240,276.838" colourspace="ICCBased" ncolour="[0]" size="10.560"> </text>
                <text font="TimesNewRomanPSMT" bbox="72.240,266.278,74.880,276.838" colourspace="ICCBased" ncolour="[0]" size="10.560"> </text>
                <text font="TimesNewRomanPSMT" bbox="74.880,266.278,77.520,276.838" colourspace="ICCBased" ncolour="[0]" size="10.560"> </text>
                <text font="TimesNewRomanPSMT" bbox="77.520,266.278,80.160,276.838" colourspace="ICCBased" ncolour="[0]" size="10.560"> </text>
                <text font="TimesNewRomanPSMT" bbox="80.160,266.278,82.800,276.838" colourspace="ICCBased" ncolour="[0]" size="10.560"> </text>
                <text font="TimesNewRomanPSMT" bbox="82.800,266.278,85.440,276.838" colourspace="ICCBased" ncolour="[0]" size="10.560"> </text>
                <text font="TimesNewRomanPSMT" bbox="85.440,266.278,88.080,276.838" colourspace="ICCBased" ncolour="[0]" size="10.560"> </text>
                <text font="TimesNewRomanPSMT" bbox="88.080,266.278,90.720,276.838" colourspace="ICCBased" ncolour="[0]" size="10.560"> </text>
                <text font="TimesNewRomanPSMT" bbox="90.720,266.278,93.360,276.838" colourspace="ICCBased" ncolour="[0]" size="10.560"> </text>
                <text font="TimesNewRomanPSMT" bbox="93.360,266.278,96.000,276.838" colourspace="ICCBased" ncolour="[0]" size="10.560"> </text>
                <text font="TimesNewRomanPSMT" bbox="96.000,266.278,98.640,276.838" colourspace="ICCBased" ncolour="[0]" size="10.560"> </text>
                <text font="TimesNewRomanPSMT" bbox="98.640,266.278,101.280,276.838" colourspace="ICCBased" ncolour="[0]" size="10.560"> </text>
                <text font="TimesNewRomanPSMT" bbox="101.280,266.278,103.920,276.838" colourspace="ICCBased" ncolour="[0]" size="10.560"> </text>
                <text font="TimesNewRomanPSMT" bbox="103.920,266.278,106.560,276.838" colourspace="ICCBased" ncolour="[0]" size="10.560"> </text>
                <text font="TimesNewRomanPSMT" bbox="106.560,266.278,109.200,276.838" colourspace="ICCBased" ncolour="[0]" size="10.560"> </text>
                <text font="TimesNewRomanPSMT" bbox="109.200,266.278,111.840,276.838" colourspace="ICCBased" ncolour="[0]" size="10.560"> </text>
                <text font="TimesNewRomanPSMT" bbox="111.840,266.278,114.480,276.838" colourspace="ICCBased" ncolour="[0]" size="10.560"> </text>
                <text font="TimesNewRomanPSMT" bbox="114.480,266.278,117.120,276.838" colourspace="ICCBased" ncolour="[0]" size="10.560"> </text>
                <text font="TimesNewRomanPSMT" bbox="117.120,266.278,119.760,276.838" colourspace="ICCBased" ncolour="[0]" size="10.560"> </text>
                <text font="TimesNewRomanPSMT" bbox="119.760,266.278,122.400,276.838" colourspace="ICCBased" ncolour="[0]" size="10.560"> </text>
                <text font="TimesNewRomanPSMT" bbox="122.400,266.278,125.040,276.838" colourspace="ICCBased" ncolour="[0]" size="10.560"> </text>
                <text font="TimesNewRomanPSMT" bbox="125.040,266.278,127.680,276.838" colourspace="ICCBased" ncolour="[0]" size="10.560"> </text>
                <text font="TimesNewRomanPSMT" bbox="127.680,266.278,130.320,276.838" colourspace="ICCBased" ncolour="[0]" size="10.560"> </text>
                <text font="TimesNewRomanPSMT" bbox="130.320,266.278,132.960,276.838" colourspace="ICCBased" ncolour="[0]" size="10.560"> </text>
                <text font="TimesNewRomanPSMT" bbox="132.960,266.278,135.600,276.838" colourspace="ICCBased" ncolour="[0]" size="10.560"> </text>
                <text font="TimesNewRomanPSMT" bbox="135.600,266.278,138.240,276.838" colourspace="ICCBased" ncolour="[0]" size="10.560"> </text>
                <text font="TimesNewRomanPSMT" bbox="138.240,266.278,140.880,276.838" colourspace="ICCBased" ncolour="[0]" size="10.560"> </text>
                <text font="TimesNewRomanPSMT" bbox="140.880,266.278,143.520,276.838" colourspace="ICCBased" ncolour="[0]" size="10.560"> </text>
                <text font="TimesNewRomanPSMT" bbox="143.520,266.278,146.160,276.838" colourspace="ICCBased" ncolour="[0]" size="10.560"> </text>
                <text font="TimesNewRomanPSMT" bbox="146.160,266.278,148.800,276.838" colourspace="ICCBased" ncolour="[0]" size="10.560"> </text>
                <text font="TimesNewRomanPSMT" bbox="148.800,266.278,151.440,276.838" colourspace="ICCBased" ncolour="[0]" size="10.560"> </text>
                <text font="TimesNewRomanPSMT" bbox="151.440,266.278,154.080,276.838" colourspace="ICCBased" ncolour="[0]" size="10.560"> </text>
                <text font="TimesNewRomanPSMT" bbox="154.080,266.278,156.720,276.838" colourspace="ICCBased" ncolour="[0]" size="10.560"> </text>
                <text font="TimesNewRomanPSMT" bbox="156.720,266.278,159.360,276.838" colourspace="ICCBased" ncolour="[0]" size="10.560"> </text>
                <text font="TimesNewRomanPSMT" bbox="159.360,266.278,162.000,276.838" colourspace="ICCBased" ncolour="[0]" size="10.560"> </text>
                <text font="TimesNewRomanPSMT" bbox="162.000,266.278,164.640,276.838" colourspace="ICCBased" ncolour="[0]" size="10.560"> </text>
                <text font="TimesNewRomanPSMT" bbox="164.640,266.278,167.280,276.838" colourspace="ICCBased" ncolour="[0]" size="10.560"> </text>
                <text font="TimesNewRomanPSMT" bbox="167.280,266.278,169.920,276.838" colourspace="ICCBased" ncolour="[0]" size="10.560"> </text>
                <text font="TimesNewRomanPSMT" bbox="169.920,266.278,172.560,276.838" colourspace="ICCBased" ncolour="[0]" size="10.560"> </text>
                <text font="TimesNewRomanPSMT" bbox="172.560,266.278,175.200,276.838" colourspace="ICCBased" ncolour="[0]" size="10.560"> </text>
                <text font="TimesNewRomanPSMT" bbox="175.200,266.278,177.840,276.838" colourspace="ICCBased" ncolour="[0]" size="10.560"> </text>
                <text font="TimesNewRomanPSMT" bbox="177.840,266.278,180.480,276.838" colourspace="ICCBased" ncolour="[0]" size="10.560"> </text>
                <text font="TimesNewRomanPSMT" bbox="180.480,266.278,183.120,276.838" colourspace="ICCBased" ncolour="[0]" size="10.560"> </text>
                <text font="TimesNewRomanPSMT" bbox="183.120,266.278,185.760,276.838" colourspace="ICCBased" ncolour="[0]" size="10.560"> </text>
                <text font="TimesNewRomanPSMT" bbox="185.760,266.278,188.400,276.838" colourspace="ICCBased" ncolour="[0]" size="10.560"> </text>
                <text font="TimesNewRomanPSMT" bbox="188.400,266.278,191.040,276.838" colourspace="ICCBased" ncolour="[0]" size="10.560"> </text>
                <text font="TimesNewRomanPSMT" bbox="191.040,266.278,193.680,276.838" colourspace="ICCBased" ncolour="[0]" size="10.560"> </text>
                <text font="TimesNewRomanPSMT" bbox="193.680,266.278,196.320,276.838" colourspace="ICCBased" ncolour="[0]" size="10.560"> </text>
                <text font="TimesNewRomanPSMT" bbox="196.320,266.278,198.960,276.838" colourspace="ICCBased" ncolour="[0]" size="10.560"> </text>
                <text font="TimesNewRomanPSMT" bbox="198.960,266.278,201.600,276.838" colourspace="ICCBased" ncolour="[0]" size="10.560"> </text>
                <text font="TimesNewRomanPSMT" bbox="201.600,266.278,204.240,276.838" colourspace="ICCBased" ncolour="[0]" size="10.560"> </text>
                <text font="TimesNewRomanPSMT" bbox="204.240,266.278,206.880,276.838" colourspace="ICCBased" ncolour="[0]" size="10.560"> </text>
                <text font="TimesNewRomanPSMT" bbox="206.880,266.278,209.520,276.838" colourspace="ICCBased" ncolour="[0]" size="10.560"> </text>
                <text font="TimesNewRomanPSMT" bbox="209.520,266.278,212.160,276.838" colourspace="ICCBased" ncolour="[0]" size="10.560"> </text>
                <text font="TimesNewRomanPSMT" bbox="212.160,266.278,214.800,276.838" colourspace="ICCBased" ncolour="[0]" size="10.560"> </text>
                <text font="TimesNewRomanPSMT" bbox="214.800,266.278,217.440,276.838" colourspace="ICCBased" ncolour="[0]" size="10.560"> </text>
                <text font="TimesNewRomanPSMT" bbox="217.440,266.278,220.080,276.838" colourspace="ICCBased" ncolour="[0]" size="10.560"> </text>
                <text font="TimesNewRomanPSMT" bbox="220.080,266.278,222.720,276.838" colourspace="ICCBased" ncolour="[0]" size="10.560"> </text>
                <text font="TimesNewRomanPSMT" bbox="222.720,266.278,225.360,276.838" colourspace="ICCBased" ncolour="[0]" size="10.560"> </text>
                <text font="TimesNewRomanPSMT" bbox="225.360,266.278,228.000,276.838" colourspace="ICCBased" ncolour="[0]" size="10.560"> </text>
                <text font="TimesNewRomanPSMT" bbox="228.000,266.278,230.640,276.838" colourspace="ICCBased" ncolour="[0]" size="10.560"> </text>
                <text font="TimesNewRomanPSMT" bbox="230.640,266.278,233.280,276.838" colourspace="ICCBased" ncolour="[0]" size="10.560"> </text>
                <text font="TimesNewRomanPSMT" bbox="233.280,266.278,235.920,276.838" colourspace="ICCBased" ncolour="[0]" size="10.560"> </text>
                <text font="TimesNewRomanPSMT" bbox="235.920,266.278,238.560,276.838" colourspace="ICCBased" ncolour="[0]" size="10.560"> </text>
                <text font="TimesNewRomanPSMT" bbox="238.560,266.278,241.200,276.838" colourspace="ICCBased" ncolour="[0]" size="10.560"> </text>
                <text font="TimesNewRomanPSMT" bbox="241.200,266.278,243.840,276.838" colourspace="ICCBased" ncolour="[0]" size="10.560"> </text>
                <text font="TimesNewRomanPSMT" bbox="243.840,266.278,246.480,276.838" colourspace="ICCBased" ncolour="[0]" size="10.560"> </text>
                <text font="TimesNewRomanPSMT" bbox="246.480,266.278,249.120,276.838" colourspace="ICCBased" ncolour="[0]" size="10.560"> </text>
                <text font="TimesNewRomanPSMT" bbox="249.120,266.278,251.760,276.838" colourspace="ICCBased" ncolour="[0]" size="10.560"> </text>
                <text font="TimesNewRomanPSMT" bbox="251.760,266.278,254.400,276.838" colourspace="ICCBased" ncolour="[0]" size="10.560"> </text>
                <text font="TimesNewRomanPSMT" bbox="254.400,266.278,257.040,276.838" colourspace="ICCBased" ncolour="[0]" size="10.560"> </text>
                <text font="TimesNewRomanPSMT" bbox="257.040,266.278,259.680,276.838" colourspace="ICCBased" ncolour="[0]" size="10.560"> </text>
                <text font="TimesNewRomanPSMT" bbox="259.680,266.278,262.320,276.838" colourspace="ICCBased" ncolour="[0]" size="10.560"> </text>
                <text font="TimesNewRomanPSMT" bbox="262.320,266.278,264.960,276.838" colourspace="ICCBased" ncolour="[0]" size="10.560"> </text>
                <text font="TimesNewRomanPSMT" bbox="264.960,266.278,267.600,276.838" colourspace="ICCBased" ncolour="[0]" size="10.560"> </text>
                <text font="TimesNewRomanPSMT" bbox="267.600,266.278,270.240,276.838" colourspace="ICCBased" ncolour="[0]" size="10.560"> </text>
                <text font="TimesNewRomanPSMT" bbox="270.240,266.278,272.880,276.838" colourspace="ICCBased" ncolour="[0]" size="10.560"> </text>
                <text font="TimesNewRomanPSMT" bbox="272.880,266.278,275.520,276.838" colourspace="ICCBased" ncolour="[0]" size="10.560"> </text>
                <text font="TimesNewRomanPSMT" bbox="275.520,266.278,278.160,276.838" colourspace="ICCBased" ncolour="[0]" size="10.560"> </text>
                <text font="TimesNewRomanPSMT" bbox="278.160,266.278,280.800,276.838" colourspace="ICCBased" ncolour="[0]" size="10.560"> </text>
                <text font="TimesNewRomanPSMT" bbox="280.800,266.278,283.440,276.838" colourspace="ICCBased" ncolour="[0]" size="10.560"> </text>
                <text font="TimesNewRomanPSMT" bbox="283.440,266.278,286.080,276.838" colourspace="ICCBased" ncolour="[0]" size="10.560"> </text>
                <text font="TimesNewRomanPSMT" bbox="286.080,266.278,288.720,276.838" colourspace="ICCBased" ncolour="[0]" size="10.560"> </text>
                <text font="TimesNewRomanPSMT" bbox="288.720,266.278,291.360,276.838" colourspace="ICCBased" ncolour="[0]" size="10.560"> </text>
                <text font="TimesNewRomanPSMT" bbox="291.360,266.278,294.000,276.838" colourspace="ICCBased" ncolour="[0]" size="10.560"> </text>
                <text font="TimesNewRomanPSMT" bbox="294.000,266.278,296.640,276.838" colourspace="ICCBased" ncolour="[0]" size="10.560"> </text>
                <text font="TimesNewRomanPSMT" bbox="296.640,266.278,299.280,276.838" colourspace="ICCBased" ncolour="[0]" size="10.560"> </text>
                <text font="TimesNewRomanPSMT" bbox="299.280,266.278,301.920,276.838" colourspace="ICCBased" ncolour="[0]" size="10.560"> </text>
                <text font="TimesNewRomanPSMT" bbox="301.920,266.278,304.560,276.838" colourspace="ICCBased" ncolour="[0]" size="10.560"> </text>
                <text font="TimesNewRomanPSMT" bbox="304.560,266.278,307.200,276.838" colourspace="ICCBased" ncolour="[0]" size="10.560"> </text>
                <text font="TimesNewRomanPSMT" bbox="307.200,266.278,309.840,276.838" colourspace="ICCBased" ncolour="[0]" size="10.560"> </text>
                <text font="TimesNewRomanPSMT" bbox="309.840,266.278,312.480,276.838" colourspace="ICCBased" ncolour="[0]" size="10.560"> </text>
                <text font="TimesNewRomanPSMT" bbox="312.480,266.278,315.120,276.838" colourspace="ICCBased" ncolour="[0]" size="10.560"> </text>
                <text font="TimesNewRomanPSMT" bbox="315.120,266.278,317.760,276.838" colourspace="ICCBased" ncolour="[0]" size="10.560"> </text>
                <text font="TimesNewRomanPSMT" bbox="317.760,266.278,320.400,276.838" colourspace="ICCBased" ncolour="[0]" size="10.560"> </text>
                <text font="TimesNewRomanPSMT" bbox="320.400,266.278,323.040,276.838" colourspace="ICCBased" ncolour="[0]" size="10.560"> </text>
                <text font="TimesNewRomanPSMT" bbox="323.040,266.278,325.680,276.838" colourspace="ICCBased" ncolour="[0]" size="10.560"> </text>
                <text font="TimesNewRomanPSMT" bbox="325.680,266.278,328.320,276.838" colourspace="ICCBased" ncolour="[0]" size="10.560"> </text>
                <text font="TimesNewRomanPSMT" bbox="328.320,266.278,330.960,276.838" colourspace="ICCBased" ncolour="[0]" size="10.560"> </text>
                <text font="TimesNewRomanPSMT" bbox="330.960,266.278,333.600,276.838" colourspace="ICCBased" ncolour="[0]" size="10.560"> </text>
                <text font="TimesNewRomanPSMT" bbox="333.600,266.278,336.240,276.838" colourspace="ICCBased" ncolour="[0]" size="10.560"> </text>
                <text font="TimesNewRomanPSMT" bbox="336.240,266.278,338.880,276.838" colourspace="ICCBased" ncolour="[0]" size="10.560"> </text>
                <text font="TimesNewRomanPSMT" bbox="338.880,266.278,341.520,276.838" colourspace="ICCBased" ncolour="[0]" size="10.560"> </text>
                <text font="TimesNewRomanPSMT" bbox="341.520,266.278,344.160,276.838" colourspace="ICCBased" ncolour="[0]" size="10.560"> </text>
                <text font="TimesNewRomanPSMT" bbox="344.160,266.278,346.800,276.838" colourspace="ICCBased" ncolour="[0]" size="10.560"> </text>
                <text font="TimesNewRomanPSMT" bbox="346.800,266.278,349.440,276.838" colourspace="ICCBased" ncolour="[0]" size="10.560"> </text>
                <text font="TimesNewRomanPSMT" bbox="349.440,266.278,352.080,276.838" colourspace="ICCBased" ncolour="[0]" size="10.560"> </text>
                <text font="TimesNewRomanPSMT" bbox="352.080,266.278,354.720,276.838" colourspace="ICCBased" ncolour="[0]" size="10.560"> </text>
                <text font="TimesNewRomanPSMT" bbox="354.720,266.278,357.360,276.838" colourspace="ICCBased" ncolour="[0]" size="10.560"> </text>
                <text font="TimesNewRomanPSMT" bbox="357.360,266.278,360.000,276.838" colourspace="ICCBased" ncolour="[0]" size="10.560"> </text>
                <text font="TimesNewRomanPSMT" bbox="360.000,266.278,362.640,276.838" colourspace="ICCBased" ncolour="[0]" size="10.560"> </text>
                <text font="TimesNewRomanPSMT" bbox="362.640,266.278,365.280,276.838" colourspace="ICCBased" ncolour="[0]" size="10.560"> </text>
                <text font="TimesNewRomanPSMT" bbox="365.280,266.278,367.920,276.838" colourspace="ICCBased" ncolour="[0]" size="10.560"> </text>
                <text font="TimesNewRomanPSMT" bbox="367.920,266.278,370.560,276.838" colourspace="ICCBased" ncolour="[0]" size="10.560"> </text>
                <text font="TimesNewRomanPSMT" bbox="370.560,266.278,373.200,276.838" colourspace="ICCBased" ncolour="[0]" size="10.560"> </text>
                <text font="TimesNewRomanPSMT" bbox="373.200,266.278,375.840,276.838" colourspace="ICCBased" ncolour="[0]" size="10.560"> </text>
                <text font="TimesNewRomanPSMT" bbox="375.840,266.278,378.480,276.838" colourspace="ICCBased" ncolour="[0]" size="10.560"> </text>
                <text font="TimesNewRomanPSMT" bbox="378.480,266.278,381.120,276.838" colourspace="ICCBased" ncolour="[0]" size="10.560"> </text>
                <text font="TimesNewRomanPSMT" bbox="381.120,266.278,383.760,276.838" colourspace="ICCBased" ncolour="[0]" size="10.560"> </text>
                <text font="TimesNewRomanPSMT" bbox="383.760,266.278,386.400,276.838" colourspace="ICCBased" ncolour="[0]" size="10.560"> </text>
                <text font="TimesNewRomanPSMT" bbox="386.400,266.278,389.040,276.838" colourspace="ICCBased" ncolour="[0]" size="10.560"> </text>
                <text font="TimesNewRomanPSMT" bbox="389.040,266.278,391.680,276.838" colourspace="ICCBased" ncolour="[0]" size="10.560"> </text>
                <text font="TimesNewRomanPSMT" bbox="391.680,266.278,394.320,276.838" colourspace="ICCBased" ncolour="[0]" size="10.560"> </text>
                <text font="TimesNewRomanPSMT" bbox="394.320,266.278,396.960,276.838" colourspace="ICCBased" ncolour="[0]" size="10.560"> </text>
                <text font="TimesNewRomanPSMT" bbox="396.960,266.278,399.600,276.838" colourspace="ICCBased" ncolour="[0]" size="10.560"> </text>
                <text font="TimesNewRomanPSMT" bbox="399.600,266.278,402.240,276.838" colourspace="ICCBased" ncolour="[0]" size="10.560"> </text>
                <text font="TimesNewRomanPSMT" bbox="402.240,266.278,404.880,276.838" colourspace="ICCBased" ncolour="[0]" size="10.560"> </text>
                <text font="TimesNewRomanPSMT" bbox="404.880,266.278,407.520,276.838" colourspace="ICCBased" ncolour="[0]" size="10.560"> </text>
                <text font="TimesNewRomanPSMT" bbox="407.520,266.278,410.160,276.838" colourspace="ICCBased" ncolour="[0]" size="10.560"> </text>
                <text font="TimesNewRomanPSMT" bbox="410.160,266.278,412.800,276.838" colourspace="ICCBased" ncolour="[0]" size="10.560"> </text>
                <text font="TimesNewRomanPSMT" bbox="412.800,266.278,415.440,276.838" colourspace="ICCBased" ncolour="[0]" size="10.560"> </text>
                <text font="TimesNewRomanPSMT" bbox="415.440,266.278,418.080,276.838" colourspace="ICCBased" ncolour="[0]" size="10.560"> </text>
                <text font="TimesNewRomanPSMT" bbox="418.080,266.278,420.720,276.838" colourspace="ICCBased" ncolour="[0]" size="10.560"> </text>
                <text font="TimesNewRomanPSMT" bbox="420.720,266.278,423.360,276.838" colourspace="ICCBased" ncolour="[0]" size="10.560"> </text>
                <text font="TimesNewRomanPSMT" bbox="423.360,266.278,426.000,276.838" colourspace="ICCBased" ncolour="[0]" size="10.560"> </text>
                <text font="TimesNewRomanPSMT" bbox="426.000,266.278,428.640,276.838" colourspace="ICCBased" ncolour="[0]" size="10.560"> </text>
                <text font="TimesNewRomanPSMT" bbox="428.640,266.278,431.280,276.838" colourspace="ICCBased" ncolour="[0]" size="10.560"> </text>
                <text font="TimesNewRomanPSMT" bbox="431.280,266.278,433.920,276.838" colourspace="ICCBased" ncolour="[0]" size="10.560"> </text>
                <text font="TimesNewRomanPSMT" bbox="433.920,266.278,436.560,276.838" colourspace="ICCBased" ncolour="[0]" size="10.560"> </text>
                <text font="TimesNewRomanPSMT" bbox="436.560,266.278,439.200,276.838" colourspace="ICCBased" ncolour="[0]" size="10.560"> </text>
                <text font="TimesNewRomanPSMT" bbox="439.200,266.278,441.840,276.838" colourspace="ICCBased" ncolour="[0]" size="10.560"> </text>
                <text font="TimesNewRomanPSMT" bbox="441.840,266.278,444.480,276.838" colourspace="ICCBased" ncolour="[0]" size="10.560"> </text>
                <text font="TimesNewRomanPSMT" bbox="444.480,266.278,447.120,276.838" colourspace="ICCBased" ncolour="[0]" size="10.560"> </text>
                <text font="TimesNewRomanPSMT" bbox="447.120,266.278,449.760,276.838" colourspace="ICCBased" ncolour="[0]" size="10.560"> </text>
                <text font="TimesNewRomanPSMT" bbox="449.760,266.278,452.400,276.838" colourspace="ICCBased" ncolour="[0]" size="10.560"> </text>
                <text font="TimesNewRomanPSMT" bbox="452.400,266.278,455.040,276.838" colourspace="ICCBased" ncolour="[0]" size="10.560"> </text>
                <text font="TimesNewRomanPSMT" bbox="455.040,266.278,457.680,276.838" colourspace="ICCBased" ncolour="[0]" size="10.560"> </text>
                <text font="TimesNewRomanPSMT" bbox="457.680,266.278,460.320,276.838" colourspace="ICCBased" ncolour="[0]" size="10.560"> </text>
                <text font="TimesNewRomanPSMT" bbox="460.320,266.278,462.960,276.838" colourspace="ICCBased" ncolour="[0]" size="10.560"> </text>
                <text font="TimesNewRomanPSMT" bbox="462.960,266.278,465.600,276.838" colourspace="ICCBased" ncolour="[0]" size="10.560"> </text>
                <text font="TimesNewRomanPSMT" bbox="465.600,266.278,468.240,276.838" colourspace="ICCBased" ncolour="[0]" size="10.560"> </text>
                <text font="TimesNewRomanPSMT" bbox="468.240,266.278,470.880,276.838" colourspace="ICCBased" ncolour="[0]" size="10.560"> </text>
                <text font="TimesNewRomanPSMT" bbox="470.880,266.278,473.520,276.838" colourspace="ICCBased" ncolour="[0]" size="10.560"> </text>
                <text font="TimesNewRomanPSMT" bbox="473.520,266.278,476.160,276.838" colourspace="ICCBased" ncolour="[0]" size="10.560"> </text>
                <text font="TimesNewRomanPSMT" bbox="476.160,266.278,478.800,276.838" colourspace="ICCBased" ncolour="[0]" size="10.560"> </text>
                <text font="TimesNewRomanPSMT" bbox="478.800,266.278,481.440,276.838" colourspace="ICCBased" ncolour="[0]" size="10.560"> </text>
                <text font="TimesNewRomanPSMT" bbox="481.440,266.278,484.080,276.838" colourspace="ICCBased" ncolour="[0]" size="10.560"> </text>
                <text font="TimesNewRomanPSMT" bbox="484.080,266.278,486.720,276.838" colourspace="ICCBased" ncolour="[0]" size="10.560"> </text>
                <text font="TimesNewRomanPSMT" bbox="486.720,266.278,489.360,276.838" colourspace="ICCBased" ncolour="[0]" size="10.560"> </text>
                <text font="TimesNewRomanPSMT" bbox="489.360,266.278,492.000,276.838" colourspace="ICCBased" ncolour="[0]" size="10.560"> </text>
                <text font="TimesNewRomanPSMT" bbox="492.000,266.278,494.640,276.838" colourspace="ICCBased" ncolour="[0]" size="10.560"> </text>
                <text font="TimesNewRomanPSMT" bbox="494.640,266.278,497.280,276.838" colourspace="ICCBased" ncolour="[0]" size="10.560"> </text>
                <text font="TimesNewRomanPSMT" bbox="497.280,266.278,499.920,276.838" colourspace="ICCBased" ncolour="[0]" size="10.560"> </text>
                <text font="TimesNewRomanPSMT" bbox="499.920,266.278,502.560,276.838" colourspace="ICCBased" ncolour="[0]" size="10.560"> </text>
                <text font="TimesNewRomanPSMT" bbox="502.560,266.278,505.200,276.838" colourspace="ICCBased" ncolour="[0]" size="10.560"> </text>
                <text font="TimesNewRomanPSMT" bbox="505.200,266.278,507.840,276.838" colourspace="ICCBased" ncolour="[0]" size="10.560"> </text>
                <text font="TimesNewRomanPSMT" bbox="507.840,266.278,510.480,276.838" colourspace="ICCBased" ncolour="[0]" size="10.560"> </text>
                <text font="TimesNewRomanPSMT" bbox="510.480,266.278,513.120,276.838" colourspace="ICCBased" ncolour="[0]" size="10.560"> </text>
                <text font="TimesNewRomanPSMT" bbox="513.120,266.278,515.760,276.838" colourspace="ICCBased" ncolour="[0]" size="10.560"> </text>
                <text font="TimesNewRomanPSMT" bbox="515.760,266.278,518.400,276.838" colourspace="ICCBased" ncolour="[0]" size="10.560"> </text>
                <text font="TimesNewRomanPSMT" bbox="518.400,266.278,521.040,276.838" colourspace="ICCBased" ncolour="[0]" size="10.560"> </text>
                <text font="TimesNewRomanPSMT" bbox="521.040,266.278,523.680,276.838" colourspace="ICCBased" ncolour="[0]" size="10.560"> </text>
                <text font="TimesNewRomanPSMT" bbox="523.680,266.278,526.320,276.838" colourspace="ICCBased" ncolour="[0]" size="10.560"> </text>
                <text font="TimesNewRomanPSMT" bbox="526.320,266.278,528.960,276.838" colourspace="ICCBased" ncolour="[0]" size="10.560"> </text>
                <text font="TimesNewRomanPSMT" bbox="528.960,266.278,531.600,276.838" colourspace="ICCBased" ncolour="[0]" size="10.560"> </text>
                <text font="TimesNewRomanPSMT" bbox="531.600,266.278,534.240,276.838" colourspace="ICCBased" ncolour="[0]" size="10.560"> </text>
                <text font="TimesNewRomanPSMT" bbox="534.240,266.278,536.880,276.838" colourspace="ICCBased" ncolour="[0]" size="10.560"> </text>
                <text font="TimesNewRomanPSMT" bbox="536.880,266.278,539.520,276.838" colourspace="ICCBased" ncolour="[0]" size="10.560"> </text>
                <text font="TimesNewRomanPSMT" bbox="539.520,266.278,542.160,276.838" colourspace="ICCBased" ncolour="[0]" size="10.560"> </text>
                <text font="TimesNewRomanPSMT" bbox="542.160,266.278,544.800,276.838" colourspace="ICCBased" ncolour="[0]" size="10.560"> </text>
                <text font="TimesNewRomanPSMT" bbox="544.325,266.278,546.965,276.838" colourspace="ICCBased" ncolour="[0]" size="10.560"> </text>
                <text>
                </text>
            </textline>
            <textline bbox="60.240,254.074,541.959,263.194">
                <text font="EUYBLA+KaiTi_GB2312" bbox="60.240,254.074,69.360,263.194" colourspace="ICCBased" ncolour="[0]" size="9.120">中</text>
                <text font="EUYBLA+KaiTi_GB2312" bbox="69.360,254.074,78.480,263.194" colourspace="ICCBased" ncolour="[0]" size="9.120">华</text>
                <text font="EUYBLA+KaiTi_GB2312" bbox="78.240,254.074,87.360,263.194" colourspace="ICCBased" ncolour="[0]" size="9.120">人</text>
                <text font="EUYBLA+KaiTi_GB2312" bbox="87.360,254.074,96.480,263.194" colourspace="ICCBased" ncolour="[0]" size="9.120">民</text>
                <text font="EUYBLA+KaiTi_GB2312" bbox="96.240,254.074,105.360,263.194" colourspace="ICCBased" ncolour="[0]" size="9.120">共</text>
                <text font="EUYBLA+KaiTi_GB2312" bbox="105.360,254.074,114.480,263.194" colourspace="ICCBased" ncolour="[0]" size="9.120">和</text>
                <text font="EUYBLA+KaiTi_GB2312" bbox="114.240,254.074,123.360,263.194" colourspace="ICCBased" ncolour="[0]" size="9.120">国</text>
                <text font="EUYBLA+KaiTi_GB2312" bbox="123.360,254.074,132.480,263.194" colourspace="ICCBased" ncolour="[0]" size="9.120">《</text>
                <text font="EUYBLA+KaiTi_GB2312" bbox="132.240,254.074,141.360,263.194" colourspace="ICCBased" ncolour="[0]" size="9.120">医</text>
                <text font="EUYBLA+KaiTi_GB2312" bbox="141.360,254.074,150.480,263.194" colourspace="ICCBased" ncolour="[0]" size="9.120">师</text>
                <text font="EUYBLA+KaiTi_GB2312" bbox="150.240,254.074,159.360,263.194" colourspace="ICCBased" ncolour="[0]" size="9.120">执</text>
                <text font="EUYBLA+KaiTi_GB2312" bbox="159.360,254.074,168.480,263.194" colourspace="ICCBased" ncolour="[0]" size="9.120">业</text>
                <text font="EUYBLA+KaiTi_GB2312" bbox="168.240,254.074,177.360,263.194" colourspace="ICCBased" ncolour="[0]" size="9.120">证</text>
                <text font="EUYBLA+KaiTi_GB2312" bbox="177.360,254.074,186.480,263.194" colourspace="ICCBased" ncolour="[0]" size="9.120">书</text>
                <text font="EUYBLA+KaiTi_GB2312" bbox="186.480,254.074,195.600,263.194" colourspace="ICCBased" ncolour="[0]" size="9.120">》</text>
                <text font="EUYBLA+KaiTi_GB2312" bbox="190.800,254.074,199.920,263.194" colourspace="ICCBased" ncolour="[0]" size="9.120">，</text>
                <text font="EUYBLA+KaiTi_GB2312" bbox="199.920,254.074,209.040,263.194" colourspace="ICCBased" ncolour="[0]" size="9.120">并</text>
                <text font="EUYBLA+KaiTi_GB2312" bbox="208.800,254.074,217.920,263.194" colourspace="ICCBased" ncolour="[0]" size="9.120">按</text>
                <text font="EUYBLA+KaiTi_GB2312" bbox="217.920,254.074,227.040,263.194" colourspace="ICCBased" ncolour="[0]" size="9.120">期</text>
                <text font="EUYBLA+KaiTi_GB2312" bbox="226.800,254.074,235.920,263.194" colourspace="ICCBased" ncolour="[0]" size="9.120">到</text>
                <text font="EUYBLA+KaiTi_GB2312" bbox="235.920,254.074,245.040,263.194" colourspace="ICCBased" ncolour="[0]" size="9.120">相</text>
                <text font="EUYBLA+KaiTi_GB2312" bbox="244.800,254.074,253.920,263.194" colourspace="ICCBased" ncolour="[0]" size="9.120">关</text>
                <text font="EUYBLA+KaiTi_GB2312" bbox="253.920,254.074,263.040,263.194" colourspace="ICCBased" ncolour="[0]" size="9.120">部</text>
                <text font="EUYBLA+KaiTi_GB2312" bbox="262.800,254.074,271.920,263.194" colourspace="ICCBased" ncolour="[0]" size="9.120">门</text>
                <text font="EUYBLA+KaiTi_GB2312" bbox="271.920,254.074,281.040,263.194" colourspace="ICCBased" ncolour="[0]" size="9.120">登</text>
                <text font="EUYBLA+KaiTi_GB2312" bbox="280.800,254.074,289.920,263.194" colourspace="ICCBased" ncolour="[0]" size="9.120">记</text>
                <text font="EUYBLA+KaiTi_GB2312" bbox="289.920,254.074,299.040,263.194" colourspace="ICCBased" ncolour="[0]" size="9.120">注</text>
                <text font="EUYBLA+KaiTi_GB2312" bbox="298.800,254.074,307.920,263.194" colourspace="ICCBased" ncolour="[0]" size="9.120">册</text>
                <text font="EUYBLA+KaiTi_GB2312" bbox="307.920,254.074,317.040,263.194" colourspace="ICCBased" ncolour="[0]" size="9.120">；</text>
                <text font="EUYBLA+KaiTi_GB2312" bbox="312.480,254.074,321.600,263.194" colourspace="ICCBased" ncolour="[0]" size="9.120">（</text>
                <text font="EUYBLA+KaiTi_GB2312" bbox="321.364,254.074,325.924,263.194" colourspace="ICCBased" ncolour="[0]" size="9.120">3</text>
                <text font="EUYBLA+KaiTi_GB2312" bbox="325.924,254.074,335.044,263.194" colourspace="ICCBased" ncolour="[0]" size="9.120">）</text>
                <text font="EUYBLA+KaiTi_GB2312" bbox="334.807,254.074,343.927,263.194" colourspace="ICCBased" ncolour="[0]" size="9.120">具</text>
                <text font="EUYBLA+KaiTi_GB2312" bbox="343.927,254.074,353.047,263.194" colourspace="ICCBased" ncolour="[0]" size="9.120">有</text>
                <text font="EUYBLA+KaiTi_GB2312" bbox="352.810,254.074,361.930,263.194" colourspace="ICCBased" ncolour="[0]" size="9.120">有</text>
                <text font="EUYBLA+KaiTi_GB2312" bbox="361.930,254.074,371.050,263.194" colourspace="ICCBased" ncolour="[0]" size="9.120">效</text>
                <text font="EUYBLA+KaiTi_GB2312" bbox="370.812,254.074,379.932,263.194" colourspace="ICCBased" ncolour="[0]" size="9.120">的</text>
                <text font="EUYBLA+KaiTi_GB2312" bbox="379.933,254.074,389.053,263.194" colourspace="ICCBased" ncolour="[0]" size="9.120">中</text>
                <text font="EUYBLA+KaiTi_GB2312" bbox="388.816,254.074,397.936,263.194" colourspace="ICCBased" ncolour="[0]" size="9.120">华</text>
                <text font="EUYBLA+KaiTi_GB2312" bbox="397.936,254.074,407.056,263.194" colourspace="ICCBased" ncolour="[0]" size="9.120">人</text>
                <text font="EUYBLA+KaiTi_GB2312" bbox="406.819,254.074,415.939,263.194" colourspace="ICCBased" ncolour="[0]" size="9.120">民</text>
                <text font="EUYBLA+KaiTi_GB2312" bbox="415.939,254.074,425.059,263.194" colourspace="ICCBased" ncolour="[0]" size="9.120">共</text>
                <text font="EUYBLA+KaiTi_GB2312" bbox="424.822,254.074,433.942,263.194" colourspace="ICCBased" ncolour="[0]" size="9.120">和</text>
                <text font="EUYBLA+KaiTi_GB2312" bbox="433.942,254.074,443.062,263.194" colourspace="ICCBased" ncolour="[0]" size="9.120">国</text>
                <text font="EUYBLA+KaiTi_GB2312" bbox="442.825,254.074,451.945,263.194" colourspace="ICCBased" ncolour="[0]" size="9.120">主</text>
                <text font="EUYBLA+KaiTi_GB2312" bbox="451.945,254.074,461.065,263.194" colourspace="ICCBased" ncolour="[0]" size="9.120">治</text>
                <text font="EUYBLA+KaiTi_GB2312" bbox="460.828,254.074,469.948,263.194" colourspace="ICCBased" ncolour="[0]" size="9.120">医</text>
                <text font="EUYBLA+KaiTi_GB2312" bbox="469.948,254.074,479.068,263.194" colourspace="ICCBased" ncolour="[0]" size="9.120">师</text>
                <text font="EUYBLA+KaiTi_GB2312" bbox="478.831,254.074,487.951,263.194" colourspace="ICCBased" ncolour="[0]" size="9.120">或</text>
                <text font="EUYBLA+KaiTi_GB2312" bbox="487.951,254.074,497.071,263.194" colourspace="ICCBased" ncolour="[0]" size="9.120">主</text>
                <text font="EUYBLA+KaiTi_GB2312" bbox="496.834,254.074,505.954,263.194" colourspace="ICCBased" ncolour="[0]" size="9.120">治</text>
                <text font="EUYBLA+KaiTi_GB2312" bbox="505.954,254.074,515.074,263.194" colourspace="ICCBased" ncolour="[0]" size="9.120">医</text>
                <text font="EUYBLA+KaiTi_GB2312" bbox="514.836,254.074,523.956,263.194" colourspace="ICCBased" ncolour="[0]" size="9.120">师</text>
                <text font="EUYBLA+KaiTi_GB2312" bbox="523.956,254.074,533.076,263.194" colourspace="ICCBased" ncolour="[0]" size="9.120">以</text>
                <text font="EUYBLA+KaiTi_GB2312" bbox="532.839,254.074,541.959,263.194" colourspace="ICCBased" ncolour="[0]" size="9.120">上</text>
                <text>
                </text>
            </textline>
        </textbox>
        <textbox id="21" bbox="60.240,240.157,420.516,249.277">
            <textline bbox="60.240,240.157,420.516,249.277">
                <text font="EUYBLA+KaiTi_GB2312" bbox="60.240,240.157,69.360,249.277" colourspace="ICCBased" ncolour="[0]" size="9.120">职</text>
                <text font="EUYBLA+KaiTi_GB2312" bbox="69.360,240.157,78.480,249.277" colourspace="ICCBased" ncolour="[0]" size="9.120">称</text>
                <text font="EUYBLA+KaiTi_GB2312" bbox="78.240,240.157,87.360,249.277" colourspace="ICCBased" ncolour="[0]" size="9.120">的</text>
                <text font="EUYBLA+KaiTi_GB2312" bbox="87.360,240.157,96.480,249.277" colourspace="ICCBased" ncolour="[0]" size="9.120">《</text>
                <text font="EUYBLA+KaiTi_GB2312" bbox="96.240,240.157,105.360,249.277" colourspace="ICCBased" ncolour="[0]" size="9.120">医</text>
                <text font="EUYBLA+KaiTi_GB2312" bbox="105.360,240.157,114.480,249.277" colourspace="ICCBased" ncolour="[0]" size="9.120">师</text>
                <text font="EUYBLA+KaiTi_GB2312" bbox="114.240,240.157,123.360,249.277" colourspace="ICCBased" ncolour="[0]" size="9.120">职</text>
                <text font="EUYBLA+KaiTi_GB2312" bbox="123.360,240.157,132.480,249.277" colourspace="ICCBased" ncolour="[0]" size="9.120">称</text>
                <text font="EUYBLA+KaiTi_GB2312" bbox="132.240,240.157,141.360,249.277" colourspace="ICCBased" ncolour="[0]" size="9.120">证</text>
                <text font="EUYBLA+KaiTi_GB2312" bbox="141.360,240.157,150.480,249.277" colourspace="ICCBased" ncolour="[0]" size="9.120">书</text>
                <text font="EUYBLA+KaiTi_GB2312" bbox="150.480,240.157,159.600,249.277" colourspace="ICCBased" ncolour="[0]" size="9.120">》</text>
                <text font="EUYBLA+KaiTi_GB2312" bbox="154.800,240.157,163.920,249.277" colourspace="ICCBased" ncolour="[0]" size="9.120">；</text>
                <text font="EUYBLA+KaiTi_GB2312" bbox="159.360,240.157,168.480,249.277" colourspace="ICCBased" ncolour="[0]" size="9.120">（</text>
                <text font="EUYBLA+KaiTi_GB2312" bbox="168.480,240.157,173.040,249.277" colourspace="ICCBased" ncolour="[0]" size="9.120">4</text>
                <text font="EUYBLA+KaiTi_GB2312" bbox="172.799,240.157,181.919,249.277" colourspace="ICCBased" ncolour="[0]" size="9.120">）</text>
                <text font="EUYBLA+KaiTi_GB2312" bbox="181.919,240.157,191.039,249.277" colourspace="ICCBased" ncolour="[0]" size="9.120">在</text>
                <text font="EUYBLA+KaiTi_GB2312" bbox="190.802,240.157,199.922,249.277" colourspace="ICCBased" ncolour="[0]" size="9.120">二</text>
                <text font="EUYBLA+KaiTi_GB2312" bbox="199.922,240.157,209.042,249.277" colourspace="ICCBased" ncolour="[0]" size="9.120">级</text>
                <text font="EUYBLA+KaiTi_GB2312" bbox="208.805,240.157,217.925,249.277" colourspace="ICCBased" ncolour="[0]" size="9.120">或</text>
                <text font="EUYBLA+KaiTi_GB2312" bbox="217.925,240.157,227.045,249.277" colourspace="ICCBased" ncolour="[0]" size="9.120">二</text>
                <text font="EUYBLA+KaiTi_GB2312" bbox="226.808,240.157,235.928,249.277" colourspace="ICCBased" ncolour="[0]" size="9.120">级</text>
                <text font="EUYBLA+KaiTi_GB2312" bbox="235.928,240.157,245.048,249.277" colourspace="ICCBased" ncolour="[0]" size="9.120">以</text>
                <text font="EUYBLA+KaiTi_GB2312" bbox="244.811,240.157,253.931,249.277" colourspace="ICCBased" ncolour="[0]" size="9.120">上</text>
                <text font="EUYBLA+KaiTi_GB2312" bbox="253.931,240.157,263.051,249.277" colourspace="ICCBased" ncolour="[0]" size="9.120">医</text>
                <text font="EUYBLA+KaiTi_GB2312" bbox="262.813,240.157,271.933,249.277" colourspace="ICCBased" ncolour="[0]" size="9.120">院</text>
                <text font="EUYBLA+KaiTi_GB2312" bbox="271.933,240.157,281.053,249.277" colourspace="ICCBased" ncolour="[0]" size="9.120">的</text>
                <text font="EUYBLA+KaiTi_GB2312" bbox="280.816,240.157,289.936,249.277" colourspace="ICCBased" ncolour="[0]" size="9.120">相</text>
                <text font="EUYBLA+KaiTi_GB2312" bbox="289.936,240.157,299.056,249.277" colourspace="ICCBased" ncolour="[0]" size="9.120">应</text>
                <text font="EUYBLA+KaiTi_GB2312" bbox="298.819,240.157,307.939,249.277" colourspace="ICCBased" ncolour="[0]" size="9.120">科</text>
                <text font="EUYBLA+KaiTi_GB2312" bbox="307.939,240.157,317.059,249.277" colourspace="ICCBased" ncolour="[0]" size="9.120">室</text>
                <text font="EUYBLA+KaiTi_GB2312" bbox="316.822,240.157,325.942,249.277" colourspace="ICCBased" ncolour="[0]" size="9.120">从</text>
                <text font="EUYBLA+KaiTi_GB2312" bbox="325.942,240.157,335.062,249.277" colourspace="ICCBased" ncolour="[0]" size="9.120">事</text>
                <text font="EUYBLA+KaiTi_GB2312" bbox="334.825,240.157,343.945,249.277" colourspace="ICCBased" ncolour="[0]" size="9.120">临</text>
                <text font="EUYBLA+KaiTi_GB2312" bbox="343.945,240.157,353.065,249.277" colourspace="ICCBased" ncolour="[0]" size="9.120">床</text>
                <text font="EUYBLA+KaiTi_GB2312" bbox="352.828,240.157,361.948,249.277" colourspace="ICCBased" ncolour="[0]" size="9.120">工</text>
                <text font="EUYBLA+KaiTi_GB2312" bbox="361.948,240.157,371.068,249.277" colourspace="ICCBased" ncolour="[0]" size="9.120">作</text>
                <text font="EUYBLA+KaiTi_GB2312" bbox="370.831,240.157,379.951,249.277" colourspace="ICCBased" ncolour="[0]" size="9.120">三</text>
                <text font="EUYBLA+KaiTi_GB2312" bbox="379.951,240.157,389.071,249.277" colourspace="ICCBased" ncolour="[0]" size="9.120">年</text>
                <text font="EUYBLA+KaiTi_GB2312" bbox="388.834,240.157,397.954,249.277" colourspace="ICCBased" ncolour="[0]" size="9.120">以</text>
                <text font="EUYBLA+KaiTi_GB2312" bbox="397.954,240.157,407.074,249.277" colourspace="ICCBased" ncolour="[0]" size="9.120">上</text>
                <text font="EUYBLA+KaiTi_GB2312" bbox="406.836,240.157,415.956,249.277" colourspace="ICCBased" ncolour="[0]" size="9.120">。</text>
                <text font="EUYBLA+KaiTi_GB2312" bbox="415.956,240.157,420.516,249.277" colourspace="ICCBased" ncolour="[0]" size="9.120"> </text>
                <text>
                </text>
            </textline>
        </textbox>
        <textbox id="22" bbox="51.120,226.234,544.872,235.997">
            <textline bbox="51.120,226.234,544.872,235.997">
                <text font="EUYBLA+KaiTi_GB2312" bbox="51.120,231.437,53.400,235.997" colourspace="ICCBased" ncolour="[0]" size="4.560">1</text>
                <text font="EUYBLA+KaiTi_GB2312" bbox="53.760,231.437,56.040,235.997" colourspace="ICCBased" ncolour="[0]" size="4.560">6</text>
                <text font="EUYBLA+KaiTi_GB2312" bbox="56.400,226.234,60.960,235.354" colourspace="ICCBased" ncolour="[0]" size="9.120"> </text>
                <text font="EUYBLA+KaiTi_GB2312" bbox="60.960,226.234,70.080,235.354" colourspace="ICCBased" ncolour="[0]" size="9.120">肢</text>
                <text font="EUYBLA+KaiTi_GB2312" bbox="70.080,226.234,79.200,235.354" colourspace="ICCBased" ncolour="[0]" size="9.120">体</text>
                <text font="EUYBLA+KaiTi_GB2312" bbox="79.200,226.234,88.320,235.354" colourspace="ICCBased" ncolour="[0]" size="9.120">机</text>
                <text font="EUYBLA+KaiTi_GB2312" bbox="88.080,226.234,97.200,235.354" colourspace="ICCBased" ncolour="[0]" size="9.120">能</text>
                <text font="EUYBLA+KaiTi_GB2312" bbox="97.200,226.234,106.320,235.354" colourspace="ICCBased" ncolour="[0]" size="9.120">完</text>
                <text font="EUYBLA+KaiTi_GB2312" bbox="106.320,226.234,115.440,235.354" colourspace="ICCBased" ncolour="[0]" size="9.120">全</text>
                <text font="EUYBLA+KaiTi_GB2312" bbox="115.200,226.234,124.320,235.354" colourspace="ICCBased" ncolour="[0]" size="9.120">丧</text>
                <text font="EUYBLA+KaiTi_GB2312" bbox="124.320,226.234,133.440,235.354" colourspace="ICCBased" ncolour="[0]" size="9.120">失</text>
                <text font="EUYBLA+KaiTi_GB2312" bbox="133.440,226.234,142.560,235.354" colourspace="ICCBased" ncolour="[0]" size="9.120">指</text>
                <text font="EUYBLA+KaiTi_GB2312" bbox="142.323,226.234,151.443,235.354" colourspace="ICCBased" ncolour="[0]" size="9.120">肢</text>
                <text font="EUYBLA+KaiTi_GB2312" bbox="151.206,226.234,160.326,235.354" colourspace="ICCBased" ncolour="[0]" size="9.120">体</text>
                <text font="EUYBLA+KaiTi_GB2312" bbox="160.326,226.234,169.446,235.354" colourspace="ICCBased" ncolour="[0]" size="9.120">的</text>
                <text font="EUYBLA+KaiTi_GB2312" bbox="169.209,226.234,178.329,235.354" colourspace="ICCBased" ncolour="[0]" size="9.120">三</text>
                <text font="EUYBLA+KaiTi_GB2312" bbox="178.330,226.234,187.450,235.354" colourspace="ICCBased" ncolour="[0]" size="9.120">大</text>
                <text font="EUYBLA+KaiTi_GB2312" bbox="187.212,226.234,196.332,235.354" colourspace="ICCBased" ncolour="[0]" size="9.120">关</text>
                <text font="EUYBLA+KaiTi_GB2312" bbox="196.332,226.234,205.452,235.354" colourspace="ICCBased" ncolour="[0]" size="9.120">节</text>
                <text font="EUYBLA+KaiTi_GB2312" bbox="205.215,226.234,214.335,235.354" colourspace="ICCBased" ncolour="[0]" size="9.120">中</text>
                <text font="EUYBLA+KaiTi_GB2312" bbox="214.335,226.234,223.455,235.354" colourspace="ICCBased" ncolour="[0]" size="9.120">的</text>
                <text font="EUYBLA+KaiTi_GB2312" bbox="223.218,226.234,232.338,235.354" colourspace="ICCBased" ncolour="[0]" size="9.120">两</text>
                <text font="EUYBLA+KaiTi_GB2312" bbox="232.338,226.234,241.458,235.354" colourspace="ICCBased" ncolour="[0]" size="9.120">大</text>
                <text font="EUYBLA+KaiTi_GB2312" bbox="241.221,226.234,250.341,235.354" colourspace="ICCBased" ncolour="[0]" size="9.120">关</text>
                <text font="EUYBLA+KaiTi_GB2312" bbox="250.341,226.234,259.461,235.354" colourspace="ICCBased" ncolour="[0]" size="9.120">节</text>
                <text font="EUYBLA+KaiTi_GB2312" bbox="259.224,226.234,268.344,235.354" colourspace="ICCBased" ncolour="[0]" size="9.120">僵</text>
                <text font="EUYBLA+KaiTi_GB2312" bbox="268.344,226.234,277.464,235.354" colourspace="ICCBased" ncolour="[0]" size="9.120">硬</text>
                <text font="EUYBLA+KaiTi_GB2312" bbox="277.227,226.234,286.347,235.354" colourspace="ICCBased" ncolour="[0]" size="9.120">，</text>
                <text font="EUYBLA+KaiTi_GB2312" bbox="285.147,226.234,294.267,235.354" colourspace="ICCBased" ncolour="[0]" size="9.120">或</text>
                <text font="EUYBLA+KaiTi_GB2312" bbox="294.030,226.234,303.150,235.354" colourspace="ICCBased" ncolour="[0]" size="9.120">不</text>
                <text font="EUYBLA+KaiTi_GB2312" bbox="303.150,226.234,312.270,235.354" colourspace="ICCBased" ncolour="[0]" size="9.120">能</text>
                <text font="EUYBLA+KaiTi_GB2312" bbox="312.032,226.234,321.152,235.354" colourspace="ICCBased" ncolour="[0]" size="9.120">随</text>
                <text font="EUYBLA+KaiTi_GB2312" bbox="321.152,226.234,330.272,235.354" colourspace="ICCBased" ncolour="[0]" size="9.120">意</text>
                <text font="EUYBLA+KaiTi_GB2312" bbox="330.035,226.234,339.155,235.354" colourspace="ICCBased" ncolour="[0]" size="9.120">识</text>
                <text font="EUYBLA+KaiTi_GB2312" bbox="339.156,226.234,348.276,235.354" colourspace="ICCBased" ncolour="[0]" size="9.120">活</text>
                <text font="EUYBLA+KaiTi_GB2312" bbox="348.039,226.234,357.159,235.354" colourspace="ICCBased" ncolour="[0]" size="9.120">动</text>
                <text font="EUYBLA+KaiTi_GB2312" bbox="357.159,226.234,366.279,235.354" colourspace="ICCBased" ncolour="[0]" size="9.120">。</text>
                <text font="EUYBLA+KaiTi_GB2312" bbox="365.080,226.234,374.200,235.354" colourspace="ICCBased" ncolour="[0]" size="9.120">肢</text>
                <text font="EUYBLA+KaiTi_GB2312" bbox="373.963,226.234,383.083,235.354" colourspace="ICCBased" ncolour="[0]" size="9.120">体</text>
                <text font="EUYBLA+KaiTi_GB2312" bbox="383.084,226.234,392.204,235.354" colourspace="ICCBased" ncolour="[0]" size="9.120">是</text>
                <text font="EUYBLA+KaiTi_GB2312" bbox="391.966,226.234,401.086,235.354" colourspace="ICCBased" ncolour="[0]" size="9.120">指</text>
                <text font="EUYBLA+KaiTi_GB2312" bbox="401.086,226.234,410.206,235.354" colourspace="ICCBased" ncolour="[0]" size="9.120">包</text>
                <text font="EUYBLA+KaiTi_GB2312" bbox="409.969,226.234,419.089,235.354" colourspace="ICCBased" ncolour="[0]" size="9.120">括</text>
                <text font="EUYBLA+KaiTi_GB2312" bbox="419.089,226.234,428.209,235.354" colourspace="ICCBased" ncolour="[0]" size="9.120">肩</text>
                <text font="EUYBLA+KaiTi_GB2312" bbox="427.972,226.234,437.092,235.354" colourspace="ICCBased" ncolour="[0]" size="9.120">关</text>
                <text font="EUYBLA+KaiTi_GB2312" bbox="437.092,226.234,446.212,235.354" colourspace="ICCBased" ncolour="[0]" size="9.120">节</text>
                <text font="EUYBLA+KaiTi_GB2312" bbox="445.975,226.234,455.095,235.354" colourspace="ICCBased" ncolour="[0]" size="9.120">的</text>
                <text font="EUYBLA+KaiTi_GB2312" bbox="455.095,226.234,464.215,235.354" colourspace="ICCBased" ncolour="[0]" size="9.120">整</text>
                <text font="EUYBLA+KaiTi_GB2312" bbox="463.978,226.234,473.098,235.354" colourspace="ICCBased" ncolour="[0]" size="9.120">个</text>
                <text font="EUYBLA+KaiTi_GB2312" bbox="473.098,226.234,482.218,235.354" colourspace="ICCBased" ncolour="[0]" size="9.120">上</text>
                <text font="EUYBLA+KaiTi_GB2312" bbox="481.981,226.234,491.101,235.354" colourspace="ICCBased" ncolour="[0]" size="9.120">肢</text>
                <text font="EUYBLA+KaiTi_GB2312" bbox="491.101,226.234,500.221,235.354" colourspace="ICCBased" ncolour="[0]" size="9.120">或</text>
                <text font="EUYBLA+KaiTi_GB2312" bbox="499.984,226.234,509.104,235.354" colourspace="ICCBased" ncolour="[0]" size="9.120">包</text>
                <text font="EUYBLA+KaiTi_GB2312" bbox="509.104,226.234,518.224,235.354" colourspace="ICCBased" ncolour="[0]" size="9.120">括</text>
                <text font="EUYBLA+KaiTi_GB2312" bbox="517.987,226.234,527.107,235.354" colourspace="ICCBased" ncolour="[0]" size="9.120">髋</text>
                <text font="EUYBLA+KaiTi_GB2312" bbox="526.870,226.234,535.990,235.354" colourspace="ICCBased" ncolour="[0]" size="9.120">关</text>
                <text font="EUYBLA+KaiTi_GB2312" bbox="535.752,226.234,544.872,235.354" colourspace="ICCBased" ncolour="[0]" size="9.120">节</text>
                <text>
                </text>
            </textline>
        </textbox>
        <textbox id="23" bbox="60.243,212.071,118.800,221.194">
            <textline bbox="60.243,212.071,118.800,221.194">
                <text font="EUYBLA+KaiTi_GB2312" bbox="60.243,212.071,69.363,221.191" colourspace="ICCBased" ncolour="[0]" size="9.120">的</text>
                <text font="EUYBLA+KaiTi_GB2312" bbox="69.363,212.071,78.483,221.191" colourspace="ICCBased" ncolour="[0]" size="9.120">整</text>
                <text font="EUYBLA+KaiTi_GB2312" bbox="78.243,212.071,87.363,221.191" colourspace="ICCBased" ncolour="[0]" size="9.120">个</text>
                <text font="EUYBLA+KaiTi_GB2312" bbox="87.363,212.071,96.483,221.191" colourspace="ICCBased" ncolour="[0]" size="9.120">下</text>
                <text font="EUYBLA+KaiTi_GB2312" bbox="96.243,212.071,105.363,221.191" colourspace="ICCBased" ncolour="[0]" size="9.120">肢</text>
                <text font="EUYBLA+KaiTi_GB2312" bbox="105.363,212.071,114.483,221.191" colourspace="ICCBased" ncolour="[0]" size="9.120">。</text>
                <text font="EUYBLA+KaiTi_GB2312" bbox="114.240,212.074,118.800,221.194" colourspace="ICCBased" ncolour="[0]" size="9.120"> </text>
                <text>
                </text>
            </textline>
        </textbox>
        <textbox id="24" bbox="51.120,198.154,544.853,207.917">
            <textline bbox="51.120,198.154,544.853,207.917">
                <text font="EUYBLA+KaiTi_GB2312" bbox="51.120,203.357,53.400,207.917" colourspace="ICCBased" ncolour="[0]" size="4.560">1</text>
                <text font="EUYBLA+KaiTi_GB2312" bbox="53.760,203.357,56.040,207.917" colourspace="ICCBased" ncolour="[0]" size="4.560">7</text>
                <text font="EUYBLA+KaiTi_GB2312" bbox="56.400,198.154,60.960,207.274" colourspace="ICCBased" ncolour="[0]" size="9.120"> </text>
                <text font="EUYBLA+KaiTi_GB2312" bbox="60.960,198.154,70.080,207.274" colourspace="ICCBased" ncolour="[0]" size="9.120">语</text>
                <text font="EUYBLA+KaiTi_GB2312" bbox="70.080,198.154,79.200,207.274" colourspace="ICCBased" ncolour="[0]" size="9.120">言</text>
                <text font="EUYBLA+KaiTi_GB2312" bbox="79.200,198.154,88.320,207.274" colourspace="ICCBased" ncolour="[0]" size="9.120">能</text>
                <text font="EUYBLA+KaiTi_GB2312" bbox="88.080,198.154,97.200,207.274" colourspace="ICCBased" ncolour="[0]" size="9.120">力</text>
                <text font="EUYBLA+KaiTi_GB2312" bbox="97.200,198.154,106.320,207.274" colourspace="ICCBased" ncolour="[0]" size="9.120">或</text>
                <text font="EUYBLA+KaiTi_GB2312" bbox="106.320,198.154,115.440,207.274" colourspace="ICCBased" ncolour="[0]" size="9.120">咀</text>
                <text font="EUYBLA+KaiTi_GB2312" bbox="115.200,198.154,124.320,207.274" colourspace="ICCBased" ncolour="[0]" size="9.120">嚼</text>
                <text font="EUYBLA+KaiTi_GB2312" bbox="124.320,198.154,133.440,207.274" colourspace="ICCBased" ncolour="[0]" size="9.120">吞</text>
                <text font="EUYBLA+KaiTi_GB2312" bbox="133.440,198.154,142.560,207.274" colourspace="ICCBased" ncolour="[0]" size="9.120">咽</text>
                <text font="EUYBLA+KaiTi_GB2312" bbox="142.320,198.154,151.440,207.274" colourspace="ICCBased" ncolour="[0]" size="9.120">能</text>
                <text font="EUYBLA+KaiTi_GB2312" bbox="151.440,198.154,160.560,207.274" colourspace="ICCBased" ncolour="[0]" size="9.120">力</text>
                <text font="EUYBLA+KaiTi_GB2312" bbox="160.560,198.154,169.680,207.274" colourspace="ICCBased" ncolour="[0]" size="9.120">完</text>
                <text font="EUYBLA+KaiTi_GB2312" bbox="169.440,198.154,178.560,207.274" colourspace="ICCBased" ncolour="[0]" size="9.120">全</text>
                <text font="EUYBLA+KaiTi_GB2312" bbox="178.560,198.154,187.680,207.274" colourspace="ICCBased" ncolour="[0]" size="9.120">丧</text>
                <text font="EUYBLA+KaiTi_GB2312" bbox="187.440,198.154,196.560,207.274" colourspace="ICCBased" ncolour="[0]" size="9.120">失</text>
                <text font="EUYBLA+KaiTi_GB2312" bbox="196.560,198.154,205.680,207.274" colourspace="ICCBased" ncolour="[0]" size="9.120">：</text>
                <text font="EUYBLA+KaiTi_GB2312" bbox="205.200,198.154,214.320,207.274" colourspace="ICCBased" ncolour="[0]" size="9.120">语</text>
                <text font="EUYBLA+KaiTi_GB2312" bbox="214.083,198.154,223.203,207.274" colourspace="ICCBased" ncolour="[0]" size="9.120">言</text>
                <text font="EUYBLA+KaiTi_GB2312" bbox="223.203,198.154,232.323,207.274" colourspace="ICCBased" ncolour="[0]" size="9.120">能</text>
                <text font="EUYBLA+KaiTi_GB2312" bbox="232.086,198.154,241.206,207.274" colourspace="ICCBased" ncolour="[0]" size="9.120">力</text>
                <text font="EUYBLA+KaiTi_GB2312" bbox="241.206,198.154,250.326,207.274" colourspace="ICCBased" ncolour="[0]" size="9.120">完</text>
                <text font="EUYBLA+KaiTi_GB2312" bbox="250.089,198.154,259.209,207.274" colourspace="ICCBased" ncolour="[0]" size="9.120">全</text>
                <text font="EUYBLA+KaiTi_GB2312" bbox="259.210,198.154,268.330,207.274" colourspace="ICCBased" ncolour="[0]" size="9.120">丧</text>
                <text font="EUYBLA+KaiTi_GB2312" bbox="268.092,198.154,277.212,207.274" colourspace="ICCBased" ncolour="[0]" size="9.120">失</text>
                <text font="EUYBLA+KaiTi_GB2312" bbox="277.212,198.154,286.332,207.274" colourspace="ICCBased" ncolour="[0]" size="9.120">，</text>
                <text font="EUYBLA+KaiTi_GB2312" bbox="285.853,198.154,294.973,207.274" colourspace="ICCBased" ncolour="[0]" size="9.120">指</text>
                <text font="EUYBLA+KaiTi_GB2312" bbox="294.736,198.154,303.856,207.274" colourspace="ICCBased" ncolour="[0]" size="9.120">无</text>
                <text font="EUYBLA+KaiTi_GB2312" bbox="303.856,198.154,312.976,207.274" colourspace="ICCBased" ncolour="[0]" size="9.120">法</text>
                <text font="EUYBLA+KaiTi_GB2312" bbox="312.738,198.154,321.858,207.274" colourspace="ICCBased" ncolour="[0]" size="9.120">发</text>
                <text font="EUYBLA+KaiTi_GB2312" bbox="321.858,198.154,330.978,207.274" colourspace="ICCBased" ncolour="[0]" size="9.120">出</text>
                <text font="EUYBLA+KaiTi_GB2312" bbox="330.741,198.154,339.861,207.274" colourspace="ICCBased" ncolour="[0]" size="9.120">四</text>
                <text font="EUYBLA+KaiTi_GB2312" bbox="339.861,198.154,348.981,207.274" colourspace="ICCBased" ncolour="[0]" size="9.120">种</text>
                <text font="EUYBLA+KaiTi_GB2312" bbox="348.744,198.154,357.864,207.274" colourspace="ICCBased" ncolour="[0]" size="9.120">语</text>
                <text font="EUYBLA+KaiTi_GB2312" bbox="357.864,198.154,366.984,207.274" colourspace="ICCBased" ncolour="[0]" size="9.120">音</text>
                <text font="EUYBLA+KaiTi_GB2312" bbox="366.504,198.154,375.624,207.274" colourspace="ICCBased" ncolour="[0]" size="9.120">（</text>
                <text font="EUYBLA+KaiTi_GB2312" bbox="375.386,198.154,384.506,207.274" colourspace="ICCBased" ncolour="[0]" size="9.120">包</text>
                <text font="EUYBLA+KaiTi_GB2312" bbox="384.506,198.154,393.626,207.274" colourspace="ICCBased" ncolour="[0]" size="9.120">括</text>
                <text font="EUYBLA+KaiTi_GB2312" bbox="393.389,198.154,402.509,207.274" colourspace="ICCBased" ncolour="[0]" size="9.120">口</text>
                <text font="EUYBLA+KaiTi_GB2312" bbox="402.509,198.154,411.629,207.274" colourspace="ICCBased" ncolour="[0]" size="9.120">唇</text>
                <text font="EUYBLA+KaiTi_GB2312" bbox="411.392,198.154,420.512,207.274" colourspace="ICCBased" ncolour="[0]" size="9.120">音</text>
                <text font="EUYBLA+KaiTi_GB2312" bbox="420.512,198.154,429.632,207.274" colourspace="ICCBased" ncolour="[0]" size="9.120">、</text>
                <text font="EUYBLA+KaiTi_GB2312" bbox="429.152,198.154,438.272,207.274" colourspace="ICCBased" ncolour="[0]" size="9.120">齿</text>
                <text font="EUYBLA+KaiTi_GB2312" bbox="438.035,198.154,447.155,207.274" colourspace="ICCBased" ncolour="[0]" size="9.120">舌</text>
                <text font="EUYBLA+KaiTi_GB2312" bbox="447.155,198.154,456.275,207.274" colourspace="ICCBased" ncolour="[0]" size="9.120">音</text>
                <text font="EUYBLA+KaiTi_GB2312" bbox="456.037,198.154,465.157,207.274" colourspace="ICCBased" ncolour="[0]" size="9.120">、</text>
                <text font="EUYBLA+KaiTi_GB2312" bbox="464.678,198.154,473.798,207.274" colourspace="ICCBased" ncolour="[0]" size="9.120">口</text>
                <text font="EUYBLA+KaiTi_GB2312" bbox="473.561,198.154,482.681,207.274" colourspace="ICCBased" ncolour="[0]" size="9.120">盖</text>
                <text font="EUYBLA+KaiTi_GB2312" bbox="482.681,198.154,491.801,207.274" colourspace="ICCBased" ncolour="[0]" size="9.120">音</text>
                <text font="EUYBLA+KaiTi_GB2312" bbox="491.563,198.154,500.683,207.274" colourspace="ICCBased" ncolour="[0]" size="9.120">和</text>
                <text font="EUYBLA+KaiTi_GB2312" bbox="500.683,198.154,509.803,207.274" colourspace="ICCBased" ncolour="[0]" size="9.120">喉</text>
                <text font="EUYBLA+KaiTi_GB2312" bbox="509.566,198.154,518.686,207.274" colourspace="ICCBased" ncolour="[0]" size="9.120">头</text>
                <text font="EUYBLA+KaiTi_GB2312" bbox="518.449,198.154,527.569,207.274" colourspace="ICCBased" ncolour="[0]" size="9.120">音</text>
                <text font="EUYBLA+KaiTi_GB2312" bbox="527.332,198.154,536.452,207.274" colourspace="ICCBased" ncolour="[0]" size="9.120">）</text>
                <text font="EUYBLA+KaiTi_GB2312" bbox="535.733,198.154,544.853,207.274" colourspace="ICCBased" ncolour="[0]" size="9.120">中</text>
                <text>
                </text>
            </textline>
        </textbox>
        <textbox id="25" bbox="60.238,184.234,343.680,193.357">
            <textline bbox="60.238,184.234,343.680,193.357">
                <text font="EUYBLA+KaiTi_GB2312" bbox="60.238,184.237,69.358,193.357" colourspace="ICCBased" ncolour="[0]" size="9.120">的</text>
                <text font="EUYBLA+KaiTi_GB2312" bbox="69.358,184.237,78.478,193.357" colourspace="ICCBased" ncolour="[0]" size="9.120">任</text>
                <text font="EUYBLA+KaiTi_GB2312" bbox="78.240,184.237,87.360,193.357" colourspace="ICCBased" ncolour="[0]" size="9.120">何</text>
                <text font="EUYBLA+KaiTi_GB2312" bbox="87.360,184.237,96.480,193.357" colourspace="ICCBased" ncolour="[0]" size="9.120">三</text>
                <text font="EUYBLA+KaiTi_GB2312" bbox="96.243,184.237,105.363,193.357" colourspace="ICCBased" ncolour="[0]" size="9.120">种</text>
                <text font="EUYBLA+KaiTi_GB2312" bbox="105.363,184.237,114.483,193.357" colourspace="ICCBased" ncolour="[0]" size="9.120">、</text>
                <text font="EUYBLA+KaiTi_GB2312" bbox="114.246,184.237,123.366,193.357" colourspace="ICCBased" ncolour="[0]" size="9.120">或</text>
                <text font="EUYBLA+KaiTi_GB2312" bbox="123.366,184.237,132.486,193.357" colourspace="ICCBased" ncolour="[0]" size="9.120">声</text>
                <text font="EUYBLA+KaiTi_GB2312" bbox="132.249,184.237,141.369,193.357" colourspace="ICCBased" ncolour="[0]" size="9.120">带</text>
                <text font="EUYBLA+KaiTi_GB2312" bbox="141.369,184.237,150.489,193.357" colourspace="ICCBased" ncolour="[0]" size="9.120">全</text>
                <text font="EUYBLA+KaiTi_GB2312" bbox="150.252,184.237,159.372,193.357" colourspace="ICCBased" ncolour="[0]" size="9.120">部</text>
                <text font="EUYBLA+KaiTi_GB2312" bbox="159.372,184.237,168.492,193.357" colourspace="ICCBased" ncolour="[0]" size="9.120">切</text>
                <text font="EUYBLA+KaiTi_GB2312" bbox="168.255,184.237,177.375,193.357" colourspace="ICCBased" ncolour="[0]" size="9.120">除</text>
                <text font="EUYBLA+KaiTi_GB2312" bbox="177.375,184.237,186.495,193.357" colourspace="ICCBased" ncolour="[0]" size="9.120">，</text>
                <text font="EUYBLA+KaiTi_GB2312" bbox="186.258,184.237,195.378,193.357" colourspace="ICCBased" ncolour="[0]" size="9.120">或</text>
                <text font="EUYBLA+KaiTi_GB2312" bbox="195.378,184.237,204.498,193.357" colourspace="ICCBased" ncolour="[0]" size="9.120">因</text>
                <text font="EUYBLA+KaiTi_GB2312" bbox="204.261,184.237,213.381,193.357" colourspace="ICCBased" ncolour="[0]" size="9.120">大</text>
                <text font="EUYBLA+KaiTi_GB2312" bbox="213.381,184.237,222.501,193.357" colourspace="ICCBased" ncolour="[0]" size="9.120">脑</text>
                <text font="EUYBLA+KaiTi_GB2312" bbox="222.264,184.237,231.384,193.357" colourspace="ICCBased" ncolour="[0]" size="9.120">语</text>
                <text font="EUYBLA+KaiTi_GB2312" bbox="231.384,184.237,240.504,193.357" colourspace="ICCBased" ncolour="[0]" size="9.120">言</text>
                <text font="EUYBLA+KaiTi_GB2312" bbox="240.266,184.237,249.386,193.357" colourspace="ICCBased" ncolour="[0]" size="9.120">中</text>
                <text font="EUYBLA+KaiTi_GB2312" bbox="249.386,184.237,258.506,193.357" colourspace="ICCBased" ncolour="[0]" size="9.120">枢</text>
                <text font="EUYBLA+KaiTi_GB2312" bbox="258.269,184.237,267.389,193.357" colourspace="ICCBased" ncolour="[0]" size="9.120">受</text>
                <text font="EUYBLA+KaiTi_GB2312" bbox="267.389,184.237,276.509,193.357" colourspace="ICCBased" ncolour="[0]" size="9.120">伤</text>
                <text font="EUYBLA+KaiTi_GB2312" bbox="276.272,184.237,285.392,193.357" colourspace="ICCBased" ncolour="[0]" size="9.120">害</text>
                <text font="EUYBLA+KaiTi_GB2312" bbox="285.392,184.237,294.512,193.357" colourspace="ICCBased" ncolour="[0]" size="9.120">而</text>
                <text font="EUYBLA+KaiTi_GB2312" bbox="294.275,184.237,303.395,193.357" colourspace="ICCBased" ncolour="[0]" size="9.120">患</text>
                <text font="EUYBLA+KaiTi_GB2312" bbox="303.158,184.237,312.278,193.357" colourspace="ICCBased" ncolour="[0]" size="9.120">失</text>
                <text font="EUYBLA+KaiTi_GB2312" bbox="312.278,184.237,321.398,193.357" colourspace="ICCBased" ncolour="[0]" size="9.120">语</text>
                <text font="EUYBLA+KaiTi_GB2312" bbox="321.161,184.237,330.281,193.357" colourspace="ICCBased" ncolour="[0]" size="9.120">症</text>
                <text font="EUYBLA+KaiTi_GB2312" bbox="330.281,184.237,339.401,193.357" colourspace="ICCBased" ncolour="[0]" size="9.120">。</text>
                <text font="EUYBLA+KaiTi_GB2312" bbox="339.120,184.234,343.680,193.354" colourspace="ICCBased" ncolour="[0]" size="9.120"> </text>
                <text>
                </text>
            </textline>
        </textbox>
        <textbox id="26" bbox="61.680,170.071,544.561,179.191">
            <textline bbox="61.680,170.071,544.561,179.191">
                <text font="EUYBLA+KaiTi_GB2312" bbox="61.680,170.071,70.800,179.191" colourspace="ICCBased" ncolour="[0]" size="9.120">咀</text>
                <text font="EUYBLA+KaiTi_GB2312" bbox="70.800,170.071,79.920,179.191" colourspace="ICCBased" ncolour="[0]" size="9.120">嚼</text>
                <text font="EUYBLA+KaiTi_GB2312" bbox="79.681,170.071,88.801,179.191" colourspace="ICCBased" ncolour="[0]" size="9.120">吞</text>
                <text font="EUYBLA+KaiTi_GB2312" bbox="88.801,170.071,97.921,179.191" colourspace="ICCBased" ncolour="[0]" size="9.120">咽</text>
                <text font="EUYBLA+KaiTi_GB2312" bbox="97.681,170.071,106.801,179.191" colourspace="ICCBased" ncolour="[0]" size="9.120">能</text>
                <text font="EUYBLA+KaiTi_GB2312" bbox="106.801,170.071,115.921,179.191" colourspace="ICCBased" ncolour="[0]" size="9.120">力</text>
                <text font="EUYBLA+KaiTi_GB2312" bbox="115.681,170.071,124.801,179.191" colourspace="ICCBased" ncolour="[0]" size="9.120">完</text>
                <text font="EUYBLA+KaiTi_GB2312" bbox="124.801,170.071,133.921,179.191" colourspace="ICCBased" ncolour="[0]" size="9.120">全</text>
                <text font="EUYBLA+KaiTi_GB2312" bbox="133.680,170.071,142.800,179.191" colourspace="ICCBased" ncolour="[0]" size="9.120">丧</text>
                <text font="EUYBLA+KaiTi_GB2312" bbox="142.800,170.071,151.920,179.191" colourspace="ICCBased" ncolour="[0]" size="9.120">失</text>
                <text font="EUYBLA+KaiTi_GB2312" bbox="151.920,170.071,161.040,179.191" colourspace="ICCBased" ncolour="[0]" size="9.120">，</text>
                <text font="EUYBLA+KaiTi_GB2312" bbox="159.600,170.071,168.720,179.191" colourspace="ICCBased" ncolour="[0]" size="9.120">指</text>
                <text font="EUYBLA+KaiTi_GB2312" bbox="168.720,170.071,177.840,179.191" colourspace="ICCBased" ncolour="[0]" size="9.120">因</text>
                <text font="EUYBLA+KaiTi_GB2312" bbox="177.600,170.071,186.720,179.191" colourspace="ICCBased" ncolour="[0]" size="9.120">牙</text>
                <text font="EUYBLA+KaiTi_GB2312" bbox="186.720,170.071,195.840,179.191" colourspace="ICCBased" ncolour="[0]" size="9.120">齿</text>
                <text font="EUYBLA+KaiTi_GB2312" bbox="195.600,170.071,204.720,179.191" colourspace="ICCBased" ncolour="[0]" size="9.120">以</text>
                <text font="EUYBLA+KaiTi_GB2312" bbox="204.720,170.071,213.840,179.191" colourspace="ICCBased" ncolour="[0]" size="9.120">外</text>
                <text font="EUYBLA+KaiTi_GB2312" bbox="213.601,170.071,222.721,179.191" colourspace="ICCBased" ncolour="[0]" size="9.120">的</text>
                <text font="EUYBLA+KaiTi_GB2312" bbox="222.721,170.071,231.841,179.191" colourspace="ICCBased" ncolour="[0]" size="9.120">原</text>
                <text font="EUYBLA+KaiTi_GB2312" bbox="231.601,170.071,240.721,179.191" colourspace="ICCBased" ncolour="[0]" size="9.120">因</text>
                <text font="EUYBLA+KaiTi_GB2312" bbox="240.721,170.071,249.841,179.191" colourspace="ICCBased" ncolour="[0]" size="9.120">导</text>
                <text font="EUYBLA+KaiTi_GB2312" bbox="249.601,170.071,258.721,179.191" colourspace="ICCBased" ncolour="[0]" size="9.120">致</text>
                <text font="EUYBLA+KaiTi_GB2312" bbox="258.721,170.071,267.841,179.191" colourspace="ICCBased" ncolour="[0]" size="9.120">器</text>
                <text font="EUYBLA+KaiTi_GB2312" bbox="267.600,170.071,276.720,179.191" colourspace="ICCBased" ncolour="[0]" size="9.120">质</text>
                <text font="EUYBLA+KaiTi_GB2312" bbox="276.720,170.071,285.840,179.191" colourspace="ICCBased" ncolour="[0]" size="9.120">障</text>
                <text font="EUYBLA+KaiTi_GB2312" bbox="285.600,170.071,294.720,179.191" colourspace="ICCBased" ncolour="[0]" size="9.120">碍</text>
                <text font="EUYBLA+KaiTi_GB2312" bbox="294.720,170.071,303.840,179.191" colourspace="ICCBased" ncolour="[0]" size="9.120">或</text>
                <text font="EUYBLA+KaiTi_GB2312" bbox="303.600,170.071,312.720,179.191" colourspace="ICCBased" ncolour="[0]" size="9.120">机</text>
                <text font="EUYBLA+KaiTi_GB2312" bbox="312.720,170.071,321.840,179.191" colourspace="ICCBased" ncolour="[0]" size="9.120">能</text>
                <text font="EUYBLA+KaiTi_GB2312" bbox="321.600,170.071,330.720,179.191" colourspace="ICCBased" ncolour="[0]" size="9.120">障</text>
                <text font="EUYBLA+KaiTi_GB2312" bbox="330.720,170.071,339.840,179.191" colourspace="ICCBased" ncolour="[0]" size="9.120">碍</text>
                <text font="EUYBLA+KaiTi_GB2312" bbox="339.840,170.071,348.960,179.191" colourspace="ICCBased" ncolour="[0]" size="9.120">，</text>
                <text font="EUYBLA+KaiTi_GB2312" bbox="347.520,170.071,356.640,179.191" colourspace="ICCBased" ncolour="[0]" size="9.120">以</text>
                <text font="EUYBLA+KaiTi_GB2312" bbox="356.640,170.071,365.760,179.191" colourspace="ICCBased" ncolour="[0]" size="9.120">致</text>
                <text font="EUYBLA+KaiTi_GB2312" bbox="365.521,170.071,374.641,179.191" colourspace="ICCBased" ncolour="[0]" size="9.120">不</text>
                <text font="EUYBLA+KaiTi_GB2312" bbox="374.641,170.071,383.761,179.191" colourspace="ICCBased" ncolour="[0]" size="9.120">能</text>
                <text font="EUYBLA+KaiTi_GB2312" bbox="383.521,170.071,392.641,179.191" colourspace="ICCBased" ncolour="[0]" size="9.120">作</text>
                <text font="EUYBLA+KaiTi_GB2312" bbox="392.641,170.071,401.761,179.191" colourspace="ICCBased" ncolour="[0]" size="9.120">咀</text>
                <text font="EUYBLA+KaiTi_GB2312" bbox="401.521,170.071,410.641,179.191" colourspace="ICCBased" ncolour="[0]" size="9.120">嚼</text>
                <text font="EUYBLA+KaiTi_GB2312" bbox="410.641,170.071,419.761,179.191" colourspace="ICCBased" ncolour="[0]" size="9.120">吞</text>
                <text font="EUYBLA+KaiTi_GB2312" bbox="419.520,170.071,428.640,179.191" colourspace="ICCBased" ncolour="[0]" size="9.120">咽</text>
                <text font="EUYBLA+KaiTi_GB2312" bbox="428.640,170.071,437.760,179.191" colourspace="ICCBased" ncolour="[0]" size="9.120">运</text>
                <text font="EUYBLA+KaiTi_GB2312" bbox="437.520,170.071,446.640,179.191" colourspace="ICCBased" ncolour="[0]" size="9.120">动</text>
                <text font="EUYBLA+KaiTi_GB2312" bbox="446.640,170.071,455.760,179.191" colourspace="ICCBased" ncolour="[0]" size="9.120">，</text>
                <text font="EUYBLA+KaiTi_GB2312" bbox="454.560,170.071,463.680,179.191" colourspace="ICCBased" ncolour="[0]" size="9.120">除</text>
                <text font="EUYBLA+KaiTi_GB2312" bbox="463.440,170.071,472.560,179.191" colourspace="ICCBased" ncolour="[0]" size="9.120">流</text>
                <text font="EUYBLA+KaiTi_GB2312" bbox="472.560,170.071,481.680,179.191" colourspace="ICCBased" ncolour="[0]" size="9.120">质</text>
                <text font="EUYBLA+KaiTi_GB2312" bbox="481.440,170.071,490.560,179.191" colourspace="ICCBased" ncolour="[0]" size="9.120">食</text>
                <text font="EUYBLA+KaiTi_GB2312" bbox="490.560,170.071,499.680,179.191" colourspace="ICCBased" ncolour="[0]" size="9.120">物</text>
                <text font="EUYBLA+KaiTi_GB2312" bbox="499.440,170.071,508.560,179.191" colourspace="ICCBased" ncolour="[0]" size="9.120">外</text>
                <text font="EUYBLA+KaiTi_GB2312" bbox="508.560,170.071,517.680,179.191" colourspace="ICCBased" ncolour="[0]" size="9.120">不</text>
                <text font="EUYBLA+KaiTi_GB2312" bbox="517.441,170.071,526.561,179.191" colourspace="ICCBased" ncolour="[0]" size="9.120">能</text>
                <text font="EUYBLA+KaiTi_GB2312" bbox="526.561,170.071,535.681,179.191" colourspace="ICCBased" ncolour="[0]" size="9.120">摄</text>
                <text font="EUYBLA+KaiTi_GB2312" bbox="535.441,170.071,544.561,179.191" colourspace="ICCBased" ncolour="[0]" size="9.120">取</text>
                <text>
                </text>
            </textline>
        </textbox>
        <textbox id="27" bbox="61.680,156.154,129.369,165.274">
            <textline bbox="61.680,156.154,129.369,165.274">
                <text font="EUYBLA+KaiTi_GB2312" bbox="61.680,156.154,70.800,165.274" colourspace="ICCBased" ncolour="[0]" size="9.120">或</text>
                <text font="EUYBLA+KaiTi_GB2312" bbox="70.800,156.154,79.920,165.274" colourspace="ICCBased" ncolour="[0]" size="9.120">吞</text>
                <text font="EUYBLA+KaiTi_GB2312" bbox="79.683,156.154,88.803,165.274" colourspace="ICCBased" ncolour="[0]" size="9.120">咽</text>
                <text font="EUYBLA+KaiTi_GB2312" bbox="88.803,156.154,97.923,165.274" colourspace="ICCBased" ncolour="[0]" size="9.120">的</text>
                <text font="EUYBLA+KaiTi_GB2312" bbox="97.686,156.154,106.806,165.274" colourspace="ICCBased" ncolour="[0]" size="9.120">状</text>
                <text font="EUYBLA+KaiTi_GB2312" bbox="106.806,156.154,115.926,165.274" colourspace="ICCBased" ncolour="[0]" size="9.120">态</text>
                <text font="EUYBLA+KaiTi_GB2312" bbox="115.689,156.154,124.809,165.274" colourspace="ICCBased" ncolour="[0]" size="9.120">。</text>
                <text font="EUYBLA+KaiTi_GB2312" bbox="124.809,156.154,129.369,165.274" colourspace="ICCBased" ncolour="[0]" size="9.120"> </text>
                <text>
                </text>
            </textline>
        </textbox>
        <textbox id="28" bbox="51.120,142.234,281.760,151.997">
            <textline bbox="51.120,142.234,281.760,151.997">
                <text font="EUYBLA+KaiTi_GB2312" bbox="51.120,147.437,53.400,151.997" colourspace="ICCBased" ncolour="[0]" size="4.560">1</text>
                <text font="EUYBLA+KaiTi_GB2312" bbox="53.760,147.437,56.040,151.997" colourspace="ICCBased" ncolour="[0]" size="4.560">8</text>
                <text font="EUYBLA+KaiTi_GB2312" bbox="56.400,142.234,60.960,151.354" colourspace="ICCBased" ncolour="[0]" size="9.120"> </text>
                <text font="EUYBLA+KaiTi_GB2312" bbox="60.960,142.234,70.080,151.354" colourspace="ICCBased" ncolour="[0]" size="9.120">六</text>
                <text font="EUYBLA+KaiTi_GB2312" bbox="70.080,142.234,79.200,151.354" colourspace="ICCBased" ncolour="[0]" size="9.120">项</text>
                <text font="EUYBLA+KaiTi_GB2312" bbox="79.200,142.234,88.320,151.354" colourspace="ICCBased" ncolour="[0]" size="9.120">基</text>
                <text font="EUYBLA+KaiTi_GB2312" bbox="88.080,142.234,97.200,151.354" colourspace="ICCBased" ncolour="[0]" size="9.120">本</text>
                <text font="EUYBLA+KaiTi_GB2312" bbox="97.200,142.234,106.320,151.354" colourspace="ICCBased" ncolour="[0]" size="9.120">日</text>
                <text font="EUYBLA+KaiTi_GB2312" bbox="106.320,142.234,115.440,151.354" colourspace="ICCBased" ncolour="[0]" size="9.120">常</text>
                <text font="EUYBLA+KaiTi_GB2312" bbox="115.200,142.234,124.320,151.354" colourspace="ICCBased" ncolour="[0]" size="9.120">生</text>
                <text font="EUYBLA+KaiTi_GB2312" bbox="124.320,142.234,133.440,151.354" colourspace="ICCBased" ncolour="[0]" size="9.120">活</text>
                <text font="EUYBLA+KaiTi_GB2312" bbox="133.440,142.234,142.560,151.354" colourspace="ICCBased" ncolour="[0]" size="9.120">活</text>
                <text font="EUYBLA+KaiTi_GB2312" bbox="142.320,142.234,151.440,151.354" colourspace="ICCBased" ncolour="[0]" size="9.120">动</text>
                <text font="EUYBLA+KaiTi_GB2312" bbox="151.440,142.234,160.560,151.354" colourspace="ICCBased" ncolour="[0]" size="9.120">：</text>
                <text font="EUYBLA+KaiTi_GB2312" bbox="160.560,142.234,169.680,151.354" colourspace="ICCBased" ncolour="[0]" size="9.120">六</text>
                <text font="EUYBLA+KaiTi_GB2312" bbox="169.443,142.234,178.563,151.354" colourspace="ICCBased" ncolour="[0]" size="9.120">项</text>
                <text font="EUYBLA+KaiTi_GB2312" bbox="178.326,142.234,187.446,151.354" colourspace="ICCBased" ncolour="[0]" size="9.120">基</text>
                <text font="EUYBLA+KaiTi_GB2312" bbox="187.446,142.234,196.566,151.354" colourspace="ICCBased" ncolour="[0]" size="9.120">本</text>
                <text font="EUYBLA+KaiTi_GB2312" bbox="196.329,142.234,205.449,151.354" colourspace="ICCBased" ncolour="[0]" size="9.120">日</text>
                <text font="EUYBLA+KaiTi_GB2312" bbox="205.450,142.234,214.570,151.354" colourspace="ICCBased" ncolour="[0]" size="9.120">常</text>
                <text font="EUYBLA+KaiTi_GB2312" bbox="214.332,142.234,223.452,151.354" colourspace="ICCBased" ncolour="[0]" size="9.120">生</text>
                <text font="EUYBLA+KaiTi_GB2312" bbox="223.452,142.234,232.572,151.354" colourspace="ICCBased" ncolour="[0]" size="9.120">活</text>
                <text font="EUYBLA+KaiTi_GB2312" bbox="232.335,142.234,241.455,151.354" colourspace="ICCBased" ncolour="[0]" size="9.120">活</text>
                <text font="EUYBLA+KaiTi_GB2312" bbox="241.455,142.234,250.575,151.354" colourspace="ICCBased" ncolour="[0]" size="9.120">动</text>
                <text font="EUYBLA+KaiTi_GB2312" bbox="250.338,142.234,259.458,151.354" colourspace="ICCBased" ncolour="[0]" size="9.120">是</text>
                <text font="EUYBLA+KaiTi_GB2312" bbox="259.458,142.234,268.578,151.354" colourspace="ICCBased" ncolour="[0]" size="9.120">指</text>
                <text font="EUYBLA+KaiTi_GB2312" bbox="268.341,142.234,277.461,151.354" colourspace="ICCBased" ncolour="[0]" size="9.120">：</text>
                <text font="EUYBLA+KaiTi_GB2312" bbox="277.200,142.234,281.760,151.354" colourspace="ICCBased" ncolour="[0]" size="9.120"> </text>
                <text>
                </text>
            </textline>
        </textbox>
        <textbox id="29" bbox="60.244,128.071,204.504,137.191">
            <textline bbox="60.244,128.071,204.504,137.191">
                <text font="EUYBLA+KaiTi_GB2312" bbox="60.244,128.071,69.364,137.191" colourspace="ICCBased" ncolour="[0]" size="9.120">（</text>
                <text font="EUYBLA+KaiTi_GB2312" bbox="69.364,128.071,73.924,137.191" colourspace="ICCBased" ncolour="[0]" size="9.120">1</text>
                <text font="EUYBLA+KaiTi_GB2312" bbox="73.924,128.071,83.044,137.191" colourspace="ICCBased" ncolour="[0]" size="9.120">）</text>
                <text font="EUYBLA+KaiTi_GB2312" bbox="82.807,128.071,91.927,137.191" colourspace="ICCBased" ncolour="[0]" size="9.120">穿</text>
                <text font="EUYBLA+KaiTi_GB2312" bbox="91.927,128.071,101.047,137.191" colourspace="ICCBased" ncolour="[0]" size="9.120">衣</text>
                <text font="EUYBLA+KaiTi_GB2312" bbox="100.810,128.071,109.930,137.191" colourspace="ICCBased" ncolour="[0]" size="9.120">：</text>
                <text font="EUYBLA+KaiTi_GB2312" bbox="109.930,128.071,119.050,137.191" colourspace="ICCBased" ncolour="[0]" size="9.120">自</text>
                <text font="EUYBLA+KaiTi_GB2312" bbox="118.813,128.071,127.933,137.191" colourspace="ICCBased" ncolour="[0]" size="9.120">己</text>
                <text font="EUYBLA+KaiTi_GB2312" bbox="127.934,128.071,137.054,137.191" colourspace="ICCBased" ncolour="[0]" size="9.120">能</text>
                <text font="EUYBLA+KaiTi_GB2312" bbox="136.817,128.071,145.937,137.191" colourspace="ICCBased" ncolour="[0]" size="9.120">够</text>
                <text font="EUYBLA+KaiTi_GB2312" bbox="145.936,128.071,155.056,137.191" colourspace="ICCBased" ncolour="[0]" size="9.120">穿</text>
                <text font="EUYBLA+KaiTi_GB2312" bbox="154.819,128.071,163.939,137.191" colourspace="ICCBased" ncolour="[0]" size="9.120">衣</text>
                <text font="EUYBLA+KaiTi_GB2312" bbox="163.939,128.071,173.059,137.191" colourspace="ICCBased" ncolour="[0]" size="9.120">及</text>
                <text font="EUYBLA+KaiTi_GB2312" bbox="172.822,128.071,181.942,137.191" colourspace="ICCBased" ncolour="[0]" size="9.120">脱</text>
                <text font="EUYBLA+KaiTi_GB2312" bbox="181.942,128.071,191.062,137.191" colourspace="ICCBased" ncolour="[0]" size="9.120">衣</text>
                <text font="EUYBLA+KaiTi_GB2312" bbox="190.824,128.071,199.944,137.191" colourspace="ICCBased" ncolour="[0]" size="9.120">；</text>
                <text font="EUYBLA+KaiTi_GB2312" bbox="199.944,128.071,204.504,137.191" colourspace="ICCBased" ncolour="[0]" size="9.120"> </text>
                <text>
                </text>
            </textline>
        </textbox>
        <textbox id="30" bbox="60.244,114.154,240.510,123.274">
            <textline bbox="60.244,114.154,240.510,123.274">
                <text font="EUYBLA+KaiTi_GB2312" bbox="60.244,114.154,69.364,123.274" colourspace="ICCBased" ncolour="[0]" size="9.120">（</text>
                <text font="EUYBLA+KaiTi_GB2312" bbox="69.364,114.154,73.924,123.274" colourspace="ICCBased" ncolour="[0]" size="9.120">2</text>
                <text font="EUYBLA+KaiTi_GB2312" bbox="73.924,114.154,83.044,123.274" colourspace="ICCBased" ncolour="[0]" size="9.120">）</text>
                <text font="EUYBLA+KaiTi_GB2312" bbox="82.807,114.154,91.927,123.274" colourspace="ICCBased" ncolour="[0]" size="9.120">移</text>
                <text font="EUYBLA+KaiTi_GB2312" bbox="91.927,114.154,101.047,123.274" colourspace="ICCBased" ncolour="[0]" size="9.120">动</text>
                <text font="EUYBLA+KaiTi_GB2312" bbox="100.810,114.154,109.930,123.274" colourspace="ICCBased" ncolour="[0]" size="9.120">：</text>
                <text font="EUYBLA+KaiTi_GB2312" bbox="109.930,114.154,119.050,123.274" colourspace="ICCBased" ncolour="[0]" size="9.120">自</text>
                <text font="EUYBLA+KaiTi_GB2312" bbox="118.813,114.154,127.933,123.274" colourspace="ICCBased" ncolour="[0]" size="9.120">己</text>
                <text font="EUYBLA+KaiTi_GB2312" bbox="127.934,114.154,137.054,123.274" colourspace="ICCBased" ncolour="[0]" size="9.120">从</text>
                <text font="EUYBLA+KaiTi_GB2312" bbox="136.817,114.154,145.937,123.274" colourspace="ICCBased" ncolour="[0]" size="9.120">一</text>
                <text font="EUYBLA+KaiTi_GB2312" bbox="145.936,114.154,155.056,123.274" colourspace="ICCBased" ncolour="[0]" size="9.120">个</text>
                <text font="EUYBLA+KaiTi_GB2312" bbox="154.819,114.154,163.939,123.274" colourspace="ICCBased" ncolour="[0]" size="9.120">房</text>
                <text font="EUYBLA+KaiTi_GB2312" bbox="163.939,114.154,173.059,123.274" colourspace="ICCBased" ncolour="[0]" size="9.120">间</text>
                <text font="EUYBLA+KaiTi_GB2312" bbox="172.822,114.154,181.942,123.274" colourspace="ICCBased" ncolour="[0]" size="9.120">到</text>
                <text font="EUYBLA+KaiTi_GB2312" bbox="181.942,114.154,191.062,123.274" colourspace="ICCBased" ncolour="[0]" size="9.120">另</text>
                <text font="EUYBLA+KaiTi_GB2312" bbox="190.824,114.154,199.944,123.274" colourspace="ICCBased" ncolour="[0]" size="9.120">一</text>
                <text font="EUYBLA+KaiTi_GB2312" bbox="199.944,114.154,209.064,123.274" colourspace="ICCBased" ncolour="[0]" size="9.120">个</text>
                <text font="EUYBLA+KaiTi_GB2312" bbox="208.827,114.154,217.947,123.274" colourspace="ICCBased" ncolour="[0]" size="9.120">房</text>
                <text font="EUYBLA+KaiTi_GB2312" bbox="217.947,114.154,227.067,123.274" colourspace="ICCBased" ncolour="[0]" size="9.120">间</text>
                <text font="EUYBLA+KaiTi_GB2312" bbox="226.830,114.154,235.950,123.274" colourspace="ICCBased" ncolour="[0]" size="9.120">；</text>
                <text font="EUYBLA+KaiTi_GB2312" bbox="235.950,114.154,240.510,123.274" colourspace="ICCBased" ncolour="[0]" size="9.120"> </text>
                <text>
                </text>
            </textline>
        </textbox>
        <textbox id="31" bbox="60.244,100.236,213.624,109.356">
            <textline bbox="60.244,100.236,213.624,109.356">
                <text font="EUYBLA+KaiTi_GB2312" bbox="60.244,100.236,69.364,109.356" colourspace="ICCBased" ncolour="[0]" size="9.120">（</text>
                <text font="EUYBLA+KaiTi_GB2312" bbox="69.364,100.236,73.924,109.356" colourspace="ICCBased" ncolour="[0]" size="9.120">3</text>
                <text font="EUYBLA+KaiTi_GB2312" bbox="73.924,100.236,83.044,109.356" colourspace="ICCBased" ncolour="[0]" size="9.120">）</text>
                <text font="EUYBLA+KaiTi_GB2312" bbox="82.807,100.236,91.927,109.356" colourspace="ICCBased" ncolour="[0]" size="9.120">行</text>
                <text font="EUYBLA+KaiTi_GB2312" bbox="91.927,100.236,101.047,109.356" colourspace="ICCBased" ncolour="[0]" size="9.120">动</text>
                <text font="EUYBLA+KaiTi_GB2312" bbox="100.810,100.236,109.930,109.356" colourspace="ICCBased" ncolour="[0]" size="9.120">：</text>
                <text font="EUYBLA+KaiTi_GB2312" bbox="109.930,100.236,119.050,109.356" colourspace="ICCBased" ncolour="[0]" size="9.120">自</text>
                <text font="EUYBLA+KaiTi_GB2312" bbox="118.813,100.236,127.933,109.356" colourspace="ICCBased" ncolour="[0]" size="9.120">己</text>
                <text font="EUYBLA+KaiTi_GB2312" bbox="127.934,100.236,137.054,109.356" colourspace="ICCBased" ncolour="[0]" size="9.120">上</text>
                <text font="EUYBLA+KaiTi_GB2312" bbox="136.817,100.236,145.937,109.356" colourspace="ICCBased" ncolour="[0]" size="9.120">下</text>
                <text font="EUYBLA+KaiTi_GB2312" bbox="145.936,100.236,155.056,109.356" colourspace="ICCBased" ncolour="[0]" size="9.120">床</text>
                <text font="EUYBLA+KaiTi_GB2312" bbox="154.819,100.236,163.939,109.356" colourspace="ICCBased" ncolour="[0]" size="9.120">或</text>
                <text font="EUYBLA+KaiTi_GB2312" bbox="163.939,100.236,173.059,109.356" colourspace="ICCBased" ncolour="[0]" size="9.120">上</text>
                <text font="EUYBLA+KaiTi_GB2312" bbox="172.822,100.236,181.942,109.356" colourspace="ICCBased" ncolour="[0]" size="9.120">下</text>
                <text font="EUYBLA+KaiTi_GB2312" bbox="181.942,100.236,191.062,109.356" colourspace="ICCBased" ncolour="[0]" size="9.120">轮</text>
                <text font="EUYBLA+KaiTi_GB2312" bbox="190.824,100.236,199.944,109.356" colourspace="ICCBased" ncolour="[0]" size="9.120">椅</text>
                <text font="EUYBLA+KaiTi_GB2312" bbox="199.944,100.236,209.064,109.356" colourspace="ICCBased" ncolour="[0]" size="9.120">；</text>
                <text font="EUYBLA+KaiTi_GB2312" bbox="209.064,100.236,213.624,109.356" colourspace="ICCBased" ncolour="[0]" size="9.120"> </text>
                <text>
                </text>
            </textline>
        </textbox>
        <textbox id="32" bbox="60.244,86.073,204.504,95.193">
            <textline bbox="60.244,86.073,204.504,95.193">
                <text font="EUYBLA+KaiTi_GB2312" bbox="60.244,86.073,69.364,95.193" colourspace="ICCBased" ncolour="[0]" size="9.120">（</text>
                <text font="EUYBLA+KaiTi_GB2312" bbox="69.364,86.073,73.924,95.193" colourspace="ICCBased" ncolour="[0]" size="9.120">4</text>
                <text font="EUYBLA+KaiTi_GB2312" bbox="73.924,86.073,83.044,95.193" colourspace="ICCBased" ncolour="[0]" size="9.120">）</text>
                <text font="EUYBLA+KaiTi_GB2312" bbox="82.807,86.073,91.927,95.193" colourspace="ICCBased" ncolour="[0]" size="9.120">如</text>
                <text font="EUYBLA+KaiTi_GB2312" bbox="91.927,86.073,101.047,95.193" colourspace="ICCBased" ncolour="[0]" size="9.120">厕</text>
                <text font="EUYBLA+KaiTi_GB2312" bbox="100.810,86.073,109.930,95.193" colourspace="ICCBased" ncolour="[0]" size="9.120">：</text>
                <text font="EUYBLA+KaiTi_GB2312" bbox="109.930,86.073,119.050,95.193" colourspace="ICCBased" ncolour="[0]" size="9.120">自</text>
                <text font="EUYBLA+KaiTi_GB2312" bbox="118.813,86.073,127.933,95.193" colourspace="ICCBased" ncolour="[0]" size="9.120">己</text>
                <text font="EUYBLA+KaiTi_GB2312" bbox="127.934,86.073,137.054,95.193" colourspace="ICCBased" ncolour="[0]" size="9.120">控</text>
                <text font="EUYBLA+KaiTi_GB2312" bbox="136.817,86.073,145.937,95.193" colourspace="ICCBased" ncolour="[0]" size="9.120">制</text>
                <text font="EUYBLA+KaiTi_GB2312" bbox="145.936,86.073,155.056,95.193" colourspace="ICCBased" ncolour="[0]" size="9.120">进</text>
                <text font="EUYBLA+KaiTi_GB2312" bbox="154.819,86.073,163.939,95.193" colourspace="ICCBased" ncolour="[0]" size="9.120">行</text>
                <text font="EUYBLA+KaiTi_GB2312" bbox="163.939,86.073,173.059,95.193" colourspace="ICCBased" ncolour="[0]" size="9.120">大</text>
                <text font="EUYBLA+KaiTi_GB2312" bbox="172.822,86.073,181.942,95.193" colourspace="ICCBased" ncolour="[0]" size="9.120">小</text>
                <text font="EUYBLA+KaiTi_GB2312" bbox="181.942,86.073,191.062,95.193" colourspace="ICCBased" ncolour="[0]" size="9.120">便</text>
                <text font="EUYBLA+KaiTi_GB2312" bbox="190.824,86.073,199.944,95.193" colourspace="ICCBased" ncolour="[0]" size="9.120">；</text>
                <text font="EUYBLA+KaiTi_GB2312" bbox="199.944,86.073,204.504,95.193" colourspace="ICCBased" ncolour="[0]" size="9.120"> </text>
                <text>
                </text>
            </textline>
        </textbox>
        <textbox id="33" bbox="60.244,56.725,294.519,81.276">
            <textline bbox="60.244,72.156,294.519,81.276">
                <text font="EUYBLA+KaiTi_GB2312" bbox="60.244,72.156,69.364,81.276" colourspace="ICCBased" ncolour="[0]" size="9.120">（</text>
                <text font="EUYBLA+KaiTi_GB2312" bbox="69.364,72.156,73.924,81.276" colourspace="ICCBased" ncolour="[0]" size="9.120">5</text>
                <text font="EUYBLA+KaiTi_GB2312" bbox="73.924,72.156,83.044,81.276" colourspace="ICCBased" ncolour="[0]" size="9.120">）</text>
                <text font="EUYBLA+KaiTi_GB2312" bbox="82.807,72.156,91.927,81.276" colourspace="ICCBased" ncolour="[0]" size="9.120">进</text>
                <text font="EUYBLA+KaiTi_GB2312" bbox="91.927,72.156,101.047,81.276" colourspace="ICCBased" ncolour="[0]" size="9.120">食</text>
                <text font="EUYBLA+KaiTi_GB2312" bbox="100.810,72.156,109.930,81.276" colourspace="ICCBased" ncolour="[0]" size="9.120">：</text>
                <text font="EUYBLA+KaiTi_GB2312" bbox="109.930,72.156,119.050,81.276" colourspace="ICCBased" ncolour="[0]" size="9.120">自</text>
                <text font="EUYBLA+KaiTi_GB2312" bbox="118.813,72.156,127.933,81.276" colourspace="ICCBased" ncolour="[0]" size="9.120">己</text>
                <text font="EUYBLA+KaiTi_GB2312" bbox="127.934,72.156,137.054,81.276" colourspace="ICCBased" ncolour="[0]" size="9.120">从</text>
                <text font="EUYBLA+KaiTi_GB2312" bbox="136.817,72.156,145.937,81.276" colourspace="ICCBased" ncolour="[0]" size="9.120">已</text>
                <text font="EUYBLA+KaiTi_GB2312" bbox="145.936,72.156,155.056,81.276" colourspace="ICCBased" ncolour="[0]" size="9.120">准</text>
                <text font="EUYBLA+KaiTi_GB2312" bbox="154.819,72.156,163.939,81.276" colourspace="ICCBased" ncolour="[0]" size="9.120">备</text>
                <text font="EUYBLA+KaiTi_GB2312" bbox="163.939,72.156,173.059,81.276" colourspace="ICCBased" ncolour="[0]" size="9.120">好</text>
                <text font="EUYBLA+KaiTi_GB2312" bbox="172.822,72.156,181.942,81.276" colourspace="ICCBased" ncolour="[0]" size="9.120">的</text>
                <text font="EUYBLA+KaiTi_GB2312" bbox="181.942,72.156,191.062,81.276" colourspace="ICCBased" ncolour="[0]" size="9.120">碗</text>
                <text font="EUYBLA+KaiTi_GB2312" bbox="190.824,72.156,199.944,81.276" colourspace="ICCBased" ncolour="[0]" size="9.120">或</text>
                <text font="EUYBLA+KaiTi_GB2312" bbox="199.944,72.156,209.064,81.276" colourspace="ICCBased" ncolour="[0]" size="9.120">碟</text>
                <text font="EUYBLA+KaiTi_GB2312" bbox="208.827,72.156,217.947,81.276" colourspace="ICCBased" ncolour="[0]" size="9.120">中</text>
                <text font="EUYBLA+KaiTi_GB2312" bbox="217.947,72.156,227.067,81.276" colourspace="ICCBased" ncolour="[0]" size="9.120">取</text>
                <text font="EUYBLA+KaiTi_GB2312" bbox="226.830,72.156,235.950,81.276" colourspace="ICCBased" ncolour="[0]" size="9.120">食</text>
                <text font="EUYBLA+KaiTi_GB2312" bbox="235.950,72.156,245.070,81.276" colourspace="ICCBased" ncolour="[0]" size="9.120">物</text>
                <text font="EUYBLA+KaiTi_GB2312" bbox="244.833,72.156,253.953,81.276" colourspace="ICCBased" ncolour="[0]" size="9.120">放</text>
                <text font="EUYBLA+KaiTi_GB2312" bbox="253.953,72.156,263.073,81.276" colourspace="ICCBased" ncolour="[0]" size="9.120">入</text>
                <text font="EUYBLA+KaiTi_GB2312" bbox="262.836,72.156,271.956,81.276" colourspace="ICCBased" ncolour="[0]" size="9.120">口</text>
                <text font="EUYBLA+KaiTi_GB2312" bbox="271.956,72.156,281.076,81.276" colourspace="ICCBased" ncolour="[0]" size="9.120">中</text>
                <text font="EUYBLA+KaiTi_GB2312" bbox="280.839,72.156,289.959,81.276" colourspace="ICCBased" ncolour="[0]" size="9.120">；</text>
                <text font="EUYBLA+KaiTi_GB2312" bbox="289.959,72.156,294.519,81.276" colourspace="ICCBased" ncolour="[0]" size="9.120"> </text>
                <text>
                </text>
            </textline>
            <textline bbox="60.244,56.725,202.224,67.359">
                <text font="EUYBLA+KaiTi_GB2312" bbox="60.244,58.239,69.364,67.359" colourspace="ICCBased" ncolour="[0]" size="9.120">（</text>
                <text font="EUYBLA+KaiTi_GB2312" bbox="69.364,58.239,73.924,67.359" colourspace="ICCBased" ncolour="[0]" size="9.120">6</text>
                <text font="EUYBLA+KaiTi_GB2312" bbox="73.924,58.239,83.044,67.359" colourspace="ICCBased" ncolour="[0]" size="9.120">）</text>
                <text font="EUYBLA+KaiTi_GB2312" bbox="82.807,58.239,91.927,67.359" colourspace="ICCBased" ncolour="[0]" size="9.120">洗</text>
                <text font="EUYBLA+KaiTi_GB2312" bbox="91.927,58.239,101.047,67.359" colourspace="ICCBased" ncolour="[0]" size="9.120">澡</text>
                <text font="EUYBLA+KaiTi_GB2312" bbox="100.810,58.239,109.930,67.359" colourspace="ICCBased" ncolour="[0]" size="9.120">：</text>
                <text font="EUYBLA+KaiTi_GB2312" bbox="109.930,58.239,119.050,67.359" colourspace="ICCBased" ncolour="[0]" size="9.120">自</text>
                <text font="EUYBLA+KaiTi_GB2312" bbox="118.813,58.239,127.933,67.359" colourspace="ICCBased" ncolour="[0]" size="9.120">己</text>
                <text font="EUYBLA+KaiTi_GB2312" bbox="127.934,58.239,137.054,67.359" colourspace="ICCBased" ncolour="[0]" size="9.120">进</text>
                <text font="EUYBLA+KaiTi_GB2312" bbox="136.817,58.239,145.937,67.359" colourspace="ICCBased" ncolour="[0]" size="9.120">行</text>
                <text font="EUYBLA+KaiTi_GB2312" bbox="145.936,58.239,155.056,67.359" colourspace="ICCBased" ncolour="[0]" size="9.120">淋</text>
                <text font="EUYBLA+KaiTi_GB2312" bbox="154.819,58.239,163.939,67.359" colourspace="ICCBased" ncolour="[0]" size="9.120">浴</text>
                <text font="EUYBLA+KaiTi_GB2312" bbox="163.939,58.239,173.059,67.359" colourspace="ICCBased" ncolour="[0]" size="9.120">或</text>
                <text font="EUYBLA+KaiTi_GB2312" bbox="172.822,58.239,181.942,67.359" colourspace="ICCBased" ncolour="[0]" size="9.120">盆</text>
                <text font="EUYBLA+KaiTi_GB2312" bbox="181.942,58.239,191.062,67.359" colourspace="ICCBased" ncolour="[0]" size="9.120">浴</text>
                <text font="EUYBLA+KaiTi_GB2312" bbox="190.824,58.239,199.944,67.359" colourspace="ICCBased" ncolour="[0]" size="9.120">。</text>
                <text font="TimesNewRomanPSMT" bbox="199.944,56.725,202.224,65.845" colourspace="ICCBased" ncolour="[0]" size="9.120"> </text>
                <text>
                </text>
            </textline>
        </textbox>
        <rect linewidth="0" bbox="210.480,770.640,546.480,784.560" />
        <rect linewidth="0" bbox="210.480,584.880,546.960,598.800" />
        <rect linewidth="0" bbox="210.480,569.280,389.040,583.200" />
        <rect linewidth="0" bbox="357.600,508.320,546.720,522.240" />
        <rect linewidth="0" bbox="210.480,492.720,378.480,506.640" />
        <rect linewidth="0" bbox="51.120,271.680,544.320,272.160" />
        <layout>
            <textgroup bbox="51.120,56.725,557.040,782.789">
                <textgroup bbox="51.120,170.071,557.040,782.789">
                    <textgroup bbox="63.600,356.789,557.040,782.789">
                        <textgroup bbox="63.600,449.088,199.680,767.189">
                            <textgroup bbox="66.240,738.768,172.017,767.189">
                                <textbox id="0" bbox="97.440,756.628,100.017,767.188" />
                                <textbox id="1" bbox="66.240,738.768,172.017,767.189" />
                            </textgroup>
                            <textgroup bbox="63.600,449.088,199.680,641.568">
                                <textgroup bbox="66.240,540.288,199.680,641.568">
                                    <textgroup bbox="66.240,584.928,199.680,641.568">
                                        <textbox id="2" bbox="97.440,629.568,100.368,641.568" />
                                        <textbox id="3" bbox="66.240,584.928,199.680,640.949" />
                                    </textgroup>
                                    <textgroup bbox="66.240,540.288,160.017,565.829">
                                        <textbox id="4" bbox="97.440,555.268,100.017,565.828" />
                                        <textbox id="5" bbox="66.240,540.288,160.017,565.829" />
                                    </textgroup>
                                </textgroup>
                                <textgroup bbox="63.600,449.088,199.680,489.888">
                                    <textgroup bbox="63.600,465.168,199.680,489.888">
                                        <textbox id="6" bbox="97.440,477.888,100.368,489.888" />
                                        <textbox id="7" bbox="63.600,465.168,199.680,489.269" />
                                    </textgroup>
                                    <textbox id="8" bbox="97.440,449.088,112.368,461.088" />
                                </textgroup>
                            </textgroup>
                        </textgroup>
                        <textgroup bbox="210.479,356.789,557.040,782.789">
                            <textgroup bbox="210.479,645.992,551.760,782.789">
                                <textgroup bbox="210.479,661.473,551.760,782.789">
                                    <textbox id="9" bbox="210.480,756.629,551.760,782.789" />
                                    <textbox id="10" bbox="210.479,661.473,547.437,750.149" />
                                </textgroup>
                                <textbox id="11" bbox="236.635,645.992,325.920,656.552" />
                            </textgroup>
                            <textgroup bbox="210.480,356.789,557.040,640.949">
                                <textbox id="12" bbox="210.480,372.389,557.040,640.949" />
                                <textbox id="13" bbox="236.640,356.789,446.640,367.349" />
                            </textgroup>
                        </textgroup>
                    </textgroup>
                    <textgroup bbox="51.120,170.071,547.200,351.749">
                        <textgroup bbox="51.120,226.234,547.200,351.749">
                            <textgroup bbox="51.120,341.188,215.760,351.749">
                                <textgroup bbox="51.120,341.188,100.017,351.749">
                                    <textbox id="14" bbox="51.120,341.189,56.400,351.749" />
                                    <textbox id="15" bbox="97.440,341.188,100.017,351.748" />
                                </textgroup>
                                <textbox id="16" bbox="210.480,341.189,215.760,351.749" />
                            </textgroup>
                            <textgroup bbox="51.120,226.234,547.200,337.968">
                                <textgroup bbox="51.120,254.074,547.200,337.968">
                                    <textgroup bbox="63.600,279.988,547.200,337.968">
                                        <textgroup bbox="63.600,279.989,547.200,337.968">
                                            <textbox id="17" bbox="63.600,279.989,547.200,337.968" />
                                            <textbox id="18" bbox="68.880,279.989,74.160,290.549" />
                                        </textgroup>
                                        <textbox id="19" bbox="97.440,279.988,100.017,290.548" />
                                    </textgroup>
                                    <textbox id="20" bbox="51.120,254.074,546.965,276.838" />
                                </textgroup>
                                <textgroup bbox="51.120,226.234,544.872,249.277">
                                    <textbox id="21" bbox="60.240,240.157,420.516,249.277" />
                                    <textbox id="22" bbox="51.120,226.234,544.872,235.997" />
                                </textgroup>
                            </textgroup>
                        </textgroup>
                        <textgroup bbox="51.120,170.071,544.853,221.194">
                            <textbox id="23" bbox="60.243,212.071,118.800,221.194" />
                            <textgroup bbox="51.120,170.071,544.853,207.917">
                                <textgroup bbox="51.120,184.234,544.853,207.917">
                                    <textbox id="24" bbox="51.120,198.154,544.853,207.917" />
                                    <textbox id="25" bbox="60.238,184.234,343.680,193.357" />
                                </textgroup>
                                <textbox id="26" bbox="61.680,170.071,544.561,179.191" />
                            </textgroup>
                        </textgroup>
                    </textgroup>
                </textgroup>
                <textgroup bbox="51.120,56.725,294.519,165.274">
                    <textgroup bbox="51.120,86.073,281.760,165.274">
                        <textgroup bbox="51.120,142.234,281.760,165.274">
                            <textbox id="27" bbox="61.680,156.154,129.369,165.274" />
                            <textbox id="28" bbox="51.120,142.234,281.760,151.997" />
                        </textgroup>
                        <textgroup bbox="60.244,86.073,240.510,137.191">
                            <textgroup bbox="60.244,114.154,240.510,137.191">
                                <textbox id="29" bbox="60.244,128.071,204.504,137.191" />
                                <textbox id="30" bbox="60.244,114.154,240.510,123.274" />
                            </textgroup>
                            <textgroup bbox="60.244,86.073,213.624,109.356">
                                <textbox id="31" bbox="60.244,100.236,213.624,109.356" />
                                <textbox id="32" bbox="60.244,86.073,204.504,95.193" />
                            </textgroup>
                        </textgroup>
                    </textgroup>
                    <textbox id="33" bbox="60.244,56.725,294.519,81.276" />
                </textgroup>
            </textgroup>
        </layout>
    </page>
    <page id="9" bbox="0.000,0.000,595.200,841.920" rotate="0">
        <textbox id="0" bbox="63.600,771.408,184.368,783.408">
            <textline bbox="63.600,771.408,184.368,783.408">
                <text font="JTTPDQ+SimSun" bbox="63.600,772.229,68.880,782.789" colourspace="ICCBased" ncolour="[0]" size="10.560">1</text>
                <text font="JTTPDQ+SimSun" bbox="68.880,772.229,74.160,782.789" colourspace="ICCBased" ncolour="[0]" size="10.560">2</text>
                <text font="JTTPDQ+SimSun" bbox="74.160,772.229,79.440,782.789" colourspace="ICCBased" ncolour="[0]" size="10.560"> </text>
                <text> </text>
                <text font="ERELLA+STXinwei" bbox="97.440,771.408,109.440,783.408" colourspace="ICCBased" ncolour="[0]" size="12.000">艾</text>
                <text font="ERELLA+STXinwei" bbox="109.440,771.408,121.440,783.408" colourspace="ICCBased" ncolour="[0]" size="12.000">森</text>
                <text font="ERELLA+STXinwei" bbox="121.440,771.408,133.440,783.408" colourspace="ICCBased" ncolour="[0]" size="12.000">门</text>
                <text font="ERELLA+STXinwei" bbox="133.440,771.408,145.440,783.408" colourspace="ICCBased" ncolour="[0]" size="12.000">格</text>
                <text font="ERELLA+STXinwei" bbox="145.440,771.408,157.440,783.408" colourspace="ICCBased" ncolour="[0]" size="12.000">综</text>
                <text font="ERELLA+STXinwei" bbox="157.440,771.408,169.440,783.408" colourspace="ICCBased" ncolour="[0]" size="12.000">合</text>
                <text font="ERELLA+STXinwei" bbox="169.440,771.408,181.440,783.408" colourspace="ICCBased" ncolour="[0]" size="12.000">征</text>
                <text font="ERELLA+STXinwei" bbox="181.440,771.408,184.368,783.408" colourspace="ICCBased" ncolour="[0]" size="12.000"> </text>
                <text>
                </text>
            </textline>
        </textbox>
        <textbox id="1" bbox="97.440,663.028,100.017,673.588">
            <textline bbox="97.440,663.028,100.017,673.588">
                <text font="ERELLA+STXinwei" bbox="97.440,663.028,100.017,673.588" colourspace="ICCBased" ncolour="[0]" size="10.560"> </text>
                <text>
                </text>
            </textline>
        </textbox>
        <textbox id="2" bbox="63.600,648.048,199.680,673.589">
            <textline bbox="68.880,663.029,74.160,673.589">
                <text font="JTTPDQ+SimSun" bbox="68.880,663.029,74.160,673.589" colourspace="ICCBased" ncolour="[0]" size="10.560"> </text>
                <text>
                </text>
            </textline>
            <textline bbox="63.600,648.048,199.680,660.048">
                <text font="JTTPDQ+SimSun" bbox="63.600,648.869,68.880,659.429" colourspace="ICCBased" ncolour="[0]" size="10.560">1</text>
                <text font="JTTPDQ+SimSun" bbox="68.880,648.869,74.160,659.429" colourspace="ICCBased" ncolour="[0]" size="10.560">3</text>
                <text font="JTTPDQ+SimSun" bbox="74.160,648.869,79.440,659.429" colourspace="ICCBased" ncolour="[0]" size="10.560"> </text>
                <text> </text>
                <text font="ERELLA+STXinwei" bbox="97.440,648.048,109.440,660.048" colourspace="ICCBased" ncolour="[0]" size="12.000">严</text>
                <text font="ERELLA+STXinwei" bbox="110.400,648.048,122.400,660.048" colourspace="ICCBased" ncolour="[0]" size="12.000">重</text>
                <text font="ERELLA+STXinwei" bbox="123.360,648.048,135.360,660.048" colourspace="ICCBased" ncolour="[0]" size="12.000">的</text>
                <text font="ERELLA+STXinwei" bbox="136.080,648.048,148.080,660.048" colourspace="ICCBased" ncolour="[0]" size="12.000">Ⅲ</text>
                <text font="ERELLA+STXinwei" bbox="149.040,648.048,161.040,660.048" colourspace="ICCBased" ncolour="[0]" size="12.000">度</text>
                <text font="ERELLA+STXinwei" bbox="162.000,648.048,174.000,660.048" colourspace="ICCBased" ncolour="[0]" size="12.000">房</text>
                <text font="ERELLA+STXinwei" bbox="174.720,648.048,186.720,660.048" colourspace="ICCBased" ncolour="[0]" size="12.000">室</text>
                <text font="ERELLA+STXinwei" bbox="187.680,648.048,199.680,660.048" colourspace="ICCBased" ncolour="[0]" size="12.000">传</text>
                <text>
                </text>
            </textline>
        </textbox>
        <textbox id="3" bbox="97.440,631.968,136.368,643.968">
            <textline bbox="97.440,631.968,136.368,643.968">
                <text font="ERELLA+STXinwei" bbox="97.440,631.968,109.440,643.968" colourspace="ICCBased" ncolour="[0]" size="12.000">导</text>
                <text font="ERELLA+STXinwei" bbox="109.440,631.968,121.440,643.968" colourspace="ICCBased" ncolour="[0]" size="12.000">阻</text>
                <text font="ERELLA+STXinwei" bbox="121.440,631.968,133.440,643.968" colourspace="ICCBased" ncolour="[0]" size="12.000">滞</text>
                <text font="ERELLA+STXinwei" bbox="133.440,631.968,136.368,643.968" colourspace="ICCBased" ncolour="[0]" size="12.000"> </text>
                <text>
                </text>
            </textline>
        </textbox>
        <textbox id="4" bbox="97.440,555.268,100.017,565.828">
            <textline bbox="97.440,555.268,100.017,565.828">
                <text font="ERELLA+STXinwei" bbox="97.440,555.268,100.017,565.828" colourspace="ICCBased" ncolour="[0]" size="10.560"> </text>
                <text>
                </text>
            </textline>
        </textbox>
        <textbox id="5" bbox="63.600,540.048,160.368,565.829">
            <textline bbox="68.880,555.269,74.160,565.829">
                <text font="JTTPDQ+SimSun" bbox="68.880,555.269,74.160,565.829" colourspace="ICCBased" ncolour="[0]" size="10.560"> </text>
                <text>
                </text>
            </textline>
            <textline bbox="63.600,540.048,160.368,552.048">
                <text font="JTTPDQ+SimSun" bbox="63.600,540.869,68.880,551.429" colourspace="ICCBased" ncolour="[0]" size="10.560">1</text>
                <text font="JTTPDQ+SimSun" bbox="68.880,540.869,74.160,551.429" colourspace="ICCBased" ncolour="[0]" size="10.560">4</text>
                <text font="JTTPDQ+SimSun" bbox="74.160,540.869,79.440,551.429" colourspace="ICCBased" ncolour="[0]" size="10.560"> </text>
                <text> </text>
                <text font="ERELLA+STXinwei" bbox="97.440,540.048,109.440,552.048" colourspace="ICCBased" ncolour="[0]" size="12.000">严</text>
                <text font="ERELLA+STXinwei" bbox="109.440,540.048,121.440,552.048" colourspace="ICCBased" ncolour="[0]" size="12.000">重</text>
                <text font="ERELLA+STXinwei" bbox="121.440,540.048,133.440,552.048" colourspace="ICCBased" ncolour="[0]" size="12.000">冠</text>
                <text font="ERELLA+STXinwei" bbox="133.440,540.048,145.440,552.048" colourspace="ICCBased" ncolour="[0]" size="12.000">心</text>
                <text font="ERELLA+STXinwei" bbox="145.440,540.048,157.440,552.048" colourspace="ICCBased" ncolour="[0]" size="12.000">病</text>
                <text font="ERELLA+STXinwei" bbox="157.440,540.048,160.368,552.048" colourspace="ICCBased" ncolour="[0]" size="12.000"> </text>
                <text>
                </text>
            </textline>
        </textbox>
        <textbox id="6" bbox="97.440,416.068,100.017,426.628">
            <textline bbox="97.440,416.068,100.017,426.628">
                <text font="ERELLA+STXinwei" bbox="97.440,416.068,100.017,426.628" colourspace="ICCBased" ncolour="[0]" size="10.560"> </text>
                <text>
                </text>
            </textline>
        </textbox>
        <textbox id="7" bbox="63.600,401.088,199.680,426.629">
            <textline bbox="68.880,416.069,74.160,426.629">
                <text font="JTTPDQ+SimSun" bbox="68.880,416.069,74.160,426.629" colourspace="ICCBased" ncolour="[0]" size="10.560"> </text>
                <text>
                </text>
            </textline>
            <textline bbox="63.600,401.088,199.680,413.088">
                <text font="JTTPDQ+SimSun" bbox="63.600,401.909,68.880,412.469" colourspace="ICCBased" ncolour="[0]" size="10.560">1</text>
                <text font="JTTPDQ+SimSun" bbox="68.880,401.909,74.160,412.469" colourspace="ICCBased" ncolour="[0]" size="10.560">5</text>
                <text font="JTTPDQ+SimSun" bbox="74.160,401.909,79.440,412.469" colourspace="ICCBased" ncolour="[0]" size="10.560"> </text>
                <text> </text>
                <text font="ERELLA+STXinwei" bbox="97.440,401.088,109.440,413.088" colourspace="ICCBased" ncolour="[0]" size="12.000">风</text>
                <text font="ERELLA+STXinwei" bbox="110.400,401.088,122.400,413.088" colourspace="ICCBased" ncolour="[0]" size="12.000">湿</text>
                <text font="ERELLA+STXinwei" bbox="123.360,401.088,135.360,413.088" colourspace="ICCBased" ncolour="[0]" size="12.000">热</text>
                <text font="ERELLA+STXinwei" bbox="136.080,401.088,148.080,413.088" colourspace="ICCBased" ncolour="[0]" size="12.000">导</text>
                <text font="ERELLA+STXinwei" bbox="149.040,401.088,161.040,413.088" colourspace="ICCBased" ncolour="[0]" size="12.000">致</text>
                <text font="ERELLA+STXinwei" bbox="162.000,401.088,174.000,413.088" colourspace="ICCBased" ncolour="[0]" size="12.000">的</text>
                <text font="ERELLA+STXinwei" bbox="174.720,401.088,186.720,413.088" colourspace="ICCBased" ncolour="[0]" size="12.000">心</text>
                <text font="ERELLA+STXinwei" bbox="187.680,401.088,199.680,413.088" colourspace="ICCBased" ncolour="[0]" size="12.000">脏</text>
                <text>
                </text>
            </textline>
        </textbox>
        <textbox id="8" bbox="97.440,385.248,148.368,397.248">
            <textline bbox="97.440,385.248,148.368,397.248">
                <text font="ERELLA+STXinwei" bbox="97.440,385.248,109.440,397.248" colourspace="ICCBased" ncolour="[0]" size="12.000">瓣</text>
                <text font="ERELLA+STXinwei" bbox="109.440,385.248,121.440,397.248" colourspace="ICCBased" ncolour="[0]" size="12.000">膜</text>
                <text font="ERELLA+STXinwei" bbox="121.440,385.248,133.440,397.248" colourspace="ICCBased" ncolour="[0]" size="12.000">疾</text>
                <text font="ERELLA+STXinwei" bbox="133.440,385.248,145.440,397.248" colourspace="ICCBased" ncolour="[0]" size="12.000">病</text>
                <text font="ERELLA+STXinwei" bbox="145.440,385.248,148.368,397.248" colourspace="ICCBased" ncolour="[0]" size="12.000"> </text>
                <text>
                </text>
            </textline>
        </textbox>
        <textbox id="9" bbox="51.120,339.509,56.400,350.069">
            <textline bbox="51.120,339.509,56.400,350.069">
                <text font="JTTPDQ+SimSun" bbox="51.120,339.509,56.400,350.069" colourspace="ICCBased" ncolour="[0]" size="10.560"> </text>
                <text>
                </text>
            </textline>
        </textbox>
        <textbox id="10" bbox="51.120,306.869,56.400,333.029">
            <textline bbox="51.120,322.469,56.400,333.029">
                <text font="JTTPDQ+SimSun" bbox="51.120,322.469,56.400,333.029" colourspace="ICCBased" ncolour="[0]" size="10.560"> </text>
                <text>
                </text>
            </textline>
            <textline bbox="51.120,306.869,56.400,317.429">
                <text font="JTTPDQ+SimSun" bbox="51.120,306.869,56.400,317.429" colourspace="ICCBased" ncolour="[0]" size="10.560"> </text>
                <text>
                </text>
            </textline>
        </textbox>
        <textbox id="11" bbox="97.440,339.508,100.017,350.068">
            <textline bbox="97.440,339.508,100.017,350.068">
                <text font="ERELLA+STXinwei" bbox="97.440,339.508,100.017,350.068" colourspace="ICCBased" ncolour="[0]" size="10.560"> </text>
                <text>
                </text>
            </textline>
        </textbox>
        <textbox id="12" bbox="97.440,306.869,142.257,333.029">
            <textline bbox="97.440,321.508,142.257,333.029">
                <text font="JQUZDQ+SimSun" bbox="97.440,322.469,108.000,333.029" colourspace="ICCBased" ncolour="[0]" size="10.560">第</text>
                <text> </text>
                <text font="JTTPDQ+SimSun" bbox="110.640,322.469,115.920,333.029" colourspace="ICCBased" ncolour="[0]" size="10.560">3</text>
                <text> </text>
                <text font="JQUZDQ+SimSun" bbox="118.560,322.469,129.120,333.029" colourspace="ICCBased" ncolour="[0]" size="10.560">类</text>
                <text font="JQUZDQ+SimSun" bbox="129.120,322.469,139.680,333.029" colourspace="ICCBased" ncolour="[0]" size="10.560">：</text>
                <text font="ERELLA+STXinwei" bbox="139.680,321.508,142.257,332.068" colourspace="ICCBased" ncolour="[0]" size="10.560"> </text>
                <text>
                </text>
            </textline>
            <textline bbox="97.440,306.869,102.720,317.429">
                <text font="JTTPDQ+SimSun" bbox="97.440,306.869,102.720,317.429" colourspace="ICCBased" ncolour="[0]" size="10.560"> </text>
                <text>
                </text>
            </textline>
        </textbox>
        <textbox id="13" bbox="97.440,273.168,114.720,285.168">
            <textline bbox="97.440,273.168,114.720,285.168">
                <text font="ERELLA+STXinwei" bbox="97.440,273.168,109.440,285.168" colourspace="ICCBased" ncolour="[0]" size="12.000">血</text>
                <text font="JTTPDQ+SimSun" bbox="109.440,274.469,114.720,285.029" colourspace="ICCBased" ncolour="[0]" size="10.560"> </text>
                <text>
                </text>
            </textline>
        </textbox>
        <textbox id="14" bbox="63.600,289.248,199.680,301.248">
            <textline bbox="63.600,289.248,199.680,301.248">
                <text font="JTTPDQ+SimSun" bbox="63.600,290.069,68.880,300.629" colourspace="ICCBased" ncolour="[0]" size="10.560">1</text>
                <text font="JTTPDQ+SimSun" bbox="68.880,290.069,74.160,300.629" colourspace="ICCBased" ncolour="[0]" size="10.560">6</text>
                <text font="JTTPDQ+SimSun" bbox="74.160,290.069,79.440,300.629" colourspace="ICCBased" ncolour="[0]" size="10.560"> </text>
                <text> </text>
                <text font="ERELLA+STXinwei" bbox="97.440,289.248,109.440,301.248" colourspace="ICCBased" ncolour="[0]" size="12.000">重</text>
                <text font="ERELLA+STXinwei" bbox="110.400,289.248,122.400,301.248" colourspace="ICCBased" ncolour="[0]" size="12.000">型</text>
                <text font="ERELLA+STXinwei" bbox="123.360,289.248,135.360,301.248" colourspace="ICCBased" ncolour="[0]" size="12.000">再</text>
                <text font="ERELLA+STXinwei" bbox="136.080,289.248,148.080,301.248" colourspace="ICCBased" ncolour="[0]" size="12.000">生</text>
                <text font="ERELLA+STXinwei" bbox="149.040,289.248,161.040,301.248" colourspace="ICCBased" ncolour="[0]" size="12.000">障</text>
                <text font="ERELLA+STXinwei" bbox="162.000,289.248,174.000,301.248" colourspace="ICCBased" ncolour="[0]" size="12.000">碍</text>
                <text font="ERELLA+STXinwei" bbox="174.720,289.248,186.720,301.248" colourspace="ICCBased" ncolour="[0]" size="12.000">性</text>
                <text font="ERELLA+STXinwei" bbox="187.680,289.248,199.680,301.248" colourspace="ICCBased" ncolour="[0]" size="12.000">贫</text>
                <text>
                </text>
            </textline>
        </textbox>
        <textbox id="15" bbox="97.440,180.868,100.017,191.428">
            <textline bbox="97.440,180.868,100.017,191.428">
                <text font="ERELLA+STXinwei" bbox="97.440,180.868,100.017,191.428" colourspace="ICCBased" ncolour="[0]" size="10.560"> </text>
                <text>
                </text>
            </textline>
        </textbox>
        <textbox id="16" bbox="63.600,147.168,199.680,191.429">
            <textline bbox="68.880,180.869,74.160,191.429">
                <text font="JTTPDQ+SimSun" bbox="68.880,180.869,74.160,191.429" colourspace="ICCBased" ncolour="[0]" size="10.560"> </text>
                <text>
                </text>
            </textline>
            <textline bbox="63.600,163.008,199.680,175.008">
                <text font="JTTPDQ+SimSun" bbox="63.600,163.829,68.880,174.389" colourspace="ICCBased" ncolour="[0]" size="10.560">1</text>
                <text font="JTTPDQ+SimSun" bbox="68.880,163.829,74.160,174.389" colourspace="ICCBased" ncolour="[0]" size="10.560">7</text>
                <text font="JTTPDQ+SimSun" bbox="74.160,163.829,79.440,174.389" colourspace="ICCBased" ncolour="[0]" size="10.560"> </text>
                <text> </text>
                <text font="ERELLA+STXinwei" bbox="97.440,163.008,109.440,175.008" colourspace="ICCBased" ncolour="[0]" size="12.000">重</text>
                <text font="ERELLA+STXinwei" bbox="110.400,163.008,122.400,175.008" colourspace="ICCBased" ncolour="[0]" size="12.000">大</text>
                <text font="ERELLA+STXinwei" bbox="123.360,163.008,135.360,175.008" colourspace="ICCBased" ncolour="[0]" size="12.000">器</text>
                <text font="ERELLA+STXinwei" bbox="136.080,163.008,148.080,175.008" colourspace="ICCBased" ncolour="[0]" size="12.000">官</text>
                <text font="ERELLA+STXinwei" bbox="149.040,163.008,161.040,175.008" colourspace="ICCBased" ncolour="[0]" size="12.000">移</text>
                <text font="ERELLA+STXinwei" bbox="162.000,163.008,174.000,175.008" colourspace="ICCBased" ncolour="[0]" size="12.000">植</text>
                <text font="ERELLA+STXinwei" bbox="174.720,163.008,186.720,175.008" colourspace="ICCBased" ncolour="[0]" size="12.000">术</text>
                <text font="ERELLA+STXinwei" bbox="187.680,163.008,199.680,175.008" colourspace="ICCBased" ncolour="[0]" size="12.000">或</text>
                <text>
                </text>
            </textline>
            <textline bbox="97.440,147.168,196.017,159.168">
                <text font="ERELLA+STXinwei" bbox="97.440,147.168,109.440,159.168" colourspace="ICCBased" ncolour="[0]" size="12.000">造</text>
                <text font="ERELLA+STXinwei" bbox="109.440,147.168,121.440,159.168" colourspace="ICCBased" ncolour="[0]" size="12.000">血</text>
                <text font="ERELLA+STXinwei" bbox="121.440,147.168,133.440,159.168" colourspace="ICCBased" ncolour="[0]" size="12.000">干</text>
                <text font="ERELLA+STXinwei" bbox="133.440,147.168,145.440,159.168" colourspace="ICCBased" ncolour="[0]" size="12.000">细</text>
                <text font="ERELLA+STXinwei" bbox="145.440,147.168,157.440,159.168" colourspace="ICCBased" ncolour="[0]" size="12.000">胞</text>
                <text font="ERELLA+STXinwei" bbox="157.440,147.168,169.440,159.168" colourspace="ICCBased" ncolour="[0]" size="12.000">移</text>
                <text font="ERELLA+STXinwei" bbox="169.440,147.168,181.440,159.168" colourspace="ICCBased" ncolour="[0]" size="12.000">植</text>
                <text font="ERELLA+STXinwei" bbox="181.440,147.168,193.440,159.168" colourspace="ICCBased" ncolour="[0]" size="12.000">术</text>
                <text font="ERELLA+STXinwei" bbox="193.440,147.508,196.017,158.068" colourspace="ICCBased" ncolour="[0]" size="10.560"> </text>
                <text>
                </text>
            </textline>
        </textbox>
        <textbox id="17" bbox="51.120,85.829,56.400,96.389">
            <textline bbox="51.120,85.829,56.400,96.389">
                <text font="JTTPDQ+SimSun" bbox="51.120,85.829,56.400,96.389" colourspace="ICCBased" ncolour="[0]" size="10.560"> </text>
                <text>
                </text>
            </textline>
        </textbox>
        <textbox id="18" bbox="97.440,85.008,100.368,97.008">
            <textline bbox="97.440,85.008,100.368,97.008">
                <text font="ERELLA+STXinwei" bbox="97.440,85.008,100.368,97.008" colourspace="ICCBased" ncolour="[0]" size="12.000"> </text>
                <text>
                </text>
            </textline>
        </textbox>
        <textbox id="19" bbox="63.600,70.848,148.368,82.848">
            <textline bbox="63.600,70.848,148.368,82.848">
                <text font="JTTPDQ+SimSun" bbox="63.600,71.669,68.880,82.229" colourspace="ICCBased" ncolour="[0]" size="10.560">1</text>
                <text font="JTTPDQ+SimSun" bbox="68.880,71.669,74.160,82.229" colourspace="ICCBased" ncolour="[0]" size="10.560">8</text>
                <text font="JTTPDQ+SimSun" bbox="74.160,71.669,79.440,82.229" colourspace="ICCBased" ncolour="[0]" size="10.560"> </text>
                <text> </text>
                <text font="ERELLA+STXinwei" bbox="97.440,70.848,109.440,82.848" colourspace="ICCBased" ncolour="[0]" size="12.000">双</text>
                <text font="ERELLA+STXinwei" bbox="109.440,70.848,121.440,82.848" colourspace="ICCBased" ncolour="[0]" size="12.000">耳</text>
                <text font="ERELLA+STXinwei" bbox="121.440,70.848,133.440,82.848" colourspace="ICCBased" ncolour="[0]" size="12.000">失</text>
                <text font="ERELLA+STXinwei" bbox="133.440,70.848,145.440,82.848" colourspace="ICCBased" ncolour="[0]" size="12.000">聪</text>
                <text font="ERELLA+STXinwei" bbox="145.440,70.848,148.368,82.848" colourspace="ICCBased" ncolour="[0]" size="12.000"> </text>
                <text>
                </text>
            </textline>
        </textbox>
        <textbox id="20" bbox="210.469,586.469,547.238,782.789">
            <textline bbox="210.480,772.229,547.200,782.789">
                <text font="JQUZDQ+SimSun" bbox="210.480,772.229,221.040,782.789" colourspace="ICCBased" ncolour="[0]" size="10.560">指</text>
                <text font="JQUZDQ+SimSun" bbox="221.040,772.229,231.600,782.789" colourspace="ICCBased" ncolour="[0]" size="10.560">因</text>
                <text font="JQUZDQ+SimSun" bbox="231.600,772.229,242.160,782.789" colourspace="ICCBased" ncolour="[0]" size="10.560">心</text>
                <text font="JQUZDQ+SimSun" bbox="242.160,772.229,252.720,782.789" colourspace="ICCBased" ncolour="[0]" size="10.560">脏</text>
                <text font="JQUZDQ+SimSun" bbox="252.720,772.229,263.280,782.789" colourspace="ICCBased" ncolour="[0]" size="10.560">病</text>
                <text font="JQUZDQ+SimSun" bbox="263.280,772.229,273.840,782.789" colourspace="ICCBased" ncolour="[0]" size="10.560">导</text>
                <text font="JQUZDQ+SimSun" bbox="273.840,772.229,284.400,782.789" colourspace="ICCBased" ncolour="[0]" size="10.560">致</text>
                <text font="JQUZDQ+SimSun" bbox="284.160,772.229,294.720,782.789" colourspace="ICCBased" ncolour="[0]" size="10.560">的</text>
                <text font="JQUZDQ+SimSun" bbox="294.720,772.229,305.280,782.789" colourspace="ICCBased" ncolour="[0]" size="10.560">严</text>
                <text font="JQUZDQ+SimSun" bbox="305.280,772.229,315.840,782.789" colourspace="ICCBased" ncolour="[0]" size="10.560">重</text>
                <text font="JQUZDQ+SimSun" bbox="315.840,772.229,326.400,782.789" colourspace="ICCBased" ncolour="[0]" size="10.560">肺</text>
                <text font="JQUZDQ+SimSun" bbox="326.400,772.229,336.960,782.789" colourspace="ICCBased" ncolour="[0]" size="10.560">动</text>
                <text font="JQUZDQ+SimSun" bbox="336.960,772.229,347.520,782.789" colourspace="ICCBased" ncolour="[0]" size="10.560">脉</text>
                <text font="JQUZDQ+SimSun" bbox="347.280,772.229,357.840,782.789" colourspace="ICCBased" ncolour="[0]" size="10.560">高</text>
                <text font="JQUZDQ+SimSun" bbox="357.840,772.229,368.400,782.789" colourspace="ICCBased" ncolour="[0]" size="10.560">血</text>
                <text font="JQUZDQ+SimSun" bbox="368.400,772.229,378.960,782.789" colourspace="ICCBased" ncolour="[0]" size="10.560">压</text>
                <text font="JQUZDQ+SimSun" bbox="378.960,772.229,389.520,782.789" colourspace="ICCBased" ncolour="[0]" size="10.560">及</text>
                <text font="JQUZDQ+SimSun" bbox="389.520,772.229,400.080,782.789" colourspace="ICCBased" ncolour="[0]" size="10.560">右</text>
                <text font="JQUZDQ+SimSun" bbox="399.840,772.229,410.400,782.789" colourspace="ICCBased" ncolour="[0]" size="10.560">向</text>
                <text font="JQUZDQ+SimSun" bbox="410.400,772.229,420.960,782.789" colourspace="ICCBased" ncolour="[0]" size="10.560">左</text>
                <text font="JQUZDQ+SimSun" bbox="420.960,772.229,431.520,782.789" colourspace="ICCBased" ncolour="[0]" size="10.560">分</text>
                <text font="JQUZDQ+SimSun" bbox="431.520,772.229,442.080,782.789" colourspace="ICCBased" ncolour="[0]" size="10.560">流</text>
                <text font="JQUZDQ+SimSun" bbox="442.080,772.229,452.640,782.789" colourspace="ICCBased" ncolour="[0]" size="10.560">。</text>
                <text font="JQUZDQ+SimSun" bbox="452.400,772.229,462.960,782.789" colourspace="ICCBased" ncolour="[0]" size="10.560">诊</text>
                <text font="JQUZDQ+SimSun" bbox="462.960,772.229,473.520,782.789" colourspace="ICCBased" ncolour="[0]" size="10.560">断</text>
                <text font="JQUZDQ+SimSun" bbox="473.520,772.229,484.080,782.789" colourspace="ICCBased" ncolour="[0]" size="10.560">必</text>
                <text font="JQUZDQ+SimSun" bbox="484.080,772.229,494.640,782.789" colourspace="ICCBased" ncolour="[0]" size="10.560">须</text>
                <text font="JQUZDQ+SimSun" bbox="494.640,772.229,505.200,782.789" colourspace="ICCBased" ncolour="[0]" size="10.560">由</text>
                <text font="JQUZDQ+SimSun" bbox="505.200,772.229,515.760,782.789" colourspace="ICCBased" ncolour="[0]" size="10.560">专</text>
                <text font="JQUZDQ+SimSun" bbox="515.760,772.229,526.320,782.789" colourspace="ICCBased" ncolour="[0]" size="10.560">科</text>
                <text font="JQUZDQ+SimSun" bbox="526.080,772.229,536.640,782.789" colourspace="ICCBased" ncolour="[0]" size="10.560">医</text>
                <text font="JQUZDQ+SimSun" bbox="536.640,772.229,547.200,782.789" colourspace="ICCBased" ncolour="[0]" size="10.560">生</text>
                <text>
                </text>
            </textline>
            <textline bbox="210.480,756.632,473.040,767.192">
                <text font="JQUZDQ+SimSun" bbox="210.480,756.632,221.040,767.192" colourspace="ICCBased" ncolour="[0]" size="10.560">经</text>
                <text font="JQUZDQ+SimSun" bbox="221.040,756.632,231.600,767.192" colourspace="ICCBased" ncolour="[0]" size="10.560">超</text>
                <text font="JQUZDQ+SimSun" bbox="231.600,756.632,242.160,767.192" colourspace="ICCBased" ncolour="[0]" size="10.560">声</text>
                <text font="JQUZDQ+SimSun" bbox="242.160,756.632,252.720,767.192" colourspace="ICCBased" ncolour="[0]" size="10.560">心</text>
                <text font="JQUZDQ+SimSun" bbox="252.720,756.632,263.280,767.192" colourspace="ICCBased" ncolour="[0]" size="10.560">动</text>
                <text font="JQUZDQ+SimSun" bbox="263.040,756.632,273.600,767.192" colourspace="ICCBased" ncolour="[0]" size="10.560">图</text>
                <text font="JQUZDQ+SimSun" bbox="273.600,756.632,284.160,767.192" colourspace="ICCBased" ncolour="[0]" size="10.560">和</text>
                <text font="JQUZDQ+SimSun" bbox="284.160,756.632,294.720,767.192" colourspace="ICCBased" ncolour="[0]" size="10.560">心</text>
                <text font="JQUZDQ+SimSun" bbox="294.720,756.632,305.280,767.192" colourspace="ICCBased" ncolour="[0]" size="10.560">导</text>
                <text font="JQUZDQ+SimSun" bbox="305.040,756.632,315.600,767.192" colourspace="ICCBased" ncolour="[0]" size="10.560">管</text>
                <text font="JQUZDQ+SimSun" bbox="315.600,756.632,326.160,767.192" colourspace="ICCBased" ncolour="[0]" size="10.560">检</text>
                <text font="JQUZDQ+SimSun" bbox="326.160,756.632,336.720,767.192" colourspace="ICCBased" ncolour="[0]" size="10.560">查</text>
                <text font="JQUZDQ+SimSun" bbox="336.720,756.632,347.280,767.192" colourspace="ICCBased" ncolour="[0]" size="10.560">证</text>
                <text font="JQUZDQ+SimSun" bbox="347.040,756.632,357.600,767.192" colourspace="ICCBased" ncolour="[0]" size="10.560">实</text>
                <text font="JQUZDQ+SimSun" bbox="357.600,756.632,368.160,767.192" colourspace="ICCBased" ncolour="[0]" size="10.560">及</text>
                <text font="JQUZDQ+SimSun" bbox="368.160,756.632,378.720,767.192" colourspace="ICCBased" ncolour="[0]" size="10.560">需</text>
                <text font="JQUZDQ+SimSun" bbox="378.720,756.632,389.280,767.192" colourspace="ICCBased" ncolour="[0]" size="10.560">符</text>
                <text font="JQUZDQ+SimSun" bbox="389.040,756.632,399.600,767.192" colourspace="ICCBased" ncolour="[0]" size="10.560">合</text>
                <text font="JQUZDQ+SimSun" bbox="399.600,756.632,410.160,767.192" colourspace="ICCBased" ncolour="[0]" size="10.560">以</text>
                <text font="JQUZDQ+SimSun" bbox="410.160,756.632,420.720,767.192" colourspace="ICCBased" ncolour="[0]" size="10.560">下</text>
                <text font="JQUZDQ+SimSun" bbox="420.720,756.632,431.280,767.192" colourspace="ICCBased" ncolour="[0]" size="10.560">所</text>
                <text font="JQUZDQ+SimSun" bbox="431.040,756.632,441.600,767.192" colourspace="ICCBased" ncolour="[0]" size="10.560">有</text>
                <text font="JQUZDQ+SimSun" bbox="441.600,756.632,452.160,767.192" colourspace="ICCBased" ncolour="[0]" size="10.560">标</text>
                <text font="JQUZDQ+SimSun" bbox="451.920,756.632,462.480,767.192" colourspace="ICCBased" ncolour="[0]" size="10.560">准</text>
                <text font="JTTPDQ+SimSun" bbox="462.480,756.632,467.760,767.192" colourspace="ICCBased" ncolour="[0]" size="10.560">:</text>
                <text font="JTTPDQ+SimSun" bbox="467.760,756.632,473.040,767.192" colourspace="ICCBased" ncolour="[0]" size="10.560"> </text>
                <text>
                </text>
            </textline>
            <textline bbox="210.480,741.035,370.570,751.595">
                <text font="JQUZDQ+SimSun" bbox="210.480,741.035,221.040,751.595" colourspace="ICCBased" ncolour="[0]" size="10.560">（</text>
                <text font="JTTPDQ+SimSun" bbox="221.040,741.035,226.320,751.595" colourspace="ICCBased" ncolour="[0]" size="10.560">1</text>
                <text font="JQUZDQ+SimSun" bbox="226.320,741.035,236.880,751.595" colourspace="ICCBased" ncolour="[0]" size="10.560">）</text>
                <text font="JQUZDQ+SimSun" bbox="236.880,741.035,247.440,751.595" colourspace="ICCBased" ncolour="[0]" size="10.560">平</text>
                <text font="JQUZDQ+SimSun" bbox="247.440,741.035,258.000,751.595" colourspace="ICCBased" ncolour="[0]" size="10.560">均</text>
                <text font="JQUZDQ+SimSun" bbox="258.000,741.035,268.560,751.595" colourspace="ICCBased" ncolour="[0]" size="10.560">肺</text>
                <text font="JQUZDQ+SimSun" bbox="268.320,741.035,278.880,751.595" colourspace="ICCBased" ncolour="[0]" size="10.560">动</text>
                <text font="JQUZDQ+SimSun" bbox="278.880,741.035,289.440,751.595" colourspace="ICCBased" ncolour="[0]" size="10.560">脉</text>
                <text font="JQUZDQ+SimSun" bbox="289.440,741.035,300.000,751.595" colourspace="ICCBased" ncolour="[0]" size="10.560">压</text>
                <text font="JQUZDQ+SimSun" bbox="300.000,741.035,310.560,751.595" colourspace="ICCBased" ncolour="[0]" size="10.560">高</text>
                <text font="JQUZDQ+SimSun" bbox="310.320,741.035,320.880,751.595" colourspace="ICCBased" ncolour="[0]" size="10.560">于</text>
                <text> </text>
                <text font="JTTPDQ+SimSun" bbox="323.525,741.035,328.805,751.595" colourspace="ICCBased" ncolour="[0]" size="10.560">4</text>
                <text font="JTTPDQ+SimSun" bbox="328.805,741.035,334.085,751.595" colourspace="ICCBased" ncolour="[0]" size="10.560">0</text>
                <text font="JTTPDQ+SimSun" bbox="334.085,741.035,339.365,751.595" colourspace="ICCBased" ncolour="[0]" size="10.560">m</text>
                <text font="JTTPDQ+SimSun" bbox="339.365,741.035,344.645,751.595" colourspace="ICCBased" ncolour="[0]" size="10.560">m</text>
                <text font="JTTPDQ+SimSun" bbox="344.645,741.035,349.925,751.595" colourspace="ICCBased" ncolour="[0]" size="10.560">H</text>
                <text font="JTTPDQ+SimSun" bbox="349.685,741.035,354.965,751.595" colourspace="ICCBased" ncolour="[0]" size="10.560">g</text>
                <text font="JQUZDQ+SimSun" bbox="354.965,741.035,365.525,751.595" colourspace="ICCBased" ncolour="[0]" size="10.560">；</text>
                <text font="JTTPDQ+SimSun" bbox="365.290,741.035,370.570,751.595" colourspace="ICCBased" ncolour="[0]" size="10.560"> </text>
                <text>
                </text>
            </textline>
            <textline bbox="210.491,725.437,436.337,735.997">
                <text font="JQUZDQ+SimSun" bbox="210.491,725.437,221.051,735.997" colourspace="ICCBased" ncolour="[0]" size="10.560">（</text>
                <text font="JTTPDQ+SimSun" bbox="221.051,725.437,226.331,735.997" colourspace="ICCBased" ncolour="[0]" size="10.560">2</text>
                <text font="JQUZDQ+SimSun" bbox="226.331,725.437,236.891,735.997" colourspace="ICCBased" ncolour="[0]" size="10.560">）</text>
                <text font="JQUZDQ+SimSun" bbox="236.891,725.437,247.451,735.997" colourspace="ICCBased" ncolour="[0]" size="10.560">肺</text>
                <text font="JQUZDQ+SimSun" bbox="247.451,725.437,258.011,735.997" colourspace="ICCBased" ncolour="[0]" size="10.560">血</text>
                <text font="JQUZDQ+SimSun" bbox="258.011,725.437,268.571,735.997" colourspace="ICCBased" ncolour="[0]" size="10.560">管</text>
                <text font="JQUZDQ+SimSun" bbox="268.331,725.437,278.891,735.997" colourspace="ICCBased" ncolour="[0]" size="10.560">阻</text>
                <text font="JQUZDQ+SimSun" bbox="278.891,725.437,289.451,735.997" colourspace="ICCBased" ncolour="[0]" size="10.560">力</text>
                <text font="JQUZDQ+SimSun" bbox="289.451,725.437,300.011,735.997" colourspace="ICCBased" ncolour="[0]" size="10.560">高</text>
                <text font="JQUZDQ+SimSun" bbox="299.770,725.437,310.330,735.997" colourspace="ICCBased" ncolour="[0]" size="10.560">于</text>
                <text> </text>
                <text font="JTTPDQ+SimSun" bbox="312.975,725.437,318.255,735.997" colourspace="ICCBased" ncolour="[0]" size="10.560">3</text>
                <text font="JTTPDQ+SimSun" bbox="318.255,725.437,323.535,735.997" colourspace="ICCBased" ncolour="[0]" size="10.560">m</text>
                <text font="JTTPDQ+SimSun" bbox="323.535,725.437,328.815,735.997" colourspace="ICCBased" ncolour="[0]" size="10.560">m</text>
                <text font="JTTPDQ+SimSun" bbox="328.815,725.437,334.095,735.997" colourspace="ICCBased" ncolour="[0]" size="10.560">/</text>
                <text font="JTTPDQ+SimSun" bbox="334.095,725.437,339.375,735.997" colourspace="ICCBased" ncolour="[0]" size="10.560">L</text>
                <text font="JTTPDQ+SimSun" bbox="339.375,725.437,344.655,735.997" colourspace="ICCBased" ncolour="[0]" size="10.560">/</text>
                <text font="JTTPDQ+SimSun" bbox="344.655,725.437,349.935,735.997" colourspace="ICCBased" ncolour="[0]" size="10.560">m</text>
                <text font="JTTPDQ+SimSun" bbox="349.696,725.437,354.976,735.997" colourspace="ICCBased" ncolour="[0]" size="10.560">i</text>
                <text font="JTTPDQ+SimSun" bbox="354.976,725.437,360.256,735.997" colourspace="ICCBased" ncolour="[0]" size="10.560">n</text>
                <text font="JQUZDQ+SimSun" bbox="360.256,725.437,370.816,735.997" colourspace="ICCBased" ncolour="[0]" size="10.560">（</text>
                <text font="JTTPDQ+SimSun" bbox="370.816,725.437,376.096,735.997" colourspace="ICCBased" ncolour="[0]" size="10.560">W</text>
                <text font="JTTPDQ+SimSun" bbox="376.096,725.437,381.376,735.997" colourspace="ICCBased" ncolour="[0]" size="10.560">o</text>
                <text font="JTTPDQ+SimSun" bbox="381.376,725.437,386.656,735.997" colourspace="ICCBased" ncolour="[0]" size="10.560">o</text>
                <text font="JTTPDQ+SimSun" bbox="386.656,725.437,391.936,735.997" colourspace="ICCBased" ncolour="[0]" size="10.560">d</text>
                <text> </text>
                <text font="JQUZDQ+SimSun" bbox="394.340,725.437,404.900,735.997" colourspace="ICCBased" ncolour="[0]" size="10.560">单</text>
                <text font="JQUZDQ+SimSun" bbox="404.900,725.437,415.460,735.997" colourspace="ICCBased" ncolour="[0]" size="10.560">位</text>
                <text font="JQUZDQ+SimSun" bbox="415.460,725.437,426.020,735.997" colourspace="ICCBased" ncolour="[0]" size="10.560">）</text>
                <text font="JQUZDQ+SimSun" bbox="420.740,725.437,431.300,735.997" colourspace="ICCBased" ncolour="[0]" size="10.560">；</text>
                <text font="JTTPDQ+SimSun" bbox="431.057,725.437,436.337,735.997" colourspace="ICCBased" ncolour="[0]" size="10.560"> </text>
                <text>
                </text>
            </textline>
            <textline bbox="210.501,709.840,391.711,720.400">
                <text font="JQUZDQ+SimSun" bbox="210.501,709.840,221.061,720.400" colourspace="ICCBased" ncolour="[0]" size="10.560">（</text>
                <text font="JTTPDQ+SimSun" bbox="221.061,709.840,226.341,720.400" colourspace="ICCBased" ncolour="[0]" size="10.560">3</text>
                <text font="JQUZDQ+SimSun" bbox="226.341,709.840,236.901,720.400" colourspace="ICCBased" ncolour="[0]" size="10.560">）</text>
                <text font="JQUZDQ+SimSun" bbox="236.901,709.840,247.461,720.400" colourspace="ICCBased" ncolour="[0]" size="10.560">正</text>
                <text font="JQUZDQ+SimSun" bbox="247.461,709.840,258.021,720.400" colourspace="ICCBased" ncolour="[0]" size="10.560">常</text>
                <text font="JQUZDQ+SimSun" bbox="258.021,709.840,268.581,720.400" colourspace="ICCBased" ncolour="[0]" size="10.560">肺</text>
                <text font="JQUZDQ+SimSun" bbox="268.341,709.840,278.901,720.400" colourspace="ICCBased" ncolour="[0]" size="10.560">微</text>
                <text font="JQUZDQ+SimSun" bbox="278.901,709.840,289.461,720.400" colourspace="ICCBased" ncolour="[0]" size="10.560">血</text>
                <text font="JQUZDQ+SimSun" bbox="289.461,709.840,300.021,720.400" colourspace="ICCBased" ncolour="[0]" size="10.560">管</text>
                <text font="JQUZDQ+SimSun" bbox="300.021,709.840,310.581,720.400" colourspace="ICCBased" ncolour="[0]" size="10.560">楔</text>
                <text font="JQUZDQ+SimSun" bbox="310.341,709.840,320.901,720.400" colourspace="ICCBased" ncolour="[0]" size="10.560">压</text>
                <text font="JQUZDQ+SimSun" bbox="320.901,709.840,331.461,720.400" colourspace="ICCBased" ncolour="[0]" size="10.560">低</text>
                <text font="JQUZDQ+SimSun" bbox="331.461,709.840,342.021,720.400" colourspace="ICCBased" ncolour="[0]" size="10.560">于</text>
                <text> </text>
                <text font="JTTPDQ+SimSun" bbox="344.666,709.840,349.946,720.400" colourspace="ICCBased" ncolour="[0]" size="10.560">1</text>
                <text font="JTTPDQ+SimSun" bbox="349.706,709.840,354.986,720.400" colourspace="ICCBased" ncolour="[0]" size="10.560">5</text>
                <text font="JTTPDQ+SimSun" bbox="354.986,709.840,360.266,720.400" colourspace="ICCBased" ncolour="[0]" size="10.560">m</text>
                <text font="JTTPDQ+SimSun" bbox="360.266,709.840,365.546,720.400" colourspace="ICCBased" ncolour="[0]" size="10.560">m</text>
                <text font="JTTPDQ+SimSun" bbox="365.546,709.840,370.826,720.400" colourspace="ICCBased" ncolour="[0]" size="10.560">H</text>
                <text font="JTTPDQ+SimSun" bbox="370.826,709.840,376.106,720.400" colourspace="ICCBased" ncolour="[0]" size="10.560">g</text>
                <text font="JQUZDQ+SimSun" bbox="376.106,709.840,386.666,720.400" colourspace="ICCBased" ncolour="[0]" size="10.560">。</text>
                <text font="JTTPDQ+SimSun" bbox="386.431,709.840,391.711,720.400" colourspace="ICCBased" ncolour="[0]" size="10.560"> </text>
                <text>
                </text>
            </textline>
            <textline bbox="210.512,694.243,547.238,704.803">
                <text font="JQUZDQ+SimSun" bbox="210.512,694.243,221.072,704.803" colourspace="ICCBased" ncolour="[0]" size="10.560">本</text>
                <text font="JQUZDQ+SimSun" bbox="221.072,694.243,231.632,704.803" colourspace="ICCBased" ncolour="[0]" size="10.560">公</text>
                <text font="JQUZDQ+SimSun" bbox="231.632,694.243,242.192,704.803" colourspace="ICCBased" ncolour="[0]" size="10.560">司</text>
                <text font="JQUZDQ+SimSun" bbox="242.192,694.243,252.752,704.803" colourspace="ICCBased" ncolour="[0]" size="10.560">承</text>
                <text font="JQUZDQ+SimSun" bbox="252.752,694.243,263.312,704.803" colourspace="ICCBased" ncolour="[0]" size="10.560">担</text>
                <text font="JQUZDQ+SimSun" bbox="263.072,694.243,273.632,704.803" colourspace="ICCBased" ncolour="[0]" size="10.560">本</text>
                <text font="JQUZDQ+SimSun" bbox="273.632,694.243,284.192,704.803" colourspace="ICCBased" ncolour="[0]" size="10.560">项</text>
                <text font="JQUZDQ+SimSun" bbox="284.192,694.243,294.752,704.803" colourspace="ICCBased" ncolour="[0]" size="10.560">疾</text>
                <text font="JQUZDQ+SimSun" bbox="294.752,694.243,305.312,704.803" colourspace="ICCBased" ncolour="[0]" size="10.560">病</text>
                <text font="JQUZDQ+SimSun" bbox="305.071,694.243,315.631,704.803" colourspace="ICCBased" ncolour="[0]" size="10.560">责</text>
                <text font="JQUZDQ+SimSun" bbox="315.631,694.243,326.191,704.803" colourspace="ICCBased" ncolour="[0]" size="10.560">任</text>
                <text font="JQUZDQ+SimSun" bbox="326.191,694.243,336.751,704.803" colourspace="ICCBased" ncolour="[0]" size="10.560">不</text>
                <text font="JQUZDQ+SimSun" bbox="336.751,694.243,347.311,704.803" colourspace="ICCBased" ncolour="[0]" size="10.560">受</text>
                <text font="JQUZDQ+SimSun" bbox="347.071,694.243,357.631,704.803" colourspace="ICCBased" ncolour="[0]" size="10.560">本</text>
                <text font="JQUZDQ+SimSun" bbox="357.631,694.243,368.191,704.803" colourspace="ICCBased" ncolour="[0]" size="10.560">附</text>
                <text font="JQUZDQ+SimSun" bbox="368.191,694.243,378.751,704.803" colourspace="ICCBased" ncolour="[0]" size="10.560">加</text>
                <text font="JQUZDQ+SimSun" bbox="378.751,694.243,389.311,704.803" colourspace="ICCBased" ncolour="[0]" size="10.560">险</text>
                <text font="JQUZDQ+SimSun" bbox="389.072,694.243,399.632,704.803" colourspace="ICCBased" ncolour="[0]" size="10.560">合</text>
                <text font="JQUZDQ+SimSun" bbox="399.632,694.243,410.192,704.803" colourspace="ICCBased" ncolour="[0]" size="10.560">同</text>
                <text font="JQUZDQ+SimSun" bbox="409.711,694.243,420.271,704.803" colourspace="ICCBased" ncolour="[0]" size="10.560">“</text>
                <text font="JTTPDQ+SimSun" bbox="420.271,694.243,425.551,704.803" colourspace="ICCBased" ncolour="[0]" size="10.560">2</text>
                <text font="JTTPDQ+SimSun" bbox="425.308,694.243,430.588,704.803" colourspace="ICCBased" ncolour="[0]" size="10.560">.</text>
                <text font="JTTPDQ+SimSun" bbox="430.588,694.243,435.868,704.803" colourspace="ICCBased" ncolour="[0]" size="10.560">1</text>
                <text> </text>
                <text font="JQUZDQ+SimSun" bbox="438.513,694.243,449.073,704.803" colourspace="ICCBased" ncolour="[0]" size="10.560">责</text>
                <text font="JQUZDQ+SimSun" bbox="448.833,694.243,459.393,704.803" colourspace="ICCBased" ncolour="[0]" size="10.560">任</text>
                <text font="JQUZDQ+SimSun" bbox="459.393,694.243,469.953,704.803" colourspace="ICCBased" ncolour="[0]" size="10.560">免</text>
                <text font="JQUZDQ+SimSun" bbox="469.953,694.243,480.513,704.803" colourspace="ICCBased" ncolour="[0]" size="10.560">除</text>
                <text font="JQUZDQ+SimSun" bbox="480.513,694.243,491.073,704.803" colourspace="ICCBased" ncolour="[0]" size="10.560">”</text>
                <text font="JQUZDQ+SimSun" bbox="490.592,694.243,501.152,704.803" colourspace="ICCBased" ncolour="[0]" size="10.560">中</text>
                <text font="JQUZDQ+SimSun" bbox="500.913,694.243,511.473,704.803" colourspace="ICCBased" ncolour="[0]" size="10.560">第</text>
                <text font="JQUZDQ+SimSun" bbox="510.992,694.243,521.552,704.803" colourspace="ICCBased" ncolour="[0]" size="10.560">（</text>
                <text font="JTTPDQ+SimSun" bbox="521.552,694.243,526.832,704.803" colourspace="ICCBased" ncolour="[0]" size="10.560">8</text>
                <text font="JQUZDQ+SimSun" bbox="526.594,694.243,537.154,704.803" colourspace="ICCBased" ncolour="[0]" size="10.560">）</text>
                <text font="JQUZDQ+SimSun" bbox="536.678,694.243,547.238,704.803" colourspace="ICCBased" ncolour="[0]" size="10.560">项</text>
                <text>
                </text>
            </textline>
            <textline bbox="210.512,678.646,488.673,689.206">
                <text font="JQUZDQ+SimSun" bbox="210.512,678.646,221.072,689.206" colourspace="ICCBased" ncolour="[0]" size="10.560">“</text>
                <text font="JQUZDQ+SimSun" bbox="221.072,678.646,231.632,689.206" colourspace="ICCBased" ncolour="[0]" size="10.560">遗</text>
                <text font="JQUZDQ+SimSun" bbox="231.632,678.646,242.192,689.206" colourspace="ICCBased" ncolour="[0]" size="10.560">传</text>
                <text font="JQUZDQ+SimSun" bbox="242.192,678.646,252.752,689.206" colourspace="ICCBased" ncolour="[0]" size="10.560">性</text>
                <text font="JQUZDQ+SimSun" bbox="252.752,678.646,263.312,689.206" colourspace="ICCBased" ncolour="[0]" size="10.560">疾</text>
                <text font="JQUZDQ+SimSun" bbox="263.072,678.646,273.632,689.206" colourspace="ICCBased" ncolour="[0]" size="10.560">病</text>
                <text font="JQUZDQ+SimSun" bbox="273.632,678.646,284.192,689.206" colourspace="ICCBased" ncolour="[0]" size="10.560">，</text>
                <text font="JQUZDQ+SimSun" bbox="284.192,678.646,294.752,689.206" colourspace="ICCBased" ncolour="[0]" size="10.560">先</text>
                <text font="JQUZDQ+SimSun" bbox="294.752,678.646,305.312,689.206" colourspace="ICCBased" ncolour="[0]" size="10.560">天</text>
                <text font="JQUZDQ+SimSun" bbox="305.071,678.646,315.631,689.206" colourspace="ICCBased" ncolour="[0]" size="10.560">性</text>
                <text font="JQUZDQ+SimSun" bbox="315.631,678.646,326.191,689.206" colourspace="ICCBased" ncolour="[0]" size="10.560">畸</text>
                <text font="JQUZDQ+SimSun" bbox="326.191,678.646,336.751,689.206" colourspace="ICCBased" ncolour="[0]" size="10.560">形</text>
                <text font="JQUZDQ+SimSun" bbox="336.751,678.646,347.311,689.206" colourspace="ICCBased" ncolour="[0]" size="10.560">、</text>
                <text font="JQUZDQ+SimSun" bbox="347.071,678.646,357.631,689.206" colourspace="ICCBased" ncolour="[0]" size="10.560">变</text>
                <text font="JQUZDQ+SimSun" bbox="357.631,678.646,368.191,689.206" colourspace="ICCBased" ncolour="[0]" size="10.560">形</text>
                <text font="JQUZDQ+SimSun" bbox="368.191,678.646,378.751,689.206" colourspace="ICCBased" ncolour="[0]" size="10.560">或</text>
                <text font="JQUZDQ+SimSun" bbox="378.751,678.646,389.311,689.206" colourspace="ICCBased" ncolour="[0]" size="10.560">染</text>
                <text font="JQUZDQ+SimSun" bbox="389.072,678.646,399.632,689.206" colourspace="ICCBased" ncolour="[0]" size="10.560">色</text>
                <text font="JQUZDQ+SimSun" bbox="399.632,678.646,410.192,689.206" colourspace="ICCBased" ncolour="[0]" size="10.560">体</text>
                <text font="JQUZDQ+SimSun" bbox="410.192,678.646,420.752,689.206" colourspace="ICCBased" ncolour="[0]" size="10.560">异</text>
                <text font="JQUZDQ+SimSun" bbox="420.752,678.646,431.312,689.206" colourspace="ICCBased" ncolour="[0]" size="10.560">常</text>
                <text font="JQUZDQ+SimSun" bbox="431.072,678.646,441.632,689.206" colourspace="ICCBased" ncolour="[0]" size="10.560">”</text>
                <text font="JQUZDQ+SimSun" bbox="441.632,678.646,452.192,689.206" colourspace="ICCBased" ncolour="[0]" size="10.560">的</text>
                <text font="JQUZDQ+SimSun" bbox="451.951,678.646,462.511,689.206" colourspace="ICCBased" ncolour="[0]" size="10.560">限</text>
                <text font="JQUZDQ+SimSun" bbox="462.511,678.646,473.071,689.206" colourspace="ICCBased" ncolour="[0]" size="10.560">制</text>
                <text font="JQUZDQ+SimSun" bbox="473.071,678.646,483.631,689.206" colourspace="ICCBased" ncolour="[0]" size="10.560">。</text>
                <text font="JTTPDQ+SimSun" bbox="483.393,678.646,488.673,689.206" colourspace="ICCBased" ncolour="[0]" size="10.560"> </text>
                <text>
                </text>
            </textline>
            <textline bbox="210.480,663.029,215.760,673.589">
                <text font="JTTPDQ+SimSun" bbox="210.480,663.029,215.760,673.589" colourspace="ICCBased" ncolour="[0]" size="10.560"> </text>
                <text>
                </text>
            </textline>
            <textline bbox="210.480,648.869,547.200,659.429">
                <text font="JQUZDQ+SimSun" bbox="210.480,648.869,221.040,659.429" colourspace="ICCBased" ncolour="[0]" size="10.560">指</text>
                <text font="JQUZDQ+SimSun" bbox="221.040,648.869,231.600,659.429" colourspace="ICCBased" ncolour="[0]" size="10.560">心</text>
                <text font="JQUZDQ+SimSun" bbox="231.600,648.869,242.160,659.429" colourspace="ICCBased" ncolour="[0]" size="10.560">房</text>
                <text font="JQUZDQ+SimSun" bbox="242.160,648.869,252.720,659.429" colourspace="ICCBased" ncolour="[0]" size="10.560">激</text>
                <text font="JQUZDQ+SimSun" bbox="252.720,648.869,263.280,659.429" colourspace="ICCBased" ncolour="[0]" size="10.560">动</text>
                <text font="JQUZDQ+SimSun" bbox="263.280,648.869,273.840,659.429" colourspace="ICCBased" ncolour="[0]" size="10.560">在</text>
                <text font="JQUZDQ+SimSun" bbox="273.840,648.869,284.400,659.429" colourspace="ICCBased" ncolour="[0]" size="10.560">房</text>
                <text font="JQUZDQ+SimSun" bbox="284.160,648.869,294.720,659.429" colourspace="ICCBased" ncolour="[0]" size="10.560">室</text>
                <text font="JQUZDQ+SimSun" bbox="294.720,648.869,305.280,659.429" colourspace="ICCBased" ncolour="[0]" size="10.560">交</text>
                <text font="JQUZDQ+SimSun" bbox="305.280,648.869,315.840,659.429" colourspace="ICCBased" ncolour="[0]" size="10.560">界</text>
                <text font="JQUZDQ+SimSun" bbox="315.840,648.869,326.400,659.429" colourspace="ICCBased" ncolour="[0]" size="10.560">区</text>
                <text font="JQUZDQ+SimSun" bbox="326.400,648.869,336.960,659.429" colourspace="ICCBased" ncolour="[0]" size="10.560">、</text>
                <text font="JQUZDQ+SimSun" bbox="336.960,648.869,347.520,659.429" colourspace="ICCBased" ncolour="[0]" size="10.560">房</text>
                <text font="JQUZDQ+SimSun" bbox="347.280,648.869,357.840,659.429" colourspace="ICCBased" ncolour="[0]" size="10.560">室</text>
                <text font="JQUZDQ+SimSun" bbox="357.840,648.869,368.400,659.429" colourspace="ICCBased" ncolour="[0]" size="10.560">束</text>
                <text font="JQUZDQ+SimSun" bbox="368.400,648.869,378.960,659.429" colourspace="ICCBased" ncolour="[0]" size="10.560">及</text>
                <text font="JQUZDQ+SimSun" bbox="378.960,648.869,389.520,659.429" colourspace="ICCBased" ncolour="[0]" size="10.560">其</text>
                <text font="JQUZDQ+SimSun" bbox="389.520,648.869,400.080,659.429" colourspace="ICCBased" ncolour="[0]" size="10.560">分</text>
                <text font="JQUZDQ+SimSun" bbox="399.840,648.869,410.400,659.429" colourspace="ICCBased" ncolour="[0]" size="10.560">支</text>
                <text font="JQUZDQ+SimSun" bbox="410.400,648.869,420.960,659.429" colourspace="ICCBased" ncolour="[0]" size="10.560">内</text>
                <text font="JQUZDQ+SimSun" bbox="420.960,648.869,431.520,659.429" colourspace="ICCBased" ncolour="[0]" size="10.560">发</text>
                <text font="JQUZDQ+SimSun" bbox="431.520,648.869,442.080,659.429" colourspace="ICCBased" ncolour="[0]" size="10.560">生</text>
                <text font="JQUZDQ+SimSun" bbox="442.080,648.869,452.640,659.429" colourspace="ICCBased" ncolour="[0]" size="10.560">阻</text>
                <text font="JQUZDQ+SimSun" bbox="452.400,648.869,462.960,659.429" colourspace="ICCBased" ncolour="[0]" size="10.560">滞</text>
                <text font="JQUZDQ+SimSun" bbox="462.960,648.869,473.520,659.429" colourspace="ICCBased" ncolour="[0]" size="10.560">，</text>
                <text font="JQUZDQ+SimSun" bbox="473.520,648.869,484.080,659.429" colourspace="ICCBased" ncolour="[0]" size="10.560">不</text>
                <text font="JQUZDQ+SimSun" bbox="484.080,648.869,494.640,659.429" colourspace="ICCBased" ncolour="[0]" size="10.560">能</text>
                <text font="JQUZDQ+SimSun" bbox="494.640,648.869,505.200,659.429" colourspace="ICCBased" ncolour="[0]" size="10.560">正</text>
                <text font="JQUZDQ+SimSun" bbox="505.200,648.869,515.760,659.429" colourspace="ICCBased" ncolour="[0]" size="10.560">常</text>
                <text font="JQUZDQ+SimSun" bbox="515.760,648.869,526.320,659.429" colourspace="ICCBased" ncolour="[0]" size="10.560">地</text>
                <text font="JQUZDQ+SimSun" bbox="526.080,648.869,536.640,659.429" colourspace="ICCBased" ncolour="[0]" size="10.560">传</text>
                <text font="JQUZDQ+SimSun" bbox="536.640,648.869,547.200,659.429" colourspace="ICCBased" ncolour="[0]" size="10.560">到</text>
                <text>
                </text>
            </textline>
            <textline bbox="210.480,633.272,425.756,643.832">
                <text font="JQUZDQ+SimSun" bbox="210.480,633.272,221.040,643.832" colourspace="ICCBased" ncolour="[0]" size="10.560">心</text>
                <text font="JQUZDQ+SimSun" bbox="221.040,633.272,231.600,643.832" colourspace="ICCBased" ncolour="[0]" size="10.560">室</text>
                <text font="JQUZDQ+SimSun" bbox="231.600,633.272,242.160,643.832" colourspace="ICCBased" ncolour="[0]" size="10.560">的</text>
                <text font="JQUZDQ+SimSun" bbox="242.160,633.272,252.720,643.832" colourspace="ICCBased" ncolour="[0]" size="10.560">心</text>
                <text font="JQUZDQ+SimSun" bbox="252.720,633.272,263.280,643.832" colourspace="ICCBased" ncolour="[0]" size="10.560">脏</text>
                <text font="JQUZDQ+SimSun" bbox="263.040,633.272,273.600,643.832" colourspace="ICCBased" ncolour="[0]" size="10.560">传</text>
                <text font="JQUZDQ+SimSun" bbox="273.600,633.272,284.160,643.832" colourspace="ICCBased" ncolour="[0]" size="10.560">导</text>
                <text font="JQUZDQ+SimSun" bbox="284.160,633.272,294.720,643.832" colourspace="ICCBased" ncolour="[0]" size="10.560">性</text>
                <text font="JQUZDQ+SimSun" bbox="294.720,633.272,305.280,643.832" colourspace="ICCBased" ncolour="[0]" size="10.560">疾</text>
                <text font="JQUZDQ+SimSun" bbox="305.040,633.272,315.600,643.832" colourspace="ICCBased" ncolour="[0]" size="10.560">病</text>
                <text font="JQUZDQ+SimSun" bbox="315.600,633.272,326.160,643.832" colourspace="ICCBased" ncolour="[0]" size="10.560">须</text>
                <text font="JQUZDQ+SimSun" bbox="326.160,633.272,336.720,643.832" colourspace="ICCBased" ncolour="[0]" size="10.560">满</text>
                <text font="JQUZDQ+SimSun" bbox="336.720,633.272,347.280,643.832" colourspace="ICCBased" ncolour="[0]" size="10.560">足</text>
                <text font="JQUZDQ+SimSun" bbox="347.040,633.272,357.600,643.832" colourspace="ICCBased" ncolour="[0]" size="10.560">下</text>
                <text font="JQUZDQ+SimSun" bbox="357.600,633.272,368.160,643.832" colourspace="ICCBased" ncolour="[0]" size="10.560">列</text>
                <text font="JQUZDQ+SimSun" bbox="368.160,633.272,378.720,643.832" colourspace="ICCBased" ncolour="[0]" size="10.560">所</text>
                <text font="JQUZDQ+SimSun" bbox="378.720,633.272,389.280,643.832" colourspace="ICCBased" ncolour="[0]" size="10.560">有</text>
                <text font="JQUZDQ+SimSun" bbox="389.040,633.272,399.600,643.832" colourspace="ICCBased" ncolour="[0]" size="10.560">条</text>
                <text font="JQUZDQ+SimSun" bbox="399.600,633.272,410.160,643.832" colourspace="ICCBased" ncolour="[0]" size="10.560">件</text>
                <text font="JQUZDQ+SimSun" bbox="410.160,633.272,420.720,643.832" colourspace="ICCBased" ncolour="[0]" size="10.560">：</text>
                <text font="JTTPDQ+SimSun" bbox="420.476,633.272,425.756,643.832" colourspace="ICCBased" ncolour="[0]" size="10.560"> </text>
                <text>
                </text>
            </textline>
            <textline bbox="210.480,617.675,485.990,628.235">
                <text font="JQUZDQ+SimSun" bbox="210.480,617.675,221.040,628.235" colourspace="ICCBased" ncolour="[0]" size="10.560">（</text>
                <text font="JTTPDQ+SimSun" bbox="221.040,617.675,226.320,628.235" colourspace="ICCBased" ncolour="[0]" size="10.560">1</text>
                <text font="JQUZDQ+SimSun" bbox="226.320,617.675,236.880,628.235" colourspace="ICCBased" ncolour="[0]" size="10.560">）</text>
                <text font="JQUZDQ+SimSun" bbox="236.880,617.675,247.440,628.235" colourspace="ICCBased" ncolour="[0]" size="10.560">心</text>
                <text font="JQUZDQ+SimSun" bbox="247.440,617.675,258.000,628.235" colourspace="ICCBased" ncolour="[0]" size="10.560">电</text>
                <text font="JQUZDQ+SimSun" bbox="258.000,617.675,268.560,628.235" colourspace="ICCBased" ncolour="[0]" size="10.560">图</text>
                <text font="JQUZDQ+SimSun" bbox="268.320,617.675,278.880,628.235" colourspace="ICCBased" ncolour="[0]" size="10.560">显</text>
                <text font="JQUZDQ+SimSun" bbox="278.880,617.675,289.440,628.235" colourspace="ICCBased" ncolour="[0]" size="10.560">示</text>
                <text font="JQUZDQ+SimSun" bbox="289.440,617.675,300.000,628.235" colourspace="ICCBased" ncolour="[0]" size="10.560">房</text>
                <text font="JQUZDQ+SimSun" bbox="300.000,617.675,310.560,628.235" colourspace="ICCBased" ncolour="[0]" size="10.560">室</text>
                <text font="JQUZDQ+SimSun" bbox="310.320,617.675,320.880,628.235" colourspace="ICCBased" ncolour="[0]" size="10.560">搏</text>
                <text font="JQUZDQ+SimSun" bbox="320.880,617.675,331.440,628.235" colourspace="ICCBased" ncolour="[0]" size="10.560">动</text>
                <text font="JQUZDQ+SimSun" bbox="331.440,617.675,342.000,628.235" colourspace="ICCBased" ncolour="[0]" size="10.560">彼</text>
                <text font="JQUZDQ+SimSun" bbox="342.000,617.675,352.560,628.235" colourspace="ICCBased" ncolour="[0]" size="10.560">此</text>
                <text font="JQUZDQ+SimSun" bbox="352.320,617.675,362.880,628.235" colourspace="ICCBased" ncolour="[0]" size="10.560">独</text>
                <text font="JQUZDQ+SimSun" bbox="362.880,617.675,373.440,628.235" colourspace="ICCBased" ncolour="[0]" size="10.560">立</text>
                <text font="JQUZDQ+SimSun" bbox="373.440,617.675,384.000,628.235" colourspace="ICCBased" ncolour="[0]" size="10.560">，</text>
                <text font="JQUZDQ+SimSun" bbox="384.000,617.675,394.560,628.235" colourspace="ICCBased" ncolour="[0]" size="10.560">心</text>
                <text font="JQUZDQ+SimSun" bbox="394.320,617.675,404.880,628.235" colourspace="ICCBased" ncolour="[0]" size="10.560">室</text>
                <text font="JQUZDQ+SimSun" bbox="404.880,617.675,415.440,628.235" colourspace="ICCBased" ncolour="[0]" size="10.560">率</text>
                <text font="JTTPDQ+SimSun" bbox="415.440,617.675,420.720,628.235" colourspace="ICCBased" ncolour="[0]" size="10.560">&lt;</text>
                <text font="JTTPDQ+SimSun" bbox="420.720,617.675,426.000,628.235" colourspace="ICCBased" ncolour="[0]" size="10.560">5</text>
                <text font="JTTPDQ+SimSun" bbox="426.000,617.675,431.280,628.235" colourspace="ICCBased" ncolour="[0]" size="10.560">0</text>
                <text> </text>
                <text font="JQUZDQ+SimSun" bbox="433.676,617.675,444.236,628.235" colourspace="ICCBased" ncolour="[0]" size="10.560">次</text>
                <text font="JTTPDQ+SimSun" bbox="444.236,617.675,449.516,628.235" colourspace="ICCBased" ncolour="[0]" size="10.560">/</text>
                <text font="JQUZDQ+SimSun" bbox="449.273,617.675,459.833,628.235" colourspace="ICCBased" ncolour="[0]" size="10.560">分</text>
                <text font="JQUZDQ+SimSun" bbox="459.833,617.675,470.393,628.235" colourspace="ICCBased" ncolour="[0]" size="10.560">钟</text>
                <text font="JQUZDQ+SimSun" bbox="470.393,617.675,480.953,628.235" colourspace="ICCBased" ncolour="[0]" size="10.560">；</text>
                <text font="JTTPDQ+SimSun" bbox="480.710,617.675,485.990,628.235" colourspace="ICCBased" ncolour="[0]" size="10.560"> </text>
                <text>
                </text>
            </textline>
            <textline bbox="210.469,602.077,415.186,612.637">
                <text font="JQUZDQ+SimSun" bbox="210.469,602.077,221.029,612.637" colourspace="ICCBased" ncolour="[0]" size="10.560">（</text>
                <text font="JTTPDQ+SimSun" bbox="221.029,602.077,226.309,612.637" colourspace="ICCBased" ncolour="[0]" size="10.560">2</text>
                <text font="JQUZDQ+SimSun" bbox="226.309,602.077,236.869,612.637" colourspace="ICCBased" ncolour="[0]" size="10.560">）</text>
                <text font="JQUZDQ+SimSun" bbox="236.869,602.077,247.429,612.637" colourspace="ICCBased" ncolour="[0]" size="10.560">出</text>
                <text font="JQUZDQ+SimSun" bbox="247.429,602.077,257.989,612.637" colourspace="ICCBased" ncolour="[0]" size="10.560">现</text>
                <text font="JQUZDQ+SimSun" bbox="257.989,602.077,268.549,612.637" colourspace="ICCBased" ncolour="[0]" size="10.560">阿</text>
                <text font="JTTPDQ+SimSun" bbox="268.307,602.077,273.587,612.637" colourspace="ICCBased" ncolour="[0]" size="10.560">-</text>
                <text font="JQUZDQ+SimSun" bbox="273.587,602.077,284.147,612.637" colourspace="ICCBased" ncolour="[0]" size="10.560">斯</text>
                <text font="JQUZDQ+SimSun" bbox="284.147,602.077,294.707,612.637" colourspace="ICCBased" ncolour="[0]" size="10.560">综</text>
                <text font="JQUZDQ+SimSun" bbox="294.707,602.077,305.267,612.637" colourspace="ICCBased" ncolour="[0]" size="10.560">合</text>
                <text font="JQUZDQ+SimSun" bbox="305.027,602.077,315.587,612.637" colourspace="ICCBased" ncolour="[0]" size="10.560">征</text>
                <text font="JQUZDQ+SimSun" bbox="315.587,602.077,326.147,612.637" colourspace="ICCBased" ncolour="[0]" size="10.560">或</text>
                <text font="JQUZDQ+SimSun" bbox="326.147,602.077,336.707,612.637" colourspace="ICCBased" ncolour="[0]" size="10.560">心</text>
                <text font="JQUZDQ+SimSun" bbox="336.707,602.077,347.267,612.637" colourspace="ICCBased" ncolour="[0]" size="10.560">力</text>
                <text font="JQUZDQ+SimSun" bbox="347.027,602.077,357.587,612.637" colourspace="ICCBased" ncolour="[0]" size="10.560">衰</text>
                <text font="JQUZDQ+SimSun" bbox="357.587,602.077,368.147,612.637" colourspace="ICCBased" ncolour="[0]" size="10.560">竭</text>
                <text font="JQUZDQ+SimSun" bbox="368.147,602.077,378.707,612.637" colourspace="ICCBased" ncolour="[0]" size="10.560">的</text>
                <text font="JQUZDQ+SimSun" bbox="378.707,602.077,389.267,612.637" colourspace="ICCBased" ncolour="[0]" size="10.560">表</text>
                <text font="JQUZDQ+SimSun" bbox="389.026,602.077,399.586,612.637" colourspace="ICCBased" ncolour="[0]" size="10.560">现</text>
                <text font="JQUZDQ+SimSun" bbox="399.586,602.077,410.146,612.637" colourspace="ICCBased" ncolour="[0]" size="10.560">；</text>
                <text font="JTTPDQ+SimSun" bbox="409.906,602.077,415.186,612.637" colourspace="ICCBased" ncolour="[0]" size="10.560"> </text>
                <text>
                </text>
            </textline>
            <textline bbox="210.469,586.469,547.200,597.040">
                <text font="JQUZDQ+SimSun" bbox="210.469,586.480,221.029,597.040" colourspace="ICCBased" ncolour="[0]" size="10.560">（</text>
                <text font="JTTPDQ+SimSun" bbox="221.029,586.480,226.309,597.040" colourspace="ICCBased" ncolour="[0]" size="10.560">3</text>
                <text font="JQUZDQ+SimSun" bbox="226.320,586.469,236.880,597.029" colourspace="ICCBased" ncolour="[0]" size="10.560">）</text>
                <text font="JQUZDQ+SimSun" bbox="234.480,586.469,245.040,597.029" colourspace="ICCBased" ncolour="[0]" size="10.560">必</text>
                <text font="JQUZDQ+SimSun" bbox="245.040,586.469,255.600,597.029" colourspace="ICCBased" ncolour="[0]" size="10.560">须</text>
                <text font="JQUZDQ+SimSun" bbox="255.600,586.469,266.160,597.029" colourspace="ICCBased" ncolour="[0]" size="10.560">持</text>
                <text font="JQUZDQ+SimSun" bbox="265.920,586.469,276.480,597.029" colourspace="ICCBased" ncolour="[0]" size="10.560">续</text>
                <text font="JQUZDQ+SimSun" bbox="276.480,586.469,287.040,597.029" colourspace="ICCBased" ncolour="[0]" size="10.560">性</text>
                <text font="JQUZDQ+SimSun" bbox="287.040,586.469,297.600,597.029" colourspace="ICCBased" ncolour="[0]" size="10.560">依</text>
                <text font="JQUZDQ+SimSun" bbox="297.600,586.469,308.160,597.029" colourspace="ICCBased" ncolour="[0]" size="10.560">赖</text>
                <text font="JQUZDQ+SimSun" bbox="307.920,586.469,318.480,597.029" colourspace="ICCBased" ncolour="[0]" size="10.560">心</text>
                <text font="JQUZDQ+SimSun" bbox="318.480,586.469,329.040,597.029" colourspace="ICCBased" ncolour="[0]" size="10.560">脏</text>
                <text font="JQUZDQ+SimSun" bbox="329.040,586.469,339.600,597.029" colourspace="ICCBased" ncolour="[0]" size="10.560">起</text>
                <text font="JQUZDQ+SimSun" bbox="339.600,586.469,350.160,597.029" colourspace="ICCBased" ncolour="[0]" size="10.560">搏</text>
                <text font="JQUZDQ+SimSun" bbox="349.920,586.469,360.480,597.029" colourspace="ICCBased" ncolour="[0]" size="10.560">器</text>
                <text font="JQUZDQ+SimSun" bbox="360.480,586.469,371.040,597.029" colourspace="ICCBased" ncolour="[0]" size="10.560">维</text>
                <text font="JQUZDQ+SimSun" bbox="371.040,586.469,381.600,597.029" colourspace="ICCBased" ncolour="[0]" size="10.560">持</text>
                <text font="JQUZDQ+SimSun" bbox="381.600,586.469,392.160,597.029" colourspace="ICCBased" ncolour="[0]" size="10.560">心</text>
                <text font="JQUZDQ+SimSun" bbox="391.920,586.469,402.480,597.029" colourspace="ICCBased" ncolour="[0]" size="10.560">脏</text>
                <text font="JQUZDQ+SimSun" bbox="402.480,586.469,413.040,597.029" colourspace="ICCBased" ncolour="[0]" size="10.560">正</text>
                <text font="JQUZDQ+SimSun" bbox="413.040,586.469,423.600,597.029" colourspace="ICCBased" ncolour="[0]" size="10.560">常</text>
                <text font="JQUZDQ+SimSun" bbox="423.600,586.469,434.160,597.029" colourspace="ICCBased" ncolour="[0]" size="10.560">功</text>
                <text font="JQUZDQ+SimSun" bbox="433.920,586.469,444.480,597.029" colourspace="ICCBased" ncolour="[0]" size="10.560">能</text>
                <text font="JQUZDQ+SimSun" bbox="444.480,586.469,455.040,597.029" colourspace="ICCBased" ncolour="[0]" size="10.560">，</text>
                <text font="JQUZDQ+SimSun" bbox="452.400,586.469,462.960,597.029" colourspace="ICCBased" ncolour="[0]" size="10.560">且</text>
                <text font="JQUZDQ+SimSun" bbox="462.960,586.469,473.520,597.029" colourspace="ICCBased" ncolour="[0]" size="10.560">已</text>
                <text font="JQUZDQ+SimSun" bbox="473.520,586.469,484.080,597.029" colourspace="ICCBased" ncolour="[0]" size="10.560">经</text>
                <text font="JQUZDQ+SimSun" bbox="484.080,586.469,494.640,597.029" colourspace="ICCBased" ncolour="[0]" size="10.560">放</text>
                <text font="JQUZDQ+SimSun" bbox="494.640,586.469,505.200,597.029" colourspace="ICCBased" ncolour="[0]" size="10.560">置</text>
                <text font="JQUZDQ+SimSun" bbox="504.960,586.469,515.520,597.029" colourspace="ICCBased" ncolour="[0]" size="10.560">心</text>
                <text font="JQUZDQ+SimSun" bbox="515.520,586.469,526.080,597.029" colourspace="ICCBased" ncolour="[0]" size="10.560">脏</text>
                <text font="JQUZDQ+SimSun" bbox="526.080,586.469,536.640,597.029" colourspace="ICCBased" ncolour="[0]" size="10.560">起</text>
                <text font="JQUZDQ+SimSun" bbox="536.640,586.469,547.200,597.029" colourspace="ICCBased" ncolour="[0]" size="10.560">搏</text>
                <text>
                </text>
            </textline>
        </textbox>
        <textbox id="21" bbox="236.640,570.869,262.800,581.429">
            <textline bbox="236.640,570.869,262.800,581.429">
                <text font="JQUZDQ+SimSun" bbox="236.640,570.869,247.200,581.429" colourspace="ICCBased" ncolour="[0]" size="10.560">器</text>
                <text font="JQUZDQ+SimSun" bbox="247.200,570.869,257.760,581.429" colourspace="ICCBased" ncolour="[0]" size="10.560">。</text>
                <text font="JTTPDQ+SimSun" bbox="257.520,570.869,262.800,581.429" colourspace="ICCBased" ncolour="[0]" size="10.560"> </text>
                <text>
                </text>
            </textline>
        </textbox>
        <textbox id="22" bbox="210.480,509.675,547.200,565.829">
            <textline bbox="210.480,555.269,215.760,565.829">
                <text font="JTTPDQ+SimSun" bbox="210.480,555.269,215.760,565.829" colourspace="ICCBased" ncolour="[0]" size="10.560"> </text>
                <text>
                </text>
            </textline>
            <textline bbox="210.480,540.869,547.200,551.429">
                <text font="JQUZDQ+SimSun" bbox="210.480,540.869,221.040,551.429" colourspace="ICCBased" ncolour="[0]" size="10.560">指</text>
                <text font="JQUZDQ+SimSun" bbox="221.040,540.869,231.600,551.429" colourspace="ICCBased" ncolour="[0]" size="10.560">经</text>
                <text font="JQUZDQ+SimSun" bbox="231.600,540.869,242.160,551.429" colourspace="ICCBased" ncolour="[0]" size="10.560">冠</text>
                <text font="JQUZDQ+SimSun" bbox="242.160,540.869,252.720,551.429" colourspace="ICCBased" ncolour="[0]" size="10.560">状</text>
                <text font="JQUZDQ+SimSun" bbox="252.720,540.869,263.280,551.429" colourspace="ICCBased" ncolour="[0]" size="10.560">动</text>
                <text font="JQUZDQ+SimSun" bbox="263.280,540.869,273.840,551.429" colourspace="ICCBased" ncolour="[0]" size="10.560">脉</text>
                <text font="JQUZDQ+SimSun" bbox="273.840,540.869,284.400,551.429" colourspace="ICCBased" ncolour="[0]" size="10.560">造</text>
                <text font="JQUZDQ+SimSun" bbox="284.160,540.869,294.720,551.429" colourspace="ICCBased" ncolour="[0]" size="10.560">影</text>
                <text font="JQUZDQ+SimSun" bbox="294.720,540.869,305.280,551.429" colourspace="ICCBased" ncolour="[0]" size="10.560">检</text>
                <text font="JQUZDQ+SimSun" bbox="305.280,540.869,315.840,551.429" colourspace="ICCBased" ncolour="[0]" size="10.560">查</text>
                <text font="JQUZDQ+SimSun" bbox="315.840,540.869,326.400,551.429" colourspace="ICCBased" ncolour="[0]" size="10.560">明</text>
                <text font="JQUZDQ+SimSun" bbox="326.400,540.869,336.960,551.429" colourspace="ICCBased" ncolour="[0]" size="10.560">确</text>
                <text font="JQUZDQ+SimSun" bbox="336.960,540.869,347.520,551.429" colourspace="ICCBased" ncolour="[0]" size="10.560">诊</text>
                <text font="JQUZDQ+SimSun" bbox="347.280,540.869,357.840,551.429" colourspace="ICCBased" ncolour="[0]" size="10.560">断</text>
                <text font="JQUZDQ+SimSun" bbox="357.840,540.869,368.400,551.429" colourspace="ICCBased" ncolour="[0]" size="10.560">为</text>
                <text font="JQUZDQ+SimSun" bbox="368.400,540.869,378.960,551.429" colourspace="ICCBased" ncolour="[0]" size="10.560">主</text>
                <text font="JQUZDQ+SimSun" bbox="378.960,540.869,389.520,551.429" colourspace="ICCBased" ncolour="[0]" size="10.560">要</text>
                <text font="JQUZDQ+SimSun" bbox="389.520,540.869,400.080,551.429" colourspace="ICCBased" ncolour="[0]" size="10.560">血</text>
                <text font="JQUZDQ+SimSun" bbox="399.840,540.869,410.400,551.429" colourspace="ICCBased" ncolour="[0]" size="10.560">管</text>
                <text font="JQUZDQ+SimSun" bbox="410.400,540.869,420.960,551.429" colourspace="ICCBased" ncolour="[0]" size="10.560">严</text>
                <text font="JQUZDQ+SimSun" bbox="420.960,540.869,431.520,551.429" colourspace="ICCBased" ncolour="[0]" size="10.560">重</text>
                <text font="JQUZDQ+SimSun" bbox="431.520,540.869,442.080,551.429" colourspace="ICCBased" ncolour="[0]" size="10.560">狭</text>
                <text font="JQUZDQ+SimSun" bbox="442.080,540.869,452.640,551.429" colourspace="ICCBased" ncolour="[0]" size="10.560">窄</text>
                <text font="JQUZDQ+SimSun" bbox="452.400,540.869,462.960,551.429" colourspace="ICCBased" ncolour="[0]" size="10.560">性</text>
                <text font="JQUZDQ+SimSun" bbox="462.960,540.869,473.520,551.429" colourspace="ICCBased" ncolour="[0]" size="10.560">病</text>
                <text font="JQUZDQ+SimSun" bbox="473.520,540.869,484.080,551.429" colourspace="ICCBased" ncolour="[0]" size="10.560">变</text>
                <text font="JQUZDQ+SimSun" bbox="484.080,540.869,494.640,551.429" colourspace="ICCBased" ncolour="[0]" size="10.560">，</text>
                <text font="JQUZDQ+SimSun" bbox="494.640,540.869,505.200,551.429" colourspace="ICCBased" ncolour="[0]" size="10.560">须</text>
                <text font="JQUZDQ+SimSun" bbox="505.200,540.869,515.760,551.429" colourspace="ICCBased" ncolour="[0]" size="10.560">满</text>
                <text font="JQUZDQ+SimSun" bbox="515.760,540.869,526.320,551.429" colourspace="ICCBased" ncolour="[0]" size="10.560">足</text>
                <text font="JQUZDQ+SimSun" bbox="526.080,540.869,536.640,551.429" colourspace="ICCBased" ncolour="[0]" size="10.560">下</text>
                <text font="JQUZDQ+SimSun" bbox="536.640,540.869,547.200,551.429" colourspace="ICCBased" ncolour="[0]" size="10.560">列</text>
                <text>
                </text>
            </textline>
            <textline bbox="210.480,525.272,289.205,535.832">
                <text font="JQUZDQ+SimSun" bbox="210.480,525.272,221.040,535.832" colourspace="ICCBased" ncolour="[0]" size="10.560">至</text>
                <text font="JQUZDQ+SimSun" bbox="221.040,525.272,231.600,535.832" colourspace="ICCBased" ncolour="[0]" size="10.560">少</text>
                <text font="JQUZDQ+SimSun" bbox="231.600,525.272,242.160,535.832" colourspace="ICCBased" ncolour="[0]" size="10.560">一</text>
                <text font="JQUZDQ+SimSun" bbox="242.160,525.272,252.720,535.832" colourspace="ICCBased" ncolour="[0]" size="10.560">项</text>
                <text font="JQUZDQ+SimSun" bbox="252.720,525.272,263.280,535.832" colourspace="ICCBased" ncolour="[0]" size="10.560">条</text>
                <text font="JQUZDQ+SimSun" bbox="263.040,525.272,273.600,535.832" colourspace="ICCBased" ncolour="[0]" size="10.560">件</text>
                <text font="JQUZDQ+SimSun" bbox="273.600,525.272,284.160,535.832" colourspace="ICCBased" ncolour="[0]" size="10.560">：</text>
                <text font="JTTPDQ+SimSun" bbox="283.925,525.272,289.205,535.832" colourspace="ICCBased" ncolour="[0]" size="10.560"> </text>
                <text>
                </text>
            </textline>
            <textline bbox="210.480,509.675,547.197,520.235">
                <text font="JQUZDQ+SimSun" bbox="210.480,509.675,221.040,520.235" colourspace="ICCBased" ncolour="[0]" size="10.560">（</text>
                <text font="JTTPDQ+SimSun" bbox="221.040,509.675,226.320,520.235" colourspace="ICCBased" ncolour="[0]" size="10.560">1</text>
                <text font="JQUZDQ+SimSun" bbox="226.320,509.675,236.880,520.235" colourspace="ICCBased" ncolour="[0]" size="10.560">）</text>
                <text font="JQUZDQ+SimSun" bbox="236.160,509.675,246.720,520.235" colourspace="ICCBased" ncolour="[0]" size="10.560">左</text>
                <text font="JQUZDQ+SimSun" bbox="246.720,509.675,257.280,520.235" colourspace="ICCBased" ncolour="[0]" size="10.560">冠</text>
                <text font="JQUZDQ+SimSun" bbox="257.280,509.675,267.840,520.235" colourspace="ICCBased" ncolour="[0]" size="10.560">状</text>
                <text font="JQUZDQ+SimSun" bbox="267.600,509.675,278.160,520.235" colourspace="ICCBased" ncolour="[0]" size="10.560">动</text>
                <text font="JQUZDQ+SimSun" bbox="278.160,509.675,288.720,520.235" colourspace="ICCBased" ncolour="[0]" size="10.560">脉</text>
                <text font="JQUZDQ+SimSun" bbox="288.720,509.675,299.280,520.235" colourspace="ICCBased" ncolour="[0]" size="10.560">主</text>
                <text font="JQUZDQ+SimSun" bbox="299.280,509.675,309.840,520.235" colourspace="ICCBased" ncolour="[0]" size="10.560">干</text>
                <text font="JQUZDQ+SimSun" bbox="309.600,509.675,320.160,520.235" colourspace="ICCBased" ncolour="[0]" size="10.560">和</text>
                <text font="JQUZDQ+SimSun" bbox="320.160,509.675,330.720,520.235" colourspace="ICCBased" ncolour="[0]" size="10.560">右</text>
                <text font="JQUZDQ+SimSun" bbox="330.720,509.675,341.280,520.235" colourspace="ICCBased" ncolour="[0]" size="10.560">冠</text>
                <text font="JQUZDQ+SimSun" bbox="341.280,509.675,351.840,520.235" colourspace="ICCBased" ncolour="[0]" size="10.560">状</text>
                <text font="JQUZDQ+SimSun" bbox="351.600,509.675,362.160,520.235" colourspace="ICCBased" ncolour="[0]" size="10.560">动</text>
                <text font="JQUZDQ+SimSun" bbox="362.160,509.675,372.720,520.235" colourspace="ICCBased" ncolour="[0]" size="10.560">脉</text>
                <text font="JQUZDQ+SimSun" bbox="372.720,509.675,383.280,520.235" colourspace="ICCBased" ncolour="[0]" size="10.560">中</text>
                <text font="JQUZDQ+SimSun" bbox="383.280,509.675,393.840,520.235" colourspace="ICCBased" ncolour="[0]" size="10.560">，</text>
                <text font="JQUZDQ+SimSun" bbox="392.880,509.675,403.440,520.235" colourspace="ICCBased" ncolour="[0]" size="10.560">一</text>
                <text font="JQUZDQ+SimSun" bbox="403.440,509.675,414.000,520.235" colourspace="ICCBased" ncolour="[0]" size="10.560">支</text>
                <text font="JQUZDQ+SimSun" bbox="414.000,509.675,424.560,520.235" colourspace="ICCBased" ncolour="[0]" size="10.560">血</text>
                <text font="JQUZDQ+SimSun" bbox="424.560,509.675,435.120,520.235" colourspace="ICCBased" ncolour="[0]" size="10.560">管</text>
                <text font="JQUZDQ+SimSun" bbox="434.880,509.675,445.440,520.235" colourspace="ICCBased" ncolour="[0]" size="10.560">管</text>
                <text font="JQUZDQ+SimSun" bbox="445.440,509.675,456.000,520.235" colourspace="ICCBased" ncolour="[0]" size="10.560">腔</text>
                <text font="JQUZDQ+SimSun" bbox="455.760,509.675,466.320,520.235" colourspace="ICCBased" ncolour="[0]" size="10.560">堵</text>
                <text font="JQUZDQ+SimSun" bbox="466.320,509.675,476.880,520.235" colourspace="ICCBased" ncolour="[0]" size="10.560">塞</text>
                <text> </text>
                <text font="JTTPDQ+SimSun" bbox="479.517,509.675,484.797,520.235" colourspace="ICCBased" ncolour="[0]" size="10.560">7</text>
                <text font="JTTPDQ+SimSun" bbox="484.797,509.675,490.077,520.235" colourspace="ICCBased" ncolour="[0]" size="10.560">5</text>
                <text font="JTTPDQ+SimSun" bbox="490.077,509.675,495.357,520.235" colourspace="ICCBased" ncolour="[0]" size="10.560">%</text>
                <text font="JQUZDQ+SimSun" bbox="495.357,509.675,505.917,520.235" colourspace="ICCBased" ncolour="[0]" size="10.560">以</text>
                <text font="JQUZDQ+SimSun" bbox="505.917,509.675,516.477,520.235" colourspace="ICCBased" ncolour="[0]" size="10.560">上</text>
                <text font="JQUZDQ+SimSun" bbox="516.237,509.675,526.797,520.235" colourspace="ICCBased" ncolour="[0]" size="10.560">，</text>
                <text font="JQUZDQ+SimSun" bbox="526.077,509.675,536.637,520.235" colourspace="ICCBased" ncolour="[0]" size="10.560">另</text>
                <text font="JQUZDQ+SimSun" bbox="536.637,509.675,547.197,520.235" colourspace="ICCBased" ncolour="[0]" size="10.560">一</text>
                <text>
                </text>
            </textline>
        </textbox>
        <textbox id="23" bbox="236.637,494.077,365.268,504.637">
            <textline bbox="236.637,494.077,365.268,504.637">
                <text font="JQUZDQ+SimSun" bbox="236.637,494.077,247.197,504.637" colourspace="ICCBased" ncolour="[0]" size="10.560">支</text>
                <text font="JQUZDQ+SimSun" bbox="247.197,494.077,257.757,504.637" colourspace="ICCBased" ncolour="[0]" size="10.560">血</text>
                <text font="JQUZDQ+SimSun" bbox="257.757,494.077,268.317,504.637" colourspace="ICCBased" ncolour="[0]" size="10.560">管</text>
                <text font="JQUZDQ+SimSun" bbox="268.317,494.077,278.877,504.637" colourspace="ICCBased" ncolour="[0]" size="10.560">管</text>
                <text font="JQUZDQ+SimSun" bbox="278.877,494.077,289.437,504.637" colourspace="ICCBased" ncolour="[0]" size="10.560">腔</text>
                <text font="JQUZDQ+SimSun" bbox="289.197,494.077,299.757,504.637" colourspace="ICCBased" ncolour="[0]" size="10.560">堵</text>
                <text font="JQUZDQ+SimSun" bbox="299.757,494.077,310.317,504.637" colourspace="ICCBased" ncolour="[0]" size="10.560">塞</text>
                <text> </text>
                <text font="JTTPDQ+SimSun" bbox="312.954,494.077,318.234,504.637" colourspace="ICCBased" ncolour="[0]" size="10.560">6</text>
                <text font="JTTPDQ+SimSun" bbox="318.234,494.077,323.514,504.637" colourspace="ICCBased" ncolour="[0]" size="10.560">0</text>
                <text font="JTTPDQ+SimSun" bbox="323.514,494.077,328.794,504.637" colourspace="ICCBased" ncolour="[0]" size="10.560">%</text>
                <text font="JQUZDQ+SimSun" bbox="328.551,494.077,339.111,504.637" colourspace="ICCBased" ncolour="[0]" size="10.560">以</text>
                <text font="JQUZDQ+SimSun" bbox="339.111,494.077,349.671,504.637" colourspace="ICCBased" ncolour="[0]" size="10.560">上</text>
                <text font="JQUZDQ+SimSun" bbox="349.671,494.077,360.231,504.637" colourspace="ICCBased" ncolour="[0]" size="10.560">；</text>
                <text font="JTTPDQ+SimSun" bbox="359.988,494.077,365.268,504.637" colourspace="ICCBased" ncolour="[0]" size="10.560"> </text>
                <text>
                </text>
            </textline>
        </textbox>
        <textbox id="24" bbox="210.469,478.469,552.480,489.040">
            <textline bbox="210.469,478.469,552.480,489.040">
                <text font="JQUZDQ+SimSun" bbox="210.469,478.480,221.029,489.040" colourspace="ICCBased" ncolour="[0]" size="10.560">（</text>
                <text font="JTTPDQ+SimSun" bbox="221.029,478.480,226.309,489.040" colourspace="ICCBased" ncolour="[0]" size="10.560">2</text>
                <text font="JQUZDQ+SimSun" bbox="226.309,478.480,236.869,489.040" colourspace="ICCBased" ncolour="[0]" size="10.560">）</text>
                <text font="JQUZDQ+SimSun" bbox="234.469,478.480,245.029,489.040" colourspace="ICCBased" ncolour="[0]" size="10.560">左</text>
                <text font="JQUZDQ+SimSun" bbox="245.029,478.480,255.589,489.040" colourspace="ICCBased" ncolour="[0]" size="10.560">前</text>
                <text font="JQUZDQ+SimSun" bbox="255.349,478.480,265.909,489.040" colourspace="ICCBased" ncolour="[0]" size="10.560">降</text>
                <text font="JQUZDQ+SimSun" bbox="265.909,478.480,276.469,489.040" colourspace="ICCBased" ncolour="[0]" size="10.560">支</text>
                <text font="JQUZDQ+SimSun" bbox="276.469,478.480,287.029,489.040" colourspace="ICCBased" ncolour="[0]" size="10.560">、</text>
                <text font="JQUZDQ+SimSun" bbox="284.389,478.480,294.949,489.040" colourspace="ICCBased" ncolour="[0]" size="10.560">左</text>
                <text font="JQUZDQ+SimSun" bbox="294.949,478.480,305.509,489.040" colourspace="ICCBased" ncolour="[0]" size="10.560">旋</text>
                <text font="JQUZDQ+SimSun" bbox="305.509,478.480,316.069,489.040" colourspace="ICCBased" ncolour="[0]" size="10.560">支</text>
                <text font="JQUZDQ+SimSun" bbox="316.069,478.480,326.629,489.040" colourspace="ICCBased" ncolour="[0]" size="10.560">和</text>
                <text font="JQUZDQ+SimSun" bbox="326.390,478.480,336.950,489.040" colourspace="ICCBased" ncolour="[0]" size="10.560">右</text>
                <text font="JQUZDQ+SimSun" bbox="336.950,478.480,347.510,489.040" colourspace="ICCBased" ncolour="[0]" size="10.560">冠</text>
                <text font="JQUZDQ+SimSun" bbox="347.510,478.480,358.070,489.040" colourspace="ICCBased" ncolour="[0]" size="10.560">状</text>
                <text font="JQUZDQ+SimSun" bbox="358.070,478.480,368.630,489.040" colourspace="ICCBased" ncolour="[0]" size="10.560">动</text>
                <text font="JQUZDQ+SimSun" bbox="368.389,478.480,378.949,489.040" colourspace="ICCBased" ncolour="[0]" size="10.560">脉</text>
                <text font="JQUZDQ+SimSun" bbox="378.949,478.480,389.509,489.040" colourspace="ICCBased" ncolour="[0]" size="10.560">中</text>
                <text font="JQUZDQ+SimSun" bbox="389.509,478.480,400.069,489.040" colourspace="ICCBased" ncolour="[0]" size="10.560">，</text>
                <text font="JQUZDQ+SimSun" bbox="397.430,478.480,407.990,489.040" colourspace="ICCBased" ncolour="[0]" size="10.560">至</text>
                <text font="JQUZDQ+SimSun" bbox="407.990,478.480,418.550,489.040" colourspace="ICCBased" ncolour="[0]" size="10.560">少</text>
                <text font="JQUZDQ+SimSun" bbox="418.550,478.480,429.110,489.040" colourspace="ICCBased" ncolour="[0]" size="10.560">一</text>
                <text font="JQUZDQ+SimSun" bbox="428.869,478.480,439.429,489.040" colourspace="ICCBased" ncolour="[0]" size="10.560">支</text>
                <text font="JQUZDQ+SimSun" bbox="439.429,478.480,449.989,489.040" colourspace="ICCBased" ncolour="[0]" size="10.560">血</text>
                <text font="JQUZDQ+SimSun" bbox="449.750,478.480,460.310,489.040" colourspace="ICCBased" ncolour="[0]" size="10.560">管</text>
                <text font="JQUZDQ+SimSun" bbox="460.310,478.480,470.870,489.040" colourspace="ICCBased" ncolour="[0]" size="10.560">管</text>
                <text font="JQUZDQ+SimSun" bbox="470.870,478.480,481.430,489.040" colourspace="ICCBased" ncolour="[0]" size="10.560">腔</text>
                <text font="JQUZDQ+SimSun" bbox="481.430,478.480,491.990,489.040" colourspace="ICCBased" ncolour="[0]" size="10.560">堵</text>
                <text font="JQUZDQ+SimSun" bbox="491.990,478.480,502.550,489.040" colourspace="ICCBased" ncolour="[0]" size="10.560">塞</text>
                <text> </text>
                <text font="JTTPDQ+SimSun" bbox="505.188,478.480,510.468,489.040" colourspace="ICCBased" ncolour="[0]" size="10.560">7</text>
                <text font="JTTPDQ+SimSun" bbox="510.226,478.480,515.506,489.040" colourspace="ICCBased" ncolour="[0]" size="10.560">5</text>
                <text font="JTTPDQ+SimSun" bbox="515.506,478.480,520.786,489.040" colourspace="ICCBased" ncolour="[0]" size="10.560">%</text>
                <text font="JQUZDQ+SimSun" bbox="520.800,478.469,531.360,489.029" colourspace="ICCBased" ncolour="[0]" size="10.560">以</text>
                <text font="JQUZDQ+SimSun" bbox="531.360,478.469,541.920,489.029" colourspace="ICCBased" ncolour="[0]" size="10.560">上</text>
                <text font="JQUZDQ+SimSun" bbox="541.920,478.469,552.480,489.029" colourspace="ICCBased" ncolour="[0]" size="10.560">，</text>
                <text>
                </text>
            </textline>
        </textbox>
        <textbox id="25" bbox="236.640,462.869,396.957,473.429">
            <textline bbox="236.640,462.869,396.957,473.429">
                <text font="JQUZDQ+SimSun" bbox="236.640,462.869,247.200,473.429" colourspace="ICCBased" ncolour="[0]" size="10.560">其</text>
                <text font="JQUZDQ+SimSun" bbox="247.200,462.869,257.760,473.429" colourspace="ICCBased" ncolour="[0]" size="10.560">他</text>
                <text font="JQUZDQ+SimSun" bbox="257.760,462.869,268.320,473.429" colourspace="ICCBased" ncolour="[0]" size="10.560">两</text>
                <text font="JQUZDQ+SimSun" bbox="268.320,462.869,278.880,473.429" colourspace="ICCBased" ncolour="[0]" size="10.560">支</text>
                <text font="JQUZDQ+SimSun" bbox="278.880,462.869,289.440,473.429" colourspace="ICCBased" ncolour="[0]" size="10.560">血</text>
                <text font="JQUZDQ+SimSun" bbox="289.200,462.869,299.760,473.429" colourspace="ICCBased" ncolour="[0]" size="10.560">管</text>
                <text font="JQUZDQ+SimSun" bbox="299.760,462.869,310.320,473.429" colourspace="ICCBased" ncolour="[0]" size="10.560">管</text>
                <text font="JQUZDQ+SimSun" bbox="310.320,462.869,320.880,473.429" colourspace="ICCBased" ncolour="[0]" size="10.560">腔</text>
                <text font="JQUZDQ+SimSun" bbox="320.880,462.869,331.440,473.429" colourspace="ICCBased" ncolour="[0]" size="10.560">堵</text>
                <text font="JQUZDQ+SimSun" bbox="331.200,462.869,341.760,473.429" colourspace="ICCBased" ncolour="[0]" size="10.560">塞</text>
                <text> </text>
                <text font="JTTPDQ+SimSun" bbox="344.400,462.869,349.680,473.429" colourspace="ICCBased" ncolour="[0]" size="10.560">6</text>
                <text font="JTTPDQ+SimSun" bbox="349.680,462.869,354.960,473.429" colourspace="ICCBased" ncolour="[0]" size="10.560">0</text>
                <text font="JTTPDQ+SimSun" bbox="354.960,462.869,360.240,473.429" colourspace="ICCBased" ncolour="[0]" size="10.560">%</text>
                <text font="JQUZDQ+SimSun" bbox="360.240,462.869,370.800,473.429" colourspace="ICCBased" ncolour="[0]" size="10.560">以</text>
                <text font="JQUZDQ+SimSun" bbox="370.557,462.869,381.117,473.429" colourspace="ICCBased" ncolour="[0]" size="10.560">上</text>
                <text font="JQUZDQ+SimSun" bbox="381.117,462.869,391.677,473.429" colourspace="ICCBased" ncolour="[0]" size="10.560">。</text>
                <text font="JTTPDQ+SimSun" bbox="391.677,462.869,396.957,473.429" colourspace="ICCBased" ncolour="[0]" size="10.560"> </text>
                <text>
                </text>
            </textline>
        </textbox>
        <textbox id="26" bbox="210.480,339.509,547.200,457.829">
            <textline bbox="210.480,447.269,547.200,457.829">
                <text font="JQUZDQ+SimSun" bbox="210.480,447.269,221.040,457.829" colourspace="ICCBased" ncolour="[0]" size="10.560">左</text>
                <text font="JQUZDQ+SimSun" bbox="221.040,447.269,231.600,457.829" colourspace="ICCBased" ncolour="[0]" size="10.560">前</text>
                <text font="JQUZDQ+SimSun" bbox="231.600,447.269,242.160,457.829" colourspace="ICCBased" ncolour="[0]" size="10.560">降</text>
                <text font="JQUZDQ+SimSun" bbox="242.160,447.269,252.720,457.829" colourspace="ICCBased" ncolour="[0]" size="10.560">支</text>
                <text font="JQUZDQ+SimSun" bbox="252.720,447.269,263.280,457.829" colourspace="ICCBased" ncolour="[0]" size="10.560">的</text>
                <text font="JQUZDQ+SimSun" bbox="263.280,447.269,273.840,457.829" colourspace="ICCBased" ncolour="[0]" size="10.560">分</text>
                <text font="JQUZDQ+SimSun" bbox="273.840,447.269,284.400,457.829" colourspace="ICCBased" ncolour="[0]" size="10.560">支</text>
                <text font="JQUZDQ+SimSun" bbox="284.160,447.269,294.720,457.829" colourspace="ICCBased" ncolour="[0]" size="10.560">血</text>
                <text font="JQUZDQ+SimSun" bbox="294.720,447.269,305.280,457.829" colourspace="ICCBased" ncolour="[0]" size="10.560">管</text>
                <text font="JQUZDQ+SimSun" bbox="305.280,447.269,315.840,457.829" colourspace="ICCBased" ncolour="[0]" size="10.560">、</text>
                <text font="JQUZDQ+SimSun" bbox="315.840,447.269,326.400,457.829" colourspace="ICCBased" ncolour="[0]" size="10.560">左</text>
                <text font="JQUZDQ+SimSun" bbox="326.400,447.269,336.960,457.829" colourspace="ICCBased" ncolour="[0]" size="10.560">旋</text>
                <text font="JQUZDQ+SimSun" bbox="336.960,447.269,347.520,457.829" colourspace="ICCBased" ncolour="[0]" size="10.560">支</text>
                <text font="JQUZDQ+SimSun" bbox="347.280,447.269,357.840,457.829" colourspace="ICCBased" ncolour="[0]" size="10.560">的</text>
                <text font="JQUZDQ+SimSun" bbox="357.840,447.269,368.400,457.829" colourspace="ICCBased" ncolour="[0]" size="10.560">分</text>
                <text font="JQUZDQ+SimSun" bbox="368.400,447.269,378.960,457.829" colourspace="ICCBased" ncolour="[0]" size="10.560">支</text>
                <text font="JQUZDQ+SimSun" bbox="378.960,447.269,389.520,457.829" colourspace="ICCBased" ncolour="[0]" size="10.560">血</text>
                <text font="JQUZDQ+SimSun" bbox="389.520,447.269,400.080,457.829" colourspace="ICCBased" ncolour="[0]" size="10.560">管</text>
                <text font="JQUZDQ+SimSun" bbox="399.840,447.269,410.400,457.829" colourspace="ICCBased" ncolour="[0]" size="10.560">及</text>
                <text font="JQUZDQ+SimSun" bbox="410.400,447.269,420.960,457.829" colourspace="ICCBased" ncolour="[0]" size="10.560">右</text>
                <text font="JQUZDQ+SimSun" bbox="420.960,447.269,431.520,457.829" colourspace="ICCBased" ncolour="[0]" size="10.560">冠</text>
                <text font="JQUZDQ+SimSun" bbox="431.520,447.269,442.080,457.829" colourspace="ICCBased" ncolour="[0]" size="10.560">状</text>
                <text font="JQUZDQ+SimSun" bbox="442.080,447.269,452.640,457.829" colourspace="ICCBased" ncolour="[0]" size="10.560">动</text>
                <text font="JQUZDQ+SimSun" bbox="452.400,447.269,462.960,457.829" colourspace="ICCBased" ncolour="[0]" size="10.560">脉</text>
                <text font="JQUZDQ+SimSun" bbox="462.960,447.269,473.520,457.829" colourspace="ICCBased" ncolour="[0]" size="10.560">的</text>
                <text font="JQUZDQ+SimSun" bbox="473.520,447.269,484.080,457.829" colourspace="ICCBased" ncolour="[0]" size="10.560">分</text>
                <text font="JQUZDQ+SimSun" bbox="484.080,447.269,494.640,457.829" colourspace="ICCBased" ncolour="[0]" size="10.560">支</text>
                <text font="JQUZDQ+SimSun" bbox="494.640,447.269,505.200,457.829" colourspace="ICCBased" ncolour="[0]" size="10.560">血</text>
                <text font="JQUZDQ+SimSun" bbox="505.200,447.269,515.760,457.829" colourspace="ICCBased" ncolour="[0]" size="10.560">管</text>
                <text font="JQUZDQ+SimSun" bbox="515.760,447.269,526.320,457.829" colourspace="ICCBased" ncolour="[0]" size="10.560">的</text>
                <text font="JQUZDQ+SimSun" bbox="526.080,447.269,536.640,457.829" colourspace="ICCBased" ncolour="[0]" size="10.560">狭</text>
                <text font="JQUZDQ+SimSun" bbox="536.640,447.269,547.200,457.829" colourspace="ICCBased" ncolour="[0]" size="10.560">窄</text>
                <text>
                </text>
            </textline>
            <textline bbox="210.480,431.669,341.760,442.229">
                <text font="JQUZDQ+SimSun" bbox="210.480,431.669,221.040,442.229" colourspace="ICCBased" ncolour="[0]" size="10.560">不</text>
                <text font="JQUZDQ+SimSun" bbox="221.040,431.669,231.600,442.229" colourspace="ICCBased" ncolour="[0]" size="10.560">作</text>
                <text font="JQUZDQ+SimSun" bbox="231.600,431.669,242.160,442.229" colourspace="ICCBased" ncolour="[0]" size="10.560">为</text>
                <text font="JQUZDQ+SimSun" bbox="242.160,431.669,252.720,442.229" colourspace="ICCBased" ncolour="[0]" size="10.560">本</text>
                <text font="JQUZDQ+SimSun" bbox="252.720,431.669,263.280,442.229" colourspace="ICCBased" ncolour="[0]" size="10.560">保</text>
                <text font="JQUZDQ+SimSun" bbox="263.040,431.669,273.600,442.229" colourspace="ICCBased" ncolour="[0]" size="10.560">障</text>
                <text font="JQUZDQ+SimSun" bbox="273.600,431.669,284.160,442.229" colourspace="ICCBased" ncolour="[0]" size="10.560">的</text>
                <text font="JQUZDQ+SimSun" bbox="284.160,431.669,294.720,442.229" colourspace="ICCBased" ncolour="[0]" size="10.560">衡</text>
                <text font="JQUZDQ+SimSun" bbox="294.720,431.669,305.280,442.229" colourspace="ICCBased" ncolour="[0]" size="10.560">量</text>
                <text font="JQUZDQ+SimSun" bbox="305.040,431.669,315.600,442.229" colourspace="ICCBased" ncolour="[0]" size="10.560">指</text>
                <text font="JQUZDQ+SimSun" bbox="315.600,431.669,326.160,442.229" colourspace="ICCBased" ncolour="[0]" size="10.560">标</text>
                <text font="JQUZDQ+SimSun" bbox="326.160,431.669,336.720,442.229" colourspace="ICCBased" ncolour="[0]" size="10.560">。</text>
                <text font="JTTPDQ+SimSun" bbox="336.480,431.669,341.760,442.229" colourspace="ICCBased" ncolour="[0]" size="10.560"> </text>
                <text>
                </text>
            </textline>
            <textline bbox="210.480,416.069,215.760,426.629">
                <text font="JTTPDQ+SimSun" bbox="210.480,416.069,215.760,426.629" colourspace="ICCBased" ncolour="[0]" size="10.560"> </text>
                <text>
                </text>
            </textline>
            <textline bbox="210.480,401.909,547.197,412.469">
                <text font="JQUZDQ+SimSun" bbox="210.480,401.909,221.040,412.469" colourspace="ICCBased" ncolour="[0]" size="10.560">指</text>
                <text font="JQUZDQ+SimSun" bbox="221.040,401.909,231.600,412.469" colourspace="ICCBased" ncolour="[0]" size="10.560">经</text>
                <text font="JQUZDQ+SimSun" bbox="231.600,401.909,242.160,412.469" colourspace="ICCBased" ncolour="[0]" size="10.560">由</text>
                <text font="JQUZDQ+SimSun" bbox="242.160,401.909,252.720,412.469" colourspace="ICCBased" ncolour="[0]" size="10.560">专</text>
                <text font="JQUZDQ+SimSun" bbox="252.720,401.909,263.280,412.469" colourspace="ICCBased" ncolour="[0]" size="10.560">科</text>
                <text font="JQUZDQ+SimSun" bbox="263.040,401.909,273.600,412.469" colourspace="ICCBased" ncolour="[0]" size="10.560">医</text>
                <text font="JQUZDQ+SimSun" bbox="273.600,401.909,284.160,412.469" colourspace="ICCBased" ncolour="[0]" size="10.560">生</text>
                <text font="JQUZDQ+SimSun" bbox="284.160,401.909,294.720,412.469" colourspace="ICCBased" ncolour="[0]" size="10.560">根</text>
                <text font="JQUZDQ+SimSun" bbox="294.720,401.909,305.280,412.469" colourspace="ICCBased" ncolour="[0]" size="10.560">据</text>
                <text font="JQUZDQ+SimSun" bbox="305.040,401.909,315.600,412.469" colourspace="ICCBased" ncolour="[0]" size="10.560">已</text>
                <text font="JQUZDQ+SimSun" bbox="315.600,401.909,326.160,412.469" colourspace="ICCBased" ncolour="[0]" size="10.560">修</text>
                <text font="JQUZDQ+SimSun" bbox="326.160,401.909,336.720,412.469" colourspace="ICCBased" ncolour="[0]" size="10.560">订</text>
                <text font="JQUZDQ+SimSun" bbox="336.720,401.909,347.280,412.469" colourspace="ICCBased" ncolour="[0]" size="10.560">的</text>
                <text> </text>
                <text font="JTTPDQ+SimSun" bbox="350.157,401.909,355.437,412.469" colourspace="ICCBased" ncolour="[0]" size="10.560">J</text>
                <text font="JTTPDQ+SimSun" bbox="355.197,401.909,360.477,412.469" colourspace="ICCBased" ncolour="[0]" size="10.560">o</text>
                <text font="JTTPDQ+SimSun" bbox="360.477,401.909,365.757,412.469" colourspace="ICCBased" ncolour="[0]" size="10.560">n</text>
                <text font="JTTPDQ+SimSun" bbox="365.757,401.909,371.037,412.469" colourspace="ICCBased" ncolour="[0]" size="10.560">e</text>
                <text font="JTTPDQ+SimSun" bbox="371.037,401.909,376.317,412.469" colourspace="ICCBased" ncolour="[0]" size="10.560">s</text>
                <text> </text>
                <text font="JQUZDQ+SimSun" bbox="379.197,401.909,389.757,412.469" colourspace="ICCBased" ncolour="[0]" size="10.560">标</text>
                <text font="JQUZDQ+SimSun" bbox="389.517,401.909,400.077,412.469" colourspace="ICCBased" ncolour="[0]" size="10.560">准</text>
                <text font="JQUZDQ+SimSun" bbox="400.077,401.909,410.637,412.469" colourspace="ICCBased" ncolour="[0]" size="10.560">诊</text>
                <text font="JQUZDQ+SimSun" bbox="410.637,401.909,421.197,412.469" colourspace="ICCBased" ncolour="[0]" size="10.560">断</text>
                <text font="JQUZDQ+SimSun" bbox="421.197,401.909,431.757,412.469" colourspace="ICCBased" ncolour="[0]" size="10.560">证</text>
                <text font="JQUZDQ+SimSun" bbox="431.518,401.909,442.078,412.469" colourspace="ICCBased" ncolour="[0]" size="10.560">实</text>
                <text font="JQUZDQ+SimSun" bbox="442.078,401.909,452.638,412.469" colourspace="ICCBased" ncolour="[0]" size="10.560">罹</text>
                <text font="JQUZDQ+SimSun" bbox="452.397,401.909,462.957,412.469" colourspace="ICCBased" ncolour="[0]" size="10.560">患</text>
                <text font="JQUZDQ+SimSun" bbox="462.957,401.909,473.517,412.469" colourspace="ICCBased" ncolour="[0]" size="10.560">急</text>
                <text font="JQUZDQ+SimSun" bbox="473.517,401.909,484.077,412.469" colourspace="ICCBased" ncolour="[0]" size="10.560">性</text>
                <text font="JQUZDQ+SimSun" bbox="484.077,401.909,494.637,412.469" colourspace="ICCBased" ncolour="[0]" size="10.560">风</text>
                <text font="JQUZDQ+SimSun" bbox="494.637,401.909,505.197,412.469" colourspace="ICCBased" ncolour="[0]" size="10.560">湿</text>
                <text font="JQUZDQ+SimSun" bbox="504.957,401.909,515.517,412.469" colourspace="ICCBased" ncolour="[0]" size="10.560">热</text>
                <text font="JQUZDQ+SimSun" bbox="515.517,401.909,526.077,412.469" colourspace="ICCBased" ncolour="[0]" size="10.560">。</text>
                <text font="JQUZDQ+SimSun" bbox="526.077,401.909,536.637,412.469" colourspace="ICCBased" ncolour="[0]" size="10.560">且</text>
                <text font="JQUZDQ+SimSun" bbox="536.637,401.909,547.197,412.469" colourspace="ICCBased" ncolour="[0]" size="10.560">因</text>
                <text>
                </text>
            </textline>
            <textline bbox="210.480,386.312,547.196,396.872">
                <text font="JQUZDQ+SimSun" bbox="210.480,386.312,221.040,396.872" colourspace="ICCBased" ncolour="[0]" size="10.560">风</text>
                <text font="JQUZDQ+SimSun" bbox="221.040,386.312,231.600,396.872" colourspace="ICCBased" ncolour="[0]" size="10.560">湿</text>
                <text font="JQUZDQ+SimSun" bbox="231.600,386.312,242.160,396.872" colourspace="ICCBased" ncolour="[0]" size="10.560">热</text>
                <text font="JQUZDQ+SimSun" bbox="242.160,386.312,252.720,396.872" colourspace="ICCBased" ncolour="[0]" size="10.560">所</text>
                <text font="JQUZDQ+SimSun" bbox="252.720,386.312,263.280,396.872" colourspace="ICCBased" ncolour="[0]" size="10.560">导</text>
                <text font="JQUZDQ+SimSun" bbox="263.280,386.312,273.840,396.872" colourspace="ICCBased" ncolour="[0]" size="10.560">致</text>
                <text font="JQUZDQ+SimSun" bbox="273.840,386.312,284.400,396.872" colourspace="ICCBased" ncolour="[0]" size="10.560">一</text>
                <text font="JQUZDQ+SimSun" bbox="284.400,386.312,294.960,396.872" colourspace="ICCBased" ncolour="[0]" size="10.560">个</text>
                <text font="JQUZDQ+SimSun" bbox="294.720,386.312,305.280,396.872" colourspace="ICCBased" ncolour="[0]" size="10.560">或</text>
                <text font="JQUZDQ+SimSun" bbox="305.280,386.312,315.840,396.872" colourspace="ICCBased" ncolour="[0]" size="10.560">以</text>
                <text font="JQUZDQ+SimSun" bbox="315.840,386.312,326.400,396.872" colourspace="ICCBased" ncolour="[0]" size="10.560">上</text>
                <text font="JQUZDQ+SimSun" bbox="326.400,386.312,336.960,396.872" colourspace="ICCBased" ncolour="[0]" size="10.560">最</text>
                <text font="JQUZDQ+SimSun" bbox="336.960,386.312,347.520,396.872" colourspace="ICCBased" ncolour="[0]" size="10.560">少</text>
                <text font="JQUZDQ+SimSun" bbox="347.280,386.312,357.840,396.872" colourspace="ICCBased" ncolour="[0]" size="10.560">轻</text>
                <text font="JQUZDQ+SimSun" bbox="357.840,386.312,368.400,396.872" colourspace="ICCBased" ncolour="[0]" size="10.560">度</text>
                <text font="JQUZDQ+SimSun" bbox="368.400,386.312,378.960,396.872" colourspace="ICCBased" ncolour="[0]" size="10.560">心</text>
                <text font="JQUZDQ+SimSun" bbox="378.960,386.312,389.520,396.872" colourspace="ICCBased" ncolour="[0]" size="10.560">脏</text>
                <text font="JQUZDQ+SimSun" bbox="389.520,386.312,400.080,396.872" colourspace="ICCBased" ncolour="[0]" size="10.560">瓣</text>
                <text font="JQUZDQ+SimSun" bbox="399.840,386.312,410.400,396.872" colourspace="ICCBased" ncolour="[0]" size="10.560">膜</text>
                <text font="JQUZDQ+SimSun" bbox="410.400,386.312,420.960,396.872" colourspace="ICCBased" ncolour="[0]" size="10.560">关</text>
                <text font="JQUZDQ+SimSun" bbox="420.960,386.312,431.520,396.872" colourspace="ICCBased" ncolour="[0]" size="10.560">闭</text>
                <text font="JQUZDQ+SimSun" bbox="431.520,386.312,442.080,396.872" colourspace="ICCBased" ncolour="[0]" size="10.560">不</text>
                <text font="JQUZDQ+SimSun" bbox="442.080,386.312,452.640,396.872" colourspace="ICCBased" ncolour="[0]" size="10.560">全</text>
                <text font="JQUZDQ+SimSun" bbox="452.400,386.312,462.960,396.872" colourspace="ICCBased" ncolour="[0]" size="10.560">（</text>
                <text font="JQUZDQ+SimSun" bbox="462.960,386.312,473.520,396.872" colourspace="ICCBased" ncolour="[0]" size="10.560">即</text>
                <text font="JQUZDQ+SimSun" bbox="473.520,386.312,484.080,396.872" colourspace="ICCBased" ncolour="[0]" size="10.560">返</text>
                <text font="JQUZDQ+SimSun" bbox="484.080,386.312,494.640,396.872" colourspace="ICCBased" ncolour="[0]" size="10.560">流</text>
                <text font="JQUZDQ+SimSun" bbox="494.640,386.312,505.200,396.872" colourspace="ICCBased" ncolour="[0]" size="10.560">部</text>
                <text font="JQUZDQ+SimSun" bbox="505.200,386.312,515.760,396.872" colourspace="ICCBased" ncolour="[0]" size="10.560">份</text>
                <text font="JQUZDQ+SimSun" bbox="515.760,386.312,526.320,396.872" colourspace="ICCBased" ncolour="[0]" size="10.560">达</text>
                <text> </text>
                <text font="JTTPDQ+SimSun" bbox="531.356,386.312,536.636,396.872" colourspace="ICCBased" ncolour="[0]" size="10.560">2</text>
                <text font="JTTPDQ+SimSun" bbox="536.636,386.312,541.916,396.872" colourspace="ICCBased" ncolour="[0]" size="10.560">0</text>
                <text font="JTTPDQ+SimSun" bbox="541.916,386.312,547.196,396.872" colourspace="ICCBased" ncolour="[0]" size="10.560">%</text>
                <text>
                </text>
            </textline>
            <textline bbox="210.480,370.709,547.200,381.275">
                <text font="JQUZDQ+SimSun" bbox="210.480,370.715,221.040,381.275" colourspace="ICCBased" ncolour="[0]" size="10.560">或</text>
                <text font="JQUZDQ+SimSun" bbox="221.040,370.715,231.600,381.275" colourspace="ICCBased" ncolour="[0]" size="10.560">以</text>
                <text font="JQUZDQ+SimSun" bbox="231.600,370.715,242.160,381.275" colourspace="ICCBased" ncolour="[0]" size="10.560">上</text>
                <text font="JQUZDQ+SimSun" bbox="242.160,370.715,252.720,381.275" colourspace="ICCBased" ncolour="[0]" size="10.560">）</text>
                <text font="JQUZDQ+SimSun" bbox="252.000,370.715,262.560,381.275" colourspace="ICCBased" ncolour="[0]" size="10.560">或</text>
                <text font="JQUZDQ+SimSun" bbox="262.560,370.715,273.120,381.275" colourspace="ICCBased" ncolour="[0]" size="10.560">狭</text>
                <text font="JQUZDQ+SimSun" bbox="272.880,370.715,283.440,381.275" colourspace="ICCBased" ncolour="[0]" size="10.560">窄</text>
                <text font="JQUZDQ+SimSun" bbox="283.440,370.715,294.000,381.275" colourspace="ICCBased" ncolour="[0]" size="10.560">的</text>
                <text font="JQUZDQ+SimSun" bbox="294.000,370.715,304.560,381.275" colourspace="ICCBased" ncolour="[0]" size="10.560">心</text>
                <text font="JQUZDQ+SimSun" bbox="304.320,370.715,314.880,381.275" colourspace="ICCBased" ncolour="[0]" size="10.560">瓣</text>
                <text font="JQUZDQ+SimSun" bbox="314.880,370.715,325.440,381.275" colourspace="ICCBased" ncolour="[0]" size="10.560">损</text>
                <text font="JQUZDQ+SimSun" bbox="325.440,370.715,336.000,381.275" colourspace="ICCBased" ncolour="[0]" size="10.560">伤</text>
                <text font="JQUZDQ+SimSun" bbox="335.280,370.715,345.840,381.275" colourspace="ICCBased" ncolour="[0]" size="10.560">（</text>
                <text font="JQUZDQ+SimSun" bbox="345.840,370.715,356.400,381.275" colourspace="ICCBased" ncolour="[0]" size="10.560">即</text>
                <text font="JQUZDQ+SimSun" bbox="356.160,370.715,366.720,381.275" colourspace="ICCBased" ncolour="[0]" size="10.560">心</text>
                <text font="JQUZDQ+SimSun" bbox="366.720,370.715,377.280,381.275" colourspace="ICCBased" ncolour="[0]" size="10.560">脏</text>
                <text font="JQUZDQ+SimSun" bbox="377.280,370.715,387.840,381.275" colourspace="ICCBased" ncolour="[0]" size="10.560">瓣</text>
                <text font="JQUZDQ+SimSun" bbox="387.600,370.715,398.160,381.275" colourspace="ICCBased" ncolour="[0]" size="10.560">面</text>
                <text font="JQUZDQ+SimSun" bbox="398.160,370.715,408.720,381.275" colourspace="ICCBased" ncolour="[0]" size="10.560">积</text>
                <text font="JQUZDQ+SimSun" bbox="408.720,370.715,419.280,381.275" colourspace="ICCBased" ncolour="[0]" size="10.560">为</text>
                <text font="JQUZDQ+SimSun" bbox="419.280,370.715,429.840,381.275" colourspace="ICCBased" ncolour="[0]" size="10.560">正</text>
                <text font="JQUZDQ+SimSun" bbox="429.600,370.715,440.160,381.275" colourspace="ICCBased" ncolour="[0]" size="10.560">常</text>
                <text font="JQUZDQ+SimSun" bbox="440.160,370.715,450.720,381.275" colourspace="ICCBased" ncolour="[0]" size="10.560">值</text>
                <text font="JQUZDQ+SimSun" bbox="450.480,370.715,461.040,381.275" colourspace="ICCBased" ncolour="[0]" size="10.560">的</text>
                <text> </text>
                <text font="JTTPDQ+SimSun" bbox="463.677,370.715,468.957,381.275" colourspace="ICCBased" ncolour="[0]" size="10.560">3</text>
                <text font="JTTPDQ+SimSun" bbox="468.957,370.715,474.237,381.275" colourspace="ICCBased" ncolour="[0]" size="10.560">0</text>
                <text font="JTTPDQ+SimSun" bbox="474.237,370.715,479.517,381.275" colourspace="ICCBased" ncolour="[0]" size="10.560">%</text>
                <text font="JQUZDQ+SimSun" bbox="479.520,370.709,490.080,381.269" colourspace="ICCBased" ncolour="[0]" size="10.560">或</text>
                <text font="JQUZDQ+SimSun" bbox="490.080,370.709,500.640,381.269" colourspace="ICCBased" ncolour="[0]" size="10.560">以</text>
                <text font="JQUZDQ+SimSun" bbox="500.640,370.709,511.200,381.269" colourspace="ICCBased" ncolour="[0]" size="10.560">下</text>
                <text font="JQUZDQ+SimSun" bbox="510.960,370.709,521.520,381.269" colourspace="ICCBased" ncolour="[0]" size="10.560">）</text>
                <text font="JQUZDQ+SimSun" bbox="516.240,370.709,526.800,381.269" colourspace="ICCBased" ncolour="[0]" size="10.560">。</text>
                <text font="JQUZDQ+SimSun" bbox="526.080,370.709,536.640,381.269" colourspace="ICCBased" ncolour="[0]" size="10.560">有</text>
                <text font="JQUZDQ+SimSun" bbox="536.640,370.709,547.200,381.269" colourspace="ICCBased" ncolour="[0]" size="10.560">关</text>
                <text>
                </text>
            </textline>
            <textline bbox="210.480,355.109,446.640,365.669">
                <text font="JQUZDQ+SimSun" bbox="210.480,355.109,221.040,365.669" colourspace="ICCBased" ncolour="[0]" size="10.560">诊</text>
                <text font="JQUZDQ+SimSun" bbox="221.040,355.109,231.600,365.669" colourspace="ICCBased" ncolour="[0]" size="10.560">断</text>
                <text font="JQUZDQ+SimSun" bbox="231.600,355.109,242.160,365.669" colourspace="ICCBased" ncolour="[0]" size="10.560">须</text>
                <text font="JQUZDQ+SimSun" bbox="242.160,355.109,252.720,365.669" colourspace="ICCBased" ncolour="[0]" size="10.560">由</text>
                <text font="JQUZDQ+SimSun" bbox="252.720,355.109,263.280,365.669" colourspace="ICCBased" ncolour="[0]" size="10.560">专</text>
                <text font="JQUZDQ+SimSun" bbox="263.040,355.109,273.600,365.669" colourspace="ICCBased" ncolour="[0]" size="10.560">科</text>
                <text font="JQUZDQ+SimSun" bbox="273.600,355.109,284.160,365.669" colourspace="ICCBased" ncolour="[0]" size="10.560">医</text>
                <text font="JQUZDQ+SimSun" bbox="284.160,355.109,294.720,365.669" colourspace="ICCBased" ncolour="[0]" size="10.560">生</text>
                <text font="JQUZDQ+SimSun" bbox="294.720,355.109,305.280,365.669" colourspace="ICCBased" ncolour="[0]" size="10.560">根</text>
                <text font="JQUZDQ+SimSun" bbox="305.040,355.109,315.600,365.669" colourspace="ICCBased" ncolour="[0]" size="10.560">据</text>
                <text font="JQUZDQ+SimSun" bbox="315.600,355.109,326.160,365.669" colourspace="ICCBased" ncolour="[0]" size="10.560">心</text>
                <text font="JQUZDQ+SimSun" bbox="326.160,355.109,336.720,365.669" colourspace="ICCBased" ncolour="[0]" size="10.560">瓣</text>
                <text font="JQUZDQ+SimSun" bbox="336.720,355.109,347.280,365.669" colourspace="ICCBased" ncolour="[0]" size="10.560">功</text>
                <text font="JQUZDQ+SimSun" bbox="347.040,355.109,357.600,365.669" colourspace="ICCBased" ncolour="[0]" size="10.560">能</text>
                <text font="JQUZDQ+SimSun" bbox="357.600,355.109,368.160,365.669" colourspace="ICCBased" ncolour="[0]" size="10.560">的</text>
                <text font="JQUZDQ+SimSun" bbox="368.160,355.109,378.720,365.669" colourspace="ICCBased" ncolour="[0]" size="10.560">定</text>
                <text font="JQUZDQ+SimSun" bbox="378.720,355.109,389.280,365.669" colourspace="ICCBased" ncolour="[0]" size="10.560">量</text>
                <text font="JQUZDQ+SimSun" bbox="389.040,355.109,399.600,365.669" colourspace="ICCBased" ncolour="[0]" size="10.560">检</text>
                <text font="JQUZDQ+SimSun" bbox="399.600,355.109,410.160,365.669" colourspace="ICCBased" ncolour="[0]" size="10.560">查</text>
                <text font="JQUZDQ+SimSun" bbox="410.160,355.109,420.720,365.669" colourspace="ICCBased" ncolour="[0]" size="10.560">证</text>
                <text font="JQUZDQ+SimSun" bbox="420.720,355.109,431.280,365.669" colourspace="ICCBased" ncolour="[0]" size="10.560">实</text>
                <text font="JQUZDQ+SimSun" bbox="431.040,355.109,441.600,365.669" colourspace="ICCBased" ncolour="[0]" size="10.560">。</text>
                <text font="JTTPDQ+SimSun" bbox="441.360,355.109,446.640,365.669" colourspace="ICCBased" ncolour="[0]" size="10.560"> </text>
                <text>
                </text>
            </textline>
            <textline bbox="210.480,339.509,215.760,350.069">
                <text font="JTTPDQ+SimSun" bbox="210.480,339.509,215.760,350.069" colourspace="ICCBased" ncolour="[0]" size="10.560"> </text>
                <text>
                </text>
            </textline>
        </textbox>
        <textbox id="27" bbox="210.480,306.869,363.360,333.029">
            <textline bbox="210.480,322.469,363.360,333.029">
                <text font="JQUZDQ+SimSun" bbox="210.480,322.469,221.040,333.029" colourspace="ICCBased" ncolour="[0]" size="10.560">与</text>
                <text font="JQUZDQ+SimSun" bbox="221.040,322.469,231.600,333.029" colourspace="ICCBased" ncolour="[0]" size="10.560">器</text>
                <text font="JQUZDQ+SimSun" bbox="231.600,322.469,242.160,333.029" colourspace="ICCBased" ncolour="[0]" size="10.560">官</text>
                <text font="JQUZDQ+SimSun" bbox="242.160,322.469,252.720,333.029" colourspace="ICCBased" ncolour="[0]" size="10.560">功</text>
                <text font="JQUZDQ+SimSun" bbox="252.720,322.469,263.280,333.029" colourspace="ICCBased" ncolour="[0]" size="10.560">能</text>
                <text font="JQUZDQ+SimSun" bbox="263.280,322.469,273.840,333.029" colourspace="ICCBased" ncolour="[0]" size="10.560">严</text>
                <text font="JQUZDQ+SimSun" bbox="273.840,322.469,284.400,333.029" colourspace="ICCBased" ncolour="[0]" size="10.560">重</text>
                <text font="JQUZDQ+SimSun" bbox="284.400,322.469,294.960,333.029" colourspace="ICCBased" ncolour="[0]" size="10.560">受</text>
                <text font="JQUZDQ+SimSun" bbox="294.960,322.469,305.520,333.029" colourspace="ICCBased" ncolour="[0]" size="10.560">损</text>
                <text font="JQUZDQ+SimSun" bbox="305.520,322.469,316.080,333.029" colourspace="ICCBased" ncolour="[0]" size="10.560">相</text>
                <text font="JQUZDQ+SimSun" bbox="316.080,322.469,326.640,333.029" colourspace="ICCBased" ncolour="[0]" size="10.560">关</text>
                <text font="JQUZDQ+SimSun" bbox="326.640,322.469,337.200,333.029" colourspace="ICCBased" ncolour="[0]" size="10.560">的</text>
                <text font="JQUZDQ+SimSun" bbox="337.200,322.469,347.760,333.029" colourspace="ICCBased" ncolour="[0]" size="10.560">疾</text>
                <text font="JQUZDQ+SimSun" bbox="347.760,322.469,358.320,333.029" colourspace="ICCBased" ncolour="[0]" size="10.560">病</text>
                <text font="JTTPDQ+SimSun" bbox="358.080,322.469,363.360,333.029" colourspace="ICCBased" ncolour="[0]" size="10.560"> </text>
                <text>
                </text>
            </textline>
            <textline bbox="210.480,306.869,215.760,317.429">
                <text font="JTTPDQ+SimSun" bbox="210.480,306.869,215.760,317.429" colourspace="ICCBased" ncolour="[0]" size="10.560"> </text>
                <text>
                </text>
            </textline>
        </textbox>
        <textbox id="28" bbox="210.480,180.869,547.200,300.629">
            <textline bbox="210.480,290.069,547.200,300.629">
                <text font="JQUZDQ+SimSun" bbox="210.480,290.069,221.040,300.629" colourspace="ICCBased" ncolour="[0]" size="10.560">指</text>
                <text font="JQUZDQ+SimSun" bbox="221.040,290.069,231.600,300.629" colourspace="ICCBased" ncolour="[0]" size="10.560">因</text>
                <text font="JQUZDQ+SimSun" bbox="231.600,290.069,242.160,300.629" colourspace="ICCBased" ncolour="[0]" size="10.560">骨</text>
                <text font="JQUZDQ+SimSun" bbox="242.160,290.069,252.720,300.629" colourspace="ICCBased" ncolour="[0]" size="10.560">髓</text>
                <text font="JQUZDQ+SimSun" bbox="252.720,290.069,263.280,300.629" colourspace="ICCBased" ncolour="[0]" size="10.560">造</text>
                <text font="JQUZDQ+SimSun" bbox="263.280,290.069,273.840,300.629" colourspace="ICCBased" ncolour="[0]" size="10.560">血</text>
                <text font="JQUZDQ+SimSun" bbox="273.840,290.069,284.400,300.629" colourspace="ICCBased" ncolour="[0]" size="10.560">功</text>
                <text font="JQUZDQ+SimSun" bbox="284.160,290.069,294.720,300.629" colourspace="ICCBased" ncolour="[0]" size="10.560">能</text>
                <text font="JQUZDQ+SimSun" bbox="294.720,290.069,305.280,300.629" colourspace="ICCBased" ncolour="[0]" size="10.560">慢</text>
                <text font="JQUZDQ+SimSun" bbox="305.280,290.069,315.840,300.629" colourspace="ICCBased" ncolour="[0]" size="10.560">性</text>
                <text font="JQUZDQ+SimSun" bbox="315.840,290.069,326.400,300.629" colourspace="ICCBased" ncolour="[0]" size="10.560">持</text>
                <text font="JQUZDQ+SimSun" bbox="326.400,290.069,336.960,300.629" colourspace="ICCBased" ncolour="[0]" size="10.560">续</text>
                <text font="JQUZDQ+SimSun" bbox="336.960,290.069,347.520,300.629" colourspace="ICCBased" ncolour="[0]" size="10.560">性</text>
                <text font="JQUZDQ+SimSun" bbox="347.280,290.069,357.840,300.629" colourspace="ICCBased" ncolour="[0]" size="10.560">衰</text>
                <text font="JQUZDQ+SimSun" bbox="357.840,290.069,368.400,300.629" colourspace="ICCBased" ncolour="[0]" size="10.560">竭</text>
                <text font="JQUZDQ+SimSun" bbox="368.400,290.069,378.960,300.629" colourspace="ICCBased" ncolour="[0]" size="10.560">导</text>
                <text font="JQUZDQ+SimSun" bbox="378.960,290.069,389.520,300.629" colourspace="ICCBased" ncolour="[0]" size="10.560">致</text>
                <text font="JQUZDQ+SimSun" bbox="389.520,290.069,400.080,300.629" colourspace="ICCBased" ncolour="[0]" size="10.560">的</text>
                <text font="JQUZDQ+SimSun" bbox="399.840,290.069,410.400,300.629" colourspace="ICCBased" ncolour="[0]" size="10.560">贫</text>
                <text font="JQUZDQ+SimSun" bbox="410.400,290.069,420.960,300.629" colourspace="ICCBased" ncolour="[0]" size="10.560">血</text>
                <text font="JQUZDQ+SimSun" bbox="420.960,290.069,431.520,300.629" colourspace="ICCBased" ncolour="[0]" size="10.560">、</text>
                <text font="JQUZDQ+SimSun" bbox="431.520,290.069,442.080,300.629" colourspace="ICCBased" ncolour="[0]" size="10.560">中</text>
                <text font="JQUZDQ+SimSun" bbox="442.080,290.069,452.640,300.629" colourspace="ICCBased" ncolour="[0]" size="10.560">性</text>
                <text font="JQUZDQ+SimSun" bbox="452.400,290.069,462.960,300.629" colourspace="ICCBased" ncolour="[0]" size="10.560">粒</text>
                <text font="JQUZDQ+SimSun" bbox="462.960,290.069,473.520,300.629" colourspace="ICCBased" ncolour="[0]" size="10.560">细</text>
                <text font="JQUZDQ+SimSun" bbox="473.520,290.069,484.080,300.629" colourspace="ICCBased" ncolour="[0]" size="10.560">胞</text>
                <text font="JQUZDQ+SimSun" bbox="484.080,290.069,494.640,300.629" colourspace="ICCBased" ncolour="[0]" size="10.560">减</text>
                <text font="JQUZDQ+SimSun" bbox="494.640,290.069,505.200,300.629" colourspace="ICCBased" ncolour="[0]" size="10.560">少</text>
                <text font="JQUZDQ+SimSun" bbox="505.200,290.069,515.760,300.629" colourspace="ICCBased" ncolour="[0]" size="10.560">及</text>
                <text font="JQUZDQ+SimSun" bbox="515.760,290.069,526.320,300.629" colourspace="ICCBased" ncolour="[0]" size="10.560">血</text>
                <text font="JQUZDQ+SimSun" bbox="526.080,290.069,536.640,300.629" colourspace="ICCBased" ncolour="[0]" size="10.560">小</text>
                <text font="JQUZDQ+SimSun" bbox="536.640,290.069,547.200,300.629" colourspace="ICCBased" ncolour="[0]" size="10.560">板</text>
                <text>
                </text>
            </textline>
            <textline bbox="210.480,274.472,357.602,285.032">
                <text font="JQUZDQ+SimSun" bbox="210.480,274.472,221.040,285.032" colourspace="ICCBased" ncolour="[0]" size="10.560">减</text>
                <text font="JQUZDQ+SimSun" bbox="221.040,274.472,231.600,285.032" colourspace="ICCBased" ncolour="[0]" size="10.560">少</text>
                <text font="JQUZDQ+SimSun" bbox="231.600,274.472,242.160,285.032" colourspace="ICCBased" ncolour="[0]" size="10.560">。</text>
                <text font="JQUZDQ+SimSun" bbox="242.160,274.472,252.720,285.032" colourspace="ICCBased" ncolour="[0]" size="10.560">须</text>
                <text font="JQUZDQ+SimSun" bbox="252.720,274.472,263.280,285.032" colourspace="ICCBased" ncolour="[0]" size="10.560">满</text>
                <text font="JQUZDQ+SimSun" bbox="263.040,274.472,273.600,285.032" colourspace="ICCBased" ncolour="[0]" size="10.560">足</text>
                <text font="JQUZDQ+SimSun" bbox="273.600,274.472,284.160,285.032" colourspace="ICCBased" ncolour="[0]" size="10.560">下</text>
                <text font="JQUZDQ+SimSun" bbox="284.160,274.472,294.720,285.032" colourspace="ICCBased" ncolour="[0]" size="10.560">列</text>
                <text font="JQUZDQ+SimSun" bbox="294.720,274.472,305.280,285.032" colourspace="ICCBased" ncolour="[0]" size="10.560">全</text>
                <text font="JQUZDQ+SimSun" bbox="305.040,274.472,315.600,285.032" colourspace="ICCBased" ncolour="[0]" size="10.560">部</text>
                <text font="JQUZDQ+SimSun" bbox="315.600,274.472,326.160,285.032" colourspace="ICCBased" ncolour="[0]" size="10.560">条</text>
                <text font="JQUZDQ+SimSun" bbox="326.160,274.472,336.720,285.032" colourspace="ICCBased" ncolour="[0]" size="10.560">件</text>
                <text font="JQUZDQ+SimSun" bbox="336.720,274.472,347.280,285.032" colourspace="ICCBased" ncolour="[0]" size="10.560">：</text>
                <text font="JTTPDQ+SimSun" bbox="347.280,274.472,352.560,285.032" colourspace="ICCBased" ncolour="[0]" size="10.560"> </text>
                <text font="JTTPDQ+SimSun" bbox="352.322,274.472,357.602,285.032" colourspace="ICCBased" ncolour="[0]" size="10.560"> </text>
                <text>
                </text>
            </textline>
            <textline bbox="210.480,258.875,436.316,269.435">
                <text font="JQUZDQ+SimSun" bbox="210.480,258.875,221.040,269.435" colourspace="ICCBased" ncolour="[0]" size="10.560">（</text>
                <text font="JTTPDQ+SimSun" bbox="221.040,258.875,226.320,269.435" colourspace="ICCBased" ncolour="[0]" size="10.560">1</text>
                <text font="JQUZDQ+SimSun" bbox="226.320,258.875,236.880,269.435" colourspace="ICCBased" ncolour="[0]" size="10.560">）</text>
                <text font="JQUZDQ+SimSun" bbox="236.880,258.875,247.440,269.435" colourspace="ICCBased" ncolour="[0]" size="10.560">骨</text>
                <text font="JQUZDQ+SimSun" bbox="247.440,258.875,258.000,269.435" colourspace="ICCBased" ncolour="[0]" size="10.560">髓</text>
                <text font="JQUZDQ+SimSun" bbox="258.000,258.875,268.560,269.435" colourspace="ICCBased" ncolour="[0]" size="10.560">穿</text>
                <text font="JQUZDQ+SimSun" bbox="268.320,258.875,278.880,269.435" colourspace="ICCBased" ncolour="[0]" size="10.560">刺</text>
                <text font="JQUZDQ+SimSun" bbox="278.880,258.875,289.440,269.435" colourspace="ICCBased" ncolour="[0]" size="10.560">检</text>
                <text font="JQUZDQ+SimSun" bbox="289.440,258.875,300.000,269.435" colourspace="ICCBased" ncolour="[0]" size="10.560">查</text>
                <text font="JQUZDQ+SimSun" bbox="300.000,258.875,310.560,269.435" colourspace="ICCBased" ncolour="[0]" size="10.560">或</text>
                <text font="JQUZDQ+SimSun" bbox="310.320,258.875,320.880,269.435" colourspace="ICCBased" ncolour="[0]" size="10.560">骨</text>
                <text font="JQUZDQ+SimSun" bbox="320.880,258.875,331.440,269.435" colourspace="ICCBased" ncolour="[0]" size="10.560">髓</text>
                <text font="JQUZDQ+SimSun" bbox="331.440,258.875,342.000,269.435" colourspace="ICCBased" ncolour="[0]" size="10.560">活</text>
                <text font="JQUZDQ+SimSun" bbox="342.000,258.875,352.560,269.435" colourspace="ICCBased" ncolour="[0]" size="10.560">检</text>
                <text font="JQUZDQ+SimSun" bbox="352.320,258.875,362.880,269.435" colourspace="ICCBased" ncolour="[0]" size="10.560">结</text>
                <text font="JQUZDQ+SimSun" bbox="362.880,258.875,373.440,269.435" colourspace="ICCBased" ncolour="[0]" size="10.560">果</text>
                <text font="JQUZDQ+SimSun" bbox="373.440,258.875,384.000,269.435" colourspace="ICCBased" ncolour="[0]" size="10.560">支</text>
                <text font="JQUZDQ+SimSun" bbox="384.000,258.875,394.560,269.435" colourspace="ICCBased" ncolour="[0]" size="10.560">持</text>
                <text font="JQUZDQ+SimSun" bbox="394.320,258.875,404.880,269.435" colourspace="ICCBased" ncolour="[0]" size="10.560">诊</text>
                <text font="JQUZDQ+SimSun" bbox="404.880,258.875,415.440,269.435" colourspace="ICCBased" ncolour="[0]" size="10.560">断</text>
                <text font="JQUZDQ+SimSun" bbox="415.440,258.875,426.000,269.435" colourspace="ICCBased" ncolour="[0]" size="10.560">；</text>
                <text font="JTTPDQ+SimSun" bbox="426.000,258.875,431.280,269.435" colourspace="ICCBased" ncolour="[0]" size="10.560"> </text>
                <text font="JTTPDQ+SimSun" bbox="431.036,258.875,436.316,269.435" colourspace="ICCBased" ncolour="[0]" size="10.560"> </text>
                <text>
                </text>
            </textline>
            <textline bbox="210.480,243.277,394.319,253.837">
                <text font="JQUZDQ+SimSun" bbox="210.480,243.277,221.040,253.837" colourspace="ICCBased" ncolour="[0]" size="10.560">（</text>
                <text font="JTTPDQ+SimSun" bbox="221.040,243.277,226.320,253.837" colourspace="ICCBased" ncolour="[0]" size="10.560">2</text>
                <text font="JQUZDQ+SimSun" bbox="226.320,243.277,236.880,253.837" colourspace="ICCBased" ncolour="[0]" size="10.560">）</text>
                <text font="JQUZDQ+SimSun" bbox="236.880,243.277,247.440,253.837" colourspace="ICCBased" ncolour="[0]" size="10.560">外</text>
                <text font="JQUZDQ+SimSun" bbox="247.440,243.277,258.000,253.837" colourspace="ICCBased" ncolour="[0]" size="10.560">周</text>
                <text font="JQUZDQ+SimSun" bbox="258.000,243.277,268.560,253.837" colourspace="ICCBased" ncolour="[0]" size="10.560">血</text>
                <text font="JQUZDQ+SimSun" bbox="268.320,243.277,278.880,253.837" colourspace="ICCBased" ncolour="[0]" size="10.560">象</text>
                <text font="JQUZDQ+SimSun" bbox="278.880,243.277,289.440,253.837" colourspace="ICCBased" ncolour="[0]" size="10.560">须</text>
                <text font="JQUZDQ+SimSun" bbox="289.440,243.277,300.000,253.837" colourspace="ICCBased" ncolour="[0]" size="10.560">具</text>
                <text font="JQUZDQ+SimSun" bbox="300.000,243.277,310.560,253.837" colourspace="ICCBased" ncolour="[0]" size="10.560">备</text>
                <text font="JQUZDQ+SimSun" bbox="310.320,243.277,320.880,253.837" colourspace="ICCBased" ncolour="[0]" size="10.560">以</text>
                <text font="JQUZDQ+SimSun" bbox="320.880,243.277,331.440,253.837" colourspace="ICCBased" ncolour="[0]" size="10.560">下</text>
                <text font="JQUZDQ+SimSun" bbox="331.440,243.277,342.000,253.837" colourspace="ICCBased" ncolour="[0]" size="10.560">三</text>
                <text font="JQUZDQ+SimSun" bbox="342.000,243.277,352.560,253.837" colourspace="ICCBased" ncolour="[0]" size="10.560">项</text>
                <text font="JQUZDQ+SimSun" bbox="352.320,243.277,362.880,253.837" colourspace="ICCBased" ncolour="[0]" size="10.560">条</text>
                <text font="JQUZDQ+SimSun" bbox="362.880,243.277,373.440,253.837" colourspace="ICCBased" ncolour="[0]" size="10.560">件</text>
                <text font="JQUZDQ+SimSun" bbox="373.440,243.277,384.000,253.837" colourspace="ICCBased" ncolour="[0]" size="10.560">：</text>
                <text font="JTTPDQ+SimSun" bbox="384.000,243.277,389.280,253.837" colourspace="ICCBased" ncolour="[0]" size="10.560"> </text>
                <text font="JTTPDQ+SimSun" bbox="389.039,243.277,394.319,253.837" colourspace="ICCBased" ncolour="[0]" size="10.560"> </text>
                <text>
                </text>
            </textline>
            <textline bbox="215.760,227.669,402.234,239.440">
                <text font="JQUZDQ+SimSun" bbox="215.760,227.680,226.320,238.240" colourspace="ICCBased" ncolour="[0]" size="10.560">①</text>
                <text font="JTTPDQ+SimSun" bbox="226.320,227.680,231.600,238.240" colourspace="ICCBased" ncolour="[0]" size="10.560"> </text>
                <text font="JTTPDQ+SimSun" bbox="231.600,227.680,236.880,238.240" colourspace="ICCBased" ncolour="[0]" size="10.560"> </text>
                <text font="JQUZDQ+SimSun" bbox="236.880,227.680,247.440,238.240" colourspace="ICCBased" ncolour="[0]" size="10.560">中</text>
                <text font="JQUZDQ+SimSun" bbox="247.440,227.680,258.000,238.240" colourspace="ICCBased" ncolour="[0]" size="10.560">性</text>
                <text font="JQUZDQ+SimSun" bbox="258.000,227.680,268.560,238.240" colourspace="ICCBased" ncolour="[0]" size="10.560">粒</text>
                <text font="JQUZDQ+SimSun" bbox="268.320,227.680,278.880,238.240" colourspace="ICCBased" ncolour="[0]" size="10.560">细</text>
                <text font="JQUZDQ+SimSun" bbox="278.880,227.680,289.440,238.240" colourspace="ICCBased" ncolour="[0]" size="10.560">胞</text>
                <text font="JQUZDQ+SimSun" bbox="289.440,227.680,300.000,238.240" colourspace="ICCBased" ncolour="[0]" size="10.560">绝</text>
                <text font="JQUZDQ+SimSun" bbox="300.000,227.680,310.560,238.240" colourspace="ICCBased" ncolour="[0]" size="10.560">对</text>
                <text font="JQUZDQ+SimSun" bbox="310.320,227.680,320.880,238.240" colourspace="ICCBased" ncolour="[0]" size="10.560">值</text>
                <text font="JQUZDQ+SimSun" bbox="320.880,227.680,331.440,238.240" colourspace="ICCBased" ncolour="[0]" size="10.560">≤</text>
                <text font="JTTPDQ+SimSun" bbox="331.440,227.680,336.720,238.240" colourspace="ICCBased" ncolour="[0]" size="10.560">0</text>
                <text font="JTTPDQ+SimSun" bbox="336.720,227.680,342.000,238.240" colourspace="ICCBased" ncolour="[0]" size="10.560">.</text>
                <text font="JTTPDQ+SimSun" bbox="342.000,227.680,347.280,238.240" colourspace="ICCBased" ncolour="[0]" size="10.560">5</text>
                <text font="JTTPDQ+SimSun" bbox="347.280,227.680,357.840,238.240" colourspace="ICCBased" ncolour="[0]" size="10.560">×</text>
                <text font="JTTPDQ+SimSun" bbox="357.602,227.680,362.882,238.240" colourspace="ICCBased" ncolour="[0]" size="10.560">1</text>
                <text font="JTTPDQ+SimSun" bbox="362.882,227.680,368.162,238.240" colourspace="ICCBased" ncolour="[0]" size="10.560">0</text>
                <text font="JTTPDQ+SimSun" bbox="368.160,233.920,370.920,239.440" colourspace="ICCBased" ncolour="[0]" size="5.520">9</text>
                <text font="JTTPDQ+SimSun" bbox="371.040,227.669,376.320,238.229" colourspace="ICCBased" ncolour="[0]" size="10.560">/</text>
                <text font="JTTPDQ+SimSun" bbox="376.077,227.669,381.357,238.229" colourspace="ICCBased" ncolour="[0]" size="10.560">L</text>
                <text font="JQUZDQ+SimSun" bbox="381.357,227.669,391.917,238.229" colourspace="ICCBased" ncolour="[0]" size="10.560">；</text>
                <text font="JTTPDQ+SimSun" bbox="391.917,227.669,397.197,238.229" colourspace="ICCBased" ncolour="[0]" size="10.560"> </text>
                <text font="JTTPDQ+SimSun" bbox="396.954,227.669,402.234,238.229" colourspace="ICCBased" ncolour="[0]" size="10.560"> </text>
                <text>
                </text>
            </textline>
            <textline bbox="215.755,212.072,331.197,222.632">
                <text font="JQUZDQ+SimSun" bbox="215.755,212.072,226.315,222.632" colourspace="ICCBased" ncolour="[0]" size="10.560">②</text>
                <text font="JTTPDQ+SimSun" bbox="226.315,212.072,231.595,222.632" colourspace="ICCBased" ncolour="[0]" size="10.560"> </text>
                <text font="JTTPDQ+SimSun" bbox="231.595,212.072,236.875,222.632" colourspace="ICCBased" ncolour="[0]" size="10.560"> </text>
                <text font="JQUZDQ+SimSun" bbox="236.875,212.072,247.435,222.632" colourspace="ICCBased" ncolour="[0]" size="10.560">网</text>
                <text font="JQUZDQ+SimSun" bbox="247.435,212.072,257.995,222.632" colourspace="ICCBased" ncolour="[0]" size="10.560">织</text>
                <text font="JQUZDQ+SimSun" bbox="257.995,212.072,268.555,222.632" colourspace="ICCBased" ncolour="[0]" size="10.560">红</text>
                <text font="JQUZDQ+SimSun" bbox="268.315,212.072,278.875,222.632" colourspace="ICCBased" ncolour="[0]" size="10.560">细</text>
                <text font="JQUZDQ+SimSun" bbox="278.875,212.072,289.435,222.632" colourspace="ICCBased" ncolour="[0]" size="10.560">胞</text>
                <text font="JQUZDQ+SimSun" bbox="289.435,212.072,299.995,222.632" colourspace="ICCBased" ncolour="[0]" size="10.560">＜</text>
                <text font="JTTPDQ+SimSun" bbox="299.995,212.072,305.275,222.632" colourspace="ICCBased" ncolour="[0]" size="10.560">1</text>
                <text font="JTTPDQ+SimSun" bbox="305.275,212.072,310.555,222.632" colourspace="ICCBased" ncolour="[0]" size="10.560">%</text>
                <text font="JQUZDQ+SimSun" bbox="310.320,212.072,320.880,222.632" colourspace="ICCBased" ncolour="[0]" size="10.560">；</text>
                <text font="JTTPDQ+SimSun" bbox="320.880,212.072,326.160,222.632" colourspace="ICCBased" ncolour="[0]" size="10.560"> </text>
                <text font="JTTPDQ+SimSun" bbox="325.917,212.072,331.197,222.632" colourspace="ICCBased" ncolour="[0]" size="10.560"> </text>
                <text>
                </text>
            </textline>
            <textline bbox="215.755,196.469,370.800,208.240">
                <text font="JQUZDQ+SimSun" bbox="215.755,196.475,226.315,207.035" colourspace="ICCBased" ncolour="[0]" size="10.560">③</text>
                <text font="JTTPDQ+SimSun" bbox="226.315,196.475,231.595,207.035" colourspace="ICCBased" ncolour="[0]" size="10.560"> </text>
                <text font="JTTPDQ+SimSun" bbox="231.595,196.475,236.875,207.035" colourspace="ICCBased" ncolour="[0]" size="10.560"> </text>
                <text font="JQUZDQ+SimSun" bbox="236.875,196.475,247.435,207.035" colourspace="ICCBased" ncolour="[0]" size="10.560">血</text>
                <text font="JQUZDQ+SimSun" bbox="247.435,196.475,257.995,207.035" colourspace="ICCBased" ncolour="[0]" size="10.560">小</text>
                <text font="JQUZDQ+SimSun" bbox="257.995,196.475,268.555,207.035" colourspace="ICCBased" ncolour="[0]" size="10.560">板</text>
                <text font="JQUZDQ+SimSun" bbox="268.315,196.475,278.875,207.035" colourspace="ICCBased" ncolour="[0]" size="10.560">绝</text>
                <text font="JQUZDQ+SimSun" bbox="278.875,196.475,289.435,207.035" colourspace="ICCBased" ncolour="[0]" size="10.560">对</text>
                <text font="JQUZDQ+SimSun" bbox="289.435,196.475,299.995,207.035" colourspace="ICCBased" ncolour="[0]" size="10.560">值</text>
                <text font="JQUZDQ+SimSun" bbox="299.995,196.475,310.555,207.035" colourspace="ICCBased" ncolour="[0]" size="10.560">≤</text>
                <text font="JTTPDQ+SimSun" bbox="310.555,196.475,315.835,207.035" colourspace="ICCBased" ncolour="[0]" size="10.560">2</text>
                <text font="JTTPDQ+SimSun" bbox="315.593,196.475,320.873,207.035" colourspace="ICCBased" ncolour="[0]" size="10.560">0</text>
                <text font="JTTPDQ+SimSun" bbox="320.880,196.475,331.440,207.035" colourspace="ICCBased" ncolour="[0]" size="10.560">×</text>
                <text font="JTTPDQ+SimSun" bbox="331.440,196.475,336.720,207.035" colourspace="ICCBased" ncolour="[0]" size="10.560">1</text>
                <text font="JTTPDQ+SimSun" bbox="336.720,196.475,342.000,207.035" colourspace="ICCBased" ncolour="[0]" size="10.560">0</text>
                <text font="JTTPDQ+SimSun" bbox="341.760,202.720,344.520,208.240" colourspace="ICCBased" ncolour="[0]" size="5.520">9</text>
                <text font="JTTPDQ+SimSun" bbox="344.640,196.469,349.920,207.029" colourspace="ICCBased" ncolour="[0]" size="10.560">/</text>
                <text font="JTTPDQ+SimSun" bbox="349.920,196.469,355.200,207.029" colourspace="ICCBased" ncolour="[0]" size="10.560">L</text>
                <text font="JQUZDQ+SimSun" bbox="355.200,196.469,365.760,207.029" colourspace="ICCBased" ncolour="[0]" size="10.560">。</text>
                <text font="JTTPDQ+SimSun" bbox="365.520,196.469,370.800,207.029" colourspace="ICCBased" ncolour="[0]" size="10.560"> </text>
                <text>
                </text>
            </textline>
            <textline bbox="210.480,180.869,215.760,191.429">
                <text font="JTTPDQ+SimSun" bbox="210.480,180.869,215.760,191.429" colourspace="ICCBased" ncolour="[0]" size="10.560"> </text>
                <text>
                </text>
            </textline>
        </textbox>
        <textbox id="29" bbox="210.480,71.669,552.480,174.389">
            <textline bbox="210.480,163.829,547.200,174.389">
                <text font="JQUZDQ+SimSun" bbox="210.480,163.829,221.040,174.389" colourspace="ICCBased" ncolour="[0]" size="10.560">重</text>
                <text font="JQUZDQ+SimSun" bbox="221.040,163.829,231.600,174.389" colourspace="ICCBased" ncolour="[0]" size="10.560">大</text>
                <text font="JQUZDQ+SimSun" bbox="231.600,163.829,242.160,174.389" colourspace="ICCBased" ncolour="[0]" size="10.560">器</text>
                <text font="JQUZDQ+SimSun" bbox="242.160,163.829,252.720,174.389" colourspace="ICCBased" ncolour="[0]" size="10.560">官</text>
                <text font="JQUZDQ+SimSun" bbox="252.720,163.829,263.280,174.389" colourspace="ICCBased" ncolour="[0]" size="10.560">移</text>
                <text font="JQUZDQ+SimSun" bbox="263.280,163.829,273.840,174.389" colourspace="ICCBased" ncolour="[0]" size="10.560">植</text>
                <text font="JQUZDQ+SimSun" bbox="273.840,163.829,284.400,174.389" colourspace="ICCBased" ncolour="[0]" size="10.560">术</text>
                <text font="JQUZDQ+SimSun" bbox="284.160,163.829,294.720,174.389" colourspace="ICCBased" ncolour="[0]" size="10.560">，</text>
                <text font="JQUZDQ+SimSun" bbox="294.720,163.829,305.280,174.389" colourspace="ICCBased" ncolour="[0]" size="10.560">指</text>
                <text font="JQUZDQ+SimSun" bbox="305.280,163.829,315.840,174.389" colourspace="ICCBased" ncolour="[0]" size="10.560">因</text>
                <text font="JQUZDQ+SimSun" bbox="315.840,163.829,326.400,174.389" colourspace="ICCBased" ncolour="[0]" size="10.560">相</text>
                <text font="JQUZDQ+SimSun" bbox="326.400,163.829,336.960,174.389" colourspace="ICCBased" ncolour="[0]" size="10.560">应</text>
                <text font="JQUZDQ+SimSun" bbox="336.960,163.829,347.520,174.389" colourspace="ICCBased" ncolour="[0]" size="10.560">器</text>
                <text font="JQUZDQ+SimSun" bbox="347.280,163.829,357.840,174.389" colourspace="ICCBased" ncolour="[0]" size="10.560">官</text>
                <text font="JQUZDQ+SimSun" bbox="357.840,163.829,368.400,174.389" colourspace="ICCBased" ncolour="[0]" size="10.560">功</text>
                <text font="JQUZDQ+SimSun" bbox="368.400,163.829,378.960,174.389" colourspace="ICCBased" ncolour="[0]" size="10.560">能</text>
                <text font="JQUZDQ+SimSun" bbox="378.960,163.829,389.520,174.389" colourspace="ICCBased" ncolour="[0]" size="10.560">衰</text>
                <text font="JQUZDQ+SimSun" bbox="389.520,163.829,400.080,174.389" colourspace="ICCBased" ncolour="[0]" size="10.560">竭</text>
                <text font="JQUZDQ+SimSun" bbox="399.840,163.829,410.400,174.389" colourspace="ICCBased" ncolour="[0]" size="10.560">，</text>
                <text font="JQUZDQ+SimSun" bbox="410.400,163.829,420.960,174.389" colourspace="ICCBased" ncolour="[0]" size="10.560">已</text>
                <text font="JQUZDQ+SimSun" bbox="420.960,163.829,431.520,174.389" colourspace="ICCBased" ncolour="[0]" size="10.560">经</text>
                <text font="JQUZDQ+SimSun" bbox="431.520,163.829,442.080,174.389" colourspace="ICCBased" ncolour="[0]" size="10.560">实</text>
                <text font="JQUZDQ+SimSun" bbox="442.080,163.829,452.640,174.389" colourspace="ICCBased" ncolour="[0]" size="10.560">施</text>
                <text font="JQUZDQ+SimSun" bbox="452.400,163.829,462.960,174.389" colourspace="ICCBased" ncolour="[0]" size="10.560">了</text>
                <text font="JQUZDQ+SimSun" bbox="462.960,163.829,473.520,174.389" colourspace="ICCBased" ncolour="[0]" size="10.560">肾</text>
                <text font="JQUZDQ+SimSun" bbox="473.520,163.829,484.080,174.389" colourspace="ICCBased" ncolour="[0]" size="10.560">脏</text>
                <text font="JQUZDQ+SimSun" bbox="484.080,163.829,494.640,174.389" colourspace="ICCBased" ncolour="[0]" size="10.560">、</text>
                <text font="JQUZDQ+SimSun" bbox="494.640,163.829,505.200,174.389" colourspace="ICCBased" ncolour="[0]" size="10.560">肝</text>
                <text font="JQUZDQ+SimSun" bbox="505.200,163.829,515.760,174.389" colourspace="ICCBased" ncolour="[0]" size="10.560">脏</text>
                <text font="JQUZDQ+SimSun" bbox="515.760,163.829,526.320,174.389" colourspace="ICCBased" ncolour="[0]" size="10.560">、</text>
                <text font="JQUZDQ+SimSun" bbox="526.080,163.829,536.640,174.389" colourspace="ICCBased" ncolour="[0]" size="10.560">心</text>
                <text font="JQUZDQ+SimSun" bbox="536.640,163.829,547.200,174.389" colourspace="ICCBased" ncolour="[0]" size="10.560">脏</text>
                <text>
                </text>
            </textline>
            <textline bbox="210.480,148.232,336.482,158.792">
                <text font="JQUZDQ+SimSun" bbox="210.480,148.232,221.040,158.792" colourspace="ICCBased" ncolour="[0]" size="10.560">或</text>
                <text font="JQUZDQ+SimSun" bbox="221.040,148.232,231.600,158.792" colourspace="ICCBased" ncolour="[0]" size="10.560">肺</text>
                <text font="JQUZDQ+SimSun" bbox="231.600,148.232,242.160,158.792" colourspace="ICCBased" ncolour="[0]" size="10.560">脏</text>
                <text font="JQUZDQ+SimSun" bbox="242.160,148.232,252.720,158.792" colourspace="ICCBased" ncolour="[0]" size="10.560">的</text>
                <text font="JQUZDQ+SimSun" bbox="252.720,148.232,263.280,158.792" colourspace="ICCBased" ncolour="[0]" size="10.560">异</text>
                <text font="JQUZDQ+SimSun" bbox="263.040,148.232,273.600,158.792" colourspace="ICCBased" ncolour="[0]" size="10.560">体</text>
                <text font="JQUZDQ+SimSun" bbox="273.600,148.232,284.160,158.792" colourspace="ICCBased" ncolour="[0]" size="10.560">移</text>
                <text font="JQUZDQ+SimSun" bbox="284.160,148.232,294.720,158.792" colourspace="ICCBased" ncolour="[0]" size="10.560">植</text>
                <text font="JQUZDQ+SimSun" bbox="294.720,148.232,305.280,158.792" colourspace="ICCBased" ncolour="[0]" size="10.560">手</text>
                <text font="JQUZDQ+SimSun" bbox="305.040,148.232,315.600,158.792" colourspace="ICCBased" ncolour="[0]" size="10.560">术</text>
                <text font="JQUZDQ+SimSun" bbox="315.600,148.232,326.160,158.792" colourspace="ICCBased" ncolour="[0]" size="10.560">。</text>
                <text font="JTTPDQ+SimSun" bbox="326.160,148.232,331.440,158.792" colourspace="ICCBased" ncolour="[0]" size="10.560"> </text>
                <text font="JTTPDQ+SimSun" bbox="331.202,148.232,336.482,158.792" colourspace="ICCBased" ncolour="[0]" size="10.560"> </text>
                <text>
                </text>
            </textline>
            <textline bbox="210.480,132.629,547.200,143.189">
                <text font="JQUZDQ+SimSun" bbox="210.480,132.629,221.040,143.189" colourspace="ICCBased" ncolour="[0]" size="10.560">造</text>
                <text font="JQUZDQ+SimSun" bbox="221.040,132.629,231.600,143.189" colourspace="ICCBased" ncolour="[0]" size="10.560">血</text>
                <text font="JQUZDQ+SimSun" bbox="231.600,132.629,242.160,143.189" colourspace="ICCBased" ncolour="[0]" size="10.560">干</text>
                <text font="JQUZDQ+SimSun" bbox="242.160,132.629,252.720,143.189" colourspace="ICCBased" ncolour="[0]" size="10.560">细</text>
                <text font="JQUZDQ+SimSun" bbox="252.720,132.629,263.280,143.189" colourspace="ICCBased" ncolour="[0]" size="10.560">胞</text>
                <text font="JQUZDQ+SimSun" bbox="263.280,132.629,273.840,143.189" colourspace="ICCBased" ncolour="[0]" size="10.560">移</text>
                <text font="JQUZDQ+SimSun" bbox="273.840,132.629,284.400,143.189" colourspace="ICCBased" ncolour="[0]" size="10.560">植</text>
                <text font="JQUZDQ+SimSun" bbox="284.160,132.629,294.720,143.189" colourspace="ICCBased" ncolour="[0]" size="10.560">术</text>
                <text font="JQUZDQ+SimSun" bbox="294.720,132.629,305.280,143.189" colourspace="ICCBased" ncolour="[0]" size="10.560">，</text>
                <text font="JQUZDQ+SimSun" bbox="305.280,132.629,315.840,143.189" colourspace="ICCBased" ncolour="[0]" size="10.560">指</text>
                <text font="JQUZDQ+SimSun" bbox="315.840,132.629,326.400,143.189" colourspace="ICCBased" ncolour="[0]" size="10.560">因</text>
                <text font="JQUZDQ+SimSun" bbox="326.400,132.629,336.960,143.189" colourspace="ICCBased" ncolour="[0]" size="10.560">造</text>
                <text font="JQUZDQ+SimSun" bbox="336.960,132.629,347.520,143.189" colourspace="ICCBased" ncolour="[0]" size="10.560">血</text>
                <text font="JQUZDQ+SimSun" bbox="347.280,132.629,357.840,143.189" colourspace="ICCBased" ncolour="[0]" size="10.560">功</text>
                <text font="JQUZDQ+SimSun" bbox="357.840,132.629,368.400,143.189" colourspace="ICCBased" ncolour="[0]" size="10.560">能</text>
                <text font="JQUZDQ+SimSun" bbox="368.400,132.629,378.960,143.189" colourspace="ICCBased" ncolour="[0]" size="10.560">损</text>
                <text font="JQUZDQ+SimSun" bbox="378.960,132.629,389.520,143.189" colourspace="ICCBased" ncolour="[0]" size="10.560">害</text>
                <text font="JQUZDQ+SimSun" bbox="389.520,132.629,400.080,143.189" colourspace="ICCBased" ncolour="[0]" size="10.560">或</text>
                <text font="JQUZDQ+SimSun" bbox="399.840,132.629,410.400,143.189" colourspace="ICCBased" ncolour="[0]" size="10.560">造</text>
                <text font="JQUZDQ+SimSun" bbox="410.400,132.629,420.960,143.189" colourspace="ICCBased" ncolour="[0]" size="10.560">血</text>
                <text font="JQUZDQ+SimSun" bbox="420.960,132.629,431.520,143.189" colourspace="ICCBased" ncolour="[0]" size="10.560">系</text>
                <text font="JQUZDQ+SimSun" bbox="431.520,132.629,442.080,143.189" colourspace="ICCBased" ncolour="[0]" size="10.560">统</text>
                <text font="JQUZDQ+SimSun" bbox="442.080,132.629,452.640,143.189" colourspace="ICCBased" ncolour="[0]" size="10.560">恶</text>
                <text font="JQUZDQ+SimSun" bbox="452.400,132.629,462.960,143.189" colourspace="ICCBased" ncolour="[0]" size="10.560">性</text>
                <text font="JQUZDQ+SimSun" bbox="462.960,132.629,473.520,143.189" colourspace="ICCBased" ncolour="[0]" size="10.560">肿</text>
                <text font="JQUZDQ+SimSun" bbox="473.520,132.629,484.080,143.189" colourspace="ICCBased" ncolour="[0]" size="10.560">瘤</text>
                <text font="JQUZDQ+SimSun" bbox="484.080,132.629,494.640,143.189" colourspace="ICCBased" ncolour="[0]" size="10.560">，</text>
                <text font="JQUZDQ+SimSun" bbox="494.640,132.629,505.200,143.189" colourspace="ICCBased" ncolour="[0]" size="10.560">已</text>
                <text font="JQUZDQ+SimSun" bbox="505.200,132.629,515.760,143.189" colourspace="ICCBased" ncolour="[0]" size="10.560">经</text>
                <text font="JQUZDQ+SimSun" bbox="515.760,132.629,526.320,143.189" colourspace="ICCBased" ncolour="[0]" size="10.560">实</text>
                <text font="JQUZDQ+SimSun" bbox="526.080,132.629,536.640,143.189" colourspace="ICCBased" ncolour="[0]" size="10.560">施</text>
                <text font="JQUZDQ+SimSun" bbox="536.640,132.629,547.200,143.189" colourspace="ICCBased" ncolour="[0]" size="10.560">了</text>
                <text>
                </text>
            </textline>
            <textline bbox="210.480,117.029,552.480,127.589">
                <text font="JQUZDQ+SimSun" bbox="210.480,117.029,221.040,127.589" colourspace="ICCBased" ncolour="[0]" size="10.560">造</text>
                <text font="JQUZDQ+SimSun" bbox="221.040,117.029,231.600,127.589" colourspace="ICCBased" ncolour="[0]" size="10.560">血</text>
                <text font="JQUZDQ+SimSun" bbox="231.600,117.029,242.160,127.589" colourspace="ICCBased" ncolour="[0]" size="10.560">干</text>
                <text font="JQUZDQ+SimSun" bbox="242.160,117.029,252.720,127.589" colourspace="ICCBased" ncolour="[0]" size="10.560">细</text>
                <text font="JQUZDQ+SimSun" bbox="252.720,117.029,263.280,127.589" colourspace="ICCBased" ncolour="[0]" size="10.560">胞</text>
                <text font="JQUZDQ+SimSun" bbox="260.880,117.029,271.440,127.589" colourspace="ICCBased" ncolour="[0]" size="10.560">（</text>
                <text font="JQUZDQ+SimSun" bbox="271.200,117.029,281.760,127.589" colourspace="ICCBased" ncolour="[0]" size="10.560">包</text>
                <text font="JQUZDQ+SimSun" bbox="281.760,117.029,292.320,127.589" colourspace="ICCBased" ncolour="[0]" size="10.560">括</text>
                <text font="JQUZDQ+SimSun" bbox="292.320,117.029,302.880,127.589" colourspace="ICCBased" ncolour="[0]" size="10.560">骨</text>
                <text font="JQUZDQ+SimSun" bbox="302.880,117.029,313.440,127.589" colourspace="ICCBased" ncolour="[0]" size="10.560">髓</text>
                <text font="JQUZDQ+SimSun" bbox="313.200,117.029,323.760,127.589" colourspace="ICCBased" ncolour="[0]" size="10.560">造</text>
                <text font="JQUZDQ+SimSun" bbox="323.760,117.029,334.320,127.589" colourspace="ICCBased" ncolour="[0]" size="10.560">血</text>
                <text font="JQUZDQ+SimSun" bbox="334.320,117.029,344.880,127.589" colourspace="ICCBased" ncolour="[0]" size="10.560">干</text>
                <text font="JQUZDQ+SimSun" bbox="344.880,117.029,355.440,127.589" colourspace="ICCBased" ncolour="[0]" size="10.560">细</text>
                <text font="JQUZDQ+SimSun" bbox="355.200,117.029,365.760,127.589" colourspace="ICCBased" ncolour="[0]" size="10.560">胞</text>
                <text font="JQUZDQ+SimSun" bbox="365.760,117.029,376.320,127.589" colourspace="ICCBased" ncolour="[0]" size="10.560">、</text>
                <text font="JQUZDQ+SimSun" bbox="373.920,117.029,384.480,127.589" colourspace="ICCBased" ncolour="[0]" size="10.560">外</text>
                <text font="JQUZDQ+SimSun" bbox="384.480,117.029,395.040,127.589" colourspace="ICCBased" ncolour="[0]" size="10.560">周</text>
                <text font="JQUZDQ+SimSun" bbox="394.801,117.029,405.361,127.589" colourspace="ICCBased" ncolour="[0]" size="10.560">血</text>
                <text font="JQUZDQ+SimSun" bbox="405.361,117.029,415.921,127.589" colourspace="ICCBased" ncolour="[0]" size="10.560">造</text>
                <text font="JQUZDQ+SimSun" bbox="415.921,117.029,426.481,127.589" colourspace="ICCBased" ncolour="[0]" size="10.560">血</text>
                <text font="JQUZDQ+SimSun" bbox="426.481,117.029,437.041,127.589" colourspace="ICCBased" ncolour="[0]" size="10.560">干</text>
                <text font="JQUZDQ+SimSun" bbox="436.800,117.029,447.360,127.589" colourspace="ICCBased" ncolour="[0]" size="10.560">细</text>
                <text font="JQUZDQ+SimSun" bbox="447.120,117.029,457.680,127.589" colourspace="ICCBased" ncolour="[0]" size="10.560">胞</text>
                <text font="JQUZDQ+SimSun" bbox="457.680,117.029,468.240,127.589" colourspace="ICCBased" ncolour="[0]" size="10.560">和</text>
                <text font="JQUZDQ+SimSun" bbox="468.240,117.029,478.800,127.589" colourspace="ICCBased" ncolour="[0]" size="10.560">脐</text>
                <text font="JQUZDQ+SimSun" bbox="478.800,117.029,489.360,127.589" colourspace="ICCBased" ncolour="[0]" size="10.560">血</text>
                <text font="JQUZDQ+SimSun" bbox="489.360,117.029,499.920,127.589" colourspace="ICCBased" ncolour="[0]" size="10.560">造</text>
                <text font="JQUZDQ+SimSun" bbox="499.680,117.029,510.240,127.589" colourspace="ICCBased" ncolour="[0]" size="10.560">血</text>
                <text font="JQUZDQ+SimSun" bbox="510.240,117.029,520.800,127.589" colourspace="ICCBased" ncolour="[0]" size="10.560">干</text>
                <text font="JQUZDQ+SimSun" bbox="520.800,117.029,531.360,127.589" colourspace="ICCBased" ncolour="[0]" size="10.560">细</text>
                <text font="JQUZDQ+SimSun" bbox="531.360,117.029,541.920,127.589" colourspace="ICCBased" ncolour="[0]" size="10.560">胞</text>
                <text font="JQUZDQ+SimSun" bbox="541.920,117.029,552.480,127.589" colourspace="ICCBased" ncolour="[0]" size="10.560">）</text>
                <text>
                </text>
            </textline>
            <textline bbox="210.480,101.429,299.760,111.989">
                <text font="JQUZDQ+SimSun" bbox="210.480,101.429,221.040,111.989" colourspace="ICCBased" ncolour="[0]" size="10.560">的</text>
                <text font="JQUZDQ+SimSun" bbox="221.040,101.429,231.600,111.989" colourspace="ICCBased" ncolour="[0]" size="10.560">异</text>
                <text font="JQUZDQ+SimSun" bbox="231.600,101.429,242.160,111.989" colourspace="ICCBased" ncolour="[0]" size="10.560">体</text>
                <text font="JQUZDQ+SimSun" bbox="242.160,101.429,252.720,111.989" colourspace="ICCBased" ncolour="[0]" size="10.560">移</text>
                <text font="JQUZDQ+SimSun" bbox="252.720,101.429,263.280,111.989" colourspace="ICCBased" ncolour="[0]" size="10.560">植</text>
                <text font="JQUZDQ+SimSun" bbox="263.040,101.429,273.600,111.989" colourspace="ICCBased" ncolour="[0]" size="10.560">手</text>
                <text font="JQUZDQ+SimSun" bbox="273.600,101.429,284.160,111.989" colourspace="ICCBased" ncolour="[0]" size="10.560">术</text>
                <text font="JQUZDQ+SimSun" bbox="284.160,101.429,294.720,111.989" colourspace="ICCBased" ncolour="[0]" size="10.560">。</text>
                <text font="JTTPDQ+SimSun" bbox="294.480,101.429,299.760,111.989" colourspace="ICCBased" ncolour="[0]" size="10.560"> </text>
                <text>
                </text>
            </textline>
            <textline bbox="210.480,85.829,215.760,96.389">
                <text font="JTTPDQ+SimSun" bbox="210.480,85.829,215.760,96.389" colourspace="ICCBased" ncolour="[0]" size="10.560"> </text>
                <text>
                </text>
            </textline>
            <textline bbox="210.480,71.669,547.196,82.229">
                <text font="JQUZDQ+SimSun" bbox="210.480,71.669,221.040,82.229" colourspace="ICCBased" ncolour="[0]" size="10.560">指</text>
                <text font="JQUZDQ+SimSun" bbox="221.040,71.669,231.600,82.229" colourspace="ICCBased" ncolour="[0]" size="10.560">因</text>
                <text font="JQUZDQ+SimSun" bbox="231.600,71.669,242.160,82.229" colourspace="ICCBased" ncolour="[0]" size="10.560">疾</text>
                <text font="JQUZDQ+SimSun" bbox="242.160,71.669,252.720,82.229" colourspace="ICCBased" ncolour="[0]" size="10.560">病</text>
                <text font="JQUZDQ+SimSun" bbox="252.720,71.669,263.280,82.229" colourspace="ICCBased" ncolour="[0]" size="10.560">或</text>
                <text font="JQUZDQ+SimSun" bbox="263.040,71.669,273.600,82.229" colourspace="ICCBased" ncolour="[0]" size="10.560">意</text>
                <text font="JQUZDQ+SimSun" bbox="273.600,71.669,284.160,82.229" colourspace="ICCBased" ncolour="[0]" size="10.560">外</text>
                <text font="JQUZDQ+SimSun" bbox="284.160,71.669,294.720,82.229" colourspace="ICCBased" ncolour="[0]" size="10.560">伤</text>
                <text font="JQUZDQ+SimSun" bbox="294.720,71.669,305.280,82.229" colourspace="ICCBased" ncolour="[0]" size="10.560">害</text>
                <text font="JQUZDQ+SimSun" bbox="305.040,71.669,315.600,82.229" colourspace="ICCBased" ncolour="[0]" size="10.560">导</text>
                <text font="JQUZDQ+SimSun" bbox="315.600,71.669,326.160,82.229" colourspace="ICCBased" ncolour="[0]" size="10.560">致</text>
                <text font="JQUZDQ+SimSun" bbox="326.160,71.669,336.720,82.229" colourspace="ICCBased" ncolour="[0]" size="10.560">双</text>
                <text font="JQUZDQ+SimSun" bbox="336.720,71.669,347.280,82.229" colourspace="ICCBased" ncolour="[0]" size="10.560">耳</text>
                <text font="JQUZDQ+SimSun" bbox="347.040,71.669,357.600,82.229" colourspace="ICCBased" ncolour="[0]" size="10.560">听</text>
                <text font="JQUZDQ+SimSun" bbox="357.600,71.669,368.160,82.229" colourspace="ICCBased" ncolour="[0]" size="10.560">力</text>
                <text font="JQUZDQ+SimSun" bbox="368.160,71.669,378.720,82.229" colourspace="ICCBased" ncolour="[0]" size="10.560">永</text>
                <text font="JQUZDQ+SimSun" bbox="378.720,71.669,389.280,82.229" colourspace="ICCBased" ncolour="[0]" size="10.560">久</text>
                <text font="JQUZDQ+SimSun" bbox="389.040,71.669,399.600,82.229" colourspace="ICCBased" ncolour="[0]" size="10.560">不</text>
                <text font="JQUZDQ+SimSun" bbox="399.600,71.669,410.160,82.229" colourspace="ICCBased" ncolour="[0]" size="10.560">可</text>
                <text font="JQUZDQ+SimSun" bbox="410.160,71.669,420.720,82.229" colourspace="ICCBased" ncolour="[0]" size="10.560">逆</text>
                <text font="JQUZDQ+SimSun" bbox="420.720,71.669,431.280,82.229" colourspace="ICCBased" ncolour="[0]" size="10.560">性</text>
                <text font="JQUZDQ+SimSun" bbox="431.040,71.669,441.600,82.229" colourspace="ICCBased" ncolour="[0]" size="10.560">丧</text>
                <text font="JQUZDQ+SimSun" bbox="441.600,71.669,452.160,82.229" colourspace="ICCBased" ncolour="[0]" size="10.560">失</text>
                <text font="JQUZDQ+SimSun" bbox="451.920,71.669,462.480,82.229" colourspace="ICCBased" ncolour="[0]" size="10.560">，</text>
                <text font="JQUZDQ+SimSun" bbox="462.480,71.669,473.040,82.229" colourspace="ICCBased" ncolour="[0]" size="10.560">在</text>
                <text> </text>
                <text font="JTTPDQ+SimSun" bbox="475.916,71.669,481.196,82.229" colourspace="ICCBased" ncolour="[0]" size="10.560">5</text>
                <text font="JTTPDQ+SimSun" bbox="481.196,71.669,486.476,82.229" colourspace="ICCBased" ncolour="[0]" size="10.560">0</text>
                <text font="JTTPDQ+SimSun" bbox="486.476,71.669,491.756,82.229" colourspace="ICCBased" ncolour="[0]" size="10.560">0</text>
                <text> </text>
                <text font="JQUZDQ+SimSun" bbox="494.639,71.669,505.199,82.229" colourspace="ICCBased" ncolour="[0]" size="10.560">赫</text>
                <text font="JQUZDQ+SimSun" bbox="505.199,71.669,515.759,82.229" colourspace="ICCBased" ncolour="[0]" size="10.560">兹</text>
                <text font="JQUZDQ+SimSun" bbox="515.516,71.669,526.076,82.229" colourspace="ICCBased" ncolour="[0]" size="10.560">、</text>
                <text font="JTTPDQ+SimSun" bbox="526.076,71.669,531.356,82.229" colourspace="ICCBased" ncolour="[0]" size="10.560">1</text>
                <text font="JTTPDQ+SimSun" bbox="531.356,71.669,536.636,82.229" colourspace="ICCBased" ncolour="[0]" size="10.560">0</text>
                <text font="JTTPDQ+SimSun" bbox="536.636,71.669,541.916,82.229" colourspace="ICCBased" ncolour="[0]" size="10.560">0</text>
                <text font="JTTPDQ+SimSun" bbox="541.916,71.669,547.196,82.229" colourspace="ICCBased" ncolour="[0]" size="10.560">0</text>
                <text>
                </text>
            </textline>
        </textbox>
        <rect linewidth="0" bbox="210.480,445.680,546.960,459.600" />
        <rect linewidth="0" bbox="210.480,430.080,336.480,444.000" />
        <layout>
            <textgroup bbox="51.120,70.848,552.480,783.408">
                <textgroup bbox="51.120,70.848,199.680,783.408">
                    <textgroup bbox="63.600,540.048,199.680,783.408">
                        <textbox id="0" bbox="63.600,771.408,184.368,783.408" />
                        <textgroup bbox="63.600,540.048,199.680,673.589">
                            <textgroup bbox="63.600,631.968,199.680,673.589">
                                <textgroup bbox="63.600,648.048,199.680,673.589">
                                    <textbox id="1" bbox="97.440,663.028,100.017,673.588" />
                                    <textbox id="2" bbox="63.600,648.048,199.680,673.589" />
                                </textgroup>
                                <textbox id="3" bbox="97.440,631.968,136.368,643.968" />
                            </textgroup>
                            <textgroup bbox="63.600,540.048,160.368,565.829">
                                <textbox id="4" bbox="97.440,555.268,100.017,565.828" />
                                <textbox id="5" bbox="63.600,540.048,160.368,565.829" />
                            </textgroup>
                        </textgroup>
                    </textgroup>
                    <textgroup bbox="51.120,70.848,199.680,426.629">
                        <textgroup bbox="51.120,273.168,199.680,426.629">
                            <textgroup bbox="63.600,385.248,199.680,426.629">
                                <textgroup bbox="63.600,401.088,199.680,426.629">
                                    <textbox id="6" bbox="97.440,416.068,100.017,426.628" />
                                    <textbox id="7" bbox="63.600,401.088,199.680,426.629" />
                                </textgroup>
                                <textbox id="8" bbox="97.440,385.248,148.368,397.248" />
                            </textgroup>
                            <textgroup bbox="51.120,273.168,199.680,350.069">
                                <textgroup bbox="51.120,273.168,142.257,350.069">
                                    <textgroup bbox="51.120,306.869,56.400,350.069">
                                        <textbox id="9" bbox="51.120,339.509,56.400,350.069" />
                                        <textbox id="10" bbox="51.120,306.869,56.400,333.029" />
                                    </textgroup>
                                    <textgroup bbox="97.440,273.168,142.257,350.068">
                                        <textgroup bbox="97.440,306.869,142.257,350.068">
                                            <textbox id="11" bbox="97.440,339.508,100.017,350.068" />
                                            <textbox id="12" bbox="97.440,306.869,142.257,333.029" />
                                        </textgroup>
                                        <textbox id="13" bbox="97.440,273.168,114.720,285.168" />
                                    </textgroup>
                                </textgroup>
                                <textbox id="14" bbox="63.600,289.248,199.680,301.248" />
                            </textgroup>
                        </textgroup>
                        <textgroup bbox="51.120,70.848,199.680,191.429">
                            <textgroup bbox="63.600,147.168,199.680,191.429">
                                <textbox id="15" bbox="97.440,180.868,100.017,191.428" />
                                <textbox id="16" bbox="63.600,147.168,199.680,191.429" />
                            </textgroup>
                            <textgroup bbox="51.120,70.848,148.368,97.008">
                                <textgroup bbox="51.120,85.008,100.368,97.008">
                                    <textbox id="17" bbox="51.120,85.829,56.400,96.389" />
                                    <textbox id="18" bbox="97.440,85.008,100.368,97.008" />
                                </textgroup>
                                <textbox id="19" bbox="63.600,70.848,148.368,82.848" />
                            </textgroup>
                        </textgroup>
                    </textgroup>
                </textgroup>
                <textgroup bbox="210.469,71.669,552.480,782.789">
                    <textgroup bbox="210.469,339.509,552.480,782.789">
                        <textgroup bbox="210.469,570.869,547.238,782.789">
                            <textbox id="20" bbox="210.469,586.469,547.238,782.789" />
                            <textbox id="21" bbox="236.640,570.869,262.800,581.429" />
                        </textgroup>
                        <textgroup bbox="210.469,339.509,552.480,565.829">
                            <textgroup bbox="210.480,494.077,547.200,565.829">
                                <textbox id="22" bbox="210.480,509.675,547.200,565.829" />
                                <textbox id="23" bbox="236.637,494.077,365.268,504.637" />
                            </textgroup>
                            <textgroup bbox="210.469,339.509,552.480,489.040">
                                <textbox id="24" bbox="210.469,478.469,552.480,489.040" />
                                <textgroup bbox="210.480,339.509,547.200,473.429">
                                    <textbox id="25" bbox="236.640,462.869,396.957,473.429" />
                                    <textbox id="26" bbox="210.480,339.509,547.200,457.829" />
                                </textgroup>
                            </textgroup>
                        </textgroup>
                    </textgroup>
                    <textgroup bbox="210.480,71.669,552.480,333.029">
                        <textbox id="27" bbox="210.480,306.869,363.360,333.029" />
                        <textgroup bbox="210.480,71.669,552.480,300.629">
                            <textbox id="28" bbox="210.480,180.869,547.200,300.629" />
                            <textbox id="29" bbox="210.480,71.669,552.480,174.389" />
                        </textgroup>
                    </textgroup>
                </textgroup>
            </textgroup>
        </layout>
    </page>
    <page id="10" bbox="0.000,0.000,595.200,841.920" rotate="0">
        <textbox id="0" bbox="97.440,709.008,100.368,721.008">
            <textline bbox="97.440,709.008,100.368,721.008">
                <text font="ERELLA+STXinwei" bbox="97.440,709.008,100.368,721.008" colourspace="ICCBased" ncolour="[0]" size="12.000"> </text>
                <text>
                </text>
            </textline>
        </textbox>
        <textbox id="1" bbox="63.600,694.848,199.680,720.389">
            <textline bbox="68.880,709.829,74.160,720.389">
                <text font="JTTPDQ+SimSun" bbox="68.880,709.829,74.160,720.389" colourspace="ICCBased" ncolour="[0]" size="10.560"> </text>
                <text>
                </text>
            </textline>
            <textline bbox="63.600,694.848,199.680,706.848">
                <text font="JTTPDQ+SimSun" bbox="63.600,695.669,68.880,706.229" colourspace="ICCBased" ncolour="[0]" size="10.560">1</text>
                <text font="JTTPDQ+SimSun" bbox="68.880,695.669,74.160,706.229" colourspace="ICCBased" ncolour="[0]" size="10.560">9</text>
                <text font="JTTPDQ+SimSun" bbox="74.160,695.669,79.440,706.229" colourspace="ICCBased" ncolour="[0]" size="10.560"> </text>
                <text> </text>
                <text font="ERELLA+STXinwei" bbox="97.440,694.848,109.440,706.848" colourspace="ICCBased" ncolour="[0]" size="12.000">慢</text>
                <text font="ERELLA+STXinwei" bbox="110.400,694.848,122.400,706.848" colourspace="ICCBased" ncolour="[0]" size="12.000">性</text>
                <text font="ERELLA+STXinwei" bbox="123.360,694.848,135.360,706.848" colourspace="ICCBased" ncolour="[0]" size="12.000">肝</text>
                <text font="ERELLA+STXinwei" bbox="136.080,694.848,148.080,706.848" colourspace="ICCBased" ncolour="[0]" size="12.000">功</text>
                <text font="ERELLA+STXinwei" bbox="149.040,694.848,161.040,706.848" colourspace="ICCBased" ncolour="[0]" size="12.000">能</text>
                <text font="ERELLA+STXinwei" bbox="162.000,694.848,174.000,706.848" colourspace="ICCBased" ncolour="[0]" size="12.000">衰</text>
                <text font="ERELLA+STXinwei" bbox="174.720,694.848,186.720,706.848" colourspace="ICCBased" ncolour="[0]" size="12.000">竭</text>
                <text font="ERELLA+STXinwei" bbox="187.680,694.848,199.680,706.848" colourspace="ICCBased" ncolour="[0]" size="12.000">失</text>
                <text>
                </text>
            </textline>
        </textbox>
        <textbox id="2" bbox="97.440,678.768,136.368,690.768">
            <textline bbox="97.440,678.768,136.368,690.768">
                <text font="ERELLA+STXinwei" bbox="97.440,678.768,109.440,690.768" colourspace="ICCBased" ncolour="[0]" size="12.000">代</text>
                <text font="ERELLA+STXinwei" bbox="109.440,678.768,121.440,690.768" colourspace="ICCBased" ncolour="[0]" size="12.000">偿</text>
                <text font="ERELLA+STXinwei" bbox="121.440,678.768,133.440,690.768" colourspace="ICCBased" ncolour="[0]" size="12.000">期</text>
                <text font="ERELLA+STXinwei" bbox="133.440,678.768,136.368,690.768" colourspace="ICCBased" ncolour="[0]" size="12.000"> </text>
                <text>
                </text>
            </textline>
        </textbox>
        <textbox id="3" bbox="97.440,601.248,100.368,613.248">
            <textline bbox="97.440,601.248,100.368,613.248">
                <text font="ERELLA+STXinwei" bbox="97.440,601.248,100.368,613.248" colourspace="ICCBased" ncolour="[0]" size="12.000"> </text>
                <text>
                </text>
            </textline>
        </textbox>
        <textbox id="4" bbox="63.600,588.288,148.368,612.629">
            <textline bbox="68.880,602.069,74.160,612.629">
                <text font="JTTPDQ+SimSun" bbox="68.880,602.069,74.160,612.629" colourspace="ICCBased" ncolour="[0]" size="10.560"> </text>
                <text>
                </text>
            </textline>
            <textline bbox="63.600,588.288,148.368,600.288">
                <text font="JTTPDQ+SimSun" bbox="63.600,589.109,68.880,599.669" colourspace="ICCBased" ncolour="[0]" size="10.560">2</text>
                <text font="JTTPDQ+SimSun" bbox="68.880,589.109,74.160,599.669" colourspace="ICCBased" ncolour="[0]" size="10.560">0</text>
                <text font="JTTPDQ+SimSun" bbox="74.160,589.109,79.440,599.669" colourspace="ICCBased" ncolour="[0]" size="10.560"> </text>
                <text> </text>
                <text font="ERELLA+STXinwei" bbox="97.440,588.288,109.440,600.288" colourspace="ICCBased" ncolour="[0]" size="12.000">双</text>
                <text font="ERELLA+STXinwei" bbox="109.440,588.288,121.440,600.288" colourspace="ICCBased" ncolour="[0]" size="12.000">目</text>
                <text font="ERELLA+STXinwei" bbox="121.440,588.288,133.440,600.288" colourspace="ICCBased" ncolour="[0]" size="12.000">失</text>
                <text font="ERELLA+STXinwei" bbox="133.440,588.288,145.440,600.288" colourspace="ICCBased" ncolour="[0]" size="12.000">明</text>
                <text font="ERELLA+STXinwei" bbox="145.440,588.288,148.368,600.288" colourspace="ICCBased" ncolour="[0]" size="12.000"> </text>
                <text>
                </text>
            </textline>
        </textbox>
        <textbox id="5" bbox="97.440,494.688,100.368,506.688">
            <textline bbox="97.440,494.688,100.368,506.688">
                <text font="ERELLA+STXinwei" bbox="97.440,494.688,100.368,506.688" colourspace="ICCBased" ncolour="[0]" size="12.000"> </text>
                <text>
                </text>
            </textline>
        </textbox>
        <textbox id="6" bbox="63.600,464.688,199.680,506.069">
            <textline bbox="68.880,495.509,74.160,506.069">
                <text font="JTTPDQ+SimSun" bbox="68.880,495.509,74.160,506.069" colourspace="ICCBased" ncolour="[0]" size="10.560"> </text>
                <text>
                </text>
            </textline>
            <textline bbox="63.600,480.528,199.680,492.528">
                <text font="JTTPDQ+SimSun" bbox="63.600,481.349,68.880,491.909" colourspace="ICCBased" ncolour="[0]" size="10.560">2</text>
                <text font="JTTPDQ+SimSun" bbox="68.880,481.349,74.160,491.909" colourspace="ICCBased" ncolour="[0]" size="10.560">1</text>
                <text font="JTTPDQ+SimSun" bbox="74.160,481.349,79.440,491.909" colourspace="ICCBased" ncolour="[0]" size="10.560"> </text>
                <text> </text>
                <text font="ERELLA+STXinwei" bbox="97.440,480.528,109.440,492.528" colourspace="ICCBased" ncolour="[0]" size="12.000">系</text>
                <text font="ERELLA+STXinwei" bbox="110.400,480.528,122.400,492.528" colourspace="ICCBased" ncolour="[0]" size="12.000">统</text>
                <text font="ERELLA+STXinwei" bbox="123.360,480.528,135.360,492.528" colourspace="ICCBased" ncolour="[0]" size="12.000">性</text>
                <text font="ERELLA+STXinwei" bbox="136.080,480.528,148.080,492.528" colourspace="ICCBased" ncolour="[0]" size="12.000">红</text>
                <text font="ERELLA+STXinwei" bbox="149.040,480.528,161.040,492.528" colourspace="ICCBased" ncolour="[0]" size="12.000">斑</text>
                <text font="ERELLA+STXinwei" bbox="162.000,480.528,174.000,492.528" colourspace="ICCBased" ncolour="[0]" size="12.000">狼</text>
                <text font="ERELLA+STXinwei" bbox="174.720,480.528,186.720,492.528" colourspace="ICCBased" ncolour="[0]" size="12.000">疮</text>
                <text font="ERELLA+STXinwei" bbox="187.680,480.528,199.680,492.528" colourspace="ICCBased" ncolour="[0]" size="12.000">并</text>
                <text>
                </text>
            </textline>
            <textline bbox="97.440,464.688,172.368,476.688">
                <text font="ERELLA+STXinwei" bbox="97.440,464.688,109.440,476.688" colourspace="ICCBased" ncolour="[0]" size="12.000">发</text>
                <text font="ERELLA+STXinwei" bbox="109.440,464.688,121.440,476.688" colourspace="ICCBased" ncolour="[0]" size="12.000">肾</text>
                <text font="ERELLA+STXinwei" bbox="121.440,464.688,133.440,476.688" colourspace="ICCBased" ncolour="[0]" size="12.000">功</text>
                <text font="ERELLA+STXinwei" bbox="133.440,464.688,145.440,476.688" colourspace="ICCBased" ncolour="[0]" size="12.000">能</text>
                <text font="ERELLA+STXinwei" bbox="145.440,464.688,157.440,476.688" colourspace="ICCBased" ncolour="[0]" size="12.000">损</text>
                <text font="ERELLA+STXinwei" bbox="157.440,464.688,169.440,476.688" colourspace="ICCBased" ncolour="[0]" size="12.000">害</text>
                <text font="ERELLA+STXinwei" bbox="169.440,464.688,172.368,476.688" colourspace="ICCBased" ncolour="[0]" size="12.000"> </text>
                <text>
                </text>
            </textline>
        </textbox>
        <textbox id="7" bbox="210.469,542.317,552.480,782.789">
            <textline bbox="210.480,772.229,552.480,782.789">
                <text font="JQUZDQ+SimSun" bbox="210.480,772.229,221.040,782.789" colourspace="ICCBased" ncolour="[0]" size="10.560">赫</text>
                <text font="JQUZDQ+SimSun" bbox="221.040,772.229,231.600,782.789" colourspace="ICCBased" ncolour="[0]" size="10.560">兹</text>
                <text font="JQUZDQ+SimSun" bbox="231.600,772.229,242.160,782.789" colourspace="ICCBased" ncolour="[0]" size="10.560">和</text>
                <text> </text>
                <text font="JTTPDQ+SimSun" bbox="244.800,772.229,250.080,782.789" colourspace="ICCBased" ncolour="[0]" size="10.560">2</text>
                <text font="JTTPDQ+SimSun" bbox="250.080,772.229,255.360,782.789" colourspace="ICCBased" ncolour="[0]" size="10.560">0</text>
                <text font="JTTPDQ+SimSun" bbox="255.360,772.229,260.640,782.789" colourspace="ICCBased" ncolour="[0]" size="10.560">0</text>
                <text font="JTTPDQ+SimSun" bbox="260.640,772.229,265.920,782.789" colourspace="ICCBased" ncolour="[0]" size="10.560">0</text>
                <text> </text>
                <text font="JQUZDQ+SimSun" bbox="268.317,772.229,278.877,782.789" colourspace="ICCBased" ncolour="[0]" size="10.560">赫</text>
                <text font="JQUZDQ+SimSun" bbox="278.877,772.229,289.437,782.789" colourspace="ICCBased" ncolour="[0]" size="10.560">兹</text>
                <text font="JQUZDQ+SimSun" bbox="289.437,772.229,299.997,782.789" colourspace="ICCBased" ncolour="[0]" size="10.560">语</text>
                <text font="JQUZDQ+SimSun" bbox="299.997,772.229,310.557,782.789" colourspace="ICCBased" ncolour="[0]" size="10.560">音</text>
                <text font="JQUZDQ+SimSun" bbox="310.317,772.229,320.877,782.789" colourspace="ICCBased" ncolour="[0]" size="10.560">频</text>
                <text font="JQUZDQ+SimSun" bbox="320.877,772.229,331.437,782.789" colourspace="ICCBased" ncolour="[0]" size="10.560">率</text>
                <text font="JQUZDQ+SimSun" bbox="331.437,772.229,341.997,782.789" colourspace="ICCBased" ncolour="[0]" size="10.560">下</text>
                <text font="JQUZDQ+SimSun" bbox="341.997,772.229,352.557,782.789" colourspace="ICCBased" ncolour="[0]" size="10.560">，</text>
                <text font="JQUZDQ+SimSun" bbox="349.917,772.229,360.477,782.789" colourspace="ICCBased" ncolour="[0]" size="10.560">平</text>
                <text font="JQUZDQ+SimSun" bbox="360.477,772.229,371.037,782.789" colourspace="ICCBased" ncolour="[0]" size="10.560">均</text>
                <text font="JQUZDQ+SimSun" bbox="371.037,772.229,381.597,782.789" colourspace="ICCBased" ncolour="[0]" size="10.560">听</text>
                <text font="JQUZDQ+SimSun" bbox="381.597,772.229,392.157,782.789" colourspace="ICCBased" ncolour="[0]" size="10.560">阈</text>
                <text font="JQUZDQ+SimSun" bbox="391.917,772.229,402.477,782.789" colourspace="ICCBased" ncolour="[0]" size="10.560">大</text>
                <text font="JQUZDQ+SimSun" bbox="402.477,772.229,413.037,782.789" colourspace="ICCBased" ncolour="[0]" size="10.560">于</text>
                <text> </text>
                <text font="JTTPDQ+SimSun" bbox="415.682,772.229,420.962,782.789" colourspace="ICCBased" ncolour="[0]" size="10.560">9</text>
                <text font="JTTPDQ+SimSun" bbox="420.962,772.229,426.242,782.789" colourspace="ICCBased" ncolour="[0]" size="10.560">0</text>
                <text> </text>
                <text font="JQUZDQ+SimSun" bbox="428.640,772.229,439.200,782.789" colourspace="ICCBased" ncolour="[0]" size="10.560">分</text>
                <text font="JQUZDQ+SimSun" bbox="439.200,772.229,449.760,782.789" colourspace="ICCBased" ncolour="[0]" size="10.560">贝</text>
                <text font="JQUZDQ+SimSun" bbox="449.520,772.229,460.080,782.789" colourspace="ICCBased" ncolour="[0]" size="10.560">，</text>
                <text font="JQUZDQ+SimSun" bbox="457.680,772.229,468.240,782.789" colourspace="ICCBased" ncolour="[0]" size="10.560">且</text>
                <text font="JQUZDQ+SimSun" bbox="468.240,772.229,478.800,782.789" colourspace="ICCBased" ncolour="[0]" size="10.560">经</text>
                <text font="JQUZDQ+SimSun" bbox="478.800,772.229,489.360,782.789" colourspace="ICCBased" ncolour="[0]" size="10.560">纯</text>
                <text font="JQUZDQ+SimSun" bbox="489.360,772.229,499.920,782.789" colourspace="ICCBased" ncolour="[0]" size="10.560">音</text>
                <text font="JQUZDQ+SimSun" bbox="499.920,772.229,510.480,782.789" colourspace="ICCBased" ncolour="[0]" size="10.560">听</text>
                <text font="JQUZDQ+SimSun" bbox="510.240,772.229,520.800,782.789" colourspace="ICCBased" ncolour="[0]" size="10.560">力</text>
                <text font="JQUZDQ+SimSun" bbox="520.800,772.229,531.360,782.789" colourspace="ICCBased" ncolour="[0]" size="10.560">测</text>
                <text font="JQUZDQ+SimSun" bbox="531.360,772.229,541.920,782.789" colourspace="ICCBased" ncolour="[0]" size="10.560">试</text>
                <text font="JQUZDQ+SimSun" bbox="541.920,772.229,552.480,782.789" colourspace="ICCBased" ncolour="[0]" size="10.560">、</text>
                <text>
                </text>
            </textline>
            <textline bbox="210.480,756.629,404.640,767.189">
                <text font="JQUZDQ+SimSun" bbox="210.480,756.629,221.040,767.189" colourspace="ICCBased" ncolour="[0]" size="10.560">声</text>
                <text font="JQUZDQ+SimSun" bbox="221.040,756.629,231.600,767.189" colourspace="ICCBased" ncolour="[0]" size="10.560">导</text>
                <text font="JQUZDQ+SimSun" bbox="231.600,756.629,242.160,767.189" colourspace="ICCBased" ncolour="[0]" size="10.560">抗</text>
                <text font="JQUZDQ+SimSun" bbox="242.160,756.629,252.720,767.189" colourspace="ICCBased" ncolour="[0]" size="10.560">检</text>
                <text font="JQUZDQ+SimSun" bbox="252.720,756.629,263.280,767.189" colourspace="ICCBased" ncolour="[0]" size="10.560">测</text>
                <text font="JQUZDQ+SimSun" bbox="263.040,756.629,273.600,767.189" colourspace="ICCBased" ncolour="[0]" size="10.560">或</text>
                <text font="JQUZDQ+SimSun" bbox="273.600,756.629,284.160,767.189" colourspace="ICCBased" ncolour="[0]" size="10.560">听</text>
                <text font="JQUZDQ+SimSun" bbox="284.160,756.629,294.720,767.189" colourspace="ICCBased" ncolour="[0]" size="10.560">觉</text>
                <text font="JQUZDQ+SimSun" bbox="294.720,756.629,305.280,767.189" colourspace="ICCBased" ncolour="[0]" size="10.560">诱</text>
                <text font="JQUZDQ+SimSun" bbox="305.040,756.629,315.600,767.189" colourspace="ICCBased" ncolour="[0]" size="10.560">发</text>
                <text font="JQUZDQ+SimSun" bbox="315.600,756.629,326.160,767.189" colourspace="ICCBased" ncolour="[0]" size="10.560">电</text>
                <text font="JQUZDQ+SimSun" bbox="326.160,756.629,336.720,767.189" colourspace="ICCBased" ncolour="[0]" size="10.560">位</text>
                <text font="JQUZDQ+SimSun" bbox="336.720,756.629,347.280,767.189" colourspace="ICCBased" ncolour="[0]" size="10.560">检</text>
                <text font="JQUZDQ+SimSun" bbox="347.040,756.629,357.600,767.189" colourspace="ICCBased" ncolour="[0]" size="10.560">测</text>
                <text font="JQUZDQ+SimSun" bbox="357.600,756.629,368.160,767.189" colourspace="ICCBased" ncolour="[0]" size="10.560">等</text>
                <text font="JQUZDQ+SimSun" bbox="368.160,756.629,378.720,767.189" colourspace="ICCBased" ncolour="[0]" size="10.560">证</text>
                <text font="JQUZDQ+SimSun" bbox="378.720,756.629,389.280,767.189" colourspace="ICCBased" ncolour="[0]" size="10.560">实</text>
                <text font="JQUZDQ+SimSun" bbox="389.040,756.629,399.600,767.189" colourspace="ICCBased" ncolour="[0]" size="10.560">。</text>
                <text font="JTTPDQ+SimSun" bbox="399.360,756.629,404.640,767.189" colourspace="ICCBased" ncolour="[0]" size="10.560"> </text>
                <text>
                </text>
            </textline>
            <textline bbox="210.480,740.913,547.440,752.739">
                <text font="JQUZDQ+SimSun" bbox="210.480,741.029,221.040,751.589" colourspace="ICCBased" ncolour="[0]" size="10.560">若</text>
                <text font="JQUZDQ+SimSun" bbox="221.040,741.029,231.600,751.589" colourspace="ICCBased" ncolour="[0]" size="10.560">被</text>
                <text font="JQUZDQ+SimSun" bbox="231.600,741.029,242.160,751.589" colourspace="ICCBased" ncolour="[0]" size="10.560">保</text>
                <text font="JQUZDQ+SimSun" bbox="242.160,741.029,252.720,751.589" colourspace="ICCBased" ncolour="[0]" size="10.560">险</text>
                <text font="JQUZDQ+SimSun" bbox="252.720,741.029,263.280,751.589" colourspace="ICCBased" ncolour="[0]" size="10.560">人</text>
                <text font="JQUZDQ+SimSun" bbox="263.040,741.029,273.600,751.589" colourspace="ICCBased" ncolour="[0]" size="10.560">在</text>
                <text> </text>
                <text font="JTTPDQ+SimSun" bbox="276.720,741.029,282.000,751.589" colourspace="ICCBased" ncolour="[0]" size="10.560">0</text>
                <text> </text>
                <text font="JQUZDQ+SimSun" bbox="284.883,741.029,295.443,751.589" colourspace="ICCBased" ncolour="[0]" size="10.560">至</text>
                <text> </text>
                <text font="JTTPDQ+SimSun" bbox="298.558,741.029,303.838,751.589" colourspace="ICCBased" ncolour="[0]" size="10.560">3</text>
                <text> </text>
                <text font="JRNKDQ+SimHei" bbox="306.720,740.913,317.280,751.473" colourspace="ICCBased" ncolour="[0]" size="10.560">周</text>
                <text font="JRNKDQ+SimHei" bbox="317.280,740.913,327.840,751.473" colourspace="ICCBased" ncolour="[0]" size="10.560">岁</text>
                <text> </text>
                <text font="TTLNNW+SimHei" bbox="331.440,747.219,334.200,752.739" colourspace="ICCBased" ncolour="[0]" size="5.520">1</text>
                <text font="TTLNNW+SimHei" bbox="334.559,747.219,337.319,752.739" colourspace="ICCBased" ncolour="[0]" size="5.520">9</text>
                <text font="JQUZDQ+SimSun" bbox="337.680,741.029,348.240,751.589" colourspace="ICCBased" ncolour="[0]" size="10.560">保</text>
                <text font="JQUZDQ+SimSun" bbox="348.240,741.029,358.800,751.589" colourspace="ICCBased" ncolour="[0]" size="10.560">单</text>
                <text font="JQUZDQ+SimSun" bbox="358.800,741.029,369.360,751.589" colourspace="ICCBased" ncolour="[0]" size="10.560">周</text>
                <text font="JQUZDQ+SimSun" bbox="369.360,741.029,379.920,751.589" colourspace="ICCBased" ncolour="[0]" size="10.560">年</text>
                <text font="JQUZDQ+SimSun" bbox="379.920,741.029,390.480,751.589" colourspace="ICCBased" ncolour="[0]" size="10.560">日</text>
                <text font="JQUZDQ+SimSun" bbox="390.240,741.029,400.800,751.589" colourspace="ICCBased" ncolour="[0]" size="10.560">期</text>
                <text font="JQUZDQ+SimSun" bbox="400.800,741.029,411.360,751.589" colourspace="ICCBased" ncolour="[0]" size="10.560">间</text>
                <text font="JQUZDQ+SimSun" bbox="411.360,741.029,421.920,751.589" colourspace="ICCBased" ncolour="[0]" size="10.560">双</text>
                <text font="JQUZDQ+SimSun" bbox="421.920,741.029,432.480,751.589" colourspace="ICCBased" ncolour="[0]" size="10.560">耳</text>
                <text font="JQUZDQ+SimSun" bbox="432.240,741.029,442.800,751.589" colourspace="ICCBased" ncolour="[0]" size="10.560">失</text>
                <text font="JQUZDQ+SimSun" bbox="442.800,741.029,453.360,751.589" colourspace="ICCBased" ncolour="[0]" size="10.560">聪</text>
                <text font="JQUZDQ+SimSun" bbox="453.120,741.029,463.680,751.589" colourspace="ICCBased" ncolour="[0]" size="10.560">，</text>
                <text font="JQUZDQ+SimSun" bbox="463.680,741.029,474.240,751.589" colourspace="ICCBased" ncolour="[0]" size="10.560">在</text>
                <text font="JQUZDQ+SimSun" bbox="474.240,741.029,484.800,751.589" colourspace="ICCBased" ncolour="[0]" size="10.560">本</text>
                <text font="JQUZDQ+SimSun" bbox="484.800,741.029,495.360,751.589" colourspace="ICCBased" ncolour="[0]" size="10.560">附</text>
                <text font="JQUZDQ+SimSun" bbox="495.360,741.029,505.920,751.589" colourspace="ICCBased" ncolour="[0]" size="10.560">加</text>
                <text font="JQUZDQ+SimSun" bbox="505.680,741.029,516.240,751.589" colourspace="ICCBased" ncolour="[0]" size="10.560">险</text>
                <text font="JQUZDQ+SimSun" bbox="516.240,741.029,526.800,751.589" colourspace="ICCBased" ncolour="[0]" size="10.560">合</text>
                <text font="JQUZDQ+SimSun" bbox="526.560,741.029,537.120,751.589" colourspace="ICCBased" ncolour="[0]" size="10.560">同</text>
                <text font="JQUZDQ+SimSun" bbox="536.880,741.029,547.440,751.589" colourspace="ICCBased" ncolour="[0]" size="10.560">保</text>
                <text>
                </text>
            </textline>
            <textline bbox="210.480,725.429,415.200,735.989">
                <text font="JQUZDQ+SimSun" bbox="210.480,725.429,221.040,735.989" colourspace="ICCBased" ncolour="[0]" size="10.560">险</text>
                <text font="JQUZDQ+SimSun" bbox="221.040,725.429,231.600,735.989" colourspace="ICCBased" ncolour="[0]" size="10.560">期</text>
                <text font="JQUZDQ+SimSun" bbox="231.600,725.429,242.160,735.989" colourspace="ICCBased" ncolour="[0]" size="10.560">间</text>
                <text font="JQUZDQ+SimSun" bbox="242.160,725.429,252.720,735.989" colourspace="ICCBased" ncolour="[0]" size="10.560">内</text>
                <text font="JQUZDQ+SimSun" bbox="252.720,725.429,263.280,735.989" colourspace="ICCBased" ncolour="[0]" size="10.560">我</text>
                <text font="JQUZDQ+SimSun" bbox="263.040,725.429,273.600,735.989" colourspace="ICCBased" ncolour="[0]" size="10.560">们</text>
                <text font="JQUZDQ+SimSun" bbox="273.600,725.429,284.160,735.989" colourspace="ICCBased" ncolour="[0]" size="10.560">对</text>
                <text font="JQUZDQ+SimSun" bbox="284.160,725.429,294.720,735.989" colourspace="ICCBased" ncolour="[0]" size="10.560">双</text>
                <text font="JQUZDQ+SimSun" bbox="294.720,725.429,305.280,735.989" colourspace="ICCBased" ncolour="[0]" size="10.560">耳</text>
                <text font="JQUZDQ+SimSun" bbox="305.040,725.429,315.600,735.989" colourspace="ICCBased" ncolour="[0]" size="10.560">失</text>
                <text font="JQUZDQ+SimSun" bbox="315.600,725.429,326.160,735.989" colourspace="ICCBased" ncolour="[0]" size="10.560">聪</text>
                <text font="JQUZDQ+SimSun" bbox="326.160,725.429,336.720,735.989" colourspace="ICCBased" ncolour="[0]" size="10.560">不</text>
                <text font="JQUZDQ+SimSun" bbox="336.720,725.429,347.280,735.989" colourspace="ICCBased" ncolour="[0]" size="10.560">承</text>
                <text font="JQUZDQ+SimSun" bbox="347.040,725.429,357.600,735.989" colourspace="ICCBased" ncolour="[0]" size="10.560">担</text>
                <text font="JQUZDQ+SimSun" bbox="357.600,725.429,368.160,735.989" colourspace="ICCBased" ncolour="[0]" size="10.560">保</text>
                <text font="JQUZDQ+SimSun" bbox="368.160,725.429,378.720,735.989" colourspace="ICCBased" ncolour="[0]" size="10.560">险</text>
                <text font="JQUZDQ+SimSun" bbox="378.720,725.429,389.280,735.989" colourspace="ICCBased" ncolour="[0]" size="10.560">责</text>
                <text font="JQUZDQ+SimSun" bbox="389.040,725.429,399.600,735.989" colourspace="ICCBased" ncolour="[0]" size="10.560">任</text>
                <text font="JQUZDQ+SimSun" bbox="399.600,725.429,410.160,735.989" colourspace="ICCBased" ncolour="[0]" size="10.560">。</text>
                <text font="JTTPDQ+SimSun" bbox="409.920,725.429,415.200,735.989" colourspace="ICCBased" ncolour="[0]" size="10.560"> </text>
                <text>
                </text>
            </textline>
            <textline bbox="210.480,709.829,215.760,720.389">
                <text font="JTTPDQ+SimSun" bbox="210.480,709.829,215.760,720.389" colourspace="ICCBased" ncolour="[0]" size="10.560"> </text>
                <text>
                </text>
            </textline>
            <textline bbox="210.480,695.669,493.921,706.229">
                <text font="JQUZDQ+SimSun" bbox="210.480,695.669,221.040,706.229" colourspace="ICCBased" ncolour="[0]" size="10.560">指</text>
                <text font="JQUZDQ+SimSun" bbox="221.040,695.669,231.600,706.229" colourspace="ICCBased" ncolour="[0]" size="10.560">因</text>
                <text font="JQUZDQ+SimSun" bbox="231.600,695.669,242.160,706.229" colourspace="ICCBased" ncolour="[0]" size="10.560">慢</text>
                <text font="JQUZDQ+SimSun" bbox="242.160,695.669,252.720,706.229" colourspace="ICCBased" ncolour="[0]" size="10.560">性</text>
                <text font="JQUZDQ+SimSun" bbox="252.720,695.669,263.280,706.229" colourspace="ICCBased" ncolour="[0]" size="10.560">肝</text>
                <text font="JQUZDQ+SimSun" bbox="263.040,695.669,273.600,706.229" colourspace="ICCBased" ncolour="[0]" size="10.560">脏</text>
                <text font="JQUZDQ+SimSun" bbox="273.600,695.669,284.160,706.229" colourspace="ICCBased" ncolour="[0]" size="10.560">疾</text>
                <text font="JQUZDQ+SimSun" bbox="284.160,695.669,294.720,706.229" colourspace="ICCBased" ncolour="[0]" size="10.560">病</text>
                <text font="JQUZDQ+SimSun" bbox="294.720,695.669,305.280,706.229" colourspace="ICCBased" ncolour="[0]" size="10.560">导</text>
                <text font="JQUZDQ+SimSun" bbox="305.040,695.669,315.600,706.229" colourspace="ICCBased" ncolour="[0]" size="10.560">致</text>
                <text font="JQUZDQ+SimSun" bbox="315.600,695.669,326.160,706.229" colourspace="ICCBased" ncolour="[0]" size="10.560">肝</text>
                <text font="JQUZDQ+SimSun" bbox="326.160,695.669,336.720,706.229" colourspace="ICCBased" ncolour="[0]" size="10.560">功</text>
                <text font="JQUZDQ+SimSun" bbox="336.720,695.669,347.280,706.229" colourspace="ICCBased" ncolour="[0]" size="10.560">能</text>
                <text font="JQUZDQ+SimSun" bbox="347.040,695.669,357.600,706.229" colourspace="ICCBased" ncolour="[0]" size="10.560">衰</text>
                <text font="JQUZDQ+SimSun" bbox="357.600,695.669,368.160,706.229" colourspace="ICCBased" ncolour="[0]" size="10.560">竭</text>
                <text font="JQUZDQ+SimSun" bbox="368.160,695.669,378.720,706.229" colourspace="ICCBased" ncolour="[0]" size="10.560">。</text>
                <text font="JQUZDQ+SimSun" bbox="378.720,695.669,389.280,706.229" colourspace="ICCBased" ncolour="[0]" size="10.560">须</text>
                <text font="JQUZDQ+SimSun" bbox="389.040,695.669,399.600,706.229" colourspace="ICCBased" ncolour="[0]" size="10.560">满</text>
                <text font="JQUZDQ+SimSun" bbox="399.600,695.669,410.160,706.229" colourspace="ICCBased" ncolour="[0]" size="10.560">足</text>
                <text font="JQUZDQ+SimSun" bbox="410.160,695.669,420.720,706.229" colourspace="ICCBased" ncolour="[0]" size="10.560">下</text>
                <text font="JQUZDQ+SimSun" bbox="420.720,695.669,431.280,706.229" colourspace="ICCBased" ncolour="[0]" size="10.560">列</text>
                <text font="JQUZDQ+SimSun" bbox="431.040,695.669,441.600,706.229" colourspace="ICCBased" ncolour="[0]" size="10.560">全</text>
                <text font="JQUZDQ+SimSun" bbox="441.600,695.669,452.160,706.229" colourspace="ICCBased" ncolour="[0]" size="10.560">部</text>
                <text font="JQUZDQ+SimSun" bbox="451.920,695.669,462.480,706.229" colourspace="ICCBased" ncolour="[0]" size="10.560">条</text>
                <text font="JQUZDQ+SimSun" bbox="462.480,695.669,473.040,706.229" colourspace="ICCBased" ncolour="[0]" size="10.560">件</text>
                <text font="JQUZDQ+SimSun" bbox="473.040,695.669,483.600,706.229" colourspace="ICCBased" ncolour="[0]" size="10.560">：</text>
                <text font="JTTPDQ+SimSun" bbox="483.600,695.669,488.880,706.229" colourspace="ICCBased" ncolour="[0]" size="10.560"> </text>
                <text font="JTTPDQ+SimSun" bbox="488.641,695.669,493.921,706.229" colourspace="ICCBased" ncolour="[0]" size="10.560"> </text>
                <text>
                </text>
            </textline>
            <textline bbox="210.480,680.072,310.325,690.632">
                <text font="JQUZDQ+SimSun" bbox="210.480,680.072,221.040,690.632" colourspace="ICCBased" ncolour="[0]" size="10.560">（</text>
                <text font="JTTPDQ+SimSun" bbox="221.040,680.072,226.320,690.632" colourspace="ICCBased" ncolour="[0]" size="10.560">1</text>
                <text font="JQUZDQ+SimSun" bbox="226.320,680.072,236.880,690.632" colourspace="ICCBased" ncolour="[0]" size="10.560">）</text>
                <text font="JQUZDQ+SimSun" bbox="236.880,680.072,247.440,690.632" colourspace="ICCBased" ncolour="[0]" size="10.560">持</text>
                <text font="JQUZDQ+SimSun" bbox="247.440,680.072,258.000,690.632" colourspace="ICCBased" ncolour="[0]" size="10.560">续</text>
                <text font="JQUZDQ+SimSun" bbox="258.000,680.072,268.560,690.632" colourspace="ICCBased" ncolour="[0]" size="10.560">性</text>
                <text font="JQUZDQ+SimSun" bbox="268.320,680.072,278.880,690.632" colourspace="ICCBased" ncolour="[0]" size="10.560">黄</text>
                <text font="JQUZDQ+SimSun" bbox="278.880,680.072,289.440,690.632" colourspace="ICCBased" ncolour="[0]" size="10.560">疸</text>
                <text font="JQUZDQ+SimSun" bbox="289.440,680.072,300.000,690.632" colourspace="ICCBased" ncolour="[0]" size="10.560">；</text>
                <text font="JTTPDQ+SimSun" bbox="300.000,680.072,305.280,690.632" colourspace="ICCBased" ncolour="[0]" size="10.560"> </text>
                <text font="JTTPDQ+SimSun" bbox="305.045,680.072,310.325,690.632" colourspace="ICCBased" ncolour="[0]" size="10.560"> </text>
                <text>
                </text>
            </textline>
            <textline bbox="210.480,664.475,278.634,675.035">
                <text font="JQUZDQ+SimSun" bbox="210.480,664.475,221.040,675.035" colourspace="ICCBased" ncolour="[0]" size="10.560">（</text>
                <text font="JTTPDQ+SimSun" bbox="221.040,664.475,226.320,675.035" colourspace="ICCBased" ncolour="[0]" size="10.560">2</text>
                <text font="JQUZDQ+SimSun" bbox="226.320,664.475,236.880,675.035" colourspace="ICCBased" ncolour="[0]" size="10.560">）</text>
                <text font="JQUZDQ+SimSun" bbox="236.880,664.475,247.440,675.035" colourspace="ICCBased" ncolour="[0]" size="10.560">腹</text>
                <text font="JQUZDQ+SimSun" bbox="247.440,664.475,258.000,675.035" colourspace="ICCBased" ncolour="[0]" size="10.560">水</text>
                <text font="JQUZDQ+SimSun" bbox="258.000,664.475,268.560,675.035" colourspace="ICCBased" ncolour="[0]" size="10.560">；</text>
                <text font="JTTPDQ+SimSun" bbox="268.317,664.475,273.597,675.035" colourspace="ICCBased" ncolour="[0]" size="10.560"> </text>
                <text font="JTTPDQ+SimSun" bbox="273.354,664.475,278.634,675.035" colourspace="ICCBased" ncolour="[0]" size="10.560"> </text>
                <text>
                </text>
            </textline>
            <textline bbox="210.469,648.877,299.754,659.437">
                <text font="JQUZDQ+SimSun" bbox="210.469,648.877,221.029,659.437" colourspace="ICCBased" ncolour="[0]" size="10.560">（</text>
                <text font="JTTPDQ+SimSun" bbox="221.029,648.877,226.309,659.437" colourspace="ICCBased" ncolour="[0]" size="10.560">3</text>
                <text font="JQUZDQ+SimSun" bbox="226.309,648.877,236.869,659.437" colourspace="ICCBased" ncolour="[0]" size="10.560">）</text>
                <text font="JQUZDQ+SimSun" bbox="236.869,648.877,247.429,659.437" colourspace="ICCBased" ncolour="[0]" size="10.560">肝</text>
                <text font="JQUZDQ+SimSun" bbox="247.429,648.877,257.989,659.437" colourspace="ICCBased" ncolour="[0]" size="10.560">性</text>
                <text font="JQUZDQ+SimSun" bbox="257.989,648.877,268.549,659.437" colourspace="ICCBased" ncolour="[0]" size="10.560">脑</text>
                <text font="JQUZDQ+SimSun" bbox="268.310,648.877,278.870,659.437" colourspace="ICCBased" ncolour="[0]" size="10.560">病</text>
                <text font="JQUZDQ+SimSun" bbox="278.870,648.877,289.430,659.437" colourspace="ICCBased" ncolour="[0]" size="10.560">；</text>
                <text font="JTTPDQ+SimSun" bbox="289.430,648.877,294.710,659.437" colourspace="ICCBased" ncolour="[0]" size="10.560"> </text>
                <text font="JTTPDQ+SimSun" bbox="294.474,648.877,299.754,659.437" colourspace="ICCBased" ncolour="[0]" size="10.560"> </text>
                <text>
                </text>
            </textline>
            <textline bbox="210.469,633.280,478.070,643.840">
                <text font="JQUZDQ+SimSun" bbox="210.469,633.280,221.029,643.840" colourspace="ICCBased" ncolour="[0]" size="10.560">（</text>
                <text font="JTTPDQ+SimSun" bbox="221.029,633.280,226.309,643.840" colourspace="ICCBased" ncolour="[0]" size="10.560">4</text>
                <text font="JQUZDQ+SimSun" bbox="226.309,633.280,236.869,643.840" colourspace="ICCBased" ncolour="[0]" size="10.560">）</text>
                <text font="JQUZDQ+SimSun" bbox="236.869,633.280,247.429,643.840" colourspace="ICCBased" ncolour="[0]" size="10.560">充</text>
                <text font="JQUZDQ+SimSun" bbox="247.429,633.280,257.989,643.840" colourspace="ICCBased" ncolour="[0]" size="10.560">血</text>
                <text font="JQUZDQ+SimSun" bbox="257.989,633.280,268.549,643.840" colourspace="ICCBased" ncolour="[0]" size="10.560">性</text>
                <text font="JQUZDQ+SimSun" bbox="268.310,633.280,278.870,643.840" colourspace="ICCBased" ncolour="[0]" size="10.560">脾</text>
                <text font="JQUZDQ+SimSun" bbox="278.870,633.280,289.430,643.840" colourspace="ICCBased" ncolour="[0]" size="10.560">肿</text>
                <text font="JQUZDQ+SimSun" bbox="289.430,633.280,299.990,643.840" colourspace="ICCBased" ncolour="[0]" size="10.560">大</text>
                <text font="JQUZDQ+SimSun" bbox="299.990,633.280,310.550,643.840" colourspace="ICCBased" ncolour="[0]" size="10.560">伴</text>
                <text font="JQUZDQ+SimSun" bbox="310.309,633.280,320.869,643.840" colourspace="ICCBased" ncolour="[0]" size="10.560">脾</text>
                <text font="JQUZDQ+SimSun" bbox="320.869,633.280,331.429,643.840" colourspace="ICCBased" ncolour="[0]" size="10.560">功</text>
                <text font="JQUZDQ+SimSun" bbox="331.429,633.280,341.989,643.840" colourspace="ICCBased" ncolour="[0]" size="10.560">能</text>
                <text font="JQUZDQ+SimSun" bbox="341.989,633.280,352.549,643.840" colourspace="ICCBased" ncolour="[0]" size="10.560">亢</text>
                <text font="JQUZDQ+SimSun" bbox="352.309,633.280,362.869,643.840" colourspace="ICCBased" ncolour="[0]" size="10.560">进</text>
                <text font="JQUZDQ+SimSun" bbox="362.869,633.280,373.429,643.840" colourspace="ICCBased" ncolour="[0]" size="10.560">或</text>
                <text font="JQUZDQ+SimSun" bbox="373.429,633.280,383.989,643.840" colourspace="ICCBased" ncolour="[0]" size="10.560">食</text>
                <text font="JQUZDQ+SimSun" bbox="383.989,633.280,394.549,643.840" colourspace="ICCBased" ncolour="[0]" size="10.560">管</text>
                <text font="JQUZDQ+SimSun" bbox="394.310,633.280,404.870,643.840" colourspace="ICCBased" ncolour="[0]" size="10.560">胃</text>
                <text font="JQUZDQ+SimSun" bbox="404.870,633.280,415.430,643.840" colourspace="ICCBased" ncolour="[0]" size="10.560">底</text>
                <text font="JQUZDQ+SimSun" bbox="415.430,633.280,425.990,643.840" colourspace="ICCBased" ncolour="[0]" size="10.560">静</text>
                <text font="JQUZDQ+SimSun" bbox="425.750,633.280,436.310,643.840" colourspace="ICCBased" ncolour="[0]" size="10.560">脉</text>
                <text font="JQUZDQ+SimSun" bbox="436.310,633.280,446.870,643.840" colourspace="ICCBased" ncolour="[0]" size="10.560">曲</text>
                <text font="JQUZDQ+SimSun" bbox="446.629,633.280,457.189,643.840" colourspace="ICCBased" ncolour="[0]" size="10.560">张</text>
                <text font="JQUZDQ+SimSun" bbox="457.189,633.280,467.749,643.840" colourspace="ICCBased" ncolour="[0]" size="10.560">。</text>
                <text font="JTTPDQ+SimSun" bbox="467.749,633.280,473.029,643.840" colourspace="ICCBased" ncolour="[0]" size="10.560"> </text>
                <text font="JTTPDQ+SimSun" bbox="472.790,633.280,478.070,643.840" colourspace="ICCBased" ncolour="[0]" size="10.560"> </text>
                <text>
                </text>
            </textline>
            <textline bbox="210.480,617.669,467.760,628.229">
                <text font="JQUZDQ+SimSun" bbox="210.480,617.669,221.040,628.229" colourspace="ICCBased" ncolour="[0]" size="10.560">因</text>
                <text font="JQUZDQ+SimSun" bbox="221.040,617.669,231.600,628.229" colourspace="ICCBased" ncolour="[0]" size="10.560">酗</text>
                <text font="JQUZDQ+SimSun" bbox="231.600,617.669,242.160,628.229" colourspace="ICCBased" ncolour="[0]" size="10.560">酒</text>
                <text font="JQUZDQ+SimSun" bbox="242.160,617.669,252.720,628.229" colourspace="ICCBased" ncolour="[0]" size="10.560">或</text>
                <text font="JQUZDQ+SimSun" bbox="252.720,617.669,263.280,628.229" colourspace="ICCBased" ncolour="[0]" size="10.560">药</text>
                <text font="JQUZDQ+SimSun" bbox="263.040,617.669,273.600,628.229" colourspace="ICCBased" ncolour="[0]" size="10.560">物</text>
                <text font="JQUZDQ+SimSun" bbox="273.600,617.669,284.160,628.229" colourspace="ICCBased" ncolour="[0]" size="10.560">滥</text>
                <text font="JQUZDQ+SimSun" bbox="284.160,617.669,294.720,628.229" colourspace="ICCBased" ncolour="[0]" size="10.560">用</text>
                <text font="JQUZDQ+SimSun" bbox="294.720,617.669,305.280,628.229" colourspace="ICCBased" ncolour="[0]" size="10.560">导</text>
                <text font="JQUZDQ+SimSun" bbox="305.040,617.669,315.600,628.229" colourspace="ICCBased" ncolour="[0]" size="10.560">致</text>
                <text font="JQUZDQ+SimSun" bbox="315.600,617.669,326.160,628.229" colourspace="ICCBased" ncolour="[0]" size="10.560">的</text>
                <text font="JQUZDQ+SimSun" bbox="326.160,617.669,336.720,628.229" colourspace="ICCBased" ncolour="[0]" size="10.560">肝</text>
                <text font="JQUZDQ+SimSun" bbox="336.720,617.669,347.280,628.229" colourspace="ICCBased" ncolour="[0]" size="10.560">功</text>
                <text font="JQUZDQ+SimSun" bbox="347.040,617.669,357.600,628.229" colourspace="ICCBased" ncolour="[0]" size="10.560">能</text>
                <text font="JQUZDQ+SimSun" bbox="357.600,617.669,368.160,628.229" colourspace="ICCBased" ncolour="[0]" size="10.560">衰</text>
                <text font="JQUZDQ+SimSun" bbox="368.160,617.669,378.720,628.229" colourspace="ICCBased" ncolour="[0]" size="10.560">竭</text>
                <text font="JQUZDQ+SimSun" bbox="378.720,617.669,389.280,628.229" colourspace="ICCBased" ncolour="[0]" size="10.560">不</text>
                <text font="JQUZDQ+SimSun" bbox="389.040,617.669,399.600,628.229" colourspace="ICCBased" ncolour="[0]" size="10.560">在</text>
                <text font="JQUZDQ+SimSun" bbox="399.600,617.669,410.160,628.229" colourspace="ICCBased" ncolour="[0]" size="10.560">保</text>
                <text font="JQUZDQ+SimSun" bbox="410.160,617.669,420.720,628.229" colourspace="ICCBased" ncolour="[0]" size="10.560">障</text>
                <text font="JQUZDQ+SimSun" bbox="420.720,617.669,431.280,628.229" colourspace="ICCBased" ncolour="[0]" size="10.560">范</text>
                <text font="JQUZDQ+SimSun" bbox="431.040,617.669,441.600,628.229" colourspace="ICCBased" ncolour="[0]" size="10.560">围</text>
                <text font="JQUZDQ+SimSun" bbox="441.600,617.669,452.160,628.229" colourspace="ICCBased" ncolour="[0]" size="10.560">内</text>
                <text font="JQUZDQ+SimSun" bbox="451.920,617.669,462.480,628.229" colourspace="ICCBased" ncolour="[0]" size="10.560">。</text>
                <text font="JTTPDQ+SimSun" bbox="462.480,617.669,467.760,628.229" colourspace="ICCBased" ncolour="[0]" size="10.560"> </text>
                <text>
                </text>
            </textline>
            <textline bbox="210.480,602.069,215.760,612.629">
                <text font="JTTPDQ+SimSun" bbox="210.480,602.069,215.760,612.629" colourspace="ICCBased" ncolour="[0]" size="10.560"> </text>
                <text>
                </text>
            </textline>
            <textline bbox="210.480,589.109,547.200,599.669">
                <text font="JQUZDQ+SimSun" bbox="210.480,589.109,221.040,599.669" colourspace="ICCBased" ncolour="[0]" size="10.560">指</text>
                <text font="JQUZDQ+SimSun" bbox="221.040,589.109,231.600,599.669" colourspace="ICCBased" ncolour="[0]" size="10.560">因</text>
                <text font="JQUZDQ+SimSun" bbox="231.600,589.109,242.160,599.669" colourspace="ICCBased" ncolour="[0]" size="10.560">疾</text>
                <text font="JQUZDQ+SimSun" bbox="242.160,589.109,252.720,599.669" colourspace="ICCBased" ncolour="[0]" size="10.560">病</text>
                <text font="JQUZDQ+SimSun" bbox="252.720,589.109,263.280,599.669" colourspace="ICCBased" ncolour="[0]" size="10.560">或</text>
                <text font="JQUZDQ+SimSun" bbox="263.280,589.109,273.840,599.669" colourspace="ICCBased" ncolour="[0]" size="10.560">意</text>
                <text font="JQUZDQ+SimSun" bbox="273.840,589.109,284.400,599.669" colourspace="ICCBased" ncolour="[0]" size="10.560">外</text>
                <text font="JQUZDQ+SimSun" bbox="284.160,589.109,294.720,599.669" colourspace="ICCBased" ncolour="[0]" size="10.560">伤</text>
                <text font="JQUZDQ+SimSun" bbox="294.720,589.109,305.280,599.669" colourspace="ICCBased" ncolour="[0]" size="10.560">害</text>
                <text font="JQUZDQ+SimSun" bbox="305.280,589.109,315.840,599.669" colourspace="ICCBased" ncolour="[0]" size="10.560">导</text>
                <text font="JQUZDQ+SimSun" bbox="315.840,589.109,326.400,599.669" colourspace="ICCBased" ncolour="[0]" size="10.560">致</text>
                <text font="JQUZDQ+SimSun" bbox="326.400,589.109,336.960,599.669" colourspace="ICCBased" ncolour="[0]" size="10.560">双</text>
                <text font="JQUZDQ+SimSun" bbox="336.960,589.109,347.520,599.669" colourspace="ICCBased" ncolour="[0]" size="10.560">眼</text>
                <text font="JQUZDQ+SimSun" bbox="347.280,589.109,357.840,599.669" colourspace="ICCBased" ncolour="[0]" size="10.560">视</text>
                <text font="JQUZDQ+SimSun" bbox="357.840,589.109,368.400,599.669" colourspace="ICCBased" ncolour="[0]" size="10.560">力</text>
                <text font="JQUZDQ+SimSun" bbox="368.400,589.109,378.960,599.669" colourspace="ICCBased" ncolour="[0]" size="10.560">永</text>
                <text font="JQUZDQ+SimSun" bbox="378.960,589.109,389.520,599.669" colourspace="ICCBased" ncolour="[0]" size="10.560">久</text>
                <text font="JQUZDQ+SimSun" bbox="389.520,589.109,400.080,599.669" colourspace="ICCBased" ncolour="[0]" size="10.560">不</text>
                <text font="JQUZDQ+SimSun" bbox="399.840,589.109,410.400,599.669" colourspace="ICCBased" ncolour="[0]" size="10.560">可</text>
                <text font="JQUZDQ+SimSun" bbox="410.400,589.109,420.960,599.669" colourspace="ICCBased" ncolour="[0]" size="10.560">逆</text>
                <text font="JQUZDQ+SimSun" bbox="420.960,589.109,431.520,599.669" colourspace="ICCBased" ncolour="[0]" size="10.560">性</text>
                <text font="JQUZDQ+SimSun" bbox="431.520,589.109,442.080,599.669" colourspace="ICCBased" ncolour="[0]" size="10.560">丧</text>
                <text font="JQUZDQ+SimSun" bbox="442.080,589.109,452.640,599.669" colourspace="ICCBased" ncolour="[0]" size="10.560">失</text>
                <text font="JQUZDQ+SimSun" bbox="452.400,589.109,462.960,599.669" colourspace="ICCBased" ncolour="[0]" size="10.560">，</text>
                <text font="JQUZDQ+SimSun" bbox="462.960,589.109,473.520,599.669" colourspace="ICCBased" ncolour="[0]" size="10.560">双</text>
                <text font="JQUZDQ+SimSun" bbox="473.520,589.109,484.080,599.669" colourspace="ICCBased" ncolour="[0]" size="10.560">眼</text>
                <text font="JQUZDQ+SimSun" bbox="484.080,589.109,494.640,599.669" colourspace="ICCBased" ncolour="[0]" size="10.560">中</text>
                <text font="JQUZDQ+SimSun" bbox="494.640,589.109,505.200,599.669" colourspace="ICCBased" ncolour="[0]" size="10.560">较</text>
                <text font="JQUZDQ+SimSun" bbox="505.200,589.109,515.760,599.669" colourspace="ICCBased" ncolour="[0]" size="10.560">好</text>
                <text font="JQUZDQ+SimSun" bbox="515.760,589.109,526.320,599.669" colourspace="ICCBased" ncolour="[0]" size="10.560">眼</text>
                <text font="JQUZDQ+SimSun" bbox="526.080,589.109,536.640,599.669" colourspace="ICCBased" ncolour="[0]" size="10.560">须</text>
                <text font="JQUZDQ+SimSun" bbox="536.640,589.109,547.200,599.669" colourspace="ICCBased" ncolour="[0]" size="10.560">满</text>
                <text>
                </text>
            </textline>
            <textline bbox="210.480,573.512,320.642,584.072">
                <text font="JQUZDQ+SimSun" bbox="210.480,573.512,221.040,584.072" colourspace="ICCBased" ncolour="[0]" size="10.560">足</text>
                <text font="JQUZDQ+SimSun" bbox="221.040,573.512,231.600,584.072" colourspace="ICCBased" ncolour="[0]" size="10.560">下</text>
                <text font="JQUZDQ+SimSun" bbox="231.600,573.512,242.160,584.072" colourspace="ICCBased" ncolour="[0]" size="10.560">列</text>
                <text font="JQUZDQ+SimSun" bbox="242.160,573.512,252.720,584.072" colourspace="ICCBased" ncolour="[0]" size="10.560">至</text>
                <text font="JQUZDQ+SimSun" bbox="252.720,573.512,263.280,584.072" colourspace="ICCBased" ncolour="[0]" size="10.560">少</text>
                <text font="JQUZDQ+SimSun" bbox="263.040,573.512,273.600,584.072" colourspace="ICCBased" ncolour="[0]" size="10.560">一</text>
                <text font="JQUZDQ+SimSun" bbox="273.600,573.512,284.160,584.072" colourspace="ICCBased" ncolour="[0]" size="10.560">项</text>
                <text font="JQUZDQ+SimSun" bbox="284.160,573.512,294.720,584.072" colourspace="ICCBased" ncolour="[0]" size="10.560">条</text>
                <text font="JQUZDQ+SimSun" bbox="294.720,573.512,305.280,584.072" colourspace="ICCBased" ncolour="[0]" size="10.560">件</text>
                <text font="JQUZDQ+SimSun" bbox="305.040,573.512,315.600,584.072" colourspace="ICCBased" ncolour="[0]" size="10.560">：</text>
                <text font="JTTPDQ+SimSun" bbox="315.362,573.512,320.642,584.072" colourspace="ICCBased" ncolour="[0]" size="10.560"> </text>
                <text>
                </text>
            </textline>
            <textline bbox="210.480,557.915,331.202,568.475">
                <text font="JQUZDQ+SimSun" bbox="210.480,557.915,221.040,568.475" colourspace="ICCBased" ncolour="[0]" size="10.560">（</text>
                <text font="JTTPDQ+SimSun" bbox="221.040,557.915,226.320,568.475" colourspace="ICCBased" ncolour="[0]" size="10.560">1</text>
                <text font="JQUZDQ+SimSun" bbox="226.320,557.915,236.880,568.475" colourspace="ICCBased" ncolour="[0]" size="10.560">）</text>
                <text font="JQUZDQ+SimSun" bbox="236.880,557.915,247.440,568.475" colourspace="ICCBased" ncolour="[0]" size="10.560">眼</text>
                <text font="JQUZDQ+SimSun" bbox="247.440,557.915,258.000,568.475" colourspace="ICCBased" ncolour="[0]" size="10.560">球</text>
                <text font="JQUZDQ+SimSun" bbox="258.000,557.915,268.560,568.475" colourspace="ICCBased" ncolour="[0]" size="10.560">缺</text>
                <text font="JQUZDQ+SimSun" bbox="268.320,557.915,278.880,568.475" colourspace="ICCBased" ncolour="[0]" size="10.560">失</text>
                <text font="JQUZDQ+SimSun" bbox="278.880,557.915,289.440,568.475" colourspace="ICCBased" ncolour="[0]" size="10.560">或</text>
                <text font="JQUZDQ+SimSun" bbox="289.440,557.915,300.000,568.475" colourspace="ICCBased" ncolour="[0]" size="10.560">摘</text>
                <text font="JQUZDQ+SimSun" bbox="300.000,557.915,310.560,568.475" colourspace="ICCBased" ncolour="[0]" size="10.560">除</text>
                <text font="JQUZDQ+SimSun" bbox="310.320,557.915,320.880,568.475" colourspace="ICCBased" ncolour="[0]" size="10.560">；</text>
                <text font="JTTPDQ+SimSun" bbox="320.880,557.915,326.160,568.475" colourspace="ICCBased" ncolour="[0]" size="10.560"> </text>
                <text font="JTTPDQ+SimSun" bbox="325.922,557.915,331.202,568.475" colourspace="ICCBased" ncolour="[0]" size="10.560"> </text>
                <text>
                </text>
            </textline>
            <textline bbox="210.480,542.317,547.197,552.877">
                <text font="JQUZDQ+SimSun" bbox="210.480,542.317,221.040,552.877" colourspace="ICCBased" ncolour="[0]" size="10.560">（</text>
                <text font="JTTPDQ+SimSun" bbox="221.040,542.317,226.320,552.877" colourspace="ICCBased" ncolour="[0]" size="10.560">2</text>
                <text font="JQUZDQ+SimSun" bbox="226.320,542.317,236.880,552.877" colourspace="ICCBased" ncolour="[0]" size="10.560">）</text>
                <text font="JQUZDQ+SimSun" bbox="236.880,542.317,247.440,552.877" colourspace="ICCBased" ncolour="[0]" size="10.560">矫</text>
                <text font="JQUZDQ+SimSun" bbox="247.440,542.317,258.000,552.877" colourspace="ICCBased" ncolour="[0]" size="10.560">正</text>
                <text font="JQUZDQ+SimSun" bbox="258.000,542.317,268.560,552.877" colourspace="ICCBased" ncolour="[0]" size="10.560">视</text>
                <text font="JQUZDQ+SimSun" bbox="268.560,542.317,279.120,552.877" colourspace="ICCBased" ncolour="[0]" size="10.560">力</text>
                <text font="JQUZDQ+SimSun" bbox="279.120,542.317,289.680,552.877" colourspace="ICCBased" ncolour="[0]" size="10.560">低</text>
                <text font="JQUZDQ+SimSun" bbox="289.440,542.317,300.000,552.877" colourspace="ICCBased" ncolour="[0]" size="10.560">于</text>
                <text> </text>
                <text font="JTTPDQ+SimSun" bbox="305.277,542.317,310.557,552.877" colourspace="ICCBased" ncolour="[0]" size="10.560">0</text>
                <text font="JTTPDQ+SimSun" bbox="310.557,542.317,315.837,552.877" colourspace="ICCBased" ncolour="[0]" size="10.560">.</text>
                <text font="JTTPDQ+SimSun" bbox="315.837,542.317,321.117,552.877" colourspace="ICCBased" ncolour="[0]" size="10.560">0</text>
                <text font="JTTPDQ+SimSun" bbox="321.117,542.317,326.397,552.877" colourspace="ICCBased" ncolour="[0]" size="10.560">2</text>
                <text font="JQUZDQ+SimSun" bbox="326.397,542.317,336.957,552.877" colourspace="ICCBased" ncolour="[0]" size="10.560">（</text>
                <text font="JQUZDQ+SimSun" bbox="336.717,542.317,347.277,552.877" colourspace="ICCBased" ncolour="[0]" size="10.560">采</text>
                <text font="JQUZDQ+SimSun" bbox="347.277,542.317,357.837,552.877" colourspace="ICCBased" ncolour="[0]" size="10.560">用</text>
                <text font="JQUZDQ+SimSun" bbox="357.837,542.317,368.397,552.877" colourspace="ICCBased" ncolour="[0]" size="10.560">国</text>
                <text font="JQUZDQ+SimSun" bbox="368.397,542.317,378.957,552.877" colourspace="ICCBased" ncolour="[0]" size="10.560">际</text>
                <text font="JQUZDQ+SimSun" bbox="378.957,542.317,389.517,552.877" colourspace="ICCBased" ncolour="[0]" size="10.560">标</text>
                <text font="JQUZDQ+SimSun" bbox="389.517,542.317,400.077,552.877" colourspace="ICCBased" ncolour="[0]" size="10.560">准</text>
                <text font="JQUZDQ+SimSun" bbox="399.837,542.317,410.397,552.877" colourspace="ICCBased" ncolour="[0]" size="10.560">视</text>
                <text font="JQUZDQ+SimSun" bbox="410.397,542.317,420.957,552.877" colourspace="ICCBased" ncolour="[0]" size="10.560">力</text>
                <text font="JQUZDQ+SimSun" bbox="420.957,542.317,431.517,552.877" colourspace="ICCBased" ncolour="[0]" size="10.560">表</text>
                <text font="JQUZDQ+SimSun" bbox="431.517,542.317,442.077,552.877" colourspace="ICCBased" ncolour="[0]" size="10.560">，</text>
                <text font="JQUZDQ+SimSun" bbox="442.077,542.317,452.637,552.877" colourspace="ICCBased" ncolour="[0]" size="10.560">如</text>
                <text font="JQUZDQ+SimSun" bbox="452.397,542.317,462.957,552.877" colourspace="ICCBased" ncolour="[0]" size="10.560">果</text>
                <text font="JQUZDQ+SimSun" bbox="462.957,542.317,473.517,552.877" colourspace="ICCBased" ncolour="[0]" size="10.560">使</text>
                <text font="JQUZDQ+SimSun" bbox="473.517,542.317,484.077,552.877" colourspace="ICCBased" ncolour="[0]" size="10.560">用</text>
                <text font="JQUZDQ+SimSun" bbox="484.077,542.317,494.637,552.877" colourspace="ICCBased" ncolour="[0]" size="10.560">其</text>
                <text font="JQUZDQ+SimSun" bbox="494.637,542.317,505.197,552.877" colourspace="ICCBased" ncolour="[0]" size="10.560">它</text>
                <text font="JQUZDQ+SimSun" bbox="505.197,542.317,515.757,552.877" colourspace="ICCBased" ncolour="[0]" size="10.560">视</text>
                <text font="JQUZDQ+SimSun" bbox="515.757,542.317,526.317,552.877" colourspace="ICCBased" ncolour="[0]" size="10.560">力</text>
                <text font="JQUZDQ+SimSun" bbox="526.077,542.317,536.637,552.877" colourspace="ICCBased" ncolour="[0]" size="10.560">表</text>
                <text font="JQUZDQ+SimSun" bbox="536.637,542.317,547.197,552.877" colourspace="ICCBased" ncolour="[0]" size="10.560">应</text>
                <text>
                </text>
            </textline>
        </textbox>
        <textbox id="8" bbox="210.469,325.378,547.200,537.280">
            <textline bbox="236.637,526.720,304.791,537.280">
                <text font="JQUZDQ+SimSun" bbox="236.637,526.720,247.197,537.280" colourspace="ICCBased" ncolour="[0]" size="10.560">进</text>
                <text font="JQUZDQ+SimSun" bbox="247.197,526.720,257.757,537.280" colourspace="ICCBased" ncolour="[0]" size="10.560">行</text>
                <text font="JQUZDQ+SimSun" bbox="257.757,526.720,268.317,537.280" colourspace="ICCBased" ncolour="[0]" size="10.560">换</text>
                <text font="JQUZDQ+SimSun" bbox="268.317,526.720,278.877,537.280" colourspace="ICCBased" ncolour="[0]" size="10.560">算</text>
                <text font="JQUZDQ+SimSun" bbox="278.877,526.720,289.437,537.280" colourspace="ICCBased" ncolour="[0]" size="10.560">）</text>
                <text font="JQUZDQ+SimSun" bbox="284.157,526.720,294.717,537.280" colourspace="ICCBased" ncolour="[0]" size="10.560">；</text>
                <text font="JTTPDQ+SimSun" bbox="294.474,526.720,299.754,537.280" colourspace="ICCBased" ncolour="[0]" size="10.560"> </text>
                <text font="JTTPDQ+SimSun" bbox="299.511,526.720,304.791,537.280" colourspace="ICCBased" ncolour="[0]" size="10.560"> </text>
                <text>
                </text>
            </textline>
            <textline bbox="210.469,511.123,336.461,521.683">
                <text font="JQUZDQ+SimSun" bbox="210.469,511.123,221.029,521.683" colourspace="ICCBased" ncolour="[0]" size="10.560">（</text>
                <text font="JTTPDQ+SimSun" bbox="221.029,511.123,226.309,521.683" colourspace="ICCBased" ncolour="[0]" size="10.560">3</text>
                <text font="JQUZDQ+SimSun" bbox="226.309,511.123,236.869,521.683" colourspace="ICCBased" ncolour="[0]" size="10.560">）</text>
                <text font="JQUZDQ+SimSun" bbox="236.869,511.123,247.429,521.683" colourspace="ICCBased" ncolour="[0]" size="10.560">视</text>
                <text font="JQUZDQ+SimSun" bbox="247.429,511.123,257.989,521.683" colourspace="ICCBased" ncolour="[0]" size="10.560">野</text>
                <text font="JQUZDQ+SimSun" bbox="257.989,511.123,268.549,521.683" colourspace="ICCBased" ncolour="[0]" size="10.560">半</text>
                <text font="JQUZDQ+SimSun" bbox="268.310,511.123,278.870,521.683" colourspace="ICCBased" ncolour="[0]" size="10.560">径</text>
                <text font="JQUZDQ+SimSun" bbox="278.870,511.123,289.430,521.683" colourspace="ICCBased" ncolour="[0]" size="10.560">小</text>
                <text font="JQUZDQ+SimSun" bbox="289.430,511.123,299.990,521.683" colourspace="ICCBased" ncolour="[0]" size="10.560">于</text>
                <text> </text>
                <text font="JTTPDQ+SimSun" bbox="302.627,511.123,307.907,521.683" colourspace="ICCBased" ncolour="[0]" size="10.560">5</text>
                <text> </text>
                <text font="JQUZDQ+SimSun" bbox="310.304,511.123,320.864,521.683" colourspace="ICCBased" ncolour="[0]" size="10.560">度</text>
                <text font="JQUZDQ+SimSun" bbox="320.864,511.123,331.424,521.683" colourspace="ICCBased" ncolour="[0]" size="10.560">。</text>
                <text font="JTTPDQ+SimSun" bbox="331.181,511.123,336.461,521.683" colourspace="ICCBased" ncolour="[0]" size="10.560"> </text>
                <text>
                </text>
            </textline>
            <textline bbox="210.480,495.509,215.760,506.069">
                <text font="JTTPDQ+SimSun" bbox="210.480,495.509,215.760,506.069" colourspace="ICCBased" ncolour="[0]" size="10.560"> </text>
                <text>
                </text>
            </textline>
            <textline bbox="210.480,481.349,547.200,491.909">
                <text font="JQUZDQ+SimSun" bbox="210.480,481.349,221.040,491.909" colourspace="ICCBased" ncolour="[0]" size="10.560">指</text>
                <text font="JQUZDQ+SimSun" bbox="221.040,481.349,231.600,491.909" colourspace="ICCBased" ncolour="[0]" size="10.560">一</text>
                <text font="JQUZDQ+SimSun" bbox="231.600,481.349,242.160,491.909" colourspace="ICCBased" ncolour="[0]" size="10.560">种</text>
                <text font="JQUZDQ+SimSun" bbox="242.160,481.349,252.720,491.909" colourspace="ICCBased" ncolour="[0]" size="10.560">自</text>
                <text font="JQUZDQ+SimSun" bbox="252.720,481.349,263.280,491.909" colourspace="ICCBased" ncolour="[0]" size="10.560">身</text>
                <text font="JQUZDQ+SimSun" bbox="263.280,481.349,273.840,491.909" colourspace="ICCBased" ncolour="[0]" size="10.560">免</text>
                <text font="JQUZDQ+SimSun" bbox="273.840,481.349,284.400,491.909" colourspace="ICCBased" ncolour="[0]" size="10.560">疫</text>
                <text font="JQUZDQ+SimSun" bbox="284.160,481.349,294.720,491.909" colourspace="ICCBased" ncolour="[0]" size="10.560">性</text>
                <text font="JQUZDQ+SimSun" bbox="294.720,481.349,305.280,491.909" colourspace="ICCBased" ncolour="[0]" size="10.560">结</text>
                <text font="JQUZDQ+SimSun" bbox="305.280,481.349,315.840,491.909" colourspace="ICCBased" ncolour="[0]" size="10.560">缔</text>
                <text font="JQUZDQ+SimSun" bbox="315.840,481.349,326.400,491.909" colourspace="ICCBased" ncolour="[0]" size="10.560">组</text>
                <text font="JQUZDQ+SimSun" bbox="326.400,481.349,336.960,491.909" colourspace="ICCBased" ncolour="[0]" size="10.560">织</text>
                <text font="JQUZDQ+SimSun" bbox="336.960,481.349,347.520,491.909" colourspace="ICCBased" ncolour="[0]" size="10.560">病</text>
                <text font="JQUZDQ+SimSun" bbox="347.280,481.349,357.840,491.909" colourspace="ICCBased" ncolour="[0]" size="10.560">，</text>
                <text font="JQUZDQ+SimSun" bbox="357.840,481.349,368.400,491.909" colourspace="ICCBased" ncolour="[0]" size="10.560">于</text>
                <text font="JQUZDQ+SimSun" bbox="368.400,481.349,378.960,491.909" colourspace="ICCBased" ncolour="[0]" size="10.560">体</text>
                <text font="JQUZDQ+SimSun" bbox="378.960,481.349,389.520,491.909" colourspace="ICCBased" ncolour="[0]" size="10.560">内</text>
                <text font="JQUZDQ+SimSun" bbox="389.520,481.349,400.080,491.909" colourspace="ICCBased" ncolour="[0]" size="10.560">有</text>
                <text font="JQUZDQ+SimSun" bbox="399.840,481.349,410.400,491.909" colourspace="ICCBased" ncolour="[0]" size="10.560">大</text>
                <text font="JQUZDQ+SimSun" bbox="410.400,481.349,420.960,491.909" colourspace="ICCBased" ncolour="[0]" size="10.560">量</text>
                <text font="JQUZDQ+SimSun" bbox="420.960,481.349,431.520,491.909" colourspace="ICCBased" ncolour="[0]" size="10.560">致</text>
                <text font="JQUZDQ+SimSun" bbox="431.520,481.349,442.080,491.909" colourspace="ICCBased" ncolour="[0]" size="10.560">病</text>
                <text font="JQUZDQ+SimSun" bbox="442.080,481.349,452.640,491.909" colourspace="ICCBased" ncolour="[0]" size="10.560">性</text>
                <text font="JQUZDQ+SimSun" bbox="452.400,481.349,462.960,491.909" colourspace="ICCBased" ncolour="[0]" size="10.560">自</text>
                <text font="JQUZDQ+SimSun" bbox="462.960,481.349,473.520,491.909" colourspace="ICCBased" ncolour="[0]" size="10.560">身</text>
                <text font="JQUZDQ+SimSun" bbox="473.520,481.349,484.080,491.909" colourspace="ICCBased" ncolour="[0]" size="10.560">抗</text>
                <text font="JQUZDQ+SimSun" bbox="484.080,481.349,494.640,491.909" colourspace="ICCBased" ncolour="[0]" size="10.560">体</text>
                <text font="JQUZDQ+SimSun" bbox="494.640,481.349,505.200,491.909" colourspace="ICCBased" ncolour="[0]" size="10.560">和</text>
                <text font="JQUZDQ+SimSun" bbox="505.200,481.349,515.760,491.909" colourspace="ICCBased" ncolour="[0]" size="10.560">免</text>
                <text font="JQUZDQ+SimSun" bbox="515.760,481.349,526.320,491.909" colourspace="ICCBased" ncolour="[0]" size="10.560">疫</text>
                <text font="JQUZDQ+SimSun" bbox="526.080,481.349,536.640,491.909" colourspace="ICCBased" ncolour="[0]" size="10.560">复</text>
                <text font="JQUZDQ+SimSun" bbox="536.640,481.349,547.200,491.909" colourspace="ICCBased" ncolour="[0]" size="10.560">合</text>
                <text>
                </text>
            </textline>
            <textline bbox="210.480,465.752,547.200,476.312">
                <text font="JQUZDQ+SimSun" bbox="210.480,465.752,221.040,476.312" colourspace="ICCBased" ncolour="[0]" size="10.560">物</text>
                <text font="JQUZDQ+SimSun" bbox="221.040,465.752,231.600,476.312" colourspace="ICCBased" ncolour="[0]" size="10.560">，</text>
                <text font="JQUZDQ+SimSun" bbox="231.600,465.752,242.160,476.312" colourspace="ICCBased" ncolour="[0]" size="10.560">造</text>
                <text font="JQUZDQ+SimSun" bbox="242.160,465.752,252.720,476.312" colourspace="ICCBased" ncolour="[0]" size="10.560">成</text>
                <text font="JQUZDQ+SimSun" bbox="252.720,465.752,263.280,476.312" colourspace="ICCBased" ncolour="[0]" size="10.560">组</text>
                <text font="JQUZDQ+SimSun" bbox="263.280,465.752,273.840,476.312" colourspace="ICCBased" ncolour="[0]" size="10.560">织</text>
                <text font="JQUZDQ+SimSun" bbox="273.840,465.752,284.400,476.312" colourspace="ICCBased" ncolour="[0]" size="10.560">损</text>
                <text font="JQUZDQ+SimSun" bbox="284.160,465.752,294.720,476.312" colourspace="ICCBased" ncolour="[0]" size="10.560">伤</text>
                <text font="JQUZDQ+SimSun" bbox="294.720,465.752,305.280,476.312" colourspace="ICCBased" ncolour="[0]" size="10.560">。</text>
                <text font="JQUZDQ+SimSun" bbox="305.280,465.752,315.840,476.312" colourspace="ICCBased" ncolour="[0]" size="10.560">系</text>
                <text font="JQUZDQ+SimSun" bbox="315.840,465.752,326.400,476.312" colourspace="ICCBased" ncolour="[0]" size="10.560">统</text>
                <text font="JQUZDQ+SimSun" bbox="326.400,465.752,336.960,476.312" colourspace="ICCBased" ncolour="[0]" size="10.560">性</text>
                <text font="JQUZDQ+SimSun" bbox="336.960,465.752,347.520,476.312" colourspace="ICCBased" ncolour="[0]" size="10.560">红</text>
                <text font="JQUZDQ+SimSun" bbox="347.280,465.752,357.840,476.312" colourspace="ICCBased" ncolour="[0]" size="10.560">斑</text>
                <text font="JQUZDQ+SimSun" bbox="357.840,465.752,368.400,476.312" colourspace="ICCBased" ncolour="[0]" size="10.560">狼</text>
                <text font="JQUZDQ+SimSun" bbox="368.400,465.752,378.960,476.312" colourspace="ICCBased" ncolour="[0]" size="10.560">疮</text>
                <text font="JQUZDQ+SimSun" bbox="378.960,465.752,389.520,476.312" colourspace="ICCBased" ncolour="[0]" size="10.560">的</text>
                <text font="JQUZDQ+SimSun" bbox="389.520,465.752,400.080,476.312" colourspace="ICCBased" ncolour="[0]" size="10.560">诊</text>
                <text font="JQUZDQ+SimSun" bbox="399.840,465.752,410.400,476.312" colourspace="ICCBased" ncolour="[0]" size="10.560">断</text>
                <text font="JQUZDQ+SimSun" bbox="410.400,465.752,420.960,476.312" colourspace="ICCBased" ncolour="[0]" size="10.560">必</text>
                <text font="JQUZDQ+SimSun" bbox="420.960,465.752,431.520,476.312" colourspace="ICCBased" ncolour="[0]" size="10.560">须</text>
                <text font="JQUZDQ+SimSun" bbox="431.520,465.752,442.080,476.312" colourspace="ICCBased" ncolour="[0]" size="10.560">经</text>
                <text font="JQUZDQ+SimSun" bbox="442.080,465.752,452.640,476.312" colourspace="ICCBased" ncolour="[0]" size="10.560">专</text>
                <text font="JQUZDQ+SimSun" bbox="452.400,465.752,462.960,476.312" colourspace="ICCBased" ncolour="[0]" size="10.560">科</text>
                <text font="JQUZDQ+SimSun" bbox="462.960,465.752,473.520,476.312" colourspace="ICCBased" ncolour="[0]" size="10.560">医</text>
                <text font="JQUZDQ+SimSun" bbox="473.520,465.752,484.080,476.312" colourspace="ICCBased" ncolour="[0]" size="10.560">生</text>
                <text font="JQUZDQ+SimSun" bbox="484.080,465.752,494.640,476.312" colourspace="ICCBased" ncolour="[0]" size="10.560">明</text>
                <text font="JQUZDQ+SimSun" bbox="494.640,465.752,505.200,476.312" colourspace="ICCBased" ncolour="[0]" size="10.560">确</text>
                <text font="JQUZDQ+SimSun" bbox="505.200,465.752,515.760,476.312" colourspace="ICCBased" ncolour="[0]" size="10.560">诊</text>
                <text font="JQUZDQ+SimSun" bbox="515.760,465.752,526.320,476.312" colourspace="ICCBased" ncolour="[0]" size="10.560">断</text>
                <text font="JQUZDQ+SimSun" bbox="526.080,465.752,536.640,476.312" colourspace="ICCBased" ncolour="[0]" size="10.560">，</text>
                <text font="JQUZDQ+SimSun" bbox="536.640,465.752,547.200,476.312" colourspace="ICCBased" ncolour="[0]" size="10.560">并</text>
                <text>
                </text>
            </textline>
            <textline bbox="210.480,450.155,320.642,460.715">
                <text font="JQUZDQ+SimSun" bbox="210.480,450.155,221.040,460.715" colourspace="ICCBased" ncolour="[0]" size="10.560">须</text>
                <text font="JQUZDQ+SimSun" bbox="221.040,450.155,231.600,460.715" colourspace="ICCBased" ncolour="[0]" size="10.560">同</text>
                <text font="JQUZDQ+SimSun" bbox="231.600,450.155,242.160,460.715" colourspace="ICCBased" ncolour="[0]" size="10.560">时</text>
                <text font="JQUZDQ+SimSun" bbox="242.160,450.155,252.720,460.715" colourspace="ICCBased" ncolour="[0]" size="10.560">满</text>
                <text font="JQUZDQ+SimSun" bbox="252.720,450.155,263.280,460.715" colourspace="ICCBased" ncolour="[0]" size="10.560">足</text>
                <text font="JQUZDQ+SimSun" bbox="263.040,450.155,273.600,460.715" colourspace="ICCBased" ncolour="[0]" size="10.560">下</text>
                <text font="JQUZDQ+SimSun" bbox="273.600,450.155,284.160,460.715" colourspace="ICCBased" ncolour="[0]" size="10.560">列</text>
                <text font="JQUZDQ+SimSun" bbox="284.160,450.155,294.720,460.715" colourspace="ICCBased" ncolour="[0]" size="10.560">条</text>
                <text font="JQUZDQ+SimSun" bbox="294.720,450.155,305.280,460.715" colourspace="ICCBased" ncolour="[0]" size="10.560">件</text>
                <text font="JQUZDQ+SimSun" bbox="305.040,450.155,315.600,460.715" colourspace="ICCBased" ncolour="[0]" size="10.560">：</text>
                <text font="JTTPDQ+SimSun" bbox="315.362,450.155,320.642,460.715" colourspace="ICCBased" ncolour="[0]" size="10.560"> </text>
                <text>
                </text>
            </textline>
            <textline bbox="210.480,434.557,420.476,445.117">
                <text font="JQUZDQ+SimSun" bbox="210.480,434.557,221.040,445.117" colourspace="ICCBased" ncolour="[0]" size="10.560">（</text>
                <text font="JTTPDQ+SimSun" bbox="221.040,434.557,226.320,445.117" colourspace="ICCBased" ncolour="[0]" size="10.560">1</text>
                <text font="JQUZDQ+SimSun" bbox="226.320,434.557,236.880,445.117" colourspace="ICCBased" ncolour="[0]" size="10.560">）</text>
                <text font="JQUZDQ+SimSun" bbox="236.880,434.557,247.440,445.117" colourspace="ICCBased" ncolour="[0]" size="10.560">临</text>
                <text font="JQUZDQ+SimSun" bbox="247.440,434.557,258.000,445.117" colourspace="ICCBased" ncolour="[0]" size="10.560">床</text>
                <text font="JQUZDQ+SimSun" bbox="258.000,434.557,268.560,445.117" colourspace="ICCBased" ncolour="[0]" size="10.560">表</text>
                <text font="JQUZDQ+SimSun" bbox="268.320,434.557,278.880,445.117" colourspace="ICCBased" ncolour="[0]" size="10.560">现</text>
                <text font="JQUZDQ+SimSun" bbox="278.880,434.557,289.440,445.117" colourspace="ICCBased" ncolour="[0]" size="10.560">至</text>
                <text font="JQUZDQ+SimSun" bbox="289.440,434.557,300.000,445.117" colourspace="ICCBased" ncolour="[0]" size="10.560">少</text>
                <text font="JQUZDQ+SimSun" bbox="300.000,434.557,310.560,445.117" colourspace="ICCBased" ncolour="[0]" size="10.560">具</text>
                <text font="JQUZDQ+SimSun" bbox="310.320,434.557,320.880,445.117" colourspace="ICCBased" ncolour="[0]" size="10.560">备</text>
                <text font="JQUZDQ+SimSun" bbox="320.880,434.557,331.440,445.117" colourspace="ICCBased" ncolour="[0]" size="10.560">下</text>
                <text font="JQUZDQ+SimSun" bbox="331.440,434.557,342.000,445.117" colourspace="ICCBased" ncolour="[0]" size="10.560">列</text>
                <text font="JQUZDQ+SimSun" bbox="342.000,434.557,352.560,445.117" colourspace="ICCBased" ncolour="[0]" size="10.560">条</text>
                <text font="JQUZDQ+SimSun" bbox="352.320,434.557,362.880,445.117" colourspace="ICCBased" ncolour="[0]" size="10.560">件</text>
                <text font="JQUZDQ+SimSun" bbox="362.880,434.557,373.440,445.117" colourspace="ICCBased" ncolour="[0]" size="10.560">中</text>
                <text font="JQUZDQ+SimSun" bbox="373.440,434.557,384.000,445.117" colourspace="ICCBased" ncolour="[0]" size="10.560">的</text>
                <text> </text>
                <text font="JTTPDQ+SimSun" bbox="386.642,434.557,391.922,445.117" colourspace="ICCBased" ncolour="[0]" size="10.560">4</text>
                <text> </text>
                <text font="JQUZDQ+SimSun" bbox="394.319,434.557,404.879,445.117" colourspace="ICCBased" ncolour="[0]" size="10.560">个</text>
                <text font="JQUZDQ+SimSun" bbox="404.879,434.557,415.439,445.117" colourspace="ICCBased" ncolour="[0]" size="10.560">：</text>
                <text font="JTTPDQ+SimSun" bbox="415.196,434.557,420.476,445.117" colourspace="ICCBased" ncolour="[0]" size="10.560"> </text>
                <text>
                </text>
            </textline>
            <textline bbox="215.760,418.960,347.042,429.520">
                <text font="JQUZDQ+SimSun" bbox="215.760,418.960,226.320,429.520" colourspace="ICCBased" ncolour="[0]" size="10.560">①</text>
                <text font="JTTPDQ+SimSun" bbox="226.320,418.960,231.600,429.520" colourspace="ICCBased" ncolour="[0]" size="10.560"> </text>
                <text font="JTTPDQ+SimSun" bbox="231.600,418.960,236.880,429.520" colourspace="ICCBased" ncolour="[0]" size="10.560"> </text>
                <text font="JQUZDQ+SimSun" bbox="236.880,418.960,247.440,429.520" colourspace="ICCBased" ncolour="[0]" size="10.560">蝶</text>
                <text font="JQUZDQ+SimSun" bbox="247.440,418.960,258.000,429.520" colourspace="ICCBased" ncolour="[0]" size="10.560">形</text>
                <text font="JQUZDQ+SimSun" bbox="258.000,418.960,268.560,429.520" colourspace="ICCBased" ncolour="[0]" size="10.560">红</text>
                <text font="JQUZDQ+SimSun" bbox="268.320,418.960,278.880,429.520" colourspace="ICCBased" ncolour="[0]" size="10.560">斑</text>
                <text font="JQUZDQ+SimSun" bbox="278.880,418.960,289.440,429.520" colourspace="ICCBased" ncolour="[0]" size="10.560">或</text>
                <text font="JQUZDQ+SimSun" bbox="289.440,418.960,300.000,429.520" colourspace="ICCBased" ncolour="[0]" size="10.560">盘</text>
                <text font="JQUZDQ+SimSun" bbox="300.000,418.960,310.560,429.520" colourspace="ICCBased" ncolour="[0]" size="10.560">形</text>
                <text font="JQUZDQ+SimSun" bbox="310.320,418.960,320.880,429.520" colourspace="ICCBased" ncolour="[0]" size="10.560">红</text>
                <text font="JQUZDQ+SimSun" bbox="320.880,418.960,331.440,429.520" colourspace="ICCBased" ncolour="[0]" size="10.560">斑</text>
                <text font="JQUZDQ+SimSun" bbox="331.440,418.960,342.000,429.520" colourspace="ICCBased" ncolour="[0]" size="10.560">；</text>
                <text font="JTTPDQ+SimSun" bbox="341.762,418.960,347.042,429.520" colourspace="ICCBased" ncolour="[0]" size="10.560"> </text>
                <text>
                </text>
            </textline>
            <textline bbox="215.760,403.363,283.925,413.923">
                <text font="JQUZDQ+SimSun" bbox="215.760,403.363,226.320,413.923" colourspace="ICCBased" ncolour="[0]" size="10.560">②</text>
                <text font="JTTPDQ+SimSun" bbox="226.320,403.363,231.600,413.923" colourspace="ICCBased" ncolour="[0]" size="10.560"> </text>
                <text font="JTTPDQ+SimSun" bbox="231.600,403.363,236.880,413.923" colourspace="ICCBased" ncolour="[0]" size="10.560"> </text>
                <text font="JQUZDQ+SimSun" bbox="236.880,403.363,247.440,413.923" colourspace="ICCBased" ncolour="[0]" size="10.560">光</text>
                <text font="JQUZDQ+SimSun" bbox="247.440,403.363,258.000,413.923" colourspace="ICCBased" ncolour="[0]" size="10.560">敏</text>
                <text font="JQUZDQ+SimSun" bbox="258.000,403.363,268.560,413.923" colourspace="ICCBased" ncolour="[0]" size="10.560">感</text>
                <text font="JQUZDQ+SimSun" bbox="268.320,403.363,278.880,413.923" colourspace="ICCBased" ncolour="[0]" size="10.560">；</text>
                <text font="JTTPDQ+SimSun" bbox="278.645,403.363,283.925,413.923" colourspace="ICCBased" ncolour="[0]" size="10.560"> </text>
                <text>
                </text>
            </textline>
            <textline bbox="215.760,387.766,325.922,398.326">
                <text font="JQUZDQ+SimSun" bbox="215.760,387.766,226.320,398.326" colourspace="ICCBased" ncolour="[0]" size="10.560">③</text>
                <text font="JTTPDQ+SimSun" bbox="226.320,387.766,231.600,398.326" colourspace="ICCBased" ncolour="[0]" size="10.560"> </text>
                <text font="JTTPDQ+SimSun" bbox="231.600,387.766,236.880,398.326" colourspace="ICCBased" ncolour="[0]" size="10.560"> </text>
                <text font="JQUZDQ+SimSun" bbox="236.880,387.766,247.440,398.326" colourspace="ICCBased" ncolour="[0]" size="10.560">口</text>
                <text font="JQUZDQ+SimSun" bbox="247.440,387.766,258.000,398.326" colourspace="ICCBased" ncolour="[0]" size="10.560">鼻</text>
                <text font="JQUZDQ+SimSun" bbox="258.000,387.766,268.560,398.326" colourspace="ICCBased" ncolour="[0]" size="10.560">腔</text>
                <text font="JQUZDQ+SimSun" bbox="268.320,387.766,278.880,398.326" colourspace="ICCBased" ncolour="[0]" size="10.560">黏</text>
                <text font="JQUZDQ+SimSun" bbox="278.880,387.766,289.440,398.326" colourspace="ICCBased" ncolour="[0]" size="10.560">膜</text>
                <text font="JQUZDQ+SimSun" bbox="289.440,387.766,300.000,398.326" colourspace="ICCBased" ncolour="[0]" size="10.560">溃</text>
                <text font="JQUZDQ+SimSun" bbox="300.000,387.766,310.560,398.326" colourspace="ICCBased" ncolour="[0]" size="10.560">疡</text>
                <text font="JQUZDQ+SimSun" bbox="310.320,387.766,320.880,398.326" colourspace="ICCBased" ncolour="[0]" size="10.560">；</text>
                <text font="JTTPDQ+SimSun" bbox="320.642,387.766,325.922,398.326" colourspace="ICCBased" ncolour="[0]" size="10.560"> </text>
                <text>
                </text>
            </textline>
            <textline bbox="215.760,372.169,378.479,382.729">
                <text font="JQUZDQ+SimSun" bbox="215.760,372.169,226.320,382.729" colourspace="ICCBased" ncolour="[0]" size="10.560">④</text>
                <text font="JTTPDQ+SimSun" bbox="226.320,372.169,231.600,382.729" colourspace="ICCBased" ncolour="[0]" size="10.560"> </text>
                <text font="JTTPDQ+SimSun" bbox="231.600,372.169,236.880,382.729" colourspace="ICCBased" ncolour="[0]" size="10.560"> </text>
                <text font="JQUZDQ+SimSun" bbox="236.880,372.169,247.440,382.729" colourspace="ICCBased" ncolour="[0]" size="10.560">非</text>
                <text font="JQUZDQ+SimSun" bbox="247.440,372.169,258.000,382.729" colourspace="ICCBased" ncolour="[0]" size="10.560">畸</text>
                <text font="JQUZDQ+SimSun" bbox="258.000,372.169,268.560,382.729" colourspace="ICCBased" ncolour="[0]" size="10.560">形</text>
                <text font="JQUZDQ+SimSun" bbox="268.320,372.169,278.880,382.729" colourspace="ICCBased" ncolour="[0]" size="10.560">性</text>
                <text font="JQUZDQ+SimSun" bbox="278.880,372.169,289.440,382.729" colourspace="ICCBased" ncolour="[0]" size="10.560">关</text>
                <text font="JQUZDQ+SimSun" bbox="289.440,372.169,300.000,382.729" colourspace="ICCBased" ncolour="[0]" size="10.560">节</text>
                <text font="JQUZDQ+SimSun" bbox="300.000,372.169,310.560,382.729" colourspace="ICCBased" ncolour="[0]" size="10.560">炎</text>
                <text font="JQUZDQ+SimSun" bbox="310.320,372.169,320.880,382.729" colourspace="ICCBased" ncolour="[0]" size="10.560">或</text>
                <text font="JQUZDQ+SimSun" bbox="320.880,372.169,331.440,382.729" colourspace="ICCBased" ncolour="[0]" size="10.560">多</text>
                <text font="JQUZDQ+SimSun" bbox="331.440,372.169,342.000,382.729" colourspace="ICCBased" ncolour="[0]" size="10.560">关</text>
                <text font="JQUZDQ+SimSun" bbox="342.000,372.169,352.560,382.729" colourspace="ICCBased" ncolour="[0]" size="10.560">节</text>
                <text font="JQUZDQ+SimSun" bbox="352.320,372.169,362.880,382.729" colourspace="ICCBased" ncolour="[0]" size="10.560">痛</text>
                <text font="JQUZDQ+SimSun" bbox="362.880,372.169,373.440,382.729" colourspace="ICCBased" ncolour="[0]" size="10.560">；</text>
                <text font="JTTPDQ+SimSun" bbox="373.199,372.169,378.479,382.729" colourspace="ICCBased" ncolour="[0]" size="10.560"> </text>
                <text>
                </text>
            </textline>
            <textline bbox="215.760,356.572,325.922,367.132">
                <text font="JQUZDQ+SimSun" bbox="215.760,356.572,226.320,367.132" colourspace="ICCBased" ncolour="[0]" size="10.560">⑤</text>
                <text font="JTTPDQ+SimSun" bbox="226.320,356.572,231.600,367.132" colourspace="ICCBased" ncolour="[0]" size="10.560"> </text>
                <text font="JTTPDQ+SimSun" bbox="231.600,356.572,236.880,367.132" colourspace="ICCBased" ncolour="[0]" size="10.560"> </text>
                <text font="JQUZDQ+SimSun" bbox="236.880,356.572,247.440,367.132" colourspace="ICCBased" ncolour="[0]" size="10.560">胸</text>
                <text font="JQUZDQ+SimSun" bbox="247.440,356.572,258.000,367.132" colourspace="ICCBased" ncolour="[0]" size="10.560">膜</text>
                <text font="JQUZDQ+SimSun" bbox="258.000,356.572,268.560,367.132" colourspace="ICCBased" ncolour="[0]" size="10.560">炎</text>
                <text font="JQUZDQ+SimSun" bbox="268.320,356.572,278.880,367.132" colourspace="ICCBased" ncolour="[0]" size="10.560">或</text>
                <text font="JQUZDQ+SimSun" bbox="278.880,356.572,289.440,367.132" colourspace="ICCBased" ncolour="[0]" size="10.560">心</text>
                <text font="JQUZDQ+SimSun" bbox="289.440,356.572,300.000,367.132" colourspace="ICCBased" ncolour="[0]" size="10.560">包</text>
                <text font="JQUZDQ+SimSun" bbox="300.000,356.572,310.560,367.132" colourspace="ICCBased" ncolour="[0]" size="10.560">炎</text>
                <text font="JQUZDQ+SimSun" bbox="310.320,356.572,320.880,367.132" colourspace="ICCBased" ncolour="[0]" size="10.560">；</text>
                <text font="JTTPDQ+SimSun" bbox="320.642,356.572,325.922,367.132" colourspace="ICCBased" ncolour="[0]" size="10.560"> </text>
                <text>
                </text>
            </textline>
            <textline bbox="215.760,340.975,404.879,351.535">
                <text font="JQUZDQ+SimSun" bbox="215.760,340.975,226.320,351.535" colourspace="ICCBased" ncolour="[0]" size="10.560">⑥</text>
                <text font="JTTPDQ+SimSun" bbox="226.320,340.975,231.600,351.535" colourspace="ICCBased" ncolour="[0]" size="10.560"> </text>
                <text font="JTTPDQ+SimSun" bbox="231.600,340.975,236.880,351.535" colourspace="ICCBased" ncolour="[0]" size="10.560"> </text>
                <text font="JQUZDQ+SimSun" bbox="236.880,340.975,247.440,351.535" colourspace="ICCBased" ncolour="[0]" size="10.560">神</text>
                <text font="JQUZDQ+SimSun" bbox="247.440,340.975,258.000,351.535" colourspace="ICCBased" ncolour="[0]" size="10.560">经</text>
                <text font="JQUZDQ+SimSun" bbox="258.000,340.975,268.560,351.535" colourspace="ICCBased" ncolour="[0]" size="10.560">系</text>
                <text font="JQUZDQ+SimSun" bbox="268.320,340.975,278.880,351.535" colourspace="ICCBased" ncolour="[0]" size="10.560">统</text>
                <text font="JQUZDQ+SimSun" bbox="278.880,340.975,289.440,351.535" colourspace="ICCBased" ncolour="[0]" size="10.560">损</text>
                <text font="JQUZDQ+SimSun" bbox="289.440,340.975,300.000,351.535" colourspace="ICCBased" ncolour="[0]" size="10.560">伤</text>
                <text font="JQUZDQ+SimSun" bbox="300.000,340.975,310.560,351.535" colourspace="ICCBased" ncolour="[0]" size="10.560">（</text>
                <text font="JQUZDQ+SimSun" bbox="310.320,340.975,320.880,351.535" colourspace="ICCBased" ncolour="[0]" size="10.560">癫</text>
                <text font="JQUZDQ+SimSun" bbox="320.880,340.975,331.440,351.535" colourspace="ICCBased" ncolour="[0]" size="10.560">痫</text>
                <text font="JQUZDQ+SimSun" bbox="331.440,340.975,342.000,351.535" colourspace="ICCBased" ncolour="[0]" size="10.560">或</text>
                <text font="JQUZDQ+SimSun" bbox="342.000,340.975,352.560,351.535" colourspace="ICCBased" ncolour="[0]" size="10.560">精</text>
                <text font="JQUZDQ+SimSun" bbox="352.320,340.975,362.880,351.535" colourspace="ICCBased" ncolour="[0]" size="10.560">神</text>
                <text font="JQUZDQ+SimSun" bbox="362.880,340.975,373.440,351.535" colourspace="ICCBased" ncolour="[0]" size="10.560">症</text>
                <text font="JQUZDQ+SimSun" bbox="373.440,340.975,384.000,351.535" colourspace="ICCBased" ncolour="[0]" size="10.560">状</text>
                <text font="JQUZDQ+SimSun" bbox="384.000,340.975,394.560,351.535" colourspace="ICCBased" ncolour="[0]" size="10.560">）</text>
                <text font="JQUZDQ+SimSun" bbox="389.280,340.975,399.840,351.535" colourspace="ICCBased" ncolour="[0]" size="10.560">；</text>
                <text font="JTTPDQ+SimSun" bbox="399.599,340.975,404.879,351.535" colourspace="ICCBased" ncolour="[0]" size="10.560"> </text>
                <text>
                </text>
            </textline>
            <textline bbox="215.760,325.378,547.199,335.938">
                <text font="JQUZDQ+SimSun" bbox="215.760,325.378,226.320,335.938" colourspace="ICCBased" ncolour="[0]" size="10.560">⑦</text>
                <text font="JTTPDQ+SimSun" bbox="226.320,325.378,231.600,335.938" colourspace="ICCBased" ncolour="[0]" size="10.560"> </text>
                <text font="JTTPDQ+SimSun" bbox="231.600,325.378,236.880,335.938" colourspace="ICCBased" ncolour="[0]" size="10.560"> </text>
                <text font="JQUZDQ+SimSun" bbox="236.880,325.378,247.440,335.938" colourspace="ICCBased" ncolour="[0]" size="10.560">血</text>
                <text font="JQUZDQ+SimSun" bbox="247.440,325.378,258.000,335.938" colourspace="ICCBased" ncolour="[0]" size="10.560">象</text>
                <text font="JQUZDQ+SimSun" bbox="258.000,325.378,268.560,335.938" colourspace="ICCBased" ncolour="[0]" size="10.560">异</text>
                <text font="JQUZDQ+SimSun" bbox="268.320,325.378,278.880,335.938" colourspace="ICCBased" ncolour="[0]" size="10.560">常</text>
                <text font="JQUZDQ+SimSun" bbox="274.080,325.378,284.640,335.938" colourspace="ICCBased" ncolour="[0]" size="10.560">（</text>
                <text font="JQUZDQ+SimSun" bbox="284.640,325.378,295.200,335.938" colourspace="ICCBased" ncolour="[0]" size="10.560">白</text>
                <text font="JQUZDQ+SimSun" bbox="295.200,325.378,305.760,335.938" colourspace="ICCBased" ncolour="[0]" size="10.560">细</text>
                <text font="JQUZDQ+SimSun" bbox="305.760,325.378,316.320,335.938" colourspace="ICCBased" ncolour="[0]" size="10.560">胞</text>
                <text font="JQUZDQ+SimSun" bbox="316.080,325.378,326.640,335.938" colourspace="ICCBased" ncolour="[0]" size="10.560">小</text>
                <text font="JQUZDQ+SimSun" bbox="326.640,325.378,337.200,335.938" colourspace="ICCBased" ncolour="[0]" size="10.560">于</text>
                <text> </text>
                <text font="JTTPDQ+SimSun" bbox="339.840,325.378,345.120,335.938" colourspace="ICCBased" ncolour="[0]" size="10.560">4</text>
                <text font="JTTPDQ+SimSun" bbox="345.120,325.378,350.400,335.938" colourspace="ICCBased" ncolour="[0]" size="10.560">0</text>
                <text font="JTTPDQ+SimSun" bbox="350.400,325.378,355.680,335.938" colourspace="ICCBased" ncolour="[0]" size="10.560">0</text>
                <text font="JTTPDQ+SimSun" bbox="355.680,325.378,360.960,335.938" colourspace="ICCBased" ncolour="[0]" size="10.560">0</text>
                <text font="JTTPDQ+SimSun" bbox="360.720,325.378,366.000,335.938" colourspace="ICCBased" ncolour="[0]" size="10.560">/</text>
                <text font="JQUZDQ+SimSun" bbox="366.000,325.378,376.560,335.938" colourspace="ICCBased" ncolour="[0]" size="10.560">μ</text>
                <text font="JTTPDQ+SimSun" bbox="376.560,325.378,381.840,335.938" colourspace="ICCBased" ncolour="[0]" size="10.560">l</text>
                <text> </text>
                <text font="JQUZDQ+SimSun" bbox="384.477,325.378,395.037,335.938" colourspace="ICCBased" ncolour="[0]" size="10.560">或</text>
                <text font="JQUZDQ+SimSun" bbox="394.797,325.378,405.357,335.938" colourspace="ICCBased" ncolour="[0]" size="10.560">血</text>
                <text font="JQUZDQ+SimSun" bbox="405.357,325.378,415.917,335.938" colourspace="ICCBased" ncolour="[0]" size="10.560">小</text>
                <text font="JQUZDQ+SimSun" bbox="415.917,325.378,426.477,335.938" colourspace="ICCBased" ncolour="[0]" size="10.560">板</text>
                <text font="JQUZDQ+SimSun" bbox="426.477,325.378,437.037,335.938" colourspace="ICCBased" ncolour="[0]" size="10.560">小</text>
                <text font="JQUZDQ+SimSun" bbox="436.798,325.378,447.358,335.938" colourspace="ICCBased" ncolour="[0]" size="10.560">于</text>
                <text> </text>
                <text font="JTTPDQ+SimSun" bbox="450.002,325.378,455.282,335.938" colourspace="ICCBased" ncolour="[0]" size="10.560">1</text>
                <text font="JTTPDQ+SimSun" bbox="455.282,325.378,460.562,335.938" colourspace="ICCBased" ncolour="[0]" size="10.560">0</text>
                <text font="JTTPDQ+SimSun" bbox="460.322,325.378,465.602,335.938" colourspace="ICCBased" ncolour="[0]" size="10.560">0</text>
                <text font="JTTPDQ+SimSun" bbox="465.602,325.378,470.882,335.938" colourspace="ICCBased" ncolour="[0]" size="10.560">0</text>
                <text font="JTTPDQ+SimSun" bbox="470.882,325.378,476.162,335.938" colourspace="ICCBased" ncolour="[0]" size="10.560">0</text>
                <text font="JTTPDQ+SimSun" bbox="476.162,325.378,481.442,335.938" colourspace="ICCBased" ncolour="[0]" size="10.560">0</text>
                <text font="JTTPDQ+SimSun" bbox="481.442,325.378,486.722,335.938" colourspace="ICCBased" ncolour="[0]" size="10.560">/</text>
                <text font="JQUZDQ+SimSun" bbox="486.722,325.378,497.282,335.938" colourspace="ICCBased" ncolour="[0]" size="10.560">μ</text>
                <text font="JTTPDQ+SimSun" bbox="497.282,325.378,502.562,335.938" colourspace="ICCBased" ncolour="[0]" size="10.560">l</text>
                <text> </text>
                <text font="JQUZDQ+SimSun" bbox="505.199,325.378,515.759,335.938" colourspace="ICCBased" ncolour="[0]" size="10.560">或</text>
                <text font="JQUZDQ+SimSun" bbox="515.519,325.378,526.079,335.938" colourspace="ICCBased" ncolour="[0]" size="10.560">溶</text>
                <text font="JQUZDQ+SimSun" bbox="526.079,325.378,536.639,335.938" colourspace="ICCBased" ncolour="[0]" size="10.560">血</text>
                <text font="JQUZDQ+SimSun" bbox="536.639,325.378,547.199,335.938" colourspace="ICCBased" ncolour="[0]" size="10.560">性</text>
                <text>
                </text>
            </textline>
        </textbox>
        <textbox id="9" bbox="236.637,309.780,278.634,320.340">
            <textline bbox="236.637,309.780,278.634,320.340">
                <text font="JQUZDQ+SimSun" bbox="236.637,309.780,247.197,320.340" colourspace="ICCBased" ncolour="[0]" size="10.560">贫</text>
                <text font="JQUZDQ+SimSun" bbox="247.197,309.780,257.757,320.340" colourspace="ICCBased" ncolour="[0]" size="10.560">血</text>
                <text font="JQUZDQ+SimSun" bbox="257.757,309.780,268.317,320.340" colourspace="ICCBased" ncolour="[0]" size="10.560">）</text>
                <text font="JQUZDQ+SimSun" bbox="263.037,309.780,273.597,320.340" colourspace="ICCBased" ncolour="[0]" size="10.560">。</text>
                <text font="JTTPDQ+SimSun" bbox="273.354,309.780,278.634,320.340" colourspace="ICCBased" ncolour="[0]" size="10.560"> </text>
                <text>
                </text>
            </textline>
        </textbox>
        <textbox id="10" bbox="210.469,216.198,462.473,304.743">
            <textline bbox="210.469,294.183,420.466,304.743">
                <text font="JQUZDQ+SimSun" bbox="210.469,294.183,221.029,304.743" colourspace="ICCBased" ncolour="[0]" size="10.560">（</text>
                <text font="JTTPDQ+SimSun" bbox="221.029,294.183,226.309,304.743" colourspace="ICCBased" ncolour="[0]" size="10.560">2</text>
                <text font="JQUZDQ+SimSun" bbox="226.309,294.183,236.869,304.743" colourspace="ICCBased" ncolour="[0]" size="10.560">）</text>
                <text font="JQUZDQ+SimSun" bbox="236.869,294.183,247.429,304.743" colourspace="ICCBased" ncolour="[0]" size="10.560">检</text>
                <text font="JQUZDQ+SimSun" bbox="247.429,294.183,257.989,304.743" colourspace="ICCBased" ncolour="[0]" size="10.560">测</text>
                <text font="JQUZDQ+SimSun" bbox="257.989,294.183,268.549,304.743" colourspace="ICCBased" ncolour="[0]" size="10.560">结</text>
                <text font="JQUZDQ+SimSun" bbox="268.310,294.183,278.870,304.743" colourspace="ICCBased" ncolour="[0]" size="10.560">果</text>
                <text font="JQUZDQ+SimSun" bbox="278.870,294.183,289.430,304.743" colourspace="ICCBased" ncolour="[0]" size="10.560">至</text>
                <text font="JQUZDQ+SimSun" bbox="289.430,294.183,299.990,304.743" colourspace="ICCBased" ncolour="[0]" size="10.560">少</text>
                <text font="JQUZDQ+SimSun" bbox="299.990,294.183,310.550,304.743" colourspace="ICCBased" ncolour="[0]" size="10.560">具</text>
                <text font="JQUZDQ+SimSun" bbox="310.309,294.183,320.869,304.743" colourspace="ICCBased" ncolour="[0]" size="10.560">备</text>
                <text font="JQUZDQ+SimSun" bbox="320.869,294.183,331.429,304.743" colourspace="ICCBased" ncolour="[0]" size="10.560">下</text>
                <text font="JQUZDQ+SimSun" bbox="331.429,294.183,341.989,304.743" colourspace="ICCBased" ncolour="[0]" size="10.560">列</text>
                <text font="JQUZDQ+SimSun" bbox="341.989,294.183,352.549,304.743" colourspace="ICCBased" ncolour="[0]" size="10.560">条</text>
                <text font="JQUZDQ+SimSun" bbox="352.309,294.183,362.869,304.743" colourspace="ICCBased" ncolour="[0]" size="10.560">件</text>
                <text font="JQUZDQ+SimSun" bbox="362.869,294.183,373.429,304.743" colourspace="ICCBased" ncolour="[0]" size="10.560">中</text>
                <text font="JQUZDQ+SimSun" bbox="373.429,294.183,383.989,304.743" colourspace="ICCBased" ncolour="[0]" size="10.560">的</text>
                <text> </text>
                <text font="JTTPDQ+SimSun" bbox="386.631,294.183,391.911,304.743" colourspace="ICCBased" ncolour="[0]" size="10.560">2</text>
                <text> </text>
                <text font="JQUZDQ+SimSun" bbox="394.308,294.183,404.868,304.743" colourspace="ICCBased" ncolour="[0]" size="10.560">个</text>
                <text font="JQUZDQ+SimSun" bbox="404.868,294.183,415.428,304.743" colourspace="ICCBased" ncolour="[0]" size="10.560">：</text>
                <text font="JTTPDQ+SimSun" bbox="415.186,294.183,420.466,304.743" colourspace="ICCBased" ncolour="[0]" size="10.560"> </text>
                <text>
                </text>
            </textline>
            <textline bbox="215.749,278.586,336.471,289.146">
                <text font="JQUZDQ+SimSun" bbox="215.749,278.586,226.309,289.146" colourspace="ICCBased" ncolour="[0]" size="10.560">①</text>
                <text font="JTTPDQ+SimSun" bbox="226.309,278.586,231.589,289.146" colourspace="ICCBased" ncolour="[0]" size="10.560"> </text>
                <text font="JTTPDQ+SimSun" bbox="231.589,278.586,236.869,289.146" colourspace="ICCBased" ncolour="[0]" size="10.560"> </text>
                <text font="JQUZDQ+SimSun" bbox="236.869,278.586,247.429,289.146" colourspace="ICCBased" ncolour="[0]" size="10.560">抗</text>
                <text> </text>
                <text font="JTTPDQ+SimSun" bbox="250.069,278.586,255.349,289.146" colourspace="ICCBased" ncolour="[0]" size="10.560">d</text>
                <text font="JTTPDQ+SimSun" bbox="255.349,278.586,260.629,289.146" colourspace="ICCBased" ncolour="[0]" size="10.560">s</text>
                <text font="JTTPDQ+SimSun" bbox="260.629,278.586,265.909,289.146" colourspace="ICCBased" ncolour="[0]" size="10.560">D</text>
                <text font="JTTPDQ+SimSun" bbox="265.909,278.586,271.189,289.146" colourspace="ICCBased" ncolour="[0]" size="10.560">N</text>
                <text font="JTTPDQ+SimSun" bbox="270.950,278.586,276.230,289.146" colourspace="ICCBased" ncolour="[0]" size="10.560">A</text>
                <text> </text>
                <text font="JQUZDQ+SimSun" bbox="278.867,278.586,289.427,289.146" colourspace="ICCBased" ncolour="[0]" size="10.560">抗</text>
                <text font="JQUZDQ+SimSun" bbox="289.427,278.586,299.987,289.146" colourspace="ICCBased" ncolour="[0]" size="10.560">体</text>
                <text font="JQUZDQ+SimSun" bbox="299.987,278.586,310.547,289.146" colourspace="ICCBased" ncolour="[0]" size="10.560">阳</text>
                <text font="JQUZDQ+SimSun" bbox="310.307,278.586,320.867,289.146" colourspace="ICCBased" ncolour="[0]" size="10.560">性</text>
                <text font="JQUZDQ+SimSun" bbox="320.867,278.586,331.427,289.146" colourspace="ICCBased" ncolour="[0]" size="10.560">；</text>
                <text font="JTTPDQ+SimSun" bbox="331.191,278.586,336.471,289.146" colourspace="ICCBased" ncolour="[0]" size="10.560"> </text>
                <text>
                </text>
            </textline>
            <textline bbox="215.749,262.989,320.874,273.549">
                <text font="JQUZDQ+SimSun" bbox="215.749,262.989,226.309,273.549" colourspace="ICCBased" ncolour="[0]" size="10.560">②</text>
                <text font="JTTPDQ+SimSun" bbox="226.309,262.989,231.589,273.549" colourspace="ICCBased" ncolour="[0]" size="10.560"> </text>
                <text font="JTTPDQ+SimSun" bbox="231.589,262.989,236.869,273.549" colourspace="ICCBased" ncolour="[0]" size="10.560"> </text>
                <text font="JQUZDQ+SimSun" bbox="236.869,262.989,247.429,273.549" colourspace="ICCBased" ncolour="[0]" size="10.560">抗</text>
                <text> </text>
                <text font="JTTPDQ+SimSun" bbox="250.069,262.989,255.349,273.549" colourspace="ICCBased" ncolour="[0]" size="10.560">S</text>
                <text font="JTTPDQ+SimSun" bbox="255.349,262.989,260.629,273.549" colourspace="ICCBased" ncolour="[0]" size="10.560">m</text>
                <text> </text>
                <text font="JQUZDQ+SimSun" bbox="263.269,262.989,273.829,273.549" colourspace="ICCBased" ncolour="[0]" size="10.560">抗</text>
                <text font="JQUZDQ+SimSun" bbox="273.590,262.989,284.150,273.549" colourspace="ICCBased" ncolour="[0]" size="10.560">体</text>
                <text font="JQUZDQ+SimSun" bbox="284.150,262.989,294.710,273.549" colourspace="ICCBased" ncolour="[0]" size="10.560">阳</text>
                <text font="JQUZDQ+SimSun" bbox="294.710,262.989,305.270,273.549" colourspace="ICCBased" ncolour="[0]" size="10.560">性</text>
                <text font="JQUZDQ+SimSun" bbox="305.270,262.989,315.830,273.549" colourspace="ICCBased" ncolour="[0]" size="10.560">；</text>
                <text font="JTTPDQ+SimSun" bbox="315.594,262.989,320.874,273.549" colourspace="ICCBased" ncolour="[0]" size="10.560"> </text>
                <text>
                </text>
            </textline>
            <textline bbox="215.749,247.392,315.594,257.952">
                <text font="JQUZDQ+SimSun" bbox="215.749,247.392,226.309,257.952" colourspace="ICCBased" ncolour="[0]" size="10.560">③</text>
                <text font="JTTPDQ+SimSun" bbox="226.309,247.392,231.589,257.952" colourspace="ICCBased" ncolour="[0]" size="10.560"> </text>
                <text font="JTTPDQ+SimSun" bbox="231.589,247.392,236.869,257.952" colourspace="ICCBased" ncolour="[0]" size="10.560"> </text>
                <text font="JQUZDQ+SimSun" bbox="236.869,247.392,247.429,257.952" colourspace="ICCBased" ncolour="[0]" size="10.560">抗</text>
                <text font="JQUZDQ+SimSun" bbox="247.429,247.392,257.989,257.952" colourspace="ICCBased" ncolour="[0]" size="10.560">核</text>
                <text font="JQUZDQ+SimSun" bbox="257.989,247.392,268.549,257.952" colourspace="ICCBased" ncolour="[0]" size="10.560">抗</text>
                <text font="JQUZDQ+SimSun" bbox="268.310,247.392,278.870,257.952" colourspace="ICCBased" ncolour="[0]" size="10.560">体</text>
                <text font="JQUZDQ+SimSun" bbox="278.870,247.392,289.430,257.952" colourspace="ICCBased" ncolour="[0]" size="10.560">阳</text>
                <text font="JQUZDQ+SimSun" bbox="289.430,247.392,299.990,257.952" colourspace="ICCBased" ncolour="[0]" size="10.560">性</text>
                <text font="JQUZDQ+SimSun" bbox="299.990,247.392,310.550,257.952" colourspace="ICCBased" ncolour="[0]" size="10.560">；</text>
                <text font="JTTPDQ+SimSun" bbox="310.314,247.392,315.594,257.952" colourspace="ICCBased" ncolour="[0]" size="10.560"> </text>
                <text>
                </text>
            </textline>
            <textline bbox="215.749,231.795,462.473,242.355">
                <text font="JQUZDQ+SimSun" bbox="215.749,231.795,226.309,242.355" colourspace="ICCBased" ncolour="[0]" size="10.560">④</text>
                <text font="JTTPDQ+SimSun" bbox="226.309,231.795,231.589,242.355" colourspace="ICCBased" ncolour="[0]" size="10.560"> </text>
                <text font="JTTPDQ+SimSun" bbox="231.589,231.795,236.869,242.355" colourspace="ICCBased" ncolour="[0]" size="10.560"> </text>
                <text font="JQUZDQ+SimSun" bbox="236.869,231.795,247.429,242.355" colourspace="ICCBased" ncolour="[0]" size="10.560">皮</text>
                <text font="JQUZDQ+SimSun" bbox="247.429,231.795,257.989,242.355" colourspace="ICCBased" ncolour="[0]" size="10.560">肤</text>
                <text font="JQUZDQ+SimSun" bbox="257.989,231.795,268.549,242.355" colourspace="ICCBased" ncolour="[0]" size="10.560">狼</text>
                <text font="JQUZDQ+SimSun" bbox="268.310,231.795,278.870,242.355" colourspace="ICCBased" ncolour="[0]" size="10.560">疮</text>
                <text font="JQUZDQ+SimSun" bbox="278.870,231.795,289.430,242.355" colourspace="ICCBased" ncolour="[0]" size="10.560">带</text>
                <text font="JQUZDQ+SimSun" bbox="289.430,231.795,299.990,242.355" colourspace="ICCBased" ncolour="[0]" size="10.560">试</text>
                <text font="JQUZDQ+SimSun" bbox="299.990,231.795,310.550,242.355" colourspace="ICCBased" ncolour="[0]" size="10.560">验</text>
                <text font="JQUZDQ+SimSun" bbox="310.309,231.795,320.869,242.355" colourspace="ICCBased" ncolour="[0]" size="10.560">（</text>
                <text font="JQUZDQ+SimSun" bbox="320.869,231.795,331.429,242.355" colourspace="ICCBased" ncolour="[0]" size="10.560">非</text>
                <text font="JQUZDQ+SimSun" bbox="331.429,231.795,341.989,242.355" colourspace="ICCBased" ncolour="[0]" size="10.560">病</text>
                <text font="JQUZDQ+SimSun" bbox="341.989,231.795,352.549,242.355" colourspace="ICCBased" ncolour="[0]" size="10.560">损</text>
                <text font="JQUZDQ+SimSun" bbox="352.309,231.795,362.869,242.355" colourspace="ICCBased" ncolour="[0]" size="10.560">部</text>
                <text font="JQUZDQ+SimSun" bbox="362.869,231.795,373.429,242.355" colourspace="ICCBased" ncolour="[0]" size="10.560">位</text>
                <text font="JQUZDQ+SimSun" bbox="373.429,231.795,383.989,242.355" colourspace="ICCBased" ncolour="[0]" size="10.560">）</text>
                <text font="JQUZDQ+SimSun" bbox="383.989,231.795,394.549,242.355" colourspace="ICCBased" ncolour="[0]" size="10.560">或</text>
                <text font="JQUZDQ+SimSun" bbox="394.310,231.795,404.870,242.355" colourspace="ICCBased" ncolour="[0]" size="10.560">肾</text>
                <text font="JQUZDQ+SimSun" bbox="404.870,231.795,415.430,242.355" colourspace="ICCBased" ncolour="[0]" size="10.560">活</text>
                <text font="JQUZDQ+SimSun" bbox="415.430,231.795,425.990,242.355" colourspace="ICCBased" ncolour="[0]" size="10.560">检</text>
                <text font="JQUZDQ+SimSun" bbox="425.990,231.795,436.550,242.355" colourspace="ICCBased" ncolour="[0]" size="10.560">阳</text>
                <text font="JQUZDQ+SimSun" bbox="436.310,231.795,446.870,242.355" colourspace="ICCBased" ncolour="[0]" size="10.560">性</text>
                <text font="JQUZDQ+SimSun" bbox="446.870,231.795,457.430,242.355" colourspace="ICCBased" ncolour="[0]" size="10.560">；</text>
                <text font="JTTPDQ+SimSun" bbox="457.193,231.795,462.473,242.355" colourspace="ICCBased" ncolour="[0]" size="10.560"> </text>
                <text>
                </text>
            </textline>
            <textline bbox="215.749,216.198,318.234,226.758">
                <text font="JQUZDQ+SimSun" bbox="215.749,216.198,226.309,226.758" colourspace="ICCBased" ncolour="[0]" size="10.560">⑤</text>
                <text font="JTTPDQ+SimSun" bbox="226.309,216.198,231.589,226.758" colourspace="ICCBased" ncolour="[0]" size="10.560"> </text>
                <text font="JTTPDQ+SimSun" bbox="231.589,216.198,236.869,226.758" colourspace="ICCBased" ncolour="[0]" size="10.560"> </text>
                <text font="JTTPDQ+SimSun" bbox="236.869,216.198,242.149,226.758" colourspace="ICCBased" ncolour="[0]" size="10.560">C</text>
                <text font="JTTPDQ+SimSun" bbox="242.149,216.198,247.429,226.758" colourspace="ICCBased" ncolour="[0]" size="10.560">3</text>
                <text> </text>
                <text font="JQUZDQ+SimSun" bbox="250.069,216.198,260.629,226.758" colourspace="ICCBased" ncolour="[0]" size="10.560">低</text>
                <text font="JQUZDQ+SimSun" bbox="260.629,216.198,271.189,226.758" colourspace="ICCBased" ncolour="[0]" size="10.560">于</text>
                <text font="JQUZDQ+SimSun" bbox="270.950,216.198,281.510,226.758" colourspace="ICCBased" ncolour="[0]" size="10.560">正</text>
                <text font="JQUZDQ+SimSun" bbox="281.510,216.198,292.070,226.758" colourspace="ICCBased" ncolour="[0]" size="10.560">常</text>
                <text font="JQUZDQ+SimSun" bbox="292.070,216.198,302.630,226.758" colourspace="ICCBased" ncolour="[0]" size="10.560">值</text>
                <text font="JQUZDQ+SimSun" bbox="302.630,216.198,313.190,226.758" colourspace="ICCBased" ncolour="[0]" size="10.560">。</text>
                <text font="JTTPDQ+SimSun" bbox="312.954,216.198,318.234,226.758" colourspace="ICCBased" ncolour="[0]" size="10.560"> </text>
                <text>
                </text>
            </textline>
        </textbox>
        <textbox id="11" bbox="210.469,200.601,520.068,211.161">
            <textline bbox="210.469,200.601,520.068,211.161">
                <text font="JQUZDQ+SimSun" bbox="210.469,200.601,221.029,211.161" colourspace="ICCBased" ncolour="[0]" size="10.560">（</text>
                <text font="JTTPDQ+SimSun" bbox="221.029,200.601,226.309,211.161" colourspace="ICCBased" ncolour="[0]" size="10.560">3</text>
                <text font="JQUZDQ+SimSun" bbox="226.309,200.601,236.869,211.161" colourspace="ICCBased" ncolour="[0]" size="10.560">）</text>
                <text font="JQUZDQ+SimSun" bbox="236.869,200.601,247.429,211.161" colourspace="ICCBased" ncolour="[0]" size="10.560">狼</text>
                <text font="JQUZDQ+SimSun" bbox="247.429,200.601,257.989,211.161" colourspace="ICCBased" ncolour="[0]" size="10.560">疮</text>
                <text font="JQUZDQ+SimSun" bbox="257.989,200.601,268.549,211.161" colourspace="ICCBased" ncolour="[0]" size="10.560">肾</text>
                <text font="JQUZDQ+SimSun" bbox="268.310,200.601,278.870,211.161" colourspace="ICCBased" ncolour="[0]" size="10.560">炎</text>
                <text font="JQUZDQ+SimSun" bbox="278.870,200.601,289.430,211.161" colourspace="ICCBased" ncolour="[0]" size="10.560">致</text>
                <text font="JQUZDQ+SimSun" bbox="289.430,200.601,299.990,211.161" colourspace="ICCBased" ncolour="[0]" size="10.560">使</text>
                <text font="JQUZDQ+SimSun" bbox="299.990,200.601,310.550,211.161" colourspace="ICCBased" ncolour="[0]" size="10.560">肾</text>
                <text font="JQUZDQ+SimSun" bbox="310.309,200.601,320.869,211.161" colourspace="ICCBased" ncolour="[0]" size="10.560">功</text>
                <text font="JQUZDQ+SimSun" bbox="320.869,200.601,331.429,211.161" colourspace="ICCBased" ncolour="[0]" size="10.560">能</text>
                <text font="JQUZDQ+SimSun" bbox="331.429,200.601,341.989,211.161" colourspace="ICCBased" ncolour="[0]" size="10.560">减</text>
                <text font="JQUZDQ+SimSun" bbox="341.989,200.601,352.549,211.161" colourspace="ICCBased" ncolour="[0]" size="10.560">退</text>
                <text font="JQUZDQ+SimSun" bbox="352.309,200.601,362.869,211.161" colourspace="ICCBased" ncolour="[0]" size="10.560">（</text>
                <text font="JQUZDQ+SimSun" bbox="362.869,200.601,373.429,211.161" colourspace="ICCBased" ncolour="[0]" size="10.560">或</text>
                <text font="JQUZDQ+SimSun" bbox="373.429,200.601,383.989,211.161" colourspace="ICCBased" ncolour="[0]" size="10.560">损</text>
                <text font="JQUZDQ+SimSun" bbox="383.989,200.601,394.549,211.161" colourspace="ICCBased" ncolour="[0]" size="10.560">害</text>
                <text font="JQUZDQ+SimSun" bbox="394.310,200.601,404.870,211.161" colourspace="ICCBased" ncolour="[0]" size="10.560">）</text>
                <text font="JQUZDQ+SimSun" bbox="399.590,200.601,410.150,211.161" colourspace="ICCBased" ncolour="[0]" size="10.560">，</text>
                <text font="JQUZDQ+SimSun" bbox="410.150,200.601,420.710,211.161" colourspace="ICCBased" ncolour="[0]" size="10.560">且</text>
                <text font="JQUZDQ+SimSun" bbox="420.710,200.601,431.270,211.161" colourspace="ICCBased" ncolour="[0]" size="10.560">符</text>
                <text font="JQUZDQ+SimSun" bbox="431.030,200.601,441.590,211.161" colourspace="ICCBased" ncolour="[0]" size="10.560">合</text>
                <text font="JQUZDQ+SimSun" bbox="441.590,200.601,452.150,211.161" colourspace="ICCBased" ncolour="[0]" size="10.560">以</text>
                <text font="JQUZDQ+SimSun" bbox="451.909,200.601,462.469,211.161" colourspace="ICCBased" ncolour="[0]" size="10.560">下</text>
                <text font="JQUZDQ+SimSun" bbox="462.469,200.601,473.029,211.161" colourspace="ICCBased" ncolour="[0]" size="10.560">条</text>
                <text font="JQUZDQ+SimSun" bbox="473.029,200.601,483.589,211.161" colourspace="ICCBased" ncolour="[0]" size="10.560">件</text>
                <text font="JQUZDQ+SimSun" bbox="483.589,200.601,494.149,211.161" colourspace="ICCBased" ncolour="[0]" size="10.560">之</text>
                <text font="JQUZDQ+SimSun" bbox="494.149,200.601,504.709,211.161" colourspace="ICCBased" ncolour="[0]" size="10.560">一</text>
                <text font="JQUZDQ+SimSun" bbox="504.469,200.601,515.029,211.161" colourspace="ICCBased" ncolour="[0]" size="10.560">：</text>
                <text font="JTTPDQ+SimSun" bbox="514.788,200.601,520.068,211.161" colourspace="ICCBased" ncolour="[0]" size="10.560"> </text>
                <text>
                </text>
            </textline>
        </textbox>
        <textbox id="12" bbox="215.749,185.004,547.189,195.564">
            <textline bbox="215.749,185.004,547.189,195.564">
                <text font="JQUZDQ+SimSun" bbox="215.749,185.004,226.309,195.564" colourspace="ICCBased" ncolour="[0]" size="10.560">①</text>
                <text font="JTTPDQ+SimSun" bbox="226.309,185.004,231.589,195.564" colourspace="ICCBased" ncolour="[0]" size="10.560"> </text>
                <text font="JTTPDQ+SimSun" bbox="231.589,185.004,236.869,195.564" colourspace="ICCBased" ncolour="[0]" size="10.560"> </text>
                <text font="JQUZDQ+SimSun" bbox="236.869,185.004,247.429,195.564" colourspace="ICCBased" ncolour="[0]" size="10.560">系</text>
                <text font="JQUZDQ+SimSun" bbox="247.429,185.004,257.989,195.564" colourspace="ICCBased" ncolour="[0]" size="10.560">统</text>
                <text font="JQUZDQ+SimSun" bbox="257.989,185.004,268.549,195.564" colourspace="ICCBased" ncolour="[0]" size="10.560">性</text>
                <text font="JQUZDQ+SimSun" bbox="268.310,185.004,278.870,195.564" colourspace="ICCBased" ncolour="[0]" size="10.560">红</text>
                <text font="JQUZDQ+SimSun" bbox="278.870,185.004,289.430,195.564" colourspace="ICCBased" ncolour="[0]" size="10.560">斑</text>
                <text font="JQUZDQ+SimSun" bbox="289.430,185.004,299.990,195.564" colourspace="ICCBased" ncolour="[0]" size="10.560">狼</text>
                <text font="JQUZDQ+SimSun" bbox="299.990,185.004,310.550,195.564" colourspace="ICCBased" ncolour="[0]" size="10.560">疮</text>
                <text font="JQUZDQ+SimSun" bbox="310.309,185.004,320.869,195.564" colourspace="ICCBased" ncolour="[0]" size="10.560">造</text>
                <text font="JQUZDQ+SimSun" bbox="320.869,185.004,331.429,195.564" colourspace="ICCBased" ncolour="[0]" size="10.560">成</text>
                <text font="JQUZDQ+SimSun" bbox="331.429,185.004,341.989,195.564" colourspace="ICCBased" ncolour="[0]" size="10.560">肾</text>
                <text font="JQUZDQ+SimSun" bbox="341.989,185.004,352.549,195.564" colourspace="ICCBased" ncolour="[0]" size="10.560">脏</text>
                <text font="JQUZDQ+SimSun" bbox="352.309,185.004,362.869,195.564" colourspace="ICCBased" ncolour="[0]" size="10.560">功</text>
                <text font="JQUZDQ+SimSun" bbox="362.869,185.004,373.429,195.564" colourspace="ICCBased" ncolour="[0]" size="10.560">能</text>
                <text font="JQUZDQ+SimSun" bbox="373.429,185.004,383.989,195.564" colourspace="ICCBased" ncolour="[0]" size="10.560">损</text>
                <text font="JQUZDQ+SimSun" bbox="383.989,185.004,394.549,195.564" colourspace="ICCBased" ncolour="[0]" size="10.560">害</text>
                <text font="JQUZDQ+SimSun" bbox="394.549,185.004,405.109,195.564" colourspace="ICCBased" ncolour="[0]" size="10.560">，</text>
                <text font="JQUZDQ+SimSun" bbox="402.710,185.004,413.270,195.564" colourspace="ICCBased" ncolour="[0]" size="10.560">尿</text>
                <text font="JQUZDQ+SimSun" bbox="413.270,185.004,423.830,195.564" colourspace="ICCBased" ncolour="[0]" size="10.560">蛋</text>
                <text font="JQUZDQ+SimSun" bbox="423.830,185.004,434.390,195.564" colourspace="ICCBased" ncolour="[0]" size="10.560">白</text>
                <text font="JQUZDQ+SimSun" bbox="434.149,185.004,444.709,195.564" colourspace="ICCBased" ncolour="[0]" size="10.560">＞</text>
                <text font="JTTPDQ+SimSun" bbox="444.709,185.004,449.989,195.564" colourspace="ICCBased" ncolour="[0]" size="10.560">2</text>
                <text font="JTTPDQ+SimSun" bbox="449.989,185.004,455.269,195.564" colourspace="ICCBased" ncolour="[0]" size="10.560">g</text>
                <text font="JTTPDQ+SimSun" bbox="455.269,185.004,460.549,195.564" colourspace="ICCBased" ncolour="[0]" size="10.560">/</text>
                <text font="JTTPDQ+SimSun" bbox="460.310,185.004,465.590,195.564" colourspace="ICCBased" ncolour="[0]" size="10.560">2</text>
                <text font="JTTPDQ+SimSun" bbox="465.590,185.004,470.870,195.564" colourspace="ICCBased" ncolour="[0]" size="10.560">4</text>
                <text> </text>
                <text font="JQUZDQ+SimSun" bbox="473.508,185.004,484.068,195.564" colourspace="ICCBased" ncolour="[0]" size="10.560">小</text>
                <text font="JQUZDQ+SimSun" bbox="484.068,185.004,494.628,195.564" colourspace="ICCBased" ncolour="[0]" size="10.560">时</text>
                <text font="JQUZDQ+SimSun" bbox="494.628,185.004,505.188,195.564" colourspace="ICCBased" ncolour="[0]" size="10.560">且</text>
                <text font="JQUZDQ+SimSun" bbox="505.188,185.004,515.748,195.564" colourspace="ICCBased" ncolour="[0]" size="10.560">持</text>
                <text font="JQUZDQ+SimSun" bbox="515.509,185.004,526.069,195.564" colourspace="ICCBased" ncolour="[0]" size="10.560">续</text>
                <text font="JQUZDQ+SimSun" bbox="526.069,185.004,536.629,195.564" colourspace="ICCBased" ncolour="[0]" size="10.560">性</text>
                <text font="JQUZDQ+SimSun" bbox="536.629,185.004,547.189,195.564" colourspace="ICCBased" ncolour="[0]" size="10.560">蛋</text>
                <text>
                </text>
            </textline>
        </textbox>
        <textbox id="13" bbox="236.627,169.406,299.744,179.966">
            <textline bbox="236.627,169.406,299.744,179.966">
                <text font="JQUZDQ+SimSun" bbox="236.627,169.406,247.187,179.966" colourspace="ICCBased" ncolour="[0]" size="10.560">白</text>
                <text font="JQUZDQ+SimSun" bbox="247.187,169.406,257.747,179.966" colourspace="ICCBased" ncolour="[0]" size="10.560">尿</text>
                <text font="JQUZDQ+SimSun" bbox="257.747,169.406,268.307,179.966" colourspace="ICCBased" ncolour="[0]" size="10.560">＞</text>
                <text font="JTTPDQ+SimSun" bbox="268.307,169.406,273.587,179.966" colourspace="ICCBased" ncolour="[0]" size="10.560">+</text>
                <text font="JTTPDQ+SimSun" bbox="273.587,169.406,278.867,179.966" colourspace="ICCBased" ncolour="[0]" size="10.560">+</text>
                <text font="JTTPDQ+SimSun" bbox="278.867,169.406,284.147,179.966" colourspace="ICCBased" ncolour="[0]" size="10.560">+</text>
                <text font="JQUZDQ+SimSun" bbox="284.147,169.406,294.707,179.966" colourspace="ICCBased" ncolour="[0]" size="10.560">；</text>
                <text font="JTTPDQ+SimSun" bbox="294.464,169.406,299.744,179.966" colourspace="ICCBased" ncolour="[0]" size="10.560"> </text>
                <text>
                </text>
            </textline>
        </textbox>
        <textbox id="14" bbox="215.739,153.809,493.900,164.369">
            <textline bbox="215.739,153.809,493.900,164.369">
                <text font="JQUZDQ+SimSun" bbox="215.739,153.809,226.299,164.369" colourspace="ICCBased" ncolour="[0]" size="10.560">②</text>
                <text font="JTTPDQ+SimSun" bbox="226.299,153.809,231.579,164.369" colourspace="ICCBased" ncolour="[0]" size="10.560"> </text>
                <text font="JTTPDQ+SimSun" bbox="231.579,153.809,236.859,164.369" colourspace="ICCBased" ncolour="[0]" size="10.560"> </text>
                <text font="JQUZDQ+SimSun" bbox="236.859,153.809,247.419,164.369" colourspace="ICCBased" ncolour="[0]" size="10.560">符</text>
                <text font="JQUZDQ+SimSun" bbox="247.419,153.809,257.979,164.369" colourspace="ICCBased" ncolour="[0]" size="10.560">合</text>
                <text font="JQUZDQ+SimSun" bbox="257.979,153.809,268.539,164.369" colourspace="ICCBased" ncolour="[0]" size="10.560">下</text>
                <text font="JQUZDQ+SimSun" bbox="268.299,153.809,278.859,164.369" colourspace="ICCBased" ncolour="[0]" size="10.560">列</text>
                <text> </text>
                <text font="JTTPDQ+SimSun" bbox="281.496,153.809,286.776,164.369" colourspace="ICCBased" ncolour="[0]" size="10.560">W</text>
                <text font="JTTPDQ+SimSun" bbox="286.776,153.809,292.056,164.369" colourspace="ICCBased" ncolour="[0]" size="10.560">H</text>
                <text font="JTTPDQ+SimSun" bbox="292.056,153.809,297.336,164.369" colourspace="ICCBased" ncolour="[0]" size="10.560">O</text>
                <text> </text>
                <text font="JQUZDQ+SimSun" bbox="299.976,153.809,310.536,164.369" colourspace="ICCBased" ncolour="[0]" size="10.560">诊</text>
                <text font="JQUZDQ+SimSun" bbox="310.296,153.809,320.856,164.369" colourspace="ICCBased" ncolour="[0]" size="10.560">断</text>
                <text font="JQUZDQ+SimSun" bbox="320.856,153.809,331.416,164.369" colourspace="ICCBased" ncolour="[0]" size="10.560">标</text>
                <text font="JQUZDQ+SimSun" bbox="331.416,153.809,341.976,164.369" colourspace="ICCBased" ncolour="[0]" size="10.560">准</text>
                <text font="JQUZDQ+SimSun" bbox="341.976,153.809,352.536,164.369" colourspace="ICCBased" ncolour="[0]" size="10.560">定</text>
                <text font="JQUZDQ+SimSun" bbox="352.297,153.809,362.857,164.369" colourspace="ICCBased" ncolour="[0]" size="10.560">义</text>
                <text font="JQUZDQ+SimSun" bbox="362.857,153.809,373.417,164.369" colourspace="ICCBased" ncolour="[0]" size="10.560">的</text>
                <text font="JQUZDQ+SimSun" bbox="373.417,153.809,383.977,164.369" colourspace="ICCBased" ncolour="[0]" size="10.560">Ⅲ</text>
                <text font="JQUZDQ+SimSun" bbox="383.977,153.809,394.537,164.369" colourspace="ICCBased" ncolour="[0]" size="10.560">型</text>
                <text font="JQUZDQ+SimSun" bbox="394.296,153.809,404.856,164.369" colourspace="ICCBased" ncolour="[0]" size="10.560">至</text>
                <text font="JQUZDQ+SimSun" bbox="404.856,153.809,415.416,164.369" colourspace="ICCBased" ncolour="[0]" size="10.560">Ⅴ</text>
                <text font="JQUZDQ+SimSun" bbox="415.416,153.809,425.976,164.369" colourspace="ICCBased" ncolour="[0]" size="10.560">型</text>
                <text font="JQUZDQ+SimSun" bbox="425.976,153.809,436.536,164.369" colourspace="ICCBased" ncolour="[0]" size="10.560">狼</text>
                <text font="JQUZDQ+SimSun" bbox="436.296,153.809,446.856,164.369" colourspace="ICCBased" ncolour="[0]" size="10.560">疮</text>
                <text font="JQUZDQ+SimSun" bbox="446.856,153.809,457.416,164.369" colourspace="ICCBased" ncolour="[0]" size="10.560">性</text>
                <text font="JQUZDQ+SimSun" bbox="457.176,153.809,467.736,164.369" colourspace="ICCBased" ncolour="[0]" size="10.560">肾</text>
                <text font="JQUZDQ+SimSun" bbox="467.736,153.809,478.296,164.369" colourspace="ICCBased" ncolour="[0]" size="10.560">炎</text>
                <text font="JQUZDQ+SimSun" bbox="478.296,153.809,488.856,164.369" colourspace="ICCBased" ncolour="[0]" size="10.560">。</text>
                <text font="JTTPDQ+SimSun" bbox="488.620,153.809,493.900,164.369" colourspace="ICCBased" ncolour="[0]" size="10.560"> </text>
                <text>
                </text>
            </textline>
        </textbox>
        <textbox id="15" bbox="210.459,91.421,467.754,148.772">
            <textline bbox="210.459,138.212,399.578,148.772">
                <text font="JQUZDQ+SimSun" bbox="210.459,138.212,221.019,148.772" colourspace="ICCBased" ncolour="[0]" size="10.560">世</text>
                <text font="JQUZDQ+SimSun" bbox="221.019,138.212,231.579,148.772" colourspace="ICCBased" ncolour="[0]" size="10.560">界</text>
                <text font="JQUZDQ+SimSun" bbox="231.579,138.212,242.139,148.772" colourspace="ICCBased" ncolour="[0]" size="10.560">卫</text>
                <text font="JQUZDQ+SimSun" bbox="242.139,138.212,252.699,148.772" colourspace="ICCBased" ncolour="[0]" size="10.560">生</text>
                <text font="JQUZDQ+SimSun" bbox="252.699,138.212,263.259,148.772" colourspace="ICCBased" ncolour="[0]" size="10.560">组</text>
                <text font="JQUZDQ+SimSun" bbox="263.019,138.212,273.579,148.772" colourspace="ICCBased" ncolour="[0]" size="10.560">织</text>
                <text font="JQUZDQ+SimSun" bbox="273.579,138.212,284.139,148.772" colourspace="ICCBased" ncolour="[0]" size="10.560">（</text>
                <text font="JTTPDQ+SimSun" bbox="284.139,138.212,289.419,148.772" colourspace="ICCBased" ncolour="[0]" size="10.560">W</text>
                <text font="JTTPDQ+SimSun" bbox="289.419,138.212,294.699,148.772" colourspace="ICCBased" ncolour="[0]" size="10.560">H</text>
                <text font="JTTPDQ+SimSun" bbox="294.699,138.212,299.979,148.772" colourspace="ICCBased" ncolour="[0]" size="10.560">O</text>
                <text font="JQUZDQ+SimSun" bbox="299.979,138.212,310.539,148.772" colourspace="ICCBased" ncolour="[0]" size="10.560">）</text>
                <text font="JQUZDQ+SimSun" bbox="310.298,138.212,320.858,148.772" colourspace="ICCBased" ncolour="[0]" size="10.560">狼</text>
                <text font="JQUZDQ+SimSun" bbox="320.858,138.212,331.418,148.772" colourspace="ICCBased" ncolour="[0]" size="10.560">疮</text>
                <text font="JQUZDQ+SimSun" bbox="331.418,138.212,341.978,148.772" colourspace="ICCBased" ncolour="[0]" size="10.560">性</text>
                <text font="JQUZDQ+SimSun" bbox="341.978,138.212,352.538,148.772" colourspace="ICCBased" ncolour="[0]" size="10.560">肾</text>
                <text font="JQUZDQ+SimSun" bbox="352.299,138.212,362.859,148.772" colourspace="ICCBased" ncolour="[0]" size="10.560">炎</text>
                <text font="JQUZDQ+SimSun" bbox="362.859,138.212,373.419,148.772" colourspace="ICCBased" ncolour="[0]" size="10.560">分</text>
                <text font="JQUZDQ+SimSun" bbox="373.419,138.212,383.979,148.772" colourspace="ICCBased" ncolour="[0]" size="10.560">型</text>
                <text font="JQUZDQ+SimSun" bbox="383.979,138.212,394.539,148.772" colourspace="ICCBased" ncolour="[0]" size="10.560">：</text>
                <text font="JTTPDQ+SimSun" bbox="394.298,138.212,399.578,148.772" colourspace="ICCBased" ncolour="[0]" size="10.560"> </text>
                <text>
                </text>
            </textline>
            <textline bbox="210.459,122.615,425.746,133.175">
                <text font="JQUZDQ+SimSun" bbox="210.459,122.615,221.019,133.175" colourspace="ICCBased" ncolour="[0]" size="10.560">Ⅰ</text>
                <text font="JQUZDQ+SimSun" bbox="221.019,122.615,231.579,133.175" colourspace="ICCBased" ncolour="[0]" size="10.560">型</text>
                <text font="JQUZDQ+SimSun" bbox="231.579,122.615,242.139,133.175" colourspace="ICCBased" ncolour="[0]" size="10.560">（</text>
                <text font="JQUZDQ+SimSun" bbox="242.139,122.615,252.699,133.175" colourspace="ICCBased" ncolour="[0]" size="10.560">微</text>
                <text font="JQUZDQ+SimSun" bbox="252.699,122.615,263.259,133.175" colourspace="ICCBased" ncolour="[0]" size="10.560">小</text>
                <text font="JQUZDQ+SimSun" bbox="263.019,122.615,273.579,133.175" colourspace="ICCBased" ncolour="[0]" size="10.560">病</text>
                <text font="JQUZDQ+SimSun" bbox="273.579,122.615,284.139,133.175" colourspace="ICCBased" ncolour="[0]" size="10.560">变</text>
                <text font="JQUZDQ+SimSun" bbox="284.139,122.615,294.699,133.175" colourspace="ICCBased" ncolour="[0]" size="10.560">型</text>
                <text font="JQUZDQ+SimSun" bbox="294.699,122.615,305.259,133.175" colourspace="ICCBased" ncolour="[0]" size="10.560">）</text>
                <text font="JTTPDQ+SimSun" bbox="305.259,122.615,310.539,133.175" colourspace="ICCBased" ncolour="[0]" size="10.560"> </text>
                <text font="JTTPDQ+SimSun" bbox="310.296,122.615,315.576,133.175" colourspace="ICCBased" ncolour="[0]" size="10.560"> </text>
                <text font="JQUZDQ+SimSun" bbox="315.584,122.615,326.144,133.175" colourspace="ICCBased" ncolour="[0]" size="10.560">镜</text>
                <text font="JQUZDQ+SimSun" bbox="326.144,122.615,336.704,133.175" colourspace="ICCBased" ncolour="[0]" size="10.560">下</text>
                <text font="JQUZDQ+SimSun" bbox="336.704,122.615,347.264,133.175" colourspace="ICCBased" ncolour="[0]" size="10.560">阴</text>
                <text font="JQUZDQ+SimSun" bbox="347.024,122.615,357.584,133.175" colourspace="ICCBased" ncolour="[0]" size="10.560">性</text>
                <text font="JQUZDQ+SimSun" bbox="357.584,122.615,368.144,133.175" colourspace="ICCBased" ncolour="[0]" size="10.560">，</text>
                <text font="JQUZDQ+SimSun" bbox="368.144,122.615,378.704,133.175" colourspace="ICCBased" ncolour="[0]" size="10.560">尿</text>
                <text font="JQUZDQ+SimSun" bbox="378.704,122.615,389.264,133.175" colourspace="ICCBased" ncolour="[0]" size="10.560">液</text>
                <text font="JQUZDQ+SimSun" bbox="389.024,122.615,399.584,133.175" colourspace="ICCBased" ncolour="[0]" size="10.560">正</text>
                <text font="JQUZDQ+SimSun" bbox="399.584,122.615,410.144,133.175" colourspace="ICCBased" ncolour="[0]" size="10.560">常</text>
                <text font="JQUZDQ+SimSun" bbox="410.144,122.615,420.704,133.175" colourspace="ICCBased" ncolour="[0]" size="10.560">；</text>
                <text font="JTTPDQ+SimSun" bbox="420.466,122.615,425.746,133.175" colourspace="ICCBased" ncolour="[0]" size="10.560"> </text>
                <text>
                </text>
            </textline>
            <textline bbox="210.469,107.018,467.754,117.578">
                <text font="JQUZDQ+SimSun" bbox="210.469,107.018,221.029,117.578" colourspace="ICCBased" ncolour="[0]" size="10.560">Ⅱ</text>
                <text font="JQUZDQ+SimSun" bbox="221.029,107.018,231.589,117.578" colourspace="ICCBased" ncolour="[0]" size="10.560">型</text>
                <text font="JQUZDQ+SimSun" bbox="231.589,107.018,242.149,117.578" colourspace="ICCBased" ncolour="[0]" size="10.560">（</text>
                <text font="JQUZDQ+SimSun" bbox="242.149,107.018,252.709,117.578" colourspace="ICCBased" ncolour="[0]" size="10.560">系</text>
                <text font="JQUZDQ+SimSun" bbox="252.709,107.018,263.269,117.578" colourspace="ICCBased" ncolour="[0]" size="10.560">膜</text>
                <text font="JQUZDQ+SimSun" bbox="263.030,107.018,273.590,117.578" colourspace="ICCBased" ncolour="[0]" size="10.560">病</text>
                <text font="JQUZDQ+SimSun" bbox="273.590,107.018,284.150,117.578" colourspace="ICCBased" ncolour="[0]" size="10.560">变</text>
                <text font="JQUZDQ+SimSun" bbox="284.150,107.018,294.710,117.578" colourspace="ICCBased" ncolour="[0]" size="10.560">型</text>
                <text font="JQUZDQ+SimSun" bbox="294.710,107.018,305.270,117.578" colourspace="ICCBased" ncolour="[0]" size="10.560">）</text>
                <text font="JTTPDQ+SimSun" bbox="305.270,107.018,310.550,117.578" colourspace="ICCBased" ncolour="[0]" size="10.560"> </text>
                <text font="JTTPDQ+SimSun" bbox="310.307,107.018,315.587,117.578" colourspace="ICCBased" ncolour="[0]" size="10.560"> </text>
                <text font="JQUZDQ+SimSun" bbox="315.594,107.018,326.154,117.578" colourspace="ICCBased" ncolour="[0]" size="10.560">中</text>
                <text font="JQUZDQ+SimSun" bbox="326.154,107.018,336.714,117.578" colourspace="ICCBased" ncolour="[0]" size="10.560">度</text>
                <text font="JQUZDQ+SimSun" bbox="336.714,107.018,347.274,117.578" colourspace="ICCBased" ncolour="[0]" size="10.560">蛋</text>
                <text font="JQUZDQ+SimSun" bbox="347.035,107.018,357.595,117.578" colourspace="ICCBased" ncolour="[0]" size="10.560">白</text>
                <text font="JQUZDQ+SimSun" bbox="357.595,107.018,368.155,117.578" colourspace="ICCBased" ncolour="[0]" size="10.560">尿</text>
                <text font="JQUZDQ+SimSun" bbox="368.155,107.018,378.715,117.578" colourspace="ICCBased" ncolour="[0]" size="10.560">，</text>
                <text font="JQUZDQ+SimSun" bbox="378.715,107.018,389.275,117.578" colourspace="ICCBased" ncolour="[0]" size="10.560">偶</text>
                <text font="JQUZDQ+SimSun" bbox="389.035,107.018,399.595,117.578" colourspace="ICCBased" ncolour="[0]" size="10.560">有</text>
                <text font="JQUZDQ+SimSun" bbox="399.595,107.018,410.155,117.578" colourspace="ICCBased" ncolour="[0]" size="10.560">尿</text>
                <text font="JQUZDQ+SimSun" bbox="410.155,107.018,420.715,117.578" colourspace="ICCBased" ncolour="[0]" size="10.560">沉</text>
                <text font="JQUZDQ+SimSun" bbox="420.715,107.018,431.275,117.578" colourspace="ICCBased" ncolour="[0]" size="10.560">渣</text>
                <text font="JQUZDQ+SimSun" bbox="431.034,107.018,441.594,117.578" colourspace="ICCBased" ncolour="[0]" size="10.560">改</text>
                <text font="JQUZDQ+SimSun" bbox="441.594,107.018,452.154,117.578" colourspace="ICCBased" ncolour="[0]" size="10.560">变</text>
                <text font="JQUZDQ+SimSun" bbox="451.914,107.018,462.474,117.578" colourspace="ICCBased" ncolour="[0]" size="10.560">；</text>
                <text font="JTTPDQ+SimSun" bbox="462.474,107.018,467.754,117.578" colourspace="ICCBased" ncolour="[0]" size="10.560"> </text>
                <text>
                </text>
            </textline>
            <textline bbox="210.469,91.421,457.193,101.981">
                <text font="JQUZDQ+SimSun" bbox="210.469,91.421,221.029,101.981" colourspace="ICCBased" ncolour="[0]" size="10.560">Ⅲ</text>
                <text font="JQUZDQ+SimSun" bbox="221.029,91.421,231.589,101.981" colourspace="ICCBased" ncolour="[0]" size="10.560">型</text>
                <text font="JQUZDQ+SimSun" bbox="231.589,91.421,242.149,101.981" colourspace="ICCBased" ncolour="[0]" size="10.560">（</text>
                <text font="JQUZDQ+SimSun" bbox="242.149,91.421,252.709,101.981" colourspace="ICCBased" ncolour="[0]" size="10.560">局</text>
                <text font="JQUZDQ+SimSun" bbox="252.709,91.421,263.269,101.981" colourspace="ICCBased" ncolour="[0]" size="10.560">灶</text>
                <text font="JQUZDQ+SimSun" bbox="263.030,91.421,273.590,101.981" colourspace="ICCBased" ncolour="[0]" size="10.560">及</text>
                <text font="JQUZDQ+SimSun" bbox="273.590,91.421,284.150,101.981" colourspace="ICCBased" ncolour="[0]" size="10.560">节</text>
                <text font="JQUZDQ+SimSun" bbox="284.150,91.421,294.710,101.981" colourspace="ICCBased" ncolour="[0]" size="10.560">段</text>
                <text font="JQUZDQ+SimSun" bbox="294.710,91.421,305.270,101.981" colourspace="ICCBased" ncolour="[0]" size="10.560">增</text>
                <text font="JQUZDQ+SimSun" bbox="305.029,91.421,315.589,101.981" colourspace="ICCBased" ncolour="[0]" size="10.560">生</text>
                <text font="JQUZDQ+SimSun" bbox="315.589,91.421,326.149,101.981" colourspace="ICCBased" ncolour="[0]" size="10.560">型</text>
                <text font="JQUZDQ+SimSun" bbox="326.149,91.421,336.709,101.981" colourspace="ICCBased" ncolour="[0]" size="10.560">）</text>
                <text font="JTTPDQ+SimSun" bbox="336.709,91.421,341.989,101.981" colourspace="ICCBased" ncolour="[0]" size="10.560"> </text>
                <text font="JTTPDQ+SimSun" bbox="341.989,91.421,347.269,101.981" colourspace="ICCBased" ncolour="[0]" size="10.560"> </text>
                <text font="JQUZDQ+SimSun" bbox="347.031,91.421,357.591,101.981" colourspace="ICCBased" ncolour="[0]" size="10.560">蛋</text>
                <text font="JQUZDQ+SimSun" bbox="357.591,91.421,368.151,101.981" colourspace="ICCBased" ncolour="[0]" size="10.560">白</text>
                <text font="JQUZDQ+SimSun" bbox="368.151,91.421,378.711,101.981" colourspace="ICCBased" ncolour="[0]" size="10.560">尿</text>
                <text font="JQUZDQ+SimSun" bbox="378.711,91.421,389.271,101.981" colourspace="ICCBased" ncolour="[0]" size="10.560">，</text>
                <text font="JQUZDQ+SimSun" bbox="389.032,91.421,399.592,101.981" colourspace="ICCBased" ncolour="[0]" size="10.560">尿</text>
                <text font="JQUZDQ+SimSun" bbox="399.592,91.421,410.152,101.981" colourspace="ICCBased" ncolour="[0]" size="10.560">沉</text>
                <text font="JQUZDQ+SimSun" bbox="410.152,91.421,420.712,101.981" colourspace="ICCBased" ncolour="[0]" size="10.560">渣</text>
                <text font="JQUZDQ+SimSun" bbox="420.712,91.421,431.272,101.981" colourspace="ICCBased" ncolour="[0]" size="10.560">改</text>
                <text font="JQUZDQ+SimSun" bbox="431.032,91.421,441.592,101.981" colourspace="ICCBased" ncolour="[0]" size="10.560">变</text>
                <text font="JQUZDQ+SimSun" bbox="441.592,91.421,452.152,101.981" colourspace="ICCBased" ncolour="[0]" size="10.560">；</text>
                <text font="JTTPDQ+SimSun" bbox="451.913,91.421,457.193,101.981" colourspace="ICCBased" ncolour="[0]" size="10.560"> </text>
                <text>
                </text>
            </textline>
        </textbox>
        <textbox id="16" bbox="51.120,56.720,540.120,78.358">
            <textline bbox="51.120,67.798,197.756,78.358">
                <text font="TimesNewRomanPSMT" bbox="51.120,67.798,53.760,78.358" colourspace="ICCBased" ncolour="[0]" size="10.560"> </text>
                <text font="TimesNewRomanPSMT" bbox="53.760,67.798,56.400,78.358" colourspace="ICCBased" ncolour="[0]" size="10.560"> </text>
                <text font="TimesNewRomanPSMT" bbox="56.400,67.798,59.040,78.358" colourspace="ICCBased" ncolour="[0]" size="10.560"> </text>
                <text font="TimesNewRomanPSMT" bbox="59.040,67.798,61.680,78.358" colourspace="ICCBased" ncolour="[0]" size="10.560"> </text>
                <text font="TimesNewRomanPSMT" bbox="61.680,67.798,64.320,78.358" colourspace="ICCBased" ncolour="[0]" size="10.560"> </text>
                <text font="TimesNewRomanPSMT" bbox="64.320,67.798,66.960,78.358" colourspace="ICCBased" ncolour="[0]" size="10.560"> </text>
                <text font="TimesNewRomanPSMT" bbox="66.960,67.798,69.600,78.358" colourspace="ICCBased" ncolour="[0]" size="10.560"> </text>
                <text font="TimesNewRomanPSMT" bbox="69.600,67.798,72.240,78.358" colourspace="ICCBased" ncolour="[0]" size="10.560"> </text>
                <text font="TimesNewRomanPSMT" bbox="72.240,67.798,74.880,78.358" colourspace="ICCBased" ncolour="[0]" size="10.560"> </text>
                <text font="TimesNewRomanPSMT" bbox="74.880,67.798,77.520,78.358" colourspace="ICCBased" ncolour="[0]" size="10.560"> </text>
                <text font="TimesNewRomanPSMT" bbox="77.520,67.798,80.160,78.358" colourspace="ICCBased" ncolour="[0]" size="10.560"> </text>
                <text font="TimesNewRomanPSMT" bbox="80.160,67.798,82.800,78.358" colourspace="ICCBased" ncolour="[0]" size="10.560"> </text>
                <text font="TimesNewRomanPSMT" bbox="82.800,67.798,85.440,78.358" colourspace="ICCBased" ncolour="[0]" size="10.560"> </text>
                <text font="TimesNewRomanPSMT" bbox="85.440,67.798,88.080,78.358" colourspace="ICCBased" ncolour="[0]" size="10.560"> </text>
                <text font="TimesNewRomanPSMT" bbox="88.080,67.798,90.720,78.358" colourspace="ICCBased" ncolour="[0]" size="10.560"> </text>
                <text font="TimesNewRomanPSMT" bbox="90.720,67.798,93.360,78.358" colourspace="ICCBased" ncolour="[0]" size="10.560"> </text>
                <text font="TimesNewRomanPSMT" bbox="93.360,67.798,96.000,78.358" colourspace="ICCBased" ncolour="[0]" size="10.560"> </text>
                <text font="TimesNewRomanPSMT" bbox="96.000,67.798,98.640,78.358" colourspace="ICCBased" ncolour="[0]" size="10.560"> </text>
                <text font="TimesNewRomanPSMT" bbox="98.640,67.798,101.280,78.358" colourspace="ICCBased" ncolour="[0]" size="10.560"> </text>
                <text font="TimesNewRomanPSMT" bbox="101.280,67.798,103.920,78.358" colourspace="ICCBased" ncolour="[0]" size="10.560"> </text>
                <text font="TimesNewRomanPSMT" bbox="103.920,67.798,106.560,78.358" colourspace="ICCBased" ncolour="[0]" size="10.560"> </text>
                <text font="TimesNewRomanPSMT" bbox="106.560,67.798,109.200,78.358" colourspace="ICCBased" ncolour="[0]" size="10.560"> </text>
                <text font="TimesNewRomanPSMT" bbox="109.200,67.798,111.840,78.358" colourspace="ICCBased" ncolour="[0]" size="10.560"> </text>
                <text font="TimesNewRomanPSMT" bbox="111.840,67.798,114.480,78.358" colourspace="ICCBased" ncolour="[0]" size="10.560"> </text>
                <text font="TimesNewRomanPSMT" bbox="114.480,67.798,117.120,78.358" colourspace="ICCBased" ncolour="[0]" size="10.560"> </text>
                <text font="TimesNewRomanPSMT" bbox="117.120,67.798,119.760,78.358" colourspace="ICCBased" ncolour="[0]" size="10.560"> </text>
                <text font="TimesNewRomanPSMT" bbox="119.760,67.798,122.400,78.358" colourspace="ICCBased" ncolour="[0]" size="10.560"> </text>
                <text font="TimesNewRomanPSMT" bbox="122.400,67.798,125.040,78.358" colourspace="ICCBased" ncolour="[0]" size="10.560"> </text>
                <text font="TimesNewRomanPSMT" bbox="125.040,67.798,127.680,78.358" colourspace="ICCBased" ncolour="[0]" size="10.560"> </text>
                <text font="TimesNewRomanPSMT" bbox="127.680,67.798,130.320,78.358" colourspace="ICCBased" ncolour="[0]" size="10.560"> </text>
                <text font="TimesNewRomanPSMT" bbox="130.320,67.798,132.960,78.358" colourspace="ICCBased" ncolour="[0]" size="10.560"> </text>
                <text font="TimesNewRomanPSMT" bbox="132.960,67.798,135.600,78.358" colourspace="ICCBased" ncolour="[0]" size="10.560"> </text>
                <text font="TimesNewRomanPSMT" bbox="135.600,67.798,138.240,78.358" colourspace="ICCBased" ncolour="[0]" size="10.560"> </text>
                <text font="TimesNewRomanPSMT" bbox="138.240,67.798,140.880,78.358" colourspace="ICCBased" ncolour="[0]" size="10.560"> </text>
                <text font="TimesNewRomanPSMT" bbox="140.880,67.798,143.520,78.358" colourspace="ICCBased" ncolour="[0]" size="10.560"> </text>
                <text font="TimesNewRomanPSMT" bbox="143.520,67.798,146.160,78.358" colourspace="ICCBased" ncolour="[0]" size="10.560"> </text>
                <text font="TimesNewRomanPSMT" bbox="146.160,67.798,148.800,78.358" colourspace="ICCBased" ncolour="[0]" size="10.560"> </text>
                <text font="TimesNewRomanPSMT" bbox="148.800,67.798,151.440,78.358" colourspace="ICCBased" ncolour="[0]" size="10.560"> </text>
                <text font="TimesNewRomanPSMT" bbox="151.440,67.798,154.080,78.358" colourspace="ICCBased" ncolour="[0]" size="10.560"> </text>
                <text font="TimesNewRomanPSMT" bbox="154.080,67.798,156.720,78.358" colourspace="ICCBased" ncolour="[0]" size="10.560"> </text>
                <text font="TimesNewRomanPSMT" bbox="156.720,67.798,159.360,78.358" colourspace="ICCBased" ncolour="[0]" size="10.560"> </text>
                <text font="TimesNewRomanPSMT" bbox="159.360,67.798,162.000,78.358" colourspace="ICCBased" ncolour="[0]" size="10.560"> </text>
                <text font="TimesNewRomanPSMT" bbox="162.000,67.798,164.640,78.358" colourspace="ICCBased" ncolour="[0]" size="10.560"> </text>
                <text font="TimesNewRomanPSMT" bbox="164.640,67.798,167.280,78.358" colourspace="ICCBased" ncolour="[0]" size="10.560"> </text>
                <text font="TimesNewRomanPSMT" bbox="167.280,67.798,169.920,78.358" colourspace="ICCBased" ncolour="[0]" size="10.560"> </text>
                <text font="TimesNewRomanPSMT" bbox="169.920,67.798,172.560,78.358" colourspace="ICCBased" ncolour="[0]" size="10.560"> </text>
                <text font="TimesNewRomanPSMT" bbox="172.560,67.798,175.200,78.358" colourspace="ICCBased" ncolour="[0]" size="10.560"> </text>
                <text font="TimesNewRomanPSMT" bbox="175.200,67.798,177.840,78.358" colourspace="ICCBased" ncolour="[0]" size="10.560"> </text>
                <text font="TimesNewRomanPSMT" bbox="177.840,67.798,180.480,78.358" colourspace="ICCBased" ncolour="[0]" size="10.560"> </text>
                <text font="TimesNewRomanPSMT" bbox="180.480,67.798,183.120,78.358" colourspace="ICCBased" ncolour="[0]" size="10.560"> </text>
                <text font="TimesNewRomanPSMT" bbox="183.120,67.798,185.760,78.358" colourspace="ICCBased" ncolour="[0]" size="10.560"> </text>
                <text font="TimesNewRomanPSMT" bbox="185.760,67.798,188.400,78.358" colourspace="ICCBased" ncolour="[0]" size="10.560"> </text>
                <text font="TimesNewRomanPSMT" bbox="188.400,67.798,191.040,78.358" colourspace="ICCBased" ncolour="[0]" size="10.560"> </text>
                <text font="TimesNewRomanPSMT" bbox="191.040,67.798,193.680,78.358" colourspace="ICCBased" ncolour="[0]" size="10.560"> </text>
                <text font="TimesNewRomanPSMT" bbox="193.680,67.798,196.320,78.358" colourspace="ICCBased" ncolour="[0]" size="10.560"> </text>
                <text font="TimesNewRomanPSMT" bbox="195.116,67.798,197.756,78.358" colourspace="ICCBased" ncolour="[0]" size="10.560"> </text>
                <text>
                </text>
            </textline>
            <textline bbox="51.120,56.720,540.120,67.997">
                <text font="EUYBLA+KaiTi_GB2312" bbox="51.120,63.437,53.400,67.997" colourspace="ICCBased" ncolour="[0]" size="4.560">1</text>
                <text font="EUYBLA+KaiTi_GB2312" bbox="53.760,63.437,56.040,67.997" colourspace="ICCBased" ncolour="[0]" size="4.560">9</text>
                <text font="EUYBLA+KaiTi_GB2312" bbox="56.400,58.234,60.960,67.354" colourspace="ICCBased" ncolour="[0]" size="9.120"> </text>
                <text font="EUYBLA+KaiTi_GB2312" bbox="60.960,58.234,70.080,67.354" colourspace="ICCBased" ncolour="[0]" size="9.120">周</text>
                <text font="EUYBLA+KaiTi_GB2312" bbox="70.080,58.234,79.200,67.354" colourspace="ICCBased" ncolour="[0]" size="9.120">岁</text>
                <text font="EUYBLA+KaiTi_GB2312" bbox="79.200,58.234,88.320,67.354" colourspace="ICCBased" ncolour="[0]" size="9.120">指</text>
                <text font="EUYBLA+KaiTi_GB2312" bbox="88.083,58.234,97.203,67.354" colourspace="ICCBased" ncolour="[0]" size="9.120">按</text>
                <text font="EUYBLA+KaiTi_GB2312" bbox="97.203,58.234,106.323,67.354" colourspace="ICCBased" ncolour="[0]" size="9.120">有</text>
                <text font="EUYBLA+KaiTi_GB2312" bbox="106.086,58.234,115.206,67.354" colourspace="ICCBased" ncolour="[0]" size="9.120">效</text>
                <text font="EUYBLA+KaiTi_GB2312" bbox="115.206,58.234,124.326,67.354" colourspace="ICCBased" ncolour="[0]" size="9.120">身</text>
                <text font="EUYBLA+KaiTi_GB2312" bbox="124.089,58.234,133.209,67.354" colourspace="ICCBased" ncolour="[0]" size="9.120">份</text>
                <text font="EUYBLA+KaiTi_GB2312" bbox="133.210,58.234,142.330,67.354" colourspace="ICCBased" ncolour="[0]" size="9.120">证</text>
                <text font="EUYBLA+KaiTi_GB2312" bbox="142.092,58.234,151.212,67.354" colourspace="ICCBased" ncolour="[0]" size="9.120">件</text>
                <text font="EUYBLA+KaiTi_GB2312" bbox="151.212,58.234,160.332,67.354" colourspace="ICCBased" ncolour="[0]" size="9.120">中</text>
                <text font="EUYBLA+KaiTi_GB2312" bbox="160.095,58.234,169.215,67.354" colourspace="ICCBased" ncolour="[0]" size="9.120">记</text>
                <text font="EUYBLA+KaiTi_GB2312" bbox="169.215,58.234,178.335,67.354" colourspace="ICCBased" ncolour="[0]" size="9.120">载</text>
                <text font="EUYBLA+KaiTi_GB2312" bbox="178.098,58.234,187.218,67.354" colourspace="ICCBased" ncolour="[0]" size="9.120">的</text>
                <text font="EUYBLA+KaiTi_GB2312" bbox="187.218,58.234,196.338,67.354" colourspace="ICCBased" ncolour="[0]" size="9.120">出</text>
                <text font="EUYBLA+KaiTi_GB2312" bbox="196.101,58.234,205.221,67.354" colourspace="ICCBased" ncolour="[0]" size="9.120">生</text>
                <text font="EUYBLA+KaiTi_GB2312" bbox="205.221,58.234,214.341,67.354" colourspace="ICCBased" ncolour="[0]" size="9.120">日</text>
                <text font="EUYBLA+KaiTi_GB2312" bbox="214.104,58.234,223.224,67.354" colourspace="ICCBased" ncolour="[0]" size="9.120">期</text>
                <text font="EUYBLA+KaiTi_GB2312" bbox="223.224,58.234,232.344,67.354" colourspace="ICCBased" ncolour="[0]" size="9.120">计</text>
                <text font="EUYBLA+KaiTi_GB2312" bbox="232.107,58.234,241.227,67.354" colourspace="ICCBased" ncolour="[0]" size="9.120">算</text>
                <text font="EUYBLA+KaiTi_GB2312" bbox="240.990,58.234,250.110,67.354" colourspace="ICCBased" ncolour="[0]" size="9.120">的</text>
                <text font="EUYBLA+KaiTi_GB2312" bbox="250.110,58.234,259.230,67.354" colourspace="ICCBased" ncolour="[0]" size="9.120">年</text>
                <text font="EUYBLA+KaiTi_GB2312" bbox="258.993,58.234,268.113,67.354" colourspace="ICCBased" ncolour="[0]" size="9.120">龄</text>
                <text font="EUYBLA+KaiTi_GB2312" bbox="268.113,58.234,277.233,67.354" colourspace="ICCBased" ncolour="[0]" size="9.120">，</text>
                <text font="EUYBLA+KaiTi_GB2312" bbox="276.995,58.234,286.115,67.354" colourspace="ICCBased" ncolour="[0]" size="9.120">自</text>
                <text font="EUYBLA+KaiTi_GB2312" bbox="286.115,58.234,295.235,67.354" colourspace="ICCBased" ncolour="[0]" size="9.120">出</text>
                <text font="EUYBLA+KaiTi_GB2312" bbox="294.998,58.234,304.118,67.354" colourspace="ICCBased" ncolour="[0]" size="9.120">生</text>
                <text font="EUYBLA+KaiTi_GB2312" bbox="304.118,58.234,313.238,67.354" colourspace="ICCBased" ncolour="[0]" size="9.120">之</text>
                <text font="EUYBLA+KaiTi_GB2312" bbox="313.001,58.234,322.121,67.354" colourspace="ICCBased" ncolour="[0]" size="9.120">日</text>
                <text font="EUYBLA+KaiTi_GB2312" bbox="322.121,58.234,331.241,67.354" colourspace="ICCBased" ncolour="[0]" size="9.120">起</text>
                <text font="EUYBLA+KaiTi_GB2312" bbox="331.004,58.234,340.124,67.354" colourspace="ICCBased" ncolour="[0]" size="9.120">为</text>
                <text font="EUYBLA+KaiTi_GB2312" bbox="340.124,58.234,349.244,67.354" colourspace="ICCBased" ncolour="[0]" size="9.120">零</text>
                <text font="EUYBLA+KaiTi_GB2312" bbox="349.007,58.234,358.127,67.354" colourspace="ICCBased" ncolour="[0]" size="9.120">周</text>
                <text font="EUYBLA+KaiTi_GB2312" bbox="358.127,58.234,367.247,67.354" colourspace="ICCBased" ncolour="[0]" size="9.120">岁</text>
                <text font="EUYBLA+KaiTi_GB2312" bbox="367.010,58.234,376.130,67.354" colourspace="ICCBased" ncolour="[0]" size="9.120">，</text>
                <text font="EUYBLA+KaiTi_GB2312" bbox="376.130,58.234,385.250,67.354" colourspace="ICCBased" ncolour="[0]" size="9.120">每</text>
                <text font="EUYBLA+KaiTi_GB2312" bbox="385.013,58.234,394.133,67.354" colourspace="ICCBased" ncolour="[0]" size="9.120">经</text>
                <text font="EUYBLA+KaiTi_GB2312" bbox="394.133,58.234,403.253,67.354" colourspace="ICCBased" ncolour="[0]" size="9.120">过</text>
                <text font="EUYBLA+KaiTi_GB2312" bbox="403.016,58.234,412.136,67.354" colourspace="ICCBased" ncolour="[0]" size="9.120">一</text>
                <text font="EUYBLA+KaiTi_GB2312" bbox="412.136,58.234,421.256,67.354" colourspace="ICCBased" ncolour="[0]" size="9.120">年</text>
                <text font="EUYBLA+KaiTi_GB2312" bbox="421.019,58.234,430.139,67.354" colourspace="ICCBased" ncolour="[0]" size="9.120">增</text>
                <text font="EUYBLA+KaiTi_GB2312" bbox="430.139,58.234,439.259,67.354" colourspace="ICCBased" ncolour="[0]" size="9.120">加</text>
                <text font="EUYBLA+KaiTi_GB2312" bbox="439.021,58.234,448.141,67.354" colourspace="ICCBased" ncolour="[0]" size="9.120">一</text>
                <text font="EUYBLA+KaiTi_GB2312" bbox="448.141,58.234,457.261,67.354" colourspace="ICCBased" ncolour="[0]" size="9.120">岁</text>
                <text font="EUYBLA+KaiTi_GB2312" bbox="457.024,58.234,466.144,67.354" colourspace="ICCBased" ncolour="[0]" size="9.120">，</text>
                <text font="EUYBLA+KaiTi_GB2312" bbox="466.144,58.234,475.264,67.354" colourspace="ICCBased" ncolour="[0]" size="9.120">不</text>
                <text font="EUYBLA+KaiTi_GB2312" bbox="475.027,58.234,484.147,67.354" colourspace="ICCBased" ncolour="[0]" size="9.120">足</text>
                <text font="EUYBLA+KaiTi_GB2312" bbox="484.147,58.234,493.267,67.354" colourspace="ICCBased" ncolour="[0]" size="9.120">一</text>
                <text font="EUYBLA+KaiTi_GB2312" bbox="493.030,58.234,502.150,67.354" colourspace="ICCBased" ncolour="[0]" size="9.120">年</text>
                <text font="EUYBLA+KaiTi_GB2312" bbox="502.150,58.234,511.270,67.354" colourspace="ICCBased" ncolour="[0]" size="9.120">的</text>
                <text font="EUYBLA+KaiTi_GB2312" bbox="511.033,58.234,520.153,67.354" colourspace="ICCBased" ncolour="[0]" size="9.120">不</text>
                <text font="EUYBLA+KaiTi_GB2312" bbox="520.153,58.234,529.273,67.354" colourspace="ICCBased" ncolour="[0]" size="9.120">计</text>
                <text font="EUYBLA+KaiTi_GB2312" bbox="529.036,58.234,538.156,67.354" colourspace="ICCBased" ncolour="[0]" size="9.120">。</text>
                <text font="TimesNewRomanPSMT" bbox="537.840,56.720,540.120,65.840" colourspace="ICCBased" ncolour="[0]" size="9.120"> </text>
                <text>
                </text>
            </textline>
        </textbox>
        <rect linewidth="0" bbox="210.480,739.440,546.960,753.360" />
        <rect linewidth="0" bbox="210.480,723.840,409.920,737.760" />
        <rect linewidth="0" bbox="210.480,616.080,462.480,630.000" />
        <rect linewidth="0" bbox="51.120,73.200,195.120,73.681" />
        <layout>
            <textgroup bbox="51.120,56.720,552.480,782.789">
                <textgroup bbox="63.600,91.421,552.480,782.789">
                    <textgroup bbox="63.600,464.688,199.680,721.008">
                        <textgroup bbox="63.600,588.288,199.680,721.008">
                            <textgroup bbox="63.600,678.768,199.680,721.008">
                                <textgroup bbox="63.600,694.848,199.680,721.008">
                                    <textbox id="0" bbox="97.440,709.008,100.368,721.008" />
                                    <textbox id="1" bbox="63.600,694.848,199.680,720.389" />
                                </textgroup>
                                <textbox id="2" bbox="97.440,678.768,136.368,690.768" />
                            </textgroup>
                            <textgroup bbox="63.600,588.288,148.368,613.248">
                                <textbox id="3" bbox="97.440,601.248,100.368,613.248" />
                                <textbox id="4" bbox="63.600,588.288,148.368,612.629" />
                            </textgroup>
                        </textgroup>
                        <textgroup bbox="63.600,464.688,199.680,506.688">
                            <textbox id="5" bbox="97.440,494.688,100.368,506.688" />
                            <textbox id="6" bbox="63.600,464.688,199.680,506.069" />
                        </textgroup>
                    </textgroup>
                    <textgroup bbox="210.459,91.421,552.480,782.789">
                        <textgroup bbox="210.469,325.378,552.480,782.789">
                            <textbox id="7" bbox="210.469,542.317,552.480,782.789" />
                            <textbox id="8" bbox="210.469,325.378,547.200,537.280" />
                        </textgroup>
                        <textgroup bbox="210.459,91.421,547.189,320.340">
                            <textgroup bbox="210.469,216.198,462.473,320.340">
                                <textbox id="9" bbox="236.637,309.780,278.634,320.340" />
                                <textbox id="10" bbox="210.469,216.198,462.473,304.743" />
                            </textgroup>
                            <textgroup bbox="210.459,91.421,547.189,211.161">
                                <textgroup bbox="210.469,185.004,547.189,211.161">
                                    <textbox id="11" bbox="210.469,200.601,520.068,211.161" />
                                    <textbox id="12" bbox="215.749,185.004,547.189,195.564" />
                                </textgroup>
                                <textgroup bbox="210.459,91.421,493.900,179.966">
                                    <textbox id="13" bbox="236.627,169.406,299.744,179.966" />
                                    <textgroup bbox="210.459,91.421,493.900,164.369">
                                        <textbox id="14" bbox="215.739,153.809,493.900,164.369" />
                                        <textbox id="15" bbox="210.459,91.421,467.754,148.772" />
                                    </textgroup>
                                </textgroup>
                            </textgroup>
                        </textgroup>
                    </textgroup>
                </textgroup>
                <textbox id="16" bbox="51.120,56.720,540.120,78.358" />
            </textgroup>
        </layout>
    </page>
    <page id="11" bbox="0.000,0.000,595.200,841.920" rotate="0">
        <textbox id="0" bbox="51.120,741.029,56.400,751.589">
            <textline bbox="51.120,741.029,56.400,751.589">
                <text font="JTTPDQ+SimSun" bbox="51.120,741.029,56.400,751.589" colourspace="ICCBased" ncolour="[0]" size="10.560"> </text>
                <text>
                </text>
            </textline>
        </textbox>
        <textbox id="1" bbox="97.440,741.028,100.017,751.588">
            <textline bbox="97.440,741.028,100.017,751.588">
                <text font="ERELLA+STXinwei" bbox="97.440,741.028,100.017,751.588" colourspace="ICCBased" ncolour="[0]" size="10.560"> </text>
                <text>
                </text>
            </textline>
        </textbox>
        <textbox id="2" bbox="63.600,726.048,172.017,738.048">
            <textline bbox="63.600,726.048,172.017,738.048">
                <text font="JTTPDQ+SimSun" bbox="63.600,726.869,68.880,737.429" colourspace="ICCBased" ncolour="[0]" size="10.560">2</text>
                <text font="JTTPDQ+SimSun" bbox="68.880,726.869,74.160,737.429" colourspace="ICCBased" ncolour="[0]" size="10.560">2</text>
                <text font="JTTPDQ+SimSun" bbox="74.160,726.869,79.440,737.429" colourspace="ICCBased" ncolour="[0]" size="10.560"> </text>
                <text> </text>
                <text font="ERELLA+STXinwei" bbox="97.440,726.048,109.440,738.048" colourspace="ICCBased" ncolour="[0]" size="12.000">语</text>
                <text font="ERELLA+STXinwei" bbox="109.440,726.048,121.440,738.048" colourspace="ICCBased" ncolour="[0]" size="12.000">言</text>
                <text font="ERELLA+STXinwei" bbox="121.440,726.048,133.440,738.048" colourspace="ICCBased" ncolour="[0]" size="12.000">能</text>
                <text font="ERELLA+STXinwei" bbox="133.440,726.048,145.440,738.048" colourspace="ICCBased" ncolour="[0]" size="12.000">力</text>
                <text font="ERELLA+STXinwei" bbox="145.440,726.048,157.440,738.048" colourspace="ICCBased" ncolour="[0]" size="12.000">丧</text>
                <text font="ERELLA+STXinwei" bbox="157.440,726.048,169.440,738.048" colourspace="ICCBased" ncolour="[0]" size="12.000">失</text>
                <text font="ERELLA+STXinwei" bbox="169.440,726.388,172.017,736.948" colourspace="ICCBased" ncolour="[0]" size="10.560"> </text>
                <text>
                </text>
            </textline>
        </textbox>
        <textbox id="3" bbox="97.440,648.048,100.368,660.048">
            <textline bbox="97.440,648.048,100.368,660.048">
                <text font="ERELLA+STXinwei" bbox="97.440,648.048,100.368,660.048" colourspace="ICCBased" ncolour="[0]" size="12.000"> </text>
                <text>
                </text>
            </textline>
        </textbox>
        <textbox id="4" bbox="63.600,633.648,199.680,659.429">
            <textline bbox="68.880,648.869,74.160,659.429">
                <text font="JTTPDQ+SimSun" bbox="68.880,648.869,74.160,659.429" colourspace="ICCBased" ncolour="[0]" size="10.560"> </text>
                <text>
                </text>
            </textline>
            <textline bbox="63.600,633.648,199.680,645.648">
                <text font="JTTPDQ+SimSun" bbox="63.600,634.469,68.880,645.029" colourspace="ICCBased" ncolour="[0]" size="10.560">2</text>
                <text font="JTTPDQ+SimSun" bbox="68.880,634.469,74.160,645.029" colourspace="ICCBased" ncolour="[0]" size="10.560">3</text>
                <text font="JTTPDQ+SimSun" bbox="74.160,634.469,79.440,645.029" colourspace="ICCBased" ncolour="[0]" size="10.560"> </text>
                <text> </text>
                <text font="ERELLA+STXinwei" bbox="97.440,633.648,109.440,645.648" colourspace="ICCBased" ncolour="[0]" size="12.000">急</text>
                <text font="ERELLA+STXinwei" bbox="110.400,633.648,122.400,645.648" colourspace="ICCBased" ncolour="[0]" size="12.000">性</text>
                <text font="ERELLA+STXinwei" bbox="123.360,633.648,135.360,645.648" colourspace="ICCBased" ncolour="[0]" size="12.000">或</text>
                <text font="ERELLA+STXinwei" bbox="136.080,633.648,148.080,645.648" colourspace="ICCBased" ncolour="[0]" size="12.000">亚</text>
                <text font="ERELLA+STXinwei" bbox="149.040,633.648,161.040,645.648" colourspace="ICCBased" ncolour="[0]" size="12.000">急</text>
                <text font="ERELLA+STXinwei" bbox="162.000,633.648,174.000,645.648" colourspace="ICCBased" ncolour="[0]" size="12.000">性</text>
                <text font="ERELLA+STXinwei" bbox="174.720,633.648,186.720,645.648" colourspace="ICCBased" ncolour="[0]" size="12.000">重</text>
                <text font="ERELLA+STXinwei" bbox="187.680,633.648,199.680,645.648" colourspace="ICCBased" ncolour="[0]" size="12.000">症</text>
                <text>
                </text>
            </textline>
        </textbox>
        <textbox id="5" bbox="97.440,617.808,124.368,629.808">
            <textline bbox="97.440,617.808,124.368,629.808">
                <text font="ERELLA+STXinwei" bbox="97.440,617.808,109.440,629.808" colourspace="ICCBased" ncolour="[0]" size="12.000">肝</text>
                <text font="ERELLA+STXinwei" bbox="109.440,617.808,121.440,629.808" colourspace="ICCBased" ncolour="[0]" size="12.000">炎</text>
                <text font="ERELLA+STXinwei" bbox="121.440,617.808,124.368,629.808" colourspace="ICCBased" ncolour="[0]" size="12.000"> </text>
                <text>
                </text>
            </textline>
        </textbox>
        <textbox id="6" bbox="210.480,540.869,547.200,782.789">
            <textline bbox="210.480,772.229,525.369,782.789">
                <text font="JQUZDQ+SimSun" bbox="210.480,772.229,221.040,782.789" colourspace="ICCBased" ncolour="[0]" size="10.560">Ⅳ</text>
                <text font="JQUZDQ+SimSun" bbox="221.040,772.229,231.600,782.789" colourspace="ICCBased" ncolour="[0]" size="10.560">型</text>
                <text font="JQUZDQ+SimSun" bbox="231.600,772.229,242.160,782.789" colourspace="ICCBased" ncolour="[0]" size="10.560">（</text>
                <text font="JQUZDQ+SimSun" bbox="242.160,772.229,252.720,782.789" colourspace="ICCBased" ncolour="[0]" size="10.560">弥</text>
                <text font="JQUZDQ+SimSun" bbox="252.720,772.229,263.280,782.789" colourspace="ICCBased" ncolour="[0]" size="10.560">漫</text>
                <text font="JQUZDQ+SimSun" bbox="263.040,772.229,273.600,782.789" colourspace="ICCBased" ncolour="[0]" size="10.560">增</text>
                <text font="JQUZDQ+SimSun" bbox="273.600,772.229,284.160,782.789" colourspace="ICCBased" ncolour="[0]" size="10.560">生</text>
                <text font="JQUZDQ+SimSun" bbox="284.160,772.229,294.720,782.789" colourspace="ICCBased" ncolour="[0]" size="10.560">型</text>
                <text font="JQUZDQ+SimSun" bbox="294.720,772.229,305.280,782.789" colourspace="ICCBased" ncolour="[0]" size="10.560">）</text>
                <text font="JTTPDQ+SimSun" bbox="305.280,772.229,310.560,782.789" colourspace="ICCBased" ncolour="[0]" size="10.560"> </text>
                <text font="JTTPDQ+SimSun" bbox="310.317,772.229,315.597,782.789" colourspace="ICCBased" ncolour="[0]" size="10.560"> </text>
                <text font="JQUZDQ+SimSun" bbox="315.605,772.229,326.165,782.789" colourspace="ICCBased" ncolour="[0]" size="10.560">急</text>
                <text font="JQUZDQ+SimSun" bbox="326.165,772.229,336.725,782.789" colourspace="ICCBased" ncolour="[0]" size="10.560">性</text>
                <text font="JQUZDQ+SimSun" bbox="336.725,772.229,347.285,782.789" colourspace="ICCBased" ncolour="[0]" size="10.560">肾</text>
                <text font="JQUZDQ+SimSun" bbox="347.045,772.229,357.605,782.789" colourspace="ICCBased" ncolour="[0]" size="10.560">炎</text>
                <text font="JQUZDQ+SimSun" bbox="357.605,772.229,368.165,782.789" colourspace="ICCBased" ncolour="[0]" size="10.560">伴</text>
                <text font="JQUZDQ+SimSun" bbox="368.165,772.229,378.725,782.789" colourspace="ICCBased" ncolour="[0]" size="10.560">有</text>
                <text font="JQUZDQ+SimSun" bbox="378.725,772.229,389.285,782.789" colourspace="ICCBased" ncolour="[0]" size="10.560">尿</text>
                <text font="JQUZDQ+SimSun" bbox="389.044,772.229,399.604,782.789" colourspace="ICCBased" ncolour="[0]" size="10.560">沉</text>
                <text font="JQUZDQ+SimSun" bbox="399.604,772.229,410.164,782.789" colourspace="ICCBased" ncolour="[0]" size="10.560">渣</text>
                <text font="JQUZDQ+SimSun" bbox="410.164,772.229,420.724,782.789" colourspace="ICCBased" ncolour="[0]" size="10.560">改</text>
                <text font="JQUZDQ+SimSun" bbox="420.724,772.229,431.284,782.789" colourspace="ICCBased" ncolour="[0]" size="10.560">变</text>
                <text font="JQUZDQ+SimSun" bbox="431.045,772.229,441.605,782.789" colourspace="ICCBased" ncolour="[0]" size="10.560">及</text>
                <text font="JTTPDQ+SimSun" bbox="441.605,772.229,446.885,782.789" colourspace="ICCBased" ncolour="[0]" size="10.560">/</text>
                <text font="JQUZDQ+SimSun" bbox="446.644,772.229,457.204,782.789" colourspace="ICCBased" ncolour="[0]" size="10.560">或</text>
                <text font="JQUZDQ+SimSun" bbox="457.204,772.229,467.764,782.789" colourspace="ICCBased" ncolour="[0]" size="10.560">肾</text>
                <text font="JQUZDQ+SimSun" bbox="467.764,772.229,478.324,782.789" colourspace="ICCBased" ncolour="[0]" size="10.560">病</text>
                <text font="JQUZDQ+SimSun" bbox="478.324,772.229,488.884,782.789" colourspace="ICCBased" ncolour="[0]" size="10.560">综</text>
                <text font="JQUZDQ+SimSun" bbox="488.884,772.229,499.444,782.789" colourspace="ICCBased" ncolour="[0]" size="10.560">合</text>
                <text font="JQUZDQ+SimSun" bbox="499.204,772.229,509.764,782.789" colourspace="ICCBased" ncolour="[0]" size="10.560">征</text>
                <text font="JQUZDQ+SimSun" bbox="509.764,772.229,520.324,782.789" colourspace="ICCBased" ncolour="[0]" size="10.560">；</text>
                <text font="JTTPDQ+SimSun" bbox="520.089,772.229,525.369,782.789" colourspace="ICCBased" ncolour="[0]" size="10.560"> </text>
                <text>
                </text>
            </textline>
            <textline bbox="210.491,756.632,415.207,767.192">
                <text font="JQUZDQ+SimSun" bbox="210.491,756.632,221.051,767.192" colourspace="ICCBased" ncolour="[0]" size="10.560">Ⅴ</text>
                <text font="JQUZDQ+SimSun" bbox="221.051,756.632,231.611,767.192" colourspace="ICCBased" ncolour="[0]" size="10.560">型</text>
                <text font="JQUZDQ+SimSun" bbox="231.611,756.632,242.171,767.192" colourspace="ICCBased" ncolour="[0]" size="10.560">（</text>
                <text font="JQUZDQ+SimSun" bbox="242.171,756.632,252.731,767.192" colourspace="ICCBased" ncolour="[0]" size="10.560">膜</text>
                <text font="JQUZDQ+SimSun" bbox="252.731,756.632,263.291,767.192" colourspace="ICCBased" ncolour="[0]" size="10.560">型</text>
                <text font="JQUZDQ+SimSun" bbox="263.051,756.632,273.611,767.192" colourspace="ICCBased" ncolour="[0]" size="10.560">）</text>
                <text font="JTTPDQ+SimSun" bbox="273.611,756.632,278.891,767.192" colourspace="ICCBased" ncolour="[0]" size="10.560"> </text>
                <text font="JTTPDQ+SimSun" bbox="278.891,756.632,284.171,767.192" colourspace="ICCBased" ncolour="[0]" size="10.560"> </text>
                <text font="JQUZDQ+SimSun" bbox="284.171,756.632,294.731,767.192" colourspace="ICCBased" ncolour="[0]" size="10.560">肾</text>
                <text font="JQUZDQ+SimSun" bbox="294.731,756.632,305.291,767.192" colourspace="ICCBased" ncolour="[0]" size="10.560">病</text>
                <text font="JQUZDQ+SimSun" bbox="305.050,756.632,315.610,767.192" colourspace="ICCBased" ncolour="[0]" size="10.560">综</text>
                <text font="JQUZDQ+SimSun" bbox="315.610,756.632,326.170,767.192" colourspace="ICCBased" ncolour="[0]" size="10.560">合</text>
                <text font="JQUZDQ+SimSun" bbox="326.170,756.632,336.730,767.192" colourspace="ICCBased" ncolour="[0]" size="10.560">征</text>
                <text font="JQUZDQ+SimSun" bbox="336.730,756.632,347.290,767.192" colourspace="ICCBased" ncolour="[0]" size="10.560">或</text>
                <text font="JQUZDQ+SimSun" bbox="347.050,756.632,357.610,767.192" colourspace="ICCBased" ncolour="[0]" size="10.560">重</text>
                <text font="JQUZDQ+SimSun" bbox="357.610,756.632,368.170,767.192" colourspace="ICCBased" ncolour="[0]" size="10.560">度</text>
                <text font="JQUZDQ+SimSun" bbox="368.170,756.632,378.730,767.192" colourspace="ICCBased" ncolour="[0]" size="10.560">蛋</text>
                <text font="JQUZDQ+SimSun" bbox="378.730,756.632,389.290,767.192" colourspace="ICCBased" ncolour="[0]" size="10.560">白</text>
                <text font="JQUZDQ+SimSun" bbox="389.051,756.632,399.611,767.192" colourspace="ICCBased" ncolour="[0]" size="10.560">尿</text>
                <text font="JQUZDQ+SimSun" bbox="399.611,756.632,410.171,767.192" colourspace="ICCBased" ncolour="[0]" size="10.560">。</text>
                <text font="JTTPDQ+SimSun" bbox="409.927,756.632,415.207,767.192" colourspace="ICCBased" ncolour="[0]" size="10.560"> </text>
                <text>
                </text>
            </textline>
            <textline bbox="210.480,741.029,215.760,751.589">
                <text font="JTTPDQ+SimSun" bbox="210.480,741.029,215.760,751.589" colourspace="ICCBased" ncolour="[0]" size="10.560"> </text>
                <text>
                </text>
            </textline>
            <textline bbox="210.480,726.869,547.196,737.429">
                <text font="JQUZDQ+SimSun" bbox="210.480,726.869,221.040,737.429" colourspace="ICCBased" ncolour="[0]" size="10.560">指</text>
                <text font="JQUZDQ+SimSun" bbox="221.040,726.869,231.600,737.429" colourspace="ICCBased" ncolour="[0]" size="10.560">因</text>
                <text font="JQUZDQ+SimSun" bbox="231.600,726.869,242.160,737.429" colourspace="ICCBased" ncolour="[0]" size="10.560">疾</text>
                <text font="JQUZDQ+SimSun" bbox="242.160,726.869,252.720,737.429" colourspace="ICCBased" ncolour="[0]" size="10.560">病</text>
                <text font="JQUZDQ+SimSun" bbox="252.720,726.869,263.280,737.429" colourspace="ICCBased" ncolour="[0]" size="10.560">或</text>
                <text font="JQUZDQ+SimSun" bbox="263.280,726.869,273.840,737.429" colourspace="ICCBased" ncolour="[0]" size="10.560">意</text>
                <text font="JQUZDQ+SimSun" bbox="273.840,726.869,284.400,737.429" colourspace="ICCBased" ncolour="[0]" size="10.560">外</text>
                <text font="JQUZDQ+SimSun" bbox="284.400,726.869,294.960,737.429" colourspace="ICCBased" ncolour="[0]" size="10.560">伤</text>
                <text font="JQUZDQ+SimSun" bbox="294.720,726.869,305.280,737.429" colourspace="ICCBased" ncolour="[0]" size="10.560">害</text>
                <text font="JQUZDQ+SimSun" bbox="305.280,726.869,315.840,737.429" colourspace="ICCBased" ncolour="[0]" size="10.560">导</text>
                <text font="JQUZDQ+SimSun" bbox="315.840,726.869,326.400,737.429" colourspace="ICCBased" ncolour="[0]" size="10.560">致</text>
                <text font="JQUZDQ+SimSun" bbox="326.400,726.869,336.960,737.429" colourspace="ICCBased" ncolour="[0]" size="10.560">完</text>
                <text font="JQUZDQ+SimSun" bbox="336.960,726.869,347.520,737.429" colourspace="ICCBased" ncolour="[0]" size="10.560">全</text>
                <text font="JQUZDQ+SimSun" bbox="347.280,726.869,357.840,737.429" colourspace="ICCBased" ncolour="[0]" size="10.560">丧</text>
                <text font="JQUZDQ+SimSun" bbox="357.840,726.869,368.400,737.429" colourspace="ICCBased" ncolour="[0]" size="10.560">失</text>
                <text font="JQUZDQ+SimSun" bbox="368.400,726.869,378.960,737.429" colourspace="ICCBased" ncolour="[0]" size="10.560">语</text>
                <text font="JQUZDQ+SimSun" bbox="378.960,726.869,389.520,737.429" colourspace="ICCBased" ncolour="[0]" size="10.560">言</text>
                <text font="JQUZDQ+SimSun" bbox="389.520,726.869,400.080,737.429" colourspace="ICCBased" ncolour="[0]" size="10.560">能</text>
                <text font="JQUZDQ+SimSun" bbox="399.840,726.869,410.400,737.429" colourspace="ICCBased" ncolour="[0]" size="10.560">力</text>
                <text font="JQUZDQ+SimSun" bbox="410.400,726.869,420.960,737.429" colourspace="ICCBased" ncolour="[0]" size="10.560">，</text>
                <text font="JQUZDQ+SimSun" bbox="420.960,726.869,431.520,737.429" colourspace="ICCBased" ncolour="[0]" size="10.560">经</text>
                <text font="JQUZDQ+SimSun" bbox="431.520,726.869,442.080,737.429" colourspace="ICCBased" ncolour="[0]" size="10.560">过</text>
                <text font="JQUZDQ+SimSun" bbox="442.080,726.869,452.640,737.429" colourspace="ICCBased" ncolour="[0]" size="10.560">积</text>
                <text font="JQUZDQ+SimSun" bbox="452.400,726.869,462.960,737.429" colourspace="ICCBased" ncolour="[0]" size="10.560">极</text>
                <text font="JQUZDQ+SimSun" bbox="462.960,726.869,473.520,737.429" colourspace="ICCBased" ncolour="[0]" size="10.560">治</text>
                <text font="JQUZDQ+SimSun" bbox="473.520,726.869,484.080,737.429" colourspace="ICCBased" ncolour="[0]" size="10.560">疗</text>
                <text font="JQUZDQ+SimSun" bbox="484.080,726.869,494.640,737.429" colourspace="ICCBased" ncolour="[0]" size="10.560">至</text>
                <text font="JQUZDQ+SimSun" bbox="494.640,726.869,505.200,737.429" colourspace="ICCBased" ncolour="[0]" size="10.560">少</text>
                <text> </text>
                <text font="JTTPDQ+SimSun" bbox="510.479,726.869,515.759,737.429" colourspace="ICCBased" ncolour="[0]" size="10.560">1</text>
                <text font="JTTPDQ+SimSun" bbox="515.759,726.869,521.039,737.429" colourspace="ICCBased" ncolour="[0]" size="10.560">2</text>
                <text> </text>
                <text font="JQUZDQ+SimSun" bbox="526.076,726.869,536.636,737.429" colourspace="ICCBased" ncolour="[0]" size="10.560">个</text>
                <text font="JQUZDQ+SimSun" bbox="536.636,726.869,547.196,737.429" colourspace="ICCBased" ncolour="[0]" size="10.560">月</text>
                <text>
                </text>
            </textline>
            <textline bbox="210.480,711.272,530.638,721.832">
                <text font="JQUZDQ+SimSun" bbox="210.480,711.272,221.040,721.832" colourspace="ICCBased" ncolour="[0]" size="10.560">（</text>
                <text font="JQUZDQ+SimSun" bbox="221.040,711.272,231.600,721.832" colourspace="ICCBased" ncolour="[0]" size="10.560">声</text>
                <text font="JQUZDQ+SimSun" bbox="231.600,711.272,242.160,721.832" colourspace="ICCBased" ncolour="[0]" size="10.560">带</text>
                <text font="JQUZDQ+SimSun" bbox="242.160,711.272,252.720,721.832" colourspace="ICCBased" ncolour="[0]" size="10.560">完</text>
                <text font="JQUZDQ+SimSun" bbox="252.720,711.272,263.280,721.832" colourspace="ICCBased" ncolour="[0]" size="10.560">全</text>
                <text font="JQUZDQ+SimSun" bbox="263.040,711.272,273.600,721.832" colourspace="ICCBased" ncolour="[0]" size="10.560">切</text>
                <text font="JQUZDQ+SimSun" bbox="273.600,711.272,284.160,721.832" colourspace="ICCBased" ncolour="[0]" size="10.560">除</text>
                <text font="JQUZDQ+SimSun" bbox="284.160,711.272,294.720,721.832" colourspace="ICCBased" ncolour="[0]" size="10.560">不</text>
                <text font="JQUZDQ+SimSun" bbox="294.720,711.272,305.280,721.832" colourspace="ICCBased" ncolour="[0]" size="10.560">受</text>
                <text font="JQUZDQ+SimSun" bbox="305.040,711.272,315.600,721.832" colourspace="ICCBased" ncolour="[0]" size="10.560">此</text>
                <text font="JQUZDQ+SimSun" bbox="315.600,711.272,326.160,721.832" colourspace="ICCBased" ncolour="[0]" size="10.560">时</text>
                <text font="JQUZDQ+SimSun" bbox="326.160,711.272,336.720,721.832" colourspace="ICCBased" ncolour="[0]" size="10.560">间</text>
                <text font="JQUZDQ+SimSun" bbox="336.720,711.272,347.280,721.832" colourspace="ICCBased" ncolour="[0]" size="10.560">限</text>
                <text font="JQUZDQ+SimSun" bbox="347.040,711.272,357.600,721.832" colourspace="ICCBased" ncolour="[0]" size="10.560">制</text>
                <text font="JQUZDQ+SimSun" bbox="357.600,711.272,368.160,721.832" colourspace="ICCBased" ncolour="[0]" size="10.560">）</text>
                <text font="JQUZDQ+SimSun" bbox="362.880,711.272,373.440,721.832" colourspace="ICCBased" ncolour="[0]" size="10.560">，</text>
                <text font="JQUZDQ+SimSun" bbox="373.440,711.272,384.000,721.832" colourspace="ICCBased" ncolour="[0]" size="10.560">仍</text>
                <text font="JQUZDQ+SimSun" bbox="384.000,711.272,394.560,721.832" colourspace="ICCBased" ncolour="[0]" size="10.560">无</text>
                <text font="JQUZDQ+SimSun" bbox="394.320,711.272,404.880,721.832" colourspace="ICCBased" ncolour="[0]" size="10.560">法</text>
                <text font="JQUZDQ+SimSun" bbox="404.880,711.272,415.440,721.832" colourspace="ICCBased" ncolour="[0]" size="10.560">通</text>
                <text font="JQUZDQ+SimSun" bbox="415.440,711.272,426.000,721.832" colourspace="ICCBased" ncolour="[0]" size="10.560">过</text>
                <text font="JQUZDQ+SimSun" bbox="425.760,711.272,436.320,721.832" colourspace="ICCBased" ncolour="[0]" size="10.560">现</text>
                <text font="JQUZDQ+SimSun" bbox="436.320,711.272,446.880,721.832" colourspace="ICCBased" ncolour="[0]" size="10.560">有</text>
                <text font="JQUZDQ+SimSun" bbox="446.640,711.272,457.200,721.832" colourspace="ICCBased" ncolour="[0]" size="10.560">医</text>
                <text font="JQUZDQ+SimSun" bbox="457.200,711.272,467.760,721.832" colourspace="ICCBased" ncolour="[0]" size="10.560">疗</text>
                <text font="JQUZDQ+SimSun" bbox="467.760,711.272,478.320,721.832" colourspace="ICCBased" ncolour="[0]" size="10.560">手</text>
                <text font="JQUZDQ+SimSun" bbox="478.320,711.272,488.880,721.832" colourspace="ICCBased" ncolour="[0]" size="10.560">段</text>
                <text font="JQUZDQ+SimSun" bbox="488.880,711.272,499.440,721.832" colourspace="ICCBased" ncolour="[0]" size="10.560">恢</text>
                <text font="JQUZDQ+SimSun" bbox="499.200,711.272,509.760,721.832" colourspace="ICCBased" ncolour="[0]" size="10.560">复</text>
                <text font="JQUZDQ+SimSun" bbox="509.760,711.272,520.320,721.832" colourspace="ICCBased" ncolour="[0]" size="10.560">。</text>
                <text font="JTTPDQ+SimSun" bbox="520.320,711.272,525.600,721.832" colourspace="ICCBased" ncolour="[0]" size="10.560"> </text>
                <text font="JTTPDQ+SimSun" bbox="525.358,711.272,530.638,721.832" colourspace="ICCBased" ncolour="[0]" size="10.560"> </text>
                <text>
                </text>
            </textline>
            <textline bbox="210.480,695.669,457.200,706.229">
                <text font="JQUZDQ+SimSun" bbox="210.480,695.669,221.040,706.229" colourspace="ICCBased" ncolour="[0]" size="10.560">精</text>
                <text font="JQUZDQ+SimSun" bbox="221.040,695.669,231.600,706.229" colourspace="ICCBased" ncolour="[0]" size="10.560">神</text>
                <text font="JQUZDQ+SimSun" bbox="231.600,695.669,242.160,706.229" colourspace="ICCBased" ncolour="[0]" size="10.560">心</text>
                <text font="JQUZDQ+SimSun" bbox="242.160,695.669,252.720,706.229" colourspace="ICCBased" ncolour="[0]" size="10.560">理</text>
                <text font="JQUZDQ+SimSun" bbox="252.720,695.669,263.280,706.229" colourspace="ICCBased" ncolour="[0]" size="10.560">因</text>
                <text font="JQUZDQ+SimSun" bbox="263.040,695.669,273.600,706.229" colourspace="ICCBased" ncolour="[0]" size="10.560">素</text>
                <text font="JQUZDQ+SimSun" bbox="273.600,695.669,284.160,706.229" colourspace="ICCBased" ncolour="[0]" size="10.560">所</text>
                <text font="JQUZDQ+SimSun" bbox="284.160,695.669,294.720,706.229" colourspace="ICCBased" ncolour="[0]" size="10.560">致</text>
                <text font="JQUZDQ+SimSun" bbox="294.720,695.669,305.280,706.229" colourspace="ICCBased" ncolour="[0]" size="10.560">的</text>
                <text font="JQUZDQ+SimSun" bbox="305.040,695.669,315.600,706.229" colourspace="ICCBased" ncolour="[0]" size="10.560">语</text>
                <text font="JQUZDQ+SimSun" bbox="315.600,695.669,326.160,706.229" colourspace="ICCBased" ncolour="[0]" size="10.560">言</text>
                <text font="JQUZDQ+SimSun" bbox="326.160,695.669,336.720,706.229" colourspace="ICCBased" ncolour="[0]" size="10.560">能</text>
                <text font="JQUZDQ+SimSun" bbox="336.720,695.669,347.280,706.229" colourspace="ICCBased" ncolour="[0]" size="10.560">力</text>
                <text font="JQUZDQ+SimSun" bbox="347.040,695.669,357.600,706.229" colourspace="ICCBased" ncolour="[0]" size="10.560">丧</text>
                <text font="JQUZDQ+SimSun" bbox="357.600,695.669,368.160,706.229" colourspace="ICCBased" ncolour="[0]" size="10.560">失</text>
                <text font="JQUZDQ+SimSun" bbox="368.160,695.669,378.720,706.229" colourspace="ICCBased" ncolour="[0]" size="10.560">不</text>
                <text font="JQUZDQ+SimSun" bbox="378.720,695.669,389.280,706.229" colourspace="ICCBased" ncolour="[0]" size="10.560">在</text>
                <text font="JQUZDQ+SimSun" bbox="389.040,695.669,399.600,706.229" colourspace="ICCBased" ncolour="[0]" size="10.560">保</text>
                <text font="JQUZDQ+SimSun" bbox="399.600,695.669,410.160,706.229" colourspace="ICCBased" ncolour="[0]" size="10.560">障</text>
                <text font="JQUZDQ+SimSun" bbox="410.160,695.669,420.720,706.229" colourspace="ICCBased" ncolour="[0]" size="10.560">范</text>
                <text font="JQUZDQ+SimSun" bbox="420.720,695.669,431.280,706.229" colourspace="ICCBased" ncolour="[0]" size="10.560">围</text>
                <text font="JQUZDQ+SimSun" bbox="431.040,695.669,441.600,706.229" colourspace="ICCBased" ncolour="[0]" size="10.560">内</text>
                <text font="JQUZDQ+SimSun" bbox="441.600,695.669,452.160,706.229" colourspace="ICCBased" ncolour="[0]" size="10.560">。</text>
                <text font="JTTPDQ+SimSun" bbox="451.920,695.669,457.200,706.229" colourspace="ICCBased" ncolour="[0]" size="10.560"> </text>
                <text>
                </text>
            </textline>
            <textline bbox="210.480,680.069,547.200,690.629">
                <text font="JQUZDQ+SimSun" bbox="210.480,680.069,221.040,690.629" colourspace="ICCBased" ncolour="[0]" size="10.560">若</text>
                <text font="JQUZDQ+SimSun" bbox="221.040,680.069,231.600,690.629" colourspace="ICCBased" ncolour="[0]" size="10.560">被</text>
                <text font="JQUZDQ+SimSun" bbox="231.600,680.069,242.160,690.629" colourspace="ICCBased" ncolour="[0]" size="10.560">保</text>
                <text font="JQUZDQ+SimSun" bbox="242.160,680.069,252.720,690.629" colourspace="ICCBased" ncolour="[0]" size="10.560">险</text>
                <text font="JQUZDQ+SimSun" bbox="252.720,680.069,263.280,690.629" colourspace="ICCBased" ncolour="[0]" size="10.560">人</text>
                <text font="JQUZDQ+SimSun" bbox="263.280,680.069,273.840,690.629" colourspace="ICCBased" ncolour="[0]" size="10.560">在</text>
                <text> </text>
                <text font="JTTPDQ+SimSun" bbox="276.480,680.069,281.760,690.629" colourspace="ICCBased" ncolour="[0]" size="10.560">0</text>
                <text> </text>
                <text font="JQUZDQ+SimSun" bbox="284.400,680.069,294.960,690.629" colourspace="ICCBased" ncolour="[0]" size="10.560">至</text>
                <text> </text>
                <text font="JTTPDQ+SimSun" bbox="297.600,680.069,302.880,690.629" colourspace="ICCBased" ncolour="[0]" size="10.560">3</text>
                <text> </text>
                <text font="JQUZDQ+SimSun" bbox="305.520,680.069,316.080,690.629" colourspace="ICCBased" ncolour="[0]" size="10.560">周</text>
                <text font="JQUZDQ+SimSun" bbox="316.080,680.069,326.640,690.629" colourspace="ICCBased" ncolour="[0]" size="10.560">岁</text>
                <text font="JQUZDQ+SimSun" bbox="326.640,680.069,337.200,690.629" colourspace="ICCBased" ncolour="[0]" size="10.560">保</text>
                <text font="JQUZDQ+SimSun" bbox="337.200,680.069,347.760,690.629" colourspace="ICCBased" ncolour="[0]" size="10.560">单</text>
                <text font="JQUZDQ+SimSun" bbox="347.520,680.069,358.080,690.629" colourspace="ICCBased" ncolour="[0]" size="10.560">周</text>
                <text font="JQUZDQ+SimSun" bbox="358.080,680.069,368.640,690.629" colourspace="ICCBased" ncolour="[0]" size="10.560">年</text>
                <text font="JQUZDQ+SimSun" bbox="368.640,680.069,379.200,690.629" colourspace="ICCBased" ncolour="[0]" size="10.560">日</text>
                <text font="JQUZDQ+SimSun" bbox="379.200,680.069,389.760,690.629" colourspace="ICCBased" ncolour="[0]" size="10.560">期</text>
                <text font="JQUZDQ+SimSun" bbox="389.521,680.069,400.081,690.629" colourspace="ICCBased" ncolour="[0]" size="10.560">间</text>
                <text font="JQUZDQ+SimSun" bbox="400.081,680.069,410.641,690.629" colourspace="ICCBased" ncolour="[0]" size="10.560">语</text>
                <text font="JQUZDQ+SimSun" bbox="410.641,680.069,421.201,690.629" colourspace="ICCBased" ncolour="[0]" size="10.560">言</text>
                <text font="JQUZDQ+SimSun" bbox="421.201,680.069,431.761,690.629" colourspace="ICCBased" ncolour="[0]" size="10.560">能</text>
                <text font="JQUZDQ+SimSun" bbox="431.520,680.069,442.080,690.629" colourspace="ICCBased" ncolour="[0]" size="10.560">力</text>
                <text font="JQUZDQ+SimSun" bbox="442.080,680.069,452.640,690.629" colourspace="ICCBased" ncolour="[0]" size="10.560">丧</text>
                <text font="JQUZDQ+SimSun" bbox="452.400,680.069,462.960,690.629" colourspace="ICCBased" ncolour="[0]" size="10.560">失</text>
                <text font="JQUZDQ+SimSun" bbox="462.960,680.069,473.520,690.629" colourspace="ICCBased" ncolour="[0]" size="10.560">，</text>
                <text font="JQUZDQ+SimSun" bbox="473.520,680.069,484.080,690.629" colourspace="ICCBased" ncolour="[0]" size="10.560">在</text>
                <text font="JQUZDQ+SimSun" bbox="484.080,680.069,494.640,690.629" colourspace="ICCBased" ncolour="[0]" size="10.560">本</text>
                <text font="JQUZDQ+SimSun" bbox="494.640,680.069,505.200,690.629" colourspace="ICCBased" ncolour="[0]" size="10.560">附</text>
                <text font="JQUZDQ+SimSun" bbox="504.960,680.069,515.520,690.629" colourspace="ICCBased" ncolour="[0]" size="10.560">加</text>
                <text font="JQUZDQ+SimSun" bbox="515.520,680.069,526.080,690.629" colourspace="ICCBased" ncolour="[0]" size="10.560">险</text>
                <text font="JQUZDQ+SimSun" bbox="526.080,680.069,536.640,690.629" colourspace="ICCBased" ncolour="[0]" size="10.560">合</text>
                <text font="JQUZDQ+SimSun" bbox="536.640,680.069,547.200,690.629" colourspace="ICCBased" ncolour="[0]" size="10.560">同</text>
                <text>
                </text>
            </textline>
            <textline bbox="210.480,664.469,446.640,675.029">
                <text font="JQUZDQ+SimSun" bbox="210.480,664.469,221.040,675.029" colourspace="ICCBased" ncolour="[0]" size="10.560">保</text>
                <text font="JQUZDQ+SimSun" bbox="221.040,664.469,231.600,675.029" colourspace="ICCBased" ncolour="[0]" size="10.560">险</text>
                <text font="JQUZDQ+SimSun" bbox="231.600,664.469,242.160,675.029" colourspace="ICCBased" ncolour="[0]" size="10.560">期</text>
                <text font="JQUZDQ+SimSun" bbox="242.160,664.469,252.720,675.029" colourspace="ICCBased" ncolour="[0]" size="10.560">间</text>
                <text font="JQUZDQ+SimSun" bbox="252.720,664.469,263.280,675.029" colourspace="ICCBased" ncolour="[0]" size="10.560">内</text>
                <text font="JQUZDQ+SimSun" bbox="263.040,664.469,273.600,675.029" colourspace="ICCBased" ncolour="[0]" size="10.560">我</text>
                <text font="JQUZDQ+SimSun" bbox="273.600,664.469,284.160,675.029" colourspace="ICCBased" ncolour="[0]" size="10.560">们</text>
                <text font="JQUZDQ+SimSun" bbox="284.160,664.469,294.720,675.029" colourspace="ICCBased" ncolour="[0]" size="10.560">对</text>
                <text font="JQUZDQ+SimSun" bbox="294.720,664.469,305.280,675.029" colourspace="ICCBased" ncolour="[0]" size="10.560">语</text>
                <text font="JQUZDQ+SimSun" bbox="305.040,664.469,315.600,675.029" colourspace="ICCBased" ncolour="[0]" size="10.560">言</text>
                <text font="JQUZDQ+SimSun" bbox="315.600,664.469,326.160,675.029" colourspace="ICCBased" ncolour="[0]" size="10.560">能</text>
                <text font="JQUZDQ+SimSun" bbox="326.160,664.469,336.720,675.029" colourspace="ICCBased" ncolour="[0]" size="10.560">力</text>
                <text font="JQUZDQ+SimSun" bbox="336.720,664.469,347.280,675.029" colourspace="ICCBased" ncolour="[0]" size="10.560">丧</text>
                <text font="JQUZDQ+SimSun" bbox="347.040,664.469,357.600,675.029" colourspace="ICCBased" ncolour="[0]" size="10.560">失</text>
                <text font="JQUZDQ+SimSun" bbox="357.600,664.469,368.160,675.029" colourspace="ICCBased" ncolour="[0]" size="10.560">不</text>
                <text font="JQUZDQ+SimSun" bbox="368.160,664.469,378.720,675.029" colourspace="ICCBased" ncolour="[0]" size="10.560">承</text>
                <text font="JQUZDQ+SimSun" bbox="378.720,664.469,389.280,675.029" colourspace="ICCBased" ncolour="[0]" size="10.560">担</text>
                <text font="JQUZDQ+SimSun" bbox="389.040,664.469,399.600,675.029" colourspace="ICCBased" ncolour="[0]" size="10.560">保</text>
                <text font="JQUZDQ+SimSun" bbox="399.600,664.469,410.160,675.029" colourspace="ICCBased" ncolour="[0]" size="10.560">险</text>
                <text font="JQUZDQ+SimSun" bbox="410.160,664.469,420.720,675.029" colourspace="ICCBased" ncolour="[0]" size="10.560">责</text>
                <text font="JQUZDQ+SimSun" bbox="420.720,664.469,431.280,675.029" colourspace="ICCBased" ncolour="[0]" size="10.560">任</text>
                <text font="JQUZDQ+SimSun" bbox="431.040,664.469,441.600,675.029" colourspace="ICCBased" ncolour="[0]" size="10.560">。</text>
                <text font="JTTPDQ+SimSun" bbox="441.360,664.469,446.640,675.029" colourspace="ICCBased" ncolour="[0]" size="10.560"> </text>
                <text>
                </text>
            </textline>
            <textline bbox="210.480,648.869,215.760,659.429">
                <text font="JTTPDQ+SimSun" bbox="210.480,648.869,215.760,659.429" colourspace="ICCBased" ncolour="[0]" size="10.560"> </text>
                <text>
                </text>
            </textline>
            <textline bbox="210.480,634.469,547.200,645.029">
                <text font="JQUZDQ+SimSun" bbox="210.480,634.469,221.040,645.029" colourspace="ICCBased" ncolour="[0]" size="10.560">指</text>
                <text font="JQUZDQ+SimSun" bbox="221.040,634.469,231.600,645.029" colourspace="ICCBased" ncolour="[0]" size="10.560">因</text>
                <text font="JQUZDQ+SimSun" bbox="231.600,634.469,242.160,645.029" colourspace="ICCBased" ncolour="[0]" size="10.560">肝</text>
                <text font="JQUZDQ+SimSun" bbox="242.160,634.469,252.720,645.029" colourspace="ICCBased" ncolour="[0]" size="10.560">炎</text>
                <text font="JQUZDQ+SimSun" bbox="252.720,634.469,263.280,645.029" colourspace="ICCBased" ncolour="[0]" size="10.560">病</text>
                <text font="JQUZDQ+SimSun" bbox="263.280,634.469,273.840,645.029" colourspace="ICCBased" ncolour="[0]" size="10.560">毒</text>
                <text font="JQUZDQ+SimSun" bbox="273.840,634.469,284.400,645.029" colourspace="ICCBased" ncolour="[0]" size="10.560">感</text>
                <text font="JQUZDQ+SimSun" bbox="284.160,634.469,294.720,645.029" colourspace="ICCBased" ncolour="[0]" size="10.560">染</text>
                <text font="JQUZDQ+SimSun" bbox="294.720,634.469,305.280,645.029" colourspace="ICCBased" ncolour="[0]" size="10.560">引</text>
                <text font="JQUZDQ+SimSun" bbox="305.280,634.469,315.840,645.029" colourspace="ICCBased" ncolour="[0]" size="10.560">起</text>
                <text font="JQUZDQ+SimSun" bbox="315.840,634.469,326.400,645.029" colourspace="ICCBased" ncolour="[0]" size="10.560">肝</text>
                <text font="JQUZDQ+SimSun" bbox="326.400,634.469,336.960,645.029" colourspace="ICCBased" ncolour="[0]" size="10.560">脏</text>
                <text font="JQUZDQ+SimSun" bbox="336.960,634.469,347.520,645.029" colourspace="ICCBased" ncolour="[0]" size="10.560">组</text>
                <text font="JQUZDQ+SimSun" bbox="347.280,634.469,357.840,645.029" colourspace="ICCBased" ncolour="[0]" size="10.560">织</text>
                <text font="JQUZDQ+SimSun" bbox="357.840,634.469,368.400,645.029" colourspace="ICCBased" ncolour="[0]" size="10.560">弥</text>
                <text font="JQUZDQ+SimSun" bbox="368.400,634.469,378.960,645.029" colourspace="ICCBased" ncolour="[0]" size="10.560">漫</text>
                <text font="JQUZDQ+SimSun" bbox="378.960,634.469,389.520,645.029" colourspace="ICCBased" ncolour="[0]" size="10.560">性</text>
                <text font="JQUZDQ+SimSun" bbox="389.520,634.469,400.080,645.029" colourspace="ICCBased" ncolour="[0]" size="10.560">坏</text>
                <text font="JQUZDQ+SimSun" bbox="399.840,634.469,410.400,645.029" colourspace="ICCBased" ncolour="[0]" size="10.560">死</text>
                <text font="JQUZDQ+SimSun" bbox="410.400,634.469,420.960,645.029" colourspace="ICCBased" ncolour="[0]" size="10.560">，</text>
                <text font="JQUZDQ+SimSun" bbox="420.960,634.469,431.520,645.029" colourspace="ICCBased" ncolour="[0]" size="10.560">导</text>
                <text font="JQUZDQ+SimSun" bbox="431.520,634.469,442.080,645.029" colourspace="ICCBased" ncolour="[0]" size="10.560">致</text>
                <text font="JQUZDQ+SimSun" bbox="442.080,634.469,452.640,645.029" colourspace="ICCBased" ncolour="[0]" size="10.560">急</text>
                <text font="JQUZDQ+SimSun" bbox="452.400,634.469,462.960,645.029" colourspace="ICCBased" ncolour="[0]" size="10.560">性</text>
                <text font="JQUZDQ+SimSun" bbox="462.960,634.469,473.520,645.029" colourspace="ICCBased" ncolour="[0]" size="10.560">肝</text>
                <text font="JQUZDQ+SimSun" bbox="473.520,634.469,484.080,645.029" colourspace="ICCBased" ncolour="[0]" size="10.560">功</text>
                <text font="JQUZDQ+SimSun" bbox="484.080,634.469,494.640,645.029" colourspace="ICCBased" ncolour="[0]" size="10.560">能</text>
                <text font="JQUZDQ+SimSun" bbox="494.640,634.469,505.200,645.029" colourspace="ICCBased" ncolour="[0]" size="10.560">衰</text>
                <text font="JQUZDQ+SimSun" bbox="505.200,634.469,515.760,645.029" colourspace="ICCBased" ncolour="[0]" size="10.560">竭</text>
                <text font="JQUZDQ+SimSun" bbox="515.760,634.469,526.320,645.029" colourspace="ICCBased" ncolour="[0]" size="10.560">，</text>
                <text font="JQUZDQ+SimSun" bbox="526.080,634.469,536.640,645.029" colourspace="ICCBased" ncolour="[0]" size="10.560">且</text>
                <text font="JQUZDQ+SimSun" bbox="536.640,634.469,547.200,645.029" colourspace="ICCBased" ncolour="[0]" size="10.560">经</text>
                <text>
                </text>
            </textline>
            <textline bbox="210.480,618.872,462.484,629.432">
                <text font="JQUZDQ+SimSun" bbox="210.480,618.872,221.040,629.432" colourspace="ICCBased" ncolour="[0]" size="10.560">血</text>
                <text font="JQUZDQ+SimSun" bbox="221.040,618.872,231.600,629.432" colourspace="ICCBased" ncolour="[0]" size="10.560">清</text>
                <text font="JQUZDQ+SimSun" bbox="231.600,618.872,242.160,629.432" colourspace="ICCBased" ncolour="[0]" size="10.560">学</text>
                <text font="JQUZDQ+SimSun" bbox="242.160,618.872,252.720,629.432" colourspace="ICCBased" ncolour="[0]" size="10.560">或</text>
                <text font="JQUZDQ+SimSun" bbox="252.720,618.872,263.280,629.432" colourspace="ICCBased" ncolour="[0]" size="10.560">病</text>
                <text font="JQUZDQ+SimSun" bbox="263.040,618.872,273.600,629.432" colourspace="ICCBased" ncolour="[0]" size="10.560">毒</text>
                <text font="JQUZDQ+SimSun" bbox="273.600,618.872,284.160,629.432" colourspace="ICCBased" ncolour="[0]" size="10.560">学</text>
                <text font="JQUZDQ+SimSun" bbox="284.160,618.872,294.720,629.432" colourspace="ICCBased" ncolour="[0]" size="10.560">检</text>
                <text font="JQUZDQ+SimSun" bbox="294.720,618.872,305.280,629.432" colourspace="ICCBased" ncolour="[0]" size="10.560">查</text>
                <text font="JQUZDQ+SimSun" bbox="305.040,618.872,315.600,629.432" colourspace="ICCBased" ncolour="[0]" size="10.560">证</text>
                <text font="JQUZDQ+SimSun" bbox="315.600,618.872,326.160,629.432" colourspace="ICCBased" ncolour="[0]" size="10.560">实</text>
                <text font="JQUZDQ+SimSun" bbox="326.160,618.872,336.720,629.432" colourspace="ICCBased" ncolour="[0]" size="10.560">，</text>
                <text font="JQUZDQ+SimSun" bbox="336.720,618.872,347.280,629.432" colourspace="ICCBased" ncolour="[0]" size="10.560">并</text>
                <text font="JQUZDQ+SimSun" bbox="347.040,618.872,357.600,629.432" colourspace="ICCBased" ncolour="[0]" size="10.560">须</text>
                <text font="JQUZDQ+SimSun" bbox="357.600,618.872,368.160,629.432" colourspace="ICCBased" ncolour="[0]" size="10.560">满</text>
                <text font="JQUZDQ+SimSun" bbox="368.160,618.872,378.720,629.432" colourspace="ICCBased" ncolour="[0]" size="10.560">足</text>
                <text font="JQUZDQ+SimSun" bbox="378.720,618.872,389.280,629.432" colourspace="ICCBased" ncolour="[0]" size="10.560">下</text>
                <text font="JQUZDQ+SimSun" bbox="389.040,618.872,399.600,629.432" colourspace="ICCBased" ncolour="[0]" size="10.560">列</text>
                <text font="JQUZDQ+SimSun" bbox="399.600,618.872,410.160,629.432" colourspace="ICCBased" ncolour="[0]" size="10.560">全</text>
                <text font="JQUZDQ+SimSun" bbox="410.160,618.872,420.720,629.432" colourspace="ICCBased" ncolour="[0]" size="10.560">部</text>
                <text font="JQUZDQ+SimSun" bbox="420.720,618.872,431.280,629.432" colourspace="ICCBased" ncolour="[0]" size="10.560">条</text>
                <text font="JQUZDQ+SimSun" bbox="431.040,618.872,441.600,629.432" colourspace="ICCBased" ncolour="[0]" size="10.560">件</text>
                <text font="JQUZDQ+SimSun" bbox="441.600,618.872,452.160,629.432" colourspace="ICCBased" ncolour="[0]" size="10.560">：</text>
                <text font="JTTPDQ+SimSun" bbox="451.924,618.872,457.204,629.432" colourspace="ICCBased" ncolour="[0]" size="10.560"> </text>
                <text font="JTTPDQ+SimSun" bbox="457.204,618.872,462.484,629.432" colourspace="ICCBased" ncolour="[0]" size="10.560"> </text>
                <text>
                </text>
            </textline>
            <textline bbox="210.480,603.275,373.199,613.835">
                <text font="JQUZDQ+SimSun" bbox="210.480,603.275,221.040,613.835" colourspace="ICCBased" ncolour="[0]" size="10.560">（</text>
                <text font="JTTPDQ+SimSun" bbox="221.040,603.275,226.320,613.835" colourspace="ICCBased" ncolour="[0]" size="10.560">1</text>
                <text font="JQUZDQ+SimSun" bbox="226.320,603.275,236.880,613.835" colourspace="ICCBased" ncolour="[0]" size="10.560">）</text>
                <text font="JQUZDQ+SimSun" bbox="236.880,603.275,247.440,613.835" colourspace="ICCBased" ncolour="[0]" size="10.560">重</text>
                <text font="JQUZDQ+SimSun" bbox="247.440,603.275,258.000,613.835" colourspace="ICCBased" ncolour="[0]" size="10.560">度</text>
                <text font="JQUZDQ+SimSun" bbox="258.000,603.275,268.560,613.835" colourspace="ICCBased" ncolour="[0]" size="10.560">黄</text>
                <text font="JQUZDQ+SimSun" bbox="268.320,603.275,278.880,613.835" colourspace="ICCBased" ncolour="[0]" size="10.560">疸</text>
                <text font="JQUZDQ+SimSun" bbox="278.880,603.275,289.440,613.835" colourspace="ICCBased" ncolour="[0]" size="10.560">或</text>
                <text font="JQUZDQ+SimSun" bbox="289.440,603.275,300.000,613.835" colourspace="ICCBased" ncolour="[0]" size="10.560">黄</text>
                <text font="JQUZDQ+SimSun" bbox="300.000,603.275,310.560,613.835" colourspace="ICCBased" ncolour="[0]" size="10.560">疸</text>
                <text font="JQUZDQ+SimSun" bbox="310.320,603.275,320.880,613.835" colourspace="ICCBased" ncolour="[0]" size="10.560">迅</text>
                <text font="JQUZDQ+SimSun" bbox="320.880,603.275,331.440,613.835" colourspace="ICCBased" ncolour="[0]" size="10.560">速</text>
                <text font="JQUZDQ+SimSun" bbox="331.440,603.275,342.000,613.835" colourspace="ICCBased" ncolour="[0]" size="10.560">加</text>
                <text font="JQUZDQ+SimSun" bbox="342.000,603.275,352.560,613.835" colourspace="ICCBased" ncolour="[0]" size="10.560">重</text>
                <text font="JQUZDQ+SimSun" bbox="352.320,603.275,362.880,613.835" colourspace="ICCBased" ncolour="[0]" size="10.560">；</text>
                <text font="JTTPDQ+SimSun" bbox="362.880,603.275,368.160,613.835" colourspace="ICCBased" ncolour="[0]" size="10.560"> </text>
                <text font="JTTPDQ+SimSun" bbox="367.919,603.275,373.199,613.835" colourspace="ICCBased" ncolour="[0]" size="10.560"> </text>
                <text>
                </text>
            </textline>
            <textline bbox="210.480,587.677,299.765,598.237">
                <text font="JQUZDQ+SimSun" bbox="210.480,587.677,221.040,598.237" colourspace="ICCBased" ncolour="[0]" size="10.560">（</text>
                <text font="JTTPDQ+SimSun" bbox="221.040,587.677,226.320,598.237" colourspace="ICCBased" ncolour="[0]" size="10.560">2</text>
                <text font="JQUZDQ+SimSun" bbox="226.320,587.677,236.880,598.237" colourspace="ICCBased" ncolour="[0]" size="10.560">）</text>
                <text font="JQUZDQ+SimSun" bbox="236.880,587.677,247.440,598.237" colourspace="ICCBased" ncolour="[0]" size="10.560">肝</text>
                <text font="JQUZDQ+SimSun" bbox="247.440,587.677,258.000,598.237" colourspace="ICCBased" ncolour="[0]" size="10.560">性</text>
                <text font="JQUZDQ+SimSun" bbox="258.000,587.677,268.560,598.237" colourspace="ICCBased" ncolour="[0]" size="10.560">脑</text>
                <text font="JQUZDQ+SimSun" bbox="268.320,587.677,278.880,598.237" colourspace="ICCBased" ncolour="[0]" size="10.560">病</text>
                <text font="JQUZDQ+SimSun" bbox="278.880,587.677,289.440,598.237" colourspace="ICCBased" ncolour="[0]" size="10.560">；</text>
                <text font="JTTPDQ+SimSun" bbox="289.440,587.677,294.720,598.237" colourspace="ICCBased" ncolour="[0]" size="10.560"> </text>
                <text font="JTTPDQ+SimSun" bbox="294.485,587.677,299.765,598.237" colourspace="ICCBased" ncolour="[0]" size="10.560"> </text>
                <text>
                </text>
            </textline>
            <textline bbox="210.480,572.080,465.124,582.640">
                <text font="JQUZDQ+SimSun" bbox="210.480,572.080,221.040,582.640" colourspace="ICCBased" ncolour="[0]" size="10.560">（</text>
                <text font="JTTPDQ+SimSun" bbox="221.040,572.080,226.320,582.640" colourspace="ICCBased" ncolour="[0]" size="10.560">3</text>
                <text font="JQUZDQ+SimSun" bbox="226.320,572.080,236.880,582.640" colourspace="ICCBased" ncolour="[0]" size="10.560">）</text>
                <text font="JTTPDQ+SimSun" bbox="236.880,572.080,242.160,582.640" colourspace="ICCBased" ncolour="[0]" size="10.560">B</text>
                <text> </text>
                <text font="JQUZDQ+SimSun" bbox="244.800,572.080,255.360,582.640" colourspace="ICCBased" ncolour="[0]" size="10.560">超</text>
                <text font="JQUZDQ+SimSun" bbox="255.360,572.080,265.920,582.640" colourspace="ICCBased" ncolour="[0]" size="10.560">或</text>
                <text font="JQUZDQ+SimSun" bbox="265.680,572.080,276.240,582.640" colourspace="ICCBased" ncolour="[0]" size="10.560">其</text>
                <text font="JQUZDQ+SimSun" bbox="276.240,572.080,286.800,582.640" colourspace="ICCBased" ncolour="[0]" size="10.560">它</text>
                <text font="JQUZDQ+SimSun" bbox="286.800,572.080,297.360,582.640" colourspace="ICCBased" ncolour="[0]" size="10.560">影</text>
                <text font="JQUZDQ+SimSun" bbox="297.360,572.080,307.920,582.640" colourspace="ICCBased" ncolour="[0]" size="10.560">像</text>
                <text font="JQUZDQ+SimSun" bbox="307.681,572.080,318.241,582.640" colourspace="ICCBased" ncolour="[0]" size="10.560">学</text>
                <text font="JQUZDQ+SimSun" bbox="318.241,572.080,328.801,582.640" colourspace="ICCBased" ncolour="[0]" size="10.560">检</text>
                <text font="JQUZDQ+SimSun" bbox="328.801,572.080,339.361,582.640" colourspace="ICCBased" ncolour="[0]" size="10.560">查</text>
                <text font="JQUZDQ+SimSun" bbox="339.361,572.080,349.921,582.640" colourspace="ICCBased" ncolour="[0]" size="10.560">显</text>
                <text font="JQUZDQ+SimSun" bbox="349.680,572.080,360.240,582.640" colourspace="ICCBased" ncolour="[0]" size="10.560">示</text>
                <text font="JQUZDQ+SimSun" bbox="360.240,572.080,370.800,582.640" colourspace="ICCBased" ncolour="[0]" size="10.560">肝</text>
                <text font="JQUZDQ+SimSun" bbox="370.800,572.080,381.360,582.640" colourspace="ICCBased" ncolour="[0]" size="10.560">脏</text>
                <text font="JQUZDQ+SimSun" bbox="381.360,572.080,391.920,582.640" colourspace="ICCBased" ncolour="[0]" size="10.560">体</text>
                <text font="JQUZDQ+SimSun" bbox="391.680,572.080,402.240,582.640" colourspace="ICCBased" ncolour="[0]" size="10.560">积</text>
                <text font="JQUZDQ+SimSun" bbox="402.240,572.080,412.800,582.640" colourspace="ICCBased" ncolour="[0]" size="10.560">急</text>
                <text font="JQUZDQ+SimSun" bbox="412.800,572.080,423.360,582.640" colourspace="ICCBased" ncolour="[0]" size="10.560">速</text>
                <text font="JQUZDQ+SimSun" bbox="423.360,572.080,433.920,582.640" colourspace="ICCBased" ncolour="[0]" size="10.560">萎</text>
                <text font="JQUZDQ+SimSun" bbox="433.680,572.080,444.240,582.640" colourspace="ICCBased" ncolour="[0]" size="10.560">缩</text>
                <text font="JQUZDQ+SimSun" bbox="444.240,572.080,454.800,582.640" colourspace="ICCBased" ncolour="[0]" size="10.560">；</text>
                <text font="JTTPDQ+SimSun" bbox="454.564,572.080,459.844,582.640" colourspace="ICCBased" ncolour="[0]" size="10.560"> </text>
                <text font="JTTPDQ+SimSun" bbox="459.844,572.080,465.124,582.640" colourspace="ICCBased" ncolour="[0]" size="10.560"> </text>
                <text>
                </text>
            </textline>
            <textline bbox="210.480,556.483,357.602,567.043">
                <text font="JQUZDQ+SimSun" bbox="210.480,556.483,221.040,567.043" colourspace="ICCBased" ncolour="[0]" size="10.560">（</text>
                <text font="JTTPDQ+SimSun" bbox="221.040,556.483,226.320,567.043" colourspace="ICCBased" ncolour="[0]" size="10.560">4</text>
                <text font="JQUZDQ+SimSun" bbox="226.320,556.483,236.880,567.043" colourspace="ICCBased" ncolour="[0]" size="10.560">）</text>
                <text font="JQUZDQ+SimSun" bbox="236.880,556.483,247.440,567.043" colourspace="ICCBased" ncolour="[0]" size="10.560">肝</text>
                <text font="JQUZDQ+SimSun" bbox="247.440,556.483,258.000,567.043" colourspace="ICCBased" ncolour="[0]" size="10.560">功</text>
                <text font="JQUZDQ+SimSun" bbox="258.000,556.483,268.560,567.043" colourspace="ICCBased" ncolour="[0]" size="10.560">能</text>
                <text font="JQUZDQ+SimSun" bbox="268.320,556.483,278.880,567.043" colourspace="ICCBased" ncolour="[0]" size="10.560">指</text>
                <text font="JQUZDQ+SimSun" bbox="278.880,556.483,289.440,567.043" colourspace="ICCBased" ncolour="[0]" size="10.560">标</text>
                <text font="JQUZDQ+SimSun" bbox="289.440,556.483,300.000,567.043" colourspace="ICCBased" ncolour="[0]" size="10.560">进</text>
                <text font="JQUZDQ+SimSun" bbox="300.000,556.483,310.560,567.043" colourspace="ICCBased" ncolour="[0]" size="10.560">行</text>
                <text font="JQUZDQ+SimSun" bbox="310.320,556.483,320.880,567.043" colourspace="ICCBased" ncolour="[0]" size="10.560">性</text>
                <text font="JQUZDQ+SimSun" bbox="320.880,556.483,331.440,567.043" colourspace="ICCBased" ncolour="[0]" size="10.560">恶</text>
                <text font="JQUZDQ+SimSun" bbox="331.440,556.483,342.000,567.043" colourspace="ICCBased" ncolour="[0]" size="10.560">化</text>
                <text font="JQUZDQ+SimSun" bbox="342.000,556.483,352.560,567.043" colourspace="ICCBased" ncolour="[0]" size="10.560">。</text>
                <text font="JTTPDQ+SimSun" bbox="352.322,556.483,357.602,567.043" colourspace="ICCBased" ncolour="[0]" size="10.560"> </text>
                <text>
                </text>
            </textline>
            <textline bbox="210.480,540.869,215.760,551.429">
                <text font="JTTPDQ+SimSun" bbox="210.480,540.869,215.760,551.429" colourspace="ICCBased" ncolour="[0]" size="10.560"> </text>
                <text>
                </text>
            </textline>
        </textbox>
        <textbox id="7" bbox="97.440,540.048,100.368,552.048">
            <textline bbox="97.440,540.048,100.368,552.048">
                <text font="ERELLA+STXinwei" bbox="97.440,540.048,100.368,552.048" colourspace="ICCBased" ncolour="[0]" size="12.000"> </text>
                <text>
                </text>
            </textline>
        </textbox>
        <textbox id="8" bbox="63.600,434.552,547.200,551.429">
            <textline bbox="68.880,540.869,74.160,551.429">
                <text font="JTTPDQ+SimSun" bbox="68.880,540.869,74.160,551.429" colourspace="ICCBased" ncolour="[0]" size="10.560"> </text>
                <text>
                </text>
            </textline>
            <textline bbox="63.600,525.888,547.200,537.888">
                <text font="JTTPDQ+SimSun" bbox="63.600,526.709,68.880,537.269" colourspace="ICCBased" ncolour="[0]" size="10.560">2</text>
                <text font="JTTPDQ+SimSun" bbox="68.880,526.709,74.160,537.269" colourspace="ICCBased" ncolour="[0]" size="10.560">4</text>
                <text font="JTTPDQ+SimSun" bbox="74.160,526.709,79.440,537.269" colourspace="ICCBased" ncolour="[0]" size="10.560"> </text>
                <text> </text>
                <text font="ERELLA+STXinwei" bbox="97.440,525.888,109.440,537.888" colourspace="ICCBased" ncolour="[0]" size="12.000">严</text>
                <text font="ERELLA+STXinwei" bbox="109.440,525.888,121.440,537.888" colourspace="ICCBased" ncolour="[0]" size="12.000">重</text>
                <text font="ERELLA+STXinwei" bbox="121.440,525.888,133.440,537.888" colourspace="ICCBased" ncolour="[0]" size="12.000">溃</text>
                <text font="ERELLA+STXinwei" bbox="133.440,525.888,145.440,537.888" colourspace="ICCBased" ncolour="[0]" size="12.000">疡</text>
                <text font="ERELLA+STXinwei" bbox="145.440,525.888,157.440,537.888" colourspace="ICCBased" ncolour="[0]" size="12.000">性</text>
                <text font="ERELLA+STXinwei" bbox="157.440,525.888,169.440,537.888" colourspace="ICCBased" ncolour="[0]" size="12.000">结</text>
                <text font="ERELLA+STXinwei" bbox="169.440,525.888,181.440,537.888" colourspace="ICCBased" ncolour="[0]" size="12.000">肠</text>
                <text font="ERELLA+STXinwei" bbox="181.440,525.888,193.440,537.888" colourspace="ICCBased" ncolour="[0]" size="12.000">炎</text>
                <text font="ERELLA+STXinwei" bbox="193.440,525.888,196.368,537.888" colourspace="ICCBased" ncolour="[0]" size="12.000"> </text>
                <text> </text>
                <text font="JQUZDQ+SimSun" bbox="210.480,526.709,221.040,537.269" colourspace="ICCBased" ncolour="[0]" size="10.560">指</text>
                <text font="JQUZDQ+SimSun" bbox="221.040,526.709,231.600,537.269" colourspace="ICCBased" ncolour="[0]" size="10.560">伴</text>
                <text font="JQUZDQ+SimSun" bbox="231.600,526.709,242.160,537.269" colourspace="ICCBased" ncolour="[0]" size="10.560">有</text>
                <text font="JQUZDQ+SimSun" bbox="242.160,526.709,252.720,537.269" colourspace="ICCBased" ncolour="[0]" size="10.560">致</text>
                <text font="JQUZDQ+SimSun" bbox="252.720,526.709,263.280,537.269" colourspace="ICCBased" ncolour="[0]" size="10.560">命</text>
                <text font="JQUZDQ+SimSun" bbox="263.280,526.709,273.840,537.269" colourspace="ICCBased" ncolour="[0]" size="10.560">性</text>
                <text font="JQUZDQ+SimSun" bbox="273.840,526.709,284.400,537.269" colourspace="ICCBased" ncolour="[0]" size="10.560">电</text>
                <text font="JQUZDQ+SimSun" bbox="284.160,526.709,294.720,537.269" colourspace="ICCBased" ncolour="[0]" size="10.560">解</text>
                <text font="JQUZDQ+SimSun" bbox="294.720,526.709,305.280,537.269" colourspace="ICCBased" ncolour="[0]" size="10.560">质</text>
                <text font="JQUZDQ+SimSun" bbox="305.280,526.709,315.840,537.269" colourspace="ICCBased" ncolour="[0]" size="10.560">紊</text>
                <text font="JQUZDQ+SimSun" bbox="315.840,526.709,326.400,537.269" colourspace="ICCBased" ncolour="[0]" size="10.560">乱</text>
                <text font="JQUZDQ+SimSun" bbox="326.400,526.709,336.960,537.269" colourspace="ICCBased" ncolour="[0]" size="10.560">的</text>
                <text font="JQUZDQ+SimSun" bbox="336.960,526.709,347.520,537.269" colourspace="ICCBased" ncolour="[0]" size="10.560">急</text>
                <text font="JQUZDQ+SimSun" bbox="347.280,526.709,357.840,537.269" colourspace="ICCBased" ncolour="[0]" size="10.560">性</text>
                <text font="JQUZDQ+SimSun" bbox="357.840,526.709,368.400,537.269" colourspace="ICCBased" ncolour="[0]" size="10.560">暴</text>
                <text font="JQUZDQ+SimSun" bbox="368.400,526.709,378.960,537.269" colourspace="ICCBased" ncolour="[0]" size="10.560">发</text>
                <text font="JQUZDQ+SimSun" bbox="378.960,526.709,389.520,537.269" colourspace="ICCBased" ncolour="[0]" size="10.560">性</text>
                <text font="JQUZDQ+SimSun" bbox="389.520,526.709,400.080,537.269" colourspace="ICCBased" ncolour="[0]" size="10.560">溃</text>
                <text font="JQUZDQ+SimSun" bbox="399.840,526.709,410.400,537.269" colourspace="ICCBased" ncolour="[0]" size="10.560">疡</text>
                <text font="JQUZDQ+SimSun" bbox="410.400,526.709,420.960,537.269" colourspace="ICCBased" ncolour="[0]" size="10.560">性</text>
                <text font="JQUZDQ+SimSun" bbox="420.960,526.709,431.520,537.269" colourspace="ICCBased" ncolour="[0]" size="10.560">结</text>
                <text font="JQUZDQ+SimSun" bbox="431.520,526.709,442.080,537.269" colourspace="ICCBased" ncolour="[0]" size="10.560">肠</text>
                <text font="JQUZDQ+SimSun" bbox="442.080,526.709,452.640,537.269" colourspace="ICCBased" ncolour="[0]" size="10.560">炎</text>
                <text font="JQUZDQ+SimSun" bbox="452.400,526.709,462.960,537.269" colourspace="ICCBased" ncolour="[0]" size="10.560">，</text>
                <text font="JQUZDQ+SimSun" bbox="462.960,526.709,473.520,537.269" colourspace="ICCBased" ncolour="[0]" size="10.560">病</text>
                <text font="JQUZDQ+SimSun" bbox="473.520,526.709,484.080,537.269" colourspace="ICCBased" ncolour="[0]" size="10.560">变</text>
                <text font="JQUZDQ+SimSun" bbox="484.080,526.709,494.640,537.269" colourspace="ICCBased" ncolour="[0]" size="10.560">累</text>
                <text font="JQUZDQ+SimSun" bbox="494.640,526.709,505.200,537.269" colourspace="ICCBased" ncolour="[0]" size="10.560">及</text>
                <text font="JQUZDQ+SimSun" bbox="505.200,526.709,515.760,537.269" colourspace="ICCBased" ncolour="[0]" size="10.560">全</text>
                <text font="JQUZDQ+SimSun" bbox="515.760,526.709,526.320,537.269" colourspace="ICCBased" ncolour="[0]" size="10.560">结</text>
                <text font="JQUZDQ+SimSun" bbox="526.080,526.709,536.640,537.269" colourspace="ICCBased" ncolour="[0]" size="10.560">肠</text>
                <text font="JQUZDQ+SimSun" bbox="536.640,526.709,547.200,537.269" colourspace="ICCBased" ncolour="[0]" size="10.560">，</text>
                <text>
                </text>
            </textline>
            <textline bbox="210.480,511.112,547.200,521.672">
                <text font="JQUZDQ+SimSun" bbox="210.480,511.112,221.040,521.672" colourspace="ICCBased" ncolour="[0]" size="10.560">表</text>
                <text font="JQUZDQ+SimSun" bbox="221.040,511.112,231.600,521.672" colourspace="ICCBased" ncolour="[0]" size="10.560">现</text>
                <text font="JQUZDQ+SimSun" bbox="231.600,511.112,242.160,521.672" colourspace="ICCBased" ncolour="[0]" size="10.560">为</text>
                <text font="JQUZDQ+SimSun" bbox="242.160,511.112,252.720,521.672" colourspace="ICCBased" ncolour="[0]" size="10.560">严</text>
                <text font="JQUZDQ+SimSun" bbox="252.720,511.112,263.280,521.672" colourspace="ICCBased" ncolour="[0]" size="10.560">重</text>
                <text font="JQUZDQ+SimSun" bbox="263.280,511.112,273.840,521.672" colourspace="ICCBased" ncolour="[0]" size="10.560">的</text>
                <text font="JQUZDQ+SimSun" bbox="273.840,511.112,284.400,521.672" colourspace="ICCBased" ncolour="[0]" size="10.560">血</text>
                <text font="JQUZDQ+SimSun" bbox="284.160,511.112,294.720,521.672" colourspace="ICCBased" ncolour="[0]" size="10.560">便</text>
                <text font="JQUZDQ+SimSun" bbox="294.720,511.112,305.280,521.672" colourspace="ICCBased" ncolour="[0]" size="10.560">和</text>
                <text font="JQUZDQ+SimSun" bbox="305.280,511.112,315.840,521.672" colourspace="ICCBased" ncolour="[0]" size="10.560">系</text>
                <text font="JQUZDQ+SimSun" bbox="315.840,511.112,326.400,521.672" colourspace="ICCBased" ncolour="[0]" size="10.560">统</text>
                <text font="JQUZDQ+SimSun" bbox="326.400,511.112,336.960,521.672" colourspace="ICCBased" ncolour="[0]" size="10.560">性</text>
                <text font="JQUZDQ+SimSun" bbox="336.960,511.112,347.520,521.672" colourspace="ICCBased" ncolour="[0]" size="10.560">症</text>
                <text font="JQUZDQ+SimSun" bbox="347.280,511.112,357.840,521.672" colourspace="ICCBased" ncolour="[0]" size="10.560">状</text>
                <text font="JQUZDQ+SimSun" bbox="357.840,511.112,368.400,521.672" colourspace="ICCBased" ncolour="[0]" size="10.560">体</text>
                <text font="JQUZDQ+SimSun" bbox="368.400,511.112,378.960,521.672" colourspace="ICCBased" ncolour="[0]" size="10.560">征</text>
                <text font="JQUZDQ+SimSun" bbox="378.960,511.112,389.520,521.672" colourspace="ICCBased" ncolour="[0]" size="10.560">，</text>
                <text font="JQUZDQ+SimSun" bbox="389.520,511.112,400.080,521.672" colourspace="ICCBased" ncolour="[0]" size="10.560">已</text>
                <text font="JQUZDQ+SimSun" bbox="399.840,511.112,410.400,521.672" colourspace="ICCBased" ncolour="[0]" size="10.560">经</text>
                <text font="JQUZDQ+SimSun" bbox="410.400,511.112,420.960,521.672" colourspace="ICCBased" ncolour="[0]" size="10.560">造</text>
                <text font="JQUZDQ+SimSun" bbox="420.960,511.112,431.520,521.672" colourspace="ICCBased" ncolour="[0]" size="10.560">成</text>
                <text font="JQUZDQ+SimSun" bbox="431.520,511.112,442.080,521.672" colourspace="ICCBased" ncolour="[0]" size="10.560">瘘</text>
                <text font="JQUZDQ+SimSun" bbox="442.080,511.112,452.640,521.672" colourspace="ICCBased" ncolour="[0]" size="10.560">管</text>
                <text font="JQUZDQ+SimSun" bbox="452.400,511.112,462.960,521.672" colourspace="ICCBased" ncolour="[0]" size="10.560">并</text>
                <text font="JQUZDQ+SimSun" bbox="462.960,511.112,473.520,521.672" colourspace="ICCBased" ncolour="[0]" size="10.560">伴</text>
                <text font="JQUZDQ+SimSun" bbox="473.520,511.112,484.080,521.672" colourspace="ICCBased" ncolour="[0]" size="10.560">有</text>
                <text font="JQUZDQ+SimSun" bbox="484.080,511.112,494.640,521.672" colourspace="ICCBased" ncolour="[0]" size="10.560">肠</text>
                <text font="JQUZDQ+SimSun" bbox="494.640,511.112,505.200,521.672" colourspace="ICCBased" ncolour="[0]" size="10.560">梗</text>
                <text font="JQUZDQ+SimSun" bbox="505.200,511.112,515.760,521.672" colourspace="ICCBased" ncolour="[0]" size="10.560">阻</text>
                <text font="JQUZDQ+SimSun" bbox="515.760,511.112,526.320,521.672" colourspace="ICCBased" ncolour="[0]" size="10.560">或</text>
                <text font="JQUZDQ+SimSun" bbox="526.080,511.112,536.640,521.672" colourspace="ICCBased" ncolour="[0]" size="10.560">肠</text>
                <text font="JQUZDQ+SimSun" bbox="536.640,511.112,547.200,521.672" colourspace="ICCBased" ncolour="[0]" size="10.560">穿</text>
                <text>
                </text>
            </textline>
            <textline bbox="210.480,495.515,547.200,506.075">
                <text font="JQUZDQ+SimSun" bbox="210.480,495.515,221.040,506.075" colourspace="ICCBased" ncolour="[0]" size="10.560">孔</text>
                <text font="JQUZDQ+SimSun" bbox="221.040,495.515,231.600,506.075" colourspace="ICCBased" ncolour="[0]" size="10.560">，</text>
                <text font="JQUZDQ+SimSun" bbox="231.600,495.515,242.160,506.075" colourspace="ICCBased" ncolour="[0]" size="10.560">治</text>
                <text font="JQUZDQ+SimSun" bbox="242.160,495.515,252.720,506.075" colourspace="ICCBased" ncolour="[0]" size="10.560">疗</text>
                <text font="JQUZDQ+SimSun" bbox="252.720,495.515,263.280,506.075" colourspace="ICCBased" ncolour="[0]" size="10.560">通</text>
                <text font="JQUZDQ+SimSun" bbox="263.280,495.515,273.840,506.075" colourspace="ICCBased" ncolour="[0]" size="10.560">常</text>
                <text font="JQUZDQ+SimSun" bbox="273.840,495.515,284.400,506.075" colourspace="ICCBased" ncolour="[0]" size="10.560">采</text>
                <text font="JQUZDQ+SimSun" bbox="284.160,495.515,294.720,506.075" colourspace="ICCBased" ncolour="[0]" size="10.560">取</text>
                <text font="JQUZDQ+SimSun" bbox="294.720,495.515,305.280,506.075" colourspace="ICCBased" ncolour="[0]" size="10.560">全</text>
                <text font="JQUZDQ+SimSun" bbox="305.280,495.515,315.840,506.075" colourspace="ICCBased" ncolour="[0]" size="10.560">结</text>
                <text font="JQUZDQ+SimSun" bbox="315.840,495.515,326.400,506.075" colourspace="ICCBased" ncolour="[0]" size="10.560">肠</text>
                <text font="JQUZDQ+SimSun" bbox="326.400,495.515,336.960,506.075" colourspace="ICCBased" ncolour="[0]" size="10.560">切</text>
                <text font="JQUZDQ+SimSun" bbox="336.960,495.515,347.520,506.075" colourspace="ICCBased" ncolour="[0]" size="10.560">除</text>
                <text font="JQUZDQ+SimSun" bbox="347.280,495.515,357.840,506.075" colourspace="ICCBased" ncolour="[0]" size="10.560">和</text>
                <text font="JQUZDQ+SimSun" bbox="357.840,495.515,368.400,506.075" colourspace="ICCBased" ncolour="[0]" size="10.560">回</text>
                <text font="JQUZDQ+SimSun" bbox="368.400,495.515,378.960,506.075" colourspace="ICCBased" ncolour="[0]" size="10.560">肠</text>
                <text font="JQUZDQ+SimSun" bbox="378.960,495.515,389.520,506.075" colourspace="ICCBased" ncolour="[0]" size="10.560">造</text>
                <text font="JQUZDQ+SimSun" bbox="389.520,495.515,400.080,506.075" colourspace="ICCBased" ncolour="[0]" size="10.560">瘘</text>
                <text font="JQUZDQ+SimSun" bbox="399.840,495.515,410.400,506.075" colourspace="ICCBased" ncolour="[0]" size="10.560">术</text>
                <text font="JQUZDQ+SimSun" bbox="410.400,495.515,420.960,506.075" colourspace="ICCBased" ncolour="[0]" size="10.560">。</text>
                <text font="JQUZDQ+SimSun" bbox="420.960,495.515,431.520,506.075" colourspace="ICCBased" ncolour="[0]" size="10.560">溃</text>
                <text font="JQUZDQ+SimSun" bbox="431.520,495.515,442.080,506.075" colourspace="ICCBased" ncolour="[0]" size="10.560">疡</text>
                <text font="JQUZDQ+SimSun" bbox="442.080,495.515,452.640,506.075" colourspace="ICCBased" ncolour="[0]" size="10.560">性</text>
                <text font="JQUZDQ+SimSun" bbox="452.400,495.515,462.960,506.075" colourspace="ICCBased" ncolour="[0]" size="10.560">结</text>
                <text font="JQUZDQ+SimSun" bbox="462.960,495.515,473.520,506.075" colourspace="ICCBased" ncolour="[0]" size="10.560">肠</text>
                <text font="JQUZDQ+SimSun" bbox="473.520,495.515,484.080,506.075" colourspace="ICCBased" ncolour="[0]" size="10.560">炎</text>
                <text font="JQUZDQ+SimSun" bbox="484.080,495.515,494.640,506.075" colourspace="ICCBased" ncolour="[0]" size="10.560">必</text>
                <text font="JQUZDQ+SimSun" bbox="494.640,495.515,505.200,506.075" colourspace="ICCBased" ncolour="[0]" size="10.560">须</text>
                <text font="JQUZDQ+SimSun" bbox="505.200,495.515,515.760,506.075" colourspace="ICCBased" ncolour="[0]" size="10.560">根</text>
                <text font="JQUZDQ+SimSun" bbox="515.760,495.515,526.320,506.075" colourspace="ICCBased" ncolour="[0]" size="10.560">据</text>
                <text font="JQUZDQ+SimSun" bbox="526.080,495.515,536.640,506.075" colourspace="ICCBased" ncolour="[0]" size="10.560">组</text>
                <text font="JQUZDQ+SimSun" bbox="536.640,495.515,547.200,506.075" colourspace="ICCBased" ncolour="[0]" size="10.560">织</text>
                <text>
                </text>
            </textline>
            <textline bbox="210.480,479.917,530.638,490.477">
                <text font="JQUZDQ+SimSun" bbox="210.480,479.917,221.040,490.477" colourspace="ICCBased" ncolour="[0]" size="10.560">病</text>
                <text font="JQUZDQ+SimSun" bbox="221.040,479.917,231.600,490.477" colourspace="ICCBased" ncolour="[0]" size="10.560">理</text>
                <text font="JQUZDQ+SimSun" bbox="231.600,479.917,242.160,490.477" colourspace="ICCBased" ncolour="[0]" size="10.560">学</text>
                <text font="JQUZDQ+SimSun" bbox="242.160,479.917,252.720,490.477" colourspace="ICCBased" ncolour="[0]" size="10.560">特</text>
                <text font="JQUZDQ+SimSun" bbox="252.720,479.917,263.280,490.477" colourspace="ICCBased" ncolour="[0]" size="10.560">点</text>
                <text font="JQUZDQ+SimSun" bbox="263.040,479.917,273.600,490.477" colourspace="ICCBased" ncolour="[0]" size="10.560">诊</text>
                <text font="JQUZDQ+SimSun" bbox="273.600,479.917,284.160,490.477" colourspace="ICCBased" ncolour="[0]" size="10.560">断</text>
                <text font="JQUZDQ+SimSun" bbox="284.160,479.917,294.720,490.477" colourspace="ICCBased" ncolour="[0]" size="10.560">，</text>
                <text font="JQUZDQ+SimSun" bbox="294.720,479.917,305.280,490.477" colourspace="ICCBased" ncolour="[0]" size="10.560">并</text>
                <text font="JQUZDQ+SimSun" bbox="305.040,479.917,315.600,490.477" colourspace="ICCBased" ncolour="[0]" size="10.560">且</text>
                <text font="JQUZDQ+SimSun" bbox="315.600,479.917,326.160,490.477" colourspace="ICCBased" ncolour="[0]" size="10.560">被</text>
                <text font="JQUZDQ+SimSun" bbox="326.160,479.917,336.720,490.477" colourspace="ICCBased" ncolour="[0]" size="10.560">保</text>
                <text font="JQUZDQ+SimSun" bbox="336.720,479.917,347.280,490.477" colourspace="ICCBased" ncolour="[0]" size="10.560">险</text>
                <text font="JQUZDQ+SimSun" bbox="347.040,479.917,357.600,490.477" colourspace="ICCBased" ncolour="[0]" size="10.560">人</text>
                <text font="JQUZDQ+SimSun" bbox="357.600,479.917,368.160,490.477" colourspace="ICCBased" ncolour="[0]" size="10.560">已</text>
                <text font="JQUZDQ+SimSun" bbox="368.160,479.917,378.720,490.477" colourspace="ICCBased" ncolour="[0]" size="10.560">经</text>
                <text font="JQUZDQ+SimSun" bbox="378.720,479.917,389.280,490.477" colourspace="ICCBased" ncolour="[0]" size="10.560">接</text>
                <text font="JQUZDQ+SimSun" bbox="389.040,479.917,399.600,490.477" colourspace="ICCBased" ncolour="[0]" size="10.560">受</text>
                <text font="JQUZDQ+SimSun" bbox="399.600,479.917,410.160,490.477" colourspace="ICCBased" ncolour="[0]" size="10.560">了</text>
                <text font="JQUZDQ+SimSun" bbox="410.160,479.917,420.720,490.477" colourspace="ICCBased" ncolour="[0]" size="10.560">结</text>
                <text font="JQUZDQ+SimSun" bbox="420.720,479.917,431.280,490.477" colourspace="ICCBased" ncolour="[0]" size="10.560">肠</text>
                <text font="JQUZDQ+SimSun" bbox="431.040,479.917,441.600,490.477" colourspace="ICCBased" ncolour="[0]" size="10.560">切</text>
                <text font="JQUZDQ+SimSun" bbox="441.600,479.917,452.160,490.477" colourspace="ICCBased" ncolour="[0]" size="10.560">除</text>
                <text font="JQUZDQ+SimSun" bbox="451.920,479.917,462.480,490.477" colourspace="ICCBased" ncolour="[0]" size="10.560">和</text>
                <text font="JQUZDQ+SimSun" bbox="462.480,479.917,473.040,490.477" colourspace="ICCBased" ncolour="[0]" size="10.560">回</text>
                <text font="JQUZDQ+SimSun" bbox="473.040,479.917,483.600,490.477" colourspace="ICCBased" ncolour="[0]" size="10.560">肠</text>
                <text font="JQUZDQ+SimSun" bbox="483.600,479.917,494.160,490.477" colourspace="ICCBased" ncolour="[0]" size="10.560">造</text>
                <text font="JQUZDQ+SimSun" bbox="494.160,479.917,504.720,490.477" colourspace="ICCBased" ncolour="[0]" size="10.560">瘘</text>
                <text font="JQUZDQ+SimSun" bbox="504.480,479.917,515.040,490.477" colourspace="ICCBased" ncolour="[0]" size="10.560">术</text>
                <text font="JQUZDQ+SimSun" bbox="515.040,479.917,525.600,490.477" colourspace="ICCBased" ncolour="[0]" size="10.560">。</text>
                <text font="JTTPDQ+SimSun" bbox="525.358,479.917,530.638,490.477" colourspace="ICCBased" ncolour="[0]" size="10.560"> </text>
                <text>
                </text>
            </textline>
            <textline bbox="210.480,464.309,215.760,474.869">
                <text font="JTTPDQ+SimSun" bbox="210.480,464.309,215.760,474.869" colourspace="ICCBased" ncolour="[0]" size="10.560"> </text>
                <text>
                </text>
            </textline>
            <textline bbox="210.480,450.149,547.200,460.709">
                <text font="JQUZDQ+SimSun" bbox="210.480,450.149,221.040,460.709" colourspace="ICCBased" ncolour="[0]" size="10.560">指</text>
                <text font="JQUZDQ+SimSun" bbox="221.040,450.149,231.600,460.709" colourspace="ICCBased" ncolour="[0]" size="10.560">双</text>
                <text font="JQUZDQ+SimSun" bbox="231.600,450.149,242.160,460.709" colourspace="ICCBased" ncolour="[0]" size="10.560">肾</text>
                <text font="JQUZDQ+SimSun" bbox="242.160,450.149,252.720,460.709" colourspace="ICCBased" ncolour="[0]" size="10.560">功</text>
                <text font="JQUZDQ+SimSun" bbox="252.720,450.149,263.280,460.709" colourspace="ICCBased" ncolour="[0]" size="10.560">能</text>
                <text font="JQUZDQ+SimSun" bbox="263.280,450.149,273.840,460.709" colourspace="ICCBased" ncolour="[0]" size="10.560">慢</text>
                <text font="JQUZDQ+SimSun" bbox="273.840,450.149,284.400,460.709" colourspace="ICCBased" ncolour="[0]" size="10.560">性</text>
                <text font="JQUZDQ+SimSun" bbox="284.160,450.149,294.720,460.709" colourspace="ICCBased" ncolour="[0]" size="10.560">不</text>
                <text font="JQUZDQ+SimSun" bbox="294.720,450.149,305.280,460.709" colourspace="ICCBased" ncolour="[0]" size="10.560">可</text>
                <text font="JQUZDQ+SimSun" bbox="305.280,450.149,315.840,460.709" colourspace="ICCBased" ncolour="[0]" size="10.560">逆</text>
                <text font="JQUZDQ+SimSun" bbox="315.840,450.149,326.400,460.709" colourspace="ICCBased" ncolour="[0]" size="10.560">性</text>
                <text font="JQUZDQ+SimSun" bbox="326.400,450.149,336.960,460.709" colourspace="ICCBased" ncolour="[0]" size="10.560">衰</text>
                <text font="JQUZDQ+SimSun" bbox="336.960,450.149,347.520,460.709" colourspace="ICCBased" ncolour="[0]" size="10.560">竭</text>
                <text font="JQUZDQ+SimSun" bbox="347.280,450.149,357.840,460.709" colourspace="ICCBased" ncolour="[0]" size="10.560">，</text>
                <text font="JQUZDQ+SimSun" bbox="357.840,450.149,368.400,460.709" colourspace="ICCBased" ncolour="[0]" size="10.560">达</text>
                <text font="JQUZDQ+SimSun" bbox="368.400,450.149,378.960,460.709" colourspace="ICCBased" ncolour="[0]" size="10.560">到</text>
                <text font="JQUZDQ+SimSun" bbox="378.960,450.149,389.520,460.709" colourspace="ICCBased" ncolour="[0]" size="10.560">尿</text>
                <text font="JQUZDQ+SimSun" bbox="389.520,450.149,400.080,460.709" colourspace="ICCBased" ncolour="[0]" size="10.560">毒</text>
                <text font="JQUZDQ+SimSun" bbox="399.840,450.149,410.400,460.709" colourspace="ICCBased" ncolour="[0]" size="10.560">症</text>
                <text font="JQUZDQ+SimSun" bbox="410.400,450.149,420.960,460.709" colourspace="ICCBased" ncolour="[0]" size="10.560">期</text>
                <text font="JQUZDQ+SimSun" bbox="420.960,450.149,431.520,460.709" colourspace="ICCBased" ncolour="[0]" size="10.560">，</text>
                <text font="JQUZDQ+SimSun" bbox="431.520,450.149,442.080,460.709" colourspace="ICCBased" ncolour="[0]" size="10.560">经</text>
                <text font="JQUZDQ+SimSun" bbox="442.080,450.149,452.640,460.709" colourspace="ICCBased" ncolour="[0]" size="10.560">诊</text>
                <text font="JQUZDQ+SimSun" bbox="452.400,450.149,462.960,460.709" colourspace="ICCBased" ncolour="[0]" size="10.560">断</text>
                <text font="JQUZDQ+SimSun" bbox="462.960,450.149,473.520,460.709" colourspace="ICCBased" ncolour="[0]" size="10.560">后</text>
                <text font="JQUZDQ+SimSun" bbox="473.520,450.149,484.080,460.709" colourspace="ICCBased" ncolour="[0]" size="10.560">已</text>
                <text font="JQUZDQ+SimSun" bbox="484.080,450.149,494.640,460.709" colourspace="ICCBased" ncolour="[0]" size="10.560">经</text>
                <text font="JQUZDQ+SimSun" bbox="494.640,450.149,505.200,460.709" colourspace="ICCBased" ncolour="[0]" size="10.560">进</text>
                <text font="JQUZDQ+SimSun" bbox="505.200,450.149,515.760,460.709" colourspace="ICCBased" ncolour="[0]" size="10.560">行</text>
                <text font="JQUZDQ+SimSun" bbox="515.760,450.149,526.320,460.709" colourspace="ICCBased" ncolour="[0]" size="10.560">了</text>
                <text font="JQUZDQ+SimSun" bbox="526.080,450.149,536.640,460.709" colourspace="ICCBased" ncolour="[0]" size="10.560">至</text>
                <text font="JQUZDQ+SimSun" bbox="536.640,450.149,547.200,460.709" colourspace="ICCBased" ncolour="[0]" size="10.560">少</text>
                <text>
                </text>
            </textline>
            <textline bbox="210.480,434.552,438.956,445.112">
                <text font="JTTPDQ+SimSun" bbox="210.480,434.552,215.760,445.112" colourspace="ICCBased" ncolour="[0]" size="10.560">9</text>
                <text font="JTTPDQ+SimSun" bbox="215.760,434.552,221.040,445.112" colourspace="ICCBased" ncolour="[0]" size="10.560">0</text>
                <text> </text>
                <text font="JQUZDQ+SimSun" bbox="223.680,434.552,234.240,445.112" colourspace="ICCBased" ncolour="[0]" size="10.560">日</text>
                <text font="JQUZDQ+SimSun" bbox="234.240,434.552,244.800,445.112" colourspace="ICCBased" ncolour="[0]" size="10.560">的</text>
                <text font="JQUZDQ+SimSun" bbox="244.800,434.552,255.360,445.112" colourspace="ICCBased" ncolour="[0]" size="10.560">规</text>
                <text font="JQUZDQ+SimSun" bbox="255.360,434.552,265.920,445.112" colourspace="ICCBased" ncolour="[0]" size="10.560">律</text>
                <text font="JQUZDQ+SimSun" bbox="265.680,434.552,276.240,445.112" colourspace="ICCBased" ncolour="[0]" size="10.560">性</text>
                <text font="JQUZDQ+SimSun" bbox="276.240,434.552,286.800,445.112" colourspace="ICCBased" ncolour="[0]" size="10.560">透</text>
                <text font="JQUZDQ+SimSun" bbox="286.800,434.552,297.360,445.112" colourspace="ICCBased" ncolour="[0]" size="10.560">析</text>
                <text font="JQUZDQ+SimSun" bbox="297.360,434.552,307.920,445.112" colourspace="ICCBased" ncolour="[0]" size="10.560">治</text>
                <text font="JQUZDQ+SimSun" bbox="307.681,434.552,318.241,445.112" colourspace="ICCBased" ncolour="[0]" size="10.560">疗</text>
                <text font="JQUZDQ+SimSun" bbox="318.241,434.552,328.801,445.112" colourspace="ICCBased" ncolour="[0]" size="10.560">或</text>
                <text font="JQUZDQ+SimSun" bbox="328.801,434.552,339.361,445.112" colourspace="ICCBased" ncolour="[0]" size="10.560">实</text>
                <text font="JQUZDQ+SimSun" bbox="339.361,434.552,349.921,445.112" colourspace="ICCBased" ncolour="[0]" size="10.560">施</text>
                <text font="JQUZDQ+SimSun" bbox="349.680,434.552,360.240,445.112" colourspace="ICCBased" ncolour="[0]" size="10.560">了</text>
                <text font="JQUZDQ+SimSun" bbox="360.240,434.552,370.800,445.112" colourspace="ICCBased" ncolour="[0]" size="10.560">肾</text>
                <text font="JQUZDQ+SimSun" bbox="370.800,434.552,381.360,445.112" colourspace="ICCBased" ncolour="[0]" size="10.560">脏</text>
                <text font="JQUZDQ+SimSun" bbox="381.360,434.552,391.920,445.112" colourspace="ICCBased" ncolour="[0]" size="10.560">移</text>
                <text font="JQUZDQ+SimSun" bbox="391.680,434.552,402.240,445.112" colourspace="ICCBased" ncolour="[0]" size="10.560">植</text>
                <text font="JQUZDQ+SimSun" bbox="402.240,434.552,412.800,445.112" colourspace="ICCBased" ncolour="[0]" size="10.560">手</text>
                <text font="JQUZDQ+SimSun" bbox="412.800,434.552,423.360,445.112" colourspace="ICCBased" ncolour="[0]" size="10.560">术</text>
                <text font="JQUZDQ+SimSun" bbox="423.360,434.552,433.920,445.112" colourspace="ICCBased" ncolour="[0]" size="10.560">。</text>
                <text font="JTTPDQ+SimSun" bbox="433.676,434.552,438.956,445.112" colourspace="ICCBased" ncolour="[0]" size="10.560"> </text>
                <text>
                </text>
            </textline>
        </textbox>
        <textbox id="9" bbox="97.440,463.488,100.368,475.488">
            <textline bbox="97.440,463.488,100.368,475.488">
                <text font="ERELLA+STXinwei" bbox="97.440,463.488,100.368,475.488" colourspace="ICCBased" ncolour="[0]" size="12.000"> </text>
                <text>
                </text>
            </textline>
        </textbox>
        <textbox id="10" bbox="63.600,401.808,199.680,474.869">
            <textline bbox="68.880,464.309,74.160,474.869">
                <text font="JTTPDQ+SimSun" bbox="68.880,464.309,74.160,474.869" colourspace="ICCBased" ncolour="[0]" size="10.560"> </text>
                <text>
                </text>
            </textline>
            <textline bbox="63.600,449.328,199.680,461.328">
                <text font="JTTPDQ+SimSun" bbox="63.600,450.149,68.880,460.709" colourspace="ICCBased" ncolour="[0]" size="10.560">2</text>
                <text font="JTTPDQ+SimSun" bbox="68.880,450.149,74.160,460.709" colourspace="ICCBased" ncolour="[0]" size="10.560">5</text>
                <text font="JTTPDQ+SimSun" bbox="74.160,450.149,79.440,460.709" colourspace="ICCBased" ncolour="[0]" size="10.560"> </text>
                <text> </text>
                <text font="ERELLA+STXinwei" bbox="97.440,449.328,109.440,461.328" colourspace="ICCBased" ncolour="[0]" size="12.000">终</text>
                <text font="ERELLA+STXinwei" bbox="110.400,449.328,122.400,461.328" colourspace="ICCBased" ncolour="[0]" size="12.000">末</text>
                <text font="ERELLA+STXinwei" bbox="123.360,449.328,135.360,461.328" colourspace="ICCBased" ncolour="[0]" size="12.000">期</text>
                <text font="ERELLA+STXinwei" bbox="136.080,449.328,148.080,461.328" colourspace="ICCBased" ncolour="[0]" size="12.000">肾</text>
                <text font="ERELLA+STXinwei" bbox="149.040,449.328,161.040,461.328" colourspace="ICCBased" ncolour="[0]" size="12.000">病</text>
                <text font="ERELLA+STXinwei" bbox="162.000,449.328,174.000,461.328" colourspace="ICCBased" ncolour="[0]" size="12.000">（</text>
                <text font="ERELLA+STXinwei" bbox="174.720,449.328,186.720,461.328" colourspace="ICCBased" ncolour="[0]" size="12.000">或</text>
                <text font="ERELLA+STXinwei" bbox="187.680,449.328,199.680,461.328" colourspace="ICCBased" ncolour="[0]" size="12.000">称</text>
                <text>
                </text>
            </textline>
            <textline bbox="97.440,433.488,199.680,445.488">
                <text font="ERELLA+STXinwei" bbox="97.440,433.488,109.440,445.488" colourspace="ICCBased" ncolour="[0]" size="12.000">慢</text>
                <text font="ERELLA+STXinwei" bbox="110.400,433.488,122.400,445.488" colourspace="ICCBased" ncolour="[0]" size="12.000">性</text>
                <text font="ERELLA+STXinwei" bbox="123.360,433.488,135.360,445.488" colourspace="ICCBased" ncolour="[0]" size="12.000">肾</text>
                <text font="ERELLA+STXinwei" bbox="136.080,433.488,148.080,445.488" colourspace="ICCBased" ncolour="[0]" size="12.000">功</text>
                <text font="ERELLA+STXinwei" bbox="149.040,433.488,161.040,445.488" colourspace="ICCBased" ncolour="[0]" size="12.000">能</text>
                <text font="ERELLA+STXinwei" bbox="162.000,433.488,174.000,445.488" colourspace="ICCBased" ncolour="[0]" size="12.000">衰</text>
                <text font="ERELLA+STXinwei" bbox="174.720,433.488,186.720,445.488" colourspace="ICCBased" ncolour="[0]" size="12.000">竭</text>
                <text font="ERELLA+STXinwei" bbox="187.680,433.488,199.680,445.488" colourspace="ICCBased" ncolour="[0]" size="12.000">尿</text>
                <text>
                </text>
            </textline>
            <textline bbox="97.440,417.648,148.368,429.648">
                <text font="ERELLA+STXinwei" bbox="97.440,417.648,109.440,429.648" colourspace="ICCBased" ncolour="[0]" size="12.000">毒</text>
                <text font="ERELLA+STXinwei" bbox="109.440,417.648,121.440,429.648" colourspace="ICCBased" ncolour="[0]" size="12.000">症</text>
                <text font="ERELLA+STXinwei" bbox="121.440,417.648,133.440,429.648" colourspace="ICCBased" ncolour="[0]" size="12.000">期</text>
                <text font="ERELLA+STXinwei" bbox="133.440,417.648,145.440,429.648" colourspace="ICCBased" ncolour="[0]" size="12.000">）</text>
                <text font="ERELLA+STXinwei" bbox="145.440,417.648,148.368,429.648" colourspace="ICCBased" ncolour="[0]" size="12.000"> </text>
                <text>
                </text>
            </textline>
            <textline bbox="97.440,401.808,100.368,413.808">
                <text font="ERELLA+STXinwei" bbox="97.440,401.808,100.368,413.808" colourspace="ICCBased" ncolour="[0]" size="12.000"> </text>
                <text>
                </text>
            </textline>
        </textbox>
        <textbox id="11" bbox="63.600,387.408,160.368,413.189">
            <textline bbox="68.880,402.629,74.160,413.189">
                <text font="JTTPDQ+SimSun" bbox="68.880,402.629,74.160,413.189" colourspace="ICCBased" ncolour="[0]" size="10.560"> </text>
                <text>
                </text>
            </textline>
            <textline bbox="63.600,387.408,160.368,399.408">
                <text font="JTTPDQ+SimSun" bbox="63.600,388.229,68.880,398.789" colourspace="ICCBased" ncolour="[0]" size="10.560">2</text>
                <text font="JTTPDQ+SimSun" bbox="68.880,388.229,74.160,398.789" colourspace="ICCBased" ncolour="[0]" size="10.560">6</text>
                <text font="JTTPDQ+SimSun" bbox="74.160,388.229,79.440,398.789" colourspace="ICCBased" ncolour="[0]" size="10.560"> </text>
                <text> </text>
                <text font="ERELLA+STXinwei" bbox="97.440,387.408,109.440,399.408" colourspace="ICCBased" ncolour="[0]" size="12.000">终</text>
                <text font="ERELLA+STXinwei" bbox="109.440,387.408,121.440,399.408" colourspace="ICCBased" ncolour="[0]" size="12.000">末</text>
                <text font="ERELLA+STXinwei" bbox="121.440,387.408,133.440,399.408" colourspace="ICCBased" ncolour="[0]" size="12.000">期</text>
                <text font="ERELLA+STXinwei" bbox="133.440,387.408,145.440,399.408" colourspace="ICCBased" ncolour="[0]" size="12.000">肺</text>
                <text font="ERELLA+STXinwei" bbox="145.440,387.408,157.440,399.408" colourspace="ICCBased" ncolour="[0]" size="12.000">病</text>
                <text font="ERELLA+STXinwei" bbox="157.440,387.408,160.368,399.408" colourspace="ICCBased" ncolour="[0]" size="12.000"> </text>
                <text>
                </text>
            </textline>
        </textbox>
        <textbox id="12" bbox="97.440,309.408,100.368,321.408">
            <textline bbox="97.440,309.408,100.368,321.408">
                <text font="ERELLA+STXinwei" bbox="97.440,309.408,100.368,321.408" colourspace="ICCBased" ncolour="[0]" size="12.000"> </text>
                <text>
                </text>
            </textline>
        </textbox>
        <textbox id="13" bbox="63.600,295.248,148.368,320.789">
            <textline bbox="68.880,310.229,74.160,320.789">
                <text font="JTTPDQ+SimSun" bbox="68.880,310.229,74.160,320.789" colourspace="ICCBased" ncolour="[0]" size="10.560"> </text>
                <text>
                </text>
            </textline>
            <textline bbox="63.600,295.248,148.368,307.248">
                <text font="JTTPDQ+SimSun" bbox="63.600,296.069,68.880,306.629" colourspace="ICCBased" ncolour="[0]" size="10.560">2</text>
                <text font="JTTPDQ+SimSun" bbox="68.880,296.069,74.160,306.629" colourspace="ICCBased" ncolour="[0]" size="10.560">7</text>
                <text font="JTTPDQ+SimSun" bbox="74.160,296.069,79.440,306.629" colourspace="ICCBased" ncolour="[0]" size="10.560"> </text>
                <text> </text>
                <text font="ERELLA+STXinwei" bbox="97.440,295.248,109.440,307.248" colourspace="ICCBased" ncolour="[0]" size="12.000">胰</text>
                <text font="ERELLA+STXinwei" bbox="109.440,295.248,121.440,307.248" colourspace="ICCBased" ncolour="[0]" size="12.000">腺</text>
                <text font="ERELLA+STXinwei" bbox="121.440,295.248,133.440,307.248" colourspace="ICCBased" ncolour="[0]" size="12.000">移</text>
                <text font="ERELLA+STXinwei" bbox="133.440,295.248,145.440,307.248" colourspace="ICCBased" ncolour="[0]" size="12.000">植</text>
                <text font="ERELLA+STXinwei" bbox="145.440,295.248,148.368,307.248" colourspace="ICCBased" ncolour="[0]" size="12.000"> </text>
                <text>
                </text>
            </textline>
        </textbox>
        <textbox id="14" bbox="51.120,249.269,56.400,259.829">
            <textline bbox="51.120,249.269,56.400,259.829">
                <text font="JTTPDQ+SimSun" bbox="51.120,249.269,56.400,259.829" colourspace="ICCBased" ncolour="[0]" size="10.560"> </text>
                <text>
                </text>
            </textline>
        </textbox>
        <textbox id="15" bbox="63.600,234.288,199.680,246.288">
            <textline bbox="63.600,234.288,199.680,246.288">
                <text font="JTTPDQ+SimSun" bbox="63.600,235.109,68.880,245.669" colourspace="ICCBased" ncolour="[0]" size="10.560">2</text>
                <text font="JTTPDQ+SimSun" bbox="68.880,235.109,74.160,245.669" colourspace="ICCBased" ncolour="[0]" size="10.560">8</text>
                <text font="JTTPDQ+SimSun" bbox="74.160,235.109,79.440,245.669" colourspace="ICCBased" ncolour="[0]" size="10.560"> </text>
                <text> </text>
                <text font="ERELLA+STXinwei" bbox="97.440,234.288,109.440,246.288" colourspace="ICCBased" ncolour="[0]" size="12.000">急</text>
                <text font="ERELLA+STXinwei" bbox="110.400,234.288,122.400,246.288" colourspace="ICCBased" ncolour="[0]" size="12.000">性</text>
                <text font="ERELLA+STXinwei" bbox="123.360,234.288,135.360,246.288" colourspace="ICCBased" ncolour="[0]" size="12.000">坏</text>
                <text font="ERELLA+STXinwei" bbox="136.080,234.288,148.080,246.288" colourspace="ICCBased" ncolour="[0]" size="12.000">死</text>
                <text font="ERELLA+STXinwei" bbox="149.040,234.288,161.040,246.288" colourspace="ICCBased" ncolour="[0]" size="12.000">性</text>
                <text font="ERELLA+STXinwei" bbox="162.000,234.288,174.000,246.288" colourspace="ICCBased" ncolour="[0]" size="12.000">胰</text>
                <text font="ERELLA+STXinwei" bbox="174.720,234.288,186.720,246.288" colourspace="ICCBased" ncolour="[0]" size="12.000">腺</text>
                <text font="ERELLA+STXinwei" bbox="187.680,234.288,199.680,246.288" colourspace="ICCBased" ncolour="[0]" size="12.000">炎</text>
                <text>
                </text>
            </textline>
        </textbox>
        <textbox id="16" bbox="97.440,218.448,148.368,230.448">
            <textline bbox="97.440,218.448,148.368,230.448">
                <text font="ERELLA+STXinwei" bbox="97.440,218.448,109.440,230.448" colourspace="ICCBased" ncolour="[0]" size="12.000">开</text>
                <text font="ERELLA+STXinwei" bbox="109.440,218.448,121.440,230.448" colourspace="ICCBased" ncolour="[0]" size="12.000">腹</text>
                <text font="ERELLA+STXinwei" bbox="121.440,218.448,133.440,230.448" colourspace="ICCBased" ncolour="[0]" size="12.000">手</text>
                <text font="ERELLA+STXinwei" bbox="133.440,218.448,145.440,230.448" colourspace="ICCBased" ncolour="[0]" size="12.000">术</text>
                <text font="ERELLA+STXinwei" bbox="145.440,218.448,148.368,230.448" colourspace="ICCBased" ncolour="[0]" size="12.000"> </text>
                <text>
                </text>
            </textline>
        </textbox>
        <textbox id="17" bbox="97.440,248.448,100.368,260.448">
            <textline bbox="97.440,248.448,100.368,260.448">
                <text font="ERELLA+STXinwei" bbox="97.440,248.448,100.368,260.448" colourspace="ICCBased" ncolour="[0]" size="12.000"> </text>
                <text>
                </text>
            </textline>
        </textbox>
        <textbox id="18" bbox="97.440,171.888,100.368,183.888">
            <textline bbox="97.440,171.888,100.368,183.888">
                <text font="ERELLA+STXinwei" bbox="97.440,171.888,100.368,183.888" colourspace="ICCBased" ncolour="[0]" size="12.000"> </text>
                <text>
                </text>
            </textline>
        </textbox>
        <textbox id="19" bbox="97.440,64.128,100.368,76.128">
            <textline bbox="97.440,64.128,100.368,76.128">
                <text font="ERELLA+STXinwei" bbox="97.440,64.128,100.368,76.128" colourspace="ICCBased" ncolour="[0]" size="12.000"> </text>
                <text>
                </text>
            </textline>
        </textbox>
        <textbox id="20" bbox="68.880,64.949,74.160,75.509">
            <textline bbox="68.880,64.949,74.160,75.509">
                <text font="JTTPDQ+SimSun" bbox="68.880,64.949,74.160,75.509" colourspace="ICCBased" ncolour="[0]" size="10.560"> </text>
                <text>
                </text>
            </textline>
        </textbox>
        <textbox id="21" bbox="210.469,172.709,551.758,413.189">
            <textline bbox="210.480,402.629,215.760,413.189">
                <text font="JTTPDQ+SimSun" bbox="210.480,402.629,215.760,413.189" colourspace="ICCBased" ncolour="[0]" size="10.560"> </text>
                <text>
                </text>
            </textline>
            <textline bbox="210.480,388.229,551.758,398.789">
                <text font="JQUZDQ+SimSun" bbox="210.480,388.229,221.040,398.789" colourspace="ICCBased" ncolour="[0]" size="10.560">指</text>
                <text font="JQUZDQ+SimSun" bbox="221.040,388.229,231.600,398.789" colourspace="ICCBased" ncolour="[0]" size="10.560">经</text>
                <text font="JQUZDQ+SimSun" bbox="231.600,388.229,242.160,398.789" colourspace="ICCBased" ncolour="[0]" size="10.560">专</text>
                <text font="JQUZDQ+SimSun" bbox="242.160,388.229,252.720,398.789" colourspace="ICCBased" ncolour="[0]" size="10.560">科</text>
                <text font="JQUZDQ+SimSun" bbox="252.720,388.229,263.280,398.789" colourspace="ICCBased" ncolour="[0]" size="10.560">医</text>
                <text font="JQUZDQ+SimSun" bbox="263.040,388.229,273.600,398.789" colourspace="ICCBased" ncolour="[0]" size="10.560">生</text>
                <text font="JQUZDQ+SimSun" bbox="273.600,388.229,284.160,398.789" colourspace="ICCBased" ncolour="[0]" size="10.560">明</text>
                <text font="JQUZDQ+SimSun" bbox="284.160,388.229,294.720,398.789" colourspace="ICCBased" ncolour="[0]" size="10.560">确</text>
                <text font="JQUZDQ+SimSun" bbox="294.720,388.229,305.280,398.789" colourspace="ICCBased" ncolour="[0]" size="10.560">诊</text>
                <text font="JQUZDQ+SimSun" bbox="305.040,388.229,315.600,398.789" colourspace="ICCBased" ncolour="[0]" size="10.560">断</text>
                <text font="JQUZDQ+SimSun" bbox="315.600,388.229,326.160,398.789" colourspace="ICCBased" ncolour="[0]" size="10.560">，</text>
                <text font="JQUZDQ+SimSun" bbox="326.160,388.229,336.720,398.789" colourspace="ICCBased" ncolour="[0]" size="10.560">且</text>
                <text font="JQUZDQ+SimSun" bbox="336.720,388.229,347.280,398.789" colourspace="ICCBased" ncolour="[0]" size="10.560">被</text>
                <text font="JQUZDQ+SimSun" bbox="347.040,388.229,357.600,398.789" colourspace="ICCBased" ncolour="[0]" size="10.560">保</text>
                <text font="JQUZDQ+SimSun" bbox="357.600,388.229,368.160,398.789" colourspace="ICCBased" ncolour="[0]" size="10.560">险</text>
                <text font="JQUZDQ+SimSun" bbox="368.160,388.229,378.720,398.789" colourspace="ICCBased" ncolour="[0]" size="10.560">人</text>
                <text font="JQUZDQ+SimSun" bbox="378.720,388.229,389.280,398.789" colourspace="ICCBased" ncolour="[0]" size="10.560">已</text>
                <text font="JQUZDQ+SimSun" bbox="389.040,388.229,399.600,398.789" colourspace="ICCBased" ncolour="[0]" size="10.560">出</text>
                <text font="JQUZDQ+SimSun" bbox="399.600,388.229,410.160,398.789" colourspace="ICCBased" ncolour="[0]" size="10.560">现</text>
                <text font="JQUZDQ+SimSun" bbox="410.160,388.229,420.720,398.789" colourspace="ICCBased" ncolour="[0]" size="10.560">慢</text>
                <text font="JQUZDQ+SimSun" bbox="420.720,388.229,431.280,398.789" colourspace="ICCBased" ncolour="[0]" size="10.560">性</text>
                <text font="JQUZDQ+SimSun" bbox="431.040,388.229,441.600,398.789" colourspace="ICCBased" ncolour="[0]" size="10.560">呼</text>
                <text font="JQUZDQ+SimSun" bbox="441.600,388.229,452.160,398.789" colourspace="ICCBased" ncolour="[0]" size="10.560">吸</text>
                <text font="JQUZDQ+SimSun" bbox="451.920,388.229,462.480,398.789" colourspace="ICCBased" ncolour="[0]" size="10.560">功</text>
                <text font="JQUZDQ+SimSun" bbox="462.480,388.229,473.040,398.789" colourspace="ICCBased" ncolour="[0]" size="10.560">能</text>
                <text font="JQUZDQ+SimSun" bbox="473.040,388.229,483.600,398.789" colourspace="ICCBased" ncolour="[0]" size="10.560">衰</text>
                <text font="JQUZDQ+SimSun" bbox="483.600,388.229,494.160,398.789" colourspace="ICCBased" ncolour="[0]" size="10.560">竭</text>
                <text font="JQUZDQ+SimSun" bbox="494.160,388.229,504.720,398.789" colourspace="ICCBased" ncolour="[0]" size="10.560">，</text>
                <text font="JQUZDQ+SimSun" bbox="504.480,388.229,515.040,398.789" colourspace="ICCBased" ncolour="[0]" size="10.560">其</text>
                <text font="JQUZDQ+SimSun" bbox="515.040,388.229,525.600,398.789" colourspace="ICCBased" ncolour="[0]" size="10.560">诊</text>
                <text font="JQUZDQ+SimSun" bbox="525.600,388.229,536.160,398.789" colourspace="ICCBased" ncolour="[0]" size="10.560">断</text>
                <text font="JQUZDQ+SimSun" bbox="536.160,388.229,546.720,398.789" colourspace="ICCBased" ncolour="[0]" size="10.560">标</text>
                <text font="JTTPDQ+SimSun" bbox="546.478,388.229,551.758,398.789" colourspace="ICCBased" ncolour="[0]" size="10.560"> </text>
                <text>
                </text>
            </textline>
            <textline bbox="210.480,372.632,341.762,383.192">
                <text font="JQUZDQ+SimSun" bbox="210.480,372.632,221.040,383.192" colourspace="ICCBased" ncolour="[0]" size="10.560">准</text>
                <text font="JQUZDQ+SimSun" bbox="221.040,372.632,231.600,383.192" colourspace="ICCBased" ncolour="[0]" size="10.560">必</text>
                <text font="JQUZDQ+SimSun" bbox="231.600,372.632,242.160,383.192" colourspace="ICCBased" ncolour="[0]" size="10.560">须</text>
                <text font="JQUZDQ+SimSun" bbox="242.160,372.632,252.720,383.192" colourspace="ICCBased" ncolour="[0]" size="10.560">满</text>
                <text font="JQUZDQ+SimSun" bbox="252.720,372.632,263.280,383.192" colourspace="ICCBased" ncolour="[0]" size="10.560">足</text>
                <text font="JQUZDQ+SimSun" bbox="263.040,372.632,273.600,383.192" colourspace="ICCBased" ncolour="[0]" size="10.560">下</text>
                <text font="JQUZDQ+SimSun" bbox="273.600,372.632,284.160,383.192" colourspace="ICCBased" ncolour="[0]" size="10.560">列</text>
                <text font="JQUZDQ+SimSun" bbox="284.160,372.632,294.720,383.192" colourspace="ICCBased" ncolour="[0]" size="10.560">所</text>
                <text font="JQUZDQ+SimSun" bbox="294.720,372.632,305.280,383.192" colourspace="ICCBased" ncolour="[0]" size="10.560">有</text>
                <text font="JQUZDQ+SimSun" bbox="305.040,372.632,315.600,383.192" colourspace="ICCBased" ncolour="[0]" size="10.560">条</text>
                <text font="JQUZDQ+SimSun" bbox="315.600,372.632,326.160,383.192" colourspace="ICCBased" ncolour="[0]" size="10.560">件</text>
                <text font="JQUZDQ+SimSun" bbox="326.160,372.632,336.720,383.192" colourspace="ICCBased" ncolour="[0]" size="10.560">：</text>
                <text font="JTTPDQ+SimSun" bbox="336.482,372.632,341.762,383.192" colourspace="ICCBased" ncolour="[0]" size="10.560"> </text>
                <text>
                </text>
            </textline>
            <textline bbox="210.480,357.035,404.868,367.595">
                <text font="JQUZDQ+SimSun" bbox="210.480,357.035,221.040,367.595" colourspace="ICCBased" ncolour="[0]" size="10.560">（</text>
                <text font="JTTPDQ+SimSun" bbox="221.040,357.035,226.320,367.595" colourspace="ICCBased" ncolour="[0]" size="10.560">1</text>
                <text font="JQUZDQ+SimSun" bbox="226.320,357.035,236.880,367.595" colourspace="ICCBased" ncolour="[0]" size="10.560">）</text>
                <text font="JQUZDQ+SimSun" bbox="236.880,357.035,247.440,367.595" colourspace="ICCBased" ncolour="[0]" size="10.560">肺</text>
                <text font="JQUZDQ+SimSun" bbox="247.440,357.035,258.000,367.595" colourspace="ICCBased" ncolour="[0]" size="10.560">功</text>
                <text font="JQUZDQ+SimSun" bbox="258.000,357.035,268.560,367.595" colourspace="ICCBased" ncolour="[0]" size="10.560">能</text>
                <text font="JQUZDQ+SimSun" bbox="268.320,357.035,278.880,367.595" colourspace="ICCBased" ncolour="[0]" size="10.560">测</text>
                <text font="JQUZDQ+SimSun" bbox="278.880,357.035,289.440,367.595" colourspace="ICCBased" ncolour="[0]" size="10.560">试</text>
                <text font="JQUZDQ+SimSun" bbox="289.440,357.035,300.000,367.595" colourspace="ICCBased" ncolour="[0]" size="10.560">其</text>
                <text> </text>
                <text font="JTTPDQ+SimSun" bbox="302.637,357.035,307.917,367.595" colourspace="ICCBased" ncolour="[0]" size="10.560">F</text>
                <text font="JTTPDQ+SimSun" bbox="307.677,357.035,312.957,367.595" colourspace="ICCBased" ncolour="[0]" size="10.560">E</text>
                <text font="JTTPDQ+SimSun" bbox="312.957,357.035,318.237,367.595" colourspace="ICCBased" ncolour="[0]" size="10.560">V</text>
                <text font="JTTPDQ+SimSun" bbox="318.237,357.035,323.517,367.595" colourspace="ICCBased" ncolour="[0]" size="10.560">1</text>
                <text> </text>
                <text font="JQUZDQ+SimSun" bbox="326.154,357.035,336.714,367.595" colourspace="ICCBased" ncolour="[0]" size="10.560">持</text>
                <text font="JQUZDQ+SimSun" bbox="336.714,357.035,347.274,367.595" colourspace="ICCBased" ncolour="[0]" size="10.560">续</text>
                <text font="JQUZDQ+SimSun" bbox="347.035,357.035,357.595,367.595" colourspace="ICCBased" ncolour="[0]" size="10.560">低</text>
                <text font="JQUZDQ+SimSun" bbox="357.595,357.035,368.155,367.595" colourspace="ICCBased" ncolour="[0]" size="10.560">于</text>
                <text> </text>
                <text font="JTTPDQ+SimSun" bbox="370.791,357.035,376.071,367.595" colourspace="ICCBased" ncolour="[0]" size="10.560">1</text>
                <text> </text>
                <text font="JQUZDQ+SimSun" bbox="378.711,357.035,389.271,367.595" colourspace="ICCBased" ncolour="[0]" size="10.560">升</text>
                <text font="JQUZDQ+SimSun" bbox="389.028,357.035,399.588,367.595" colourspace="ICCBased" ncolour="[0]" size="10.560">；</text>
                <text font="JTTPDQ+SimSun" bbox="399.588,357.035,404.868,367.595" colourspace="ICCBased" ncolour="[0]" size="10.560"> </text>
                <text>
                </text>
            </textline>
            <textline bbox="210.469,341.437,401.986,351.997">
                <text font="JQUZDQ+SimSun" bbox="210.469,341.437,221.029,351.997" colourspace="ICCBased" ncolour="[0]" size="10.560">（</text>
                <text font="JTTPDQ+SimSun" bbox="221.029,341.437,226.309,351.997" colourspace="ICCBased" ncolour="[0]" size="10.560">2</text>
                <text font="JQUZDQ+SimSun" bbox="226.309,341.437,236.869,351.997" colourspace="ICCBased" ncolour="[0]" size="10.560">）</text>
                <text font="JQUZDQ+SimSun" bbox="236.869,341.437,247.429,351.997" colourspace="ICCBased" ncolour="[0]" size="10.560">动</text>
                <text font="JQUZDQ+SimSun" bbox="247.429,341.437,257.989,351.997" colourspace="ICCBased" ncolour="[0]" size="10.560">脉</text>
                <text font="JQUZDQ+SimSun" bbox="257.989,341.437,268.549,351.997" colourspace="ICCBased" ncolour="[0]" size="10.560">血</text>
                <text font="JQUZDQ+SimSun" bbox="268.310,341.437,278.870,351.997" colourspace="ICCBased" ncolour="[0]" size="10.560">气</text>
                <text font="JQUZDQ+SimSun" bbox="278.870,341.437,289.430,351.997" colourspace="ICCBased" ncolour="[0]" size="10.560">分</text>
                <text font="JQUZDQ+SimSun" bbox="289.430,341.437,299.990,351.997" colourspace="ICCBased" ncolour="[0]" size="10.560">析</text>
                <text font="JQUZDQ+SimSun" bbox="299.990,341.437,310.550,351.997" colourspace="ICCBased" ncolour="[0]" size="10.560">氧</text>
                <text font="JQUZDQ+SimSun" bbox="310.309,341.437,320.869,351.997" colourspace="ICCBased" ncolour="[0]" size="10.560">分</text>
                <text font="JQUZDQ+SimSun" bbox="320.869,341.437,331.429,351.997" colourspace="ICCBased" ncolour="[0]" size="10.560">压</text>
                <text font="JQUZDQ+SimSun" bbox="331.429,341.437,341.989,351.997" colourspace="ICCBased" ncolour="[0]" size="10.560">低</text>
                <text font="JQUZDQ+SimSun" bbox="341.749,341.437,352.309,351.997" colourspace="ICCBased" ncolour="[0]" size="10.560">于</text>
                <text> </text>
                <text font="JTTPDQ+SimSun" bbox="354.951,341.437,360.231,351.997" colourspace="ICCBased" ncolour="[0]" size="10.560">5</text>
                <text font="JTTPDQ+SimSun" bbox="360.231,341.437,365.511,351.997" colourspace="ICCBased" ncolour="[0]" size="10.560">5</text>
                <text font="JTTPDQ+SimSun" bbox="365.511,341.437,370.791,351.997" colourspace="ICCBased" ncolour="[0]" size="10.560">m</text>
                <text font="JTTPDQ+SimSun" bbox="370.791,341.437,376.071,351.997" colourspace="ICCBased" ncolour="[0]" size="10.560">m</text>
                <text font="JTTPDQ+SimSun" bbox="376.071,341.437,381.351,351.997" colourspace="ICCBased" ncolour="[0]" size="10.560">H</text>
                <text font="JTTPDQ+SimSun" bbox="381.351,341.437,386.631,351.997" colourspace="ICCBased" ncolour="[0]" size="10.560">g</text>
                <text font="JQUZDQ+SimSun" bbox="386.388,341.437,396.948,351.997" colourspace="ICCBased" ncolour="[0]" size="10.560">；</text>
                <text font="JTTPDQ+SimSun" bbox="396.706,341.437,401.986,351.997" colourspace="ICCBased" ncolour="[0]" size="10.560"> </text>
                <text>
                </text>
            </textline>
            <textline bbox="210.469,325.840,378.468,336.400">
                <text font="JQUZDQ+SimSun" bbox="210.469,325.840,221.029,336.400" colourspace="ICCBased" ncolour="[0]" size="10.560">（</text>
                <text font="JTTPDQ+SimSun" bbox="221.029,325.840,226.309,336.400" colourspace="ICCBased" ncolour="[0]" size="10.560">3</text>
                <text font="JQUZDQ+SimSun" bbox="226.309,325.840,236.869,336.400" colourspace="ICCBased" ncolour="[0]" size="10.560">）</text>
                <text font="JQUZDQ+SimSun" bbox="236.869,325.840,247.429,336.400" colourspace="ICCBased" ncolour="[0]" size="10.560">病</text>
                <text font="JQUZDQ+SimSun" bbox="247.429,325.840,257.989,336.400" colourspace="ICCBased" ncolour="[0]" size="10.560">人</text>
                <text font="JQUZDQ+SimSun" bbox="257.989,325.840,268.549,336.400" colourspace="ICCBased" ncolour="[0]" size="10.560">缺</text>
                <text font="JQUZDQ+SimSun" bbox="268.310,325.840,278.870,336.400" colourspace="ICCBased" ncolour="[0]" size="10.560">氧</text>
                <text font="JQUZDQ+SimSun" bbox="278.870,325.840,289.430,336.400" colourspace="ICCBased" ncolour="[0]" size="10.560">必</text>
                <text font="JQUZDQ+SimSun" bbox="289.430,325.840,299.990,336.400" colourspace="ICCBased" ncolour="[0]" size="10.560">须</text>
                <text font="JQUZDQ+SimSun" bbox="299.990,325.840,310.550,336.400" colourspace="ICCBased" ncolour="[0]" size="10.560">进</text>
                <text font="JQUZDQ+SimSun" bbox="310.309,325.840,320.869,336.400" colourspace="ICCBased" ncolour="[0]" size="10.560">行</text>
                <text font="JQUZDQ+SimSun" bbox="320.869,325.840,331.429,336.400" colourspace="ICCBased" ncolour="[0]" size="10.560">输</text>
                <text font="JQUZDQ+SimSun" bbox="331.429,325.840,341.989,336.400" colourspace="ICCBased" ncolour="[0]" size="10.560">氧</text>
                <text font="JQUZDQ+SimSun" bbox="341.989,325.840,352.549,336.400" colourspace="ICCBased" ncolour="[0]" size="10.560">治</text>
                <text font="JQUZDQ+SimSun" bbox="352.309,325.840,362.869,336.400" colourspace="ICCBased" ncolour="[0]" size="10.560">疗</text>
                <text font="JQUZDQ+SimSun" bbox="362.869,325.840,373.429,336.400" colourspace="ICCBased" ncolour="[0]" size="10.560">。</text>
                <text font="JTTPDQ+SimSun" bbox="373.188,325.840,378.468,336.400" colourspace="ICCBased" ncolour="[0]" size="10.560"> </text>
                <text>
                </text>
            </textline>
            <textline bbox="210.480,310.229,215.760,320.789">
                <text font="JTTPDQ+SimSun" bbox="210.480,310.229,215.760,320.789" colourspace="ICCBased" ncolour="[0]" size="10.560"> </text>
                <text>
                </text>
            </textline>
            <textline bbox="210.480,296.069,547.200,306.629">
                <text font="JQUZDQ+SimSun" bbox="210.480,296.069,221.040,306.629" colourspace="ICCBased" ncolour="[0]" size="10.560">指</text>
                <text font="JQUZDQ+SimSun" bbox="221.040,296.069,231.600,306.629" colourspace="ICCBased" ncolour="[0]" size="10.560">因</text>
                <text font="JQUZDQ+SimSun" bbox="231.600,296.069,242.160,306.629" colourspace="ICCBased" ncolour="[0]" size="10.560">胰</text>
                <text font="JQUZDQ+SimSun" bbox="242.160,296.069,252.720,306.629" colourspace="ICCBased" ncolour="[0]" size="10.560">腺</text>
                <text font="JQUZDQ+SimSun" bbox="252.720,296.069,263.280,306.629" colourspace="ICCBased" ncolour="[0]" size="10.560">功</text>
                <text font="JQUZDQ+SimSun" bbox="263.280,296.069,273.840,306.629" colourspace="ICCBased" ncolour="[0]" size="10.560">能</text>
                <text font="JQUZDQ+SimSun" bbox="273.840,296.069,284.400,306.629" colourspace="ICCBased" ncolour="[0]" size="10.560">衰</text>
                <text font="JQUZDQ+SimSun" bbox="284.160,296.069,294.720,306.629" colourspace="ICCBased" ncolour="[0]" size="10.560">竭</text>
                <text font="JQUZDQ+SimSun" bbox="294.720,296.069,305.280,306.629" colourspace="ICCBased" ncolour="[0]" size="10.560">，</text>
                <text font="JQUZDQ+SimSun" bbox="305.280,296.069,315.840,306.629" colourspace="ICCBased" ncolour="[0]" size="10.560">已</text>
                <text font="JQUZDQ+SimSun" bbox="315.840,296.069,326.400,306.629" colourspace="ICCBased" ncolour="[0]" size="10.560">经</text>
                <text font="JQUZDQ+SimSun" bbox="326.400,296.069,336.960,306.629" colourspace="ICCBased" ncolour="[0]" size="10.560">实</text>
                <text font="JQUZDQ+SimSun" bbox="336.960,296.069,347.520,306.629" colourspace="ICCBased" ncolour="[0]" size="10.560">施</text>
                <text font="JQUZDQ+SimSun" bbox="347.280,296.069,357.840,306.629" colourspace="ICCBased" ncolour="[0]" size="10.560">了</text>
                <text font="JQUZDQ+SimSun" bbox="357.840,296.069,368.400,306.629" colourspace="ICCBased" ncolour="[0]" size="10.560">在</text>
                <text font="JQUZDQ+SimSun" bbox="368.400,296.069,378.960,306.629" colourspace="ICCBased" ncolour="[0]" size="10.560">全</text>
                <text font="JQUZDQ+SimSun" bbox="378.960,296.069,389.520,306.629" colourspace="ICCBased" ncolour="[0]" size="10.560">身</text>
                <text font="JQUZDQ+SimSun" bbox="389.520,296.069,400.080,306.629" colourspace="ICCBased" ncolour="[0]" size="10.560">麻</text>
                <text font="JQUZDQ+SimSun" bbox="399.840,296.069,410.400,306.629" colourspace="ICCBased" ncolour="[0]" size="10.560">醉</text>
                <text font="JQUZDQ+SimSun" bbox="410.400,296.069,420.960,306.629" colourspace="ICCBased" ncolour="[0]" size="10.560">下</text>
                <text font="JQUZDQ+SimSun" bbox="420.960,296.069,431.520,306.629" colourspace="ICCBased" ncolour="[0]" size="10.560">进</text>
                <text font="JQUZDQ+SimSun" bbox="431.520,296.069,442.080,306.629" colourspace="ICCBased" ncolour="[0]" size="10.560">行</text>
                <text font="JQUZDQ+SimSun" bbox="442.080,296.069,452.640,306.629" colourspace="ICCBased" ncolour="[0]" size="10.560">的</text>
                <text font="JQUZDQ+SimSun" bbox="452.400,296.069,462.960,306.629" colourspace="ICCBased" ncolour="[0]" size="10.560">胰</text>
                <text font="JQUZDQ+SimSun" bbox="462.960,296.069,473.520,306.629" colourspace="ICCBased" ncolour="[0]" size="10.560">腺</text>
                <text font="JQUZDQ+SimSun" bbox="473.520,296.069,484.080,306.629" colourspace="ICCBased" ncolour="[0]" size="10.560">的</text>
                <text font="JQUZDQ+SimSun" bbox="484.080,296.069,494.640,306.629" colourspace="ICCBased" ncolour="[0]" size="10.560">异</text>
                <text font="JQUZDQ+SimSun" bbox="494.640,296.069,505.200,306.629" colourspace="ICCBased" ncolour="[0]" size="10.560">体</text>
                <text font="JQUZDQ+SimSun" bbox="505.200,296.069,515.760,306.629" colourspace="ICCBased" ncolour="[0]" size="10.560">器</text>
                <text font="JQUZDQ+SimSun" bbox="515.760,296.069,526.320,306.629" colourspace="ICCBased" ncolour="[0]" size="10.560">官</text>
                <text font="JQUZDQ+SimSun" bbox="526.080,296.069,536.640,306.629" colourspace="ICCBased" ncolour="[0]" size="10.560">移</text>
                <text font="JQUZDQ+SimSun" bbox="536.640,296.069,547.200,306.629" colourspace="ICCBased" ncolour="[0]" size="10.560">植</text>
                <text>
                </text>
            </textline>
            <textline bbox="210.480,280.472,247.197,291.032">
                <text font="JQUZDQ+SimSun" bbox="210.480,280.472,221.040,291.032" colourspace="ICCBased" ncolour="[0]" size="10.560">手</text>
                <text font="JQUZDQ+SimSun" bbox="221.040,280.472,231.600,291.032" colourspace="ICCBased" ncolour="[0]" size="10.560">术</text>
                <text font="JQUZDQ+SimSun" bbox="231.600,280.472,242.160,291.032" colourspace="ICCBased" ncolour="[0]" size="10.560">。</text>
                <text font="JTTPDQ+SimSun" bbox="241.917,280.472,247.197,291.032" colourspace="ICCBased" ncolour="[0]" size="10.560"> </text>
                <text>
                </text>
            </textline>
            <textline bbox="210.480,264.869,499.200,275.429">
                <text font="JQUZDQ+SimSun" bbox="210.480,264.869,221.040,275.429" colourspace="ICCBased" ncolour="[0]" size="10.560">单</text>
                <text font="JQUZDQ+SimSun" bbox="221.040,264.869,231.600,275.429" colourspace="ICCBased" ncolour="[0]" size="10.560">纯</text>
                <text font="JQUZDQ+SimSun" bbox="231.600,264.869,242.160,275.429" colourspace="ICCBased" ncolour="[0]" size="10.560">胰</text>
                <text font="JQUZDQ+SimSun" bbox="242.160,264.869,252.720,275.429" colourspace="ICCBased" ncolour="[0]" size="10.560">岛</text>
                <text font="JQUZDQ+SimSun" bbox="252.720,264.869,263.280,275.429" colourspace="ICCBased" ncolour="[0]" size="10.560">移</text>
                <text font="JQUZDQ+SimSun" bbox="263.040,264.869,273.600,275.429" colourspace="ICCBased" ncolour="[0]" size="10.560">植</text>
                <text font="JQUZDQ+SimSun" bbox="273.600,264.869,284.160,275.429" colourspace="ICCBased" ncolour="[0]" size="10.560">、</text>
                <text font="JQUZDQ+SimSun" bbox="284.160,264.869,294.720,275.429" colourspace="ICCBased" ncolour="[0]" size="10.560">部</text>
                <text font="JQUZDQ+SimSun" bbox="294.720,264.869,305.280,275.429" colourspace="ICCBased" ncolour="[0]" size="10.560">分</text>
                <text font="JQUZDQ+SimSun" bbox="305.040,264.869,315.600,275.429" colourspace="ICCBased" ncolour="[0]" size="10.560">胰</text>
                <text font="JQUZDQ+SimSun" bbox="315.600,264.869,326.160,275.429" colourspace="ICCBased" ncolour="[0]" size="10.560">腺</text>
                <text font="JQUZDQ+SimSun" bbox="326.160,264.869,336.720,275.429" colourspace="ICCBased" ncolour="[0]" size="10.560">组</text>
                <text font="JQUZDQ+SimSun" bbox="336.720,264.869,347.280,275.429" colourspace="ICCBased" ncolour="[0]" size="10.560">织</text>
                <text font="JQUZDQ+SimSun" bbox="347.040,264.869,357.600,275.429" colourspace="ICCBased" ncolour="[0]" size="10.560">或</text>
                <text font="JQUZDQ+SimSun" bbox="357.600,264.869,368.160,275.429" colourspace="ICCBased" ncolour="[0]" size="10.560">细</text>
                <text font="JQUZDQ+SimSun" bbox="368.160,264.869,378.720,275.429" colourspace="ICCBased" ncolour="[0]" size="10.560">胞</text>
                <text font="JQUZDQ+SimSun" bbox="378.720,264.869,389.280,275.429" colourspace="ICCBased" ncolour="[0]" size="10.560">的</text>
                <text font="JQUZDQ+SimSun" bbox="389.040,264.869,399.600,275.429" colourspace="ICCBased" ncolour="[0]" size="10.560">移</text>
                <text font="JQUZDQ+SimSun" bbox="399.600,264.869,410.160,275.429" colourspace="ICCBased" ncolour="[0]" size="10.560">植</text>
                <text font="JQUZDQ+SimSun" bbox="410.160,264.869,420.720,275.429" colourspace="ICCBased" ncolour="[0]" size="10.560">不</text>
                <text font="JQUZDQ+SimSun" bbox="420.720,264.869,431.280,275.429" colourspace="ICCBased" ncolour="[0]" size="10.560">在</text>
                <text font="JQUZDQ+SimSun" bbox="431.040,264.869,441.600,275.429" colourspace="ICCBased" ncolour="[0]" size="10.560">保</text>
                <text font="JQUZDQ+SimSun" bbox="441.600,264.869,452.160,275.429" colourspace="ICCBased" ncolour="[0]" size="10.560">障</text>
                <text font="JQUZDQ+SimSun" bbox="451.920,264.869,462.480,275.429" colourspace="ICCBased" ncolour="[0]" size="10.560">范</text>
                <text font="JQUZDQ+SimSun" bbox="462.480,264.869,473.040,275.429" colourspace="ICCBased" ncolour="[0]" size="10.560">围</text>
                <text font="JQUZDQ+SimSun" bbox="473.040,264.869,483.600,275.429" colourspace="ICCBased" ncolour="[0]" size="10.560">内</text>
                <text font="JQUZDQ+SimSun" bbox="483.600,264.869,494.160,275.429" colourspace="ICCBased" ncolour="[0]" size="10.560">。</text>
                <text font="JTTPDQ+SimSun" bbox="493.920,264.869,499.200,275.429" colourspace="ICCBased" ncolour="[0]" size="10.560"> </text>
                <text>
                </text>
            </textline>
            <textline bbox="210.480,249.269,215.760,259.829">
                <text font="JTTPDQ+SimSun" bbox="210.480,249.269,215.760,259.829" colourspace="ICCBased" ncolour="[0]" size="10.560"> </text>
                <text>
                </text>
            </textline>
            <textline bbox="210.480,235.109,547.200,245.669">
                <text font="JQUZDQ+SimSun" bbox="210.480,235.109,221.040,245.669" colourspace="ICCBased" ncolour="[0]" size="10.560">指</text>
                <text font="JQUZDQ+SimSun" bbox="221.040,235.109,231.600,245.669" colourspace="ICCBased" ncolour="[0]" size="10.560">由</text>
                <text font="JQUZDQ+SimSun" bbox="231.600,235.109,242.160,245.669" colourspace="ICCBased" ncolour="[0]" size="10.560">专</text>
                <text font="JQUZDQ+SimSun" bbox="242.160,235.109,252.720,245.669" colourspace="ICCBased" ncolour="[0]" size="10.560">科</text>
                <text font="JQUZDQ+SimSun" bbox="252.720,235.109,263.280,245.669" colourspace="ICCBased" ncolour="[0]" size="10.560">医</text>
                <text font="JQUZDQ+SimSun" bbox="263.280,235.109,273.840,245.669" colourspace="ICCBased" ncolour="[0]" size="10.560">生</text>
                <text font="JQUZDQ+SimSun" bbox="273.840,235.109,284.400,245.669" colourspace="ICCBased" ncolour="[0]" size="10.560">确</text>
                <text font="JQUZDQ+SimSun" bbox="284.160,235.109,294.720,245.669" colourspace="ICCBased" ncolour="[0]" size="10.560">诊</text>
                <text font="JQUZDQ+SimSun" bbox="294.720,235.109,305.280,245.669" colourspace="ICCBased" ncolour="[0]" size="10.560">为</text>
                <text font="JQUZDQ+SimSun" bbox="305.280,235.109,315.840,245.669" colourspace="ICCBased" ncolour="[0]" size="10.560">急</text>
                <text font="JQUZDQ+SimSun" bbox="315.840,235.109,326.400,245.669" colourspace="ICCBased" ncolour="[0]" size="10.560">性</text>
                <text font="JQUZDQ+SimSun" bbox="326.400,235.109,336.960,245.669" colourspace="ICCBased" ncolour="[0]" size="10.560">坏</text>
                <text font="JQUZDQ+SimSun" bbox="336.960,235.109,347.520,245.669" colourspace="ICCBased" ncolour="[0]" size="10.560">死</text>
                <text font="JQUZDQ+SimSun" bbox="347.280,235.109,357.840,245.669" colourspace="ICCBased" ncolour="[0]" size="10.560">性</text>
                <text font="JQUZDQ+SimSun" bbox="357.840,235.109,368.400,245.669" colourspace="ICCBased" ncolour="[0]" size="10.560">胰</text>
                <text font="JQUZDQ+SimSun" bbox="368.400,235.109,378.960,245.669" colourspace="ICCBased" ncolour="[0]" size="10.560">腺</text>
                <text font="JQUZDQ+SimSun" bbox="378.960,235.109,389.520,245.669" colourspace="ICCBased" ncolour="[0]" size="10.560">炎</text>
                <text font="JQUZDQ+SimSun" bbox="389.520,235.109,400.080,245.669" colourspace="ICCBased" ncolour="[0]" size="10.560">，</text>
                <text font="JQUZDQ+SimSun" bbox="399.840,235.109,410.400,245.669" colourspace="ICCBased" ncolour="[0]" size="10.560">并</text>
                <text font="JQUZDQ+SimSun" bbox="410.400,235.109,420.960,245.669" colourspace="ICCBased" ncolour="[0]" size="10.560">已</text>
                <text font="JQUZDQ+SimSun" bbox="420.960,235.109,431.520,245.669" colourspace="ICCBased" ncolour="[0]" size="10.560">经</text>
                <text font="JQUZDQ+SimSun" bbox="431.520,235.109,442.080,245.669" colourspace="ICCBased" ncolour="[0]" size="10.560">接</text>
                <text font="JQUZDQ+SimSun" bbox="442.080,235.109,452.640,245.669" colourspace="ICCBased" ncolour="[0]" size="10.560">受</text>
                <text font="JQUZDQ+SimSun" bbox="452.400,235.109,462.960,245.669" colourspace="ICCBased" ncolour="[0]" size="10.560">了</text>
                <text font="JQUZDQ+SimSun" bbox="462.960,235.109,473.520,245.669" colourspace="ICCBased" ncolour="[0]" size="10.560">开</text>
                <text font="JQUZDQ+SimSun" bbox="473.520,235.109,484.080,245.669" colourspace="ICCBased" ncolour="[0]" size="10.560">腹</text>
                <text font="JQUZDQ+SimSun" bbox="484.080,235.109,494.640,245.669" colourspace="ICCBased" ncolour="[0]" size="10.560">手</text>
                <text font="JQUZDQ+SimSun" bbox="494.640,235.109,505.200,245.669" colourspace="ICCBased" ncolour="[0]" size="10.560">术</text>
                <text font="JQUZDQ+SimSun" bbox="505.200,235.109,515.760,245.669" colourspace="ICCBased" ncolour="[0]" size="10.560">进</text>
                <text font="JQUZDQ+SimSun" bbox="515.760,235.109,526.320,245.669" colourspace="ICCBased" ncolour="[0]" size="10.560">行</text>
                <text font="JQUZDQ+SimSun" bbox="526.080,235.109,536.640,245.669" colourspace="ICCBased" ncolour="[0]" size="10.560">坏</text>
                <text font="JQUZDQ+SimSun" bbox="536.640,235.109,547.200,245.669" colourspace="ICCBased" ncolour="[0]" size="10.560">死</text>
                <text>
                </text>
            </textline>
            <textline bbox="210.480,219.512,425.756,230.072">
                <text font="JQUZDQ+SimSun" bbox="210.480,219.512,221.040,230.072" colourspace="ICCBased" ncolour="[0]" size="10.560">组</text>
                <text font="JQUZDQ+SimSun" bbox="221.040,219.512,231.600,230.072" colourspace="ICCBased" ncolour="[0]" size="10.560">织</text>
                <text font="JQUZDQ+SimSun" bbox="231.600,219.512,242.160,230.072" colourspace="ICCBased" ncolour="[0]" size="10.560">清</text>
                <text font="JQUZDQ+SimSun" bbox="242.160,219.512,252.720,230.072" colourspace="ICCBased" ncolour="[0]" size="10.560">除</text>
                <text font="JQUZDQ+SimSun" bbox="252.720,219.512,263.280,230.072" colourspace="ICCBased" ncolour="[0]" size="10.560">、</text>
                <text font="JQUZDQ+SimSun" bbox="263.040,219.512,273.600,230.072" colourspace="ICCBased" ncolour="[0]" size="10.560">病</text>
                <text font="JQUZDQ+SimSun" bbox="273.600,219.512,284.160,230.072" colourspace="ICCBased" ncolour="[0]" size="10.560">灶</text>
                <text font="JQUZDQ+SimSun" bbox="284.160,219.512,294.720,230.072" colourspace="ICCBased" ncolour="[0]" size="10.560">切</text>
                <text font="JQUZDQ+SimSun" bbox="294.720,219.512,305.280,230.072" colourspace="ICCBased" ncolour="[0]" size="10.560">除</text>
                <text font="JQUZDQ+SimSun" bbox="305.040,219.512,315.600,230.072" colourspace="ICCBased" ncolour="[0]" size="10.560">或</text>
                <text font="JQUZDQ+SimSun" bbox="315.600,219.512,326.160,230.072" colourspace="ICCBased" ncolour="[0]" size="10.560">胰</text>
                <text font="JQUZDQ+SimSun" bbox="326.160,219.512,336.720,230.072" colourspace="ICCBased" ncolour="[0]" size="10.560">腺</text>
                <text font="JQUZDQ+SimSun" bbox="336.720,219.512,347.280,230.072" colourspace="ICCBased" ncolour="[0]" size="10.560">部</text>
                <text font="JQUZDQ+SimSun" bbox="347.040,219.512,357.600,230.072" colourspace="ICCBased" ncolour="[0]" size="10.560">分</text>
                <text font="JQUZDQ+SimSun" bbox="357.600,219.512,368.160,230.072" colourspace="ICCBased" ncolour="[0]" size="10.560">切</text>
                <text font="JQUZDQ+SimSun" bbox="368.160,219.512,378.720,230.072" colourspace="ICCBased" ncolour="[0]" size="10.560">除</text>
                <text font="JQUZDQ+SimSun" bbox="378.720,219.512,389.280,230.072" colourspace="ICCBased" ncolour="[0]" size="10.560">的</text>
                <text font="JQUZDQ+SimSun" bbox="389.040,219.512,399.600,230.072" colourspace="ICCBased" ncolour="[0]" size="10.560">治</text>
                <text font="JQUZDQ+SimSun" bbox="399.600,219.512,410.160,230.072" colourspace="ICCBased" ncolour="[0]" size="10.560">疗</text>
                <text font="JQUZDQ+SimSun" bbox="410.160,219.512,420.720,230.072" colourspace="ICCBased" ncolour="[0]" size="10.560">。</text>
                <text font="JTTPDQ+SimSun" bbox="420.476,219.512,425.756,230.072" colourspace="ICCBased" ncolour="[0]" size="10.560"> </text>
                <text>
                </text>
            </textline>
            <textline bbox="210.480,203.909,547.200,214.469">
                <text font="JQUZDQ+SimSun" bbox="210.480,203.909,221.040,214.469" colourspace="ICCBased" ncolour="[0]" size="10.560">因</text>
                <text font="JQUZDQ+SimSun" bbox="221.040,203.909,231.600,214.469" colourspace="ICCBased" ncolour="[0]" size="10.560">酗</text>
                <text font="JQUZDQ+SimSun" bbox="231.600,203.909,242.160,214.469" colourspace="ICCBased" ncolour="[0]" size="10.560">酒</text>
                <text font="JQUZDQ+SimSun" bbox="242.160,203.909,252.720,214.469" colourspace="ICCBased" ncolour="[0]" size="10.560">或</text>
                <text font="JQUZDQ+SimSun" bbox="252.720,203.909,263.280,214.469" colourspace="ICCBased" ncolour="[0]" size="10.560">饮</text>
                <text font="JQUZDQ+SimSun" bbox="263.280,203.909,273.840,214.469" colourspace="ICCBased" ncolour="[0]" size="10.560">酒</text>
                <text font="JQUZDQ+SimSun" bbox="273.840,203.909,284.400,214.469" colourspace="ICCBased" ncolour="[0]" size="10.560">过</text>
                <text font="JQUZDQ+SimSun" bbox="284.160,203.909,294.720,214.469" colourspace="ICCBased" ncolour="[0]" size="10.560">量</text>
                <text font="JQUZDQ+SimSun" bbox="294.720,203.909,305.280,214.469" colourspace="ICCBased" ncolour="[0]" size="10.560">所</text>
                <text font="JQUZDQ+SimSun" bbox="305.280,203.909,315.840,214.469" colourspace="ICCBased" ncolour="[0]" size="10.560">致</text>
                <text font="JQUZDQ+SimSun" bbox="315.840,203.909,326.400,214.469" colourspace="ICCBased" ncolour="[0]" size="10.560">的</text>
                <text font="JQUZDQ+SimSun" bbox="326.400,203.909,336.960,214.469" colourspace="ICCBased" ncolour="[0]" size="10.560">急</text>
                <text font="JQUZDQ+SimSun" bbox="336.960,203.909,347.520,214.469" colourspace="ICCBased" ncolour="[0]" size="10.560">性</text>
                <text font="JQUZDQ+SimSun" bbox="347.280,203.909,357.840,214.469" colourspace="ICCBased" ncolour="[0]" size="10.560">坏</text>
                <text font="JQUZDQ+SimSun" bbox="357.840,203.909,368.400,214.469" colourspace="ICCBased" ncolour="[0]" size="10.560">死</text>
                <text font="JQUZDQ+SimSun" bbox="368.400,203.909,378.960,214.469" colourspace="ICCBased" ncolour="[0]" size="10.560">性</text>
                <text font="JQUZDQ+SimSun" bbox="378.960,203.909,389.520,214.469" colourspace="ICCBased" ncolour="[0]" size="10.560">胰</text>
                <text font="JQUZDQ+SimSun" bbox="389.520,203.909,400.080,214.469" colourspace="ICCBased" ncolour="[0]" size="10.560">腺</text>
                <text font="JQUZDQ+SimSun" bbox="399.840,203.909,410.400,214.469" colourspace="ICCBased" ncolour="[0]" size="10.560">炎</text>
                <text font="JQUZDQ+SimSun" bbox="410.400,203.909,420.960,214.469" colourspace="ICCBased" ncolour="[0]" size="10.560">以</text>
                <text font="JQUZDQ+SimSun" bbox="420.960,203.909,431.520,214.469" colourspace="ICCBased" ncolour="[0]" size="10.560">及</text>
                <text font="JQUZDQ+SimSun" bbox="431.520,203.909,442.080,214.469" colourspace="ICCBased" ncolour="[0]" size="10.560">腹</text>
                <text font="JQUZDQ+SimSun" bbox="442.080,203.909,452.640,214.469" colourspace="ICCBased" ncolour="[0]" size="10.560">腔</text>
                <text font="JQUZDQ+SimSun" bbox="452.400,203.909,462.960,214.469" colourspace="ICCBased" ncolour="[0]" size="10.560">镜</text>
                <text font="JQUZDQ+SimSun" bbox="462.960,203.909,473.520,214.469" colourspace="ICCBased" ncolour="[0]" size="10.560">手</text>
                <text font="JQUZDQ+SimSun" bbox="473.520,203.909,484.080,214.469" colourspace="ICCBased" ncolour="[0]" size="10.560">术</text>
                <text font="JQUZDQ+SimSun" bbox="484.080,203.909,494.640,214.469" colourspace="ICCBased" ncolour="[0]" size="10.560">不</text>
                <text font="JQUZDQ+SimSun" bbox="494.640,203.909,505.200,214.469" colourspace="ICCBased" ncolour="[0]" size="10.560">在</text>
                <text font="JQUZDQ+SimSun" bbox="505.200,203.909,515.760,214.469" colourspace="ICCBased" ncolour="[0]" size="10.560">保</text>
                <text font="JQUZDQ+SimSun" bbox="515.760,203.909,526.320,214.469" colourspace="ICCBased" ncolour="[0]" size="10.560">障</text>
                <text font="JQUZDQ+SimSun" bbox="526.080,203.909,536.640,214.469" colourspace="ICCBased" ncolour="[0]" size="10.560">范</text>
                <text font="JQUZDQ+SimSun" bbox="536.640,203.909,547.200,214.469" colourspace="ICCBased" ncolour="[0]" size="10.560">围</text>
                <text>
                </text>
            </textline>
            <textline bbox="210.480,188.309,236.640,198.869">
                <text font="JQUZDQ+SimSun" bbox="210.480,188.309,221.040,198.869" colourspace="ICCBased" ncolour="[0]" size="10.560">内</text>
                <text font="JQUZDQ+SimSun" bbox="221.040,188.309,231.600,198.869" colourspace="ICCBased" ncolour="[0]" size="10.560">。</text>
                <text font="JTTPDQ+SimSun" bbox="231.360,188.309,236.640,198.869" colourspace="ICCBased" ncolour="[0]" size="10.560"> </text>
                <text>
                </text>
            </textline>
            <textline bbox="210.480,172.709,215.760,183.269">
                <text font="JTTPDQ+SimSun" bbox="210.480,172.709,215.760,183.269" colourspace="ICCBased" ncolour="[0]" size="10.560"> </text>
                <text>
                </text>
            </textline>
        </textbox>
        <textbox id="22" bbox="210.480,64.949,547.207,153.512">
            <textline bbox="210.480,142.952,493.921,153.512">
                <text font="JQUZDQ+SimSun" bbox="210.480,142.952,221.040,153.512" colourspace="ICCBased" ncolour="[0]" size="10.560">（</text>
                <text font="JTTPDQ+SimSun" bbox="221.040,142.952,226.320,153.512" colourspace="ICCBased" ncolour="[0]" size="10.560">1</text>
                <text font="JQUZDQ+SimSun" bbox="226.320,142.952,236.880,153.512" colourspace="ICCBased" ncolour="[0]" size="10.560">）</text>
                <text font="JQUZDQ+SimSun" bbox="236.880,142.952,247.440,153.512" colourspace="ICCBased" ncolour="[0]" size="10.560">肾</text>
                <text font="JQUZDQ+SimSun" bbox="247.440,142.952,258.000,153.512" colourspace="ICCBased" ncolour="[0]" size="10.560">髓</text>
                <text font="JQUZDQ+SimSun" bbox="258.000,142.952,268.560,153.512" colourspace="ICCBased" ncolour="[0]" size="10.560">质</text>
                <text font="JQUZDQ+SimSun" bbox="268.320,142.952,278.880,153.512" colourspace="ICCBased" ncolour="[0]" size="10.560">有</text>
                <text font="JQUZDQ+SimSun" bbox="278.880,142.952,289.440,153.512" colourspace="ICCBased" ncolour="[0]" size="10.560">囊</text>
                <text font="JQUZDQ+SimSun" bbox="289.440,142.952,300.000,153.512" colourspace="ICCBased" ncolour="[0]" size="10.560">肿</text>
                <text font="JQUZDQ+SimSun" bbox="300.000,142.952,310.560,153.512" colourspace="ICCBased" ncolour="[0]" size="10.560">、</text>
                <text font="JQUZDQ+SimSun" bbox="310.320,142.952,320.880,153.512" colourspace="ICCBased" ncolour="[0]" size="10.560">肾</text>
                <text font="JQUZDQ+SimSun" bbox="320.880,142.952,331.440,153.512" colourspace="ICCBased" ncolour="[0]" size="10.560">小</text>
                <text font="JQUZDQ+SimSun" bbox="331.440,142.952,342.000,153.512" colourspace="ICCBased" ncolour="[0]" size="10.560">管</text>
                <text font="JQUZDQ+SimSun" bbox="342.000,142.952,352.560,153.512" colourspace="ICCBased" ncolour="[0]" size="10.560">萎</text>
                <text font="JQUZDQ+SimSun" bbox="352.320,142.952,362.880,153.512" colourspace="ICCBased" ncolour="[0]" size="10.560">缩</text>
                <text font="JQUZDQ+SimSun" bbox="362.880,142.952,373.440,153.512" colourspace="ICCBased" ncolour="[0]" size="10.560">及</text>
                <text font="JQUZDQ+SimSun" bbox="373.440,142.952,384.000,153.512" colourspace="ICCBased" ncolour="[0]" size="10.560">间</text>
                <text font="JQUZDQ+SimSun" bbox="384.000,142.952,394.560,153.512" colourspace="ICCBased" ncolour="[0]" size="10.560">质</text>
                <text font="JQUZDQ+SimSun" bbox="394.320,142.952,404.880,153.512" colourspace="ICCBased" ncolour="[0]" size="10.560">纤</text>
                <text font="JQUZDQ+SimSun" bbox="404.880,142.952,415.440,153.512" colourspace="ICCBased" ncolour="[0]" size="10.560">维</text>
                <text font="JQUZDQ+SimSun" bbox="415.440,142.952,426.000,153.512" colourspace="ICCBased" ncolour="[0]" size="10.560">化</text>
                <text font="JQUZDQ+SimSun" bbox="425.760,142.952,436.320,153.512" colourspace="ICCBased" ncolour="[0]" size="10.560">等</text>
                <text font="JQUZDQ+SimSun" bbox="436.320,142.952,446.880,153.512" colourspace="ICCBased" ncolour="[0]" size="10.560">病</text>
                <text font="JQUZDQ+SimSun" bbox="446.640,142.952,457.200,153.512" colourspace="ICCBased" ncolour="[0]" size="10.560">理</text>
                <text font="JQUZDQ+SimSun" bbox="457.200,142.952,467.760,153.512" colourspace="ICCBased" ncolour="[0]" size="10.560">改</text>
                <text font="JQUZDQ+SimSun" bbox="467.760,142.952,478.320,153.512" colourspace="ICCBased" ncolour="[0]" size="10.560">变</text>
                <text font="JQUZDQ+SimSun" bbox="478.320,142.952,488.880,153.512" colourspace="ICCBased" ncolour="[0]" size="10.560">；</text>
                <text font="JTTPDQ+SimSun" bbox="488.641,142.952,493.921,153.512" colourspace="ICCBased" ncolour="[0]" size="10.560"> </text>
                <text>
                </text>
            </textline>
            <textline bbox="210.480,127.355,420.476,137.915">
                <text font="JQUZDQ+SimSun" bbox="210.480,127.355,221.040,137.915" colourspace="ICCBased" ncolour="[0]" size="10.560">（</text>
                <text font="JTTPDQ+SimSun" bbox="221.040,127.355,226.320,137.915" colourspace="ICCBased" ncolour="[0]" size="10.560">2</text>
                <text font="JQUZDQ+SimSun" bbox="226.320,127.355,236.880,137.915" colourspace="ICCBased" ncolour="[0]" size="10.560">）</text>
                <text font="JQUZDQ+SimSun" bbox="236.880,127.355,247.440,137.915" colourspace="ICCBased" ncolour="[0]" size="10.560">贫</text>
                <text font="JQUZDQ+SimSun" bbox="247.440,127.355,258.000,137.915" colourspace="ICCBased" ncolour="[0]" size="10.560">血</text>
                <text font="JQUZDQ+SimSun" bbox="258.000,127.355,268.560,137.915" colourspace="ICCBased" ncolour="[0]" size="10.560">、</text>
                <text font="JQUZDQ+SimSun" bbox="268.320,127.355,278.880,137.915" colourspace="ICCBased" ncolour="[0]" size="10.560">多</text>
                <text font="JQUZDQ+SimSun" bbox="278.880,127.355,289.440,137.915" colourspace="ICCBased" ncolour="[0]" size="10.560">尿</text>
                <text font="JQUZDQ+SimSun" bbox="289.440,127.355,300.000,137.915" colourspace="ICCBased" ncolour="[0]" size="10.560">及</text>
                <text font="JQUZDQ+SimSun" bbox="300.000,127.355,310.560,137.915" colourspace="ICCBased" ncolour="[0]" size="10.560">肾</text>
                <text font="JQUZDQ+SimSun" bbox="310.320,127.355,320.880,137.915" colourspace="ICCBased" ncolour="[0]" size="10.560">功</text>
                <text font="JQUZDQ+SimSun" bbox="320.880,127.355,331.440,137.915" colourspace="ICCBased" ncolour="[0]" size="10.560">能</text>
                <text font="JQUZDQ+SimSun" bbox="331.440,127.355,342.000,137.915" colourspace="ICCBased" ncolour="[0]" size="10.560">衰</text>
                <text font="JQUZDQ+SimSun" bbox="342.000,127.355,352.560,137.915" colourspace="ICCBased" ncolour="[0]" size="10.560">竭</text>
                <text font="JQUZDQ+SimSun" bbox="352.320,127.355,362.880,137.915" colourspace="ICCBased" ncolour="[0]" size="10.560">等</text>
                <text font="JQUZDQ+SimSun" bbox="362.880,127.355,373.440,137.915" colourspace="ICCBased" ncolour="[0]" size="10.560">临</text>
                <text font="JQUZDQ+SimSun" bbox="373.440,127.355,384.000,137.915" colourspace="ICCBased" ncolour="[0]" size="10.560">床</text>
                <text font="JQUZDQ+SimSun" bbox="384.000,127.355,394.560,137.915" colourspace="ICCBased" ncolour="[0]" size="10.560">表</text>
                <text font="JQUZDQ+SimSun" bbox="394.320,127.355,404.880,137.915" colourspace="ICCBased" ncolour="[0]" size="10.560">现</text>
                <text font="JQUZDQ+SimSun" bbox="404.880,127.355,415.440,137.915" colourspace="ICCBased" ncolour="[0]" size="10.560">；</text>
                <text font="JTTPDQ+SimSun" bbox="415.196,127.355,420.476,137.915" colourspace="ICCBased" ncolour="[0]" size="10.560"> </text>
                <text>
                </text>
            </textline>
            <textline bbox="210.480,111.757,367.919,122.317">
                <text font="JQUZDQ+SimSun" bbox="210.480,111.757,221.040,122.317" colourspace="ICCBased" ncolour="[0]" size="10.560">（</text>
                <text font="JTTPDQ+SimSun" bbox="221.040,111.757,226.320,122.317" colourspace="ICCBased" ncolour="[0]" size="10.560">3</text>
                <text font="JQUZDQ+SimSun" bbox="226.320,111.757,236.880,122.317" colourspace="ICCBased" ncolour="[0]" size="10.560">）</text>
                <text font="JQUZDQ+SimSun" bbox="236.880,111.757,247.440,122.317" colourspace="ICCBased" ncolour="[0]" size="10.560">诊</text>
                <text font="JQUZDQ+SimSun" bbox="247.440,111.757,258.000,122.317" colourspace="ICCBased" ncolour="[0]" size="10.560">断</text>
                <text font="JQUZDQ+SimSun" bbox="258.000,111.757,268.560,122.317" colourspace="ICCBased" ncolour="[0]" size="10.560">须</text>
                <text font="JQUZDQ+SimSun" bbox="268.320,111.757,278.880,122.317" colourspace="ICCBased" ncolour="[0]" size="10.560">由</text>
                <text font="JQUZDQ+SimSun" bbox="278.880,111.757,289.440,122.317" colourspace="ICCBased" ncolour="[0]" size="10.560">肾</text>
                <text font="JQUZDQ+SimSun" bbox="289.440,111.757,300.000,122.317" colourspace="ICCBased" ncolour="[0]" size="10.560">组</text>
                <text font="JQUZDQ+SimSun" bbox="300.000,111.757,310.560,122.317" colourspace="ICCBased" ncolour="[0]" size="10.560">织</text>
                <text font="JQUZDQ+SimSun" bbox="310.320,111.757,320.880,122.317" colourspace="ICCBased" ncolour="[0]" size="10.560">活</text>
                <text font="JQUZDQ+SimSun" bbox="320.880,111.757,331.440,122.317" colourspace="ICCBased" ncolour="[0]" size="10.560">检</text>
                <text font="JQUZDQ+SimSun" bbox="331.440,111.757,342.000,122.317" colourspace="ICCBased" ncolour="[0]" size="10.560">确</text>
                <text font="JQUZDQ+SimSun" bbox="342.000,111.757,352.560,122.317" colourspace="ICCBased" ncolour="[0]" size="10.560">定</text>
                <text font="JQUZDQ+SimSun" bbox="352.320,111.757,362.880,122.317" colourspace="ICCBased" ncolour="[0]" size="10.560">。</text>
                <text font="JTTPDQ+SimSun" bbox="362.639,111.757,367.919,122.317" colourspace="ICCBased" ncolour="[0]" size="10.560"> </text>
                <text>
                </text>
            </textline>
            <textline bbox="210.480,96.160,547.207,106.720">
                <text font="JQUZDQ+SimSun" bbox="210.480,96.160,221.040,106.720" colourspace="ICCBased" ncolour="[0]" size="10.560">本</text>
                <text font="JQUZDQ+SimSun" bbox="221.040,96.160,231.600,106.720" colourspace="ICCBased" ncolour="[0]" size="10.560">公</text>
                <text font="JQUZDQ+SimSun" bbox="231.600,96.160,242.160,106.720" colourspace="ICCBased" ncolour="[0]" size="10.560">司</text>
                <text font="JQUZDQ+SimSun" bbox="242.160,96.160,252.720,106.720" colourspace="ICCBased" ncolour="[0]" size="10.560">承</text>
                <text font="JQUZDQ+SimSun" bbox="252.720,96.160,263.280,106.720" colourspace="ICCBased" ncolour="[0]" size="10.560">担</text>
                <text font="JQUZDQ+SimSun" bbox="263.040,96.160,273.600,106.720" colourspace="ICCBased" ncolour="[0]" size="10.560">本</text>
                <text font="JQUZDQ+SimSun" bbox="273.600,96.160,284.160,106.720" colourspace="ICCBased" ncolour="[0]" size="10.560">项</text>
                <text font="JQUZDQ+SimSun" bbox="284.160,96.160,294.720,106.720" colourspace="ICCBased" ncolour="[0]" size="10.560">疾</text>
                <text font="JQUZDQ+SimSun" bbox="294.720,96.160,305.280,106.720" colourspace="ICCBased" ncolour="[0]" size="10.560">病</text>
                <text font="JQUZDQ+SimSun" bbox="305.040,96.160,315.600,106.720" colourspace="ICCBased" ncolour="[0]" size="10.560">责</text>
                <text font="JQUZDQ+SimSun" bbox="315.600,96.160,326.160,106.720" colourspace="ICCBased" ncolour="[0]" size="10.560">任</text>
                <text font="JQUZDQ+SimSun" bbox="326.160,96.160,336.720,106.720" colourspace="ICCBased" ncolour="[0]" size="10.560">不</text>
                <text font="JQUZDQ+SimSun" bbox="336.720,96.160,347.280,106.720" colourspace="ICCBased" ncolour="[0]" size="10.560">受</text>
                <text font="JQUZDQ+SimSun" bbox="347.040,96.160,357.600,106.720" colourspace="ICCBased" ncolour="[0]" size="10.560">本</text>
                <text font="JQUZDQ+SimSun" bbox="357.600,96.160,368.160,106.720" colourspace="ICCBased" ncolour="[0]" size="10.560">附</text>
                <text font="JQUZDQ+SimSun" bbox="368.160,96.160,378.720,106.720" colourspace="ICCBased" ncolour="[0]" size="10.560">加</text>
                <text font="JQUZDQ+SimSun" bbox="378.720,96.160,389.280,106.720" colourspace="ICCBased" ncolour="[0]" size="10.560">险</text>
                <text font="JQUZDQ+SimSun" bbox="389.040,96.160,399.600,106.720" colourspace="ICCBased" ncolour="[0]" size="10.560">合</text>
                <text font="JQUZDQ+SimSun" bbox="399.600,96.160,410.160,106.720" colourspace="ICCBased" ncolour="[0]" size="10.560">同</text>
                <text font="JQUZDQ+SimSun" bbox="409.680,96.160,420.240,106.720" colourspace="ICCBased" ncolour="[0]" size="10.560">“</text>
                <text font="JTTPDQ+SimSun" bbox="420.240,96.160,425.520,106.720" colourspace="ICCBased" ncolour="[0]" size="10.560">2</text>
                <text font="JTTPDQ+SimSun" bbox="425.277,96.160,430.557,106.720" colourspace="ICCBased" ncolour="[0]" size="10.560">.</text>
                <text font="JTTPDQ+SimSun" bbox="430.557,96.160,435.837,106.720" colourspace="ICCBased" ncolour="[0]" size="10.560">1</text>
                <text> </text>
                <text font="JQUZDQ+SimSun" bbox="438.481,96.160,449.041,106.720" colourspace="ICCBased" ncolour="[0]" size="10.560">责</text>
                <text font="JQUZDQ+SimSun" bbox="448.801,96.160,459.361,106.720" colourspace="ICCBased" ncolour="[0]" size="10.560">任</text>
                <text font="JQUZDQ+SimSun" bbox="459.361,96.160,469.921,106.720" colourspace="ICCBased" ncolour="[0]" size="10.560">免</text>
                <text font="JQUZDQ+SimSun" bbox="469.921,96.160,480.481,106.720" colourspace="ICCBased" ncolour="[0]" size="10.560">除</text>
                <text font="JQUZDQ+SimSun" bbox="480.481,96.160,491.041,106.720" colourspace="ICCBased" ncolour="[0]" size="10.560">”</text>
                <text font="JQUZDQ+SimSun" bbox="490.561,96.160,501.121,106.720" colourspace="ICCBased" ncolour="[0]" size="10.560">中</text>
                <text font="JQUZDQ+SimSun" bbox="500.881,96.160,511.441,106.720" colourspace="ICCBased" ncolour="[0]" size="10.560">第</text>
                <text font="JQUZDQ+SimSun" bbox="510.961,96.160,521.521,106.720" colourspace="ICCBased" ncolour="[0]" size="10.560">（</text>
                <text font="JTTPDQ+SimSun" bbox="521.521,96.160,526.801,106.720" colourspace="ICCBased" ncolour="[0]" size="10.560">8</text>
                <text font="JQUZDQ+SimSun" bbox="526.562,96.160,537.122,106.720" colourspace="ICCBased" ncolour="[0]" size="10.560">）</text>
                <text font="JQUZDQ+SimSun" bbox="536.647,96.160,547.207,106.720" colourspace="ICCBased" ncolour="[0]" size="10.560">项</text>
                <text>
                </text>
            </textline>
            <textline bbox="210.480,80.563,488.641,91.123">
                <text font="JQUZDQ+SimSun" bbox="210.480,80.563,221.040,91.123" colourspace="ICCBased" ncolour="[0]" size="10.560">“</text>
                <text font="JQUZDQ+SimSun" bbox="221.040,80.563,231.600,91.123" colourspace="ICCBased" ncolour="[0]" size="10.560">遗</text>
                <text font="JQUZDQ+SimSun" bbox="231.600,80.563,242.160,91.123" colourspace="ICCBased" ncolour="[0]" size="10.560">传</text>
                <text font="JQUZDQ+SimSun" bbox="242.160,80.563,252.720,91.123" colourspace="ICCBased" ncolour="[0]" size="10.560">性</text>
                <text font="JQUZDQ+SimSun" bbox="252.720,80.563,263.280,91.123" colourspace="ICCBased" ncolour="[0]" size="10.560">疾</text>
                <text font="JQUZDQ+SimSun" bbox="263.040,80.563,273.600,91.123" colourspace="ICCBased" ncolour="[0]" size="10.560">病</text>
                <text font="JQUZDQ+SimSun" bbox="273.600,80.563,284.160,91.123" colourspace="ICCBased" ncolour="[0]" size="10.560">，</text>
                <text font="JQUZDQ+SimSun" bbox="284.160,80.563,294.720,91.123" colourspace="ICCBased" ncolour="[0]" size="10.560">先</text>
                <text font="JQUZDQ+SimSun" bbox="294.720,80.563,305.280,91.123" colourspace="ICCBased" ncolour="[0]" size="10.560">天</text>
                <text font="JQUZDQ+SimSun" bbox="305.040,80.563,315.600,91.123" colourspace="ICCBased" ncolour="[0]" size="10.560">性</text>
                <text font="JQUZDQ+SimSun" bbox="315.600,80.563,326.160,91.123" colourspace="ICCBased" ncolour="[0]" size="10.560">畸</text>
                <text font="JQUZDQ+SimSun" bbox="326.160,80.563,336.720,91.123" colourspace="ICCBased" ncolour="[0]" size="10.560">形</text>
                <text font="JQUZDQ+SimSun" bbox="336.720,80.563,347.280,91.123" colourspace="ICCBased" ncolour="[0]" size="10.560">、</text>
                <text font="JQUZDQ+SimSun" bbox="347.040,80.563,357.600,91.123" colourspace="ICCBased" ncolour="[0]" size="10.560">变</text>
                <text font="JQUZDQ+SimSun" bbox="357.600,80.563,368.160,91.123" colourspace="ICCBased" ncolour="[0]" size="10.560">形</text>
                <text font="JQUZDQ+SimSun" bbox="368.160,80.563,378.720,91.123" colourspace="ICCBased" ncolour="[0]" size="10.560">或</text>
                <text font="JQUZDQ+SimSun" bbox="378.720,80.563,389.280,91.123" colourspace="ICCBased" ncolour="[0]" size="10.560">染</text>
                <text font="JQUZDQ+SimSun" bbox="389.040,80.563,399.600,91.123" colourspace="ICCBased" ncolour="[0]" size="10.560">色</text>
                <text font="JQUZDQ+SimSun" bbox="399.600,80.563,410.160,91.123" colourspace="ICCBased" ncolour="[0]" size="10.560">体</text>
                <text font="JQUZDQ+SimSun" bbox="410.160,80.563,420.720,91.123" colourspace="ICCBased" ncolour="[0]" size="10.560">异</text>
                <text font="JQUZDQ+SimSun" bbox="420.720,80.563,431.280,91.123" colourspace="ICCBased" ncolour="[0]" size="10.560">常</text>
                <text font="JQUZDQ+SimSun" bbox="431.040,80.563,441.600,91.123" colourspace="ICCBased" ncolour="[0]" size="10.560">”</text>
                <text font="JQUZDQ+SimSun" bbox="441.600,80.563,452.160,91.123" colourspace="ICCBased" ncolour="[0]" size="10.560">的</text>
                <text font="JQUZDQ+SimSun" bbox="451.920,80.563,462.480,91.123" colourspace="ICCBased" ncolour="[0]" size="10.560">限</text>
                <text font="JQUZDQ+SimSun" bbox="462.480,80.563,473.040,91.123" colourspace="ICCBased" ncolour="[0]" size="10.560">制</text>
                <text font="JQUZDQ+SimSun" bbox="473.040,80.563,483.600,91.123" colourspace="ICCBased" ncolour="[0]" size="10.560">。</text>
                <text font="JTTPDQ+SimSun" bbox="483.361,80.563,488.641,91.123" colourspace="ICCBased" ncolour="[0]" size="10.560"> </text>
                <text>
                </text>
            </textline>
            <textline bbox="210.480,64.949,215.760,75.509">
                <text font="JTTPDQ+SimSun" bbox="210.480,64.949,215.760,75.509" colourspace="ICCBased" ncolour="[0]" size="10.560"> </text>
                <text>
                </text>
            </textline>
        </textbox>
        <textbox id="23" bbox="63.600,157.728,525.358,183.269">
            <textline bbox="68.880,172.709,74.160,183.269">
                <text font="JTTPDQ+SimSun" bbox="68.880,172.709,74.160,183.269" colourspace="ICCBased" ncolour="[0]" size="10.560"> </text>
                <text>
                </text>
            </textline>
            <textline bbox="63.600,157.728,525.358,169.728">
                <text font="JTTPDQ+SimSun" bbox="63.600,158.549,68.880,169.109" colourspace="ICCBased" ncolour="[0]" size="10.560">2</text>
                <text font="JTTPDQ+SimSun" bbox="68.880,158.549,74.160,169.109" colourspace="ICCBased" ncolour="[0]" size="10.560">9</text>
                <text font="JTTPDQ+SimSun" bbox="74.160,158.549,79.440,169.109" colourspace="ICCBased" ncolour="[0]" size="10.560"> </text>
                <text> </text>
                <text font="ERELLA+STXinwei" bbox="97.440,157.728,109.440,169.728" colourspace="ICCBased" ncolour="[0]" size="12.000">严</text>
                <text font="ERELLA+STXinwei" bbox="109.440,157.728,121.440,169.728" colourspace="ICCBased" ncolour="[0]" size="12.000">重</text>
                <text font="ERELLA+STXinwei" bbox="121.440,157.728,133.440,169.728" colourspace="ICCBased" ncolour="[0]" size="12.000">肾</text>
                <text font="ERELLA+STXinwei" bbox="133.440,157.728,145.440,169.728" colourspace="ICCBased" ncolour="[0]" size="12.000">髓</text>
                <text font="ERELLA+STXinwei" bbox="145.440,157.728,157.440,169.728" colourspace="ICCBased" ncolour="[0]" size="12.000">质</text>
                <text font="ERELLA+STXinwei" bbox="157.440,157.728,169.440,169.728" colourspace="ICCBased" ncolour="[0]" size="12.000">囊</text>
                <text font="ERELLA+STXinwei" bbox="169.440,157.728,181.440,169.728" colourspace="ICCBased" ncolour="[0]" size="12.000">性</text>
                <text font="ERELLA+STXinwei" bbox="181.440,157.728,193.440,169.728" colourspace="ICCBased" ncolour="[0]" size="12.000">病</text>
                <text font="ERELLA+STXinwei" bbox="193.440,157.728,196.368,169.728" colourspace="ICCBased" ncolour="[0]" size="12.000"> </text>
                <text> </text>
                <text font="JQUZDQ+SimSun" bbox="210.480,158.549,221.040,169.109" colourspace="ICCBased" ncolour="[0]" size="10.560">指</text>
                <text font="JQUZDQ+SimSun" bbox="221.040,158.549,231.600,169.109" colourspace="ICCBased" ncolour="[0]" size="10.560">经</text>
                <text font="JQUZDQ+SimSun" bbox="231.600,158.549,242.160,169.109" colourspace="ICCBased" ncolour="[0]" size="10.560">专</text>
                <text font="JQUZDQ+SimSun" bbox="242.160,158.549,252.720,169.109" colourspace="ICCBased" ncolour="[0]" size="10.560">科</text>
                <text font="JQUZDQ+SimSun" bbox="252.720,158.549,263.280,169.109" colourspace="ICCBased" ncolour="[0]" size="10.560">医</text>
                <text font="JQUZDQ+SimSun" bbox="263.040,158.549,273.600,169.109" colourspace="ICCBased" ncolour="[0]" size="10.560">生</text>
                <text font="JQUZDQ+SimSun" bbox="273.600,158.549,284.160,169.109" colourspace="ICCBased" ncolour="[0]" size="10.560">明</text>
                <text font="JQUZDQ+SimSun" bbox="284.160,158.549,294.720,169.109" colourspace="ICCBased" ncolour="[0]" size="10.560">确</text>
                <text font="JQUZDQ+SimSun" bbox="294.720,158.549,305.280,169.109" colourspace="ICCBased" ncolour="[0]" size="10.560">诊</text>
                <text font="JQUZDQ+SimSun" bbox="305.040,158.549,315.600,169.109" colourspace="ICCBased" ncolour="[0]" size="10.560">断</text>
                <text font="JQUZDQ+SimSun" bbox="315.600,158.549,326.160,169.109" colourspace="ICCBased" ncolour="[0]" size="10.560">为</text>
                <text font="JQUZDQ+SimSun" bbox="326.160,158.549,336.720,169.109" colourspace="ICCBased" ncolour="[0]" size="10.560">肾</text>
                <text font="JQUZDQ+SimSun" bbox="336.720,158.549,347.280,169.109" colourspace="ICCBased" ncolour="[0]" size="10.560">髓</text>
                <text font="JQUZDQ+SimSun" bbox="347.040,158.549,357.600,169.109" colourspace="ICCBased" ncolour="[0]" size="10.560">质</text>
                <text font="JQUZDQ+SimSun" bbox="357.600,158.549,368.160,169.109" colourspace="ICCBased" ncolour="[0]" size="10.560">囊</text>
                <text font="JQUZDQ+SimSun" bbox="368.160,158.549,378.720,169.109" colourspace="ICCBased" ncolour="[0]" size="10.560">性</text>
                <text font="JQUZDQ+SimSun" bbox="378.720,158.549,389.280,169.109" colourspace="ICCBased" ncolour="[0]" size="10.560">病</text>
                <text font="JQUZDQ+SimSun" bbox="389.040,158.549,399.600,169.109" colourspace="ICCBased" ncolour="[0]" size="10.560">，</text>
                <text font="JQUZDQ+SimSun" bbox="399.600,158.549,410.160,169.109" colourspace="ICCBased" ncolour="[0]" size="10.560">且</text>
                <text font="JQUZDQ+SimSun" bbox="410.160,158.549,420.720,169.109" colourspace="ICCBased" ncolour="[0]" size="10.560">须</text>
                <text font="JQUZDQ+SimSun" bbox="420.720,158.549,431.280,169.109" colourspace="ICCBased" ncolour="[0]" size="10.560">同</text>
                <text font="JQUZDQ+SimSun" bbox="431.040,158.549,441.600,169.109" colourspace="ICCBased" ncolour="[0]" size="10.560">时</text>
                <text font="JQUZDQ+SimSun" bbox="441.600,158.549,452.160,169.109" colourspace="ICCBased" ncolour="[0]" size="10.560">满</text>
                <text font="JQUZDQ+SimSun" bbox="451.920,158.549,462.480,169.109" colourspace="ICCBased" ncolour="[0]" size="10.560">足</text>
                <text font="JQUZDQ+SimSun" bbox="462.480,158.549,473.040,169.109" colourspace="ICCBased" ncolour="[0]" size="10.560">下</text>
                <text font="JQUZDQ+SimSun" bbox="473.040,158.549,483.600,169.109" colourspace="ICCBased" ncolour="[0]" size="10.560">列</text>
                <text font="JQUZDQ+SimSun" bbox="483.600,158.549,494.160,169.109" colourspace="ICCBased" ncolour="[0]" size="10.560">条</text>
                <text font="JQUZDQ+SimSun" bbox="494.160,158.549,504.720,169.109" colourspace="ICCBased" ncolour="[0]" size="10.560">件</text>
                <text font="JQUZDQ+SimSun" bbox="504.480,158.549,515.040,169.109" colourspace="ICCBased" ncolour="[0]" size="10.560">：</text>
                <text font="JTTPDQ+SimSun" bbox="515.040,158.549,520.320,169.109" colourspace="ICCBased" ncolour="[0]" size="10.560"> </text>
                <text font="JTTPDQ+SimSun" bbox="520.078,158.549,525.358,169.109" colourspace="ICCBased" ncolour="[0]" size="10.560"> </text>
                <text>
                </text>
            </textline>
        </textbox>
        <rect linewidth="0" bbox="210.480,694.080,451.920,708.000" />
        <rect linewidth="0" bbox="210.480,678.480,546.960,692.400" />
        <rect linewidth="0" bbox="210.480,662.880,441.360,676.800" />
        <rect linewidth="0" bbox="210.480,263.280,493.920,277.200" />
        <rect linewidth="0" bbox="210.480,202.320,546.960,216.240" />
        <rect linewidth="0" bbox="210.480,186.720,231.360,200.640" />
        <layout>
            <textgroup bbox="51.120,64.128,551.758,782.789">
                <textgroup bbox="51.120,64.128,551.758,782.789">
                    <textgroup bbox="51.120,434.552,547.200,782.789">
                        <textgroup bbox="51.120,540.869,547.200,782.789">
                            <textgroup bbox="51.120,617.808,199.680,751.589">
                                <textgroup bbox="51.120,726.048,172.017,751.589">
                                    <textgroup bbox="51.120,741.028,100.017,751.589">
                                        <textbox id="0" bbox="51.120,741.029,56.400,751.589" />
                                        <textbox id="1" bbox="97.440,741.028,100.017,751.588" />
                                    </textgroup>
                                    <textbox id="2" bbox="63.600,726.048,172.017,738.048" />
                                </textgroup>
                                <textgroup bbox="63.600,617.808,199.680,660.048">
                                    <textgroup bbox="63.600,633.648,199.680,660.048">
                                        <textbox id="3" bbox="97.440,648.048,100.368,660.048" />
                                        <textbox id="4" bbox="63.600,633.648,199.680,659.429" />
                                    </textgroup>
                                    <textbox id="5" bbox="97.440,617.808,124.368,629.808" />
                                </textgroup>
                            </textgroup>
                            <textbox id="6" bbox="210.480,540.869,547.200,782.789" />
                        </textgroup>
                        <textgroup bbox="63.600,434.552,547.200,552.048">
                            <textbox id="7" bbox="97.440,540.048,100.368,552.048" />
                            <textgroup bbox="63.600,434.552,547.200,551.429">
                                <textbox id="8" bbox="63.600,434.552,547.200,551.429" />
                                <textbox id="9" bbox="97.440,463.488,100.368,475.488" />
                            </textgroup>
                        </textgroup>
                    </textgroup>
                    <textgroup bbox="51.120,64.128,551.758,474.869">
                        <textgroup bbox="51.120,64.128,199.680,474.869">
                            <textgroup bbox="51.120,218.448,199.680,474.869">
                                <textgroup bbox="63.600,387.408,199.680,474.869">
                                    <textbox id="10" bbox="63.600,401.808,199.680,474.869" />
                                    <textbox id="11" bbox="63.600,387.408,160.368,413.189" />
                                </textgroup>
                                <textgroup bbox="51.120,218.448,199.680,321.408">
                                    <textgroup bbox="63.600,295.248,148.368,321.408">
                                        <textbox id="12" bbox="97.440,309.408,100.368,321.408" />
                                        <textbox id="13" bbox="63.600,295.248,148.368,320.789" />
                                    </textgroup>
                                    <textgroup bbox="51.120,218.448,199.680,259.829">
                                        <textbox id="14" bbox="51.120,249.269,56.400,259.829" />
                                        <textgroup bbox="63.600,218.448,199.680,246.288">
                                            <textbox id="15" bbox="63.600,234.288,199.680,246.288" />
                                            <textbox id="16" bbox="97.440,218.448,148.368,230.448" />
                                        </textgroup>
                                    </textgroup>
                                </textgroup>
                            </textgroup>
                            <textgroup bbox="68.880,64.128,100.368,260.448">
                                <textgroup bbox="97.440,64.128,100.368,260.448">
                                    <textgroup bbox="97.440,171.888,100.368,260.448">
                                        <textbox id="17" bbox="97.440,248.448,100.368,260.448" />
                                        <textbox id="18" bbox="97.440,171.888,100.368,183.888" />
                                    </textgroup>
                                    <textbox id="19" bbox="97.440,64.128,100.368,76.128" />
                                </textgroup>
                                <textbox id="20" bbox="68.880,64.949,74.160,75.509" />
                            </textgroup>
                        </textgroup>
                        <textgroup bbox="210.469,64.949,551.758,413.189">
                            <textbox id="21" bbox="210.469,172.709,551.758,413.189" />
                            <textbox id="22" bbox="210.480,64.949,547.207,153.512" />
                        </textgroup>
                    </textgroup>
                </textgroup>
                <textbox id="23" bbox="63.600,157.728,525.358,183.269" />
            </textgroup>
        </layout>
    </page>
    <page id="12" bbox="0.000,0.000,595.200,841.920" rotate="0">
        <textbox id="0" bbox="63.600,755.568,199.680,783.408">
            <textline bbox="63.600,771.408,199.680,783.408">
                <text font="JTTPDQ+SimSun" bbox="63.600,772.229,68.880,782.789" colourspace="ICCBased" ncolour="[0]" size="10.560">3</text>
                <text font="JTTPDQ+SimSun" bbox="68.880,772.229,74.160,782.789" colourspace="ICCBased" ncolour="[0]" size="10.560">0</text>
                <text font="JTTPDQ+SimSun" bbox="74.160,772.229,79.440,782.789" colourspace="ICCBased" ncolour="[0]" size="10.560"> </text>
                <text> </text>
                <text font="ERELLA+STXinwei" bbox="97.440,771.408,109.440,783.408" colourspace="ICCBased" ncolour="[0]" size="12.000">严</text>
                <text font="ERELLA+STXinwei" bbox="110.400,771.408,122.400,783.408" colourspace="ICCBased" ncolour="[0]" size="12.000">重</text>
                <text font="ERELLA+STXinwei" bbox="123.360,771.408,135.360,783.408" colourspace="ICCBased" ncolour="[0]" size="12.000">肝</text>
                <text font="ERELLA+STXinwei" bbox="136.080,771.408,148.080,783.408" colourspace="ICCBased" ncolour="[0]" size="12.000">豆</text>
                <text font="ERELLA+STXinwei" bbox="149.040,771.408,161.040,783.408" colourspace="ICCBased" ncolour="[0]" size="12.000">状</text>
                <text font="ERELLA+STXinwei" bbox="162.000,771.408,174.000,783.408" colourspace="ICCBased" ncolour="[0]" size="12.000">核</text>
                <text font="ERELLA+STXinwei" bbox="174.720,771.408,186.720,783.408" colourspace="ICCBased" ncolour="[0]" size="12.000">变</text>
                <text font="ERELLA+STXinwei" bbox="187.680,771.408,199.680,783.408" colourspace="ICCBased" ncolour="[0]" size="12.000">性</text>
                <text>
                </text>
            </textline>
            <textline bbox="97.440,755.568,175.728,767.568">
                <text font="ERELLA+STXinwei" bbox="97.440,755.568,109.440,767.568" colourspace="ICCBased" ncolour="[0]" size="12.000">（</text>
                <text font="ERELLA+STXinwei" bbox="109.680,755.568,121.788,767.568" colourspace="ICCBased" ncolour="[0]" size="12.000">W</text>
                <text font="ERELLA+STXinwei" bbox="121.680,755.568,124.704,767.568" colourspace="ICCBased" ncolour="[0]" size="12.000">i</text>
                <text font="ERELLA+STXinwei" bbox="124.800,755.568,127.908,767.568" colourspace="ICCBased" ncolour="[0]" size="12.000">l</text>
                <text font="ERELLA+STXinwei" bbox="127.920,755.568,132.036,767.568" colourspace="ICCBased" ncolour="[0]" size="12.000">s</text>
                <text font="ERELLA+STXinwei" bbox="132.000,755.568,139.200,767.568" colourspace="ICCBased" ncolour="[0]" size="12.000">o</text>
                <text font="ERELLA+STXinwei" bbox="139.200,755.568,145.944,767.568" colourspace="ICCBased" ncolour="[0]" size="12.000">n</text>
                <text> </text>
                <text font="ERELLA+STXinwei" bbox="149.040,755.568,161.040,767.568" colourspace="ICCBased" ncolour="[0]" size="12.000">病</text>
                <text font="ERELLA+STXinwei" bbox="161.040,755.568,173.040,767.568" colourspace="ICCBased" ncolour="[0]" size="12.000">）</text>
                <text font="ERELLA+STXinwei" bbox="172.800,755.568,175.728,767.568" colourspace="ICCBased" ncolour="[0]" size="12.000"> </text>
                <text>
                </text>
            </textline>
        </textbox>
        <textbox id="1" bbox="210.480,741.029,552.000,782.789">
            <textline bbox="210.480,772.229,547.200,782.789">
                <text font="JQUZDQ+SimSun" bbox="210.480,772.229,221.040,782.789" colourspace="ICCBased" ncolour="[0]" size="10.560">指</text>
                <text font="JQUZDQ+SimSun" bbox="221.040,772.229,231.600,782.789" colourspace="ICCBased" ncolour="[0]" size="10.560">由</text>
                <text font="JQUZDQ+SimSun" bbox="231.600,772.229,242.160,782.789" colourspace="ICCBased" ncolour="[0]" size="10.560">于</text>
                <text font="JQUZDQ+SimSun" bbox="242.160,772.229,252.720,782.789" colourspace="ICCBased" ncolour="[0]" size="10.560">铜</text>
                <text font="JQUZDQ+SimSun" bbox="252.720,772.229,263.280,782.789" colourspace="ICCBased" ncolour="[0]" size="10.560">代</text>
                <text font="JQUZDQ+SimSun" bbox="263.280,772.229,273.840,782.789" colourspace="ICCBased" ncolour="[0]" size="10.560">谢</text>
                <text font="JQUZDQ+SimSun" bbox="273.840,772.229,284.400,782.789" colourspace="ICCBased" ncolour="[0]" size="10.560">障</text>
                <text font="JQUZDQ+SimSun" bbox="284.160,772.229,294.720,782.789" colourspace="ICCBased" ncolour="[0]" size="10.560">碍</text>
                <text font="JQUZDQ+SimSun" bbox="294.720,772.229,305.280,782.789" colourspace="ICCBased" ncolour="[0]" size="10.560">所</text>
                <text font="JQUZDQ+SimSun" bbox="305.280,772.229,315.840,782.789" colourspace="ICCBased" ncolour="[0]" size="10.560">引</text>
                <text font="JQUZDQ+SimSun" bbox="315.840,772.229,326.400,782.789" colourspace="ICCBased" ncolour="[0]" size="10.560">起</text>
                <text font="JQUZDQ+SimSun" bbox="326.400,772.229,336.960,782.789" colourspace="ICCBased" ncolour="[0]" size="10.560">的</text>
                <text font="JQUZDQ+SimSun" bbox="336.960,772.229,347.520,782.789" colourspace="ICCBased" ncolour="[0]" size="10.560">一</text>
                <text font="JQUZDQ+SimSun" bbox="347.280,772.229,357.840,782.789" colourspace="ICCBased" ncolour="[0]" size="10.560">种</text>
                <text font="JQUZDQ+SimSun" bbox="357.840,772.229,368.400,782.789" colourspace="ICCBased" ncolour="[0]" size="10.560">疾</text>
                <text font="JQUZDQ+SimSun" bbox="368.400,772.229,378.960,782.789" colourspace="ICCBased" ncolour="[0]" size="10.560">病</text>
                <text font="JQUZDQ+SimSun" bbox="378.960,772.229,389.520,782.789" colourspace="ICCBased" ncolour="[0]" size="10.560">，</text>
                <text font="JQUZDQ+SimSun" bbox="389.520,772.229,400.080,782.789" colourspace="ICCBased" ncolour="[0]" size="10.560">其</text>
                <text font="JQUZDQ+SimSun" bbox="399.840,772.229,410.400,782.789" colourspace="ICCBased" ncolour="[0]" size="10.560">特</text>
                <text font="JQUZDQ+SimSun" bbox="410.400,772.229,420.960,782.789" colourspace="ICCBased" ncolour="[0]" size="10.560">点</text>
                <text font="JQUZDQ+SimSun" bbox="420.960,772.229,431.520,782.789" colourspace="ICCBased" ncolour="[0]" size="10.560">为</text>
                <text font="JQUZDQ+SimSun" bbox="431.520,772.229,442.080,782.789" colourspace="ICCBased" ncolour="[0]" size="10.560">肝</text>
                <text font="JQUZDQ+SimSun" bbox="442.080,772.229,452.640,782.789" colourspace="ICCBased" ncolour="[0]" size="10.560">硬</text>
                <text font="JQUZDQ+SimSun" bbox="452.400,772.229,462.960,782.789" colourspace="ICCBased" ncolour="[0]" size="10.560">化</text>
                <text font="JQUZDQ+SimSun" bbox="462.960,772.229,473.520,782.789" colourspace="ICCBased" ncolour="[0]" size="10.560">与</text>
                <text font="JQUZDQ+SimSun" bbox="473.520,772.229,484.080,782.789" colourspace="ICCBased" ncolour="[0]" size="10.560">双</text>
                <text font="JQUZDQ+SimSun" bbox="484.080,772.229,494.640,782.789" colourspace="ICCBased" ncolour="[0]" size="10.560">侧</text>
                <text font="JQUZDQ+SimSun" bbox="494.640,772.229,505.200,782.789" colourspace="ICCBased" ncolour="[0]" size="10.560">脑</text>
                <text font="JQUZDQ+SimSun" bbox="505.200,772.229,515.760,782.789" colourspace="ICCBased" ncolour="[0]" size="10.560">基</text>
                <text font="JQUZDQ+SimSun" bbox="515.760,772.229,526.320,782.789" colourspace="ICCBased" ncolour="[0]" size="10.560">底</text>
                <text font="JQUZDQ+SimSun" bbox="526.080,772.229,536.640,782.789" colourspace="ICCBased" ncolour="[0]" size="10.560">神</text>
                <text font="JQUZDQ+SimSun" bbox="536.640,772.229,547.200,782.789" colourspace="ICCBased" ncolour="[0]" size="10.560">经</text>
                <text>
                </text>
            </textline>
            <textline bbox="210.480,756.632,551.758,767.192">
                <text font="JQUZDQ+SimSun" bbox="210.480,756.632,221.040,767.192" colourspace="ICCBased" ncolour="[0]" size="10.560">节</text>
                <text font="JQUZDQ+SimSun" bbox="221.040,756.632,231.600,767.192" colourspace="ICCBased" ncolour="[0]" size="10.560">变</text>
                <text font="JQUZDQ+SimSun" bbox="231.600,756.632,242.160,767.192" colourspace="ICCBased" ncolour="[0]" size="10.560">性</text>
                <text font="JQUZDQ+SimSun" bbox="242.160,756.632,252.720,767.192" colourspace="ICCBased" ncolour="[0]" size="10.560">同</text>
                <text font="JQUZDQ+SimSun" bbox="252.720,756.632,263.280,767.192" colourspace="ICCBased" ncolour="[0]" size="10.560">时</text>
                <text font="JQUZDQ+SimSun" bbox="263.040,756.632,273.600,767.192" colourspace="ICCBased" ncolour="[0]" size="10.560">存</text>
                <text font="JQUZDQ+SimSun" bbox="273.600,756.632,284.160,767.192" colourspace="ICCBased" ncolour="[0]" size="10.560">在</text>
                <text font="JQUZDQ+SimSun" bbox="284.160,756.632,294.720,767.192" colourspace="ICCBased" ncolour="[0]" size="10.560">，</text>
                <text font="JQUZDQ+SimSun" bbox="294.720,756.632,305.280,767.192" colourspace="ICCBased" ncolour="[0]" size="10.560">且</text>
                <text font="JQUZDQ+SimSun" bbox="305.040,756.632,315.600,767.192" colourspace="ICCBased" ncolour="[0]" size="10.560">须</text>
                <text font="JQUZDQ+SimSun" bbox="315.600,756.632,326.160,767.192" colourspace="ICCBased" ncolour="[0]" size="10.560">经</text>
                <text font="JQUZDQ+SimSun" bbox="326.160,756.632,336.720,767.192" colourspace="ICCBased" ncolour="[0]" size="10.560">专</text>
                <text font="JQUZDQ+SimSun" bbox="336.720,756.632,347.280,767.192" colourspace="ICCBased" ncolour="[0]" size="10.560">科</text>
                <text font="JQUZDQ+SimSun" bbox="347.040,756.632,357.600,767.192" colourspace="ICCBased" ncolour="[0]" size="10.560">医</text>
                <text font="JQUZDQ+SimSun" bbox="357.600,756.632,368.160,767.192" colourspace="ICCBased" ncolour="[0]" size="10.560">生</text>
                <text font="JQUZDQ+SimSun" bbox="368.160,756.632,378.720,767.192" colourspace="ICCBased" ncolour="[0]" size="10.560">明</text>
                <text font="JQUZDQ+SimSun" bbox="378.720,756.632,389.280,767.192" colourspace="ICCBased" ncolour="[0]" size="10.560">确</text>
                <text font="JQUZDQ+SimSun" bbox="389.040,756.632,399.600,767.192" colourspace="ICCBased" ncolour="[0]" size="10.560">诊</text>
                <text font="JQUZDQ+SimSun" bbox="399.600,756.632,410.160,767.192" colourspace="ICCBased" ncolour="[0]" size="10.560">断</text>
                <text font="JQUZDQ+SimSun" bbox="410.160,756.632,420.720,767.192" colourspace="ICCBased" ncolour="[0]" size="10.560">，</text>
                <text font="JQUZDQ+SimSun" bbox="420.720,756.632,431.280,767.192" colourspace="ICCBased" ncolour="[0]" size="10.560">并</text>
                <text font="JQUZDQ+SimSun" bbox="431.040,756.632,441.600,767.192" colourspace="ICCBased" ncolour="[0]" size="10.560">同</text>
                <text font="JQUZDQ+SimSun" bbox="441.600,756.632,452.160,767.192" colourspace="ICCBased" ncolour="[0]" size="10.560">时</text>
                <text font="JQUZDQ+SimSun" bbox="451.920,756.632,462.480,767.192" colourspace="ICCBased" ncolour="[0]" size="10.560">必</text>
                <text font="JQUZDQ+SimSun" bbox="462.480,756.632,473.040,767.192" colourspace="ICCBased" ncolour="[0]" size="10.560">须</text>
                <text font="JQUZDQ+SimSun" bbox="473.040,756.632,483.600,767.192" colourspace="ICCBased" ncolour="[0]" size="10.560">具</text>
                <text font="JQUZDQ+SimSun" bbox="483.600,756.632,494.160,767.192" colourspace="ICCBased" ncolour="[0]" size="10.560">备</text>
                <text font="JQUZDQ+SimSun" bbox="494.160,756.632,504.720,767.192" colourspace="ICCBased" ncolour="[0]" size="10.560">下</text>
                <text font="JQUZDQ+SimSun" bbox="504.480,756.632,515.040,767.192" colourspace="ICCBased" ncolour="[0]" size="10.560">列</text>
                <text font="JQUZDQ+SimSun" bbox="515.040,756.632,525.600,767.192" colourspace="ICCBased" ncolour="[0]" size="10.560">情</text>
                <text font="JQUZDQ+SimSun" bbox="525.600,756.632,536.160,767.192" colourspace="ICCBased" ncolour="[0]" size="10.560">况</text>
                <text font="JQUZDQ+SimSun" bbox="536.160,756.632,546.720,767.192" colourspace="ICCBased" ncolour="[0]" size="10.560">：</text>
                <text font="JTTPDQ+SimSun" bbox="546.478,756.632,551.758,767.192" colourspace="ICCBased" ncolour="[0]" size="10.560"> </text>
                <text>
                </text>
            </textline>
            <textline bbox="210.480,741.029,552.000,751.595">
                <text font="JQUZDQ+SimSun" bbox="210.480,741.035,221.040,751.595" colourspace="ICCBased" ncolour="[0]" size="10.560">（</text>
                <text font="JTTPDQ+SimSun" bbox="221.040,741.035,226.320,751.595" colourspace="ICCBased" ncolour="[0]" size="10.560">1</text>
                <text font="JQUZDQ+SimSun" bbox="226.320,741.029,236.880,751.589" colourspace="ICCBased" ncolour="[0]" size="10.560">）</text>
                <text font="JQUZDQ+SimSun" bbox="236.880,741.029,247.440,751.589" colourspace="ICCBased" ncolour="[0]" size="10.560">临</text>
                <text font="JQUZDQ+SimSun" bbox="247.440,741.029,258.000,751.589" colourspace="ICCBased" ncolour="[0]" size="10.560">床</text>
                <text font="JQUZDQ+SimSun" bbox="258.000,741.029,268.560,751.589" colourspace="ICCBased" ncolour="[0]" size="10.560">表</text>
                <text font="JQUZDQ+SimSun" bbox="268.320,741.029,278.880,751.589" colourspace="ICCBased" ncolour="[0]" size="10.560">现</text>
                <text font="JQUZDQ+SimSun" bbox="278.880,741.029,289.440,751.589" colourspace="ICCBased" ncolour="[0]" size="10.560">包</text>
                <text font="JQUZDQ+SimSun" bbox="289.440,741.029,300.000,751.589" colourspace="ICCBased" ncolour="[0]" size="10.560">括</text>
                <text font="JQUZDQ+SimSun" bbox="300.000,741.029,310.560,751.589" colourspace="ICCBased" ncolour="[0]" size="10.560">：</text>
                <text font="JQUZDQ+SimSun" bbox="310.320,741.029,320.880,751.589" colourspace="ICCBased" ncolour="[0]" size="10.560">进</text>
                <text font="JQUZDQ+SimSun" bbox="320.880,741.029,331.440,751.589" colourspace="ICCBased" ncolour="[0]" size="10.560">行</text>
                <text font="JQUZDQ+SimSun" bbox="331.440,741.029,342.000,751.589" colourspace="ICCBased" ncolour="[0]" size="10.560">性</text>
                <text font="JQUZDQ+SimSun" bbox="342.000,741.029,352.560,751.589" colourspace="ICCBased" ncolour="[0]" size="10.560">加</text>
                <text font="JQUZDQ+SimSun" bbox="352.320,741.029,362.880,751.589" colourspace="ICCBased" ncolour="[0]" size="10.560">剧</text>
                <text font="JQUZDQ+SimSun" bbox="362.880,741.029,373.440,751.589" colourspace="ICCBased" ncolour="[0]" size="10.560">的</text>
                <text font="JQUZDQ+SimSun" bbox="373.440,741.029,384.000,751.589" colourspace="ICCBased" ncolour="[0]" size="10.560">肢</text>
                <text font="JQUZDQ+SimSun" bbox="384.000,741.029,394.560,751.589" colourspace="ICCBased" ncolour="[0]" size="10.560">体</text>
                <text font="JQUZDQ+SimSun" bbox="394.320,741.029,404.880,751.589" colourspace="ICCBased" ncolour="[0]" size="10.560">震</text>
                <text font="JQUZDQ+SimSun" bbox="404.880,741.029,415.440,751.589" colourspace="ICCBased" ncolour="[0]" size="10.560">颤</text>
                <text font="JQUZDQ+SimSun" bbox="415.440,741.029,426.000,751.589" colourspace="ICCBased" ncolour="[0]" size="10.560">，</text>
                <text font="JQUZDQ+SimSun" bbox="425.760,741.029,436.320,751.589" colourspace="ICCBased" ncolour="[0]" size="10.560">肌</text>
                <text font="JQUZDQ+SimSun" bbox="436.320,741.029,446.880,751.589" colourspace="ICCBased" ncolour="[0]" size="10.560">强</text>
                <text font="JQUZDQ+SimSun" bbox="446.640,741.029,457.200,751.589" colourspace="ICCBased" ncolour="[0]" size="10.560">直</text>
                <text font="JQUZDQ+SimSun" bbox="457.200,741.029,467.760,751.589" colourspace="ICCBased" ncolour="[0]" size="10.560">，</text>
                <text font="JQUZDQ+SimSun" bbox="467.760,741.029,478.320,751.589" colourspace="ICCBased" ncolour="[0]" size="10.560">吞</text>
                <text font="JQUZDQ+SimSun" bbox="478.320,741.029,488.880,751.589" colourspace="ICCBased" ncolour="[0]" size="10.560">咽</text>
                <text font="JQUZDQ+SimSun" bbox="488.880,741.029,499.440,751.589" colourspace="ICCBased" ncolour="[0]" size="10.560">及</text>
                <text font="JQUZDQ+SimSun" bbox="499.200,741.029,509.760,751.589" colourspace="ICCBased" ncolour="[0]" size="10.560">发</text>
                <text font="JQUZDQ+SimSun" bbox="509.760,741.029,520.320,751.589" colourspace="ICCBased" ncolour="[0]" size="10.560">音</text>
                <text font="JQUZDQ+SimSun" bbox="520.320,741.029,530.880,751.589" colourspace="ICCBased" ncolour="[0]" size="10.560">困</text>
                <text font="JQUZDQ+SimSun" bbox="530.880,741.029,541.440,751.589" colourspace="ICCBased" ncolour="[0]" size="10.560">难</text>
                <text font="JQUZDQ+SimSun" bbox="541.440,741.029,552.000,751.589" colourspace="ICCBased" ncolour="[0]" size="10.560">，</text>
                <text>
                </text>
            </textline>
        </textbox>
        <textbox id="2" bbox="51.120,616.229,56.400,626.789">
            <textline bbox="51.120,616.229,56.400,626.789">
                <text font="JTTPDQ+SimSun" bbox="51.120,616.229,56.400,626.789" colourspace="ICCBased" ncolour="[0]" size="10.560"> </text>
                <text>
                </text>
            </textline>
        </textbox>
        <textbox id="3" bbox="97.440,615.408,100.368,627.408">
            <textline bbox="97.440,615.408,100.368,627.408">
                <text font="ERELLA+STXinwei" bbox="97.440,615.408,100.368,627.408" colourspace="ICCBased" ncolour="[0]" size="12.000"> </text>
                <text>
                </text>
            </textline>
        </textbox>
        <textbox id="4" bbox="97.440,582.528,112.368,594.528">
            <textline bbox="97.440,582.528,112.368,594.528">
                <text font="ERELLA+STXinwei" bbox="97.440,582.528,109.440,594.528" colourspace="ICCBased" ncolour="[0]" size="12.000">炎</text>
                <text font="ERELLA+STXinwei" bbox="109.440,582.528,112.368,594.528" colourspace="ICCBased" ncolour="[0]" size="12.000"> </text>
                <text>
                </text>
            </textline>
        </textbox>
        <textbox id="5" bbox="63.600,598.368,199.680,610.368">
            <textline bbox="63.600,598.368,199.680,610.368">
                <text font="JTTPDQ+SimSun" bbox="63.600,599.189,68.880,609.749" colourspace="ICCBased" ncolour="[0]" size="10.560">3</text>
                <text font="JTTPDQ+SimSun" bbox="68.880,599.189,74.160,609.749" colourspace="ICCBased" ncolour="[0]" size="10.560">1</text>
                <text font="JTTPDQ+SimSun" bbox="74.160,599.189,79.440,609.749" colourspace="ICCBased" ncolour="[0]" size="10.560"> </text>
                <text> </text>
                <text font="ERELLA+STXinwei" bbox="97.440,598.368,109.440,610.368" colourspace="ICCBased" ncolour="[0]" size="12.000">严</text>
                <text font="ERELLA+STXinwei" bbox="110.400,598.368,122.400,610.368" colourspace="ICCBased" ncolour="[0]" size="12.000">重</text>
                <text font="ERELLA+STXinwei" bbox="123.360,598.368,135.360,610.368" colourspace="ICCBased" ncolour="[0]" size="12.000">自</text>
                <text font="ERELLA+STXinwei" bbox="136.080,598.368,148.080,610.368" colourspace="ICCBased" ncolour="[0]" size="12.000">身</text>
                <text font="ERELLA+STXinwei" bbox="149.040,598.368,161.040,610.368" colourspace="ICCBased" ncolour="[0]" size="12.000">免</text>
                <text font="ERELLA+STXinwei" bbox="162.000,598.368,174.000,610.368" colourspace="ICCBased" ncolour="[0]" size="12.000">疫</text>
                <text font="ERELLA+STXinwei" bbox="174.720,598.368,186.720,610.368" colourspace="ICCBased" ncolour="[0]" size="12.000">性</text>
                <text font="ERELLA+STXinwei" bbox="187.680,598.368,199.680,610.368" colourspace="ICCBased" ncolour="[0]" size="12.000">肝</text>
                <text>
                </text>
            </textline>
        </textbox>
        <textbox id="6" bbox="97.440,473.568,100.368,485.568">
            <textline bbox="97.440,473.568,100.368,485.568">
                <text font="ERELLA+STXinwei" bbox="97.440,473.568,100.368,485.568" colourspace="ICCBased" ncolour="[0]" size="12.000"> </text>
                <text>
                </text>
            </textline>
        </textbox>
        <textbox id="7" bbox="63.600,459.408,199.680,484.949">
            <textline bbox="68.880,474.389,74.160,484.949">
                <text font="JTTPDQ+SimSun" bbox="68.880,474.389,74.160,484.949" colourspace="ICCBased" ncolour="[0]" size="10.560"> </text>
                <text>
                </text>
            </textline>
            <textline bbox="63.600,459.408,199.680,471.408">
                <text font="JTTPDQ+SimSun" bbox="63.600,460.229,68.880,470.789" colourspace="ICCBased" ncolour="[0]" size="10.560">3</text>
                <text font="JTTPDQ+SimSun" bbox="68.880,460.229,74.160,470.789" colourspace="ICCBased" ncolour="[0]" size="10.560">2</text>
                <text font="JTTPDQ+SimSun" bbox="74.160,460.229,79.440,470.789" colourspace="ICCBased" ncolour="[0]" size="10.560"> </text>
                <text> </text>
                <text font="ERELLA+STXinwei" bbox="97.440,459.408,109.440,471.408" colourspace="ICCBased" ncolour="[0]" size="12.000">严</text>
                <text font="ERELLA+STXinwei" bbox="110.400,459.408,122.400,471.408" colourspace="ICCBased" ncolour="[0]" size="12.000">重</text>
                <text font="ERELLA+STXinwei" bbox="123.360,459.408,135.360,471.408" colourspace="ICCBased" ncolour="[0]" size="12.000">弥</text>
                <text font="ERELLA+STXinwei" bbox="136.080,459.408,148.080,471.408" colourspace="ICCBased" ncolour="[0]" size="12.000">漫</text>
                <text font="ERELLA+STXinwei" bbox="149.040,459.408,161.040,471.408" colourspace="ICCBased" ncolour="[0]" size="12.000">性</text>
                <text font="ERELLA+STXinwei" bbox="162.000,459.408,174.000,471.408" colourspace="ICCBased" ncolour="[0]" size="12.000">系</text>
                <text font="ERELLA+STXinwei" bbox="174.720,459.408,186.720,471.408" colourspace="ICCBased" ncolour="[0]" size="12.000">统</text>
                <text font="ERELLA+STXinwei" bbox="187.680,459.408,199.680,471.408" colourspace="ICCBased" ncolour="[0]" size="12.000">性</text>
                <text>
                </text>
            </textline>
        </textbox>
        <textbox id="8" bbox="97.440,443.568,136.368,455.568">
            <textline bbox="97.440,443.568,136.368,455.568">
                <text font="ERELLA+STXinwei" bbox="97.440,443.568,109.440,455.568" colourspace="ICCBased" ncolour="[0]" size="12.000">硬</text>
                <text font="ERELLA+STXinwei" bbox="109.440,443.568,121.440,455.568" colourspace="ICCBased" ncolour="[0]" size="12.000">皮</text>
                <text font="ERELLA+STXinwei" bbox="121.440,443.568,133.440,455.568" colourspace="ICCBased" ncolour="[0]" size="12.000">病</text>
                <text font="ERELLA+STXinwei" bbox="133.440,443.568,136.368,455.568" colourspace="ICCBased" ncolour="[0]" size="12.000"> </text>
                <text>
                </text>
            </textline>
        </textbox>
        <textbox id="9" bbox="236.640,725.429,294.480,735.989">
            <textline bbox="236.640,725.429,294.480,735.989">
                <text font="JQUZDQ+SimSun" bbox="236.640,725.429,247.200,735.989" colourspace="ICCBased" ncolour="[0]" size="10.560">精</text>
                <text font="JQUZDQ+SimSun" bbox="247.200,725.429,257.760,735.989" colourspace="ICCBased" ncolour="[0]" size="10.560">神</text>
                <text font="JQUZDQ+SimSun" bbox="257.760,725.429,268.320,735.989" colourspace="ICCBased" ncolour="[0]" size="10.560">异</text>
                <text font="JQUZDQ+SimSun" bbox="268.320,725.429,278.880,735.989" colourspace="ICCBased" ncolour="[0]" size="10.560">常</text>
                <text font="JQUZDQ+SimSun" bbox="278.880,725.429,289.440,735.989" colourspace="ICCBased" ncolour="[0]" size="10.560">；</text>
                <text font="JTTPDQ+SimSun" bbox="289.200,725.429,294.480,735.989" colourspace="ICCBased" ncolour="[0]" size="10.560"> </text>
                <text>
                </text>
            </textline>
        </textbox>
        <textbox id="10" bbox="210.475,616.229,547.197,720.392">
            <textline bbox="210.475,709.832,349.677,720.392">
                <text font="JQUZDQ+SimSun" bbox="210.475,709.832,221.035,720.392" colourspace="ICCBased" ncolour="[0]" size="10.560">（</text>
                <text font="JTTPDQ+SimSun" bbox="221.035,709.832,226.315,720.392" colourspace="ICCBased" ncolour="[0]" size="10.560">2</text>
                <text font="JQUZDQ+SimSun" bbox="226.315,709.832,236.875,720.392" colourspace="ICCBased" ncolour="[0]" size="10.560">）</text>
                <text font="JQUZDQ+SimSun" bbox="236.875,709.832,247.435,720.392" colourspace="ICCBased" ncolour="[0]" size="10.560">角</text>
                <text font="JQUZDQ+SimSun" bbox="247.435,709.832,257.995,720.392" colourspace="ICCBased" ncolour="[0]" size="10.560">膜</text>
                <text font="JQUZDQ+SimSun" bbox="257.995,709.832,268.555,720.392" colourspace="ICCBased" ncolour="[0]" size="10.560">色</text>
                <text font="JQUZDQ+SimSun" bbox="268.315,709.832,278.875,720.392" colourspace="ICCBased" ncolour="[0]" size="10.560">素</text>
                <text font="JQUZDQ+SimSun" bbox="278.875,709.832,289.435,720.392" colourspace="ICCBased" ncolour="[0]" size="10.560">环</text>
                <text font="JQUZDQ+SimSun" bbox="289.435,709.832,299.995,720.392" colourspace="ICCBased" ncolour="[0]" size="10.560">（</text>
                <text font="JTTPDQ+SimSun" bbox="299.995,709.832,305.275,720.392" colourspace="ICCBased" ncolour="[0]" size="10.560">K</text>
                <text font="JTTPDQ+SimSun" bbox="305.275,709.832,310.555,720.392" colourspace="ICCBased" ncolour="[0]" size="10.560">-</text>
                <text font="JTTPDQ+SimSun" bbox="310.320,709.832,315.600,720.392" colourspace="ICCBased" ncolour="[0]" size="10.560">F</text>
                <text> </text>
                <text font="JQUZDQ+SimSun" bbox="318.240,709.832,328.800,720.392" colourspace="ICCBased" ncolour="[0]" size="10.560">环</text>
                <text font="JQUZDQ+SimSun" bbox="328.800,709.832,339.360,720.392" colourspace="ICCBased" ncolour="[0]" size="10.560">）</text>
                <text font="JQUZDQ+SimSun" bbox="334.080,709.832,344.640,720.392" colourspace="ICCBased" ncolour="[0]" size="10.560">；</text>
                <text font="JTTPDQ+SimSun" bbox="344.397,709.832,349.677,720.392" colourspace="ICCBased" ncolour="[0]" size="10.560"> </text>
                <text>
                </text>
            </textline>
            <textline bbox="210.475,694.235,431.031,704.795">
                <text font="JQUZDQ+SimSun" bbox="210.475,694.235,221.035,704.795" colourspace="ICCBased" ncolour="[0]" size="10.560">（</text>
                <text font="JTTPDQ+SimSun" bbox="221.035,694.235,226.315,704.795" colourspace="ICCBased" ncolour="[0]" size="10.560">3</text>
                <text font="JQUZDQ+SimSun" bbox="226.315,694.235,236.875,704.795" colourspace="ICCBased" ncolour="[0]" size="10.560">）</text>
                <text font="JQUZDQ+SimSun" bbox="236.875,694.235,247.435,704.795" colourspace="ICCBased" ncolour="[0]" size="10.560">血</text>
                <text font="JQUZDQ+SimSun" bbox="247.435,694.235,257.995,704.795" colourspace="ICCBased" ncolour="[0]" size="10.560">清</text>
                <text font="JQUZDQ+SimSun" bbox="257.995,694.235,268.555,704.795" colourspace="ICCBased" ncolour="[0]" size="10.560">铜</text>
                <text font="JQUZDQ+SimSun" bbox="268.315,694.235,278.875,704.795" colourspace="ICCBased" ncolour="[0]" size="10.560">和</text>
                <text font="JQUZDQ+SimSun" bbox="278.875,694.235,289.435,704.795" colourspace="ICCBased" ncolour="[0]" size="10.560">血</text>
                <text font="JQUZDQ+SimSun" bbox="289.435,694.235,299.995,704.795" colourspace="ICCBased" ncolour="[0]" size="10.560">清</text>
                <text font="JQUZDQ+SimSun" bbox="299.995,694.235,310.555,704.795" colourspace="ICCBased" ncolour="[0]" size="10.560">铜</text>
                <text font="JQUZDQ+SimSun" bbox="310.315,694.235,320.875,704.795" colourspace="ICCBased" ncolour="[0]" size="10.560">蓝</text>
                <text font="JQUZDQ+SimSun" bbox="320.875,694.235,331.435,704.795" colourspace="ICCBased" ncolour="[0]" size="10.560">蛋</text>
                <text font="JQUZDQ+SimSun" bbox="331.435,694.235,341.995,704.795" colourspace="ICCBased" ncolour="[0]" size="10.560">白</text>
                <text font="JQUZDQ+SimSun" bbox="341.995,694.235,352.555,704.795" colourspace="ICCBased" ncolour="[0]" size="10.560">降</text>
                <text font="JQUZDQ+SimSun" bbox="352.315,694.235,362.875,704.795" colourspace="ICCBased" ncolour="[0]" size="10.560">低</text>
                <text font="JQUZDQ+SimSun" bbox="362.875,694.235,373.435,704.795" colourspace="ICCBased" ncolour="[0]" size="10.560">，</text>
                <text font="JQUZDQ+SimSun" bbox="373.435,694.235,383.995,704.795" colourspace="ICCBased" ncolour="[0]" size="10.560">尿</text>
                <text font="JQUZDQ+SimSun" bbox="383.995,694.235,394.555,704.795" colourspace="ICCBased" ncolour="[0]" size="10.560">铜</text>
                <text font="JQUZDQ+SimSun" bbox="394.315,694.235,404.875,704.795" colourspace="ICCBased" ncolour="[0]" size="10.560">增</text>
                <text font="JQUZDQ+SimSun" bbox="404.875,694.235,415.435,704.795" colourspace="ICCBased" ncolour="[0]" size="10.560">加</text>
                <text font="JQUZDQ+SimSun" bbox="415.435,694.235,425.995,704.795" colourspace="ICCBased" ncolour="[0]" size="10.560">；</text>
                <text font="JTTPDQ+SimSun" bbox="425.751,694.235,431.031,704.795" colourspace="ICCBased" ncolour="[0]" size="10.560"> </text>
                <text>
                </text>
            </textline>
            <textline bbox="210.475,678.637,315.600,689.197">
                <text font="JQUZDQ+SimSun" bbox="210.475,678.637,221.035,689.197" colourspace="ICCBased" ncolour="[0]" size="10.560">（</text>
                <text font="JTTPDQ+SimSun" bbox="221.035,678.637,226.315,689.197" colourspace="ICCBased" ncolour="[0]" size="10.560">4</text>
                <text font="JQUZDQ+SimSun" bbox="226.315,678.637,236.875,689.197" colourspace="ICCBased" ncolour="[0]" size="10.560">）</text>
                <text font="JQUZDQ+SimSun" bbox="236.875,678.637,247.435,689.197" colourspace="ICCBased" ncolour="[0]" size="10.560">食</text>
                <text font="JQUZDQ+SimSun" bbox="247.435,678.637,257.995,689.197" colourspace="ICCBased" ncolour="[0]" size="10.560">管</text>
                <text font="JQUZDQ+SimSun" bbox="257.995,678.637,268.555,689.197" colourspace="ICCBased" ncolour="[0]" size="10.560">静</text>
                <text font="JQUZDQ+SimSun" bbox="268.315,678.637,278.875,689.197" colourspace="ICCBased" ncolour="[0]" size="10.560">脉</text>
                <text font="JQUZDQ+SimSun" bbox="278.875,678.637,289.435,689.197" colourspace="ICCBased" ncolour="[0]" size="10.560">曲</text>
                <text font="JQUZDQ+SimSun" bbox="289.435,678.637,299.995,689.197" colourspace="ICCBased" ncolour="[0]" size="10.560">张</text>
                <text font="JQUZDQ+SimSun" bbox="299.995,678.637,310.555,689.197" colourspace="ICCBased" ncolour="[0]" size="10.560">；</text>
                <text font="JTTPDQ+SimSun" bbox="310.320,678.637,315.600,689.197" colourspace="ICCBased" ncolour="[0]" size="10.560"> </text>
                <text>
                </text>
            </textline>
            <textline bbox="210.475,663.040,273.592,673.600">
                <text font="JQUZDQ+SimSun" bbox="210.475,663.040,221.035,673.600" colourspace="ICCBased" ncolour="[0]" size="10.560">（</text>
                <text font="JTTPDQ+SimSun" bbox="221.035,663.040,226.315,673.600" colourspace="ICCBased" ncolour="[0]" size="10.560">5</text>
                <text font="JQUZDQ+SimSun" bbox="226.315,663.040,236.875,673.600" colourspace="ICCBased" ncolour="[0]" size="10.560">）</text>
                <text font="JQUZDQ+SimSun" bbox="236.875,663.040,247.435,673.600" colourspace="ICCBased" ncolour="[0]" size="10.560">腹</text>
                <text font="JQUZDQ+SimSun" bbox="247.435,663.040,257.995,673.600" colourspace="ICCBased" ncolour="[0]" size="10.560">水</text>
                <text font="JQUZDQ+SimSun" bbox="257.995,663.040,268.555,673.600" colourspace="ICCBased" ncolour="[0]" size="10.560">。</text>
                <text font="JTTPDQ+SimSun" bbox="268.312,663.040,273.592,673.600" colourspace="ICCBased" ncolour="[0]" size="10.560"> </text>
                <text>
                </text>
            </textline>
            <textline bbox="210.475,647.443,547.197,658.003">
                <text font="JQUZDQ+SimSun" bbox="210.475,647.443,221.035,658.003" colourspace="ICCBased" ncolour="[0]" size="10.560">本</text>
                <text font="JQUZDQ+SimSun" bbox="221.035,647.443,231.595,658.003" colourspace="ICCBased" ncolour="[0]" size="10.560">公</text>
                <text font="JQUZDQ+SimSun" bbox="231.595,647.443,242.155,658.003" colourspace="ICCBased" ncolour="[0]" size="10.560">司</text>
                <text font="JQUZDQ+SimSun" bbox="242.155,647.443,252.715,658.003" colourspace="ICCBased" ncolour="[0]" size="10.560">承</text>
                <text font="JQUZDQ+SimSun" bbox="252.715,647.443,263.275,658.003" colourspace="ICCBased" ncolour="[0]" size="10.560">担</text>
                <text font="JQUZDQ+SimSun" bbox="263.035,647.443,273.595,658.003" colourspace="ICCBased" ncolour="[0]" size="10.560">本</text>
                <text font="JQUZDQ+SimSun" bbox="273.595,647.443,284.155,658.003" colourspace="ICCBased" ncolour="[0]" size="10.560">项</text>
                <text font="JQUZDQ+SimSun" bbox="284.155,647.443,294.715,658.003" colourspace="ICCBased" ncolour="[0]" size="10.560">疾</text>
                <text font="JQUZDQ+SimSun" bbox="294.715,647.443,305.275,658.003" colourspace="ICCBased" ncolour="[0]" size="10.560">病</text>
                <text font="JQUZDQ+SimSun" bbox="305.035,647.443,315.595,658.003" colourspace="ICCBased" ncolour="[0]" size="10.560">责</text>
                <text font="JQUZDQ+SimSun" bbox="315.595,647.443,326.155,658.003" colourspace="ICCBased" ncolour="[0]" size="10.560">任</text>
                <text font="JQUZDQ+SimSun" bbox="326.155,647.443,336.715,658.003" colourspace="ICCBased" ncolour="[0]" size="10.560">不</text>
                <text font="JQUZDQ+SimSun" bbox="336.715,647.443,347.275,658.003" colourspace="ICCBased" ncolour="[0]" size="10.560">受</text>
                <text font="JQUZDQ+SimSun" bbox="347.035,647.443,357.595,658.003" colourspace="ICCBased" ncolour="[0]" size="10.560">本</text>
                <text font="JQUZDQ+SimSun" bbox="357.595,647.443,368.155,658.003" colourspace="ICCBased" ncolour="[0]" size="10.560">附</text>
                <text font="JQUZDQ+SimSun" bbox="368.155,647.443,378.715,658.003" colourspace="ICCBased" ncolour="[0]" size="10.560">加</text>
                <text font="JQUZDQ+SimSun" bbox="378.715,647.443,389.275,658.003" colourspace="ICCBased" ncolour="[0]" size="10.560">险</text>
                <text font="JQUZDQ+SimSun" bbox="389.035,647.443,399.595,658.003" colourspace="ICCBased" ncolour="[0]" size="10.560">合</text>
                <text font="JQUZDQ+SimSun" bbox="399.595,647.443,410.155,658.003" colourspace="ICCBased" ncolour="[0]" size="10.560">同</text>
                <text font="JQUZDQ+SimSun" bbox="409.675,647.443,420.235,658.003" colourspace="ICCBased" ncolour="[0]" size="10.560">“</text>
                <text font="JTTPDQ+SimSun" bbox="420.235,647.443,425.515,658.003" colourspace="ICCBased" ncolour="[0]" size="10.560">2</text>
                <text font="JTTPDQ+SimSun" bbox="425.272,647.443,430.552,658.003" colourspace="ICCBased" ncolour="[0]" size="10.560">.</text>
                <text font="JTTPDQ+SimSun" bbox="430.552,647.443,435.832,658.003" colourspace="ICCBased" ncolour="[0]" size="10.560">1</text>
                <text> </text>
                <text font="JQUZDQ+SimSun" bbox="438.476,647.443,449.036,658.003" colourspace="ICCBased" ncolour="[0]" size="10.560">责</text>
                <text font="JQUZDQ+SimSun" bbox="448.796,647.443,459.356,658.003" colourspace="ICCBased" ncolour="[0]" size="10.560">任</text>
                <text font="JQUZDQ+SimSun" bbox="459.356,647.443,469.916,658.003" colourspace="ICCBased" ncolour="[0]" size="10.560">免</text>
                <text font="JQUZDQ+SimSun" bbox="469.916,647.443,480.476,658.003" colourspace="ICCBased" ncolour="[0]" size="10.560">除</text>
                <text font="JQUZDQ+SimSun" bbox="480.476,647.443,491.036,658.003" colourspace="ICCBased" ncolour="[0]" size="10.560">”</text>
                <text font="JQUZDQ+SimSun" bbox="490.556,647.443,501.116,658.003" colourspace="ICCBased" ncolour="[0]" size="10.560">中</text>
                <text font="JQUZDQ+SimSun" bbox="500.876,647.443,511.436,658.003" colourspace="ICCBased" ncolour="[0]" size="10.560">第</text>
                <text font="JQUZDQ+SimSun" bbox="510.956,647.443,521.516,658.003" colourspace="ICCBased" ncolour="[0]" size="10.560">（</text>
                <text font="JTTPDQ+SimSun" bbox="521.516,647.443,526.796,658.003" colourspace="ICCBased" ncolour="[0]" size="10.560">8</text>
                <text font="JQUZDQ+SimSun" bbox="526.557,647.443,537.117,658.003" colourspace="ICCBased" ncolour="[0]" size="10.560">）</text>
                <text font="JQUZDQ+SimSun" bbox="536.637,647.443,547.197,658.003" colourspace="ICCBased" ncolour="[0]" size="10.560">项</text>
                <text>
                </text>
            </textline>
            <textline bbox="210.475,631.846,488.636,642.406">
                <text font="JQUZDQ+SimSun" bbox="210.475,631.846,221.035,642.406" colourspace="ICCBased" ncolour="[0]" size="10.560">“</text>
                <text font="JQUZDQ+SimSun" bbox="221.035,631.846,231.595,642.406" colourspace="ICCBased" ncolour="[0]" size="10.560">遗</text>
                <text font="JQUZDQ+SimSun" bbox="231.595,631.846,242.155,642.406" colourspace="ICCBased" ncolour="[0]" size="10.560">传</text>
                <text font="JQUZDQ+SimSun" bbox="242.155,631.846,252.715,642.406" colourspace="ICCBased" ncolour="[0]" size="10.560">性</text>
                <text font="JQUZDQ+SimSun" bbox="252.715,631.846,263.275,642.406" colourspace="ICCBased" ncolour="[0]" size="10.560">疾</text>
                <text font="JQUZDQ+SimSun" bbox="263.035,631.846,273.595,642.406" colourspace="ICCBased" ncolour="[0]" size="10.560">病</text>
                <text font="JQUZDQ+SimSun" bbox="273.595,631.846,284.155,642.406" colourspace="ICCBased" ncolour="[0]" size="10.560">，</text>
                <text font="JQUZDQ+SimSun" bbox="284.155,631.846,294.715,642.406" colourspace="ICCBased" ncolour="[0]" size="10.560">先</text>
                <text font="JQUZDQ+SimSun" bbox="294.715,631.846,305.275,642.406" colourspace="ICCBased" ncolour="[0]" size="10.560">天</text>
                <text font="JQUZDQ+SimSun" bbox="305.035,631.846,315.595,642.406" colourspace="ICCBased" ncolour="[0]" size="10.560">性</text>
                <text font="JQUZDQ+SimSun" bbox="315.595,631.846,326.155,642.406" colourspace="ICCBased" ncolour="[0]" size="10.560">畸</text>
                <text font="JQUZDQ+SimSun" bbox="326.155,631.846,336.715,642.406" colourspace="ICCBased" ncolour="[0]" size="10.560">形</text>
                <text font="JQUZDQ+SimSun" bbox="336.715,631.846,347.275,642.406" colourspace="ICCBased" ncolour="[0]" size="10.560">、</text>
                <text font="JQUZDQ+SimSun" bbox="347.035,631.846,357.595,642.406" colourspace="ICCBased" ncolour="[0]" size="10.560">变</text>
                <text font="JQUZDQ+SimSun" bbox="357.595,631.846,368.155,642.406" colourspace="ICCBased" ncolour="[0]" size="10.560">形</text>
                <text font="JQUZDQ+SimSun" bbox="368.155,631.846,378.715,642.406" colourspace="ICCBased" ncolour="[0]" size="10.560">或</text>
                <text font="JQUZDQ+SimSun" bbox="378.715,631.846,389.275,642.406" colourspace="ICCBased" ncolour="[0]" size="10.560">染</text>
                <text font="JQUZDQ+SimSun" bbox="389.035,631.846,399.595,642.406" colourspace="ICCBased" ncolour="[0]" size="10.560">色</text>
                <text font="JQUZDQ+SimSun" bbox="399.595,631.846,410.155,642.406" colourspace="ICCBased" ncolour="[0]" size="10.560">体</text>
                <text font="JQUZDQ+SimSun" bbox="410.155,631.846,420.715,642.406" colourspace="ICCBased" ncolour="[0]" size="10.560">异</text>
                <text font="JQUZDQ+SimSun" bbox="420.715,631.846,431.275,642.406" colourspace="ICCBased" ncolour="[0]" size="10.560">常</text>
                <text font="JQUZDQ+SimSun" bbox="431.036,631.846,441.596,642.406" colourspace="ICCBased" ncolour="[0]" size="10.560">”</text>
                <text font="JQUZDQ+SimSun" bbox="441.596,631.846,452.156,642.406" colourspace="ICCBased" ncolour="[0]" size="10.560">的</text>
                <text font="JQUZDQ+SimSun" bbox="451.915,631.846,462.475,642.406" colourspace="ICCBased" ncolour="[0]" size="10.560">限</text>
                <text font="JQUZDQ+SimSun" bbox="462.475,631.846,473.035,642.406" colourspace="ICCBased" ncolour="[0]" size="10.560">制</text>
                <text font="JQUZDQ+SimSun" bbox="473.035,631.846,483.595,642.406" colourspace="ICCBased" ncolour="[0]" size="10.560">。</text>
                <text font="JTTPDQ+SimSun" bbox="483.356,631.846,488.636,642.406" colourspace="ICCBased" ncolour="[0]" size="10.560"> </text>
                <text>
                </text>
            </textline>
            <textline bbox="210.480,616.229,215.760,626.789">
                <text font="JTTPDQ+SimSun" bbox="210.480,616.229,215.760,626.789" colourspace="ICCBased" ncolour="[0]" size="10.560"> </text>
                <text>
                </text>
            </textline>
        </textbox>
        <textbox id="11" bbox="210.480,536.800,547.207,609.749">
            <textline bbox="210.480,599.189,547.200,609.749">
                <text font="JQUZDQ+SimSun" bbox="210.480,599.189,221.040,609.749" colourspace="ICCBased" ncolour="[0]" size="10.560">指</text>
                <text font="JQUZDQ+SimSun" bbox="221.040,599.189,231.600,609.749" colourspace="ICCBased" ncolour="[0]" size="10.560">一</text>
                <text font="JQUZDQ+SimSun" bbox="231.600,599.189,242.160,609.749" colourspace="ICCBased" ncolour="[0]" size="10.560">种</text>
                <text font="JQUZDQ+SimSun" bbox="242.160,599.189,252.720,609.749" colourspace="ICCBased" ncolour="[0]" size="10.560">原</text>
                <text font="JQUZDQ+SimSun" bbox="252.720,599.189,263.280,609.749" colourspace="ICCBased" ncolour="[0]" size="10.560">因</text>
                <text font="JQUZDQ+SimSun" bbox="263.280,599.189,273.840,609.749" colourspace="ICCBased" ncolour="[0]" size="10.560">不</text>
                <text font="JQUZDQ+SimSun" bbox="273.840,599.189,284.400,609.749" colourspace="ICCBased" ncolour="[0]" size="10.560">明</text>
                <text font="JQUZDQ+SimSun" bbox="284.160,599.189,294.720,609.749" colourspace="ICCBased" ncolour="[0]" size="10.560">的</text>
                <text font="JQUZDQ+SimSun" bbox="294.720,599.189,305.280,609.749" colourspace="ICCBased" ncolour="[0]" size="10.560">慢</text>
                <text font="JQUZDQ+SimSun" bbox="305.280,599.189,315.840,609.749" colourspace="ICCBased" ncolour="[0]" size="10.560">性</text>
                <text font="JQUZDQ+SimSun" bbox="315.840,599.189,326.400,609.749" colourspace="ICCBased" ncolour="[0]" size="10.560">肝</text>
                <text font="JQUZDQ+SimSun" bbox="326.400,599.189,336.960,609.749" colourspace="ICCBased" ncolour="[0]" size="10.560">脏</text>
                <text font="JQUZDQ+SimSun" bbox="336.960,599.189,347.520,609.749" colourspace="ICCBased" ncolour="[0]" size="10.560">的</text>
                <text font="JQUZDQ+SimSun" bbox="347.280,599.189,357.840,609.749" colourspace="ICCBased" ncolour="[0]" size="10.560">坏</text>
                <text font="JQUZDQ+SimSun" bbox="357.840,599.189,368.400,609.749" colourspace="ICCBased" ncolour="[0]" size="10.560">死</text>
                <text font="JQUZDQ+SimSun" bbox="368.400,599.189,378.960,609.749" colourspace="ICCBased" ncolour="[0]" size="10.560">性</text>
                <text font="JQUZDQ+SimSun" bbox="378.960,599.189,389.520,609.749" colourspace="ICCBased" ncolour="[0]" size="10.560">炎</text>
                <text font="JQUZDQ+SimSun" bbox="389.520,599.189,400.080,609.749" colourspace="ICCBased" ncolour="[0]" size="10.560">性</text>
                <text font="JQUZDQ+SimSun" bbox="399.840,599.189,410.400,609.749" colourspace="ICCBased" ncolour="[0]" size="10.560">疾</text>
                <text font="JQUZDQ+SimSun" bbox="410.400,599.189,420.960,609.749" colourspace="ICCBased" ncolour="[0]" size="10.560">病</text>
                <text font="JQUZDQ+SimSun" bbox="420.960,599.189,431.520,609.749" colourspace="ICCBased" ncolour="[0]" size="10.560">，</text>
                <text font="JQUZDQ+SimSun" bbox="431.520,599.189,442.080,609.749" colourspace="ICCBased" ncolour="[0]" size="10.560">机</text>
                <text font="JQUZDQ+SimSun" bbox="442.080,599.189,452.640,609.749" colourspace="ICCBased" ncolour="[0]" size="10.560">体</text>
                <text font="JQUZDQ+SimSun" bbox="452.400,599.189,462.960,609.749" colourspace="ICCBased" ncolour="[0]" size="10.560">免</text>
                <text font="JQUZDQ+SimSun" bbox="462.960,599.189,473.520,609.749" colourspace="ICCBased" ncolour="[0]" size="10.560">疫</text>
                <text font="JQUZDQ+SimSun" bbox="473.520,599.189,484.080,609.749" colourspace="ICCBased" ncolour="[0]" size="10.560">机</text>
                <text font="JQUZDQ+SimSun" bbox="484.080,599.189,494.640,609.749" colourspace="ICCBased" ncolour="[0]" size="10.560">制</text>
                <text font="JQUZDQ+SimSun" bbox="494.640,599.189,505.200,609.749" colourspace="ICCBased" ncolour="[0]" size="10.560">被</text>
                <text font="JQUZDQ+SimSun" bbox="505.200,599.189,515.760,609.749" colourspace="ICCBased" ncolour="[0]" size="10.560">破</text>
                <text font="JQUZDQ+SimSun" bbox="515.760,599.189,526.320,609.749" colourspace="ICCBased" ncolour="[0]" size="10.560">坏</text>
                <text font="JQUZDQ+SimSun" bbox="526.080,599.189,536.640,609.749" colourspace="ICCBased" ncolour="[0]" size="10.560">，</text>
                <text font="JQUZDQ+SimSun" bbox="536.640,599.189,547.200,609.749" colourspace="ICCBased" ncolour="[0]" size="10.560">产</text>
                <text>
                </text>
            </textline>
            <textline bbox="210.480,583.592,547.200,594.152">
                <text font="JQUZDQ+SimSun" bbox="210.480,583.592,221.040,594.152" colourspace="ICCBased" ncolour="[0]" size="10.560">生</text>
                <text font="JQUZDQ+SimSun" bbox="221.040,583.592,231.600,594.152" colourspace="ICCBased" ncolour="[0]" size="10.560">针</text>
                <text font="JQUZDQ+SimSun" bbox="231.600,583.592,242.160,594.152" colourspace="ICCBased" ncolour="[0]" size="10.560">对</text>
                <text font="JQUZDQ+SimSun" bbox="242.160,583.592,252.720,594.152" colourspace="ICCBased" ncolour="[0]" size="10.560">肝</text>
                <text font="JQUZDQ+SimSun" bbox="252.720,583.592,263.280,594.152" colourspace="ICCBased" ncolour="[0]" size="10.560">脏</text>
                <text font="JQUZDQ+SimSun" bbox="263.280,583.592,273.840,594.152" colourspace="ICCBased" ncolour="[0]" size="10.560">自</text>
                <text font="JQUZDQ+SimSun" bbox="273.840,583.592,284.400,594.152" colourspace="ICCBased" ncolour="[0]" size="10.560">身</text>
                <text font="JQUZDQ+SimSun" bbox="284.160,583.592,294.720,594.152" colourspace="ICCBased" ncolour="[0]" size="10.560">抗</text>
                <text font="JQUZDQ+SimSun" bbox="294.720,583.592,305.280,594.152" colourspace="ICCBased" ncolour="[0]" size="10.560">原</text>
                <text font="JQUZDQ+SimSun" bbox="305.280,583.592,315.840,594.152" colourspace="ICCBased" ncolour="[0]" size="10.560">的</text>
                <text font="JQUZDQ+SimSun" bbox="315.840,583.592,326.400,594.152" colourspace="ICCBased" ncolour="[0]" size="10.560">抗</text>
                <text font="JQUZDQ+SimSun" bbox="326.400,583.592,336.960,594.152" colourspace="ICCBased" ncolour="[0]" size="10.560">体</text>
                <text font="JQUZDQ+SimSun" bbox="336.960,583.592,347.520,594.152" colourspace="ICCBased" ncolour="[0]" size="10.560">导</text>
                <text font="JQUZDQ+SimSun" bbox="347.280,583.592,357.840,594.152" colourspace="ICCBased" ncolour="[0]" size="10.560">致</text>
                <text font="JQUZDQ+SimSun" bbox="357.840,583.592,368.400,594.152" colourspace="ICCBased" ncolour="[0]" size="10.560">自</text>
                <text font="JQUZDQ+SimSun" bbox="368.400,583.592,378.960,594.152" colourspace="ICCBased" ncolour="[0]" size="10.560">身</text>
                <text font="JQUZDQ+SimSun" bbox="378.960,583.592,389.520,594.152" colourspace="ICCBased" ncolour="[0]" size="10.560">免</text>
                <text font="JQUZDQ+SimSun" bbox="389.520,583.592,400.080,594.152" colourspace="ICCBased" ncolour="[0]" size="10.560">疫</text>
                <text font="JQUZDQ+SimSun" bbox="399.840,583.592,410.400,594.152" colourspace="ICCBased" ncolour="[0]" size="10.560">反</text>
                <text font="JQUZDQ+SimSun" bbox="410.400,583.592,420.960,594.152" colourspace="ICCBased" ncolour="[0]" size="10.560">应</text>
                <text font="JQUZDQ+SimSun" bbox="420.960,583.592,431.520,594.152" colourspace="ICCBased" ncolour="[0]" size="10.560">，</text>
                <text font="JQUZDQ+SimSun" bbox="431.520,583.592,442.080,594.152" colourspace="ICCBased" ncolour="[0]" size="10.560">从</text>
                <text font="JQUZDQ+SimSun" bbox="442.080,583.592,452.640,594.152" colourspace="ICCBased" ncolour="[0]" size="10.560">而</text>
                <text font="JQUZDQ+SimSun" bbox="452.400,583.592,462.960,594.152" colourspace="ICCBased" ncolour="[0]" size="10.560">破</text>
                <text font="JQUZDQ+SimSun" bbox="462.960,583.592,473.520,594.152" colourspace="ICCBased" ncolour="[0]" size="10.560">坏</text>
                <text font="JQUZDQ+SimSun" bbox="473.520,583.592,484.080,594.152" colourspace="ICCBased" ncolour="[0]" size="10.560">肝</text>
                <text font="JQUZDQ+SimSun" bbox="484.080,583.592,494.640,594.152" colourspace="ICCBased" ncolour="[0]" size="10.560">细</text>
                <text font="JQUZDQ+SimSun" bbox="494.640,583.592,505.200,594.152" colourspace="ICCBased" ncolour="[0]" size="10.560">胞</text>
                <text font="JQUZDQ+SimSun" bbox="505.200,583.592,515.760,594.152" colourspace="ICCBased" ncolour="[0]" size="10.560">造</text>
                <text font="JQUZDQ+SimSun" bbox="515.760,583.592,526.320,594.152" colourspace="ICCBased" ncolour="[0]" size="10.560">成</text>
                <text font="JQUZDQ+SimSun" bbox="526.080,583.592,536.640,594.152" colourspace="ICCBased" ncolour="[0]" size="10.560">肝</text>
                <text font="JQUZDQ+SimSun" bbox="536.640,583.592,547.200,594.152" colourspace="ICCBased" ncolour="[0]" size="10.560">脏</text>
                <text>
                </text>
            </textline>
            <textline bbox="210.480,567.995,478.081,578.555">
                <text font="JQUZDQ+SimSun" bbox="210.480,567.995,221.040,578.555" colourspace="ICCBased" ncolour="[0]" size="10.560">炎</text>
                <text font="JQUZDQ+SimSun" bbox="221.040,567.995,231.600,578.555" colourspace="ICCBased" ncolour="[0]" size="10.560">症</text>
                <text font="JQUZDQ+SimSun" bbox="231.600,567.995,242.160,578.555" colourspace="ICCBased" ncolour="[0]" size="10.560">坏</text>
                <text font="JQUZDQ+SimSun" bbox="242.160,567.995,252.720,578.555" colourspace="ICCBased" ncolour="[0]" size="10.560">死</text>
                <text font="JQUZDQ+SimSun" bbox="252.720,567.995,263.280,578.555" colourspace="ICCBased" ncolour="[0]" size="10.560">，</text>
                <text font="JQUZDQ+SimSun" bbox="263.040,567.995,273.600,578.555" colourspace="ICCBased" ncolour="[0]" size="10.560">进</text>
                <text font="JQUZDQ+SimSun" bbox="273.600,567.995,284.160,578.555" colourspace="ICCBased" ncolour="[0]" size="10.560">而</text>
                <text font="JQUZDQ+SimSun" bbox="284.160,567.995,294.720,578.555" colourspace="ICCBased" ncolour="[0]" size="10.560">发</text>
                <text font="JQUZDQ+SimSun" bbox="294.720,567.995,305.280,578.555" colourspace="ICCBased" ncolour="[0]" size="10.560">展</text>
                <text font="JQUZDQ+SimSun" bbox="305.040,567.995,315.600,578.555" colourspace="ICCBased" ncolour="[0]" size="10.560">为</text>
                <text font="JQUZDQ+SimSun" bbox="315.600,567.995,326.160,578.555" colourspace="ICCBased" ncolour="[0]" size="10.560">肝</text>
                <text font="JQUZDQ+SimSun" bbox="326.160,567.995,336.720,578.555" colourspace="ICCBased" ncolour="[0]" size="10.560">硬</text>
                <text font="JQUZDQ+SimSun" bbox="336.720,567.995,347.280,578.555" colourspace="ICCBased" ncolour="[0]" size="10.560">化</text>
                <text font="JQUZDQ+SimSun" bbox="347.040,567.995,357.600,578.555" colourspace="ICCBased" ncolour="[0]" size="10.560">。</text>
                <text font="JQUZDQ+SimSun" bbox="357.600,567.995,368.160,578.555" colourspace="ICCBased" ncolour="[0]" size="10.560">必</text>
                <text font="JQUZDQ+SimSun" bbox="368.160,567.995,378.720,578.555" colourspace="ICCBased" ncolour="[0]" size="10.560">须</text>
                <text font="JQUZDQ+SimSun" bbox="378.720,567.995,389.280,578.555" colourspace="ICCBased" ncolour="[0]" size="10.560">满</text>
                <text font="JQUZDQ+SimSun" bbox="389.040,567.995,399.600,578.555" colourspace="ICCBased" ncolour="[0]" size="10.560">足</text>
                <text font="JQUZDQ+SimSun" bbox="399.600,567.995,410.160,578.555" colourspace="ICCBased" ncolour="[0]" size="10.560">所</text>
                <text font="JQUZDQ+SimSun" bbox="410.160,567.995,420.720,578.555" colourspace="ICCBased" ncolour="[0]" size="10.560">有</text>
                <text font="JQUZDQ+SimSun" bbox="420.720,567.995,431.280,578.555" colourspace="ICCBased" ncolour="[0]" size="10.560">以</text>
                <text font="JQUZDQ+SimSun" bbox="431.040,567.995,441.600,578.555" colourspace="ICCBased" ncolour="[0]" size="10.560">下</text>
                <text font="JQUZDQ+SimSun" bbox="441.600,567.995,452.160,578.555" colourspace="ICCBased" ncolour="[0]" size="10.560">条</text>
                <text font="JQUZDQ+SimSun" bbox="451.920,567.995,462.480,578.555" colourspace="ICCBased" ncolour="[0]" size="10.560">件</text>
                <text font="JQUZDQ+SimSun" bbox="462.480,567.995,473.040,578.555" colourspace="ICCBased" ncolour="[0]" size="10.560">：</text>
                <text font="JTTPDQ+SimSun" bbox="472.801,567.995,478.081,578.555" colourspace="ICCBased" ncolour="[0]" size="10.560"> </text>
                <text>
                </text>
            </textline>
            <textline bbox="210.480,552.397,325.922,562.957">
                <text font="JQUZDQ+SimSun" bbox="210.480,552.397,221.040,562.957" colourspace="ICCBased" ncolour="[0]" size="10.560">（</text>
                <text font="JTTPDQ+SimSun" bbox="221.040,552.397,226.320,562.957" colourspace="ICCBased" ncolour="[0]" size="10.560">1</text>
                <text font="JQUZDQ+SimSun" bbox="226.320,552.397,236.880,562.957" colourspace="ICCBased" ncolour="[0]" size="10.560">）</text>
                <text font="JQUZDQ+SimSun" bbox="236.880,552.397,247.440,562.957" colourspace="ICCBased" ncolour="[0]" size="10.560">高</text>
                <text font="JQUZDQ+SimSun" bbox="247.440,552.397,258.000,562.957" colourspace="ICCBased" ncolour="[0]" size="10.560">γ</text>
                <text font="JQUZDQ+SimSun" bbox="258.000,552.397,268.560,562.957" colourspace="ICCBased" ncolour="[0]" size="10.560">球</text>
                <text font="JQUZDQ+SimSun" bbox="268.320,552.397,278.880,562.957" colourspace="ICCBased" ncolour="[0]" size="10.560">蛋</text>
                <text font="JQUZDQ+SimSun" bbox="278.880,552.397,289.440,562.957" colourspace="ICCBased" ncolour="[0]" size="10.560">白</text>
                <text font="JQUZDQ+SimSun" bbox="289.440,552.397,300.000,562.957" colourspace="ICCBased" ncolour="[0]" size="10.560">血</text>
                <text font="JQUZDQ+SimSun" bbox="300.000,552.397,310.560,562.957" colourspace="ICCBased" ncolour="[0]" size="10.560">症</text>
                <text font="JQUZDQ+SimSun" bbox="310.320,552.397,320.880,562.957" colourspace="ICCBased" ncolour="[0]" size="10.560">；</text>
                <text font="JTTPDQ+SimSun" bbox="320.642,552.397,325.922,562.957" colourspace="ICCBased" ncolour="[0]" size="10.560"> </text>
                <text>
                </text>
            </textline>
            <textline bbox="210.480,536.800,547.207,547.360">
                <text font="JQUZDQ+SimSun" bbox="210.480,536.800,221.040,547.360" colourspace="ICCBased" ncolour="[0]" size="10.560">（</text>
                <text font="JTTPDQ+SimSun" bbox="221.040,536.800,226.320,547.360" colourspace="ICCBased" ncolour="[0]" size="10.560">2</text>
                <text font="JQUZDQ+SimSun" bbox="226.320,536.800,236.880,547.360" colourspace="ICCBased" ncolour="[0]" size="10.560">）</text>
                <text font="JQUZDQ+SimSun" bbox="236.400,536.800,246.960,547.360" colourspace="ICCBased" ncolour="[0]" size="10.560">血</text>
                <text font="JQUZDQ+SimSun" bbox="246.960,536.800,257.520,547.360" colourspace="ICCBased" ncolour="[0]" size="10.560">液</text>
                <text font="JQUZDQ+SimSun" bbox="257.520,536.800,268.080,547.360" colourspace="ICCBased" ncolour="[0]" size="10.560">中</text>
                <text font="JQUZDQ+SimSun" bbox="268.080,536.800,278.640,547.360" colourspace="ICCBased" ncolour="[0]" size="10.560">存</text>
                <text font="JQUZDQ+SimSun" bbox="278.400,536.800,288.960,547.360" colourspace="ICCBased" ncolour="[0]" size="10.560">在</text>
                <text font="JQUZDQ+SimSun" bbox="288.960,536.800,299.520,547.360" colourspace="ICCBased" ncolour="[0]" size="10.560">高</text>
                <text font="JQUZDQ+SimSun" bbox="299.520,536.800,310.080,547.360" colourspace="ICCBased" ncolour="[0]" size="10.560">水</text>
                <text font="JQUZDQ+SimSun" bbox="310.080,536.800,320.640,547.360" colourspace="ICCBased" ncolour="[0]" size="10.560">平</text>
                <text font="JQUZDQ+SimSun" bbox="320.400,536.800,330.960,547.360" colourspace="ICCBased" ncolour="[0]" size="10.560">的</text>
                <text font="JQUZDQ+SimSun" bbox="330.960,536.800,341.520,547.360" colourspace="ICCBased" ncolour="[0]" size="10.560">自</text>
                <text font="JQUZDQ+SimSun" bbox="341.520,536.800,352.080,547.360" colourspace="ICCBased" ncolour="[0]" size="10.560">身</text>
                <text font="JQUZDQ+SimSun" bbox="352.080,536.800,362.640,547.360" colourspace="ICCBased" ncolour="[0]" size="10.560">免</text>
                <text font="JQUZDQ+SimSun" bbox="362.400,536.800,372.960,547.360" colourspace="ICCBased" ncolour="[0]" size="10.560">疫</text>
                <text font="JQUZDQ+SimSun" bbox="372.960,536.800,383.520,547.360" colourspace="ICCBased" ncolour="[0]" size="10.560">抗</text>
                <text font="JQUZDQ+SimSun" bbox="383.520,536.800,394.080,547.360" colourspace="ICCBased" ncolour="[0]" size="10.560">体</text>
                <text font="JQUZDQ+SimSun" bbox="394.080,536.800,404.640,547.360" colourspace="ICCBased" ncolour="[0]" size="10.560">，</text>
                <text font="JQUZDQ+SimSun" bbox="403.920,536.800,414.480,547.360" colourspace="ICCBased" ncolour="[0]" size="10.560">如</text>
                <text> </text>
                <text font="JTTPDQ+SimSun" bbox="417.118,536.800,422.398,547.360" colourspace="ICCBased" ncolour="[0]" size="10.560">A</text>
                <text font="JTTPDQ+SimSun" bbox="422.398,536.800,427.678,547.360" colourspace="ICCBased" ncolour="[0]" size="10.560">N</text>
                <text font="JTTPDQ+SimSun" bbox="427.678,536.800,432.958,547.360" colourspace="ICCBased" ncolour="[0]" size="10.560">A</text>
                <text font="JQUZDQ+SimSun" bbox="432.483,536.800,443.043,547.360" colourspace="ICCBased" ncolour="[0]" size="10.560">（</text>
                <text font="JQUZDQ+SimSun" bbox="443.043,536.800,453.603,547.360" colourspace="ICCBased" ncolour="[0]" size="10.560">抗</text>
                <text font="JQUZDQ+SimSun" bbox="453.363,536.800,463.923,547.360" colourspace="ICCBased" ncolour="[0]" size="10.560">核</text>
                <text font="JQUZDQ+SimSun" bbox="463.923,536.800,474.483,547.360" colourspace="ICCBased" ncolour="[0]" size="10.560">抗</text>
                <text font="JQUZDQ+SimSun" bbox="474.483,536.800,485.043,547.360" colourspace="ICCBased" ncolour="[0]" size="10.560">体</text>
                <text font="JQUZDQ+SimSun" bbox="485.043,536.800,495.603,547.360" colourspace="ICCBased" ncolour="[0]" size="10.560">）</text>
                <text font="JQUZDQ+SimSun" bbox="490.323,536.800,500.883,547.360" colourspace="ICCBased" ncolour="[0]" size="10.560">、</text>
                <text font="JTTPDQ+SimSun" bbox="500.405,536.800,505.685,547.360" colourspace="ICCBased" ncolour="[0]" size="10.560">S</text>
                <text font="JTTPDQ+SimSun" bbox="505.685,536.800,510.965,547.360" colourspace="ICCBased" ncolour="[0]" size="10.560">M</text>
                <text font="JTTPDQ+SimSun" bbox="510.965,536.800,516.245,547.360" colourspace="ICCBased" ncolour="[0]" size="10.560">A</text>
                <text font="JQUZDQ+SimSun" bbox="515.770,536.800,526.330,547.360" colourspace="ICCBased" ncolour="[0]" size="10.560">（</text>
                <text font="JQUZDQ+SimSun" bbox="526.087,536.800,536.647,547.360" colourspace="ICCBased" ncolour="[0]" size="10.560">抗</text>
                <text font="JQUZDQ+SimSun" bbox="536.647,536.800,547.207,547.360" colourspace="ICCBased" ncolour="[0]" size="10.560">平</text>
                <text>
                </text>
            </textline>
        </textbox>
        <textbox id="12" bbox="236.648,521.203,449.273,531.763">
            <textline bbox="236.648,521.203,449.273,531.763">
                <text font="JQUZDQ+SimSun" bbox="236.648,521.203,247.208,531.763" colourspace="ICCBased" ncolour="[0]" size="10.560">滑</text>
                <text font="JQUZDQ+SimSun" bbox="247.208,521.203,257.768,531.763" colourspace="ICCBased" ncolour="[0]" size="10.560">肌</text>
                <text font="JQUZDQ+SimSun" bbox="257.768,521.203,268.328,531.763" colourspace="ICCBased" ncolour="[0]" size="10.560">抗</text>
                <text font="JQUZDQ+SimSun" bbox="268.328,521.203,278.888,531.763" colourspace="ICCBased" ncolour="[0]" size="10.560">体</text>
                <text font="JQUZDQ+SimSun" bbox="278.888,521.203,289.448,531.763" colourspace="ICCBased" ncolour="[0]" size="10.560">）</text>
                <text font="JQUZDQ+SimSun" bbox="284.168,521.203,294.728,531.763" colourspace="ICCBased" ncolour="[0]" size="10.560">、</text>
                <text font="JQUZDQ+SimSun" bbox="294.488,521.203,305.048,531.763" colourspace="ICCBased" ncolour="[0]" size="10.560">抗</text>
                <text> </text>
                <text font="JTTPDQ+SimSun" bbox="307.685,521.203,312.965,531.763" colourspace="ICCBased" ncolour="[0]" size="10.560">L</text>
                <text font="JTTPDQ+SimSun" bbox="312.965,521.203,318.245,531.763" colourspace="ICCBased" ncolour="[0]" size="10.560">K</text>
                <text font="JTTPDQ+SimSun" bbox="318.245,521.203,323.525,531.763" colourspace="ICCBased" ncolour="[0]" size="10.560">M</text>
                <text font="JTTPDQ+SimSun" bbox="323.525,521.203,328.805,531.763" colourspace="ICCBased" ncolour="[0]" size="10.560">1</text>
                <text> </text>
                <text font="JQUZDQ+SimSun" bbox="331.202,521.203,341.762,531.763" colourspace="ICCBased" ncolour="[0]" size="10.560">抗</text>
                <text font="JQUZDQ+SimSun" bbox="341.762,521.203,352.322,531.763" colourspace="ICCBased" ncolour="[0]" size="10.560">体</text>
                <text font="JQUZDQ+SimSun" bbox="352.322,521.203,362.882,531.763" colourspace="ICCBased" ncolour="[0]" size="10.560">或</text>
                <text font="JQUZDQ+SimSun" bbox="362.882,521.203,373.442,531.763" colourspace="ICCBased" ncolour="[0]" size="10.560">抗</text>
                <text font="JTTPDQ+SimSun" bbox="373.442,521.203,378.722,531.763" colourspace="ICCBased" ncolour="[0]" size="10.560">-</text>
                <text font="JTTPDQ+SimSun" bbox="378.479,521.203,383.759,531.763" colourspace="ICCBased" ncolour="[0]" size="10.560">S</text>
                <text font="JTTPDQ+SimSun" bbox="383.759,521.203,389.039,531.763" colourspace="ICCBased" ncolour="[0]" size="10.560">L</text>
                <text font="JTTPDQ+SimSun" bbox="389.039,521.203,394.319,531.763" colourspace="ICCBased" ncolour="[0]" size="10.560">A</text>
                <text font="JTTPDQ+SimSun" bbox="394.319,521.203,399.599,531.763" colourspace="ICCBased" ncolour="[0]" size="10.560">/</text>
                <text font="JTTPDQ+SimSun" bbox="399.599,521.203,404.879,531.763" colourspace="ICCBased" ncolour="[0]" size="10.560">L</text>
                <text font="JTTPDQ+SimSun" bbox="404.879,521.203,410.159,531.763" colourspace="ICCBased" ncolour="[0]" size="10.560">P</text>
                <text> </text>
                <text font="JQUZDQ+SimSun" bbox="412.556,521.203,423.116,531.763" colourspace="ICCBased" ncolour="[0]" size="10.560">抗</text>
                <text font="JQUZDQ+SimSun" bbox="423.116,521.203,433.676,531.763" colourspace="ICCBased" ncolour="[0]" size="10.560">体</text>
                <text font="JQUZDQ+SimSun" bbox="433.676,521.203,444.236,531.763" colourspace="ICCBased" ncolour="[0]" size="10.560">；</text>
                <text font="JTTPDQ+SimSun" bbox="443.993,521.203,449.273,531.763" colourspace="ICCBased" ncolour="[0]" size="10.560"> </text>
                <text>
                </text>
            </textline>
        </textbox>
        <textbox id="13" bbox="210.469,397.829,547.218,516.166">
            <textline bbox="210.469,505.606,367.908,516.166">
                <text font="JQUZDQ+SimSun" bbox="210.469,505.606,221.029,516.166" colourspace="ICCBased" ncolour="[0]" size="10.560">（</text>
                <text font="JTTPDQ+SimSun" bbox="221.029,505.606,226.309,516.166" colourspace="ICCBased" ncolour="[0]" size="10.560">3</text>
                <text font="JQUZDQ+SimSun" bbox="226.309,505.606,236.869,516.166" colourspace="ICCBased" ncolour="[0]" size="10.560">）</text>
                <text font="JQUZDQ+SimSun" bbox="236.869,505.606,247.429,516.166" colourspace="ICCBased" ncolour="[0]" size="10.560">肝</text>
                <text font="JQUZDQ+SimSun" bbox="247.429,505.606,257.989,516.166" colourspace="ICCBased" ncolour="[0]" size="10.560">脏</text>
                <text font="JQUZDQ+SimSun" bbox="257.989,505.606,268.549,516.166" colourspace="ICCBased" ncolour="[0]" size="10.560">活</text>
                <text font="JQUZDQ+SimSun" bbox="268.310,505.606,278.870,516.166" colourspace="ICCBased" ncolour="[0]" size="10.560">检</text>
                <text font="JQUZDQ+SimSun" bbox="278.870,505.606,289.430,516.166" colourspace="ICCBased" ncolour="[0]" size="10.560">证</text>
                <text font="JQUZDQ+SimSun" bbox="289.430,505.606,299.990,516.166" colourspace="ICCBased" ncolour="[0]" size="10.560">实</text>
                <text font="JQUZDQ+SimSun" bbox="299.990,505.606,310.550,516.166" colourspace="ICCBased" ncolour="[0]" size="10.560">免</text>
                <text font="JQUZDQ+SimSun" bbox="310.309,505.606,320.869,516.166" colourspace="ICCBased" ncolour="[0]" size="10.560">疫</text>
                <text font="JQUZDQ+SimSun" bbox="320.869,505.606,331.429,516.166" colourspace="ICCBased" ncolour="[0]" size="10.560">性</text>
                <text font="JQUZDQ+SimSun" bbox="331.429,505.606,341.989,516.166" colourspace="ICCBased" ncolour="[0]" size="10.560">肝</text>
                <text font="JQUZDQ+SimSun" bbox="341.989,505.606,352.549,516.166" colourspace="ICCBased" ncolour="[0]" size="10.560">炎</text>
                <text font="JQUZDQ+SimSun" bbox="352.309,505.606,362.869,516.166" colourspace="ICCBased" ncolour="[0]" size="10.560">；</text>
                <text font="JTTPDQ+SimSun" bbox="362.628,505.606,367.908,516.166" colourspace="ICCBased" ncolour="[0]" size="10.560"> </text>
                <text>
                </text>
            </textline>
            <textline bbox="210.469,490.009,514.788,500.569">
                <text font="JQUZDQ+SimSun" bbox="210.469,490.009,221.029,500.569" colourspace="ICCBased" ncolour="[0]" size="10.560">（</text>
                <text font="JTTPDQ+SimSun" bbox="221.029,490.009,226.309,500.569" colourspace="ICCBased" ncolour="[0]" size="10.560">4</text>
                <text font="JQUZDQ+SimSun" bbox="226.309,490.009,236.869,500.569" colourspace="ICCBased" ncolour="[0]" size="10.560">）</text>
                <text font="JQUZDQ+SimSun" bbox="236.869,490.009,247.429,500.569" colourspace="ICCBased" ncolour="[0]" size="10.560">临</text>
                <text font="JQUZDQ+SimSun" bbox="247.429,490.009,257.989,500.569" colourspace="ICCBased" ncolour="[0]" size="10.560">床</text>
                <text font="JQUZDQ+SimSun" bbox="257.989,490.009,268.549,500.569" colourspace="ICCBased" ncolour="[0]" size="10.560">已</text>
                <text font="JQUZDQ+SimSun" bbox="268.310,490.009,278.870,500.569" colourspace="ICCBased" ncolour="[0]" size="10.560">经</text>
                <text font="JQUZDQ+SimSun" bbox="278.870,490.009,289.430,500.569" colourspace="ICCBased" ncolour="[0]" size="10.560">出</text>
                <text font="JQUZDQ+SimSun" bbox="289.430,490.009,299.990,500.569" colourspace="ICCBased" ncolour="[0]" size="10.560">现</text>
                <text font="JQUZDQ+SimSun" bbox="299.990,490.009,310.550,500.569" colourspace="ICCBased" ncolour="[0]" size="10.560">腹</text>
                <text font="JQUZDQ+SimSun" bbox="310.309,490.009,320.869,500.569" colourspace="ICCBased" ncolour="[0]" size="10.560">水</text>
                <text font="JQUZDQ+SimSun" bbox="320.869,490.009,331.429,500.569" colourspace="ICCBased" ncolour="[0]" size="10.560">、</text>
                <text font="JQUZDQ+SimSun" bbox="331.429,490.009,341.989,500.569" colourspace="ICCBased" ncolour="[0]" size="10.560">食</text>
                <text font="JQUZDQ+SimSun" bbox="341.989,490.009,352.549,500.569" colourspace="ICCBased" ncolour="[0]" size="10.560">道</text>
                <text font="JQUZDQ+SimSun" bbox="352.309,490.009,362.869,500.569" colourspace="ICCBased" ncolour="[0]" size="10.560">静</text>
                <text font="JQUZDQ+SimSun" bbox="362.869,490.009,373.429,500.569" colourspace="ICCBased" ncolour="[0]" size="10.560">脉</text>
                <text font="JQUZDQ+SimSun" bbox="373.429,490.009,383.989,500.569" colourspace="ICCBased" ncolour="[0]" size="10.560">曲</text>
                <text font="JQUZDQ+SimSun" bbox="383.989,490.009,394.549,500.569" colourspace="ICCBased" ncolour="[0]" size="10.560">张</text>
                <text font="JQUZDQ+SimSun" bbox="394.310,490.009,404.870,500.569" colourspace="ICCBased" ncolour="[0]" size="10.560">和</text>
                <text font="JQUZDQ+SimSun" bbox="404.870,490.009,415.430,500.569" colourspace="ICCBased" ncolour="[0]" size="10.560">脾</text>
                <text font="JQUZDQ+SimSun" bbox="415.430,490.009,425.990,500.569" colourspace="ICCBased" ncolour="[0]" size="10.560">肿</text>
                <text font="JQUZDQ+SimSun" bbox="425.750,490.009,436.310,500.569" colourspace="ICCBased" ncolour="[0]" size="10.560">大</text>
                <text font="JQUZDQ+SimSun" bbox="436.310,490.009,446.870,500.569" colourspace="ICCBased" ncolour="[0]" size="10.560">等</text>
                <text font="JQUZDQ+SimSun" bbox="446.629,490.009,457.189,500.569" colourspace="ICCBased" ncolour="[0]" size="10.560">肝</text>
                <text font="JQUZDQ+SimSun" bbox="457.189,490.009,467.749,500.569" colourspace="ICCBased" ncolour="[0]" size="10.560">硬</text>
                <text font="JQUZDQ+SimSun" bbox="467.749,490.009,478.309,500.569" colourspace="ICCBased" ncolour="[0]" size="10.560">化</text>
                <text font="JQUZDQ+SimSun" bbox="478.309,490.009,488.869,500.569" colourspace="ICCBased" ncolour="[0]" size="10.560">表</text>
                <text font="JQUZDQ+SimSun" bbox="488.869,490.009,499.429,500.569" colourspace="ICCBased" ncolour="[0]" size="10.560">现</text>
                <text font="JQUZDQ+SimSun" bbox="499.189,490.009,509.749,500.569" colourspace="ICCBased" ncolour="[0]" size="10.560">。</text>
                <text font="JTTPDQ+SimSun" bbox="509.508,490.009,514.788,500.569" colourspace="ICCBased" ncolour="[0]" size="10.560"> </text>
                <text>
                </text>
            </textline>
            <textline bbox="210.480,474.389,215.760,484.949">
                <text font="JTTPDQ+SimSun" bbox="210.480,474.389,215.760,484.949" colourspace="ICCBased" ncolour="[0]" size="10.560"> </text>
                <text>
                </text>
            </textline>
            <textline bbox="210.480,460.229,547.218,470.789">
                <text font="JQUZDQ+SimSun" bbox="210.480,460.229,221.040,470.789" colourspace="ICCBased" ncolour="[0]" size="10.560">指</text>
                <text font="JQUZDQ+SimSun" bbox="221.283,460.229,231.843,470.789" colourspace="ICCBased" ncolour="[0]" size="10.560">一</text>
                <text font="JQUZDQ+SimSun" bbox="232.086,460.229,242.646,470.789" colourspace="ICCBased" ncolour="[0]" size="10.560">种</text>
                <text font="JQUZDQ+SimSun" bbox="242.646,460.229,253.206,470.789" colourspace="ICCBased" ncolour="[0]" size="10.560">系</text>
                <text font="JQUZDQ+SimSun" bbox="253.449,460.229,264.009,470.789" colourspace="ICCBased" ncolour="[0]" size="10.560">统</text>
                <text font="JQUZDQ+SimSun" bbox="264.009,460.229,274.569,470.789" colourspace="ICCBased" ncolour="[0]" size="10.560">性</text>
                <text font="JQUZDQ+SimSun" bbox="274.812,460.229,285.372,470.789" colourspace="ICCBased" ncolour="[0]" size="10.560">胶</text>
                <text font="JQUZDQ+SimSun" bbox="285.373,460.229,295.933,470.789" colourspace="ICCBased" ncolour="[0]" size="10.560">原</text>
                <text font="JQUZDQ+SimSun" bbox="296.175,460.229,306.735,470.789" colourspace="ICCBased" ncolour="[0]" size="10.560">血</text>
                <text font="JQUZDQ+SimSun" bbox="306.735,460.229,317.295,470.789" colourspace="ICCBased" ncolour="[0]" size="10.560">管</text>
                <text font="JQUZDQ+SimSun" bbox="317.538,460.229,328.098,470.789" colourspace="ICCBased" ncolour="[0]" size="10.560">病</text>
                <text font="JQUZDQ+SimSun" bbox="328.098,460.229,338.658,470.789" colourspace="ICCBased" ncolour="[0]" size="10.560">引</text>
                <text font="JQUZDQ+SimSun" bbox="338.901,460.229,349.461,470.789" colourspace="ICCBased" ncolour="[0]" size="10.560">起</text>
                <text font="JQUZDQ+SimSun" bbox="349.461,460.229,360.021,470.789" colourspace="ICCBased" ncolour="[0]" size="10.560">进</text>
                <text font="JQUZDQ+SimSun" bbox="360.264,460.229,370.824,470.789" colourspace="ICCBased" ncolour="[0]" size="10.560">行</text>
                <text font="JQUZDQ+SimSun" bbox="370.824,460.229,381.384,470.789" colourspace="ICCBased" ncolour="[0]" size="10.560">性</text>
                <text font="JQUZDQ+SimSun" bbox="381.627,460.229,392.187,470.789" colourspace="ICCBased" ncolour="[0]" size="10.560">的</text>
                <text font="JQUZDQ+SimSun" bbox="392.187,460.229,402.747,470.789" colourspace="ICCBased" ncolour="[0]" size="10.560">皮</text>
                <text font="JQUZDQ+SimSun" bbox="402.990,460.229,413.550,470.789" colourspace="ICCBased" ncolour="[0]" size="10.560">肤</text>
                <text font="JTTPDQ+SimSun" bbox="413.517,460.229,418.797,470.789" colourspace="ICCBased" ncolour="[0]" size="10.560">/</text>
                <text font="JQUZDQ+SimSun" bbox="419.040,460.229,429.600,470.789" colourspace="ICCBased" ncolour="[0]" size="10.560">血</text>
                <text font="JQUZDQ+SimSun" bbox="429.600,460.229,440.160,470.789" colourspace="ICCBased" ncolour="[0]" size="10.560">管</text>
                <text font="JQUZDQ+SimSun" bbox="440.403,460.229,450.963,470.789" colourspace="ICCBased" ncolour="[0]" size="10.560">和</text>
                <text font="JQUZDQ+SimSun" bbox="450.964,460.229,461.524,470.789" colourspace="ICCBased" ncolour="[0]" size="10.560">内</text>
                <text font="JQUZDQ+SimSun" bbox="461.767,460.229,472.327,470.789" colourspace="ICCBased" ncolour="[0]" size="10.560">脏</text>
                <text font="JQUZDQ+SimSun" bbox="472.570,460.229,483.130,470.789" colourspace="ICCBased" ncolour="[0]" size="10.560">器</text>
                <text font="JQUZDQ+SimSun" bbox="483.130,460.229,493.690,470.789" colourspace="ICCBased" ncolour="[0]" size="10.560">官</text>
                <text font="JQUZDQ+SimSun" bbox="493.933,460.229,504.493,470.789" colourspace="ICCBased" ncolour="[0]" size="10.560">的</text>
                <text font="JQUZDQ+SimSun" bbox="504.493,460.229,515.053,470.789" colourspace="ICCBased" ncolour="[0]" size="10.560">弥</text>
                <text font="JQUZDQ+SimSun" bbox="515.295,460.229,525.855,470.789" colourspace="ICCBased" ncolour="[0]" size="10.560">漫</text>
                <text font="JQUZDQ+SimSun" bbox="525.855,460.229,536.415,470.789" colourspace="ICCBased" ncolour="[0]" size="10.560">性</text>
                <text font="JQUZDQ+SimSun" bbox="536.658,460.229,547.218,470.789" colourspace="ICCBased" ncolour="[0]" size="10.560">纤</text>
                <text>
                </text>
            </textline>
            <textline bbox="210.480,444.632,547.200,455.192">
                <text font="JQUZDQ+SimSun" bbox="210.480,444.632,221.040,455.192" colourspace="ICCBased" ncolour="[0]" size="10.560">维</text>
                <text font="JQUZDQ+SimSun" bbox="221.040,444.632,231.600,455.192" colourspace="ICCBased" ncolour="[0]" size="10.560">化</text>
                <text font="JQUZDQ+SimSun" bbox="231.600,444.632,242.160,455.192" colourspace="ICCBased" ncolour="[0]" size="10.560">。</text>
                <text font="JQUZDQ+SimSun" bbox="242.160,444.632,252.720,455.192" colourspace="ICCBased" ncolour="[0]" size="10.560">本</text>
                <text font="JQUZDQ+SimSun" bbox="252.720,444.632,263.280,455.192" colourspace="ICCBased" ncolour="[0]" size="10.560">病</text>
                <text font="JQUZDQ+SimSun" bbox="263.280,444.632,273.840,455.192" colourspace="ICCBased" ncolour="[0]" size="10.560">症</text>
                <text font="JQUZDQ+SimSun" bbox="273.840,444.632,284.400,455.192" colourspace="ICCBased" ncolour="[0]" size="10.560">须</text>
                <text font="JQUZDQ+SimSun" bbox="284.160,444.632,294.720,455.192" colourspace="ICCBased" ncolour="[0]" size="10.560">经</text>
                <text font="JQUZDQ+SimSun" bbox="294.720,444.632,305.280,455.192" colourspace="ICCBased" ncolour="[0]" size="10.560">专</text>
                <text font="JQUZDQ+SimSun" bbox="305.280,444.632,315.840,455.192" colourspace="ICCBased" ncolour="[0]" size="10.560">科</text>
                <text font="JQUZDQ+SimSun" bbox="315.840,444.632,326.400,455.192" colourspace="ICCBased" ncolour="[0]" size="10.560">医</text>
                <text font="JQUZDQ+SimSun" bbox="326.400,444.632,336.960,455.192" colourspace="ICCBased" ncolour="[0]" size="10.560">生</text>
                <text font="JQUZDQ+SimSun" bbox="336.960,444.632,347.520,455.192" colourspace="ICCBased" ncolour="[0]" size="10.560">明</text>
                <text font="JQUZDQ+SimSun" bbox="347.280,444.632,357.840,455.192" colourspace="ICCBased" ncolour="[0]" size="10.560">确</text>
                <text font="JQUZDQ+SimSun" bbox="357.840,444.632,368.400,455.192" colourspace="ICCBased" ncolour="[0]" size="10.560">诊</text>
                <text font="JQUZDQ+SimSun" bbox="368.400,444.632,378.960,455.192" colourspace="ICCBased" ncolour="[0]" size="10.560">断</text>
                <text font="JQUZDQ+SimSun" bbox="378.960,444.632,389.520,455.192" colourspace="ICCBased" ncolour="[0]" size="10.560">，</text>
                <text font="JQUZDQ+SimSun" bbox="389.520,444.632,400.080,455.192" colourspace="ICCBased" ncolour="[0]" size="10.560">并</text>
                <text font="JQUZDQ+SimSun" bbox="399.840,444.632,410.400,455.192" colourspace="ICCBased" ncolour="[0]" size="10.560">由</text>
                <text font="JQUZDQ+SimSun" bbox="410.400,444.632,420.960,455.192" colourspace="ICCBased" ncolour="[0]" size="10.560">活</text>
                <text font="JQUZDQ+SimSun" bbox="420.960,444.632,431.520,455.192" colourspace="ICCBased" ncolour="[0]" size="10.560">检</text>
                <text font="JQUZDQ+SimSun" bbox="431.520,444.632,442.080,455.192" colourspace="ICCBased" ncolour="[0]" size="10.560">和</text>
                <text font="JQUZDQ+SimSun" bbox="442.080,444.632,452.640,455.192" colourspace="ICCBased" ncolour="[0]" size="10.560">血</text>
                <text font="JQUZDQ+SimSun" bbox="452.400,444.632,462.960,455.192" colourspace="ICCBased" ncolour="[0]" size="10.560">清</text>
                <text font="JQUZDQ+SimSun" bbox="462.960,444.632,473.520,455.192" colourspace="ICCBased" ncolour="[0]" size="10.560">学</text>
                <text font="JQUZDQ+SimSun" bbox="473.520,444.632,484.080,455.192" colourspace="ICCBased" ncolour="[0]" size="10.560">证</text>
                <text font="JQUZDQ+SimSun" bbox="484.080,444.632,494.640,455.192" colourspace="ICCBased" ncolour="[0]" size="10.560">据</text>
                <text font="JQUZDQ+SimSun" bbox="494.640,444.632,505.200,455.192" colourspace="ICCBased" ncolour="[0]" size="10.560">支</text>
                <text font="JQUZDQ+SimSun" bbox="505.200,444.632,515.760,455.192" colourspace="ICCBased" ncolour="[0]" size="10.560">持</text>
                <text font="JQUZDQ+SimSun" bbox="515.760,444.632,526.320,455.192" colourspace="ICCBased" ncolour="[0]" size="10.560">并</text>
                <text font="JQUZDQ+SimSun" bbox="526.080,444.632,536.640,455.192" colourspace="ICCBased" ncolour="[0]" size="10.560">且</text>
                <text font="JQUZDQ+SimSun" bbox="536.640,444.632,547.200,455.192" colourspace="ICCBased" ncolour="[0]" size="10.560">疾</text>
                <text>
                </text>
            </textline>
            <textline bbox="210.480,429.035,520.078,439.595">
                <text font="JQUZDQ+SimSun" bbox="210.480,429.035,221.040,439.595" colourspace="ICCBased" ncolour="[0]" size="10.560">病</text>
                <text font="JQUZDQ+SimSun" bbox="221.040,429.035,231.600,439.595" colourspace="ICCBased" ncolour="[0]" size="10.560">已</text>
                <text font="JQUZDQ+SimSun" bbox="231.600,429.035,242.160,439.595" colourspace="ICCBased" ncolour="[0]" size="10.560">经</text>
                <text font="JQUZDQ+SimSun" bbox="242.160,429.035,252.720,439.595" colourspace="ICCBased" ncolour="[0]" size="10.560">影</text>
                <text font="JQUZDQ+SimSun" bbox="252.720,429.035,263.280,439.595" colourspace="ICCBased" ncolour="[0]" size="10.560">响</text>
                <text font="JQUZDQ+SimSun" bbox="263.040,429.035,273.600,439.595" colourspace="ICCBased" ncolour="[0]" size="10.560">到</text>
                <text font="JQUZDQ+SimSun" bbox="273.600,429.035,284.160,439.595" colourspace="ICCBased" ncolour="[0]" size="10.560">心</text>
                <text font="JQUZDQ+SimSun" bbox="284.160,429.035,294.720,439.595" colourspace="ICCBased" ncolour="[0]" size="10.560">脏</text>
                <text font="JQUZDQ+SimSun" bbox="294.720,429.035,305.280,439.595" colourspace="ICCBased" ncolour="[0]" size="10.560">、</text>
                <text font="JQUZDQ+SimSun" bbox="305.040,429.035,315.600,439.595" colourspace="ICCBased" ncolour="[0]" size="10.560">肺</text>
                <text font="JQUZDQ+SimSun" bbox="315.600,429.035,326.160,439.595" colourspace="ICCBased" ncolour="[0]" size="10.560">或</text>
                <text font="JQUZDQ+SimSun" bbox="326.160,429.035,336.720,439.595" colourspace="ICCBased" ncolour="[0]" size="10.560">肾</text>
                <text font="JQUZDQ+SimSun" bbox="336.720,429.035,347.280,439.595" colourspace="ICCBased" ncolour="[0]" size="10.560">脏</text>
                <text font="JQUZDQ+SimSun" bbox="347.040,429.035,357.600,439.595" colourspace="ICCBased" ncolour="[0]" size="10.560">等</text>
                <text font="JQUZDQ+SimSun" bbox="357.600,429.035,368.160,439.595" colourspace="ICCBased" ncolour="[0]" size="10.560">内</text>
                <text font="JQUZDQ+SimSun" bbox="368.160,429.035,378.720,439.595" colourspace="ICCBased" ncolour="[0]" size="10.560">脏</text>
                <text font="JQUZDQ+SimSun" bbox="378.720,429.035,389.280,439.595" colourspace="ICCBased" ncolour="[0]" size="10.560">器</text>
                <text font="JQUZDQ+SimSun" bbox="389.040,429.035,399.600,439.595" colourspace="ICCBased" ncolour="[0]" size="10.560">官</text>
                <text font="JQUZDQ+SimSun" bbox="399.600,429.035,410.160,439.595" colourspace="ICCBased" ncolour="[0]" size="10.560">并</text>
                <text font="JQUZDQ+SimSun" bbox="410.160,429.035,420.720,439.595" colourspace="ICCBased" ncolour="[0]" size="10.560">且</text>
                <text font="JQUZDQ+SimSun" bbox="420.720,429.035,431.280,439.595" colourspace="ICCBased" ncolour="[0]" size="10.560">达</text>
                <text font="JQUZDQ+SimSun" bbox="431.040,429.035,441.600,439.595" colourspace="ICCBased" ncolour="[0]" size="10.560">到</text>
                <text font="JQUZDQ+SimSun" bbox="441.600,429.035,452.160,439.595" colourspace="ICCBased" ncolour="[0]" size="10.560">下</text>
                <text font="JQUZDQ+SimSun" bbox="451.920,429.035,462.480,439.595" colourspace="ICCBased" ncolour="[0]" size="10.560">列</text>
                <text font="JQUZDQ+SimSun" bbox="462.480,429.035,473.040,439.595" colourspace="ICCBased" ncolour="[0]" size="10.560">标</text>
                <text font="JQUZDQ+SimSun" bbox="473.040,429.035,483.600,439.595" colourspace="ICCBased" ncolour="[0]" size="10.560">准</text>
                <text font="JQUZDQ+SimSun" bbox="483.600,429.035,494.160,439.595" colourspace="ICCBased" ncolour="[0]" size="10.560">之</text>
                <text font="JQUZDQ+SimSun" bbox="494.160,429.035,504.720,439.595" colourspace="ICCBased" ncolour="[0]" size="10.560">一</text>
                <text font="JQUZDQ+SimSun" bbox="504.480,429.035,515.040,439.595" colourspace="ICCBased" ncolour="[0]" size="10.560">：</text>
                <text font="JTTPDQ+SimSun" bbox="514.798,429.035,520.078,439.595" colourspace="ICCBased" ncolour="[0]" size="10.560"> </text>
                <text>
                </text>
            </textline>
            <textline bbox="210.480,413.437,441.364,423.997">
                <text font="JQUZDQ+SimSun" bbox="210.480,413.437,221.040,423.997" colourspace="ICCBased" ncolour="[0]" size="10.560">（</text>
                <text font="JTTPDQ+SimSun" bbox="221.040,413.437,226.320,423.997" colourspace="ICCBased" ncolour="[0]" size="10.560">1</text>
                <text font="JQUZDQ+SimSun" bbox="226.320,413.437,236.880,423.997" colourspace="ICCBased" ncolour="[0]" size="10.560">）</text>
                <text font="JQUZDQ+SimSun" bbox="236.880,413.437,247.440,423.997" colourspace="ICCBased" ncolour="[0]" size="10.560">肺</text>
                <text font="JQUZDQ+SimSun" bbox="247.440,413.437,258.000,423.997" colourspace="ICCBased" ncolour="[0]" size="10.560">纤</text>
                <text font="JQUZDQ+SimSun" bbox="258.000,413.437,268.560,423.997" colourspace="ICCBased" ncolour="[0]" size="10.560">维</text>
                <text font="JQUZDQ+SimSun" bbox="268.320,413.437,278.880,423.997" colourspace="ICCBased" ncolour="[0]" size="10.560">化</text>
                <text font="JQUZDQ+SimSun" bbox="278.880,413.437,289.440,423.997" colourspace="ICCBased" ncolour="[0]" size="10.560">，</text>
                <text font="JQUZDQ+SimSun" bbox="289.440,413.437,300.000,423.997" colourspace="ICCBased" ncolour="[0]" size="10.560">已</text>
                <text font="JQUZDQ+SimSun" bbox="300.000,413.437,310.560,423.997" colourspace="ICCBased" ncolour="[0]" size="10.560">经</text>
                <text font="JQUZDQ+SimSun" bbox="310.320,413.437,320.880,423.997" colourspace="ICCBased" ncolour="[0]" size="10.560">出</text>
                <text font="JQUZDQ+SimSun" bbox="320.880,413.437,331.440,423.997" colourspace="ICCBased" ncolour="[0]" size="10.560">现</text>
                <text font="JQUZDQ+SimSun" bbox="331.440,413.437,342.000,423.997" colourspace="ICCBased" ncolour="[0]" size="10.560">肺</text>
                <text font="JQUZDQ+SimSun" bbox="342.000,413.437,352.560,423.997" colourspace="ICCBased" ncolour="[0]" size="10.560">动</text>
                <text font="JQUZDQ+SimSun" bbox="352.320,413.437,362.880,423.997" colourspace="ICCBased" ncolour="[0]" size="10.560">脉</text>
                <text font="JQUZDQ+SimSun" bbox="362.880,413.437,373.440,423.997" colourspace="ICCBased" ncolour="[0]" size="10.560">高</text>
                <text font="JQUZDQ+SimSun" bbox="373.440,413.437,384.000,423.997" colourspace="ICCBased" ncolour="[0]" size="10.560">压</text>
                <text font="JQUZDQ+SimSun" bbox="384.000,413.437,394.560,423.997" colourspace="ICCBased" ncolour="[0]" size="10.560">、</text>
                <text font="JQUZDQ+SimSun" bbox="394.320,413.437,404.880,423.997" colourspace="ICCBased" ncolour="[0]" size="10.560">肺</text>
                <text font="JQUZDQ+SimSun" bbox="404.880,413.437,415.440,423.997" colourspace="ICCBased" ncolour="[0]" size="10.560">心</text>
                <text font="JQUZDQ+SimSun" bbox="415.440,413.437,426.000,423.997" colourspace="ICCBased" ncolour="[0]" size="10.560">病</text>
                <text font="JQUZDQ+SimSun" bbox="425.760,413.437,436.320,423.997" colourspace="ICCBased" ncolour="[0]" size="10.560">；</text>
                <text font="JTTPDQ+SimSun" bbox="436.084,413.437,441.364,423.997" colourspace="ICCBased" ncolour="[0]" size="10.560"> </text>
                <text>
                </text>
            </textline>
            <textline bbox="210.480,397.829,547.200,408.400">
                <text font="JQUZDQ+SimSun" bbox="210.480,397.840,221.040,408.400" colourspace="ICCBased" ncolour="[0]" size="10.560">（</text>
                <text font="JTTPDQ+SimSun" bbox="221.040,397.840,226.320,408.400" colourspace="ICCBased" ncolour="[0]" size="10.560">2</text>
                <text font="JQUZDQ+SimSun" bbox="226.320,397.829,236.880,408.389" colourspace="ICCBased" ncolour="[0]" size="10.560">）</text>
                <text font="JQUZDQ+SimSun" bbox="234.480,397.829,245.040,408.389" colourspace="ICCBased" ncolour="[0]" size="10.560">心</text>
                <text font="JQUZDQ+SimSun" bbox="245.040,397.829,255.600,408.389" colourspace="ICCBased" ncolour="[0]" size="10.560">脏</text>
                <text font="JQUZDQ+SimSun" bbox="255.600,397.829,266.160,408.389" colourspace="ICCBased" ncolour="[0]" size="10.560">功</text>
                <text font="JQUZDQ+SimSun" bbox="265.920,397.829,276.480,408.389" colourspace="ICCBased" ncolour="[0]" size="10.560">能</text>
                <text font="JQUZDQ+SimSun" bbox="276.480,397.829,287.040,408.389" colourspace="ICCBased" ncolour="[0]" size="10.560">损</text>
                <text font="JQUZDQ+SimSun" bbox="287.040,397.829,297.600,408.389" colourspace="ICCBased" ncolour="[0]" size="10.560">害</text>
                <text font="JQUZDQ+SimSun" bbox="297.600,397.829,308.160,408.389" colourspace="ICCBased" ncolour="[0]" size="10.560">，</text>
                <text font="JQUZDQ+SimSun" bbox="305.760,397.829,316.320,408.389" colourspace="ICCBased" ncolour="[0]" size="10.560">心</text>
                <text font="JQUZDQ+SimSun" bbox="316.080,397.829,326.640,408.389" colourspace="ICCBased" ncolour="[0]" size="10.560">脏</text>
                <text font="JQUZDQ+SimSun" bbox="326.640,397.829,337.200,408.389" colourspace="ICCBased" ncolour="[0]" size="10.560">功</text>
                <text font="JQUZDQ+SimSun" bbox="337.200,397.829,347.760,408.389" colourspace="ICCBased" ncolour="[0]" size="10.560">能</text>
                <text font="JQUZDQ+SimSun" bbox="347.520,397.829,358.080,408.389" colourspace="ICCBased" ncolour="[0]" size="10.560">衰</text>
                <text font="JQUZDQ+SimSun" bbox="358.080,397.829,368.640,408.389" colourspace="ICCBased" ncolour="[0]" size="10.560">竭</text>
                <text font="JQUZDQ+SimSun" bbox="368.640,397.829,379.200,408.389" colourspace="ICCBased" ncolour="[0]" size="10.560">程</text>
                <text font="JQUZDQ+SimSun" bbox="379.200,397.829,389.760,408.389" colourspace="ICCBased" ncolour="[0]" size="10.560">度</text>
                <text font="JQUZDQ+SimSun" bbox="389.520,397.829,400.080,408.389" colourspace="ICCBased" ncolour="[0]" size="10.560">达</text>
                <text font="JQUZDQ+SimSun" bbox="400.080,397.829,410.640,408.389" colourspace="ICCBased" ncolour="[0]" size="10.560">到</text>
                <text font="JQUZDQ+SimSun" bbox="410.640,397.829,421.200,408.389" colourspace="ICCBased" ncolour="[0]" size="10.560">纽</text>
                <text font="JQUZDQ+SimSun" bbox="421.200,397.829,431.760,408.389" colourspace="ICCBased" ncolour="[0]" size="10.560">约</text>
                <text font="JQUZDQ+SimSun" bbox="431.520,397.829,442.080,408.389" colourspace="ICCBased" ncolour="[0]" size="10.560">心</text>
                <text font="JQUZDQ+SimSun" bbox="442.080,397.829,452.640,408.389" colourspace="ICCBased" ncolour="[0]" size="10.560">脏</text>
                <text font="JQUZDQ+SimSun" bbox="452.400,397.829,462.960,408.389" colourspace="ICCBased" ncolour="[0]" size="10.560">病</text>
                <text font="JQUZDQ+SimSun" bbox="462.960,397.829,473.520,408.389" colourspace="ICCBased" ncolour="[0]" size="10.560">学</text>
                <text font="JQUZDQ+SimSun" bbox="473.520,397.829,484.080,408.389" colourspace="ICCBased" ncolour="[0]" size="10.560">会</text>
                <text font="JQUZDQ+SimSun" bbox="484.080,397.829,494.640,408.389" colourspace="ICCBased" ncolour="[0]" size="10.560">的</text>
                <text font="JQUZDQ+SimSun" bbox="494.640,397.829,505.200,408.389" colourspace="ICCBased" ncolour="[0]" size="10.560">心</text>
                <text font="JQUZDQ+SimSun" bbox="504.960,397.829,515.520,408.389" colourspace="ICCBased" ncolour="[0]" size="10.560">功</text>
                <text font="JQUZDQ+SimSun" bbox="515.520,397.829,526.080,408.389" colourspace="ICCBased" ncolour="[0]" size="10.560">能</text>
                <text font="JQUZDQ+SimSun" bbox="526.080,397.829,536.640,408.389" colourspace="ICCBased" ncolour="[0]" size="10.560">分</text>
                <text font="JQUZDQ+SimSun" bbox="536.640,397.829,547.200,408.389" colourspace="ICCBased" ncolour="[0]" size="10.560">级</text>
                <text>
                </text>
            </textline>
        </textbox>
        <textbox id="14" bbox="236.640,382.229,341.757,392.789">
            <textline bbox="236.640,382.229,341.757,392.789">
                <text font="JQUZDQ+SimSun" bbox="236.640,382.229,247.200,392.789" colourspace="ICCBased" ncolour="[0]" size="10.560">标</text>
                <text font="JQUZDQ+SimSun" bbox="247.200,382.229,257.760,392.789" colourspace="ICCBased" ncolour="[0]" size="10.560">准</text>
                <text font="JQUZDQ+SimSun" bbox="257.760,382.229,268.320,392.789" colourspace="ICCBased" ncolour="[0]" size="10.560">之</text>
                <text font="JQUZDQ+SimSun" bbox="268.320,382.229,278.880,392.789" colourspace="ICCBased" ncolour="[0]" size="10.560">心</text>
                <text font="JQUZDQ+SimSun" bbox="278.880,382.229,289.440,392.789" colourspace="ICCBased" ncolour="[0]" size="10.560">功</text>
                <text font="JQUZDQ+SimSun" bbox="289.200,382.229,299.760,392.789" colourspace="ICCBased" ncolour="[0]" size="10.560">能</text>
                <text> </text>
                <text font="JTTPDQ+SimSun" bbox="302.400,382.229,307.680,392.789" colourspace="ICCBased" ncolour="[0]" size="10.560">I</text>
                <text font="JTTPDQ+SimSun" bbox="307.680,382.229,312.960,392.789" colourspace="ICCBased" ncolour="[0]" size="10.560">V</text>
                <text> </text>
                <text font="JQUZDQ+SimSun" bbox="315.600,382.229,326.160,392.789" colourspace="ICCBased" ncolour="[0]" size="10.560">级</text>
                <text font="JQUZDQ+SimSun" bbox="326.160,382.229,336.720,392.789" colourspace="ICCBased" ncolour="[0]" size="10.560">；</text>
                <text font="JTTPDQ+SimSun" bbox="336.477,382.229,341.757,392.789" colourspace="ICCBased" ncolour="[0]" size="10.560"> </text>
                <text>
                </text>
            </textline>
        </textbox>
        <textbox id="15" bbox="210.475,288.629,420.471,377.192">
            <textline bbox="210.475,366.632,420.471,377.192">
                <text font="JQUZDQ+SimSun" bbox="210.475,366.632,221.035,377.192" colourspace="ICCBased" ncolour="[0]" size="10.560">（</text>
                <text font="JTTPDQ+SimSun" bbox="221.035,366.632,226.315,377.192" colourspace="ICCBased" ncolour="[0]" size="10.560">3</text>
                <text font="JQUZDQ+SimSun" bbox="226.315,366.632,236.875,377.192" colourspace="ICCBased" ncolour="[0]" size="10.560">）</text>
                <text font="JQUZDQ+SimSun" bbox="236.875,366.632,247.435,377.192" colourspace="ICCBased" ncolour="[0]" size="10.560">肾</text>
                <text font="JQUZDQ+SimSun" bbox="247.435,366.632,257.995,377.192" colourspace="ICCBased" ncolour="[0]" size="10.560">脏</text>
                <text font="JQUZDQ+SimSun" bbox="257.995,366.632,268.555,377.192" colourspace="ICCBased" ncolour="[0]" size="10.560">功</text>
                <text font="JQUZDQ+SimSun" bbox="268.315,366.632,278.875,377.192" colourspace="ICCBased" ncolour="[0]" size="10.560">能</text>
                <text font="JQUZDQ+SimSun" bbox="278.875,366.632,289.435,377.192" colourspace="ICCBased" ncolour="[0]" size="10.560">损</text>
                <text font="JQUZDQ+SimSun" bbox="289.435,366.632,299.995,377.192" colourspace="ICCBased" ncolour="[0]" size="10.560">害</text>
                <text font="JQUZDQ+SimSun" bbox="299.995,366.632,310.555,377.192" colourspace="ICCBased" ncolour="[0]" size="10.560">，</text>
                <text font="JQUZDQ+SimSun" bbox="310.315,366.632,320.875,377.192" colourspace="ICCBased" ncolour="[0]" size="10.560">已</text>
                <text font="JQUZDQ+SimSun" bbox="320.875,366.632,331.435,377.192" colourspace="ICCBased" ncolour="[0]" size="10.560">经</text>
                <text font="JQUZDQ+SimSun" bbox="331.435,366.632,341.995,377.192" colourspace="ICCBased" ncolour="[0]" size="10.560">出</text>
                <text font="JQUZDQ+SimSun" bbox="341.995,366.632,352.555,377.192" colourspace="ICCBased" ncolour="[0]" size="10.560">现</text>
                <text font="JQUZDQ+SimSun" bbox="352.315,366.632,362.875,377.192" colourspace="ICCBased" ncolour="[0]" size="10.560">肾</text>
                <text font="JQUZDQ+SimSun" bbox="362.875,366.632,373.435,377.192" colourspace="ICCBased" ncolour="[0]" size="10.560">功</text>
                <text font="JQUZDQ+SimSun" bbox="373.435,366.632,383.995,377.192" colourspace="ICCBased" ncolour="[0]" size="10.560">能</text>
                <text font="JQUZDQ+SimSun" bbox="383.995,366.632,394.555,377.192" colourspace="ICCBased" ncolour="[0]" size="10.560">衰</text>
                <text font="JQUZDQ+SimSun" bbox="394.315,366.632,404.875,377.192" colourspace="ICCBased" ncolour="[0]" size="10.560">竭</text>
                <text font="JQUZDQ+SimSun" bbox="404.875,366.632,415.435,377.192" colourspace="ICCBased" ncolour="[0]" size="10.560">。</text>
                <text font="JTTPDQ+SimSun" bbox="415.191,366.632,420.471,377.192" colourspace="ICCBased" ncolour="[0]" size="10.560"> </text>
                <text>
                </text>
            </textline>
            <textline bbox="210.480,351.029,341.760,361.589">
                <text font="JQUZDQ+SimSun" bbox="210.480,351.029,221.040,361.589" colourspace="ICCBased" ncolour="[0]" size="10.560">下</text>
                <text font="JQUZDQ+SimSun" bbox="221.040,351.029,231.600,361.589" colourspace="ICCBased" ncolour="[0]" size="10.560">列</text>
                <text font="JQUZDQ+SimSun" bbox="231.600,351.029,242.160,361.589" colourspace="ICCBased" ncolour="[0]" size="10.560">疾</text>
                <text font="JQUZDQ+SimSun" bbox="242.160,351.029,252.720,361.589" colourspace="ICCBased" ncolour="[0]" size="10.560">病</text>
                <text font="JQUZDQ+SimSun" bbox="252.720,351.029,263.280,361.589" colourspace="ICCBased" ncolour="[0]" size="10.560">不</text>
                <text font="JQUZDQ+SimSun" bbox="263.040,351.029,273.600,361.589" colourspace="ICCBased" ncolour="[0]" size="10.560">在</text>
                <text font="JQUZDQ+SimSun" bbox="273.600,351.029,284.160,361.589" colourspace="ICCBased" ncolour="[0]" size="10.560">保</text>
                <text font="JQUZDQ+SimSun" bbox="284.160,351.029,294.720,361.589" colourspace="ICCBased" ncolour="[0]" size="10.560">障</text>
                <text font="JQUZDQ+SimSun" bbox="294.720,351.029,305.280,361.589" colourspace="ICCBased" ncolour="[0]" size="10.560">范</text>
                <text font="JQUZDQ+SimSun" bbox="305.040,351.029,315.600,361.589" colourspace="ICCBased" ncolour="[0]" size="10.560">围</text>
                <text font="JQUZDQ+SimSun" bbox="315.600,351.029,326.160,361.589" colourspace="ICCBased" ncolour="[0]" size="10.560">内</text>
                <text font="JQUZDQ+SimSun" bbox="326.160,351.029,336.720,361.589" colourspace="ICCBased" ncolour="[0]" size="10.560">：</text>
                <text font="JTTPDQ+SimSun" bbox="336.480,351.029,341.760,361.589" colourspace="ICCBased" ncolour="[0]" size="10.560"> </text>
                <text>
                </text>
            </textline>
            <textline bbox="210.480,335.429,305.045,345.989">
                <text font="JQUZDQ+SimSun" bbox="210.480,335.429,221.040,345.989" colourspace="ICCBased" ncolour="[0]" size="10.560">（</text>
                <text font="JTTPDQ+SimSun" bbox="221.040,335.429,226.320,345.989" colourspace="ICCBased" ncolour="[0]" size="10.560">1</text>
                <text font="JQUZDQ+SimSun" bbox="226.320,335.429,236.880,345.989" colourspace="ICCBased" ncolour="[0]" size="10.560">）</text>
                <text font="JQUZDQ+SimSun" bbox="236.880,335.429,247.440,345.989" colourspace="ICCBased" ncolour="[0]" size="10.560">局</text>
                <text font="JQUZDQ+SimSun" bbox="247.440,335.429,258.000,345.989" colourspace="ICCBased" ncolour="[0]" size="10.560">限</text>
                <text font="JQUZDQ+SimSun" bbox="258.000,335.429,268.560,345.989" colourspace="ICCBased" ncolour="[0]" size="10.560">硬</text>
                <text font="JQUZDQ+SimSun" bbox="268.320,335.429,278.880,345.989" colourspace="ICCBased" ncolour="[0]" size="10.560">皮</text>
                <text font="JQUZDQ+SimSun" bbox="278.880,335.429,289.440,345.989" colourspace="ICCBased" ncolour="[0]" size="10.560">病</text>
                <text font="JQUZDQ+SimSun" bbox="289.440,335.429,300.000,345.989" colourspace="ICCBased" ncolour="[0]" size="10.560">；</text>
                <text font="JTTPDQ+SimSun" bbox="299.765,335.429,305.045,345.989" colourspace="ICCBased" ncolour="[0]" size="10.560"> </text>
                <text>
                </text>
            </textline>
            <textline bbox="210.480,319.829,325.922,330.389">
                <text font="JQUZDQ+SimSun" bbox="210.480,319.829,221.040,330.389" colourspace="ICCBased" ncolour="[0]" size="10.560">（</text>
                <text font="JTTPDQ+SimSun" bbox="221.040,319.829,226.320,330.389" colourspace="ICCBased" ncolour="[0]" size="10.560">2</text>
                <text font="JQUZDQ+SimSun" bbox="226.320,319.829,236.880,330.389" colourspace="ICCBased" ncolour="[0]" size="10.560">）</text>
                <text font="JQUZDQ+SimSun" bbox="236.880,319.829,247.440,330.389" colourspace="ICCBased" ncolour="[0]" size="10.560">嗜</text>
                <text font="JQUZDQ+SimSun" bbox="247.440,319.829,258.000,330.389" colourspace="ICCBased" ncolour="[0]" size="10.560">酸</text>
                <text font="JQUZDQ+SimSun" bbox="258.000,319.829,268.560,330.389" colourspace="ICCBased" ncolour="[0]" size="10.560">细</text>
                <text font="JQUZDQ+SimSun" bbox="268.320,319.829,278.880,330.389" colourspace="ICCBased" ncolour="[0]" size="10.560">胞</text>
                <text font="JQUZDQ+SimSun" bbox="278.880,319.829,289.440,330.389" colourspace="ICCBased" ncolour="[0]" size="10.560">筋</text>
                <text font="JQUZDQ+SimSun" bbox="289.440,319.829,300.000,330.389" colourspace="ICCBased" ncolour="[0]" size="10.560">膜</text>
                <text font="JQUZDQ+SimSun" bbox="300.000,319.829,310.560,330.389" colourspace="ICCBased" ncolour="[0]" size="10.560">炎</text>
                <text font="JQUZDQ+SimSun" bbox="310.320,319.829,320.880,330.389" colourspace="ICCBased" ncolour="[0]" size="10.560">；</text>
                <text font="JTTPDQ+SimSun" bbox="320.642,319.829,325.922,330.389" colourspace="ICCBased" ncolour="[0]" size="10.560"> </text>
                <text>
                </text>
            </textline>
            <textline bbox="210.480,304.229,312.954,314.789">
                <text font="JQUZDQ+SimSun" bbox="210.480,304.229,221.040,314.789" colourspace="ICCBased" ncolour="[0]" size="10.560">（</text>
                <text font="JTTPDQ+SimSun" bbox="221.040,304.229,226.320,314.789" colourspace="ICCBased" ncolour="[0]" size="10.560">3</text>
                <text font="JQUZDQ+SimSun" bbox="226.320,304.229,236.880,314.789" colourspace="ICCBased" ncolour="[0]" size="10.560">）</text>
                <text font="JTTPDQ+SimSun" bbox="236.880,304.229,242.160,314.789" colourspace="ICCBased" ncolour="[0]" size="10.560">C</text>
                <text font="JTTPDQ+SimSun" bbox="242.160,304.229,247.440,314.789" colourspace="ICCBased" ncolour="[0]" size="10.560">R</text>
                <text font="JTTPDQ+SimSun" bbox="247.440,304.229,252.720,314.789" colourspace="ICCBased" ncolour="[0]" size="10.560">E</text>
                <text font="JTTPDQ+SimSun" bbox="252.720,304.229,258.000,314.789" colourspace="ICCBased" ncolour="[0]" size="10.560">S</text>
                <text font="JTTPDQ+SimSun" bbox="258.000,304.229,263.280,314.789" colourspace="ICCBased" ncolour="[0]" size="10.560">T</text>
                <text> </text>
                <text font="JQUZDQ+SimSun" bbox="265.677,304.229,276.237,314.789" colourspace="ICCBased" ncolour="[0]" size="10.560">综</text>
                <text font="JQUZDQ+SimSun" bbox="276.237,304.229,286.797,314.789" colourspace="ICCBased" ncolour="[0]" size="10.560">合</text>
                <text font="JQUZDQ+SimSun" bbox="286.797,304.229,297.357,314.789" colourspace="ICCBased" ncolour="[0]" size="10.560">征</text>
                <text font="JQUZDQ+SimSun" bbox="297.357,304.229,307.917,314.789" colourspace="ICCBased" ncolour="[0]" size="10.560">。</text>
                <text font="JTTPDQ+SimSun" bbox="307.674,304.229,312.954,314.789" colourspace="ICCBased" ncolour="[0]" size="10.560"> </text>
                <text>
                </text>
            </textline>
            <textline bbox="210.480,288.629,215.760,299.189">
                <text font="JTTPDQ+SimSun" bbox="210.480,288.629,215.760,299.189" colourspace="ICCBased" ncolour="[0]" size="10.560"> </text>
                <text>
                </text>
            </textline>
        </textbox>
        <textbox id="16" bbox="97.440,287.808,100.368,299.808">
            <textline bbox="97.440,287.808,100.368,299.808">
                <text font="ERELLA+STXinwei" bbox="97.440,287.808,100.368,299.808" colourspace="ICCBased" ncolour="[0]" size="12.000"> </text>
                <text>
                </text>
            </textline>
        </textbox>
        <textbox id="17" bbox="63.600,270.768,184.368,299.189">
            <textline bbox="68.880,288.629,74.160,299.189">
                <text font="JTTPDQ+SimSun" bbox="68.880,288.629,74.160,299.189" colourspace="ICCBased" ncolour="[0]" size="10.560"> </text>
                <text>
                </text>
            </textline>
            <textline bbox="63.600,270.768,184.368,282.768">
                <text font="JTTPDQ+SimSun" bbox="63.600,271.589,68.880,282.149" colourspace="ICCBased" ncolour="[0]" size="10.560">3</text>
                <text font="JTTPDQ+SimSun" bbox="68.880,271.589,74.160,282.149" colourspace="ICCBased" ncolour="[0]" size="10.560">3</text>
                <text font="JTTPDQ+SimSun" bbox="74.160,271.589,79.440,282.149" colourspace="ICCBased" ncolour="[0]" size="10.560"> </text>
                <text> </text>
                <text font="ERELLA+STXinwei" bbox="97.440,270.768,109.440,282.768" colourspace="ICCBased" ncolour="[0]" size="12.000">肺</text>
                <text font="ERELLA+STXinwei" bbox="109.440,270.768,121.440,282.768" colourspace="ICCBased" ncolour="[0]" size="12.000">淋</text>
                <text font="ERELLA+STXinwei" bbox="121.440,270.768,133.440,282.768" colourspace="ICCBased" ncolour="[0]" size="12.000">巴</text>
                <text font="ERELLA+STXinwei" bbox="133.440,270.768,145.440,282.768" colourspace="ICCBased" ncolour="[0]" size="12.000">管</text>
                <text font="ERELLA+STXinwei" bbox="145.440,270.768,157.440,282.768" colourspace="ICCBased" ncolour="[0]" size="12.000">肌</text>
                <text font="ERELLA+STXinwei" bbox="157.440,270.768,169.440,282.768" colourspace="ICCBased" ncolour="[0]" size="12.000">瘤</text>
                <text font="ERELLA+STXinwei" bbox="169.440,270.768,181.440,282.768" colourspace="ICCBased" ncolour="[0]" size="12.000">病</text>
                <text font="ERELLA+STXinwei" bbox="181.440,270.768,184.368,282.768" colourspace="ICCBased" ncolour="[0]" size="12.000"> </text>
                <text>
                </text>
            </textline>
        </textbox>
        <textbox id="18" bbox="210.480,193.589,547.200,282.149">
            <textline bbox="210.480,271.589,547.200,282.149">
                <text font="JQUZDQ+SimSun" bbox="210.480,271.589,221.040,282.149" colourspace="ICCBased" ncolour="[0]" size="10.560">是</text>
                <text font="JQUZDQ+SimSun" bbox="221.040,271.589,231.600,282.149" colourspace="ICCBased" ncolour="[0]" size="10.560">一</text>
                <text font="JQUZDQ+SimSun" bbox="231.600,271.589,242.160,282.149" colourspace="ICCBased" ncolour="[0]" size="10.560">种</text>
                <text font="JQUZDQ+SimSun" bbox="242.160,271.589,252.720,282.149" colourspace="ICCBased" ncolour="[0]" size="10.560">弥</text>
                <text font="JQUZDQ+SimSun" bbox="252.720,271.589,263.280,282.149" colourspace="ICCBased" ncolour="[0]" size="10.560">漫</text>
                <text font="JQUZDQ+SimSun" bbox="263.280,271.589,273.840,282.149" colourspace="ICCBased" ncolour="[0]" size="10.560">性</text>
                <text font="JQUZDQ+SimSun" bbox="273.840,271.589,284.400,282.149" colourspace="ICCBased" ncolour="[0]" size="10.560">肺</text>
                <text font="JQUZDQ+SimSun" bbox="284.160,271.589,294.720,282.149" colourspace="ICCBased" ncolour="[0]" size="10.560">部</text>
                <text font="JQUZDQ+SimSun" bbox="294.720,271.589,305.280,282.149" colourspace="ICCBased" ncolour="[0]" size="10.560">疾</text>
                <text font="JQUZDQ+SimSun" bbox="305.280,271.589,315.840,282.149" colourspace="ICCBased" ncolour="[0]" size="10.560">病</text>
                <text font="JQUZDQ+SimSun" bbox="315.840,271.589,326.400,282.149" colourspace="ICCBased" ncolour="[0]" size="10.560">，</text>
                <text font="JQUZDQ+SimSun" bbox="326.400,271.589,336.960,282.149" colourspace="ICCBased" ncolour="[0]" size="10.560">主</text>
                <text font="JQUZDQ+SimSun" bbox="336.960,271.589,347.520,282.149" colourspace="ICCBased" ncolour="[0]" size="10.560">要</text>
                <text font="JQUZDQ+SimSun" bbox="347.280,271.589,357.840,282.149" colourspace="ICCBased" ncolour="[0]" size="10.560">病</text>
                <text font="JQUZDQ+SimSun" bbox="357.840,271.589,368.400,282.149" colourspace="ICCBased" ncolour="[0]" size="10.560">理</text>
                <text font="JQUZDQ+SimSun" bbox="368.400,271.589,378.960,282.149" colourspace="ICCBased" ncolour="[0]" size="10.560">改</text>
                <text font="JQUZDQ+SimSun" bbox="378.960,271.589,389.520,282.149" colourspace="ICCBased" ncolour="[0]" size="10.560">变</text>
                <text font="JQUZDQ+SimSun" bbox="389.520,271.589,400.080,282.149" colourspace="ICCBased" ncolour="[0]" size="10.560">为</text>
                <text font="JQUZDQ+SimSun" bbox="399.840,271.589,410.400,282.149" colourspace="ICCBased" ncolour="[0]" size="10.560">肺</text>
                <text font="JQUZDQ+SimSun" bbox="410.400,271.589,420.960,282.149" colourspace="ICCBased" ncolour="[0]" size="10.560">间</text>
                <text font="JQUZDQ+SimSun" bbox="420.960,271.589,431.520,282.149" colourspace="ICCBased" ncolour="[0]" size="10.560">质</text>
                <text font="JQUZDQ+SimSun" bbox="431.520,271.589,442.080,282.149" colourspace="ICCBased" ncolour="[0]" size="10.560">、</text>
                <text font="JQUZDQ+SimSun" bbox="442.080,271.589,452.640,282.149" colourspace="ICCBased" ncolour="[0]" size="10.560">支</text>
                <text font="JQUZDQ+SimSun" bbox="452.400,271.589,462.960,282.149" colourspace="ICCBased" ncolour="[0]" size="10.560">气</text>
                <text font="JQUZDQ+SimSun" bbox="462.960,271.589,473.520,282.149" colourspace="ICCBased" ncolour="[0]" size="10.560">管</text>
                <text font="JQUZDQ+SimSun" bbox="473.520,271.589,484.080,282.149" colourspace="ICCBased" ncolour="[0]" size="10.560">、</text>
                <text font="JQUZDQ+SimSun" bbox="484.080,271.589,494.640,282.149" colourspace="ICCBased" ncolour="[0]" size="10.560">血</text>
                <text font="JQUZDQ+SimSun" bbox="494.640,271.589,505.200,282.149" colourspace="ICCBased" ncolour="[0]" size="10.560">管</text>
                <text font="JQUZDQ+SimSun" bbox="505.200,271.589,515.760,282.149" colourspace="ICCBased" ncolour="[0]" size="10.560">和</text>
                <text font="JQUZDQ+SimSun" bbox="515.760,271.589,526.320,282.149" colourspace="ICCBased" ncolour="[0]" size="10.560">淋</text>
                <text font="JQUZDQ+SimSun" bbox="526.080,271.589,536.640,282.149" colourspace="ICCBased" ncolour="[0]" size="10.560">巴</text>
                <text font="JQUZDQ+SimSun" bbox="536.640,271.589,547.200,282.149" colourspace="ICCBased" ncolour="[0]" size="10.560">管</text>
                <text>
                </text>
            </textline>
            <textline bbox="210.480,255.992,515.041,266.552">
                <text font="JQUZDQ+SimSun" bbox="210.480,255.992,221.040,266.552" colourspace="ICCBased" ncolour="[0]" size="10.560">内</text>
                <text font="JQUZDQ+SimSun" bbox="221.040,255.992,231.600,266.552" colourspace="ICCBased" ncolour="[0]" size="10.560">出</text>
                <text font="JQUZDQ+SimSun" bbox="231.600,255.992,242.160,266.552" colourspace="ICCBased" ncolour="[0]" size="10.560">现</text>
                <text font="JQUZDQ+SimSun" bbox="242.160,255.992,252.720,266.552" colourspace="ICCBased" ncolour="[0]" size="10.560">未</text>
                <text font="JQUZDQ+SimSun" bbox="252.720,255.992,263.280,266.552" colourspace="ICCBased" ncolour="[0]" size="10.560">成</text>
                <text font="JQUZDQ+SimSun" bbox="263.040,255.992,273.600,266.552" colourspace="ICCBased" ncolour="[0]" size="10.560">熟</text>
                <text font="JQUZDQ+SimSun" bbox="273.600,255.992,284.160,266.552" colourspace="ICCBased" ncolour="[0]" size="10.560">的</text>
                <text font="JQUZDQ+SimSun" bbox="284.160,255.992,294.720,266.552" colourspace="ICCBased" ncolour="[0]" size="10.560">平</text>
                <text font="JQUZDQ+SimSun" bbox="294.720,255.992,305.280,266.552" colourspace="ICCBased" ncolour="[0]" size="10.560">滑</text>
                <text font="JQUZDQ+SimSun" bbox="305.040,255.992,315.600,266.552" colourspace="ICCBased" ncolour="[0]" size="10.560">肌</text>
                <text font="JQUZDQ+SimSun" bbox="315.600,255.992,326.160,266.552" colourspace="ICCBased" ncolour="[0]" size="10.560">异</text>
                <text font="JQUZDQ+SimSun" bbox="326.160,255.992,336.720,266.552" colourspace="ICCBased" ncolour="[0]" size="10.560">常</text>
                <text font="JQUZDQ+SimSun" bbox="336.720,255.992,347.280,266.552" colourspace="ICCBased" ncolour="[0]" size="10.560">增</text>
                <text font="JQUZDQ+SimSun" bbox="347.040,255.992,357.600,266.552" colourspace="ICCBased" ncolour="[0]" size="10.560">生</text>
                <text font="JQUZDQ+SimSun" bbox="357.600,255.992,368.160,266.552" colourspace="ICCBased" ncolour="[0]" size="10.560">，</text>
                <text font="JQUZDQ+SimSun" bbox="368.160,255.992,378.720,266.552" colourspace="ICCBased" ncolour="[0]" size="10.560">并</text>
                <text font="JQUZDQ+SimSun" bbox="378.720,255.992,389.280,266.552" colourspace="ICCBased" ncolour="[0]" size="10.560">须</text>
                <text font="JQUZDQ+SimSun" bbox="389.040,255.992,399.600,266.552" colourspace="ICCBased" ncolour="[0]" size="10.560">同</text>
                <text font="JQUZDQ+SimSun" bbox="399.600,255.992,410.160,266.552" colourspace="ICCBased" ncolour="[0]" size="10.560">时</text>
                <text font="JQUZDQ+SimSun" bbox="410.160,255.992,420.720,266.552" colourspace="ICCBased" ncolour="[0]" size="10.560">满</text>
                <text font="JQUZDQ+SimSun" bbox="420.720,255.992,431.280,266.552" colourspace="ICCBased" ncolour="[0]" size="10.560">足</text>
                <text font="JQUZDQ+SimSun" bbox="431.040,255.992,441.600,266.552" colourspace="ICCBased" ncolour="[0]" size="10.560">下</text>
                <text font="JQUZDQ+SimSun" bbox="441.600,255.992,452.160,266.552" colourspace="ICCBased" ncolour="[0]" size="10.560">列</text>
                <text font="JQUZDQ+SimSun" bbox="451.920,255.992,462.480,266.552" colourspace="ICCBased" ncolour="[0]" size="10.560">全</text>
                <text font="JQUZDQ+SimSun" bbox="462.480,255.992,473.040,266.552" colourspace="ICCBased" ncolour="[0]" size="10.560">部</text>
                <text font="JQUZDQ+SimSun" bbox="473.040,255.992,483.600,266.552" colourspace="ICCBased" ncolour="[0]" size="10.560">条</text>
                <text font="JQUZDQ+SimSun" bbox="483.600,255.992,494.160,266.552" colourspace="ICCBased" ncolour="[0]" size="10.560">件</text>
                <text font="JQUZDQ+SimSun" bbox="494.160,255.992,504.720,266.552" colourspace="ICCBased" ncolour="[0]" size="10.560">：</text>
                <text font="JTTPDQ+SimSun" bbox="504.720,255.992,510.000,266.552" colourspace="ICCBased" ncolour="[0]" size="10.560"> </text>
                <text font="JTTPDQ+SimSun" bbox="509.761,255.992,515.041,266.552" colourspace="ICCBased" ncolour="[0]" size="10.560"> </text>
                <text>
                </text>
            </textline>
            <textline bbox="210.480,240.395,336.482,250.955">
                <text font="JQUZDQ+SimSun" bbox="210.480,240.395,221.040,250.955" colourspace="ICCBased" ncolour="[0]" size="10.560">（</text>
                <text font="JTTPDQ+SimSun" bbox="221.040,240.395,226.320,250.955" colourspace="ICCBased" ncolour="[0]" size="10.560">1</text>
                <text font="JQUZDQ+SimSun" bbox="226.320,240.395,236.880,250.955" colourspace="ICCBased" ncolour="[0]" size="10.560">）</text>
                <text font="JQUZDQ+SimSun" bbox="236.880,240.395,247.440,250.955" colourspace="ICCBased" ncolour="[0]" size="10.560">经</text>
                <text font="JQUZDQ+SimSun" bbox="247.440,240.395,258.000,250.955" colourspace="ICCBased" ncolour="[0]" size="10.560">组</text>
                <text font="JQUZDQ+SimSun" bbox="258.000,240.395,268.560,250.955" colourspace="ICCBased" ncolour="[0]" size="10.560">织</text>
                <text font="JQUZDQ+SimSun" bbox="268.320,240.395,278.880,250.955" colourspace="ICCBased" ncolour="[0]" size="10.560">病</text>
                <text font="JQUZDQ+SimSun" bbox="278.880,240.395,289.440,250.955" colourspace="ICCBased" ncolour="[0]" size="10.560">理</text>
                <text font="JQUZDQ+SimSun" bbox="289.440,240.395,300.000,250.955" colourspace="ICCBased" ncolour="[0]" size="10.560">学</text>
                <text font="JQUZDQ+SimSun" bbox="300.000,240.395,310.560,250.955" colourspace="ICCBased" ncolour="[0]" size="10.560">诊</text>
                <text font="JQUZDQ+SimSun" bbox="310.320,240.395,320.880,250.955" colourspace="ICCBased" ncolour="[0]" size="10.560">断</text>
                <text font="JQUZDQ+SimSun" bbox="320.880,240.395,331.440,250.955" colourspace="ICCBased" ncolour="[0]" size="10.560">；</text>
                <text font="JTTPDQ+SimSun" bbox="331.202,240.395,336.482,250.955" colourspace="ICCBased" ncolour="[0]" size="10.560"> </text>
                <text>
                </text>
            </textline>
            <textline bbox="210.480,224.797,381.119,235.357">
                <text font="JQUZDQ+SimSun" bbox="210.480,224.797,221.040,235.357" colourspace="ICCBased" ncolour="[0]" size="10.560">（</text>
                <text font="JTTPDQ+SimSun" bbox="221.040,224.797,226.320,235.357" colourspace="ICCBased" ncolour="[0]" size="10.560">2</text>
                <text font="JQUZDQ+SimSun" bbox="226.320,224.797,236.880,235.357" colourspace="ICCBased" ncolour="[0]" size="10.560">）</text>
                <text font="JTTPDQ+SimSun" bbox="236.880,224.797,242.160,235.357" colourspace="ICCBased" ncolour="[0]" size="10.560">C</text>
                <text font="JTTPDQ+SimSun" bbox="242.160,224.797,247.440,235.357" colourspace="ICCBased" ncolour="[0]" size="10.560">T</text>
                <text> </text>
                <text font="JQUZDQ+SimSun" bbox="250.080,224.797,260.640,235.357" colourspace="ICCBased" ncolour="[0]" size="10.560">显</text>
                <text font="JQUZDQ+SimSun" bbox="260.640,224.797,271.200,235.357" colourspace="ICCBased" ncolour="[0]" size="10.560">示</text>
                <text font="JQUZDQ+SimSun" bbox="270.960,224.797,281.520,235.357" colourspace="ICCBased" ncolour="[0]" size="10.560">双</text>
                <text font="JQUZDQ+SimSun" bbox="281.520,224.797,292.080,235.357" colourspace="ICCBased" ncolour="[0]" size="10.560">肺</text>
                <text font="JQUZDQ+SimSun" bbox="292.080,224.797,302.640,235.357" colourspace="ICCBased" ncolour="[0]" size="10.560">弥</text>
                <text font="JQUZDQ+SimSun" bbox="302.401,224.797,312.961,235.357" colourspace="ICCBased" ncolour="[0]" size="10.560">漫</text>
                <text font="JQUZDQ+SimSun" bbox="312.961,224.797,323.521,235.357" colourspace="ICCBased" ncolour="[0]" size="10.560">性</text>
                <text font="JQUZDQ+SimSun" bbox="323.521,224.797,334.081,235.357" colourspace="ICCBased" ncolour="[0]" size="10.560">囊</text>
                <text font="JQUZDQ+SimSun" bbox="334.081,224.797,344.641,235.357" colourspace="ICCBased" ncolour="[0]" size="10.560">性</text>
                <text font="JQUZDQ+SimSun" bbox="344.400,224.797,354.960,235.357" colourspace="ICCBased" ncolour="[0]" size="10.560">改</text>
                <text font="JQUZDQ+SimSun" bbox="354.960,224.797,365.520,235.357" colourspace="ICCBased" ncolour="[0]" size="10.560">变</text>
                <text font="JQUZDQ+SimSun" bbox="365.520,224.797,376.080,235.357" colourspace="ICCBased" ncolour="[0]" size="10.560">；</text>
                <text font="JTTPDQ+SimSun" bbox="375.839,224.797,381.119,235.357" colourspace="ICCBased" ncolour="[0]" size="10.560"> </text>
                <text>
                </text>
            </textline>
            <textline bbox="210.480,209.200,336.482,219.760">
                <text font="JQUZDQ+SimSun" bbox="210.480,209.200,221.040,219.760" colourspace="ICCBased" ncolour="[0]" size="10.560">（</text>
                <text font="JTTPDQ+SimSun" bbox="221.040,209.200,226.320,219.760" colourspace="ICCBased" ncolour="[0]" size="10.560">3</text>
                <text font="JQUZDQ+SimSun" bbox="226.320,209.200,236.880,219.760" colourspace="ICCBased" ncolour="[0]" size="10.560">）</text>
                <text font="JQUZDQ+SimSun" bbox="236.880,209.200,247.440,219.760" colourspace="ICCBased" ncolour="[0]" size="10.560">血</text>
                <text font="JQUZDQ+SimSun" bbox="247.440,209.200,258.000,219.760" colourspace="ICCBased" ncolour="[0]" size="10.560">气</text>
                <text font="JQUZDQ+SimSun" bbox="258.000,209.200,268.560,219.760" colourspace="ICCBased" ncolour="[0]" size="10.560">提</text>
                <text font="JQUZDQ+SimSun" bbox="268.320,209.200,278.880,219.760" colourspace="ICCBased" ncolour="[0]" size="10.560">示</text>
                <text font="JQUZDQ+SimSun" bbox="278.880,209.200,289.440,219.760" colourspace="ICCBased" ncolour="[0]" size="10.560">低</text>
                <text font="JQUZDQ+SimSun" bbox="289.440,209.200,300.000,219.760" colourspace="ICCBased" ncolour="[0]" size="10.560">氧</text>
                <text font="JQUZDQ+SimSun" bbox="300.000,209.200,310.560,219.760" colourspace="ICCBased" ncolour="[0]" size="10.560">血</text>
                <text font="JQUZDQ+SimSun" bbox="310.320,209.200,320.880,219.760" colourspace="ICCBased" ncolour="[0]" size="10.560">症</text>
                <text font="JQUZDQ+SimSun" bbox="320.880,209.200,331.440,219.760" colourspace="ICCBased" ncolour="[0]" size="10.560">。</text>
                <text font="JTTPDQ+SimSun" bbox="331.202,209.200,336.482,219.760" colourspace="ICCBased" ncolour="[0]" size="10.560"> </text>
                <text>
                </text>
            </textline>
            <textline bbox="210.480,193.589,215.760,204.149">
                <text font="JTTPDQ+SimSun" bbox="210.480,193.589,215.760,204.149" colourspace="ICCBased" ncolour="[0]" size="10.560"> </text>
                <text>
                </text>
            </textline>
        </textbox>
        <textbox id="19" bbox="63.600,132.629,547.199,204.149">
            <textline bbox="68.880,193.589,74.160,204.149">
                <text font="JTTPDQ+SimSun" bbox="68.880,193.589,74.160,204.149" colourspace="ICCBased" ncolour="[0]" size="10.560"> </text>
                <text>
                </text>
            </textline>
            <textline bbox="63.600,178.608,547.199,190.608">
                <text font="JTTPDQ+SimSun" bbox="63.600,179.429,68.880,189.989" colourspace="ICCBased" ncolour="[0]" size="10.560">3</text>
                <text font="JTTPDQ+SimSun" bbox="68.880,179.429,74.160,189.989" colourspace="ICCBased" ncolour="[0]" size="10.560">4</text>
                <text font="JTTPDQ+SimSun" bbox="74.160,179.429,79.440,189.989" colourspace="ICCBased" ncolour="[0]" size="10.560"> </text>
                <text> </text>
                <text font="ERELLA+STXinwei" bbox="97.440,178.608,109.440,190.608" colourspace="ICCBased" ncolour="[0]" size="12.000">肺</text>
                <text font="ERELLA+STXinwei" bbox="109.440,178.608,121.440,190.608" colourspace="ICCBased" ncolour="[0]" size="12.000">泡</text>
                <text font="ERELLA+STXinwei" bbox="121.440,178.608,133.440,190.608" colourspace="ICCBased" ncolour="[0]" size="12.000">蛋</text>
                <text font="ERELLA+STXinwei" bbox="133.440,178.608,145.440,190.608" colourspace="ICCBased" ncolour="[0]" size="12.000">白</text>
                <text font="ERELLA+STXinwei" bbox="145.440,178.608,157.440,190.608" colourspace="ICCBased" ncolour="[0]" size="12.000">质</text>
                <text font="ERELLA+STXinwei" bbox="157.440,178.608,169.440,190.608" colourspace="ICCBased" ncolour="[0]" size="12.000">沉</text>
                <text font="ERELLA+STXinwei" bbox="169.440,178.608,181.440,190.608" colourspace="ICCBased" ncolour="[0]" size="12.000">积</text>
                <text font="ERELLA+STXinwei" bbox="181.440,178.608,193.440,190.608" colourspace="ICCBased" ncolour="[0]" size="12.000">症</text>
                <text font="ERELLA+STXinwei" bbox="193.440,178.608,196.368,190.608" colourspace="ICCBased" ncolour="[0]" size="12.000"> </text>
                <text> </text>
                <text font="JQUZDQ+SimSun" bbox="210.480,179.429,221.040,189.989" colourspace="ICCBased" ncolour="[0]" size="10.560">指</text>
                <text font="JQUZDQ+SimSun" bbox="221.040,179.429,231.600,189.989" colourspace="ICCBased" ncolour="[0]" size="10.560">肺</text>
                <text font="JQUZDQ+SimSun" bbox="231.600,179.429,242.160,189.989" colourspace="ICCBased" ncolour="[0]" size="10.560">泡</text>
                <text font="JQUZDQ+SimSun" bbox="242.160,179.429,252.720,189.989" colourspace="ICCBased" ncolour="[0]" size="10.560">和</text>
                <text font="JQUZDQ+SimSun" bbox="252.720,179.429,263.280,189.989" colourspace="ICCBased" ncolour="[0]" size="10.560">细</text>
                <text font="JQUZDQ+SimSun" bbox="263.040,179.429,273.600,189.989" colourspace="ICCBased" ncolour="[0]" size="10.560">支</text>
                <text font="JQUZDQ+SimSun" bbox="273.600,179.429,284.160,189.989" colourspace="ICCBased" ncolour="[0]" size="10.560">气</text>
                <text font="JQUZDQ+SimSun" bbox="284.160,179.429,294.720,189.989" colourspace="ICCBased" ncolour="[0]" size="10.560">管</text>
                <text font="JQUZDQ+SimSun" bbox="294.720,179.429,305.280,189.989" colourspace="ICCBased" ncolour="[0]" size="10.560">腔</text>
                <text font="JQUZDQ+SimSun" bbox="305.040,179.429,315.600,189.989" colourspace="ICCBased" ncolour="[0]" size="10.560">内</text>
                <text font="JQUZDQ+SimSun" bbox="315.600,179.429,326.160,189.989" colourspace="ICCBased" ncolour="[0]" size="10.560">充</text>
                <text font="JQUZDQ+SimSun" bbox="326.160,179.429,336.720,189.989" colourspace="ICCBased" ncolour="[0]" size="10.560">满</text>
                <text font="JQUZDQ+SimSun" bbox="336.720,179.429,347.280,189.989" colourspace="ICCBased" ncolour="[0]" size="10.560">不</text>
                <text font="JQUZDQ+SimSun" bbox="347.040,179.429,357.600,189.989" colourspace="ICCBased" ncolour="[0]" size="10.560">可</text>
                <text font="JQUZDQ+SimSun" bbox="357.600,179.429,368.160,189.989" colourspace="ICCBased" ncolour="[0]" size="10.560">溶</text>
                <text font="JQUZDQ+SimSun" bbox="368.160,179.429,378.720,189.989" colourspace="ICCBased" ncolour="[0]" size="10.560">性</text>
                <text font="JQUZDQ+SimSun" bbox="378.720,179.429,389.280,189.989" colourspace="ICCBased" ncolour="[0]" size="10.560">富</text>
                <text font="JQUZDQ+SimSun" bbox="389.040,179.429,399.600,189.989" colourspace="ICCBased" ncolour="[0]" size="10.560">磷</text>
                <text font="JQUZDQ+SimSun" bbox="399.600,179.429,410.160,189.989" colourspace="ICCBased" ncolour="[0]" size="10.560">脂</text>
                <text font="JQUZDQ+SimSun" bbox="410.160,179.429,420.720,189.989" colourspace="ICCBased" ncolour="[0]" size="10.560">蛋</text>
                <text font="JQUZDQ+SimSun" bbox="420.720,179.429,431.280,189.989" colourspace="ICCBased" ncolour="[0]" size="10.560">白</text>
                <text font="JQUZDQ+SimSun" bbox="431.040,179.429,441.600,189.989" colourspace="ICCBased" ncolour="[0]" size="10.560">的</text>
                <text font="JQUZDQ+SimSun" bbox="441.600,179.429,452.160,189.989" colourspace="ICCBased" ncolour="[0]" size="10.560">疾</text>
                <text font="JQUZDQ+SimSun" bbox="451.920,179.429,462.480,189.989" colourspace="ICCBased" ncolour="[0]" size="10.560">病</text>
                <text font="JQUZDQ+SimSun" bbox="462.480,179.429,473.040,189.989" colourspace="ICCBased" ncolour="[0]" size="10.560">，</text>
                <text font="JQUZDQ+SimSun" bbox="473.040,179.429,483.600,189.989" colourspace="ICCBased" ncolour="[0]" size="10.560">胸</text>
                <text font="JQUZDQ+SimSun" bbox="483.600,179.429,494.160,189.989" colourspace="ICCBased" ncolour="[0]" size="10.560">部</text>
                <text> </text>
                <text font="JTTPDQ+SimSun" bbox="497.036,179.429,502.316,189.989" colourspace="ICCBased" ncolour="[0]" size="10.560">X</text>
                <text> </text>
                <text font="JQUZDQ+SimSun" bbox="505.199,179.429,515.759,189.989" colourspace="ICCBased" ncolour="[0]" size="10.560">线</text>
                <text font="JQUZDQ+SimSun" bbox="515.519,179.429,526.079,189.989" colourspace="ICCBased" ncolour="[0]" size="10.560">呈</text>
                <text font="JQUZDQ+SimSun" bbox="526.079,179.429,536.639,189.989" colourspace="ICCBased" ncolour="[0]" size="10.560">双</text>
                <text font="JQUZDQ+SimSun" bbox="536.639,179.429,547.199,189.989" colourspace="ICCBased" ncolour="[0]" size="10.560">肺</text>
                <text>
                </text>
            </textline>
            <textline bbox="210.480,163.832,546.960,174.392">
                <text font="JQUZDQ+SimSun" bbox="210.480,163.832,221.040,174.392" colourspace="ICCBased" ncolour="[0]" size="10.560">弥</text>
                <text font="JQUZDQ+SimSun" bbox="221.040,163.832,231.600,174.392" colourspace="ICCBased" ncolour="[0]" size="10.560">漫</text>
                <text font="JQUZDQ+SimSun" bbox="231.600,163.832,242.160,174.392" colourspace="ICCBased" ncolour="[0]" size="10.560">性</text>
                <text font="JQUZDQ+SimSun" bbox="242.160,163.832,252.720,174.392" colourspace="ICCBased" ncolour="[0]" size="10.560">肺</text>
                <text font="JQUZDQ+SimSun" bbox="252.720,163.832,263.280,174.392" colourspace="ICCBased" ncolour="[0]" size="10.560">部</text>
                <text font="JQUZDQ+SimSun" bbox="263.040,163.832,273.600,174.392" colourspace="ICCBased" ncolour="[0]" size="10.560">磨</text>
                <text font="JQUZDQ+SimSun" bbox="273.600,163.832,284.160,174.392" colourspace="ICCBased" ncolour="[0]" size="10.560">玻</text>
                <text font="JQUZDQ+SimSun" bbox="284.160,163.832,294.720,174.392" colourspace="ICCBased" ncolour="[0]" size="10.560">璃</text>
                <text font="JQUZDQ+SimSun" bbox="294.720,163.832,305.280,174.392" colourspace="ICCBased" ncolour="[0]" size="10.560">影</text>
                <text font="JQUZDQ+SimSun" bbox="305.280,163.832,315.840,174.392" colourspace="ICCBased" ncolour="[0]" size="10.560">，</text>
                <text font="JQUZDQ+SimSun" bbox="314.160,163.832,324.720,174.392" colourspace="ICCBased" ncolour="[0]" size="10.560">病</text>
                <text font="JQUZDQ+SimSun" bbox="324.480,163.832,335.040,174.392" colourspace="ICCBased" ncolour="[0]" size="10.560">理</text>
                <text font="JQUZDQ+SimSun" bbox="335.040,163.832,345.600,174.392" colourspace="ICCBased" ncolour="[0]" size="10.560">学</text>
                <text font="JQUZDQ+SimSun" bbox="345.600,163.832,356.160,174.392" colourspace="ICCBased" ncolour="[0]" size="10.560">检</text>
                <text font="JQUZDQ+SimSun" bbox="356.160,163.832,366.720,174.392" colourspace="ICCBased" ncolour="[0]" size="10.560">查</text>
                <text font="JQUZDQ+SimSun" bbox="366.480,163.832,377.040,174.392" colourspace="ICCBased" ncolour="[0]" size="10.560">肺</text>
                <text font="JQUZDQ+SimSun" bbox="377.040,163.832,387.600,174.392" colourspace="ICCBased" ncolour="[0]" size="10.560">泡</text>
                <text font="JQUZDQ+SimSun" bbox="387.600,163.832,398.160,174.392" colourspace="ICCBased" ncolour="[0]" size="10.560">内</text>
                <text font="JQUZDQ+SimSun" bbox="398.160,163.832,408.720,174.392" colourspace="ICCBased" ncolour="[0]" size="10.560">充</text>
                <text font="JQUZDQ+SimSun" bbox="408.480,163.832,419.040,174.392" colourspace="ICCBased" ncolour="[0]" size="10.560">满</text>
                <text font="JQUZDQ+SimSun" bbox="419.040,163.832,429.600,174.392" colourspace="ICCBased" ncolour="[0]" size="10.560">有</text>
                <text font="JQUZDQ+SimSun" bbox="429.600,163.832,440.160,174.392" colourspace="ICCBased" ncolour="[0]" size="10.560">过</text>
                <text font="JQUZDQ+SimSun" bbox="439.920,163.832,450.480,174.392" colourspace="ICCBased" ncolour="[0]" size="10.560">碘</text>
                <text font="JQUZDQ+SimSun" bbox="450.241,163.832,460.801,174.392" colourspace="ICCBased" ncolour="[0]" size="10.560">酸</text>
                <text font="JQUZDQ+SimSun" bbox="460.801,163.832,471.361,174.392" colourspace="ICCBased" ncolour="[0]" size="10.560">雪</text>
                <text font="JQUZDQ+SimSun" bbox="471.361,163.832,481.921,174.392" colourspace="ICCBased" ncolour="[0]" size="10.560">夫</text>
                <text font="JQUZDQ+SimSun" bbox="480.239,163.832,490.799,174.392" colourspace="ICCBased" ncolour="[0]" size="10.560">（</text>
                <text font="JTTPDQ+SimSun" bbox="490.799,163.832,496.079,174.392" colourspace="ICCBased" ncolour="[0]" size="10.560">P</text>
                <text font="JTTPDQ+SimSun" bbox="496.079,163.832,501.359,174.392" colourspace="ICCBased" ncolour="[0]" size="10.560">A</text>
                <text font="JTTPDQ+SimSun" bbox="501.359,163.832,506.639,174.392" colourspace="ICCBased" ncolour="[0]" size="10.560">S</text>
                <text font="JQUZDQ+SimSun" bbox="506.639,163.832,517.199,174.392" colourspace="ICCBased" ncolour="[0]" size="10.560">）</text>
                <text font="JQUZDQ+SimSun" bbox="515.520,163.832,526.080,174.392" colourspace="ICCBased" ncolour="[0]" size="10.560">染</text>
                <text font="JQUZDQ+SimSun" bbox="526.080,163.832,536.640,174.392" colourspace="ICCBased" ncolour="[0]" size="10.560">色</text>
                <text font="JQUZDQ+SimSun" bbox="536.400,163.832,546.960,174.392" colourspace="ICCBased" ncolour="[0]" size="10.560">阳</text>
                <text>
                </text>
            </textline>
            <textline bbox="210.480,148.235,415.196,158.795">
                <text font="JQUZDQ+SimSun" bbox="210.480,148.235,221.040,158.795" colourspace="ICCBased" ncolour="[0]" size="10.560">性</text>
                <text font="JQUZDQ+SimSun" bbox="221.040,148.235,231.600,158.795" colourspace="ICCBased" ncolour="[0]" size="10.560">的</text>
                <text font="JQUZDQ+SimSun" bbox="231.600,148.235,242.160,158.795" colourspace="ICCBased" ncolour="[0]" size="10.560">蛋</text>
                <text font="JQUZDQ+SimSun" bbox="242.160,148.235,252.720,158.795" colourspace="ICCBased" ncolour="[0]" size="10.560">白</text>
                <text font="JQUZDQ+SimSun" bbox="252.720,148.235,263.280,158.795" colourspace="ICCBased" ncolour="[0]" size="10.560">样</text>
                <text font="JQUZDQ+SimSun" bbox="263.040,148.235,273.600,158.795" colourspace="ICCBased" ncolour="[0]" size="10.560">物</text>
                <text font="JQUZDQ+SimSun" bbox="273.600,148.235,284.160,158.795" colourspace="ICCBased" ncolour="[0]" size="10.560">质</text>
                <text font="JQUZDQ+SimSun" bbox="284.160,148.235,294.720,158.795" colourspace="ICCBased" ncolour="[0]" size="10.560">，</text>
                <text font="JQUZDQ+SimSun" bbox="294.720,148.235,305.280,158.795" colourspace="ICCBased" ncolour="[0]" size="10.560">并</text>
                <text font="JQUZDQ+SimSun" bbox="305.040,148.235,315.600,158.795" colourspace="ICCBased" ncolour="[0]" size="10.560">且</text>
                <text font="JQUZDQ+SimSun" bbox="315.600,148.235,326.160,158.795" colourspace="ICCBased" ncolour="[0]" size="10.560">接</text>
                <text font="JQUZDQ+SimSun" bbox="326.160,148.235,336.720,158.795" colourspace="ICCBased" ncolour="[0]" size="10.560">受</text>
                <text font="JQUZDQ+SimSun" bbox="336.720,148.235,347.280,158.795" colourspace="ICCBased" ncolour="[0]" size="10.560">了</text>
                <text font="JQUZDQ+SimSun" bbox="347.040,148.235,357.600,158.795" colourspace="ICCBased" ncolour="[0]" size="10.560">肺</text>
                <text font="JQUZDQ+SimSun" bbox="357.600,148.235,368.160,158.795" colourspace="ICCBased" ncolour="[0]" size="10.560">灌</text>
                <text font="JQUZDQ+SimSun" bbox="368.160,148.235,378.720,158.795" colourspace="ICCBased" ncolour="[0]" size="10.560">洗</text>
                <text font="JQUZDQ+SimSun" bbox="378.720,148.235,389.280,158.795" colourspace="ICCBased" ncolour="[0]" size="10.560">治</text>
                <text font="JQUZDQ+SimSun" bbox="389.040,148.235,399.600,158.795" colourspace="ICCBased" ncolour="[0]" size="10.560">疗</text>
                <text font="JQUZDQ+SimSun" bbox="399.600,148.235,410.160,158.795" colourspace="ICCBased" ncolour="[0]" size="10.560">。</text>
                <text font="JTTPDQ+SimSun" bbox="409.916,148.235,415.196,158.795" colourspace="ICCBased" ncolour="[0]" size="10.560"> </text>
                <text>
                </text>
            </textline>
            <textline bbox="210.480,132.629,215.760,143.189">
                <text font="JTTPDQ+SimSun" bbox="210.480,132.629,215.760,143.189" colourspace="ICCBased" ncolour="[0]" size="10.560"> </text>
                <text>
                </text>
            </textline>
        </textbox>
        <textbox id="20" bbox="97.440,192.768,100.368,204.768">
            <textline bbox="97.440,192.768,100.368,204.768">
                <text font="ERELLA+STXinwei" bbox="97.440,192.768,100.368,204.768" colourspace="ICCBased" ncolour="[0]" size="12.000"> </text>
                <text>
                </text>
            </textline>
        </textbox>
        <textbox id="21" bbox="97.440,131.808,100.368,143.808">
            <textline bbox="97.440,131.808,100.368,143.808">
                <text font="ERELLA+STXinwei" bbox="97.440,131.808,100.368,143.808" colourspace="ICCBased" ncolour="[0]" size="12.000"> </text>
                <text>
                </text>
            </textline>
        </textbox>
        <textbox id="22" bbox="51.120,132.629,56.400,143.189">
            <textline bbox="51.120,132.629,56.400,143.189">
                <text font="JTTPDQ+SimSun" bbox="51.120,132.629,56.400,143.189" colourspace="ICCBased" ncolour="[0]" size="10.560"> </text>
                <text>
                </text>
            </textline>
        </textbox>
        <textbox id="23" bbox="63.600,71.677,547.200,129.648">
            <textline bbox="63.600,117.648,547.200,129.648">
                <text font="JTTPDQ+SimSun" bbox="63.600,118.469,68.880,129.029" colourspace="ICCBased" ncolour="[0]" size="10.560">3</text>
                <text font="JTTPDQ+SimSun" bbox="68.880,118.469,74.160,129.029" colourspace="ICCBased" ncolour="[0]" size="10.560">5</text>
                <text font="JTTPDQ+SimSun" bbox="74.160,118.469,79.440,129.029" colourspace="ICCBased" ncolour="[0]" size="10.560"> </text>
                <text> </text>
                <text font="ERELLA+STXinwei" bbox="97.440,117.648,109.440,129.648" colourspace="ICCBased" ncolour="[0]" size="12.000">慢</text>
                <text font="ERELLA+STXinwei" bbox="109.440,117.648,121.440,129.648" colourspace="ICCBased" ncolour="[0]" size="12.000">性</text>
                <text font="ERELLA+STXinwei" bbox="121.440,117.648,133.440,129.648" colourspace="ICCBased" ncolour="[0]" size="12.000">复</text>
                <text font="ERELLA+STXinwei" bbox="133.440,117.648,145.440,129.648" colourspace="ICCBased" ncolour="[0]" size="12.000">发</text>
                <text font="ERELLA+STXinwei" bbox="145.440,117.648,157.440,129.648" colourspace="ICCBased" ncolour="[0]" size="12.000">性</text>
                <text font="ERELLA+STXinwei" bbox="157.440,117.648,169.440,129.648" colourspace="ICCBased" ncolour="[0]" size="12.000">胰</text>
                <text font="ERELLA+STXinwei" bbox="169.440,117.648,181.440,129.648" colourspace="ICCBased" ncolour="[0]" size="12.000">腺</text>
                <text font="ERELLA+STXinwei" bbox="181.440,117.648,193.440,129.648" colourspace="ICCBased" ncolour="[0]" size="12.000">炎</text>
                <text font="ERELLA+STXinwei" bbox="193.440,117.648,196.368,129.648" colourspace="ICCBased" ncolour="[0]" size="12.000"> </text>
                <text> </text>
                <text font="JQUZDQ+SimSun" bbox="210.480,118.469,221.040,129.029" colourspace="ICCBased" ncolour="[0]" size="10.560">有</text>
                <text font="JQUZDQ+SimSun" bbox="221.040,118.469,231.600,129.029" colourspace="ICCBased" ncolour="[0]" size="10.560">腹</text>
                <text font="JQUZDQ+SimSun" bbox="231.600,118.469,242.160,129.029" colourspace="ICCBased" ncolour="[0]" size="10.560">痛</text>
                <text font="JQUZDQ+SimSun" bbox="242.160,118.469,252.720,129.029" colourspace="ICCBased" ncolour="[0]" size="10.560">等</text>
                <text font="JQUZDQ+SimSun" bbox="252.720,118.469,263.280,129.029" colourspace="ICCBased" ncolour="[0]" size="10.560">典</text>
                <text font="JQUZDQ+SimSun" bbox="263.280,118.469,273.840,129.029" colourspace="ICCBased" ncolour="[0]" size="10.560">型</text>
                <text font="JQUZDQ+SimSun" bbox="273.840,118.469,284.400,129.029" colourspace="ICCBased" ncolour="[0]" size="10.560">症</text>
                <text font="JQUZDQ+SimSun" bbox="284.160,118.469,294.720,129.029" colourspace="ICCBased" ncolour="[0]" size="10.560">状</text>
                <text font="JQUZDQ+SimSun" bbox="294.720,118.469,305.280,129.029" colourspace="ICCBased" ncolour="[0]" size="10.560">的</text>
                <text font="JQUZDQ+SimSun" bbox="305.280,118.469,315.840,129.029" colourspace="ICCBased" ncolour="[0]" size="10.560">胰</text>
                <text font="JQUZDQ+SimSun" bbox="315.840,118.469,326.400,129.029" colourspace="ICCBased" ncolour="[0]" size="10.560">腺</text>
                <text font="JQUZDQ+SimSun" bbox="326.400,118.469,336.960,129.029" colourspace="ICCBased" ncolour="[0]" size="10.560">炎</text>
                <text font="JQUZDQ+SimSun" bbox="336.960,118.469,347.520,129.029" colourspace="ICCBased" ncolour="[0]" size="10.560">反</text>
                <text font="JQUZDQ+SimSun" bbox="347.280,118.469,357.840,129.029" colourspace="ICCBased" ncolour="[0]" size="10.560">复</text>
                <text font="JQUZDQ+SimSun" bbox="357.840,118.469,368.400,129.029" colourspace="ICCBased" ncolour="[0]" size="10.560">发</text>
                <text font="JQUZDQ+SimSun" bbox="368.400,118.469,378.960,129.029" colourspace="ICCBased" ncolour="[0]" size="10.560">作</text>
                <text font="JQUZDQ+SimSun" bbox="378.960,118.469,389.520,129.029" colourspace="ICCBased" ncolour="[0]" size="10.560">，</text>
                <text font="JQUZDQ+SimSun" bbox="389.520,118.469,400.080,129.029" colourspace="ICCBased" ncolour="[0]" size="10.560">导</text>
                <text font="JQUZDQ+SimSun" bbox="399.840,118.469,410.400,129.029" colourspace="ICCBased" ncolour="[0]" size="10.560">致</text>
                <text font="JQUZDQ+SimSun" bbox="410.400,118.469,420.960,129.029" colourspace="ICCBased" ncolour="[0]" size="10.560">胰</text>
                <text font="JQUZDQ+SimSun" bbox="420.960,118.469,431.520,129.029" colourspace="ICCBased" ncolour="[0]" size="10.560">腺</text>
                <text font="JQUZDQ+SimSun" bbox="431.520,118.469,442.080,129.029" colourspace="ICCBased" ncolour="[0]" size="10.560">进</text>
                <text font="JQUZDQ+SimSun" bbox="442.080,118.469,452.640,129.029" colourspace="ICCBased" ncolour="[0]" size="10.560">行</text>
                <text font="JQUZDQ+SimSun" bbox="452.400,118.469,462.960,129.029" colourspace="ICCBased" ncolour="[0]" size="10.560">性</text>
                <text font="JQUZDQ+SimSun" bbox="462.960,118.469,473.520,129.029" colourspace="ICCBased" ncolour="[0]" size="10.560">破</text>
                <text font="JQUZDQ+SimSun" bbox="473.520,118.469,484.080,129.029" colourspace="ICCBased" ncolour="[0]" size="10.560">坏</text>
                <text font="JQUZDQ+SimSun" bbox="484.080,118.469,494.640,129.029" colourspace="ICCBased" ncolour="[0]" size="10.560">、</text>
                <text font="JQUZDQ+SimSun" bbox="494.640,118.469,505.200,129.029" colourspace="ICCBased" ncolour="[0]" size="10.560">胰</text>
                <text font="JQUZDQ+SimSun" bbox="505.200,118.469,515.760,129.029" colourspace="ICCBased" ncolour="[0]" size="10.560">腺</text>
                <text font="JQUZDQ+SimSun" bbox="515.760,118.469,526.320,129.029" colourspace="ICCBased" ncolour="[0]" size="10.560">功</text>
                <text font="JQUZDQ+SimSun" bbox="526.080,118.469,536.640,129.029" colourspace="ICCBased" ncolour="[0]" size="10.560">能</text>
                <text font="JQUZDQ+SimSun" bbox="536.640,118.469,547.200,129.029" colourspace="ICCBased" ncolour="[0]" size="10.560">紊</text>
                <text>
                </text>
            </textline>
            <textline bbox="210.480,102.872,547.198,113.432">
                <text font="JQUZDQ+SimSun" bbox="210.480,102.872,221.040,113.432" colourspace="ICCBased" ncolour="[0]" size="10.560">乱</text>
                <text font="JQUZDQ+SimSun" bbox="221.040,102.872,231.600,113.432" colourspace="ICCBased" ncolour="[0]" size="10.560">致</text>
                <text font="JQUZDQ+SimSun" bbox="231.600,102.872,242.160,113.432" colourspace="ICCBased" ncolour="[0]" size="10.560">糖</text>
                <text font="JQUZDQ+SimSun" bbox="242.160,102.872,252.720,113.432" colourspace="ICCBased" ncolour="[0]" size="10.560">尿</text>
                <text font="JQUZDQ+SimSun" bbox="252.720,102.872,263.280,113.432" colourspace="ICCBased" ncolour="[0]" size="10.560">病</text>
                <text font="JQUZDQ+SimSun" bbox="263.280,102.872,273.840,113.432" colourspace="ICCBased" ncolour="[0]" size="10.560">、</text>
                <text font="JQUZDQ+SimSun" bbox="272.880,102.872,283.440,113.432" colourspace="ICCBased" ncolour="[0]" size="10.560">营</text>
                <text font="JQUZDQ+SimSun" bbox="283.440,102.872,294.000,113.432" colourspace="ICCBased" ncolour="[0]" size="10.560">养</text>
                <text font="JQUZDQ+SimSun" bbox="294.000,102.872,304.560,113.432" colourspace="ICCBased" ncolour="[0]" size="10.560">不</text>
                <text font="JQUZDQ+SimSun" bbox="304.320,102.872,314.880,113.432" colourspace="ICCBased" ncolour="[0]" size="10.560">良</text>
                <text font="JQUZDQ+SimSun" bbox="314.880,102.872,325.440,113.432" colourspace="ICCBased" ncolour="[0]" size="10.560">。</text>
                <text font="JTTPDQ+SimSun" bbox="324.718,102.872,329.998,113.432" colourspace="ICCBased" ncolour="[0]" size="10.560">C</text>
                <text font="JTTPDQ+SimSun" bbox="329.998,102.872,335.278,113.432" colourspace="ICCBased" ncolour="[0]" size="10.560">T</text>
                <text> </text>
                <text font="JQUZDQ+SimSun" bbox="337.918,102.872,348.478,113.432" colourspace="ICCBased" ncolour="[0]" size="10.560">检</text>
                <text font="JQUZDQ+SimSun" bbox="348.238,102.872,358.798,113.432" colourspace="ICCBased" ncolour="[0]" size="10.560">查</text>
                <text font="JQUZDQ+SimSun" bbox="358.798,102.872,369.358,113.432" colourspace="ICCBased" ncolour="[0]" size="10.560">证</text>
                <text font="JQUZDQ+SimSun" bbox="369.358,102.872,379.918,113.432" colourspace="ICCBased" ncolour="[0]" size="10.560">实</text>
                <text font="JQUZDQ+SimSun" bbox="379.918,102.872,390.478,113.432" colourspace="ICCBased" ncolour="[0]" size="10.560">胰</text>
                <text font="JQUZDQ+SimSun" bbox="390.239,102.872,400.799,113.432" colourspace="ICCBased" ncolour="[0]" size="10.560">腺</text>
                <text font="JQUZDQ+SimSun" bbox="400.799,102.872,411.359,113.432" colourspace="ICCBased" ncolour="[0]" size="10.560">存</text>
                <text font="JQUZDQ+SimSun" bbox="411.359,102.872,421.919,113.432" colourspace="ICCBased" ncolour="[0]" size="10.560">在</text>
                <text font="JQUZDQ+SimSun" bbox="421.919,102.872,432.479,113.432" colourspace="ICCBased" ncolour="[0]" size="10.560">广</text>
                <text font="JQUZDQ+SimSun" bbox="432.238,102.872,442.798,113.432" colourspace="ICCBased" ncolour="[0]" size="10.560">泛</text>
                <text font="JQUZDQ+SimSun" bbox="442.798,102.872,453.358,113.432" colourspace="ICCBased" ncolour="[0]" size="10.560">钙</text>
                <text font="JQUZDQ+SimSun" bbox="453.118,102.872,463.678,113.432" colourspace="ICCBased" ncolour="[0]" size="10.560">化</text>
                <text font="JQUZDQ+SimSun" bbox="463.678,102.872,474.238,113.432" colourspace="ICCBased" ncolour="[0]" size="10.560">，</text>
                <text font="JQUZDQ+SimSun" bbox="473.518,102.872,484.078,113.432" colourspace="ICCBased" ncolour="[0]" size="10.560">且</text>
                <text font="JQUZDQ+SimSun" bbox="484.078,102.872,494.638,113.432" colourspace="ICCBased" ncolour="[0]" size="10.560">必</text>
                <text font="JQUZDQ+SimSun" bbox="494.638,102.872,505.198,113.432" colourspace="ICCBased" ncolour="[0]" size="10.560">须</text>
                <text font="JQUZDQ+SimSun" bbox="505.198,102.872,515.758,113.432" colourspace="ICCBased" ncolour="[0]" size="10.560">接</text>
                <text font="JQUZDQ+SimSun" bbox="515.518,102.872,526.078,113.432" colourspace="ICCBased" ncolour="[0]" size="10.560">受</text>
                <text font="JQUZDQ+SimSun" bbox="526.078,102.872,536.638,113.432" colourspace="ICCBased" ncolour="[0]" size="10.560">酶</text>
                <text font="JQUZDQ+SimSun" bbox="536.638,102.872,547.198,113.432" colourspace="ICCBased" ncolour="[0]" size="10.560">替</text>
                <text>
                </text>
            </textline>
            <textline bbox="210.480,87.275,547.200,97.835">
                <text font="JQUZDQ+SimSun" bbox="210.480,87.275,221.040,97.835" colourspace="ICCBased" ncolour="[0]" size="10.560">代</text>
                <text font="JQUZDQ+SimSun" bbox="221.040,87.275,231.600,97.835" colourspace="ICCBased" ncolour="[0]" size="10.560">以</text>
                <text font="JQUZDQ+SimSun" bbox="231.600,87.275,242.160,97.835" colourspace="ICCBased" ncolour="[0]" size="10.560">及</text>
                <text font="JQUZDQ+SimSun" bbox="242.160,87.275,252.720,97.835" colourspace="ICCBased" ncolour="[0]" size="10.560">胰</text>
                <text font="JQUZDQ+SimSun" bbox="252.720,87.275,263.280,97.835" colourspace="ICCBased" ncolour="[0]" size="10.560">岛</text>
                <text font="JQUZDQ+SimSun" bbox="263.040,87.275,273.600,97.835" colourspace="ICCBased" ncolour="[0]" size="10.560">素</text>
                <text font="JQUZDQ+SimSun" bbox="273.600,87.275,284.160,97.835" colourspace="ICCBased" ncolour="[0]" size="10.560">替</text>
                <text font="JQUZDQ+SimSun" bbox="284.160,87.275,294.720,97.835" colourspace="ICCBased" ncolour="[0]" size="10.560">代</text>
                <text font="JQUZDQ+SimSun" bbox="294.720,87.275,305.280,97.835" colourspace="ICCBased" ncolour="[0]" size="10.560">治</text>
                <text font="JQUZDQ+SimSun" bbox="305.040,87.275,315.600,97.835" colourspace="ICCBased" ncolour="[0]" size="10.560">疗</text>
                <text> </text>
                <text font="JTTPDQ+SimSun" bbox="318.477,87.275,323.757,97.835" colourspace="ICCBased" ncolour="[0]" size="10.560">6</text>
                <text> </text>
                <text font="JQUZDQ+SimSun" bbox="326.640,87.275,337.200,97.835" colourspace="ICCBased" ncolour="[0]" size="10.560">个</text>
                <text font="JQUZDQ+SimSun" bbox="337.200,87.275,347.760,97.835" colourspace="ICCBased" ncolour="[0]" size="10.560">月</text>
                <text font="JQUZDQ+SimSun" bbox="347.520,87.275,358.080,97.835" colourspace="ICCBased" ncolour="[0]" size="10.560">以</text>
                <text font="JQUZDQ+SimSun" bbox="358.080,87.275,368.640,97.835" colourspace="ICCBased" ncolour="[0]" size="10.560">上</text>
                <text font="JQUZDQ+SimSun" bbox="368.640,87.275,379.200,97.835" colourspace="ICCBased" ncolour="[0]" size="10.560">、</text>
                <text font="JQUZDQ+SimSun" bbox="379.200,87.275,389.760,97.835" colourspace="ICCBased" ncolour="[0]" size="10.560">手</text>
                <text font="JQUZDQ+SimSun" bbox="389.521,87.275,400.081,97.835" colourspace="ICCBased" ncolour="[0]" size="10.560">术</text>
                <text font="JQUZDQ+SimSun" bbox="400.081,87.275,410.641,97.835" colourspace="ICCBased" ncolour="[0]" size="10.560">或</text>
                <text font="JQUZDQ+SimSun" bbox="410.641,87.275,421.201,97.835" colourspace="ICCBased" ncolour="[0]" size="10.560">介</text>
                <text font="JQUZDQ+SimSun" bbox="421.201,87.275,431.761,97.835" colourspace="ICCBased" ncolour="[0]" size="10.560">入</text>
                <text font="JQUZDQ+SimSun" bbox="431.520,87.275,442.080,97.835" colourspace="ICCBased" ncolour="[0]" size="10.560">治</text>
                <text font="JQUZDQ+SimSun" bbox="442.080,87.275,452.640,97.835" colourspace="ICCBased" ncolour="[0]" size="10.560">疗</text>
                <text font="JQUZDQ+SimSun" bbox="452.400,87.275,462.960,97.835" colourspace="ICCBased" ncolour="[0]" size="10.560">。</text>
                <text font="JQUZDQ+SimSun" bbox="462.960,87.275,473.520,97.835" colourspace="ICCBased" ncolour="[0]" size="10.560">此</text>
                <text font="JQUZDQ+SimSun" bbox="473.520,87.275,484.080,97.835" colourspace="ICCBased" ncolour="[0]" size="10.560">病</text>
                <text font="JQUZDQ+SimSun" bbox="484.080,87.275,494.640,97.835" colourspace="ICCBased" ncolour="[0]" size="10.560">症</text>
                <text font="JQUZDQ+SimSun" bbox="494.640,87.275,505.200,97.835" colourspace="ICCBased" ncolour="[0]" size="10.560">须</text>
                <text font="JQUZDQ+SimSun" bbox="504.960,87.275,515.520,97.835" colourspace="ICCBased" ncolour="[0]" size="10.560">经</text>
                <text font="JQUZDQ+SimSun" bbox="515.520,87.275,526.080,97.835" colourspace="ICCBased" ncolour="[0]" size="10.560">专</text>
                <text font="JQUZDQ+SimSun" bbox="526.080,87.275,536.640,97.835" colourspace="ICCBased" ncolour="[0]" size="10.560">科</text>
                <text font="JQUZDQ+SimSun" bbox="536.640,87.275,547.200,97.835" colourspace="ICCBased" ncolour="[0]" size="10.560">医</text>
                <text>
                </text>
            </textline>
            <textline bbox="210.480,71.677,283.925,82.237">
                <text font="JQUZDQ+SimSun" bbox="210.480,71.677,221.040,82.237" colourspace="ICCBased" ncolour="[0]" size="10.560">生</text>
                <text font="JQUZDQ+SimSun" bbox="221.040,71.677,231.600,82.237" colourspace="ICCBased" ncolour="[0]" size="10.560">明</text>
                <text font="JQUZDQ+SimSun" bbox="231.600,71.677,242.160,82.237" colourspace="ICCBased" ncolour="[0]" size="10.560">确</text>
                <text font="JQUZDQ+SimSun" bbox="242.160,71.677,252.720,82.237" colourspace="ICCBased" ncolour="[0]" size="10.560">诊</text>
                <text font="JQUZDQ+SimSun" bbox="252.720,71.677,263.280,82.237" colourspace="ICCBased" ncolour="[0]" size="10.560">断</text>
                <text font="JQUZDQ+SimSun" bbox="263.040,71.677,273.600,82.237" colourspace="ICCBased" ncolour="[0]" size="10.560">。</text>
                <text font="JTTPDQ+SimSun" bbox="273.600,71.677,278.880,82.237" colourspace="ICCBased" ncolour="[0]" size="10.560"> </text>
                <text font="JTTPDQ+SimSun" bbox="278.645,71.677,283.925,82.237" colourspace="ICCBased" ncolour="[0]" size="10.560"> </text>
                <text>
                </text>
            </textline>
        </textbox>
        <rect linewidth="0" bbox="210.480,349.440,336.480,363.360" />
        <rect linewidth="0" bbox="210.480,333.840,299.760,347.760" />
        <rect linewidth="0" bbox="210.480,318.240,320.640,332.160" />
        <rect linewidth="0" bbox="210.480,302.640,307.680,316.560" />
        <layout>
            <textgroup bbox="51.120,71.677,552.000,783.408">
                <textgroup bbox="63.600,741.029,552.000,783.408">
                    <textbox id="0" bbox="63.600,755.568,199.680,783.408" />
                    <textbox id="1" bbox="210.480,741.029,552.000,782.789" />
                </textgroup>
                <textgroup bbox="51.120,71.677,547.218,735.989">
                    <textgroup bbox="51.120,288.629,547.218,735.989">
                        <textgroup bbox="51.120,443.568,199.680,627.408">
                            <textgroup bbox="51.120,582.528,199.680,627.408">
                                <textgroup bbox="51.120,582.528,112.368,627.408">
                                    <textbox id="2" bbox="51.120,616.229,56.400,626.789" />
                                    <textgroup bbox="97.440,582.528,112.368,627.408">
                                        <textbox id="3" bbox="97.440,615.408,100.368,627.408" />
                                        <textbox id="4" bbox="97.440,582.528,112.368,594.528" />
                                    </textgroup>
                                </textgroup>
                                <textbox id="5" bbox="63.600,598.368,199.680,610.368" />
                            </textgroup>
                            <textgroup bbox="63.600,443.568,199.680,485.568">
                                <textgroup bbox="63.600,459.408,199.680,485.568">
                                    <textbox id="6" bbox="97.440,473.568,100.368,485.568" />
                                    <textbox id="7" bbox="63.600,459.408,199.680,484.949" />
                                </textgroup>
                                <textbox id="8" bbox="97.440,443.568,136.368,455.568" />
                            </textgroup>
                        </textgroup>
                        <textgroup bbox="210.469,288.629,547.218,735.989">
                            <textgroup bbox="210.469,397.829,547.218,735.989">
                                <textbox id="9" bbox="236.640,725.429,294.480,735.989" />
                                <textgroup bbox="210.469,397.829,547.218,720.392">
                                    <textgroup bbox="210.475,521.203,547.207,720.392">
                                        <textgroup bbox="210.475,536.800,547.207,720.392">
                                            <textbox id="10" bbox="210.475,616.229,547.197,720.392" />
                                            <textbox id="11" bbox="210.480,536.800,547.207,609.749" />
                                        </textgroup>
                                        <textbox id="12" bbox="236.648,521.203,449.273,531.763" />
                                    </textgroup>
                                    <textbox id="13" bbox="210.469,397.829,547.218,516.166" />
                                </textgroup>
                            </textgroup>
                            <textgroup bbox="210.475,288.629,420.471,392.789">
                                <textbox id="14" bbox="236.640,382.229,341.757,392.789" />
                                <textbox id="15" bbox="210.475,288.629,420.471,377.192" />
                            </textgroup>
                        </textgroup>
                    </textgroup>
                    <textgroup bbox="51.120,71.677,547.200,299.808">
                        <textgroup bbox="63.600,270.768,184.368,299.808">
                            <textbox id="16" bbox="97.440,287.808,100.368,299.808" />
                            <textbox id="17" bbox="63.600,270.768,184.368,299.189" />
                        </textgroup>
                        <textgroup bbox="51.120,71.677,547.200,282.149">
                            <textbox id="18" bbox="210.480,193.589,547.200,282.149" />
                            <textgroup bbox="51.120,71.677,547.200,204.768">
                                <textgroup bbox="51.120,131.808,547.199,204.768">
                                    <textgroup bbox="63.600,131.808,547.199,204.768">
                                        <textbox id="19" bbox="63.600,132.629,547.199,204.149" />
                                        <textgroup bbox="97.440,131.808,100.368,204.768">
                                            <textbox id="20" bbox="97.440,192.768,100.368,204.768" />
                                            <textbox id="21" bbox="97.440,131.808,100.368,143.808" />
                                        </textgroup>
                                    </textgroup>
                                    <textbox id="22" bbox="51.120,132.629,56.400,143.189" />
                                </textgroup>
                                <textbox id="23" bbox="63.600,71.677,547.200,129.648" />
                            </textgroup>
                        </textgroup>
                    </textgroup>
                </textgroup>
            </textgroup>
        </layout>
    </page>
    <page id="13" bbox="0.000,0.000,595.200,841.920" rotate="0">
        <textbox id="0" bbox="97.440,755.808,100.368,767.808">
            <textline bbox="97.440,755.808,100.368,767.808">
                <text font="ERELLA+STXinwei" bbox="97.440,755.808,100.368,767.808" colourspace="ICCBased" ncolour="[0]" size="12.000"> </text>
                <text>
                </text>
            </textline>
        </textbox>
        <textbox id="1" bbox="63.600,725.568,199.680,767.189">
            <textline bbox="68.880,756.629,74.160,767.189">
                <text font="JTTPDQ+SimSun" bbox="68.880,756.629,74.160,767.189" colourspace="ICCBased" ncolour="[0]" size="10.560"> </text>
                <text>
                </text>
            </textline>
            <textline bbox="63.600,741.648,199.680,753.648">
                <text font="JTTPDQ+SimSun" bbox="63.600,742.469,68.880,753.029" colourspace="ICCBased" ncolour="[0]" size="10.560">3</text>
                <text font="JTTPDQ+SimSun" bbox="68.880,742.469,74.160,753.029" colourspace="ICCBased" ncolour="[0]" size="10.560">6</text>
                <text font="JTTPDQ+SimSun" bbox="74.160,742.469,79.440,753.029" colourspace="ICCBased" ncolour="[0]" size="10.560"> </text>
                <text> </text>
                <text font="ERELLA+STXinwei" bbox="97.440,741.648,109.440,753.648" colourspace="ICCBased" ncolour="[0]" size="12.000">特</text>
                <text font="ERELLA+STXinwei" bbox="110.400,741.648,122.400,753.648" colourspace="ICCBased" ncolour="[0]" size="12.000">发</text>
                <text font="ERELLA+STXinwei" bbox="123.360,741.648,135.360,753.648" colourspace="ICCBased" ncolour="[0]" size="12.000">性</text>
                <text font="ERELLA+STXinwei" bbox="136.080,741.648,148.080,753.648" colourspace="ICCBased" ncolour="[0]" size="12.000">慢</text>
                <text font="ERELLA+STXinwei" bbox="149.040,741.648,161.040,753.648" colourspace="ICCBased" ncolour="[0]" size="12.000">性</text>
                <text font="ERELLA+STXinwei" bbox="162.000,741.648,174.000,753.648" colourspace="ICCBased" ncolour="[0]" size="12.000">肾</text>
                <text font="ERELLA+STXinwei" bbox="174.720,741.648,186.720,753.648" colourspace="ICCBased" ncolour="[0]" size="12.000">上</text>
                <text font="ERELLA+STXinwei" bbox="187.680,741.648,199.680,753.648" colourspace="ICCBased" ncolour="[0]" size="12.000">腺</text>
                <text>
                </text>
            </textline>
            <textline bbox="97.440,725.568,172.368,737.568">
                <text font="ERELLA+STXinwei" bbox="97.440,725.568,109.440,737.568" colourspace="ICCBased" ncolour="[0]" size="12.000">皮</text>
                <text font="ERELLA+STXinwei" bbox="109.440,725.568,121.440,737.568" colourspace="ICCBased" ncolour="[0]" size="12.000">质</text>
                <text font="ERELLA+STXinwei" bbox="121.440,725.568,133.440,737.568" colourspace="ICCBased" ncolour="[0]" size="12.000">功</text>
                <text font="ERELLA+STXinwei" bbox="133.440,725.568,145.440,737.568" colourspace="ICCBased" ncolour="[0]" size="12.000">能</text>
                <text font="ERELLA+STXinwei" bbox="145.440,725.568,157.440,737.568" colourspace="ICCBased" ncolour="[0]" size="12.000">减</text>
                <text font="ERELLA+STXinwei" bbox="157.440,725.568,169.440,737.568" colourspace="ICCBased" ncolour="[0]" size="12.000">退</text>
                <text font="ERELLA+STXinwei" bbox="169.440,725.568,172.368,737.568" colourspace="ICCBased" ncolour="[0]" size="12.000"> </text>
                <text>
                </text>
            </textline>
        </textbox>
        <textbox id="2" bbox="51.120,524.069,56.400,534.629">
            <textline bbox="51.120,524.069,56.400,534.629">
                <text font="JTTPDQ+SimSun" bbox="51.120,524.069,56.400,534.629" colourspace="ICCBased" ncolour="[0]" size="10.560"> </text>
                <text>
                </text>
            </textline>
        </textbox>
        <textbox id="3" bbox="63.600,511.728,199.680,523.728">
            <textline bbox="63.600,511.728,199.680,523.728">
                <text font="JTTPDQ+SimSun" bbox="63.600,512.549,68.880,523.109" colourspace="ICCBased" ncolour="[0]" size="10.560">3</text>
                <text font="JTTPDQ+SimSun" bbox="68.880,512.549,74.160,523.109" colourspace="ICCBased" ncolour="[0]" size="10.560">7</text>
                <text font="JTTPDQ+SimSun" bbox="74.160,512.549,79.440,523.109" colourspace="ICCBased" ncolour="[0]" size="10.560"> </text>
                <text> </text>
                <text font="ERELLA+STXinwei" bbox="97.440,511.728,109.440,523.728" colourspace="ICCBased" ncolour="[0]" size="12.000">严</text>
                <text font="ERELLA+STXinwei" bbox="110.400,511.728,122.400,523.728" colourspace="ICCBased" ncolour="[0]" size="12.000">重</text>
                <text font="ERELLA+STXinwei" bbox="123.360,511.728,135.360,523.728" colourspace="ICCBased" ncolour="[0]" size="12.000">小</text>
                <text font="ERELLA+STXinwei" bbox="136.080,511.728,148.080,523.728" colourspace="ICCBased" ncolour="[0]" size="12.000">肠</text>
                <text font="ERELLA+STXinwei" bbox="149.040,511.728,161.040,523.728" colourspace="ICCBased" ncolour="[0]" size="12.000">疾</text>
                <text font="ERELLA+STXinwei" bbox="162.000,511.728,174.000,523.728" colourspace="ICCBased" ncolour="[0]" size="12.000">病</text>
                <text font="ERELLA+STXinwei" bbox="174.720,511.728,186.720,523.728" colourspace="ICCBased" ncolour="[0]" size="12.000">并</text>
                <text font="ERELLA+STXinwei" bbox="187.680,511.728,199.680,523.728" colourspace="ICCBased" ncolour="[0]" size="12.000">发</text>
                <text>
                </text>
            </textline>
        </textbox>
        <textbox id="4" bbox="97.440,523.248,100.368,535.248">
            <textline bbox="97.440,523.248,100.368,535.248">
                <text font="ERELLA+STXinwei" bbox="97.440,523.248,100.368,535.248" colourspace="ICCBased" ncolour="[0]" size="12.000"> </text>
                <text>
                </text>
            </textline>
        </textbox>
        <textbox id="5" bbox="97.440,495.888,112.368,507.888">
            <textline bbox="97.440,495.888,112.368,507.888">
                <text font="ERELLA+STXinwei" bbox="97.440,495.888,109.440,507.888" colourspace="ICCBased" ncolour="[0]" size="12.000">症</text>
                <text font="ERELLA+STXinwei" bbox="109.440,495.888,112.368,507.888" colourspace="ICCBased" ncolour="[0]" size="12.000"> </text>
                <text>
                </text>
            </textline>
        </textbox>
        <textbox id="6" bbox="97.440,464.928,100.368,476.928">
            <textline bbox="97.440,464.928,100.368,476.928">
                <text font="ERELLA+STXinwei" bbox="97.440,464.928,100.368,476.928" colourspace="ICCBased" ncolour="[0]" size="12.000"> </text>
                <text>
                </text>
            </textline>
        </textbox>
        <textbox id="7" bbox="63.600,450.768,199.680,476.309">
            <textline bbox="68.880,465.749,74.160,476.309">
                <text font="JTTPDQ+SimSun" bbox="68.880,465.749,74.160,476.309" colourspace="ICCBased" ncolour="[0]" size="10.560"> </text>
                <text>
                </text>
            </textline>
            <textline bbox="63.600,450.768,199.680,462.768">
                <text font="JTTPDQ+SimSun" bbox="63.600,451.589,68.880,462.149" colourspace="ICCBased" ncolour="[0]" size="10.560">3</text>
                <text font="JTTPDQ+SimSun" bbox="68.880,451.589,74.160,462.149" colourspace="ICCBased" ncolour="[0]" size="10.560">8</text>
                <text font="JTTPDQ+SimSun" bbox="74.160,451.589,79.440,462.149" colourspace="ICCBased" ncolour="[0]" size="10.560"> </text>
                <text> </text>
                <text font="ERELLA+STXinwei" bbox="97.440,450.768,109.440,462.768" colourspace="ICCBased" ncolour="[0]" size="12.000">严</text>
                <text font="ERELLA+STXinwei" bbox="110.400,450.768,122.400,462.768" colourspace="ICCBased" ncolour="[0]" size="12.000">重</text>
                <text font="ERELLA+STXinwei" bbox="123.360,450.768,135.360,462.768" colourspace="ICCBased" ncolour="[0]" size="12.000">的</text>
                <text font="ERELLA+STXinwei" bbox="136.080,450.768,148.080,462.768" colourspace="ICCBased" ncolour="[0]" size="12.000">骨</text>
                <text font="ERELLA+STXinwei" bbox="149.040,450.768,161.040,462.768" colourspace="ICCBased" ncolour="[0]" size="12.000">髓</text>
                <text font="ERELLA+STXinwei" bbox="162.000,450.768,174.000,462.768" colourspace="ICCBased" ncolour="[0]" size="12.000">增</text>
                <text font="ERELLA+STXinwei" bbox="174.720,450.768,186.720,462.768" colourspace="ICCBased" ncolour="[0]" size="12.000">生</text>
                <text font="ERELLA+STXinwei" bbox="187.680,450.768,199.680,462.768" colourspace="ICCBased" ncolour="[0]" size="12.000">异</text>
                <text>
                </text>
            </textline>
        </textbox>
        <textbox id="8" bbox="97.440,434.928,148.368,446.928">
            <textline bbox="97.440,434.928,148.368,446.928">
                <text font="ERELLA+STXinwei" bbox="97.440,434.928,109.440,446.928" colourspace="ICCBased" ncolour="[0]" size="12.000">常</text>
                <text font="ERELLA+STXinwei" bbox="109.440,434.928,121.440,446.928" colourspace="ICCBased" ncolour="[0]" size="12.000">综</text>
                <text font="ERELLA+STXinwei" bbox="121.440,434.928,133.440,446.928" colourspace="ICCBased" ncolour="[0]" size="12.000">合</text>
                <text font="ERELLA+STXinwei" bbox="133.440,434.928,145.440,446.928" colourspace="ICCBased" ncolour="[0]" size="12.000">征</text>
                <text font="ERELLA+STXinwei" bbox="145.440,434.928,148.368,446.928" colourspace="ICCBased" ncolour="[0]" size="12.000"> </text>
                <text>
                </text>
            </textline>
        </textbox>
        <textbox id="9" bbox="97.440,341.568,100.368,353.568">
            <textline bbox="97.440,341.568,100.368,353.568">
                <text font="ERELLA+STXinwei" bbox="97.440,341.568,100.368,353.568" colourspace="ICCBased" ncolour="[0]" size="12.000"> </text>
                <text>
                </text>
            </textline>
        </textbox>
        <textbox id="10" bbox="63.600,330.288,160.368,352.949">
            <textline bbox="68.880,342.389,74.160,352.949">
                <text font="JTTPDQ+SimSun" bbox="68.880,342.389,74.160,352.949" colourspace="ICCBased" ncolour="[0]" size="10.560"> </text>
                <text>
                </text>
            </textline>
            <textline bbox="63.600,330.288,160.368,342.288">
                <text font="JTTPDQ+SimSun" bbox="63.600,331.109,68.880,341.669" colourspace="ICCBased" ncolour="[0]" size="10.560">3</text>
                <text font="JTTPDQ+SimSun" bbox="68.880,331.109,74.160,341.669" colourspace="ICCBased" ncolour="[0]" size="10.560">9</text>
                <text font="JTTPDQ+SimSun" bbox="74.160,331.109,79.440,341.669" colourspace="ICCBased" ncolour="[0]" size="10.560"> </text>
                <text> </text>
                <text font="ERELLA+STXinwei" bbox="97.440,330.288,109.440,342.288" colourspace="ICCBased" ncolour="[0]" size="12.000">严</text>
                <text font="ERELLA+STXinwei" bbox="109.440,330.288,121.440,342.288" colourspace="ICCBased" ncolour="[0]" size="12.000">重</text>
                <text font="ERELLA+STXinwei" bbox="121.440,330.288,133.440,342.288" colourspace="ICCBased" ncolour="[0]" size="12.000">克</text>
                <text font="ERELLA+STXinwei" bbox="133.440,330.288,145.440,342.288" colourspace="ICCBased" ncolour="[0]" size="12.000">隆</text>
                <text font="ERELLA+STXinwei" bbox="145.440,330.288,157.440,342.288" colourspace="ICCBased" ncolour="[0]" size="12.000">病</text>
                <text font="ERELLA+STXinwei" bbox="157.440,330.288,160.368,342.288" colourspace="ICCBased" ncolour="[0]" size="12.000"> </text>
                <text>
                </text>
            </textline>
        </textbox>
        <textbox id="11" bbox="97.440,283.488,100.368,295.488">
            <textline bbox="97.440,283.488,100.368,295.488">
                <text font="ERELLA+STXinwei" bbox="97.440,283.488,100.368,295.488" colourspace="ICCBased" ncolour="[0]" size="12.000"> </text>
                <text>
                </text>
            </textline>
        </textbox>
        <textbox id="12" bbox="63.600,272.208,160.368,294.869">
            <textline bbox="68.880,284.309,74.160,294.869">
                <text font="JTTPDQ+SimSun" bbox="68.880,284.309,74.160,294.869" colourspace="ICCBased" ncolour="[0]" size="10.560"> </text>
                <text>
                </text>
            </textline>
            <textline bbox="63.600,272.208,160.368,284.208">
                <text font="JTTPDQ+SimSun" bbox="63.600,273.029,68.880,283.589" colourspace="ICCBased" ncolour="[0]" size="10.560">4</text>
                <text font="JTTPDQ+SimSun" bbox="68.880,273.029,74.160,283.589" colourspace="ICCBased" ncolour="[0]" size="10.560">0</text>
                <text font="JTTPDQ+SimSun" bbox="74.160,273.029,79.440,283.589" colourspace="ICCBased" ncolour="[0]" size="10.560"> </text>
                <text> </text>
                <text font="ERELLA+STXinwei" bbox="97.440,272.208,109.440,284.208" colourspace="ICCBased" ncolour="[0]" size="12.000">骨</text>
                <text font="ERELLA+STXinwei" bbox="109.440,272.208,121.440,284.208" colourspace="ICCBased" ncolour="[0]" size="12.000">髓</text>
                <text font="ERELLA+STXinwei" bbox="121.440,272.208,133.440,284.208" colourspace="ICCBased" ncolour="[0]" size="12.000">纤</text>
                <text font="ERELLA+STXinwei" bbox="133.440,272.208,145.440,284.208" colourspace="ICCBased" ncolour="[0]" size="12.000">维</text>
                <text font="ERELLA+STXinwei" bbox="145.440,272.208,157.440,284.208" colourspace="ICCBased" ncolour="[0]" size="12.000">化</text>
                <text font="ERELLA+STXinwei" bbox="157.440,272.208,160.368,284.208" colourspace="ICCBased" ncolour="[0]" size="12.000"> </text>
                <text>
                </text>
            </textline>
        </textbox>
        <textbox id="13" bbox="97.440,209.808,100.368,221.808">
            <textline bbox="97.440,209.808,100.368,221.808">
                <text font="ERELLA+STXinwei" bbox="97.440,209.808,100.368,221.808" colourspace="ICCBased" ncolour="[0]" size="12.000"> </text>
                <text>
                </text>
            </textline>
        </textbox>
        <textbox id="14" bbox="63.600,198.288,148.368,221.189">
            <textline bbox="68.880,210.629,74.160,221.189">
                <text font="JTTPDQ+SimSun" bbox="68.880,210.629,74.160,221.189" colourspace="ICCBased" ncolour="[0]" size="10.560"> </text>
                <text>
                </text>
            </textline>
            <textline bbox="63.600,198.288,148.368,210.288">
                <text font="JTTPDQ+SimSun" bbox="63.600,199.109,68.880,209.669" colourspace="ICCBased" ncolour="[0]" size="10.560">4</text>
                <text font="JTTPDQ+SimSun" bbox="68.880,199.109,74.160,209.669" colourspace="ICCBased" ncolour="[0]" size="10.560">1</text>
                <text font="JTTPDQ+SimSun" bbox="74.160,199.109,79.440,209.669" colourspace="ICCBased" ncolour="[0]" size="10.560"> </text>
                <text> </text>
                <text font="ERELLA+STXinwei" bbox="97.440,198.288,109.440,210.288" colourspace="ICCBased" ncolour="[0]" size="12.000">严</text>
                <text font="ERELLA+STXinwei" bbox="109.440,198.288,121.440,210.288" colourspace="ICCBased" ncolour="[0]" size="12.000">重</text>
                <text font="ERELLA+STXinwei" bbox="121.440,198.288,133.440,210.288" colourspace="ICCBased" ncolour="[0]" size="12.000">哮</text>
                <text font="ERELLA+STXinwei" bbox="133.440,198.288,145.440,210.288" colourspace="ICCBased" ncolour="[0]" size="12.000">喘</text>
                <text font="ERELLA+STXinwei" bbox="145.440,198.288,148.368,210.288" colourspace="ICCBased" ncolour="[0]" size="12.000"> </text>
                <text>
                </text>
            </textline>
        </textbox>
        <textbox id="15" bbox="97.440,89.088,100.368,101.088">
            <textline bbox="97.440,89.088,100.368,101.088">
                <text font="ERELLA+STXinwei" bbox="97.440,89.088,100.368,101.088" colourspace="ICCBased" ncolour="[0]" size="12.000"> </text>
                <text>
                </text>
            </textline>
        </textbox>
        <textbox id="16" bbox="63.600,77.808,148.368,100.469">
            <textline bbox="68.880,89.909,74.160,100.469">
                <text font="JTTPDQ+SimSun" bbox="68.880,89.909,74.160,100.469" colourspace="ICCBased" ncolour="[0]" size="10.560"> </text>
                <text>
                </text>
            </textline>
            <textline bbox="63.600,77.808,148.368,89.808">
                <text font="JTTPDQ+SimSun" bbox="63.600,78.629,68.880,89.189" colourspace="ICCBased" ncolour="[0]" size="10.560">4</text>
                <text font="JTTPDQ+SimSun" bbox="68.880,78.629,74.160,89.189" colourspace="ICCBased" ncolour="[0]" size="10.560">2</text>
                <text font="JTTPDQ+SimSun" bbox="74.160,78.629,79.440,89.189" colourspace="ICCBased" ncolour="[0]" size="10.560"> </text>
                <text> </text>
                <text font="ERELLA+STXinwei" bbox="97.440,77.808,109.440,89.808" colourspace="ICCBased" ncolour="[0]" size="12.000">小</text>
                <text font="ERELLA+STXinwei" bbox="109.440,77.808,121.440,89.808" colourspace="ICCBased" ncolour="[0]" size="12.000">肠</text>
                <text font="ERELLA+STXinwei" bbox="121.440,77.808,133.440,89.808" colourspace="ICCBased" ncolour="[0]" size="12.000">移</text>
                <text font="ERELLA+STXinwei" bbox="133.440,77.808,145.440,89.808" colourspace="ICCBased" ncolour="[0]" size="12.000">植</text>
                <text font="ERELLA+STXinwei" bbox="145.440,77.808,148.368,89.808" colourspace="ICCBased" ncolour="[0]" size="12.000"> </text>
                <text>
                </text>
            </textline>
        </textbox>
        <textbox id="17" bbox="210.480,648.869,549.360,782.789">
            <textline bbox="210.480,772.229,499.200,782.789">
                <text font="JQUZDQ+SimSun" bbox="210.480,772.229,221.040,782.789" colourspace="ICCBased" ncolour="[0]" size="10.560">因</text>
                <text font="JQUZDQ+SimSun" bbox="221.040,772.229,231.600,782.789" colourspace="ICCBased" ncolour="[0]" size="10.560">酗</text>
                <text font="JQUZDQ+SimSun" bbox="231.600,772.229,242.160,782.789" colourspace="ICCBased" ncolour="[0]" size="10.560">酒</text>
                <text font="JQUZDQ+SimSun" bbox="242.160,772.229,252.720,782.789" colourspace="ICCBased" ncolour="[0]" size="10.560">或</text>
                <text font="JQUZDQ+SimSun" bbox="252.720,772.229,263.280,782.789" colourspace="ICCBased" ncolour="[0]" size="10.560">饮</text>
                <text font="JQUZDQ+SimSun" bbox="263.040,772.229,273.600,782.789" colourspace="ICCBased" ncolour="[0]" size="10.560">酒</text>
                <text font="JQUZDQ+SimSun" bbox="273.600,772.229,284.160,782.789" colourspace="ICCBased" ncolour="[0]" size="10.560">过</text>
                <text font="JQUZDQ+SimSun" bbox="284.160,772.229,294.720,782.789" colourspace="ICCBased" ncolour="[0]" size="10.560">量</text>
                <text font="JQUZDQ+SimSun" bbox="294.720,772.229,305.280,782.789" colourspace="ICCBased" ncolour="[0]" size="10.560">所</text>
                <text font="JQUZDQ+SimSun" bbox="305.040,772.229,315.600,782.789" colourspace="ICCBased" ncolour="[0]" size="10.560">致</text>
                <text font="JQUZDQ+SimSun" bbox="315.600,772.229,326.160,782.789" colourspace="ICCBased" ncolour="[0]" size="10.560">的</text>
                <text font="JQUZDQ+SimSun" bbox="326.160,772.229,336.720,782.789" colourspace="ICCBased" ncolour="[0]" size="10.560">慢</text>
                <text font="JQUZDQ+SimSun" bbox="336.720,772.229,347.280,782.789" colourspace="ICCBased" ncolour="[0]" size="10.560">性</text>
                <text font="JQUZDQ+SimSun" bbox="347.040,772.229,357.600,782.789" colourspace="ICCBased" ncolour="[0]" size="10.560">复</text>
                <text font="JQUZDQ+SimSun" bbox="357.600,772.229,368.160,782.789" colourspace="ICCBased" ncolour="[0]" size="10.560">发</text>
                <text font="JQUZDQ+SimSun" bbox="368.160,772.229,378.720,782.789" colourspace="ICCBased" ncolour="[0]" size="10.560">性</text>
                <text font="JQUZDQ+SimSun" bbox="378.720,772.229,389.280,782.789" colourspace="ICCBased" ncolour="[0]" size="10.560">胰</text>
                <text font="JQUZDQ+SimSun" bbox="389.040,772.229,399.600,782.789" colourspace="ICCBased" ncolour="[0]" size="10.560">腺</text>
                <text font="JQUZDQ+SimSun" bbox="399.600,772.229,410.160,782.789" colourspace="ICCBased" ncolour="[0]" size="10.560">炎</text>
                <text font="JQUZDQ+SimSun" bbox="410.160,772.229,420.720,782.789" colourspace="ICCBased" ncolour="[0]" size="10.560">不</text>
                <text font="JQUZDQ+SimSun" bbox="420.720,772.229,431.280,782.789" colourspace="ICCBased" ncolour="[0]" size="10.560">在</text>
                <text font="JQUZDQ+SimSun" bbox="431.040,772.229,441.600,782.789" colourspace="ICCBased" ncolour="[0]" size="10.560">保</text>
                <text font="JQUZDQ+SimSun" bbox="441.600,772.229,452.160,782.789" colourspace="ICCBased" ncolour="[0]" size="10.560">障</text>
                <text font="JQUZDQ+SimSun" bbox="451.920,772.229,462.480,782.789" colourspace="ICCBased" ncolour="[0]" size="10.560">范</text>
                <text font="JQUZDQ+SimSun" bbox="462.480,772.229,473.040,782.789" colourspace="ICCBased" ncolour="[0]" size="10.560">围</text>
                <text font="JQUZDQ+SimSun" bbox="473.040,772.229,483.600,782.789" colourspace="ICCBased" ncolour="[0]" size="10.560">内</text>
                <text font="JQUZDQ+SimSun" bbox="483.600,772.229,494.160,782.789" colourspace="ICCBased" ncolour="[0]" size="10.560">。</text>
                <text font="JTTPDQ+SimSun" bbox="493.920,772.229,499.200,782.789" colourspace="ICCBased" ncolour="[0]" size="10.560"> </text>
                <text>
                </text>
            </textline>
            <textline bbox="210.480,756.629,215.760,767.189">
                <text font="JTTPDQ+SimSun" bbox="210.480,756.629,215.760,767.189" colourspace="ICCBased" ncolour="[0]" size="10.560"> </text>
                <text>
                </text>
            </textline>
            <textline bbox="210.480,742.469,547.200,753.029">
                <text font="JQUZDQ+SimSun" bbox="210.480,742.469,221.040,753.029" colourspace="ICCBased" ncolour="[0]" size="10.560">指</text>
                <text font="JQUZDQ+SimSun" bbox="221.040,742.469,231.600,753.029" colourspace="ICCBased" ncolour="[0]" size="10.560">原</text>
                <text font="JQUZDQ+SimSun" bbox="231.600,742.469,242.160,753.029" colourspace="ICCBased" ncolour="[0]" size="10.560">发</text>
                <text font="JQUZDQ+SimSun" bbox="242.160,742.469,252.720,753.029" colourspace="ICCBased" ncolour="[0]" size="10.560">性</text>
                <text font="JQUZDQ+SimSun" bbox="252.720,742.469,263.280,753.029" colourspace="ICCBased" ncolour="[0]" size="10.560">自</text>
                <text font="JQUZDQ+SimSun" bbox="263.280,742.469,273.840,753.029" colourspace="ICCBased" ncolour="[0]" size="10.560">身</text>
                <text font="JQUZDQ+SimSun" bbox="273.840,742.469,284.400,753.029" colourspace="ICCBased" ncolour="[0]" size="10.560">免</text>
                <text font="JQUZDQ+SimSun" bbox="284.160,742.469,294.720,753.029" colourspace="ICCBased" ncolour="[0]" size="10.560">疫</text>
                <text font="JQUZDQ+SimSun" bbox="294.720,742.469,305.280,753.029" colourspace="ICCBased" ncolour="[0]" size="10.560">性</text>
                <text font="JQUZDQ+SimSun" bbox="305.280,742.469,315.840,753.029" colourspace="ICCBased" ncolour="[0]" size="10.560">肾</text>
                <text font="JQUZDQ+SimSun" bbox="315.840,742.469,326.400,753.029" colourspace="ICCBased" ncolour="[0]" size="10.560">上</text>
                <text font="JQUZDQ+SimSun" bbox="326.400,742.469,336.960,753.029" colourspace="ICCBased" ncolour="[0]" size="10.560">腺</text>
                <text font="JQUZDQ+SimSun" bbox="336.960,742.469,347.520,753.029" colourspace="ICCBased" ncolour="[0]" size="10.560">炎</text>
                <text font="JQUZDQ+SimSun" bbox="347.280,742.469,357.840,753.029" colourspace="ICCBased" ncolour="[0]" size="10.560">，</text>
                <text font="JQUZDQ+SimSun" bbox="357.840,742.469,368.400,753.029" colourspace="ICCBased" ncolour="[0]" size="10.560">导</text>
                <text font="JQUZDQ+SimSun" bbox="368.400,742.469,378.960,753.029" colourspace="ICCBased" ncolour="[0]" size="10.560">致</text>
                <text font="JQUZDQ+SimSun" bbox="378.960,742.469,389.520,753.029" colourspace="ICCBased" ncolour="[0]" size="10.560">肾</text>
                <text font="JQUZDQ+SimSun" bbox="389.520,742.469,400.080,753.029" colourspace="ICCBased" ncolour="[0]" size="10.560">上</text>
                <text font="JQUZDQ+SimSun" bbox="399.840,742.469,410.400,753.029" colourspace="ICCBased" ncolour="[0]" size="10.560">腺</text>
                <text font="JQUZDQ+SimSun" bbox="410.400,742.469,420.960,753.029" colourspace="ICCBased" ncolour="[0]" size="10.560">萎</text>
                <text font="JQUZDQ+SimSun" bbox="420.960,742.469,431.520,753.029" colourspace="ICCBased" ncolour="[0]" size="10.560">缩</text>
                <text font="JQUZDQ+SimSun" bbox="431.520,742.469,442.080,753.029" colourspace="ICCBased" ncolour="[0]" size="10.560">和</text>
                <text font="JQUZDQ+SimSun" bbox="442.080,742.469,452.640,753.029" colourspace="ICCBased" ncolour="[0]" size="10.560">慢</text>
                <text font="JQUZDQ+SimSun" bbox="452.400,742.469,462.960,753.029" colourspace="ICCBased" ncolour="[0]" size="10.560">性</text>
                <text font="JQUZDQ+SimSun" bbox="462.960,742.469,473.520,753.029" colourspace="ICCBased" ncolour="[0]" size="10.560">肾</text>
                <text font="JQUZDQ+SimSun" bbox="473.520,742.469,484.080,753.029" colourspace="ICCBased" ncolour="[0]" size="10.560">上</text>
                <text font="JQUZDQ+SimSun" bbox="484.080,742.469,494.640,753.029" colourspace="ICCBased" ncolour="[0]" size="10.560">腺</text>
                <text font="JQUZDQ+SimSun" bbox="494.640,742.469,505.200,753.029" colourspace="ICCBased" ncolour="[0]" size="10.560">皮</text>
                <text font="JQUZDQ+SimSun" bbox="505.200,742.469,515.760,753.029" colourspace="ICCBased" ncolour="[0]" size="10.560">质</text>
                <text font="JQUZDQ+SimSun" bbox="515.760,742.469,526.320,753.029" colourspace="ICCBased" ncolour="[0]" size="10.560">功</text>
                <text font="JQUZDQ+SimSun" bbox="526.080,742.469,536.640,753.029" colourspace="ICCBased" ncolour="[0]" size="10.560">能</text>
                <text font="JQUZDQ+SimSun" bbox="536.640,742.469,547.200,753.029" colourspace="ICCBased" ncolour="[0]" size="10.560">减</text>
                <text>
                </text>
            </textline>
            <textline bbox="210.480,726.872,352.322,737.432">
                <text font="JQUZDQ+SimSun" bbox="210.480,726.872,221.040,737.432" colourspace="ICCBased" ncolour="[0]" size="10.560">退</text>
                <text font="JQUZDQ+SimSun" bbox="221.040,726.872,231.600,737.432" colourspace="ICCBased" ncolour="[0]" size="10.560">。</text>
                <text font="JQUZDQ+SimSun" bbox="231.600,726.872,242.160,737.432" colourspace="ICCBased" ncolour="[0]" size="10.560">必</text>
                <text font="JQUZDQ+SimSun" bbox="242.160,726.872,252.720,737.432" colourspace="ICCBased" ncolour="[0]" size="10.560">须</text>
                <text font="JQUZDQ+SimSun" bbox="252.720,726.872,263.280,737.432" colourspace="ICCBased" ncolour="[0]" size="10.560">满</text>
                <text font="JQUZDQ+SimSun" bbox="263.040,726.872,273.600,737.432" colourspace="ICCBased" ncolour="[0]" size="10.560">足</text>
                <text font="JQUZDQ+SimSun" bbox="273.600,726.872,284.160,737.432" colourspace="ICCBased" ncolour="[0]" size="10.560">所</text>
                <text font="JQUZDQ+SimSun" bbox="284.160,726.872,294.720,737.432" colourspace="ICCBased" ncolour="[0]" size="10.560">有</text>
                <text font="JQUZDQ+SimSun" bbox="294.720,726.872,305.280,737.432" colourspace="ICCBased" ncolour="[0]" size="10.560">以</text>
                <text font="JQUZDQ+SimSun" bbox="305.040,726.872,315.600,737.432" colourspace="ICCBased" ncolour="[0]" size="10.560">下</text>
                <text font="JQUZDQ+SimSun" bbox="315.600,726.872,326.160,737.432" colourspace="ICCBased" ncolour="[0]" size="10.560">条</text>
                <text font="JQUZDQ+SimSun" bbox="326.160,726.872,336.720,737.432" colourspace="ICCBased" ncolour="[0]" size="10.560">件</text>
                <text font="JQUZDQ+SimSun" bbox="336.720,726.872,347.280,737.432" colourspace="ICCBased" ncolour="[0]" size="10.560">：</text>
                <text font="JTTPDQ+SimSun" bbox="347.042,726.872,352.322,737.432" colourspace="ICCBased" ncolour="[0]" size="10.560"> </text>
                <text>
                </text>
            </textline>
            <textline bbox="210.480,711.275,409.916,721.835">
                <text font="JQUZDQ+SimSun" bbox="210.480,711.275,221.040,721.835" colourspace="ICCBased" ncolour="[0]" size="10.560">（</text>
                <text font="JTTPDQ+SimSun" bbox="221.040,711.275,226.320,721.835" colourspace="ICCBased" ncolour="[0]" size="10.560">1</text>
                <text font="JQUZDQ+SimSun" bbox="226.320,711.275,236.880,721.835" colourspace="ICCBased" ncolour="[0]" size="10.560">）</text>
                <text font="JQUZDQ+SimSun" bbox="236.880,711.275,247.440,721.835" colourspace="ICCBased" ncolour="[0]" size="10.560">明</text>
                <text font="JQUZDQ+SimSun" bbox="247.440,711.275,258.000,721.835" colourspace="ICCBased" ncolour="[0]" size="10.560">确</text>
                <text font="JQUZDQ+SimSun" bbox="258.000,711.275,268.560,721.835" colourspace="ICCBased" ncolour="[0]" size="10.560">诊</text>
                <text font="JQUZDQ+SimSun" bbox="268.320,711.275,278.880,721.835" colourspace="ICCBased" ncolour="[0]" size="10.560">断</text>
                <text font="JQUZDQ+SimSun" bbox="278.880,711.275,289.440,721.835" colourspace="ICCBased" ncolour="[0]" size="10.560">，</text>
                <text font="JQUZDQ+SimSun" bbox="289.440,711.275,300.000,721.835" colourspace="ICCBased" ncolour="[0]" size="10.560">符</text>
                <text font="JQUZDQ+SimSun" bbox="300.000,711.275,310.560,721.835" colourspace="ICCBased" ncolour="[0]" size="10.560">合</text>
                <text font="JQUZDQ+SimSun" bbox="310.320,711.275,320.880,721.835" colourspace="ICCBased" ncolour="[0]" size="10.560">所</text>
                <text font="JQUZDQ+SimSun" bbox="320.880,711.275,331.440,721.835" colourspace="ICCBased" ncolour="[0]" size="10.560">有</text>
                <text font="JQUZDQ+SimSun" bbox="331.440,711.275,342.000,721.835" colourspace="ICCBased" ncolour="[0]" size="10.560">以</text>
                <text font="JQUZDQ+SimSun" bbox="342.000,711.275,352.560,721.835" colourspace="ICCBased" ncolour="[0]" size="10.560">下</text>
                <text font="JQUZDQ+SimSun" bbox="352.320,711.275,362.880,721.835" colourspace="ICCBased" ncolour="[0]" size="10.560">诊</text>
                <text font="JQUZDQ+SimSun" bbox="362.880,711.275,373.440,721.835" colourspace="ICCBased" ncolour="[0]" size="10.560">断</text>
                <text font="JQUZDQ+SimSun" bbox="373.440,711.275,384.000,721.835" colourspace="ICCBased" ncolour="[0]" size="10.560">标</text>
                <text font="JQUZDQ+SimSun" bbox="384.000,711.275,394.560,721.835" colourspace="ICCBased" ncolour="[0]" size="10.560">准</text>
                <text font="JQUZDQ+SimSun" bbox="394.320,711.275,404.880,721.835" colourspace="ICCBased" ncolour="[0]" size="10.560">：</text>
                <text font="JTTPDQ+SimSun" bbox="404.636,711.275,409.916,721.835" colourspace="ICCBased" ncolour="[0]" size="10.560"> </text>
                <text>
                </text>
            </textline>
            <textline bbox="210.480,695.677,507.132,706.237">
                <text font="JTTPDQ+SimSun" bbox="210.480,695.677,215.760,706.237" colourspace="ICCBased" ncolour="[0]" size="10.560"> </text>
                <text font="JQUZDQ+SimSun" bbox="215.760,695.677,226.320,706.237" colourspace="ICCBased" ncolour="[0]" size="10.560">①</text>
                <text font="JTTPDQ+SimSun" bbox="226.320,695.677,231.600,706.237" colourspace="ICCBased" ncolour="[0]" size="10.560"> </text>
                <text font="JTTPDQ+SimSun" bbox="231.600,695.677,236.880,706.237" colourspace="ICCBased" ncolour="[0]" size="10.560"> </text>
                <text font="JQUZDQ+SimSun" bbox="236.880,695.677,247.440,706.237" colourspace="ICCBased" ncolour="[0]" size="10.560">血</text>
                <text font="JQUZDQ+SimSun" bbox="247.440,695.677,258.000,706.237" colourspace="ICCBased" ncolour="[0]" size="10.560">浆</text>
                <text font="JQUZDQ+SimSun" bbox="258.000,695.677,268.560,706.237" colourspace="ICCBased" ncolour="[0]" size="10.560">促</text>
                <text font="JQUZDQ+SimSun" bbox="268.320,695.677,278.880,706.237" colourspace="ICCBased" ncolour="[0]" size="10.560">肾</text>
                <text font="JQUZDQ+SimSun" bbox="278.880,695.677,289.440,706.237" colourspace="ICCBased" ncolour="[0]" size="10.560">上</text>
                <text font="JQUZDQ+SimSun" bbox="289.440,695.677,300.000,706.237" colourspace="ICCBased" ncolour="[0]" size="10.560">腺</text>
                <text font="JQUZDQ+SimSun" bbox="300.000,695.677,310.560,706.237" colourspace="ICCBased" ncolour="[0]" size="10.560">皮</text>
                <text font="JQUZDQ+SimSun" bbox="310.320,695.677,320.880,706.237" colourspace="ICCBased" ncolour="[0]" size="10.560">质</text>
                <text font="JQUZDQ+SimSun" bbox="320.880,695.677,331.440,706.237" colourspace="ICCBased" ncolour="[0]" size="10.560">激</text>
                <text font="JQUZDQ+SimSun" bbox="331.440,695.677,342.000,706.237" colourspace="ICCBased" ncolour="[0]" size="10.560">素</text>
                <text font="JQUZDQ+SimSun" bbox="342.000,695.677,352.560,706.237" colourspace="ICCBased" ncolour="[0]" size="10.560">（</text>
                <text font="JTTPDQ+SimSun" bbox="352.322,695.677,357.602,706.237" colourspace="ICCBased" ncolour="[0]" size="10.560">A</text>
                <text font="JTTPDQ+SimSun" bbox="357.602,695.677,362.882,706.237" colourspace="ICCBased" ncolour="[0]" size="10.560">C</text>
                <text font="JTTPDQ+SimSun" bbox="362.882,695.677,368.162,706.237" colourspace="ICCBased" ncolour="[0]" size="10.560">T</text>
                <text font="JTTPDQ+SimSun" bbox="368.162,695.677,373.442,706.237" colourspace="ICCBased" ncolour="[0]" size="10.560">H</text>
                <text font="JQUZDQ+SimSun" bbox="373.442,695.677,384.002,706.237" colourspace="ICCBased" ncolour="[0]" size="10.560">）</text>
                <text font="JQUZDQ+SimSun" bbox="384.002,695.677,394.562,706.237" colourspace="ICCBased" ncolour="[0]" size="10.560">水</text>
                <text font="JQUZDQ+SimSun" bbox="394.322,695.677,404.882,706.237" colourspace="ICCBased" ncolour="[0]" size="10.560">平</text>
                <text font="JQUZDQ+SimSun" bbox="404.882,695.677,415.442,706.237" colourspace="ICCBased" ncolour="[0]" size="10.560">测</text>
                <text font="JQUZDQ+SimSun" bbox="415.442,695.677,426.002,706.237" colourspace="ICCBased" ncolour="[0]" size="10.560">定</text>
                <text font="JQUZDQ+SimSun" bbox="425.762,695.677,436.322,706.237" colourspace="ICCBased" ncolour="[0]" size="10.560">大</text>
                <text font="JQUZDQ+SimSun" bbox="436.322,695.677,446.882,706.237" colourspace="ICCBased" ncolour="[0]" size="10.560">于</text>
                <text> </text>
                <text font="JTTPDQ+SimSun" bbox="449.527,695.677,454.807,706.237" colourspace="ICCBased" ncolour="[0]" size="10.560">1</text>
                <text font="JTTPDQ+SimSun" bbox="454.567,695.677,459.847,706.237" colourspace="ICCBased" ncolour="[0]" size="10.560">0</text>
                <text font="JTTPDQ+SimSun" bbox="459.847,695.677,465.127,706.237" colourspace="ICCBased" ncolour="[0]" size="10.560">0</text>
                <text font="JTTPDQ+SimSun" bbox="465.127,695.677,470.407,706.237" colourspace="ICCBased" ncolour="[0]" size="10.560">p</text>
                <text font="JTTPDQ+SimSun" bbox="470.407,695.677,475.687,706.237" colourspace="ICCBased" ncolour="[0]" size="10.560">g</text>
                <text font="JTTPDQ+SimSun" bbox="475.687,695.677,480.967,706.237" colourspace="ICCBased" ncolour="[0]" size="10.560">/</text>
                <text font="JTTPDQ+SimSun" bbox="480.967,695.677,486.247,706.237" colourspace="ICCBased" ncolour="[0]" size="10.560">m</text>
                <text font="JTTPDQ+SimSun" bbox="486.247,695.677,491.527,706.237" colourspace="ICCBased" ncolour="[0]" size="10.560">l</text>
                <text font="JQUZDQ+SimSun" bbox="491.527,695.677,502.087,706.237" colourspace="ICCBased" ncolour="[0]" size="10.560">；</text>
                <text font="JTTPDQ+SimSun" bbox="501.852,695.677,507.132,706.237" colourspace="ICCBased" ncolour="[0]" size="10.560"> </text>
                <text>
                </text>
            </textline>
            <textline bbox="210.491,680.069,549.360,690.640">
                <text font="JTTPDQ+SimSun" bbox="210.491,680.080,215.771,690.640" colourspace="ICCBased" ncolour="[0]" size="10.560"> </text>
                <text font="JQUZDQ+SimSun" bbox="215.771,680.080,226.331,690.640" colourspace="ICCBased" ncolour="[0]" size="10.560">②</text>
                <text font="JTTPDQ+SimSun" bbox="226.331,680.080,231.611,690.640" colourspace="ICCBased" ncolour="[0]" size="10.560"> </text>
                <text font="JTTPDQ+SimSun" bbox="231.611,680.080,236.891,690.640" colourspace="ICCBased" ncolour="[0]" size="10.560"> </text>
                <text font="JQUZDQ+SimSun" bbox="236.891,680.080,247.451,690.640" colourspace="ICCBased" ncolour="[0]" size="10.560">血</text>
                <text font="JQUZDQ+SimSun" bbox="247.451,680.080,258.011,690.640" colourspace="ICCBased" ncolour="[0]" size="10.560">浆</text>
                <text font="JQUZDQ+SimSun" bbox="258.011,680.080,268.571,690.640" colourspace="ICCBased" ncolour="[0]" size="10.560">和</text>
                <text font="JQUZDQ+SimSun" bbox="268.331,680.080,278.891,690.640" colourspace="ICCBased" ncolour="[0]" size="10.560">尿</text>
                <text font="JQUZDQ+SimSun" bbox="278.891,680.080,289.451,690.640" colourspace="ICCBased" ncolour="[0]" size="10.560">游</text>
                <text font="JQUZDQ+SimSun" bbox="289.451,680.080,300.011,690.640" colourspace="ICCBased" ncolour="[0]" size="10.560">离</text>
                <text font="JQUZDQ+SimSun" bbox="300.011,680.080,310.571,690.640" colourspace="ICCBased" ncolour="[0]" size="10.560">皮</text>
                <text font="JQUZDQ+SimSun" bbox="310.330,680.080,320.890,690.640" colourspace="ICCBased" ncolour="[0]" size="10.560">质</text>
                <text font="JQUZDQ+SimSun" bbox="320.890,680.080,331.450,690.640" colourspace="ICCBased" ncolour="[0]" size="10.560">醇</text>
                <text font="JQUZDQ+SimSun" bbox="331.450,680.080,342.010,690.640" colourspace="ICCBased" ncolour="[0]" size="10.560">及</text>
                <text font="JQUZDQ+SimSun" bbox="341.770,680.080,352.330,690.640" colourspace="ICCBased" ncolour="[0]" size="10.560">尿</text>
                <text> </text>
                <text font="JTTPDQ+SimSun" bbox="354.972,680.080,360.252,690.640" colourspace="ICCBased" ncolour="[0]" size="10.560">1</text>
                <text font="JTTPDQ+SimSun" bbox="360.252,680.080,365.532,690.640" colourspace="ICCBased" ncolour="[0]" size="10.560">7</text>
                <text> </text>
                <text font="JQUZDQ+SimSun" bbox="368.172,680.080,378.732,690.640" colourspace="ICCBased" ncolour="[0]" size="10.560">羟</text>
                <text font="JQUZDQ+SimSun" bbox="378.732,680.080,389.292,690.640" colourspace="ICCBased" ncolour="[0]" size="10.560">皮</text>
                <text font="JQUZDQ+SimSun" bbox="389.053,680.080,399.613,690.640" colourspace="ICCBased" ncolour="[0]" size="10.560">质</text>
                <text font="JQUZDQ+SimSun" bbox="399.613,680.080,410.173,690.640" colourspace="ICCBased" ncolour="[0]" size="10.560">类</text>
                <text font="JQUZDQ+SimSun" bbox="410.173,680.080,420.733,690.640" colourspace="ICCBased" ncolour="[0]" size="10.560">固</text>
                <text font="JQUZDQ+SimSun" bbox="420.733,680.080,431.293,690.640" colourspace="ICCBased" ncolour="[0]" size="10.560">醇</text>
                <text font="JQUZDQ+SimSun" bbox="431.053,680.080,441.613,690.640" colourspace="ICCBased" ncolour="[0]" size="10.560">、</text>
                <text font="JTTPDQ+SimSun" bbox="441.613,680.080,446.893,690.640" colourspace="ICCBased" ncolour="[0]" size="10.560">1</text>
                <text font="JTTPDQ+SimSun" bbox="446.893,680.080,452.173,690.640" colourspace="ICCBased" ncolour="[0]" size="10.560">7</text>
                <text> </text>
                <text font="JQUZDQ+SimSun" bbox="454.560,680.069,465.120,690.629" colourspace="ICCBased" ncolour="[0]" size="10.560">酮</text>
                <text font="JQUZDQ+SimSun" bbox="465.120,680.069,475.680,690.629" colourspace="ICCBased" ncolour="[0]" size="10.560">皮</text>
                <text font="JQUZDQ+SimSun" bbox="475.680,680.069,486.240,690.629" colourspace="ICCBased" ncolour="[0]" size="10.560">质</text>
                <text font="JQUZDQ+SimSun" bbox="486.240,680.069,496.800,690.629" colourspace="ICCBased" ncolour="[0]" size="10.560">类</text>
                <text font="JQUZDQ+SimSun" bbox="496.800,680.069,507.360,690.629" colourspace="ICCBased" ncolour="[0]" size="10.560">固</text>
                <text font="JQUZDQ+SimSun" bbox="507.120,680.069,517.680,690.629" colourspace="ICCBased" ncolour="[0]" size="10.560">醇</text>
                <text font="JQUZDQ+SimSun" bbox="517.680,680.069,528.240,690.629" colourspace="ICCBased" ncolour="[0]" size="10.560">测</text>
                <text font="JQUZDQ+SimSun" bbox="528.240,680.069,538.800,690.629" colourspace="ICCBased" ncolour="[0]" size="10.560">定</text>
                <text font="JQUZDQ+SimSun" bbox="538.800,680.069,549.360,690.629" colourspace="ICCBased" ncolour="[0]" size="10.560">、</text>
                <text>
                </text>
            </textline>
            <textline bbox="236.160,664.469,547.200,675.029">
                <text font="JQUZDQ+SimSun" bbox="236.160,664.469,246.720,675.029" colourspace="ICCBased" ncolour="[0]" size="10.560">血</text>
                <text font="JQUZDQ+SimSun" bbox="246.720,664.469,257.280,675.029" colourspace="ICCBased" ncolour="[0]" size="10.560">浆</text>
                <text font="JQUZDQ+SimSun" bbox="257.280,664.469,267.840,675.029" colourspace="ICCBased" ncolour="[0]" size="10.560">肾</text>
                <text font="JQUZDQ+SimSun" bbox="267.840,664.469,278.400,675.029" colourspace="ICCBased" ncolour="[0]" size="10.560">素</text>
                <text font="JQUZDQ+SimSun" bbox="278.400,664.469,288.960,675.029" colourspace="ICCBased" ncolour="[0]" size="10.560">活</text>
                <text font="JQUZDQ+SimSun" bbox="288.720,664.469,299.280,675.029" colourspace="ICCBased" ncolour="[0]" size="10.560">性</text>
                <text font="JQUZDQ+SimSun" bbox="299.280,664.469,309.840,675.029" colourspace="ICCBased" ncolour="[0]" size="10.560">、</text>
                <text font="JQUZDQ+SimSun" bbox="307.680,664.469,318.240,675.029" colourspace="ICCBased" ncolour="[0]" size="10.560">血</text>
                <text font="JQUZDQ+SimSun" bbox="318.240,664.469,328.800,675.029" colourspace="ICCBased" ncolour="[0]" size="10.560">管</text>
                <text font="JQUZDQ+SimSun" bbox="328.800,664.469,339.360,675.029" colourspace="ICCBased" ncolour="[0]" size="10.560">紧</text>
                <text font="JQUZDQ+SimSun" bbox="339.120,664.469,349.680,675.029" colourspace="ICCBased" ncolour="[0]" size="10.560">张</text>
                <text font="JQUZDQ+SimSun" bbox="349.680,664.469,360.240,675.029" colourspace="ICCBased" ncolour="[0]" size="10.560">素</text>
                <text font="JQUZDQ+SimSun" bbox="360.240,664.469,370.800,675.029" colourspace="ICCBased" ncolour="[0]" size="10.560">Ⅱ</text>
                <text font="JQUZDQ+SimSun" bbox="370.800,664.469,381.360,675.029" colourspace="ICCBased" ncolour="[0]" size="10.560">和</text>
                <text font="JQUZDQ+SimSun" bbox="381.120,664.469,391.680,675.029" colourspace="ICCBased" ncolour="[0]" size="10.560">醛</text>
                <text font="JQUZDQ+SimSun" bbox="391.680,664.469,402.240,675.029" colourspace="ICCBased" ncolour="[0]" size="10.560">固</text>
                <text font="JQUZDQ+SimSun" bbox="402.240,664.469,412.800,675.029" colourspace="ICCBased" ncolour="[0]" size="10.560">酮</text>
                <text font="JQUZDQ+SimSun" bbox="412.800,664.469,423.360,675.029" colourspace="ICCBased" ncolour="[0]" size="10.560">测</text>
                <text font="JQUZDQ+SimSun" bbox="423.121,664.469,433.681,675.029" colourspace="ICCBased" ncolour="[0]" size="10.560">定</text>
                <text font="JQUZDQ+SimSun" bbox="433.681,664.469,444.241,675.029" colourspace="ICCBased" ncolour="[0]" size="10.560">，</text>
                <text font="JQUZDQ+SimSun" bbox="442.080,664.469,452.640,675.029" colourspace="ICCBased" ncolour="[0]" size="10.560">显</text>
                <text font="JQUZDQ+SimSun" bbox="452.640,664.469,463.200,675.029" colourspace="ICCBased" ncolour="[0]" size="10.560">示</text>
                <text font="JQUZDQ+SimSun" bbox="463.200,664.469,473.760,675.029" colourspace="ICCBased" ncolour="[0]" size="10.560">为</text>
                <text font="JQUZDQ+SimSun" bbox="473.520,664.469,484.080,675.029" colourspace="ICCBased" ncolour="[0]" size="10.560">原</text>
                <text font="JQUZDQ+SimSun" bbox="484.080,664.469,494.640,675.029" colourspace="ICCBased" ncolour="[0]" size="10.560">发</text>
                <text font="JQUZDQ+SimSun" bbox="494.640,664.469,505.200,675.029" colourspace="ICCBased" ncolour="[0]" size="10.560">性</text>
                <text font="JQUZDQ+SimSun" bbox="505.200,664.469,515.760,675.029" colourspace="ICCBased" ncolour="[0]" size="10.560">肾</text>
                <text font="JQUZDQ+SimSun" bbox="515.760,664.469,526.320,675.029" colourspace="ICCBased" ncolour="[0]" size="10.560">上</text>
                <text font="JQUZDQ+SimSun" bbox="526.080,664.469,536.640,675.029" colourspace="ICCBased" ncolour="[0]" size="10.560">腺</text>
                <text font="JQUZDQ+SimSun" bbox="536.640,664.469,547.200,675.029" colourspace="ICCBased" ncolour="[0]" size="10.560">皮</text>
                <text>
                </text>
            </textline>
            <textline bbox="236.160,648.869,314.880,659.429">
                <text font="JQUZDQ+SimSun" bbox="236.160,648.869,246.720,659.429" colourspace="ICCBased" ncolour="[0]" size="10.560">质</text>
                <text font="JQUZDQ+SimSun" bbox="246.720,648.869,257.280,659.429" colourspace="ICCBased" ncolour="[0]" size="10.560">功</text>
                <text font="JQUZDQ+SimSun" bbox="257.280,648.869,267.840,659.429" colourspace="ICCBased" ncolour="[0]" size="10.560">能</text>
                <text font="JQUZDQ+SimSun" bbox="267.840,648.869,278.400,659.429" colourspace="ICCBased" ncolour="[0]" size="10.560">减</text>
                <text font="JQUZDQ+SimSun" bbox="278.400,648.869,288.960,659.429" colourspace="ICCBased" ncolour="[0]" size="10.560">退</text>
                <text font="JQUZDQ+SimSun" bbox="288.720,648.869,299.280,659.429" colourspace="ICCBased" ncolour="[0]" size="10.560">症</text>
                <text font="JQUZDQ+SimSun" bbox="299.280,648.869,309.840,659.429" colourspace="ICCBased" ncolour="[0]" size="10.560">；</text>
                <text font="JTTPDQ+SimSun" bbox="309.600,648.869,314.880,659.429" colourspace="ICCBased" ncolour="[0]" size="10.560"> </text>
                <text>
                </text>
            </textline>
        </textbox>
        <textbox id="18" bbox="210.716,633.272,547.196,643.832">
            <textline bbox="210.716,633.272,547.196,643.832">
                <text font="JTTPDQ+SimSun" bbox="210.716,633.272,215.996,643.832" colourspace="ICCBased" ncolour="[0]" size="10.560"> </text>
                <text font="JQUZDQ+SimSun" bbox="215.996,633.272,226.556,643.832" colourspace="ICCBased" ncolour="[0]" size="10.560">③</text>
                <text font="JTTPDQ+SimSun" bbox="226.556,633.272,231.836,643.832" colourspace="ICCBased" ncolour="[0]" size="10.560"> </text>
                <text font="JTTPDQ+SimSun" bbox="231.836,633.272,237.116,643.832" colourspace="ICCBased" ncolour="[0]" size="10.560"> </text>
                <text font="JQUZDQ+SimSun" bbox="237.116,633.272,247.676,643.832" colourspace="ICCBased" ncolour="[0]" size="10.560">促</text>
                <text font="JQUZDQ+SimSun" bbox="247.676,633.272,258.236,643.832" colourspace="ICCBased" ncolour="[0]" size="10.560">肾</text>
                <text font="JQUZDQ+SimSun" bbox="258.236,633.272,268.796,643.832" colourspace="ICCBased" ncolour="[0]" size="10.560">上</text>
                <text font="JQUZDQ+SimSun" bbox="268.556,633.272,279.116,643.832" colourspace="ICCBased" ncolour="[0]" size="10.560">腺</text>
                <text font="JQUZDQ+SimSun" bbox="279.116,633.272,289.676,643.832" colourspace="ICCBased" ncolour="[0]" size="10.560">皮</text>
                <text font="JQUZDQ+SimSun" bbox="289.676,633.272,300.236,643.832" colourspace="ICCBased" ncolour="[0]" size="10.560">质</text>
                <text font="JQUZDQ+SimSun" bbox="300.236,633.272,310.796,643.832" colourspace="ICCBased" ncolour="[0]" size="10.560">激</text>
                <text font="JQUZDQ+SimSun" bbox="310.556,633.272,321.116,643.832" colourspace="ICCBased" ncolour="[0]" size="10.560">素</text>
                <text font="JQUZDQ+SimSun" bbox="318.476,633.272,329.036,643.832" colourspace="ICCBased" ncolour="[0]" size="10.560">（</text>
                <text font="JTTPDQ+SimSun" bbox="329.036,633.272,334.316,643.832" colourspace="ICCBased" ncolour="[0]" size="10.560">A</text>
                <text font="JTTPDQ+SimSun" bbox="334.316,633.272,339.596,643.832" colourspace="ICCBased" ncolour="[0]" size="10.560">C</text>
                <text font="JTTPDQ+SimSun" bbox="339.596,633.272,344.876,643.832" colourspace="ICCBased" ncolour="[0]" size="10.560">T</text>
                <text font="JTTPDQ+SimSun" bbox="344.876,633.272,350.156,643.832" colourspace="ICCBased" ncolour="[0]" size="10.560">H</text>
                <text font="JQUZDQ+SimSun" bbox="350.156,633.272,360.716,643.832" colourspace="ICCBased" ncolour="[0]" size="10.560">）</text>
                <text font="JQUZDQ+SimSun" bbox="358.076,633.272,368.636,643.832" colourspace="ICCBased" ncolour="[0]" size="10.560">刺</text>
                <text font="JQUZDQ+SimSun" bbox="368.636,633.272,379.196,643.832" colourspace="ICCBased" ncolour="[0]" size="10.560">激</text>
                <text font="JQUZDQ+SimSun" bbox="378.956,633.272,389.516,643.832" colourspace="ICCBased" ncolour="[0]" size="10.560">试</text>
                <text font="JQUZDQ+SimSun" bbox="389.516,633.272,400.076,643.832" colourspace="ICCBased" ncolour="[0]" size="10.560">验</text>
                <text font="JQUZDQ+SimSun" bbox="400.076,633.272,410.636,643.832" colourspace="ICCBased" ncolour="[0]" size="10.560">显</text>
                <text font="JQUZDQ+SimSun" bbox="410.636,633.272,421.196,643.832" colourspace="ICCBased" ncolour="[0]" size="10.560">示</text>
                <text font="JQUZDQ+SimSun" bbox="420.956,633.272,431.516,643.832" colourspace="ICCBased" ncolour="[0]" size="10.560">为</text>
                <text font="JQUZDQ+SimSun" bbox="431.516,633.272,442.076,643.832" colourspace="ICCBased" ncolour="[0]" size="10.560">原</text>
                <text font="JQUZDQ+SimSun" bbox="442.076,633.272,452.636,643.832" colourspace="ICCBased" ncolour="[0]" size="10.560">发</text>
                <text font="JQUZDQ+SimSun" bbox="452.397,633.272,462.957,643.832" colourspace="ICCBased" ncolour="[0]" size="10.560">性</text>
                <text font="JQUZDQ+SimSun" bbox="462.957,633.272,473.517,643.832" colourspace="ICCBased" ncolour="[0]" size="10.560">肾</text>
                <text font="JQUZDQ+SimSun" bbox="473.517,633.272,484.077,643.832" colourspace="ICCBased" ncolour="[0]" size="10.560">上</text>
                <text font="JQUZDQ+SimSun" bbox="484.077,633.272,494.637,643.832" colourspace="ICCBased" ncolour="[0]" size="10.560">腺</text>
                <text font="JQUZDQ+SimSun" bbox="494.637,633.272,505.197,643.832" colourspace="ICCBased" ncolour="[0]" size="10.560">皮</text>
                <text font="JQUZDQ+SimSun" bbox="504.956,633.272,515.516,643.832" colourspace="ICCBased" ncolour="[0]" size="10.560">质</text>
                <text font="JQUZDQ+SimSun" bbox="515.516,633.272,526.076,643.832" colourspace="ICCBased" ncolour="[0]" size="10.560">功</text>
                <text font="JQUZDQ+SimSun" bbox="526.076,633.272,536.636,643.832" colourspace="ICCBased" ncolour="[0]" size="10.560">能</text>
                <text font="JQUZDQ+SimSun" bbox="536.636,633.272,547.196,643.832" colourspace="ICCBased" ncolour="[0]" size="10.560">减</text>
                <text>
                </text>
            </textline>
        </textbox>
        <textbox id="19" bbox="236.155,617.675,272.872,628.235">
            <textline bbox="236.155,617.675,272.872,628.235">
                <text font="JQUZDQ+SimSun" bbox="236.155,617.675,246.715,628.235" colourspace="ICCBased" ncolour="[0]" size="10.560">退</text>
                <text font="JQUZDQ+SimSun" bbox="246.715,617.675,257.275,628.235" colourspace="ICCBased" ncolour="[0]" size="10.560">症</text>
                <text font="JQUZDQ+SimSun" bbox="257.275,617.675,267.835,628.235" colourspace="ICCBased" ncolour="[0]" size="10.560">。</text>
                <text font="JTTPDQ+SimSun" bbox="267.592,617.675,272.872,628.235" colourspace="ICCBased" ncolour="[0]" size="10.560"> </text>
                <text>
                </text>
            </textline>
        </textbox>
        <textbox id="20" bbox="210.473,152.309,552.480,612.637">
            <textline bbox="210.473,602.077,441.357,612.637">
                <text font="JQUZDQ+SimSun" bbox="210.473,602.077,221.033,612.637" colourspace="ICCBased" ncolour="[0]" size="10.560">（</text>
                <text font="JTTPDQ+SimSun" bbox="221.033,602.077,226.313,612.637" colourspace="ICCBased" ncolour="[0]" size="10.560">2</text>
                <text font="JQUZDQ+SimSun" bbox="226.313,602.077,236.873,612.637" colourspace="ICCBased" ncolour="[0]" size="10.560">）</text>
                <text font="JQUZDQ+SimSun" bbox="236.873,602.077,247.433,612.637" colourspace="ICCBased" ncolour="[0]" size="10.560">已</text>
                <text font="JQUZDQ+SimSun" bbox="247.433,602.077,257.993,612.637" colourspace="ICCBased" ncolour="[0]" size="10.560">经</text>
                <text font="JQUZDQ+SimSun" bbox="257.993,602.077,268.553,612.637" colourspace="ICCBased" ncolour="[0]" size="10.560">采</text>
                <text font="JQUZDQ+SimSun" bbox="268.314,602.077,278.874,612.637" colourspace="ICCBased" ncolour="[0]" size="10.560">用</text>
                <text font="JQUZDQ+SimSun" bbox="278.874,602.077,289.434,612.637" colourspace="ICCBased" ncolour="[0]" size="10.560">皮</text>
                <text font="JQUZDQ+SimSun" bbox="289.434,602.077,299.994,612.637" colourspace="ICCBased" ncolour="[0]" size="10.560">质</text>
                <text font="JQUZDQ+SimSun" bbox="299.994,602.077,310.554,612.637" colourspace="ICCBased" ncolour="[0]" size="10.560">类</text>
                <text font="JQUZDQ+SimSun" bbox="310.313,602.077,320.873,612.637" colourspace="ICCBased" ncolour="[0]" size="10.560">固</text>
                <text font="JQUZDQ+SimSun" bbox="320.873,602.077,331.433,612.637" colourspace="ICCBased" ncolour="[0]" size="10.560">醇</text>
                <text font="JQUZDQ+SimSun" bbox="331.433,602.077,341.993,612.637" colourspace="ICCBased" ncolour="[0]" size="10.560">替</text>
                <text font="JQUZDQ+SimSun" bbox="341.993,602.077,352.553,612.637" colourspace="ICCBased" ncolour="[0]" size="10.560">代</text>
                <text font="JQUZDQ+SimSun" bbox="352.313,602.077,362.873,612.637" colourspace="ICCBased" ncolour="[0]" size="10.560">治</text>
                <text font="JQUZDQ+SimSun" bbox="362.873,602.077,373.433,612.637" colourspace="ICCBased" ncolour="[0]" size="10.560">疗</text>
                <text> </text>
                <text font="JTTPDQ+SimSun" bbox="376.075,602.077,381.355,612.637" colourspace="ICCBased" ncolour="[0]" size="10.560">1</text>
                <text font="JTTPDQ+SimSun" bbox="381.355,602.077,386.635,612.637" colourspace="ICCBased" ncolour="[0]" size="10.560">8</text>
                <text font="JTTPDQ+SimSun" bbox="386.635,602.077,391.915,612.637" colourspace="ICCBased" ncolour="[0]" size="10.560">0</text>
                <text> </text>
                <text font="JQUZDQ+SimSun" bbox="394.312,602.077,404.872,612.637" colourspace="ICCBased" ncolour="[0]" size="10.560">天</text>
                <text font="JQUZDQ+SimSun" bbox="404.872,602.077,415.432,612.637" colourspace="ICCBased" ncolour="[0]" size="10.560">以</text>
                <text font="JQUZDQ+SimSun" bbox="415.432,602.077,425.992,612.637" colourspace="ICCBased" ncolour="[0]" size="10.560">上</text>
                <text font="JQUZDQ+SimSun" bbox="425.753,602.077,436.313,612.637" colourspace="ICCBased" ncolour="[0]" size="10.560">。</text>
                <text font="JTTPDQ+SimSun" bbox="436.077,602.077,441.357,612.637" colourspace="ICCBased" ncolour="[0]" size="10.560"> </text>
                <text>
                </text>
            </textline>
            <textline bbox="210.480,586.469,547.200,597.029">
                <text font="JQUZDQ+SimSun" bbox="210.480,586.469,221.040,597.029" colourspace="ICCBased" ncolour="[0]" size="10.560">本</text>
                <text font="JQUZDQ+SimSun" bbox="221.040,586.469,231.600,597.029" colourspace="ICCBased" ncolour="[0]" size="10.560">保</text>
                <text font="JQUZDQ+SimSun" bbox="231.600,586.469,242.160,597.029" colourspace="ICCBased" ncolour="[0]" size="10.560">障</text>
                <text font="JQUZDQ+SimSun" bbox="242.160,586.469,252.720,597.029" colourspace="ICCBased" ncolour="[0]" size="10.560">仅</text>
                <text font="JQUZDQ+SimSun" bbox="252.720,586.469,263.280,597.029" colourspace="ICCBased" ncolour="[0]" size="10.560">包</text>
                <text font="JQUZDQ+SimSun" bbox="263.280,586.469,273.840,597.029" colourspace="ICCBased" ncolour="[0]" size="10.560">括</text>
                <text font="JQUZDQ+SimSun" bbox="273.840,586.469,284.400,597.029" colourspace="ICCBased" ncolour="[0]" size="10.560">由</text>
                <text font="JQUZDQ+SimSun" bbox="284.160,586.469,294.720,597.029" colourspace="ICCBased" ncolour="[0]" size="10.560">自</text>
                <text font="JQUZDQ+SimSun" bbox="294.720,586.469,305.280,597.029" colourspace="ICCBased" ncolour="[0]" size="10.560">身</text>
                <text font="JQUZDQ+SimSun" bbox="305.280,586.469,315.840,597.029" colourspace="ICCBased" ncolour="[0]" size="10.560">免</text>
                <text font="JQUZDQ+SimSun" bbox="315.840,586.469,326.400,597.029" colourspace="ICCBased" ncolour="[0]" size="10.560">疫</text>
                <text font="JQUZDQ+SimSun" bbox="326.400,586.469,336.960,597.029" colourspace="ICCBased" ncolour="[0]" size="10.560">功</text>
                <text font="JQUZDQ+SimSun" bbox="336.960,586.469,347.520,597.029" colourspace="ICCBased" ncolour="[0]" size="10.560">能</text>
                <text font="JQUZDQ+SimSun" bbox="347.280,586.469,357.840,597.029" colourspace="ICCBased" ncolour="[0]" size="10.560">紊</text>
                <text font="JQUZDQ+SimSun" bbox="357.840,586.469,368.400,597.029" colourspace="ICCBased" ncolour="[0]" size="10.560">乱</text>
                <text font="JQUZDQ+SimSun" bbox="368.400,586.469,378.960,597.029" colourspace="ICCBased" ncolour="[0]" size="10.560">所</text>
                <text font="JQUZDQ+SimSun" bbox="378.960,586.469,389.520,597.029" colourspace="ICCBased" ncolour="[0]" size="10.560">导</text>
                <text font="JQUZDQ+SimSun" bbox="389.520,586.469,400.080,597.029" colourspace="ICCBased" ncolour="[0]" size="10.560">致</text>
                <text font="JQUZDQ+SimSun" bbox="399.840,586.469,410.400,597.029" colourspace="ICCBased" ncolour="[0]" size="10.560">的</text>
                <text font="JQUZDQ+SimSun" bbox="410.400,586.469,420.960,597.029" colourspace="ICCBased" ncolour="[0]" size="10.560">慢</text>
                <text font="JQUZDQ+SimSun" bbox="420.960,586.469,431.520,597.029" colourspace="ICCBased" ncolour="[0]" size="10.560">性</text>
                <text font="JQUZDQ+SimSun" bbox="431.520,586.469,442.080,597.029" colourspace="ICCBased" ncolour="[0]" size="10.560">肾</text>
                <text font="JQUZDQ+SimSun" bbox="442.080,586.469,452.640,597.029" colourspace="ICCBased" ncolour="[0]" size="10.560">上</text>
                <text font="JQUZDQ+SimSun" bbox="452.400,586.469,462.960,597.029" colourspace="ICCBased" ncolour="[0]" size="10.560">腺</text>
                <text font="JQUZDQ+SimSun" bbox="462.960,586.469,473.520,597.029" colourspace="ICCBased" ncolour="[0]" size="10.560">功</text>
                <text font="JQUZDQ+SimSun" bbox="473.520,586.469,484.080,597.029" colourspace="ICCBased" ncolour="[0]" size="10.560">能</text>
                <text font="JQUZDQ+SimSun" bbox="484.080,586.469,494.640,597.029" colourspace="ICCBased" ncolour="[0]" size="10.560">不</text>
                <text font="JQUZDQ+SimSun" bbox="494.640,586.469,505.200,597.029" colourspace="ICCBased" ncolour="[0]" size="10.560">全</text>
                <text font="JQUZDQ+SimSun" bbox="505.200,586.469,515.760,597.029" colourspace="ICCBased" ncolour="[0]" size="10.560">，</text>
                <text font="JQUZDQ+SimSun" bbox="515.760,586.469,526.320,597.029" colourspace="ICCBased" ncolour="[0]" size="10.560">其</text>
                <text font="JQUZDQ+SimSun" bbox="526.080,586.469,536.640,597.029" colourspace="ICCBased" ncolour="[0]" size="10.560">他</text>
                <text font="JQUZDQ+SimSun" bbox="536.640,586.469,547.200,597.029" colourspace="ICCBased" ncolour="[0]" size="10.560">成</text>
                <text>
                </text>
            </textline>
            <textline bbox="210.480,570.869,547.200,581.429">
                <text font="JQUZDQ+SimSun" bbox="210.480,570.869,221.040,581.429" colourspace="ICCBased" ncolour="[0]" size="10.560">因</text>
                <text font="JQUZDQ+SimSun" bbox="221.040,570.869,231.600,581.429" colourspace="ICCBased" ncolour="[0]" size="10.560">（</text>
                <text font="JQUZDQ+SimSun" bbox="231.600,570.869,242.160,581.429" colourspace="ICCBased" ncolour="[0]" size="10.560">包</text>
                <text font="JQUZDQ+SimSun" bbox="242.160,570.869,252.720,581.429" colourspace="ICCBased" ncolour="[0]" size="10.560">括</text>
                <text font="JQUZDQ+SimSun" bbox="252.720,570.869,263.280,581.429" colourspace="ICCBased" ncolour="[0]" size="10.560">但</text>
                <text font="JQUZDQ+SimSun" bbox="263.280,570.869,273.840,581.429" colourspace="ICCBased" ncolour="[0]" size="10.560">不</text>
                <text font="JQUZDQ+SimSun" bbox="273.840,570.869,284.400,581.429" colourspace="ICCBased" ncolour="[0]" size="10.560">限</text>
                <text font="JQUZDQ+SimSun" bbox="284.400,570.869,294.960,581.429" colourspace="ICCBased" ncolour="[0]" size="10.560">于</text>
                <text font="JQUZDQ+SimSun" bbox="294.720,570.869,305.280,581.429" colourspace="ICCBased" ncolour="[0]" size="10.560">：</text>
                <text font="JQUZDQ+SimSun" bbox="305.280,570.869,315.840,581.429" colourspace="ICCBased" ncolour="[0]" size="10.560">肾</text>
                <text font="JQUZDQ+SimSun" bbox="315.840,570.869,326.400,581.429" colourspace="ICCBased" ncolour="[0]" size="10.560">上</text>
                <text font="JQUZDQ+SimSun" bbox="326.400,570.869,336.960,581.429" colourspace="ICCBased" ncolour="[0]" size="10.560">腺</text>
                <text font="JQUZDQ+SimSun" bbox="336.960,570.869,347.520,581.429" colourspace="ICCBased" ncolour="[0]" size="10.560">结</text>
                <text font="JQUZDQ+SimSun" bbox="347.280,570.869,357.840,581.429" colourspace="ICCBased" ncolour="[0]" size="10.560">核</text>
                <text font="JQUZDQ+SimSun" bbox="357.840,570.869,368.400,581.429" colourspace="ICCBased" ncolour="[0]" size="10.560">、</text>
                <text font="JTTPDQ+SimSun" bbox="368.400,570.869,373.680,581.429" colourspace="ICCBased" ncolour="[0]" size="10.560">H</text>
                <text font="JTTPDQ+SimSun" bbox="373.680,570.869,378.960,581.429" colourspace="ICCBased" ncolour="[0]" size="10.560">I</text>
                <text font="JTTPDQ+SimSun" bbox="378.960,570.869,384.240,581.429" colourspace="ICCBased" ncolour="[0]" size="10.560">V</text>
                <text> </text>
                <text font="JQUZDQ+SimSun" bbox="389.520,570.869,400.080,581.429" colourspace="ICCBased" ncolour="[0]" size="10.560">感</text>
                <text font="JQUZDQ+SimSun" bbox="399.840,570.869,410.400,581.429" colourspace="ICCBased" ncolour="[0]" size="10.560">染</text>
                <text font="JQUZDQ+SimSun" bbox="410.400,570.869,420.960,581.429" colourspace="ICCBased" ncolour="[0]" size="10.560">或</text>
                <text font="JQUZDQ+SimSun" bbox="420.960,570.869,431.520,581.429" colourspace="ICCBased" ncolour="[0]" size="10.560">艾</text>
                <text font="JQUZDQ+SimSun" bbox="431.520,570.869,442.080,581.429" colourspace="ICCBased" ncolour="[0]" size="10.560">滋</text>
                <text font="JQUZDQ+SimSun" bbox="442.080,570.869,452.640,581.429" colourspace="ICCBased" ncolour="[0]" size="10.560">病</text>
                <text font="JQUZDQ+SimSun" bbox="452.401,570.869,462.961,581.429" colourspace="ICCBased" ncolour="[0]" size="10.560">、</text>
                <text font="JQUZDQ+SimSun" bbox="462.961,570.869,473.521,581.429" colourspace="ICCBased" ncolour="[0]" size="10.560">感</text>
                <text font="JQUZDQ+SimSun" bbox="473.521,570.869,484.081,581.429" colourspace="ICCBased" ncolour="[0]" size="10.560">染</text>
                <text font="JQUZDQ+SimSun" bbox="484.081,570.869,494.641,581.429" colourspace="ICCBased" ncolour="[0]" size="10.560">、</text>
                <text font="JQUZDQ+SimSun" bbox="494.641,570.869,505.201,581.429" colourspace="ICCBased" ncolour="[0]" size="10.560">肿</text>
                <text font="JQUZDQ+SimSun" bbox="505.201,570.869,515.761,581.429" colourspace="ICCBased" ncolour="[0]" size="10.560">瘤</text>
                <text font="JQUZDQ+SimSun" bbox="515.761,570.869,526.321,581.429" colourspace="ICCBased" ncolour="[0]" size="10.560">）</text>
                <text font="JQUZDQ+SimSun" bbox="526.080,570.869,536.640,581.429" colourspace="ICCBased" ncolour="[0]" size="10.560">所</text>
                <text font="JQUZDQ+SimSun" bbox="536.640,570.869,547.200,581.429" colourspace="ICCBased" ncolour="[0]" size="10.560">致</text>
                <text>
                </text>
            </textline>
            <textline bbox="210.480,555.269,547.200,565.829">
                <text font="JQUZDQ+SimSun" bbox="210.480,555.269,221.040,565.829" colourspace="ICCBased" ncolour="[0]" size="10.560">的</text>
                <text font="JQUZDQ+SimSun" bbox="221.040,555.269,231.600,565.829" colourspace="ICCBased" ncolour="[0]" size="10.560">原</text>
                <text font="JQUZDQ+SimSun" bbox="231.600,555.269,242.160,565.829" colourspace="ICCBased" ncolour="[0]" size="10.560">发</text>
                <text font="JQUZDQ+SimSun" bbox="242.160,555.269,252.720,565.829" colourspace="ICCBased" ncolour="[0]" size="10.560">性</text>
                <text font="JQUZDQ+SimSun" bbox="252.720,555.269,263.280,565.829" colourspace="ICCBased" ncolour="[0]" size="10.560">肾</text>
                <text font="JQUZDQ+SimSun" bbox="263.280,555.269,273.840,565.829" colourspace="ICCBased" ncolour="[0]" size="10.560">上</text>
                <text font="JQUZDQ+SimSun" bbox="273.840,555.269,284.400,565.829" colourspace="ICCBased" ncolour="[0]" size="10.560">腺</text>
                <text font="JQUZDQ+SimSun" bbox="284.160,555.269,294.720,565.829" colourspace="ICCBased" ncolour="[0]" size="10.560">皮</text>
                <text font="JQUZDQ+SimSun" bbox="294.720,555.269,305.280,565.829" colourspace="ICCBased" ncolour="[0]" size="10.560">质</text>
                <text font="JQUZDQ+SimSun" bbox="305.280,555.269,315.840,565.829" colourspace="ICCBased" ncolour="[0]" size="10.560">功</text>
                <text font="JQUZDQ+SimSun" bbox="315.840,555.269,326.400,565.829" colourspace="ICCBased" ncolour="[0]" size="10.560">能</text>
                <text font="JQUZDQ+SimSun" bbox="326.400,555.269,336.960,565.829" colourspace="ICCBased" ncolour="[0]" size="10.560">减</text>
                <text font="JQUZDQ+SimSun" bbox="336.960,555.269,347.520,565.829" colourspace="ICCBased" ncolour="[0]" size="10.560">退</text>
                <text font="JQUZDQ+SimSun" bbox="347.280,555.269,357.840,565.829" colourspace="ICCBased" ncolour="[0]" size="10.560">和</text>
                <text font="JQUZDQ+SimSun" bbox="357.840,555.269,368.400,565.829" colourspace="ICCBased" ncolour="[0]" size="10.560">继</text>
                <text font="JQUZDQ+SimSun" bbox="368.400,555.269,378.960,565.829" colourspace="ICCBased" ncolour="[0]" size="10.560">发</text>
                <text font="JQUZDQ+SimSun" bbox="378.960,555.269,389.520,565.829" colourspace="ICCBased" ncolour="[0]" size="10.560">性</text>
                <text font="JQUZDQ+SimSun" bbox="389.520,555.269,400.080,565.829" colourspace="ICCBased" ncolour="[0]" size="10.560">肾</text>
                <text font="JQUZDQ+SimSun" bbox="399.840,555.269,410.400,565.829" colourspace="ICCBased" ncolour="[0]" size="10.560">上</text>
                <text font="JQUZDQ+SimSun" bbox="410.400,555.269,420.960,565.829" colourspace="ICCBased" ncolour="[0]" size="10.560">腺</text>
                <text font="JQUZDQ+SimSun" bbox="420.960,555.269,431.520,565.829" colourspace="ICCBased" ncolour="[0]" size="10.560">皮</text>
                <text font="JQUZDQ+SimSun" bbox="431.520,555.269,442.080,565.829" colourspace="ICCBased" ncolour="[0]" size="10.560">质</text>
                <text font="JQUZDQ+SimSun" bbox="442.080,555.269,452.640,565.829" colourspace="ICCBased" ncolour="[0]" size="10.560">功</text>
                <text font="JQUZDQ+SimSun" bbox="452.400,555.269,462.960,565.829" colourspace="ICCBased" ncolour="[0]" size="10.560">能</text>
                <text font="JQUZDQ+SimSun" bbox="462.960,555.269,473.520,565.829" colourspace="ICCBased" ncolour="[0]" size="10.560">减</text>
                <text font="JQUZDQ+SimSun" bbox="473.520,555.269,484.080,565.829" colourspace="ICCBased" ncolour="[0]" size="10.560">退</text>
                <text font="JQUZDQ+SimSun" bbox="484.080,555.269,494.640,565.829" colourspace="ICCBased" ncolour="[0]" size="10.560">均</text>
                <text font="JQUZDQ+SimSun" bbox="494.640,555.269,505.200,565.829" colourspace="ICCBased" ncolour="[0]" size="10.560">不</text>
                <text font="JQUZDQ+SimSun" bbox="505.200,555.269,515.760,565.829" colourspace="ICCBased" ncolour="[0]" size="10.560">在</text>
                <text font="JQUZDQ+SimSun" bbox="515.760,555.269,526.320,565.829" colourspace="ICCBased" ncolour="[0]" size="10.560">保</text>
                <text font="JQUZDQ+SimSun" bbox="526.080,555.269,536.640,565.829" colourspace="ICCBased" ncolour="[0]" size="10.560">障</text>
                <text font="JQUZDQ+SimSun" bbox="536.640,555.269,547.200,565.829" colourspace="ICCBased" ncolour="[0]" size="10.560">范</text>
                <text>
                </text>
            </textline>
            <textline bbox="210.480,539.669,247.200,550.229">
                <text font="JQUZDQ+SimSun" bbox="210.480,539.669,221.040,550.229" colourspace="ICCBased" ncolour="[0]" size="10.560">围</text>
                <text font="JQUZDQ+SimSun" bbox="221.040,539.669,231.600,550.229" colourspace="ICCBased" ncolour="[0]" size="10.560">内</text>
                <text font="JQUZDQ+SimSun" bbox="231.600,539.669,242.160,550.229" colourspace="ICCBased" ncolour="[0]" size="10.560">。</text>
                <text font="JTTPDQ+SimSun" bbox="241.920,539.669,247.200,550.229" colourspace="ICCBased" ncolour="[0]" size="10.560"> </text>
                <text>
                </text>
            </textline>
            <textline bbox="210.480,524.069,215.760,534.629">
                <text font="JTTPDQ+SimSun" bbox="210.480,524.069,215.760,534.629" colourspace="ICCBased" ncolour="[0]" size="10.560"> </text>
                <text>
                </text>
            </textline>
            <textline bbox="210.480,512.549,520.078,523.109">
                <text font="JQUZDQ+SimSun" bbox="210.480,512.549,221.040,523.109" colourspace="ICCBased" ncolour="[0]" size="10.560">指</text>
                <text font="JQUZDQ+SimSun" bbox="221.040,512.549,231.600,523.109" colourspace="ICCBased" ncolour="[0]" size="10.560">严</text>
                <text font="JQUZDQ+SimSun" bbox="231.600,512.549,242.160,523.109" colourspace="ICCBased" ncolour="[0]" size="10.560">重</text>
                <text font="JQUZDQ+SimSun" bbox="242.160,512.549,252.720,523.109" colourspace="ICCBased" ncolour="[0]" size="10.560">肠</text>
                <text font="JQUZDQ+SimSun" bbox="252.720,512.549,263.280,523.109" colourspace="ICCBased" ncolour="[0]" size="10.560">道</text>
                <text font="JQUZDQ+SimSun" bbox="263.040,512.549,273.600,523.109" colourspace="ICCBased" ncolour="[0]" size="10.560">疾</text>
                <text font="JQUZDQ+SimSun" bbox="273.600,512.549,284.160,523.109" colourspace="ICCBased" ncolour="[0]" size="10.560">病</text>
                <text font="JQUZDQ+SimSun" bbox="284.160,512.549,294.720,523.109" colourspace="ICCBased" ncolour="[0]" size="10.560">或</text>
                <text font="JQUZDQ+SimSun" bbox="294.720,512.549,305.280,523.109" colourspace="ICCBased" ncolour="[0]" size="10.560">外</text>
                <text font="JQUZDQ+SimSun" bbox="305.040,512.549,315.600,523.109" colourspace="ICCBased" ncolour="[0]" size="10.560">伤</text>
                <text font="JQUZDQ+SimSun" bbox="315.600,512.549,326.160,523.109" colourspace="ICCBased" ncolour="[0]" size="10.560">导</text>
                <text font="JQUZDQ+SimSun" bbox="326.160,512.549,336.720,523.109" colourspace="ICCBased" ncolour="[0]" size="10.560">致</text>
                <text font="JQUZDQ+SimSun" bbox="336.720,512.549,347.280,523.109" colourspace="ICCBased" ncolour="[0]" size="10.560">小</text>
                <text font="JQUZDQ+SimSun" bbox="347.040,512.549,357.600,523.109" colourspace="ICCBased" ncolour="[0]" size="10.560">肠</text>
                <text font="JQUZDQ+SimSun" bbox="357.600,512.549,368.160,523.109" colourspace="ICCBased" ncolour="[0]" size="10.560">损</text>
                <text font="JQUZDQ+SimSun" bbox="368.160,512.549,378.720,523.109" colourspace="ICCBased" ncolour="[0]" size="10.560">害</text>
                <text font="JQUZDQ+SimSun" bbox="378.720,512.549,389.280,523.109" colourspace="ICCBased" ncolour="[0]" size="10.560">并</text>
                <text font="JQUZDQ+SimSun" bbox="389.040,512.549,399.600,523.109" colourspace="ICCBased" ncolour="[0]" size="10.560">发</text>
                <text font="JQUZDQ+SimSun" bbox="399.600,512.549,410.160,523.109" colourspace="ICCBased" ncolour="[0]" size="10.560">症</text>
                <text font="JQUZDQ+SimSun" bbox="410.160,512.549,420.720,523.109" colourspace="ICCBased" ncolour="[0]" size="10.560">，</text>
                <text font="JQUZDQ+SimSun" bbox="420.720,512.549,431.280,523.109" colourspace="ICCBased" ncolour="[0]" size="10.560">满</text>
                <text font="JQUZDQ+SimSun" bbox="431.040,512.549,441.600,523.109" colourspace="ICCBased" ncolour="[0]" size="10.560">足</text>
                <text font="JQUZDQ+SimSun" bbox="441.600,512.549,452.160,523.109" colourspace="ICCBased" ncolour="[0]" size="10.560">以</text>
                <text font="JQUZDQ+SimSun" bbox="451.920,512.549,462.480,523.109" colourspace="ICCBased" ncolour="[0]" size="10.560">下</text>
                <text font="JQUZDQ+SimSun" bbox="462.480,512.549,473.040,523.109" colourspace="ICCBased" ncolour="[0]" size="10.560">所</text>
                <text font="JQUZDQ+SimSun" bbox="473.040,512.549,483.600,523.109" colourspace="ICCBased" ncolour="[0]" size="10.560">有</text>
                <text font="JQUZDQ+SimSun" bbox="483.600,512.549,494.160,523.109" colourspace="ICCBased" ncolour="[0]" size="10.560">条</text>
                <text font="JQUZDQ+SimSun" bbox="494.160,512.549,504.720,523.109" colourspace="ICCBased" ncolour="[0]" size="10.560">件</text>
                <text font="JQUZDQ+SimSun" bbox="504.480,512.549,515.040,523.109" colourspace="ICCBased" ncolour="[0]" size="10.560">：</text>
                <text font="JTTPDQ+SimSun" bbox="514.798,512.549,520.078,523.109" colourspace="ICCBased" ncolour="[0]" size="10.560"> </text>
                <text>
                </text>
            </textline>
            <textline bbox="210.480,496.952,347.042,507.512">
                <text font="JQUZDQ+SimSun" bbox="210.480,496.952,221.040,507.512" colourspace="ICCBased" ncolour="[0]" size="10.560">（</text>
                <text font="JTTPDQ+SimSun" bbox="221.040,496.952,226.320,507.512" colourspace="ICCBased" ncolour="[0]" size="10.560">1</text>
                <text font="JQUZDQ+SimSun" bbox="226.320,496.952,236.880,507.512" colourspace="ICCBased" ncolour="[0]" size="10.560">）</text>
                <text font="JQUZDQ+SimSun" bbox="236.880,496.952,247.440,507.512" colourspace="ICCBased" ncolour="[0]" size="10.560">切</text>
                <text font="JQUZDQ+SimSun" bbox="247.440,496.952,258.000,507.512" colourspace="ICCBased" ncolour="[0]" size="10.560">除</text>
                <text font="JQUZDQ+SimSun" bbox="258.000,496.952,268.560,507.512" colourspace="ICCBased" ncolour="[0]" size="10.560">部</text>
                <text font="JQUZDQ+SimSun" bbox="268.320,496.952,278.880,507.512" colourspace="ICCBased" ncolour="[0]" size="10.560">分</text>
                <text font="JQUZDQ+SimSun" bbox="278.880,496.952,289.440,507.512" colourspace="ICCBased" ncolour="[0]" size="10.560">或</text>
                <text font="JQUZDQ+SimSun" bbox="289.440,496.952,300.000,507.512" colourspace="ICCBased" ncolour="[0]" size="10.560">全</text>
                <text font="JQUZDQ+SimSun" bbox="300.000,496.952,310.560,507.512" colourspace="ICCBased" ncolour="[0]" size="10.560">部</text>
                <text font="JQUZDQ+SimSun" bbox="310.320,496.952,320.880,507.512" colourspace="ICCBased" ncolour="[0]" size="10.560">小</text>
                <text font="JQUZDQ+SimSun" bbox="320.880,496.952,331.440,507.512" colourspace="ICCBased" ncolour="[0]" size="10.560">肠</text>
                <text font="JQUZDQ+SimSun" bbox="331.440,496.952,342.000,507.512" colourspace="ICCBased" ncolour="[0]" size="10.560">；</text>
                <text font="JTTPDQ+SimSun" bbox="341.762,496.952,347.042,507.512" colourspace="ICCBased" ncolour="[0]" size="10.560"> </text>
                <text>
                </text>
            </textline>
            <textline bbox="210.480,481.355,389.039,491.915">
                <text font="JQUZDQ+SimSun" bbox="210.480,481.355,221.040,491.915" colourspace="ICCBased" ncolour="[0]" size="10.560">（</text>
                <text font="JTTPDQ+SimSun" bbox="221.040,481.355,226.320,491.915" colourspace="ICCBased" ncolour="[0]" size="10.560">2</text>
                <text font="JQUZDQ+SimSun" bbox="226.320,481.355,236.880,491.915" colourspace="ICCBased" ncolour="[0]" size="10.560">）</text>
                <text font="JQUZDQ+SimSun" bbox="236.880,481.355,247.440,491.915" colourspace="ICCBased" ncolour="[0]" size="10.560">完</text>
                <text font="JQUZDQ+SimSun" bbox="247.440,481.355,258.000,491.915" colourspace="ICCBased" ncolour="[0]" size="10.560">全</text>
                <text font="JQUZDQ+SimSun" bbox="258.000,481.355,268.560,491.915" colourspace="ICCBased" ncolour="[0]" size="10.560">肠</text>
                <text font="JQUZDQ+SimSun" bbox="268.320,481.355,278.880,491.915" colourspace="ICCBased" ncolour="[0]" size="10.560">外</text>
                <text font="JQUZDQ+SimSun" bbox="278.880,481.355,289.440,491.915" colourspace="ICCBased" ncolour="[0]" size="10.560">营</text>
                <text font="JQUZDQ+SimSun" bbox="289.440,481.355,300.000,491.915" colourspace="ICCBased" ncolour="[0]" size="10.560">养</text>
                <text font="JQUZDQ+SimSun" bbox="300.000,481.355,310.560,491.915" colourspace="ICCBased" ncolour="[0]" size="10.560">支</text>
                <text font="JQUZDQ+SimSun" bbox="310.320,481.355,320.880,491.915" colourspace="ICCBased" ncolour="[0]" size="10.560">持</text>
                <text font="JQUZDQ+SimSun" bbox="320.880,481.355,331.440,491.915" colourspace="ICCBased" ncolour="[0]" size="10.560">三</text>
                <text font="JQUZDQ+SimSun" bbox="331.440,481.355,342.000,491.915" colourspace="ICCBased" ncolour="[0]" size="10.560">个</text>
                <text font="JQUZDQ+SimSun" bbox="342.000,481.355,352.560,491.915" colourspace="ICCBased" ncolour="[0]" size="10.560">月</text>
                <text font="JQUZDQ+SimSun" bbox="352.320,481.355,362.880,491.915" colourspace="ICCBased" ncolour="[0]" size="10.560">以</text>
                <text font="JQUZDQ+SimSun" bbox="362.880,481.355,373.440,491.915" colourspace="ICCBased" ncolour="[0]" size="10.560">上</text>
                <text font="JQUZDQ+SimSun" bbox="373.440,481.355,384.000,491.915" colourspace="ICCBased" ncolour="[0]" size="10.560">。</text>
                <text font="JTTPDQ+SimSun" bbox="383.759,481.355,389.039,491.915" colourspace="ICCBased" ncolour="[0]" size="10.560"> </text>
                <text>
                </text>
            </textline>
            <textline bbox="210.480,465.749,215.760,476.309">
                <text font="JTTPDQ+SimSun" bbox="210.480,465.749,215.760,476.309" colourspace="ICCBased" ncolour="[0]" size="10.560"> </text>
                <text>
                </text>
            </textline>
            <textline bbox="210.480,451.589,547.200,462.149">
                <text font="JQUZDQ+SimSun" bbox="210.480,451.589,221.040,462.149" colourspace="ICCBased" ncolour="[0]" size="10.560">指</text>
                <text font="JQUZDQ+SimSun" bbox="221.040,451.589,231.600,462.149" colourspace="ICCBased" ncolour="[0]" size="10.560">起</text>
                <text font="JQUZDQ+SimSun" bbox="231.600,451.589,242.160,462.149" colourspace="ICCBased" ncolour="[0]" size="10.560">源</text>
                <text font="JQUZDQ+SimSun" bbox="242.160,451.589,252.720,462.149" colourspace="ICCBased" ncolour="[0]" size="10.560">于</text>
                <text font="JQUZDQ+SimSun" bbox="252.720,451.589,263.280,462.149" colourspace="ICCBased" ncolour="[0]" size="10.560">造</text>
                <text font="JQUZDQ+SimSun" bbox="263.280,451.589,273.840,462.149" colourspace="ICCBased" ncolour="[0]" size="10.560">血</text>
                <text font="JQUZDQ+SimSun" bbox="273.840,451.589,284.400,462.149" colourspace="ICCBased" ncolour="[0]" size="10.560">干</text>
                <text font="JQUZDQ+SimSun" bbox="284.160,451.589,294.720,462.149" colourspace="ICCBased" ncolour="[0]" size="10.560">细</text>
                <text font="JQUZDQ+SimSun" bbox="294.720,451.589,305.280,462.149" colourspace="ICCBased" ncolour="[0]" size="10.560">胞</text>
                <text font="JQUZDQ+SimSun" bbox="305.280,451.589,315.840,462.149" colourspace="ICCBased" ncolour="[0]" size="10.560">的</text>
                <text font="JQUZDQ+SimSun" bbox="315.840,451.589,326.400,462.149" colourspace="ICCBased" ncolour="[0]" size="10.560">一</text>
                <text font="JQUZDQ+SimSun" bbox="326.400,451.589,336.960,462.149" colourspace="ICCBased" ncolour="[0]" size="10.560">组</text>
                <text font="JQUZDQ+SimSun" bbox="336.960,451.589,347.520,462.149" colourspace="ICCBased" ncolour="[0]" size="10.560">骨</text>
                <text font="JQUZDQ+SimSun" bbox="347.280,451.589,357.840,462.149" colourspace="ICCBased" ncolour="[0]" size="10.560">髓</text>
                <text font="JQUZDQ+SimSun" bbox="357.840,451.589,368.400,462.149" colourspace="ICCBased" ncolour="[0]" size="10.560">克</text>
                <text font="JQUZDQ+SimSun" bbox="368.400,451.589,378.960,462.149" colourspace="ICCBased" ncolour="[0]" size="10.560">隆</text>
                <text font="JQUZDQ+SimSun" bbox="378.960,451.589,389.520,462.149" colourspace="ICCBased" ncolour="[0]" size="10.560">增</text>
                <text font="JQUZDQ+SimSun" bbox="389.520,451.589,400.080,462.149" colourspace="ICCBased" ncolour="[0]" size="10.560">生</text>
                <text font="JQUZDQ+SimSun" bbox="399.840,451.589,410.400,462.149" colourspace="ICCBased" ncolour="[0]" size="10.560">异</text>
                <text font="JQUZDQ+SimSun" bbox="410.400,451.589,420.960,462.149" colourspace="ICCBased" ncolour="[0]" size="10.560">常</text>
                <text font="JQUZDQ+SimSun" bbox="420.960,451.589,431.520,462.149" colourspace="ICCBased" ncolour="[0]" size="10.560">的</text>
                <text font="JQUZDQ+SimSun" bbox="431.520,451.589,442.080,462.149" colourspace="ICCBased" ncolour="[0]" size="10.560">疾</text>
                <text font="JQUZDQ+SimSun" bbox="442.080,451.589,452.640,462.149" colourspace="ICCBased" ncolour="[0]" size="10.560">病</text>
                <text font="JQUZDQ+SimSun" bbox="452.400,451.589,462.960,462.149" colourspace="ICCBased" ncolour="[0]" size="10.560">，</text>
                <text font="JQUZDQ+SimSun" bbox="462.960,451.589,473.520,462.149" colourspace="ICCBased" ncolour="[0]" size="10.560">符</text>
                <text font="JQUZDQ+SimSun" bbox="473.520,451.589,484.080,462.149" colourspace="ICCBased" ncolour="[0]" size="10.560">合</text>
                <text font="JQUZDQ+SimSun" bbox="484.080,451.589,494.640,462.149" colourspace="ICCBased" ncolour="[0]" size="10.560">世</text>
                <text font="JQUZDQ+SimSun" bbox="494.640,451.589,505.200,462.149" colourspace="ICCBased" ncolour="[0]" size="10.560">界</text>
                <text font="JQUZDQ+SimSun" bbox="505.200,451.589,515.760,462.149" colourspace="ICCBased" ncolour="[0]" size="10.560">卫</text>
                <text font="JQUZDQ+SimSun" bbox="515.760,451.589,526.320,462.149" colourspace="ICCBased" ncolour="[0]" size="10.560">生</text>
                <text font="JQUZDQ+SimSun" bbox="526.080,451.589,536.640,462.149" colourspace="ICCBased" ncolour="[0]" size="10.560">组</text>
                <text font="JQUZDQ+SimSun" bbox="536.640,451.589,547.200,462.149" colourspace="ICCBased" ncolour="[0]" size="10.560">织</text>
                <text>
                </text>
            </textline>
            <textline bbox="210.480,435.989,547.200,446.552">
                <text font="JQUZDQ+SimSun" bbox="210.480,435.992,221.040,446.552" colourspace="ICCBased" ncolour="[0]" size="10.560">（</text>
                <text font="JTTPDQ+SimSun" bbox="221.040,435.992,226.320,446.552" colourspace="ICCBased" ncolour="[0]" size="10.560">W</text>
                <text font="JTTPDQ+SimSun" bbox="226.320,435.992,231.600,446.552" colourspace="ICCBased" ncolour="[0]" size="10.560">H</text>
                <text font="JTTPDQ+SimSun" bbox="231.600,435.992,236.880,446.552" colourspace="ICCBased" ncolour="[0]" size="10.560">O</text>
                <text font="JQUZDQ+SimSun" bbox="236.880,435.992,247.440,446.552" colourspace="ICCBased" ncolour="[0]" size="10.560">）</text>
                <text font="JQUZDQ+SimSun" bbox="247.440,435.992,258.000,446.552" colourspace="ICCBased" ncolour="[0]" size="10.560">分</text>
                <text font="JQUZDQ+SimSun" bbox="258.000,435.992,268.560,446.552" colourspace="ICCBased" ncolour="[0]" size="10.560">型</text>
                <text font="JQUZDQ+SimSun" bbox="268.560,435.992,279.120,446.552" colourspace="ICCBased" ncolour="[0]" size="10.560">方</text>
                <text font="JQUZDQ+SimSun" bbox="279.120,435.992,289.680,446.552" colourspace="ICCBased" ncolour="[0]" size="10.560">案</text>
                <text font="JQUZDQ+SimSun" bbox="289.440,435.992,300.000,446.552" colourspace="ICCBased" ncolour="[0]" size="10.560">中</text>
                <text font="JQUZDQ+SimSun" bbox="300.000,435.992,310.560,446.552" colourspace="ICCBased" ncolour="[0]" size="10.560">的</text>
                <text font="JQUZDQ+SimSun" bbox="310.560,435.992,321.120,446.552" colourspace="ICCBased" ncolour="[0]" size="10.560">、</text>
                <text font="JQUZDQ+SimSun" bbox="321.120,435.992,331.680,446.552" colourspace="ICCBased" ncolour="[0]" size="10.560">难</text>
                <text font="JQUZDQ+SimSun" bbox="331.680,435.992,342.240,446.552" colourspace="ICCBased" ncolour="[0]" size="10.560">治</text>
                <text font="JQUZDQ+SimSun" bbox="342.000,435.992,352.560,446.552" colourspace="ICCBased" ncolour="[0]" size="10.560">性</text>
                <text font="JQUZDQ+SimSun" bbox="352.560,435.992,363.120,446.552" colourspace="ICCBased" ncolour="[0]" size="10.560">贫</text>
                <text font="JQUZDQ+SimSun" bbox="363.120,435.992,373.680,446.552" colourspace="ICCBased" ncolour="[0]" size="10.560">血</text>
                <text font="JQUZDQ+SimSun" bbox="373.680,435.992,384.240,446.552" colourspace="ICCBased" ncolour="[0]" size="10.560">伴</text>
                <text font="JQUZDQ+SimSun" bbox="384.240,435.992,394.800,446.552" colourspace="ICCBased" ncolour="[0]" size="10.560">原</text>
                <text font="JQUZDQ+SimSun" bbox="394.800,435.992,405.360,446.552" colourspace="ICCBased" ncolour="[0]" size="10.560">始</text>
                <text font="JQUZDQ+SimSun" bbox="405.120,435.992,415.680,446.552" colourspace="ICCBased" ncolour="[0]" size="10.560">细</text>
                <text font="JQUZDQ+SimSun" bbox="415.680,435.992,426.240,446.552" colourspace="ICCBased" ncolour="[0]" size="10.560">胞</text>
                <text font="JQUZDQ+SimSun" bbox="426.240,435.992,436.800,446.552" colourspace="ICCBased" ncolour="[0]" size="10.560">增</text>
                <text font="JQUZDQ+SimSun" bbox="436.800,435.992,447.360,446.552" colourspace="ICCBased" ncolour="[0]" size="10.560">多</text>
                <text font="JTTPDQ+SimSun" bbox="447.360,435.992,452.640,446.552" colourspace="ICCBased" ncolour="[0]" size="10.560">-</text>
                <text font="JTTPDQ+SimSun" bbox="452.399,435.992,457.679,446.552" colourspace="ICCBased" ncolour="[0]" size="10.560">1</text>
                <text font="JQUZDQ+SimSun" bbox="457.679,435.992,468.239,446.552" colourspace="ICCBased" ncolour="[0]" size="10.560">（</text>
                <text font="JTTPDQ+SimSun" bbox="468.239,435.992,473.519,446.552" colourspace="ICCBased" ncolour="[0]" size="10.560">R</text>
                <text font="JTTPDQ+SimSun" bbox="473.519,435.992,478.799,446.552" colourspace="ICCBased" ncolour="[0]" size="10.560">A</text>
                <text font="JTTPDQ+SimSun" bbox="478.799,435.992,484.079,446.552" colourspace="ICCBased" ncolour="[0]" size="10.560">E</text>
                <text font="JTTPDQ+SimSun" bbox="484.079,435.992,489.359,446.552" colourspace="ICCBased" ncolour="[0]" size="10.560">B</text>
                <text font="JTTPDQ+SimSun" bbox="489.359,435.992,494.639,446.552" colourspace="ICCBased" ncolour="[0]" size="10.560">-</text>
                <text font="JTTPDQ+SimSun" bbox="494.639,435.992,499.919,446.552" colourspace="ICCBased" ncolour="[0]" size="10.560">1</text>
                <text font="JQUZDQ+SimSun" bbox="499.920,435.989,510.480,446.549" colourspace="ICCBased" ncolour="[0]" size="10.560">）</text>
                <text font="JQUZDQ+SimSun" bbox="505.200,435.989,515.760,446.549" colourspace="ICCBased" ncolour="[0]" size="10.560">、</text>
                <text font="JQUZDQ+SimSun" bbox="515.760,435.989,526.320,446.549" colourspace="ICCBased" ncolour="[0]" size="10.560">难</text>
                <text font="JQUZDQ+SimSun" bbox="526.080,435.989,536.640,446.549" colourspace="ICCBased" ncolour="[0]" size="10.560">治</text>
                <text font="JQUZDQ+SimSun" bbox="536.640,435.989,547.200,446.549" colourspace="ICCBased" ncolour="[0]" size="10.560">性</text>
                <text>
                </text>
            </textline>
            <textline bbox="210.480,420.389,552.480,430.949">
                <text font="JQUZDQ+SimSun" bbox="210.480,420.389,221.040,430.949" colourspace="ICCBased" ncolour="[0]" size="10.560">贫</text>
                <text font="JQUZDQ+SimSun" bbox="221.040,420.389,231.600,430.949" colourspace="ICCBased" ncolour="[0]" size="10.560">血</text>
                <text font="JQUZDQ+SimSun" bbox="231.600,420.389,242.160,430.949" colourspace="ICCBased" ncolour="[0]" size="10.560">伴</text>
                <text font="JQUZDQ+SimSun" bbox="242.160,420.389,252.720,430.949" colourspace="ICCBased" ncolour="[0]" size="10.560">原</text>
                <text font="JQUZDQ+SimSun" bbox="252.720,420.389,263.280,430.949" colourspace="ICCBased" ncolour="[0]" size="10.560">始</text>
                <text font="JQUZDQ+SimSun" bbox="263.040,420.389,273.600,430.949" colourspace="ICCBased" ncolour="[0]" size="10.560">细</text>
                <text font="JQUZDQ+SimSun" bbox="273.600,420.389,284.160,430.949" colourspace="ICCBased" ncolour="[0]" size="10.560">胞</text>
                <text font="JQUZDQ+SimSun" bbox="284.160,420.389,294.720,430.949" colourspace="ICCBased" ncolour="[0]" size="10.560">增</text>
                <text font="JQUZDQ+SimSun" bbox="294.720,420.389,305.280,430.949" colourspace="ICCBased" ncolour="[0]" size="10.560">多</text>
                <text font="JTTPDQ+SimSun" bbox="305.280,420.389,310.560,430.949" colourspace="ICCBased" ncolour="[0]" size="10.560">-</text>
                <text font="JTTPDQ+SimSun" bbox="310.317,420.389,315.597,430.949" colourspace="ICCBased" ncolour="[0]" size="10.560">2</text>
                <text font="JQUZDQ+SimSun" bbox="314.393,420.389,324.953,430.949" colourspace="ICCBased" ncolour="[0]" size="10.560">（</text>
                <text font="JTTPDQ+SimSun" bbox="324.953,420.389,330.233,430.949" colourspace="ICCBased" ncolour="[0]" size="10.560">R</text>
                <text font="JTTPDQ+SimSun" bbox="330.233,420.389,335.513,430.949" colourspace="ICCBased" ncolour="[0]" size="10.560">A</text>
                <text font="JTTPDQ+SimSun" bbox="335.513,420.389,340.793,430.949" colourspace="ICCBased" ncolour="[0]" size="10.560">E</text>
                <text font="JTTPDQ+SimSun" bbox="340.793,420.389,346.073,430.949" colourspace="ICCBased" ncolour="[0]" size="10.560">B</text>
                <text font="JTTPDQ+SimSun" bbox="346.073,420.389,351.353,430.949" colourspace="ICCBased" ncolour="[0]" size="10.560">-</text>
                <text font="JTTPDQ+SimSun" bbox="351.110,420.389,356.390,430.949" colourspace="ICCBased" ncolour="[0]" size="10.560">2</text>
                <text font="JQUZDQ+SimSun" bbox="356.390,420.389,366.950,430.949" colourspace="ICCBased" ncolour="[0]" size="10.560">）</text>
                <text font="JQUZDQ+SimSun" bbox="361.670,420.389,372.230,430.949" colourspace="ICCBased" ncolour="[0]" size="10.560">、</text>
                <text font="JTTPDQ+SimSun" bbox="371.027,420.389,376.307,430.949" colourspace="ICCBased" ncolour="[0]" size="10.560">M</text>
                <text font="JTTPDQ+SimSun" bbox="376.307,420.389,381.587,430.949" colourspace="ICCBased" ncolour="[0]" size="10.560">D</text>
                <text font="JTTPDQ+SimSun" bbox="381.587,420.389,386.867,430.949" colourspace="ICCBased" ncolour="[0]" size="10.560">S</text>
                <text font="JTTPDQ+SimSun" bbox="386.867,420.389,392.147,430.949" colourspace="ICCBased" ncolour="[0]" size="10.560">-</text>
                <text font="JQUZDQ+SimSun" bbox="391.904,420.389,402.464,430.949" colourspace="ICCBased" ncolour="[0]" size="10.560">未</text>
                <text font="JQUZDQ+SimSun" bbox="402.464,420.389,413.024,430.949" colourspace="ICCBased" ncolour="[0]" size="10.560">分</text>
                <text font="JQUZDQ+SimSun" bbox="413.024,420.389,423.584,430.949" colourspace="ICCBased" ncolour="[0]" size="10.560">类</text>
                <text font="JQUZDQ+SimSun" bbox="422.384,420.389,432.944,430.949" colourspace="ICCBased" ncolour="[0]" size="10.560">（</text>
                <text font="JTTPDQ+SimSun" bbox="432.944,420.389,438.224,430.949" colourspace="ICCBased" ncolour="[0]" size="10.560">M</text>
                <text font="JTTPDQ+SimSun" bbox="437.981,420.389,443.261,430.949" colourspace="ICCBased" ncolour="[0]" size="10.560">D</text>
                <text font="JTTPDQ+SimSun" bbox="443.261,420.389,448.541,430.949" colourspace="ICCBased" ncolour="[0]" size="10.560">S</text>
                <text font="JTTPDQ+SimSun" bbox="448.548,420.389,453.828,430.949" colourspace="ICCBased" ncolour="[0]" size="10.560">-</text>
                <text font="JTTPDQ+SimSun" bbox="453.585,420.389,458.865,430.949" colourspace="ICCBased" ncolour="[0]" size="10.560">U</text>
                <text font="JQUZDQ+SimSun" bbox="458.865,420.389,469.425,430.949" colourspace="ICCBased" ncolour="[0]" size="10.560">）</text>
                <text font="JQUZDQ+SimSun" bbox="464.145,420.389,474.705,430.949" colourspace="ICCBased" ncolour="[0]" size="10.560">、</text>
                <text font="JTTPDQ+SimSun" bbox="473.501,420.389,478.781,430.949" colourspace="ICCBased" ncolour="[0]" size="10.560">M</text>
                <text font="JTTPDQ+SimSun" bbox="478.781,420.389,484.061,430.949" colourspace="ICCBased" ncolour="[0]" size="10.560">D</text>
                <text font="JTTPDQ+SimSun" bbox="484.061,420.389,489.341,430.949" colourspace="ICCBased" ncolour="[0]" size="10.560">S</text>
                <text> </text>
                <text font="JQUZDQ+SimSun" bbox="491.981,420.389,502.541,430.949" colourspace="ICCBased" ncolour="[0]" size="10.560">伴</text>
                <text font="JQUZDQ+SimSun" bbox="502.541,420.389,513.101,430.949" colourspace="ICCBased" ncolour="[0]" size="10.560">单</text>
                <text font="JQUZDQ+SimSun" bbox="512.858,420.389,523.418,430.949" colourspace="ICCBased" ncolour="[0]" size="10.560">纯</text>
                <text> </text>
                <text font="JTTPDQ+SimSun" bbox="526.058,420.389,531.338,430.949" colourspace="ICCBased" ncolour="[0]" size="10.560">5</text>
                <text font="JTTPDQ+SimSun" bbox="531.338,420.389,536.618,430.949" colourspace="ICCBased" ncolour="[0]" size="10.560">q</text>
                <text font="JTTPDQ+SimSun" bbox="536.618,420.389,541.898,430.949" colourspace="ICCBased" ncolour="[0]" size="10.560">-</text>
                <text font="JQUZDQ+SimSun" bbox="541.920,420.389,552.480,430.949" colourspace="ICCBased" ncolour="[0]" size="10.560">，</text>
                <text>
                </text>
            </textline>
            <textline bbox="210.480,404.789,331.200,415.349">
                <text font="JQUZDQ+SimSun" bbox="210.480,404.789,221.040,415.349" colourspace="ICCBased" ncolour="[0]" size="10.560">且</text>
                <text font="JQUZDQ+SimSun" bbox="221.040,404.789,231.600,415.349" colourspace="ICCBased" ncolour="[0]" size="10.560">需</text>
                <text font="JQUZDQ+SimSun" bbox="231.600,404.789,242.160,415.349" colourspace="ICCBased" ncolour="[0]" size="10.560">满</text>
                <text font="JQUZDQ+SimSun" bbox="242.160,404.789,252.720,415.349" colourspace="ICCBased" ncolour="[0]" size="10.560">足</text>
                <text font="JQUZDQ+SimSun" bbox="252.720,404.789,263.280,415.349" colourspace="ICCBased" ncolour="[0]" size="10.560">下</text>
                <text font="JQUZDQ+SimSun" bbox="263.040,404.789,273.600,415.349" colourspace="ICCBased" ncolour="[0]" size="10.560">列</text>
                <text font="JQUZDQ+SimSun" bbox="273.600,404.789,284.160,415.349" colourspace="ICCBased" ncolour="[0]" size="10.560">所</text>
                <text font="JQUZDQ+SimSun" bbox="284.160,404.789,294.720,415.349" colourspace="ICCBased" ncolour="[0]" size="10.560">有</text>
                <text font="JQUZDQ+SimSun" bbox="294.720,404.789,305.280,415.349" colourspace="ICCBased" ncolour="[0]" size="10.560">条</text>
                <text font="JQUZDQ+SimSun" bbox="305.040,404.789,315.600,415.349" colourspace="ICCBased" ncolour="[0]" size="10.560">件</text>
                <text font="JQUZDQ+SimSun" bbox="315.600,404.789,326.160,415.349" colourspace="ICCBased" ncolour="[0]" size="10.560">：</text>
                <text font="JTTPDQ+SimSun" bbox="325.920,404.789,331.200,415.349" colourspace="ICCBased" ncolour="[0]" size="10.560"> </text>
                <text>
                </text>
            </textline>
            <textline bbox="210.478,389.192,409.914,399.752">
                <text font="JQUZDQ+SimSun" bbox="210.478,389.192,221.038,399.752" colourspace="ICCBased" ncolour="[0]" size="10.560">（</text>
                <text font="JTTPDQ+SimSun" bbox="221.038,389.192,226.318,399.752" colourspace="ICCBased" ncolour="[0]" size="10.560">1</text>
                <text font="JQUZDQ+SimSun" bbox="226.318,389.192,236.878,399.752" colourspace="ICCBased" ncolour="[0]" size="10.560">）</text>
                <text font="JQUZDQ+SimSun" bbox="236.878,389.192,247.438,399.752" colourspace="ICCBased" ncolour="[0]" size="10.560">骨</text>
                <text font="JQUZDQ+SimSun" bbox="247.438,389.192,257.998,399.752" colourspace="ICCBased" ncolour="[0]" size="10.560">髓</text>
                <text font="JQUZDQ+SimSun" bbox="257.998,389.192,268.558,399.752" colourspace="ICCBased" ncolour="[0]" size="10.560">穿</text>
                <text font="JQUZDQ+SimSun" bbox="268.318,389.192,278.878,399.752" colourspace="ICCBased" ncolour="[0]" size="10.560">刺</text>
                <text font="JQUZDQ+SimSun" bbox="278.878,389.192,289.438,399.752" colourspace="ICCBased" ncolour="[0]" size="10.560">或</text>
                <text font="JQUZDQ+SimSun" bbox="289.438,389.192,299.998,399.752" colourspace="ICCBased" ncolour="[0]" size="10.560">骨</text>
                <text font="JQUZDQ+SimSun" bbox="299.998,389.192,310.558,399.752" colourspace="ICCBased" ncolour="[0]" size="10.560">髓</text>
                <text font="JQUZDQ+SimSun" bbox="310.318,389.192,320.878,399.752" colourspace="ICCBased" ncolour="[0]" size="10.560">活</text>
                <text font="JQUZDQ+SimSun" bbox="320.878,389.192,331.438,399.752" colourspace="ICCBased" ncolour="[0]" size="10.560">检</text>
                <text font="JQUZDQ+SimSun" bbox="331.438,389.192,341.998,399.752" colourspace="ICCBased" ncolour="[0]" size="10.560">结</text>
                <text font="JQUZDQ+SimSun" bbox="341.998,389.192,352.558,399.752" colourspace="ICCBased" ncolour="[0]" size="10.560">果</text>
                <text font="JQUZDQ+SimSun" bbox="352.318,389.192,362.878,399.752" colourspace="ICCBased" ncolour="[0]" size="10.560">支</text>
                <text font="JQUZDQ+SimSun" bbox="362.878,389.192,373.438,399.752" colourspace="ICCBased" ncolour="[0]" size="10.560">持</text>
                <text font="JQUZDQ+SimSun" bbox="373.438,389.192,383.998,399.752" colourspace="ICCBased" ncolour="[0]" size="10.560">诊</text>
                <text font="JQUZDQ+SimSun" bbox="383.998,389.192,394.558,399.752" colourspace="ICCBased" ncolour="[0]" size="10.560">断</text>
                <text font="JQUZDQ+SimSun" bbox="394.318,389.192,404.878,399.752" colourspace="ICCBased" ncolour="[0]" size="10.560">；</text>
                <text font="JTTPDQ+SimSun" bbox="404.634,389.192,409.914,399.752" colourspace="ICCBased" ncolour="[0]" size="10.560"> </text>
                <text>
                </text>
            </textline>
            <textline bbox="210.478,373.595,493.919,384.155">
                <text font="JQUZDQ+SimSun" bbox="210.478,373.595,221.038,384.155" colourspace="ICCBased" ncolour="[0]" size="10.560">（</text>
                <text font="JTTPDQ+SimSun" bbox="221.038,373.595,226.318,384.155" colourspace="ICCBased" ncolour="[0]" size="10.560">2</text>
                <text font="JQUZDQ+SimSun" bbox="226.318,373.595,236.878,384.155" colourspace="ICCBased" ncolour="[0]" size="10.560">）</text>
                <text font="JQUZDQ+SimSun" bbox="236.878,373.595,247.438,384.155" colourspace="ICCBased" ncolour="[0]" size="10.560">已</text>
                <text font="JQUZDQ+SimSun" bbox="247.438,373.595,257.998,384.155" colourspace="ICCBased" ncolour="[0]" size="10.560">持</text>
                <text font="JQUZDQ+SimSun" bbox="257.998,373.595,268.558,384.155" colourspace="ICCBased" ncolour="[0]" size="10.560">续</text>
                <text font="JQUZDQ+SimSun" bbox="268.318,373.595,278.878,384.155" colourspace="ICCBased" ncolour="[0]" size="10.560">接</text>
                <text font="JQUZDQ+SimSun" bbox="278.878,373.595,289.438,384.155" colourspace="ICCBased" ncolour="[0]" size="10.560">受</text>
                <text font="JQUZDQ+SimSun" bbox="289.438,373.595,299.998,384.155" colourspace="ICCBased" ncolour="[0]" size="10.560">一</text>
                <text font="JQUZDQ+SimSun" bbox="299.998,373.595,310.558,384.155" colourspace="ICCBased" ncolour="[0]" size="10.560">个</text>
                <text font="JQUZDQ+SimSun" bbox="310.318,373.595,320.878,384.155" colourspace="ICCBased" ncolour="[0]" size="10.560">月</text>
                <text font="JQUZDQ+SimSun" bbox="320.878,373.595,331.438,384.155" colourspace="ICCBased" ncolour="[0]" size="10.560">以</text>
                <text font="JQUZDQ+SimSun" bbox="331.438,373.595,341.998,384.155" colourspace="ICCBased" ncolour="[0]" size="10.560">上</text>
                <text font="JQUZDQ+SimSun" bbox="341.998,373.595,352.558,384.155" colourspace="ICCBased" ncolour="[0]" size="10.560">的</text>
                <text font="JQUZDQ+SimSun" bbox="352.318,373.595,362.878,384.155" colourspace="ICCBased" ncolour="[0]" size="10.560">化</text>
                <text font="JQUZDQ+SimSun" bbox="362.878,373.595,373.438,384.155" colourspace="ICCBased" ncolour="[0]" size="10.560">疗</text>
                <text font="JQUZDQ+SimSun" bbox="373.438,373.595,383.998,384.155" colourspace="ICCBased" ncolour="[0]" size="10.560">或</text>
                <text font="JQUZDQ+SimSun" bbox="383.998,373.595,394.558,384.155" colourspace="ICCBased" ncolour="[0]" size="10.560">已</text>
                <text font="JQUZDQ+SimSun" bbox="394.318,373.595,404.878,384.155" colourspace="ICCBased" ncolour="[0]" size="10.560">接</text>
                <text font="JQUZDQ+SimSun" bbox="404.878,373.595,415.438,384.155" colourspace="ICCBased" ncolour="[0]" size="10.560">受</text>
                <text font="JQUZDQ+SimSun" bbox="415.438,373.595,425.998,384.155" colourspace="ICCBased" ncolour="[0]" size="10.560">骨</text>
                <text font="JQUZDQ+SimSun" bbox="425.758,373.595,436.318,384.155" colourspace="ICCBased" ncolour="[0]" size="10.560">髓</text>
                <text font="JQUZDQ+SimSun" bbox="436.318,373.595,446.878,384.155" colourspace="ICCBased" ncolour="[0]" size="10.560">移</text>
                <text font="JQUZDQ+SimSun" bbox="446.638,373.595,457.198,384.155" colourspace="ICCBased" ncolour="[0]" size="10.560">植</text>
                <text font="JQUZDQ+SimSun" bbox="457.198,373.595,467.758,384.155" colourspace="ICCBased" ncolour="[0]" size="10.560">治</text>
                <text font="JQUZDQ+SimSun" bbox="467.758,373.595,478.318,384.155" colourspace="ICCBased" ncolour="[0]" size="10.560">疗</text>
                <text font="JQUZDQ+SimSun" bbox="478.318,373.595,488.878,384.155" colourspace="ICCBased" ncolour="[0]" size="10.560">。</text>
                <text font="JTTPDQ+SimSun" bbox="488.639,373.595,493.919,384.155" colourspace="ICCBased" ncolour="[0]" size="10.560"> </text>
                <text>
                </text>
            </textline>
            <textline bbox="210.478,357.997,362.637,368.557">
                <text font="JQUZDQ+SimSun" bbox="210.478,357.997,221.038,368.557" colourspace="ICCBased" ncolour="[0]" size="10.560">此</text>
                <text font="JQUZDQ+SimSun" bbox="221.038,357.997,231.598,368.557" colourspace="ICCBased" ncolour="[0]" size="10.560">病</text>
                <text font="JQUZDQ+SimSun" bbox="231.598,357.997,242.158,368.557" colourspace="ICCBased" ncolour="[0]" size="10.560">症</text>
                <text font="JQUZDQ+SimSun" bbox="242.158,357.997,252.718,368.557" colourspace="ICCBased" ncolour="[0]" size="10.560">须</text>
                <text font="JQUZDQ+SimSun" bbox="252.718,357.997,263.278,368.557" colourspace="ICCBased" ncolour="[0]" size="10.560">经</text>
                <text font="JQUZDQ+SimSun" bbox="263.038,357.997,273.598,368.557" colourspace="ICCBased" ncolour="[0]" size="10.560">专</text>
                <text font="JQUZDQ+SimSun" bbox="273.598,357.997,284.158,368.557" colourspace="ICCBased" ncolour="[0]" size="10.560">科</text>
                <text font="JQUZDQ+SimSun" bbox="284.158,357.997,294.718,368.557" colourspace="ICCBased" ncolour="[0]" size="10.560">医</text>
                <text font="JQUZDQ+SimSun" bbox="294.718,357.997,305.278,368.557" colourspace="ICCBased" ncolour="[0]" size="10.560">生</text>
                <text font="JQUZDQ+SimSun" bbox="305.038,357.997,315.598,368.557" colourspace="ICCBased" ncolour="[0]" size="10.560">明</text>
                <text font="JQUZDQ+SimSun" bbox="315.598,357.997,326.158,368.557" colourspace="ICCBased" ncolour="[0]" size="10.560">确</text>
                <text font="JQUZDQ+SimSun" bbox="326.158,357.997,336.718,368.557" colourspace="ICCBased" ncolour="[0]" size="10.560">诊</text>
                <text font="JQUZDQ+SimSun" bbox="336.718,357.997,347.278,368.557" colourspace="ICCBased" ncolour="[0]" size="10.560">断</text>
                <text font="JQUZDQ+SimSun" bbox="347.038,357.997,357.598,368.557" colourspace="ICCBased" ncolour="[0]" size="10.560">。</text>
                <text font="JTTPDQ+SimSun" bbox="357.357,357.997,362.637,368.557" colourspace="ICCBased" ncolour="[0]" size="10.560"> </text>
                <text>
                </text>
            </textline>
            <textline bbox="210.480,342.389,215.760,352.949">
                <text font="JTTPDQ+SimSun" bbox="210.480,342.389,215.760,352.949" colourspace="ICCBased" ncolour="[0]" size="10.560"> </text>
                <text>
                </text>
            </textline>
            <textline bbox="210.480,331.109,547.200,341.669">
                <text font="JQUZDQ+SimSun" bbox="210.480,331.109,221.040,341.669" colourspace="ICCBased" ncolour="[0]" size="10.560">指</text>
                <text font="JQUZDQ+SimSun" bbox="221.040,331.109,231.600,341.669" colourspace="ICCBased" ncolour="[0]" size="10.560">一</text>
                <text font="JQUZDQ+SimSun" bbox="231.600,331.109,242.160,341.669" colourspace="ICCBased" ncolour="[0]" size="10.560">种</text>
                <text font="JQUZDQ+SimSun" bbox="242.160,331.109,252.720,341.669" colourspace="ICCBased" ncolour="[0]" size="10.560">慢</text>
                <text font="JQUZDQ+SimSun" bbox="252.720,331.109,263.280,341.669" colourspace="ICCBased" ncolour="[0]" size="10.560">性</text>
                <text font="JQUZDQ+SimSun" bbox="263.280,331.109,273.840,341.669" colourspace="ICCBased" ncolour="[0]" size="10.560">肉</text>
                <text font="JQUZDQ+SimSun" bbox="273.840,331.109,284.400,341.669" colourspace="ICCBased" ncolour="[0]" size="10.560">芽</text>
                <text font="JQUZDQ+SimSun" bbox="284.160,331.109,294.720,341.669" colourspace="ICCBased" ncolour="[0]" size="10.560">肿</text>
                <text font="JQUZDQ+SimSun" bbox="294.720,331.109,305.280,341.669" colourspace="ICCBased" ncolour="[0]" size="10.560">性</text>
                <text font="JQUZDQ+SimSun" bbox="305.280,331.109,315.840,341.669" colourspace="ICCBased" ncolour="[0]" size="10.560">肠</text>
                <text font="JQUZDQ+SimSun" bbox="315.840,331.109,326.400,341.669" colourspace="ICCBased" ncolour="[0]" size="10.560">炎</text>
                <text font="JQUZDQ+SimSun" bbox="326.400,331.109,336.960,341.669" colourspace="ICCBased" ncolour="[0]" size="10.560">，</text>
                <text font="JQUZDQ+SimSun" bbox="336.960,331.109,347.520,341.669" colourspace="ICCBased" ncolour="[0]" size="10.560">具</text>
                <text font="JQUZDQ+SimSun" bbox="347.280,331.109,357.840,341.669" colourspace="ICCBased" ncolour="[0]" size="10.560">有</text>
                <text font="JQUZDQ+SimSun" bbox="357.840,331.109,368.400,341.669" colourspace="ICCBased" ncolour="[0]" size="10.560">特</text>
                <text font="JQUZDQ+SimSun" bbox="368.400,331.109,378.960,341.669" colourspace="ICCBased" ncolour="[0]" size="10.560">征</text>
                <text font="JQUZDQ+SimSun" bbox="378.960,331.109,389.520,341.669" colourspace="ICCBased" ncolour="[0]" size="10.560">性</text>
                <text font="JQUZDQ+SimSun" bbox="389.520,331.109,400.080,341.669" colourspace="ICCBased" ncolour="[0]" size="10.560">的</text>
                <text font="JQUZDQ+SimSun" bbox="399.840,331.109,410.400,341.669" colourspace="ICCBased" ncolour="[0]" size="10.560">克</text>
                <text font="JQUZDQ+SimSun" bbox="410.400,331.109,420.960,341.669" colourspace="ICCBased" ncolour="[0]" size="10.560">隆</text>
                <text font="JQUZDQ+SimSun" bbox="420.960,331.109,431.520,341.669" colourspace="ICCBased" ncolour="[0]" size="10.560">病</text>
                <text font="JQUZDQ+SimSun" bbox="431.520,331.109,442.080,341.669" colourspace="ICCBased" ncolour="[0]" size="10.560">病</text>
                <text font="JQUZDQ+SimSun" bbox="442.080,331.109,452.640,341.669" colourspace="ICCBased" ncolour="[0]" size="10.560">理</text>
                <text font="JQUZDQ+SimSun" bbox="452.400,331.109,462.960,341.669" colourspace="ICCBased" ncolour="[0]" size="10.560">组</text>
                <text font="JQUZDQ+SimSun" bbox="462.960,331.109,473.520,341.669" colourspace="ICCBased" ncolour="[0]" size="10.560">织</text>
                <text font="JQUZDQ+SimSun" bbox="473.520,331.109,484.080,341.669" colourspace="ICCBased" ncolour="[0]" size="10.560">学</text>
                <text font="JQUZDQ+SimSun" bbox="484.080,331.109,494.640,341.669" colourspace="ICCBased" ncolour="[0]" size="10.560">变</text>
                <text font="JQUZDQ+SimSun" bbox="494.640,331.109,505.200,341.669" colourspace="ICCBased" ncolour="[0]" size="10.560">化</text>
                <text font="JQUZDQ+SimSun" bbox="505.200,331.109,515.760,341.669" colourspace="ICCBased" ncolour="[0]" size="10.560">。</text>
                <text font="JQUZDQ+SimSun" bbox="515.760,331.109,526.320,341.669" colourspace="ICCBased" ncolour="[0]" size="10.560">诊</text>
                <text font="JQUZDQ+SimSun" bbox="526.080,331.109,536.640,341.669" colourspace="ICCBased" ncolour="[0]" size="10.560">断</text>
                <text font="JQUZDQ+SimSun" bbox="536.640,331.109,547.200,341.669" colourspace="ICCBased" ncolour="[0]" size="10.560">必</text>
                <text>
                </text>
            </textline>
            <textline bbox="210.480,315.512,547.200,326.072">
                <text font="JQUZDQ+SimSun" bbox="210.480,315.512,221.040,326.072" colourspace="ICCBased" ncolour="[0]" size="10.560">须</text>
                <text font="JQUZDQ+SimSun" bbox="221.040,315.512,231.600,326.072" colourspace="ICCBased" ncolour="[0]" size="10.560">由</text>
                <text font="JQUZDQ+SimSun" bbox="231.600,315.512,242.160,326.072" colourspace="ICCBased" ncolour="[0]" size="10.560">病</text>
                <text font="JQUZDQ+SimSun" bbox="242.160,315.512,252.720,326.072" colourspace="ICCBased" ncolour="[0]" size="10.560">理</text>
                <text font="JQUZDQ+SimSun" bbox="252.720,315.512,263.280,326.072" colourspace="ICCBased" ncolour="[0]" size="10.560">检</text>
                <text font="JQUZDQ+SimSun" bbox="263.280,315.512,273.840,326.072" colourspace="ICCBased" ncolour="[0]" size="10.560">查</text>
                <text font="JQUZDQ+SimSun" bbox="273.840,315.512,284.400,326.072" colourspace="ICCBased" ncolour="[0]" size="10.560">结</text>
                <text font="JQUZDQ+SimSun" bbox="284.160,315.512,294.720,326.072" colourspace="ICCBased" ncolour="[0]" size="10.560">果</text>
                <text font="JQUZDQ+SimSun" bbox="294.720,315.512,305.280,326.072" colourspace="ICCBased" ncolour="[0]" size="10.560">证</text>
                <text font="JQUZDQ+SimSun" bbox="305.280,315.512,315.840,326.072" colourspace="ICCBased" ncolour="[0]" size="10.560">实</text>
                <text font="JQUZDQ+SimSun" bbox="315.840,315.512,326.400,326.072" colourspace="ICCBased" ncolour="[0]" size="10.560">。</text>
                <text font="JQUZDQ+SimSun" bbox="326.400,315.512,336.960,326.072" colourspace="ICCBased" ncolour="[0]" size="10.560">被</text>
                <text font="JQUZDQ+SimSun" bbox="336.960,315.512,347.520,326.072" colourspace="ICCBased" ncolour="[0]" size="10.560">保</text>
                <text font="JQUZDQ+SimSun" bbox="347.280,315.512,357.840,326.072" colourspace="ICCBased" ncolour="[0]" size="10.560">险</text>
                <text font="JQUZDQ+SimSun" bbox="357.840,315.512,368.400,326.072" colourspace="ICCBased" ncolour="[0]" size="10.560">人</text>
                <text font="JQUZDQ+SimSun" bbox="368.400,315.512,378.960,326.072" colourspace="ICCBased" ncolour="[0]" size="10.560">所</text>
                <text font="JQUZDQ+SimSun" bbox="378.960,315.512,389.520,326.072" colourspace="ICCBased" ncolour="[0]" size="10.560">患</text>
                <text font="JQUZDQ+SimSun" bbox="389.520,315.512,400.080,326.072" colourspace="ICCBased" ncolour="[0]" size="10.560">的</text>
                <text font="JQUZDQ+SimSun" bbox="399.840,315.512,410.400,326.072" colourspace="ICCBased" ncolour="[0]" size="10.560">克</text>
                <text font="JQUZDQ+SimSun" bbox="410.400,315.512,420.960,326.072" colourspace="ICCBased" ncolour="[0]" size="10.560">隆</text>
                <text font="JQUZDQ+SimSun" bbox="420.960,315.512,431.520,326.072" colourspace="ICCBased" ncolour="[0]" size="10.560">病</text>
                <text font="JQUZDQ+SimSun" bbox="431.520,315.512,442.080,326.072" colourspace="ICCBased" ncolour="[0]" size="10.560">必</text>
                <text font="JQUZDQ+SimSun" bbox="442.080,315.512,452.640,326.072" colourspace="ICCBased" ncolour="[0]" size="10.560">须</text>
                <text font="JQUZDQ+SimSun" bbox="452.400,315.512,462.960,326.072" colourspace="ICCBased" ncolour="[0]" size="10.560">已</text>
                <text font="JQUZDQ+SimSun" bbox="462.960,315.512,473.520,326.072" colourspace="ICCBased" ncolour="[0]" size="10.560">经</text>
                <text font="JQUZDQ+SimSun" bbox="473.520,315.512,484.080,326.072" colourspace="ICCBased" ncolour="[0]" size="10.560">造</text>
                <text font="JQUZDQ+SimSun" bbox="484.080,315.512,494.640,326.072" colourspace="ICCBased" ncolour="[0]" size="10.560">成</text>
                <text font="JQUZDQ+SimSun" bbox="494.640,315.512,505.200,326.072" colourspace="ICCBased" ncolour="[0]" size="10.560">瘘</text>
                <text font="JQUZDQ+SimSun" bbox="505.200,315.512,515.760,326.072" colourspace="ICCBased" ncolour="[0]" size="10.560">管</text>
                <text font="JQUZDQ+SimSun" bbox="515.760,315.512,526.320,326.072" colourspace="ICCBased" ncolour="[0]" size="10.560">形</text>
                <text font="JQUZDQ+SimSun" bbox="526.080,315.512,536.640,326.072" colourspace="ICCBased" ncolour="[0]" size="10.560">成</text>
                <text font="JQUZDQ+SimSun" bbox="536.640,315.512,547.200,326.072" colourspace="ICCBased" ncolour="[0]" size="10.560">并</text>
                <text>
                </text>
            </textline>
            <textline bbox="210.480,299.915,320.642,310.475">
                <text font="JQUZDQ+SimSun" bbox="210.480,299.915,221.040,310.475" colourspace="ICCBased" ncolour="[0]" size="10.560">伴</text>
                <text font="JQUZDQ+SimSun" bbox="221.040,299.915,231.600,310.475" colourspace="ICCBased" ncolour="[0]" size="10.560">有</text>
                <text font="JQUZDQ+SimSun" bbox="231.600,299.915,242.160,310.475" colourspace="ICCBased" ncolour="[0]" size="10.560">肠</text>
                <text font="JQUZDQ+SimSun" bbox="242.160,299.915,252.720,310.475" colourspace="ICCBased" ncolour="[0]" size="10.560">梗</text>
                <text font="JQUZDQ+SimSun" bbox="252.720,299.915,263.280,310.475" colourspace="ICCBased" ncolour="[0]" size="10.560">阻</text>
                <text font="JQUZDQ+SimSun" bbox="263.040,299.915,273.600,310.475" colourspace="ICCBased" ncolour="[0]" size="10.560">或</text>
                <text font="JQUZDQ+SimSun" bbox="273.600,299.915,284.160,310.475" colourspace="ICCBased" ncolour="[0]" size="10.560">肠</text>
                <text font="JQUZDQ+SimSun" bbox="284.160,299.915,294.720,310.475" colourspace="ICCBased" ncolour="[0]" size="10.560">穿</text>
                <text font="JQUZDQ+SimSun" bbox="294.720,299.915,305.280,310.475" colourspace="ICCBased" ncolour="[0]" size="10.560">孔</text>
                <text font="JQUZDQ+SimSun" bbox="305.040,299.915,315.600,310.475" colourspace="ICCBased" ncolour="[0]" size="10.560">。</text>
                <text font="JTTPDQ+SimSun" bbox="315.362,299.915,320.642,310.475" colourspace="ICCBased" ncolour="[0]" size="10.560"> </text>
                <text>
                </text>
            </textline>
            <textline bbox="210.480,284.309,215.760,294.869">
                <text font="JTTPDQ+SimSun" bbox="210.480,284.309,215.760,294.869" colourspace="ICCBased" ncolour="[0]" size="10.560"> </text>
                <text>
                </text>
            </textline>
            <textline bbox="210.480,273.029,547.200,283.589">
                <text font="JQUZDQ+SimSun" bbox="210.480,273.029,221.040,283.589" colourspace="ICCBased" ncolour="[0]" size="10.560">指</text>
                <text font="JQUZDQ+SimSun" bbox="221.040,273.029,231.600,283.589" colourspace="ICCBased" ncolour="[0]" size="10.560">一</text>
                <text font="JQUZDQ+SimSun" bbox="231.600,273.029,242.160,283.589" colourspace="ICCBased" ncolour="[0]" size="10.560">种</text>
                <text font="JQUZDQ+SimSun" bbox="242.160,273.029,252.720,283.589" colourspace="ICCBased" ncolour="[0]" size="10.560">因</text>
                <text font="JQUZDQ+SimSun" bbox="252.720,273.029,263.280,283.589" colourspace="ICCBased" ncolour="[0]" size="10.560">纤</text>
                <text font="JQUZDQ+SimSun" bbox="263.280,273.029,273.840,283.589" colourspace="ICCBased" ncolour="[0]" size="10.560">维</text>
                <text font="JQUZDQ+SimSun" bbox="273.840,273.029,284.400,283.589" colourspace="ICCBased" ncolour="[0]" size="10.560">组</text>
                <text font="JQUZDQ+SimSun" bbox="284.160,273.029,294.720,283.589" colourspace="ICCBased" ncolour="[0]" size="10.560">织</text>
                <text font="JQUZDQ+SimSun" bbox="294.720,273.029,305.280,283.589" colourspace="ICCBased" ncolour="[0]" size="10.560">取</text>
                <text font="JQUZDQ+SimSun" bbox="305.280,273.029,315.840,283.589" colourspace="ICCBased" ncolour="[0]" size="10.560">代</text>
                <text font="JQUZDQ+SimSun" bbox="315.840,273.029,326.400,283.589" colourspace="ICCBased" ncolour="[0]" size="10.560">正</text>
                <text font="JQUZDQ+SimSun" bbox="326.400,273.029,336.960,283.589" colourspace="ICCBased" ncolour="[0]" size="10.560">常</text>
                <text font="JQUZDQ+SimSun" bbox="336.960,273.029,347.520,283.589" colourspace="ICCBased" ncolour="[0]" size="10.560">骨</text>
                <text font="JQUZDQ+SimSun" bbox="347.280,273.029,357.840,283.589" colourspace="ICCBased" ncolour="[0]" size="10.560">髓</text>
                <text font="JQUZDQ+SimSun" bbox="357.840,273.029,368.400,283.589" colourspace="ICCBased" ncolour="[0]" size="10.560">从</text>
                <text font="JQUZDQ+SimSun" bbox="368.400,273.029,378.960,283.589" colourspace="ICCBased" ncolour="[0]" size="10.560">而</text>
                <text font="JQUZDQ+SimSun" bbox="378.960,273.029,389.520,283.589" colourspace="ICCBased" ncolour="[0]" size="10.560">导</text>
                <text font="JQUZDQ+SimSun" bbox="389.520,273.029,400.080,283.589" colourspace="ICCBased" ncolour="[0]" size="10.560">致</text>
                <text font="JQUZDQ+SimSun" bbox="399.840,273.029,410.400,283.589" colourspace="ICCBased" ncolour="[0]" size="10.560">贫</text>
                <text font="JQUZDQ+SimSun" bbox="410.400,273.029,420.960,283.589" colourspace="ICCBased" ncolour="[0]" size="10.560">血</text>
                <text font="JQUZDQ+SimSun" bbox="420.960,273.029,431.520,283.589" colourspace="ICCBased" ncolour="[0]" size="10.560">、</text>
                <text font="JQUZDQ+SimSun" bbox="431.520,273.029,442.080,283.589" colourspace="ICCBased" ncolour="[0]" size="10.560">白</text>
                <text font="JQUZDQ+SimSun" bbox="442.080,273.029,452.640,283.589" colourspace="ICCBased" ncolour="[0]" size="10.560">血</text>
                <text font="JQUZDQ+SimSun" bbox="452.400,273.029,462.960,283.589" colourspace="ICCBased" ncolour="[0]" size="10.560">球</text>
                <text font="JQUZDQ+SimSun" bbox="462.960,273.029,473.520,283.589" colourspace="ICCBased" ncolour="[0]" size="10.560">及</text>
                <text font="JQUZDQ+SimSun" bbox="473.520,273.029,484.080,283.589" colourspace="ICCBased" ncolour="[0]" size="10.560">血</text>
                <text font="JQUZDQ+SimSun" bbox="484.080,273.029,494.640,283.589" colourspace="ICCBased" ncolour="[0]" size="10.560">小</text>
                <text font="JQUZDQ+SimSun" bbox="494.640,273.029,505.200,283.589" colourspace="ICCBased" ncolour="[0]" size="10.560">板</text>
                <text font="JQUZDQ+SimSun" bbox="505.200,273.029,515.760,283.589" colourspace="ICCBased" ncolour="[0]" size="10.560">含</text>
                <text font="JQUZDQ+SimSun" bbox="515.760,273.029,526.320,283.589" colourspace="ICCBased" ncolour="[0]" size="10.560">量</text>
                <text font="JQUZDQ+SimSun" bbox="526.080,273.029,536.640,283.589" colourspace="ICCBased" ncolour="[0]" size="10.560">过</text>
                <text font="JQUZDQ+SimSun" bbox="536.640,273.029,547.200,283.589" colourspace="ICCBased" ncolour="[0]" size="10.560">低</text>
                <text>
                </text>
            </textline>
            <textline bbox="210.480,257.432,547.200,267.992">
                <text font="JQUZDQ+SimSun" bbox="210.480,257.432,221.040,267.992" colourspace="ICCBased" ncolour="[0]" size="10.560">及</text>
                <text font="JQUZDQ+SimSun" bbox="221.040,257.432,231.600,267.992" colourspace="ICCBased" ncolour="[0]" size="10.560">脾</text>
                <text font="JQUZDQ+SimSun" bbox="231.600,257.432,242.160,267.992" colourspace="ICCBased" ncolour="[0]" size="10.560">脏</text>
                <text font="JQUZDQ+SimSun" bbox="242.160,257.432,252.720,267.992" colourspace="ICCBased" ncolour="[0]" size="10.560">肿</text>
                <text font="JQUZDQ+SimSun" bbox="252.720,257.432,263.280,267.992" colourspace="ICCBased" ncolour="[0]" size="10.560">大</text>
                <text font="JQUZDQ+SimSun" bbox="263.280,257.432,273.840,267.992" colourspace="ICCBased" ncolour="[0]" size="10.560">的</text>
                <text font="JQUZDQ+SimSun" bbox="273.840,257.432,284.400,267.992" colourspace="ICCBased" ncolour="[0]" size="10.560">疾</text>
                <text font="JQUZDQ+SimSun" bbox="284.160,257.432,294.720,267.992" colourspace="ICCBased" ncolour="[0]" size="10.560">病</text>
                <text font="JQUZDQ+SimSun" bbox="294.720,257.432,305.280,267.992" colourspace="ICCBased" ncolour="[0]" size="10.560">。</text>
                <text font="JQUZDQ+SimSun" bbox="305.280,257.432,315.840,267.992" colourspace="ICCBased" ncolour="[0]" size="10.560">病</text>
                <text font="JQUZDQ+SimSun" bbox="315.840,257.432,326.400,267.992" colourspace="ICCBased" ncolour="[0]" size="10.560">况</text>
                <text font="JQUZDQ+SimSun" bbox="326.400,257.432,336.960,267.992" colourspace="ICCBased" ncolour="[0]" size="10.560">必</text>
                <text font="JQUZDQ+SimSun" bbox="336.960,257.432,347.520,267.992" colourspace="ICCBased" ncolour="[0]" size="10.560">须</text>
                <text font="JQUZDQ+SimSun" bbox="347.280,257.432,357.840,267.992" colourspace="ICCBased" ncolour="[0]" size="10.560">恶</text>
                <text font="JQUZDQ+SimSun" bbox="357.840,257.432,368.400,267.992" colourspace="ICCBased" ncolour="[0]" size="10.560">化</text>
                <text font="JQUZDQ+SimSun" bbox="368.400,257.432,378.960,267.992" colourspace="ICCBased" ncolour="[0]" size="10.560">至</text>
                <text font="JQUZDQ+SimSun" bbox="378.960,257.432,389.520,267.992" colourspace="ICCBased" ncolour="[0]" size="10.560">永</text>
                <text font="JQUZDQ+SimSun" bbox="389.520,257.432,400.080,267.992" colourspace="ICCBased" ncolour="[0]" size="10.560">久</text>
                <text font="JQUZDQ+SimSun" bbox="399.840,257.432,410.400,267.992" colourspace="ICCBased" ncolour="[0]" size="10.560">性</text>
                <text font="JQUZDQ+SimSun" bbox="410.400,257.432,420.960,267.992" colourspace="ICCBased" ncolour="[0]" size="10.560">及</text>
                <text font="JQUZDQ+SimSun" bbox="420.960,257.432,431.520,267.992" colourspace="ICCBased" ncolour="[0]" size="10.560">严</text>
                <text font="JQUZDQ+SimSun" bbox="431.520,257.432,442.080,267.992" colourspace="ICCBased" ncolour="[0]" size="10.560">重</text>
                <text font="JQUZDQ+SimSun" bbox="442.080,257.432,452.640,267.992" colourspace="ICCBased" ncolour="[0]" size="10.560">程</text>
                <text font="JQUZDQ+SimSun" bbox="452.400,257.432,462.960,267.992" colourspace="ICCBased" ncolour="[0]" size="10.560">度</text>
                <text font="JQUZDQ+SimSun" bbox="462.960,257.432,473.520,267.992" colourspace="ICCBased" ncolour="[0]" size="10.560">导</text>
                <text font="JQUZDQ+SimSun" bbox="473.520,257.432,484.080,267.992" colourspace="ICCBased" ncolour="[0]" size="10.560">致</text>
                <text font="JQUZDQ+SimSun" bbox="484.080,257.432,494.640,267.992" colourspace="ICCBased" ncolour="[0]" size="10.560">被</text>
                <text font="JQUZDQ+SimSun" bbox="494.640,257.432,505.200,267.992" colourspace="ICCBased" ncolour="[0]" size="10.560">保</text>
                <text font="JQUZDQ+SimSun" bbox="505.200,257.432,515.760,267.992" colourspace="ICCBased" ncolour="[0]" size="10.560">险</text>
                <text font="JQUZDQ+SimSun" bbox="515.760,257.432,526.320,267.992" colourspace="ICCBased" ncolour="[0]" size="10.560">人</text>
                <text font="JQUZDQ+SimSun" bbox="526.080,257.432,536.640,267.992" colourspace="ICCBased" ncolour="[0]" size="10.560">需</text>
                <text font="JQUZDQ+SimSun" bbox="536.640,257.432,547.200,267.992" colourspace="ICCBased" ncolour="[0]" size="10.560">最</text>
                <text>
                </text>
            </textline>
            <textline bbox="210.480,241.835,299.765,252.395">
                <text font="JQUZDQ+SimSun" bbox="210.480,241.835,221.040,252.395" colourspace="ICCBased" ncolour="[0]" size="10.560">少</text>
                <text font="JQUZDQ+SimSun" bbox="221.040,241.835,231.600,252.395" colourspace="ICCBased" ncolour="[0]" size="10.560">每</text>
                <text font="JQUZDQ+SimSun" bbox="231.600,241.835,242.160,252.395" colourspace="ICCBased" ncolour="[0]" size="10.560">月</text>
                <text font="JQUZDQ+SimSun" bbox="242.160,241.835,252.720,252.395" colourspace="ICCBased" ncolour="[0]" size="10.560">进</text>
                <text font="JQUZDQ+SimSun" bbox="252.720,241.835,263.280,252.395" colourspace="ICCBased" ncolour="[0]" size="10.560">行</text>
                <text font="JQUZDQ+SimSun" bbox="263.040,241.835,273.600,252.395" colourspace="ICCBased" ncolour="[0]" size="10.560">输</text>
                <text font="JQUZDQ+SimSun" bbox="273.600,241.835,284.160,252.395" colourspace="ICCBased" ncolour="[0]" size="10.560">血</text>
                <text font="JQUZDQ+SimSun" bbox="284.160,241.835,294.720,252.395" colourspace="ICCBased" ncolour="[0]" size="10.560">。</text>
                <text font="JTTPDQ+SimSun" bbox="294.485,241.835,299.765,252.395" colourspace="ICCBased" ncolour="[0]" size="10.560"> </text>
                <text>
                </text>
            </textline>
            <textline bbox="210.480,226.237,520.078,236.797">
                <text font="JQUZDQ+SimSun" bbox="210.480,226.237,221.040,236.797" colourspace="ICCBased" ncolour="[0]" size="10.560">此</text>
                <text font="JQUZDQ+SimSun" bbox="221.040,226.237,231.600,236.797" colourspace="ICCBased" ncolour="[0]" size="10.560">病</text>
                <text font="JQUZDQ+SimSun" bbox="231.600,226.237,242.160,236.797" colourspace="ICCBased" ncolour="[0]" size="10.560">症</text>
                <text font="JQUZDQ+SimSun" bbox="242.160,226.237,252.720,236.797" colourspace="ICCBased" ncolour="[0]" size="10.560">须</text>
                <text font="JQUZDQ+SimSun" bbox="252.720,226.237,263.280,236.797" colourspace="ICCBased" ncolour="[0]" size="10.560">经</text>
                <text font="JQUZDQ+SimSun" bbox="263.040,226.237,273.600,236.797" colourspace="ICCBased" ncolour="[0]" size="10.560">专</text>
                <text font="JQUZDQ+SimSun" bbox="273.600,226.237,284.160,236.797" colourspace="ICCBased" ncolour="[0]" size="10.560">科</text>
                <text font="JQUZDQ+SimSun" bbox="284.160,226.237,294.720,236.797" colourspace="ICCBased" ncolour="[0]" size="10.560">医</text>
                <text font="JQUZDQ+SimSun" bbox="294.720,226.237,305.280,236.797" colourspace="ICCBased" ncolour="[0]" size="10.560">生</text>
                <text font="JQUZDQ+SimSun" bbox="305.040,226.237,315.600,236.797" colourspace="ICCBased" ncolour="[0]" size="10.560">明</text>
                <text font="JQUZDQ+SimSun" bbox="315.600,226.237,326.160,236.797" colourspace="ICCBased" ncolour="[0]" size="10.560">确</text>
                <text font="JQUZDQ+SimSun" bbox="326.160,226.237,336.720,236.797" colourspace="ICCBased" ncolour="[0]" size="10.560">诊</text>
                <text font="JQUZDQ+SimSun" bbox="336.720,226.237,347.280,236.797" colourspace="ICCBased" ncolour="[0]" size="10.560">断</text>
                <text font="JQUZDQ+SimSun" bbox="347.040,226.237,357.600,236.797" colourspace="ICCBased" ncolour="[0]" size="10.560">，</text>
                <text font="JQUZDQ+SimSun" bbox="357.600,226.237,368.160,236.797" colourspace="ICCBased" ncolour="[0]" size="10.560">并</text>
                <text font="JQUZDQ+SimSun" bbox="368.160,226.237,378.720,236.797" colourspace="ICCBased" ncolour="[0]" size="10.560">需</text>
                <text font="JQUZDQ+SimSun" bbox="378.720,226.237,389.280,236.797" colourspace="ICCBased" ncolour="[0]" size="10.560">提</text>
                <text font="JQUZDQ+SimSun" bbox="389.040,226.237,399.600,236.797" colourspace="ICCBased" ncolour="[0]" size="10.560">供</text>
                <text font="JQUZDQ+SimSun" bbox="399.600,226.237,410.160,236.797" colourspace="ICCBased" ncolour="[0]" size="10.560">骨</text>
                <text font="JQUZDQ+SimSun" bbox="410.160,226.237,420.720,236.797" colourspace="ICCBased" ncolour="[0]" size="10.560">髓</text>
                <text font="JQUZDQ+SimSun" bbox="420.720,226.237,431.280,236.797" colourspace="ICCBased" ncolour="[0]" size="10.560">穿</text>
                <text font="JQUZDQ+SimSun" bbox="431.040,226.237,441.600,236.797" colourspace="ICCBased" ncolour="[0]" size="10.560">刺</text>
                <text font="JQUZDQ+SimSun" bbox="441.600,226.237,452.160,236.797" colourspace="ICCBased" ncolour="[0]" size="10.560">检</text>
                <text font="JQUZDQ+SimSun" bbox="451.920,226.237,462.480,236.797" colourspace="ICCBased" ncolour="[0]" size="10.560">查</text>
                <text font="JQUZDQ+SimSun" bbox="462.480,226.237,473.040,236.797" colourspace="ICCBased" ncolour="[0]" size="10.560">诊</text>
                <text font="JQUZDQ+SimSun" bbox="473.040,226.237,483.600,236.797" colourspace="ICCBased" ncolour="[0]" size="10.560">断</text>
                <text font="JQUZDQ+SimSun" bbox="483.600,226.237,494.160,236.797" colourspace="ICCBased" ncolour="[0]" size="10.560">报</text>
                <text font="JQUZDQ+SimSun" bbox="494.160,226.237,504.720,236.797" colourspace="ICCBased" ncolour="[0]" size="10.560">告</text>
                <text font="JQUZDQ+SimSun" bbox="504.480,226.237,515.040,236.797" colourspace="ICCBased" ncolour="[0]" size="10.560">。</text>
                <text font="JTTPDQ+SimSun" bbox="514.798,226.237,520.078,236.797" colourspace="ICCBased" ncolour="[0]" size="10.560"> </text>
                <text>
                </text>
            </textline>
            <textline bbox="210.480,210.629,215.760,221.189">
                <text font="JTTPDQ+SimSun" bbox="210.480,210.629,215.760,221.189" colourspace="ICCBased" ncolour="[0]" size="10.560"> </text>
                <text>
                </text>
            </textline>
            <textline bbox="210.480,199.109,547.200,209.669">
                <text font="JQUZDQ+SimSun" bbox="210.480,199.109,221.040,209.669" colourspace="ICCBased" ncolour="[0]" size="10.560">指</text>
                <text font="JQUZDQ+SimSun" bbox="221.040,199.109,231.600,209.669" colourspace="ICCBased" ncolour="[0]" size="10.560">经</text>
                <text font="JQUZDQ+SimSun" bbox="231.600,199.109,242.160,209.669" colourspace="ICCBased" ncolour="[0]" size="10.560">专</text>
                <text font="JQUZDQ+SimSun" bbox="242.160,199.109,252.720,209.669" colourspace="ICCBased" ncolour="[0]" size="10.560">科</text>
                <text font="JQUZDQ+SimSun" bbox="252.720,199.109,263.280,209.669" colourspace="ICCBased" ncolour="[0]" size="10.560">医</text>
                <text font="JQUZDQ+SimSun" bbox="263.280,199.109,273.840,209.669" colourspace="ICCBased" ncolour="[0]" size="10.560">生</text>
                <text font="JQUZDQ+SimSun" bbox="273.840,199.109,284.400,209.669" colourspace="ICCBased" ncolour="[0]" size="10.560">明</text>
                <text font="JQUZDQ+SimSun" bbox="284.160,199.109,294.720,209.669" colourspace="ICCBased" ncolour="[0]" size="10.560">确</text>
                <text font="JQUZDQ+SimSun" bbox="294.720,199.109,305.280,209.669" colourspace="ICCBased" ncolour="[0]" size="10.560">诊</text>
                <text font="JQUZDQ+SimSun" bbox="305.280,199.109,315.840,209.669" colourspace="ICCBased" ncolour="[0]" size="10.560">断</text>
                <text font="JQUZDQ+SimSun" bbox="315.840,199.109,326.400,209.669" colourspace="ICCBased" ncolour="[0]" size="10.560">为</text>
                <text font="JQUZDQ+SimSun" bbox="326.400,199.109,336.960,209.669" colourspace="ICCBased" ncolour="[0]" size="10.560">严</text>
                <text font="JQUZDQ+SimSun" bbox="336.960,199.109,347.520,209.669" colourspace="ICCBased" ncolour="[0]" size="10.560">重</text>
                <text font="JQUZDQ+SimSun" bbox="347.280,199.109,357.840,209.669" colourspace="ICCBased" ncolour="[0]" size="10.560">哮</text>
                <text font="JQUZDQ+SimSun" bbox="357.840,199.109,368.400,209.669" colourspace="ICCBased" ncolour="[0]" size="10.560">喘</text>
                <text font="JQUZDQ+SimSun" bbox="368.400,199.109,378.960,209.669" colourspace="ICCBased" ncolour="[0]" size="10.560">，</text>
                <text font="JQUZDQ+SimSun" bbox="378.960,199.109,389.520,209.669" colourspace="ICCBased" ncolour="[0]" size="10.560">并</text>
                <text font="JQUZDQ+SimSun" bbox="389.520,199.109,400.080,209.669" colourspace="ICCBased" ncolour="[0]" size="10.560">且</text>
                <text font="JQUZDQ+SimSun" bbox="399.840,199.109,410.400,209.669" colourspace="ICCBased" ncolour="[0]" size="10.560">满</text>
                <text font="JQUZDQ+SimSun" bbox="410.400,199.109,420.960,209.669" colourspace="ICCBased" ncolour="[0]" size="10.560">足</text>
                <text font="JQUZDQ+SimSun" bbox="420.960,199.109,431.520,209.669" colourspace="ICCBased" ncolour="[0]" size="10.560">下</text>
                <text font="JQUZDQ+SimSun" bbox="431.520,199.109,442.080,209.669" colourspace="ICCBased" ncolour="[0]" size="10.560">列</text>
                <text font="JQUZDQ+SimSun" bbox="442.080,199.109,452.640,209.669" colourspace="ICCBased" ncolour="[0]" size="10.560">标</text>
                <text font="JQUZDQ+SimSun" bbox="452.400,199.109,462.960,209.669" colourspace="ICCBased" ncolour="[0]" size="10.560">准</text>
                <text font="JQUZDQ+SimSun" bbox="462.960,199.109,473.520,209.669" colourspace="ICCBased" ncolour="[0]" size="10.560">中</text>
                <text font="JQUZDQ+SimSun" bbox="473.520,199.109,484.080,209.669" colourspace="ICCBased" ncolour="[0]" size="10.560">的</text>
                <text font="JQUZDQ+SimSun" bbox="484.080,199.109,494.640,209.669" colourspace="ICCBased" ncolour="[0]" size="10.560">三</text>
                <text font="JQUZDQ+SimSun" bbox="494.640,199.109,505.200,209.669" colourspace="ICCBased" ncolour="[0]" size="10.560">项</text>
                <text font="JQUZDQ+SimSun" bbox="505.200,199.109,515.760,209.669" colourspace="ICCBased" ncolour="[0]" size="10.560">或</text>
                <text font="JQUZDQ+SimSun" bbox="515.760,199.109,526.320,209.669" colourspace="ICCBased" ncolour="[0]" size="10.560">三</text>
                <text font="JQUZDQ+SimSun" bbox="526.080,199.109,536.640,209.669" colourspace="ICCBased" ncolour="[0]" size="10.560">项</text>
                <text font="JQUZDQ+SimSun" bbox="536.640,199.109,547.200,209.669" colourspace="ICCBased" ncolour="[0]" size="10.560">以</text>
                <text>
                </text>
            </textline>
            <textline bbox="210.480,183.512,236.637,194.072">
                <text font="JQUZDQ+SimSun" bbox="210.480,183.512,221.040,194.072" colourspace="ICCBased" ncolour="[0]" size="10.560">上</text>
                <text font="JQUZDQ+SimSun" bbox="221.040,183.512,231.600,194.072" colourspace="ICCBased" ncolour="[0]" size="10.560">：</text>
                <text font="JTTPDQ+SimSun" bbox="231.357,183.512,236.637,194.072" colourspace="ICCBased" ncolour="[0]" size="10.560"> </text>
                <text>
                </text>
            </textline>
            <textline bbox="210.480,167.915,399.599,178.475">
                <text font="JQUZDQ+SimSun" bbox="210.480,167.915,221.040,178.475" colourspace="ICCBased" ncolour="[0]" size="10.560">（</text>
                <text font="JTTPDQ+SimSun" bbox="221.040,167.915,226.320,178.475" colourspace="ICCBased" ncolour="[0]" size="10.560">1</text>
                <text font="JQUZDQ+SimSun" bbox="226.320,167.915,236.880,178.475" colourspace="ICCBased" ncolour="[0]" size="10.560">）</text>
                <text font="JQUZDQ+SimSun" bbox="236.880,167.915,247.440,178.475" colourspace="ICCBased" ncolour="[0]" size="10.560">过</text>
                <text font="JQUZDQ+SimSun" bbox="247.440,167.915,258.000,178.475" colourspace="ICCBased" ncolour="[0]" size="10.560">去</text>
                <text font="JQUZDQ+SimSun" bbox="258.000,167.915,268.560,178.475" colourspace="ICCBased" ncolour="[0]" size="10.560">两</text>
                <text font="JQUZDQ+SimSun" bbox="268.320,167.915,278.880,178.475" colourspace="ICCBased" ncolour="[0]" size="10.560">年</text>
                <text font="JQUZDQ+SimSun" bbox="278.880,167.915,289.440,178.475" colourspace="ICCBased" ncolour="[0]" size="10.560">中</text>
                <text font="JQUZDQ+SimSun" bbox="289.440,167.915,300.000,178.475" colourspace="ICCBased" ncolour="[0]" size="10.560">有</text>
                <text font="JQUZDQ+SimSun" bbox="300.000,167.915,310.560,178.475" colourspace="ICCBased" ncolour="[0]" size="10.560">哮</text>
                <text font="JQUZDQ+SimSun" bbox="310.320,167.915,320.880,178.475" colourspace="ICCBased" ncolour="[0]" size="10.560">喘</text>
                <text font="JQUZDQ+SimSun" bbox="320.880,167.915,331.440,178.475" colourspace="ICCBased" ncolour="[0]" size="10.560">持</text>
                <text font="JQUZDQ+SimSun" bbox="331.440,167.915,342.000,178.475" colourspace="ICCBased" ncolour="[0]" size="10.560">续</text>
                <text font="JQUZDQ+SimSun" bbox="342.000,167.915,352.560,178.475" colourspace="ICCBased" ncolour="[0]" size="10.560">状</text>
                <text font="JQUZDQ+SimSun" bbox="352.320,167.915,362.880,178.475" colourspace="ICCBased" ncolour="[0]" size="10.560">态</text>
                <text font="JQUZDQ+SimSun" bbox="362.880,167.915,373.440,178.475" colourspace="ICCBased" ncolour="[0]" size="10.560">病</text>
                <text font="JQUZDQ+SimSun" bbox="373.440,167.915,384.000,178.475" colourspace="ICCBased" ncolour="[0]" size="10.560">史</text>
                <text font="JQUZDQ+SimSun" bbox="384.000,167.915,394.560,178.475" colourspace="ICCBased" ncolour="[0]" size="10.560">；</text>
                <text font="JTTPDQ+SimSun" bbox="394.319,167.915,399.599,178.475" colourspace="ICCBased" ncolour="[0]" size="10.560"> </text>
                <text>
                </text>
            </textline>
            <textline bbox="210.480,152.309,547.200,162.877">
                <text font="JQUZDQ+SimSun" bbox="210.480,152.317,221.040,162.877" colourspace="ICCBased" ncolour="[0]" size="10.560">（</text>
                <text font="JTTPDQ+SimSun" bbox="221.040,152.317,226.320,162.877" colourspace="ICCBased" ncolour="[0]" size="10.560">2</text>
                <text font="JQUZDQ+SimSun" bbox="226.320,152.309,236.880,162.869" colourspace="ICCBased" ncolour="[0]" size="10.560">）</text>
                <text font="JQUZDQ+SimSun" bbox="235.200,152.309,245.760,162.869" colourspace="ICCBased" ncolour="[0]" size="10.560">身</text>
                <text font="JQUZDQ+SimSun" bbox="245.760,152.309,256.320,162.869" colourspace="ICCBased" ncolour="[0]" size="10.560">体</text>
                <text font="JQUZDQ+SimSun" bbox="256.320,152.309,266.880,162.869" colourspace="ICCBased" ncolour="[0]" size="10.560">活</text>
                <text font="JQUZDQ+SimSun" bbox="266.880,152.309,277.440,162.869" colourspace="ICCBased" ncolour="[0]" size="10.560">动</text>
                <text font="JQUZDQ+SimSun" bbox="277.200,152.309,287.760,162.869" colourspace="ICCBased" ncolour="[0]" size="10.560">耐</text>
                <text font="JQUZDQ+SimSun" bbox="287.760,152.309,298.320,162.869" colourspace="ICCBased" ncolour="[0]" size="10.560">受</text>
                <text font="JQUZDQ+SimSun" bbox="298.320,152.309,308.880,162.869" colourspace="ICCBased" ncolour="[0]" size="10.560">能</text>
                <text font="JQUZDQ+SimSun" bbox="308.880,152.309,319.440,162.869" colourspace="ICCBased" ncolour="[0]" size="10.560">力</text>
                <text font="JQUZDQ+SimSun" bbox="319.200,152.309,329.760,162.869" colourspace="ICCBased" ncolour="[0]" size="10.560">显</text>
                <text font="JQUZDQ+SimSun" bbox="329.760,152.309,340.320,162.869" colourspace="ICCBased" ncolour="[0]" size="10.560">著</text>
                <text font="JQUZDQ+SimSun" bbox="340.320,152.309,350.880,162.869" colourspace="ICCBased" ncolour="[0]" size="10.560">下</text>
                <text font="JQUZDQ+SimSun" bbox="350.880,152.309,361.440,162.869" colourspace="ICCBased" ncolour="[0]" size="10.560">降</text>
                <text font="JQUZDQ+SimSun" bbox="361.440,152.309,372.000,162.869" colourspace="ICCBased" ncolour="[0]" size="10.560">，</text>
                <text font="JQUZDQ+SimSun" bbox="370.320,152.309,380.880,162.869" colourspace="ICCBased" ncolour="[0]" size="10.560">轻</text>
                <text font="JQUZDQ+SimSun" bbox="380.640,152.309,391.200,162.869" colourspace="ICCBased" ncolour="[0]" size="10.560">微</text>
                <text font="JQUZDQ+SimSun" bbox="391.200,152.309,401.760,162.869" colourspace="ICCBased" ncolour="[0]" size="10.560">体</text>
                <text font="JQUZDQ+SimSun" bbox="401.760,152.309,412.320,162.869" colourspace="ICCBased" ncolour="[0]" size="10.560">力</text>
                <text font="JQUZDQ+SimSun" bbox="412.320,152.309,422.880,162.869" colourspace="ICCBased" ncolour="[0]" size="10.560">活</text>
                <text font="JQUZDQ+SimSun" bbox="422.640,152.309,433.200,162.869" colourspace="ICCBased" ncolour="[0]" size="10.560">动</text>
                <text font="JQUZDQ+SimSun" bbox="433.200,152.309,443.760,162.869" colourspace="ICCBased" ncolour="[0]" size="10.560">即</text>
                <text font="JQUZDQ+SimSun" bbox="443.760,152.309,454.320,162.869" colourspace="ICCBased" ncolour="[0]" size="10.560">有</text>
                <text font="JQUZDQ+SimSun" bbox="454.080,152.309,464.640,162.869" colourspace="ICCBased" ncolour="[0]" size="10.560">呼</text>
                <text font="JQUZDQ+SimSun" bbox="464.640,152.309,475.200,162.869" colourspace="ICCBased" ncolour="[0]" size="10.560">吸</text>
                <text font="JQUZDQ+SimSun" bbox="475.200,152.309,485.760,162.869" colourspace="ICCBased" ncolour="[0]" size="10.560">困</text>
                <text font="JQUZDQ+SimSun" bbox="485.760,152.309,496.320,162.869" colourspace="ICCBased" ncolour="[0]" size="10.560">难</text>
                <text font="JQUZDQ+SimSun" bbox="496.320,152.309,506.880,162.869" colourspace="ICCBased" ncolour="[0]" size="10.560">，</text>
                <text font="JQUZDQ+SimSun" bbox="505.200,152.309,515.760,162.869" colourspace="ICCBased" ncolour="[0]" size="10.560">且</text>
                <text font="JQUZDQ+SimSun" bbox="515.760,152.309,526.320,162.869" colourspace="ICCBased" ncolour="[0]" size="10.560">持</text>
                <text font="JQUZDQ+SimSun" bbox="526.080,152.309,536.640,162.869" colourspace="ICCBased" ncolour="[0]" size="10.560">续</text>
                <text font="JQUZDQ+SimSun" bbox="536.640,152.309,547.200,162.869" colourspace="ICCBased" ncolour="[0]" size="10.560">六</text>
                <text>
                </text>
            </textline>
        </textbox>
        <textbox id="21" bbox="236.640,136.709,294.480,147.269">
            <textline bbox="236.640,136.709,294.480,147.269">
                <text font="JQUZDQ+SimSun" bbox="236.640,136.709,247.200,147.269" colourspace="ICCBased" ncolour="[0]" size="10.560">个</text>
                <text font="JQUZDQ+SimSun" bbox="247.200,136.709,257.760,147.269" colourspace="ICCBased" ncolour="[0]" size="10.560">月</text>
                <text font="JQUZDQ+SimSun" bbox="257.760,136.709,268.320,147.269" colourspace="ICCBased" ncolour="[0]" size="10.560">以</text>
                <text font="JQUZDQ+SimSun" bbox="268.320,136.709,278.880,147.269" colourspace="ICCBased" ncolour="[0]" size="10.560">上</text>
                <text font="JQUZDQ+SimSun" bbox="278.880,136.709,289.440,147.269" colourspace="ICCBased" ncolour="[0]" size="10.560">；</text>
                <text font="JTTPDQ+SimSun" bbox="289.200,136.709,294.480,147.269" colourspace="ICCBased" ncolour="[0]" size="10.560"> </text>
                <text>
                </text>
            </textline>
        </textbox>
        <textbox id="22" bbox="210.475,63.032,547.200,131.672">
            <textline bbox="210.475,121.112,525.353,131.672">
                <text font="JQUZDQ+SimSun" bbox="210.475,121.112,221.035,131.672" colourspace="ICCBased" ncolour="[0]" size="10.560">（</text>
                <text font="JTTPDQ+SimSun" bbox="221.035,121.112,226.315,131.672" colourspace="ICCBased" ncolour="[0]" size="10.560">3</text>
                <text font="JQUZDQ+SimSun" bbox="226.315,121.112,236.875,131.672" colourspace="ICCBased" ncolour="[0]" size="10.560">）</text>
                <text font="JQUZDQ+SimSun" bbox="236.875,121.112,247.435,131.672" colourspace="ICCBased" ncolour="[0]" size="10.560">慢</text>
                <text font="JQUZDQ+SimSun" bbox="247.435,121.112,257.995,131.672" colourspace="ICCBased" ncolour="[0]" size="10.560">性</text>
                <text font="JQUZDQ+SimSun" bbox="257.995,121.112,268.555,131.672" colourspace="ICCBased" ncolour="[0]" size="10.560">肺</text>
                <text font="JQUZDQ+SimSun" bbox="268.315,121.112,278.875,131.672" colourspace="ICCBased" ncolour="[0]" size="10.560">部</text>
                <text font="JQUZDQ+SimSun" bbox="278.875,121.112,289.435,131.672" colourspace="ICCBased" ncolour="[0]" size="10.560">过</text>
                <text font="JQUZDQ+SimSun" bbox="289.435,121.112,299.995,131.672" colourspace="ICCBased" ncolour="[0]" size="10.560">度</text>
                <text font="JQUZDQ+SimSun" bbox="299.995,121.112,310.555,131.672" colourspace="ICCBased" ncolour="[0]" size="10.560">膨</text>
                <text font="JQUZDQ+SimSun" bbox="310.315,121.112,320.875,131.672" colourspace="ICCBased" ncolour="[0]" size="10.560">涨</text>
                <text font="JQUZDQ+SimSun" bbox="320.875,121.112,331.435,131.672" colourspace="ICCBased" ncolour="[0]" size="10.560">充</text>
                <text font="JQUZDQ+SimSun" bbox="331.435,121.112,341.995,131.672" colourspace="ICCBased" ncolour="[0]" size="10.560">气</text>
                <text font="JQUZDQ+SimSun" bbox="341.995,121.112,352.555,131.672" colourspace="ICCBased" ncolour="[0]" size="10.560">导</text>
                <text font="JQUZDQ+SimSun" bbox="352.315,121.112,362.875,131.672" colourspace="ICCBased" ncolour="[0]" size="10.560">致</text>
                <text font="JQUZDQ+SimSun" bbox="362.875,121.112,373.435,131.672" colourspace="ICCBased" ncolour="[0]" size="10.560">的</text>
                <text font="JQUZDQ+SimSun" bbox="373.435,121.112,383.995,131.672" colourspace="ICCBased" ncolour="[0]" size="10.560">由</text>
                <text font="JQUZDQ+SimSun" bbox="383.995,121.112,394.555,131.672" colourspace="ICCBased" ncolour="[0]" size="10.560">影</text>
                <text font="JQUZDQ+SimSun" bbox="394.315,121.112,404.875,131.672" colourspace="ICCBased" ncolour="[0]" size="10.560">像</text>
                <text font="JQUZDQ+SimSun" bbox="404.875,121.112,415.435,131.672" colourspace="ICCBased" ncolour="[0]" size="10.560">学</text>
                <text font="JQUZDQ+SimSun" bbox="415.435,121.112,425.995,131.672" colourspace="ICCBased" ncolour="[0]" size="10.560">检</text>
                <text font="JQUZDQ+SimSun" bbox="425.756,121.112,436.316,131.672" colourspace="ICCBased" ncolour="[0]" size="10.560">查</text>
                <text font="JQUZDQ+SimSun" bbox="436.316,121.112,446.876,131.672" colourspace="ICCBased" ncolour="[0]" size="10.560">证</text>
                <text font="JQUZDQ+SimSun" bbox="446.635,121.112,457.195,131.672" colourspace="ICCBased" ncolour="[0]" size="10.560">实</text>
                <text font="JQUZDQ+SimSun" bbox="457.195,121.112,467.755,131.672" colourspace="ICCBased" ncolour="[0]" size="10.560">的</text>
                <text font="JQUZDQ+SimSun" bbox="467.755,121.112,478.315,131.672" colourspace="ICCBased" ncolour="[0]" size="10.560">胸</text>
                <text font="JQUZDQ+SimSun" bbox="478.315,121.112,488.875,131.672" colourspace="ICCBased" ncolour="[0]" size="10.560">廓</text>
                <text font="JQUZDQ+SimSun" bbox="488.875,121.112,499.435,131.672" colourspace="ICCBased" ncolour="[0]" size="10.560">畸</text>
                <text font="JQUZDQ+SimSun" bbox="499.195,121.112,509.755,131.672" colourspace="ICCBased" ncolour="[0]" size="10.560">形</text>
                <text font="JQUZDQ+SimSun" bbox="509.755,121.112,520.315,131.672" colourspace="ICCBased" ncolour="[0]" size="10.560">；</text>
                <text font="JTTPDQ+SimSun" bbox="520.073,121.112,525.353,131.672" colourspace="ICCBased" ncolour="[0]" size="10.560"> </text>
                <text>
                </text>
            </textline>
            <textline bbox="210.475,105.515,472.796,116.075">
                <text font="JQUZDQ+SimSun" bbox="210.475,105.515,221.035,116.075" colourspace="ICCBased" ncolour="[0]" size="10.560">（</text>
                <text font="JTTPDQ+SimSun" bbox="221.035,105.515,226.315,116.075" colourspace="ICCBased" ncolour="[0]" size="10.560">4</text>
                <text font="JQUZDQ+SimSun" bbox="226.315,105.515,236.875,116.075" colourspace="ICCBased" ncolour="[0]" size="10.560">）</text>
                <text font="JQUZDQ+SimSun" bbox="236.875,105.515,247.435,116.075" colourspace="ICCBased" ncolour="[0]" size="10.560">每</text>
                <text font="JQUZDQ+SimSun" bbox="247.435,105.515,257.995,116.075" colourspace="ICCBased" ncolour="[0]" size="10.560">日</text>
                <text font="JQUZDQ+SimSun" bbox="257.995,105.515,268.555,116.075" colourspace="ICCBased" ncolour="[0]" size="10.560">口</text>
                <text font="JQUZDQ+SimSun" bbox="268.315,105.515,278.875,116.075" colourspace="ICCBased" ncolour="[0]" size="10.560">服</text>
                <text font="JQUZDQ+SimSun" bbox="278.875,105.515,289.435,116.075" colourspace="ICCBased" ncolour="[0]" size="10.560">皮</text>
                <text font="JQUZDQ+SimSun" bbox="289.435,105.515,299.995,116.075" colourspace="ICCBased" ncolour="[0]" size="10.560">质</text>
                <text font="JQUZDQ+SimSun" bbox="299.995,105.515,310.555,116.075" colourspace="ICCBased" ncolour="[0]" size="10.560">类</text>
                <text font="JQUZDQ+SimSun" bbox="310.315,105.515,320.875,116.075" colourspace="ICCBased" ncolour="[0]" size="10.560">固</text>
                <text font="JQUZDQ+SimSun" bbox="320.875,105.515,331.435,116.075" colourspace="ICCBased" ncolour="[0]" size="10.560">醇</text>
                <text font="JQUZDQ+SimSun" bbox="331.435,105.515,341.995,116.075" colourspace="ICCBased" ncolour="[0]" size="10.560">激</text>
                <text font="JQUZDQ+SimSun" bbox="341.995,105.515,352.555,116.075" colourspace="ICCBased" ncolour="[0]" size="10.560">素</text>
                <text font="JQUZDQ+SimSun" bbox="352.315,105.515,362.875,116.075" colourspace="ICCBased" ncolour="[0]" size="10.560">，</text>
                <text font="JQUZDQ+SimSun" bbox="362.875,105.515,373.435,116.075" colourspace="ICCBased" ncolour="[0]" size="10.560">至</text>
                <text font="JQUZDQ+SimSun" bbox="373.435,105.515,383.995,116.075" colourspace="ICCBased" ncolour="[0]" size="10.560">少</text>
                <text font="JQUZDQ+SimSun" bbox="383.995,105.515,394.555,116.075" colourspace="ICCBased" ncolour="[0]" size="10.560">持</text>
                <text font="JQUZDQ+SimSun" bbox="394.315,105.515,404.875,116.075" colourspace="ICCBased" ncolour="[0]" size="10.560">续</text>
                <text font="JQUZDQ+SimSun" bbox="404.875,105.515,415.435,116.075" colourspace="ICCBased" ncolour="[0]" size="10.560">六</text>
                <text font="JQUZDQ+SimSun" bbox="415.435,105.515,425.995,116.075" colourspace="ICCBased" ncolour="[0]" size="10.560">个</text>
                <text font="JQUZDQ+SimSun" bbox="425.756,105.515,436.316,116.075" colourspace="ICCBased" ncolour="[0]" size="10.560">月</text>
                <text font="JQUZDQ+SimSun" bbox="436.316,105.515,446.876,116.075" colourspace="ICCBased" ncolour="[0]" size="10.560">以</text>
                <text font="JQUZDQ+SimSun" bbox="446.635,105.515,457.195,116.075" colourspace="ICCBased" ncolour="[0]" size="10.560">上</text>
                <text font="JQUZDQ+SimSun" bbox="457.195,105.515,467.755,116.075" colourspace="ICCBased" ncolour="[0]" size="10.560">。</text>
                <text font="JTTPDQ+SimSun" bbox="467.516,105.515,472.796,116.075" colourspace="ICCBased" ncolour="[0]" size="10.560"> </text>
                <text>
                </text>
            </textline>
            <textline bbox="210.480,89.909,215.760,100.469">
                <text font="JTTPDQ+SimSun" bbox="210.480,89.909,215.760,100.469" colourspace="ICCBased" ncolour="[0]" size="10.560"> </text>
                <text>
                </text>
            </textline>
            <textline bbox="210.480,78.629,547.200,89.189">
                <text font="JQUZDQ+SimSun" bbox="210.480,78.629,221.040,89.189" colourspace="ICCBased" ncolour="[0]" size="10.560">指</text>
                <text font="JQUZDQ+SimSun" bbox="221.040,78.629,231.600,89.189" colourspace="ICCBased" ncolour="[0]" size="10.560">因</text>
                <text font="JQUZDQ+SimSun" bbox="231.600,78.629,242.160,89.189" colourspace="ICCBased" ncolour="[0]" size="10.560">肠</text>
                <text font="JQUZDQ+SimSun" bbox="242.160,78.629,252.720,89.189" colourspace="ICCBased" ncolour="[0]" size="10.560">道</text>
                <text font="JQUZDQ+SimSun" bbox="252.720,78.629,263.280,89.189" colourspace="ICCBased" ncolour="[0]" size="10.560">疾</text>
                <text font="JQUZDQ+SimSun" bbox="263.280,78.629,273.840,89.189" colourspace="ICCBased" ncolour="[0]" size="10.560">病</text>
                <text font="JQUZDQ+SimSun" bbox="273.840,78.629,284.400,89.189" colourspace="ICCBased" ncolour="[0]" size="10.560">或</text>
                <text font="JQUZDQ+SimSun" bbox="284.160,78.629,294.720,89.189" colourspace="ICCBased" ncolour="[0]" size="10.560">外</text>
                <text font="JQUZDQ+SimSun" bbox="294.720,78.629,305.280,89.189" colourspace="ICCBased" ncolour="[0]" size="10.560">伤</text>
                <text font="JQUZDQ+SimSun" bbox="305.280,78.629,315.840,89.189" colourspace="ICCBased" ncolour="[0]" size="10.560">，</text>
                <text font="JQUZDQ+SimSun" bbox="315.840,78.629,326.400,89.189" colourspace="ICCBased" ncolour="[0]" size="10.560">已</text>
                <text font="JQUZDQ+SimSun" bbox="326.400,78.629,336.960,89.189" colourspace="ICCBased" ncolour="[0]" size="10.560">经</text>
                <text font="JQUZDQ+SimSun" bbox="336.960,78.629,347.520,89.189" colourspace="ICCBased" ncolour="[0]" size="10.560">实</text>
                <text font="JQUZDQ+SimSun" bbox="347.280,78.629,357.840,89.189" colourspace="ICCBased" ncolour="[0]" size="10.560">施</text>
                <text font="JQUZDQ+SimSun" bbox="357.840,78.629,368.400,89.189" colourspace="ICCBased" ncolour="[0]" size="10.560">了</text>
                <text font="JQUZDQ+SimSun" bbox="368.400,78.629,378.960,89.189" colourspace="ICCBased" ncolour="[0]" size="10.560">在</text>
                <text font="JQUZDQ+SimSun" bbox="378.960,78.629,389.520,89.189" colourspace="ICCBased" ncolour="[0]" size="10.560">全</text>
                <text font="JQUZDQ+SimSun" bbox="389.520,78.629,400.080,89.189" colourspace="ICCBased" ncolour="[0]" size="10.560">身</text>
                <text font="JQUZDQ+SimSun" bbox="399.840,78.629,410.400,89.189" colourspace="ICCBased" ncolour="[0]" size="10.560">麻</text>
                <text font="JQUZDQ+SimSun" bbox="410.400,78.629,420.960,89.189" colourspace="ICCBased" ncolour="[0]" size="10.560">醉</text>
                <text font="JQUZDQ+SimSun" bbox="420.960,78.629,431.520,89.189" colourspace="ICCBased" ncolour="[0]" size="10.560">下</text>
                <text font="JQUZDQ+SimSun" bbox="431.520,78.629,442.080,89.189" colourspace="ICCBased" ncolour="[0]" size="10.560">进</text>
                <text font="JQUZDQ+SimSun" bbox="442.080,78.629,452.640,89.189" colourspace="ICCBased" ncolour="[0]" size="10.560">行</text>
                <text font="JQUZDQ+SimSun" bbox="452.400,78.629,462.960,89.189" colourspace="ICCBased" ncolour="[0]" size="10.560">的</text>
                <text font="JQUZDQ+SimSun" bbox="462.960,78.629,473.520,89.189" colourspace="ICCBased" ncolour="[0]" size="10.560">小</text>
                <text font="JQUZDQ+SimSun" bbox="473.520,78.629,484.080,89.189" colourspace="ICCBased" ncolour="[0]" size="10.560">肠</text>
                <text font="JQUZDQ+SimSun" bbox="484.080,78.629,494.640,89.189" colourspace="ICCBased" ncolour="[0]" size="10.560">的</text>
                <text font="JQUZDQ+SimSun" bbox="494.640,78.629,505.200,89.189" colourspace="ICCBased" ncolour="[0]" size="10.560">异</text>
                <text font="JQUZDQ+SimSun" bbox="505.200,78.629,515.760,89.189" colourspace="ICCBased" ncolour="[0]" size="10.560">体</text>
                <text font="JQUZDQ+SimSun" bbox="515.760,78.629,526.320,89.189" colourspace="ICCBased" ncolour="[0]" size="10.560">器</text>
                <text font="JQUZDQ+SimSun" bbox="526.080,78.629,536.640,89.189" colourspace="ICCBased" ncolour="[0]" size="10.560">官</text>
                <text font="JQUZDQ+SimSun" bbox="536.640,78.629,547.200,89.189" colourspace="ICCBased" ncolour="[0]" size="10.560">移</text>
                <text>
                </text>
            </textline>
            <textline bbox="210.480,63.032,520.078,73.592">
                <text font="JQUZDQ+SimSun" bbox="210.480,63.032,221.040,73.592" colourspace="ICCBased" ncolour="[0]" size="10.560">植</text>
                <text font="JQUZDQ+SimSun" bbox="221.040,63.032,231.600,73.592" colourspace="ICCBased" ncolour="[0]" size="10.560">手</text>
                <text font="JQUZDQ+SimSun" bbox="231.600,63.032,242.160,73.592" colourspace="ICCBased" ncolour="[0]" size="10.560">术</text>
                <text font="JQUZDQ+SimSun" bbox="242.160,63.032,252.720,73.592" colourspace="ICCBased" ncolour="[0]" size="10.560">。</text>
                <text font="JQUZDQ+SimSun" bbox="252.720,63.032,263.280,73.592" colourspace="ICCBased" ncolour="[0]" size="10.560">此</text>
                <text font="JQUZDQ+SimSun" bbox="263.040,63.032,273.600,73.592" colourspace="ICCBased" ncolour="[0]" size="10.560">手</text>
                <text font="JQUZDQ+SimSun" bbox="273.600,63.032,284.160,73.592" colourspace="ICCBased" ncolour="[0]" size="10.560">术</text>
                <text font="JQUZDQ+SimSun" bbox="284.160,63.032,294.720,73.592" colourspace="ICCBased" ncolour="[0]" size="10.560">必</text>
                <text font="JQUZDQ+SimSun" bbox="294.720,63.032,305.280,73.592" colourspace="ICCBased" ncolour="[0]" size="10.560">须</text>
                <text font="JQUZDQ+SimSun" bbox="305.040,63.032,315.600,73.592" colourspace="ICCBased" ncolour="[0]" size="10.560">由</text>
                <text font="JQUZDQ+SimSun" bbox="315.600,63.032,326.160,73.592" colourspace="ICCBased" ncolour="[0]" size="10.560">专</text>
                <text font="JQUZDQ+SimSun" bbox="326.160,63.032,336.720,73.592" colourspace="ICCBased" ncolour="[0]" size="10.560">科</text>
                <text font="JQUZDQ+SimSun" bbox="336.720,63.032,347.280,73.592" colourspace="ICCBased" ncolour="[0]" size="10.560">医</text>
                <text font="JQUZDQ+SimSun" bbox="347.040,63.032,357.600,73.592" colourspace="ICCBased" ncolour="[0]" size="10.560">生</text>
                <text font="JQUZDQ+SimSun" bbox="357.600,63.032,368.160,73.592" colourspace="ICCBased" ncolour="[0]" size="10.560">认</text>
                <text font="JQUZDQ+SimSun" bbox="368.160,63.032,378.720,73.592" colourspace="ICCBased" ncolour="[0]" size="10.560">为</text>
                <text font="JQUZDQ+SimSun" bbox="378.720,63.032,389.280,73.592" colourspace="ICCBased" ncolour="[0]" size="10.560">是</text>
                <text font="JQUZDQ+SimSun" bbox="389.040,63.032,399.600,73.592" colourspace="ICCBased" ncolour="[0]" size="10.560">医</text>
                <text font="JQUZDQ+SimSun" bbox="399.600,63.032,410.160,73.592" colourspace="ICCBased" ncolour="[0]" size="10.560">学</text>
                <text font="JQUZDQ+SimSun" bbox="410.160,63.032,420.720,73.592" colourspace="ICCBased" ncolour="[0]" size="10.560">上</text>
                <text font="JQUZDQ+SimSun" bbox="420.720,63.032,431.280,73.592" colourspace="ICCBased" ncolour="[0]" size="10.560">必</text>
                <text font="JQUZDQ+SimSun" bbox="431.040,63.032,441.600,73.592" colourspace="ICCBased" ncolour="[0]" size="10.560">需</text>
                <text font="JQUZDQ+SimSun" bbox="441.600,63.032,452.160,73.592" colourspace="ICCBased" ncolour="[0]" size="10.560">的</text>
                <text font="JQUZDQ+SimSun" bbox="451.920,63.032,462.480,73.592" colourspace="ICCBased" ncolour="[0]" size="10.560">情</text>
                <text font="JQUZDQ+SimSun" bbox="462.480,63.032,473.040,73.592" colourspace="ICCBased" ncolour="[0]" size="10.560">况</text>
                <text font="JQUZDQ+SimSun" bbox="473.040,63.032,483.600,73.592" colourspace="ICCBased" ncolour="[0]" size="10.560">下</text>
                <text font="JQUZDQ+SimSun" bbox="483.600,63.032,494.160,73.592" colourspace="ICCBased" ncolour="[0]" size="10.560">进</text>
                <text font="JQUZDQ+SimSun" bbox="494.160,63.032,504.720,73.592" colourspace="ICCBased" ncolour="[0]" size="10.560">行</text>
                <text font="JQUZDQ+SimSun" bbox="504.480,63.032,515.040,73.592" colourspace="ICCBased" ncolour="[0]" size="10.560">。</text>
                <text font="JTTPDQ+SimSun" bbox="514.798,63.032,520.078,73.592" colourspace="ICCBased" ncolour="[0]" size="10.560"> </text>
                <text>
                </text>
            </textline>
        </textbox>
        <rect linewidth="0" bbox="210.480,770.640,493.920,784.560" />
        <rect linewidth="0" bbox="210.480,584.880,546.960,598.800" />
        <rect linewidth="0" bbox="210.480,569.280,546.960,583.200" />
        <rect linewidth="0" bbox="210.480,553.680,546.960,567.600" />
        <rect linewidth="0" bbox="210.480,538.080,241.920,552.000" />
        <layout>
            <textgroup bbox="51.120,63.032,552.480,782.789">
                <textgroup bbox="51.120,77.808,199.680,767.808">
                    <textgroup bbox="63.600,725.568,199.680,767.808">
                        <textbox id="0" bbox="97.440,755.808,100.368,767.808" />
                        <textbox id="1" bbox="63.600,725.568,199.680,767.189" />
                    </textgroup>
                    <textgroup bbox="51.120,77.808,199.680,535.248">
                        <textgroup bbox="51.120,434.928,199.680,535.248">
                            <textgroup bbox="51.120,495.888,199.680,535.248">
                                <textgroup bbox="51.120,511.728,199.680,534.629">
                                    <textbox id="2" bbox="51.120,524.069,56.400,534.629" />
                                    <textbox id="3" bbox="63.600,511.728,199.680,523.728" />
                                </textgroup>
                                <textgroup bbox="97.440,495.888,112.368,535.248">
                                    <textbox id="4" bbox="97.440,523.248,100.368,535.248" />
                                    <textbox id="5" bbox="97.440,495.888,112.368,507.888" />
                                </textgroup>
                            </textgroup>
                            <textgroup bbox="63.600,434.928,199.680,476.928">
                                <textgroup bbox="63.600,450.768,199.680,476.928">
                                    <textbox id="6" bbox="97.440,464.928,100.368,476.928" />
                                    <textbox id="7" bbox="63.600,450.768,199.680,476.309" />
                                </textgroup>
                                <textbox id="8" bbox="97.440,434.928,148.368,446.928" />
                            </textgroup>
                        </textgroup>
                        <textgroup bbox="63.600,77.808,160.368,353.568">
                            <textgroup bbox="63.600,198.288,160.368,353.568">
                                <textgroup bbox="63.600,272.208,160.368,353.568">
                                    <textgroup bbox="63.600,330.288,160.368,353.568">
                                        <textbox id="9" bbox="97.440,341.568,100.368,353.568" />
                                        <textbox id="10" bbox="63.600,330.288,160.368,352.949" />
                                    </textgroup>
                                    <textgroup bbox="63.600,272.208,160.368,295.488">
                                        <textbox id="11" bbox="97.440,283.488,100.368,295.488" />
                                        <textbox id="12" bbox="63.600,272.208,160.368,294.869" />
                                    </textgroup>
                                </textgroup>
                                <textgroup bbox="63.600,198.288,148.368,221.808">
                                    <textbox id="13" bbox="97.440,209.808,100.368,221.808" />
                                    <textbox id="14" bbox="63.600,198.288,148.368,221.189" />
                                </textgroup>
                            </textgroup>
                            <textgroup bbox="63.600,77.808,148.368,101.088">
                                <textbox id="15" bbox="97.440,89.088,100.368,101.088" />
                                <textbox id="16" bbox="63.600,77.808,148.368,100.469" />
                            </textgroup>
                        </textgroup>
                    </textgroup>
                </textgroup>
                <textgroup bbox="210.473,63.032,552.480,782.789">
                    <textgroup bbox="210.480,617.675,549.360,782.789">
                        <textgroup bbox="210.480,633.272,549.360,782.789">
                            <textbox id="17" bbox="210.480,648.869,549.360,782.789" />
                            <textbox id="18" bbox="210.716,633.272,547.196,643.832" />
                        </textgroup>
                        <textbox id="19" bbox="236.155,617.675,272.872,628.235" />
                    </textgroup>
                    <textgroup bbox="210.473,63.032,552.480,612.637">
                        <textbox id="20" bbox="210.473,152.309,552.480,612.637" />
                        <textgroup bbox="210.475,63.032,547.200,147.269">
                            <textbox id="21" bbox="236.640,136.709,294.480,147.269" />
                            <textbox id="22" bbox="210.475,63.032,547.200,131.672" />
                        </textgroup>
                    </textgroup>
                </textgroup>
            </textgroup>
        </layout>
    </page>
    <page id="14" bbox="0.000,0.000,595.200,841.920" rotate="0">
        <textbox id="0" bbox="51.120,772.229,56.400,782.789">
            <textline bbox="51.120,772.229,56.400,782.789">
                <text font="JTTPDQ+SimSun" bbox="51.120,772.229,56.400,782.789" colourspace="ICCBased" ncolour="[0]" size="10.560"> </text>
                <text>
                </text>
            </textline>
        </textbox>
        <textbox id="1" bbox="97.440,771.408,100.368,783.408">
            <textline bbox="97.440,771.408,100.368,783.408">
                <text font="ERELLA+STXinwei" bbox="97.440,771.408,100.368,783.408" colourspace="ICCBased" ncolour="[0]" size="12.000"> </text>
                <text>
                </text>
            </textline>
        </textbox>
        <textbox id="2" bbox="63.600,759.888,172.368,771.888">
            <textline bbox="63.600,759.888,172.368,771.888">
                <text font="JTTPDQ+SimSun" bbox="63.600,760.709,68.880,771.269" colourspace="ICCBased" ncolour="[0]" size="10.560">4</text>
                <text font="JTTPDQ+SimSun" bbox="68.880,760.709,74.160,771.269" colourspace="ICCBased" ncolour="[0]" size="10.560">3</text>
                <text font="JTTPDQ+SimSun" bbox="74.160,760.709,79.440,771.269" colourspace="ICCBased" ncolour="[0]" size="10.560"> </text>
                <text> </text>
                <text font="ERELLA+STXinwei" bbox="97.440,759.888,109.440,771.888" colourspace="ICCBased" ncolour="[0]" size="12.000">胆</text>
                <text font="ERELLA+STXinwei" bbox="109.440,759.888,121.440,771.888" colourspace="ICCBased" ncolour="[0]" size="12.000">道</text>
                <text font="ERELLA+STXinwei" bbox="121.440,759.888,133.440,771.888" colourspace="ICCBased" ncolour="[0]" size="12.000">重</text>
                <text font="ERELLA+STXinwei" bbox="133.440,759.888,145.440,771.888" colourspace="ICCBased" ncolour="[0]" size="12.000">建</text>
                <text font="ERELLA+STXinwei" bbox="145.440,759.888,157.440,771.888" colourspace="ICCBased" ncolour="[0]" size="12.000">手</text>
                <text font="ERELLA+STXinwei" bbox="157.440,759.888,169.440,771.888" colourspace="ICCBased" ncolour="[0]" size="12.000">术</text>
                <text font="ERELLA+STXinwei" bbox="169.440,759.888,172.368,771.888" colourspace="ICCBased" ncolour="[0]" size="12.000"> </text>
                <text>
                </text>
            </textline>
        </textbox>
        <textbox id="3" bbox="97.440,687.028,142.257,725.088">
            <textline bbox="97.440,713.088,100.368,725.088">
                <text font="ERELLA+STXinwei" bbox="97.440,713.088,100.368,725.088" colourspace="ICCBased" ncolour="[0]" size="12.000"> </text>
                <text>
                </text>
            </textline>
            <textline bbox="97.440,701.668,142.257,713.189">
                <text font="JQUZDQ+SimSun" bbox="97.440,702.629,108.000,713.189" colourspace="ICCBased" ncolour="[0]" size="10.560">第</text>
                <text> </text>
                <text font="JTTPDQ+SimSun" bbox="110.640,702.629,115.920,713.189" colourspace="ICCBased" ncolour="[0]" size="10.560">4</text>
                <text> </text>
                <text font="JQUZDQ+SimSun" bbox="118.560,702.629,129.120,713.189" colourspace="ICCBased" ncolour="[0]" size="10.560">类</text>
                <text font="JQUZDQ+SimSun" bbox="129.120,702.629,139.680,713.189" colourspace="ICCBased" ncolour="[0]" size="10.560">：</text>
                <text font="ERELLA+STXinwei" bbox="139.680,701.668,142.257,712.228" colourspace="ICCBased" ncolour="[0]" size="10.560"> </text>
                <text>
                </text>
            </textline>
            <textline bbox="97.440,687.028,100.017,697.588">
                <text font="ERELLA+STXinwei" bbox="97.440,687.028,100.017,697.588" colourspace="ICCBased" ncolour="[0]" size="10.560"> </text>
                <text>
                </text>
            </textline>
        </textbox>
        <textbox id="4" bbox="63.600,674.928,160.017,724.469">
            <textline bbox="68.880,713.909,74.160,724.469">
                <text font="JTTPDQ+SimSun" bbox="68.880,713.909,74.160,724.469" colourspace="ICCBased" ncolour="[0]" size="10.560"> </text>
                <text>
                </text>
            </textline>
            <textline bbox="68.880,702.629,74.160,713.189">
                <text font="JTTPDQ+SimSun" bbox="68.880,702.629,74.160,713.189" colourspace="ICCBased" ncolour="[0]" size="10.560"> </text>
                <text>
                </text>
            </textline>
            <textline bbox="68.880,687.029,74.160,697.589">
                <text font="JTTPDQ+SimSun" bbox="68.880,687.029,74.160,697.589" colourspace="ICCBased" ncolour="[0]" size="10.560"> </text>
                <text>
                </text>
            </textline>
            <textline bbox="63.600,674.928,160.017,686.928">
                <text font="JTTPDQ+SimSun" bbox="63.600,675.749,68.880,686.309" colourspace="ICCBased" ncolour="[0]" size="10.560">4</text>
                <text font="JTTPDQ+SimSun" bbox="68.880,675.749,74.160,686.309" colourspace="ICCBased" ncolour="[0]" size="10.560">4</text>
                <text font="JTTPDQ+SimSun" bbox="74.160,675.749,79.440,686.309" colourspace="ICCBased" ncolour="[0]" size="10.560"> </text>
                <text> </text>
                <text font="ERELLA+STXinwei" bbox="97.440,674.928,109.440,686.928" colourspace="ICCBased" ncolour="[0]" size="12.000">良</text>
                <text font="ERELLA+STXinwei" bbox="109.440,674.928,121.440,686.928" colourspace="ICCBased" ncolour="[0]" size="12.000">性</text>
                <text font="ERELLA+STXinwei" bbox="121.440,674.928,133.440,686.928" colourspace="ICCBased" ncolour="[0]" size="12.000">脑</text>
                <text font="ERELLA+STXinwei" bbox="133.440,674.928,145.440,686.928" colourspace="ICCBased" ncolour="[0]" size="12.000">肿</text>
                <text font="ERELLA+STXinwei" bbox="145.440,674.928,157.440,686.928" colourspace="ICCBased" ncolour="[0]" size="12.000">瘤</text>
                <text font="ERELLA+STXinwei" bbox="157.440,675.268,160.017,685.828" colourspace="ICCBased" ncolour="[0]" size="10.560"> </text>
                <text>
                </text>
            </textline>
        </textbox>
        <textbox id="5" bbox="51.120,566.549,56.400,577.109">
            <textline bbox="51.120,566.549,56.400,577.109">
                <text font="JTTPDQ+SimSun" bbox="51.120,566.549,56.400,577.109" colourspace="ICCBased" ncolour="[0]" size="10.560"> </text>
                <text>
                </text>
            </textline>
        </textbox>
        <textbox id="6" bbox="97.440,566.548,100.017,577.108">
            <textline bbox="97.440,566.548,100.017,577.108">
                <text font="ERELLA+STXinwei" bbox="97.440,566.548,100.017,577.108" colourspace="ICCBased" ncolour="[0]" size="10.560"> </text>
                <text>
                </text>
            </textline>
        </textbox>
        <textbox id="7" bbox="63.600,554.448,199.680,566.448">
            <textline bbox="63.600,554.448,199.680,566.448">
                <text font="JTTPDQ+SimSun" bbox="63.600,555.269,68.880,565.829" colourspace="ICCBased" ncolour="[0]" size="10.560">4</text>
                <text font="JTTPDQ+SimSun" bbox="68.880,555.269,74.160,565.829" colourspace="ICCBased" ncolour="[0]" size="10.560">5</text>
                <text font="JTTPDQ+SimSun" bbox="74.160,555.269,79.440,565.829" colourspace="ICCBased" ncolour="[0]" size="10.560"> </text>
                <text> </text>
                <text font="ERELLA+STXinwei" bbox="97.440,554.448,109.440,566.448" colourspace="ICCBased" ncolour="[0]" size="12.000">脑</text>
                <text font="ERELLA+STXinwei" bbox="110.400,554.448,122.400,566.448" colourspace="ICCBased" ncolour="[0]" size="12.000">炎</text>
                <text font="ERELLA+STXinwei" bbox="123.360,554.448,135.360,566.448" colourspace="ICCBased" ncolour="[0]" size="12.000">后</text>
                <text font="ERELLA+STXinwei" bbox="136.080,554.448,148.080,566.448" colourspace="ICCBased" ncolour="[0]" size="12.000">遗</text>
                <text font="ERELLA+STXinwei" bbox="149.040,554.448,161.040,566.448" colourspace="ICCBased" ncolour="[0]" size="12.000">症</text>
                <text font="ERELLA+STXinwei" bbox="162.000,554.448,174.000,566.448" colourspace="ICCBased" ncolour="[0]" size="12.000">或</text>
                <text font="ERELLA+STXinwei" bbox="174.720,554.448,186.720,566.448" colourspace="ICCBased" ncolour="[0]" size="12.000">脑</text>
                <text font="ERELLA+STXinwei" bbox="187.680,554.448,199.680,566.448" colourspace="ICCBased" ncolour="[0]" size="12.000">膜</text>
                <text>
                </text>
            </textline>
        </textbox>
        <textbox id="8" bbox="97.440,538.368,148.017,550.368">
            <textline bbox="97.440,538.368,148.017,550.368">
                <text font="ERELLA+STXinwei" bbox="97.440,538.368,109.440,550.368" colourspace="ICCBased" ncolour="[0]" size="12.000">炎</text>
                <text font="ERELLA+STXinwei" bbox="109.440,538.368,121.440,550.368" colourspace="ICCBased" ncolour="[0]" size="12.000">后</text>
                <text font="ERELLA+STXinwei" bbox="121.440,538.368,133.440,550.368" colourspace="ICCBased" ncolour="[0]" size="12.000">遗</text>
                <text font="ERELLA+STXinwei" bbox="133.440,538.368,145.440,550.368" colourspace="ICCBased" ncolour="[0]" size="12.000">症</text>
                <text font="ERELLA+STXinwei" bbox="145.440,538.708,148.017,549.268" colourspace="ICCBased" ncolour="[0]" size="10.560"> </text>
                <text>
                </text>
            </textline>
        </textbox>
        <textbox id="9" bbox="97.440,461.668,100.017,472.228">
            <textline bbox="97.440,461.668,100.017,472.228">
                <text font="ERELLA+STXinwei" bbox="97.440,461.668,100.017,472.228" colourspace="ICCBased" ncolour="[0]" size="10.560"> </text>
                <text>
                </text>
            </textline>
        </textbox>
        <textbox id="10" bbox="63.600,446.448,148.017,472.229">
            <textline bbox="68.880,461.669,74.160,472.229">
                <text font="JTTPDQ+SimSun" bbox="68.880,461.669,74.160,472.229" colourspace="ICCBased" ncolour="[0]" size="10.560"> </text>
                <text>
                </text>
            </textline>
            <textline bbox="63.600,446.448,148.017,458.448">
                <text font="JTTPDQ+SimSun" bbox="63.600,447.269,68.880,457.829" colourspace="ICCBased" ncolour="[0]" size="10.560">4</text>
                <text font="JTTPDQ+SimSun" bbox="68.880,447.269,74.160,457.829" colourspace="ICCBased" ncolour="[0]" size="10.560">6</text>
                <text font="JTTPDQ+SimSun" bbox="74.160,447.269,79.440,457.829" colourspace="ICCBased" ncolour="[0]" size="10.560"> </text>
                <text> </text>
                <text font="ERELLA+STXinwei" bbox="97.440,446.448,109.440,458.448" colourspace="ICCBased" ncolour="[0]" size="12.000">深</text>
                <text font="ERELLA+STXinwei" bbox="109.440,446.448,121.440,458.448" colourspace="ICCBased" ncolour="[0]" size="12.000">度</text>
                <text font="ERELLA+STXinwei" bbox="121.440,446.448,133.440,458.448" colourspace="ICCBased" ncolour="[0]" size="12.000">昏</text>
                <text font="ERELLA+STXinwei" bbox="133.440,446.448,145.440,458.448" colourspace="ICCBased" ncolour="[0]" size="12.000">迷</text>
                <text font="ERELLA+STXinwei" bbox="145.440,446.788,148.017,457.348" colourspace="ICCBased" ncolour="[0]" size="10.560"> </text>
                <text>
                </text>
            </textline>
        </textbox>
        <textbox id="11" bbox="210.480,492.869,552.000,782.789">
            <textline bbox="210.480,772.229,215.760,782.789">
                <text font="JTTPDQ+SimSun" bbox="210.480,772.229,215.760,782.789" colourspace="ICCBased" ncolour="[0]" size="10.560"> </text>
                <text>
                </text>
            </textline>
            <textline bbox="210.480,760.709,547.200,771.269">
                <text font="JQUZDQ+SimSun" bbox="210.480,760.709,221.040,771.269" colourspace="ICCBased" ncolour="[0]" size="10.560">指</text>
                <text font="JQUZDQ+SimSun" bbox="221.040,760.709,231.600,771.269" colourspace="ICCBased" ncolour="[0]" size="10.560">因</text>
                <text font="JQUZDQ+SimSun" bbox="231.600,760.709,242.160,771.269" colourspace="ICCBased" ncolour="[0]" size="10.560">疾</text>
                <text font="JQUZDQ+SimSun" bbox="242.160,760.709,252.720,771.269" colourspace="ICCBased" ncolour="[0]" size="10.560">病</text>
                <text font="JQUZDQ+SimSun" bbox="252.720,760.709,263.280,771.269" colourspace="ICCBased" ncolour="[0]" size="10.560">或</text>
                <text font="JQUZDQ+SimSun" bbox="263.280,760.709,273.840,771.269" colourspace="ICCBased" ncolour="[0]" size="10.560">胆</text>
                <text font="JQUZDQ+SimSun" bbox="273.840,760.709,284.400,771.269" colourspace="ICCBased" ncolour="[0]" size="10.560">道</text>
                <text font="JQUZDQ+SimSun" bbox="284.160,760.709,294.720,771.269" colourspace="ICCBased" ncolour="[0]" size="10.560">创</text>
                <text font="JQUZDQ+SimSun" bbox="294.720,760.709,305.280,771.269" colourspace="ICCBased" ncolour="[0]" size="10.560">伤</text>
                <text font="JQUZDQ+SimSun" bbox="305.280,760.709,315.840,771.269" colourspace="ICCBased" ncolour="[0]" size="10.560">导</text>
                <text font="JQUZDQ+SimSun" bbox="315.840,760.709,326.400,771.269" colourspace="ICCBased" ncolour="[0]" size="10.560">致</text>
                <text font="JQUZDQ+SimSun" bbox="326.400,760.709,336.960,771.269" colourspace="ICCBased" ncolour="[0]" size="10.560">接</text>
                <text font="JQUZDQ+SimSun" bbox="336.960,760.709,347.520,771.269" colourspace="ICCBased" ncolour="[0]" size="10.560">受</text>
                <text font="JQUZDQ+SimSun" bbox="347.280,760.709,357.840,771.269" colourspace="ICCBased" ncolour="[0]" size="10.560">涉</text>
                <text font="JQUZDQ+SimSun" bbox="357.840,760.709,368.400,771.269" colourspace="ICCBased" ncolour="[0]" size="10.560">及</text>
                <text font="JQUZDQ+SimSun" bbox="368.400,760.709,378.960,771.269" colourspace="ICCBased" ncolour="[0]" size="10.560">胆</text>
                <text font="JQUZDQ+SimSun" bbox="378.960,760.709,389.520,771.269" colourspace="ICCBased" ncolour="[0]" size="10.560">总</text>
                <text font="JQUZDQ+SimSun" bbox="389.520,760.709,400.080,771.269" colourspace="ICCBased" ncolour="[0]" size="10.560">管</text>
                <text font="JQUZDQ+SimSun" bbox="399.840,760.709,410.400,771.269" colourspace="ICCBased" ncolour="[0]" size="10.560">小</text>
                <text font="JQUZDQ+SimSun" bbox="410.400,760.709,420.960,771.269" colourspace="ICCBased" ncolour="[0]" size="10.560">肠</text>
                <text font="JQUZDQ+SimSun" bbox="420.960,760.709,431.520,771.269" colourspace="ICCBased" ncolour="[0]" size="10.560">吻</text>
                <text font="JQUZDQ+SimSun" bbox="431.520,760.709,442.080,771.269" colourspace="ICCBased" ncolour="[0]" size="10.560">合</text>
                <text font="JQUZDQ+SimSun" bbox="442.080,760.709,452.640,771.269" colourspace="ICCBased" ncolour="[0]" size="10.560">术</text>
                <text font="JQUZDQ+SimSun" bbox="452.400,760.709,462.960,771.269" colourspace="ICCBased" ncolour="[0]" size="10.560">的</text>
                <text font="JQUZDQ+SimSun" bbox="462.960,760.709,473.520,771.269" colourspace="ICCBased" ncolour="[0]" size="10.560">胆</text>
                <text font="JQUZDQ+SimSun" bbox="473.520,760.709,484.080,771.269" colourspace="ICCBased" ncolour="[0]" size="10.560">道</text>
                <text font="JQUZDQ+SimSun" bbox="484.080,760.709,494.640,771.269" colourspace="ICCBased" ncolour="[0]" size="10.560">重</text>
                <text font="JQUZDQ+SimSun" bbox="494.640,760.709,505.200,771.269" colourspace="ICCBased" ncolour="[0]" size="10.560">建</text>
                <text font="JQUZDQ+SimSun" bbox="505.200,760.709,515.760,771.269" colourspace="ICCBased" ncolour="[0]" size="10.560">手</text>
                <text font="JQUZDQ+SimSun" bbox="515.760,760.709,526.320,771.269" colourspace="ICCBased" ncolour="[0]" size="10.560">术</text>
                <text font="JQUZDQ+SimSun" bbox="526.080,760.709,536.640,771.269" colourspace="ICCBased" ncolour="[0]" size="10.560">。</text>
                <text font="JQUZDQ+SimSun" bbox="536.640,760.709,547.200,771.269" colourspace="ICCBased" ncolour="[0]" size="10.560">手</text>
                <text>
                </text>
            </textline>
            <textline bbox="210.480,745.017,446.633,755.672">
                <text font="JQUZDQ+SimSun" bbox="210.480,745.112,221.040,755.672" colourspace="ICCBased" ncolour="[0]" size="10.560">术</text>
                <text font="JQUZDQ+SimSun" bbox="221.040,745.112,231.600,755.672" colourspace="ICCBased" ncolour="[0]" size="10.560">必</text>
                <text font="JQUZDQ+SimSun" bbox="231.600,745.112,242.160,755.672" colourspace="ICCBased" ncolour="[0]" size="10.560">须</text>
                <text font="JQUZDQ+SimSun" bbox="242.160,745.112,252.720,755.672" colourspace="ICCBased" ncolour="[0]" size="10.560">在</text>
                <text font="JQUZDQ+SimSun" bbox="252.720,745.112,263.280,755.672" colourspace="ICCBased" ncolour="[0]" size="10.560">专</text>
                <text font="JQUZDQ+SimSun" bbox="263.040,745.112,273.600,755.672" colourspace="ICCBased" ncolour="[0]" size="10.560">科</text>
                <text font="JQUZDQ+SimSun" bbox="273.600,745.112,284.160,755.672" colourspace="ICCBased" ncolour="[0]" size="10.560">医</text>
                <text font="JQUZDQ+SimSun" bbox="284.160,745.112,294.720,755.672" colourspace="ICCBased" ncolour="[0]" size="10.560">生</text>
                <text font="JQUZDQ+SimSun" bbox="294.720,745.112,305.280,755.672" colourspace="ICCBased" ncolour="[0]" size="10.560">认</text>
                <text font="JQUZDQ+SimSun" bbox="305.040,745.112,315.600,755.672" colourspace="ICCBased" ncolour="[0]" size="10.560">为</text>
                <text font="JQUZDQ+SimSun" bbox="315.600,745.112,326.160,755.672" colourspace="ICCBased" ncolour="[0]" size="10.560">是</text>
                <text font="JQUZDQ+SimSun" bbox="326.160,745.112,336.720,755.672" colourspace="ICCBased" ncolour="[0]" size="10.560">医</text>
                <text font="JQUZDQ+SimSun" bbox="336.720,745.112,347.280,755.672" colourspace="ICCBased" ncolour="[0]" size="10.560">疗</text>
                <text font="JQUZDQ+SimSun" bbox="347.040,745.112,357.600,755.672" colourspace="ICCBased" ncolour="[0]" size="10.560">所</text>
                <text font="JQUZDQ+SimSun" bbox="357.600,745.112,368.160,755.672" colourspace="ICCBased" ncolour="[0]" size="10.560">需</text>
                <text font="JQUZDQ+SimSun" bbox="368.160,745.112,378.720,755.672" colourspace="ICCBased" ncolour="[0]" size="10.560">的</text>
                <text font="JQUZDQ+SimSun" bbox="378.720,745.112,389.280,755.672" colourspace="ICCBased" ncolour="[0]" size="10.560">情</text>
                <text font="JQUZDQ+SimSun" bbox="389.040,745.112,399.600,755.672" colourspace="ICCBased" ncolour="[0]" size="10.560">况</text>
                <text font="JQUZDQ+SimSun" bbox="399.600,745.112,410.160,755.672" colourspace="ICCBased" ncolour="[0]" size="10.560">下</text>
                <text font="JQUZDQ+SimSun" bbox="410.160,745.112,420.720,755.672" colourspace="ICCBased" ncolour="[0]" size="10.560">进</text>
                <text font="JUMADQ+Batang" bbox="420.720,745.017,431.280,755.577" colourspace="ICCBased" ncolour="[0]" size="10.560">行</text>
                <text font="JQUZDQ+SimSun" bbox="431.036,745.112,441.596,755.672" colourspace="ICCBased" ncolour="[0]" size="10.560">。</text>
                <text font="JTTPDQ+SimSun" bbox="441.353,745.112,446.633,755.672" colourspace="ICCBased" ncolour="[0]" size="10.560"> </text>
                <text>
                </text>
            </textline>
            <textline bbox="210.480,729.414,352.320,740.069">
                <text font="JQUZDQ+SimSun" bbox="210.480,729.509,221.040,740.069" colourspace="ICCBased" ncolour="[0]" size="10.560">胆</text>
                <text font="JQUZDQ+SimSun" bbox="221.040,729.509,231.600,740.069" colourspace="ICCBased" ncolour="[0]" size="10.560">道</text>
                <text font="JQUZDQ+SimSun" bbox="231.600,729.509,242.160,740.069" colourspace="ICCBased" ncolour="[0]" size="10.560">闭</text>
                <text font="JQUZDQ+SimSun" bbox="242.160,729.509,252.720,740.069" colourspace="ICCBased" ncolour="[0]" size="10.560">锁</text>
                <text font="JQUZDQ+SimSun" bbox="252.720,729.509,263.280,740.069" colourspace="ICCBased" ncolour="[0]" size="10.560">并</text>
                <text font="JUMADQ+Batang" bbox="263.037,729.414,273.597,739.974" colourspace="ICCBased" ncolour="[0]" size="10.560">不</text>
                <text font="JQUZDQ+SimSun" bbox="273.597,729.509,284.157,740.069" colourspace="ICCBased" ncolour="[0]" size="10.560">在</text>
                <text font="JQUZDQ+SimSun" bbox="284.157,729.509,294.717,740.069" colourspace="ICCBased" ncolour="[0]" size="10.560">保</text>
                <text font="JQUZDQ+SimSun" bbox="294.717,729.509,305.277,740.069" colourspace="ICCBased" ncolour="[0]" size="10.560">障</text>
                <text font="JQUZDQ+SimSun" bbox="305.037,729.509,315.597,740.069" colourspace="ICCBased" ncolour="[0]" size="10.560">范</text>
                <text font="JQUZDQ+SimSun" bbox="315.597,729.509,326.157,740.069" colourspace="ICCBased" ncolour="[0]" size="10.560">围</text>
                <text font="JQUZDQ+SimSun" bbox="326.157,729.509,336.717,740.069" colourspace="ICCBased" ncolour="[0]" size="10.560">内</text>
                <text font="JQUZDQ+SimSun" bbox="336.717,729.509,347.277,740.069" colourspace="ICCBased" ncolour="[0]" size="10.560">。</text>
                <text font="JTTPDQ+SimSun" bbox="347.040,729.509,352.320,740.069" colourspace="ICCBased" ncolour="[0]" size="10.560"> </text>
                <text>
                </text>
            </textline>
            <textline bbox="210.480,713.909,215.760,724.469">
                <text font="JTTPDQ+SimSun" bbox="210.480,713.909,215.760,724.469" colourspace="ICCBased" ncolour="[0]" size="10.560"> </text>
                <text>
                </text>
            </textline>
            <textline bbox="210.480,702.629,321.120,713.189">
                <text font="JQUZDQ+SimSun" bbox="210.480,702.629,221.040,713.189" colourspace="ICCBased" ncolour="[0]" size="10.560">与</text>
                <text font="JQUZDQ+SimSun" bbox="221.040,702.629,231.600,713.189" colourspace="ICCBased" ncolour="[0]" size="10.560">神</text>
                <text font="JQUZDQ+SimSun" bbox="231.600,702.629,242.160,713.189" colourspace="ICCBased" ncolour="[0]" size="10.560">经</text>
                <text font="JQUZDQ+SimSun" bbox="242.160,702.629,252.720,713.189" colourspace="ICCBased" ncolour="[0]" size="10.560">系</text>
                <text font="JQUZDQ+SimSun" bbox="252.720,702.629,263.280,713.189" colourspace="ICCBased" ncolour="[0]" size="10.560">统</text>
                <text font="JQUZDQ+SimSun" bbox="263.280,702.629,273.840,713.189" colourspace="ICCBased" ncolour="[0]" size="10.560">相</text>
                <text font="JQUZDQ+SimSun" bbox="273.840,702.629,284.400,713.189" colourspace="ICCBased" ncolour="[0]" size="10.560">关</text>
                <text font="JQUZDQ+SimSun" bbox="284.400,702.629,294.960,713.189" colourspace="ICCBased" ncolour="[0]" size="10.560">的</text>
                <text font="JQUZDQ+SimSun" bbox="294.960,702.629,305.520,713.189" colourspace="ICCBased" ncolour="[0]" size="10.560">疾</text>
                <text font="JQUZDQ+SimSun" bbox="305.520,702.629,316.080,713.189" colourspace="ICCBased" ncolour="[0]" size="10.560">病</text>
                <text font="JTTPDQ+SimSun" bbox="315.840,702.629,321.120,713.189" colourspace="ICCBased" ncolour="[0]" size="10.560"> </text>
                <text>
                </text>
            </textline>
            <textline bbox="210.480,687.029,215.760,697.589">
                <text font="JTTPDQ+SimSun" bbox="210.480,687.029,215.760,697.589" colourspace="ICCBased" ncolour="[0]" size="10.560"> </text>
                <text>
                </text>
            </textline>
            <textline bbox="210.480,675.749,547.200,686.309">
                <text font="JQUZDQ+SimSun" bbox="210.480,675.749,221.040,686.309" colourspace="ICCBased" ncolour="[0]" size="10.560">指</text>
                <text font="JQUZDQ+SimSun" bbox="221.040,675.749,231.600,686.309" colourspace="ICCBased" ncolour="[0]" size="10.560">脑</text>
                <text font="JQUZDQ+SimSun" bbox="231.600,675.749,242.160,686.309" colourspace="ICCBased" ncolour="[0]" size="10.560">的</text>
                <text font="JQUZDQ+SimSun" bbox="242.160,675.749,252.720,686.309" colourspace="ICCBased" ncolour="[0]" size="10.560">良</text>
                <text font="JQUZDQ+SimSun" bbox="252.720,675.749,263.280,686.309" colourspace="ICCBased" ncolour="[0]" size="10.560">性</text>
                <text font="JQUZDQ+SimSun" bbox="263.280,675.749,273.840,686.309" colourspace="ICCBased" ncolour="[0]" size="10.560">肿</text>
                <text font="JQUZDQ+SimSun" bbox="273.840,675.749,284.400,686.309" colourspace="ICCBased" ncolour="[0]" size="10.560">瘤</text>
                <text font="JQUZDQ+SimSun" bbox="284.160,675.749,294.720,686.309" colourspace="ICCBased" ncolour="[0]" size="10.560">，</text>
                <text font="JQUZDQ+SimSun" bbox="294.720,675.749,305.280,686.309" colourspace="ICCBased" ncolour="[0]" size="10.560">已</text>
                <text font="JQUZDQ+SimSun" bbox="305.280,675.749,315.840,686.309" colourspace="ICCBased" ncolour="[0]" size="10.560">经</text>
                <text font="JQUZDQ+SimSun" bbox="315.840,675.749,326.400,686.309" colourspace="ICCBased" ncolour="[0]" size="10.560">引</text>
                <text font="JQUZDQ+SimSun" bbox="326.400,675.749,336.960,686.309" colourspace="ICCBased" ncolour="[0]" size="10.560">起</text>
                <text font="JQUZDQ+SimSun" bbox="336.960,675.749,347.520,686.309" colourspace="ICCBased" ncolour="[0]" size="10.560">颅</text>
                <text font="JQUZDQ+SimSun" bbox="347.280,675.749,357.840,686.309" colourspace="ICCBased" ncolour="[0]" size="10.560">内</text>
                <text font="JQUZDQ+SimSun" bbox="357.840,675.749,368.400,686.309" colourspace="ICCBased" ncolour="[0]" size="10.560">压</text>
                <text font="JQUZDQ+SimSun" bbox="368.400,675.749,378.960,686.309" colourspace="ICCBased" ncolour="[0]" size="10.560">增</text>
                <text font="JQUZDQ+SimSun" bbox="378.960,675.749,389.520,686.309" colourspace="ICCBased" ncolour="[0]" size="10.560">高</text>
                <text font="JQUZDQ+SimSun" bbox="389.520,675.749,400.080,686.309" colourspace="ICCBased" ncolour="[0]" size="10.560">，</text>
                <text font="JQUZDQ+SimSun" bbox="399.840,675.749,410.400,686.309" colourspace="ICCBased" ncolour="[0]" size="10.560">临</text>
                <text font="JQUZDQ+SimSun" bbox="410.400,675.749,420.960,686.309" colourspace="ICCBased" ncolour="[0]" size="10.560">床</text>
                <text font="JQUZDQ+SimSun" bbox="420.960,675.749,431.520,686.309" colourspace="ICCBased" ncolour="[0]" size="10.560">表</text>
                <text font="JQUZDQ+SimSun" bbox="431.520,675.749,442.080,686.309" colourspace="ICCBased" ncolour="[0]" size="10.560">现</text>
                <text font="JQUZDQ+SimSun" bbox="442.080,675.749,452.640,686.309" colourspace="ICCBased" ncolour="[0]" size="10.560">为</text>
                <text font="JQUZDQ+SimSun" bbox="452.400,675.749,462.960,686.309" colourspace="ICCBased" ncolour="[0]" size="10.560">视</text>
                <text font="JQUZDQ+SimSun" bbox="462.960,675.749,473.520,686.309" colourspace="ICCBased" ncolour="[0]" size="10.560">神</text>
                <text font="JQUZDQ+SimSun" bbox="473.520,675.749,484.080,686.309" colourspace="ICCBased" ncolour="[0]" size="10.560">经</text>
                <text font="JQUZDQ+SimSun" bbox="484.080,675.749,494.640,686.309" colourspace="ICCBased" ncolour="[0]" size="10.560">乳</text>
                <text font="JQUZDQ+SimSun" bbox="494.640,675.749,505.200,686.309" colourspace="ICCBased" ncolour="[0]" size="10.560">头</text>
                <text font="JQUZDQ+SimSun" bbox="505.200,675.749,515.760,686.309" colourspace="ICCBased" ncolour="[0]" size="10.560">水</text>
                <text font="JQUZDQ+SimSun" bbox="515.760,675.749,526.320,686.309" colourspace="ICCBased" ncolour="[0]" size="10.560">肿</text>
                <text font="JQUZDQ+SimSun" bbox="526.080,675.749,536.640,686.309" colourspace="ICCBased" ncolour="[0]" size="10.560">、</text>
                <text font="JQUZDQ+SimSun" bbox="536.640,675.749,547.200,686.309" colourspace="ICCBased" ncolour="[0]" size="10.560">精</text>
                <text>
                </text>
            </textline>
            <textline bbox="210.480,660.152,552.000,670.712">
                <text font="JQUZDQ+SimSun" bbox="210.480,660.152,221.040,670.712" colourspace="ICCBased" ncolour="[0]" size="10.560">神</text>
                <text font="JQUZDQ+SimSun" bbox="221.040,660.152,231.600,670.712" colourspace="ICCBased" ncolour="[0]" size="10.560">症</text>
                <text font="JQUZDQ+SimSun" bbox="231.600,660.152,242.160,670.712" colourspace="ICCBased" ncolour="[0]" size="10.560">状</text>
                <text font="JQUZDQ+SimSun" bbox="242.160,660.152,252.720,670.712" colourspace="ICCBased" ncolour="[0]" size="10.560">、</text>
                <text font="JQUZDQ+SimSun" bbox="252.720,660.152,263.280,670.712" colourspace="ICCBased" ncolour="[0]" size="10.560">癫</text>
                <text font="JQUZDQ+SimSun" bbox="263.040,660.152,273.600,670.712" colourspace="ICCBased" ncolour="[0]" size="10.560">痫</text>
                <text font="JQUZDQ+SimSun" bbox="273.600,660.152,284.160,670.712" colourspace="ICCBased" ncolour="[0]" size="10.560">及</text>
                <text font="JQUZDQ+SimSun" bbox="284.160,660.152,294.720,670.712" colourspace="ICCBased" ncolour="[0]" size="10.560">运</text>
                <text font="JQUZDQ+SimSun" bbox="294.720,660.152,305.280,670.712" colourspace="ICCBased" ncolour="[0]" size="10.560">动</text>
                <text font="JQUZDQ+SimSun" bbox="305.040,660.152,315.600,670.712" colourspace="ICCBased" ncolour="[0]" size="10.560">感</text>
                <text font="JQUZDQ+SimSun" bbox="315.600,660.152,326.160,670.712" colourspace="ICCBased" ncolour="[0]" size="10.560">觉</text>
                <text font="JQUZDQ+SimSun" bbox="326.160,660.152,336.720,670.712" colourspace="ICCBased" ncolour="[0]" size="10.560">障</text>
                <text font="JQUZDQ+SimSun" bbox="336.720,660.152,347.280,670.712" colourspace="ICCBased" ncolour="[0]" size="10.560">碍</text>
                <text font="JQUZDQ+SimSun" bbox="347.040,660.152,357.600,670.712" colourspace="ICCBased" ncolour="[0]" size="10.560">等</text>
                <text font="JQUZDQ+SimSun" bbox="357.600,660.152,368.160,670.712" colourspace="ICCBased" ncolour="[0]" size="10.560">，</text>
                <text font="JQUZDQ+SimSun" bbox="368.160,660.152,378.720,670.712" colourspace="ICCBased" ncolour="[0]" size="10.560">并</text>
                <text font="JQUZDQ+SimSun" bbox="378.720,660.152,389.280,670.712" colourspace="ICCBased" ncolour="[0]" size="10.560">危</text>
                <text font="JQUZDQ+SimSun" bbox="389.040,660.152,399.600,670.712" colourspace="ICCBased" ncolour="[0]" size="10.560">及</text>
                <text font="JQUZDQ+SimSun" bbox="399.600,660.152,410.160,670.712" colourspace="ICCBased" ncolour="[0]" size="10.560">生</text>
                <text font="JQUZDQ+SimSun" bbox="410.160,660.152,420.720,670.712" colourspace="ICCBased" ncolour="[0]" size="10.560">命</text>
                <text font="JQUZDQ+SimSun" bbox="420.720,660.152,431.280,670.712" colourspace="ICCBased" ncolour="[0]" size="10.560">。</text>
                <text font="JQUZDQ+SimSun" bbox="431.040,660.152,441.600,670.712" colourspace="ICCBased" ncolour="[0]" size="10.560">须</text>
                <text font="JQUZDQ+SimSun" bbox="441.600,660.152,452.160,670.712" colourspace="ICCBased" ncolour="[0]" size="10.560">由</text>
                <text font="JQUZDQ+SimSun" bbox="451.920,660.152,462.480,670.712" colourspace="ICCBased" ncolour="[0]" size="10.560">头</text>
                <text font="JQUZDQ+SimSun" bbox="462.480,660.152,473.040,670.712" colourspace="ICCBased" ncolour="[0]" size="10.560">颅</text>
                <text font="JQUZDQ+SimSun" bbox="473.040,660.152,483.600,670.712" colourspace="ICCBased" ncolour="[0]" size="10.560">断</text>
                <text font="JQUZDQ+SimSun" bbox="483.600,660.152,494.160,670.712" colourspace="ICCBased" ncolour="[0]" size="10.560">层</text>
                <text font="JQUZDQ+SimSun" bbox="494.160,660.152,504.720,670.712" colourspace="ICCBased" ncolour="[0]" size="10.560">扫</text>
                <text font="JQUZDQ+SimSun" bbox="504.480,660.152,515.040,670.712" colourspace="ICCBased" ncolour="[0]" size="10.560">描</text>
                <text font="JQUZDQ+SimSun" bbox="515.040,660.152,525.600,670.712" colourspace="ICCBased" ncolour="[0]" size="10.560">（</text>
                <text font="JTTPDQ+SimSun" bbox="525.600,660.152,530.880,670.712" colourspace="ICCBased" ncolour="[0]" size="10.560">C</text>
                <text font="JTTPDQ+SimSun" bbox="530.880,660.152,536.160,670.712" colourspace="ICCBased" ncolour="[0]" size="10.560">T</text>
                <text font="JQUZDQ+SimSun" bbox="536.160,660.152,546.720,670.712" colourspace="ICCBased" ncolour="[0]" size="10.560">）</text>
                <text font="JQUZDQ+SimSun" bbox="541.440,660.152,552.000,670.712" colourspace="ICCBased" ncolour="[0]" size="10.560">、</text>
                <text>
                </text>
            </textline>
            <textline bbox="210.480,644.555,547.197,655.115">
                <text font="JQUZDQ+SimSun" bbox="210.480,644.555,221.040,655.115" colourspace="ICCBased" ncolour="[0]" size="10.560">核</text>
                <text font="JQUZDQ+SimSun" bbox="221.040,644.555,231.600,655.115" colourspace="ICCBased" ncolour="[0]" size="10.560">磁</text>
                <text font="JQUZDQ+SimSun" bbox="231.600,644.555,242.160,655.115" colourspace="ICCBased" ncolour="[0]" size="10.560">共</text>
                <text font="JQUZDQ+SimSun" bbox="242.160,644.555,252.720,655.115" colourspace="ICCBased" ncolour="[0]" size="10.560">振</text>
                <text font="JQUZDQ+SimSun" bbox="252.720,644.555,263.280,655.115" colourspace="ICCBased" ncolour="[0]" size="10.560">检</text>
                <text font="JQUZDQ+SimSun" bbox="263.280,644.555,273.840,655.115" colourspace="ICCBased" ncolour="[0]" size="10.560">查</text>
                <text font="JQUZDQ+SimSun" bbox="273.840,644.555,284.400,655.115" colourspace="ICCBased" ncolour="[0]" size="10.560">（</text>
                <text font="JTTPDQ+SimSun" bbox="284.400,644.555,289.680,655.115" colourspace="ICCBased" ncolour="[0]" size="10.560">M</text>
                <text font="JTTPDQ+SimSun" bbox="289.437,644.555,294.717,655.115" colourspace="ICCBased" ncolour="[0]" size="10.560">R</text>
                <text font="JTTPDQ+SimSun" bbox="294.717,644.555,299.997,655.115" colourspace="ICCBased" ncolour="[0]" size="10.560">I</text>
                <text font="JQUZDQ+SimSun" bbox="299.997,644.555,310.557,655.115" colourspace="ICCBased" ncolour="[0]" size="10.560">）</text>
                <text font="JQUZDQ+SimSun" bbox="310.557,644.555,321.117,655.115" colourspace="ICCBased" ncolour="[0]" size="10.560">或</text>
                <text font="JQUZDQ+SimSun" bbox="321.117,644.555,331.677,655.115" colourspace="ICCBased" ncolour="[0]" size="10.560">正</text>
                <text font="JQUZDQ+SimSun" bbox="331.677,644.555,342.237,655.115" colourspace="ICCBased" ncolour="[0]" size="10.560">电</text>
                <text font="JQUZDQ+SimSun" bbox="341.997,644.555,352.557,655.115" colourspace="ICCBased" ncolour="[0]" size="10.560">子</text>
                <text font="JQUZDQ+SimSun" bbox="352.557,644.555,363.117,655.115" colourspace="ICCBased" ncolour="[0]" size="10.560">发</text>
                <text font="JQUZDQ+SimSun" bbox="363.117,644.555,373.677,655.115" colourspace="ICCBased" ncolour="[0]" size="10.560">射</text>
                <text font="JQUZDQ+SimSun" bbox="373.677,644.555,384.237,655.115" colourspace="ICCBased" ncolour="[0]" size="10.560">断</text>
                <text font="JQUZDQ+SimSun" bbox="384.237,644.555,394.797,655.115" colourspace="ICCBased" ncolour="[0]" size="10.560">层</text>
                <text font="JQUZDQ+SimSun" bbox="394.797,644.555,405.357,655.115" colourspace="ICCBased" ncolour="[0]" size="10.560">扫</text>
                <text font="JQUZDQ+SimSun" bbox="405.117,644.555,415.677,655.115" colourspace="ICCBased" ncolour="[0]" size="10.560">描</text>
                <text font="JQUZDQ+SimSun" bbox="415.677,644.555,426.237,655.115" colourspace="ICCBased" ncolour="[0]" size="10.560">（</text>
                <text font="JTTPDQ+SimSun" bbox="426.237,644.555,431.517,655.115" colourspace="ICCBased" ncolour="[0]" size="10.560">P</text>
                <text font="JTTPDQ+SimSun" bbox="431.517,644.555,436.797,655.115" colourspace="ICCBased" ncolour="[0]" size="10.560">E</text>
                <text font="JTTPDQ+SimSun" bbox="436.797,644.555,442.077,655.115" colourspace="ICCBased" ncolour="[0]" size="10.560">T</text>
                <text font="JQUZDQ+SimSun" bbox="442.077,644.555,452.637,655.115" colourspace="ICCBased" ncolour="[0]" size="10.560">）</text>
                <text font="JQUZDQ+SimSun" bbox="452.397,644.555,462.957,655.115" colourspace="ICCBased" ncolour="[0]" size="10.560">等</text>
                <text font="JQUZDQ+SimSun" bbox="462.957,644.555,473.517,655.115" colourspace="ICCBased" ncolour="[0]" size="10.560">影</text>
                <text font="JQUZDQ+SimSun" bbox="473.517,644.555,484.077,655.115" colourspace="ICCBased" ncolour="[0]" size="10.560">像</text>
                <text font="JQUZDQ+SimSun" bbox="484.077,644.555,494.637,655.115" colourspace="ICCBased" ncolour="[0]" size="10.560">学</text>
                <text font="JQUZDQ+SimSun" bbox="494.637,644.555,505.197,655.115" colourspace="ICCBased" ncolour="[0]" size="10.560">检</text>
                <text font="JQUZDQ+SimSun" bbox="505.197,644.555,515.757,655.115" colourspace="ICCBased" ncolour="[0]" size="10.560">查</text>
                <text font="JQUZDQ+SimSun" bbox="515.757,644.555,526.317,655.115" colourspace="ICCBased" ncolour="[0]" size="10.560">证</text>
                <text font="JQUZDQ+SimSun" bbox="526.077,644.555,536.637,655.115" colourspace="ICCBased" ncolour="[0]" size="10.560">实</text>
                <text font="JQUZDQ+SimSun" bbox="536.637,644.555,547.197,655.115" colourspace="ICCBased" ncolour="[0]" size="10.560">，</text>
                <text>
                </text>
            </textline>
            <textline bbox="210.480,628.957,357.602,639.517">
                <text font="JQUZDQ+SimSun" bbox="210.480,628.957,221.040,639.517" colourspace="ICCBased" ncolour="[0]" size="10.560">并</text>
                <text font="JQUZDQ+SimSun" bbox="221.040,628.957,231.600,639.517" colourspace="ICCBased" ncolour="[0]" size="10.560">须</text>
                <text font="JQUZDQ+SimSun" bbox="231.600,628.957,242.160,639.517" colourspace="ICCBased" ncolour="[0]" size="10.560">满</text>
                <text font="JQUZDQ+SimSun" bbox="242.160,628.957,252.720,639.517" colourspace="ICCBased" ncolour="[0]" size="10.560">足</text>
                <text font="JQUZDQ+SimSun" bbox="252.720,628.957,263.280,639.517" colourspace="ICCBased" ncolour="[0]" size="10.560">下</text>
                <text font="JQUZDQ+SimSun" bbox="263.040,628.957,273.600,639.517" colourspace="ICCBased" ncolour="[0]" size="10.560">列</text>
                <text font="JQUZDQ+SimSun" bbox="273.600,628.957,284.160,639.517" colourspace="ICCBased" ncolour="[0]" size="10.560">至</text>
                <text font="JQUZDQ+SimSun" bbox="284.160,628.957,294.720,639.517" colourspace="ICCBased" ncolour="[0]" size="10.560">少</text>
                <text font="JQUZDQ+SimSun" bbox="294.720,628.957,305.280,639.517" colourspace="ICCBased" ncolour="[0]" size="10.560">一</text>
                <text font="JQUZDQ+SimSun" bbox="305.040,628.957,315.600,639.517" colourspace="ICCBased" ncolour="[0]" size="10.560">项</text>
                <text font="JQUZDQ+SimSun" bbox="315.600,628.957,326.160,639.517" colourspace="ICCBased" ncolour="[0]" size="10.560">条</text>
                <text font="JQUZDQ+SimSun" bbox="326.160,628.957,336.720,639.517" colourspace="ICCBased" ncolour="[0]" size="10.560">件</text>
                <text font="JQUZDQ+SimSun" bbox="336.720,628.957,347.280,639.517" colourspace="ICCBased" ncolour="[0]" size="10.560">：</text>
                <text font="JTTPDQ+SimSun" bbox="347.280,628.957,352.560,639.517" colourspace="ICCBased" ncolour="[0]" size="10.560"> </text>
                <text font="JTTPDQ+SimSun" bbox="352.322,628.957,357.602,639.517" colourspace="ICCBased" ncolour="[0]" size="10.560"> </text>
                <text>
                </text>
            </textline>
            <textline bbox="210.480,613.360,520.078,623.920">
                <text font="JQUZDQ+SimSun" bbox="210.480,613.360,221.040,623.920" colourspace="ICCBased" ncolour="[0]" size="10.560">（</text>
                <text font="JTTPDQ+SimSun" bbox="221.040,613.360,226.320,623.920" colourspace="ICCBased" ncolour="[0]" size="10.560">1</text>
                <text font="JQUZDQ+SimSun" bbox="226.320,613.360,236.880,623.920" colourspace="ICCBased" ncolour="[0]" size="10.560">）</text>
                <text font="JQUZDQ+SimSun" bbox="236.880,613.360,247.440,623.920" colourspace="ICCBased" ncolour="[0]" size="10.560">实</text>
                <text font="JQUZDQ+SimSun" bbox="247.440,613.360,258.000,623.920" colourspace="ICCBased" ncolour="[0]" size="10.560">际</text>
                <text font="JQUZDQ+SimSun" bbox="258.000,613.360,268.560,623.920" colourspace="ICCBased" ncolour="[0]" size="10.560">实</text>
                <text font="JQUZDQ+SimSun" bbox="268.320,613.360,278.880,623.920" colourspace="ICCBased" ncolour="[0]" size="10.560">施</text>
                <text font="JQUZDQ+SimSun" bbox="278.880,613.360,289.440,623.920" colourspace="ICCBased" ncolour="[0]" size="10.560">了</text>
                <text font="JQUZDQ+SimSun" bbox="289.440,613.360,300.000,623.920" colourspace="ICCBased" ncolour="[0]" size="10.560">开</text>
                <text font="JQUZDQ+SimSun" bbox="300.000,613.360,310.560,623.920" colourspace="ICCBased" ncolour="[0]" size="10.560">颅</text>
                <text font="JQUZDQ+SimSun" bbox="310.320,613.360,320.880,623.920" colourspace="ICCBased" ncolour="[0]" size="10.560">进</text>
                <text font="JQUZDQ+SimSun" bbox="320.880,613.360,331.440,623.920" colourspace="ICCBased" ncolour="[0]" size="10.560">行</text>
                <text font="JQUZDQ+SimSun" bbox="331.440,613.360,342.000,623.920" colourspace="ICCBased" ncolour="[0]" size="10.560">的</text>
                <text font="JQUZDQ+SimSun" bbox="342.000,613.360,352.560,623.920" colourspace="ICCBased" ncolour="[0]" size="10.560">脑</text>
                <text font="JQUZDQ+SimSun" bbox="352.320,613.360,362.880,623.920" colourspace="ICCBased" ncolour="[0]" size="10.560">肿</text>
                <text font="JQUZDQ+SimSun" bbox="362.880,613.360,373.440,623.920" colourspace="ICCBased" ncolour="[0]" size="10.560">瘤</text>
                <text font="JQUZDQ+SimSun" bbox="373.440,613.360,384.000,623.920" colourspace="ICCBased" ncolour="[0]" size="10.560">完</text>
                <text font="JQUZDQ+SimSun" bbox="384.000,613.360,394.560,623.920" colourspace="ICCBased" ncolour="[0]" size="10.560">全</text>
                <text font="JQUZDQ+SimSun" bbox="394.320,613.360,404.880,623.920" colourspace="ICCBased" ncolour="[0]" size="10.560">切</text>
                <text font="JQUZDQ+SimSun" bbox="404.880,613.360,415.440,623.920" colourspace="ICCBased" ncolour="[0]" size="10.560">除</text>
                <text font="JQUZDQ+SimSun" bbox="415.440,613.360,426.000,623.920" colourspace="ICCBased" ncolour="[0]" size="10.560">或</text>
                <text font="JQUZDQ+SimSun" bbox="425.760,613.360,436.320,623.920" colourspace="ICCBased" ncolour="[0]" size="10.560">部</text>
                <text font="JQUZDQ+SimSun" bbox="436.320,613.360,446.880,623.920" colourspace="ICCBased" ncolour="[0]" size="10.560">分</text>
                <text font="JQUZDQ+SimSun" bbox="446.640,613.360,457.200,623.920" colourspace="ICCBased" ncolour="[0]" size="10.560">切</text>
                <text font="JQUZDQ+SimSun" bbox="457.200,613.360,467.760,623.920" colourspace="ICCBased" ncolour="[0]" size="10.560">除</text>
                <text font="JQUZDQ+SimSun" bbox="467.760,613.360,478.320,623.920" colourspace="ICCBased" ncolour="[0]" size="10.560">的</text>
                <text font="JQUZDQ+SimSun" bbox="478.320,613.360,488.880,623.920" colourspace="ICCBased" ncolour="[0]" size="10.560">手</text>
                <text font="JQUZDQ+SimSun" bbox="488.880,613.360,499.440,623.920" colourspace="ICCBased" ncolour="[0]" size="10.560">术</text>
                <text font="JQUZDQ+SimSun" bbox="499.200,613.360,509.760,623.920" colourspace="ICCBased" ncolour="[0]" size="10.560">；</text>
                <text font="JTTPDQ+SimSun" bbox="509.760,613.360,515.040,623.920" colourspace="ICCBased" ncolour="[0]" size="10.560"> </text>
                <text font="JTTPDQ+SimSun" bbox="514.798,613.360,520.078,623.920" colourspace="ICCBased" ncolour="[0]" size="10.560"> </text>
                <text>
                </text>
            </textline>
            <textline bbox="210.480,597.763,425.756,608.323">
                <text font="JQUZDQ+SimSun" bbox="210.480,597.763,221.040,608.323" colourspace="ICCBased" ncolour="[0]" size="10.560">（</text>
                <text font="JTTPDQ+SimSun" bbox="221.040,597.763,226.320,608.323" colourspace="ICCBased" ncolour="[0]" size="10.560">2</text>
                <text font="JQUZDQ+SimSun" bbox="226.320,597.763,236.880,608.323" colourspace="ICCBased" ncolour="[0]" size="10.560">）</text>
                <text font="JQUZDQ+SimSun" bbox="236.880,597.763,247.440,608.323" colourspace="ICCBased" ncolour="[0]" size="10.560">实</text>
                <text font="JQUZDQ+SimSun" bbox="247.440,597.763,258.000,608.323" colourspace="ICCBased" ncolour="[0]" size="10.560">际</text>
                <text font="JQUZDQ+SimSun" bbox="258.000,597.763,268.560,608.323" colourspace="ICCBased" ncolour="[0]" size="10.560">实</text>
                <text font="JQUZDQ+SimSun" bbox="268.320,597.763,278.880,608.323" colourspace="ICCBased" ncolour="[0]" size="10.560">施</text>
                <text font="JQUZDQ+SimSun" bbox="278.880,597.763,289.440,608.323" colourspace="ICCBased" ncolour="[0]" size="10.560">了</text>
                <text font="JQUZDQ+SimSun" bbox="289.440,597.763,300.000,608.323" colourspace="ICCBased" ncolour="[0]" size="10.560">对</text>
                <text font="JQUZDQ+SimSun" bbox="300.000,597.763,310.560,608.323" colourspace="ICCBased" ncolour="[0]" size="10.560">脑</text>
                <text font="JQUZDQ+SimSun" bbox="310.320,597.763,320.880,608.323" colourspace="ICCBased" ncolour="[0]" size="10.560">肿</text>
                <text font="JQUZDQ+SimSun" bbox="320.880,597.763,331.440,608.323" colourspace="ICCBased" ncolour="[0]" size="10.560">瘤</text>
                <text font="JQUZDQ+SimSun" bbox="331.440,597.763,342.000,608.323" colourspace="ICCBased" ncolour="[0]" size="10.560">进</text>
                <text font="JQUZDQ+SimSun" bbox="342.000,597.763,352.560,608.323" colourspace="ICCBased" ncolour="[0]" size="10.560">行</text>
                <text font="JQUZDQ+SimSun" bbox="352.320,597.763,362.880,608.323" colourspace="ICCBased" ncolour="[0]" size="10.560">的</text>
                <text font="JQUZDQ+SimSun" bbox="362.880,597.763,373.440,608.323" colourspace="ICCBased" ncolour="[0]" size="10.560">放</text>
                <text font="JQUZDQ+SimSun" bbox="373.440,597.763,384.000,608.323" colourspace="ICCBased" ncolour="[0]" size="10.560">射</text>
                <text font="JQUZDQ+SimSun" bbox="384.000,597.763,394.560,608.323" colourspace="ICCBased" ncolour="[0]" size="10.560">治</text>
                <text font="JQUZDQ+SimSun" bbox="394.320,597.763,404.880,608.323" colourspace="ICCBased" ncolour="[0]" size="10.560">疗</text>
                <text font="JQUZDQ+SimSun" bbox="404.880,597.763,415.440,608.323" colourspace="ICCBased" ncolour="[0]" size="10.560">。</text>
                <text font="JTTPDQ+SimSun" bbox="415.440,597.763,420.720,608.323" colourspace="ICCBased" ncolour="[0]" size="10.560"> </text>
                <text font="JTTPDQ+SimSun" bbox="420.476,597.763,425.756,608.323" colourspace="ICCBased" ncolour="[0]" size="10.560"> </text>
                <text>
                </text>
            </textline>
            <textline bbox="210.480,582.149,457.200,592.709">
                <text font="JQUZDQ+SimSun" bbox="210.480,582.149,221.040,592.709" colourspace="ICCBased" ncolour="[0]" size="10.560">脑</text>
                <text font="JQUZDQ+SimSun" bbox="221.040,582.149,231.600,592.709" colourspace="ICCBased" ncolour="[0]" size="10.560">垂</text>
                <text font="JQUZDQ+SimSun" bbox="231.600,582.149,242.160,592.709" colourspace="ICCBased" ncolour="[0]" size="10.560">体</text>
                <text font="JQUZDQ+SimSun" bbox="242.160,582.149,252.720,592.709" colourspace="ICCBased" ncolour="[0]" size="10.560">瘤</text>
                <text font="JQUZDQ+SimSun" bbox="252.720,582.149,263.280,592.709" colourspace="ICCBased" ncolour="[0]" size="10.560">、</text>
                <text font="JQUZDQ+SimSun" bbox="263.040,582.149,273.600,592.709" colourspace="ICCBased" ncolour="[0]" size="10.560">脑</text>
                <text font="JQUZDQ+SimSun" bbox="273.600,582.149,284.160,592.709" colourspace="ICCBased" ncolour="[0]" size="10.560">囊</text>
                <text font="JQUZDQ+SimSun" bbox="284.160,582.149,294.720,592.709" colourspace="ICCBased" ncolour="[0]" size="10.560">肿</text>
                <text font="JQUZDQ+SimSun" bbox="294.720,582.149,305.280,592.709" colourspace="ICCBased" ncolour="[0]" size="10.560">、</text>
                <text font="JQUZDQ+SimSun" bbox="305.040,582.149,315.600,592.709" colourspace="ICCBased" ncolour="[0]" size="10.560">脑</text>
                <text font="JQUZDQ+SimSun" bbox="315.600,582.149,326.160,592.709" colourspace="ICCBased" ncolour="[0]" size="10.560">血</text>
                <text font="JQUZDQ+SimSun" bbox="326.160,582.149,336.720,592.709" colourspace="ICCBased" ncolour="[0]" size="10.560">管</text>
                <text font="JQUZDQ+SimSun" bbox="336.720,582.149,347.280,592.709" colourspace="ICCBased" ncolour="[0]" size="10.560">性</text>
                <text font="JQUZDQ+SimSun" bbox="347.040,582.149,357.600,592.709" colourspace="ICCBased" ncolour="[0]" size="10.560">疾</text>
                <text font="JQUZDQ+SimSun" bbox="357.600,582.149,368.160,592.709" colourspace="ICCBased" ncolour="[0]" size="10.560">病</text>
                <text font="JQUZDQ+SimSun" bbox="368.160,582.149,378.720,592.709" colourspace="ICCBased" ncolour="[0]" size="10.560">不</text>
                <text font="JQUZDQ+SimSun" bbox="378.720,582.149,389.280,592.709" colourspace="ICCBased" ncolour="[0]" size="10.560">在</text>
                <text font="JQUZDQ+SimSun" bbox="389.040,582.149,399.600,592.709" colourspace="ICCBased" ncolour="[0]" size="10.560">保</text>
                <text font="JQUZDQ+SimSun" bbox="399.600,582.149,410.160,592.709" colourspace="ICCBased" ncolour="[0]" size="10.560">障</text>
                <text font="JQUZDQ+SimSun" bbox="410.160,582.149,420.720,592.709" colourspace="ICCBased" ncolour="[0]" size="10.560">范</text>
                <text font="JQUZDQ+SimSun" bbox="420.720,582.149,431.280,592.709" colourspace="ICCBased" ncolour="[0]" size="10.560">围</text>
                <text font="JQUZDQ+SimSun" bbox="431.040,582.149,441.600,592.709" colourspace="ICCBased" ncolour="[0]" size="10.560">内</text>
                <text font="JQUZDQ+SimSun" bbox="441.600,582.149,452.160,592.709" colourspace="ICCBased" ncolour="[0]" size="10.560">。</text>
                <text font="JTTPDQ+SimSun" bbox="451.920,582.149,457.200,592.709" colourspace="ICCBased" ncolour="[0]" size="10.560"> </text>
                <text>
                </text>
            </textline>
            <textline bbox="210.480,566.549,215.760,577.109">
                <text font="JTTPDQ+SimSun" bbox="210.480,566.549,215.760,577.109" colourspace="ICCBased" ncolour="[0]" size="10.560"> </text>
                <text>
                </text>
            </textline>
            <textline bbox="210.480,555.269,547.200,565.829">
                <text font="JQUZDQ+SimSun" bbox="210.480,555.269,221.040,565.829" colourspace="ICCBased" ncolour="[0]" size="10.560">指</text>
                <text font="JQUZDQ+SimSun" bbox="221.040,555.269,231.600,565.829" colourspace="ICCBased" ncolour="[0]" size="10.560">因</text>
                <text font="JQUZDQ+SimSun" bbox="231.600,555.269,242.160,565.829" colourspace="ICCBased" ncolour="[0]" size="10.560">患</text>
                <text font="JQUZDQ+SimSun" bbox="242.160,555.269,252.720,565.829" colourspace="ICCBased" ncolour="[0]" size="10.560">脑</text>
                <text font="JQUZDQ+SimSun" bbox="252.720,555.269,263.280,565.829" colourspace="ICCBased" ncolour="[0]" size="10.560">炎</text>
                <text font="JQUZDQ+SimSun" bbox="263.280,555.269,273.840,565.829" colourspace="ICCBased" ncolour="[0]" size="10.560">或</text>
                <text font="JQUZDQ+SimSun" bbox="273.840,555.269,284.400,565.829" colourspace="ICCBased" ncolour="[0]" size="10.560">脑</text>
                <text font="JQUZDQ+SimSun" bbox="284.160,555.269,294.720,565.829" colourspace="ICCBased" ncolour="[0]" size="10.560">膜</text>
                <text font="JQUZDQ+SimSun" bbox="294.720,555.269,305.280,565.829" colourspace="ICCBased" ncolour="[0]" size="10.560">炎</text>
                <text font="JQUZDQ+SimSun" bbox="305.280,555.269,315.840,565.829" colourspace="ICCBased" ncolour="[0]" size="10.560">导</text>
                <text font="JQUZDQ+SimSun" bbox="315.840,555.269,326.400,565.829" colourspace="ICCBased" ncolour="[0]" size="10.560">致</text>
                <text font="JQUZDQ+SimSun" bbox="326.400,555.269,336.960,565.829" colourspace="ICCBased" ncolour="[0]" size="10.560">的</text>
                <text font="JQUZDQ+SimSun" bbox="336.960,555.269,347.520,565.829" colourspace="ICCBased" ncolour="[0]" size="10.560">神</text>
                <text font="JQUZDQ+SimSun" bbox="347.280,555.269,357.840,565.829" colourspace="ICCBased" ncolour="[0]" size="10.560">经</text>
                <text font="JQUZDQ+SimSun" bbox="357.840,555.269,368.400,565.829" colourspace="ICCBased" ncolour="[0]" size="10.560">系</text>
                <text font="JQUZDQ+SimSun" bbox="368.400,555.269,378.960,565.829" colourspace="ICCBased" ncolour="[0]" size="10.560">统</text>
                <text font="JQUZDQ+SimSun" bbox="378.960,555.269,389.520,565.829" colourspace="ICCBased" ncolour="[0]" size="10.560">永</text>
                <text font="JQUZDQ+SimSun" bbox="389.520,555.269,400.080,565.829" colourspace="ICCBased" ncolour="[0]" size="10.560">久</text>
                <text font="JQUZDQ+SimSun" bbox="399.840,555.269,410.400,565.829" colourspace="ICCBased" ncolour="[0]" size="10.560">性</text>
                <text font="JQUZDQ+SimSun" bbox="410.400,555.269,420.960,565.829" colourspace="ICCBased" ncolour="[0]" size="10.560">的</text>
                <text font="JQUZDQ+SimSun" bbox="420.960,555.269,431.520,565.829" colourspace="ICCBased" ncolour="[0]" size="10.560">功</text>
                <text font="JQUZDQ+SimSun" bbox="431.520,555.269,442.080,565.829" colourspace="ICCBased" ncolour="[0]" size="10.560">能</text>
                <text font="JQUZDQ+SimSun" bbox="442.080,555.269,452.640,565.829" colourspace="ICCBased" ncolour="[0]" size="10.560">障</text>
                <text font="JQUZDQ+SimSun" bbox="452.400,555.269,462.960,565.829" colourspace="ICCBased" ncolour="[0]" size="10.560">碍</text>
                <text font="JQUZDQ+SimSun" bbox="462.960,555.269,473.520,565.829" colourspace="ICCBased" ncolour="[0]" size="10.560">。</text>
                <text font="JQUZDQ+SimSun" bbox="473.520,555.269,484.080,565.829" colourspace="ICCBased" ncolour="[0]" size="10.560">神</text>
                <text font="JQUZDQ+SimSun" bbox="484.080,555.269,494.640,565.829" colourspace="ICCBased" ncolour="[0]" size="10.560">经</text>
                <text font="JQUZDQ+SimSun" bbox="494.640,555.269,505.200,565.829" colourspace="ICCBased" ncolour="[0]" size="10.560">系</text>
                <text font="JQUZDQ+SimSun" bbox="505.200,555.269,515.760,565.829" colourspace="ICCBased" ncolour="[0]" size="10.560">统</text>
                <text font="JQUZDQ+SimSun" bbox="515.760,555.269,526.320,565.829" colourspace="ICCBased" ncolour="[0]" size="10.560">永</text>
                <text font="JQUZDQ+SimSun" bbox="526.080,555.269,536.640,565.829" colourspace="ICCBased" ncolour="[0]" size="10.560">久</text>
                <text font="JQUZDQ+SimSun" bbox="536.640,555.269,547.200,565.829" colourspace="ICCBased" ncolour="[0]" size="10.560">性</text>
                <text>
                </text>
            </textline>
            <textline bbox="210.480,539.672,546.478,550.232">
                <text font="JQUZDQ+SimSun" bbox="210.480,539.672,221.040,550.232" colourspace="ICCBased" ncolour="[0]" size="10.560">的</text>
                <text font="JQUZDQ+SimSun" bbox="221.040,539.672,231.600,550.232" colourspace="ICCBased" ncolour="[0]" size="10.560">功</text>
                <text font="JQUZDQ+SimSun" bbox="231.600,539.672,242.160,550.232" colourspace="ICCBased" ncolour="[0]" size="10.560">能</text>
                <text font="JQUZDQ+SimSun" bbox="242.160,539.672,252.720,550.232" colourspace="ICCBased" ncolour="[0]" size="10.560">障</text>
                <text font="JQUZDQ+SimSun" bbox="252.720,539.672,263.280,550.232" colourspace="ICCBased" ncolour="[0]" size="10.560">碍</text>
                <text font="JQUZDQ+SimSun" bbox="263.040,539.672,273.600,550.232" colourspace="ICCBased" ncolour="[0]" size="10.560">，</text>
                <text font="JQUZDQ+SimSun" bbox="273.600,539.672,284.160,550.232" colourspace="ICCBased" ncolour="[0]" size="10.560">指</text>
                <text font="JQUZDQ+SimSun" bbox="284.160,539.672,294.720,550.232" colourspace="ICCBased" ncolour="[0]" size="10.560">疾</text>
                <text font="JQUZDQ+SimSun" bbox="294.720,539.672,305.280,550.232" colourspace="ICCBased" ncolour="[0]" size="10.560">病</text>
                <text font="JQUZDQ+SimSun" bbox="305.040,539.672,315.600,550.232" colourspace="ICCBased" ncolour="[0]" size="10.560">确</text>
                <text font="JQUZDQ+SimSun" bbox="315.600,539.672,326.160,550.232" colourspace="ICCBased" ncolour="[0]" size="10.560">诊</text>
                <text> </text>
                <text font="JTTPDQ+SimSun" bbox="328.805,539.672,334.085,550.232" colourspace="ICCBased" ncolour="[0]" size="10.560">1</text>
                <text font="JTTPDQ+SimSun" bbox="334.085,539.672,339.365,550.232" colourspace="ICCBased" ncolour="[0]" size="10.560">8</text>
                <text font="JTTPDQ+SimSun" bbox="339.365,539.672,344.645,550.232" colourspace="ICCBased" ncolour="[0]" size="10.560">0</text>
                <text> </text>
                <text font="JQUZDQ+SimSun" bbox="347.042,539.672,357.602,550.232" colourspace="ICCBased" ncolour="[0]" size="10.560">日</text>
                <text font="JQUZDQ+SimSun" bbox="357.602,539.672,368.162,550.232" colourspace="ICCBased" ncolour="[0]" size="10.560">后</text>
                <text font="JQUZDQ+SimSun" bbox="368.162,539.672,378.722,550.232" colourspace="ICCBased" ncolour="[0]" size="10.560">，</text>
                <text font="JQUZDQ+SimSun" bbox="378.722,539.672,389.282,550.232" colourspace="ICCBased" ncolour="[0]" size="10.560">仍</text>
                <text font="JQUZDQ+SimSun" bbox="389.042,539.672,399.602,550.232" colourspace="ICCBased" ncolour="[0]" size="10.560">遗</text>
                <text font="JQUZDQ+SimSun" bbox="399.602,539.672,410.162,550.232" colourspace="ICCBased" ncolour="[0]" size="10.560">留</text>
                <text font="JQUZDQ+SimSun" bbox="410.162,539.672,420.722,550.232" colourspace="ICCBased" ncolour="[0]" size="10.560">下</text>
                <text font="JQUZDQ+SimSun" bbox="420.722,539.672,431.282,550.232" colourspace="ICCBased" ncolour="[0]" size="10.560">列</text>
                <text font="JQUZDQ+SimSun" bbox="431.041,539.672,441.601,550.232" colourspace="ICCBased" ncolour="[0]" size="10.560">一</text>
                <text font="JQUZDQ+SimSun" bbox="441.601,539.672,452.161,550.232" colourspace="ICCBased" ncolour="[0]" size="10.560">种</text>
                <text font="JQUZDQ+SimSun" bbox="451.922,539.672,462.482,550.232" colourspace="ICCBased" ncolour="[0]" size="10.560">或</text>
                <text font="JQUZDQ+SimSun" bbox="462.482,539.672,473.042,550.232" colourspace="ICCBased" ncolour="[0]" size="10.560">一</text>
                <text font="JQUZDQ+SimSun" bbox="473.042,539.672,483.602,550.232" colourspace="ICCBased" ncolour="[0]" size="10.560">种</text>
                <text font="JQUZDQ+SimSun" bbox="483.602,539.672,494.162,550.232" colourspace="ICCBased" ncolour="[0]" size="10.560">以</text>
                <text font="JQUZDQ+SimSun" bbox="494.162,539.672,504.722,550.232" colourspace="ICCBased" ncolour="[0]" size="10.560">上</text>
                <text font="JQUZDQ+SimSun" bbox="504.482,539.672,515.042,550.232" colourspace="ICCBased" ncolour="[0]" size="10.560">障</text>
                <text font="JQUZDQ+SimSun" bbox="515.042,539.672,525.602,550.232" colourspace="ICCBased" ncolour="[0]" size="10.560">碍</text>
                <text font="JQUZDQ+SimSun" bbox="525.602,539.672,536.162,550.232" colourspace="ICCBased" ncolour="[0]" size="10.560">：</text>
                <text font="JTTPDQ+SimSun" bbox="536.162,539.672,541.442,550.232" colourspace="ICCBased" ncolour="[0]" size="10.560"> </text>
                <text font="JTTPDQ+SimSun" bbox="541.198,539.672,546.478,550.232" colourspace="ICCBased" ncolour="[0]" size="10.560"> </text>
                <text>
                </text>
            </textline>
            <textline bbox="210.480,524.075,415.196,534.635">
                <text font="JQUZDQ+SimSun" bbox="210.480,524.075,221.040,534.635" colourspace="ICCBased" ncolour="[0]" size="10.560">（</text>
                <text font="JTTPDQ+SimSun" bbox="221.040,524.075,226.320,534.635" colourspace="ICCBased" ncolour="[0]" size="10.560">1</text>
                <text font="JQUZDQ+SimSun" bbox="226.320,524.075,236.880,534.635" colourspace="ICCBased" ncolour="[0]" size="10.560">）</text>
                <text font="JQUZDQ+SimSun" bbox="236.880,524.075,247.440,534.635" colourspace="ICCBased" ncolour="[0]" size="10.560">一</text>
                <text font="JQUZDQ+SimSun" bbox="247.440,524.075,258.000,534.635" colourspace="ICCBased" ncolour="[0]" size="10.560">肢</text>
                <text font="JQUZDQ+SimSun" bbox="258.000,524.075,268.560,534.635" colourspace="ICCBased" ncolour="[0]" size="10.560">或</text>
                <text font="JQUZDQ+SimSun" bbox="268.320,524.075,278.880,534.635" colourspace="ICCBased" ncolour="[0]" size="10.560">一</text>
                <text font="JQUZDQ+SimSun" bbox="278.880,524.075,289.440,534.635" colourspace="ICCBased" ncolour="[0]" size="10.560">肢</text>
                <text font="JQUZDQ+SimSun" bbox="289.440,524.075,300.000,534.635" colourspace="ICCBased" ncolour="[0]" size="10.560">以</text>
                <text font="JQUZDQ+SimSun" bbox="300.000,524.075,310.560,534.635" colourspace="ICCBased" ncolour="[0]" size="10.560">上</text>
                <text font="JQUZDQ+SimSun" bbox="310.320,524.075,320.880,534.635" colourspace="ICCBased" ncolour="[0]" size="10.560">肢</text>
                <text font="JQUZDQ+SimSun" bbox="320.880,524.075,331.440,534.635" colourspace="ICCBased" ncolour="[0]" size="10.560">体</text>
                <text font="JQUZDQ+SimSun" bbox="331.440,524.075,342.000,534.635" colourspace="ICCBased" ncolour="[0]" size="10.560">机</text>
                <text font="JQUZDQ+SimSun" bbox="342.000,524.075,352.560,534.635" colourspace="ICCBased" ncolour="[0]" size="10.560">能</text>
                <text font="JQUZDQ+SimSun" bbox="352.320,524.075,362.880,534.635" colourspace="ICCBased" ncolour="[0]" size="10.560">完</text>
                <text font="JQUZDQ+SimSun" bbox="362.880,524.075,373.440,534.635" colourspace="ICCBased" ncolour="[0]" size="10.560">全</text>
                <text font="JQUZDQ+SimSun" bbox="373.440,524.075,384.000,534.635" colourspace="ICCBased" ncolour="[0]" size="10.560">丧</text>
                <text font="JQUZDQ+SimSun" bbox="384.000,524.075,394.560,534.635" colourspace="ICCBased" ncolour="[0]" size="10.560">失</text>
                <text font="JQUZDQ+SimSun" bbox="394.320,524.075,404.880,534.635" colourspace="ICCBased" ncolour="[0]" size="10.560">；</text>
                <text font="JTTPDQ+SimSun" bbox="404.880,524.075,410.160,534.635" colourspace="ICCBased" ncolour="[0]" size="10.560"> </text>
                <text font="JTTPDQ+SimSun" bbox="409.916,524.075,415.196,534.635" colourspace="ICCBased" ncolour="[0]" size="10.560"> </text>
                <text>
                </text>
            </textline>
            <textline bbox="210.480,508.477,415.196,519.037">
                <text font="JQUZDQ+SimSun" bbox="210.480,508.477,221.040,519.037" colourspace="ICCBased" ncolour="[0]" size="10.560">（</text>
                <text font="JTTPDQ+SimSun" bbox="221.040,508.477,226.320,519.037" colourspace="ICCBased" ncolour="[0]" size="10.560">2</text>
                <text font="JQUZDQ+SimSun" bbox="226.320,508.477,236.880,519.037" colourspace="ICCBased" ncolour="[0]" size="10.560">）</text>
                <text font="JQUZDQ+SimSun" bbox="236.880,508.477,247.440,519.037" colourspace="ICCBased" ncolour="[0]" size="10.560">语</text>
                <text font="JQUZDQ+SimSun" bbox="247.440,508.477,258.000,519.037" colourspace="ICCBased" ncolour="[0]" size="10.560">言</text>
                <text font="JQUZDQ+SimSun" bbox="258.000,508.477,268.560,519.037" colourspace="ICCBased" ncolour="[0]" size="10.560">能</text>
                <text font="JQUZDQ+SimSun" bbox="268.320,508.477,278.880,519.037" colourspace="ICCBased" ncolour="[0]" size="10.560">力</text>
                <text font="JQUZDQ+SimSun" bbox="278.880,508.477,289.440,519.037" colourspace="ICCBased" ncolour="[0]" size="10.560">或</text>
                <text font="JQUZDQ+SimSun" bbox="289.440,508.477,300.000,519.037" colourspace="ICCBased" ncolour="[0]" size="10.560">咀</text>
                <text font="JQUZDQ+SimSun" bbox="300.000,508.477,310.560,519.037" colourspace="ICCBased" ncolour="[0]" size="10.560">嚼</text>
                <text font="JQUZDQ+SimSun" bbox="310.320,508.477,320.880,519.037" colourspace="ICCBased" ncolour="[0]" size="10.560">吞</text>
                <text font="JQUZDQ+SimSun" bbox="320.880,508.477,331.440,519.037" colourspace="ICCBased" ncolour="[0]" size="10.560">咽</text>
                <text font="JQUZDQ+SimSun" bbox="331.440,508.477,342.000,519.037" colourspace="ICCBased" ncolour="[0]" size="10.560">能</text>
                <text font="JQUZDQ+SimSun" bbox="342.000,508.477,352.560,519.037" colourspace="ICCBased" ncolour="[0]" size="10.560">力</text>
                <text font="JQUZDQ+SimSun" bbox="352.320,508.477,362.880,519.037" colourspace="ICCBased" ncolour="[0]" size="10.560">完</text>
                <text font="JQUZDQ+SimSun" bbox="362.880,508.477,373.440,519.037" colourspace="ICCBased" ncolour="[0]" size="10.560">全</text>
                <text font="JQUZDQ+SimSun" bbox="373.440,508.477,384.000,519.037" colourspace="ICCBased" ncolour="[0]" size="10.560">丧</text>
                <text font="JQUZDQ+SimSun" bbox="384.000,508.477,394.560,519.037" colourspace="ICCBased" ncolour="[0]" size="10.560">失</text>
                <text font="JQUZDQ+SimSun" bbox="394.320,508.477,404.880,519.037" colourspace="ICCBased" ncolour="[0]" size="10.560">；</text>
                <text font="JTTPDQ+SimSun" bbox="404.880,508.477,410.160,519.037" colourspace="ICCBased" ncolour="[0]" size="10.560"> </text>
                <text font="JTTPDQ+SimSun" bbox="409.916,508.477,415.196,519.037" colourspace="ICCBased" ncolour="[0]" size="10.560"> </text>
                <text>
                </text>
            </textline>
            <textline bbox="210.480,492.869,547.200,503.440">
                <text font="JQUZDQ+SimSun" bbox="210.480,492.880,221.040,503.440" colourspace="ICCBased" ncolour="[0]" size="10.560">（</text>
                <text font="JTTPDQ+SimSun" bbox="221.040,492.880,226.320,503.440" colourspace="ICCBased" ncolour="[0]" size="10.560">3</text>
                <text font="JQUZDQ+SimSun" bbox="226.320,492.869,236.880,503.429" colourspace="ICCBased" ncolour="[0]" size="10.560">）</text>
                <text font="JQUZDQ+SimSun" bbox="234.480,492.869,245.040,503.429" colourspace="ICCBased" ncolour="[0]" size="10.560">自</text>
                <text font="JQUZDQ+SimSun" bbox="245.040,492.869,255.600,503.429" colourspace="ICCBased" ncolour="[0]" size="10.560">主</text>
                <text font="JQUZDQ+SimSun" bbox="255.600,492.869,266.160,503.429" colourspace="ICCBased" ncolour="[0]" size="10.560">生</text>
                <text font="JQUZDQ+SimSun" bbox="265.920,492.869,276.480,503.429" colourspace="ICCBased" ncolour="[0]" size="10.560">活</text>
                <text font="JQUZDQ+SimSun" bbox="276.480,492.869,287.040,503.429" colourspace="ICCBased" ncolour="[0]" size="10.560">能</text>
                <text font="JQUZDQ+SimSun" bbox="287.040,492.869,297.600,503.429" colourspace="ICCBased" ncolour="[0]" size="10.560">力</text>
                <text font="JQUZDQ+SimSun" bbox="297.600,492.869,308.160,503.429" colourspace="ICCBased" ncolour="[0]" size="10.560">完</text>
                <text font="JQUZDQ+SimSun" bbox="307.920,492.869,318.480,503.429" colourspace="ICCBased" ncolour="[0]" size="10.560">全</text>
                <text font="JQUZDQ+SimSun" bbox="318.480,492.869,329.040,503.429" colourspace="ICCBased" ncolour="[0]" size="10.560">丧</text>
                <text font="JQUZDQ+SimSun" bbox="329.040,492.869,339.600,503.429" colourspace="ICCBased" ncolour="[0]" size="10.560">失</text>
                <text font="JQUZDQ+SimSun" bbox="339.600,492.869,350.160,503.429" colourspace="ICCBased" ncolour="[0]" size="10.560">，</text>
                <text font="JQUZDQ+SimSun" bbox="347.520,492.869,358.080,503.429" colourspace="ICCBased" ncolour="[0]" size="10.560">无</text>
                <text font="JQUZDQ+SimSun" bbox="358.080,492.869,368.640,503.429" colourspace="ICCBased" ncolour="[0]" size="10.560">法</text>
                <text font="JQUZDQ+SimSun" bbox="368.640,492.869,379.200,503.429" colourspace="ICCBased" ncolour="[0]" size="10.560">独</text>
                <text font="JQUZDQ+SimSun" bbox="379.200,492.869,389.760,503.429" colourspace="ICCBased" ncolour="[0]" size="10.560">立</text>
                <text font="JQUZDQ+SimSun" bbox="389.520,492.869,400.080,503.429" colourspace="ICCBased" ncolour="[0]" size="10.560">完</text>
                <text font="JQUZDQ+SimSun" bbox="400.080,492.869,410.640,503.429" colourspace="ICCBased" ncolour="[0]" size="10.560">成</text>
                <text font="JQUZDQ+SimSun" bbox="410.640,492.869,421.200,503.429" colourspace="ICCBased" ncolour="[0]" size="10.560">六</text>
                <text font="JQUZDQ+SimSun" bbox="421.200,492.869,431.760,503.429" colourspace="ICCBased" ncolour="[0]" size="10.560">项</text>
                <text font="JQUZDQ+SimSun" bbox="431.520,492.869,442.080,503.429" colourspace="ICCBased" ncolour="[0]" size="10.560">基</text>
                <text font="JQUZDQ+SimSun" bbox="442.080,492.869,452.640,503.429" colourspace="ICCBased" ncolour="[0]" size="10.560">本</text>
                <text font="JQUZDQ+SimSun" bbox="452.400,492.869,462.960,503.429" colourspace="ICCBased" ncolour="[0]" size="10.560">日</text>
                <text font="JQUZDQ+SimSun" bbox="462.960,492.869,473.520,503.429" colourspace="ICCBased" ncolour="[0]" size="10.560">常</text>
                <text font="JQUZDQ+SimSun" bbox="473.520,492.869,484.080,503.429" colourspace="ICCBased" ncolour="[0]" size="10.560">生</text>
                <text font="JQUZDQ+SimSun" bbox="484.080,492.869,494.640,503.429" colourspace="ICCBased" ncolour="[0]" size="10.560">活</text>
                <text font="JQUZDQ+SimSun" bbox="494.640,492.869,505.200,503.429" colourspace="ICCBased" ncolour="[0]" size="10.560">活</text>
                <text font="JQUZDQ+SimSun" bbox="504.960,492.869,515.520,503.429" colourspace="ICCBased" ncolour="[0]" size="10.560">动</text>
                <text font="JQUZDQ+SimSun" bbox="515.520,492.869,526.080,503.429" colourspace="ICCBased" ncolour="[0]" size="10.560">中</text>
                <text font="JQUZDQ+SimSun" bbox="526.080,492.869,536.640,503.429" colourspace="ICCBased" ncolour="[0]" size="10.560">的</text>
                <text font="JQUZDQ+SimSun" bbox="536.640,492.869,547.200,503.429" colourspace="ICCBased" ncolour="[0]" size="10.560">三</text>
                <text>
                </text>
            </textline>
        </textbox>
        <textbox id="12" bbox="236.640,477.269,315.360,487.829">
            <textline bbox="236.640,477.269,315.360,487.829">
                <text font="JQUZDQ+SimSun" bbox="236.640,477.269,247.200,487.829" colourspace="ICCBased" ncolour="[0]" size="10.560">项</text>
                <text font="JQUZDQ+SimSun" bbox="247.200,477.269,257.760,487.829" colourspace="ICCBased" ncolour="[0]" size="10.560">或</text>
                <text font="JQUZDQ+SimSun" bbox="257.760,477.269,268.320,487.829" colourspace="ICCBased" ncolour="[0]" size="10.560">三</text>
                <text font="JQUZDQ+SimSun" bbox="268.320,477.269,278.880,487.829" colourspace="ICCBased" ncolour="[0]" size="10.560">项</text>
                <text font="JQUZDQ+SimSun" bbox="278.880,477.269,289.440,487.829" colourspace="ICCBased" ncolour="[0]" size="10.560">以</text>
                <text font="JQUZDQ+SimSun" bbox="289.200,477.269,299.760,487.829" colourspace="ICCBased" ncolour="[0]" size="10.560">上</text>
                <text font="JQUZDQ+SimSun" bbox="299.760,477.269,310.320,487.829" colourspace="ICCBased" ncolour="[0]" size="10.560">。</text>
                <text font="JTTPDQ+SimSun" bbox="310.080,477.269,315.360,487.829" colourspace="ICCBased" ncolour="[0]" size="10.560"> </text>
                <text>
                </text>
            </textline>
        </textbox>
        <textbox id="13" bbox="210.480,384.869,547.200,472.229">
            <textline bbox="210.480,461.669,215.760,472.229">
                <text font="JTTPDQ+SimSun" bbox="210.480,461.669,215.760,472.229" colourspace="ICCBased" ncolour="[0]" size="10.560"> </text>
                <text>
                </text>
            </textline>
            <textline bbox="210.480,447.269,547.200,457.829">
                <text font="JQUZDQ+SimSun" bbox="210.480,447.269,221.040,457.829" colourspace="ICCBased" ncolour="[0]" size="10.560">指</text>
                <text font="JQUZDQ+SimSun" bbox="221.040,447.269,231.600,457.829" colourspace="ICCBased" ncolour="[0]" size="10.560">因</text>
                <text font="JQUZDQ+SimSun" bbox="231.600,447.269,242.160,457.829" colourspace="ICCBased" ncolour="[0]" size="10.560">疾</text>
                <text font="JQUZDQ+SimSun" bbox="242.160,447.269,252.720,457.829" colourspace="ICCBased" ncolour="[0]" size="10.560">病</text>
                <text font="JQUZDQ+SimSun" bbox="252.720,447.269,263.280,457.829" colourspace="ICCBased" ncolour="[0]" size="10.560">或</text>
                <text font="JQUZDQ+SimSun" bbox="263.280,447.269,273.840,457.829" colourspace="ICCBased" ncolour="[0]" size="10.560">意</text>
                <text font="JQUZDQ+SimSun" bbox="273.840,447.269,284.400,457.829" colourspace="ICCBased" ncolour="[0]" size="10.560">外</text>
                <text font="JQUZDQ+SimSun" bbox="284.160,447.269,294.720,457.829" colourspace="ICCBased" ncolour="[0]" size="10.560">伤</text>
                <text font="JQUZDQ+SimSun" bbox="294.720,447.269,305.280,457.829" colourspace="ICCBased" ncolour="[0]" size="10.560">害</text>
                <text font="JQUZDQ+SimSun" bbox="305.280,447.269,315.840,457.829" colourspace="ICCBased" ncolour="[0]" size="10.560">导</text>
                <text font="JQUZDQ+SimSun" bbox="315.840,447.269,326.400,457.829" colourspace="ICCBased" ncolour="[0]" size="10.560">致</text>
                <text font="JQUZDQ+SimSun" bbox="326.400,447.269,336.960,457.829" colourspace="ICCBased" ncolour="[0]" size="10.560">意</text>
                <text font="JQUZDQ+SimSun" bbox="336.960,447.269,347.520,457.829" colourspace="ICCBased" ncolour="[0]" size="10.560">识</text>
                <text font="JQUZDQ+SimSun" bbox="347.280,447.269,357.840,457.829" colourspace="ICCBased" ncolour="[0]" size="10.560">丧</text>
                <text font="JQUZDQ+SimSun" bbox="357.840,447.269,368.400,457.829" colourspace="ICCBased" ncolour="[0]" size="10.560">失</text>
                <text font="JQUZDQ+SimSun" bbox="368.400,447.269,378.960,457.829" colourspace="ICCBased" ncolour="[0]" size="10.560">，</text>
                <text font="JQUZDQ+SimSun" bbox="378.960,447.269,389.520,457.829" colourspace="ICCBased" ncolour="[0]" size="10.560">对</text>
                <text font="JQUZDQ+SimSun" bbox="389.520,447.269,400.080,457.829" colourspace="ICCBased" ncolour="[0]" size="10.560">外</text>
                <text font="JQUZDQ+SimSun" bbox="399.840,447.269,410.400,457.829" colourspace="ICCBased" ncolour="[0]" size="10.560">界</text>
                <text font="JQUZDQ+SimSun" bbox="410.400,447.269,420.960,457.829" colourspace="ICCBased" ncolour="[0]" size="10.560">刺</text>
                <text font="JQUZDQ+SimSun" bbox="420.960,447.269,431.520,457.829" colourspace="ICCBased" ncolour="[0]" size="10.560">激</text>
                <text font="JQUZDQ+SimSun" bbox="431.520,447.269,442.080,457.829" colourspace="ICCBased" ncolour="[0]" size="10.560">和</text>
                <text font="JQUZDQ+SimSun" bbox="442.080,447.269,452.640,457.829" colourspace="ICCBased" ncolour="[0]" size="10.560">体</text>
                <text font="JQUZDQ+SimSun" bbox="452.400,447.269,462.960,457.829" colourspace="ICCBased" ncolour="[0]" size="10.560">内</text>
                <text font="JQUZDQ+SimSun" bbox="462.960,447.269,473.520,457.829" colourspace="ICCBased" ncolour="[0]" size="10.560">需</text>
                <text font="JQUZDQ+SimSun" bbox="473.520,447.269,484.080,457.829" colourspace="ICCBased" ncolour="[0]" size="10.560">求</text>
                <text font="JQUZDQ+SimSun" bbox="484.080,447.269,494.640,457.829" colourspace="ICCBased" ncolour="[0]" size="10.560">均</text>
                <text font="JQUZDQ+SimSun" bbox="494.640,447.269,505.200,457.829" colourspace="ICCBased" ncolour="[0]" size="10.560">无</text>
                <text font="JQUZDQ+SimSun" bbox="505.200,447.269,515.760,457.829" colourspace="ICCBased" ncolour="[0]" size="10.560">反</text>
                <text font="JQUZDQ+SimSun" bbox="515.760,447.269,526.320,457.829" colourspace="ICCBased" ncolour="[0]" size="10.560">应</text>
                <text font="JQUZDQ+SimSun" bbox="526.080,447.269,536.640,457.829" colourspace="ICCBased" ncolour="[0]" size="10.560">，</text>
                <text font="JQUZDQ+SimSun" bbox="536.640,447.269,547.200,457.829" colourspace="ICCBased" ncolour="[0]" size="10.560">昏</text>
                <text>
                </text>
            </textline>
            <textline bbox="210.480,431.672,546.964,442.232">
                <text font="JQUZDQ+SimSun" bbox="210.480,431.672,221.040,442.232" colourspace="ICCBased" ncolour="[0]" size="10.560">迷</text>
                <text font="JQUZDQ+SimSun" bbox="221.040,431.672,231.600,442.232" colourspace="ICCBased" ncolour="[0]" size="10.560">程</text>
                <text font="JQUZDQ+SimSun" bbox="231.600,431.672,242.160,442.232" colourspace="ICCBased" ncolour="[0]" size="10.560">度</text>
                <text font="JQUZDQ+SimSun" bbox="242.160,431.672,252.720,442.232" colourspace="ICCBased" ncolour="[0]" size="10.560">按</text>
                <text font="JQUZDQ+SimSun" bbox="252.720,431.672,263.280,442.232" colourspace="ICCBased" ncolour="[0]" size="10.560">照</text>
                <text font="JQUZDQ+SimSun" bbox="263.040,431.672,273.600,442.232" colourspace="ICCBased" ncolour="[0]" size="10.560">格</text>
                <text font="JQUZDQ+SimSun" bbox="273.600,431.672,284.160,442.232" colourspace="ICCBased" ncolour="[0]" size="10.560">拉</text>
                <text font="JQUZDQ+SimSun" bbox="284.160,431.672,294.720,442.232" colourspace="ICCBased" ncolour="[0]" size="10.560">斯</text>
                <text font="JQUZDQ+SimSun" bbox="294.720,431.672,305.280,442.232" colourspace="ICCBased" ncolour="[0]" size="10.560">哥</text>
                <text font="JQUZDQ+SimSun" bbox="305.040,431.672,315.600,442.232" colourspace="ICCBased" ncolour="[0]" size="10.560">昏</text>
                <text font="JQUZDQ+SimSun" bbox="315.600,431.672,326.160,442.232" colourspace="ICCBased" ncolour="[0]" size="10.560">迷</text>
                <text font="JQUZDQ+SimSun" bbox="326.160,431.672,336.720,442.232" colourspace="ICCBased" ncolour="[0]" size="10.560">分</text>
                <text font="JQUZDQ+SimSun" bbox="336.720,431.672,347.280,442.232" colourspace="ICCBased" ncolour="[0]" size="10.560">级</text>
                <text font="JQUZDQ+SimSun" bbox="347.040,431.672,357.600,442.232" colourspace="ICCBased" ncolour="[0]" size="10.560">（</text>
                <text font="JTTPDQ+SimSun" bbox="357.600,431.672,362.880,442.232" colourspace="ICCBased" ncolour="[0]" size="10.560">G</text>
                <text font="JTTPDQ+SimSun" bbox="362.880,431.672,368.160,442.232" colourspace="ICCBased" ncolour="[0]" size="10.560">l</text>
                <text font="JTTPDQ+SimSun" bbox="368.160,431.672,373.440,442.232" colourspace="ICCBased" ncolour="[0]" size="10.560">a</text>
                <text font="JTTPDQ+SimSun" bbox="373.440,431.672,378.720,442.232" colourspace="ICCBased" ncolour="[0]" size="10.560">s</text>
                <text font="JTTPDQ+SimSun" bbox="378.720,431.672,384.000,442.232" colourspace="ICCBased" ncolour="[0]" size="10.560">g</text>
                <text font="JTTPDQ+SimSun" bbox="384.000,431.672,389.280,442.232" colourspace="ICCBased" ncolour="[0]" size="10.560">o</text>
                <text font="JTTPDQ+SimSun" bbox="389.280,431.672,394.560,442.232" colourspace="ICCBased" ncolour="[0]" size="10.560">w</text>
                <text font="JTTPDQ+SimSun" bbox="394.320,431.672,399.600,442.232" colourspace="ICCBased" ncolour="[0]" size="10.560"> </text>
                <text font="JTTPDQ+SimSun" bbox="399.600,431.672,404.880,442.232" colourspace="ICCBased" ncolour="[0]" size="10.560">c</text>
                <text font="JTTPDQ+SimSun" bbox="404.880,431.672,410.160,442.232" colourspace="ICCBased" ncolour="[0]" size="10.560">o</text>
                <text font="JTTPDQ+SimSun" bbox="410.160,431.672,415.440,442.232" colourspace="ICCBased" ncolour="[0]" size="10.560">m</text>
                <text font="JTTPDQ+SimSun" bbox="415.440,431.672,420.720,442.232" colourspace="ICCBased" ncolour="[0]" size="10.560">a</text>
                <text font="JTTPDQ+SimSun" bbox="420.720,431.672,426.000,442.232" colourspace="ICCBased" ncolour="[0]" size="10.560"> </text>
                <text font="JTTPDQ+SimSun" bbox="426.000,431.672,431.280,442.232" colourspace="ICCBased" ncolour="[0]" size="10.560">s</text>
                <text font="JTTPDQ+SimSun" bbox="431.040,431.672,436.320,442.232" colourspace="ICCBased" ncolour="[0]" size="10.560">c</text>
                <text font="JTTPDQ+SimSun" bbox="436.320,431.672,441.600,442.232" colourspace="ICCBased" ncolour="[0]" size="10.560">a</text>
                <text font="JTTPDQ+SimSun" bbox="441.600,431.672,446.880,442.232" colourspace="ICCBased" ncolour="[0]" size="10.560">l</text>
                <text font="JTTPDQ+SimSun" bbox="446.880,431.672,452.160,442.232" colourspace="ICCBased" ncolour="[0]" size="10.560">e</text>
                <text font="JQUZDQ+SimSun" bbox="451.924,431.672,462.484,442.232" colourspace="ICCBased" ncolour="[0]" size="10.560">）</text>
                <text font="JQUZDQ+SimSun" bbox="462.484,431.672,473.044,442.232" colourspace="ICCBased" ncolour="[0]" size="10.560">结</text>
                <text font="JQUZDQ+SimSun" bbox="473.044,431.672,483.604,442.232" colourspace="ICCBased" ncolour="[0]" size="10.560">果</text>
                <text font="JQUZDQ+SimSun" bbox="483.604,431.672,494.164,442.232" colourspace="ICCBased" ncolour="[0]" size="10.560">为</text>
                <text> </text>
                <text font="JTTPDQ+SimSun" bbox="496.804,431.672,502.084,442.232" colourspace="ICCBased" ncolour="[0]" size="10.560">5</text>
                <text> </text>
                <text font="JQUZDQ+SimSun" bbox="504.724,431.672,515.284,442.232" colourspace="ICCBased" ncolour="[0]" size="10.560">分</text>
                <text font="JQUZDQ+SimSun" bbox="515.284,431.672,525.844,442.232" colourspace="ICCBased" ncolour="[0]" size="10.560">或</text>
                <text> </text>
                <text font="JTTPDQ+SimSun" bbox="528.484,431.672,533.764,442.232" colourspace="ICCBased" ncolour="[0]" size="10.560">5</text>
                <text> </text>
                <text font="JQUZDQ+SimSun" bbox="536.404,431.672,546.964,442.232" colourspace="ICCBased" ncolour="[0]" size="10.560">分</text>
                <text>
                </text>
            </textline>
            <textline bbox="210.480,416.075,515.030,426.635">
                <text font="JQUZDQ+SimSun" bbox="210.480,416.075,221.040,426.635" colourspace="ICCBased" ncolour="[0]" size="10.560">以</text>
                <text font="JQUZDQ+SimSun" bbox="221.040,416.075,231.600,426.635" colourspace="ICCBased" ncolour="[0]" size="10.560">下</text>
                <text font="JQUZDQ+SimSun" bbox="231.600,416.075,242.160,426.635" colourspace="ICCBased" ncolour="[0]" size="10.560">，</text>
                <text font="JQUZDQ+SimSun" bbox="242.160,416.075,252.720,426.635" colourspace="ICCBased" ncolour="[0]" size="10.560">且</text>
                <text font="JQUZDQ+SimSun" bbox="252.720,416.075,263.280,426.635" colourspace="ICCBased" ncolour="[0]" size="10.560">已</text>
                <text font="JQUZDQ+SimSun" bbox="263.040,416.075,273.600,426.635" colourspace="ICCBased" ncolour="[0]" size="10.560">经</text>
                <text font="JQUZDQ+SimSun" bbox="273.600,416.075,284.160,426.635" colourspace="ICCBased" ncolour="[0]" size="10.560">持</text>
                <text font="JQUZDQ+SimSun" bbox="284.160,416.075,294.720,426.635" colourspace="ICCBased" ncolour="[0]" size="10.560">续</text>
                <text font="JQUZDQ+SimSun" bbox="294.720,416.075,305.280,426.635" colourspace="ICCBased" ncolour="[0]" size="10.560">使</text>
                <text font="JQUZDQ+SimSun" bbox="305.040,416.075,315.600,426.635" colourspace="ICCBased" ncolour="[0]" size="10.560">用</text>
                <text font="JQUZDQ+SimSun" bbox="315.600,416.075,326.160,426.635" colourspace="ICCBased" ncolour="[0]" size="10.560">呼</text>
                <text font="JQUZDQ+SimSun" bbox="326.160,416.075,336.720,426.635" colourspace="ICCBased" ncolour="[0]" size="10.560">吸</text>
                <text font="JQUZDQ+SimSun" bbox="336.720,416.075,347.280,426.635" colourspace="ICCBased" ncolour="[0]" size="10.560">机</text>
                <text font="JQUZDQ+SimSun" bbox="347.040,416.075,357.600,426.635" colourspace="ICCBased" ncolour="[0]" size="10.560">及</text>
                <text font="JQUZDQ+SimSun" bbox="357.600,416.075,368.160,426.635" colourspace="ICCBased" ncolour="[0]" size="10.560">其</text>
                <text font="JQUZDQ+SimSun" bbox="368.160,416.075,378.720,426.635" colourspace="ICCBased" ncolour="[0]" size="10.560">它</text>
                <text font="JQUZDQ+SimSun" bbox="378.720,416.075,389.280,426.635" colourspace="ICCBased" ncolour="[0]" size="10.560">生</text>
                <text font="JQUZDQ+SimSun" bbox="389.040,416.075,399.600,426.635" colourspace="ICCBased" ncolour="[0]" size="10.560">命</text>
                <text font="JQUZDQ+SimSun" bbox="399.600,416.075,410.160,426.635" colourspace="ICCBased" ncolour="[0]" size="10.560">维</text>
                <text font="JQUZDQ+SimSun" bbox="410.160,416.075,420.720,426.635" colourspace="ICCBased" ncolour="[0]" size="10.560">持</text>
                <text font="JQUZDQ+SimSun" bbox="420.720,416.075,431.280,426.635" colourspace="ICCBased" ncolour="[0]" size="10.560">系</text>
                <text font="JQUZDQ+SimSun" bbox="431.040,416.075,441.600,426.635" colourspace="ICCBased" ncolour="[0]" size="10.560">统</text>
                <text> </text>
                <text font="JTTPDQ+SimSun" bbox="444.236,416.075,449.516,426.635" colourspace="ICCBased" ncolour="[0]" size="10.560">9</text>
                <text font="JTTPDQ+SimSun" bbox="449.273,416.075,454.553,426.635" colourspace="ICCBased" ncolour="[0]" size="10.560">6</text>
                <text> </text>
                <text font="JQUZDQ+SimSun" bbox="457.193,416.075,467.753,426.635" colourspace="ICCBased" ncolour="[0]" size="10.560">小</text>
                <text font="JQUZDQ+SimSun" bbox="467.753,416.075,478.313,426.635" colourspace="ICCBased" ncolour="[0]" size="10.560">时</text>
                <text font="JQUZDQ+SimSun" bbox="478.313,416.075,488.873,426.635" colourspace="ICCBased" ncolour="[0]" size="10.560">以</text>
                <text font="JQUZDQ+SimSun" bbox="488.873,416.075,499.433,426.635" colourspace="ICCBased" ncolour="[0]" size="10.560">上</text>
                <text font="JQUZDQ+SimSun" bbox="499.433,416.075,509.993,426.635" colourspace="ICCBased" ncolour="[0]" size="10.560">。</text>
                <text font="JTTPDQ+SimSun" bbox="509.750,416.075,515.030,426.635" colourspace="ICCBased" ncolour="[0]" size="10.560"> </text>
                <text>
                </text>
            </textline>
            <textline bbox="210.480,400.469,457.200,411.029">
                <text font="JQUZDQ+SimSun" bbox="210.480,400.469,221.040,411.029" colourspace="ICCBased" ncolour="[0]" size="10.560">因</text>
                <text font="JQUZDQ+SimSun" bbox="221.040,400.469,231.600,411.029" colourspace="ICCBased" ncolour="[0]" size="10.560">酗</text>
                <text font="JQUZDQ+SimSun" bbox="231.600,400.469,242.160,411.029" colourspace="ICCBased" ncolour="[0]" size="10.560">酒</text>
                <text font="JQUZDQ+SimSun" bbox="242.160,400.469,252.720,411.029" colourspace="ICCBased" ncolour="[0]" size="10.560">或</text>
                <text font="JQUZDQ+SimSun" bbox="252.720,400.469,263.280,411.029" colourspace="ICCBased" ncolour="[0]" size="10.560">药</text>
                <text font="JQUZDQ+SimSun" bbox="263.040,400.469,273.600,411.029" colourspace="ICCBased" ncolour="[0]" size="10.560">物</text>
                <text font="JQUZDQ+SimSun" bbox="273.600,400.469,284.160,411.029" colourspace="ICCBased" ncolour="[0]" size="10.560">滥</text>
                <text font="JQUZDQ+SimSun" bbox="284.160,400.469,294.720,411.029" colourspace="ICCBased" ncolour="[0]" size="10.560">用</text>
                <text font="JQUZDQ+SimSun" bbox="294.720,400.469,305.280,411.029" colourspace="ICCBased" ncolour="[0]" size="10.560">导</text>
                <text font="JQUZDQ+SimSun" bbox="305.040,400.469,315.600,411.029" colourspace="ICCBased" ncolour="[0]" size="10.560">致</text>
                <text font="JQUZDQ+SimSun" bbox="315.600,400.469,326.160,411.029" colourspace="ICCBased" ncolour="[0]" size="10.560">的</text>
                <text font="JQUZDQ+SimSun" bbox="326.160,400.469,336.720,411.029" colourspace="ICCBased" ncolour="[0]" size="10.560">深</text>
                <text font="JQUZDQ+SimSun" bbox="336.720,400.469,347.280,411.029" colourspace="ICCBased" ncolour="[0]" size="10.560">度</text>
                <text font="JQUZDQ+SimSun" bbox="347.040,400.469,357.600,411.029" colourspace="ICCBased" ncolour="[0]" size="10.560">昏</text>
                <text font="JQUZDQ+SimSun" bbox="357.600,400.469,368.160,411.029" colourspace="ICCBased" ncolour="[0]" size="10.560">迷</text>
                <text font="JQUZDQ+SimSun" bbox="368.160,400.469,378.720,411.029" colourspace="ICCBased" ncolour="[0]" size="10.560">不</text>
                <text font="JQUZDQ+SimSun" bbox="378.720,400.469,389.280,411.029" colourspace="ICCBased" ncolour="[0]" size="10.560">在</text>
                <text font="JQUZDQ+SimSun" bbox="389.040,400.469,399.600,411.029" colourspace="ICCBased" ncolour="[0]" size="10.560">保</text>
                <text font="JQUZDQ+SimSun" bbox="399.600,400.469,410.160,411.029" colourspace="ICCBased" ncolour="[0]" size="10.560">障</text>
                <text font="JQUZDQ+SimSun" bbox="410.160,400.469,420.720,411.029" colourspace="ICCBased" ncolour="[0]" size="10.560">范</text>
                <text font="JQUZDQ+SimSun" bbox="420.720,400.469,431.280,411.029" colourspace="ICCBased" ncolour="[0]" size="10.560">围</text>
                <text font="JQUZDQ+SimSun" bbox="431.040,400.469,441.600,411.029" colourspace="ICCBased" ncolour="[0]" size="10.560">内</text>
                <text font="JQUZDQ+SimSun" bbox="441.600,400.469,452.160,411.029" colourspace="ICCBased" ncolour="[0]" size="10.560">。</text>
                <text font="JTTPDQ+SimSun" bbox="451.920,400.469,457.200,411.029" colourspace="ICCBased" ncolour="[0]" size="10.560"> </text>
                <text>
                </text>
            </textline>
            <textline bbox="210.480,384.869,215.760,395.429">
                <text font="JTTPDQ+SimSun" bbox="210.480,384.869,215.760,395.429" colourspace="ICCBased" ncolour="[0]" size="10.560"> </text>
                <text>
                </text>
            </textline>
        </textbox>
        <textbox id="14" bbox="97.440,384.868,100.017,395.428">
            <textline bbox="97.440,384.868,100.017,395.428">
                <text font="ERELLA+STXinwei" bbox="97.440,384.868,100.017,395.428" colourspace="ICCBased" ncolour="[0]" size="10.560"> </text>
                <text>
                </text>
            </textline>
        </textbox>
        <textbox id="15" bbox="63.600,267.888,124.017,290.549">
            <textline bbox="68.880,279.989,74.160,290.549">
                <text font="JTTPDQ+SimSun" bbox="68.880,279.989,74.160,290.549" colourspace="ICCBased" ncolour="[0]" size="10.560"> </text>
                <text>
                </text>
            </textline>
            <textline bbox="97.440,279.988,100.017,290.548">
                <text font="ERELLA+STXinwei" bbox="97.440,279.988,100.017,290.548" colourspace="ICCBased" ncolour="[0]" size="10.560"> </text>
                <text>
                </text>
            </textline>
            <textline bbox="63.600,267.888,124.017,279.888">
                <text font="JTTPDQ+SimSun" bbox="63.600,268.709,68.880,279.269" colourspace="ICCBased" ncolour="[0]" size="10.560">4</text>
                <text font="JTTPDQ+SimSun" bbox="68.880,268.709,74.160,279.269" colourspace="ICCBased" ncolour="[0]" size="10.560">8</text>
                <text font="JTTPDQ+SimSun" bbox="74.160,268.709,79.440,279.269" colourspace="ICCBased" ncolour="[0]" size="10.560"> </text>
                <text> </text>
                <text font="ERELLA+STXinwei" bbox="97.440,267.888,109.440,279.888" colourspace="ICCBased" ncolour="[0]" size="12.000">瘫</text>
                <text font="ERELLA+STXinwei" bbox="109.440,267.888,121.440,279.888" colourspace="ICCBased" ncolour="[0]" size="12.000">痪</text>
                <text font="ERELLA+STXinwei" bbox="121.440,268.228,124.017,278.788" colourspace="ICCBased" ncolour="[0]" size="10.560"> </text>
                <text>
                </text>
            </textline>
        </textbox>
        <textbox id="16" bbox="63.600,221.909,547.207,395.429">
            <textline bbox="68.880,384.869,74.160,395.429">
                <text font="JTTPDQ+SimSun" bbox="68.880,384.869,74.160,395.429" colourspace="ICCBased" ncolour="[0]" size="10.560"> </text>
                <text>
                </text>
            </textline>
            <textline bbox="63.600,372.768,547.200,384.768">
                <text font="JTTPDQ+SimSun" bbox="63.600,373.589,68.880,384.149" colourspace="ICCBased" ncolour="[0]" size="10.560">4</text>
                <text font="JTTPDQ+SimSun" bbox="68.880,373.589,74.160,384.149" colourspace="ICCBased" ncolour="[0]" size="10.560">7</text>
                <text font="JTTPDQ+SimSun" bbox="74.160,373.589,79.440,384.149" colourspace="ICCBased" ncolour="[0]" size="10.560"> </text>
                <text> </text>
                <text font="ERELLA+STXinwei" bbox="97.440,372.768,109.440,384.768" colourspace="ICCBased" ncolour="[0]" size="12.000">严</text>
                <text font="ERELLA+STXinwei" bbox="109.440,372.768,121.440,384.768" colourspace="ICCBased" ncolour="[0]" size="12.000">重</text>
                <text font="ERELLA+STXinwei" bbox="121.440,372.768,133.440,384.768" colourspace="ICCBased" ncolour="[0]" size="12.000">阿</text>
                <text font="ERELLA+STXinwei" bbox="133.440,372.768,145.440,384.768" colourspace="ICCBased" ncolour="[0]" size="12.000">尔</text>
                <text font="ERELLA+STXinwei" bbox="145.440,372.768,157.440,384.768" colourspace="ICCBased" ncolour="[0]" size="12.000">茨</text>
                <text font="ERELLA+STXinwei" bbox="157.440,372.768,169.440,384.768" colourspace="ICCBased" ncolour="[0]" size="12.000">海</text>
                <text font="ERELLA+STXinwei" bbox="169.440,372.768,181.440,384.768" colourspace="ICCBased" ncolour="[0]" size="12.000">默</text>
                <text font="ERELLA+STXinwei" bbox="181.440,372.768,193.440,384.768" colourspace="ICCBased" ncolour="[0]" size="12.000">病</text>
                <text font="ERELLA+STXinwei" bbox="193.440,373.108,196.017,383.668" colourspace="ICCBased" ncolour="[0]" size="10.560"> </text>
                <text> </text>
                <text font="JQUZDQ+SimSun" bbox="210.480,373.589,221.040,384.149" colourspace="ICCBased" ncolour="[0]" size="10.560">指</text>
                <text font="JQUZDQ+SimSun" bbox="221.040,373.589,231.600,384.149" colourspace="ICCBased" ncolour="[0]" size="10.560">因</text>
                <text font="JQUZDQ+SimSun" bbox="231.600,373.589,242.160,384.149" colourspace="ICCBased" ncolour="[0]" size="10.560">大</text>
                <text font="JQUZDQ+SimSun" bbox="242.160,373.589,252.720,384.149" colourspace="ICCBased" ncolour="[0]" size="10.560">脑</text>
                <text font="JQUZDQ+SimSun" bbox="252.720,373.589,263.280,384.149" colourspace="ICCBased" ncolour="[0]" size="10.560">进</text>
                <text font="JQUZDQ+SimSun" bbox="263.280,373.589,273.840,384.149" colourspace="ICCBased" ncolour="[0]" size="10.560">行</text>
                <text font="JQUZDQ+SimSun" bbox="273.840,373.589,284.400,384.149" colourspace="ICCBased" ncolour="[0]" size="10.560">性</text>
                <text font="JQUZDQ+SimSun" bbox="284.160,373.589,294.720,384.149" colourspace="ICCBased" ncolour="[0]" size="10.560">、</text>
                <text font="JQUZDQ+SimSun" bbox="294.720,373.589,305.280,384.149" colourspace="ICCBased" ncolour="[0]" size="10.560">不</text>
                <text font="JQUZDQ+SimSun" bbox="305.280,373.589,315.840,384.149" colourspace="ICCBased" ncolour="[0]" size="10.560">可</text>
                <text font="JQUZDQ+SimSun" bbox="315.840,373.589,326.400,384.149" colourspace="ICCBased" ncolour="[0]" size="10.560">逆</text>
                <text font="JQUZDQ+SimSun" bbox="326.400,373.589,336.960,384.149" colourspace="ICCBased" ncolour="[0]" size="10.560">性</text>
                <text font="JQUZDQ+SimSun" bbox="336.960,373.589,347.520,384.149" colourspace="ICCBased" ncolour="[0]" size="10.560">改</text>
                <text font="JQUZDQ+SimSun" bbox="347.280,373.589,357.840,384.149" colourspace="ICCBased" ncolour="[0]" size="10.560">变</text>
                <text font="JQUZDQ+SimSun" bbox="357.840,373.589,368.400,384.149" colourspace="ICCBased" ncolour="[0]" size="10.560">导</text>
                <text font="JQUZDQ+SimSun" bbox="368.400,373.589,378.960,384.149" colourspace="ICCBased" ncolour="[0]" size="10.560">致</text>
                <text font="JQUZDQ+SimSun" bbox="378.960,373.589,389.520,384.149" colourspace="ICCBased" ncolour="[0]" size="10.560">智</text>
                <text font="JQUZDQ+SimSun" bbox="389.520,373.589,400.080,384.149" colourspace="ICCBased" ncolour="[0]" size="10.560">能</text>
                <text font="JQUZDQ+SimSun" bbox="399.840,373.589,410.400,384.149" colourspace="ICCBased" ncolour="[0]" size="10.560">严</text>
                <text font="JQUZDQ+SimSun" bbox="410.400,373.589,420.960,384.149" colourspace="ICCBased" ncolour="[0]" size="10.560">重</text>
                <text font="JQUZDQ+SimSun" bbox="420.960,373.589,431.520,384.149" colourspace="ICCBased" ncolour="[0]" size="10.560">衰</text>
                <text font="JQUZDQ+SimSun" bbox="431.520,373.589,442.080,384.149" colourspace="ICCBased" ncolour="[0]" size="10.560">退</text>
                <text font="JQUZDQ+SimSun" bbox="442.080,373.589,452.640,384.149" colourspace="ICCBased" ncolour="[0]" size="10.560">或</text>
                <text font="JQUZDQ+SimSun" bbox="452.400,373.589,462.960,384.149" colourspace="ICCBased" ncolour="[0]" size="10.560">丧</text>
                <text font="JQUZDQ+SimSun" bbox="462.960,373.589,473.520,384.149" colourspace="ICCBased" ncolour="[0]" size="10.560">失</text>
                <text font="JQUZDQ+SimSun" bbox="473.520,373.589,484.080,384.149" colourspace="ICCBased" ncolour="[0]" size="10.560">，</text>
                <text font="JQUZDQ+SimSun" bbox="484.080,373.589,494.640,384.149" colourspace="ICCBased" ncolour="[0]" size="10.560">临</text>
                <text font="JQUZDQ+SimSun" bbox="494.640,373.589,505.200,384.149" colourspace="ICCBased" ncolour="[0]" size="10.560">床</text>
                <text font="JQUZDQ+SimSun" bbox="505.200,373.589,515.760,384.149" colourspace="ICCBased" ncolour="[0]" size="10.560">表</text>
                <text font="JQUZDQ+SimSun" bbox="515.760,373.589,526.320,384.149" colourspace="ICCBased" ncolour="[0]" size="10.560">现</text>
                <text font="JQUZDQ+SimSun" bbox="526.080,373.589,536.640,384.149" colourspace="ICCBased" ncolour="[0]" size="10.560">为</text>
                <text font="JQUZDQ+SimSun" bbox="536.640,373.589,547.200,384.149" colourspace="ICCBased" ncolour="[0]" size="10.560">明</text>
                <text>
                </text>
            </textline>
            <textline bbox="210.480,357.992,547.200,368.552">
                <text font="JQUZDQ+SimSun" bbox="210.480,357.992,221.040,368.552" colourspace="ICCBased" ncolour="[0]" size="10.560">显</text>
                <text font="JQUZDQ+SimSun" bbox="221.040,357.992,231.600,368.552" colourspace="ICCBased" ncolour="[0]" size="10.560">的</text>
                <text font="JQUZDQ+SimSun" bbox="231.600,357.992,242.160,368.552" colourspace="ICCBased" ncolour="[0]" size="10.560">认</text>
                <text font="JQUZDQ+SimSun" bbox="242.160,357.992,252.720,368.552" colourspace="ICCBased" ncolour="[0]" size="10.560">知</text>
                <text font="JQUZDQ+SimSun" bbox="252.720,357.992,263.280,368.552" colourspace="ICCBased" ncolour="[0]" size="10.560">能</text>
                <text font="JQUZDQ+SimSun" bbox="263.280,357.992,273.840,368.552" colourspace="ICCBased" ncolour="[0]" size="10.560">力</text>
                <text font="JQUZDQ+SimSun" bbox="273.840,357.992,284.400,368.552" colourspace="ICCBased" ncolour="[0]" size="10.560">障</text>
                <text font="JQUZDQ+SimSun" bbox="284.160,357.992,294.720,368.552" colourspace="ICCBased" ncolour="[0]" size="10.560">碍</text>
                <text font="JQUZDQ+SimSun" bbox="294.720,357.992,305.280,368.552" colourspace="ICCBased" ncolour="[0]" size="10.560">、</text>
                <text font="JQUZDQ+SimSun" bbox="305.280,357.992,315.840,368.552" colourspace="ICCBased" ncolour="[0]" size="10.560">行</text>
                <text font="JQUZDQ+SimSun" bbox="315.840,357.992,326.400,368.552" colourspace="ICCBased" ncolour="[0]" size="10.560">为</text>
                <text font="JQUZDQ+SimSun" bbox="326.400,357.992,336.960,368.552" colourspace="ICCBased" ncolour="[0]" size="10.560">异</text>
                <text font="JQUZDQ+SimSun" bbox="336.960,357.992,347.520,368.552" colourspace="ICCBased" ncolour="[0]" size="10.560">常</text>
                <text font="JQUZDQ+SimSun" bbox="347.280,357.992,357.840,368.552" colourspace="ICCBased" ncolour="[0]" size="10.560">和</text>
                <text font="JQUZDQ+SimSun" bbox="357.840,357.992,368.400,368.552" colourspace="ICCBased" ncolour="[0]" size="10.560">社</text>
                <text font="JQUZDQ+SimSun" bbox="368.400,357.992,378.960,368.552" colourspace="ICCBased" ncolour="[0]" size="10.560">交</text>
                <text font="JQUZDQ+SimSun" bbox="378.960,357.992,389.520,368.552" colourspace="ICCBased" ncolour="[0]" size="10.560">能</text>
                <text font="JQUZDQ+SimSun" bbox="389.520,357.992,400.080,368.552" colourspace="ICCBased" ncolour="[0]" size="10.560">力</text>
                <text font="JQUZDQ+SimSun" bbox="399.840,357.992,410.400,368.552" colourspace="ICCBased" ncolour="[0]" size="10.560">减</text>
                <text font="JQUZDQ+SimSun" bbox="410.400,357.992,420.960,368.552" colourspace="ICCBased" ncolour="[0]" size="10.560">退</text>
                <text font="JQUZDQ+SimSun" bbox="420.960,357.992,431.520,368.552" colourspace="ICCBased" ncolour="[0]" size="10.560">，</text>
                <text font="JQUZDQ+SimSun" bbox="431.520,357.992,442.080,368.552" colourspace="ICCBased" ncolour="[0]" size="10.560">其</text>
                <text font="JQUZDQ+SimSun" bbox="442.080,357.992,452.640,368.552" colourspace="ICCBased" ncolour="[0]" size="10.560">日</text>
                <text font="JQUZDQ+SimSun" bbox="452.400,357.992,462.960,368.552" colourspace="ICCBased" ncolour="[0]" size="10.560">常</text>
                <text font="JQUZDQ+SimSun" bbox="462.960,357.992,473.520,368.552" colourspace="ICCBased" ncolour="[0]" size="10.560">生</text>
                <text font="JQUZDQ+SimSun" bbox="473.520,357.992,484.080,368.552" colourspace="ICCBased" ncolour="[0]" size="10.560">活</text>
                <text font="JQUZDQ+SimSun" bbox="484.080,357.992,494.640,368.552" colourspace="ICCBased" ncolour="[0]" size="10.560">必</text>
                <text font="JQUZDQ+SimSun" bbox="494.640,357.992,505.200,368.552" colourspace="ICCBased" ncolour="[0]" size="10.560">须</text>
                <text font="JQUZDQ+SimSun" bbox="505.200,357.992,515.760,368.552" colourspace="ICCBased" ncolour="[0]" size="10.560">持</text>
                <text font="JQUZDQ+SimSun" bbox="515.760,357.992,526.320,368.552" colourspace="ICCBased" ncolour="[0]" size="10.560">续</text>
                <text font="JQUZDQ+SimSun" bbox="526.080,357.992,536.640,368.552" colourspace="ICCBased" ncolour="[0]" size="10.560">受</text>
                <text font="JQUZDQ+SimSun" bbox="536.640,357.992,547.200,368.552" colourspace="ICCBased" ncolour="[0]" size="10.560">到</text>
                <text>
                </text>
            </textline>
            <textline bbox="210.480,342.395,547.200,352.955">
                <text font="JQUZDQ+SimSun" bbox="210.480,342.395,221.040,352.955" colourspace="ICCBased" ncolour="[0]" size="10.560">他</text>
                <text font="JQUZDQ+SimSun" bbox="221.040,342.395,231.600,352.955" colourspace="ICCBased" ncolour="[0]" size="10.560">人</text>
                <text font="JQUZDQ+SimSun" bbox="231.600,342.395,242.160,352.955" colourspace="ICCBased" ncolour="[0]" size="10.560">监</text>
                <text font="JQUZDQ+SimSun" bbox="242.160,342.395,252.720,352.955" colourspace="ICCBased" ncolour="[0]" size="10.560">护</text>
                <text font="JQUZDQ+SimSun" bbox="252.720,342.395,263.280,352.955" colourspace="ICCBased" ncolour="[0]" size="10.560">。</text>
                <text font="JQUZDQ+SimSun" bbox="263.280,342.395,273.840,352.955" colourspace="ICCBased" ncolour="[0]" size="10.560">须</text>
                <text font="JQUZDQ+SimSun" bbox="273.840,342.395,284.400,352.955" colourspace="ICCBased" ncolour="[0]" size="10.560">由</text>
                <text font="JQUZDQ+SimSun" bbox="284.160,342.395,294.720,352.955" colourspace="ICCBased" ncolour="[0]" size="10.560">头</text>
                <text font="JQUZDQ+SimSun" bbox="294.720,342.395,305.280,352.955" colourspace="ICCBased" ncolour="[0]" size="10.560">颅</text>
                <text font="JQUZDQ+SimSun" bbox="305.280,342.395,315.840,352.955" colourspace="ICCBased" ncolour="[0]" size="10.560">断</text>
                <text font="JQUZDQ+SimSun" bbox="315.840,342.395,326.400,352.955" colourspace="ICCBased" ncolour="[0]" size="10.560">层</text>
                <text font="JQUZDQ+SimSun" bbox="326.400,342.395,336.960,352.955" colourspace="ICCBased" ncolour="[0]" size="10.560">扫</text>
                <text font="JQUZDQ+SimSun" bbox="336.960,342.395,347.520,352.955" colourspace="ICCBased" ncolour="[0]" size="10.560">描</text>
                <text font="JQUZDQ+SimSun" bbox="347.280,342.395,357.840,352.955" colourspace="ICCBased" ncolour="[0]" size="10.560">（</text>
                <text font="JTTPDQ+SimSun" bbox="357.840,342.395,363.120,352.955" colourspace="ICCBased" ncolour="[0]" size="10.560">C</text>
                <text font="JTTPDQ+SimSun" bbox="363.120,342.395,368.400,352.955" colourspace="ICCBased" ncolour="[0]" size="10.560">T</text>
                <text font="JQUZDQ+SimSun" bbox="368.400,342.395,378.960,352.955" colourspace="ICCBased" ncolour="[0]" size="10.560">）</text>
                <text font="JQUZDQ+SimSun" bbox="373.680,342.395,384.240,352.955" colourspace="ICCBased" ncolour="[0]" size="10.560">、</text>
                <text font="JQUZDQ+SimSun" bbox="384.240,342.395,394.800,352.955" colourspace="ICCBased" ncolour="[0]" size="10.560">核</text>
                <text font="JQUZDQ+SimSun" bbox="394.800,342.395,405.360,352.955" colourspace="ICCBased" ncolour="[0]" size="10.560">磁</text>
                <text font="JQUZDQ+SimSun" bbox="405.120,342.395,415.680,352.955" colourspace="ICCBased" ncolour="[0]" size="10.560">共</text>
                <text font="JQUZDQ+SimSun" bbox="415.680,342.395,426.240,352.955" colourspace="ICCBased" ncolour="[0]" size="10.560">振</text>
                <text font="JQUZDQ+SimSun" bbox="426.240,342.395,436.800,352.955" colourspace="ICCBased" ncolour="[0]" size="10.560">检</text>
                <text font="JQUZDQ+SimSun" bbox="436.800,342.395,447.360,352.955" colourspace="ICCBased" ncolour="[0]" size="10.560">查</text>
                <text font="JQUZDQ+SimSun" bbox="447.120,342.395,457.680,352.955" colourspace="ICCBased" ncolour="[0]" size="10.560">（</text>
                <text font="JTTPDQ+SimSun" bbox="457.680,342.395,462.960,352.955" colourspace="ICCBased" ncolour="[0]" size="10.560">M</text>
                <text font="JTTPDQ+SimSun" bbox="462.960,342.395,468.240,352.955" colourspace="ICCBased" ncolour="[0]" size="10.560">R</text>
                <text font="JTTPDQ+SimSun" bbox="468.240,342.395,473.520,352.955" colourspace="ICCBased" ncolour="[0]" size="10.560">I</text>
                <text font="JQUZDQ+SimSun" bbox="473.520,342.395,484.080,352.955" colourspace="ICCBased" ncolour="[0]" size="10.560">）</text>
                <text font="JQUZDQ+SimSun" bbox="484.080,342.395,494.640,352.955" colourspace="ICCBased" ncolour="[0]" size="10.560">或</text>
                <text font="JQUZDQ+SimSun" bbox="494.640,342.395,505.200,352.955" colourspace="ICCBased" ncolour="[0]" size="10.560">正</text>
                <text font="JQUZDQ+SimSun" bbox="505.200,342.395,515.760,352.955" colourspace="ICCBased" ncolour="[0]" size="10.560">电</text>
                <text font="JQUZDQ+SimSun" bbox="515.760,342.395,526.320,352.955" colourspace="ICCBased" ncolour="[0]" size="10.560">子</text>
                <text font="JQUZDQ+SimSun" bbox="526.080,342.395,536.640,352.955" colourspace="ICCBased" ncolour="[0]" size="10.560">发</text>
                <text font="JQUZDQ+SimSun" bbox="536.640,342.395,547.200,352.955" colourspace="ICCBased" ncolour="[0]" size="10.560">射</text>
                <text>
                </text>
            </textline>
            <textline bbox="210.480,326.789,547.200,337.357">
                <text font="JQUZDQ+SimSun" bbox="210.480,326.797,221.040,337.357" colourspace="ICCBased" ncolour="[0]" size="10.560">断</text>
                <text font="JQUZDQ+SimSun" bbox="221.040,326.797,231.600,337.357" colourspace="ICCBased" ncolour="[0]" size="10.560">层</text>
                <text font="JQUZDQ+SimSun" bbox="231.600,326.797,242.160,337.357" colourspace="ICCBased" ncolour="[0]" size="10.560">扫</text>
                <text font="JQUZDQ+SimSun" bbox="242.160,326.797,252.720,337.357" colourspace="ICCBased" ncolour="[0]" size="10.560">描</text>
                <text font="JQUZDQ+SimSun" bbox="251.520,326.797,262.080,337.357" colourspace="ICCBased" ncolour="[0]" size="10.560">（</text>
                <text font="JTTPDQ+SimSun" bbox="262.080,326.797,267.360,337.357" colourspace="ICCBased" ncolour="[0]" size="10.560">P</text>
                <text font="JTTPDQ+SimSun" bbox="267.359,326.797,272.639,337.357" colourspace="ICCBased" ncolour="[0]" size="10.560">E</text>
                <text font="JTTPDQ+SimSun" bbox="272.396,326.797,277.676,337.357" colourspace="ICCBased" ncolour="[0]" size="10.560">T</text>
                <text font="JQUZDQ+SimSun" bbox="277.680,326.789,288.240,337.349" colourspace="ICCBased" ncolour="[0]" size="10.560">）</text>
                <text font="JQUZDQ+SimSun" bbox="287.040,326.789,297.600,337.349" colourspace="ICCBased" ncolour="[0]" size="10.560">等</text>
                <text font="JQUZDQ+SimSun" bbox="297.600,326.789,308.160,337.349" colourspace="ICCBased" ncolour="[0]" size="10.560">影</text>
                <text font="JQUZDQ+SimSun" bbox="307.920,326.789,318.480,337.349" colourspace="ICCBased" ncolour="[0]" size="10.560">像</text>
                <text font="JQUZDQ+SimSun" bbox="318.480,326.789,329.040,337.349" colourspace="ICCBased" ncolour="[0]" size="10.560">学</text>
                <text font="JQUZDQ+SimSun" bbox="329.040,326.789,339.600,337.349" colourspace="ICCBased" ncolour="[0]" size="10.560">检</text>
                <text font="JQUZDQ+SimSun" bbox="339.600,326.789,350.160,337.349" colourspace="ICCBased" ncolour="[0]" size="10.560">查</text>
                <text font="JQUZDQ+SimSun" bbox="349.920,326.789,360.480,337.349" colourspace="ICCBased" ncolour="[0]" size="10.560">证</text>
                <text font="JQUZDQ+SimSun" bbox="360.480,326.789,371.040,337.349" colourspace="ICCBased" ncolour="[0]" size="10.560">实</text>
                <text font="JQUZDQ+SimSun" bbox="371.040,326.789,381.600,337.349" colourspace="ICCBased" ncolour="[0]" size="10.560">，</text>
                <text font="JQUZDQ+SimSun" bbox="380.400,326.789,390.960,337.349" colourspace="ICCBased" ncolour="[0]" size="10.560">且</text>
                <text font="JQUZDQ+SimSun" bbox="390.720,326.789,401.280,337.349" colourspace="ICCBased" ncolour="[0]" size="10.560">自</text>
                <text font="JQUZDQ+SimSun" bbox="401.280,326.789,411.840,337.349" colourspace="ICCBased" ncolour="[0]" size="10.560">主</text>
                <text font="JQUZDQ+SimSun" bbox="411.840,326.789,422.400,337.349" colourspace="ICCBased" ncolour="[0]" size="10.560">生</text>
                <text font="JQUZDQ+SimSun" bbox="422.400,326.789,432.960,337.349" colourspace="ICCBased" ncolour="[0]" size="10.560">活</text>
                <text font="JQUZDQ+SimSun" bbox="432.720,326.789,443.280,337.349" colourspace="ICCBased" ncolour="[0]" size="10.560">能</text>
                <text font="JQUZDQ+SimSun" bbox="443.280,326.789,453.840,337.349" colourspace="ICCBased" ncolour="[0]" size="10.560">力</text>
                <text font="JQUZDQ+SimSun" bbox="453.600,326.789,464.160,337.349" colourspace="ICCBased" ncolour="[0]" size="10.560">完</text>
                <text font="JQUZDQ+SimSun" bbox="464.160,326.789,474.720,337.349" colourspace="ICCBased" ncolour="[0]" size="10.560">全</text>
                <text font="JQUZDQ+SimSun" bbox="474.720,326.789,485.280,337.349" colourspace="ICCBased" ncolour="[0]" size="10.560">丧</text>
                <text font="JQUZDQ+SimSun" bbox="485.280,326.789,495.840,337.349" colourspace="ICCBased" ncolour="[0]" size="10.560">失</text>
                <text font="JQUZDQ+SimSun" bbox="495.840,326.789,506.400,337.349" colourspace="ICCBased" ncolour="[0]" size="10.560">，</text>
                <text font="JQUZDQ+SimSun" bbox="505.200,326.789,515.760,337.349" colourspace="ICCBased" ncolour="[0]" size="10.560">无</text>
                <text font="JQUZDQ+SimSun" bbox="515.520,326.789,526.080,337.349" colourspace="ICCBased" ncolour="[0]" size="10.560">法</text>
                <text font="JQUZDQ+SimSun" bbox="526.080,326.789,536.640,337.349" colourspace="ICCBased" ncolour="[0]" size="10.560">独</text>
                <text font="JQUZDQ+SimSun" bbox="536.640,326.789,547.200,337.349" colourspace="ICCBased" ncolour="[0]" size="10.560">立</text>
                <text>
                </text>
            </textline>
            <textline bbox="210.480,311.189,451.917,321.749">
                <text font="JQUZDQ+SimSun" bbox="210.480,311.189,221.040,321.749" colourspace="ICCBased" ncolour="[0]" size="10.560">完</text>
                <text font="JQUZDQ+SimSun" bbox="221.040,311.189,231.600,321.749" colourspace="ICCBased" ncolour="[0]" size="10.560">成</text>
                <text font="JQUZDQ+SimSun" bbox="231.600,311.189,242.160,321.749" colourspace="ICCBased" ncolour="[0]" size="10.560">六</text>
                <text font="JQUZDQ+SimSun" bbox="242.160,311.189,252.720,321.749" colourspace="ICCBased" ncolour="[0]" size="10.560">项</text>
                <text font="JQUZDQ+SimSun" bbox="252.720,311.189,263.280,321.749" colourspace="ICCBased" ncolour="[0]" size="10.560">基</text>
                <text font="JQUZDQ+SimSun" bbox="263.040,311.189,273.600,321.749" colourspace="ICCBased" ncolour="[0]" size="10.560">本</text>
                <text font="JQUZDQ+SimSun" bbox="273.600,311.189,284.160,321.749" colourspace="ICCBased" ncolour="[0]" size="10.560">日</text>
                <text font="JQUZDQ+SimSun" bbox="284.160,311.189,294.720,321.749" colourspace="ICCBased" ncolour="[0]" size="10.560">常</text>
                <text font="JQUZDQ+SimSun" bbox="294.720,311.189,305.280,321.749" colourspace="ICCBased" ncolour="[0]" size="10.560">生</text>
                <text font="JQUZDQ+SimSun" bbox="305.040,311.189,315.600,321.749" colourspace="ICCBased" ncolour="[0]" size="10.560">活</text>
                <text font="JQUZDQ+SimSun" bbox="315.600,311.189,326.160,321.749" colourspace="ICCBased" ncolour="[0]" size="10.560">活</text>
                <text font="JQUZDQ+SimSun" bbox="326.160,311.189,336.720,321.749" colourspace="ICCBased" ncolour="[0]" size="10.560">动</text>
                <text font="JQUZDQ+SimSun" bbox="336.720,311.189,347.280,321.749" colourspace="ICCBased" ncolour="[0]" size="10.560">中</text>
                <text font="JQUZDQ+SimSun" bbox="347.040,311.189,357.600,321.749" colourspace="ICCBased" ncolour="[0]" size="10.560">的</text>
                <text font="JQUZDQ+SimSun" bbox="357.600,311.189,368.160,321.749" colourspace="ICCBased" ncolour="[0]" size="10.560">三</text>
                <text font="JQUZDQ+SimSun" bbox="368.160,311.189,378.720,321.749" colourspace="ICCBased" ncolour="[0]" size="10.560">项</text>
                <text font="JQUZDQ+SimSun" bbox="378.720,311.189,389.280,321.749" colourspace="ICCBased" ncolour="[0]" size="10.560">或</text>
                <text font="JQUZDQ+SimSun" bbox="389.040,311.189,399.600,321.749" colourspace="ICCBased" ncolour="[0]" size="10.560">三</text>
                <text font="JQUZDQ+SimSun" bbox="399.600,311.189,410.160,321.749" colourspace="ICCBased" ncolour="[0]" size="10.560">项</text>
                <text font="JQUZDQ+SimSun" bbox="410.160,311.189,420.720,321.749" colourspace="ICCBased" ncolour="[0]" size="10.560">以</text>
                <text font="JQUZDQ+SimSun" bbox="420.720,311.189,431.280,321.749" colourspace="ICCBased" ncolour="[0]" size="10.560">上</text>
                <text font="JQUZDQ+SimSun" bbox="431.040,311.189,441.600,321.749" colourspace="ICCBased" ncolour="[0]" size="10.560">。</text>
                <text font="JTTPDQ+SimSun" bbox="441.600,311.189,446.880,321.749" colourspace="ICCBased" ncolour="[0]" size="10.560"> </text>
                <text font="JTTPDQ+SimSun" bbox="446.637,311.189,451.917,321.749" colourspace="ICCBased" ncolour="[0]" size="10.560"> </text>
                <text>
                </text>
            </textline>
            <textline bbox="210.480,295.589,404.640,306.149">
                <text font="JQUZDQ+SimSun" bbox="210.480,295.589,221.040,306.149" colourspace="ICCBased" ncolour="[0]" size="10.560">神</text>
                <text font="JQUZDQ+SimSun" bbox="221.040,295.589,231.600,306.149" colourspace="ICCBased" ncolour="[0]" size="10.560">经</text>
                <text font="JQUZDQ+SimSun" bbox="231.600,295.589,242.160,306.149" colourspace="ICCBased" ncolour="[0]" size="10.560">官</text>
                <text font="JQUZDQ+SimSun" bbox="242.160,295.589,252.720,306.149" colourspace="ICCBased" ncolour="[0]" size="10.560">能</text>
                <text font="JQUZDQ+SimSun" bbox="252.720,295.589,263.280,306.149" colourspace="ICCBased" ncolour="[0]" size="10.560">症</text>
                <text font="JQUZDQ+SimSun" bbox="263.040,295.589,273.600,306.149" colourspace="ICCBased" ncolour="[0]" size="10.560">和</text>
                <text font="JQUZDQ+SimSun" bbox="273.600,295.589,284.160,306.149" colourspace="ICCBased" ncolour="[0]" size="10.560">精</text>
                <text font="JQUZDQ+SimSun" bbox="284.160,295.589,294.720,306.149" colourspace="ICCBased" ncolour="[0]" size="10.560">神</text>
                <text font="JQUZDQ+SimSun" bbox="294.720,295.589,305.280,306.149" colourspace="ICCBased" ncolour="[0]" size="10.560">疾</text>
                <text font="JQUZDQ+SimSun" bbox="305.040,295.589,315.600,306.149" colourspace="ICCBased" ncolour="[0]" size="10.560">病</text>
                <text font="JQUZDQ+SimSun" bbox="315.600,295.589,326.160,306.149" colourspace="ICCBased" ncolour="[0]" size="10.560">不</text>
                <text font="JQUZDQ+SimSun" bbox="326.160,295.589,336.720,306.149" colourspace="ICCBased" ncolour="[0]" size="10.560">在</text>
                <text font="JQUZDQ+SimSun" bbox="336.720,295.589,347.280,306.149" colourspace="ICCBased" ncolour="[0]" size="10.560">保</text>
                <text font="JQUZDQ+SimSun" bbox="347.040,295.589,357.600,306.149" colourspace="ICCBased" ncolour="[0]" size="10.560">障</text>
                <text font="JQUZDQ+SimSun" bbox="357.600,295.589,368.160,306.149" colourspace="ICCBased" ncolour="[0]" size="10.560">范</text>
                <text font="JQUZDQ+SimSun" bbox="368.160,295.589,378.720,306.149" colourspace="ICCBased" ncolour="[0]" size="10.560">围</text>
                <text font="JQUZDQ+SimSun" bbox="378.720,295.589,389.280,306.149" colourspace="ICCBased" ncolour="[0]" size="10.560">内</text>
                <text font="JQUZDQ+SimSun" bbox="389.040,295.589,399.600,306.149" colourspace="ICCBased" ncolour="[0]" size="10.560">。</text>
                <text font="JTTPDQ+SimSun" bbox="399.360,295.589,404.640,306.149" colourspace="ICCBased" ncolour="[0]" size="10.560"> </text>
                <text>
                </text>
            </textline>
            <textline bbox="210.480,279.989,215.760,290.549">
                <text font="JTTPDQ+SimSun" bbox="210.480,279.989,215.760,290.549" colourspace="ICCBased" ncolour="[0]" size="10.560"> </text>
                <text>
                </text>
            </textline>
            <textline bbox="210.480,268.709,547.200,279.269">
                <text font="JQUZDQ+SimSun" bbox="210.480,268.709,221.040,279.269" colourspace="ICCBased" ncolour="[0]" size="10.560">指</text>
                <text font="JQUZDQ+SimSun" bbox="221.040,268.709,231.600,279.269" colourspace="ICCBased" ncolour="[0]" size="10.560">因</text>
                <text font="JQUZDQ+SimSun" bbox="231.600,268.709,242.160,279.269" colourspace="ICCBased" ncolour="[0]" size="10.560">疾</text>
                <text font="JQUZDQ+SimSun" bbox="242.160,268.709,252.720,279.269" colourspace="ICCBased" ncolour="[0]" size="10.560">病</text>
                <text font="JQUZDQ+SimSun" bbox="252.720,268.709,263.280,279.269" colourspace="ICCBased" ncolour="[0]" size="10.560">或</text>
                <text font="JQUZDQ+SimSun" bbox="263.280,268.709,273.840,279.269" colourspace="ICCBased" ncolour="[0]" size="10.560">意</text>
                <text font="JQUZDQ+SimSun" bbox="273.840,268.709,284.400,279.269" colourspace="ICCBased" ncolour="[0]" size="10.560">外</text>
                <text font="JQUZDQ+SimSun" bbox="284.160,268.709,294.720,279.269" colourspace="ICCBased" ncolour="[0]" size="10.560">伤</text>
                <text font="JQUZDQ+SimSun" bbox="294.720,268.709,305.280,279.269" colourspace="ICCBased" ncolour="[0]" size="10.560">害</text>
                <text font="JQUZDQ+SimSun" bbox="305.280,268.709,315.840,279.269" colourspace="ICCBased" ncolour="[0]" size="10.560">导</text>
                <text font="JQUZDQ+SimSun" bbox="315.840,268.709,326.400,279.269" colourspace="ICCBased" ncolour="[0]" size="10.560">致</text>
                <text font="JQUZDQ+SimSun" bbox="326.400,268.709,336.960,279.269" colourspace="ICCBased" ncolour="[0]" size="10.560">两</text>
                <text font="JQUZDQ+SimSun" bbox="336.960,268.709,347.520,279.269" colourspace="ICCBased" ncolour="[0]" size="10.560">肢</text>
                <text font="JQUZDQ+SimSun" bbox="347.280,268.709,357.840,279.269" colourspace="ICCBased" ncolour="[0]" size="10.560">或</text>
                <text font="JQUZDQ+SimSun" bbox="357.840,268.709,368.400,279.269" colourspace="ICCBased" ncolour="[0]" size="10.560">两</text>
                <text font="JQUZDQ+SimSun" bbox="368.400,268.709,378.960,279.269" colourspace="ICCBased" ncolour="[0]" size="10.560">肢</text>
                <text font="JQUZDQ+SimSun" bbox="378.960,268.709,389.520,279.269" colourspace="ICCBased" ncolour="[0]" size="10.560">以</text>
                <text font="JQUZDQ+SimSun" bbox="389.520,268.709,400.080,279.269" colourspace="ICCBased" ncolour="[0]" size="10.560">上</text>
                <text font="JQUZDQ+SimSun" bbox="399.840,268.709,410.400,279.269" colourspace="ICCBased" ncolour="[0]" size="10.560">肢</text>
                <text font="JQUZDQ+SimSun" bbox="410.400,268.709,420.960,279.269" colourspace="ICCBased" ncolour="[0]" size="10.560">体</text>
                <text font="JQUZDQ+SimSun" bbox="420.960,268.709,431.520,279.269" colourspace="ICCBased" ncolour="[0]" size="10.560">机</text>
                <text font="JQUZDQ+SimSun" bbox="431.520,268.709,442.080,279.269" colourspace="ICCBased" ncolour="[0]" size="10.560">能</text>
                <text font="JQUZDQ+SimSun" bbox="442.080,268.709,452.640,279.269" colourspace="ICCBased" ncolour="[0]" size="10.560">永</text>
                <text font="JQUZDQ+SimSun" bbox="452.400,268.709,462.960,279.269" colourspace="ICCBased" ncolour="[0]" size="10.560">久</text>
                <text font="JQUZDQ+SimSun" bbox="462.960,268.709,473.520,279.269" colourspace="ICCBased" ncolour="[0]" size="10.560">完</text>
                <text font="JQUZDQ+SimSun" bbox="473.520,268.709,484.080,279.269" colourspace="ICCBased" ncolour="[0]" size="10.560">全</text>
                <text font="JQUZDQ+SimSun" bbox="484.080,268.709,494.640,279.269" colourspace="ICCBased" ncolour="[0]" size="10.560">丧</text>
                <text font="JQUZDQ+SimSun" bbox="494.640,268.709,505.200,279.269" colourspace="ICCBased" ncolour="[0]" size="10.560">失</text>
                <text font="JQUZDQ+SimSun" bbox="505.200,268.709,515.760,279.269" colourspace="ICCBased" ncolour="[0]" size="10.560">。</text>
                <text font="JQUZDQ+SimSun" bbox="515.760,268.709,526.320,279.269" colourspace="ICCBased" ncolour="[0]" size="10.560">肢</text>
                <text font="JQUZDQ+SimSun" bbox="526.080,268.709,536.640,279.269" colourspace="ICCBased" ncolour="[0]" size="10.560">体</text>
                <text font="JQUZDQ+SimSun" bbox="536.640,268.709,547.200,279.269" colourspace="ICCBased" ncolour="[0]" size="10.560">机</text>
                <text>
                </text>
            </textline>
            <textline bbox="210.480,253.112,547.207,263.672">
                <text font="JQUZDQ+SimSun" bbox="210.480,253.112,221.040,263.672" colourspace="ICCBased" ncolour="[0]" size="10.560">能</text>
                <text font="JQUZDQ+SimSun" bbox="221.040,253.112,231.600,263.672" colourspace="ICCBased" ncolour="[0]" size="10.560">永</text>
                <text font="JQUZDQ+SimSun" bbox="231.600,253.112,242.160,263.672" colourspace="ICCBased" ncolour="[0]" size="10.560">久</text>
                <text font="JQUZDQ+SimSun" bbox="242.160,253.112,252.720,263.672" colourspace="ICCBased" ncolour="[0]" size="10.560">完</text>
                <text font="JQUZDQ+SimSun" bbox="252.720,253.112,263.280,263.672" colourspace="ICCBased" ncolour="[0]" size="10.560">全</text>
                <text font="JQUZDQ+SimSun" bbox="263.040,253.112,273.600,263.672" colourspace="ICCBased" ncolour="[0]" size="10.560">丧</text>
                <text font="JQUZDQ+SimSun" bbox="273.600,253.112,284.160,263.672" colourspace="ICCBased" ncolour="[0]" size="10.560">失</text>
                <text font="JQUZDQ+SimSun" bbox="284.160,253.112,294.720,263.672" colourspace="ICCBased" ncolour="[0]" size="10.560">，</text>
                <text font="JQUZDQ+SimSun" bbox="294.720,253.112,305.280,263.672" colourspace="ICCBased" ncolour="[0]" size="10.560">指</text>
                <text font="JQUZDQ+SimSun" bbox="305.040,253.112,315.600,263.672" colourspace="ICCBased" ncolour="[0]" size="10.560">疾</text>
                <text font="JQUZDQ+SimSun" bbox="315.600,253.112,326.160,263.672" colourspace="ICCBased" ncolour="[0]" size="10.560">病</text>
                <text font="JQUZDQ+SimSun" bbox="326.160,253.112,336.720,263.672" colourspace="ICCBased" ncolour="[0]" size="10.560">确</text>
                <text font="JQUZDQ+SimSun" bbox="336.720,253.112,347.280,263.672" colourspace="ICCBased" ncolour="[0]" size="10.560">诊</text>
                <text> </text>
                <text font="JTTPDQ+SimSun" bbox="349.925,253.112,355.205,263.672" colourspace="ICCBased" ncolour="[0]" size="10.560">1</text>
                <text font="JTTPDQ+SimSun" bbox="355.205,253.112,360.485,263.672" colourspace="ICCBased" ncolour="[0]" size="10.560">8</text>
                <text font="JTTPDQ+SimSun" bbox="360.485,253.112,365.765,263.672" colourspace="ICCBased" ncolour="[0]" size="10.560">0</text>
                <text> </text>
                <text font="JQUZDQ+SimSun" bbox="368.405,253.112,378.965,263.672" colourspace="ICCBased" ncolour="[0]" size="10.560">日</text>
                <text font="JQUZDQ+SimSun" bbox="378.965,253.112,389.525,263.672" colourspace="ICCBased" ncolour="[0]" size="10.560">后</text>
                <text font="JQUZDQ+SimSun" bbox="389.285,253.112,399.845,263.672" colourspace="ICCBased" ncolour="[0]" size="10.560">或</text>
                <text font="JQUZDQ+SimSun" bbox="399.845,253.112,410.405,263.672" colourspace="ICCBased" ncolour="[0]" size="10.560">意</text>
                <text font="JQUZDQ+SimSun" bbox="410.405,253.112,420.965,263.672" colourspace="ICCBased" ncolour="[0]" size="10.560">外</text>
                <text font="JQUZDQ+SimSun" bbox="420.965,253.112,431.525,263.672" colourspace="ICCBased" ncolour="[0]" size="10.560">伤</text>
                <text font="JQUZDQ+SimSun" bbox="431.284,253.112,441.844,263.672" colourspace="ICCBased" ncolour="[0]" size="10.560">害</text>
                <text font="JQUZDQ+SimSun" bbox="441.844,253.112,452.404,263.672" colourspace="ICCBased" ncolour="[0]" size="10.560">发</text>
                <text font="JQUZDQ+SimSun" bbox="452.165,253.112,462.725,263.672" colourspace="ICCBased" ncolour="[0]" size="10.560">生</text>
                <text> </text>
                <text font="JTTPDQ+SimSun" bbox="465.367,253.112,470.647,263.672" colourspace="ICCBased" ncolour="[0]" size="10.560">1</text>
                <text font="JTTPDQ+SimSun" bbox="470.647,253.112,475.927,263.672" colourspace="ICCBased" ncolour="[0]" size="10.560">8</text>
                <text font="JTTPDQ+SimSun" bbox="475.927,253.112,481.207,263.672" colourspace="ICCBased" ncolour="[0]" size="10.560">0</text>
                <text> </text>
                <text font="JQUZDQ+SimSun" bbox="483.847,253.112,494.407,263.672" colourspace="ICCBased" ncolour="[0]" size="10.560">日</text>
                <text font="JQUZDQ+SimSun" bbox="494.407,253.112,504.967,263.672" colourspace="ICCBased" ncolour="[0]" size="10.560">后</text>
                <text font="JQUZDQ+SimSun" bbox="504.967,253.112,515.527,263.672" colourspace="ICCBased" ncolour="[0]" size="10.560">，</text>
                <text font="JQUZDQ+SimSun" bbox="515.527,253.112,526.087,263.672" colourspace="ICCBased" ncolour="[0]" size="10.560">每</text>
                <text font="JQUZDQ+SimSun" bbox="526.087,253.112,536.647,263.672" colourspace="ICCBased" ncolour="[0]" size="10.560">肢</text>
                <text font="JQUZDQ+SimSun" bbox="536.647,253.112,547.207,263.672" colourspace="ICCBased" ncolour="[0]" size="10.560">三</text>
                <text>
                </text>
            </textline>
            <textline bbox="210.491,237.515,478.092,248.075">
                <text font="JQUZDQ+SimSun" bbox="210.491,237.515,221.051,248.075" colourspace="ICCBased" ncolour="[0]" size="10.560">大</text>
                <text font="JQUZDQ+SimSun" bbox="221.051,237.515,231.611,248.075" colourspace="ICCBased" ncolour="[0]" size="10.560">关</text>
                <text font="JQUZDQ+SimSun" bbox="231.611,237.515,242.171,248.075" colourspace="ICCBased" ncolour="[0]" size="10.560">节</text>
                <text font="JQUZDQ+SimSun" bbox="242.171,237.515,252.731,248.075" colourspace="ICCBased" ncolour="[0]" size="10.560">中</text>
                <text font="JQUZDQ+SimSun" bbox="252.731,237.515,263.291,248.075" colourspace="ICCBased" ncolour="[0]" size="10.560">的</text>
                <text font="JQUZDQ+SimSun" bbox="263.051,237.515,273.611,248.075" colourspace="ICCBased" ncolour="[0]" size="10.560">两</text>
                <text font="JQUZDQ+SimSun" bbox="273.611,237.515,284.171,248.075" colourspace="ICCBased" ncolour="[0]" size="10.560">大</text>
                <text font="JQUZDQ+SimSun" bbox="284.171,237.515,294.731,248.075" colourspace="ICCBased" ncolour="[0]" size="10.560">关</text>
                <text font="JQUZDQ+SimSun" bbox="294.731,237.515,305.291,248.075" colourspace="ICCBased" ncolour="[0]" size="10.560">节</text>
                <text font="JQUZDQ+SimSun" bbox="305.050,237.515,315.610,248.075" colourspace="ICCBased" ncolour="[0]" size="10.560">仍</text>
                <text font="JQUZDQ+SimSun" bbox="315.610,237.515,326.170,248.075" colourspace="ICCBased" ncolour="[0]" size="10.560">然</text>
                <text font="JQUZDQ+SimSun" bbox="326.170,237.515,336.730,248.075" colourspace="ICCBased" ncolour="[0]" size="10.560">完</text>
                <text font="JQUZDQ+SimSun" bbox="336.730,237.515,347.290,248.075" colourspace="ICCBased" ncolour="[0]" size="10.560">全</text>
                <text font="JQUZDQ+SimSun" bbox="347.050,237.515,357.610,248.075" colourspace="ICCBased" ncolour="[0]" size="10.560">僵</text>
                <text font="JQUZDQ+SimSun" bbox="357.610,237.515,368.170,248.075" colourspace="ICCBased" ncolour="[0]" size="10.560">硬</text>
                <text font="JQUZDQ+SimSun" bbox="368.170,237.515,378.730,248.075" colourspace="ICCBased" ncolour="[0]" size="10.560">，</text>
                <text font="JQUZDQ+SimSun" bbox="378.730,237.515,389.290,248.075" colourspace="ICCBased" ncolour="[0]" size="10.560">或</text>
                <text font="JQUZDQ+SimSun" bbox="389.051,237.515,399.611,248.075" colourspace="ICCBased" ncolour="[0]" size="10.560">不</text>
                <text font="JQUZDQ+SimSun" bbox="399.611,237.515,410.171,248.075" colourspace="ICCBased" ncolour="[0]" size="10.560">能</text>
                <text font="JQUZDQ+SimSun" bbox="410.171,237.515,420.731,248.075" colourspace="ICCBased" ncolour="[0]" size="10.560">随</text>
                <text font="JQUZDQ+SimSun" bbox="420.731,237.515,431.291,248.075" colourspace="ICCBased" ncolour="[0]" size="10.560">意</text>
                <text font="JQUZDQ+SimSun" bbox="431.051,237.515,441.611,248.075" colourspace="ICCBased" ncolour="[0]" size="10.560">识</text>
                <text font="JQUZDQ+SimSun" bbox="441.611,237.515,452.171,248.075" colourspace="ICCBased" ncolour="[0]" size="10.560">活</text>
                <text font="JQUZDQ+SimSun" bbox="451.930,237.515,462.490,248.075" colourspace="ICCBased" ncolour="[0]" size="10.560">动</text>
                <text font="JQUZDQ+SimSun" bbox="462.490,237.515,473.050,248.075" colourspace="ICCBased" ncolour="[0]" size="10.560">。</text>
                <text font="JTTPDQ+SimSun" bbox="472.812,237.515,478.092,248.075" colourspace="ICCBased" ncolour="[0]" size="10.560"> </text>
                <text>
                </text>
            </textline>
            <textline bbox="210.480,221.909,215.760,232.469">
                <text font="JTTPDQ+SimSun" bbox="210.480,221.909,215.760,232.469" colourspace="ICCBased" ncolour="[0]" size="10.560"> </text>
                <text>
                </text>
            </textline>
        </textbox>
        <textbox id="17" bbox="63.600,74.309,552.480,232.469">
            <textline bbox="68.880,221.909,74.160,232.469">
                <text font="JTTPDQ+SimSun" bbox="68.880,221.909,74.160,232.469" colourspace="ICCBased" ncolour="[0]" size="10.560"> </text>
                <text>
                </text>
            </textline>
            <textline bbox="63.600,209.808,547.200,221.808">
                <text font="JTTPDQ+SimSun" bbox="63.600,210.629,68.880,221.189" colourspace="ICCBased" ncolour="[0]" size="10.560">4</text>
                <text font="JTTPDQ+SimSun" bbox="68.880,210.629,74.160,221.189" colourspace="ICCBased" ncolour="[0]" size="10.560">9</text>
                <text font="JTTPDQ+SimSun" bbox="74.160,210.629,79.440,221.189" colourspace="ICCBased" ncolour="[0]" size="10.560"> </text>
                <text> </text>
                <text font="ERELLA+STXinwei" bbox="97.440,209.808,109.440,221.808" colourspace="ICCBased" ncolour="[0]" size="12.000">严</text>
                <text font="ERELLA+STXinwei" bbox="109.440,209.808,121.440,221.808" colourspace="ICCBased" ncolour="[0]" size="12.000">重</text>
                <text font="ERELLA+STXinwei" bbox="121.440,209.808,133.440,221.808" colourspace="ICCBased" ncolour="[0]" size="12.000">的</text>
                <text font="ERELLA+STXinwei" bbox="133.440,209.808,145.440,221.808" colourspace="ICCBased" ncolour="[0]" size="12.000">多</text>
                <text font="ERELLA+STXinwei" bbox="145.440,209.808,157.440,221.808" colourspace="ICCBased" ncolour="[0]" size="12.000">发</text>
                <text font="ERELLA+STXinwei" bbox="157.440,209.808,169.440,221.808" colourspace="ICCBased" ncolour="[0]" size="12.000">性</text>
                <text font="ERELLA+STXinwei" bbox="169.440,209.808,181.440,221.808" colourspace="ICCBased" ncolour="[0]" size="12.000">硬</text>
                <text font="ERELLA+STXinwei" bbox="181.440,209.808,193.440,221.808" colourspace="ICCBased" ncolour="[0]" size="12.000">化</text>
                <text font="ERELLA+STXinwei" bbox="193.440,209.808,196.368,221.808" colourspace="ICCBased" ncolour="[0]" size="12.000"> </text>
                <text> </text>
                <text font="JQUZDQ+SimSun" bbox="210.480,210.629,221.040,221.189" colourspace="ICCBased" ncolour="[0]" size="10.560">指</text>
                <text font="JQUZDQ+SimSun" bbox="221.040,210.629,231.600,221.189" colourspace="ICCBased" ncolour="[0]" size="10.560">因</text>
                <text font="JQUZDQ+SimSun" bbox="231.600,210.629,242.160,221.189" colourspace="ICCBased" ncolour="[0]" size="10.560">中</text>
                <text font="JQUZDQ+SimSun" bbox="242.160,210.629,252.720,221.189" colourspace="ICCBased" ncolour="[0]" size="10.560">枢</text>
                <text font="JQUZDQ+SimSun" bbox="252.720,210.629,263.280,221.189" colourspace="ICCBased" ncolour="[0]" size="10.560">神</text>
                <text font="JQUZDQ+SimSun" bbox="263.280,210.629,273.840,221.189" colourspace="ICCBased" ncolour="[0]" size="10.560">经</text>
                <text font="JQUZDQ+SimSun" bbox="273.840,210.629,284.400,221.189" colourspace="ICCBased" ncolour="[0]" size="10.560">系</text>
                <text font="JQUZDQ+SimSun" bbox="284.160,210.629,294.720,221.189" colourspace="ICCBased" ncolour="[0]" size="10.560">统</text>
                <text font="JQUZDQ+SimSun" bbox="294.720,210.629,305.280,221.189" colourspace="ICCBased" ncolour="[0]" size="10.560">脱</text>
                <text font="JQUZDQ+SimSun" bbox="305.280,210.629,315.840,221.189" colourspace="ICCBased" ncolour="[0]" size="10.560">髓</text>
                <text font="JQUZDQ+SimSun" bbox="315.840,210.629,326.400,221.189" colourspace="ICCBased" ncolour="[0]" size="10.560">鞘</text>
                <text font="JQUZDQ+SimSun" bbox="326.400,210.629,336.960,221.189" colourspace="ICCBased" ncolour="[0]" size="10.560">而</text>
                <text font="JQUZDQ+SimSun" bbox="336.960,210.629,347.520,221.189" colourspace="ICCBased" ncolour="[0]" size="10.560">导</text>
                <text font="JQUZDQ+SimSun" bbox="347.280,210.629,357.840,221.189" colourspace="ICCBased" ncolour="[0]" size="10.560">致</text>
                <text font="JQUZDQ+SimSun" bbox="357.840,210.629,368.400,221.189" colourspace="ICCBased" ncolour="[0]" size="10.560">的</text>
                <text font="JQUZDQ+SimSun" bbox="368.400,210.629,378.960,221.189" colourspace="ICCBased" ncolour="[0]" size="10.560">不</text>
                <text font="JQUZDQ+SimSun" bbox="378.960,210.629,389.520,221.189" colourspace="ICCBased" ncolour="[0]" size="10.560">可</text>
                <text font="JQUZDQ+SimSun" bbox="389.520,210.629,400.080,221.189" colourspace="ICCBased" ncolour="[0]" size="10.560">逆</text>
                <text font="JQUZDQ+SimSun" bbox="399.840,210.629,410.400,221.189" colourspace="ICCBased" ncolour="[0]" size="10.560">的</text>
                <text font="JQUZDQ+SimSun" bbox="410.400,210.629,420.960,221.189" colourspace="ICCBased" ncolour="[0]" size="10.560">身</text>
                <text font="JQUZDQ+SimSun" bbox="420.960,210.629,431.520,221.189" colourspace="ICCBased" ncolour="[0]" size="10.560">体</text>
                <text font="JQUZDQ+SimSun" bbox="431.520,210.629,442.080,221.189" colourspace="ICCBased" ncolour="[0]" size="10.560">部</text>
                <text font="JQUZDQ+SimSun" bbox="442.080,210.629,452.640,221.189" colourspace="ICCBased" ncolour="[0]" size="10.560">位</text>
                <text font="JQUZDQ+SimSun" bbox="452.400,210.629,462.960,221.189" colourspace="ICCBased" ncolour="[0]" size="10.560">的</text>
                <text font="JQUZDQ+SimSun" bbox="462.960,210.629,473.520,221.189" colourspace="ICCBased" ncolour="[0]" size="10.560">功</text>
                <text font="JQUZDQ+SimSun" bbox="473.520,210.629,484.080,221.189" colourspace="ICCBased" ncolour="[0]" size="10.560">能</text>
                <text font="JQUZDQ+SimSun" bbox="484.080,210.629,494.640,221.189" colourspace="ICCBased" ncolour="[0]" size="10.560">障</text>
                <text font="JQUZDQ+SimSun" bbox="494.640,210.629,505.200,221.189" colourspace="ICCBased" ncolour="[0]" size="10.560">碍</text>
                <text font="JQUZDQ+SimSun" bbox="505.200,210.629,515.760,221.189" colourspace="ICCBased" ncolour="[0]" size="10.560">，</text>
                <text font="JQUZDQ+SimSun" bbox="515.760,210.629,526.320,221.189" colourspace="ICCBased" ncolour="[0]" size="10.560">需</text>
                <text font="JQUZDQ+SimSun" bbox="526.080,210.629,536.640,221.189" colourspace="ICCBased" ncolour="[0]" size="10.560">由</text>
                <text font="JQUZDQ+SimSun" bbox="536.640,210.629,547.200,221.189" colourspace="ICCBased" ncolour="[0]" size="10.560">神</text>
                <text>
                </text>
            </textline>
            <textline bbox="210.480,195.029,552.480,205.592">
                <text font="JQUZDQ+SimSun" bbox="210.480,195.032,221.040,205.592" colourspace="ICCBased" ncolour="[0]" size="10.560">经</text>
                <text font="JQUZDQ+SimSun" bbox="221.040,195.032,231.600,205.592" colourspace="ICCBased" ncolour="[0]" size="10.560">科</text>
                <text font="JQUZDQ+SimSun" bbox="231.600,195.032,242.160,205.592" colourspace="ICCBased" ncolour="[0]" size="10.560">专</text>
                <text font="JQUZDQ+SimSun" bbox="242.160,195.032,252.720,205.592" colourspace="ICCBased" ncolour="[0]" size="10.560">科</text>
                <text font="JQUZDQ+SimSun" bbox="252.720,195.032,263.280,205.592" colourspace="ICCBased" ncolour="[0]" size="10.560">医</text>
                <text font="JQUZDQ+SimSun" bbox="263.040,195.032,273.600,205.592" colourspace="ICCBased" ncolour="[0]" size="10.560">生</text>
                <text font="JQUZDQ+SimSun" bbox="273.600,195.032,284.160,205.592" colourspace="ICCBased" ncolour="[0]" size="10.560">提</text>
                <text font="JQUZDQ+SimSun" bbox="284.160,195.032,294.720,205.592" colourspace="ICCBased" ncolour="[0]" size="10.560">供</text>
                <text font="JQUZDQ+SimSun" bbox="294.720,195.032,305.280,205.592" colourspace="ICCBased" ncolour="[0]" size="10.560">明</text>
                <text font="JQUZDQ+SimSun" bbox="305.040,195.032,315.600,205.592" colourspace="ICCBased" ncolour="[0]" size="10.560">确</text>
                <text font="JQUZDQ+SimSun" bbox="315.600,195.032,326.160,205.592" colourspace="ICCBased" ncolour="[0]" size="10.560">诊</text>
                <text font="JQUZDQ+SimSun" bbox="326.160,195.032,336.720,205.592" colourspace="ICCBased" ncolour="[0]" size="10.560">断</text>
                <text font="JQUZDQ+SimSun" bbox="336.480,195.032,347.040,205.592" colourspace="ICCBased" ncolour="[0]" size="10.560">，</text>
                <text font="JQUZDQ+SimSun" bbox="342.000,195.032,352.560,205.592" colourspace="ICCBased" ncolour="[0]" size="10.560">并</text>
                <text font="JQUZDQ+SimSun" bbox="352.560,195.032,363.120,205.592" colourspace="ICCBased" ncolour="[0]" size="10.560">有</text>
                <text font="JQUZDQ+SimSun" bbox="363.120,195.032,373.680,205.592" colourspace="ICCBased" ncolour="[0]" size="10.560">头</text>
                <text font="JQUZDQ+SimSun" bbox="373.440,195.032,384.000,205.592" colourspace="ICCBased" ncolour="[0]" size="10.560">颅</text>
                <text font="JQUZDQ+SimSun" bbox="384.000,195.032,394.560,205.592" colourspace="ICCBased" ncolour="[0]" size="10.560">断</text>
                <text font="JQUZDQ+SimSun" bbox="394.560,195.032,405.120,205.592" colourspace="ICCBased" ncolour="[0]" size="10.560">层</text>
                <text font="JQUZDQ+SimSun" bbox="405.120,195.032,415.680,205.592" colourspace="ICCBased" ncolour="[0]" size="10.560">扫</text>
                <text font="JQUZDQ+SimSun" bbox="415.440,195.032,426.000,205.592" colourspace="ICCBased" ncolour="[0]" size="10.560">描</text>
                <text font="JQUZDQ+SimSun" bbox="420.960,195.032,431.520,205.592" colourspace="ICCBased" ncolour="[0]" size="10.560">（</text>
                <text font="JTTPDQ+SimSun" bbox="431.520,195.032,436.800,205.592" colourspace="ICCBased" ncolour="[0]" size="10.560">C</text>
                <text font="JTTPDQ+SimSun" bbox="436.557,195.032,441.837,205.592" colourspace="ICCBased" ncolour="[0]" size="10.560">T</text>
                <text font="JQUZDQ+SimSun" bbox="441.839,195.032,452.399,205.592" colourspace="ICCBased" ncolour="[0]" size="10.560">）</text>
                <text font="JQUZDQ+SimSun" bbox="447.119,195.032,457.679,205.592" colourspace="ICCBased" ncolour="[0]" size="10.560">或</text>
                <text font="JQUZDQ+SimSun" bbox="457.679,195.032,468.239,205.592" colourspace="ICCBased" ncolour="[0]" size="10.560">核</text>
                <text font="JQUZDQ+SimSun" bbox="468.239,195.032,478.799,205.592" colourspace="ICCBased" ncolour="[0]" size="10.560">磁</text>
                <text font="JQUZDQ+SimSun" bbox="478.799,195.032,489.359,205.592" colourspace="ICCBased" ncolour="[0]" size="10.560">共</text>
                <text font="JQUZDQ+SimSun" bbox="489.359,195.032,499.919,205.592" colourspace="ICCBased" ncolour="[0]" size="10.560">振</text>
                <text font="JQUZDQ+SimSun" bbox="499.679,195.032,510.239,205.592" colourspace="ICCBased" ncolour="[0]" size="10.560">检</text>
                <text font="JQUZDQ+SimSun" bbox="510.239,195.032,520.799,205.592" colourspace="ICCBased" ncolour="[0]" size="10.560">查</text>
                <text font="JQUZDQ+SimSun" bbox="515.759,195.032,526.319,205.592" colourspace="ICCBased" ncolour="[0]" size="10.560">（</text>
                <text font="JTTPDQ+SimSun" bbox="526.076,195.032,531.356,205.592" colourspace="ICCBased" ncolour="[0]" size="10.560">M</text>
                <text font="JTTPDQ+SimSun" bbox="531.356,195.032,536.636,205.592" colourspace="ICCBased" ncolour="[0]" size="10.560">R</text>
                <text font="JTTPDQ+SimSun" bbox="536.636,195.032,541.916,205.592" colourspace="ICCBased" ncolour="[0]" size="10.560">I</text>
                <text font="JQUZDQ+SimSun" bbox="541.920,195.029,552.480,205.589" colourspace="ICCBased" ncolour="[0]" size="10.560">）</text>
                <text>
                </text>
            </textline>
            <textline bbox="210.480,179.429,547.200,189.989">
                <text font="JQUZDQ+SimSun" bbox="210.480,179.429,221.040,189.989" colourspace="ICCBased" ncolour="[0]" size="10.560">结</text>
                <text font="JQUZDQ+SimSun" bbox="221.040,179.429,231.600,189.989" colourspace="ICCBased" ncolour="[0]" size="10.560">果</text>
                <text font="JQUZDQ+SimSun" bbox="231.600,179.429,242.160,189.989" colourspace="ICCBased" ncolour="[0]" size="10.560">诊</text>
                <text font="JQUZDQ+SimSun" bbox="242.160,179.429,252.720,189.989" colourspace="ICCBased" ncolour="[0]" size="10.560">断</text>
                <text font="JQUZDQ+SimSun" bbox="252.720,179.429,263.280,189.989" colourspace="ICCBased" ncolour="[0]" size="10.560">报</text>
                <text font="JQUZDQ+SimSun" bbox="263.280,179.429,273.840,189.989" colourspace="ICCBased" ncolour="[0]" size="10.560">告</text>
                <text font="JQUZDQ+SimSun" bbox="273.840,179.429,284.400,189.989" colourspace="ICCBased" ncolour="[0]" size="10.560">。</text>
                <text font="JQUZDQ+SimSun" bbox="284.160,179.429,294.720,189.989" colourspace="ICCBased" ncolour="[0]" size="10.560">不</text>
                <text font="JQUZDQ+SimSun" bbox="294.720,179.429,305.280,189.989" colourspace="ICCBased" ncolour="[0]" size="10.560">可</text>
                <text font="JQUZDQ+SimSun" bbox="305.280,179.429,315.840,189.989" colourspace="ICCBased" ncolour="[0]" size="10.560">逆</text>
                <text font="JQUZDQ+SimSun" bbox="315.840,179.429,326.400,189.989" colourspace="ICCBased" ncolour="[0]" size="10.560">的</text>
                <text font="JQUZDQ+SimSun" bbox="326.400,179.429,336.960,189.989" colourspace="ICCBased" ncolour="[0]" size="10.560">身</text>
                <text font="JQUZDQ+SimSun" bbox="336.960,179.429,347.520,189.989" colourspace="ICCBased" ncolour="[0]" size="10.560">体</text>
                <text font="JQUZDQ+SimSun" bbox="347.280,179.429,357.840,189.989" colourspace="ICCBased" ncolour="[0]" size="10.560">部</text>
                <text font="JQUZDQ+SimSun" bbox="357.840,179.429,368.400,189.989" colourspace="ICCBased" ncolour="[0]" size="10.560">位</text>
                <text font="JQUZDQ+SimSun" bbox="368.400,179.429,378.960,189.989" colourspace="ICCBased" ncolour="[0]" size="10.560">功</text>
                <text font="JQUZDQ+SimSun" bbox="378.960,179.429,389.520,189.989" colourspace="ICCBased" ncolour="[0]" size="10.560">能</text>
                <text font="JQUZDQ+SimSun" bbox="389.520,179.429,400.080,189.989" colourspace="ICCBased" ncolour="[0]" size="10.560">障</text>
                <text font="JQUZDQ+SimSun" bbox="399.840,179.429,410.400,189.989" colourspace="ICCBased" ncolour="[0]" size="10.560">碍</text>
                <text font="JQUZDQ+SimSun" bbox="410.400,179.429,420.960,189.989" colourspace="ICCBased" ncolour="[0]" size="10.560">指</text>
                <text font="JQUZDQ+SimSun" bbox="420.960,179.429,431.520,189.989" colourspace="ICCBased" ncolour="[0]" size="10.560">诊</text>
                <text font="JQUZDQ+SimSun" bbox="431.520,179.429,442.080,189.989" colourspace="ICCBased" ncolour="[0]" size="10.560">断</text>
                <text font="JQUZDQ+SimSun" bbox="442.080,179.429,452.640,189.989" colourspace="ICCBased" ncolour="[0]" size="10.560">为</text>
                <text font="JQUZDQ+SimSun" bbox="452.400,179.429,462.960,189.989" colourspace="ICCBased" ncolour="[0]" size="10.560">功</text>
                <text font="JQUZDQ+SimSun" bbox="462.960,179.429,473.520,189.989" colourspace="ICCBased" ncolour="[0]" size="10.560">能</text>
                <text font="JQUZDQ+SimSun" bbox="473.520,179.429,484.080,189.989" colourspace="ICCBased" ncolour="[0]" size="10.560">障</text>
                <text font="JQUZDQ+SimSun" bbox="484.080,179.429,494.640,189.989" colourspace="ICCBased" ncolour="[0]" size="10.560">碍</text>
                <text font="JQUZDQ+SimSun" bbox="494.640,179.429,505.200,189.989" colourspace="ICCBased" ncolour="[0]" size="10.560">后</text>
                <text font="JQUZDQ+SimSun" bbox="505.200,179.429,515.760,189.989" colourspace="ICCBased" ncolour="[0]" size="10.560">需</text>
                <text font="JQUZDQ+SimSun" bbox="515.760,179.429,526.320,189.989" colourspace="ICCBased" ncolour="[0]" size="10.560">已</text>
                <text font="JQUZDQ+SimSun" bbox="526.080,179.429,536.640,189.989" colourspace="ICCBased" ncolour="[0]" size="10.560">经</text>
                <text font="JQUZDQ+SimSun" bbox="536.640,179.429,547.200,189.989" colourspace="ICCBased" ncolour="[0]" size="10.560">持</text>
                <text>
                </text>
            </textline>
            <textline bbox="210.480,163.829,289.205,174.392">
                <text font="JQUZDQ+SimSun" bbox="210.480,163.832,221.040,174.392" colourspace="ICCBased" ncolour="[0]" size="10.560">续</text>
                <text> </text>
                <text font="JTTPDQ+SimSun" bbox="223.680,163.829,228.960,174.389" colourspace="ICCBased" ncolour="[0]" size="10.560">1</text>
                <text font="JTTPDQ+SimSun" bbox="228.960,163.829,234.240,174.389" colourspace="ICCBased" ncolour="[0]" size="10.560">8</text>
                <text font="JTTPDQ+SimSun" bbox="234.240,163.829,239.520,174.389" colourspace="ICCBased" ncolour="[0]" size="10.560">0</text>
                <text> </text>
                <text font="JQUZDQ+SimSun" bbox="242.160,163.829,252.720,174.389" colourspace="ICCBased" ncolour="[0]" size="10.560">日</text>
                <text font="JQUZDQ+SimSun" bbox="252.720,163.829,263.280,174.389" colourspace="ICCBased" ncolour="[0]" size="10.560">以</text>
                <text font="JQUZDQ+SimSun" bbox="263.040,163.829,273.600,174.389" colourspace="ICCBased" ncolour="[0]" size="10.560">上</text>
                <text font="JQUZDQ+SimSun" bbox="273.600,163.829,284.160,174.389" colourspace="ICCBased" ncolour="[0]" size="10.560">。</text>
                <text font="JTTPDQ+SimSun" bbox="283.925,163.829,289.205,174.389" colourspace="ICCBased" ncolour="[0]" size="10.560"> </text>
                <text>
                </text>
            </textline>
            <textline bbox="210.480,148.232,488.641,158.792">
                <text font="JQUZDQ+SimSun" bbox="210.480,148.232,221.040,158.792" colourspace="ICCBased" ncolour="[0]" size="10.560">由</text>
                <text font="JQUZDQ+SimSun" bbox="221.040,148.232,231.600,158.792" colourspace="ICCBased" ncolour="[0]" size="10.560">神</text>
                <text font="JQUZDQ+SimSun" bbox="231.600,148.232,242.160,158.792" colourspace="ICCBased" ncolour="[0]" size="10.560">经</text>
                <text font="JQUZDQ+SimSun" bbox="242.160,148.232,252.720,158.792" colourspace="ICCBased" ncolour="[0]" size="10.560">科</text>
                <text font="JQUZDQ+SimSun" bbox="252.720,148.232,263.280,158.792" colourspace="ICCBased" ncolour="[0]" size="10.560">专</text>
                <text font="JQUZDQ+SimSun" bbox="263.040,148.232,273.600,158.792" colourspace="ICCBased" ncolour="[0]" size="10.560">科</text>
                <text font="JQUZDQ+SimSun" bbox="273.600,148.232,284.160,158.792" colourspace="ICCBased" ncolour="[0]" size="10.560">医</text>
                <text font="JQUZDQ+SimSun" bbox="284.160,148.232,294.720,158.792" colourspace="ICCBased" ncolour="[0]" size="10.560">生</text>
                <text font="JQUZDQ+SimSun" bbox="294.720,148.232,305.280,158.792" colourspace="ICCBased" ncolour="[0]" size="10.560">提</text>
                <text font="JQUZDQ+SimSun" bbox="305.040,148.232,315.600,158.792" colourspace="ICCBased" ncolour="[0]" size="10.560">供</text>
                <text font="JQUZDQ+SimSun" bbox="315.600,148.232,326.160,158.792" colourspace="ICCBased" ncolour="[0]" size="10.560">的</text>
                <text font="JQUZDQ+SimSun" bbox="326.160,148.232,336.720,158.792" colourspace="ICCBased" ncolour="[0]" size="10.560">明</text>
                <text font="JQUZDQ+SimSun" bbox="336.720,148.232,347.280,158.792" colourspace="ICCBased" ncolour="[0]" size="10.560">确</text>
                <text font="JQUZDQ+SimSun" bbox="347.040,148.232,357.600,158.792" colourspace="ICCBased" ncolour="[0]" size="10.560">诊</text>
                <text font="JQUZDQ+SimSun" bbox="357.600,148.232,368.160,158.792" colourspace="ICCBased" ncolour="[0]" size="10.560">断</text>
                <text font="JQUZDQ+SimSun" bbox="368.160,148.232,378.720,158.792" colourspace="ICCBased" ncolour="[0]" size="10.560">必</text>
                <text font="JQUZDQ+SimSun" bbox="378.720,148.232,389.280,158.792" colourspace="ICCBased" ncolour="[0]" size="10.560">须</text>
                <text font="JQUZDQ+SimSun" bbox="389.040,148.232,399.600,158.792" colourspace="ICCBased" ncolour="[0]" size="10.560">同</text>
                <text font="JQUZDQ+SimSun" bbox="399.600,148.232,410.160,158.792" colourspace="ICCBased" ncolour="[0]" size="10.560">时</text>
                <text font="JQUZDQ+SimSun" bbox="410.160,148.232,420.720,158.792" colourspace="ICCBased" ncolour="[0]" size="10.560">包</text>
                <text font="JQUZDQ+SimSun" bbox="420.720,148.232,431.280,158.792" colourspace="ICCBased" ncolour="[0]" size="10.560">含</text>
                <text font="JQUZDQ+SimSun" bbox="431.040,148.232,441.600,158.792" colourspace="ICCBased" ncolour="[0]" size="10.560">下</text>
                <text font="JQUZDQ+SimSun" bbox="441.600,148.232,452.160,158.792" colourspace="ICCBased" ncolour="[0]" size="10.560">列</text>
                <text font="JQUZDQ+SimSun" bbox="451.920,148.232,462.480,158.792" colourspace="ICCBased" ncolour="[0]" size="10.560">内</text>
                <text font="JQUZDQ+SimSun" bbox="462.480,148.232,473.040,158.792" colourspace="ICCBased" ncolour="[0]" size="10.560">容</text>
                <text font="JQUZDQ+SimSun" bbox="473.040,148.232,483.600,158.792" colourspace="ICCBased" ncolour="[0]" size="10.560">：</text>
                <text font="JTTPDQ+SimSun" bbox="483.361,148.232,488.641,158.792" colourspace="ICCBased" ncolour="[0]" size="10.560"> </text>
                <text>
                </text>
            </textline>
            <textline bbox="210.480,132.635,504.481,143.195">
                <text font="JQUZDQ+SimSun" bbox="210.480,132.635,221.040,143.195" colourspace="ICCBased" ncolour="[0]" size="10.560">（</text>
                <text font="JTTPDQ+SimSun" bbox="221.040,132.635,226.320,143.195" colourspace="ICCBased" ncolour="[0]" size="10.560">1</text>
                <text font="JQUZDQ+SimSun" bbox="226.320,132.635,236.880,143.195" colourspace="ICCBased" ncolour="[0]" size="10.560">）</text>
                <text font="JQUZDQ+SimSun" bbox="236.880,132.635,247.440,143.195" colourspace="ICCBased" ncolour="[0]" size="10.560">明</text>
                <text font="JQUZDQ+SimSun" bbox="247.440,132.635,258.000,143.195" colourspace="ICCBased" ncolour="[0]" size="10.560">确</text>
                <text font="JQUZDQ+SimSun" bbox="258.000,132.635,268.560,143.195" colourspace="ICCBased" ncolour="[0]" size="10.560">出</text>
                <text font="JQUZDQ+SimSun" bbox="268.320,132.635,278.880,143.195" colourspace="ICCBased" ncolour="[0]" size="10.560">现</text>
                <text font="JQUZDQ+SimSun" bbox="278.880,132.635,289.440,143.195" colourspace="ICCBased" ncolour="[0]" size="10.560">因</text>
                <text font="JQUZDQ+SimSun" bbox="289.440,132.635,300.000,143.195" colourspace="ICCBased" ncolour="[0]" size="10.560">视</text>
                <text font="JQUZDQ+SimSun" bbox="300.000,132.635,310.560,143.195" colourspace="ICCBased" ncolour="[0]" size="10.560">神</text>
                <text font="JQUZDQ+SimSun" bbox="310.320,132.635,320.880,143.195" colourspace="ICCBased" ncolour="[0]" size="10.560">经</text>
                <text font="JQUZDQ+SimSun" bbox="320.880,132.635,331.440,143.195" colourspace="ICCBased" ncolour="[0]" size="10.560">、</text>
                <text font="JQUZDQ+SimSun" bbox="331.440,132.635,342.000,143.195" colourspace="ICCBased" ncolour="[0]" size="10.560">脑</text>
                <text font="JQUZDQ+SimSun" bbox="342.000,132.635,352.560,143.195" colourspace="ICCBased" ncolour="[0]" size="10.560">干</text>
                <text font="JQUZDQ+SimSun" bbox="352.320,132.635,362.880,143.195" colourspace="ICCBased" ncolour="[0]" size="10.560">和</text>
                <text font="JQUZDQ+SimSun" bbox="362.880,132.635,373.440,143.195" colourspace="ICCBased" ncolour="[0]" size="10.560">脊</text>
                <text font="JQUZDQ+SimSun" bbox="373.440,132.635,384.000,143.195" colourspace="ICCBased" ncolour="[0]" size="10.560">髓</text>
                <text font="JQUZDQ+SimSun" bbox="384.000,132.635,394.560,143.195" colourspace="ICCBased" ncolour="[0]" size="10.560">损</text>
                <text font="JQUZDQ+SimSun" bbox="394.320,132.635,404.880,143.195" colourspace="ICCBased" ncolour="[0]" size="10.560">伤</text>
                <text font="JQUZDQ+SimSun" bbox="404.880,132.635,415.440,143.195" colourspace="ICCBased" ncolour="[0]" size="10.560">而</text>
                <text font="JQUZDQ+SimSun" bbox="415.440,132.635,426.000,143.195" colourspace="ICCBased" ncolour="[0]" size="10.560">导</text>
                <text font="JQUZDQ+SimSun" bbox="425.760,132.635,436.320,143.195" colourspace="ICCBased" ncolour="[0]" size="10.560">致</text>
                <text font="JQUZDQ+SimSun" bbox="436.320,132.635,446.880,143.195" colourspace="ICCBased" ncolour="[0]" size="10.560">的</text>
                <text font="JQUZDQ+SimSun" bbox="446.640,132.635,457.200,143.195" colourspace="ICCBased" ncolour="[0]" size="10.560">临</text>
                <text font="JQUZDQ+SimSun" bbox="457.200,132.635,467.760,143.195" colourspace="ICCBased" ncolour="[0]" size="10.560">床</text>
                <text font="JQUZDQ+SimSun" bbox="467.760,132.635,478.320,143.195" colourspace="ICCBased" ncolour="[0]" size="10.560">表</text>
                <text font="JQUZDQ+SimSun" bbox="478.320,132.635,488.880,143.195" colourspace="ICCBased" ncolour="[0]" size="10.560">现</text>
                <text font="JQUZDQ+SimSun" bbox="488.880,132.635,499.440,143.195" colourspace="ICCBased" ncolour="[0]" size="10.560">；</text>
                <text font="JTTPDQ+SimSun" bbox="499.201,132.635,504.481,143.195" colourspace="ICCBased" ncolour="[0]" size="10.560"> </text>
                <text>
                </text>
            </textline>
            <textline bbox="210.480,117.037,378.479,127.597">
                <text font="JQUZDQ+SimSun" bbox="210.480,117.037,221.040,127.597" colourspace="ICCBased" ncolour="[0]" size="10.560">（</text>
                <text font="JTTPDQ+SimSun" bbox="221.040,117.037,226.320,127.597" colourspace="ICCBased" ncolour="[0]" size="10.560">2</text>
                <text font="JQUZDQ+SimSun" bbox="226.320,117.037,236.880,127.597" colourspace="ICCBased" ncolour="[0]" size="10.560">）</text>
                <text font="JQUZDQ+SimSun" bbox="236.880,117.037,247.440,127.597" colourspace="ICCBased" ncolour="[0]" size="10.560">神</text>
                <text font="JQUZDQ+SimSun" bbox="247.440,117.037,258.000,127.597" colourspace="ICCBased" ncolour="[0]" size="10.560">经</text>
                <text font="JQUZDQ+SimSun" bbox="258.000,117.037,268.560,127.597" colourspace="ICCBased" ncolour="[0]" size="10.560">系</text>
                <text font="JQUZDQ+SimSun" bbox="268.320,117.037,278.880,127.597" colourspace="ICCBased" ncolour="[0]" size="10.560">统</text>
                <text font="JQUZDQ+SimSun" bbox="278.880,117.037,289.440,127.597" colourspace="ICCBased" ncolour="[0]" size="10.560">散</text>
                <text font="JQUZDQ+SimSun" bbox="289.440,117.037,300.000,127.597" colourspace="ICCBased" ncolour="[0]" size="10.560">在</text>
                <text font="JQUZDQ+SimSun" bbox="300.000,117.037,310.560,127.597" colourspace="ICCBased" ncolour="[0]" size="10.560">的</text>
                <text font="JQUZDQ+SimSun" bbox="310.320,117.037,320.880,127.597" colourspace="ICCBased" ncolour="[0]" size="10.560">多</text>
                <text font="JQUZDQ+SimSun" bbox="320.880,117.037,331.440,127.597" colourspace="ICCBased" ncolour="[0]" size="10.560">部</text>
                <text font="JQUZDQ+SimSun" bbox="331.440,117.037,342.000,127.597" colourspace="ICCBased" ncolour="[0]" size="10.560">位</text>
                <text font="JQUZDQ+SimSun" bbox="342.000,117.037,352.560,127.597" colourspace="ICCBased" ncolour="[0]" size="10.560">病</text>
                <text font="JQUZDQ+SimSun" bbox="352.320,117.037,362.880,127.597" colourspace="ICCBased" ncolour="[0]" size="10.560">变</text>
                <text font="JQUZDQ+SimSun" bbox="362.880,117.037,373.440,127.597" colourspace="ICCBased" ncolour="[0]" size="10.560">；</text>
                <text font="JTTPDQ+SimSun" bbox="373.199,117.037,378.479,127.597" colourspace="ICCBased" ncolour="[0]" size="10.560"> </text>
                <text>
                </text>
            </textline>
            <textline bbox="210.480,101.440,514.798,112.000">
                <text font="JQUZDQ+SimSun" bbox="210.480,101.440,221.040,112.000" colourspace="ICCBased" ncolour="[0]" size="10.560">（</text>
                <text font="JTTPDQ+SimSun" bbox="221.040,101.440,226.320,112.000" colourspace="ICCBased" ncolour="[0]" size="10.560">3</text>
                <text font="JQUZDQ+SimSun" bbox="226.320,101.440,236.880,112.000" colourspace="ICCBased" ncolour="[0]" size="10.560">）</text>
                <text font="JQUZDQ+SimSun" bbox="236.880,101.440,247.440,112.000" colourspace="ICCBased" ncolour="[0]" size="10.560">有</text>
                <text font="JQUZDQ+SimSun" bbox="247.440,101.440,258.000,112.000" colourspace="ICCBased" ncolour="[0]" size="10.560">明</text>
                <text font="JQUZDQ+SimSun" bbox="258.000,101.440,268.560,112.000" colourspace="ICCBased" ncolour="[0]" size="10.560">确</text>
                <text font="JQUZDQ+SimSun" bbox="268.320,101.440,278.880,112.000" colourspace="ICCBased" ncolour="[0]" size="10.560">的</text>
                <text font="JQUZDQ+SimSun" bbox="278.880,101.440,289.440,112.000" colourspace="ICCBased" ncolour="[0]" size="10.560">上</text>
                <text font="JQUZDQ+SimSun" bbox="289.440,101.440,300.000,112.000" colourspace="ICCBased" ncolour="[0]" size="10.560">述</text>
                <text font="JQUZDQ+SimSun" bbox="300.000,101.440,310.560,112.000" colourspace="ICCBased" ncolour="[0]" size="10.560">症</text>
                <text font="JQUZDQ+SimSun" bbox="310.320,101.440,320.880,112.000" colourspace="ICCBased" ncolour="[0]" size="10.560">状</text>
                <text font="JQUZDQ+SimSun" bbox="320.880,101.440,331.440,112.000" colourspace="ICCBased" ncolour="[0]" size="10.560">及</text>
                <text font="JQUZDQ+SimSun" bbox="331.440,101.440,342.000,112.000" colourspace="ICCBased" ncolour="[0]" size="10.560">神</text>
                <text font="JQUZDQ+SimSun" bbox="342.000,101.440,352.560,112.000" colourspace="ICCBased" ncolour="[0]" size="10.560">经</text>
                <text font="JQUZDQ+SimSun" bbox="352.320,101.440,362.880,112.000" colourspace="ICCBased" ncolour="[0]" size="10.560">损</text>
                <text font="JQUZDQ+SimSun" bbox="362.880,101.440,373.440,112.000" colourspace="ICCBased" ncolour="[0]" size="10.560">伤</text>
                <text font="JQUZDQ+SimSun" bbox="373.440,101.440,384.000,112.000" colourspace="ICCBased" ncolour="[0]" size="10.560">反</text>
                <text font="JQUZDQ+SimSun" bbox="384.000,101.440,394.560,112.000" colourspace="ICCBased" ncolour="[0]" size="10.560">复</text>
                <text font="JQUZDQ+SimSun" bbox="394.320,101.440,404.880,112.000" colourspace="ICCBased" ncolour="[0]" size="10.560">恶</text>
                <text font="JQUZDQ+SimSun" bbox="404.880,101.440,415.440,112.000" colourspace="ICCBased" ncolour="[0]" size="10.560">化</text>
                <text font="JQUZDQ+SimSun" bbox="415.440,101.440,426.000,112.000" colourspace="ICCBased" ncolour="[0]" size="10.560">、</text>
                <text font="JQUZDQ+SimSun" bbox="425.760,101.440,436.320,112.000" colourspace="ICCBased" ncolour="[0]" size="10.560">减</text>
                <text font="JQUZDQ+SimSun" bbox="436.320,101.440,446.880,112.000" colourspace="ICCBased" ncolour="[0]" size="10.560">轻</text>
                <text font="JQUZDQ+SimSun" bbox="446.640,101.440,457.200,112.000" colourspace="ICCBased" ncolour="[0]" size="10.560">的</text>
                <text font="JQUZDQ+SimSun" bbox="457.200,101.440,467.760,112.000" colourspace="ICCBased" ncolour="[0]" size="10.560">病</text>
                <text font="JQUZDQ+SimSun" bbox="467.760,101.440,478.320,112.000" colourspace="ICCBased" ncolour="[0]" size="10.560">史</text>
                <text font="JQUZDQ+SimSun" bbox="478.320,101.440,488.880,112.000" colourspace="ICCBased" ncolour="[0]" size="10.560">纪</text>
                <text font="JQUZDQ+SimSun" bbox="488.880,101.440,499.440,112.000" colourspace="ICCBased" ncolour="[0]" size="10.560">录</text>
                <text font="JQUZDQ+SimSun" bbox="499.200,101.440,509.760,112.000" colourspace="ICCBased" ncolour="[0]" size="10.560">。</text>
                <text font="JTTPDQ+SimSun" bbox="509.518,101.440,514.798,112.000" colourspace="ICCBased" ncolour="[0]" size="10.560"> </text>
                <text>
                </text>
            </textline>
            <textline bbox="210.480,85.829,215.760,96.389">
                <text font="JTTPDQ+SimSun" bbox="210.480,85.829,215.760,96.389" colourspace="ICCBased" ncolour="[0]" size="10.560"> </text>
                <text>
                </text>
            </textline>
            <textline bbox="210.480,74.309,547.200,84.869">
                <text font="JQUZDQ+SimSun" bbox="210.480,74.309,221.040,84.869" colourspace="ICCBased" ncolour="[0]" size="10.560">是</text>
                <text font="JQUZDQ+SimSun" bbox="221.040,74.309,231.600,84.869" colourspace="ICCBased" ncolour="[0]" size="10.560">一</text>
                <text font="JQUZDQ+SimSun" bbox="231.600,74.309,242.160,84.869" colourspace="ICCBased" ncolour="[0]" size="10.560">种</text>
                <text font="JQUZDQ+SimSun" bbox="242.160,74.309,252.720,84.869" colourspace="ICCBased" ncolour="[0]" size="10.560">中</text>
                <text font="JQUZDQ+SimSun" bbox="252.720,74.309,263.280,84.869" colourspace="ICCBased" ncolour="[0]" size="10.560">枢</text>
                <text font="JQUZDQ+SimSun" bbox="263.280,74.309,273.840,84.869" colourspace="ICCBased" ncolour="[0]" size="10.560">神</text>
                <text font="JQUZDQ+SimSun" bbox="273.840,74.309,284.400,84.869" colourspace="ICCBased" ncolour="[0]" size="10.560">经</text>
                <text font="JQUZDQ+SimSun" bbox="284.160,74.309,294.720,84.869" colourspace="ICCBased" ncolour="[0]" size="10.560">系</text>
                <text font="JQUZDQ+SimSun" bbox="294.720,74.309,305.280,84.869" colourspace="ICCBased" ncolour="[0]" size="10.560">统</text>
                <text font="JQUZDQ+SimSun" bbox="305.280,74.309,315.840,84.869" colourspace="ICCBased" ncolour="[0]" size="10.560">的</text>
                <text font="JQUZDQ+SimSun" bbox="315.840,74.309,326.400,84.869" colourspace="ICCBased" ncolour="[0]" size="10.560">退</text>
                <text font="JQUZDQ+SimSun" bbox="326.400,74.309,336.960,84.869" colourspace="ICCBased" ncolour="[0]" size="10.560">行</text>
                <text font="JQUZDQ+SimSun" bbox="336.960,74.309,347.520,84.869" colourspace="ICCBased" ncolour="[0]" size="10.560">性</text>
                <text font="JQUZDQ+SimSun" bbox="347.280,74.309,357.840,84.869" colourspace="ICCBased" ncolour="[0]" size="10.560">疾</text>
                <text font="JQUZDQ+SimSun" bbox="357.840,74.309,368.400,84.869" colourspace="ICCBased" ncolour="[0]" size="10.560">病</text>
                <text font="JQUZDQ+SimSun" bbox="368.400,74.309,378.960,84.869" colourspace="ICCBased" ncolour="[0]" size="10.560">，</text>
                <text font="JQUZDQ+SimSun" bbox="378.960,74.309,389.520,84.869" colourspace="ICCBased" ncolour="[0]" size="10.560">临</text>
                <text font="JQUZDQ+SimSun" bbox="389.520,74.309,400.080,84.869" colourspace="ICCBased" ncolour="[0]" size="10.560">床</text>
                <text font="JQUZDQ+SimSun" bbox="399.840,74.309,410.400,84.869" colourspace="ICCBased" ncolour="[0]" size="10.560">表</text>
                <text font="JQUZDQ+SimSun" bbox="410.400,74.309,420.960,84.869" colourspace="ICCBased" ncolour="[0]" size="10.560">现</text>
                <text font="JQUZDQ+SimSun" bbox="420.960,74.309,431.520,84.869" colourspace="ICCBased" ncolour="[0]" size="10.560">为</text>
                <text font="JQUZDQ+SimSun" bbox="431.520,74.309,442.080,84.869" colourspace="ICCBased" ncolour="[0]" size="10.560">震</text>
                <text font="JQUZDQ+SimSun" bbox="442.080,74.309,452.640,84.869" colourspace="ICCBased" ncolour="[0]" size="10.560">颤</text>
                <text font="JQUZDQ+SimSun" bbox="452.400,74.309,462.960,84.869" colourspace="ICCBased" ncolour="[0]" size="10.560">麻</text>
                <text font="JQUZDQ+SimSun" bbox="462.960,74.309,473.520,84.869" colourspace="ICCBased" ncolour="[0]" size="10.560">痹</text>
                <text font="JQUZDQ+SimSun" bbox="473.520,74.309,484.080,84.869" colourspace="ICCBased" ncolour="[0]" size="10.560">、</text>
                <text font="JQUZDQ+SimSun" bbox="484.080,74.309,494.640,84.869" colourspace="ICCBased" ncolour="[0]" size="10.560">共</text>
                <text font="JQUZDQ+SimSun" bbox="494.640,74.309,505.200,84.869" colourspace="ICCBased" ncolour="[0]" size="10.560">济</text>
                <text font="JQUZDQ+SimSun" bbox="505.200,74.309,515.760,84.869" colourspace="ICCBased" ncolour="[0]" size="10.560">失</text>
                <text font="JQUZDQ+SimSun" bbox="515.760,74.309,526.320,84.869" colourspace="ICCBased" ncolour="[0]" size="10.560">调</text>
                <text font="JQUZDQ+SimSun" bbox="526.080,74.309,536.640,84.869" colourspace="ICCBased" ncolour="[0]" size="10.560">等</text>
                <text font="JQUZDQ+SimSun" bbox="536.640,74.309,547.200,84.869" colourspace="ICCBased" ncolour="[0]" size="10.560">。</text>
                <text>
                </text>
            </textline>
        </textbox>
        <textbox id="18" bbox="63.600,73.488,172.368,85.488">
            <textline bbox="63.600,73.488,172.368,85.488">
                <text font="JTTPDQ+SimSun" bbox="63.600,74.309,68.880,84.869" colourspace="ICCBased" ncolour="[0]" size="10.560">5</text>
                <text font="JTTPDQ+SimSun" bbox="68.880,74.309,74.160,84.869" colourspace="ICCBased" ncolour="[0]" size="10.560">0</text>
                <text font="JTTPDQ+SimSun" bbox="74.160,74.309,79.440,84.869" colourspace="ICCBased" ncolour="[0]" size="10.560"> </text>
                <text> </text>
                <text font="ERELLA+STXinwei" bbox="97.440,73.488,109.440,85.488" colourspace="ICCBased" ncolour="[0]" size="12.000">严</text>
                <text font="ERELLA+STXinwei" bbox="109.440,73.488,121.440,85.488" colourspace="ICCBased" ncolour="[0]" size="12.000">重</text>
                <text font="ERELLA+STXinwei" bbox="121.440,73.488,133.440,85.488" colourspace="ICCBased" ncolour="[0]" size="12.000">帕</text>
                <text font="ERELLA+STXinwei" bbox="133.440,73.488,145.440,85.488" colourspace="ICCBased" ncolour="[0]" size="12.000">金</text>
                <text font="ERELLA+STXinwei" bbox="145.440,73.488,157.440,85.488" colourspace="ICCBased" ncolour="[0]" size="12.000">森</text>
                <text font="ERELLA+STXinwei" bbox="157.440,73.488,169.440,85.488" colourspace="ICCBased" ncolour="[0]" size="12.000">病</text>
                <text font="ERELLA+STXinwei" bbox="169.440,73.488,172.368,85.488" colourspace="ICCBased" ncolour="[0]" size="12.000"> </text>
                <text>
                </text>
            </textline>
        </textbox>
        <textbox id="19" bbox="97.440,221.088,100.368,233.088">
            <textline bbox="97.440,221.088,100.368,233.088">
                <text font="ERELLA+STXinwei" bbox="97.440,221.088,100.368,233.088" colourspace="ICCBased" ncolour="[0]" size="12.000"> </text>
                <text>
                </text>
            </textline>
        </textbox>
        <textbox id="20" bbox="97.440,85.008,100.368,97.008">
            <textline bbox="97.440,85.008,100.368,97.008">
                <text font="ERELLA+STXinwei" bbox="97.440,85.008,100.368,97.008" colourspace="ICCBased" ncolour="[0]" size="12.000"> </text>
                <text>
                </text>
            </textline>
        </textbox>
        <textbox id="21" bbox="51.120,85.829,56.400,96.389">
            <textline bbox="51.120,85.829,56.400,96.389">
                <text font="JTTPDQ+SimSun" bbox="51.120,85.829,56.400,96.389" colourspace="ICCBased" ncolour="[0]" size="10.560"> </text>
                <text>
                </text>
            </textline>
        </textbox>
        <rect linewidth="0" bbox="210.480,727.920,347.040,741.840" />
        <rect linewidth="0" bbox="210.480,580.560,451.920,594.480" />
        <rect linewidth="0" bbox="210.480,398.880,451.920,412.800" />
        <rect linewidth="0" bbox="210.480,294.000,399.360,307.920" />
        <layout>
            <textgroup bbox="51.120,73.488,552.480,783.408">
                <textgroup bbox="51.120,384.869,552.000,783.408">
                    <textgroup bbox="51.120,446.448,199.680,783.408">
                        <textgroup bbox="51.120,674.928,172.368,783.408">
                            <textgroup bbox="51.120,759.888,172.368,783.408">
                                <textgroup bbox="51.120,771.408,100.368,783.408">
                                    <textbox id="0" bbox="51.120,772.229,56.400,782.789" />
                                    <textbox id="1" bbox="97.440,771.408,100.368,783.408" />
                                </textgroup>
                                <textbox id="2" bbox="63.600,759.888,172.368,771.888" />
                            </textgroup>
                            <textgroup bbox="63.600,674.928,160.017,725.088">
                                <textbox id="3" bbox="97.440,687.028,142.257,725.088" />
                                <textbox id="4" bbox="63.600,674.928,160.017,724.469" />
                            </textgroup>
                        </textgroup>
                        <textgroup bbox="51.120,446.448,199.680,577.109">
                            <textgroup bbox="51.120,538.368,199.680,577.109">
                                <textgroup bbox="51.120,554.448,199.680,577.109">
                                    <textgroup bbox="51.120,566.548,100.017,577.109">
                                        <textbox id="5" bbox="51.120,566.549,56.400,577.109" />
                                        <textbox id="6" bbox="97.440,566.548,100.017,577.108" />
                                    </textgroup>
                                    <textbox id="7" bbox="63.600,554.448,199.680,566.448" />
                                </textgroup>
                                <textbox id="8" bbox="97.440,538.368,148.017,550.368" />
                            </textgroup>
                            <textgroup bbox="63.600,446.448,148.017,472.229">
                                <textbox id="9" bbox="97.440,461.668,100.017,472.228" />
                                <textbox id="10" bbox="63.600,446.448,148.017,472.229" />
                            </textgroup>
                        </textgroup>
                    </textgroup>
                    <textgroup bbox="210.480,384.869,552.000,782.789">
                        <textbox id="11" bbox="210.480,492.869,552.000,782.789" />
                        <textgroup bbox="210.480,384.869,547.200,487.829">
                            <textbox id="12" bbox="236.640,477.269,315.360,487.829" />
                            <textbox id="13" bbox="210.480,384.869,547.200,472.229" />
                        </textgroup>
                    </textgroup>
                </textgroup>
                <textgroup bbox="51.120,73.488,552.480,395.429">
                    <textgroup bbox="63.600,73.488,552.480,395.429">
                        <textbox id="14" bbox="97.440,384.868,100.017,395.428" />
                        <textgroup bbox="63.600,73.488,552.480,395.429">
                            <textgroup bbox="63.600,73.488,552.480,395.429">
                                <textgroup bbox="63.600,73.488,552.480,395.429">
                                    <textgroup bbox="63.600,74.309,552.480,395.429">
                                        <textbox id="15" bbox="63.600,267.888,124.017,290.549" />
                                        <textgroup bbox="63.600,74.309,552.480,395.429">
                                            <textbox id="16" bbox="63.600,221.909,547.207,395.429" />
                                            <textbox id="17" bbox="63.600,74.309,552.480,232.469" />
                                        </textgroup>
                                    </textgroup>
                                    <textbox id="18" bbox="63.600,73.488,172.368,85.488" />
                                </textgroup>
                                <textbox id="19" bbox="97.440,221.088,100.368,233.088" />
                            </textgroup>
                            <textbox id="20" bbox="97.440,85.008,100.368,97.008" />
                        </textgroup>
                    </textgroup>
                    <textbox id="21" bbox="51.120,85.829,56.400,96.389" />
                </textgroup>
            </textgroup>
        </layout>
    </page>
    <page id="15" bbox="0.000,0.000,595.200,841.920" rotate="0">
        <textbox id="0" bbox="210.480,741.029,557.277,782.789">
            <textline bbox="210.480,772.229,325.922,782.789">
                <text font="JQUZDQ+SimSun" bbox="210.480,772.229,221.040,782.789" colourspace="ICCBased" ncolour="[0]" size="10.560">须</text>
                <text font="JQUZDQ+SimSun" bbox="221.040,772.229,231.600,782.789" colourspace="ICCBased" ncolour="[0]" size="10.560">满</text>
                <text font="JQUZDQ+SimSun" bbox="231.600,772.229,242.160,782.789" colourspace="ICCBased" ncolour="[0]" size="10.560">足</text>
                <text font="JQUZDQ+SimSun" bbox="242.160,772.229,252.720,782.789" colourspace="ICCBased" ncolour="[0]" size="10.560">下</text>
                <text font="JQUZDQ+SimSun" bbox="252.720,772.229,263.280,782.789" colourspace="ICCBased" ncolour="[0]" size="10.560">列</text>
                <text font="JQUZDQ+SimSun" bbox="263.040,772.229,273.600,782.789" colourspace="ICCBased" ncolour="[0]" size="10.560">全</text>
                <text font="JQUZDQ+SimSun" bbox="273.600,772.229,284.160,782.789" colourspace="ICCBased" ncolour="[0]" size="10.560">部</text>
                <text font="JQUZDQ+SimSun" bbox="284.160,772.229,294.720,782.789" colourspace="ICCBased" ncolour="[0]" size="10.560">条</text>
                <text font="JQUZDQ+SimSun" bbox="294.720,772.229,305.280,782.789" colourspace="ICCBased" ncolour="[0]" size="10.560">件</text>
                <text font="JQUZDQ+SimSun" bbox="305.040,772.229,315.600,782.789" colourspace="ICCBased" ncolour="[0]" size="10.560">：</text>
                <text font="JTTPDQ+SimSun" bbox="315.600,772.229,320.880,782.789" colourspace="ICCBased" ncolour="[0]" size="10.560"> </text>
                <text font="JTTPDQ+SimSun" bbox="320.642,772.229,325.922,782.789" colourspace="ICCBased" ncolour="[0]" size="10.560"> </text>
                <text>
                </text>
            </textline>
            <textline bbox="210.480,756.632,362.639,767.192">
                <text font="JQUZDQ+SimSun" bbox="210.480,756.632,221.040,767.192" colourspace="ICCBased" ncolour="[0]" size="10.560">（</text>
                <text font="JTTPDQ+SimSun" bbox="221.040,756.632,226.320,767.192" colourspace="ICCBased" ncolour="[0]" size="10.560">1</text>
                <text font="JQUZDQ+SimSun" bbox="226.320,756.632,236.880,767.192" colourspace="ICCBased" ncolour="[0]" size="10.560">）</text>
                <text font="JQUZDQ+SimSun" bbox="236.880,756.632,247.440,767.192" colourspace="ICCBased" ncolour="[0]" size="10.560">药</text>
                <text font="JQUZDQ+SimSun" bbox="247.440,756.632,258.000,767.192" colourspace="ICCBased" ncolour="[0]" size="10.560">物</text>
                <text font="JQUZDQ+SimSun" bbox="258.000,756.632,268.560,767.192" colourspace="ICCBased" ncolour="[0]" size="10.560">治</text>
                <text font="JQUZDQ+SimSun" bbox="268.320,756.632,278.880,767.192" colourspace="ICCBased" ncolour="[0]" size="10.560">疗</text>
                <text font="JQUZDQ+SimSun" bbox="278.880,756.632,289.440,767.192" colourspace="ICCBased" ncolour="[0]" size="10.560">无</text>
                <text font="JQUZDQ+SimSun" bbox="289.440,756.632,300.000,767.192" colourspace="ICCBased" ncolour="[0]" size="10.560">法</text>
                <text font="JQUZDQ+SimSun" bbox="300.000,756.632,310.560,767.192" colourspace="ICCBased" ncolour="[0]" size="10.560">控</text>
                <text font="JQUZDQ+SimSun" bbox="310.320,756.632,320.880,767.192" colourspace="ICCBased" ncolour="[0]" size="10.560">制</text>
                <text font="JQUZDQ+SimSun" bbox="320.880,756.632,331.440,767.192" colourspace="ICCBased" ncolour="[0]" size="10.560">病</text>
                <text font="JQUZDQ+SimSun" bbox="331.440,756.632,342.000,767.192" colourspace="ICCBased" ncolour="[0]" size="10.560">情</text>
                <text font="JQUZDQ+SimSun" bbox="342.000,756.632,352.560,767.192" colourspace="ICCBased" ncolour="[0]" size="10.560">；</text>
                <text font="JTTPDQ+SimSun" bbox="352.322,756.632,357.602,767.192" colourspace="ICCBased" ncolour="[0]" size="10.560"> </text>
                <text font="JTTPDQ+SimSun" bbox="357.359,756.632,362.639,767.192" colourspace="ICCBased" ncolour="[0]" size="10.560"> </text>
                <text>
                </text>
            </textline>
            <textline bbox="210.480,741.029,557.277,751.595">
                <text font="JQUZDQ+SimSun" bbox="210.480,741.035,221.040,751.595" colourspace="ICCBased" ncolour="[0]" size="10.560">（</text>
                <text font="JTTPDQ+SimSun" bbox="221.040,741.035,226.320,751.595" colourspace="ICCBased" ncolour="[0]" size="10.560">2</text>
                <text font="JQUZDQ+SimSun" bbox="226.320,741.029,236.880,751.589" colourspace="ICCBased" ncolour="[0]" size="10.560">）</text>
                <text font="JQUZDQ+SimSun" bbox="234.480,741.029,245.040,751.589" colourspace="ICCBased" ncolour="[0]" size="10.560">自</text>
                <text font="JQUZDQ+SimSun" bbox="245.040,741.029,255.600,751.589" colourspace="ICCBased" ncolour="[0]" size="10.560">主</text>
                <text font="JQUZDQ+SimSun" bbox="255.600,741.029,266.160,751.589" colourspace="ICCBased" ncolour="[0]" size="10.560">生</text>
                <text font="JQUZDQ+SimSun" bbox="265.920,741.029,276.480,751.589" colourspace="ICCBased" ncolour="[0]" size="10.560">活</text>
                <text font="JQUZDQ+SimSun" bbox="276.480,741.029,287.040,751.589" colourspace="ICCBased" ncolour="[0]" size="10.560">能</text>
                <text font="JQUZDQ+SimSun" bbox="287.040,741.029,297.600,751.589" colourspace="ICCBased" ncolour="[0]" size="10.560">力</text>
                <text font="JQUZDQ+SimSun" bbox="297.600,741.029,308.160,751.589" colourspace="ICCBased" ncolour="[0]" size="10.560">完</text>
                <text font="JQUZDQ+SimSun" bbox="307.920,741.029,318.480,751.589" colourspace="ICCBased" ncolour="[0]" size="10.560">全</text>
                <text font="JQUZDQ+SimSun" bbox="318.480,741.029,329.040,751.589" colourspace="ICCBased" ncolour="[0]" size="10.560">丧</text>
                <text font="JQUZDQ+SimSun" bbox="329.040,741.029,339.600,751.589" colourspace="ICCBased" ncolour="[0]" size="10.560">失</text>
                <text font="JQUZDQ+SimSun" bbox="339.600,741.029,350.160,751.589" colourspace="ICCBased" ncolour="[0]" size="10.560">，</text>
                <text font="JQUZDQ+SimSun" bbox="347.520,741.029,358.080,751.589" colourspace="ICCBased" ncolour="[0]" size="10.560">无</text>
                <text font="JQUZDQ+SimSun" bbox="358.080,741.029,368.640,751.589" colourspace="ICCBased" ncolour="[0]" size="10.560">法</text>
                <text font="JQUZDQ+SimSun" bbox="368.640,741.029,379.200,751.589" colourspace="ICCBased" ncolour="[0]" size="10.560">独</text>
                <text font="JQUZDQ+SimSun" bbox="379.200,741.029,389.760,751.589" colourspace="ICCBased" ncolour="[0]" size="10.560">立</text>
                <text font="JQUZDQ+SimSun" bbox="389.520,741.029,400.080,751.589" colourspace="ICCBased" ncolour="[0]" size="10.560">完</text>
                <text font="JQUZDQ+SimSun" bbox="400.080,741.029,410.640,751.589" colourspace="ICCBased" ncolour="[0]" size="10.560">成</text>
                <text font="JQUZDQ+SimSun" bbox="410.640,741.029,421.200,751.589" colourspace="ICCBased" ncolour="[0]" size="10.560">六</text>
                <text font="JQUZDQ+SimSun" bbox="421.200,741.029,431.760,751.589" colourspace="ICCBased" ncolour="[0]" size="10.560">项</text>
                <text font="JQUZDQ+SimSun" bbox="431.520,741.029,442.080,751.589" colourspace="ICCBased" ncolour="[0]" size="10.560">基</text>
                <text font="JQUZDQ+SimSun" bbox="442.080,741.029,452.640,751.589" colourspace="ICCBased" ncolour="[0]" size="10.560">本</text>
                <text font="JQUZDQ+SimSun" bbox="452.400,741.029,462.960,751.589" colourspace="ICCBased" ncolour="[0]" size="10.560">日</text>
                <text font="JQUZDQ+SimSun" bbox="462.960,741.029,473.520,751.589" colourspace="ICCBased" ncolour="[0]" size="10.560">常</text>
                <text font="JQUZDQ+SimSun" bbox="473.520,741.029,484.080,751.589" colourspace="ICCBased" ncolour="[0]" size="10.560">生</text>
                <text font="JQUZDQ+SimSun" bbox="484.080,741.029,494.640,751.589" colourspace="ICCBased" ncolour="[0]" size="10.560">活</text>
                <text font="JQUZDQ+SimSun" bbox="494.640,741.029,505.200,751.589" colourspace="ICCBased" ncolour="[0]" size="10.560">活</text>
                <text font="JQUZDQ+SimSun" bbox="504.960,741.029,515.520,751.589" colourspace="ICCBased" ncolour="[0]" size="10.560">动</text>
                <text font="JQUZDQ+SimSun" bbox="515.520,741.029,526.080,751.589" colourspace="ICCBased" ncolour="[0]" size="10.560">中</text>
                <text font="JQUZDQ+SimSun" bbox="526.080,741.029,536.640,751.589" colourspace="ICCBased" ncolour="[0]" size="10.560">的</text>
                <text font="JQUZDQ+SimSun" bbox="536.640,741.029,547.200,751.589" colourspace="ICCBased" ncolour="[0]" size="10.560">三</text>
                <text font="JTTPDQ+SimSun" bbox="546.960,741.029,552.240,751.589" colourspace="ICCBased" ncolour="[0]" size="10.560"> </text>
                <text font="JTTPDQ+SimSun" bbox="551.997,741.029,557.277,751.589" colourspace="ICCBased" ncolour="[0]" size="10.560"> </text>
                <text>
                </text>
            </textline>
        </textbox>
        <textbox id="1" bbox="234.720,725.429,318.725,735.989">
            <textline bbox="234.720,725.429,318.725,735.989">
                <text font="JQUZDQ+SimSun" bbox="234.720,725.429,245.280,735.989" colourspace="ICCBased" ncolour="[0]" size="10.560">项</text>
                <text font="JQUZDQ+SimSun" bbox="245.280,725.429,255.840,735.989" colourspace="ICCBased" ncolour="[0]" size="10.560">或</text>
                <text font="JQUZDQ+SimSun" bbox="255.840,725.429,266.400,735.989" colourspace="ICCBased" ncolour="[0]" size="10.560">三</text>
                <text font="JQUZDQ+SimSun" bbox="266.400,725.429,276.960,735.989" colourspace="ICCBased" ncolour="[0]" size="10.560">项</text>
                <text font="JQUZDQ+SimSun" bbox="276.960,725.429,287.520,735.989" colourspace="ICCBased" ncolour="[0]" size="10.560">以</text>
                <text font="JQUZDQ+SimSun" bbox="287.280,725.429,297.840,735.989" colourspace="ICCBased" ncolour="[0]" size="10.560">上</text>
                <text font="JQUZDQ+SimSun" bbox="297.840,725.429,308.400,735.989" colourspace="ICCBased" ncolour="[0]" size="10.560">。</text>
                <text font="JTTPDQ+SimSun" bbox="308.400,725.429,313.680,735.989" colourspace="ICCBased" ncolour="[0]" size="10.560"> </text>
                <text font="JTTPDQ+SimSun" bbox="313.445,725.429,318.725,735.989" colourspace="ICCBased" ncolour="[0]" size="10.560"> </text>
                <text>
                </text>
            </textline>
        </textbox>
        <textbox id="2" bbox="210.480,694.229,394.320,720.389">
            <textline bbox="210.480,709.829,394.320,720.389">
                <text font="JQUZDQ+SimSun" bbox="210.480,709.829,221.040,720.389" colourspace="ICCBased" ncolour="[0]" size="10.560">继</text>
                <text font="JQUZDQ+SimSun" bbox="221.040,709.829,231.600,720.389" colourspace="ICCBased" ncolour="[0]" size="10.560">发</text>
                <text font="JQUZDQ+SimSun" bbox="231.600,709.829,242.160,720.389" colourspace="ICCBased" ncolour="[0]" size="10.560">性</text>
                <text font="JQUZDQ+SimSun" bbox="242.160,709.829,252.720,720.389" colourspace="ICCBased" ncolour="[0]" size="10.560">帕</text>
                <text font="JQUZDQ+SimSun" bbox="252.720,709.829,263.280,720.389" colourspace="ICCBased" ncolour="[0]" size="10.560">金</text>
                <text font="JQUZDQ+SimSun" bbox="263.040,709.829,273.600,720.389" colourspace="ICCBased" ncolour="[0]" size="10.560">森</text>
                <text font="JQUZDQ+SimSun" bbox="273.600,709.829,284.160,720.389" colourspace="ICCBased" ncolour="[0]" size="10.560">综</text>
                <text font="JQUZDQ+SimSun" bbox="284.160,709.829,294.720,720.389" colourspace="ICCBased" ncolour="[0]" size="10.560">合</text>
                <text font="JQUZDQ+SimSun" bbox="294.720,709.829,305.280,720.389" colourspace="ICCBased" ncolour="[0]" size="10.560">征</text>
                <text font="JQUZDQ+SimSun" bbox="305.040,709.829,315.600,720.389" colourspace="ICCBased" ncolour="[0]" size="10.560">不</text>
                <text font="JQUZDQ+SimSun" bbox="315.600,709.829,326.160,720.389" colourspace="ICCBased" ncolour="[0]" size="10.560">在</text>
                <text font="JQUZDQ+SimSun" bbox="326.160,709.829,336.720,720.389" colourspace="ICCBased" ncolour="[0]" size="10.560">保</text>
                <text font="JQUZDQ+SimSun" bbox="336.720,709.829,347.280,720.389" colourspace="ICCBased" ncolour="[0]" size="10.560">障</text>
                <text font="JQUZDQ+SimSun" bbox="347.040,709.829,357.600,720.389" colourspace="ICCBased" ncolour="[0]" size="10.560">范</text>
                <text font="JQUZDQ+SimSun" bbox="357.600,709.829,368.160,720.389" colourspace="ICCBased" ncolour="[0]" size="10.560">围</text>
                <text font="JQUZDQ+SimSun" bbox="368.160,709.829,378.720,720.389" colourspace="ICCBased" ncolour="[0]" size="10.560">内</text>
                <text font="JQUZDQ+SimSun" bbox="378.720,709.829,389.280,720.389" colourspace="ICCBased" ncolour="[0]" size="10.560">。</text>
                <text font="JTTPDQ+SimSun" bbox="389.040,709.829,394.320,720.389" colourspace="ICCBased" ncolour="[0]" size="10.560"> </text>
                <text>
                </text>
            </textline>
            <textline bbox="210.480,694.229,215.760,704.789">
                <text font="JTTPDQ+SimSun" bbox="210.480,694.229,215.760,704.789" colourspace="ICCBased" ncolour="[0]" size="10.560"> </text>
                <text>
                </text>
            </textline>
        </textbox>
        <textbox id="3" bbox="51.120,620.309,56.400,630.869">
            <textline bbox="51.120,620.309,56.400,630.869">
                <text font="JTTPDQ+SimSun" bbox="51.120,620.309,56.400,630.869" colourspace="ICCBased" ncolour="[0]" size="10.560"> </text>
                <text>
                </text>
            </textline>
        </textbox>
        <textbox id="4" bbox="97.440,693.408,100.368,705.408">
            <textline bbox="97.440,693.408,100.368,705.408">
                <text font="ERELLA+STXinwei" bbox="97.440,693.408,100.368,705.408" colourspace="ICCBased" ncolour="[0]" size="12.000"> </text>
                <text>
                </text>
            </textline>
        </textbox>
        <textbox id="5" bbox="97.440,620.308,100.017,630.868">
            <textline bbox="97.440,620.308,100.017,630.868">
                <text font="ERELLA+STXinwei" bbox="97.440,620.308,100.017,630.868" colourspace="ICCBased" ncolour="[0]" size="10.560"> </text>
                <text>
                </text>
            </textline>
        </textbox>
        <textbox id="6" bbox="63.600,608.208,160.368,620.208">
            <textline bbox="63.600,608.208,160.368,620.208">
                <text font="JTTPDQ+SimSun" bbox="63.600,609.029,68.880,619.589" colourspace="ICCBased" ncolour="[0]" size="10.560">5</text>
                <text font="JTTPDQ+SimSun" bbox="68.880,609.029,74.160,619.589" colourspace="ICCBased" ncolour="[0]" size="10.560">2</text>
                <text font="JTTPDQ+SimSun" bbox="74.160,609.029,79.440,619.589" colourspace="ICCBased" ncolour="[0]" size="10.560"> </text>
                <text> </text>
                <text font="ERELLA+STXinwei" bbox="97.440,608.208,109.440,620.208" colourspace="ICCBased" ncolour="[0]" size="12.000">严</text>
                <text font="ERELLA+STXinwei" bbox="109.440,608.208,121.440,620.208" colourspace="ICCBased" ncolour="[0]" size="12.000">重</text>
                <text font="ERELLA+STXinwei" bbox="121.440,608.208,133.440,620.208" colourspace="ICCBased" ncolour="[0]" size="12.000">脑</text>
                <text font="ERELLA+STXinwei" bbox="133.440,608.208,145.440,620.208" colourspace="ICCBased" ncolour="[0]" size="12.000">损</text>
                <text font="ERELLA+STXinwei" bbox="145.440,608.208,157.440,620.208" colourspace="ICCBased" ncolour="[0]" size="12.000">伤</text>
                <text font="ERELLA+STXinwei" bbox="157.440,608.208,160.368,620.208" colourspace="ICCBased" ncolour="[0]" size="12.000"> </text>
                <text>
                </text>
            </textline>
        </textbox>
        <textbox id="7" bbox="63.600,515.429,547.200,704.789">
            <textline bbox="68.880,694.229,74.160,704.789">
                <text font="JTTPDQ+SimSun" bbox="68.880,694.229,74.160,704.789" colourspace="ICCBased" ncolour="[0]" size="10.560"> </text>
                <text>
                </text>
            </textline>
            <textline bbox="63.600,681.888,547.200,693.888">
                <text font="JTTPDQ+SimSun" bbox="63.600,682.709,68.880,693.269" colourspace="ICCBased" ncolour="[0]" size="10.560">5</text>
                <text font="JTTPDQ+SimSun" bbox="68.880,682.709,74.160,693.269" colourspace="ICCBased" ncolour="[0]" size="10.560">1</text>
                <text font="JTTPDQ+SimSun" bbox="74.160,682.709,79.440,693.269" colourspace="ICCBased" ncolour="[0]" size="10.560"> </text>
                <text> </text>
                <text font="ERELLA+STXinwei" bbox="97.440,681.888,109.440,693.888" colourspace="ICCBased" ncolour="[0]" size="12.000">严</text>
                <text font="ERELLA+STXinwei" bbox="109.440,681.888,121.440,693.888" colourspace="ICCBased" ncolour="[0]" size="12.000">重</text>
                <text font="ERELLA+STXinwei" bbox="121.440,681.888,133.440,693.888" colourspace="ICCBased" ncolour="[0]" size="12.000">运</text>
                <text font="ERELLA+STXinwei" bbox="133.440,681.888,145.440,693.888" colourspace="ICCBased" ncolour="[0]" size="12.000">动</text>
                <text font="ERELLA+STXinwei" bbox="145.440,681.888,157.440,693.888" colourspace="ICCBased" ncolour="[0]" size="12.000">神</text>
                <text font="ERELLA+STXinwei" bbox="157.440,681.888,169.440,693.888" colourspace="ICCBased" ncolour="[0]" size="12.000">经</text>
                <text font="ERELLA+STXinwei" bbox="169.440,681.888,181.440,693.888" colourspace="ICCBased" ncolour="[0]" size="12.000">元</text>
                <text font="ERELLA+STXinwei" bbox="181.440,681.888,193.440,693.888" colourspace="ICCBased" ncolour="[0]" size="12.000">病</text>
                <text font="ERELLA+STXinwei" bbox="193.440,681.888,196.368,693.888" colourspace="ICCBased" ncolour="[0]" size="12.000"> </text>
                <text> </text>
                <text font="JQUZDQ+SimSun" bbox="210.480,682.709,221.040,693.269" colourspace="ICCBased" ncolour="[0]" size="10.560">是</text>
                <text font="JQUZDQ+SimSun" bbox="221.040,682.709,231.600,693.269" colourspace="ICCBased" ncolour="[0]" size="10.560">一</text>
                <text font="JQUZDQ+SimSun" bbox="231.600,682.709,242.160,693.269" colourspace="ICCBased" ncolour="[0]" size="10.560">组</text>
                <text font="JQUZDQ+SimSun" bbox="242.160,682.709,252.720,693.269" colourspace="ICCBased" ncolour="[0]" size="10.560">中</text>
                <text font="JQUZDQ+SimSun" bbox="252.720,682.709,263.280,693.269" colourspace="ICCBased" ncolour="[0]" size="10.560">枢</text>
                <text font="JQUZDQ+SimSun" bbox="263.280,682.709,273.840,693.269" colourspace="ICCBased" ncolour="[0]" size="10.560">神</text>
                <text font="JQUZDQ+SimSun" bbox="273.840,682.709,284.400,693.269" colourspace="ICCBased" ncolour="[0]" size="10.560">经</text>
                <text font="JQUZDQ+SimSun" bbox="284.160,682.709,294.720,693.269" colourspace="ICCBased" ncolour="[0]" size="10.560">系</text>
                <text font="JQUZDQ+SimSun" bbox="294.720,682.709,305.280,693.269" colourspace="ICCBased" ncolour="[0]" size="10.560">统</text>
                <text font="JQUZDQ+SimSun" bbox="305.280,682.709,315.840,693.269" colourspace="ICCBased" ncolour="[0]" size="10.560">运</text>
                <text font="JQUZDQ+SimSun" bbox="315.840,682.709,326.400,693.269" colourspace="ICCBased" ncolour="[0]" size="10.560">动</text>
                <text font="JQUZDQ+SimSun" bbox="326.400,682.709,336.960,693.269" colourspace="ICCBased" ncolour="[0]" size="10.560">神</text>
                <text font="JQUZDQ+SimSun" bbox="336.960,682.709,347.520,693.269" colourspace="ICCBased" ncolour="[0]" size="10.560">经</text>
                <text font="JQUZDQ+SimSun" bbox="347.280,682.709,357.840,693.269" colourspace="ICCBased" ncolour="[0]" size="10.560">元</text>
                <text font="JQUZDQ+SimSun" bbox="357.840,682.709,368.400,693.269" colourspace="ICCBased" ncolour="[0]" size="10.560">的</text>
                <text font="JQUZDQ+SimSun" bbox="368.400,682.709,378.960,693.269" colourspace="ICCBased" ncolour="[0]" size="10.560">进</text>
                <text font="JQUZDQ+SimSun" bbox="378.960,682.709,389.520,693.269" colourspace="ICCBased" ncolour="[0]" size="10.560">行</text>
                <text font="JQUZDQ+SimSun" bbox="389.520,682.709,400.080,693.269" colourspace="ICCBased" ncolour="[0]" size="10.560">性</text>
                <text font="JQUZDQ+SimSun" bbox="399.840,682.709,410.400,693.269" colourspace="ICCBased" ncolour="[0]" size="10.560">变</text>
                <text font="JQUZDQ+SimSun" bbox="410.400,682.709,420.960,693.269" colourspace="ICCBased" ncolour="[0]" size="10.560">性</text>
                <text font="JQUZDQ+SimSun" bbox="420.960,682.709,431.520,693.269" colourspace="ICCBased" ncolour="[0]" size="10.560">疾</text>
                <text font="JQUZDQ+SimSun" bbox="431.520,682.709,442.080,693.269" colourspace="ICCBased" ncolour="[0]" size="10.560">病</text>
                <text font="JQUZDQ+SimSun" bbox="442.080,682.709,452.640,693.269" colourspace="ICCBased" ncolour="[0]" size="10.560">，</text>
                <text font="JQUZDQ+SimSun" bbox="452.400,682.709,462.960,693.269" colourspace="ICCBased" ncolour="[0]" size="10.560">包</text>
                <text font="JQUZDQ+SimSun" bbox="462.960,682.709,473.520,693.269" colourspace="ICCBased" ncolour="[0]" size="10.560">括</text>
                <text font="JQUZDQ+SimSun" bbox="473.520,682.709,484.080,693.269" colourspace="ICCBased" ncolour="[0]" size="10.560">进</text>
                <text font="JQUZDQ+SimSun" bbox="484.080,682.709,494.640,693.269" colourspace="ICCBased" ncolour="[0]" size="10.560">行</text>
                <text font="JQUZDQ+SimSun" bbox="494.640,682.709,505.200,693.269" colourspace="ICCBased" ncolour="[0]" size="10.560">性</text>
                <text font="JQUZDQ+SimSun" bbox="505.200,682.709,515.760,693.269" colourspace="ICCBased" ncolour="[0]" size="10.560">脊</text>
                <text font="JQUZDQ+SimSun" bbox="515.760,682.709,526.320,693.269" colourspace="ICCBased" ncolour="[0]" size="10.560">肌</text>
                <text font="JQUZDQ+SimSun" bbox="526.080,682.709,536.640,693.269" colourspace="ICCBased" ncolour="[0]" size="10.560">萎</text>
                <text font="JQUZDQ+SimSun" bbox="536.640,682.709,547.200,693.269" colourspace="ICCBased" ncolour="[0]" size="10.560">缩</text>
                <text>
                </text>
            </textline>
            <textline bbox="210.480,667.112,547.200,677.672">
                <text font="JQUZDQ+SimSun" bbox="210.480,667.112,221.040,677.672" colourspace="ICCBased" ncolour="[0]" size="10.560">症</text>
                <text font="JQUZDQ+SimSun" bbox="221.040,667.112,231.600,677.672" colourspace="ICCBased" ncolour="[0]" size="10.560">、</text>
                <text font="JQUZDQ+SimSun" bbox="231.600,667.112,242.160,677.672" colourspace="ICCBased" ncolour="[0]" size="10.560">进</text>
                <text font="JQUZDQ+SimSun" bbox="242.160,667.112,252.720,677.672" colourspace="ICCBased" ncolour="[0]" size="10.560">行</text>
                <text font="JQUZDQ+SimSun" bbox="252.720,667.112,263.280,677.672" colourspace="ICCBased" ncolour="[0]" size="10.560">性</text>
                <text font="JQUZDQ+SimSun" bbox="263.280,667.112,273.840,677.672" colourspace="ICCBased" ncolour="[0]" size="10.560">延</text>
                <text font="JQUZDQ+SimSun" bbox="273.840,667.112,284.400,677.672" colourspace="ICCBased" ncolour="[0]" size="10.560">髓</text>
                <text font="JQUZDQ+SimSun" bbox="284.160,667.112,294.720,677.672" colourspace="ICCBased" ncolour="[0]" size="10.560">麻</text>
                <text font="JQUZDQ+SimSun" bbox="294.720,667.112,305.280,677.672" colourspace="ICCBased" ncolour="[0]" size="10.560">痹</text>
                <text font="JQUZDQ+SimSun" bbox="305.280,667.112,315.840,677.672" colourspace="ICCBased" ncolour="[0]" size="10.560">症</text>
                <text font="JQUZDQ+SimSun" bbox="315.840,667.112,326.400,677.672" colourspace="ICCBased" ncolour="[0]" size="10.560">、</text>
                <text font="JQUZDQ+SimSun" bbox="326.400,667.112,336.960,677.672" colourspace="ICCBased" ncolour="[0]" size="10.560">原</text>
                <text font="JQUZDQ+SimSun" bbox="336.960,667.112,347.520,677.672" colourspace="ICCBased" ncolour="[0]" size="10.560">发</text>
                <text font="JQUZDQ+SimSun" bbox="347.280,667.112,357.840,677.672" colourspace="ICCBased" ncolour="[0]" size="10.560">性</text>
                <text font="JQUZDQ+SimSun" bbox="357.840,667.112,368.400,677.672" colourspace="ICCBased" ncolour="[0]" size="10.560">侧</text>
                <text font="JQUZDQ+SimSun" bbox="368.400,667.112,378.960,677.672" colourspace="ICCBased" ncolour="[0]" size="10.560">索</text>
                <text font="JQUZDQ+SimSun" bbox="378.960,667.112,389.520,677.672" colourspace="ICCBased" ncolour="[0]" size="10.560">硬</text>
                <text font="JQUZDQ+SimSun" bbox="389.520,667.112,400.080,677.672" colourspace="ICCBased" ncolour="[0]" size="10.560">化</text>
                <text font="JQUZDQ+SimSun" bbox="399.840,667.112,410.400,677.672" colourspace="ICCBased" ncolour="[0]" size="10.560">症</text>
                <text font="JQUZDQ+SimSun" bbox="410.400,667.112,420.960,677.672" colourspace="ICCBased" ncolour="[0]" size="10.560">、</text>
                <text font="JQUZDQ+SimSun" bbox="420.960,667.112,431.520,677.672" colourspace="ICCBased" ncolour="[0]" size="10.560">肌</text>
                <text font="JQUZDQ+SimSun" bbox="431.520,667.112,442.080,677.672" colourspace="ICCBased" ncolour="[0]" size="10.560">萎</text>
                <text font="JQUZDQ+SimSun" bbox="442.080,667.112,452.640,677.672" colourspace="ICCBased" ncolour="[0]" size="10.560">缩</text>
                <text font="JQUZDQ+SimSun" bbox="452.400,667.112,462.960,677.672" colourspace="ICCBased" ncolour="[0]" size="10.560">性</text>
                <text font="JQUZDQ+SimSun" bbox="462.960,667.112,473.520,677.672" colourspace="ICCBased" ncolour="[0]" size="10.560">侧</text>
                <text font="JQUZDQ+SimSun" bbox="473.520,667.112,484.080,677.672" colourspace="ICCBased" ncolour="[0]" size="10.560">索</text>
                <text font="JQUZDQ+SimSun" bbox="484.080,667.112,494.640,677.672" colourspace="ICCBased" ncolour="[0]" size="10.560">硬</text>
                <text font="JQUZDQ+SimSun" bbox="494.640,667.112,505.200,677.672" colourspace="ICCBased" ncolour="[0]" size="10.560">化</text>
                <text font="JQUZDQ+SimSun" bbox="505.200,667.112,515.760,677.672" colourspace="ICCBased" ncolour="[0]" size="10.560">症</text>
                <text font="JQUZDQ+SimSun" bbox="515.760,667.112,526.320,677.672" colourspace="ICCBased" ncolour="[0]" size="10.560">。</text>
                <text font="JQUZDQ+SimSun" bbox="526.080,667.112,536.640,677.672" colourspace="ICCBased" ncolour="[0]" size="10.560">须</text>
                <text font="JQUZDQ+SimSun" bbox="536.640,667.112,547.200,677.672" colourspace="ICCBased" ncolour="[0]" size="10.560">满</text>
                <text>
                </text>
            </textline>
            <textline bbox="210.480,651.515,547.200,662.075">
                <text font="JQUZDQ+SimSun" bbox="210.480,651.515,221.040,662.075" colourspace="ICCBased" ncolour="[0]" size="10.560">足</text>
                <text font="JQUZDQ+SimSun" bbox="221.040,651.515,231.600,662.075" colourspace="ICCBased" ncolour="[0]" size="10.560">自</text>
                <text font="JQUZDQ+SimSun" bbox="231.600,651.515,242.160,662.075" colourspace="ICCBased" ncolour="[0]" size="10.560">主</text>
                <text font="JQUZDQ+SimSun" bbox="242.160,651.515,252.720,662.075" colourspace="ICCBased" ncolour="[0]" size="10.560">生</text>
                <text font="JQUZDQ+SimSun" bbox="252.720,651.515,263.280,662.075" colourspace="ICCBased" ncolour="[0]" size="10.560">活</text>
                <text font="JQUZDQ+SimSun" bbox="263.280,651.515,273.840,662.075" colourspace="ICCBased" ncolour="[0]" size="10.560">能</text>
                <text font="JQUZDQ+SimSun" bbox="273.840,651.515,284.400,662.075" colourspace="ICCBased" ncolour="[0]" size="10.560">力</text>
                <text font="JQUZDQ+SimSun" bbox="284.160,651.515,294.720,662.075" colourspace="ICCBased" ncolour="[0]" size="10.560">完</text>
                <text font="JQUZDQ+SimSun" bbox="294.720,651.515,305.280,662.075" colourspace="ICCBased" ncolour="[0]" size="10.560">全</text>
                <text font="JQUZDQ+SimSun" bbox="305.280,651.515,315.840,662.075" colourspace="ICCBased" ncolour="[0]" size="10.560">丧</text>
                <text font="JQUZDQ+SimSun" bbox="315.840,651.515,326.400,662.075" colourspace="ICCBased" ncolour="[0]" size="10.560">失</text>
                <text font="JQUZDQ+SimSun" bbox="326.400,651.515,336.960,662.075" colourspace="ICCBased" ncolour="[0]" size="10.560">，</text>
                <text font="JQUZDQ+SimSun" bbox="336.960,651.515,347.520,662.075" colourspace="ICCBased" ncolour="[0]" size="10.560">无</text>
                <text font="JQUZDQ+SimSun" bbox="347.280,651.515,357.840,662.075" colourspace="ICCBased" ncolour="[0]" size="10.560">法</text>
                <text font="JQUZDQ+SimSun" bbox="357.840,651.515,368.400,662.075" colourspace="ICCBased" ncolour="[0]" size="10.560">独</text>
                <text font="JQUZDQ+SimSun" bbox="368.400,651.515,378.960,662.075" colourspace="ICCBased" ncolour="[0]" size="10.560">立</text>
                <text font="JQUZDQ+SimSun" bbox="378.960,651.515,389.520,662.075" colourspace="ICCBased" ncolour="[0]" size="10.560">完</text>
                <text font="JQUZDQ+SimSun" bbox="389.520,651.515,400.080,662.075" colourspace="ICCBased" ncolour="[0]" size="10.560">成</text>
                <text font="JQUZDQ+SimSun" bbox="399.840,651.515,410.400,662.075" colourspace="ICCBased" ncolour="[0]" size="10.560">六</text>
                <text font="JQUZDQ+SimSun" bbox="410.400,651.515,420.960,662.075" colourspace="ICCBased" ncolour="[0]" size="10.560">项</text>
                <text font="JQUZDQ+SimSun" bbox="420.960,651.515,431.520,662.075" colourspace="ICCBased" ncolour="[0]" size="10.560">基</text>
                <text font="JQUZDQ+SimSun" bbox="431.520,651.515,442.080,662.075" colourspace="ICCBased" ncolour="[0]" size="10.560">本</text>
                <text font="JQUZDQ+SimSun" bbox="442.080,651.515,452.640,662.075" colourspace="ICCBased" ncolour="[0]" size="10.560">日</text>
                <text font="JQUZDQ+SimSun" bbox="452.400,651.515,462.960,662.075" colourspace="ICCBased" ncolour="[0]" size="10.560">常</text>
                <text font="JQUZDQ+SimSun" bbox="462.960,651.515,473.520,662.075" colourspace="ICCBased" ncolour="[0]" size="10.560">生</text>
                <text font="JQUZDQ+SimSun" bbox="473.520,651.515,484.080,662.075" colourspace="ICCBased" ncolour="[0]" size="10.560">活</text>
                <text font="JQUZDQ+SimSun" bbox="484.080,651.515,494.640,662.075" colourspace="ICCBased" ncolour="[0]" size="10.560">活</text>
                <text font="JQUZDQ+SimSun" bbox="494.640,651.515,505.200,662.075" colourspace="ICCBased" ncolour="[0]" size="10.560">动</text>
                <text font="JQUZDQ+SimSun" bbox="505.200,651.515,515.760,662.075" colourspace="ICCBased" ncolour="[0]" size="10.560">中</text>
                <text font="JQUZDQ+SimSun" bbox="515.760,651.515,526.320,662.075" colourspace="ICCBased" ncolour="[0]" size="10.560">的</text>
                <text font="JQUZDQ+SimSun" bbox="526.080,651.515,536.640,662.075" colourspace="ICCBased" ncolour="[0]" size="10.560">三</text>
                <text font="JQUZDQ+SimSun" bbox="536.640,651.515,547.200,662.075" colourspace="ICCBased" ncolour="[0]" size="10.560">项</text>
                <text>
                </text>
            </textline>
            <textline bbox="210.480,635.917,310.325,646.477">
                <text font="JQUZDQ+SimSun" bbox="210.480,635.917,221.040,646.477" colourspace="ICCBased" ncolour="[0]" size="10.560">或</text>
                <text font="JQUZDQ+SimSun" bbox="221.040,635.917,231.600,646.477" colourspace="ICCBased" ncolour="[0]" size="10.560">三</text>
                <text font="JQUZDQ+SimSun" bbox="231.600,635.917,242.160,646.477" colourspace="ICCBased" ncolour="[0]" size="10.560">项</text>
                <text font="JQUZDQ+SimSun" bbox="242.160,635.917,252.720,646.477" colourspace="ICCBased" ncolour="[0]" size="10.560">以</text>
                <text font="JQUZDQ+SimSun" bbox="252.720,635.917,263.280,646.477" colourspace="ICCBased" ncolour="[0]" size="10.560">上</text>
                <text font="JQUZDQ+SimSun" bbox="263.040,635.917,273.600,646.477" colourspace="ICCBased" ncolour="[0]" size="10.560">的</text>
                <text font="JQUZDQ+SimSun" bbox="273.600,635.917,284.160,646.477" colourspace="ICCBased" ncolour="[0]" size="10.560">条</text>
                <text font="JQUZDQ+SimSun" bbox="284.160,635.917,294.720,646.477" colourspace="ICCBased" ncolour="[0]" size="10.560">件</text>
                <text font="JQUZDQ+SimSun" bbox="294.720,635.917,305.280,646.477" colourspace="ICCBased" ncolour="[0]" size="10.560">。</text>
                <text font="JTTPDQ+SimSun" bbox="305.045,635.917,310.325,646.477" colourspace="ICCBased" ncolour="[0]" size="10.560"> </text>
                <text>
                </text>
            </textline>
            <textline bbox="210.480,620.309,215.760,630.869">
                <text font="JTTPDQ+SimSun" bbox="210.480,620.309,215.760,630.869" colourspace="ICCBased" ncolour="[0]" size="10.560"> </text>
                <text>
                </text>
            </textline>
            <textline bbox="210.480,609.029,547.200,619.589">
                <text font="JQUZDQ+SimSun" bbox="210.480,609.029,221.040,619.589" colourspace="ICCBased" ncolour="[0]" size="10.560">指</text>
                <text font="JQUZDQ+SimSun" bbox="221.040,609.029,231.600,619.589" colourspace="ICCBased" ncolour="[0]" size="10.560">因</text>
                <text font="JQUZDQ+SimSun" bbox="231.600,609.029,242.160,619.589" colourspace="ICCBased" ncolour="[0]" size="10.560">头</text>
                <text font="JQUZDQ+SimSun" bbox="242.160,609.029,252.720,619.589" colourspace="ICCBased" ncolour="[0]" size="10.560">部</text>
                <text font="JQUZDQ+SimSun" bbox="252.720,609.029,263.280,619.589" colourspace="ICCBased" ncolour="[0]" size="10.560">遭</text>
                <text font="JQUZDQ+SimSun" bbox="263.280,609.029,273.840,619.589" colourspace="ICCBased" ncolour="[0]" size="10.560">受</text>
                <text font="JQUZDQ+SimSun" bbox="273.840,609.029,284.400,619.589" colourspace="ICCBased" ncolour="[0]" size="10.560">机</text>
                <text font="JQUZDQ+SimSun" bbox="284.160,609.029,294.720,619.589" colourspace="ICCBased" ncolour="[0]" size="10.560">械</text>
                <text font="JQUZDQ+SimSun" bbox="294.720,609.029,305.280,619.589" colourspace="ICCBased" ncolour="[0]" size="10.560">性</text>
                <text font="JQUZDQ+SimSun" bbox="305.280,609.029,315.840,619.589" colourspace="ICCBased" ncolour="[0]" size="10.560">外</text>
                <text font="JQUZDQ+SimSun" bbox="315.840,609.029,326.400,619.589" colourspace="ICCBased" ncolour="[0]" size="10.560">力</text>
                <text font="JQUZDQ+SimSun" bbox="326.400,609.029,336.960,619.589" colourspace="ICCBased" ncolour="[0]" size="10.560">，</text>
                <text font="JQUZDQ+SimSun" bbox="336.960,609.029,347.520,619.589" colourspace="ICCBased" ncolour="[0]" size="10.560">引</text>
                <text font="JQUZDQ+SimSun" bbox="347.280,609.029,357.840,619.589" colourspace="ICCBased" ncolour="[0]" size="10.560">起</text>
                <text font="JQUZDQ+SimSun" bbox="357.840,609.029,368.400,619.589" colourspace="ICCBased" ncolour="[0]" size="10.560">脑</text>
                <text font="JQUZDQ+SimSun" bbox="368.400,609.029,378.960,619.589" colourspace="ICCBased" ncolour="[0]" size="10.560">重</text>
                <text font="JQUZDQ+SimSun" bbox="378.960,609.029,389.520,619.589" colourspace="ICCBased" ncolour="[0]" size="10.560">要</text>
                <text font="JQUZDQ+SimSun" bbox="389.520,609.029,400.080,619.589" colourspace="ICCBased" ncolour="[0]" size="10.560">部</text>
                <text font="JQUZDQ+SimSun" bbox="399.840,609.029,410.400,619.589" colourspace="ICCBased" ncolour="[0]" size="10.560">位</text>
                <text font="JQUZDQ+SimSun" bbox="410.400,609.029,420.960,619.589" colourspace="ICCBased" ncolour="[0]" size="10.560">损</text>
                <text font="JQUZDQ+SimSun" bbox="420.960,609.029,431.520,619.589" colourspace="ICCBased" ncolour="[0]" size="10.560">伤</text>
                <text font="JQUZDQ+SimSun" bbox="431.520,609.029,442.080,619.589" colourspace="ICCBased" ncolour="[0]" size="10.560">，</text>
                <text font="JQUZDQ+SimSun" bbox="442.080,609.029,452.640,619.589" colourspace="ICCBased" ncolour="[0]" size="10.560">导</text>
                <text font="JQUZDQ+SimSun" bbox="452.400,609.029,462.960,619.589" colourspace="ICCBased" ncolour="[0]" size="10.560">致</text>
                <text font="JQUZDQ+SimSun" bbox="462.960,609.029,473.520,619.589" colourspace="ICCBased" ncolour="[0]" size="10.560">神</text>
                <text font="JQUZDQ+SimSun" bbox="473.520,609.029,484.080,619.589" colourspace="ICCBased" ncolour="[0]" size="10.560">经</text>
                <text font="JQUZDQ+SimSun" bbox="484.080,609.029,494.640,619.589" colourspace="ICCBased" ncolour="[0]" size="10.560">系</text>
                <text font="JQUZDQ+SimSun" bbox="494.640,609.029,505.200,619.589" colourspace="ICCBased" ncolour="[0]" size="10.560">统</text>
                <text font="JQUZDQ+SimSun" bbox="505.200,609.029,515.760,619.589" colourspace="ICCBased" ncolour="[0]" size="10.560">永</text>
                <text font="JQUZDQ+SimSun" bbox="515.760,609.029,526.320,619.589" colourspace="ICCBased" ncolour="[0]" size="10.560">久</text>
                <text font="JQUZDQ+SimSun" bbox="526.080,609.029,536.640,619.589" colourspace="ICCBased" ncolour="[0]" size="10.560">性</text>
                <text font="JQUZDQ+SimSun" bbox="536.640,609.029,547.200,619.589" colourspace="ICCBased" ncolour="[0]" size="10.560">的</text>
                <text>
                </text>
            </textline>
            <textline bbox="210.480,593.432,547.200,603.992">
                <text font="JQUZDQ+SimSun" bbox="210.480,593.432,221.040,603.992" colourspace="ICCBased" ncolour="[0]" size="10.560">功</text>
                <text font="JQUZDQ+SimSun" bbox="221.040,593.432,231.600,603.992" colourspace="ICCBased" ncolour="[0]" size="10.560">能</text>
                <text font="JQUZDQ+SimSun" bbox="231.600,593.432,242.160,603.992" colourspace="ICCBased" ncolour="[0]" size="10.560">障</text>
                <text font="JQUZDQ+SimSun" bbox="242.160,593.432,252.720,603.992" colourspace="ICCBased" ncolour="[0]" size="10.560">碍</text>
                <text font="JQUZDQ+SimSun" bbox="252.720,593.432,263.280,603.992" colourspace="ICCBased" ncolour="[0]" size="10.560">。</text>
                <text font="JQUZDQ+SimSun" bbox="263.280,593.432,273.840,603.992" colourspace="ICCBased" ncolour="[0]" size="10.560">须</text>
                <text font="JQUZDQ+SimSun" bbox="273.840,593.432,284.400,603.992" colourspace="ICCBased" ncolour="[0]" size="10.560">由</text>
                <text font="JQUZDQ+SimSun" bbox="284.160,593.432,294.720,603.992" colourspace="ICCBased" ncolour="[0]" size="10.560">头</text>
                <text font="JQUZDQ+SimSun" bbox="294.720,593.432,305.280,603.992" colourspace="ICCBased" ncolour="[0]" size="10.560">颅</text>
                <text font="JQUZDQ+SimSun" bbox="305.280,593.432,315.840,603.992" colourspace="ICCBased" ncolour="[0]" size="10.560">断</text>
                <text font="JQUZDQ+SimSun" bbox="315.840,593.432,326.400,603.992" colourspace="ICCBased" ncolour="[0]" size="10.560">层</text>
                <text font="JQUZDQ+SimSun" bbox="326.400,593.432,336.960,603.992" colourspace="ICCBased" ncolour="[0]" size="10.560">扫</text>
                <text font="JQUZDQ+SimSun" bbox="336.960,593.432,347.520,603.992" colourspace="ICCBased" ncolour="[0]" size="10.560">描</text>
                <text font="JQUZDQ+SimSun" bbox="347.280,593.432,357.840,603.992" colourspace="ICCBased" ncolour="[0]" size="10.560">（</text>
                <text font="JTTPDQ+SimSun" bbox="357.840,593.432,363.120,603.992" colourspace="ICCBased" ncolour="[0]" size="10.560">C</text>
                <text font="JTTPDQ+SimSun" bbox="363.120,593.432,368.400,603.992" colourspace="ICCBased" ncolour="[0]" size="10.560">T</text>
                <text font="JQUZDQ+SimSun" bbox="368.400,593.432,378.960,603.992" colourspace="ICCBased" ncolour="[0]" size="10.560">）</text>
                <text font="JQUZDQ+SimSun" bbox="373.680,593.432,384.240,603.992" colourspace="ICCBased" ncolour="[0]" size="10.560">、</text>
                <text font="JQUZDQ+SimSun" bbox="384.240,593.432,394.800,603.992" colourspace="ICCBased" ncolour="[0]" size="10.560">核</text>
                <text font="JQUZDQ+SimSun" bbox="394.800,593.432,405.360,603.992" colourspace="ICCBased" ncolour="[0]" size="10.560">磁</text>
                <text font="JQUZDQ+SimSun" bbox="405.120,593.432,415.680,603.992" colourspace="ICCBased" ncolour="[0]" size="10.560">共</text>
                <text font="JQUZDQ+SimSun" bbox="415.680,593.432,426.240,603.992" colourspace="ICCBased" ncolour="[0]" size="10.560">振</text>
                <text font="JQUZDQ+SimSun" bbox="426.240,593.432,436.800,603.992" colourspace="ICCBased" ncolour="[0]" size="10.560">检</text>
                <text font="JQUZDQ+SimSun" bbox="436.800,593.432,447.360,603.992" colourspace="ICCBased" ncolour="[0]" size="10.560">查</text>
                <text font="JQUZDQ+SimSun" bbox="447.120,593.432,457.680,603.992" colourspace="ICCBased" ncolour="[0]" size="10.560">（</text>
                <text font="JTTPDQ+SimSun" bbox="457.680,593.432,462.960,603.992" colourspace="ICCBased" ncolour="[0]" size="10.560">M</text>
                <text font="JTTPDQ+SimSun" bbox="462.960,593.432,468.240,603.992" colourspace="ICCBased" ncolour="[0]" size="10.560">R</text>
                <text font="JTTPDQ+SimSun" bbox="468.240,593.432,473.520,603.992" colourspace="ICCBased" ncolour="[0]" size="10.560">I</text>
                <text font="JQUZDQ+SimSun" bbox="473.520,593.432,484.080,603.992" colourspace="ICCBased" ncolour="[0]" size="10.560">）</text>
                <text font="JQUZDQ+SimSun" bbox="484.080,593.432,494.640,603.992" colourspace="ICCBased" ncolour="[0]" size="10.560">或</text>
                <text font="JQUZDQ+SimSun" bbox="494.640,593.432,505.200,603.992" colourspace="ICCBased" ncolour="[0]" size="10.560">正</text>
                <text font="JQUZDQ+SimSun" bbox="505.200,593.432,515.760,603.992" colourspace="ICCBased" ncolour="[0]" size="10.560">电</text>
                <text font="JQUZDQ+SimSun" bbox="515.760,593.432,526.320,603.992" colourspace="ICCBased" ncolour="[0]" size="10.560">子</text>
                <text font="JQUZDQ+SimSun" bbox="526.080,593.432,536.640,603.992" colourspace="ICCBased" ncolour="[0]" size="10.560">发</text>
                <text font="JQUZDQ+SimSun" bbox="536.640,593.432,547.200,603.992" colourspace="ICCBased" ncolour="[0]" size="10.560">射</text>
                <text>
                </text>
            </textline>
            <textline bbox="210.480,577.829,547.200,588.395">
                <text font="JQUZDQ+SimSun" bbox="210.480,577.835,221.040,588.395" colourspace="ICCBased" ncolour="[0]" size="10.560">断</text>
                <text font="JQUZDQ+SimSun" bbox="221.040,577.835,231.600,588.395" colourspace="ICCBased" ncolour="[0]" size="10.560">层</text>
                <text font="JQUZDQ+SimSun" bbox="231.600,577.835,242.160,588.395" colourspace="ICCBased" ncolour="[0]" size="10.560">扫</text>
                <text font="JQUZDQ+SimSun" bbox="242.160,577.835,252.720,588.395" colourspace="ICCBased" ncolour="[0]" size="10.560">描</text>
                <text font="JQUZDQ+SimSun" bbox="251.520,577.835,262.080,588.395" colourspace="ICCBased" ncolour="[0]" size="10.560">（</text>
                <text font="JTTPDQ+SimSun" bbox="262.080,577.835,267.360,588.395" colourspace="ICCBased" ncolour="[0]" size="10.560">P</text>
                <text font="JTTPDQ+SimSun" bbox="267.359,577.835,272.639,588.395" colourspace="ICCBased" ncolour="[0]" size="10.560">E</text>
                <text font="JTTPDQ+SimSun" bbox="272.396,577.835,277.676,588.395" colourspace="ICCBased" ncolour="[0]" size="10.560">T</text>
                <text font="JQUZDQ+SimSun" bbox="277.680,577.829,288.240,588.389" colourspace="ICCBased" ncolour="[0]" size="10.560">）</text>
                <text font="JQUZDQ+SimSun" bbox="287.040,577.829,297.600,588.389" colourspace="ICCBased" ncolour="[0]" size="10.560">等</text>
                <text font="JQUZDQ+SimSun" bbox="297.600,577.829,308.160,588.389" colourspace="ICCBased" ncolour="[0]" size="10.560">影</text>
                <text font="JQUZDQ+SimSun" bbox="307.920,577.829,318.480,588.389" colourspace="ICCBased" ncolour="[0]" size="10.560">像</text>
                <text font="JQUZDQ+SimSun" bbox="318.480,577.829,329.040,588.389" colourspace="ICCBased" ncolour="[0]" size="10.560">学</text>
                <text font="JQUZDQ+SimSun" bbox="329.040,577.829,339.600,588.389" colourspace="ICCBased" ncolour="[0]" size="10.560">检</text>
                <text font="JQUZDQ+SimSun" bbox="339.600,577.829,350.160,588.389" colourspace="ICCBased" ncolour="[0]" size="10.560">查</text>
                <text font="JQUZDQ+SimSun" bbox="349.920,577.829,360.480,588.389" colourspace="ICCBased" ncolour="[0]" size="10.560">证</text>
                <text font="JQUZDQ+SimSun" bbox="360.480,577.829,371.040,588.389" colourspace="ICCBased" ncolour="[0]" size="10.560">实</text>
                <text font="JQUZDQ+SimSun" bbox="371.040,577.829,381.600,588.389" colourspace="ICCBased" ncolour="[0]" size="10.560">。</text>
                <text font="JQUZDQ+SimSun" bbox="380.400,577.829,390.960,588.389" colourspace="ICCBased" ncolour="[0]" size="10.560">神</text>
                <text font="JQUZDQ+SimSun" bbox="390.720,577.829,401.280,588.389" colourspace="ICCBased" ncolour="[0]" size="10.560">经</text>
                <text font="JQUZDQ+SimSun" bbox="401.280,577.829,411.840,588.389" colourspace="ICCBased" ncolour="[0]" size="10.560">系</text>
                <text font="JQUZDQ+SimSun" bbox="411.840,577.829,422.400,588.389" colourspace="ICCBased" ncolour="[0]" size="10.560">统</text>
                <text font="JQUZDQ+SimSun" bbox="422.400,577.829,432.960,588.389" colourspace="ICCBased" ncolour="[0]" size="10.560">永</text>
                <text font="JQUZDQ+SimSun" bbox="432.720,577.829,443.280,588.389" colourspace="ICCBased" ncolour="[0]" size="10.560">久</text>
                <text font="JQUZDQ+SimSun" bbox="443.280,577.829,453.840,588.389" colourspace="ICCBased" ncolour="[0]" size="10.560">性</text>
                <text font="JQUZDQ+SimSun" bbox="453.600,577.829,464.160,588.389" colourspace="ICCBased" ncolour="[0]" size="10.560">的</text>
                <text font="JQUZDQ+SimSun" bbox="464.160,577.829,474.720,588.389" colourspace="ICCBased" ncolour="[0]" size="10.560">功</text>
                <text font="JQUZDQ+SimSun" bbox="474.720,577.829,485.280,588.389" colourspace="ICCBased" ncolour="[0]" size="10.560">能</text>
                <text font="JQUZDQ+SimSun" bbox="485.280,577.829,495.840,588.389" colourspace="ICCBased" ncolour="[0]" size="10.560">障</text>
                <text font="JQUZDQ+SimSun" bbox="495.840,577.829,506.400,588.389" colourspace="ICCBased" ncolour="[0]" size="10.560">碍</text>
                <text font="JQUZDQ+SimSun" bbox="506.400,577.829,516.960,588.389" colourspace="ICCBased" ncolour="[0]" size="10.560">，</text>
                <text font="JQUZDQ+SimSun" bbox="515.520,577.829,526.080,588.389" colourspace="ICCBased" ncolour="[0]" size="10.560">指</text>
                <text font="JQUZDQ+SimSun" bbox="526.080,577.829,536.640,588.389" colourspace="ICCBased" ncolour="[0]" size="10.560">脑</text>
                <text font="JQUZDQ+SimSun" bbox="536.640,577.829,547.200,588.389" colourspace="ICCBased" ncolour="[0]" size="10.560">损</text>
                <text>
                </text>
            </textline>
            <textline bbox="210.480,562.229,441.353,572.789">
                <text font="JQUZDQ+SimSun" bbox="210.480,562.229,221.040,572.789" colourspace="ICCBased" ncolour="[0]" size="10.560">伤</text>
                <text> </text>
                <text font="JTTPDQ+SimSun" bbox="223.680,562.229,228.960,572.789" colourspace="ICCBased" ncolour="[0]" size="10.560">1</text>
                <text font="JTTPDQ+SimSun" bbox="228.960,562.229,234.240,572.789" colourspace="ICCBased" ncolour="[0]" size="10.560">8</text>
                <text font="JTTPDQ+SimSun" bbox="234.240,562.229,239.520,572.789" colourspace="ICCBased" ncolour="[0]" size="10.560">0</text>
                <text> </text>
                <text font="JQUZDQ+SimSun" bbox="242.160,562.229,252.720,572.789" colourspace="ICCBased" ncolour="[0]" size="10.560">日</text>
                <text font="JQUZDQ+SimSun" bbox="252.720,562.229,263.280,572.789" colourspace="ICCBased" ncolour="[0]" size="10.560">后</text>
                <text font="JQUZDQ+SimSun" bbox="263.040,562.229,273.600,572.789" colourspace="ICCBased" ncolour="[0]" size="10.560">，</text>
                <text font="JQUZDQ+SimSun" bbox="273.600,562.229,284.160,572.789" colourspace="ICCBased" ncolour="[0]" size="10.560">仍</text>
                <text font="JQUZDQ+SimSun" bbox="284.160,562.229,294.720,572.789" colourspace="ICCBased" ncolour="[0]" size="10.560">遗</text>
                <text font="JQUZDQ+SimSun" bbox="294.720,562.229,305.280,572.789" colourspace="ICCBased" ncolour="[0]" size="10.560">留</text>
                <text font="JQUZDQ+SimSun" bbox="305.040,562.229,315.600,572.789" colourspace="ICCBased" ncolour="[0]" size="10.560">下</text>
                <text font="JQUZDQ+SimSun" bbox="315.600,562.229,326.160,572.789" colourspace="ICCBased" ncolour="[0]" size="10.560">列</text>
                <text font="JQUZDQ+SimSun" bbox="326.160,562.229,336.720,572.789" colourspace="ICCBased" ncolour="[0]" size="10.560">一</text>
                <text font="JQUZDQ+SimSun" bbox="336.720,562.229,347.280,572.789" colourspace="ICCBased" ncolour="[0]" size="10.560">种</text>
                <text font="JQUZDQ+SimSun" bbox="347.040,562.229,357.600,572.789" colourspace="ICCBased" ncolour="[0]" size="10.560">或</text>
                <text font="JQUZDQ+SimSun" bbox="357.600,562.229,368.160,572.789" colourspace="ICCBased" ncolour="[0]" size="10.560">一</text>
                <text font="JQUZDQ+SimSun" bbox="368.160,562.229,378.720,572.789" colourspace="ICCBased" ncolour="[0]" size="10.560">种</text>
                <text font="JQUZDQ+SimSun" bbox="378.720,562.229,389.280,572.789" colourspace="ICCBased" ncolour="[0]" size="10.560">以</text>
                <text font="JQUZDQ+SimSun" bbox="389.040,562.229,399.600,572.789" colourspace="ICCBased" ncolour="[0]" size="10.560">上</text>
                <text font="JQUZDQ+SimSun" bbox="399.600,562.229,410.160,572.789" colourspace="ICCBased" ncolour="[0]" size="10.560">障</text>
                <text font="JQUZDQ+SimSun" bbox="410.160,562.229,420.720,572.789" colourspace="ICCBased" ncolour="[0]" size="10.560">碍</text>
                <text font="JQUZDQ+SimSun" bbox="420.720,562.229,431.280,572.789" colourspace="ICCBased" ncolour="[0]" size="10.560">：</text>
                <text font="JTTPDQ+SimSun" bbox="431.036,562.229,436.316,572.789" colourspace="ICCBased" ncolour="[0]" size="10.560"> </text>
                <text font="JTTPDQ+SimSun" bbox="436.073,562.229,441.353,572.789" colourspace="ICCBased" ncolour="[0]" size="10.560"> </text>
                <text>
                </text>
            </textline>
            <textline bbox="210.469,546.632,415.186,557.192">
                <text font="JQUZDQ+SimSun" bbox="210.469,546.632,221.029,557.192" colourspace="ICCBased" ncolour="[0]" size="10.560">（</text>
                <text font="JTTPDQ+SimSun" bbox="221.029,546.632,226.309,557.192" colourspace="ICCBased" ncolour="[0]" size="10.560">1</text>
                <text font="JQUZDQ+SimSun" bbox="226.309,546.632,236.869,557.192" colourspace="ICCBased" ncolour="[0]" size="10.560">）</text>
                <text font="JQUZDQ+SimSun" bbox="236.869,546.632,247.429,557.192" colourspace="ICCBased" ncolour="[0]" size="10.560">一</text>
                <text font="JQUZDQ+SimSun" bbox="247.429,546.632,257.989,557.192" colourspace="ICCBased" ncolour="[0]" size="10.560">肢</text>
                <text font="JQUZDQ+SimSun" bbox="257.989,546.632,268.549,557.192" colourspace="ICCBased" ncolour="[0]" size="10.560">或</text>
                <text font="JQUZDQ+SimSun" bbox="268.310,546.632,278.870,557.192" colourspace="ICCBased" ncolour="[0]" size="10.560">一</text>
                <text font="JQUZDQ+SimSun" bbox="278.870,546.632,289.430,557.192" colourspace="ICCBased" ncolour="[0]" size="10.560">肢</text>
                <text font="JQUZDQ+SimSun" bbox="289.430,546.632,299.990,557.192" colourspace="ICCBased" ncolour="[0]" size="10.560">以</text>
                <text font="JQUZDQ+SimSun" bbox="299.990,546.632,310.550,557.192" colourspace="ICCBased" ncolour="[0]" size="10.560">上</text>
                <text font="JQUZDQ+SimSun" bbox="310.309,546.632,320.869,557.192" colourspace="ICCBased" ncolour="[0]" size="10.560">肢</text>
                <text font="JQUZDQ+SimSun" bbox="320.869,546.632,331.429,557.192" colourspace="ICCBased" ncolour="[0]" size="10.560">体</text>
                <text font="JQUZDQ+SimSun" bbox="331.429,546.632,341.989,557.192" colourspace="ICCBased" ncolour="[0]" size="10.560">机</text>
                <text font="JQUZDQ+SimSun" bbox="341.989,546.632,352.549,557.192" colourspace="ICCBased" ncolour="[0]" size="10.560">能</text>
                <text font="JQUZDQ+SimSun" bbox="352.309,546.632,362.869,557.192" colourspace="ICCBased" ncolour="[0]" size="10.560">完</text>
                <text font="JQUZDQ+SimSun" bbox="362.869,546.632,373.429,557.192" colourspace="ICCBased" ncolour="[0]" size="10.560">全</text>
                <text font="JQUZDQ+SimSun" bbox="373.429,546.632,383.989,557.192" colourspace="ICCBased" ncolour="[0]" size="10.560">丧</text>
                <text font="JQUZDQ+SimSun" bbox="383.989,546.632,394.549,557.192" colourspace="ICCBased" ncolour="[0]" size="10.560">失</text>
                <text font="JQUZDQ+SimSun" bbox="394.310,546.632,404.870,557.192" colourspace="ICCBased" ncolour="[0]" size="10.560">；</text>
                <text font="JTTPDQ+SimSun" bbox="404.870,546.632,410.150,557.192" colourspace="ICCBased" ncolour="[0]" size="10.560"> </text>
                <text font="JTTPDQ+SimSun" bbox="409.906,546.632,415.186,557.192" colourspace="ICCBased" ncolour="[0]" size="10.560"> </text>
                <text>
                </text>
            </textline>
            <textline bbox="210.469,531.035,415.186,541.595">
                <text font="JQUZDQ+SimSun" bbox="210.469,531.035,221.029,541.595" colourspace="ICCBased" ncolour="[0]" size="10.560">（</text>
                <text font="JTTPDQ+SimSun" bbox="221.029,531.035,226.309,541.595" colourspace="ICCBased" ncolour="[0]" size="10.560">2</text>
                <text font="JQUZDQ+SimSun" bbox="226.309,531.035,236.869,541.595" colourspace="ICCBased" ncolour="[0]" size="10.560">）</text>
                <text font="JQUZDQ+SimSun" bbox="236.869,531.035,247.429,541.595" colourspace="ICCBased" ncolour="[0]" size="10.560">语</text>
                <text font="JQUZDQ+SimSun" bbox="247.429,531.035,257.989,541.595" colourspace="ICCBased" ncolour="[0]" size="10.560">言</text>
                <text font="JQUZDQ+SimSun" bbox="257.989,531.035,268.549,541.595" colourspace="ICCBased" ncolour="[0]" size="10.560">能</text>
                <text font="JQUZDQ+SimSun" bbox="268.310,531.035,278.870,541.595" colourspace="ICCBased" ncolour="[0]" size="10.560">力</text>
                <text font="JQUZDQ+SimSun" bbox="278.870,531.035,289.430,541.595" colourspace="ICCBased" ncolour="[0]" size="10.560">或</text>
                <text font="JQUZDQ+SimSun" bbox="289.430,531.035,299.990,541.595" colourspace="ICCBased" ncolour="[0]" size="10.560">咀</text>
                <text font="JQUZDQ+SimSun" bbox="299.990,531.035,310.550,541.595" colourspace="ICCBased" ncolour="[0]" size="10.560">嚼</text>
                <text font="JQUZDQ+SimSun" bbox="310.309,531.035,320.869,541.595" colourspace="ICCBased" ncolour="[0]" size="10.560">吞</text>
                <text font="JQUZDQ+SimSun" bbox="320.869,531.035,331.429,541.595" colourspace="ICCBased" ncolour="[0]" size="10.560">咽</text>
                <text font="JQUZDQ+SimSun" bbox="331.429,531.035,341.989,541.595" colourspace="ICCBased" ncolour="[0]" size="10.560">能</text>
                <text font="JQUZDQ+SimSun" bbox="341.989,531.035,352.549,541.595" colourspace="ICCBased" ncolour="[0]" size="10.560">力</text>
                <text font="JQUZDQ+SimSun" bbox="352.309,531.035,362.869,541.595" colourspace="ICCBased" ncolour="[0]" size="10.560">完</text>
                <text font="JQUZDQ+SimSun" bbox="362.869,531.035,373.429,541.595" colourspace="ICCBased" ncolour="[0]" size="10.560">全</text>
                <text font="JQUZDQ+SimSun" bbox="373.429,531.035,383.989,541.595" colourspace="ICCBased" ncolour="[0]" size="10.560">丧</text>
                <text font="JQUZDQ+SimSun" bbox="383.989,531.035,394.549,541.595" colourspace="ICCBased" ncolour="[0]" size="10.560">失</text>
                <text font="JQUZDQ+SimSun" bbox="394.310,531.035,404.870,541.595" colourspace="ICCBased" ncolour="[0]" size="10.560">；</text>
                <text font="JTTPDQ+SimSun" bbox="404.870,531.035,410.150,541.595" colourspace="ICCBased" ncolour="[0]" size="10.560"> </text>
                <text font="JTTPDQ+SimSun" bbox="409.906,531.035,415.186,541.595" colourspace="ICCBased" ncolour="[0]" size="10.560"> </text>
                <text>
                </text>
            </textline>
            <textline bbox="210.469,515.429,547.200,525.997">
                <text font="JQUZDQ+SimSun" bbox="210.469,515.437,221.029,525.997" colourspace="ICCBased" ncolour="[0]" size="10.560">（</text>
                <text font="JTTPDQ+SimSun" bbox="221.029,515.437,226.309,525.997" colourspace="ICCBased" ncolour="[0]" size="10.560">3</text>
                <text font="JQUZDQ+SimSun" bbox="226.320,515.429,236.880,525.989" colourspace="ICCBased" ncolour="[0]" size="10.560">）</text>
                <text font="JQUZDQ+SimSun" bbox="234.480,515.429,245.040,525.989" colourspace="ICCBased" ncolour="[0]" size="10.560">自</text>
                <text font="JQUZDQ+SimSun" bbox="245.040,515.429,255.600,525.989" colourspace="ICCBased" ncolour="[0]" size="10.560">主</text>
                <text font="JQUZDQ+SimSun" bbox="255.600,515.429,266.160,525.989" colourspace="ICCBased" ncolour="[0]" size="10.560">生</text>
                <text font="JQUZDQ+SimSun" bbox="265.920,515.429,276.480,525.989" colourspace="ICCBased" ncolour="[0]" size="10.560">活</text>
                <text font="JQUZDQ+SimSun" bbox="276.480,515.429,287.040,525.989" colourspace="ICCBased" ncolour="[0]" size="10.560">能</text>
                <text font="JQUZDQ+SimSun" bbox="287.040,515.429,297.600,525.989" colourspace="ICCBased" ncolour="[0]" size="10.560">力</text>
                <text font="JQUZDQ+SimSun" bbox="297.600,515.429,308.160,525.989" colourspace="ICCBased" ncolour="[0]" size="10.560">完</text>
                <text font="JQUZDQ+SimSun" bbox="307.920,515.429,318.480,525.989" colourspace="ICCBased" ncolour="[0]" size="10.560">全</text>
                <text font="JQUZDQ+SimSun" bbox="318.480,515.429,329.040,525.989" colourspace="ICCBased" ncolour="[0]" size="10.560">丧</text>
                <text font="JQUZDQ+SimSun" bbox="329.040,515.429,339.600,525.989" colourspace="ICCBased" ncolour="[0]" size="10.560">失</text>
                <text font="JQUZDQ+SimSun" bbox="339.600,515.429,350.160,525.989" colourspace="ICCBased" ncolour="[0]" size="10.560">，</text>
                <text font="JQUZDQ+SimSun" bbox="347.520,515.429,358.080,525.989" colourspace="ICCBased" ncolour="[0]" size="10.560">无</text>
                <text font="JQUZDQ+SimSun" bbox="358.080,515.429,368.640,525.989" colourspace="ICCBased" ncolour="[0]" size="10.560">法</text>
                <text font="JQUZDQ+SimSun" bbox="368.640,515.429,379.200,525.989" colourspace="ICCBased" ncolour="[0]" size="10.560">独</text>
                <text font="JQUZDQ+SimSun" bbox="379.200,515.429,389.760,525.989" colourspace="ICCBased" ncolour="[0]" size="10.560">立</text>
                <text font="JQUZDQ+SimSun" bbox="389.520,515.429,400.080,525.989" colourspace="ICCBased" ncolour="[0]" size="10.560">完</text>
                <text font="JQUZDQ+SimSun" bbox="400.080,515.429,410.640,525.989" colourspace="ICCBased" ncolour="[0]" size="10.560">成</text>
                <text font="JQUZDQ+SimSun" bbox="410.640,515.429,421.200,525.989" colourspace="ICCBased" ncolour="[0]" size="10.560">六</text>
                <text font="JQUZDQ+SimSun" bbox="421.200,515.429,431.760,525.989" colourspace="ICCBased" ncolour="[0]" size="10.560">项</text>
                <text font="JQUZDQ+SimSun" bbox="431.520,515.429,442.080,525.989" colourspace="ICCBased" ncolour="[0]" size="10.560">基</text>
                <text font="JQUZDQ+SimSun" bbox="442.080,515.429,452.640,525.989" colourspace="ICCBased" ncolour="[0]" size="10.560">本</text>
                <text font="JQUZDQ+SimSun" bbox="452.400,515.429,462.960,525.989" colourspace="ICCBased" ncolour="[0]" size="10.560">日</text>
                <text font="JQUZDQ+SimSun" bbox="462.960,515.429,473.520,525.989" colourspace="ICCBased" ncolour="[0]" size="10.560">常</text>
                <text font="JQUZDQ+SimSun" bbox="473.520,515.429,484.080,525.989" colourspace="ICCBased" ncolour="[0]" size="10.560">生</text>
                <text font="JQUZDQ+SimSun" bbox="484.080,515.429,494.640,525.989" colourspace="ICCBased" ncolour="[0]" size="10.560">活</text>
                <text font="JQUZDQ+SimSun" bbox="494.640,515.429,505.200,525.989" colourspace="ICCBased" ncolour="[0]" size="10.560">活</text>
                <text font="JQUZDQ+SimSun" bbox="504.960,515.429,515.520,525.989" colourspace="ICCBased" ncolour="[0]" size="10.560">动</text>
                <text font="JQUZDQ+SimSun" bbox="515.520,515.429,526.080,525.989" colourspace="ICCBased" ncolour="[0]" size="10.560">中</text>
                <text font="JQUZDQ+SimSun" bbox="526.080,515.429,536.640,525.989" colourspace="ICCBased" ncolour="[0]" size="10.560">的</text>
                <text font="JQUZDQ+SimSun" bbox="536.640,515.429,547.200,525.989" colourspace="ICCBased" ncolour="[0]" size="10.560">三</text>
                <text>
                </text>
            </textline>
        </textbox>
        <textbox id="8" bbox="97.440,483.408,100.368,495.408">
            <textline bbox="97.440,483.408,100.368,495.408">
                <text font="ERELLA+STXinwei" bbox="97.440,483.408,100.368,495.408" colourspace="ICCBased" ncolour="[0]" size="12.000"> </text>
                <text>
                </text>
            </textline>
        </textbox>
        <textbox id="9" bbox="63.600,453.408,199.680,494.789">
            <textline bbox="68.880,484.229,74.160,494.789">
                <text font="JTTPDQ+SimSun" bbox="68.880,484.229,74.160,494.789" colourspace="ICCBased" ncolour="[0]" size="10.560"> </text>
                <text>
                </text>
            </textline>
            <textline bbox="63.600,469.248,199.680,481.248">
                <text font="JTTPDQ+SimSun" bbox="63.600,470.069,68.880,480.629" colourspace="ICCBased" ncolour="[0]" size="10.560">5</text>
                <text font="JTTPDQ+SimSun" bbox="68.880,470.069,74.160,480.629" colourspace="ICCBased" ncolour="[0]" size="10.560">3</text>
                <text font="JTTPDQ+SimSun" bbox="74.160,470.069,79.440,480.629" colourspace="ICCBased" ncolour="[0]" size="10.560"> </text>
                <text> </text>
                <text font="ERELLA+STXinwei" bbox="97.440,469.248,109.440,481.248" colourspace="ICCBased" ncolour="[0]" size="12.000">非</text>
                <text font="ERELLA+STXinwei" bbox="110.400,469.248,122.400,481.248" colourspace="ICCBased" ncolour="[0]" size="12.000">阿</text>
                <text font="ERELLA+STXinwei" bbox="123.360,469.248,135.360,481.248" colourspace="ICCBased" ncolour="[0]" size="12.000">尔</text>
                <text font="ERELLA+STXinwei" bbox="136.080,469.248,148.080,481.248" colourspace="ICCBased" ncolour="[0]" size="12.000">茨</text>
                <text font="ERELLA+STXinwei" bbox="149.040,469.248,161.040,481.248" colourspace="ICCBased" ncolour="[0]" size="12.000">海</text>
                <text font="ERELLA+STXinwei" bbox="162.000,469.248,174.000,481.248" colourspace="ICCBased" ncolour="[0]" size="12.000">默</text>
                <text font="ERELLA+STXinwei" bbox="174.720,469.248,186.720,481.248" colourspace="ICCBased" ncolour="[0]" size="12.000">病</text>
                <text font="ERELLA+STXinwei" bbox="187.680,469.248,199.680,481.248" colourspace="ICCBased" ncolour="[0]" size="12.000">所</text>
                <text>
                </text>
            </textline>
            <textline bbox="97.440,453.408,160.368,465.408">
                <text font="ERELLA+STXinwei" bbox="97.440,453.408,109.440,465.408" colourspace="ICCBased" ncolour="[0]" size="12.000">致</text>
                <text font="ERELLA+STXinwei" bbox="109.440,453.408,121.440,465.408" colourspace="ICCBased" ncolour="[0]" size="12.000">严</text>
                <text font="ERELLA+STXinwei" bbox="121.440,453.408,133.440,465.408" colourspace="ICCBased" ncolour="[0]" size="12.000">重</text>
                <text font="ERELLA+STXinwei" bbox="133.440,453.408,145.440,465.408" colourspace="ICCBased" ncolour="[0]" size="12.000">痴</text>
                <text font="ERELLA+STXinwei" bbox="145.440,453.408,157.440,465.408" colourspace="ICCBased" ncolour="[0]" size="12.000">呆</text>
                <text font="ERELLA+STXinwei" bbox="157.440,453.408,160.368,465.408" colourspace="ICCBased" ncolour="[0]" size="12.000"> </text>
                <text>
                </text>
            </textline>
        </textbox>
        <textbox id="10" bbox="97.440,360.048,100.368,372.048">
            <textline bbox="97.440,360.048,100.368,372.048">
                <text font="ERELLA+STXinwei" bbox="97.440,360.048,100.368,372.048" colourspace="ICCBased" ncolour="[0]" size="12.000"> </text>
                <text>
                </text>
            </textline>
        </textbox>
        <textbox id="11" bbox="63.600,345.888,160.368,371.429">
            <textline bbox="68.880,360.869,74.160,371.429">
                <text font="JTTPDQ+SimSun" bbox="68.880,360.869,74.160,371.429" colourspace="ICCBased" ncolour="[0]" size="10.560"> </text>
                <text>
                </text>
            </textline>
            <textline bbox="63.600,345.888,160.368,357.888">
                <text font="JTTPDQ+SimSun" bbox="63.600,346.709,68.880,357.269" colourspace="ICCBased" ncolour="[0]" size="10.560">5</text>
                <text font="JTTPDQ+SimSun" bbox="68.880,346.709,74.160,357.269" colourspace="ICCBased" ncolour="[0]" size="10.560">4</text>
                <text font="JTTPDQ+SimSun" bbox="74.160,346.709,79.440,357.269" colourspace="ICCBased" ncolour="[0]" size="10.560"> </text>
                <text> </text>
                <text font="ERELLA+STXinwei" bbox="97.440,345.888,109.440,357.888" colourspace="ICCBased" ncolour="[0]" size="12.000">植</text>
                <text font="ERELLA+STXinwei" bbox="109.440,345.888,121.440,357.888" colourspace="ICCBased" ncolour="[0]" size="12.000">物</text>
                <text font="ERELLA+STXinwei" bbox="121.440,345.888,133.440,357.888" colourspace="ICCBased" ncolour="[0]" size="12.000">人</text>
                <text font="ERELLA+STXinwei" bbox="133.440,345.888,145.440,357.888" colourspace="ICCBased" ncolour="[0]" size="12.000">状</text>
                <text font="ERELLA+STXinwei" bbox="145.440,345.888,157.440,357.888" colourspace="ICCBased" ncolour="[0]" size="12.000">态</text>
                <text font="ERELLA+STXinwei" bbox="157.440,345.888,160.368,357.888" colourspace="ICCBased" ncolour="[0]" size="12.000"> </text>
                <text>
                </text>
            </textline>
        </textbox>
        <textbox id="12" bbox="63.600,177.168,148.368,202.709">
            <textline bbox="68.880,192.149,74.160,202.709">
                <text font="JTTPDQ+SimSun" bbox="68.880,192.149,74.160,202.709" colourspace="ICCBased" ncolour="[0]" size="10.560"> </text>
                <text>
                </text>
            </textline>
            <textline bbox="63.600,177.168,148.368,189.168">
                <text font="JTTPDQ+SimSun" bbox="63.600,177.989,68.880,188.549" colourspace="ICCBased" ncolour="[0]" size="10.560">5</text>
                <text font="JTTPDQ+SimSun" bbox="68.880,177.989,74.160,188.549" colourspace="ICCBased" ncolour="[0]" size="10.560">6</text>
                <text font="JTTPDQ+SimSun" bbox="74.160,177.989,79.440,188.549" colourspace="ICCBased" ncolour="[0]" size="10.560"> </text>
                <text> </text>
                <text font="ERELLA+STXinwei" bbox="97.440,177.168,109.440,189.168" colourspace="ICCBased" ncolour="[0]" size="12.000">开</text>
                <text font="ERELLA+STXinwei" bbox="109.440,177.168,121.440,189.168" colourspace="ICCBased" ncolour="[0]" size="12.000">颅</text>
                <text font="ERELLA+STXinwei" bbox="121.440,177.168,133.440,189.168" colourspace="ICCBased" ncolour="[0]" size="12.000">手</text>
                <text font="ERELLA+STXinwei" bbox="133.440,177.168,145.440,189.168" colourspace="ICCBased" ncolour="[0]" size="12.000">术</text>
                <text font="ERELLA+STXinwei" bbox="145.440,177.168,148.368,189.168" colourspace="ICCBased" ncolour="[0]" size="12.000"> </text>
                <text>
                </text>
            </textline>
        </textbox>
        <textbox id="13" bbox="97.440,183.648,100.368,195.648">
            <textline bbox="97.440,183.648,100.368,195.648">
                <text font="ERELLA+STXinwei" bbox="97.440,183.648,100.368,195.648" colourspace="ICCBased" ncolour="[0]" size="12.000"> </text>
                <text>
                </text>
            </textline>
        </textbox>
        <textbox id="14" bbox="97.440,99.988,100.017,110.548">
            <textline bbox="97.440,99.988,100.017,110.548">
                <text font="ERELLA+STXinwei" bbox="97.440,99.988,100.017,110.548" colourspace="ICCBased" ncolour="[0]" size="10.560"> </text>
                <text>
                </text>
            </textline>
        </textbox>
        <textbox id="15" bbox="63.600,84.768,199.680,110.549">
            <textline bbox="68.880,99.989,74.160,110.549">
                <text font="JTTPDQ+SimSun" bbox="68.880,99.989,74.160,110.549" colourspace="ICCBased" ncolour="[0]" size="10.560"> </text>
                <text>
                </text>
            </textline>
            <textline bbox="63.600,84.768,199.680,96.768">
                <text font="JTTPDQ+SimSun" bbox="63.600,85.589,68.880,96.149" colourspace="ICCBased" ncolour="[0]" size="10.560">5</text>
                <text font="JTTPDQ+SimSun" bbox="68.880,85.589,74.160,96.149" colourspace="ICCBased" ncolour="[0]" size="10.560">7</text>
                <text font="JTTPDQ+SimSun" bbox="74.160,85.589,79.440,96.149" colourspace="ICCBased" ncolour="[0]" size="10.560"> </text>
                <text> </text>
                <text font="ERELLA+STXinwei" bbox="97.440,84.768,109.440,96.768" colourspace="ICCBased" ncolour="[0]" size="12.000">亚</text>
                <text font="ERELLA+STXinwei" bbox="110.400,84.768,122.400,96.768" colourspace="ICCBased" ncolour="[0]" size="12.000">急</text>
                <text font="ERELLA+STXinwei" bbox="123.360,84.768,135.360,96.768" colourspace="ICCBased" ncolour="[0]" size="12.000">性</text>
                <text font="ERELLA+STXinwei" bbox="136.080,84.768,148.080,96.768" colourspace="ICCBased" ncolour="[0]" size="12.000">硬</text>
                <text font="ERELLA+STXinwei" bbox="149.040,84.768,161.040,96.768" colourspace="ICCBased" ncolour="[0]" size="12.000">化</text>
                <text font="ERELLA+STXinwei" bbox="162.000,84.768,174.000,96.768" colourspace="ICCBased" ncolour="[0]" size="12.000">性</text>
                <text font="ERELLA+STXinwei" bbox="174.720,84.768,186.720,96.768" colourspace="ICCBased" ncolour="[0]" size="12.000">全</text>
                <text font="ERELLA+STXinwei" bbox="187.680,84.768,199.680,96.768" colourspace="ICCBased" ncolour="[0]" size="12.000">脑</text>
                <text>
                </text>
            </textline>
        </textbox>
        <textbox id="16" bbox="97.440,68.928,112.368,80.928">
            <textline bbox="97.440,68.928,112.368,80.928">
                <text font="ERELLA+STXinwei" bbox="97.440,68.928,109.440,80.928" colourspace="ICCBased" ncolour="[0]" size="12.000">炎</text>
                <text font="ERELLA+STXinwei" bbox="109.440,68.928,112.368,80.928" colourspace="ICCBased" ncolour="[0]" size="12.000"> </text>
                <text>
                </text>
            </textline>
        </textbox>
        <textbox id="17" bbox="234.720,499.829,313.440,510.389">
            <textline bbox="234.720,499.829,313.440,510.389">
                <text font="JQUZDQ+SimSun" bbox="234.720,499.829,245.280,510.389" colourspace="ICCBased" ncolour="[0]" size="10.560">项</text>
                <text font="JQUZDQ+SimSun" bbox="245.280,499.829,255.840,510.389" colourspace="ICCBased" ncolour="[0]" size="10.560">或</text>
                <text font="JQUZDQ+SimSun" bbox="255.840,499.829,266.400,510.389" colourspace="ICCBased" ncolour="[0]" size="10.560">三</text>
                <text font="JQUZDQ+SimSun" bbox="266.400,499.829,276.960,510.389" colourspace="ICCBased" ncolour="[0]" size="10.560">项</text>
                <text font="JQUZDQ+SimSun" bbox="276.960,499.829,287.520,510.389" colourspace="ICCBased" ncolour="[0]" size="10.560">以</text>
                <text font="JQUZDQ+SimSun" bbox="287.280,499.829,297.840,510.389" colourspace="ICCBased" ncolour="[0]" size="10.560">上</text>
                <text font="JQUZDQ+SimSun" bbox="297.840,499.829,308.400,510.389" colourspace="ICCBased" ncolour="[0]" size="10.560">。</text>
                <text font="JTTPDQ+SimSun" bbox="308.160,499.829,313.440,510.389" colourspace="ICCBased" ncolour="[0]" size="10.560"> </text>
                <text>
                </text>
            </textline>
        </textbox>
        <textbox id="18" bbox="210.480,284.309,547.200,494.789">
            <textline bbox="210.480,484.229,215.760,494.789">
                <text font="JTTPDQ+SimSun" bbox="210.480,484.229,215.760,494.789" colourspace="ICCBased" ncolour="[0]" size="10.560"> </text>
                <text>
                </text>
            </textline>
            <textline bbox="210.480,470.069,547.200,480.629">
                <text font="JQUZDQ+SimSun" bbox="210.480,470.069,221.040,480.629" colourspace="ICCBased" ncolour="[0]" size="10.560">指</text>
                <text font="JQUZDQ+SimSun" bbox="221.040,470.069,231.600,480.629" colourspace="ICCBased" ncolour="[0]" size="10.560">因</text>
                <text font="JQUZDQ+SimSun" bbox="231.600,470.069,242.160,480.629" colourspace="ICCBased" ncolour="[0]" size="10.560">阿</text>
                <text font="JQUZDQ+SimSun" bbox="242.160,470.069,252.720,480.629" colourspace="ICCBased" ncolour="[0]" size="10.560">尔</text>
                <text font="JQUZDQ+SimSun" bbox="252.720,470.069,263.280,480.629" colourspace="ICCBased" ncolour="[0]" size="10.560">茨</text>
                <text font="JQUZDQ+SimSun" bbox="263.280,470.069,273.840,480.629" colourspace="ICCBased" ncolour="[0]" size="10.560">海</text>
                <text font="JQUZDQ+SimSun" bbox="273.840,470.069,284.400,480.629" colourspace="ICCBased" ncolour="[0]" size="10.560">默</text>
                <text font="JQUZDQ+SimSun" bbox="284.160,470.069,294.720,480.629" colourspace="ICCBased" ncolour="[0]" size="10.560">病</text>
                <text font="JQUZDQ+SimSun" bbox="294.720,470.069,305.280,480.629" colourspace="ICCBased" ncolour="[0]" size="10.560">以</text>
                <text font="JQUZDQ+SimSun" bbox="305.280,470.069,315.840,480.629" colourspace="ICCBased" ncolour="[0]" size="10.560">外</text>
                <text font="JQUZDQ+SimSun" bbox="315.840,470.069,326.400,480.629" colourspace="ICCBased" ncolour="[0]" size="10.560">的</text>
                <text font="JQUZDQ+SimSun" bbox="326.400,470.069,336.960,480.629" colourspace="ICCBased" ncolour="[0]" size="10.560">脑</text>
                <text font="JQUZDQ+SimSun" bbox="336.960,470.069,347.520,480.629" colourspace="ICCBased" ncolour="[0]" size="10.560">的</text>
                <text font="JQUZDQ+SimSun" bbox="347.280,470.069,357.840,480.629" colourspace="ICCBased" ncolour="[0]" size="10.560">器</text>
                <text font="JQUZDQ+SimSun" bbox="357.840,470.069,368.400,480.629" colourspace="ICCBased" ncolour="[0]" size="10.560">质</text>
                <text font="JQUZDQ+SimSun" bbox="368.400,470.069,378.960,480.629" colourspace="ICCBased" ncolour="[0]" size="10.560">性</text>
                <text font="JQUZDQ+SimSun" bbox="378.960,470.069,389.520,480.629" colourspace="ICCBased" ncolour="[0]" size="10.560">疾</text>
                <text font="JQUZDQ+SimSun" bbox="389.520,470.069,400.080,480.629" colourspace="ICCBased" ncolour="[0]" size="10.560">病</text>
                <text font="JQUZDQ+SimSun" bbox="399.840,470.069,410.400,480.629" colourspace="ICCBased" ncolour="[0]" size="10.560">造</text>
                <text font="JQUZDQ+SimSun" bbox="410.400,470.069,420.960,480.629" colourspace="ICCBased" ncolour="[0]" size="10.560">成</text>
                <text font="JQUZDQ+SimSun" bbox="420.960,470.069,431.520,480.629" colourspace="ICCBased" ncolour="[0]" size="10.560">脑</text>
                <text font="JQUZDQ+SimSun" bbox="431.520,470.069,442.080,480.629" colourspace="ICCBased" ncolour="[0]" size="10.560">功</text>
                <text font="JQUZDQ+SimSun" bbox="442.080,470.069,452.640,480.629" colourspace="ICCBased" ncolour="[0]" size="10.560">能</text>
                <text font="JQUZDQ+SimSun" bbox="452.400,470.069,462.960,480.629" colourspace="ICCBased" ncolour="[0]" size="10.560">衰</text>
                <text font="JQUZDQ+SimSun" bbox="462.960,470.069,473.520,480.629" colourspace="ICCBased" ncolour="[0]" size="10.560">竭</text>
                <text font="JQUZDQ+SimSun" bbox="473.520,470.069,484.080,480.629" colourspace="ICCBased" ncolour="[0]" size="10.560">导</text>
                <text font="JQUZDQ+SimSun" bbox="484.080,470.069,494.640,480.629" colourspace="ICCBased" ncolour="[0]" size="10.560">致</text>
                <text font="JQUZDQ+SimSun" bbox="494.640,470.069,505.200,480.629" colourspace="ICCBased" ncolour="[0]" size="10.560">永</text>
                <text font="JQUZDQ+SimSun" bbox="505.200,470.069,515.760,480.629" colourspace="ICCBased" ncolour="[0]" size="10.560">久</text>
                <text font="JQUZDQ+SimSun" bbox="515.760,470.069,526.320,480.629" colourspace="ICCBased" ncolour="[0]" size="10.560">不</text>
                <text font="JQUZDQ+SimSun" bbox="526.080,470.069,536.640,480.629" colourspace="ICCBased" ncolour="[0]" size="10.560">可</text>
                <text font="JQUZDQ+SimSun" bbox="536.640,470.069,547.200,480.629" colourspace="ICCBased" ncolour="[0]" size="10.560">逆</text>
                <text>
                </text>
            </textline>
            <textline bbox="210.480,454.472,547.200,465.032">
                <text font="JQUZDQ+SimSun" bbox="210.480,454.472,221.040,465.032" colourspace="ICCBased" ncolour="[0]" size="10.560">性</text>
                <text font="JQUZDQ+SimSun" bbox="221.040,454.472,231.600,465.032" colourspace="ICCBased" ncolour="[0]" size="10.560">的</text>
                <text font="JQUZDQ+SimSun" bbox="231.600,454.472,242.160,465.032" colourspace="ICCBased" ncolour="[0]" size="10.560">严</text>
                <text font="JQUZDQ+SimSun" bbox="242.160,454.472,252.720,465.032" colourspace="ICCBased" ncolour="[0]" size="10.560">重</text>
                <text font="JQUZDQ+SimSun" bbox="252.720,454.472,263.280,465.032" colourspace="ICCBased" ncolour="[0]" size="10.560">痴</text>
                <text font="JQUZDQ+SimSun" bbox="263.280,454.472,273.840,465.032" colourspace="ICCBased" ncolour="[0]" size="10.560">呆</text>
                <text font="JQUZDQ+SimSun" bbox="273.840,454.472,284.400,465.032" colourspace="ICCBased" ncolour="[0]" size="10.560">，</text>
                <text font="JQUZDQ+SimSun" bbox="284.160,454.472,294.720,465.032" colourspace="ICCBased" ncolour="[0]" size="10.560">临</text>
                <text font="JQUZDQ+SimSun" bbox="294.720,454.472,305.280,465.032" colourspace="ICCBased" ncolour="[0]" size="10.560">床</text>
                <text font="JQUZDQ+SimSun" bbox="305.280,454.472,315.840,465.032" colourspace="ICCBased" ncolour="[0]" size="10.560">表</text>
                <text font="JQUZDQ+SimSun" bbox="315.840,454.472,326.400,465.032" colourspace="ICCBased" ncolour="[0]" size="10.560">现</text>
                <text font="JQUZDQ+SimSun" bbox="326.400,454.472,336.960,465.032" colourspace="ICCBased" ncolour="[0]" size="10.560">为</text>
                <text font="JQUZDQ+SimSun" bbox="336.960,454.472,347.520,465.032" colourspace="ICCBased" ncolour="[0]" size="10.560">明</text>
                <text font="JQUZDQ+SimSun" bbox="347.280,454.472,357.840,465.032" colourspace="ICCBased" ncolour="[0]" size="10.560">显</text>
                <text font="JQUZDQ+SimSun" bbox="357.840,454.472,368.400,465.032" colourspace="ICCBased" ncolour="[0]" size="10.560">的</text>
                <text font="JQUZDQ+SimSun" bbox="368.400,454.472,378.960,465.032" colourspace="ICCBased" ncolour="[0]" size="10.560">认</text>
                <text font="JQUZDQ+SimSun" bbox="378.960,454.472,389.520,465.032" colourspace="ICCBased" ncolour="[0]" size="10.560">知</text>
                <text font="JQUZDQ+SimSun" bbox="389.520,454.472,400.080,465.032" colourspace="ICCBased" ncolour="[0]" size="10.560">能</text>
                <text font="JQUZDQ+SimSun" bbox="399.840,454.472,410.400,465.032" colourspace="ICCBased" ncolour="[0]" size="10.560">力</text>
                <text font="JQUZDQ+SimSun" bbox="410.400,454.472,420.960,465.032" colourspace="ICCBased" ncolour="[0]" size="10.560">障</text>
                <text font="JQUZDQ+SimSun" bbox="420.960,454.472,431.520,465.032" colourspace="ICCBased" ncolour="[0]" size="10.560">碍</text>
                <text font="JQUZDQ+SimSun" bbox="431.520,454.472,442.080,465.032" colourspace="ICCBased" ncolour="[0]" size="10.560">、</text>
                <text font="JQUZDQ+SimSun" bbox="442.080,454.472,452.640,465.032" colourspace="ICCBased" ncolour="[0]" size="10.560">行</text>
                <text font="JQUZDQ+SimSun" bbox="452.400,454.472,462.960,465.032" colourspace="ICCBased" ncolour="[0]" size="10.560">为</text>
                <text font="JQUZDQ+SimSun" bbox="462.960,454.472,473.520,465.032" colourspace="ICCBased" ncolour="[0]" size="10.560">异</text>
                <text font="JQUZDQ+SimSun" bbox="473.520,454.472,484.080,465.032" colourspace="ICCBased" ncolour="[0]" size="10.560">常</text>
                <text font="JQUZDQ+SimSun" bbox="484.080,454.472,494.640,465.032" colourspace="ICCBased" ncolour="[0]" size="10.560">和</text>
                <text font="JQUZDQ+SimSun" bbox="494.640,454.472,505.200,465.032" colourspace="ICCBased" ncolour="[0]" size="10.560">社</text>
                <text font="JQUZDQ+SimSun" bbox="505.200,454.472,515.760,465.032" colourspace="ICCBased" ncolour="[0]" size="10.560">交</text>
                <text font="JQUZDQ+SimSun" bbox="515.760,454.472,526.320,465.032" colourspace="ICCBased" ncolour="[0]" size="10.560">能</text>
                <text font="JQUZDQ+SimSun" bbox="526.080,454.472,536.640,465.032" colourspace="ICCBased" ncolour="[0]" size="10.560">力</text>
                <text font="JQUZDQ+SimSun" bbox="536.640,454.472,547.200,465.032" colourspace="ICCBased" ncolour="[0]" size="10.560">减</text>
                <text>
                </text>
            </textline>
            <textline bbox="210.480,438.875,547.200,449.435">
                <text font="JQUZDQ+SimSun" bbox="210.480,438.875,221.040,449.435" colourspace="ICCBased" ncolour="[0]" size="10.560">退</text>
                <text font="JQUZDQ+SimSun" bbox="221.040,438.875,231.600,449.435" colourspace="ICCBased" ncolour="[0]" size="10.560">。</text>
                <text font="JQUZDQ+SimSun" bbox="231.600,438.875,242.160,449.435" colourspace="ICCBased" ncolour="[0]" size="10.560">被</text>
                <text font="JQUZDQ+SimSun" bbox="242.160,438.875,252.720,449.435" colourspace="ICCBased" ncolour="[0]" size="10.560">保</text>
                <text font="JQUZDQ+SimSun" bbox="252.720,438.875,263.280,449.435" colourspace="ICCBased" ncolour="[0]" size="10.560">险</text>
                <text font="JQUZDQ+SimSun" bbox="263.280,438.875,273.840,449.435" colourspace="ICCBased" ncolour="[0]" size="10.560">人</text>
                <text font="JQUZDQ+SimSun" bbox="273.840,438.875,284.400,449.435" colourspace="ICCBased" ncolour="[0]" size="10.560">自</text>
                <text font="JQUZDQ+SimSun" bbox="284.160,438.875,294.720,449.435" colourspace="ICCBased" ncolour="[0]" size="10.560">主</text>
                <text font="JQUZDQ+SimSun" bbox="294.720,438.875,305.280,449.435" colourspace="ICCBased" ncolour="[0]" size="10.560">生</text>
                <text font="JQUZDQ+SimSun" bbox="305.280,438.875,315.840,449.435" colourspace="ICCBased" ncolour="[0]" size="10.560">活</text>
                <text font="JQUZDQ+SimSun" bbox="315.840,438.875,326.400,449.435" colourspace="ICCBased" ncolour="[0]" size="10.560">能</text>
                <text font="JQUZDQ+SimSun" bbox="326.400,438.875,336.960,449.435" colourspace="ICCBased" ncolour="[0]" size="10.560">力</text>
                <text font="JQUZDQ+SimSun" bbox="336.960,438.875,347.520,449.435" colourspace="ICCBased" ncolour="[0]" size="10.560">完</text>
                <text font="JQUZDQ+SimSun" bbox="347.280,438.875,357.840,449.435" colourspace="ICCBased" ncolour="[0]" size="10.560">全</text>
                <text font="JQUZDQ+SimSun" bbox="357.840,438.875,368.400,449.435" colourspace="ICCBased" ncolour="[0]" size="10.560">丧</text>
                <text font="JQUZDQ+SimSun" bbox="368.400,438.875,378.960,449.435" colourspace="ICCBased" ncolour="[0]" size="10.560">失</text>
                <text font="JQUZDQ+SimSun" bbox="378.960,438.875,389.520,449.435" colourspace="ICCBased" ncolour="[0]" size="10.560">，</text>
                <text font="JQUZDQ+SimSun" bbox="389.520,438.875,400.080,449.435" colourspace="ICCBased" ncolour="[0]" size="10.560">无</text>
                <text font="JQUZDQ+SimSun" bbox="399.840,438.875,410.400,449.435" colourspace="ICCBased" ncolour="[0]" size="10.560">法</text>
                <text font="JQUZDQ+SimSun" bbox="410.400,438.875,420.960,449.435" colourspace="ICCBased" ncolour="[0]" size="10.560">独</text>
                <text font="JQUZDQ+SimSun" bbox="420.960,438.875,431.520,449.435" colourspace="ICCBased" ncolour="[0]" size="10.560">立</text>
                <text font="JQUZDQ+SimSun" bbox="431.520,438.875,442.080,449.435" colourspace="ICCBased" ncolour="[0]" size="10.560">完</text>
                <text font="JQUZDQ+SimSun" bbox="442.080,438.875,452.640,449.435" colourspace="ICCBased" ncolour="[0]" size="10.560">成</text>
                <text font="JQUZDQ+SimSun" bbox="452.400,438.875,462.960,449.435" colourspace="ICCBased" ncolour="[0]" size="10.560">六</text>
                <text font="JQUZDQ+SimSun" bbox="462.960,438.875,473.520,449.435" colourspace="ICCBased" ncolour="[0]" size="10.560">项</text>
                <text font="JQUZDQ+SimSun" bbox="473.520,438.875,484.080,449.435" colourspace="ICCBased" ncolour="[0]" size="10.560">基</text>
                <text font="JQUZDQ+SimSun" bbox="484.080,438.875,494.640,449.435" colourspace="ICCBased" ncolour="[0]" size="10.560">本</text>
                <text font="JQUZDQ+SimSun" bbox="494.640,438.875,505.200,449.435" colourspace="ICCBased" ncolour="[0]" size="10.560">日</text>
                <text font="JQUZDQ+SimSun" bbox="505.200,438.875,515.760,449.435" colourspace="ICCBased" ncolour="[0]" size="10.560">常</text>
                <text font="JQUZDQ+SimSun" bbox="515.760,438.875,526.320,449.435" colourspace="ICCBased" ncolour="[0]" size="10.560">生</text>
                <text font="JQUZDQ+SimSun" bbox="526.080,438.875,536.640,449.435" colourspace="ICCBased" ncolour="[0]" size="10.560">活</text>
                <text font="JQUZDQ+SimSun" bbox="536.640,438.875,547.200,449.435" colourspace="ICCBased" ncolour="[0]" size="10.560">活</text>
                <text>
                </text>
            </textline>
            <textline bbox="210.480,423.277,547.200,433.837">
                <text font="JQUZDQ+SimSun" bbox="210.480,423.277,221.040,433.837" colourspace="ICCBased" ncolour="[0]" size="10.560">动</text>
                <text font="JQUZDQ+SimSun" bbox="221.040,423.277,231.600,433.837" colourspace="ICCBased" ncolour="[0]" size="10.560">中</text>
                <text font="JQUZDQ+SimSun" bbox="231.600,423.277,242.160,433.837" colourspace="ICCBased" ncolour="[0]" size="10.560">的</text>
                <text font="JQUZDQ+SimSun" bbox="242.160,423.277,252.720,433.837" colourspace="ICCBased" ncolour="[0]" size="10.560">三</text>
                <text font="JQUZDQ+SimSun" bbox="252.720,423.277,263.280,433.837" colourspace="ICCBased" ncolour="[0]" size="10.560">项</text>
                <text font="JQUZDQ+SimSun" bbox="263.280,423.277,273.840,433.837" colourspace="ICCBased" ncolour="[0]" size="10.560">或</text>
                <text font="JQUZDQ+SimSun" bbox="273.840,423.277,284.400,433.837" colourspace="ICCBased" ncolour="[0]" size="10.560">三</text>
                <text font="JQUZDQ+SimSun" bbox="284.160,423.277,294.720,433.837" colourspace="ICCBased" ncolour="[0]" size="10.560">项</text>
                <text font="JQUZDQ+SimSun" bbox="294.720,423.277,305.280,433.837" colourspace="ICCBased" ncolour="[0]" size="10.560">以</text>
                <text font="JQUZDQ+SimSun" bbox="305.280,423.277,315.840,433.837" colourspace="ICCBased" ncolour="[0]" size="10.560">上</text>
                <text font="JQUZDQ+SimSun" bbox="315.840,423.277,326.400,433.837" colourspace="ICCBased" ncolour="[0]" size="10.560">，</text>
                <text font="JQUZDQ+SimSun" bbox="326.400,423.277,336.960,433.837" colourspace="ICCBased" ncolour="[0]" size="10.560">日</text>
                <text font="JQUZDQ+SimSun" bbox="336.960,423.277,347.520,433.837" colourspace="ICCBased" ncolour="[0]" size="10.560">常</text>
                <text font="JQUZDQ+SimSun" bbox="347.280,423.277,357.840,433.837" colourspace="ICCBased" ncolour="[0]" size="10.560">生</text>
                <text font="JQUZDQ+SimSun" bbox="357.840,423.277,368.400,433.837" colourspace="ICCBased" ncolour="[0]" size="10.560">活</text>
                <text font="JQUZDQ+SimSun" bbox="368.400,423.277,378.960,433.837" colourspace="ICCBased" ncolour="[0]" size="10.560">必</text>
                <text font="JQUZDQ+SimSun" bbox="378.960,423.277,389.520,433.837" colourspace="ICCBased" ncolour="[0]" size="10.560">须</text>
                <text font="JQUZDQ+SimSun" bbox="389.520,423.277,400.080,433.837" colourspace="ICCBased" ncolour="[0]" size="10.560">持</text>
                <text font="JQUZDQ+SimSun" bbox="399.840,423.277,410.400,433.837" colourspace="ICCBased" ncolour="[0]" size="10.560">续</text>
                <text font="JQUZDQ+SimSun" bbox="410.400,423.277,420.960,433.837" colourspace="ICCBased" ncolour="[0]" size="10.560">受</text>
                <text font="JQUZDQ+SimSun" bbox="420.960,423.277,431.520,433.837" colourspace="ICCBased" ncolour="[0]" size="10.560">到</text>
                <text font="JQUZDQ+SimSun" bbox="431.520,423.277,442.080,433.837" colourspace="ICCBased" ncolour="[0]" size="10.560">他</text>
                <text font="JQUZDQ+SimSun" bbox="442.080,423.277,452.640,433.837" colourspace="ICCBased" ncolour="[0]" size="10.560">人</text>
                <text font="JQUZDQ+SimSun" bbox="452.400,423.277,462.960,433.837" colourspace="ICCBased" ncolour="[0]" size="10.560">监</text>
                <text font="JQUZDQ+SimSun" bbox="462.960,423.277,473.520,433.837" colourspace="ICCBased" ncolour="[0]" size="10.560">护</text>
                <text font="JQUZDQ+SimSun" bbox="473.520,423.277,484.080,433.837" colourspace="ICCBased" ncolour="[0]" size="10.560">。</text>
                <text font="JQUZDQ+SimSun" bbox="484.080,423.277,494.640,433.837" colourspace="ICCBased" ncolour="[0]" size="10.560">导</text>
                <text font="JQUZDQ+SimSun" bbox="494.640,423.277,505.200,433.837" colourspace="ICCBased" ncolour="[0]" size="10.560">致</text>
                <text font="JQUZDQ+SimSun" bbox="505.200,423.277,515.760,433.837" colourspace="ICCBased" ncolour="[0]" size="10.560">痴</text>
                <text font="JQUZDQ+SimSun" bbox="515.760,423.277,526.320,433.837" colourspace="ICCBased" ncolour="[0]" size="10.560">呆</text>
                <text font="JQUZDQ+SimSun" bbox="526.080,423.277,536.640,433.837" colourspace="ICCBased" ncolour="[0]" size="10.560">的</text>
                <text font="JQUZDQ+SimSun" bbox="536.640,423.277,547.200,433.837" colourspace="ICCBased" ncolour="[0]" size="10.560">疾</text>
                <text>
                </text>
            </textline>
            <textline bbox="210.480,407.680,547.200,418.240">
                <text font="JQUZDQ+SimSun" bbox="210.480,407.680,221.040,418.240" colourspace="ICCBased" ncolour="[0]" size="10.560">病</text>
                <text font="JQUZDQ+SimSun" bbox="221.040,407.680,231.600,418.240" colourspace="ICCBased" ncolour="[0]" size="10.560">必</text>
                <text font="JQUZDQ+SimSun" bbox="231.600,407.680,242.160,418.240" colourspace="ICCBased" ncolour="[0]" size="10.560">须</text>
                <text font="JQUZDQ+SimSun" bbox="242.160,407.680,252.720,418.240" colourspace="ICCBased" ncolour="[0]" size="10.560">经</text>
                <text font="JQUZDQ+SimSun" bbox="252.720,407.680,263.280,418.240" colourspace="ICCBased" ncolour="[0]" size="10.560">专</text>
                <text font="JQUZDQ+SimSun" bbox="263.280,407.680,273.840,418.240" colourspace="ICCBased" ncolour="[0]" size="10.560">科</text>
                <text font="JQUZDQ+SimSun" bbox="273.840,407.680,284.400,418.240" colourspace="ICCBased" ncolour="[0]" size="10.560">医</text>
                <text font="JQUZDQ+SimSun" bbox="284.160,407.680,294.720,418.240" colourspace="ICCBased" ncolour="[0]" size="10.560">生</text>
                <text font="JQUZDQ+SimSun" bbox="294.720,407.680,305.280,418.240" colourspace="ICCBased" ncolour="[0]" size="10.560">明</text>
                <text font="JQUZDQ+SimSun" bbox="305.280,407.680,315.840,418.240" colourspace="ICCBased" ncolour="[0]" size="10.560">确</text>
                <text font="JQUZDQ+SimSun" bbox="315.840,407.680,326.400,418.240" colourspace="ICCBased" ncolour="[0]" size="10.560">诊</text>
                <text font="JQUZDQ+SimSun" bbox="326.400,407.680,336.960,418.240" colourspace="ICCBased" ncolour="[0]" size="10.560">断</text>
                <text font="JQUZDQ+SimSun" bbox="336.960,407.680,347.520,418.240" colourspace="ICCBased" ncolour="[0]" size="10.560">，</text>
                <text font="JQUZDQ+SimSun" bbox="347.280,407.680,357.840,418.240" colourspace="ICCBased" ncolour="[0]" size="10.560">并</text>
                <text font="JQUZDQ+SimSun" bbox="357.840,407.680,368.400,418.240" colourspace="ICCBased" ncolour="[0]" size="10.560">且</text>
                <text font="JQUZDQ+SimSun" bbox="368.400,407.680,378.960,418.240" colourspace="ICCBased" ncolour="[0]" size="10.560">由</text>
                <text font="JQUZDQ+SimSun" bbox="378.960,407.680,389.520,418.240" colourspace="ICCBased" ncolour="[0]" size="10.560">完</text>
                <text font="JQUZDQ+SimSun" bbox="389.520,407.680,400.080,418.240" colourspace="ICCBased" ncolour="[0]" size="10.560">整</text>
                <text font="JQUZDQ+SimSun" bbox="399.840,407.680,410.400,418.240" colourspace="ICCBased" ncolour="[0]" size="10.560">的</text>
                <text font="JQUZDQ+SimSun" bbox="410.400,407.680,420.960,418.240" colourspace="ICCBased" ncolour="[0]" size="10.560">临</text>
                <text font="JQUZDQ+SimSun" bbox="420.960,407.680,431.520,418.240" colourspace="ICCBased" ncolour="[0]" size="10.560">床</text>
                <text font="JQUZDQ+SimSun" bbox="431.520,407.680,442.080,418.240" colourspace="ICCBased" ncolour="[0]" size="10.560">、</text>
                <text font="JQUZDQ+SimSun" bbox="442.080,407.680,452.640,418.240" colourspace="ICCBased" ncolour="[0]" size="10.560">实</text>
                <text font="JQUZDQ+SimSun" bbox="452.400,407.680,462.960,418.240" colourspace="ICCBased" ncolour="[0]" size="10.560">验</text>
                <text font="JQUZDQ+SimSun" bbox="462.960,407.680,473.520,418.240" colourspace="ICCBased" ncolour="[0]" size="10.560">室</text>
                <text font="JQUZDQ+SimSun" bbox="473.520,407.680,484.080,418.240" colourspace="ICCBased" ncolour="[0]" size="10.560">和</text>
                <text font="JQUZDQ+SimSun" bbox="484.080,407.680,494.640,418.240" colourspace="ICCBased" ncolour="[0]" size="10.560">影</text>
                <text font="JQUZDQ+SimSun" bbox="494.640,407.680,505.200,418.240" colourspace="ICCBased" ncolour="[0]" size="10.560">像</text>
                <text font="JQUZDQ+SimSun" bbox="505.200,407.680,515.760,418.240" colourspace="ICCBased" ncolour="[0]" size="10.560">学</text>
                <text font="JQUZDQ+SimSun" bbox="515.760,407.680,526.320,418.240" colourspace="ICCBased" ncolour="[0]" size="10.560">检</text>
                <text font="JQUZDQ+SimSun" bbox="526.080,407.680,536.640,418.240" colourspace="ICCBased" ncolour="[0]" size="10.560">查</text>
                <text font="JQUZDQ+SimSun" bbox="536.640,407.680,547.200,418.240" colourspace="ICCBased" ncolour="[0]" size="10.560">结</text>
                <text>
                </text>
            </textline>
            <textline bbox="210.480,392.083,257.757,402.643">
                <text font="JQUZDQ+SimSun" bbox="210.480,392.083,221.040,402.643" colourspace="ICCBased" ncolour="[0]" size="10.560">果</text>
                <text font="JQUZDQ+SimSun" bbox="221.040,392.083,231.600,402.643" colourspace="ICCBased" ncolour="[0]" size="10.560">证</text>
                <text font="JQUZDQ+SimSun" bbox="231.600,392.083,242.160,402.643" colourspace="ICCBased" ncolour="[0]" size="10.560">实</text>
                <text font="JQUZDQ+SimSun" bbox="242.160,392.083,252.720,402.643" colourspace="ICCBased" ncolour="[0]" size="10.560">。</text>
                <text font="JTTPDQ+SimSun" bbox="252.477,392.083,257.757,402.643" colourspace="ICCBased" ncolour="[0]" size="10.560"> </text>
                <text>
                </text>
            </textline>
            <textline bbox="210.480,376.469,509.760,387.029">
                <text font="JQUZDQ+SimSun" bbox="210.480,376.469,221.040,387.029" colourspace="ICCBased" ncolour="[0]" size="10.560">神</text>
                <text font="JQUZDQ+SimSun" bbox="221.040,376.469,231.600,387.029" colourspace="ICCBased" ncolour="[0]" size="10.560">经</text>
                <text font="JQUZDQ+SimSun" bbox="231.600,376.469,242.160,387.029" colourspace="ICCBased" ncolour="[0]" size="10.560">官</text>
                <text font="JQUZDQ+SimSun" bbox="242.160,376.469,252.720,387.029" colourspace="ICCBased" ncolour="[0]" size="10.560">能</text>
                <text font="JQUZDQ+SimSun" bbox="252.720,376.469,263.280,387.029" colourspace="ICCBased" ncolour="[0]" size="10.560">症</text>
                <text font="JQUZDQ+SimSun" bbox="263.040,376.469,273.600,387.029" colourspace="ICCBased" ncolour="[0]" size="10.560">、</text>
                <text font="JQUZDQ+SimSun" bbox="273.600,376.469,284.160,387.029" colourspace="ICCBased" ncolour="[0]" size="10.560">精</text>
                <text font="JQUZDQ+SimSun" bbox="284.160,376.469,294.720,387.029" colourspace="ICCBased" ncolour="[0]" size="10.560">神</text>
                <text font="JQUZDQ+SimSun" bbox="294.720,376.469,305.280,387.029" colourspace="ICCBased" ncolour="[0]" size="10.560">疾</text>
                <text font="JQUZDQ+SimSun" bbox="305.040,376.469,315.600,387.029" colourspace="ICCBased" ncolour="[0]" size="10.560">病</text>
                <text font="JQUZDQ+SimSun" bbox="315.600,376.469,326.160,387.029" colourspace="ICCBased" ncolour="[0]" size="10.560">及</text>
                <text font="JQUZDQ+SimSun" bbox="326.160,376.469,336.720,387.029" colourspace="ICCBased" ncolour="[0]" size="10.560">酒</text>
                <text font="JQUZDQ+SimSun" bbox="336.720,376.469,347.280,387.029" colourspace="ICCBased" ncolour="[0]" size="10.560">精</text>
                <text font="JQUZDQ+SimSun" bbox="347.040,376.469,357.600,387.029" colourspace="ICCBased" ncolour="[0]" size="10.560">中</text>
                <text font="JQUZDQ+SimSun" bbox="357.600,376.469,368.160,387.029" colourspace="ICCBased" ncolour="[0]" size="10.560">毒</text>
                <text font="JQUZDQ+SimSun" bbox="368.160,376.469,378.720,387.029" colourspace="ICCBased" ncolour="[0]" size="10.560">所</text>
                <text font="JQUZDQ+SimSun" bbox="378.720,376.469,389.280,387.029" colourspace="ICCBased" ncolour="[0]" size="10.560">致</text>
                <text font="JQUZDQ+SimSun" bbox="389.040,376.469,399.600,387.029" colourspace="ICCBased" ncolour="[0]" size="10.560">脑</text>
                <text font="JQUZDQ+SimSun" bbox="399.600,376.469,410.160,387.029" colourspace="ICCBased" ncolour="[0]" size="10.560">损</text>
                <text font="JQUZDQ+SimSun" bbox="410.160,376.469,420.720,387.029" colourspace="ICCBased" ncolour="[0]" size="10.560">害</text>
                <text font="JQUZDQ+SimSun" bbox="420.720,376.469,431.280,387.029" colourspace="ICCBased" ncolour="[0]" size="10.560">不</text>
                <text font="JQUZDQ+SimSun" bbox="431.040,376.469,441.600,387.029" colourspace="ICCBased" ncolour="[0]" size="10.560">在</text>
                <text font="JQUZDQ+SimSun" bbox="441.600,376.469,452.160,387.029" colourspace="ICCBased" ncolour="[0]" size="10.560">保</text>
                <text font="JQUZDQ+SimSun" bbox="451.920,376.469,462.480,387.029" colourspace="ICCBased" ncolour="[0]" size="10.560">障</text>
                <text font="JQUZDQ+SimSun" bbox="462.480,376.469,473.040,387.029" colourspace="ICCBased" ncolour="[0]" size="10.560">范</text>
                <text font="JQUZDQ+SimSun" bbox="473.040,376.469,483.600,387.029" colourspace="ICCBased" ncolour="[0]" size="10.560">围</text>
                <text font="JQUZDQ+SimSun" bbox="483.600,376.469,494.160,387.029" colourspace="ICCBased" ncolour="[0]" size="10.560">内</text>
                <text font="JQUZDQ+SimSun" bbox="494.160,376.469,504.720,387.029" colourspace="ICCBased" ncolour="[0]" size="10.560">。</text>
                <text font="JTTPDQ+SimSun" bbox="504.480,376.469,509.760,387.029" colourspace="ICCBased" ncolour="[0]" size="10.560"> </text>
                <text>
                </text>
            </textline>
            <textline bbox="210.480,360.869,215.760,371.429">
                <text font="JTTPDQ+SimSun" bbox="210.480,360.869,215.760,371.429" colourspace="ICCBased" ncolour="[0]" size="10.560"> </text>
                <text>
                </text>
            </textline>
            <textline bbox="210.480,346.709,547.200,357.269">
                <text font="JQUZDQ+SimSun" bbox="210.480,346.709,221.040,357.269" colourspace="ICCBased" ncolour="[0]" size="10.560">指</text>
                <text font="JQUZDQ+SimSun" bbox="221.040,346.709,231.600,357.269" colourspace="ICCBased" ncolour="[0]" size="10.560">经</text>
                <text font="JQUZDQ+SimSun" bbox="231.600,346.709,242.160,357.269" colourspace="ICCBased" ncolour="[0]" size="10.560">专</text>
                <text font="JQUZDQ+SimSun" bbox="242.160,346.709,252.720,357.269" colourspace="ICCBased" ncolour="[0]" size="10.560">科</text>
                <text font="JQUZDQ+SimSun" bbox="252.720,346.709,263.280,357.269" colourspace="ICCBased" ncolour="[0]" size="10.560">医</text>
                <text font="JQUZDQ+SimSun" bbox="263.280,346.709,273.840,357.269" colourspace="ICCBased" ncolour="[0]" size="10.560">师</text>
                <text font="JQUZDQ+SimSun" bbox="273.840,346.709,284.400,357.269" colourspace="ICCBased" ncolour="[0]" size="10.560">确</text>
                <text font="JQUZDQ+SimSun" bbox="284.160,346.709,294.720,357.269" colourspace="ICCBased" ncolour="[0]" size="10.560">诊</text>
                <text font="JQUZDQ+SimSun" bbox="294.720,346.709,305.280,357.269" colourspace="ICCBased" ncolour="[0]" size="10.560">，</text>
                <text font="JQUZDQ+SimSun" bbox="305.280,346.709,315.840,357.269" colourspace="ICCBased" ncolour="[0]" size="10.560">由</text>
                <text font="JQUZDQ+SimSun" bbox="315.840,346.709,326.400,357.269" colourspace="ICCBased" ncolour="[0]" size="10.560">于</text>
                <text font="JQUZDQ+SimSun" bbox="326.400,346.709,336.960,357.269" colourspace="ICCBased" ncolour="[0]" size="10.560">意</text>
                <text font="JQUZDQ+SimSun" bbox="336.960,346.709,347.520,357.269" colourspace="ICCBased" ncolour="[0]" size="10.560">外</text>
                <text font="JQUZDQ+SimSun" bbox="347.280,346.709,357.840,357.269" colourspace="ICCBased" ncolour="[0]" size="10.560">事</text>
                <text font="JQUZDQ+SimSun" bbox="357.840,346.709,368.400,357.269" colourspace="ICCBased" ncolour="[0]" size="10.560">故</text>
                <text font="JQUZDQ+SimSun" bbox="368.400,346.709,378.960,357.269" colourspace="ICCBased" ncolour="[0]" size="10.560">或</text>
                <text font="JQUZDQ+SimSun" bbox="378.960,346.709,389.520,357.269" colourspace="ICCBased" ncolour="[0]" size="10.560">疾</text>
                <text font="JQUZDQ+SimSun" bbox="389.520,346.709,400.080,357.269" colourspace="ICCBased" ncolour="[0]" size="10.560">病</text>
                <text font="JQUZDQ+SimSun" bbox="399.840,346.709,410.400,357.269" colourspace="ICCBased" ncolour="[0]" size="10.560">所</text>
                <text font="JQUZDQ+SimSun" bbox="410.400,346.709,420.960,357.269" colourspace="ICCBased" ncolour="[0]" size="10.560">致</text>
                <text font="JQUZDQ+SimSun" bbox="420.960,346.709,431.520,357.269" colourspace="ICCBased" ncolour="[0]" size="10.560">大</text>
                <text font="JQUZDQ+SimSun" bbox="431.520,346.709,442.080,357.269" colourspace="ICCBased" ncolour="[0]" size="10.560">脑</text>
                <text font="JQUZDQ+SimSun" bbox="442.080,346.709,452.640,357.269" colourspace="ICCBased" ncolour="[0]" size="10.560">皮</text>
                <text font="JQUZDQ+SimSun" bbox="452.400,346.709,462.960,357.269" colourspace="ICCBased" ncolour="[0]" size="10.560">质</text>
                <text font="JQUZDQ+SimSun" bbox="462.960,346.709,473.520,357.269" colourspace="ICCBased" ncolour="[0]" size="10.560">全</text>
                <text font="JQUZDQ+SimSun" bbox="473.520,346.709,484.080,357.269" colourspace="ICCBased" ncolour="[0]" size="10.560">面</text>
                <text font="JQUZDQ+SimSun" bbox="484.080,346.709,494.640,357.269" colourspace="ICCBased" ncolour="[0]" size="10.560">坏</text>
                <text font="JQUZDQ+SimSun" bbox="494.640,346.709,505.200,357.269" colourspace="ICCBased" ncolour="[0]" size="10.560">死</text>
                <text font="JQUZDQ+SimSun" bbox="505.200,346.709,515.760,357.269" colourspace="ICCBased" ncolour="[0]" size="10.560">，</text>
                <text font="JQUZDQ+SimSun" bbox="515.760,346.709,526.320,357.269" colourspace="ICCBased" ncolour="[0]" size="10.560">意</text>
                <text font="JQUZDQ+SimSun" bbox="526.080,346.709,536.640,357.269" colourspace="ICCBased" ncolour="[0]" size="10.560">识</text>
                <text font="JQUZDQ+SimSun" bbox="536.640,346.709,547.200,357.269" colourspace="ICCBased" ncolour="[0]" size="10.560">完</text>
                <text>
                </text>
            </textline>
            <textline bbox="210.480,331.112,547.200,341.672">
                <text font="JQUZDQ+SimSun" bbox="210.480,331.112,221.040,341.672" colourspace="ICCBased" ncolour="[0]" size="10.560">全</text>
                <text font="JQUZDQ+SimSun" bbox="221.040,331.112,231.600,341.672" colourspace="ICCBased" ncolour="[0]" size="10.560">丧</text>
                <text font="JQUZDQ+SimSun" bbox="231.600,331.112,242.160,341.672" colourspace="ICCBased" ncolour="[0]" size="10.560">失</text>
                <text font="JQUZDQ+SimSun" bbox="242.160,331.112,252.720,341.672" colourspace="ICCBased" ncolour="[0]" size="10.560">，</text>
                <text font="JQUZDQ+SimSun" bbox="252.720,331.112,263.280,341.672" colourspace="ICCBased" ncolour="[0]" size="10.560">但</text>
                <text font="JQUZDQ+SimSun" bbox="263.280,331.112,273.840,341.672" colourspace="ICCBased" ncolour="[0]" size="10.560">脑</text>
                <text font="JQUZDQ+SimSun" bbox="273.840,331.112,284.400,341.672" colourspace="ICCBased" ncolour="[0]" size="10.560">干</text>
                <text font="JQUZDQ+SimSun" bbox="284.160,331.112,294.720,341.672" colourspace="ICCBased" ncolour="[0]" size="10.560">及</text>
                <text font="JQUZDQ+SimSun" bbox="294.720,331.112,305.280,341.672" colourspace="ICCBased" ncolour="[0]" size="10.560">脑</text>
                <text font="JQUZDQ+SimSun" bbox="305.280,331.112,315.840,341.672" colourspace="ICCBased" ncolour="[0]" size="10.560">干</text>
                <text font="JQUZDQ+SimSun" bbox="315.840,331.112,326.400,341.672" colourspace="ICCBased" ncolour="[0]" size="10.560">以</text>
                <text font="JQUZDQ+SimSun" bbox="326.400,331.112,336.960,341.672" colourspace="ICCBased" ncolour="[0]" size="10.560">下</text>
                <text font="JQUZDQ+SimSun" bbox="336.960,331.112,347.520,341.672" colourspace="ICCBased" ncolour="[0]" size="10.560">中</text>
                <text font="JQUZDQ+SimSun" bbox="347.280,331.112,357.840,341.672" colourspace="ICCBased" ncolour="[0]" size="10.560">枢</text>
                <text font="JQUZDQ+SimSun" bbox="357.840,331.112,368.400,341.672" colourspace="ICCBased" ncolour="[0]" size="10.560">神</text>
                <text font="JQUZDQ+SimSun" bbox="368.400,331.112,378.960,341.672" colourspace="ICCBased" ncolour="[0]" size="10.560">经</text>
                <text font="JQUZDQ+SimSun" bbox="378.960,331.112,389.520,341.672" colourspace="ICCBased" ncolour="[0]" size="10.560">功</text>
                <text font="JQUZDQ+SimSun" bbox="389.520,331.112,400.080,341.672" colourspace="ICCBased" ncolour="[0]" size="10.560">能</text>
                <text font="JQUZDQ+SimSun" bbox="399.840,331.112,410.400,341.672" colourspace="ICCBased" ncolour="[0]" size="10.560">仍</text>
                <text font="JQUZDQ+SimSun" bbox="410.400,331.112,420.960,341.672" colourspace="ICCBased" ncolour="[0]" size="10.560">保</text>
                <text font="JQUZDQ+SimSun" bbox="420.960,331.112,431.520,341.672" colourspace="ICCBased" ncolour="[0]" size="10.560">持</text>
                <text font="JQUZDQ+SimSun" bbox="431.520,331.112,442.080,341.672" colourspace="ICCBased" ncolour="[0]" size="10.560">完</text>
                <text font="JQUZDQ+SimSun" bbox="442.080,331.112,452.640,341.672" colourspace="ICCBased" ncolour="[0]" size="10.560">好</text>
                <text font="JQUZDQ+SimSun" bbox="452.400,331.112,462.960,341.672" colourspace="ICCBased" ncolour="[0]" size="10.560">，</text>
                <text font="JQUZDQ+SimSun" bbox="462.960,331.112,473.520,341.672" colourspace="ICCBased" ncolour="[0]" size="10.560">且</text>
                <text font="JQUZDQ+SimSun" bbox="473.520,331.112,484.080,341.672" colourspace="ICCBased" ncolour="[0]" size="10.560">此</text>
                <text font="JQUZDQ+SimSun" bbox="484.080,331.112,494.640,341.672" colourspace="ICCBased" ncolour="[0]" size="10.560">情</text>
                <text font="JQUZDQ+SimSun" bbox="494.640,331.112,505.200,341.672" colourspace="ICCBased" ncolour="[0]" size="10.560">况</text>
                <text font="JQUZDQ+SimSun" bbox="505.200,331.112,515.760,341.672" colourspace="ICCBased" ncolour="[0]" size="10.560">持</text>
                <text font="JQUZDQ+SimSun" bbox="515.760,331.112,526.320,341.672" colourspace="ICCBased" ncolour="[0]" size="10.560">续</text>
                <text font="JQUZDQ+SimSun" bbox="526.080,331.112,536.640,341.672" colourspace="ICCBased" ncolour="[0]" size="10.560">一</text>
                <text font="JQUZDQ+SimSun" bbox="536.640,331.112,547.200,341.672" colourspace="ICCBased" ncolour="[0]" size="10.560">个</text>
                <text>
                </text>
            </textline>
            <textline bbox="210.480,315.515,268.317,326.075">
                <text font="JQUZDQ+SimSun" bbox="210.480,315.515,221.040,326.075" colourspace="ICCBased" ncolour="[0]" size="10.560">月</text>
                <text font="JQUZDQ+SimSun" bbox="221.040,315.515,231.600,326.075" colourspace="ICCBased" ncolour="[0]" size="10.560">或</text>
                <text font="JQUZDQ+SimSun" bbox="231.600,315.515,242.160,326.075" colourspace="ICCBased" ncolour="[0]" size="10.560">以</text>
                <text font="JQUZDQ+SimSun" bbox="242.160,315.515,252.720,326.075" colourspace="ICCBased" ncolour="[0]" size="10.560">上</text>
                <text font="JQUZDQ+SimSun" bbox="252.720,315.515,263.280,326.075" colourspace="ICCBased" ncolour="[0]" size="10.560">。</text>
                <text font="JTTPDQ+SimSun" bbox="263.037,315.515,268.317,326.075" colourspace="ICCBased" ncolour="[0]" size="10.560"> </text>
                <text>
                </text>
            </textline>
            <textline bbox="210.480,299.909,478.080,310.469">
                <text font="JQUZDQ+SimSun" bbox="210.480,299.909,221.040,310.469" colourspace="ICCBased" ncolour="[0]" size="10.560">由</text>
                <text font="JQUZDQ+SimSun" bbox="221.040,299.909,231.600,310.469" colourspace="ICCBased" ncolour="[0]" size="10.560">于</text>
                <text font="JQUZDQ+SimSun" bbox="231.600,299.909,242.160,310.469" colourspace="ICCBased" ncolour="[0]" size="10.560">酗</text>
                <text font="JQUZDQ+SimSun" bbox="242.160,299.909,252.720,310.469" colourspace="ICCBased" ncolour="[0]" size="10.560">酒</text>
                <text font="JQUZDQ+SimSun" bbox="252.720,299.909,263.280,310.469" colourspace="ICCBased" ncolour="[0]" size="10.560">或</text>
                <text font="JQUZDQ+SimSun" bbox="263.040,299.909,273.600,310.469" colourspace="ICCBased" ncolour="[0]" size="10.560">滥</text>
                <text font="JQUZDQ+SimSun" bbox="273.600,299.909,284.160,310.469" colourspace="ICCBased" ncolour="[0]" size="10.560">用</text>
                <text font="JQUZDQ+SimSun" bbox="284.160,299.909,294.720,310.469" colourspace="ICCBased" ncolour="[0]" size="10.560">药</text>
                <text font="JQUZDQ+SimSun" bbox="294.720,299.909,305.280,310.469" colourspace="ICCBased" ncolour="[0]" size="10.560">物</text>
                <text font="JQUZDQ+SimSun" bbox="305.040,299.909,315.600,310.469" colourspace="ICCBased" ncolour="[0]" size="10.560">所</text>
                <text font="JQUZDQ+SimSun" bbox="315.600,299.909,326.160,310.469" colourspace="ICCBased" ncolour="[0]" size="10.560">致</text>
                <text font="JQUZDQ+SimSun" bbox="326.160,299.909,336.720,310.469" colourspace="ICCBased" ncolour="[0]" size="10.560">的</text>
                <text font="JQUZDQ+SimSun" bbox="336.720,299.909,347.280,310.469" colourspace="ICCBased" ncolour="[0]" size="10.560">植</text>
                <text font="JQUZDQ+SimSun" bbox="347.040,299.909,357.600,310.469" colourspace="ICCBased" ncolour="[0]" size="10.560">物</text>
                <text font="JQUZDQ+SimSun" bbox="357.600,299.909,368.160,310.469" colourspace="ICCBased" ncolour="[0]" size="10.560">人</text>
                <text font="JQUZDQ+SimSun" bbox="368.160,299.909,378.720,310.469" colourspace="ICCBased" ncolour="[0]" size="10.560">状</text>
                <text font="JQUZDQ+SimSun" bbox="378.720,299.909,389.280,310.469" colourspace="ICCBased" ncolour="[0]" size="10.560">态</text>
                <text font="JQUZDQ+SimSun" bbox="389.040,299.909,399.600,310.469" colourspace="ICCBased" ncolour="[0]" size="10.560">不</text>
                <text font="JQUZDQ+SimSun" bbox="399.600,299.909,410.160,310.469" colourspace="ICCBased" ncolour="[0]" size="10.560">在</text>
                <text font="JQUZDQ+SimSun" bbox="410.160,299.909,420.720,310.469" colourspace="ICCBased" ncolour="[0]" size="10.560">保</text>
                <text font="JQUZDQ+SimSun" bbox="420.720,299.909,431.280,310.469" colourspace="ICCBased" ncolour="[0]" size="10.560">障</text>
                <text font="JQUZDQ+SimSun" bbox="431.040,299.909,441.600,310.469" colourspace="ICCBased" ncolour="[0]" size="10.560">范</text>
                <text font="JQUZDQ+SimSun" bbox="441.600,299.909,452.160,310.469" colourspace="ICCBased" ncolour="[0]" size="10.560">围</text>
                <text font="JQUZDQ+SimSun" bbox="451.920,299.909,462.480,310.469" colourspace="ICCBased" ncolour="[0]" size="10.560">内</text>
                <text font="JQUZDQ+SimSun" bbox="462.480,299.909,473.040,310.469" colourspace="ICCBased" ncolour="[0]" size="10.560">。</text>
                <text font="JTTPDQ+SimSun" bbox="472.800,299.909,478.080,310.469" colourspace="ICCBased" ncolour="[0]" size="10.560"> </text>
                <text>
                </text>
            </textline>
            <textline bbox="210.480,284.309,215.760,294.869">
                <text font="JTTPDQ+SimSun" bbox="210.480,284.309,215.760,294.869" colourspace="ICCBased" ncolour="[0]" size="10.560"> </text>
                <text>
                </text>
            </textline>
        </textbox>
        <textbox id="19" bbox="210.480,69.992,547.200,265.112">
            <textline bbox="210.480,254.552,362.639,265.112">
                <text font="JQUZDQ+SimSun" bbox="210.480,254.552,221.040,265.112" colourspace="ICCBased" ncolour="[0]" size="10.560">确</text>
                <text font="JQUZDQ+SimSun" bbox="221.040,254.552,231.600,265.112" colourspace="ICCBased" ncolour="[0]" size="10.560">，</text>
                <text font="JQUZDQ+SimSun" bbox="231.600,254.552,242.160,265.112" colourspace="ICCBased" ncolour="[0]" size="10.560">并</text>
                <text font="JQUZDQ+SimSun" bbox="242.160,254.552,252.720,265.112" colourspace="ICCBased" ncolour="[0]" size="10.560">满</text>
                <text font="JQUZDQ+SimSun" bbox="252.720,254.552,263.280,265.112" colourspace="ICCBased" ncolour="[0]" size="10.560">足</text>
                <text font="JQUZDQ+SimSun" bbox="263.040,254.552,273.600,265.112" colourspace="ICCBased" ncolour="[0]" size="10.560">以</text>
                <text font="JQUZDQ+SimSun" bbox="273.600,254.552,284.160,265.112" colourspace="ICCBased" ncolour="[0]" size="10.560">下</text>
                <text font="JQUZDQ+SimSun" bbox="284.160,254.552,294.720,265.112" colourspace="ICCBased" ncolour="[0]" size="10.560">全</text>
                <text font="JQUZDQ+SimSun" bbox="294.720,254.552,305.280,265.112" colourspace="ICCBased" ncolour="[0]" size="10.560">部</text>
                <text font="JQUZDQ+SimSun" bbox="305.040,254.552,315.600,265.112" colourspace="ICCBased" ncolour="[0]" size="10.560">临</text>
                <text font="JQUZDQ+SimSun" bbox="315.600,254.552,326.160,265.112" colourspace="ICCBased" ncolour="[0]" size="10.560">床</text>
                <text font="JQUZDQ+SimSun" bbox="326.160,254.552,336.720,265.112" colourspace="ICCBased" ncolour="[0]" size="10.560">特</text>
                <text font="JQUZDQ+SimSun" bbox="336.720,254.552,347.280,265.112" colourspace="ICCBased" ncolour="[0]" size="10.560">征</text>
                <text font="JQUZDQ+SimSun" bbox="347.040,254.552,357.600,265.112" colourspace="ICCBased" ncolour="[0]" size="10.560">：</text>
                <text font="JTTPDQ+SimSun" bbox="357.359,254.552,362.639,265.112" colourspace="ICCBased" ncolour="[0]" size="10.560"> </text>
                <text>
                </text>
            </textline>
            <textline bbox="210.480,238.955,315.605,249.515">
                <text font="JQUZDQ+SimSun" bbox="210.480,238.955,221.040,249.515" colourspace="ICCBased" ncolour="[0]" size="10.560">（</text>
                <text font="JTTPDQ+SimSun" bbox="221.040,238.955,226.320,249.515" colourspace="ICCBased" ncolour="[0]" size="10.560">1</text>
                <text font="JQUZDQ+SimSun" bbox="226.320,238.955,236.880,249.515" colourspace="ICCBased" ncolour="[0]" size="10.560">）</text>
                <text font="JQUZDQ+SimSun" bbox="236.880,238.955,247.440,249.515" colourspace="ICCBased" ncolour="[0]" size="10.560">步</text>
                <text font="JQUZDQ+SimSun" bbox="247.440,238.955,258.000,249.515" colourspace="ICCBased" ncolour="[0]" size="10.560">态</text>
                <text font="JQUZDQ+SimSun" bbox="258.000,238.955,268.560,249.515" colourspace="ICCBased" ncolour="[0]" size="10.560">共</text>
                <text font="JQUZDQ+SimSun" bbox="268.320,238.955,278.880,249.515" colourspace="ICCBased" ncolour="[0]" size="10.560">济</text>
                <text font="JQUZDQ+SimSun" bbox="278.880,238.955,289.440,249.515" colourspace="ICCBased" ncolour="[0]" size="10.560">失</text>
                <text font="JQUZDQ+SimSun" bbox="289.440,238.955,300.000,249.515" colourspace="ICCBased" ncolour="[0]" size="10.560">调</text>
                <text font="JQUZDQ+SimSun" bbox="300.000,238.955,310.560,249.515" colourspace="ICCBased" ncolour="[0]" size="10.560">；</text>
                <text font="JTTPDQ+SimSun" bbox="310.325,238.955,315.605,249.515" colourspace="ICCBased" ncolour="[0]" size="10.560"> </text>
                <text>
                </text>
            </textline>
            <textline bbox="210.480,223.357,367.919,233.917">
                <text font="JQUZDQ+SimSun" bbox="210.480,223.357,221.040,233.917" colourspace="ICCBased" ncolour="[0]" size="10.560">（</text>
                <text font="JTTPDQ+SimSun" bbox="221.040,223.357,226.320,233.917" colourspace="ICCBased" ncolour="[0]" size="10.560">2</text>
                <text font="JQUZDQ+SimSun" bbox="226.320,223.357,236.880,233.917" colourspace="ICCBased" ncolour="[0]" size="10.560">）</text>
                <text font="JQUZDQ+SimSun" bbox="236.880,223.357,247.440,233.917" colourspace="ICCBased" ncolour="[0]" size="10.560">对</text>
                <text font="JQUZDQ+SimSun" bbox="247.440,223.357,258.000,233.917" colourspace="ICCBased" ncolour="[0]" size="10.560">称</text>
                <text font="JQUZDQ+SimSun" bbox="258.000,223.357,268.560,233.917" colourspace="ICCBased" ncolour="[0]" size="10.560">性</text>
                <text font="JQUZDQ+SimSun" bbox="268.320,223.357,278.880,233.917" colourspace="ICCBased" ncolour="[0]" size="10.560">眼</text>
                <text font="JQUZDQ+SimSun" bbox="278.880,223.357,289.440,233.917" colourspace="ICCBased" ncolour="[0]" size="10.560">球</text>
                <text font="JQUZDQ+SimSun" bbox="289.440,223.357,300.000,233.917" colourspace="ICCBased" ncolour="[0]" size="10.560">垂</text>
                <text font="JQUZDQ+SimSun" bbox="300.000,223.357,310.560,233.917" colourspace="ICCBased" ncolour="[0]" size="10.560">直</text>
                <text font="JQUZDQ+SimSun" bbox="310.320,223.357,320.880,233.917" colourspace="ICCBased" ncolour="[0]" size="10.560">运</text>
                <text font="JQUZDQ+SimSun" bbox="320.880,223.357,331.440,233.917" colourspace="ICCBased" ncolour="[0]" size="10.560">动</text>
                <text font="JQUZDQ+SimSun" bbox="331.440,223.357,342.000,233.917" colourspace="ICCBased" ncolour="[0]" size="10.560">障</text>
                <text font="JQUZDQ+SimSun" bbox="342.000,223.357,352.560,233.917" colourspace="ICCBased" ncolour="[0]" size="10.560">碍</text>
                <text font="JQUZDQ+SimSun" bbox="352.320,223.357,362.880,233.917" colourspace="ICCBased" ncolour="[0]" size="10.560">；</text>
                <text font="JTTPDQ+SimSun" bbox="362.639,223.357,367.919,233.917" colourspace="ICCBased" ncolour="[0]" size="10.560"> </text>
                <text>
                </text>
            </textline>
            <textline bbox="210.480,207.760,415.196,218.320">
                <text font="JQUZDQ+SimSun" bbox="210.480,207.760,221.040,218.320" colourspace="ICCBased" ncolour="[0]" size="10.560">（</text>
                <text font="JTTPDQ+SimSun" bbox="221.040,207.760,226.320,218.320" colourspace="ICCBased" ncolour="[0]" size="10.560">3</text>
                <text font="JQUZDQ+SimSun" bbox="226.320,207.760,236.880,218.320" colourspace="ICCBased" ncolour="[0]" size="10.560">）</text>
                <text font="JQUZDQ+SimSun" bbox="236.880,207.760,247.440,218.320" colourspace="ICCBased" ncolour="[0]" size="10.560">假</text>
                <text font="JQUZDQ+SimSun" bbox="247.440,207.760,258.000,218.320" colourspace="ICCBased" ncolour="[0]" size="10.560">性</text>
                <text font="JQUZDQ+SimSun" bbox="258.000,207.760,268.560,218.320" colourspace="ICCBased" ncolour="[0]" size="10.560">球</text>
                <text font="JQUZDQ+SimSun" bbox="268.320,207.760,278.880,218.320" colourspace="ICCBased" ncolour="[0]" size="10.560">麻</text>
                <text font="JQUZDQ+SimSun" bbox="278.880,207.760,289.440,218.320" colourspace="ICCBased" ncolour="[0]" size="10.560">痹</text>
                <text font="JQUZDQ+SimSun" bbox="289.440,207.760,300.000,218.320" colourspace="ICCBased" ncolour="[0]" size="10.560">（</text>
                <text font="JQUZDQ+SimSun" bbox="300.000,207.760,310.560,218.320" colourspace="ICCBased" ncolour="[0]" size="10.560">构</text>
                <text font="JQUZDQ+SimSun" bbox="310.320,207.760,320.880,218.320" colourspace="ICCBased" ncolour="[0]" size="10.560">音</text>
                <text font="JQUZDQ+SimSun" bbox="320.880,207.760,331.440,218.320" colourspace="ICCBased" ncolour="[0]" size="10.560">障</text>
                <text font="JQUZDQ+SimSun" bbox="331.440,207.760,342.000,218.320" colourspace="ICCBased" ncolour="[0]" size="10.560">碍</text>
                <text font="JQUZDQ+SimSun" bbox="342.000,207.760,352.560,218.320" colourspace="ICCBased" ncolour="[0]" size="10.560">和</text>
                <text font="JQUZDQ+SimSun" bbox="352.320,207.760,362.880,218.320" colourspace="ICCBased" ncolour="[0]" size="10.560">吞</text>
                <text font="JQUZDQ+SimSun" bbox="362.880,207.760,373.440,218.320" colourspace="ICCBased" ncolour="[0]" size="10.560">咽</text>
                <text font="JQUZDQ+SimSun" bbox="373.440,207.760,384.000,218.320" colourspace="ICCBased" ncolour="[0]" size="10.560">困</text>
                <text font="JQUZDQ+SimSun" bbox="384.000,207.760,394.560,218.320" colourspace="ICCBased" ncolour="[0]" size="10.560">难</text>
                <text font="JQUZDQ+SimSun" bbox="394.320,207.760,404.880,218.320" colourspace="ICCBased" ncolour="[0]" size="10.560">）</text>
                <text font="JQUZDQ+SimSun" bbox="399.600,207.760,410.160,218.320" colourspace="ICCBased" ncolour="[0]" size="10.560">。</text>
                <text font="JTTPDQ+SimSun" bbox="409.916,207.760,415.196,218.320" colourspace="ICCBased" ncolour="[0]" size="10.560"> </text>
                <text>
                </text>
            </textline>
            <textline bbox="210.480,192.149,215.760,202.709">
                <text font="JTTPDQ+SimSun" bbox="210.480,192.149,215.760,202.709" colourspace="ICCBased" ncolour="[0]" size="10.560"> </text>
                <text>
                </text>
            </textline>
            <textline bbox="210.480,177.989,547.200,188.549">
                <text font="JQUZDQ+SimSun" bbox="210.480,177.989,221.040,188.549" colourspace="ICCBased" ncolour="[0]" size="10.560">被</text>
                <text font="JQUZDQ+SimSun" bbox="221.040,177.989,231.600,188.549" colourspace="ICCBased" ncolour="[0]" size="10.560">保</text>
                <text font="JQUZDQ+SimSun" bbox="231.600,177.989,242.160,188.549" colourspace="ICCBased" ncolour="[0]" size="10.560">险</text>
                <text font="JQUZDQ+SimSun" bbox="242.160,177.989,252.720,188.549" colourspace="ICCBased" ncolour="[0]" size="10.560">人</text>
                <text font="JQUZDQ+SimSun" bbox="252.720,177.989,263.280,188.549" colourspace="ICCBased" ncolour="[0]" size="10.560">因</text>
                <text font="JQUZDQ+SimSun" bbox="263.280,177.989,273.840,188.549" colourspace="ICCBased" ncolour="[0]" size="10.560">疾</text>
                <text font="JQUZDQ+SimSun" bbox="273.840,177.989,284.400,188.549" colourspace="ICCBased" ncolour="[0]" size="10.560">病</text>
                <text font="JQUZDQ+SimSun" bbox="284.160,177.989,294.720,188.549" colourspace="ICCBased" ncolour="[0]" size="10.560">或</text>
                <text font="JQUZDQ+SimSun" bbox="294.720,177.989,305.280,188.549" colourspace="ICCBased" ncolour="[0]" size="10.560">意</text>
                <text font="JQUZDQ+SimSun" bbox="305.280,177.989,315.840,188.549" colourspace="ICCBased" ncolour="[0]" size="10.560">外</text>
                <text font="JQUZDQ+SimSun" bbox="315.840,177.989,326.400,188.549" colourspace="ICCBased" ncolour="[0]" size="10.560">已</text>
                <text font="JQUZDQ+SimSun" bbox="326.400,177.989,336.960,188.549" colourspace="ICCBased" ncolour="[0]" size="10.560">实</text>
                <text font="JQUZDQ+SimSun" bbox="336.960,177.989,347.520,188.549" colourspace="ICCBased" ncolour="[0]" size="10.560">施</text>
                <text font="JQUZDQ+SimSun" bbox="347.280,177.989,357.840,188.549" colourspace="ICCBased" ncolour="[0]" size="10.560">全</text>
                <text font="JQUZDQ+SimSun" bbox="357.840,177.989,368.400,188.549" colourspace="ICCBased" ncolour="[0]" size="10.560">麻</text>
                <text font="JQUZDQ+SimSun" bbox="368.400,177.989,378.960,188.549" colourspace="ICCBased" ncolour="[0]" size="10.560">下</text>
                <text font="JQUZDQ+SimSun" bbox="378.960,177.989,389.520,188.549" colourspace="ICCBased" ncolour="[0]" size="10.560">的</text>
                <text font="JQUZDQ+SimSun" bbox="389.520,177.989,400.080,188.549" colourspace="ICCBased" ncolour="[0]" size="10.560">开</text>
                <text font="JQUZDQ+SimSun" bbox="399.840,177.989,410.400,188.549" colourspace="ICCBased" ncolour="[0]" size="10.560">颅</text>
                <text font="JQUZDQ+SimSun" bbox="410.400,177.989,420.960,188.549" colourspace="ICCBased" ncolour="[0]" size="10.560">手</text>
                <text font="JQUZDQ+SimSun" bbox="420.960,177.989,431.520,188.549" colourspace="ICCBased" ncolour="[0]" size="10.560">术</text>
                <text font="JQUZDQ+SimSun" bbox="431.520,177.989,442.080,188.549" colourspace="ICCBased" ncolour="[0]" size="10.560">（</text>
                <text font="JQUZDQ+SimSun" bbox="442.080,177.989,452.640,188.549" colourspace="ICCBased" ncolour="[0]" size="10.560">不</text>
                <text font="JQUZDQ+SimSun" bbox="452.400,177.989,462.960,188.549" colourspace="ICCBased" ncolour="[0]" size="10.560">包</text>
                <text font="JQUZDQ+SimSun" bbox="462.960,177.989,473.520,188.549" colourspace="ICCBased" ncolour="[0]" size="10.560">括</text>
                <text font="JQUZDQ+SimSun" bbox="473.520,177.989,484.080,188.549" colourspace="ICCBased" ncolour="[0]" size="10.560">颅</text>
                <text font="JQUZDQ+SimSun" bbox="484.080,177.989,494.640,188.549" colourspace="ICCBased" ncolour="[0]" size="10.560">骨</text>
                <text font="JQUZDQ+SimSun" bbox="494.640,177.989,505.200,188.549" colourspace="ICCBased" ncolour="[0]" size="10.560">钻</text>
                <text font="JQUZDQ+SimSun" bbox="505.200,177.989,515.760,188.549" colourspace="ICCBased" ncolour="[0]" size="10.560">孔</text>
                <text font="JQUZDQ+SimSun" bbox="515.760,177.989,526.320,188.549" colourspace="ICCBased" ncolour="[0]" size="10.560">手</text>
                <text font="JQUZDQ+SimSun" bbox="526.080,177.989,536.640,188.549" colourspace="ICCBased" ncolour="[0]" size="10.560">术</text>
                <text font="JQUZDQ+SimSun" bbox="536.640,177.989,547.200,188.549" colourspace="ICCBased" ncolour="[0]" size="10.560">和</text>
                <text>
                </text>
            </textline>
            <textline bbox="210.480,162.392,315.605,172.952">
                <text font="JQUZDQ+SimSun" bbox="210.480,162.392,221.040,172.952" colourspace="ICCBased" ncolour="[0]" size="10.560">经</text>
                <text font="JQUZDQ+SimSun" bbox="221.040,162.392,231.600,172.952" colourspace="ICCBased" ncolour="[0]" size="10.560">鼻</text>
                <text font="JQUZDQ+SimSun" bbox="231.600,162.392,242.160,172.952" colourspace="ICCBased" ncolour="[0]" size="10.560">蝶</text>
                <text font="JQUZDQ+SimSun" bbox="242.160,162.392,252.720,172.952" colourspace="ICCBased" ncolour="[0]" size="10.560">窦</text>
                <text font="JQUZDQ+SimSun" bbox="252.720,162.392,263.280,172.952" colourspace="ICCBased" ncolour="[0]" size="10.560">入</text>
                <text font="JQUZDQ+SimSun" bbox="263.040,162.392,273.600,172.952" colourspace="ICCBased" ncolour="[0]" size="10.560">颅</text>
                <text font="JQUZDQ+SimSun" bbox="273.600,162.392,284.160,172.952" colourspace="ICCBased" ncolour="[0]" size="10.560">手</text>
                <text font="JQUZDQ+SimSun" bbox="284.160,162.392,294.720,172.952" colourspace="ICCBased" ncolour="[0]" size="10.560">术</text>
                <text font="JQUZDQ+SimSun" bbox="294.720,162.392,305.280,172.952" colourspace="ICCBased" ncolour="[0]" size="10.560">）</text>
                <text font="JQUZDQ+SimSun" bbox="300.000,162.392,310.560,172.952" colourspace="ICCBased" ncolour="[0]" size="10.560">。</text>
                <text font="JTTPDQ+SimSun" bbox="310.325,162.392,315.605,172.952" colourspace="ICCBased" ncolour="[0]" size="10.560"> </text>
                <text>
                </text>
            </textline>
            <textline bbox="210.480,146.795,467.760,157.355">
                <text font="JQUZDQ+SimSun" bbox="210.480,146.795,221.040,157.355" colourspace="ICCBased" ncolour="[0]" size="10.560">理</text>
                <text font="JQUZDQ+SimSun" bbox="221.040,146.795,231.600,157.355" colourspace="ICCBased" ncolour="[0]" size="10.560">赔</text>
                <text font="JQUZDQ+SimSun" bbox="231.600,146.795,242.160,157.355" colourspace="ICCBased" ncolour="[0]" size="10.560">时</text>
                <text font="JQUZDQ+SimSun" bbox="242.160,146.795,252.720,157.355" colourspace="ICCBased" ncolour="[0]" size="10.560">必</text>
                <text font="JQUZDQ+SimSun" bbox="252.720,146.795,263.280,157.355" colourspace="ICCBased" ncolour="[0]" size="10.560">须</text>
                <text font="JQUZDQ+SimSun" bbox="263.040,146.795,273.600,157.355" colourspace="ICCBased" ncolour="[0]" size="10.560">提</text>
                <text font="JQUZDQ+SimSun" bbox="273.600,146.795,284.160,157.355" colourspace="ICCBased" ncolour="[0]" size="10.560">供</text>
                <text font="JQUZDQ+SimSun" bbox="284.160,146.795,294.720,157.355" colourspace="ICCBased" ncolour="[0]" size="10.560">由</text>
                <text font="JQUZDQ+SimSun" bbox="294.720,146.795,305.280,157.355" colourspace="ICCBased" ncolour="[0]" size="10.560">专</text>
                <text font="JQUZDQ+SimSun" bbox="305.040,146.795,315.600,157.355" colourspace="ICCBased" ncolour="[0]" size="10.560">科</text>
                <text font="JQUZDQ+SimSun" bbox="315.600,146.795,326.160,157.355" colourspace="ICCBased" ncolour="[0]" size="10.560">医</text>
                <text font="JQUZDQ+SimSun" bbox="326.160,146.795,336.720,157.355" colourspace="ICCBased" ncolour="[0]" size="10.560">生</text>
                <text font="JQUZDQ+SimSun" bbox="336.720,146.795,347.280,157.355" colourspace="ICCBased" ncolour="[0]" size="10.560">出</text>
                <text font="JQUZDQ+SimSun" bbox="347.040,146.795,357.600,157.355" colourspace="ICCBased" ncolour="[0]" size="10.560">具</text>
                <text font="JQUZDQ+SimSun" bbox="357.600,146.795,368.160,157.355" colourspace="ICCBased" ncolour="[0]" size="10.560">的</text>
                <text font="JQUZDQ+SimSun" bbox="368.160,146.795,378.720,157.355" colourspace="ICCBased" ncolour="[0]" size="10.560">诊</text>
                <text font="JQUZDQ+SimSun" bbox="378.720,146.795,389.280,157.355" colourspace="ICCBased" ncolour="[0]" size="10.560">断</text>
                <text font="JQUZDQ+SimSun" bbox="389.040,146.795,399.600,157.355" colourspace="ICCBased" ncolour="[0]" size="10.560">书</text>
                <text font="JQUZDQ+SimSun" bbox="399.600,146.795,410.160,157.355" colourspace="ICCBased" ncolour="[0]" size="10.560">及</text>
                <text font="JQUZDQ+SimSun" bbox="410.160,146.795,420.720,157.355" colourspace="ICCBased" ncolour="[0]" size="10.560">手</text>
                <text font="JQUZDQ+SimSun" bbox="420.720,146.795,431.280,157.355" colourspace="ICCBased" ncolour="[0]" size="10.560">术</text>
                <text font="JQUZDQ+SimSun" bbox="431.040,146.795,441.600,157.355" colourspace="ICCBased" ncolour="[0]" size="10.560">证</text>
                <text font="JQUZDQ+SimSun" bbox="441.600,146.795,452.160,157.355" colourspace="ICCBased" ncolour="[0]" size="10.560">明</text>
                <text font="JQUZDQ+SimSun" bbox="451.920,146.795,462.480,157.355" colourspace="ICCBased" ncolour="[0]" size="10.560">。</text>
                <text font="JTTPDQ+SimSun" bbox="462.480,146.795,467.760,157.355" colourspace="ICCBased" ncolour="[0]" size="10.560"> </text>
                <text>
                </text>
            </textline>
            <textline bbox="210.480,131.189,547.200,141.749">
                <text font="JQUZDQ+SimSun" bbox="210.480,131.189,221.040,141.749" colourspace="ICCBased" ncolour="[0]" size="10.560">因</text>
                <text font="JQUZDQ+SimSun" bbox="221.040,131.189,231.600,141.749" colourspace="ICCBased" ncolour="[0]" size="10.560">脑</text>
                <text font="JQUZDQ+SimSun" bbox="231.600,131.189,242.160,141.749" colourspace="ICCBased" ncolour="[0]" size="10.560">垂</text>
                <text font="JQUZDQ+SimSun" bbox="242.160,131.189,252.720,141.749" colourspace="ICCBased" ncolour="[0]" size="10.560">体</text>
                <text font="JQUZDQ+SimSun" bbox="252.720,131.189,263.280,141.749" colourspace="ICCBased" ncolour="[0]" size="10.560">瘤</text>
                <text font="JQUZDQ+SimSun" bbox="263.280,131.189,273.840,141.749" colourspace="ICCBased" ncolour="[0]" size="10.560">、</text>
                <text font="JQUZDQ+SimSun" bbox="273.840,131.189,284.400,141.749" colourspace="ICCBased" ncolour="[0]" size="10.560">脑</text>
                <text font="JQUZDQ+SimSun" bbox="284.160,131.189,294.720,141.749" colourspace="ICCBased" ncolour="[0]" size="10.560">囊</text>
                <text font="JQUZDQ+SimSun" bbox="294.720,131.189,305.280,141.749" colourspace="ICCBased" ncolour="[0]" size="10.560">肿</text>
                <text font="JQUZDQ+SimSun" bbox="305.280,131.189,315.840,141.749" colourspace="ICCBased" ncolour="[0]" size="10.560">、</text>
                <text font="JQUZDQ+SimSun" bbox="315.840,131.189,326.400,141.749" colourspace="ICCBased" ncolour="[0]" size="10.560">脑</text>
                <text font="JQUZDQ+SimSun" bbox="326.400,131.189,336.960,141.749" colourspace="ICCBased" ncolour="[0]" size="10.560">动</text>
                <text font="JQUZDQ+SimSun" bbox="336.960,131.189,347.520,141.749" colourspace="ICCBased" ncolour="[0]" size="10.560">脉</text>
                <text font="JQUZDQ+SimSun" bbox="347.280,131.189,357.840,141.749" colourspace="ICCBased" ncolour="[0]" size="10.560">瘤</text>
                <text font="JQUZDQ+SimSun" bbox="357.840,131.189,368.400,141.749" colourspace="ICCBased" ncolour="[0]" size="10.560">及</text>
                <text font="JQUZDQ+SimSun" bbox="368.400,131.189,378.960,141.749" colourspace="ICCBased" ncolour="[0]" size="10.560">脑</text>
                <text font="JQUZDQ+SimSun" bbox="378.960,131.189,389.520,141.749" colourspace="ICCBased" ncolour="[0]" size="10.560">血</text>
                <text font="JQUZDQ+SimSun" bbox="389.520,131.189,400.080,141.749" colourspace="ICCBased" ncolour="[0]" size="10.560">管</text>
                <text font="JQUZDQ+SimSun" bbox="399.840,131.189,410.400,141.749" colourspace="ICCBased" ncolour="[0]" size="10.560">瘤</text>
                <text font="JQUZDQ+SimSun" bbox="410.400,131.189,420.960,141.749" colourspace="ICCBased" ncolour="[0]" size="10.560">而</text>
                <text font="JQUZDQ+SimSun" bbox="420.960,131.189,431.520,141.749" colourspace="ICCBased" ncolour="[0]" size="10.560">进</text>
                <text font="JQUZDQ+SimSun" bbox="431.520,131.189,442.080,141.749" colourspace="ICCBased" ncolour="[0]" size="10.560">行</text>
                <text font="JQUZDQ+SimSun" bbox="442.080,131.189,452.640,141.749" colourspace="ICCBased" ncolour="[0]" size="10.560">的</text>
                <text font="JQUZDQ+SimSun" bbox="452.400,131.189,462.960,141.749" colourspace="ICCBased" ncolour="[0]" size="10.560">开</text>
                <text font="JQUZDQ+SimSun" bbox="462.960,131.189,473.520,141.749" colourspace="ICCBased" ncolour="[0]" size="10.560">颅</text>
                <text font="JQUZDQ+SimSun" bbox="473.520,131.189,484.080,141.749" colourspace="ICCBased" ncolour="[0]" size="10.560">手</text>
                <text font="JQUZDQ+SimSun" bbox="484.080,131.189,494.640,141.749" colourspace="ICCBased" ncolour="[0]" size="10.560">术</text>
                <text font="JQUZDQ+SimSun" bbox="494.640,131.189,505.200,141.749" colourspace="ICCBased" ncolour="[0]" size="10.560">不</text>
                <text font="JQUZDQ+SimSun" bbox="505.200,131.189,515.760,141.749" colourspace="ICCBased" ncolour="[0]" size="10.560">在</text>
                <text font="JQUZDQ+SimSun" bbox="515.760,131.189,526.320,141.749" colourspace="ICCBased" ncolour="[0]" size="10.560">保</text>
                <text font="JQUZDQ+SimSun" bbox="526.080,131.189,536.640,141.749" colourspace="ICCBased" ncolour="[0]" size="10.560">障</text>
                <text font="JQUZDQ+SimSun" bbox="536.640,131.189,547.200,141.749" colourspace="ICCBased" ncolour="[0]" size="10.560">范</text>
                <text>
                </text>
            </textline>
            <textline bbox="210.480,115.589,247.200,126.149">
                <text font="JQUZDQ+SimSun" bbox="210.480,115.589,221.040,126.149" colourspace="ICCBased" ncolour="[0]" size="10.560">围</text>
                <text font="JQUZDQ+SimSun" bbox="221.040,115.589,231.600,126.149" colourspace="ICCBased" ncolour="[0]" size="10.560">内</text>
                <text font="JQUZDQ+SimSun" bbox="231.600,115.589,242.160,126.149" colourspace="ICCBased" ncolour="[0]" size="10.560">。</text>
                <text font="JTTPDQ+SimSun" bbox="241.920,115.589,247.200,126.149" colourspace="ICCBased" ncolour="[0]" size="10.560"> </text>
                <text>
                </text>
            </textline>
            <textline bbox="210.480,99.989,215.760,110.549">
                <text font="JTTPDQ+SimSun" bbox="210.480,99.989,215.760,110.549" colourspace="ICCBased" ncolour="[0]" size="10.560"> </text>
                <text>
                </text>
            </textline>
            <textline bbox="210.480,85.589,547.200,96.149">
                <text font="JQUZDQ+SimSun" bbox="210.480,85.589,221.040,96.149" colourspace="ICCBased" ncolour="[0]" size="10.560">是</text>
                <text font="JQUZDQ+SimSun" bbox="221.040,85.589,231.600,96.149" colourspace="ICCBased" ncolour="[0]" size="10.560">麻</text>
                <text font="JQUZDQ+SimSun" bbox="231.600,85.589,242.160,96.149" colourspace="ICCBased" ncolour="[0]" size="10.560">疹</text>
                <text font="JQUZDQ+SimSun" bbox="242.160,85.589,252.720,96.149" colourspace="ICCBased" ncolour="[0]" size="10.560">或</text>
                <text font="JQUZDQ+SimSun" bbox="252.720,85.589,263.280,96.149" colourspace="ICCBased" ncolour="[0]" size="10.560">麻</text>
                <text font="JQUZDQ+SimSun" bbox="263.280,85.589,273.840,96.149" colourspace="ICCBased" ncolour="[0]" size="10.560">疹</text>
                <text font="JQUZDQ+SimSun" bbox="273.840,85.589,284.400,96.149" colourspace="ICCBased" ncolour="[0]" size="10.560">样</text>
                <text font="JQUZDQ+SimSun" bbox="284.160,85.589,294.720,96.149" colourspace="ICCBased" ncolour="[0]" size="10.560">病</text>
                <text font="JQUZDQ+SimSun" bbox="294.720,85.589,305.280,96.149" colourspace="ICCBased" ncolour="[0]" size="10.560">毒</text>
                <text font="JQUZDQ+SimSun" bbox="305.280,85.589,315.840,96.149" colourspace="ICCBased" ncolour="[0]" size="10.560">所</text>
                <text font="JQUZDQ+SimSun" bbox="315.840,85.589,326.400,96.149" colourspace="ICCBased" ncolour="[0]" size="10.560">致</text>
                <text font="JQUZDQ+SimSun" bbox="326.400,85.589,336.960,96.149" colourspace="ICCBased" ncolour="[0]" size="10.560">的</text>
                <text font="JQUZDQ+SimSun" bbox="336.960,85.589,347.520,96.149" colourspace="ICCBased" ncolour="[0]" size="10.560">一</text>
                <text font="JQUZDQ+SimSun" bbox="347.280,85.589,357.840,96.149" colourspace="ICCBased" ncolour="[0]" size="10.560">种</text>
                <text font="JQUZDQ+SimSun" bbox="357.840,85.589,368.400,96.149" colourspace="ICCBased" ncolour="[0]" size="10.560">中</text>
                <text font="JQUZDQ+SimSun" bbox="368.400,85.589,378.960,96.149" colourspace="ICCBased" ncolour="[0]" size="10.560">枢</text>
                <text font="JQUZDQ+SimSun" bbox="378.960,85.589,389.520,96.149" colourspace="ICCBased" ncolour="[0]" size="10.560">神</text>
                <text font="JQUZDQ+SimSun" bbox="389.520,85.589,400.080,96.149" colourspace="ICCBased" ncolour="[0]" size="10.560">经</text>
                <text font="JQUZDQ+SimSun" bbox="399.840,85.589,410.400,96.149" colourspace="ICCBased" ncolour="[0]" size="10.560">系</text>
                <text font="JQUZDQ+SimSun" bbox="410.400,85.589,420.960,96.149" colourspace="ICCBased" ncolour="[0]" size="10.560">统</text>
                <text font="JQUZDQ+SimSun" bbox="420.960,85.589,431.520,96.149" colourspace="ICCBased" ncolour="[0]" size="10.560">慢</text>
                <text font="JQUZDQ+SimSun" bbox="431.520,85.589,442.080,96.149" colourspace="ICCBased" ncolour="[0]" size="10.560">性</text>
                <text font="JQUZDQ+SimSun" bbox="442.080,85.589,452.640,96.149" colourspace="ICCBased" ncolour="[0]" size="10.560">感</text>
                <text font="JQUZDQ+SimSun" bbox="452.400,85.589,462.960,96.149" colourspace="ICCBased" ncolour="[0]" size="10.560">染</text>
                <text font="JQUZDQ+SimSun" bbox="462.960,85.589,473.520,96.149" colourspace="ICCBased" ncolour="[0]" size="10.560">。</text>
                <text font="JQUZDQ+SimSun" bbox="473.520,85.589,484.080,96.149" colourspace="ICCBased" ncolour="[0]" size="10.560">中</text>
                <text font="JQUZDQ+SimSun" bbox="484.080,85.589,494.640,96.149" colourspace="ICCBased" ncolour="[0]" size="10.560">枢</text>
                <text font="JQUZDQ+SimSun" bbox="494.640,85.589,505.200,96.149" colourspace="ICCBased" ncolour="[0]" size="10.560">神</text>
                <text font="JQUZDQ+SimSun" bbox="505.200,85.589,515.760,96.149" colourspace="ICCBased" ncolour="[0]" size="10.560">经</text>
                <text font="JQUZDQ+SimSun" bbox="515.760,85.589,526.320,96.149" colourspace="ICCBased" ncolour="[0]" size="10.560">系</text>
                <text font="JQUZDQ+SimSun" bbox="526.080,85.589,536.640,96.149" colourspace="ICCBased" ncolour="[0]" size="10.560">统</text>
                <text font="JQUZDQ+SimSun" bbox="536.640,85.589,547.200,96.149" colourspace="ICCBased" ncolour="[0]" size="10.560">呈</text>
                <text>
                </text>
            </textline>
            <textline bbox="210.480,69.992,547.200,80.552">
                <text font="JQUZDQ+SimSun" bbox="210.480,69.992,221.040,80.552" colourspace="ICCBased" ncolour="[0]" size="10.560">现</text>
                <text font="JQUZDQ+SimSun" bbox="221.040,69.992,231.600,80.552" colourspace="ICCBased" ncolour="[0]" size="10.560">灰</text>
                <text font="JQUZDQ+SimSun" bbox="231.600,69.992,242.160,80.552" colourspace="ICCBased" ncolour="[0]" size="10.560">质</text>
                <text font="JQUZDQ+SimSun" bbox="242.160,69.992,252.720,80.552" colourspace="ICCBased" ncolour="[0]" size="10.560">和</text>
                <text font="JQUZDQ+SimSun" bbox="252.720,69.992,263.280,80.552" colourspace="ICCBased" ncolour="[0]" size="10.560">白</text>
                <text font="JQUZDQ+SimSun" bbox="263.280,69.992,273.840,80.552" colourspace="ICCBased" ncolour="[0]" size="10.560">质</text>
                <text font="JQUZDQ+SimSun" bbox="273.840,69.992,284.400,80.552" colourspace="ICCBased" ncolour="[0]" size="10.560">破</text>
                <text font="JQUZDQ+SimSun" bbox="284.160,69.992,294.720,80.552" colourspace="ICCBased" ncolour="[0]" size="10.560">坏</text>
                <text font="JQUZDQ+SimSun" bbox="294.720,69.992,305.280,80.552" colourspace="ICCBased" ncolour="[0]" size="10.560">为</text>
                <text font="JQUZDQ+SimSun" bbox="305.280,69.992,315.840,80.552" colourspace="ICCBased" ncolour="[0]" size="10.560">特</text>
                <text font="JQUZDQ+SimSun" bbox="315.840,69.992,326.400,80.552" colourspace="ICCBased" ncolour="[0]" size="10.560">征</text>
                <text font="JQUZDQ+SimSun" bbox="326.400,69.992,336.960,80.552" colourspace="ICCBased" ncolour="[0]" size="10.560">的</text>
                <text font="JQUZDQ+SimSun" bbox="336.960,69.992,347.520,80.552" colourspace="ICCBased" ncolour="[0]" size="10.560">慢</text>
                <text font="JQUZDQ+SimSun" bbox="347.280,69.992,357.840,80.552" colourspace="ICCBased" ncolour="[0]" size="10.560">性</text>
                <text font="JQUZDQ+SimSun" bbox="357.840,69.992,368.400,80.552" colourspace="ICCBased" ncolour="[0]" size="10.560">和</text>
                <text font="JQUZDQ+SimSun" bbox="368.400,69.992,378.960,80.552" colourspace="ICCBased" ncolour="[0]" size="10.560">急</text>
                <text font="JQUZDQ+SimSun" bbox="378.960,69.992,389.520,80.552" colourspace="ICCBased" ncolour="[0]" size="10.560">性</text>
                <text font="JQUZDQ+SimSun" bbox="389.520,69.992,400.080,80.552" colourspace="ICCBased" ncolour="[0]" size="10.560">混</text>
                <text font="JQUZDQ+SimSun" bbox="399.840,69.992,410.400,80.552" colourspace="ICCBased" ncolour="[0]" size="10.560">合</text>
                <text font="JQUZDQ+SimSun" bbox="410.400,69.992,420.960,80.552" colourspace="ICCBased" ncolour="[0]" size="10.560">存</text>
                <text font="JQUZDQ+SimSun" bbox="420.960,69.992,431.520,80.552" colourspace="ICCBased" ncolour="[0]" size="10.560">在</text>
                <text font="JQUZDQ+SimSun" bbox="431.520,69.992,442.080,80.552" colourspace="ICCBased" ncolour="[0]" size="10.560">的</text>
                <text font="JQUZDQ+SimSun" bbox="442.080,69.992,452.640,80.552" colourspace="ICCBased" ncolour="[0]" size="10.560">炎</text>
                <text font="JQUZDQ+SimSun" bbox="452.400,69.992,462.960,80.552" colourspace="ICCBased" ncolour="[0]" size="10.560">症</text>
                <text font="JQUZDQ+SimSun" bbox="462.960,69.992,473.520,80.552" colourspace="ICCBased" ncolour="[0]" size="10.560">。</text>
                <text font="JQUZDQ+SimSun" bbox="473.520,69.992,484.080,80.552" colourspace="ICCBased" ncolour="[0]" size="10.560">必</text>
                <text font="JQUZDQ+SimSun" bbox="484.080,69.992,494.640,80.552" colourspace="ICCBased" ncolour="[0]" size="10.560">须</text>
                <text font="JQUZDQ+SimSun" bbox="494.640,69.992,505.200,80.552" colourspace="ICCBased" ncolour="[0]" size="10.560">满</text>
                <text font="JQUZDQ+SimSun" bbox="505.200,69.992,515.760,80.552" colourspace="ICCBased" ncolour="[0]" size="10.560">足</text>
                <text font="JQUZDQ+SimSun" bbox="515.760,69.992,526.320,80.552" colourspace="ICCBased" ncolour="[0]" size="10.560">以</text>
                <text font="JQUZDQ+SimSun" bbox="526.080,69.992,536.640,80.552" colourspace="ICCBased" ncolour="[0]" size="10.560">下</text>
                <text font="JQUZDQ+SimSun" bbox="536.640,69.992,547.200,80.552" colourspace="ICCBased" ncolour="[0]" size="10.560">所</text>
                <text>
                </text>
            </textline>
        </textbox>
        <textbox id="20" bbox="97.440,284.308,100.017,294.868">
            <textline bbox="97.440,284.308,100.017,294.868">
                <text font="ERELLA+STXinwei" bbox="97.440,284.308,100.017,294.868" colourspace="ICCBased" ncolour="[0]" size="10.560"> </text>
                <text>
                </text>
            </textline>
        </textbox>
        <textbox id="21" bbox="63.600,269.328,547.200,294.869">
            <textline bbox="68.880,284.309,74.160,294.869">
                <text font="JTTPDQ+SimSun" bbox="68.880,284.309,74.160,294.869" colourspace="ICCBased" ncolour="[0]" size="10.560"> </text>
                <text>
                </text>
            </textline>
            <textline bbox="63.600,269.328,547.200,281.328">
                <text font="JTTPDQ+SimSun" bbox="63.600,270.149,68.880,280.709" colourspace="ICCBased" ncolour="[0]" size="10.560">5</text>
                <text font="JTTPDQ+SimSun" bbox="68.880,270.149,74.160,280.709" colourspace="ICCBased" ncolour="[0]" size="10.560">5</text>
                <text font="JTTPDQ+SimSun" bbox="74.160,270.149,79.440,280.709" colourspace="ICCBased" ncolour="[0]" size="10.560"> </text>
                <text> </text>
                <text font="ERELLA+STXinwei" bbox="97.440,269.328,109.440,281.328" colourspace="ICCBased" ncolour="[0]" size="12.000">进</text>
                <text font="ERELLA+STXinwei" bbox="109.440,269.328,121.440,281.328" colourspace="ICCBased" ncolour="[0]" size="12.000">行</text>
                <text font="ERELLA+STXinwei" bbox="121.440,269.328,133.440,281.328" colourspace="ICCBased" ncolour="[0]" size="12.000">性</text>
                <text font="ERELLA+STXinwei" bbox="133.440,269.328,145.440,281.328" colourspace="ICCBased" ncolour="[0]" size="12.000">核</text>
                <text font="ERELLA+STXinwei" bbox="145.440,269.328,157.440,281.328" colourspace="ICCBased" ncolour="[0]" size="12.000">上</text>
                <text font="ERELLA+STXinwei" bbox="157.440,269.328,169.440,281.328" colourspace="ICCBased" ncolour="[0]" size="12.000">性</text>
                <text font="ERELLA+STXinwei" bbox="169.440,269.328,181.440,281.328" colourspace="ICCBased" ncolour="[0]" size="12.000">麻</text>
                <text font="ERELLA+STXinwei" bbox="181.440,269.328,193.440,281.328" colourspace="ICCBased" ncolour="[0]" size="12.000">痹</text>
                <text font="ERELLA+STXinwei" bbox="193.440,269.328,196.368,281.328" colourspace="ICCBased" ncolour="[0]" size="12.000"> </text>
                <text> </text>
                <text font="JQUZDQ+SimSun" bbox="210.480,270.149,221.040,280.709" colourspace="ICCBased" ncolour="[0]" size="10.560">指</text>
                <text font="JQUZDQ+SimSun" bbox="221.040,270.149,231.600,280.709" colourspace="ICCBased" ncolour="[0]" size="10.560">一</text>
                <text font="JQUZDQ+SimSun" bbox="231.600,270.149,242.160,280.709" colourspace="ICCBased" ncolour="[0]" size="10.560">种</text>
                <text font="JQUZDQ+SimSun" bbox="242.160,270.149,252.720,280.709" colourspace="ICCBased" ncolour="[0]" size="10.560">隐</text>
                <text font="JQUZDQ+SimSun" bbox="252.720,270.149,263.280,280.709" colourspace="ICCBased" ncolour="[0]" size="10.560">袭</text>
                <text font="JQUZDQ+SimSun" bbox="263.280,270.149,273.840,280.709" colourspace="ICCBased" ncolour="[0]" size="10.560">起</text>
                <text font="JQUZDQ+SimSun" bbox="273.840,270.149,284.400,280.709" colourspace="ICCBased" ncolour="[0]" size="10.560">病</text>
                <text font="JQUZDQ+SimSun" bbox="284.160,270.149,294.720,280.709" colourspace="ICCBased" ncolour="[0]" size="10.560">、</text>
                <text font="JQUZDQ+SimSun" bbox="294.720,270.149,305.280,280.709" colourspace="ICCBased" ncolour="[0]" size="10.560">逐</text>
                <text font="JQUZDQ+SimSun" bbox="305.280,270.149,315.840,280.709" colourspace="ICCBased" ncolour="[0]" size="10.560">渐</text>
                <text font="JQUZDQ+SimSun" bbox="315.840,270.149,326.400,280.709" colourspace="ICCBased" ncolour="[0]" size="10.560">加</text>
                <text font="JQUZDQ+SimSun" bbox="326.400,270.149,336.960,280.709" colourspace="ICCBased" ncolour="[0]" size="10.560">重</text>
                <text font="JQUZDQ+SimSun" bbox="336.960,270.149,347.520,280.709" colourspace="ICCBased" ncolour="[0]" size="10.560">的</text>
                <text font="JQUZDQ+SimSun" bbox="347.280,270.149,357.840,280.709" colourspace="ICCBased" ncolour="[0]" size="10.560">神</text>
                <text font="JQUZDQ+SimSun" bbox="357.840,270.149,368.400,280.709" colourspace="ICCBased" ncolour="[0]" size="10.560">经</text>
                <text font="JQUZDQ+SimSun" bbox="368.400,270.149,378.960,280.709" colourspace="ICCBased" ncolour="[0]" size="10.560">系</text>
                <text font="JQUZDQ+SimSun" bbox="378.960,270.149,389.520,280.709" colourspace="ICCBased" ncolour="[0]" size="10.560">统</text>
                <text font="JQUZDQ+SimSun" bbox="389.520,270.149,400.080,280.709" colourspace="ICCBased" ncolour="[0]" size="10.560">变</text>
                <text font="JQUZDQ+SimSun" bbox="399.840,270.149,410.400,280.709" colourspace="ICCBased" ncolour="[0]" size="10.560">性</text>
                <text font="JQUZDQ+SimSun" bbox="410.400,270.149,420.960,280.709" colourspace="ICCBased" ncolour="[0]" size="10.560">疾</text>
                <text font="JQUZDQ+SimSun" bbox="420.960,270.149,431.520,280.709" colourspace="ICCBased" ncolour="[0]" size="10.560">病</text>
                <text font="JQUZDQ+SimSun" bbox="431.520,270.149,442.080,280.709" colourspace="ICCBased" ncolour="[0]" size="10.560">。</text>
                <text font="JQUZDQ+SimSun" bbox="442.080,270.149,452.640,280.709" colourspace="ICCBased" ncolour="[0]" size="10.560">此</text>
                <text font="JQUZDQ+SimSun" bbox="452.400,270.149,462.960,280.709" colourspace="ICCBased" ncolour="[0]" size="10.560">病</text>
                <text font="JQUZDQ+SimSun" bbox="462.960,270.149,473.520,280.709" colourspace="ICCBased" ncolour="[0]" size="10.560">症</text>
                <text font="JQUZDQ+SimSun" bbox="473.520,270.149,484.080,280.709" colourspace="ICCBased" ncolour="[0]" size="10.560">须</text>
                <text font="JQUZDQ+SimSun" bbox="484.080,270.149,494.640,280.709" colourspace="ICCBased" ncolour="[0]" size="10.560">由</text>
                <text font="JQUZDQ+SimSun" bbox="494.640,270.149,505.200,280.709" colourspace="ICCBased" ncolour="[0]" size="10.560">专</text>
                <text font="JQUZDQ+SimSun" bbox="505.200,270.149,515.760,280.709" colourspace="ICCBased" ncolour="[0]" size="10.560">科</text>
                <text font="JQUZDQ+SimSun" bbox="515.760,270.149,526.320,280.709" colourspace="ICCBased" ncolour="[0]" size="10.560">医</text>
                <text font="JQUZDQ+SimSun" bbox="526.080,270.149,536.640,280.709" colourspace="ICCBased" ncolour="[0]" size="10.560">生</text>
                <text font="JQUZDQ+SimSun" bbox="536.640,270.149,547.200,280.709" colourspace="ICCBased" ncolour="[0]" size="10.560">明</text>
                <text>
                </text>
            </textline>
        </textbox>
        <rect linewidth="0" bbox="210.480,708.240,389.040,722.160" />
        <rect linewidth="0" bbox="210.480,374.880,504.480,388.800" />
        <rect linewidth="0" bbox="210.480,298.320,472.800,312.240" />
        <rect linewidth="0" bbox="210.480,129.600,546.960,143.520" />
        <rect linewidth="0" bbox="210.480,114.000,241.920,127.920" />
        <layout>
            <textgroup bbox="51.120,68.928,557.277,782.789">
                <textgroup bbox="51.120,515.429,557.277,782.789">
                    <textbox id="0" bbox="210.480,741.029,557.277,782.789" />
                    <textgroup bbox="51.120,515.429,547.200,735.989">
                        <textgroup bbox="210.480,694.229,394.320,735.989">
                            <textbox id="1" bbox="234.720,725.429,318.725,735.989" />
                            <textbox id="2" bbox="210.480,694.229,394.320,720.389" />
                        </textgroup>
                        <textgroup bbox="51.120,515.429,547.200,705.408">
                            <textbox id="3" bbox="51.120,620.309,56.400,630.869" />
                            <textgroup bbox="63.600,515.429,547.200,705.408">
                                <textbox id="4" bbox="97.440,693.408,100.368,705.408" />
                                <textgroup bbox="63.600,515.429,547.200,704.789">
                                    <textbox id="5" bbox="97.440,620.308,100.017,630.868" />
                                    <textgroup bbox="63.600,515.429,547.200,704.789">
                                        <textbox id="6" bbox="63.600,608.208,160.368,620.208" />
                                        <textbox id="7" bbox="63.600,515.429,547.200,704.789" />
                                    </textgroup>
                                </textgroup>
                            </textgroup>
                        </textgroup>
                    </textgroup>
                </textgroup>
                <textgroup bbox="63.600,68.928,547.200,510.389">
                    <textgroup bbox="63.600,68.928,547.200,510.389">
                        <textgroup bbox="63.600,68.928,199.680,495.408">
                            <textgroup bbox="63.600,345.888,199.680,495.408">
                                <textgroup bbox="63.600,453.408,199.680,495.408">
                                    <textbox id="8" bbox="97.440,483.408,100.368,495.408" />
                                    <textbox id="9" bbox="63.600,453.408,199.680,494.789" />
                                </textgroup>
                                <textgroup bbox="63.600,345.888,160.368,372.048">
                                    <textbox id="10" bbox="97.440,360.048,100.368,372.048" />
                                    <textbox id="11" bbox="63.600,345.888,160.368,371.429" />
                                </textgroup>
                            </textgroup>
                            <textgroup bbox="63.600,68.928,199.680,202.709">
                                <textgroup bbox="63.600,177.168,148.368,202.709">
                                    <textbox id="12" bbox="63.600,177.168,148.368,202.709" />
                                    <textbox id="13" bbox="97.440,183.648,100.368,195.648" />
                                </textgroup>
                                <textgroup bbox="63.600,68.928,199.680,110.549">
                                    <textgroup bbox="63.600,84.768,199.680,110.549">
                                        <textbox id="14" bbox="97.440,99.988,100.017,110.548" />
                                        <textbox id="15" bbox="63.600,84.768,199.680,110.549" />
                                    </textgroup>
                                    <textbox id="16" bbox="97.440,68.928,112.368,80.928" />
                                </textgroup>
                            </textgroup>
                        </textgroup>
                        <textgroup bbox="210.480,69.992,547.200,510.389">
                            <textgroup bbox="210.480,284.309,547.200,510.389">
                                <textbox id="17" bbox="234.720,499.829,313.440,510.389" />
                                <textbox id="18" bbox="210.480,284.309,547.200,494.789" />
                            </textgroup>
                            <textbox id="19" bbox="210.480,69.992,547.200,265.112" />
                        </textgroup>
                    </textgroup>
                    <textgroup bbox="63.600,269.328,547.200,294.869">
                        <textbox id="20" bbox="97.440,284.308,100.017,294.868" />
                        <textbox id="21" bbox="63.600,269.328,547.200,294.869" />
                    </textgroup>
                </textgroup>
            </textgroup>
        </layout>
    </page>
    <page id="16" bbox="0.000,0.000,595.200,841.920" rotate="0">
        <textbox id="0" bbox="97.440,694.228,100.017,704.788">
            <textline bbox="97.440,694.228,100.017,704.788">
                <text font="ERELLA+STXinwei" bbox="97.440,694.228,100.017,704.788" colourspace="ICCBased" ncolour="[0]" size="10.560"> </text>
                <text>
                </text>
            </textline>
        </textbox>
        <textbox id="1" bbox="63.600,679.248,148.368,704.789">
            <textline bbox="68.880,694.229,74.160,704.789">
                <text font="JTTPDQ+SimSun" bbox="68.880,694.229,74.160,704.789" colourspace="ICCBased" ncolour="[0]" size="10.560"> </text>
                <text>
                </text>
            </textline>
            <textline bbox="63.600,679.248,148.368,693.060">
                <text font="JTTPDQ+SimSun" bbox="63.600,681.269,68.880,691.829" colourspace="ICCBased" ncolour="[0]" size="10.560">5</text>
                <text font="JTTPDQ+SimSun" bbox="68.880,681.269,74.160,691.829" colourspace="ICCBased" ncolour="[0]" size="10.560">8</text>
                <text font="JTTPDQ+SimSun" bbox="74.160,681.060,80.160,693.060" colourspace="ICCBased" ncolour="[0]" size="12.000"> </text>
                <text> </text>
                <text font="ERELLA+STXinwei" bbox="97.440,679.248,109.440,691.248" colourspace="ICCBased" ncolour="[0]" size="12.000">克</text>
                <text font="ERELLA+STXinwei" bbox="109.440,679.248,121.440,691.248" colourspace="ICCBased" ncolour="[0]" size="12.000">雅</text>
                <text font="ERELLA+STXinwei" bbox="121.440,679.248,133.440,691.248" colourspace="ICCBased" ncolour="[0]" size="12.000">氏</text>
                <text font="ERELLA+STXinwei" bbox="133.440,679.248,145.440,691.248" colourspace="ICCBased" ncolour="[0]" size="12.000">病</text>
                <text font="ERELLA+STXinwei" bbox="145.440,679.248,148.368,691.248" colourspace="ICCBased" ncolour="[0]" size="12.000"> </text>
                <text>
                </text>
            </textline>
        </textbox>
        <textbox id="2" bbox="97.440,633.268,100.017,643.828">
            <textline bbox="97.440,633.268,100.017,643.828">
                <text font="ERELLA+STXinwei" bbox="97.440,633.268,100.017,643.828" colourspace="ICCBased" ncolour="[0]" size="10.560"> </text>
                <text>
                </text>
            </textline>
        </textbox>
        <textbox id="3" bbox="63.600,618.048,184.368,643.829">
            <textline bbox="68.880,633.269,74.160,643.829">
                <text font="JTTPDQ+SimSun" bbox="68.880,633.269,74.160,643.829" colourspace="ICCBased" ncolour="[0]" size="10.560"> </text>
                <text>
                </text>
            </textline>
            <textline bbox="63.600,618.048,184.368,630.048">
                <text font="JTTPDQ+SimSun" bbox="63.600,618.869,68.880,629.429" colourspace="ICCBased" ncolour="[0]" size="10.560">5</text>
                <text font="JTTPDQ+SimSun" bbox="68.880,618.869,74.160,629.429" colourspace="ICCBased" ncolour="[0]" size="10.560">9</text>
                <text font="JTTPDQ+SimSun" bbox="74.160,618.869,79.440,629.429" colourspace="ICCBased" ncolour="[0]" size="10.560"> </text>
                <text> </text>
                <text font="ERELLA+STXinwei" bbox="97.440,618.048,109.440,630.048" colourspace="ICCBased" ncolour="[0]" size="12.000">丧</text>
                <text font="ERELLA+STXinwei" bbox="109.440,618.048,121.440,630.048" colourspace="ICCBased" ncolour="[0]" size="12.000">失</text>
                <text font="ERELLA+STXinwei" bbox="121.440,618.048,133.440,630.048" colourspace="ICCBased" ncolour="[0]" size="12.000">一</text>
                <text font="ERELLA+STXinwei" bbox="133.440,618.048,145.440,630.048" colourspace="ICCBased" ncolour="[0]" size="12.000">眼</text>
                <text font="ERELLA+STXinwei" bbox="145.440,618.048,157.440,630.048" colourspace="ICCBased" ncolour="[0]" size="12.000">及</text>
                <text font="ERELLA+STXinwei" bbox="157.440,618.048,169.440,630.048" colourspace="ICCBased" ncolour="[0]" size="12.000">一</text>
                <text font="ERELLA+STXinwei" bbox="169.440,618.048,181.440,630.048" colourspace="ICCBased" ncolour="[0]" size="12.000">肢</text>
                <text font="ERELLA+STXinwei" bbox="181.440,618.048,184.368,630.048" colourspace="ICCBased" ncolour="[0]" size="12.000"> </text>
                <text>
                </text>
            </textline>
        </textbox>
        <textbox id="4" bbox="97.440,462.868,100.017,473.428">
            <textline bbox="97.440,462.868,100.017,473.428">
                <text font="ERELLA+STXinwei" bbox="97.440,462.868,100.017,473.428" colourspace="ICCBased" ncolour="[0]" size="10.560"> </text>
                <text>
                </text>
            </textline>
        </textbox>
        <textbox id="5" bbox="63.600,450.768,199.680,473.429">
            <textline bbox="68.880,462.869,74.160,473.429">
                <text font="JTTPDQ+SimSun" bbox="68.880,462.869,74.160,473.429" colourspace="ICCBased" ncolour="[0]" size="10.560"> </text>
                <text>
                </text>
            </textline>
            <textline bbox="63.600,450.768,199.680,462.768">
                <text font="JTTPDQ+SimSun" bbox="63.600,451.589,68.880,462.149" colourspace="ICCBased" ncolour="[0]" size="10.560">6</text>
                <text font="JTTPDQ+SimSun" bbox="68.880,451.589,74.160,462.149" colourspace="ICCBased" ncolour="[0]" size="10.560">0</text>
                <text font="JTTPDQ+SimSun" bbox="74.160,451.589,79.440,462.149" colourspace="ICCBased" ncolour="[0]" size="10.560"> </text>
                <text> </text>
                <text font="ERELLA+STXinwei" bbox="97.440,450.768,109.440,462.768" colourspace="ICCBased" ncolour="[0]" size="12.000">进</text>
                <text font="ERELLA+STXinwei" bbox="110.400,450.768,122.400,462.768" colourspace="ICCBased" ncolour="[0]" size="12.000">行</text>
                <text font="ERELLA+STXinwei" bbox="123.360,450.768,135.360,462.768" colourspace="ICCBased" ncolour="[0]" size="12.000">性</text>
                <text font="ERELLA+STXinwei" bbox="136.080,450.768,148.080,462.768" colourspace="ICCBased" ncolour="[0]" size="12.000">多</text>
                <text font="ERELLA+STXinwei" bbox="149.040,450.768,161.040,462.768" colourspace="ICCBased" ncolour="[0]" size="12.000">灶</text>
                <text font="ERELLA+STXinwei" bbox="162.000,450.768,174.000,462.768" colourspace="ICCBased" ncolour="[0]" size="12.000">性</text>
                <text font="ERELLA+STXinwei" bbox="174.720,450.768,186.720,462.768" colourspace="ICCBased" ncolour="[0]" size="12.000">白</text>
                <text font="ERELLA+STXinwei" bbox="187.680,450.768,199.680,462.768" colourspace="ICCBased" ncolour="[0]" size="12.000">质</text>
                <text>
                </text>
            </textline>
        </textbox>
        <textbox id="6" bbox="63.600,407.808,199.680,430.469">
            <textline bbox="68.880,419.909,74.160,430.469">
                <text font="JTTPDQ+SimSun" bbox="68.880,419.909,74.160,430.469" colourspace="ICCBased" ncolour="[0]" size="10.560"> </text>
                <text>
                </text>
            </textline>
            <textline bbox="63.600,407.808,199.680,419.808">
                <text font="JTTPDQ+SimSun" bbox="63.600,408.629,68.880,419.189" colourspace="ICCBased" ncolour="[0]" size="10.560">6</text>
                <text font="JTTPDQ+SimSun" bbox="68.880,408.629,74.160,419.189" colourspace="ICCBased" ncolour="[0]" size="10.560">1</text>
                <text font="JTTPDQ+SimSun" bbox="74.160,408.629,79.440,419.189" colourspace="ICCBased" ncolour="[0]" size="10.560"> </text>
                <text> </text>
                <text font="ERELLA+STXinwei" bbox="97.440,407.808,109.440,419.808" colourspace="ICCBased" ncolour="[0]" size="12.000">破</text>
                <text font="ERELLA+STXinwei" bbox="110.400,407.808,122.400,419.808" colourspace="ICCBased" ncolour="[0]" size="12.000">裂</text>
                <text font="ERELLA+STXinwei" bbox="123.360,407.808,135.360,419.808" colourspace="ICCBased" ncolour="[0]" size="12.000">脑</text>
                <text font="ERELLA+STXinwei" bbox="136.080,407.808,148.080,419.808" colourspace="ICCBased" ncolour="[0]" size="12.000">动</text>
                <text font="ERELLA+STXinwei" bbox="149.040,407.808,161.040,419.808" colourspace="ICCBased" ncolour="[0]" size="12.000">脉</text>
                <text font="ERELLA+STXinwei" bbox="162.000,407.808,174.000,419.808" colourspace="ICCBased" ncolour="[0]" size="12.000">瘤</text>
                <text font="ERELLA+STXinwei" bbox="174.720,407.808,186.720,419.808" colourspace="ICCBased" ncolour="[0]" size="12.000">夹</text>
                <text font="ERELLA+STXinwei" bbox="187.680,407.808,199.680,419.808" colourspace="ICCBased" ncolour="[0]" size="12.000">闭</text>
                <text>
                </text>
            </textline>
        </textbox>
        <textbox id="7" bbox="97.440,419.908,122.577,446.928">
            <textline bbox="97.440,434.928,122.577,446.928">
                <text font="ERELLA+STXinwei" bbox="97.440,434.928,109.440,446.928" colourspace="ICCBased" ncolour="[0]" size="12.000">脑</text>
                <text font="ERELLA+STXinwei" bbox="109.440,435.268,120.000,445.828" colourspace="ICCBased" ncolour="[0]" size="10.560">病</text>
                <text font="ERELLA+STXinwei" bbox="120.000,435.268,122.577,445.828" colourspace="ICCBased" ncolour="[0]" size="10.560"> </text>
                <text>
                </text>
            </textline>
            <textline bbox="97.440,419.908,100.017,430.468">
                <text font="ERELLA+STXinwei" bbox="97.440,419.908,100.017,430.468" colourspace="ICCBased" ncolour="[0]" size="10.560"> </text>
                <text>
                </text>
            </textline>
        </textbox>
        <textbox id="8" bbox="97.440,391.728,124.368,403.728">
            <textline bbox="97.440,391.728,124.368,403.728">
                <text font="ERELLA+STXinwei" bbox="97.440,391.728,109.440,403.728" colourspace="ICCBased" ncolour="[0]" size="12.000">手</text>
                <text font="ERELLA+STXinwei" bbox="109.440,391.728,121.440,403.728" colourspace="ICCBased" ncolour="[0]" size="12.000">术</text>
                <text font="ERELLA+STXinwei" bbox="121.440,391.728,124.368,403.728" colourspace="ICCBased" ncolour="[0]" size="12.000"> </text>
                <text>
                </text>
            </textline>
        </textbox>
        <textbox id="9" bbox="97.440,346.228,100.017,356.788">
            <textline bbox="97.440,346.228,100.017,356.788">
                <text font="ERELLA+STXinwei" bbox="97.440,346.228,100.017,356.788" colourspace="ICCBased" ncolour="[0]" size="10.560"> </text>
                <text>
                </text>
            </textline>
        </textbox>
        <textbox id="10" bbox="63.600,331.008,184.368,356.789">
            <textline bbox="68.880,346.229,74.160,356.789">
                <text font="JTTPDQ+SimSun" bbox="68.880,346.229,74.160,356.789" colourspace="ICCBased" ncolour="[0]" size="10.560"> </text>
                <text>
                </text>
            </textline>
            <textline bbox="63.600,331.008,184.368,344.820">
                <text font="JTTPDQ+SimSun" bbox="63.600,333.029,68.880,343.589" colourspace="ICCBased" ncolour="[0]" size="10.560">6</text>
                <text font="JTTPDQ+SimSun" bbox="68.880,333.029,74.160,343.589" colourspace="ICCBased" ncolour="[0]" size="10.560">2</text>
                <text font="JTTPDQ+SimSun" bbox="74.160,332.820,80.160,344.820" colourspace="ICCBased" ncolour="[0]" size="12.000"> </text>
                <text> </text>
                <text font="ERELLA+STXinwei" bbox="97.440,331.008,109.440,343.008" colourspace="ICCBased" ncolour="[0]" size="12.000">脊</text>
                <text font="ERELLA+STXinwei" bbox="109.440,331.008,121.440,343.008" colourspace="ICCBased" ncolour="[0]" size="12.000">髓</text>
                <text font="ERELLA+STXinwei" bbox="121.440,331.008,133.440,343.008" colourspace="ICCBased" ncolour="[0]" size="12.000">小</text>
                <text font="ERELLA+STXinwei" bbox="133.440,331.008,145.440,343.008" colourspace="ICCBased" ncolour="[0]" size="12.000">脑</text>
                <text font="ERELLA+STXinwei" bbox="145.440,331.008,157.440,343.008" colourspace="ICCBased" ncolour="[0]" size="12.000">变</text>
                <text font="ERELLA+STXinwei" bbox="157.440,331.008,169.440,343.008" colourspace="ICCBased" ncolour="[0]" size="12.000">性</text>
                <text font="ERELLA+STXinwei" bbox="169.440,331.008,181.440,343.008" colourspace="ICCBased" ncolour="[0]" size="12.000">症</text>
                <text font="ERELLA+STXinwei" bbox="181.440,331.008,184.368,343.008" colourspace="ICCBased" ncolour="[0]" size="12.000"> </text>
                <text>
                </text>
            </textline>
        </textbox>
        <textbox id="11" bbox="51.120,192.869,56.400,233.189">
            <textline bbox="51.120,222.629,56.400,233.189">
                <text font="JTTPDQ+SimSun" bbox="51.120,222.629,56.400,233.189" colourspace="ICCBased" ncolour="[0]" size="10.560"> </text>
                <text>
                </text>
            </textline>
            <textline bbox="51.120,208.469,56.400,219.029">
                <text font="JTTPDQ+SimSun" bbox="51.120,208.469,56.400,219.029" colourspace="ICCBased" ncolour="[0]" size="10.560"> </text>
                <text>
                </text>
            </textline>
            <textline bbox="51.120,192.869,56.400,203.429">
                <text font="JTTPDQ+SimSun" bbox="51.120,192.869,56.400,203.429" colourspace="ICCBased" ncolour="[0]" size="10.560"> </text>
                <text>
                </text>
            </textline>
        </textbox>
        <textbox id="12" bbox="97.440,192.868,142.257,233.188">
            <textline bbox="97.440,222.628,100.017,233.188">
                <text font="ERELLA+STXinwei" bbox="97.440,222.628,100.017,233.188" colourspace="ICCBased" ncolour="[0]" size="10.560"> </text>
                <text>
                </text>
            </textline>
            <textline bbox="97.440,207.508,142.257,219.029">
                <text font="JQUZDQ+SimSun" bbox="97.440,208.469,108.000,219.029" colourspace="ICCBased" ncolour="[0]" size="10.560">第</text>
                <text> </text>
                <text font="JTTPDQ+SimSun" bbox="110.640,208.469,115.920,219.029" colourspace="ICCBased" ncolour="[0]" size="10.560">5</text>
                <text> </text>
                <text font="JQUZDQ+SimSun" bbox="118.560,208.469,129.120,219.029" colourspace="ICCBased" ncolour="[0]" size="10.560">类</text>
                <text font="JQUZDQ+SimSun" bbox="129.120,208.469,139.680,219.029" colourspace="ICCBased" ncolour="[0]" size="10.560">：</text>
                <text font="ERELLA+STXinwei" bbox="139.680,207.508,142.257,218.068" colourspace="ICCBased" ncolour="[0]" size="10.560"> </text>
                <text>
                </text>
            </textline>
            <textline bbox="97.440,192.868,100.017,203.428">
                <text font="ERELLA+STXinwei" bbox="97.440,192.868,100.017,203.428" colourspace="ICCBased" ncolour="[0]" size="10.560"> </text>
                <text>
                </text>
            </textline>
        </textbox>
        <textbox id="13" bbox="63.600,177.408,172.368,189.888">
            <textline bbox="63.600,177.408,172.368,189.888">
                <text font="JTTPDQ+SimSun" bbox="63.600,178.709,68.880,189.269" colourspace="ICCBased" ncolour="[0]" size="10.560">6</text>
                <text font="JTTPDQ+SimSun" bbox="68.880,178.709,74.160,189.269" colourspace="ICCBased" ncolour="[0]" size="10.560">3</text>
                <text font="ERELLA+STXinwei" bbox="74.160,177.408,77.088,189.408" colourspace="ICCBased" ncolour="[0]" size="12.000"> </text>
                <text> </text>
                <text font="ERELLA+STXinwei" bbox="97.440,177.888,109.440,189.888" colourspace="ICCBased" ncolour="[0]" size="12.000">多</text>
                <text font="ERELLA+STXinwei" bbox="109.440,177.888,121.440,189.888" colourspace="ICCBased" ncolour="[0]" size="12.000">个</text>
                <text font="ERELLA+STXinwei" bbox="121.440,177.888,133.440,189.888" colourspace="ICCBased" ncolour="[0]" size="12.000">肢</text>
                <text font="ERELLA+STXinwei" bbox="133.440,177.888,145.440,189.888" colourspace="ICCBased" ncolour="[0]" size="12.000">体</text>
                <text font="ERELLA+STXinwei" bbox="145.440,177.888,157.440,189.888" colourspace="ICCBased" ncolour="[0]" size="12.000">缺</text>
                <text font="ERELLA+STXinwei" bbox="157.440,177.888,169.440,189.888" colourspace="ICCBased" ncolour="[0]" size="12.000">失</text>
                <text font="ERELLA+STXinwei" bbox="169.440,177.888,172.368,189.888" colourspace="ICCBased" ncolour="[0]" size="12.000"> </text>
                <text>
                </text>
            </textline>
        </textbox>
        <textbox id="14" bbox="210.480,756.632,547.201,782.789">
            <textline bbox="210.480,772.229,257.757,782.789">
                <text font="JQUZDQ+SimSun" bbox="210.480,772.229,221.040,782.789" colourspace="ICCBased" ncolour="[0]" size="10.560">有</text>
                <text font="JQUZDQ+SimSun" bbox="221.040,772.229,231.600,782.789" colourspace="ICCBased" ncolour="[0]" size="10.560">条</text>
                <text font="JQUZDQ+SimSun" bbox="231.600,772.229,242.160,782.789" colourspace="ICCBased" ncolour="[0]" size="10.560">件</text>
                <text font="JQUZDQ+SimSun" bbox="242.160,772.229,252.720,782.789" colourspace="ICCBased" ncolour="[0]" size="10.560">：</text>
                <text font="JTTPDQ+SimSun" bbox="252.477,772.229,257.757,782.789" colourspace="ICCBased" ncolour="[0]" size="10.560"> </text>
                <text>
                </text>
            </textline>
            <textline bbox="210.480,756.632,547.201,767.192">
                <text font="JQUZDQ+SimSun" bbox="210.480,756.632,221.040,767.192" colourspace="ICCBased" ncolour="[0]" size="10.560">（</text>
                <text font="JTTPDQ+SimSun" bbox="221.040,756.632,226.320,767.192" colourspace="ICCBased" ncolour="[0]" size="10.560">1</text>
                <text font="JQUZDQ+SimSun" bbox="226.320,756.632,236.880,767.192" colourspace="ICCBased" ncolour="[0]" size="10.560">）</text>
                <text font="JQUZDQ+SimSun" bbox="236.880,756.632,247.440,767.192" colourspace="ICCBased" ncolour="[0]" size="10.560">脑</text>
                <text font="JQUZDQ+SimSun" bbox="247.440,756.632,258.000,767.192" colourspace="ICCBased" ncolour="[0]" size="10.560">电</text>
                <text font="JQUZDQ+SimSun" bbox="258.000,756.632,268.560,767.192" colourspace="ICCBased" ncolour="[0]" size="10.560">图</text>
                <text font="JQUZDQ+SimSun" bbox="268.560,756.632,279.120,767.192" colourspace="ICCBased" ncolour="[0]" size="10.560">存</text>
                <text font="JQUZDQ+SimSun" bbox="279.120,756.632,289.680,767.192" colourspace="ICCBased" ncolour="[0]" size="10.560">在</text>
                <text font="JQUZDQ+SimSun" bbox="289.440,756.632,300.000,767.192" colourspace="ICCBased" ncolour="[0]" size="10.560">周</text>
                <text font="JQUZDQ+SimSun" bbox="300.000,756.632,310.560,767.192" colourspace="ICCBased" ncolour="[0]" size="10.560">期</text>
                <text font="JQUZDQ+SimSun" bbox="310.560,756.632,321.120,767.192" colourspace="ICCBased" ncolour="[0]" size="10.560">性</text>
                <text font="JQUZDQ+SimSun" bbox="321.120,756.632,331.680,767.192" colourspace="ICCBased" ncolour="[0]" size="10.560">复</text>
                <text font="JQUZDQ+SimSun" bbox="331.680,756.632,342.240,767.192" colourspace="ICCBased" ncolour="[0]" size="10.560">合</text>
                <text font="JQUZDQ+SimSun" bbox="342.000,756.632,352.560,767.192" colourspace="ICCBased" ncolour="[0]" size="10.560">波</text>
                <text font="JQUZDQ+SimSun" bbox="352.560,756.632,363.120,767.192" colourspace="ICCBased" ncolour="[0]" size="10.560">、</text>
                <text font="JQUZDQ+SimSun" bbox="363.120,756.632,373.680,767.192" colourspace="ICCBased" ncolour="[0]" size="10.560">脑</text>
                <text font="JQUZDQ+SimSun" bbox="373.680,756.632,384.240,767.192" colourspace="ICCBased" ncolour="[0]" size="10.560">脊</text>
                <text font="JQUZDQ+SimSun" bbox="384.240,756.632,394.800,767.192" colourspace="ICCBased" ncolour="[0]" size="10.560">液</text>
                <text> </text>
                <text font="JTTPDQ+SimSun" bbox="399.842,756.632,405.122,767.192" colourspace="ICCBased" ncolour="[0]" size="10.560">r</text>
                <text font="JTTPDQ+SimSun" bbox="405.122,756.632,410.402,767.192" colourspace="ICCBased" ncolour="[0]" size="10.560">-</text>
                <text font="JQUZDQ+SimSun" bbox="410.402,756.632,420.962,767.192" colourspace="ICCBased" ncolour="[0]" size="10.560">球</text>
                <text font="JQUZDQ+SimSun" bbox="420.962,756.632,431.522,767.192" colourspace="ICCBased" ncolour="[0]" size="10.560">蛋</text>
                <text font="JQUZDQ+SimSun" bbox="431.522,756.632,442.082,767.192" colourspace="ICCBased" ncolour="[0]" size="10.560">白</text>
                <text font="JQUZDQ+SimSun" bbox="442.082,756.632,452.642,767.192" colourspace="ICCBased" ncolour="[0]" size="10.560">升</text>
                <text font="JQUZDQ+SimSun" bbox="452.402,756.632,462.962,767.192" colourspace="ICCBased" ncolour="[0]" size="10.560">高</text>
                <text font="JQUZDQ+SimSun" bbox="462.962,756.632,473.522,767.192" colourspace="ICCBased" ncolour="[0]" size="10.560">、</text>
                <text font="JQUZDQ+SimSun" bbox="473.522,756.632,484.082,767.192" colourspace="ICCBased" ncolour="[0]" size="10.560">脑</text>
                <text font="JQUZDQ+SimSun" bbox="484.082,756.632,494.642,767.192" colourspace="ICCBased" ncolour="[0]" size="10.560">脊</text>
                <text font="JQUZDQ+SimSun" bbox="494.642,756.632,505.202,767.192" colourspace="ICCBased" ncolour="[0]" size="10.560">液</text>
                <text font="JQUZDQ+SimSun" bbox="505.202,756.632,515.762,767.192" colourspace="ICCBased" ncolour="[0]" size="10.560">和</text>
                <text font="JQUZDQ+SimSun" bbox="515.762,756.632,526.322,767.192" colourspace="ICCBased" ncolour="[0]" size="10.560">血</text>
                <text font="JQUZDQ+SimSun" bbox="526.081,756.632,536.641,767.192" colourspace="ICCBased" ncolour="[0]" size="10.560">清</text>
                <text font="JQUZDQ+SimSun" bbox="536.641,756.632,547.201,767.192" colourspace="ICCBased" ncolour="[0]" size="10.560">中</text>
                <text>
                </text>
            </textline>
        </textbox>
        <textbox id="15" bbox="236.637,741.035,346.799,751.595">
            <textline bbox="236.637,741.035,346.799,751.595">
                <text font="JQUZDQ+SimSun" bbox="236.637,741.035,247.197,751.595" colourspace="ICCBased" ncolour="[0]" size="10.560">麻</text>
                <text font="JQUZDQ+SimSun" bbox="247.197,741.035,257.757,751.595" colourspace="ICCBased" ncolour="[0]" size="10.560">疹</text>
                <text font="JQUZDQ+SimSun" bbox="257.757,741.035,268.317,751.595" colourspace="ICCBased" ncolour="[0]" size="10.560">抗</text>
                <text font="JQUZDQ+SimSun" bbox="268.317,741.035,278.877,751.595" colourspace="ICCBased" ncolour="[0]" size="10.560">体</text>
                <text font="JQUZDQ+SimSun" bbox="278.877,741.035,289.437,751.595" colourspace="ICCBased" ncolour="[0]" size="10.560">滴</text>
                <text font="JQUZDQ+SimSun" bbox="289.197,741.035,299.757,751.595" colourspace="ICCBased" ncolour="[0]" size="10.560">定</text>
                <text font="JQUZDQ+SimSun" bbox="299.757,741.035,310.317,751.595" colourspace="ICCBased" ncolour="[0]" size="10.560">度</text>
                <text font="JQUZDQ+SimSun" bbox="310.317,741.035,320.877,751.595" colourspace="ICCBased" ncolour="[0]" size="10.560">升</text>
                <text font="JQUZDQ+SimSun" bbox="320.877,741.035,331.437,751.595" colourspace="ICCBased" ncolour="[0]" size="10.560">高</text>
                <text font="JQUZDQ+SimSun" bbox="331.197,741.035,341.757,751.595" colourspace="ICCBased" ncolour="[0]" size="10.560">；</text>
                <text font="JTTPDQ+SimSun" bbox="341.519,741.035,346.799,751.595" colourspace="ICCBased" ncolour="[0]" size="10.560"> </text>
                <text>
                </text>
            </textline>
        </textbox>
        <textbox id="16" bbox="210.480,725.429,547.200,735.997">
            <textline bbox="210.480,725.429,547.200,735.997">
                <text font="JQUZDQ+SimSun" bbox="210.480,725.437,221.040,735.997" colourspace="ICCBased" ncolour="[0]" size="10.560">（</text>
                <text font="JTTPDQ+SimSun" bbox="221.040,725.437,226.320,735.997" colourspace="ICCBased" ncolour="[0]" size="10.560">2</text>
                <text font="JQUZDQ+SimSun" bbox="226.320,725.429,236.880,735.989" colourspace="ICCBased" ncolour="[0]" size="10.560">）</text>
                <text font="JQUZDQ+SimSun" bbox="235.200,725.429,245.760,735.989" colourspace="ICCBased" ncolour="[0]" size="10.560">被</text>
                <text font="JQUZDQ+SimSun" bbox="245.760,725.429,256.320,735.989" colourspace="ICCBased" ncolour="[0]" size="10.560">保</text>
                <text font="JQUZDQ+SimSun" bbox="256.320,725.429,266.880,735.989" colourspace="ICCBased" ncolour="[0]" size="10.560">险</text>
                <text font="JQUZDQ+SimSun" bbox="266.880,725.429,277.440,735.989" colourspace="ICCBased" ncolour="[0]" size="10.560">人</text>
                <text font="JQUZDQ+SimSun" bbox="277.200,725.429,287.760,735.989" colourspace="ICCBased" ncolour="[0]" size="10.560">出</text>
                <text font="JQUZDQ+SimSun" bbox="287.760,725.429,298.320,735.989" colourspace="ICCBased" ncolour="[0]" size="10.560">现</text>
                <text font="JQUZDQ+SimSun" bbox="298.320,725.429,308.880,735.989" colourspace="ICCBased" ncolour="[0]" size="10.560">运</text>
                <text font="JQUZDQ+SimSun" bbox="308.880,725.429,319.440,735.989" colourspace="ICCBased" ncolour="[0]" size="10.560">动</text>
                <text font="JQUZDQ+SimSun" bbox="319.200,725.429,329.760,735.989" colourspace="ICCBased" ncolour="[0]" size="10.560">障</text>
                <text font="JQUZDQ+SimSun" bbox="329.760,725.429,340.320,735.989" colourspace="ICCBased" ncolour="[0]" size="10.560">碍</text>
                <text font="JQUZDQ+SimSun" bbox="340.320,725.429,350.880,735.989" colourspace="ICCBased" ncolour="[0]" size="10.560">，</text>
                <text font="JQUZDQ+SimSun" bbox="349.200,725.429,359.760,735.989" colourspace="ICCBased" ncolour="[0]" size="10.560">自</text>
                <text font="JQUZDQ+SimSun" bbox="359.760,725.429,370.320,735.989" colourspace="ICCBased" ncolour="[0]" size="10.560">主</text>
                <text font="JQUZDQ+SimSun" bbox="370.320,725.429,380.880,735.989" colourspace="ICCBased" ncolour="[0]" size="10.560">生</text>
                <text font="JQUZDQ+SimSun" bbox="380.640,725.429,391.200,735.989" colourspace="ICCBased" ncolour="[0]" size="10.560">活</text>
                <text font="JQUZDQ+SimSun" bbox="391.200,725.429,401.760,735.989" colourspace="ICCBased" ncolour="[0]" size="10.560">能</text>
                <text font="JQUZDQ+SimSun" bbox="401.760,725.429,412.320,735.989" colourspace="ICCBased" ncolour="[0]" size="10.560">力</text>
                <text font="JQUZDQ+SimSun" bbox="412.320,725.429,422.880,735.989" colourspace="ICCBased" ncolour="[0]" size="10.560">完</text>
                <text font="JQUZDQ+SimSun" bbox="422.640,725.429,433.200,735.989" colourspace="ICCBased" ncolour="[0]" size="10.560">全</text>
                <text font="JQUZDQ+SimSun" bbox="433.200,725.429,443.760,735.989" colourspace="ICCBased" ncolour="[0]" size="10.560">丧</text>
                <text font="JQUZDQ+SimSun" bbox="443.760,725.429,454.320,735.989" colourspace="ICCBased" ncolour="[0]" size="10.560">失</text>
                <text font="JQUZDQ+SimSun" bbox="454.080,725.429,464.640,735.989" colourspace="ICCBased" ncolour="[0]" size="10.560">，</text>
                <text font="JQUZDQ+SimSun" bbox="462.960,725.429,473.520,735.989" colourspace="ICCBased" ncolour="[0]" size="10.560">无</text>
                <text font="JQUZDQ+SimSun" bbox="473.520,725.429,484.080,735.989" colourspace="ICCBased" ncolour="[0]" size="10.560">法</text>
                <text font="JQUZDQ+SimSun" bbox="484.080,725.429,494.640,735.989" colourspace="ICCBased" ncolour="[0]" size="10.560">独</text>
                <text font="JQUZDQ+SimSun" bbox="494.640,725.429,505.200,735.989" colourspace="ICCBased" ncolour="[0]" size="10.560">立</text>
                <text font="JQUZDQ+SimSun" bbox="505.200,725.429,515.760,735.989" colourspace="ICCBased" ncolour="[0]" size="10.560">完</text>
                <text font="JQUZDQ+SimSun" bbox="515.760,725.429,526.320,735.989" colourspace="ICCBased" ncolour="[0]" size="10.560">成</text>
                <text font="JQUZDQ+SimSun" bbox="526.080,725.429,536.640,735.989" colourspace="ICCBased" ncolour="[0]" size="10.560">六</text>
                <text font="JQUZDQ+SimSun" bbox="536.640,725.429,547.200,735.989" colourspace="ICCBased" ncolour="[0]" size="10.560">项</text>
                <text>
                </text>
            </textline>
        </textbox>
        <textbox id="17" bbox="236.640,709.829,430.800,720.389">
            <textline bbox="236.640,709.829,430.800,720.389">
                <text font="JQUZDQ+SimSun" bbox="236.640,709.829,247.200,720.389" colourspace="ICCBased" ncolour="[0]" size="10.560">基</text>
                <text font="JQUZDQ+SimSun" bbox="247.200,709.829,257.760,720.389" colourspace="ICCBased" ncolour="[0]" size="10.560">本</text>
                <text font="JQUZDQ+SimSun" bbox="257.760,709.829,268.320,720.389" colourspace="ICCBased" ncolour="[0]" size="10.560">日</text>
                <text font="JQUZDQ+SimSun" bbox="268.320,709.829,278.880,720.389" colourspace="ICCBased" ncolour="[0]" size="10.560">常</text>
                <text font="JQUZDQ+SimSun" bbox="278.880,709.829,289.440,720.389" colourspace="ICCBased" ncolour="[0]" size="10.560">生</text>
                <text font="JQUZDQ+SimSun" bbox="289.200,709.829,299.760,720.389" colourspace="ICCBased" ncolour="[0]" size="10.560">活</text>
                <text font="JQUZDQ+SimSun" bbox="299.760,709.829,310.320,720.389" colourspace="ICCBased" ncolour="[0]" size="10.560">活</text>
                <text font="JQUZDQ+SimSun" bbox="310.320,709.829,320.880,720.389" colourspace="ICCBased" ncolour="[0]" size="10.560">动</text>
                <text font="JQUZDQ+SimSun" bbox="320.880,709.829,331.440,720.389" colourspace="ICCBased" ncolour="[0]" size="10.560">中</text>
                <text font="JQUZDQ+SimSun" bbox="331.200,709.829,341.760,720.389" colourspace="ICCBased" ncolour="[0]" size="10.560">的</text>
                <text font="JQUZDQ+SimSun" bbox="341.760,709.829,352.320,720.389" colourspace="ICCBased" ncolour="[0]" size="10.560">三</text>
                <text font="JQUZDQ+SimSun" bbox="352.320,709.829,362.880,720.389" colourspace="ICCBased" ncolour="[0]" size="10.560">项</text>
                <text font="JQUZDQ+SimSun" bbox="362.880,709.829,373.440,720.389" colourspace="ICCBased" ncolour="[0]" size="10.560">或</text>
                <text font="JQUZDQ+SimSun" bbox="373.200,709.829,383.760,720.389" colourspace="ICCBased" ncolour="[0]" size="10.560">三</text>
                <text font="JQUZDQ+SimSun" bbox="383.760,709.829,394.320,720.389" colourspace="ICCBased" ncolour="[0]" size="10.560">项</text>
                <text font="JQUZDQ+SimSun" bbox="394.320,709.829,404.880,720.389" colourspace="ICCBased" ncolour="[0]" size="10.560">以</text>
                <text font="JQUZDQ+SimSun" bbox="404.880,709.829,415.440,720.389" colourspace="ICCBased" ncolour="[0]" size="10.560">上</text>
                <text font="JQUZDQ+SimSun" bbox="415.200,709.829,425.760,720.389" colourspace="ICCBased" ncolour="[0]" size="10.560">。</text>
                <text font="JTTPDQ+SimSun" bbox="425.520,709.829,430.800,720.389" colourspace="ICCBased" ncolour="[0]" size="10.560"> </text>
                <text>
                </text>
            </textline>
        </textbox>
        <textbox id="18" bbox="210.480,556.480,547.200,704.789">
            <textline bbox="210.480,694.229,215.760,704.789">
                <text font="JTTPDQ+SimSun" bbox="210.480,694.229,215.760,704.789" colourspace="ICCBased" ncolour="[0]" size="10.560"> </text>
                <text>
                </text>
            </textline>
            <textline bbox="210.480,680.069,547.200,690.629">
                <text font="JQUZDQ+SimSun" bbox="210.480,680.069,221.040,690.629" colourspace="ICCBased" ncolour="[0]" size="10.560">指</text>
                <text font="JQUZDQ+SimSun" bbox="221.040,680.069,231.600,690.629" colourspace="ICCBased" ncolour="[0]" size="10.560">一</text>
                <text font="JQUZDQ+SimSun" bbox="231.600,680.069,242.160,690.629" colourspace="ICCBased" ncolour="[0]" size="10.560">种</text>
                <text font="JQUZDQ+SimSun" bbox="242.160,680.069,252.720,690.629" colourspace="ICCBased" ncolour="[0]" size="10.560">不</text>
                <text font="JQUZDQ+SimSun" bbox="252.720,680.069,263.280,690.629" colourspace="ICCBased" ncolour="[0]" size="10.560">可</text>
                <text font="JQUZDQ+SimSun" bbox="263.280,680.069,273.840,690.629" colourspace="ICCBased" ncolour="[0]" size="10.560">治</text>
                <text font="JQUZDQ+SimSun" bbox="273.840,680.069,284.400,690.629" colourspace="ICCBased" ncolour="[0]" size="10.560">愈</text>
                <text font="JQUZDQ+SimSun" bbox="284.160,680.069,294.720,690.629" colourspace="ICCBased" ncolour="[0]" size="10.560">的</text>
                <text font="JQUZDQ+SimSun" bbox="294.720,680.069,305.280,690.629" colourspace="ICCBased" ncolour="[0]" size="10.560">脑</text>
                <text font="JQUZDQ+SimSun" bbox="305.280,680.069,315.840,690.629" colourspace="ICCBased" ncolour="[0]" size="10.560">部</text>
                <text font="JQUZDQ+SimSun" bbox="315.840,680.069,326.400,690.629" colourspace="ICCBased" ncolour="[0]" size="10.560">感</text>
                <text font="JQUZDQ+SimSun" bbox="326.400,680.069,336.960,690.629" colourspace="ICCBased" ncolour="[0]" size="10.560">染</text>
                <text font="JQUZDQ+SimSun" bbox="336.960,680.069,347.520,690.629" colourspace="ICCBased" ncolour="[0]" size="10.560">，</text>
                <text font="JQUZDQ+SimSun" bbox="347.280,680.069,357.840,690.629" colourspace="ICCBased" ncolour="[0]" size="10.560">导</text>
                <text font="JQUZDQ+SimSun" bbox="357.840,680.069,368.400,690.629" colourspace="ICCBased" ncolour="[0]" size="10.560">致</text>
                <text font="JQUZDQ+SimSun" bbox="368.400,680.069,378.960,690.629" colourspace="ICCBased" ncolour="[0]" size="10.560">急</text>
                <text font="JQUZDQ+SimSun" bbox="378.960,680.069,389.520,690.629" colourspace="ICCBased" ncolour="[0]" size="10.560">剧</text>
                <text font="JQUZDQ+SimSun" bbox="389.520,680.069,400.080,690.629" colourspace="ICCBased" ncolour="[0]" size="10.560">而</text>
                <text font="JQUZDQ+SimSun" bbox="399.840,680.069,410.400,690.629" colourspace="ICCBased" ncolour="[0]" size="10.560">渐</text>
                <text font="JQUZDQ+SimSun" bbox="410.400,680.069,420.960,690.629" colourspace="ICCBased" ncolour="[0]" size="10.560">进</text>
                <text font="JQUZDQ+SimSun" bbox="420.960,680.069,431.520,690.629" colourspace="ICCBased" ncolour="[0]" size="10.560">性</text>
                <text font="JQUZDQ+SimSun" bbox="431.520,680.069,442.080,690.629" colourspace="ICCBased" ncolour="[0]" size="10.560">的</text>
                <text font="JQUZDQ+SimSun" bbox="442.080,680.069,452.640,690.629" colourspace="ICCBased" ncolour="[0]" size="10.560">智</text>
                <text font="JQUZDQ+SimSun" bbox="452.400,680.069,462.960,690.629" colourspace="ICCBased" ncolour="[0]" size="10.560">力</text>
                <text font="JQUZDQ+SimSun" bbox="462.960,680.069,473.520,690.629" colourspace="ICCBased" ncolour="[0]" size="10.560">功</text>
                <text font="JQUZDQ+SimSun" bbox="473.520,680.069,484.080,690.629" colourspace="ICCBased" ncolour="[0]" size="10.560">能</text>
                <text font="JQUZDQ+SimSun" bbox="484.080,680.069,494.640,690.629" colourspace="ICCBased" ncolour="[0]" size="10.560">与</text>
                <text font="JQUZDQ+SimSun" bbox="494.640,680.069,505.200,690.629" colourspace="ICCBased" ncolour="[0]" size="10.560">活</text>
                <text font="JQUZDQ+SimSun" bbox="505.200,680.069,515.760,690.629" colourspace="ICCBased" ncolour="[0]" size="10.560">动</text>
                <text font="JQUZDQ+SimSun" bbox="515.760,680.069,526.320,690.629" colourspace="ICCBased" ncolour="[0]" size="10.560">衰</text>
                <text font="JQUZDQ+SimSun" bbox="526.080,680.069,536.640,690.629" colourspace="ICCBased" ncolour="[0]" size="10.560">退</text>
                <text font="JQUZDQ+SimSun" bbox="536.640,680.069,547.200,690.629" colourspace="ICCBased" ncolour="[0]" size="10.560">。</text>
                <text>
                </text>
            </textline>
            <textline bbox="210.480,664.472,547.200,675.032">
                <text font="JQUZDQ+SimSun" bbox="210.480,664.472,221.040,675.032" colourspace="ICCBased" ncolour="[0]" size="10.560">须</text>
                <text font="JQUZDQ+SimSun" bbox="221.040,664.472,231.600,675.032" colourspace="ICCBased" ncolour="[0]" size="10.560">由</text>
                <text font="JQUZDQ+SimSun" bbox="231.600,664.472,242.160,675.032" colourspace="ICCBased" ncolour="[0]" size="10.560">专</text>
                <text font="JQUZDQ+SimSun" bbox="242.160,664.472,252.720,675.032" colourspace="ICCBased" ncolour="[0]" size="10.560">科</text>
                <text font="JQUZDQ+SimSun" bbox="252.720,664.472,263.280,675.032" colourspace="ICCBased" ncolour="[0]" size="10.560">医</text>
                <text font="JQUZDQ+SimSun" bbox="263.280,664.472,273.840,675.032" colourspace="ICCBased" ncolour="[0]" size="10.560">生</text>
                <text font="JQUZDQ+SimSun" bbox="273.840,664.472,284.400,675.032" colourspace="ICCBased" ncolour="[0]" size="10.560">根</text>
                <text font="JQUZDQ+SimSun" bbox="284.160,664.472,294.720,675.032" colourspace="ICCBased" ncolour="[0]" size="10.560">据</text>
                <text font="JQUZDQ+SimSun" bbox="294.720,664.472,305.280,675.032" colourspace="ICCBased" ncolour="[0]" size="10.560">临</text>
                <text font="JQUZDQ+SimSun" bbox="305.280,664.472,315.840,675.032" colourspace="ICCBased" ncolour="[0]" size="10.560">床</text>
                <text font="JQUZDQ+SimSun" bbox="315.840,664.472,326.400,675.032" colourspace="ICCBased" ncolour="[0]" size="10.560">测</text>
                <text font="JQUZDQ+SimSun" bbox="326.400,664.472,336.960,675.032" colourspace="ICCBased" ncolour="[0]" size="10.560">试</text>
                <text font="JQUZDQ+SimSun" bbox="336.960,664.472,347.520,675.032" colourspace="ICCBased" ncolour="[0]" size="10.560">、</text>
                <text font="JQUZDQ+SimSun" bbox="347.280,664.472,357.840,675.032" colourspace="ICCBased" ncolour="[0]" size="10.560">脑</text>
                <text font="JQUZDQ+SimSun" bbox="357.840,664.472,368.400,675.032" colourspace="ICCBased" ncolour="[0]" size="10.560">电</text>
                <text font="JQUZDQ+SimSun" bbox="368.400,664.472,378.960,675.032" colourspace="ICCBased" ncolour="[0]" size="10.560">图</text>
                <text font="JQUZDQ+SimSun" bbox="378.960,664.472,389.520,675.032" colourspace="ICCBased" ncolour="[0]" size="10.560">和</text>
                <text font="JQUZDQ+SimSun" bbox="389.520,664.472,400.080,675.032" colourspace="ICCBased" ncolour="[0]" size="10.560">影</text>
                <text font="JQUZDQ+SimSun" bbox="399.840,664.472,410.400,675.032" colourspace="ICCBased" ncolour="[0]" size="10.560">像</text>
                <text font="JQUZDQ+SimSun" bbox="410.400,664.472,420.960,675.032" colourspace="ICCBased" ncolour="[0]" size="10.560">结</text>
                <text font="JQUZDQ+SimSun" bbox="420.960,664.472,431.520,675.032" colourspace="ICCBased" ncolour="[0]" size="10.560">果</text>
                <text font="JQUZDQ+SimSun" bbox="431.520,664.472,442.080,675.032" colourspace="ICCBased" ncolour="[0]" size="10.560">作</text>
                <text font="JQUZDQ+SimSun" bbox="442.080,664.472,452.640,675.032" colourspace="ICCBased" ncolour="[0]" size="10.560">出</text>
                <text font="JQUZDQ+SimSun" bbox="452.400,664.472,462.960,675.032" colourspace="ICCBased" ncolour="[0]" size="10.560">诊</text>
                <text font="JQUZDQ+SimSun" bbox="462.960,664.472,473.520,675.032" colourspace="ICCBased" ncolour="[0]" size="10.560">断</text>
                <text font="JQUZDQ+SimSun" bbox="473.520,664.472,484.080,675.032" colourspace="ICCBased" ncolour="[0]" size="10.560">，</text>
                <text font="JQUZDQ+SimSun" bbox="484.080,664.472,494.640,675.032" colourspace="ICCBased" ncolour="[0]" size="10.560">并</text>
                <text font="JQUZDQ+SimSun" bbox="494.640,664.472,505.200,675.032" colourspace="ICCBased" ncolour="[0]" size="10.560">发</text>
                <text font="JQUZDQ+SimSun" bbox="505.200,664.472,515.760,675.032" colourspace="ICCBased" ncolour="[0]" size="10.560">现</text>
                <text font="JQUZDQ+SimSun" bbox="515.760,664.472,526.320,675.032" colourspace="ICCBased" ncolour="[0]" size="10.560">被</text>
                <text font="JQUZDQ+SimSun" bbox="526.080,664.472,536.640,675.032" colourspace="ICCBased" ncolour="[0]" size="10.560">保</text>
                <text font="JQUZDQ+SimSun" bbox="536.640,664.472,547.200,675.032" colourspace="ICCBased" ncolour="[0]" size="10.560">险</text>
                <text>
                </text>
            </textline>
            <textline bbox="210.480,648.875,415.196,659.435">
                <text font="JQUZDQ+SimSun" bbox="210.480,648.875,221.040,659.435" colourspace="ICCBased" ncolour="[0]" size="10.560">人</text>
                <text font="JQUZDQ+SimSun" bbox="221.040,648.875,231.600,659.435" colourspace="ICCBased" ncolour="[0]" size="10.560">出</text>
                <text font="JQUZDQ+SimSun" bbox="231.600,648.875,242.160,659.435" colourspace="ICCBased" ncolour="[0]" size="10.560">现</text>
                <text font="JQUZDQ+SimSun" bbox="242.160,648.875,252.720,659.435" colourspace="ICCBased" ncolour="[0]" size="10.560">神</text>
                <text font="JQUZDQ+SimSun" bbox="252.720,648.875,263.280,659.435" colourspace="ICCBased" ncolour="[0]" size="10.560">经</text>
                <text font="JQUZDQ+SimSun" bbox="263.040,648.875,273.600,659.435" colourspace="ICCBased" ncolour="[0]" size="10.560">系</text>
                <text font="JQUZDQ+SimSun" bbox="273.600,648.875,284.160,659.435" colourspace="ICCBased" ncolour="[0]" size="10.560">统</text>
                <text font="JQUZDQ+SimSun" bbox="284.160,648.875,294.720,659.435" colourspace="ICCBased" ncolour="[0]" size="10.560">异</text>
                <text font="JQUZDQ+SimSun" bbox="294.720,648.875,305.280,659.435" colourspace="ICCBased" ncolour="[0]" size="10.560">常</text>
                <text font="JQUZDQ+SimSun" bbox="305.040,648.875,315.600,659.435" colourspace="ICCBased" ncolour="[0]" size="10.560">及</text>
                <text font="JQUZDQ+SimSun" bbox="315.600,648.875,326.160,659.435" colourspace="ICCBased" ncolour="[0]" size="10.560">严</text>
                <text font="JQUZDQ+SimSun" bbox="326.160,648.875,336.720,659.435" colourspace="ICCBased" ncolour="[0]" size="10.560">重</text>
                <text font="JQUZDQ+SimSun" bbox="336.720,648.875,347.280,659.435" colourspace="ICCBased" ncolour="[0]" size="10.560">的</text>
                <text font="JQUZDQ+SimSun" bbox="347.040,648.875,357.600,659.435" colourspace="ICCBased" ncolour="[0]" size="10.560">渐</text>
                <text font="JQUZDQ+SimSun" bbox="357.600,648.875,368.160,659.435" colourspace="ICCBased" ncolour="[0]" size="10.560">进</text>
                <text font="JQUZDQ+SimSun" bbox="368.160,648.875,378.720,659.435" colourspace="ICCBased" ncolour="[0]" size="10.560">性</text>
                <text font="JQUZDQ+SimSun" bbox="378.720,648.875,389.280,659.435" colourspace="ICCBased" ncolour="[0]" size="10.560">痴</text>
                <text font="JQUZDQ+SimSun" bbox="389.040,648.875,399.600,659.435" colourspace="ICCBased" ncolour="[0]" size="10.560">呆</text>
                <text font="JQUZDQ+SimSun" bbox="399.600,648.875,410.160,659.435" colourspace="ICCBased" ncolour="[0]" size="10.560">。</text>
                <text font="JTTPDQ+SimSun" bbox="409.916,648.875,415.196,659.435" colourspace="ICCBased" ncolour="[0]" size="10.560"> </text>
                <text>
                </text>
            </textline>
            <textline bbox="210.480,633.269,215.760,643.829">
                <text font="JTTPDQ+SimSun" bbox="210.480,633.269,215.760,643.829" colourspace="ICCBased" ncolour="[0]" size="10.560"> </text>
                <text>
                </text>
            </textline>
            <textline bbox="210.480,618.869,520.078,629.429">
                <text font="JQUZDQ+SimSun" bbox="210.480,618.869,221.040,629.429" colourspace="ICCBased" ncolour="[0]" size="10.560">指</text>
                <text font="JQUZDQ+SimSun" bbox="221.040,618.869,231.600,629.429" colourspace="ICCBased" ncolour="[0]" size="10.560">因</text>
                <text font="JQUZDQ+SimSun" bbox="231.600,618.869,242.160,629.429" colourspace="ICCBased" ncolour="[0]" size="10.560">疾</text>
                <text font="JQUZDQ+SimSun" bbox="242.160,618.869,252.720,629.429" colourspace="ICCBased" ncolour="[0]" size="10.560">病</text>
                <text font="JQUZDQ+SimSun" bbox="252.720,618.869,263.280,629.429" colourspace="ICCBased" ncolour="[0]" size="10.560">或</text>
                <text font="JQUZDQ+SimSun" bbox="263.040,618.869,273.600,629.429" colourspace="ICCBased" ncolour="[0]" size="10.560">意</text>
                <text font="JQUZDQ+SimSun" bbox="273.600,618.869,284.160,629.429" colourspace="ICCBased" ncolour="[0]" size="10.560">外</text>
                <text font="JQUZDQ+SimSun" bbox="284.160,618.869,294.720,629.429" colourspace="ICCBased" ncolour="[0]" size="10.560">伤</text>
                <text font="JQUZDQ+SimSun" bbox="294.720,618.869,305.280,629.429" colourspace="ICCBased" ncolour="[0]" size="10.560">害</text>
                <text font="JQUZDQ+SimSun" bbox="305.040,618.869,315.600,629.429" colourspace="ICCBased" ncolour="[0]" size="10.560">导</text>
                <text font="JQUZDQ+SimSun" bbox="315.600,618.869,326.160,629.429" colourspace="ICCBased" ncolour="[0]" size="10.560">致</text>
                <text font="JQUZDQ+SimSun" bbox="326.160,618.869,336.720,629.429" colourspace="ICCBased" ncolour="[0]" size="10.560">单</text>
                <text font="JQUZDQ+SimSun" bbox="336.720,618.869,347.280,629.429" colourspace="ICCBased" ncolour="[0]" size="10.560">眼</text>
                <text font="JQUZDQ+SimSun" bbox="347.040,618.869,357.600,629.429" colourspace="ICCBased" ncolour="[0]" size="10.560">视</text>
                <text font="JQUZDQ+SimSun" bbox="357.600,618.869,368.160,629.429" colourspace="ICCBased" ncolour="[0]" size="10.560">力</text>
                <text font="JQUZDQ+SimSun" bbox="368.160,618.869,378.720,629.429" colourspace="ICCBased" ncolour="[0]" size="10.560">丧</text>
                <text font="JQUZDQ+SimSun" bbox="378.720,618.869,389.280,629.429" colourspace="ICCBased" ncolour="[0]" size="10.560">失</text>
                <text font="JQUZDQ+SimSun" bbox="389.040,618.869,399.600,629.429" colourspace="ICCBased" ncolour="[0]" size="10.560">及</text>
                <text font="JQUZDQ+SimSun" bbox="399.600,618.869,410.160,629.429" colourspace="ICCBased" ncolour="[0]" size="10.560">单</text>
                <text font="JQUZDQ+SimSun" bbox="410.160,618.869,420.720,629.429" colourspace="ICCBased" ncolour="[0]" size="10.560">肢</text>
                <text font="JQUZDQ+SimSun" bbox="420.720,618.869,431.280,629.429" colourspace="ICCBased" ncolour="[0]" size="10.560">肢</text>
                <text font="JQUZDQ+SimSun" bbox="431.040,618.869,441.600,629.429" colourspace="ICCBased" ncolour="[0]" size="10.560">体</text>
                <text font="JQUZDQ+SimSun" bbox="441.600,618.869,452.160,629.429" colourspace="ICCBased" ncolour="[0]" size="10.560">机</text>
                <text font="JQUZDQ+SimSun" bbox="451.920,618.869,462.480,629.429" colourspace="ICCBased" ncolour="[0]" size="10.560">能</text>
                <text font="JQUZDQ+SimSun" bbox="462.480,618.869,473.040,629.429" colourspace="ICCBased" ncolour="[0]" size="10.560">完</text>
                <text font="JQUZDQ+SimSun" bbox="473.040,618.869,483.600,629.429" colourspace="ICCBased" ncolour="[0]" size="10.560">全</text>
                <text font="JQUZDQ+SimSun" bbox="483.600,618.869,494.160,629.429" colourspace="ICCBased" ncolour="[0]" size="10.560">丧</text>
                <text font="JQUZDQ+SimSun" bbox="494.160,618.869,504.720,629.429" colourspace="ICCBased" ncolour="[0]" size="10.560">失</text>
                <text font="JQUZDQ+SimSun" bbox="504.480,618.869,515.040,629.429" colourspace="ICCBased" ncolour="[0]" size="10.560">。</text>
                <text font="JTTPDQ+SimSun" bbox="514.798,618.869,520.078,629.429" colourspace="ICCBased" ncolour="[0]" size="10.560"> </text>
                <text>
                </text>
            </textline>
            <textline bbox="210.480,603.272,547.200,613.832">
                <text font="JQUZDQ+SimSun" bbox="210.480,603.272,221.040,613.832" colourspace="ICCBased" ncolour="[0]" size="10.560">单</text>
                <text font="JQUZDQ+SimSun" bbox="221.040,603.272,231.600,613.832" colourspace="ICCBased" ncolour="[0]" size="10.560">眼</text>
                <text font="JQUZDQ+SimSun" bbox="231.600,603.272,242.160,613.832" colourspace="ICCBased" ncolour="[0]" size="10.560">视</text>
                <text font="JQUZDQ+SimSun" bbox="242.160,603.272,252.720,613.832" colourspace="ICCBased" ncolour="[0]" size="10.560">力</text>
                <text font="JQUZDQ+SimSun" bbox="252.720,603.272,263.280,613.832" colourspace="ICCBased" ncolour="[0]" size="10.560">丧</text>
                <text font="JQUZDQ+SimSun" bbox="263.280,603.272,273.840,613.832" colourspace="ICCBased" ncolour="[0]" size="10.560">失</text>
                <text font="JQUZDQ+SimSun" bbox="273.840,603.272,284.400,613.832" colourspace="ICCBased" ncolour="[0]" size="10.560">指</text>
                <text font="JQUZDQ+SimSun" bbox="284.160,603.272,294.720,613.832" colourspace="ICCBased" ncolour="[0]" size="10.560">单</text>
                <text font="JQUZDQ+SimSun" bbox="294.720,603.272,305.280,613.832" colourspace="ICCBased" ncolour="[0]" size="10.560">眼</text>
                <text font="JQUZDQ+SimSun" bbox="305.280,603.272,315.840,613.832" colourspace="ICCBased" ncolour="[0]" size="10.560">视</text>
                <text font="JQUZDQ+SimSun" bbox="315.840,603.272,326.400,613.832" colourspace="ICCBased" ncolour="[0]" size="10.560">力</text>
                <text font="JQUZDQ+SimSun" bbox="326.400,603.272,336.960,613.832" colourspace="ICCBased" ncolour="[0]" size="10.560">永</text>
                <text font="JQUZDQ+SimSun" bbox="336.960,603.272,347.520,613.832" colourspace="ICCBased" ncolour="[0]" size="10.560">久</text>
                <text font="JQUZDQ+SimSun" bbox="347.280,603.272,357.840,613.832" colourspace="ICCBased" ncolour="[0]" size="10.560">不</text>
                <text font="JQUZDQ+SimSun" bbox="357.840,603.272,368.400,613.832" colourspace="ICCBased" ncolour="[0]" size="10.560">可</text>
                <text font="JQUZDQ+SimSun" bbox="368.400,603.272,378.960,613.832" colourspace="ICCBased" ncolour="[0]" size="10.560">逆</text>
                <text font="JQUZDQ+SimSun" bbox="378.960,603.272,389.520,613.832" colourspace="ICCBased" ncolour="[0]" size="10.560">性</text>
                <text font="JQUZDQ+SimSun" bbox="389.520,603.272,400.080,613.832" colourspace="ICCBased" ncolour="[0]" size="10.560">丧</text>
                <text font="JQUZDQ+SimSun" bbox="399.840,603.272,410.400,613.832" colourspace="ICCBased" ncolour="[0]" size="10.560">失</text>
                <text font="JQUZDQ+SimSun" bbox="410.400,603.272,420.960,613.832" colourspace="ICCBased" ncolour="[0]" size="10.560">，</text>
                <text font="JQUZDQ+SimSun" bbox="420.960,603.272,431.520,613.832" colourspace="ICCBased" ncolour="[0]" size="10.560">患</text>
                <text font="JQUZDQ+SimSun" bbox="431.520,603.272,442.080,613.832" colourspace="ICCBased" ncolour="[0]" size="10.560">眼</text>
                <text font="JQUZDQ+SimSun" bbox="442.080,603.272,452.640,613.832" colourspace="ICCBased" ncolour="[0]" size="10.560">须</text>
                <text font="JQUZDQ+SimSun" bbox="452.400,603.272,462.960,613.832" colourspace="ICCBased" ncolour="[0]" size="10.560">满</text>
                <text font="JQUZDQ+SimSun" bbox="462.960,603.272,473.520,613.832" colourspace="ICCBased" ncolour="[0]" size="10.560">足</text>
                <text font="JQUZDQ+SimSun" bbox="473.520,603.272,484.080,613.832" colourspace="ICCBased" ncolour="[0]" size="10.560">下</text>
                <text font="JQUZDQ+SimSun" bbox="484.080,603.272,494.640,613.832" colourspace="ICCBased" ncolour="[0]" size="10.560">列</text>
                <text font="JQUZDQ+SimSun" bbox="494.640,603.272,505.200,613.832" colourspace="ICCBased" ncolour="[0]" size="10.560">至</text>
                <text font="JQUZDQ+SimSun" bbox="505.200,603.272,515.760,613.832" colourspace="ICCBased" ncolour="[0]" size="10.560">少</text>
                <text font="JQUZDQ+SimSun" bbox="515.760,603.272,526.320,613.832" colourspace="ICCBased" ncolour="[0]" size="10.560">一</text>
                <text font="JQUZDQ+SimSun" bbox="526.080,603.272,536.640,613.832" colourspace="ICCBased" ncolour="[0]" size="10.560">项</text>
                <text font="JQUZDQ+SimSun" bbox="536.640,603.272,547.200,613.832" colourspace="ICCBased" ncolour="[0]" size="10.560">条</text>
                <text>
                </text>
            </textline>
            <textline bbox="210.480,587.675,236.637,598.235">
                <text font="JQUZDQ+SimSun" bbox="210.480,587.675,221.040,598.235" colourspace="ICCBased" ncolour="[0]" size="10.560">件</text>
                <text font="JQUZDQ+SimSun" bbox="221.040,587.675,231.600,598.235" colourspace="ICCBased" ncolour="[0]" size="10.560">：</text>
                <text font="JTTPDQ+SimSun" bbox="231.357,587.675,236.637,598.235" colourspace="ICCBased" ncolour="[0]" size="10.560"> </text>
                <text>
                </text>
            </textline>
            <textline bbox="210.480,572.077,325.922,582.637">
                <text font="JQUZDQ+SimSun" bbox="210.480,572.077,221.040,582.637" colourspace="ICCBased" ncolour="[0]" size="10.560">（</text>
                <text font="JTTPDQ+SimSun" bbox="221.040,572.077,226.320,582.637" colourspace="ICCBased" ncolour="[0]" size="10.560">1</text>
                <text font="JQUZDQ+SimSun" bbox="226.320,572.077,236.880,582.637" colourspace="ICCBased" ncolour="[0]" size="10.560">）</text>
                <text font="JQUZDQ+SimSun" bbox="236.880,572.077,247.440,582.637" colourspace="ICCBased" ncolour="[0]" size="10.560">眼</text>
                <text font="JQUZDQ+SimSun" bbox="247.440,572.077,258.000,582.637" colourspace="ICCBased" ncolour="[0]" size="10.560">球</text>
                <text font="JQUZDQ+SimSun" bbox="258.000,572.077,268.560,582.637" colourspace="ICCBased" ncolour="[0]" size="10.560">缺</text>
                <text font="JQUZDQ+SimSun" bbox="268.320,572.077,278.880,582.637" colourspace="ICCBased" ncolour="[0]" size="10.560">失</text>
                <text font="JQUZDQ+SimSun" bbox="278.880,572.077,289.440,582.637" colourspace="ICCBased" ncolour="[0]" size="10.560">或</text>
                <text font="JQUZDQ+SimSun" bbox="289.440,572.077,300.000,582.637" colourspace="ICCBased" ncolour="[0]" size="10.560">摘</text>
                <text font="JQUZDQ+SimSun" bbox="300.000,572.077,310.560,582.637" colourspace="ICCBased" ncolour="[0]" size="10.560">除</text>
                <text font="JQUZDQ+SimSun" bbox="310.320,572.077,320.880,582.637" colourspace="ICCBased" ncolour="[0]" size="10.560">；</text>
                <text font="JTTPDQ+SimSun" bbox="320.642,572.077,325.922,582.637" colourspace="ICCBased" ncolour="[0]" size="10.560"> </text>
                <text>
                </text>
            </textline>
            <textline bbox="210.480,556.480,547.197,567.040">
                <text font="JQUZDQ+SimSun" bbox="210.480,556.480,221.040,567.040" colourspace="ICCBased" ncolour="[0]" size="10.560">（</text>
                <text font="JTTPDQ+SimSun" bbox="221.040,556.480,226.320,567.040" colourspace="ICCBased" ncolour="[0]" size="10.560">2</text>
                <text font="JQUZDQ+SimSun" bbox="226.320,556.480,236.880,567.040" colourspace="ICCBased" ncolour="[0]" size="10.560">）</text>
                <text font="JQUZDQ+SimSun" bbox="236.880,556.480,247.440,567.040" colourspace="ICCBased" ncolour="[0]" size="10.560">矫</text>
                <text font="JQUZDQ+SimSun" bbox="247.440,556.480,258.000,567.040" colourspace="ICCBased" ncolour="[0]" size="10.560">正</text>
                <text font="JQUZDQ+SimSun" bbox="258.000,556.480,268.560,567.040" colourspace="ICCBased" ncolour="[0]" size="10.560">视</text>
                <text font="JQUZDQ+SimSun" bbox="268.560,556.480,279.120,567.040" colourspace="ICCBased" ncolour="[0]" size="10.560">力</text>
                <text font="JQUZDQ+SimSun" bbox="279.120,556.480,289.680,567.040" colourspace="ICCBased" ncolour="[0]" size="10.560">低</text>
                <text font="JQUZDQ+SimSun" bbox="289.440,556.480,300.000,567.040" colourspace="ICCBased" ncolour="[0]" size="10.560">于</text>
                <text> </text>
                <text font="JTTPDQ+SimSun" bbox="305.277,556.480,310.557,567.040" colourspace="ICCBased" ncolour="[0]" size="10.560">0</text>
                <text font="JTTPDQ+SimSun" bbox="310.557,556.480,315.837,567.040" colourspace="ICCBased" ncolour="[0]" size="10.560">.</text>
                <text font="JTTPDQ+SimSun" bbox="315.837,556.480,321.117,567.040" colourspace="ICCBased" ncolour="[0]" size="10.560">0</text>
                <text font="JTTPDQ+SimSun" bbox="321.117,556.480,326.397,567.040" colourspace="ICCBased" ncolour="[0]" size="10.560">2</text>
                <text font="JQUZDQ+SimSun" bbox="326.397,556.480,336.957,567.040" colourspace="ICCBased" ncolour="[0]" size="10.560">（</text>
                <text font="JQUZDQ+SimSun" bbox="336.717,556.480,347.277,567.040" colourspace="ICCBased" ncolour="[0]" size="10.560">采</text>
                <text font="JQUZDQ+SimSun" bbox="347.277,556.480,357.837,567.040" colourspace="ICCBased" ncolour="[0]" size="10.560">用</text>
                <text font="JQUZDQ+SimSun" bbox="357.837,556.480,368.397,567.040" colourspace="ICCBased" ncolour="[0]" size="10.560">国</text>
                <text font="JQUZDQ+SimSun" bbox="368.397,556.480,378.957,567.040" colourspace="ICCBased" ncolour="[0]" size="10.560">际</text>
                <text font="JQUZDQ+SimSun" bbox="378.957,556.480,389.517,567.040" colourspace="ICCBased" ncolour="[0]" size="10.560">标</text>
                <text font="JQUZDQ+SimSun" bbox="389.517,556.480,400.077,567.040" colourspace="ICCBased" ncolour="[0]" size="10.560">准</text>
                <text font="JQUZDQ+SimSun" bbox="399.837,556.480,410.397,567.040" colourspace="ICCBased" ncolour="[0]" size="10.560">视</text>
                <text font="JQUZDQ+SimSun" bbox="410.397,556.480,420.957,567.040" colourspace="ICCBased" ncolour="[0]" size="10.560">力</text>
                <text font="JQUZDQ+SimSun" bbox="420.957,556.480,431.517,567.040" colourspace="ICCBased" ncolour="[0]" size="10.560">表</text>
                <text font="JQUZDQ+SimSun" bbox="431.517,556.480,442.077,567.040" colourspace="ICCBased" ncolour="[0]" size="10.560">，</text>
                <text font="JQUZDQ+SimSun" bbox="442.077,556.480,452.637,567.040" colourspace="ICCBased" ncolour="[0]" size="10.560">如</text>
                <text font="JQUZDQ+SimSun" bbox="452.397,556.480,462.957,567.040" colourspace="ICCBased" ncolour="[0]" size="10.560">果</text>
                <text font="JQUZDQ+SimSun" bbox="462.957,556.480,473.517,567.040" colourspace="ICCBased" ncolour="[0]" size="10.560">使</text>
                <text font="JQUZDQ+SimSun" bbox="473.517,556.480,484.077,567.040" colourspace="ICCBased" ncolour="[0]" size="10.560">用</text>
                <text font="JQUZDQ+SimSun" bbox="484.077,556.480,494.637,567.040" colourspace="ICCBased" ncolour="[0]" size="10.560">其</text>
                <text font="JQUZDQ+SimSun" bbox="494.637,556.480,505.197,567.040" colourspace="ICCBased" ncolour="[0]" size="10.560">它</text>
                <text font="JQUZDQ+SimSun" bbox="505.197,556.480,515.757,567.040" colourspace="ICCBased" ncolour="[0]" size="10.560">视</text>
                <text font="JQUZDQ+SimSun" bbox="515.757,556.480,526.317,567.040" colourspace="ICCBased" ncolour="[0]" size="10.560">力</text>
                <text font="JQUZDQ+SimSun" bbox="526.077,556.480,536.637,567.040" colourspace="ICCBased" ncolour="[0]" size="10.560">表</text>
                <text font="JQUZDQ+SimSun" bbox="536.637,556.480,547.197,567.040" colourspace="ICCBased" ncolour="[0]" size="10.560">应</text>
                <text>
                </text>
            </textline>
        </textbox>
        <textbox id="19" bbox="210.459,435.992,547.200,551.443">
            <textline bbox="236.637,540.883,299.754,551.443">
                <text font="JQUZDQ+SimSun" bbox="236.637,540.883,247.197,551.443" colourspace="ICCBased" ncolour="[0]" size="10.560">进</text>
                <text font="JQUZDQ+SimSun" bbox="247.197,540.883,257.757,551.443" colourspace="ICCBased" ncolour="[0]" size="10.560">行</text>
                <text font="JQUZDQ+SimSun" bbox="257.757,540.883,268.317,551.443" colourspace="ICCBased" ncolour="[0]" size="10.560">换</text>
                <text font="JQUZDQ+SimSun" bbox="268.317,540.883,278.877,551.443" colourspace="ICCBased" ncolour="[0]" size="10.560">算</text>
                <text font="JQUZDQ+SimSun" bbox="278.877,540.883,289.437,551.443" colourspace="ICCBased" ncolour="[0]" size="10.560">）</text>
                <text font="JQUZDQ+SimSun" bbox="284.157,540.883,294.717,551.443" colourspace="ICCBased" ncolour="[0]" size="10.560">；</text>
                <text font="JTTPDQ+SimSun" bbox="294.474,540.883,299.754,551.443" colourspace="ICCBased" ncolour="[0]" size="10.560"> </text>
                <text>
                </text>
            </textline>
            <textline bbox="210.469,525.286,336.461,535.846">
                <text font="JQUZDQ+SimSun" bbox="210.469,525.286,221.029,535.846" colourspace="ICCBased" ncolour="[0]" size="10.560">（</text>
                <text font="JTTPDQ+SimSun" bbox="221.029,525.286,226.309,535.846" colourspace="ICCBased" ncolour="[0]" size="10.560">3</text>
                <text font="JQUZDQ+SimSun" bbox="226.309,525.286,236.869,535.846" colourspace="ICCBased" ncolour="[0]" size="10.560">）</text>
                <text font="JQUZDQ+SimSun" bbox="236.869,525.286,247.429,535.846" colourspace="ICCBased" ncolour="[0]" size="10.560">视</text>
                <text font="JQUZDQ+SimSun" bbox="247.429,525.286,257.989,535.846" colourspace="ICCBased" ncolour="[0]" size="10.560">野</text>
                <text font="JQUZDQ+SimSun" bbox="257.989,525.286,268.549,535.846" colourspace="ICCBased" ncolour="[0]" size="10.560">半</text>
                <text font="JQUZDQ+SimSun" bbox="268.310,525.286,278.870,535.846" colourspace="ICCBased" ncolour="[0]" size="10.560">径</text>
                <text font="JQUZDQ+SimSun" bbox="278.870,525.286,289.430,535.846" colourspace="ICCBased" ncolour="[0]" size="10.560">小</text>
                <text font="JQUZDQ+SimSun" bbox="289.430,525.286,299.990,535.846" colourspace="ICCBased" ncolour="[0]" size="10.560">于</text>
                <text> </text>
                <text font="JTTPDQ+SimSun" bbox="302.627,525.286,307.907,535.846" colourspace="ICCBased" ncolour="[0]" size="10.560">5</text>
                <text> </text>
                <text font="JQUZDQ+SimSun" bbox="310.304,525.286,320.864,535.846" colourspace="ICCBased" ncolour="[0]" size="10.560">度</text>
                <text font="JQUZDQ+SimSun" bbox="320.864,525.286,331.424,535.846" colourspace="ICCBased" ncolour="[0]" size="10.560">。</text>
                <text font="JTTPDQ+SimSun" bbox="331.181,525.286,336.461,535.846" colourspace="ICCBased" ncolour="[0]" size="10.560"> </text>
                <text>
                </text>
            </textline>
            <textline bbox="210.459,509.689,457.183,520.249">
                <text font="JQUZDQ+SimSun" bbox="210.459,509.689,221.019,520.249" colourspace="ICCBased" ncolour="[0]" size="10.560">单</text>
                <text font="JQUZDQ+SimSun" bbox="221.019,509.689,231.579,520.249" colourspace="ICCBased" ncolour="[0]" size="10.560">肢</text>
                <text font="JQUZDQ+SimSun" bbox="231.579,509.689,242.139,520.249" colourspace="ICCBased" ncolour="[0]" size="10.560">肢</text>
                <text font="JQUZDQ+SimSun" bbox="242.139,509.689,252.699,520.249" colourspace="ICCBased" ncolour="[0]" size="10.560">体</text>
                <text font="JQUZDQ+SimSun" bbox="252.699,509.689,263.259,520.249" colourspace="ICCBased" ncolour="[0]" size="10.560">机</text>
                <text font="JQUZDQ+SimSun" bbox="263.019,509.689,273.579,520.249" colourspace="ICCBased" ncolour="[0]" size="10.560">能</text>
                <text font="JQUZDQ+SimSun" bbox="273.579,509.689,284.139,520.249" colourspace="ICCBased" ncolour="[0]" size="10.560">完</text>
                <text font="JQUZDQ+SimSun" bbox="284.139,509.689,294.699,520.249" colourspace="ICCBased" ncolour="[0]" size="10.560">全</text>
                <text font="JQUZDQ+SimSun" bbox="294.699,509.689,305.259,520.249" colourspace="ICCBased" ncolour="[0]" size="10.560">丧</text>
                <text font="JQUZDQ+SimSun" bbox="305.018,509.689,315.578,520.249" colourspace="ICCBased" ncolour="[0]" size="10.560">失</text>
                <text font="JQUZDQ+SimSun" bbox="315.578,509.689,326.138,520.249" colourspace="ICCBased" ncolour="[0]" size="10.560">，</text>
                <text font="JQUZDQ+SimSun" bbox="326.138,509.689,336.698,520.249" colourspace="ICCBased" ncolour="[0]" size="10.560">须</text>
                <text font="JQUZDQ+SimSun" bbox="336.698,509.689,347.258,520.249" colourspace="ICCBased" ncolour="[0]" size="10.560">满</text>
                <text font="JQUZDQ+SimSun" bbox="347.019,509.689,357.579,520.249" colourspace="ICCBased" ncolour="[0]" size="10.560">足</text>
                <text font="JQUZDQ+SimSun" bbox="357.579,509.689,368.139,520.249" colourspace="ICCBased" ncolour="[0]" size="10.560">下</text>
                <text font="JQUZDQ+SimSun" bbox="368.139,509.689,378.699,520.249" colourspace="ICCBased" ncolour="[0]" size="10.560">列</text>
                <text font="JQUZDQ+SimSun" bbox="378.699,509.689,389.259,520.249" colourspace="ICCBased" ncolour="[0]" size="10.560">至</text>
                <text font="JQUZDQ+SimSun" bbox="389.019,509.689,399.579,520.249" colourspace="ICCBased" ncolour="[0]" size="10.560">少</text>
                <text font="JQUZDQ+SimSun" bbox="399.579,509.689,410.139,520.249" colourspace="ICCBased" ncolour="[0]" size="10.560">一</text>
                <text font="JQUZDQ+SimSun" bbox="410.139,509.689,420.699,520.249" colourspace="ICCBased" ncolour="[0]" size="10.560">项</text>
                <text font="JQUZDQ+SimSun" bbox="420.699,509.689,431.259,520.249" colourspace="ICCBased" ncolour="[0]" size="10.560">条</text>
                <text font="JQUZDQ+SimSun" bbox="431.019,509.689,441.579,520.249" colourspace="ICCBased" ncolour="[0]" size="10.560">件</text>
                <text font="JQUZDQ+SimSun" bbox="441.579,509.689,452.139,520.249" colourspace="ICCBased" ncolour="[0]" size="10.560">：</text>
                <text font="JTTPDQ+SimSun" bbox="451.903,509.689,457.183,520.249" colourspace="ICCBased" ncolour="[0]" size="10.560"> </text>
                <text>
                </text>
            </textline>
            <textline bbox="210.459,494.092,546.457,504.652">
                <text font="JQUZDQ+SimSun" bbox="210.459,494.092,221.019,504.652" colourspace="ICCBased" ncolour="[0]" size="10.560">（</text>
                <text font="JTTPDQ+SimSun" bbox="221.019,494.092,226.299,504.652" colourspace="ICCBased" ncolour="[0]" size="10.560">1</text>
                <text font="JQUZDQ+SimSun" bbox="226.299,494.092,236.859,504.652" colourspace="ICCBased" ncolour="[0]" size="10.560">）</text>
                <text font="JQUZDQ+SimSun" bbox="236.859,494.092,247.419,504.652" colourspace="ICCBased" ncolour="[0]" size="10.560">任</text>
                <text font="JQUZDQ+SimSun" bbox="247.419,494.092,257.979,504.652" colourspace="ICCBased" ncolour="[0]" size="10.560">何</text>
                <text font="JQUZDQ+SimSun" bbox="257.979,494.092,268.539,504.652" colourspace="ICCBased" ncolour="[0]" size="10.560">一</text>
                <text font="JQUZDQ+SimSun" bbox="268.299,494.092,278.859,504.652" colourspace="ICCBased" ncolour="[0]" size="10.560">肢</text>
                <text font="JQUZDQ+SimSun" bbox="278.859,494.092,289.419,504.652" colourspace="ICCBased" ncolour="[0]" size="10.560">自</text>
                <text font="JQUZDQ+SimSun" bbox="289.419,494.092,299.979,504.652" colourspace="ICCBased" ncolour="[0]" size="10.560">腕</text>
                <text font="JQUZDQ+SimSun" bbox="299.979,494.092,310.539,504.652" colourspace="ICCBased" ncolour="[0]" size="10.560">关</text>
                <text font="JQUZDQ+SimSun" bbox="310.298,494.092,320.858,504.652" colourspace="ICCBased" ncolour="[0]" size="10.560">节</text>
                <text font="JQUZDQ+SimSun" bbox="320.858,494.092,331.418,504.652" colourspace="ICCBased" ncolour="[0]" size="10.560">或</text>
                <text font="JQUZDQ+SimSun" bbox="331.418,494.092,341.978,504.652" colourspace="ICCBased" ncolour="[0]" size="10.560">踝</text>
                <text font="JQUZDQ+SimSun" bbox="341.978,494.092,352.538,504.652" colourspace="ICCBased" ncolour="[0]" size="10.560">关</text>
                <text font="JQUZDQ+SimSun" bbox="352.299,494.092,362.859,504.652" colourspace="ICCBased" ncolour="[0]" size="10.560">节</text>
                <text font="JQUZDQ+SimSun" bbox="362.859,494.092,373.419,504.652" colourspace="ICCBased" ncolour="[0]" size="10.560">近</text>
                <text font="JQUZDQ+SimSun" bbox="373.419,494.092,383.979,504.652" colourspace="ICCBased" ncolour="[0]" size="10.560">端</text>
                <text font="JQUZDQ+SimSun" bbox="383.979,494.092,394.539,504.652" colourspace="ICCBased" ncolour="[0]" size="10.560">（</text>
                <text font="JQUZDQ+SimSun" bbox="394.299,494.092,404.859,504.652" colourspace="ICCBased" ncolour="[0]" size="10.560">靠</text>
                <text font="JQUZDQ+SimSun" bbox="404.859,494.092,415.419,504.652" colourspace="ICCBased" ncolour="[0]" size="10.560">近</text>
                <text font="JQUZDQ+SimSun" bbox="415.419,494.092,425.979,504.652" colourspace="ICCBased" ncolour="[0]" size="10.560">躯</text>
                <text font="JQUZDQ+SimSun" bbox="425.739,494.092,436.299,504.652" colourspace="ICCBased" ncolour="[0]" size="10.560">干</text>
                <text font="JQUZDQ+SimSun" bbox="436.299,494.092,446.859,504.652" colourspace="ICCBased" ncolour="[0]" size="10.560">端</text>
                <text font="JQUZDQ+SimSun" bbox="446.618,494.092,457.178,504.652" colourspace="ICCBased" ncolour="[0]" size="10.560">）</text>
                <text font="JQUZDQ+SimSun" bbox="457.178,494.092,467.738,504.652" colourspace="ICCBased" ncolour="[0]" size="10.560">以</text>
                <text font="JQUZDQ+SimSun" bbox="467.738,494.092,478.298,504.652" colourspace="ICCBased" ncolour="[0]" size="10.560">上</text>
                <text font="JQUZDQ+SimSun" bbox="478.298,494.092,488.858,504.652" colourspace="ICCBased" ncolour="[0]" size="10.560">完</text>
                <text font="JQUZDQ+SimSun" bbox="488.858,494.092,499.418,504.652" colourspace="ICCBased" ncolour="[0]" size="10.560">全</text>
                <text font="JQUZDQ+SimSun" bbox="499.179,494.092,509.739,504.652" colourspace="ICCBased" ncolour="[0]" size="10.560">性</text>
                <text font="JQUZDQ+SimSun" bbox="509.739,494.092,520.299,504.652" colourspace="ICCBased" ncolour="[0]" size="10.560">断</text>
                <text font="JQUZDQ+SimSun" bbox="520.299,494.092,530.859,504.652" colourspace="ICCBased" ncolour="[0]" size="10.560">离</text>
                <text font="JQUZDQ+SimSun" bbox="530.859,494.092,541.419,504.652" colourspace="ICCBased" ncolour="[0]" size="10.560">；</text>
                <text font="JTTPDQ+SimSun" bbox="541.177,494.092,546.457,504.652" colourspace="ICCBased" ncolour="[0]" size="10.560"> </text>
                <text>
                </text>
            </textline>
            <textline bbox="210.459,478.495,378.458,489.055">
                <text font="JQUZDQ+SimSun" bbox="210.459,478.495,221.019,489.055" colourspace="ICCBased" ncolour="[0]" size="10.560">（</text>
                <text font="JTTPDQ+SimSun" bbox="221.019,478.495,226.299,489.055" colourspace="ICCBased" ncolour="[0]" size="10.560">2</text>
                <text font="JQUZDQ+SimSun" bbox="226.299,478.495,236.859,489.055" colourspace="ICCBased" ncolour="[0]" size="10.560">）</text>
                <text font="JQUZDQ+SimSun" bbox="236.859,478.495,247.419,489.055" colourspace="ICCBased" ncolour="[0]" size="10.560">任</text>
                <text font="JQUZDQ+SimSun" bbox="247.419,478.495,257.979,489.055" colourspace="ICCBased" ncolour="[0]" size="10.560">何</text>
                <text font="JQUZDQ+SimSun" bbox="257.979,478.495,268.539,489.055" colourspace="ICCBased" ncolour="[0]" size="10.560">一</text>
                <text font="JQUZDQ+SimSun" bbox="268.299,478.495,278.859,489.055" colourspace="ICCBased" ncolour="[0]" size="10.560">肢</text>
                <text font="JQUZDQ+SimSun" bbox="278.859,478.495,289.419,489.055" colourspace="ICCBased" ncolour="[0]" size="10.560">肢</text>
                <text font="JQUZDQ+SimSun" bbox="289.419,478.495,299.979,489.055" colourspace="ICCBased" ncolour="[0]" size="10.560">体</text>
                <text font="JQUZDQ+SimSun" bbox="299.979,478.495,310.539,489.055" colourspace="ICCBased" ncolour="[0]" size="10.560">机</text>
                <text font="JQUZDQ+SimSun" bbox="310.298,478.495,320.858,489.055" colourspace="ICCBased" ncolour="[0]" size="10.560">能</text>
                <text font="JQUZDQ+SimSun" bbox="320.858,478.495,331.418,489.055" colourspace="ICCBased" ncolour="[0]" size="10.560">完</text>
                <text font="JQUZDQ+SimSun" bbox="331.418,478.495,341.978,489.055" colourspace="ICCBased" ncolour="[0]" size="10.560">全</text>
                <text font="JQUZDQ+SimSun" bbox="341.978,478.495,352.538,489.055" colourspace="ICCBased" ncolour="[0]" size="10.560">丧</text>
                <text font="JQUZDQ+SimSun" bbox="352.299,478.495,362.859,489.055" colourspace="ICCBased" ncolour="[0]" size="10.560">失</text>
                <text font="JQUZDQ+SimSun" bbox="362.859,478.495,373.419,489.055" colourspace="ICCBased" ncolour="[0]" size="10.560">。</text>
                <text font="JTTPDQ+SimSun" bbox="373.178,478.495,378.458,489.055" colourspace="ICCBased" ncolour="[0]" size="10.560"> </text>
                <text>
                </text>
            </textline>
            <textline bbox="210.480,462.869,215.760,473.429">
                <text font="JTTPDQ+SimSun" bbox="210.480,462.869,215.760,473.429" colourspace="ICCBased" ncolour="[0]" size="10.560"> </text>
                <text>
                </text>
            </textline>
            <textline bbox="210.480,451.589,547.200,462.149">
                <text font="JQUZDQ+SimSun" bbox="210.480,451.589,221.040,462.149" colourspace="ICCBased" ncolour="[0]" size="10.560">是</text>
                <text font="JQUZDQ+SimSun" bbox="221.040,451.589,231.600,462.149" colourspace="ICCBased" ncolour="[0]" size="10.560">一</text>
                <text font="JQUZDQ+SimSun" bbox="231.600,451.589,242.160,462.149" colourspace="ICCBased" ncolour="[0]" size="10.560">种</text>
                <text font="JQUZDQ+SimSun" bbox="242.160,451.589,252.720,462.149" colourspace="ICCBased" ncolour="[0]" size="10.560">亚</text>
                <text font="JQUZDQ+SimSun" bbox="252.720,451.589,263.280,462.149" colourspace="ICCBased" ncolour="[0]" size="10.560">急</text>
                <text font="JQUZDQ+SimSun" bbox="263.280,451.589,273.840,462.149" colourspace="ICCBased" ncolour="[0]" size="10.560">性</text>
                <text font="JQUZDQ+SimSun" bbox="273.840,451.589,284.400,462.149" colourspace="ICCBased" ncolour="[0]" size="10.560">脱</text>
                <text font="JQUZDQ+SimSun" bbox="284.160,451.589,294.720,462.149" colourspace="ICCBased" ncolour="[0]" size="10.560">髓</text>
                <text font="JQUZDQ+SimSun" bbox="294.720,451.589,305.280,462.149" colourspace="ICCBased" ncolour="[0]" size="10.560">鞘</text>
                <text font="JQUZDQ+SimSun" bbox="305.280,451.589,315.840,462.149" colourspace="ICCBased" ncolour="[0]" size="10.560">性</text>
                <text font="JQUZDQ+SimSun" bbox="315.840,451.589,326.400,462.149" colourspace="ICCBased" ncolour="[0]" size="10.560">脑</text>
                <text font="JQUZDQ+SimSun" bbox="326.400,451.589,336.960,462.149" colourspace="ICCBased" ncolour="[0]" size="10.560">病</text>
                <text font="JQUZDQ+SimSun" bbox="336.960,451.589,347.520,462.149" colourspace="ICCBased" ncolour="[0]" size="10.560">，</text>
                <text font="JQUZDQ+SimSun" bbox="347.280,451.589,357.840,462.149" colourspace="ICCBased" ncolour="[0]" size="10.560">常</text>
                <text font="JQUZDQ+SimSun" bbox="357.840,451.589,368.400,462.149" colourspace="ICCBased" ncolour="[0]" size="10.560">常</text>
                <text font="JQUZDQ+SimSun" bbox="368.400,451.589,378.960,462.149" colourspace="ICCBased" ncolour="[0]" size="10.560">发</text>
                <text font="JQUZDQ+SimSun" bbox="378.960,451.589,389.520,462.149" colourspace="ICCBased" ncolour="[0]" size="10.560">现</text>
                <text font="JQUZDQ+SimSun" bbox="389.520,451.589,400.080,462.149" colourspace="ICCBased" ncolour="[0]" size="10.560">于</text>
                <text font="JQUZDQ+SimSun" bbox="399.840,451.589,410.400,462.149" colourspace="ICCBased" ncolour="[0]" size="10.560">免</text>
                <text font="JQUZDQ+SimSun" bbox="410.400,451.589,420.960,462.149" colourspace="ICCBased" ncolour="[0]" size="10.560">疫</text>
                <text font="JQUZDQ+SimSun" bbox="420.960,451.589,431.520,462.149" colourspace="ICCBased" ncolour="[0]" size="10.560">缺</text>
                <text font="JQUZDQ+SimSun" bbox="431.520,451.589,442.080,462.149" colourspace="ICCBased" ncolour="[0]" size="10.560">陷</text>
                <text font="JQUZDQ+SimSun" bbox="442.080,451.589,452.640,462.149" colourspace="ICCBased" ncolour="[0]" size="10.560">的</text>
                <text font="JQUZDQ+SimSun" bbox="452.400,451.589,462.960,462.149" colourspace="ICCBased" ncolour="[0]" size="10.560">病</text>
                <text font="JQUZDQ+SimSun" bbox="462.960,451.589,473.520,462.149" colourspace="ICCBased" ncolour="[0]" size="10.560">人</text>
                <text font="JQUZDQ+SimSun" bbox="473.520,451.589,484.080,462.149" colourspace="ICCBased" ncolour="[0]" size="10.560">。</text>
                <text font="JQUZDQ+SimSun" bbox="484.080,451.589,494.640,462.149" colourspace="ICCBased" ncolour="[0]" size="10.560">必</text>
                <text font="JQUZDQ+SimSun" bbox="494.640,451.589,505.200,462.149" colourspace="ICCBased" ncolour="[0]" size="10.560">须</text>
                <text font="JQUZDQ+SimSun" bbox="505.200,451.589,515.760,462.149" colourspace="ICCBased" ncolour="[0]" size="10.560">由</text>
                <text font="JQUZDQ+SimSun" bbox="515.760,451.589,526.320,462.149" colourspace="ICCBased" ncolour="[0]" size="10.560">神</text>
                <text font="JQUZDQ+SimSun" bbox="526.080,451.589,536.640,462.149" colourspace="ICCBased" ncolour="[0]" size="10.560">经</text>
                <text font="JQUZDQ+SimSun" bbox="536.640,451.589,547.200,462.149" colourspace="ICCBased" ncolour="[0]" size="10.560">科</text>
                <text>
                </text>
            </textline>
            <textline bbox="210.480,435.992,362.639,446.552">
                <text font="JQUZDQ+SimSun" bbox="210.480,435.992,221.040,446.552" colourspace="ICCBased" ncolour="[0]" size="10.560">专</text>
                <text font="JQUZDQ+SimSun" bbox="221.040,435.992,231.600,446.552" colourspace="ICCBased" ncolour="[0]" size="10.560">科</text>
                <text font="JQUZDQ+SimSun" bbox="231.600,435.992,242.160,446.552" colourspace="ICCBased" ncolour="[0]" size="10.560">医</text>
                <text font="JQUZDQ+SimSun" bbox="242.160,435.992,252.720,446.552" colourspace="ICCBased" ncolour="[0]" size="10.560">生</text>
                <text font="JQUZDQ+SimSun" bbox="252.720,435.992,263.280,446.552" colourspace="ICCBased" ncolour="[0]" size="10.560">根</text>
                <text font="JQUZDQ+SimSun" bbox="263.040,435.992,273.600,446.552" colourspace="ICCBased" ncolour="[0]" size="10.560">据</text>
                <text font="JQUZDQ+SimSun" bbox="273.600,435.992,284.160,446.552" colourspace="ICCBased" ncolour="[0]" size="10.560">脑</text>
                <text font="JQUZDQ+SimSun" bbox="284.160,435.992,294.720,446.552" colourspace="ICCBased" ncolour="[0]" size="10.560">组</text>
                <text font="JQUZDQ+SimSun" bbox="294.720,435.992,305.280,446.552" colourspace="ICCBased" ncolour="[0]" size="10.560">织</text>
                <text font="JQUZDQ+SimSun" bbox="305.040,435.992,315.600,446.552" colourspace="ICCBased" ncolour="[0]" size="10.560">活</text>
                <text font="JQUZDQ+SimSun" bbox="315.600,435.992,326.160,446.552" colourspace="ICCBased" ncolour="[0]" size="10.560">检</text>
                <text font="JQUZDQ+SimSun" bbox="326.160,435.992,336.720,446.552" colourspace="ICCBased" ncolour="[0]" size="10.560">确</text>
                <text font="JQUZDQ+SimSun" bbox="336.720,435.992,347.280,446.552" colourspace="ICCBased" ncolour="[0]" size="10.560">诊</text>
                <text font="JQUZDQ+SimSun" bbox="347.040,435.992,357.600,446.552" colourspace="ICCBased" ncolour="[0]" size="10.560">。</text>
                <text font="JTTPDQ+SimSun" bbox="357.359,435.992,362.639,446.552" colourspace="ICCBased" ncolour="[0]" size="10.560"> </text>
                <text>
                </text>
            </textline>
        </textbox>
        <textbox id="20" bbox="210.480,253.829,547.200,430.469">
            <textline bbox="210.480,419.909,215.760,430.469">
                <text font="JTTPDQ+SimSun" bbox="210.480,419.909,215.760,430.469" colourspace="ICCBased" ncolour="[0]" size="10.560"> </text>
                <text>
                </text>
            </textline>
            <textline bbox="210.480,408.629,547.200,419.189">
                <text font="JQUZDQ+SimSun" bbox="210.480,408.629,221.040,419.189" colourspace="ICCBased" ncolour="[0]" size="10.560">指</text>
                <text font="JQUZDQ+SimSun" bbox="221.040,408.629,231.600,419.189" colourspace="ICCBased" ncolour="[0]" size="10.560">因</text>
                <text font="JQUZDQ+SimSun" bbox="231.600,408.629,242.160,419.189" colourspace="ICCBased" ncolour="[0]" size="10.560">脑</text>
                <text font="JQUZDQ+SimSun" bbox="242.160,408.629,252.720,419.189" colourspace="ICCBased" ncolour="[0]" size="10.560">动</text>
                <text font="JQUZDQ+SimSun" bbox="252.720,408.629,263.280,419.189" colourspace="ICCBased" ncolour="[0]" size="10.560">脉</text>
                <text font="JQUZDQ+SimSun" bbox="263.280,408.629,273.840,419.189" colourspace="ICCBased" ncolour="[0]" size="10.560">瘤</text>
                <text font="JQUZDQ+SimSun" bbox="273.840,408.629,284.400,419.189" colourspace="ICCBased" ncolour="[0]" size="10.560">破</text>
                <text font="JQUZDQ+SimSun" bbox="284.160,408.629,294.720,419.189" colourspace="ICCBased" ncolour="[0]" size="10.560">裂</text>
                <text font="JQUZDQ+SimSun" bbox="294.720,408.629,305.280,419.189" colourspace="ICCBased" ncolour="[0]" size="10.560">造</text>
                <text font="JQUZDQ+SimSun" bbox="305.280,408.629,315.840,419.189" colourspace="ICCBased" ncolour="[0]" size="10.560">成</text>
                <text font="JQUZDQ+SimSun" bbox="315.840,408.629,326.400,419.189" colourspace="ICCBased" ncolour="[0]" size="10.560">蛛</text>
                <text font="JQUZDQ+SimSun" bbox="326.400,408.629,336.960,419.189" colourspace="ICCBased" ncolour="[0]" size="10.560">网</text>
                <text font="JQUZDQ+SimSun" bbox="336.960,408.629,347.520,419.189" colourspace="ICCBased" ncolour="[0]" size="10.560">膜</text>
                <text font="JQUZDQ+SimSun" bbox="347.280,408.629,357.840,419.189" colourspace="ICCBased" ncolour="[0]" size="10.560">下</text>
                <text font="JQUZDQ+SimSun" bbox="357.840,408.629,368.400,419.189" colourspace="ICCBased" ncolour="[0]" size="10.560">腔</text>
                <text font="JQUZDQ+SimSun" bbox="368.400,408.629,378.960,419.189" colourspace="ICCBased" ncolour="[0]" size="10.560">出</text>
                <text font="JQUZDQ+SimSun" bbox="378.960,408.629,389.520,419.189" colourspace="ICCBased" ncolour="[0]" size="10.560">血</text>
                <text font="JQUZDQ+SimSun" bbox="389.520,408.629,400.080,419.189" colourspace="ICCBased" ncolour="[0]" size="10.560">，</text>
                <text font="JQUZDQ+SimSun" bbox="399.840,408.629,410.400,419.189" colourspace="ICCBased" ncolour="[0]" size="10.560">被</text>
                <text font="JQUZDQ+SimSun" bbox="410.400,408.629,420.960,419.189" colourspace="ICCBased" ncolour="[0]" size="10.560">保</text>
                <text font="JQUZDQ+SimSun" bbox="420.960,408.629,431.520,419.189" colourspace="ICCBased" ncolour="[0]" size="10.560">险</text>
                <text font="JQUZDQ+SimSun" bbox="431.520,408.629,442.080,419.189" colourspace="ICCBased" ncolour="[0]" size="10.560">人</text>
                <text font="JQUZDQ+SimSun" bbox="442.080,408.629,452.640,419.189" colourspace="ICCBased" ncolour="[0]" size="10.560">已</text>
                <text font="JQUZDQ+SimSun" bbox="452.400,408.629,462.960,419.189" colourspace="ICCBased" ncolour="[0]" size="10.560">经</text>
                <text font="JQUZDQ+SimSun" bbox="462.960,408.629,473.520,419.189" colourspace="ICCBased" ncolour="[0]" size="10.560">实</text>
                <text font="JQUZDQ+SimSun" bbox="473.520,408.629,484.080,419.189" colourspace="ICCBased" ncolour="[0]" size="10.560">施</text>
                <text font="JQUZDQ+SimSun" bbox="484.080,408.629,494.640,419.189" colourspace="ICCBased" ncolour="[0]" size="10.560">了</text>
                <text font="JQUZDQ+SimSun" bbox="494.640,408.629,505.200,419.189" colourspace="ICCBased" ncolour="[0]" size="10.560">在</text>
                <text font="JQUZDQ+SimSun" bbox="505.200,408.629,515.760,419.189" colourspace="ICCBased" ncolour="[0]" size="10.560">全</text>
                <text font="JQUZDQ+SimSun" bbox="515.760,408.629,526.320,419.189" colourspace="ICCBased" ncolour="[0]" size="10.560">麻</text>
                <text font="JQUZDQ+SimSun" bbox="526.080,408.629,536.640,419.189" colourspace="ICCBased" ncolour="[0]" size="10.560">下</text>
                <text font="JQUZDQ+SimSun" bbox="536.640,408.629,547.200,419.189" colourspace="ICCBased" ncolour="[0]" size="10.560">进</text>
                <text>
                </text>
            </textline>
            <textline bbox="210.480,393.032,341.762,403.592">
                <text font="JQUZDQ+SimSun" bbox="210.480,393.032,221.040,403.592" colourspace="ICCBased" ncolour="[0]" size="10.560">行</text>
                <text font="JQUZDQ+SimSun" bbox="221.040,393.032,231.600,403.592" colourspace="ICCBased" ncolour="[0]" size="10.560">的</text>
                <text font="JQUZDQ+SimSun" bbox="231.600,393.032,242.160,403.592" colourspace="ICCBased" ncolour="[0]" size="10.560">开</text>
                <text font="JQUZDQ+SimSun" bbox="242.160,393.032,252.720,403.592" colourspace="ICCBased" ncolour="[0]" size="10.560">颅</text>
                <text font="JQUZDQ+SimSun" bbox="252.720,393.032,263.280,403.592" colourspace="ICCBased" ncolour="[0]" size="10.560">动</text>
                <text font="JQUZDQ+SimSun" bbox="263.040,393.032,273.600,403.592" colourspace="ICCBased" ncolour="[0]" size="10.560">脉</text>
                <text font="JQUZDQ+SimSun" bbox="273.600,393.032,284.160,403.592" colourspace="ICCBased" ncolour="[0]" size="10.560">瘤</text>
                <text font="JQUZDQ+SimSun" bbox="284.160,393.032,294.720,403.592" colourspace="ICCBased" ncolour="[0]" size="10.560">夹</text>
                <text font="JQUZDQ+SimSun" bbox="294.720,393.032,305.280,403.592" colourspace="ICCBased" ncolour="[0]" size="10.560">闭</text>
                <text font="JQUZDQ+SimSun" bbox="305.040,393.032,315.600,403.592" colourspace="ICCBased" ncolour="[0]" size="10.560">手</text>
                <text font="JQUZDQ+SimSun" bbox="315.600,393.032,326.160,403.592" colourspace="ICCBased" ncolour="[0]" size="10.560">术</text>
                <text font="JQUZDQ+SimSun" bbox="326.160,393.032,336.720,403.592" colourspace="ICCBased" ncolour="[0]" size="10.560">。</text>
                <text font="JTTPDQ+SimSun" bbox="336.482,393.032,341.762,403.592" colourspace="ICCBased" ncolour="[0]" size="10.560"> </text>
                <text>
                </text>
            </textline>
            <textline bbox="210.480,377.429,547.200,387.989">
                <text font="JQUZDQ+SimSun" bbox="210.480,377.429,221.040,387.989" colourspace="ICCBased" ncolour="[0]" size="10.560">脑</text>
                <text font="JQUZDQ+SimSun" bbox="221.040,377.429,231.600,387.989" colourspace="ICCBased" ncolour="[0]" size="10.560">动</text>
                <text font="JQUZDQ+SimSun" bbox="231.600,377.429,242.160,387.989" colourspace="ICCBased" ncolour="[0]" size="10.560">脉</text>
                <text font="JQUZDQ+SimSun" bbox="242.160,377.429,252.720,387.989" colourspace="ICCBased" ncolour="[0]" size="10.560">瘤</text>
                <text font="JQUZDQ+SimSun" bbox="252.720,377.429,263.280,387.989" colourspace="ICCBased" ncolour="[0]" size="10.560">（</text>
                <text font="JQUZDQ+SimSun" bbox="263.280,377.429,273.840,387.989" colourspace="ICCBased" ncolour="[0]" size="10.560">未</text>
                <text font="JQUZDQ+SimSun" bbox="273.840,377.429,284.400,387.989" colourspace="ICCBased" ncolour="[0]" size="10.560">破</text>
                <text font="JQUZDQ+SimSun" bbox="284.160,377.429,294.720,387.989" colourspace="ICCBased" ncolour="[0]" size="10.560">裂</text>
                <text font="JQUZDQ+SimSun" bbox="294.720,377.429,305.280,387.989" colourspace="ICCBased" ncolour="[0]" size="10.560">）</text>
                <text font="JQUZDQ+SimSun" bbox="305.280,377.429,315.840,387.989" colourspace="ICCBased" ncolour="[0]" size="10.560">预</text>
                <text font="JQUZDQ+SimSun" bbox="315.840,377.429,326.400,387.989" colourspace="ICCBased" ncolour="[0]" size="10.560">防</text>
                <text font="JQUZDQ+SimSun" bbox="326.400,377.429,336.960,387.989" colourspace="ICCBased" ncolour="[0]" size="10.560">性</text>
                <text font="JQUZDQ+SimSun" bbox="336.960,377.429,347.520,387.989" colourspace="ICCBased" ncolour="[0]" size="10.560">手</text>
                <text font="JQUZDQ+SimSun" bbox="347.280,377.429,357.840,387.989" colourspace="ICCBased" ncolour="[0]" size="10.560">术</text>
                <text font="JQUZDQ+SimSun" bbox="357.840,377.429,368.400,387.989" colourspace="ICCBased" ncolour="[0]" size="10.560">、</text>
                <text font="JQUZDQ+SimSun" bbox="368.400,377.429,378.960,387.989" colourspace="ICCBased" ncolour="[0]" size="10.560">颅</text>
                <text font="JQUZDQ+SimSun" bbox="378.960,377.429,389.520,387.989" colourspace="ICCBased" ncolour="[0]" size="10.560">骨</text>
                <text font="JQUZDQ+SimSun" bbox="389.520,377.429,400.080,387.989" colourspace="ICCBased" ncolour="[0]" size="10.560">打</text>
                <text font="JQUZDQ+SimSun" bbox="399.840,377.429,410.400,387.989" colourspace="ICCBased" ncolour="[0]" size="10.560">孔</text>
                <text font="JQUZDQ+SimSun" bbox="410.400,377.429,420.960,387.989" colourspace="ICCBased" ncolour="[0]" size="10.560">手</text>
                <text font="JQUZDQ+SimSun" bbox="420.960,377.429,431.520,387.989" colourspace="ICCBased" ncolour="[0]" size="10.560">术</text>
                <text font="JQUZDQ+SimSun" bbox="431.520,377.429,442.080,387.989" colourspace="ICCBased" ncolour="[0]" size="10.560">、</text>
                <text font="JQUZDQ+SimSun" bbox="442.080,377.429,452.640,387.989" colourspace="ICCBased" ncolour="[0]" size="10.560">动</text>
                <text font="JQUZDQ+SimSun" bbox="452.400,377.429,462.960,387.989" colourspace="ICCBased" ncolour="[0]" size="10.560">脉</text>
                <text font="JQUZDQ+SimSun" bbox="462.960,377.429,473.520,387.989" colourspace="ICCBased" ncolour="[0]" size="10.560">瘤</text>
                <text font="JQUZDQ+SimSun" bbox="473.520,377.429,484.080,387.989" colourspace="ICCBased" ncolour="[0]" size="10.560">栓</text>
                <text font="JQUZDQ+SimSun" bbox="484.080,377.429,494.640,387.989" colourspace="ICCBased" ncolour="[0]" size="10.560">塞</text>
                <text font="JQUZDQ+SimSun" bbox="494.640,377.429,505.200,387.989" colourspace="ICCBased" ncolour="[0]" size="10.560">手</text>
                <text font="JQUZDQ+SimSun" bbox="505.200,377.429,515.760,387.989" colourspace="ICCBased" ncolour="[0]" size="10.560">术</text>
                <text font="JQUZDQ+SimSun" bbox="515.760,377.429,526.320,387.989" colourspace="ICCBased" ncolour="[0]" size="10.560">、</text>
                <text font="JQUZDQ+SimSun" bbox="526.080,377.429,536.640,387.989" colourspace="ICCBased" ncolour="[0]" size="10.560">血</text>
                <text font="JQUZDQ+SimSun" bbox="536.640,377.429,547.200,387.989" colourspace="ICCBased" ncolour="[0]" size="10.560">管</text>
                <text>
                </text>
            </textline>
            <textline bbox="210.480,361.829,415.200,372.389">
                <text font="JQUZDQ+SimSun" bbox="210.480,361.829,221.040,372.389" colourspace="ICCBased" ncolour="[0]" size="10.560">内</text>
                <text font="JQUZDQ+SimSun" bbox="221.040,361.829,231.600,372.389" colourspace="ICCBased" ncolour="[0]" size="10.560">手</text>
                <text font="JQUZDQ+SimSun" bbox="231.600,361.829,242.160,372.389" colourspace="ICCBased" ncolour="[0]" size="10.560">术</text>
                <text font="JQUZDQ+SimSun" bbox="242.160,361.829,252.720,372.389" colourspace="ICCBased" ncolour="[0]" size="10.560">及</text>
                <text font="JQUZDQ+SimSun" bbox="252.720,361.829,263.280,372.389" colourspace="ICCBased" ncolour="[0]" size="10.560">其</text>
                <text font="JQUZDQ+SimSun" bbox="263.040,361.829,273.600,372.389" colourspace="ICCBased" ncolour="[0]" size="10.560">他</text>
                <text font="JQUZDQ+SimSun" bbox="273.600,361.829,284.160,372.389" colourspace="ICCBased" ncolour="[0]" size="10.560">颅</text>
                <text font="JQUZDQ+SimSun" bbox="284.160,361.829,294.720,372.389" colourspace="ICCBased" ncolour="[0]" size="10.560">脑</text>
                <text font="JQUZDQ+SimSun" bbox="294.720,361.829,305.280,372.389" colourspace="ICCBased" ncolour="[0]" size="10.560">手</text>
                <text font="JQUZDQ+SimSun" bbox="305.040,361.829,315.600,372.389" colourspace="ICCBased" ncolour="[0]" size="10.560">术</text>
                <text font="JQUZDQ+SimSun" bbox="315.600,361.829,326.160,372.389" colourspace="ICCBased" ncolour="[0]" size="10.560">不</text>
                <text font="JQUZDQ+SimSun" bbox="326.160,361.829,336.720,372.389" colourspace="ICCBased" ncolour="[0]" size="10.560">在</text>
                <text font="JQUZDQ+SimSun" bbox="336.720,361.829,347.280,372.389" colourspace="ICCBased" ncolour="[0]" size="10.560">本</text>
                <text font="JQUZDQ+SimSun" bbox="347.040,361.829,357.600,372.389" colourspace="ICCBased" ncolour="[0]" size="10.560">保</text>
                <text font="JQUZDQ+SimSun" bbox="357.600,361.829,368.160,372.389" colourspace="ICCBased" ncolour="[0]" size="10.560">障</text>
                <text font="JQUZDQ+SimSun" bbox="368.160,361.829,378.720,372.389" colourspace="ICCBased" ncolour="[0]" size="10.560">范</text>
                <text font="JQUZDQ+SimSun" bbox="378.720,361.829,389.280,372.389" colourspace="ICCBased" ncolour="[0]" size="10.560">围</text>
                <text font="JQUZDQ+SimSun" bbox="389.040,361.829,399.600,372.389" colourspace="ICCBased" ncolour="[0]" size="10.560">内</text>
                <text font="JQUZDQ+SimSun" bbox="399.600,361.829,410.160,372.389" colourspace="ICCBased" ncolour="[0]" size="10.560">。</text>
                <text font="JTTPDQ+SimSun" bbox="409.920,361.829,415.200,372.389" colourspace="ICCBased" ncolour="[0]" size="10.560"> </text>
                <text>
                </text>
            </textline>
            <textline bbox="210.480,346.229,215.760,356.789">
                <text font="JTTPDQ+SimSun" bbox="210.480,346.229,215.760,356.789" colourspace="ICCBased" ncolour="[0]" size="10.560"> </text>
                <text>
                </text>
            </textline>
            <textline bbox="210.480,331.829,547.200,342.389">
                <text font="JQUZDQ+SimSun" bbox="210.480,331.829,221.040,342.389" colourspace="ICCBased" ncolour="[0]" size="10.560">脊</text>
                <text font="JQUZDQ+SimSun" bbox="221.040,331.829,231.600,342.389" colourspace="ICCBased" ncolour="[0]" size="10.560">髓</text>
                <text font="JQUZDQ+SimSun" bbox="231.600,331.829,242.160,342.389" colourspace="ICCBased" ncolour="[0]" size="10.560">小</text>
                <text font="JQUZDQ+SimSun" bbox="242.160,331.829,252.720,342.389" colourspace="ICCBased" ncolour="[0]" size="10.560">脑</text>
                <text font="JQUZDQ+SimSun" bbox="252.720,331.829,263.280,342.389" colourspace="ICCBased" ncolour="[0]" size="10.560">变</text>
                <text font="JQUZDQ+SimSun" bbox="263.280,331.829,273.840,342.389" colourspace="ICCBased" ncolour="[0]" size="10.560">性</text>
                <text font="JQUZDQ+SimSun" bbox="273.840,331.829,284.400,342.389" colourspace="ICCBased" ncolour="[0]" size="10.560">症</text>
                <text font="JQUZDQ+SimSun" bbox="284.160,331.829,294.720,342.389" colourspace="ICCBased" ncolour="[0]" size="10.560">为</text>
                <text font="JQUZDQ+SimSun" bbox="294.720,331.829,305.280,342.389" colourspace="ICCBased" ncolour="[0]" size="10.560">一</text>
                <text font="JQUZDQ+SimSun" bbox="305.280,331.829,315.840,342.389" colourspace="ICCBased" ncolour="[0]" size="10.560">组</text>
                <text font="JQUZDQ+SimSun" bbox="315.840,331.829,326.400,342.389" colourspace="ICCBased" ncolour="[0]" size="10.560">以</text>
                <text font="JQUZDQ+SimSun" bbox="326.400,331.829,336.960,342.389" colourspace="ICCBased" ncolour="[0]" size="10.560">小</text>
                <text font="JQUZDQ+SimSun" bbox="336.960,331.829,347.520,342.389" colourspace="ICCBased" ncolour="[0]" size="10.560">脑</text>
                <text font="JQUZDQ+SimSun" bbox="347.280,331.829,357.840,342.389" colourspace="ICCBased" ncolour="[0]" size="10.560">萎</text>
                <text font="JQUZDQ+SimSun" bbox="357.840,331.829,368.400,342.389" colourspace="ICCBased" ncolour="[0]" size="10.560">缩</text>
                <text font="JQUZDQ+SimSun" bbox="368.400,331.829,378.960,342.389" colourspace="ICCBased" ncolour="[0]" size="10.560">和</text>
                <text font="JQUZDQ+SimSun" bbox="378.960,331.829,389.520,342.389" colourspace="ICCBased" ncolour="[0]" size="10.560">共</text>
                <text font="JQUZDQ+SimSun" bbox="389.520,331.829,400.080,342.389" colourspace="ICCBased" ncolour="[0]" size="10.560">济</text>
                <text font="JQUZDQ+SimSun" bbox="399.840,331.829,410.400,342.389" colourspace="ICCBased" ncolour="[0]" size="10.560">失</text>
                <text font="JQUZDQ+SimSun" bbox="410.400,331.829,420.960,342.389" colourspace="ICCBased" ncolour="[0]" size="10.560">调</text>
                <text font="JQUZDQ+SimSun" bbox="420.960,331.829,431.520,342.389" colourspace="ICCBased" ncolour="[0]" size="10.560">为</text>
                <text font="JQUZDQ+SimSun" bbox="431.520,331.829,442.080,342.389" colourspace="ICCBased" ncolour="[0]" size="10.560">主</text>
                <text font="JQUZDQ+SimSun" bbox="442.080,331.829,452.640,342.389" colourspace="ICCBased" ncolour="[0]" size="10.560">要</text>
                <text font="JQUZDQ+SimSun" bbox="452.400,331.829,462.960,342.389" colourspace="ICCBased" ncolour="[0]" size="10.560">临</text>
                <text font="JQUZDQ+SimSun" bbox="462.960,331.829,473.520,342.389" colourspace="ICCBased" ncolour="[0]" size="10.560">床</text>
                <text font="JQUZDQ+SimSun" bbox="473.520,331.829,484.080,342.389" colourspace="ICCBased" ncolour="[0]" size="10.560">特</text>
                <text font="JQUZDQ+SimSun" bbox="484.080,331.829,494.640,342.389" colourspace="ICCBased" ncolour="[0]" size="10.560">点</text>
                <text font="JQUZDQ+SimSun" bbox="494.640,331.829,505.200,342.389" colourspace="ICCBased" ncolour="[0]" size="10.560">的</text>
                <text font="JQUZDQ+SimSun" bbox="505.200,331.829,515.760,342.389" colourspace="ICCBased" ncolour="[0]" size="10.560">疾</text>
                <text font="JQUZDQ+SimSun" bbox="515.760,331.829,526.320,342.389" colourspace="ICCBased" ncolour="[0]" size="10.560">病</text>
                <text font="JQUZDQ+SimSun" bbox="526.080,331.829,536.640,342.389" colourspace="ICCBased" ncolour="[0]" size="10.560">。</text>
                <text font="JQUZDQ+SimSun" bbox="536.640,331.829,547.200,342.389" colourspace="ICCBased" ncolour="[0]" size="10.560">必</text>
                <text>
                </text>
            </textline>
            <textline bbox="210.480,316.232,325.922,326.792">
                <text font="JQUZDQ+SimSun" bbox="210.480,316.232,221.040,326.792" colourspace="ICCBased" ncolour="[0]" size="10.560">须</text>
                <text font="JQUZDQ+SimSun" bbox="221.040,316.232,231.600,326.792" colourspace="ICCBased" ncolour="[0]" size="10.560">符</text>
                <text font="JQUZDQ+SimSun" bbox="231.600,316.232,242.160,326.792" colourspace="ICCBased" ncolour="[0]" size="10.560">合</text>
                <text font="JQUZDQ+SimSun" bbox="242.160,316.232,252.720,326.792" colourspace="ICCBased" ncolour="[0]" size="10.560">所</text>
                <text font="JQUZDQ+SimSun" bbox="252.720,316.232,263.280,326.792" colourspace="ICCBased" ncolour="[0]" size="10.560">有</text>
                <text font="JQUZDQ+SimSun" bbox="263.040,316.232,273.600,326.792" colourspace="ICCBased" ncolour="[0]" size="10.560">以</text>
                <text font="JQUZDQ+SimSun" bbox="273.600,316.232,284.160,326.792" colourspace="ICCBased" ncolour="[0]" size="10.560">下</text>
                <text font="JQUZDQ+SimSun" bbox="284.160,316.232,294.720,326.792" colourspace="ICCBased" ncolour="[0]" size="10.560">条</text>
                <text font="JQUZDQ+SimSun" bbox="294.720,316.232,305.280,326.792" colourspace="ICCBased" ncolour="[0]" size="10.560">件</text>
                <text font="JQUZDQ+SimSun" bbox="305.040,316.232,315.600,326.792" colourspace="ICCBased" ncolour="[0]" size="10.560">：</text>
                <text font="JTTPDQ+SimSun" bbox="315.600,316.232,320.880,326.792" colourspace="ICCBased" ncolour="[0]" size="10.560"> </text>
                <text font="JTTPDQ+SimSun" bbox="320.642,316.232,325.922,326.792" colourspace="ICCBased" ncolour="[0]" size="10.560"> </text>
                <text>
                </text>
            </textline>
            <textline bbox="210.480,300.635,499.201,311.195">
                <text font="JQUZDQ+SimSun" bbox="210.480,300.635,221.040,311.195" colourspace="ICCBased" ncolour="[0]" size="10.560">（</text>
                <text font="JTTPDQ+SimSun" bbox="221.040,300.635,226.320,311.195" colourspace="ICCBased" ncolour="[0]" size="10.560">1</text>
                <text font="JQUZDQ+SimSun" bbox="226.320,300.635,236.880,311.195" colourspace="ICCBased" ncolour="[0]" size="10.560">）</text>
                <text font="JQUZDQ+SimSun" bbox="236.880,300.635,247.440,311.195" colourspace="ICCBased" ncolour="[0]" size="10.560">脊</text>
                <text font="JQUZDQ+SimSun" bbox="247.440,300.635,258.000,311.195" colourspace="ICCBased" ncolour="[0]" size="10.560">髓</text>
                <text font="JQUZDQ+SimSun" bbox="258.000,300.635,268.560,311.195" colourspace="ICCBased" ncolour="[0]" size="10.560">小</text>
                <text font="JQUZDQ+SimSun" bbox="268.320,300.635,278.880,311.195" colourspace="ICCBased" ncolour="[0]" size="10.560">脑</text>
                <text font="JQUZDQ+SimSun" bbox="278.880,300.635,289.440,311.195" colourspace="ICCBased" ncolour="[0]" size="10.560">变</text>
                <text font="JQUZDQ+SimSun" bbox="289.440,300.635,300.000,311.195" colourspace="ICCBased" ncolour="[0]" size="10.560">性</text>
                <text font="JQUZDQ+SimSun" bbox="300.000,300.635,310.560,311.195" colourspace="ICCBased" ncolour="[0]" size="10.560">症</text>
                <text font="JQUZDQ+SimSun" bbox="310.320,300.635,320.880,311.195" colourspace="ICCBased" ncolour="[0]" size="10.560">必</text>
                <text font="JQUZDQ+SimSun" bbox="320.880,300.635,331.440,311.195" colourspace="ICCBased" ncolour="[0]" size="10.560">须</text>
                <text font="JQUZDQ+SimSun" bbox="331.440,300.635,342.000,311.195" colourspace="ICCBased" ncolour="[0]" size="10.560">由</text>
                <text font="JQUZDQ+SimSun" bbox="342.000,300.635,352.560,311.195" colourspace="ICCBased" ncolour="[0]" size="10.560">医</text>
                <text font="JQUZDQ+SimSun" bbox="352.320,300.635,362.880,311.195" colourspace="ICCBased" ncolour="[0]" size="10.560">院</text>
                <text font="JQUZDQ+SimSun" bbox="362.880,300.635,373.440,311.195" colourspace="ICCBased" ncolour="[0]" size="10.560">诊</text>
                <text font="JQUZDQ+SimSun" bbox="373.440,300.635,384.000,311.195" colourspace="ICCBased" ncolour="[0]" size="10.560">断</text>
                <text font="JQUZDQ+SimSun" bbox="384.000,300.635,394.560,311.195" colourspace="ICCBased" ncolour="[0]" size="10.560">，</text>
                <text font="JQUZDQ+SimSun" bbox="394.320,300.635,404.880,311.195" colourspace="ICCBased" ncolour="[0]" size="10.560">并</text>
                <text font="JQUZDQ+SimSun" bbox="404.880,300.635,415.440,311.195" colourspace="ICCBased" ncolour="[0]" size="10.560">有</text>
                <text font="JQUZDQ+SimSun" bbox="415.440,300.635,426.000,311.195" colourspace="ICCBased" ncolour="[0]" size="10.560">以</text>
                <text font="JQUZDQ+SimSun" bbox="425.760,300.635,436.320,311.195" colourspace="ICCBased" ncolour="[0]" size="10.560">下</text>
                <text font="JQUZDQ+SimSun" bbox="436.320,300.635,446.880,311.195" colourspace="ICCBased" ncolour="[0]" size="10.560">证</text>
                <text font="JQUZDQ+SimSun" bbox="446.640,300.635,457.200,311.195" colourspace="ICCBased" ncolour="[0]" size="10.560">据</text>
                <text font="JQUZDQ+SimSun" bbox="457.200,300.635,467.760,311.195" colourspace="ICCBased" ncolour="[0]" size="10.560">支</text>
                <text font="JQUZDQ+SimSun" bbox="467.760,300.635,478.320,311.195" colourspace="ICCBased" ncolour="[0]" size="10.560">持</text>
                <text font="JQUZDQ+SimSun" bbox="478.320,300.635,488.880,311.195" colourspace="ICCBased" ncolour="[0]" size="10.560">：</text>
                <text font="JTTPDQ+SimSun" bbox="488.880,300.635,494.160,311.195" colourspace="ICCBased" ncolour="[0]" size="10.560"> </text>
                <text font="JTTPDQ+SimSun" bbox="493.921,300.635,499.201,311.195" colourspace="ICCBased" ncolour="[0]" size="10.560"> </text>
                <text>
                </text>
            </textline>
            <textline bbox="210.480,285.037,394.319,295.597">
                <text font="JTTPDQ+SimSun" bbox="210.480,285.037,215.760,295.597" colourspace="ICCBased" ncolour="[0]" size="10.560"> </text>
                <text font="JQUZDQ+SimSun" bbox="215.760,285.037,226.320,295.597" colourspace="ICCBased" ncolour="[0]" size="10.560">①</text>
                <text font="JTTPDQ+SimSun" bbox="226.320,285.037,231.600,295.597" colourspace="ICCBased" ncolour="[0]" size="10.560"> </text>
                <text font="JTTPDQ+SimSun" bbox="231.600,285.037,236.880,295.597" colourspace="ICCBased" ncolour="[0]" size="10.560"> </text>
                <text font="JQUZDQ+SimSun" bbox="236.880,285.037,247.440,295.597" colourspace="ICCBased" ncolour="[0]" size="10.560">影</text>
                <text font="JQUZDQ+SimSun" bbox="247.440,285.037,258.000,295.597" colourspace="ICCBased" ncolour="[0]" size="10.560">像</text>
                <text font="JQUZDQ+SimSun" bbox="258.000,285.037,268.560,295.597" colourspace="ICCBased" ncolour="[0]" size="10.560">学</text>
                <text font="JQUZDQ+SimSun" bbox="268.320,285.037,278.880,295.597" colourspace="ICCBased" ncolour="[0]" size="10.560">检</text>
                <text font="JQUZDQ+SimSun" bbox="278.880,285.037,289.440,295.597" colourspace="ICCBased" ncolour="[0]" size="10.560">查</text>
                <text font="JQUZDQ+SimSun" bbox="289.440,285.037,300.000,295.597" colourspace="ICCBased" ncolour="[0]" size="10.560">证</text>
                <text font="JQUZDQ+SimSun" bbox="300.000,285.037,310.560,295.597" colourspace="ICCBased" ncolour="[0]" size="10.560">实</text>
                <text font="JQUZDQ+SimSun" bbox="310.320,285.037,320.880,295.597" colourspace="ICCBased" ncolour="[0]" size="10.560">存</text>
                <text font="JQUZDQ+SimSun" bbox="320.880,285.037,331.440,295.597" colourspace="ICCBased" ncolour="[0]" size="10.560">在</text>
                <text font="JQUZDQ+SimSun" bbox="331.440,285.037,342.000,295.597" colourspace="ICCBased" ncolour="[0]" size="10.560">小</text>
                <text font="JQUZDQ+SimSun" bbox="342.000,285.037,352.560,295.597" colourspace="ICCBased" ncolour="[0]" size="10.560">脑</text>
                <text font="JQUZDQ+SimSun" bbox="352.320,285.037,362.880,295.597" colourspace="ICCBased" ncolour="[0]" size="10.560">萎</text>
                <text font="JQUZDQ+SimSun" bbox="362.880,285.037,373.440,295.597" colourspace="ICCBased" ncolour="[0]" size="10.560">缩</text>
                <text font="JQUZDQ+SimSun" bbox="373.440,285.037,384.000,295.597" colourspace="ICCBased" ncolour="[0]" size="10.560">；</text>
                <text font="JTTPDQ+SimSun" bbox="384.000,285.037,389.280,295.597" colourspace="ICCBased" ncolour="[0]" size="10.560"> </text>
                <text font="JTTPDQ+SimSun" bbox="389.039,285.037,394.319,295.597" colourspace="ICCBased" ncolour="[0]" size="10.560"> </text>
                <text>
                </text>
            </textline>
            <textline bbox="210.480,269.440,478.081,280.000">
                <text font="JTTPDQ+SimSun" bbox="210.480,269.440,215.760,280.000" colourspace="ICCBased" ncolour="[0]" size="10.560"> </text>
                <text font="JQUZDQ+SimSun" bbox="215.760,269.440,226.320,280.000" colourspace="ICCBased" ncolour="[0]" size="10.560">②</text>
                <text font="JTTPDQ+SimSun" bbox="226.320,269.440,231.600,280.000" colourspace="ICCBased" ncolour="[0]" size="10.560"> </text>
                <text font="JTTPDQ+SimSun" bbox="231.600,269.440,236.880,280.000" colourspace="ICCBased" ncolour="[0]" size="10.560"> </text>
                <text font="JQUZDQ+SimSun" bbox="236.880,269.440,247.440,280.000" colourspace="ICCBased" ncolour="[0]" size="10.560">临</text>
                <text font="JQUZDQ+SimSun" bbox="247.440,269.440,258.000,280.000" colourspace="ICCBased" ncolour="[0]" size="10.560">床</text>
                <text font="JQUZDQ+SimSun" bbox="258.000,269.440,268.560,280.000" colourspace="ICCBased" ncolour="[0]" size="10.560">表</text>
                <text font="JQUZDQ+SimSun" bbox="268.320,269.440,278.880,280.000" colourspace="ICCBased" ncolour="[0]" size="10.560">现</text>
                <text font="JQUZDQ+SimSun" bbox="278.880,269.440,289.440,280.000" colourspace="ICCBased" ncolour="[0]" size="10.560">存</text>
                <text font="JQUZDQ+SimSun" bbox="289.440,269.440,300.000,280.000" colourspace="ICCBased" ncolour="[0]" size="10.560">在</text>
                <text font="JQUZDQ+SimSun" bbox="300.000,269.440,310.560,280.000" colourspace="ICCBased" ncolour="[0]" size="10.560">共</text>
                <text font="JQUZDQ+SimSun" bbox="310.320,269.440,320.880,280.000" colourspace="ICCBased" ncolour="[0]" size="10.560">济</text>
                <text font="JQUZDQ+SimSun" bbox="320.880,269.440,331.440,280.000" colourspace="ICCBased" ncolour="[0]" size="10.560">失</text>
                <text font="JQUZDQ+SimSun" bbox="331.440,269.440,342.000,280.000" colourspace="ICCBased" ncolour="[0]" size="10.560">调</text>
                <text font="JQUZDQ+SimSun" bbox="342.000,269.440,352.560,280.000" colourspace="ICCBased" ncolour="[0]" size="10.560">、</text>
                <text font="JQUZDQ+SimSun" bbox="352.320,269.440,362.880,280.000" colourspace="ICCBased" ncolour="[0]" size="10.560">语</text>
                <text font="JQUZDQ+SimSun" bbox="362.880,269.440,373.440,280.000" colourspace="ICCBased" ncolour="[0]" size="10.560">言</text>
                <text font="JQUZDQ+SimSun" bbox="373.440,269.440,384.000,280.000" colourspace="ICCBased" ncolour="[0]" size="10.560">障</text>
                <text font="JQUZDQ+SimSun" bbox="384.000,269.440,394.560,280.000" colourspace="ICCBased" ncolour="[0]" size="10.560">碍</text>
                <text font="JQUZDQ+SimSun" bbox="394.320,269.440,404.880,280.000" colourspace="ICCBased" ncolour="[0]" size="10.560">和</text>
                <text font="JQUZDQ+SimSun" bbox="404.880,269.440,415.440,280.000" colourspace="ICCBased" ncolour="[0]" size="10.560">肌</text>
                <text font="JQUZDQ+SimSun" bbox="415.440,269.440,426.000,280.000" colourspace="ICCBased" ncolour="[0]" size="10.560">张</text>
                <text font="JQUZDQ+SimSun" bbox="425.760,269.440,436.320,280.000" colourspace="ICCBased" ncolour="[0]" size="10.560">力</text>
                <text font="JQUZDQ+SimSun" bbox="436.320,269.440,446.880,280.000" colourspace="ICCBased" ncolour="[0]" size="10.560">异</text>
                <text font="JQUZDQ+SimSun" bbox="446.640,269.440,457.200,280.000" colourspace="ICCBased" ncolour="[0]" size="10.560">常</text>
                <text font="JQUZDQ+SimSun" bbox="457.200,269.440,467.760,280.000" colourspace="ICCBased" ncolour="[0]" size="10.560">。</text>
                <text font="JTTPDQ+SimSun" bbox="467.760,269.440,473.040,280.000" colourspace="ICCBased" ncolour="[0]" size="10.560"> </text>
                <text font="JTTPDQ+SimSun" bbox="472.801,269.440,478.081,280.000" colourspace="ICCBased" ncolour="[0]" size="10.560"> </text>
                <text>
                </text>
            </textline>
            <textline bbox="210.480,253.829,547.200,264.403">
                <text font="JQUZDQ+SimSun" bbox="210.480,253.843,221.040,264.403" colourspace="ICCBased" ncolour="[0]" size="10.560">（</text>
                <text font="JTTPDQ+SimSun" bbox="221.040,253.843,226.320,264.403" colourspace="ICCBased" ncolour="[0]" size="10.560">2</text>
                <text font="JQUZDQ+SimSun" bbox="226.320,253.829,236.880,264.389" colourspace="ICCBased" ncolour="[0]" size="10.560">）</text>
                <text font="JQUZDQ+SimSun" bbox="235.200,253.829,245.760,264.389" colourspace="ICCBased" ncolour="[0]" size="10.560">被</text>
                <text font="JQUZDQ+SimSun" bbox="245.760,253.829,256.320,264.389" colourspace="ICCBased" ncolour="[0]" size="10.560">保</text>
                <text font="JQUZDQ+SimSun" bbox="256.320,253.829,266.880,264.389" colourspace="ICCBased" ncolour="[0]" size="10.560">险</text>
                <text font="JQUZDQ+SimSun" bbox="266.880,253.829,277.440,264.389" colourspace="ICCBased" ncolour="[0]" size="10.560">人</text>
                <text font="JQUZDQ+SimSun" bbox="277.200,253.829,287.760,264.389" colourspace="ICCBased" ncolour="[0]" size="10.560">运</text>
                <text font="JQUZDQ+SimSun" bbox="287.760,253.829,298.320,264.389" colourspace="ICCBased" ncolour="[0]" size="10.560">动</text>
                <text font="JQUZDQ+SimSun" bbox="298.320,253.829,308.880,264.389" colourspace="ICCBased" ncolour="[0]" size="10.560">功</text>
                <text font="JQUZDQ+SimSun" bbox="308.880,253.829,319.440,264.389" colourspace="ICCBased" ncolour="[0]" size="10.560">能</text>
                <text font="JQUZDQ+SimSun" bbox="319.200,253.829,329.760,264.389" colourspace="ICCBased" ncolour="[0]" size="10.560">严</text>
                <text font="JQUZDQ+SimSun" bbox="329.760,253.829,340.320,264.389" colourspace="ICCBased" ncolour="[0]" size="10.560">重</text>
                <text font="JQUZDQ+SimSun" bbox="340.320,253.829,350.880,264.389" colourspace="ICCBased" ncolour="[0]" size="10.560">障</text>
                <text font="JQUZDQ+SimSun" bbox="350.880,253.829,361.440,264.389" colourspace="ICCBased" ncolour="[0]" size="10.560">碍</text>
                <text font="JQUZDQ+SimSun" bbox="361.440,253.829,372.000,264.389" colourspace="ICCBased" ncolour="[0]" size="10.560">，</text>
                <text font="JQUZDQ+SimSun" bbox="370.320,253.829,380.880,264.389" colourspace="ICCBased" ncolour="[0]" size="10.560">自</text>
                <text font="JQUZDQ+SimSun" bbox="380.640,253.829,391.200,264.389" colourspace="ICCBased" ncolour="[0]" size="10.560">主</text>
                <text font="JQUZDQ+SimSun" bbox="391.200,253.829,401.760,264.389" colourspace="ICCBased" ncolour="[0]" size="10.560">生</text>
                <text font="JQUZDQ+SimSun" bbox="401.760,253.829,412.320,264.389" colourspace="ICCBased" ncolour="[0]" size="10.560">活</text>
                <text font="JQUZDQ+SimSun" bbox="412.320,253.829,422.880,264.389" colourspace="ICCBased" ncolour="[0]" size="10.560">能</text>
                <text font="JQUZDQ+SimSun" bbox="422.640,253.829,433.200,264.389" colourspace="ICCBased" ncolour="[0]" size="10.560">力</text>
                <text font="JQUZDQ+SimSun" bbox="433.200,253.829,443.760,264.389" colourspace="ICCBased" ncolour="[0]" size="10.560">完</text>
                <text font="JQUZDQ+SimSun" bbox="443.760,253.829,454.320,264.389" colourspace="ICCBased" ncolour="[0]" size="10.560">全</text>
                <text font="JQUZDQ+SimSun" bbox="454.080,253.829,464.640,264.389" colourspace="ICCBased" ncolour="[0]" size="10.560">丧</text>
                <text font="JQUZDQ+SimSun" bbox="464.640,253.829,475.200,264.389" colourspace="ICCBased" ncolour="[0]" size="10.560">失</text>
                <text font="JQUZDQ+SimSun" bbox="475.200,253.829,485.760,264.389" colourspace="ICCBased" ncolour="[0]" size="10.560">，</text>
                <text font="JQUZDQ+SimSun" bbox="484.080,253.829,494.640,264.389" colourspace="ICCBased" ncolour="[0]" size="10.560">无</text>
                <text font="JQUZDQ+SimSun" bbox="494.640,253.829,505.200,264.389" colourspace="ICCBased" ncolour="[0]" size="10.560">法</text>
                <text font="JQUZDQ+SimSun" bbox="505.200,253.829,515.760,264.389" colourspace="ICCBased" ncolour="[0]" size="10.560">独</text>
                <text font="JQUZDQ+SimSun" bbox="515.760,253.829,526.320,264.389" colourspace="ICCBased" ncolour="[0]" size="10.560">立</text>
                <text font="JQUZDQ+SimSun" bbox="526.080,253.829,536.640,264.389" colourspace="ICCBased" ncolour="[0]" size="10.560">完</text>
                <text font="JQUZDQ+SimSun" bbox="536.640,253.829,547.200,264.389" colourspace="ICCBased" ncolour="[0]" size="10.560">成</text>
                <text>
                </text>
            </textline>
        </textbox>
        <textbox id="21" bbox="236.640,238.229,451.920,248.789">
            <textline bbox="236.640,238.229,451.920,248.789">
                <text font="JQUZDQ+SimSun" bbox="236.640,238.229,247.200,248.789" colourspace="ICCBased" ncolour="[0]" size="10.560">六</text>
                <text font="JQUZDQ+SimSun" bbox="247.200,238.229,257.760,248.789" colourspace="ICCBased" ncolour="[0]" size="10.560">项</text>
                <text font="JQUZDQ+SimSun" bbox="257.760,238.229,268.320,248.789" colourspace="ICCBased" ncolour="[0]" size="10.560">基</text>
                <text font="JQUZDQ+SimSun" bbox="268.320,238.229,278.880,248.789" colourspace="ICCBased" ncolour="[0]" size="10.560">本</text>
                <text font="JQUZDQ+SimSun" bbox="278.880,238.229,289.440,248.789" colourspace="ICCBased" ncolour="[0]" size="10.560">日</text>
                <text font="JQUZDQ+SimSun" bbox="289.200,238.229,299.760,248.789" colourspace="ICCBased" ncolour="[0]" size="10.560">常</text>
                <text font="JQUZDQ+SimSun" bbox="299.760,238.229,310.320,248.789" colourspace="ICCBased" ncolour="[0]" size="10.560">生</text>
                <text font="JQUZDQ+SimSun" bbox="310.320,238.229,320.880,248.789" colourspace="ICCBased" ncolour="[0]" size="10.560">活</text>
                <text font="JQUZDQ+SimSun" bbox="320.880,238.229,331.440,248.789" colourspace="ICCBased" ncolour="[0]" size="10.560">活</text>
                <text font="JQUZDQ+SimSun" bbox="331.200,238.229,341.760,248.789" colourspace="ICCBased" ncolour="[0]" size="10.560">动</text>
                <text font="JQUZDQ+SimSun" bbox="341.760,238.229,352.320,248.789" colourspace="ICCBased" ncolour="[0]" size="10.560">中</text>
                <text font="JQUZDQ+SimSun" bbox="352.320,238.229,362.880,248.789" colourspace="ICCBased" ncolour="[0]" size="10.560">的</text>
                <text font="JQUZDQ+SimSun" bbox="362.880,238.229,373.440,248.789" colourspace="ICCBased" ncolour="[0]" size="10.560">三</text>
                <text font="JQUZDQ+SimSun" bbox="373.200,238.229,383.760,248.789" colourspace="ICCBased" ncolour="[0]" size="10.560">项</text>
                <text font="JQUZDQ+SimSun" bbox="383.760,238.229,394.320,248.789" colourspace="ICCBased" ncolour="[0]" size="10.560">或</text>
                <text font="JQUZDQ+SimSun" bbox="394.320,238.229,404.880,248.789" colourspace="ICCBased" ncolour="[0]" size="10.560">三</text>
                <text font="JQUZDQ+SimSun" bbox="404.880,238.229,415.440,248.789" colourspace="ICCBased" ncolour="[0]" size="10.560">项</text>
                <text font="JQUZDQ+SimSun" bbox="415.200,238.229,425.760,248.789" colourspace="ICCBased" ncolour="[0]" size="10.560">以</text>
                <text font="JQUZDQ+SimSun" bbox="425.760,238.229,436.320,248.789" colourspace="ICCBased" ncolour="[0]" size="10.560">上</text>
                <text font="JQUZDQ+SimSun" bbox="436.320,238.229,446.880,248.789" colourspace="ICCBased" ncolour="[0]" size="10.560">。</text>
                <text font="JTTPDQ+SimSun" bbox="446.640,238.229,451.920,248.789" colourspace="ICCBased" ncolour="[0]" size="10.560"> </text>
                <text>
                </text>
            </textline>
        </textbox>
        <textbox id="22" bbox="210.480,147.509,547.200,233.189">
            <textline bbox="210.480,222.629,215.760,233.189">
                <text font="JTTPDQ+SimSun" bbox="210.480,222.629,215.760,233.189" colourspace="ICCBased" ncolour="[0]" size="10.560"> </text>
                <text>
                </text>
            </textline>
            <textline bbox="210.480,208.469,278.880,219.029">
                <text font="JQUZDQ+SimSun" bbox="210.480,208.469,221.040,219.029" colourspace="ICCBased" ncolour="[0]" size="10.560">其</text>
                <text font="JQUZDQ+SimSun" bbox="221.040,208.469,231.600,219.029" colourspace="ICCBased" ncolour="[0]" size="10.560">他</text>
                <text font="JQUZDQ+SimSun" bbox="231.600,208.469,242.160,219.029" colourspace="ICCBased" ncolour="[0]" size="10.560">重</text>
                <text font="JQUZDQ+SimSun" bbox="242.160,208.469,252.720,219.029" colourspace="ICCBased" ncolour="[0]" size="10.560">大</text>
                <text font="JQUZDQ+SimSun" bbox="252.720,208.469,263.280,219.029" colourspace="ICCBased" ncolour="[0]" size="10.560">疾</text>
                <text font="JQUZDQ+SimSun" bbox="263.280,208.469,273.840,219.029" colourspace="ICCBased" ncolour="[0]" size="10.560">病</text>
                <text font="JTTPDQ+SimSun" bbox="273.600,208.469,278.880,219.029" colourspace="ICCBased" ncolour="[0]" size="10.560"> </text>
                <text>
                </text>
            </textline>
            <textline bbox="210.480,192.869,215.760,203.429">
                <text font="JTTPDQ+SimSun" bbox="210.480,192.869,215.760,203.429" colourspace="ICCBased" ncolour="[0]" size="10.560"> </text>
                <text>
                </text>
            </textline>
            <textline bbox="210.480,178.709,547.200,189.269">
                <text font="JQUZDQ+SimSun" bbox="210.480,178.709,221.040,189.269" colourspace="ICCBased" ncolour="[0]" size="10.560">指</text>
                <text font="JQUZDQ+SimSun" bbox="221.040,178.709,231.600,189.269" colourspace="ICCBased" ncolour="[0]" size="10.560">因</text>
                <text font="JQUZDQ+SimSun" bbox="231.600,178.709,242.160,189.269" colourspace="ICCBased" ncolour="[0]" size="10.560">疾</text>
                <text font="JQUZDQ+SimSun" bbox="242.160,178.709,252.720,189.269" colourspace="ICCBased" ncolour="[0]" size="10.560">病</text>
                <text font="JQUZDQ+SimSun" bbox="252.720,178.709,263.280,189.269" colourspace="ICCBased" ncolour="[0]" size="10.560">或</text>
                <text font="JQUZDQ+SimSun" bbox="263.280,178.709,273.840,189.269" colourspace="ICCBased" ncolour="[0]" size="10.560">意</text>
                <text font="JQUZDQ+SimSun" bbox="273.840,178.709,284.400,189.269" colourspace="ICCBased" ncolour="[0]" size="10.560">外</text>
                <text font="JQUZDQ+SimSun" bbox="284.160,178.709,294.720,189.269" colourspace="ICCBased" ncolour="[0]" size="10.560">伤</text>
                <text font="JQUZDQ+SimSun" bbox="294.720,178.709,305.280,189.269" colourspace="ICCBased" ncolour="[0]" size="10.560">害</text>
                <text font="JQUZDQ+SimSun" bbox="305.280,178.709,315.840,189.269" colourspace="ICCBased" ncolour="[0]" size="10.560">导</text>
                <text font="JQUZDQ+SimSun" bbox="315.840,178.709,326.400,189.269" colourspace="ICCBased" ncolour="[0]" size="10.560">致</text>
                <text font="JQUZDQ+SimSun" bbox="326.400,178.709,336.960,189.269" colourspace="ICCBased" ncolour="[0]" size="10.560">两</text>
                <text font="JQUZDQ+SimSun" bbox="336.960,178.709,347.520,189.269" colourspace="ICCBased" ncolour="[0]" size="10.560">个</text>
                <text font="JQUZDQ+SimSun" bbox="347.280,178.709,357.840,189.269" colourspace="ICCBased" ncolour="[0]" size="10.560">或</text>
                <text font="JQUZDQ+SimSun" bbox="357.840,178.709,368.400,189.269" colourspace="ICCBased" ncolour="[0]" size="10.560">两</text>
                <text font="JQUZDQ+SimSun" bbox="368.400,178.709,378.960,189.269" colourspace="ICCBased" ncolour="[0]" size="10.560">个</text>
                <text font="JQUZDQ+SimSun" bbox="378.960,178.709,389.520,189.269" colourspace="ICCBased" ncolour="[0]" size="10.560">以</text>
                <text font="JQUZDQ+SimSun" bbox="389.520,178.709,400.080,189.269" colourspace="ICCBased" ncolour="[0]" size="10.560">上</text>
                <text font="JQUZDQ+SimSun" bbox="399.840,178.709,410.400,189.269" colourspace="ICCBased" ncolour="[0]" size="10.560">肢</text>
                <text font="JQUZDQ+SimSun" bbox="410.400,178.709,420.960,189.269" colourspace="ICCBased" ncolour="[0]" size="10.560">体</text>
                <text font="JQUZDQ+SimSun" bbox="420.960,178.709,431.520,189.269" colourspace="ICCBased" ncolour="[0]" size="10.560">自</text>
                <text font="JQUZDQ+SimSun" bbox="431.520,178.709,442.080,189.269" colourspace="ICCBased" ncolour="[0]" size="10.560">腕</text>
                <text font="JQUZDQ+SimSun" bbox="442.080,178.709,452.640,189.269" colourspace="ICCBased" ncolour="[0]" size="10.560">关</text>
                <text font="JQUZDQ+SimSun" bbox="452.400,178.709,462.960,189.269" colourspace="ICCBased" ncolour="[0]" size="10.560">节</text>
                <text font="JQUZDQ+SimSun" bbox="462.960,178.709,473.520,189.269" colourspace="ICCBased" ncolour="[0]" size="10.560">或</text>
                <text font="JQUZDQ+SimSun" bbox="473.520,178.709,484.080,189.269" colourspace="ICCBased" ncolour="[0]" size="10.560">踝</text>
                <text font="JQUZDQ+SimSun" bbox="484.080,178.709,494.640,189.269" colourspace="ICCBased" ncolour="[0]" size="10.560">关</text>
                <text font="JQUZDQ+SimSun" bbox="494.640,178.709,505.200,189.269" colourspace="ICCBased" ncolour="[0]" size="10.560">节</text>
                <text font="JQUZDQ+SimSun" bbox="505.200,178.709,515.760,189.269" colourspace="ICCBased" ncolour="[0]" size="10.560">近</text>
                <text font="JQUZDQ+SimSun" bbox="515.760,178.709,526.320,189.269" colourspace="ICCBased" ncolour="[0]" size="10.560">端</text>
                <text font="JQUZDQ+SimSun" bbox="526.080,178.709,536.640,189.269" colourspace="ICCBased" ncolour="[0]" size="10.560">（</text>
                <text font="JQUZDQ+SimSun" bbox="536.640,178.709,547.200,189.269" colourspace="ICCBased" ncolour="[0]" size="10.560">靠</text>
                <text>
                </text>
            </textline>
            <textline bbox="210.480,163.112,352.322,173.672">
                <text font="JQUZDQ+SimSun" bbox="210.480,163.112,221.040,173.672" colourspace="ICCBased" ncolour="[0]" size="10.560">近</text>
                <text font="JQUZDQ+SimSun" bbox="221.040,163.112,231.600,173.672" colourspace="ICCBased" ncolour="[0]" size="10.560">躯</text>
                <text font="JQUZDQ+SimSun" bbox="231.600,163.112,242.160,173.672" colourspace="ICCBased" ncolour="[0]" size="10.560">干</text>
                <text font="JQUZDQ+SimSun" bbox="242.160,163.112,252.720,173.672" colourspace="ICCBased" ncolour="[0]" size="10.560">端</text>
                <text font="JQUZDQ+SimSun" bbox="252.720,163.112,263.280,173.672" colourspace="ICCBased" ncolour="[0]" size="10.560">）</text>
                <text font="JQUZDQ+SimSun" bbox="263.040,163.112,273.600,173.672" colourspace="ICCBased" ncolour="[0]" size="10.560">以</text>
                <text font="JQUZDQ+SimSun" bbox="273.600,163.112,284.160,173.672" colourspace="ICCBased" ncolour="[0]" size="10.560">上</text>
                <text font="JQUZDQ+SimSun" bbox="284.160,163.112,294.720,173.672" colourspace="ICCBased" ncolour="[0]" size="10.560">完</text>
                <text font="JQUZDQ+SimSun" bbox="294.720,163.112,305.280,173.672" colourspace="ICCBased" ncolour="[0]" size="10.560">全</text>
                <text font="JQUZDQ+SimSun" bbox="305.040,163.112,315.600,173.672" colourspace="ICCBased" ncolour="[0]" size="10.560">性</text>
                <text font="JQUZDQ+SimSun" bbox="315.600,163.112,326.160,173.672" colourspace="ICCBased" ncolour="[0]" size="10.560">断</text>
                <text font="JQUZDQ+SimSun" bbox="326.160,163.112,336.720,173.672" colourspace="ICCBased" ncolour="[0]" size="10.560">离</text>
                <text font="JQUZDQ+SimSun" bbox="336.720,163.112,347.280,173.672" colourspace="ICCBased" ncolour="[0]" size="10.560">。</text>
                <text font="JTTPDQ+SimSun" bbox="347.042,163.112,352.322,173.672" colourspace="ICCBased" ncolour="[0]" size="10.560"> </text>
                <text>
                </text>
            </textline>
            <textline bbox="210.480,147.509,215.760,158.069">
                <text font="JTTPDQ+SimSun" bbox="210.480,147.509,215.760,158.069" colourspace="ICCBased" ncolour="[0]" size="10.560"> </text>
                <text>
                </text>
            </textline>
        </textbox>
        <textbox id="23" bbox="97.440,146.688,100.368,158.688">
            <textline bbox="97.440,146.688,100.368,158.688">
                <text font="ERELLA+STXinwei" bbox="97.440,146.688,100.368,158.688" colourspace="ICCBased" ncolour="[0]" size="12.000"> </text>
                <text>
                </text>
            </textline>
        </textbox>
        <textbox id="24" bbox="63.600,72.400,547.200,158.688">
            <textline bbox="68.880,146.688,71.808,158.688">
                <text font="ERELLA+STXinwei" bbox="68.880,146.688,71.808,158.688" colourspace="ICCBased" ncolour="[0]" size="12.000"> </text>
                <text>
                </text>
            </textline>
            <textline bbox="63.600,133.488,547.200,145.968">
                <text font="JTTPDQ+SimSun" bbox="63.600,134.789,68.880,145.349" colourspace="ICCBased" ncolour="[0]" size="10.560">6</text>
                <text font="JTTPDQ+SimSun" bbox="68.880,134.789,74.160,145.349" colourspace="ICCBased" ncolour="[0]" size="10.560">4</text>
                <text font="ERELLA+STXinwei" bbox="74.160,133.488,77.088,145.488" colourspace="ICCBased" ncolour="[0]" size="12.000"> </text>
                <text> </text>
                <text font="ERELLA+STXinwei" bbox="97.440,133.968,109.440,145.968" colourspace="ICCBased" ncolour="[0]" size="12.000">严</text>
                <text font="ERELLA+STXinwei" bbox="109.440,133.968,121.440,145.968" colourspace="ICCBased" ncolour="[0]" size="12.000">重</text>
                <text font="ERELLA+STXinwei" bbox="121.440,133.968,133.440,145.968" colourspace="ICCBased" ncolour="[0]" size="12.000">的</text>
                <text> </text>
                <text font="ERELLA+STXinwei" bbox="136.560,133.968,141.336,145.968" colourspace="ICCBased" ncolour="[0]" size="12.000">1</text>
                <text> </text>
                <text font="ERELLA+STXinwei" bbox="144.480,133.968,156.480,145.968" colourspace="ICCBased" ncolour="[0]" size="12.000">型</text>
                <text font="ERELLA+STXinwei" bbox="156.480,133.968,168.480,145.968" colourspace="ICCBased" ncolour="[0]" size="12.000">糖</text>
                <text font="ERELLA+STXinwei" bbox="168.480,133.968,180.480,145.968" colourspace="ICCBased" ncolour="[0]" size="12.000">尿</text>
                <text font="ERELLA+STXinwei" bbox="180.480,133.968,192.480,145.968" colourspace="ICCBased" ncolour="[0]" size="12.000">病</text>
                <text font="ERELLA+STXinwei" bbox="192.240,133.968,195.168,145.968" colourspace="ICCBased" ncolour="[0]" size="12.000"> </text>
                <text> </text>
                <text font="JQUZDQ+SimSun" bbox="210.480,134.789,221.040,145.349" colourspace="ICCBased" ncolour="[0]" size="10.560">指</text>
                <text font="JQUZDQ+SimSun" bbox="221.040,134.789,231.600,145.349" colourspace="ICCBased" ncolour="[0]" size="10.560">由</text>
                <text font="JQUZDQ+SimSun" bbox="231.600,134.789,242.160,145.349" colourspace="ICCBased" ncolour="[0]" size="10.560">于</text>
                <text font="JQUZDQ+SimSun" bbox="242.160,134.789,252.720,145.349" colourspace="ICCBased" ncolour="[0]" size="10.560">胰</text>
                <text font="JQUZDQ+SimSun" bbox="252.720,134.789,263.280,145.349" colourspace="ICCBased" ncolour="[0]" size="10.560">岛</text>
                <text font="JQUZDQ+SimSun" bbox="263.280,134.789,273.840,145.349" colourspace="ICCBased" ncolour="[0]" size="10.560">素</text>
                <text font="JQUZDQ+SimSun" bbox="273.840,134.789,284.400,145.349" colourspace="ICCBased" ncolour="[0]" size="10.560">分</text>
                <text font="JQUZDQ+SimSun" bbox="284.160,134.789,294.720,145.349" colourspace="ICCBased" ncolour="[0]" size="10.560">泌</text>
                <text font="JQUZDQ+SimSun" bbox="294.720,134.789,305.280,145.349" colourspace="ICCBased" ncolour="[0]" size="10.560">绝</text>
                <text font="JQUZDQ+SimSun" bbox="305.280,134.789,315.840,145.349" colourspace="ICCBased" ncolour="[0]" size="10.560">对</text>
                <text font="JQUZDQ+SimSun" bbox="315.840,134.789,326.400,145.349" colourspace="ICCBased" ncolour="[0]" size="10.560">不</text>
                <text font="JQUZDQ+SimSun" bbox="326.400,134.789,336.960,145.349" colourspace="ICCBased" ncolour="[0]" size="10.560">足</text>
                <text font="JQUZDQ+SimSun" bbox="336.960,134.789,347.520,145.349" colourspace="ICCBased" ncolour="[0]" size="10.560">引</text>
                <text font="JQUZDQ+SimSun" bbox="347.280,134.789,357.840,145.349" colourspace="ICCBased" ncolour="[0]" size="10.560">起</text>
                <text font="JQUZDQ+SimSun" bbox="357.840,134.789,368.400,145.349" colourspace="ICCBased" ncolour="[0]" size="10.560">的</text>
                <text font="JQUZDQ+SimSun" bbox="368.400,134.789,378.960,145.349" colourspace="ICCBased" ncolour="[0]" size="10.560">慢</text>
                <text font="JQUZDQ+SimSun" bbox="378.960,134.789,389.520,145.349" colourspace="ICCBased" ncolour="[0]" size="10.560">性</text>
                <text font="JQUZDQ+SimSun" bbox="389.520,134.789,400.080,145.349" colourspace="ICCBased" ncolour="[0]" size="10.560">血</text>
                <text font="JQUZDQ+SimSun" bbox="399.840,134.789,410.400,145.349" colourspace="ICCBased" ncolour="[0]" size="10.560">糖</text>
                <text font="JQUZDQ+SimSun" bbox="410.400,134.789,420.960,145.349" colourspace="ICCBased" ncolour="[0]" size="10.560">升</text>
                <text font="JQUZDQ+SimSun" bbox="420.960,134.789,431.520,145.349" colourspace="ICCBased" ncolour="[0]" size="10.560">高</text>
                <text font="JQUZDQ+SimSun" bbox="431.520,134.789,442.080,145.349" colourspace="ICCBased" ncolour="[0]" size="10.560">，</text>
                <text font="JQUZDQ+SimSun" bbox="442.080,134.789,452.640,145.349" colourspace="ICCBased" ncolour="[0]" size="10.560">且</text>
                <text font="JQUZDQ+SimSun" bbox="452.400,134.789,462.960,145.349" colourspace="ICCBased" ncolour="[0]" size="10.560">已</text>
                <text font="JQUZDQ+SimSun" bbox="462.960,134.789,473.520,145.349" colourspace="ICCBased" ncolour="[0]" size="10.560">经</text>
                <text font="JQUZDQ+SimSun" bbox="473.520,134.789,484.080,145.349" colourspace="ICCBased" ncolour="[0]" size="10.560">持</text>
                <text font="JQUZDQ+SimSun" bbox="484.080,134.789,494.640,145.349" colourspace="ICCBased" ncolour="[0]" size="10.560">续</text>
                <text font="JQUZDQ+SimSun" bbox="494.640,134.789,505.200,145.349" colourspace="ICCBased" ncolour="[0]" size="10.560">性</text>
                <text font="JQUZDQ+SimSun" bbox="505.200,134.789,515.760,145.349" colourspace="ICCBased" ncolour="[0]" size="10.560">地</text>
                <text font="JQUZDQ+SimSun" bbox="515.760,134.789,526.320,145.349" colourspace="ICCBased" ncolour="[0]" size="10.560">依</text>
                <text font="JQUZDQ+SimSun" bbox="526.080,134.789,536.640,145.349" colourspace="ICCBased" ncolour="[0]" size="10.560">赖</text>
                <text font="JQUZDQ+SimSun" bbox="536.640,134.789,547.200,145.349" colourspace="ICCBased" ncolour="[0]" size="10.560">外</text>
                <text>
                </text>
            </textline>
            <textline bbox="210.480,119.192,547.196,129.752">
                <text font="JQUZDQ+SimSun" bbox="210.480,119.192,221.040,129.752" colourspace="ICCBased" ncolour="[0]" size="10.560">源</text>
                <text font="JQUZDQ+SimSun" bbox="221.040,119.192,231.600,129.752" colourspace="ICCBased" ncolour="[0]" size="10.560">性</text>
                <text font="JQUZDQ+SimSun" bbox="231.600,119.192,242.160,129.752" colourspace="ICCBased" ncolour="[0]" size="10.560">胰</text>
                <text font="JQUZDQ+SimSun" bbox="242.160,119.192,252.720,129.752" colourspace="ICCBased" ncolour="[0]" size="10.560">岛</text>
                <text font="JQUZDQ+SimSun" bbox="252.720,119.192,263.280,129.752" colourspace="ICCBased" ncolour="[0]" size="10.560">素</text>
                <text font="JQUZDQ+SimSun" bbox="263.040,119.192,273.600,129.752" colourspace="ICCBased" ncolour="[0]" size="10.560">维</text>
                <text font="JQUZDQ+SimSun" bbox="273.600,119.192,284.160,129.752" colourspace="ICCBased" ncolour="[0]" size="10.560">持</text>
                <text> </text>
                <text font="JTTPDQ+SimSun" bbox="286.797,119.192,292.077,129.752" colourspace="ICCBased" ncolour="[0]" size="10.560">1</text>
                <text font="JTTPDQ+SimSun" bbox="292.077,119.192,297.357,129.752" colourspace="ICCBased" ncolour="[0]" size="10.560">8</text>
                <text font="JTTPDQ+SimSun" bbox="297.357,119.192,302.637,129.752" colourspace="ICCBased" ncolour="[0]" size="10.560">0</text>
                <text> </text>
                <text font="JQUZDQ+SimSun" bbox="305.277,119.192,315.837,129.752" colourspace="ICCBased" ncolour="[0]" size="10.560">日</text>
                <text font="JQUZDQ+SimSun" bbox="315.837,119.192,326.397,129.752" colourspace="ICCBased" ncolour="[0]" size="10.560">以</text>
                <text font="JQUZDQ+SimSun" bbox="326.397,119.192,336.957,129.752" colourspace="ICCBased" ncolour="[0]" size="10.560">上</text>
                <text font="JQUZDQ+SimSun" bbox="336.717,119.192,347.277,129.752" colourspace="ICCBased" ncolour="[0]" size="10.560">。</text>
                <text font="JQUZDQ+SimSun" bbox="347.277,119.192,357.837,129.752" colourspace="ICCBased" ncolour="[0]" size="10.560">须</text>
                <text font="JQUZDQ+SimSun" bbox="357.837,119.192,368.397,129.752" colourspace="ICCBased" ncolour="[0]" size="10.560">经</text>
                <text font="JQUZDQ+SimSun" bbox="368.397,119.192,378.957,129.752" colourspace="ICCBased" ncolour="[0]" size="10.560">血</text>
                <text font="JQUZDQ+SimSun" bbox="378.718,119.192,389.278,129.752" colourspace="ICCBased" ncolour="[0]" size="10.560">胰</text>
                <text font="JQUZDQ+SimSun" bbox="389.278,119.192,399.838,129.752" colourspace="ICCBased" ncolour="[0]" size="10.560">岛</text>
                <text font="JQUZDQ+SimSun" bbox="399.838,119.192,410.398,129.752" colourspace="ICCBased" ncolour="[0]" size="10.560">素</text>
                <text font="JQUZDQ+SimSun" bbox="410.398,119.192,420.958,129.752" colourspace="ICCBased" ncolour="[0]" size="10.560">测</text>
                <text font="JQUZDQ+SimSun" bbox="420.717,119.192,431.277,129.752" colourspace="ICCBased" ncolour="[0]" size="10.560">定</text>
                <text font="JQUZDQ+SimSun" bbox="431.277,119.192,441.837,129.752" colourspace="ICCBased" ncolour="[0]" size="10.560">、</text>
                <text font="JQUZDQ+SimSun" bbox="441.837,119.192,452.397,129.752" colourspace="ICCBased" ncolour="[0]" size="10.560">血</text>
                <text> </text>
                <text font="JTTPDQ+SimSun" bbox="454.796,119.192,460.076,129.752" colourspace="ICCBased" ncolour="[0]" size="10.560">C</text>
                <text> </text>
                <text font="JQUZDQ+SimSun" bbox="462.716,119.192,473.276,129.752" colourspace="ICCBased" ncolour="[0]" size="10.560">肽</text>
                <text font="JQUZDQ+SimSun" bbox="473.276,119.192,483.836,129.752" colourspace="ICCBased" ncolour="[0]" size="10.560">测</text>
                <text font="JQUZDQ+SimSun" bbox="483.836,119.192,494.396,129.752" colourspace="ICCBased" ncolour="[0]" size="10.560">定</text>
                <text font="JQUZDQ+SimSun" bbox="494.396,119.192,504.956,129.752" colourspace="ICCBased" ncolour="[0]" size="10.560">或</text>
                <text font="JQUZDQ+SimSun" bbox="504.956,119.192,515.516,129.752" colourspace="ICCBased" ncolour="[0]" size="10.560">尿</text>
                <text> </text>
                <text font="JTTPDQ+SimSun" bbox="518.156,119.192,523.436,129.752" colourspace="ICCBased" ncolour="[0]" size="10.560">C</text>
                <text> </text>
                <text font="JQUZDQ+SimSun" bbox="526.076,119.192,536.636,129.752" colourspace="ICCBased" ncolour="[0]" size="10.560">肽</text>
                <text font="JQUZDQ+SimSun" bbox="536.636,119.192,547.196,129.752" colourspace="ICCBased" ncolour="[0]" size="10.560">测</text>
                <text>
                </text>
            </textline>
            <textline bbox="210.480,103.595,547.200,114.155">
                <text font="JQUZDQ+SimSun" bbox="210.480,103.595,221.040,114.155" colourspace="ICCBased" ncolour="[0]" size="10.560">定</text>
                <text font="JQUZDQ+SimSun" bbox="221.040,103.595,231.600,114.155" colourspace="ICCBased" ncolour="[0]" size="10.560">，</text>
                <text font="JQUZDQ+SimSun" bbox="231.600,103.595,242.160,114.155" colourspace="ICCBased" ncolour="[0]" size="10.560">结</text>
                <text font="JQUZDQ+SimSun" bbox="242.160,103.595,252.720,114.155" colourspace="ICCBased" ncolour="[0]" size="10.560">果</text>
                <text font="JQUZDQ+SimSun" bbox="252.720,103.595,263.280,114.155" colourspace="ICCBased" ncolour="[0]" size="10.560">异</text>
                <text font="JQUZDQ+SimSun" bbox="263.280,103.595,273.840,114.155" colourspace="ICCBased" ncolour="[0]" size="10.560">常</text>
                <text font="JQUZDQ+SimSun" bbox="273.840,103.595,284.400,114.155" colourspace="ICCBased" ncolour="[0]" size="10.560">，</text>
                <text font="JQUZDQ+SimSun" bbox="284.160,103.595,294.720,114.155" colourspace="ICCBased" ncolour="[0]" size="10.560">并</text>
                <text font="JQUZDQ+SimSun" bbox="294.720,103.595,305.280,114.155" colourspace="ICCBased" ncolour="[0]" size="10.560">由</text>
                <text font="JQUZDQ+SimSun" bbox="305.280,103.595,315.840,114.155" colourspace="ICCBased" ncolour="[0]" size="10.560">内</text>
                <text font="JQUZDQ+SimSun" bbox="315.840,103.595,326.400,114.155" colourspace="ICCBased" ncolour="[0]" size="10.560">分</text>
                <text font="JQUZDQ+SimSun" bbox="326.400,103.595,336.960,114.155" colourspace="ICCBased" ncolour="[0]" size="10.560">泌</text>
                <text font="JQUZDQ+SimSun" bbox="336.960,103.595,347.520,114.155" colourspace="ICCBased" ncolour="[0]" size="10.560">科</text>
                <text font="JQUZDQ+SimSun" bbox="347.280,103.595,357.840,114.155" colourspace="ICCBased" ncolour="[0]" size="10.560">专</text>
                <text font="JQUZDQ+SimSun" bbox="357.840,103.595,368.400,114.155" colourspace="ICCBased" ncolour="[0]" size="10.560">科</text>
                <text font="JQUZDQ+SimSun" bbox="368.400,103.595,378.960,114.155" colourspace="ICCBased" ncolour="[0]" size="10.560">医</text>
                <text font="JQUZDQ+SimSun" bbox="378.960,103.595,389.520,114.155" colourspace="ICCBased" ncolour="[0]" size="10.560">生</text>
                <text font="JQUZDQ+SimSun" bbox="389.520,103.595,400.080,114.155" colourspace="ICCBased" ncolour="[0]" size="10.560">明</text>
                <text font="JQUZDQ+SimSun" bbox="399.840,103.595,410.400,114.155" colourspace="ICCBased" ncolour="[0]" size="10.560">确</text>
                <text font="JQUZDQ+SimSun" bbox="410.400,103.595,420.960,114.155" colourspace="ICCBased" ncolour="[0]" size="10.560">诊</text>
                <text font="JQUZDQ+SimSun" bbox="420.960,103.595,431.520,114.155" colourspace="ICCBased" ncolour="[0]" size="10.560">断</text>
                <text font="JQUZDQ+SimSun" bbox="431.520,103.595,442.080,114.155" colourspace="ICCBased" ncolour="[0]" size="10.560">。</text>
                <text font="JQUZDQ+SimSun" bbox="442.080,103.595,452.640,114.155" colourspace="ICCBased" ncolour="[0]" size="10.560">并</text>
                <text font="JQUZDQ+SimSun" bbox="452.400,103.595,462.960,114.155" colourspace="ICCBased" ncolour="[0]" size="10.560">须</text>
                <text font="JQUZDQ+SimSun" bbox="462.960,103.595,473.520,114.155" colourspace="ICCBased" ncolour="[0]" size="10.560">在</text>
                <text font="JQUZDQ+SimSun" bbox="473.520,103.595,484.080,114.155" colourspace="ICCBased" ncolour="[0]" size="10.560">本</text>
                <text font="JQUZDQ+SimSun" bbox="484.080,103.595,494.640,114.155" colourspace="ICCBased" ncolour="[0]" size="10.560">附</text>
                <text font="JQUZDQ+SimSun" bbox="494.640,103.595,505.200,114.155" colourspace="ICCBased" ncolour="[0]" size="10.560">加</text>
                <text font="JQUZDQ+SimSun" bbox="505.200,103.595,515.760,114.155" colourspace="ICCBased" ncolour="[0]" size="10.560">险</text>
                <text font="JQUZDQ+SimSun" bbox="515.760,103.595,526.320,114.155" colourspace="ICCBased" ncolour="[0]" size="10.560">合</text>
                <text font="JQUZDQ+SimSun" bbox="526.080,103.595,536.640,114.155" colourspace="ICCBased" ncolour="[0]" size="10.560">同</text>
                <text font="JQUZDQ+SimSun" bbox="536.640,103.595,547.200,114.155" colourspace="ICCBased" ncolour="[0]" size="10.560">保</text>
                <text>
                </text>
            </textline>
            <textline bbox="210.480,87.997,383.770,98.557">
                <text font="JQUZDQ+SimSun" bbox="210.480,87.997,221.040,98.557" colourspace="ICCBased" ncolour="[0]" size="10.560">险</text>
                <text font="JQUZDQ+SimSun" bbox="221.040,87.997,231.600,98.557" colourspace="ICCBased" ncolour="[0]" size="10.560">期</text>
                <text font="JQUZDQ+SimSun" bbox="231.600,87.997,242.160,98.557" colourspace="ICCBased" ncolour="[0]" size="10.560">间</text>
                <text font="JQUZDQ+SimSun" bbox="242.160,87.997,252.720,98.557" colourspace="ICCBased" ncolour="[0]" size="10.560">内</text>
                <text font="JQUZDQ+SimSun" bbox="252.720,87.997,263.280,98.557" colourspace="ICCBased" ncolour="[0]" size="10.560">，</text>
                <text font="JQUZDQ+SimSun" bbox="263.040,87.997,273.600,98.557" colourspace="ICCBased" ncolour="[0]" size="10.560">满</text>
                <text font="JQUZDQ+SimSun" bbox="273.600,87.997,284.160,98.557" colourspace="ICCBased" ncolour="[0]" size="10.560">足</text>
                <text font="JQUZDQ+SimSun" bbox="284.160,87.997,294.720,98.557" colourspace="ICCBased" ncolour="[0]" size="10.560">下</text>
                <text font="JQUZDQ+SimSun" bbox="294.720,87.997,305.280,98.557" colourspace="ICCBased" ncolour="[0]" size="10.560">列</text>
                <text font="JQUZDQ+SimSun" bbox="305.040,87.997,315.600,98.557" colourspace="ICCBased" ncolour="[0]" size="10.560">至</text>
                <text font="JQUZDQ+SimSun" bbox="315.600,87.997,326.160,98.557" colourspace="ICCBased" ncolour="[0]" size="10.560">少</text>
                <text> </text>
                <text font="JTTPDQ+SimSun" bbox="328.805,87.997,334.085,98.557" colourspace="ICCBased" ncolour="[0]" size="10.560">1</text>
                <text> </text>
                <text font="JQUZDQ+SimSun" bbox="336.725,87.997,347.285,98.557" colourspace="ICCBased" ncolour="[0]" size="10.560">个</text>
                <text font="JQUZDQ+SimSun" bbox="347.045,87.997,357.605,98.557" colourspace="ICCBased" ncolour="[0]" size="10.560">条</text>
                <text font="JQUZDQ+SimSun" bbox="357.605,87.997,368.165,98.557" colourspace="ICCBased" ncolour="[0]" size="10.560">件</text>
                <text font="JQUZDQ+SimSun" bbox="368.165,87.997,378.725,98.557" colourspace="ICCBased" ncolour="[0]" size="10.560">：</text>
                <text font="JTTPDQ+SimSun" bbox="378.490,87.997,383.770,98.557" colourspace="ICCBased" ncolour="[0]" size="10.560"> </text>
                <text>
                </text>
            </textline>
            <textline bbox="210.491,72.400,367.930,82.960">
                <text font="JQUZDQ+SimSun" bbox="210.491,72.400,221.051,82.960" colourspace="ICCBased" ncolour="[0]" size="10.560">（</text>
                <text font="JTTPDQ+SimSun" bbox="221.051,72.400,226.331,82.960" colourspace="ICCBased" ncolour="[0]" size="10.560">1</text>
                <text font="JQUZDQ+SimSun" bbox="226.331,72.400,236.891,82.960" colourspace="ICCBased" ncolour="[0]" size="10.560">）</text>
                <text font="JQUZDQ+SimSun" bbox="236.891,72.400,247.451,82.960" colourspace="ICCBased" ncolour="[0]" size="10.560">已</text>
                <text font="JQUZDQ+SimSun" bbox="247.451,72.400,258.011,82.960" colourspace="ICCBased" ncolour="[0]" size="10.560">出</text>
                <text font="JQUZDQ+SimSun" bbox="258.011,72.400,268.571,82.960" colourspace="ICCBased" ncolour="[0]" size="10.560">现</text>
                <text font="JQUZDQ+SimSun" bbox="268.331,72.400,278.891,82.960" colourspace="ICCBased" ncolour="[0]" size="10.560">增</text>
                <text font="JQUZDQ+SimSun" bbox="278.891,72.400,289.451,82.960" colourspace="ICCBased" ncolour="[0]" size="10.560">殖</text>
                <text font="JQUZDQ+SimSun" bbox="289.451,72.400,300.011,82.960" colourspace="ICCBased" ncolour="[0]" size="10.560">性</text>
                <text font="JQUZDQ+SimSun" bbox="300.011,72.400,310.571,82.960" colourspace="ICCBased" ncolour="[0]" size="10.560">视</text>
                <text font="JQUZDQ+SimSun" bbox="310.330,72.400,320.890,82.960" colourspace="ICCBased" ncolour="[0]" size="10.560">网</text>
                <text font="JQUZDQ+SimSun" bbox="320.890,72.400,331.450,82.960" colourspace="ICCBased" ncolour="[0]" size="10.560">膜</text>
                <text font="JQUZDQ+SimSun" bbox="331.450,72.400,342.010,82.960" colourspace="ICCBased" ncolour="[0]" size="10.560">病</text>
                <text font="JQUZDQ+SimSun" bbox="342.010,72.400,352.570,82.960" colourspace="ICCBased" ncolour="[0]" size="10.560">变</text>
                <text font="JQUZDQ+SimSun" bbox="352.330,72.400,362.890,82.960" colourspace="ICCBased" ncolour="[0]" size="10.560">；</text>
                <text font="JTTPDQ+SimSun" bbox="362.650,72.400,367.930,82.960" colourspace="ICCBased" ncolour="[0]" size="10.560"> </text>
                <text>
                </text>
            </textline>
        </textbox>
        <rect linewidth="0" bbox="210.480,375.840,546.960,389.760" />
        <rect linewidth="0" bbox="210.480,360.240,409.920,374.160" />
        <layout>
            <textgroup bbox="51.120,72.400,547.201,782.789">
                <textgroup bbox="51.120,147.509,547.201,782.789">
                    <textgroup bbox="51.120,177.408,199.680,704.789">
                        <textgroup bbox="63.600,618.048,184.368,704.789">
                            <textgroup bbox="63.600,679.248,148.368,704.789">
                                <textbox id="0" bbox="97.440,694.228,100.017,704.788" />
                                <textbox id="1" bbox="63.600,679.248,148.368,704.789" />
                            </textgroup>
                            <textgroup bbox="63.600,618.048,184.368,643.829">
                                <textbox id="2" bbox="97.440,633.268,100.017,643.828" />
                                <textbox id="3" bbox="63.600,618.048,184.368,643.829" />
                            </textgroup>
                        </textgroup>
                        <textgroup bbox="51.120,177.408,199.680,473.429">
                            <textgroup bbox="63.600,331.008,199.680,473.429">
                                <textgroup bbox="63.600,391.728,199.680,473.429">
                                    <textgroup bbox="63.600,407.808,199.680,473.429">
                                        <textgroup bbox="63.600,450.768,199.680,473.429">
                                            <textbox id="4" bbox="97.440,462.868,100.017,473.428" />
                                            <textbox id="5" bbox="63.600,450.768,199.680,473.429" />
                                        </textgroup>
                                        <textbox id="6" bbox="63.600,407.808,199.680,430.469" />
                                    </textgroup>
                                    <textgroup bbox="97.440,391.728,124.368,446.928">
                                        <textbox id="7" bbox="97.440,419.908,122.577,446.928" />
                                        <textbox id="8" bbox="97.440,391.728,124.368,403.728" />
                                    </textgroup>
                                </textgroup>
                                <textgroup bbox="63.600,331.008,184.368,356.789">
                                    <textbox id="9" bbox="97.440,346.228,100.017,356.788" />
                                    <textbox id="10" bbox="63.600,331.008,184.368,356.789" />
                                </textgroup>
                            </textgroup>
                            <textgroup bbox="51.120,177.408,172.368,233.189">
                                <textgroup bbox="51.120,192.868,142.257,233.189">
                                    <textbox id="11" bbox="51.120,192.869,56.400,233.189" />
                                    <textbox id="12" bbox="97.440,192.868,142.257,233.188" />
                                </textgroup>
                                <textbox id="13" bbox="63.600,177.408,172.368,189.888" />
                            </textgroup>
                        </textgroup>
                    </textgroup>
                    <textgroup bbox="210.459,147.509,547.201,782.789">
                        <textgroup bbox="210.480,741.035,547.201,782.789">
                            <textbox id="14" bbox="210.480,756.632,547.201,782.789" />
                            <textbox id="15" bbox="236.637,741.035,346.799,751.595" />
                        </textgroup>
                        <textgroup bbox="210.459,147.509,547.200,735.997">
                            <textgroup bbox="210.480,709.829,547.200,735.997">
                                <textbox id="16" bbox="210.480,725.429,547.200,735.997" />
                                <textbox id="17" bbox="236.640,709.829,430.800,720.389" />
                            </textgroup>
                            <textgroup bbox="210.459,147.509,547.200,704.789">
                                <textgroup bbox="210.459,253.829,547.200,704.789">
                                    <textgroup bbox="210.459,435.992,547.200,704.789">
                                        <textbox id="18" bbox="210.480,556.480,547.200,704.789" />
                                        <textbox id="19" bbox="210.459,435.992,547.200,551.443" />
                                    </textgroup>
                                    <textbox id="20" bbox="210.480,253.829,547.200,430.469" />
                                </textgroup>
                                <textgroup bbox="210.480,147.509,547.200,248.789">
                                    <textbox id="21" bbox="236.640,238.229,451.920,248.789" />
                                    <textbox id="22" bbox="210.480,147.509,547.200,233.189" />
                                </textgroup>
                            </textgroup>
                        </textgroup>
                    </textgroup>
                </textgroup>
                <textgroup bbox="63.600,72.400,547.200,158.688">
                    <textbox id="23" bbox="97.440,146.688,100.368,158.688" />
                    <textbox id="24" bbox="63.600,72.400,547.200,158.688" />
                </textgroup>
            </textgroup>
        </layout>
    </page>
    <page id="17" bbox="0.000,0.000,595.200,841.920" rotate="0">
        <textbox id="0" bbox="97.440,741.028,100.017,751.588">
            <textline bbox="97.440,741.028,100.017,751.588">
                <text font="ERELLA+STXinwei" bbox="97.440,741.028,100.017,751.588" colourspace="ICCBased" ncolour="[0]" size="10.560"> </text>
                <text>
                </text>
            </textline>
        </textbox>
        <textbox id="1" bbox="63.600,727.488,172.017,751.589">
            <textline bbox="68.880,741.029,74.160,751.589">
                <text font="JTTPDQ+SimSun" bbox="68.880,741.029,74.160,751.589" colourspace="ICCBased" ncolour="[0]" size="10.560"> </text>
                <text>
                </text>
            </textline>
            <textline bbox="63.600,727.488,172.017,739.488">
                <text font="JTTPDQ+SimSun" bbox="63.600,728.309,68.880,738.869" colourspace="ICCBased" ncolour="[0]" size="10.560">6</text>
                <text font="JTTPDQ+SimSun" bbox="68.880,728.309,74.160,738.869" colourspace="ICCBased" ncolour="[0]" size="10.560">5</text>
                <text font="JTTPDQ+SimSun" bbox="74.160,728.309,79.440,738.869" colourspace="ICCBased" ncolour="[0]" size="10.560"> </text>
                <text> </text>
                <text font="ERELLA+STXinwei" bbox="97.440,727.488,109.440,739.488" colourspace="ICCBased" ncolour="[0]" size="12.000">严</text>
                <text font="ERELLA+STXinwei" bbox="109.440,727.488,121.440,739.488" colourspace="ICCBased" ncolour="[0]" size="12.000">重</text>
                <text font="ERELLA+STXinwei" bbox="121.440,727.488,133.440,739.488" colourspace="ICCBased" ncolour="[0]" size="12.000">Ⅲ</text>
                <text font="ERELLA+STXinwei" bbox="133.440,727.488,145.440,739.488" colourspace="ICCBased" ncolour="[0]" size="12.000">度</text>
                <text font="ERELLA+STXinwei" bbox="145.440,727.488,157.440,739.488" colourspace="ICCBased" ncolour="[0]" size="12.000">烧</text>
                <text font="ERELLA+STXinwei" bbox="157.440,727.488,169.440,739.488" colourspace="ICCBased" ncolour="[0]" size="12.000">伤</text>
                <text font="ERELLA+STXinwei" bbox="169.440,727.828,172.017,738.388" colourspace="ICCBased" ncolour="[0]" size="10.560"> </text>
                <text>
                </text>
            </textline>
        </textbox>
        <textbox id="2" bbox="97.440,696.288,100.368,708.288">
            <textline bbox="97.440,696.288,100.368,708.288">
                <text font="ERELLA+STXinwei" bbox="97.440,696.288,100.368,708.288" colourspace="ICCBased" ncolour="[0]" size="12.000"> </text>
                <text>
                </text>
            </textline>
        </textbox>
        <textbox id="3" bbox="63.600,683.568,199.680,707.669">
            <textline bbox="68.880,697.109,74.160,707.669">
                <text font="JTTPDQ+SimSun" bbox="68.880,697.109,74.160,707.669" colourspace="ICCBased" ncolour="[0]" size="10.560"> </text>
                <text>
                </text>
            </textline>
            <textline bbox="63.600,683.568,199.680,695.568">
                <text font="JTTPDQ+SimSun" bbox="63.600,684.389,68.880,694.949" colourspace="ICCBased" ncolour="[0]" size="10.560">6</text>
                <text font="JTTPDQ+SimSun" bbox="68.880,684.389,74.160,694.949" colourspace="ICCBased" ncolour="[0]" size="10.560">6</text>
                <text font="JTTPDQ+SimSun" bbox="74.160,684.389,79.440,694.949" colourspace="ICCBased" ncolour="[0]" size="10.560"> </text>
                <text> </text>
                <text font="ERELLA+STXinwei" bbox="97.440,683.568,109.440,695.568" colourspace="ICCBased" ncolour="[0]" size="12.000">严</text>
                <text font="ERELLA+STXinwei" bbox="110.400,683.568,122.400,695.568" colourspace="ICCBased" ncolour="[0]" size="12.000">重</text>
                <text font="ERELLA+STXinwei" bbox="123.360,683.568,135.360,695.568" colourspace="ICCBased" ncolour="[0]" size="12.000">类</text>
                <text font="ERELLA+STXinwei" bbox="136.080,683.568,148.080,695.568" colourspace="ICCBased" ncolour="[0]" size="12.000">风</text>
                <text font="ERELLA+STXinwei" bbox="149.040,683.568,161.040,695.568" colourspace="ICCBased" ncolour="[0]" size="12.000">湿</text>
                <text font="ERELLA+STXinwei" bbox="162.000,683.568,174.000,695.568" colourspace="ICCBased" ncolour="[0]" size="12.000">性</text>
                <text font="ERELLA+STXinwei" bbox="174.720,683.568,186.720,695.568" colourspace="ICCBased" ncolour="[0]" size="12.000">关</text>
                <text font="ERELLA+STXinwei" bbox="187.680,683.568,199.680,695.568" colourspace="ICCBased" ncolour="[0]" size="12.000">节</text>
                <text>
                </text>
            </textline>
        </textbox>
        <textbox id="4" bbox="97.440,667.488,112.368,679.488">
            <textline bbox="97.440,667.488,112.368,679.488">
                <text font="ERELLA+STXinwei" bbox="97.440,667.488,109.440,679.488" colourspace="ICCBased" ncolour="[0]" size="12.000">炎</text>
                <text font="ERELLA+STXinwei" bbox="109.440,667.488,112.368,679.488" colourspace="ICCBased" ncolour="[0]" size="12.000"> </text>
                <text>
                </text>
            </textline>
        </textbox>
        <textbox id="5" bbox="51.120,450.389,56.400,460.949">
            <textline bbox="51.120,450.389,56.400,460.949">
                <text font="JTTPDQ+SimSun" bbox="51.120,450.389,56.400,460.949" colourspace="ICCBased" ncolour="[0]" size="10.560"> </text>
                <text>
                </text>
            </textline>
        </textbox>
        <textbox id="6" bbox="63.600,436.608,136.368,461.568">
            <textline bbox="97.440,449.568,100.368,461.568">
                <text font="ERELLA+STXinwei" bbox="97.440,449.568,100.368,461.568" colourspace="ICCBased" ncolour="[0]" size="12.000"> </text>
                <text>
                </text>
            </textline>
            <textline bbox="63.600,436.608,136.368,448.608">
                <text font="JTTPDQ+SimSun" bbox="63.600,437.429,68.880,447.989" colourspace="ICCBased" ncolour="[0]" size="10.560">6</text>
                <text font="JTTPDQ+SimSun" bbox="68.880,437.429,74.160,447.989" colourspace="ICCBased" ncolour="[0]" size="10.560">7</text>
                <text font="JTTPDQ+SimSun" bbox="74.160,437.429,79.440,447.989" colourspace="ICCBased" ncolour="[0]" size="10.560"> </text>
                <text> </text>
                <text font="ERELLA+STXinwei" bbox="97.440,436.608,109.440,448.608" colourspace="ICCBased" ncolour="[0]" size="12.000">象</text>
                <text font="ERELLA+STXinwei" bbox="109.440,436.608,121.440,448.608" colourspace="ICCBased" ncolour="[0]" size="12.000">皮</text>
                <text font="ERELLA+STXinwei" bbox="121.440,436.608,133.440,448.608" colourspace="ICCBased" ncolour="[0]" size="12.000">病</text>
                <text font="ERELLA+STXinwei" bbox="133.440,436.608,136.368,448.608" colourspace="ICCBased" ncolour="[0]" size="12.000"> </text>
                <text>
                </text>
            </textline>
        </textbox>
        <textbox id="7" bbox="97.440,389.808,100.368,401.808">
            <textline bbox="97.440,389.808,100.368,401.808">
                <text font="ERELLA+STXinwei" bbox="97.440,389.808,100.368,401.808" colourspace="ICCBased" ncolour="[0]" size="12.000"> </text>
                <text>
                </text>
            </textline>
        </textbox>
        <textbox id="8" bbox="63.600,345.408,199.680,401.189">
            <textline bbox="68.880,390.629,74.160,401.189">
                <text font="JTTPDQ+SimSun" bbox="68.880,390.629,74.160,401.189" colourspace="ICCBased" ncolour="[0]" size="10.560"> </text>
                <text>
                </text>
            </textline>
            <textline bbox="63.600,377.088,199.680,389.088">
                <text font="JTTPDQ+SimSun" bbox="63.600,377.909,68.880,388.469" colourspace="ICCBased" ncolour="[0]" size="10.560">6</text>
                <text font="JTTPDQ+SimSun" bbox="68.880,377.909,74.160,388.469" colourspace="ICCBased" ncolour="[0]" size="10.560">8</text>
                <text font="JTTPDQ+SimSun" bbox="74.160,377.909,79.440,388.469" colourspace="ICCBased" ncolour="[0]" size="10.560"> </text>
                <text> </text>
                <text font="ERELLA+STXinwei" bbox="97.440,377.088,109.440,389.088" colourspace="ICCBased" ncolour="[0]" size="12.000">经</text>
                <text font="ERELLA+STXinwei" bbox="110.400,377.088,122.400,389.088" colourspace="ICCBased" ncolour="[0]" size="12.000">输</text>
                <text font="ERELLA+STXinwei" bbox="123.360,377.088,135.360,389.088" colourspace="ICCBased" ncolour="[0]" size="12.000">血</text>
                <text font="ERELLA+STXinwei" bbox="136.080,377.088,148.080,389.088" colourspace="ICCBased" ncolour="[0]" size="12.000">导</text>
                <text font="ERELLA+STXinwei" bbox="149.040,377.088,161.040,389.088" colourspace="ICCBased" ncolour="[0]" size="12.000">致</text>
                <text font="ERELLA+STXinwei" bbox="162.000,377.088,174.000,389.088" colourspace="ICCBased" ncolour="[0]" size="12.000">的</text>
                <text font="ERELLA+STXinwei" bbox="174.720,377.088,186.720,389.088" colourspace="ICCBased" ncolour="[0]" size="12.000">艾</text>
                <text font="ERELLA+STXinwei" bbox="187.680,377.088,199.680,389.088" colourspace="ICCBased" ncolour="[0]" size="12.000">滋</text>
                <text>
                </text>
            </textline>
            <textline bbox="97.440,361.248,199.680,373.248">
                <text font="ERELLA+STXinwei" bbox="97.440,361.248,109.440,373.248" colourspace="ICCBased" ncolour="[0]" size="12.000">病</text>
                <text font="ERELLA+STXinwei" bbox="110.400,361.248,122.400,373.248" colourspace="ICCBased" ncolour="[0]" size="12.000">病</text>
                <text font="ERELLA+STXinwei" bbox="123.360,361.248,135.360,373.248" colourspace="ICCBased" ncolour="[0]" size="12.000">毒</text>
                <text font="ERELLA+STXinwei" bbox="136.080,361.248,148.080,373.248" colourspace="ICCBased" ncolour="[0]" size="12.000">感</text>
                <text font="ERELLA+STXinwei" bbox="149.040,361.248,161.040,373.248" colourspace="ICCBased" ncolour="[0]" size="12.000">染</text>
                <text font="ERELLA+STXinwei" bbox="162.000,361.248,174.000,373.248" colourspace="ICCBased" ncolour="[0]" size="12.000">或</text>
                <text font="ERELLA+STXinwei" bbox="174.720,361.248,186.720,373.248" colourspace="ICCBased" ncolour="[0]" size="12.000">患</text>
                <text font="ERELLA+STXinwei" bbox="187.680,361.248,199.680,373.248" colourspace="ICCBased" ncolour="[0]" size="12.000">艾</text>
                <text>
                </text>
            </textline>
            <textline bbox="97.440,345.408,124.368,357.408">
                <text font="ERELLA+STXinwei" bbox="97.440,345.408,109.440,357.408" colourspace="ICCBased" ncolour="[0]" size="12.000">滋</text>
                <text font="ERELLA+STXinwei" bbox="109.440,345.408,121.440,357.408" colourspace="ICCBased" ncolour="[0]" size="12.000">病</text>
                <text font="ERELLA+STXinwei" bbox="121.440,345.408,124.368,357.408" colourspace="ICCBased" ncolour="[0]" size="12.000"> </text>
                <text>
                </text>
            </textline>
        </textbox>
        <textbox id="9" bbox="210.478,331.109,547.200,782.789">
            <textline bbox="210.480,772.229,389.039,782.789">
                <text font="JQUZDQ+SimSun" bbox="210.480,772.229,221.040,782.789" colourspace="ICCBased" ncolour="[0]" size="10.560">（</text>
                <text font="JTTPDQ+SimSun" bbox="221.040,772.229,226.320,782.789" colourspace="ICCBased" ncolour="[0]" size="10.560">2</text>
                <text font="JQUZDQ+SimSun" bbox="226.320,772.229,236.880,782.789" colourspace="ICCBased" ncolour="[0]" size="10.560">）</text>
                <text font="JQUZDQ+SimSun" bbox="236.880,772.229,247.440,782.789" colourspace="ICCBased" ncolour="[0]" size="10.560">须</text>
                <text font="JQUZDQ+SimSun" bbox="247.440,772.229,258.000,782.789" colourspace="ICCBased" ncolour="[0]" size="10.560">植</text>
                <text font="JQUZDQ+SimSun" bbox="258.000,772.229,268.560,782.789" colourspace="ICCBased" ncolour="[0]" size="10.560">入</text>
                <text font="JQUZDQ+SimSun" bbox="268.320,772.229,278.880,782.789" colourspace="ICCBased" ncolour="[0]" size="10.560">心</text>
                <text font="JQUZDQ+SimSun" bbox="278.880,772.229,289.440,782.789" colourspace="ICCBased" ncolour="[0]" size="10.560">脏</text>
                <text font="JQUZDQ+SimSun" bbox="289.440,772.229,300.000,782.789" colourspace="ICCBased" ncolour="[0]" size="10.560">起</text>
                <text font="JQUZDQ+SimSun" bbox="300.000,772.229,310.560,782.789" colourspace="ICCBased" ncolour="[0]" size="10.560">搏</text>
                <text font="JQUZDQ+SimSun" bbox="310.320,772.229,320.880,782.789" colourspace="ICCBased" ncolour="[0]" size="10.560">器</text>
                <text font="JQUZDQ+SimSun" bbox="320.880,772.229,331.440,782.789" colourspace="ICCBased" ncolour="[0]" size="10.560">治</text>
                <text font="JQUZDQ+SimSun" bbox="331.440,772.229,342.000,782.789" colourspace="ICCBased" ncolour="[0]" size="10.560">疗</text>
                <text font="JQUZDQ+SimSun" bbox="342.000,772.229,352.560,782.789" colourspace="ICCBased" ncolour="[0]" size="10.560">心</text>
                <text font="JQUZDQ+SimSun" bbox="352.320,772.229,362.880,782.789" colourspace="ICCBased" ncolour="[0]" size="10.560">脏</text>
                <text font="JQUZDQ+SimSun" bbox="362.880,772.229,373.440,782.789" colourspace="ICCBased" ncolour="[0]" size="10.560">病</text>
                <text font="JQUZDQ+SimSun" bbox="373.440,772.229,384.000,782.789" colourspace="ICCBased" ncolour="[0]" size="10.560">；</text>
                <text font="JTTPDQ+SimSun" bbox="383.759,772.229,389.039,782.789" colourspace="ICCBased" ncolour="[0]" size="10.560"> </text>
                <text>
                </text>
            </textline>
            <textline bbox="210.480,756.632,378.479,767.192">
                <text font="JQUZDQ+SimSun" bbox="210.480,756.632,221.040,767.192" colourspace="ICCBased" ncolour="[0]" size="10.560">（</text>
                <text font="JTTPDQ+SimSun" bbox="221.040,756.632,226.320,767.192" colourspace="ICCBased" ncolour="[0]" size="10.560">3</text>
                <text font="JQUZDQ+SimSun" bbox="226.320,756.632,236.880,767.192" colourspace="ICCBased" ncolour="[0]" size="10.560">）</text>
                <text font="JQUZDQ+SimSun" bbox="236.880,756.632,247.440,767.192" colourspace="ICCBased" ncolour="[0]" size="10.560">因</text>
                <text font="JQUZDQ+SimSun" bbox="247.440,756.632,258.000,767.192" colourspace="ICCBased" ncolour="[0]" size="10.560">坏</text>
                <text font="JQUZDQ+SimSun" bbox="258.000,756.632,268.560,767.192" colourspace="ICCBased" ncolour="[0]" size="10.560">疽</text>
                <text font="JQUZDQ+SimSun" bbox="268.320,756.632,278.880,767.192" colourspace="ICCBased" ncolour="[0]" size="10.560">需</text>
                <text font="JQUZDQ+SimSun" bbox="278.880,756.632,289.440,767.192" colourspace="ICCBased" ncolour="[0]" size="10.560">切</text>
                <text font="JQUZDQ+SimSun" bbox="289.440,756.632,300.000,767.192" colourspace="ICCBased" ncolour="[0]" size="10.560">除</text>
                <text font="JQUZDQ+SimSun" bbox="300.000,756.632,310.560,767.192" colourspace="ICCBased" ncolour="[0]" size="10.560">至</text>
                <text font="JQUZDQ+SimSun" bbox="310.320,756.632,320.880,767.192" colourspace="ICCBased" ncolour="[0]" size="10.560">少</text>
                <text font="JQUZDQ+SimSun" bbox="320.880,756.632,331.440,767.192" colourspace="ICCBased" ncolour="[0]" size="10.560">一</text>
                <text font="JQUZDQ+SimSun" bbox="331.440,756.632,342.000,767.192" colourspace="ICCBased" ncolour="[0]" size="10.560">个</text>
                <text font="JQUZDQ+SimSun" bbox="342.000,756.632,352.560,767.192" colourspace="ICCBased" ncolour="[0]" size="10.560">脚</text>
                <text font="JQUZDQ+SimSun" bbox="352.320,756.632,362.880,767.192" colourspace="ICCBased" ncolour="[0]" size="10.560">趾</text>
                <text font="JQUZDQ+SimSun" bbox="362.880,756.632,373.440,767.192" colourspace="ICCBased" ncolour="[0]" size="10.560">。</text>
                <text font="JTTPDQ+SimSun" bbox="373.199,756.632,378.479,767.192" colourspace="ICCBased" ncolour="[0]" size="10.560"> </text>
                <text>
                </text>
            </textline>
            <textline bbox="210.480,741.029,215.760,751.589">
                <text font="JTTPDQ+SimSun" bbox="210.480,741.029,215.760,751.589" colourspace="ICCBased" ncolour="[0]" size="10.560"> </text>
                <text>
                </text>
            </textline>
            <textline bbox="210.480,728.309,547.196,738.869">
                <text font="JQUZDQ+SimSun" bbox="210.480,728.309,221.040,738.869" colourspace="ICCBased" ncolour="[0]" size="10.560">指</text>
                <text font="JQUZDQ+SimSun" bbox="221.040,728.309,231.600,738.869" colourspace="ICCBased" ncolour="[0]" size="10.560">烧</text>
                <text font="JQUZDQ+SimSun" bbox="231.600,728.309,242.160,738.869" colourspace="ICCBased" ncolour="[0]" size="10.560">伤</text>
                <text font="JQUZDQ+SimSun" bbox="242.160,728.309,252.720,738.869" colourspace="ICCBased" ncolour="[0]" size="10.560">程</text>
                <text font="JQUZDQ+SimSun" bbox="252.720,728.309,263.280,738.869" colourspace="ICCBased" ncolour="[0]" size="10.560">度</text>
                <text font="JQUZDQ+SimSun" bbox="263.280,728.309,273.840,738.869" colourspace="ICCBased" ncolour="[0]" size="10.560">为</text>
                <text font="JQUZDQ+SimSun" bbox="273.840,728.309,284.400,738.869" colourspace="ICCBased" ncolour="[0]" size="10.560">Ⅲ</text>
                <text font="JQUZDQ+SimSun" bbox="284.400,728.309,294.960,738.869" colourspace="ICCBased" ncolour="[0]" size="10.560">度</text>
                <text font="JQUZDQ+SimSun" bbox="294.720,728.309,305.280,738.869" colourspace="ICCBased" ncolour="[0]" size="10.560">，</text>
                <text font="JQUZDQ+SimSun" bbox="305.280,728.309,315.840,738.869" colourspace="ICCBased" ncolour="[0]" size="10.560">且</text>
                <text font="JQUZDQ+SimSun" bbox="315.840,728.309,326.400,738.869" colourspace="ICCBased" ncolour="[0]" size="10.560">Ⅲ</text>
                <text font="JQUZDQ+SimSun" bbox="326.400,728.309,336.960,738.869" colourspace="ICCBased" ncolour="[0]" size="10.560">度</text>
                <text font="JQUZDQ+SimSun" bbox="336.960,728.309,347.520,738.869" colourspace="ICCBased" ncolour="[0]" size="10.560">烧</text>
                <text font="JQUZDQ+SimSun" bbox="347.280,728.309,357.840,738.869" colourspace="ICCBased" ncolour="[0]" size="10.560">伤</text>
                <text font="JQUZDQ+SimSun" bbox="357.840,728.309,368.400,738.869" colourspace="ICCBased" ncolour="[0]" size="10.560">的</text>
                <text font="JQUZDQ+SimSun" bbox="368.400,728.309,378.960,738.869" colourspace="ICCBased" ncolour="[0]" size="10.560">面</text>
                <text font="JQUZDQ+SimSun" bbox="378.960,728.309,389.520,738.869" colourspace="ICCBased" ncolour="[0]" size="10.560">积</text>
                <text font="JQUZDQ+SimSun" bbox="389.520,728.309,400.080,738.869" colourspace="ICCBased" ncolour="[0]" size="10.560">达</text>
                <text font="JQUZDQ+SimSun" bbox="399.840,728.309,410.400,738.869" colourspace="ICCBased" ncolour="[0]" size="10.560">到</text>
                <text font="JQUZDQ+SimSun" bbox="410.400,728.309,420.960,738.869" colourspace="ICCBased" ncolour="[0]" size="10.560">全</text>
                <text font="JQUZDQ+SimSun" bbox="420.960,728.309,431.520,738.869" colourspace="ICCBased" ncolour="[0]" size="10.560">身</text>
                <text font="JQUZDQ+SimSun" bbox="431.520,728.309,442.080,738.869" colourspace="ICCBased" ncolour="[0]" size="10.560">体</text>
                <text font="JQUZDQ+SimSun" bbox="442.080,728.309,452.640,738.869" colourspace="ICCBased" ncolour="[0]" size="10.560">表</text>
                <text font="JQUZDQ+SimSun" bbox="452.400,728.309,462.960,738.869" colourspace="ICCBased" ncolour="[0]" size="10.560">面</text>
                <text font="JQUZDQ+SimSun" bbox="462.960,728.309,473.520,738.869" colourspace="ICCBased" ncolour="[0]" size="10.560">积</text>
                <text font="JQUZDQ+SimSun" bbox="473.520,728.309,484.080,738.869" colourspace="ICCBased" ncolour="[0]" size="10.560">的</text>
                <text> </text>
                <text font="JTTPDQ+SimSun" bbox="489.359,728.309,494.639,738.869" colourspace="ICCBased" ncolour="[0]" size="10.560">2</text>
                <text font="JTTPDQ+SimSun" bbox="494.639,728.309,499.919,738.869" colourspace="ICCBased" ncolour="[0]" size="10.560">0</text>
                <text font="JTTPDQ+SimSun" bbox="499.919,728.309,505.199,738.869" colourspace="ICCBased" ncolour="[0]" size="10.560">%</text>
                <text font="JQUZDQ+SimSun" bbox="505.199,728.309,515.759,738.869" colourspace="ICCBased" ncolour="[0]" size="10.560">或</text>
                <text> </text>
                <text font="JTTPDQ+SimSun" bbox="521.039,728.309,526.319,738.869" colourspace="ICCBased" ncolour="[0]" size="10.560">2</text>
                <text font="JTTPDQ+SimSun" bbox="526.076,728.309,531.356,738.869" colourspace="ICCBased" ncolour="[0]" size="10.560">0</text>
                <text font="JTTPDQ+SimSun" bbox="531.356,728.309,536.636,738.869" colourspace="ICCBased" ncolour="[0]" size="10.560">%</text>
                <text font="JQUZDQ+SimSun" bbox="536.636,728.309,547.196,738.869" colourspace="ICCBased" ncolour="[0]" size="10.560">以</text>
                <text>
                </text>
            </textline>
            <textline bbox="210.480,712.712,415.196,723.272">
                <text font="JQUZDQ+SimSun" bbox="210.480,712.712,221.040,723.272" colourspace="ICCBased" ncolour="[0]" size="10.560">上</text>
                <text font="JQUZDQ+SimSun" bbox="221.040,712.712,231.600,723.272" colourspace="ICCBased" ncolour="[0]" size="10.560">。</text>
                <text font="JQUZDQ+SimSun" bbox="231.600,712.712,242.160,723.272" colourspace="ICCBased" ncolour="[0]" size="10.560">体</text>
                <text font="JQUZDQ+SimSun" bbox="242.160,712.712,252.720,723.272" colourspace="ICCBased" ncolour="[0]" size="10.560">表</text>
                <text font="JQUZDQ+SimSun" bbox="252.720,712.712,263.280,723.272" colourspace="ICCBased" ncolour="[0]" size="10.560">面</text>
                <text font="JQUZDQ+SimSun" bbox="263.040,712.712,273.600,723.272" colourspace="ICCBased" ncolour="[0]" size="10.560">积</text>
                <text font="JQUZDQ+SimSun" bbox="273.600,712.712,284.160,723.272" colourspace="ICCBased" ncolour="[0]" size="10.560">根</text>
                <text font="JQUZDQ+SimSun" bbox="284.160,712.712,294.720,723.272" colourspace="ICCBased" ncolour="[0]" size="10.560">据</text>
                <text font="JQUZDQ+SimSun" bbox="294.720,712.712,305.280,723.272" colourspace="ICCBased" ncolour="[0]" size="10.560">《</text>
                <text font="JQUZDQ+SimSun" bbox="305.040,712.712,315.600,723.272" colourspace="ICCBased" ncolour="[0]" size="10.560">中</text>
                <text font="JQUZDQ+SimSun" bbox="315.600,712.712,326.160,723.272" colourspace="ICCBased" ncolour="[0]" size="10.560">国</text>
                <text font="JQUZDQ+SimSun" bbox="326.160,712.712,336.720,723.272" colourspace="ICCBased" ncolour="[0]" size="10.560">新</text>
                <text font="JQUZDQ+SimSun" bbox="336.720,712.712,347.280,723.272" colourspace="ICCBased" ncolour="[0]" size="10.560">九</text>
                <text font="JQUZDQ+SimSun" bbox="347.040,712.712,357.600,723.272" colourspace="ICCBased" ncolour="[0]" size="10.560">分</text>
                <text font="JQUZDQ+SimSun" bbox="357.600,712.712,368.160,723.272" colourspace="ICCBased" ncolour="[0]" size="10.560">法</text>
                <text font="JQUZDQ+SimSun" bbox="368.160,712.712,378.720,723.272" colourspace="ICCBased" ncolour="[0]" size="10.560">》</text>
                <text font="JQUZDQ+SimSun" bbox="378.720,712.712,389.280,723.272" colourspace="ICCBased" ncolour="[0]" size="10.560">计</text>
                <text font="JQUZDQ+SimSun" bbox="389.040,712.712,399.600,723.272" colourspace="ICCBased" ncolour="[0]" size="10.560">算</text>
                <text font="JQUZDQ+SimSun" bbox="399.600,712.712,410.160,723.272" colourspace="ICCBased" ncolour="[0]" size="10.560">。</text>
                <text font="JTTPDQ+SimSun" bbox="409.916,712.712,415.196,723.272" colourspace="ICCBased" ncolour="[0]" size="10.560"> </text>
                <text>
                </text>
            </textline>
            <textline bbox="210.480,697.109,215.760,707.669">
                <text font="JTTPDQ+SimSun" bbox="210.480,697.109,215.760,707.669" colourspace="ICCBased" ncolour="[0]" size="10.560"> </text>
                <text>
                </text>
            </textline>
            <textline bbox="210.480,684.389,547.200,694.949">
                <text font="JQUZDQ+SimSun" bbox="210.480,684.389,221.040,694.949" colourspace="ICCBased" ncolour="[0]" size="10.560">指</text>
                <text font="JQUZDQ+SimSun" bbox="221.040,684.389,231.600,694.949" colourspace="ICCBased" ncolour="[0]" size="10.560">广</text>
                <text font="JQUZDQ+SimSun" bbox="231.600,684.389,242.160,694.949" colourspace="ICCBased" ncolour="[0]" size="10.560">泛</text>
                <text font="JQUZDQ+SimSun" bbox="242.160,684.389,252.720,694.949" colourspace="ICCBased" ncolour="[0]" size="10.560">分</text>
                <text font="JQUZDQ+SimSun" bbox="252.720,684.389,263.280,694.949" colourspace="ICCBased" ncolour="[0]" size="10.560">布</text>
                <text font="JQUZDQ+SimSun" bbox="263.280,684.389,273.840,694.949" colourspace="ICCBased" ncolour="[0]" size="10.560">的</text>
                <text font="JQUZDQ+SimSun" bbox="273.840,684.389,284.400,694.949" colourspace="ICCBased" ncolour="[0]" size="10.560">慢</text>
                <text font="JQUZDQ+SimSun" bbox="284.160,684.389,294.720,694.949" colourspace="ICCBased" ncolour="[0]" size="10.560">性</text>
                <text font="JQUZDQ+SimSun" bbox="294.720,684.389,305.280,694.949" colourspace="ICCBased" ncolour="[0]" size="10.560">进</text>
                <text font="JQUZDQ+SimSun" bbox="305.280,684.389,315.840,694.949" colourspace="ICCBased" ncolour="[0]" size="10.560">行</text>
                <text font="JQUZDQ+SimSun" bbox="315.840,684.389,326.400,694.949" colourspace="ICCBased" ncolour="[0]" size="10.560">性</text>
                <text font="JQUZDQ+SimSun" bbox="326.400,684.389,336.960,694.949" colourspace="ICCBased" ncolour="[0]" size="10.560">多</text>
                <text font="JQUZDQ+SimSun" bbox="336.960,684.389,347.520,694.949" colourspace="ICCBased" ncolour="[0]" size="10.560">关</text>
                <text font="JQUZDQ+SimSun" bbox="347.280,684.389,357.840,694.949" colourspace="ICCBased" ncolour="[0]" size="10.560">节</text>
                <text font="JQUZDQ+SimSun" bbox="357.840,684.389,368.400,694.949" colourspace="ICCBased" ncolour="[0]" size="10.560">病</text>
                <text font="JQUZDQ+SimSun" bbox="368.400,684.389,378.960,694.949" colourspace="ICCBased" ncolour="[0]" size="10.560">变</text>
                <text font="JQUZDQ+SimSun" bbox="378.960,684.389,389.520,694.949" colourspace="ICCBased" ncolour="[0]" size="10.560">，</text>
                <text font="JQUZDQ+SimSun" bbox="389.520,684.389,400.080,694.949" colourspace="ICCBased" ncolour="[0]" size="10.560">表</text>
                <text font="JQUZDQ+SimSun" bbox="399.840,684.389,410.400,694.949" colourspace="ICCBased" ncolour="[0]" size="10.560">现</text>
                <text font="JQUZDQ+SimSun" bbox="410.400,684.389,420.960,694.949" colourspace="ICCBased" ncolour="[0]" size="10.560">为</text>
                <text font="JQUZDQ+SimSun" bbox="420.960,684.389,431.520,694.949" colourspace="ICCBased" ncolour="[0]" size="10.560">关</text>
                <text font="JQUZDQ+SimSun" bbox="431.520,684.389,442.080,694.949" colourspace="ICCBased" ncolour="[0]" size="10.560">节</text>
                <text font="JQUZDQ+SimSun" bbox="442.080,684.389,452.640,694.949" colourspace="ICCBased" ncolour="[0]" size="10.560">严</text>
                <text font="JQUZDQ+SimSun" bbox="452.400,684.389,462.960,694.949" colourspace="ICCBased" ncolour="[0]" size="10.560">重</text>
                <text font="JQUZDQ+SimSun" bbox="462.960,684.389,473.520,694.949" colourspace="ICCBased" ncolour="[0]" size="10.560">变</text>
                <text font="JQUZDQ+SimSun" bbox="473.520,684.389,484.080,694.949" colourspace="ICCBased" ncolour="[0]" size="10.560">形</text>
                <text font="JQUZDQ+SimSun" bbox="484.080,684.389,494.640,694.949" colourspace="ICCBased" ncolour="[0]" size="10.560">，</text>
                <text font="JQUZDQ+SimSun" bbox="494.640,684.389,505.200,694.949" colourspace="ICCBased" ncolour="[0]" size="10.560">侵</text>
                <text font="JQUZDQ+SimSun" bbox="505.200,684.389,515.760,694.949" colourspace="ICCBased" ncolour="[0]" size="10.560">犯</text>
                <text font="JQUZDQ+SimSun" bbox="515.760,684.389,526.320,694.949" colourspace="ICCBased" ncolour="[0]" size="10.560">至</text>
                <text font="JQUZDQ+SimSun" bbox="526.080,684.389,536.640,694.949" colourspace="ICCBased" ncolour="[0]" size="10.560">少</text>
                <text font="JQUZDQ+SimSun" bbox="536.640,684.389,547.200,694.949" colourspace="ICCBased" ncolour="[0]" size="10.560">三</text>
                <text>
                </text>
            </textline>
            <textline bbox="210.480,668.789,547.200,679.352">
                <text font="JQUZDQ+SimSun" bbox="210.480,668.792,221.040,679.352" colourspace="ICCBased" ncolour="[0]" size="10.560">个</text>
                <text font="JQUZDQ+SimSun" bbox="221.040,668.792,231.600,679.352" colourspace="ICCBased" ncolour="[0]" size="10.560">主</text>
                <text font="JQUZDQ+SimSun" bbox="231.600,668.792,242.160,679.352" colourspace="ICCBased" ncolour="[0]" size="10.560">要</text>
                <text font="JQUZDQ+SimSun" bbox="242.160,668.792,252.720,679.352" colourspace="ICCBased" ncolour="[0]" size="10.560">关</text>
                <text font="JQUZDQ+SimSun" bbox="252.720,668.792,263.280,679.352" colourspace="ICCBased" ncolour="[0]" size="10.560">节</text>
                <text font="JQUZDQ+SimSun" bbox="263.040,668.792,273.600,679.352" colourspace="ICCBased" ncolour="[0]" size="10.560">或</text>
                <text font="JQUZDQ+SimSun" bbox="273.600,668.792,284.160,679.352" colourspace="ICCBased" ncolour="[0]" size="10.560">关</text>
                <text font="JQUZDQ+SimSun" bbox="284.160,668.792,294.720,679.352" colourspace="ICCBased" ncolour="[0]" size="10.560">节</text>
                <text font="JQUZDQ+SimSun" bbox="294.720,668.792,305.280,679.352" colourspace="ICCBased" ncolour="[0]" size="10.560">组</text>
                <text font="JQUZDQ+SimSun" bbox="304.560,668.792,315.120,679.352" colourspace="ICCBased" ncolour="[0]" size="10.560">（</text>
                <text font="JQUZDQ+SimSun" bbox="314.880,668.792,325.440,679.352" colourspace="ICCBased" ncolour="[0]" size="10.560">如</text>
                <text font="JTTPDQ+SimSun" bbox="325.440,668.792,330.720,679.352" colourspace="ICCBased" ncolour="[0]" size="10.560">:</text>
                <text font="JQUZDQ+SimSun" bbox="330.720,668.789,341.280,679.349" colourspace="ICCBased" ncolour="[0]" size="10.560">双</text>
                <text font="JQUZDQ+SimSun" bbox="341.280,668.789,351.840,679.349" colourspace="ICCBased" ncolour="[0]" size="10.560">手</text>
                <text font="JQUZDQ+SimSun" bbox="351.120,668.789,361.680,679.349" colourspace="ICCBased" ncolour="[0]" size="10.560">（</text>
                <text font="JQUZDQ+SimSun" bbox="361.440,668.789,372.000,679.349" colourspace="ICCBased" ncolour="[0]" size="10.560">多</text>
                <text font="JQUZDQ+SimSun" bbox="372.000,668.789,382.560,679.349" colourspace="ICCBased" ncolour="[0]" size="10.560">手</text>
                <text font="JQUZDQ+SimSun" bbox="382.560,668.789,393.120,679.349" colourspace="ICCBased" ncolour="[0]" size="10.560">指</text>
                <text font="JQUZDQ+SimSun" bbox="393.120,668.789,403.680,679.349" colourspace="ICCBased" ncolour="[0]" size="10.560">）</text>
                <text font="JQUZDQ+SimSun" bbox="402.960,668.789,413.520,679.349" colourspace="ICCBased" ncolour="[0]" size="10.560">关</text>
                <text font="JQUZDQ+SimSun" bbox="413.280,668.789,423.840,679.349" colourspace="ICCBased" ncolour="[0]" size="10.560">节</text>
                <text font="JQUZDQ+SimSun" bbox="423.840,668.789,434.400,679.349" colourspace="ICCBased" ncolour="[0]" size="10.560">、</text>
                <text font="JQUZDQ+SimSun" bbox="433.680,668.789,444.240,679.349" colourspace="ICCBased" ncolour="[0]" size="10.560">双</text>
                <text font="JQUZDQ+SimSun" bbox="444.240,668.789,454.800,679.349" colourspace="ICCBased" ncolour="[0]" size="10.560">足</text>
                <text font="JQUZDQ+SimSun" bbox="453.840,668.789,464.400,679.349" colourspace="ICCBased" ncolour="[0]" size="10.560">（</text>
                <text font="JQUZDQ+SimSun" bbox="464.400,668.789,474.960,679.349" colourspace="ICCBased" ncolour="[0]" size="10.560">多</text>
                <text font="JQUZDQ+SimSun" bbox="474.960,668.789,485.520,679.349" colourspace="ICCBased" ncolour="[0]" size="10.560">足</text>
                <text font="JQUZDQ+SimSun" bbox="485.520,668.789,496.080,679.349" colourspace="ICCBased" ncolour="[0]" size="10.560">趾</text>
                <text font="JQUZDQ+SimSun" bbox="496.080,668.789,506.640,679.349" colourspace="ICCBased" ncolour="[0]" size="10.560">）</text>
                <text font="JQUZDQ+SimSun" bbox="505.920,668.789,516.480,679.349" colourspace="ICCBased" ncolour="[0]" size="10.560">关</text>
                <text font="JQUZDQ+SimSun" bbox="516.480,668.789,527.040,679.349" colourspace="ICCBased" ncolour="[0]" size="10.560">节</text>
                <text font="JQUZDQ+SimSun" bbox="526.800,668.789,537.360,679.349" colourspace="ICCBased" ncolour="[0]" size="10.560">、</text>
                <text font="JQUZDQ+SimSun" bbox="536.640,668.789,547.200,679.349" colourspace="ICCBased" ncolour="[0]" size="10.560">双</text>
                <text>
                </text>
            </textline>
            <textline bbox="210.480,653.189,547.200,663.749">
                <text font="JQUZDQ+SimSun" bbox="210.480,653.189,221.040,663.749" colourspace="ICCBased" ncolour="[0]" size="10.560">腕</text>
                <text font="JQUZDQ+SimSun" bbox="221.040,653.189,231.600,663.749" colourspace="ICCBased" ncolour="[0]" size="10.560">关</text>
                <text font="JQUZDQ+SimSun" bbox="231.600,653.189,242.160,663.749" colourspace="ICCBased" ncolour="[0]" size="10.560">节</text>
                <text font="JQUZDQ+SimSun" bbox="242.160,653.189,252.720,663.749" colourspace="ICCBased" ncolour="[0]" size="10.560">、</text>
                <text font="JQUZDQ+SimSun" bbox="252.720,653.189,263.280,663.749" colourspace="ICCBased" ncolour="[0]" size="10.560">双</text>
                <text font="JQUZDQ+SimSun" bbox="263.280,653.189,273.840,663.749" colourspace="ICCBased" ncolour="[0]" size="10.560">膝</text>
                <text font="JQUZDQ+SimSun" bbox="273.840,653.189,284.400,663.749" colourspace="ICCBased" ncolour="[0]" size="10.560">关</text>
                <text font="JQUZDQ+SimSun" bbox="284.160,653.189,294.720,663.749" colourspace="ICCBased" ncolour="[0]" size="10.560">节</text>
                <text font="JQUZDQ+SimSun" bbox="294.720,653.189,305.280,663.749" colourspace="ICCBased" ncolour="[0]" size="10.560">和</text>
                <text font="JQUZDQ+SimSun" bbox="305.280,653.189,315.840,663.749" colourspace="ICCBased" ncolour="[0]" size="10.560">双</text>
                <text font="JQUZDQ+SimSun" bbox="315.840,653.189,326.400,663.749" colourspace="ICCBased" ncolour="[0]" size="10.560">髋</text>
                <text font="JQUZDQ+SimSun" bbox="326.400,653.189,336.960,663.749" colourspace="ICCBased" ncolour="[0]" size="10.560">关</text>
                <text font="JQUZDQ+SimSun" bbox="336.960,653.189,347.520,663.749" colourspace="ICCBased" ncolour="[0]" size="10.560">节</text>
                <text font="JQUZDQ+SimSun" bbox="347.280,653.189,357.840,663.749" colourspace="ICCBased" ncolour="[0]" size="10.560">）</text>
                <text font="JQUZDQ+SimSun" bbox="357.840,653.189,368.400,663.749" colourspace="ICCBased" ncolour="[0]" size="10.560">。</text>
                <text font="JQUZDQ+SimSun" bbox="368.400,653.189,378.960,663.749" colourspace="ICCBased" ncolour="[0]" size="10.560">被</text>
                <text font="JQUZDQ+SimSun" bbox="378.960,653.189,389.520,663.749" colourspace="ICCBased" ncolour="[0]" size="10.560">保</text>
                <text font="JQUZDQ+SimSun" bbox="389.520,653.189,400.080,663.749" colourspace="ICCBased" ncolour="[0]" size="10.560">险</text>
                <text font="JQUZDQ+SimSun" bbox="399.840,653.189,410.400,663.749" colourspace="ICCBased" ncolour="[0]" size="10.560">人</text>
                <text font="JQUZDQ+SimSun" bbox="410.400,653.189,420.960,663.749" colourspace="ICCBased" ncolour="[0]" size="10.560">所</text>
                <text font="JQUZDQ+SimSun" bbox="420.960,653.189,431.520,663.749" colourspace="ICCBased" ncolour="[0]" size="10.560">患</text>
                <text font="JQUZDQ+SimSun" bbox="431.520,653.189,442.080,663.749" colourspace="ICCBased" ncolour="[0]" size="10.560">的</text>
                <text font="JQUZDQ+SimSun" bbox="442.080,653.189,452.640,663.749" colourspace="ICCBased" ncolour="[0]" size="10.560">类</text>
                <text font="JQUZDQ+SimSun" bbox="452.400,653.189,462.960,663.749" colourspace="ICCBased" ncolour="[0]" size="10.560">风</text>
                <text font="JQUZDQ+SimSun" bbox="462.960,653.189,473.520,663.749" colourspace="ICCBased" ncolour="[0]" size="10.560">湿</text>
                <text font="JQUZDQ+SimSun" bbox="473.520,653.189,484.080,663.749" colourspace="ICCBased" ncolour="[0]" size="10.560">性</text>
                <text font="JQUZDQ+SimSun" bbox="484.080,653.189,494.640,663.749" colourspace="ICCBased" ncolour="[0]" size="10.560">关</text>
                <text font="JQUZDQ+SimSun" bbox="494.640,653.189,505.200,663.749" colourspace="ICCBased" ncolour="[0]" size="10.560">节</text>
                <text font="JQUZDQ+SimSun" bbox="505.200,653.189,515.760,663.749" colourspace="ICCBased" ncolour="[0]" size="10.560">炎</text>
                <text font="JQUZDQ+SimSun" bbox="515.760,653.189,526.320,663.749" colourspace="ICCBased" ncolour="[0]" size="10.560">必</text>
                <text font="JQUZDQ+SimSun" bbox="526.080,653.189,536.640,663.749" colourspace="ICCBased" ncolour="[0]" size="10.560">须</text>
                <text font="JQUZDQ+SimSun" bbox="536.640,653.189,547.200,663.749" colourspace="ICCBased" ncolour="[0]" size="10.560">明</text>
                <text>
                </text>
            </textline>
            <textline bbox="210.480,637.589,547.200,648.152">
                <text font="JQUZDQ+SimSun" bbox="210.480,637.592,221.040,648.152" colourspace="ICCBased" ncolour="[0]" size="10.560">确</text>
                <text font="JQUZDQ+SimSun" bbox="221.040,637.592,231.600,648.152" colourspace="ICCBased" ncolour="[0]" size="10.560">诊</text>
                <text font="JQUZDQ+SimSun" bbox="231.600,637.592,242.160,648.152" colourspace="ICCBased" ncolour="[0]" size="10.560">断</text>
                <text font="JQUZDQ+SimSun" bbox="242.160,637.592,252.720,648.152" colourspace="ICCBased" ncolour="[0]" size="10.560">并</text>
                <text font="JQUZDQ+SimSun" bbox="252.720,637.592,263.280,648.152" colourspace="ICCBased" ncolour="[0]" size="10.560">且</text>
                <text font="JQUZDQ+SimSun" bbox="263.280,637.592,273.840,648.152" colourspace="ICCBased" ncolour="[0]" size="10.560">已</text>
                <text font="JQUZDQ+SimSun" bbox="273.840,637.592,284.400,648.152" colourspace="ICCBased" ncolour="[0]" size="10.560">经</text>
                <text font="JQUZDQ+SimSun" bbox="284.400,637.592,294.960,648.152" colourspace="ICCBased" ncolour="[0]" size="10.560">达</text>
                <text font="JQUZDQ+SimSun" bbox="294.720,637.592,305.280,648.152" colourspace="ICCBased" ncolour="[0]" size="10.560">到</text>
                <text font="JQUZDQ+SimSun" bbox="305.280,637.592,315.840,648.152" colourspace="ICCBased" ncolour="[0]" size="10.560">类</text>
                <text font="JQUZDQ+SimSun" bbox="315.840,637.592,326.400,648.152" colourspace="ICCBased" ncolour="[0]" size="10.560">风</text>
                <text font="JQUZDQ+SimSun" bbox="326.400,637.592,336.960,648.152" colourspace="ICCBased" ncolour="[0]" size="10.560">湿</text>
                <text font="JQUZDQ+SimSun" bbox="336.960,637.592,347.520,648.152" colourspace="ICCBased" ncolour="[0]" size="10.560">性</text>
                <text font="JQUZDQ+SimSun" bbox="347.280,637.592,357.840,648.152" colourspace="ICCBased" ncolour="[0]" size="10.560">关</text>
                <text font="JQUZDQ+SimSun" bbox="357.840,637.592,368.400,648.152" colourspace="ICCBased" ncolour="[0]" size="10.560">节</text>
                <text font="JQUZDQ+SimSun" bbox="368.400,637.592,378.960,648.152" colourspace="ICCBased" ncolour="[0]" size="10.560">炎</text>
                <text font="JQUZDQ+SimSun" bbox="378.960,637.592,389.520,648.152" colourspace="ICCBased" ncolour="[0]" size="10.560">功</text>
                <text font="JQUZDQ+SimSun" bbox="389.520,637.592,400.080,648.152" colourspace="ICCBased" ncolour="[0]" size="10.560">能</text>
                <text font="JQUZDQ+SimSun" bbox="399.840,637.592,410.400,648.152" colourspace="ICCBased" ncolour="[0]" size="10.560">分</text>
                <text font="JQUZDQ+SimSun" bbox="410.400,637.592,420.960,648.152" colourspace="ICCBased" ncolour="[0]" size="10.560">级</text>
                <text> </text>
                <text font="JTTPDQ+SimSun" bbox="426.240,637.589,431.520,648.149" colourspace="ICCBased" ncolour="[0]" size="10.560">I</text>
                <text font="JTTPDQ+SimSun" bbox="431.520,637.589,436.800,648.149" colourspace="ICCBased" ncolour="[0]" size="10.560">V</text>
                <text> </text>
                <text font="JQUZDQ+SimSun" bbox="442.080,637.589,452.640,648.149" colourspace="ICCBased" ncolour="[0]" size="10.560">级</text>
                <text font="JQUZDQ+SimSun" bbox="452.400,637.589,462.960,648.149" colourspace="ICCBased" ncolour="[0]" size="10.560">的</text>
                <text font="JQUZDQ+SimSun" bbox="462.960,637.589,473.520,648.149" colourspace="ICCBased" ncolour="[0]" size="10.560">永</text>
                <text font="JQUZDQ+SimSun" bbox="473.520,637.589,484.080,648.149" colourspace="ICCBased" ncolour="[0]" size="10.560">久</text>
                <text font="JQUZDQ+SimSun" bbox="484.080,637.589,494.640,648.149" colourspace="ICCBased" ncolour="[0]" size="10.560">不</text>
                <text font="JQUZDQ+SimSun" bbox="494.640,637.589,505.200,648.149" colourspace="ICCBased" ncolour="[0]" size="10.560">可</text>
                <text font="JQUZDQ+SimSun" bbox="505.200,637.589,515.760,648.149" colourspace="ICCBased" ncolour="[0]" size="10.560">逆</text>
                <text font="JQUZDQ+SimSun" bbox="515.760,637.589,526.320,648.149" colourspace="ICCBased" ncolour="[0]" size="10.560">性</text>
                <text font="JQUZDQ+SimSun" bbox="526.080,637.589,536.640,648.149" colourspace="ICCBased" ncolour="[0]" size="10.560">关</text>
                <text font="JQUZDQ+SimSun" bbox="536.640,637.589,547.200,648.149" colourspace="ICCBased" ncolour="[0]" size="10.560">节</text>
                <text>
                </text>
            </textline>
            <textline bbox="210.478,621.992,541.196,632.552">
                <text font="JQUZDQ+SimSun" bbox="210.478,621.992,221.038,632.552" colourspace="ICCBased" ncolour="[0]" size="10.560">功</text>
                <text font="JQUZDQ+SimSun" bbox="221.038,621.992,231.598,632.552" colourspace="ICCBased" ncolour="[0]" size="10.560">能</text>
                <text font="JQUZDQ+SimSun" bbox="231.598,621.992,242.158,632.552" colourspace="ICCBased" ncolour="[0]" size="10.560">障</text>
                <text font="JQUZDQ+SimSun" bbox="242.158,621.992,252.718,632.552" colourspace="ICCBased" ncolour="[0]" size="10.560">碍</text>
                <text font="JQUZDQ+SimSun" bbox="252.718,621.992,263.278,632.552" colourspace="ICCBased" ncolour="[0]" size="10.560">（</text>
                <text font="JQUZDQ+SimSun" bbox="263.038,621.992,273.598,632.552" colourspace="ICCBased" ncolour="[0]" size="10.560">生</text>
                <text font="JQUZDQ+SimSun" bbox="273.598,621.992,284.158,632.552" colourspace="ICCBased" ncolour="[0]" size="10.560">活</text>
                <text font="JQUZDQ+SimSun" bbox="284.158,621.992,294.718,632.552" colourspace="ICCBased" ncolour="[0]" size="10.560">不</text>
                <text font="JQUZDQ+SimSun" bbox="294.718,621.992,305.278,632.552" colourspace="ICCBased" ncolour="[0]" size="10.560">能</text>
                <text font="JQUZDQ+SimSun" bbox="305.038,621.992,315.598,632.552" colourspace="ICCBased" ncolour="[0]" size="10.560">自</text>
                <text font="JQUZDQ+SimSun" bbox="315.598,621.992,326.158,632.552" colourspace="ICCBased" ncolour="[0]" size="10.560">理</text>
                <text font="JQUZDQ+SimSun" bbox="326.158,621.992,336.718,632.552" colourspace="ICCBased" ncolour="[0]" size="10.560">，</text>
                <text font="JQUZDQ+SimSun" bbox="336.718,621.992,347.278,632.552" colourspace="ICCBased" ncolour="[0]" size="10.560">且</text>
                <text font="JQUZDQ+SimSun" bbox="347.038,621.992,357.598,632.552" colourspace="ICCBased" ncolour="[0]" size="10.560">丧</text>
                <text font="JQUZDQ+SimSun" bbox="357.598,621.992,368.158,632.552" colourspace="ICCBased" ncolour="[0]" size="10.560">失</text>
                <text font="JQUZDQ+SimSun" bbox="368.158,621.992,378.718,632.552" colourspace="ICCBased" ncolour="[0]" size="10.560">工</text>
                <text font="JQUZDQ+SimSun" bbox="378.718,621.992,389.278,632.552" colourspace="ICCBased" ncolour="[0]" size="10.560">作</text>
                <text font="JQUZDQ+SimSun" bbox="389.038,621.992,399.598,632.552" colourspace="ICCBased" ncolour="[0]" size="10.560">能</text>
                <text font="JQUZDQ+SimSun" bbox="399.598,621.992,410.158,632.552" colourspace="ICCBased" ncolour="[0]" size="10.560">力</text>
                <text font="JQUZDQ+SimSun" bbox="410.158,621.992,420.718,632.552" colourspace="ICCBased" ncolour="[0]" size="10.560">）</text>
                <text font="JQUZDQ+SimSun" bbox="420.718,621.992,431.278,632.552" colourspace="ICCBased" ncolour="[0]" size="10.560">并</text>
                <text font="JQUZDQ+SimSun" bbox="431.038,621.992,441.598,632.552" colourspace="ICCBased" ncolour="[0]" size="10.560">须</text>
                <text font="JQUZDQ+SimSun" bbox="441.598,621.992,452.158,632.552" colourspace="ICCBased" ncolour="[0]" size="10.560">满</text>
                <text font="JQUZDQ+SimSun" bbox="451.918,621.992,462.478,632.552" colourspace="ICCBased" ncolour="[0]" size="10.560">足</text>
                <text font="JQUZDQ+SimSun" bbox="462.478,621.992,473.038,632.552" colourspace="ICCBased" ncolour="[0]" size="10.560">下</text>
                <text font="JQUZDQ+SimSun" bbox="473.038,621.992,483.598,632.552" colourspace="ICCBased" ncolour="[0]" size="10.560">列</text>
                <text font="JQUZDQ+SimSun" bbox="483.598,621.992,494.158,632.552" colourspace="ICCBased" ncolour="[0]" size="10.560">全</text>
                <text font="JQUZDQ+SimSun" bbox="494.158,621.992,504.718,632.552" colourspace="ICCBased" ncolour="[0]" size="10.560">部</text>
                <text font="JQUZDQ+SimSun" bbox="504.478,621.992,515.038,632.552" colourspace="ICCBased" ncolour="[0]" size="10.560">条</text>
                <text font="JQUZDQ+SimSun" bbox="515.038,621.992,525.598,632.552" colourspace="ICCBased" ncolour="[0]" size="10.560">件</text>
                <text font="JQUZDQ+SimSun" bbox="525.598,621.992,536.158,632.552" colourspace="ICCBased" ncolour="[0]" size="10.560">：</text>
                <text font="JTTPDQ+SimSun" bbox="535.916,621.992,541.196,632.552" colourspace="ICCBased" ncolour="[0]" size="10.560"> </text>
                <text>
                </text>
            </textline>
            <textline bbox="210.478,606.395,273.595,616.955">
                <text font="JQUZDQ+SimSun" bbox="210.478,606.395,221.038,616.955" colourspace="ICCBased" ncolour="[0]" size="10.560">（</text>
                <text font="JTTPDQ+SimSun" bbox="221.038,606.395,226.318,616.955" colourspace="ICCBased" ncolour="[0]" size="10.560">1</text>
                <text font="JQUZDQ+SimSun" bbox="226.318,606.395,236.878,616.955" colourspace="ICCBased" ncolour="[0]" size="10.560">）</text>
                <text font="JQUZDQ+SimSun" bbox="236.878,606.395,247.438,616.955" colourspace="ICCBased" ncolour="[0]" size="10.560">晨</text>
                <text font="JQUZDQ+SimSun" bbox="247.438,606.395,257.998,616.955" colourspace="ICCBased" ncolour="[0]" size="10.560">僵</text>
                <text font="JQUZDQ+SimSun" bbox="257.998,606.395,268.558,616.955" colourspace="ICCBased" ncolour="[0]" size="10.560">；</text>
                <text font="JTTPDQ+SimSun" bbox="268.315,606.395,273.595,616.955" colourspace="ICCBased" ncolour="[0]" size="10.560"> </text>
                <text>
                </text>
            </textline>
            <textline bbox="210.478,590.797,315.603,601.357">
                <text font="JQUZDQ+SimSun" bbox="210.478,590.797,221.038,601.357" colourspace="ICCBased" ncolour="[0]" size="10.560">（</text>
                <text font="JTTPDQ+SimSun" bbox="221.038,590.797,226.318,601.357" colourspace="ICCBased" ncolour="[0]" size="10.560">2</text>
                <text font="JQUZDQ+SimSun" bbox="226.318,590.797,236.878,601.357" colourspace="ICCBased" ncolour="[0]" size="10.560">）</text>
                <text font="JQUZDQ+SimSun" bbox="236.878,590.797,247.438,601.357" colourspace="ICCBased" ncolour="[0]" size="10.560">对</text>
                <text font="JQUZDQ+SimSun" bbox="247.438,590.797,257.998,601.357" colourspace="ICCBased" ncolour="[0]" size="10.560">称</text>
                <text font="JQUZDQ+SimSun" bbox="257.998,590.797,268.558,601.357" colourspace="ICCBased" ncolour="[0]" size="10.560">性</text>
                <text font="JQUZDQ+SimSun" bbox="268.318,590.797,278.878,601.357" colourspace="ICCBased" ncolour="[0]" size="10.560">关</text>
                <text font="JQUZDQ+SimSun" bbox="278.878,590.797,289.438,601.357" colourspace="ICCBased" ncolour="[0]" size="10.560">节</text>
                <text font="JQUZDQ+SimSun" bbox="289.438,590.797,299.998,601.357" colourspace="ICCBased" ncolour="[0]" size="10.560">炎</text>
                <text font="JQUZDQ+SimSun" bbox="299.998,590.797,310.558,601.357" colourspace="ICCBased" ncolour="[0]" size="10.560">；</text>
                <text font="JTTPDQ+SimSun" bbox="310.323,590.797,315.603,601.357" colourspace="ICCBased" ncolour="[0]" size="10.560"> </text>
                <text>
                </text>
            </textline>
            <textline bbox="210.478,575.200,336.480,585.760">
                <text font="JQUZDQ+SimSun" bbox="210.478,575.200,221.038,585.760" colourspace="ICCBased" ncolour="[0]" size="10.560">（</text>
                <text font="JTTPDQ+SimSun" bbox="221.038,575.200,226.318,585.760" colourspace="ICCBased" ncolour="[0]" size="10.560">3</text>
                <text font="JQUZDQ+SimSun" bbox="226.318,575.200,236.878,585.760" colourspace="ICCBased" ncolour="[0]" size="10.560">）</text>
                <text font="JQUZDQ+SimSun" bbox="236.878,575.200,247.438,585.760" colourspace="ICCBased" ncolour="[0]" size="10.560">类</text>
                <text font="JQUZDQ+SimSun" bbox="247.438,575.200,257.998,585.760" colourspace="ICCBased" ncolour="[0]" size="10.560">风</text>
                <text font="JQUZDQ+SimSun" bbox="257.998,575.200,268.558,585.760" colourspace="ICCBased" ncolour="[0]" size="10.560">湿</text>
                <text font="JQUZDQ+SimSun" bbox="268.318,575.200,278.878,585.760" colourspace="ICCBased" ncolour="[0]" size="10.560">性</text>
                <text font="JQUZDQ+SimSun" bbox="278.878,575.200,289.438,585.760" colourspace="ICCBased" ncolour="[0]" size="10.560">皮</text>
                <text font="JQUZDQ+SimSun" bbox="289.438,575.200,299.998,585.760" colourspace="ICCBased" ncolour="[0]" size="10.560">下</text>
                <text font="JQUZDQ+SimSun" bbox="299.998,575.200,310.558,585.760" colourspace="ICCBased" ncolour="[0]" size="10.560">结</text>
                <text font="JQUZDQ+SimSun" bbox="310.318,575.200,320.878,585.760" colourspace="ICCBased" ncolour="[0]" size="10.560">节</text>
                <text font="JQUZDQ+SimSun" bbox="320.878,575.200,331.438,585.760" colourspace="ICCBased" ncolour="[0]" size="10.560">；</text>
                <text font="JTTPDQ+SimSun" bbox="331.200,575.200,336.480,585.760" colourspace="ICCBased" ncolour="[0]" size="10.560"> </text>
                <text>
                </text>
            </textline>
            <textline bbox="210.478,559.603,347.040,570.163">
                <text font="JQUZDQ+SimSun" bbox="210.478,559.603,221.038,570.163" colourspace="ICCBased" ncolour="[0]" size="10.560">（</text>
                <text font="JTTPDQ+SimSun" bbox="221.038,559.603,226.318,570.163" colourspace="ICCBased" ncolour="[0]" size="10.560">4</text>
                <text font="JQUZDQ+SimSun" bbox="226.318,559.603,236.878,570.163" colourspace="ICCBased" ncolour="[0]" size="10.560">）</text>
                <text font="JQUZDQ+SimSun" bbox="236.878,559.603,247.438,570.163" colourspace="ICCBased" ncolour="[0]" size="10.560">类</text>
                <text font="JQUZDQ+SimSun" bbox="247.438,559.603,257.998,570.163" colourspace="ICCBased" ncolour="[0]" size="10.560">风</text>
                <text font="JQUZDQ+SimSun" bbox="257.998,559.603,268.558,570.163" colourspace="ICCBased" ncolour="[0]" size="10.560">湿</text>
                <text font="JQUZDQ+SimSun" bbox="268.318,559.603,278.878,570.163" colourspace="ICCBased" ncolour="[0]" size="10.560">因</text>
                <text font="JQUZDQ+SimSun" bbox="278.878,559.603,289.438,570.163" colourspace="ICCBased" ncolour="[0]" size="10.560">子</text>
                <text font="JQUZDQ+SimSun" bbox="289.438,559.603,299.998,570.163" colourspace="ICCBased" ncolour="[0]" size="10.560">滴</text>
                <text font="JQUZDQ+SimSun" bbox="299.998,559.603,310.558,570.163" colourspace="ICCBased" ncolour="[0]" size="10.560">度</text>
                <text font="JQUZDQ+SimSun" bbox="310.318,559.603,320.878,570.163" colourspace="ICCBased" ncolour="[0]" size="10.560">升</text>
                <text font="JQUZDQ+SimSun" bbox="320.878,559.603,331.438,570.163" colourspace="ICCBased" ncolour="[0]" size="10.560">高</text>
                <text font="JQUZDQ+SimSun" bbox="331.438,559.603,341.998,570.163" colourspace="ICCBased" ncolour="[0]" size="10.560">；</text>
                <text font="JTTPDQ+SimSun" bbox="341.760,559.603,347.040,570.163" colourspace="ICCBased" ncolour="[0]" size="10.560"> </text>
                <text>
                </text>
            </textline>
            <textline bbox="210.478,544.006,480.719,554.566">
                <text font="JQUZDQ+SimSun" bbox="210.478,544.006,221.038,554.566" colourspace="ICCBased" ncolour="[0]" size="10.560">（</text>
                <text font="JTTPDQ+SimSun" bbox="221.038,544.006,226.318,554.566" colourspace="ICCBased" ncolour="[0]" size="10.560">5</text>
                <text font="JQUZDQ+SimSun" bbox="226.318,544.006,236.878,554.566" colourspace="ICCBased" ncolour="[0]" size="10.560">）</text>
                <text font="JTTPDQ+SimSun" bbox="236.878,544.006,242.158,554.566" colourspace="ICCBased" ncolour="[0]" size="10.560">X</text>
                <text> </text>
                <text font="JQUZDQ+SimSun" bbox="244.798,544.006,255.358,554.566" colourspace="ICCBased" ncolour="[0]" size="10.560">线</text>
                <text font="JQUZDQ+SimSun" bbox="255.358,544.006,265.918,554.566" colourspace="ICCBased" ncolour="[0]" size="10.560">显</text>
                <text font="JQUZDQ+SimSun" bbox="265.678,544.006,276.238,554.566" colourspace="ICCBased" ncolour="[0]" size="10.560">示</text>
                <text font="JQUZDQ+SimSun" bbox="276.238,544.006,286.798,554.566" colourspace="ICCBased" ncolour="[0]" size="10.560">严</text>
                <text font="JQUZDQ+SimSun" bbox="286.798,544.006,297.358,554.566" colourspace="ICCBased" ncolour="[0]" size="10.560">重</text>
                <text font="JQUZDQ+SimSun" bbox="297.358,544.006,307.918,554.566" colourspace="ICCBased" ncolour="[0]" size="10.560">的</text>
                <text font="JQUZDQ+SimSun" bbox="307.679,544.006,318.239,554.566" colourspace="ICCBased" ncolour="[0]" size="10.560">关</text>
                <text font="JQUZDQ+SimSun" bbox="318.239,544.006,328.799,554.566" colourspace="ICCBased" ncolour="[0]" size="10.560">节</text>
                <text font="JQUZDQ+SimSun" bbox="328.799,544.006,339.359,554.566" colourspace="ICCBased" ncolour="[0]" size="10.560">（</text>
                <text font="JQUZDQ+SimSun" bbox="339.359,544.006,349.919,554.566" colourspace="ICCBased" ncolour="[0]" size="10.560">软</text>
                <text font="JQUZDQ+SimSun" bbox="349.678,544.006,360.238,554.566" colourspace="ICCBased" ncolour="[0]" size="10.560">骨</text>
                <text font="JQUZDQ+SimSun" bbox="360.238,544.006,370.798,554.566" colourspace="ICCBased" ncolour="[0]" size="10.560">和</text>
                <text font="JQUZDQ+SimSun" bbox="370.798,544.006,381.358,554.566" colourspace="ICCBased" ncolour="[0]" size="10.560">骨</text>
                <text font="JQUZDQ+SimSun" bbox="381.358,544.006,391.918,554.566" colourspace="ICCBased" ncolour="[0]" size="10.560">）</text>
                <text font="JQUZDQ+SimSun" bbox="391.678,544.006,402.238,554.566" colourspace="ICCBased" ncolour="[0]" size="10.560">破</text>
                <text font="JQUZDQ+SimSun" bbox="402.238,544.006,412.798,554.566" colourspace="ICCBased" ncolour="[0]" size="10.560">坏</text>
                <text font="JQUZDQ+SimSun" bbox="412.798,544.006,423.358,554.566" colourspace="ICCBased" ncolour="[0]" size="10.560">和</text>
                <text font="JQUZDQ+SimSun" bbox="423.358,544.006,433.918,554.566" colourspace="ICCBased" ncolour="[0]" size="10.560">关</text>
                <text font="JQUZDQ+SimSun" bbox="433.678,544.006,444.238,554.566" colourspace="ICCBased" ncolour="[0]" size="10.560">节</text>
                <text font="JQUZDQ+SimSun" bbox="444.238,544.006,454.798,554.566" colourspace="ICCBased" ncolour="[0]" size="10.560">畸</text>
                <text font="JQUZDQ+SimSun" bbox="454.558,544.006,465.118,554.566" colourspace="ICCBased" ncolour="[0]" size="10.560">形</text>
                <text font="JQUZDQ+SimSun" bbox="465.118,544.006,475.678,554.566" colourspace="ICCBased" ncolour="[0]" size="10.560">。</text>
                <text font="JTTPDQ+SimSun" bbox="475.439,544.006,480.719,554.566" colourspace="ICCBased" ncolour="[0]" size="10.560"> </text>
                <text>
                </text>
            </textline>
            <textline bbox="210.478,528.409,362.637,538.969">
                <text font="JQUZDQ+SimSun" bbox="210.478,528.409,221.038,538.969" colourspace="ICCBased" ncolour="[0]" size="10.560">类</text>
                <text font="JQUZDQ+SimSun" bbox="221.038,528.409,231.598,538.969" colourspace="ICCBased" ncolour="[0]" size="10.560">风</text>
                <text font="JQUZDQ+SimSun" bbox="231.598,528.409,242.158,538.969" colourspace="ICCBased" ncolour="[0]" size="10.560">湿</text>
                <text font="JQUZDQ+SimSun" bbox="242.158,528.409,252.718,538.969" colourspace="ICCBased" ncolour="[0]" size="10.560">性</text>
                <text font="JQUZDQ+SimSun" bbox="252.718,528.409,263.278,538.969" colourspace="ICCBased" ncolour="[0]" size="10.560">关</text>
                <text font="JQUZDQ+SimSun" bbox="263.038,528.409,273.598,538.969" colourspace="ICCBased" ncolour="[0]" size="10.560">节</text>
                <text font="JQUZDQ+SimSun" bbox="273.598,528.409,284.158,538.969" colourspace="ICCBased" ncolour="[0]" size="10.560">炎</text>
                <text font="JQUZDQ+SimSun" bbox="284.158,528.409,294.718,538.969" colourspace="ICCBased" ncolour="[0]" size="10.560">功</text>
                <text font="JQUZDQ+SimSun" bbox="294.718,528.409,305.278,538.969" colourspace="ICCBased" ncolour="[0]" size="10.560">能</text>
                <text font="JQUZDQ+SimSun" bbox="305.038,528.409,315.598,538.969" colourspace="ICCBased" ncolour="[0]" size="10.560">分</text>
                <text font="JQUZDQ+SimSun" bbox="315.598,528.409,326.158,538.969" colourspace="ICCBased" ncolour="[0]" size="10.560">级</text>
                <text font="JQUZDQ+SimSun" bbox="326.158,528.409,336.718,538.969" colourspace="ICCBased" ncolour="[0]" size="10.560">标</text>
                <text font="JQUZDQ+SimSun" bbox="336.718,528.409,347.278,538.969" colourspace="ICCBased" ncolour="[0]" size="10.560">准</text>
                <text font="JQUZDQ+SimSun" bbox="347.038,528.409,357.598,538.969" colourspace="ICCBased" ncolour="[0]" size="10.560">：</text>
                <text font="JTTPDQ+SimSun" bbox="357.357,528.409,362.637,538.969" colourspace="ICCBased" ncolour="[0]" size="10.560"> </text>
                <text>
                </text>
            </textline>
            <textline bbox="210.480,511.078,527.998,523.349">
                <text font="JQUZDQ+SimSun" bbox="210.480,512.789,221.040,523.349" colourspace="ICCBased" ncolour="[0]" size="10.560">Ⅰ</text>
                <text font="JQUZDQ+SimSun" bbox="221.040,512.789,231.600,523.349" colourspace="ICCBased" ncolour="[0]" size="10.560">级</text>
                <text font="TimesNewRomanPSMT" bbox="231.600,511.078,234.240,521.638" colourspace="ICCBased" ncolour="[0]" size="10.560"> </text>
                <text> </text>
                <text font="JQUZDQ+SimSun" bbox="236.880,512.789,247.440,523.349" colourspace="ICCBased" ncolour="[0]" size="10.560">胜</text>
                <text font="JQUZDQ+SimSun" bbox="247.440,512.789,258.000,523.349" colourspace="ICCBased" ncolour="[0]" size="10.560">任</text>
                <text font="JQUZDQ+SimSun" bbox="258.000,512.789,268.560,523.349" colourspace="ICCBased" ncolour="[0]" size="10.560">日</text>
                <text font="JQUZDQ+SimSun" bbox="268.320,512.789,278.880,523.349" colourspace="ICCBased" ncolour="[0]" size="10.560">常</text>
                <text font="JQUZDQ+SimSun" bbox="278.880,512.789,289.440,523.349" colourspace="ICCBased" ncolour="[0]" size="10.560">生</text>
                <text font="JQUZDQ+SimSun" bbox="289.440,512.789,300.000,523.349" colourspace="ICCBased" ncolour="[0]" size="10.560">活</text>
                <text font="JQUZDQ+SimSun" bbox="300.000,512.789,310.560,523.349" colourspace="ICCBased" ncolour="[0]" size="10.560">各</text>
                <text font="JQUZDQ+SimSun" bbox="310.321,512.789,320.881,523.349" colourspace="ICCBased" ncolour="[0]" size="10.560">项</text>
                <text font="JQUZDQ+SimSun" bbox="320.881,512.789,331.441,523.349" colourspace="ICCBased" ncolour="[0]" size="10.560">活</text>
                <text font="JQUZDQ+SimSun" bbox="331.441,512.789,342.001,523.349" colourspace="ICCBased" ncolour="[0]" size="10.560">动</text>
                <text font="JQUZDQ+SimSun" bbox="342.001,512.789,352.561,523.349" colourspace="ICCBased" ncolour="[0]" size="10.560">（</text>
                <text font="JQUZDQ+SimSun" bbox="352.320,512.789,362.880,523.349" colourspace="ICCBased" ncolour="[0]" size="10.560">包</text>
                <text font="JQUZDQ+SimSun" bbox="362.880,512.789,373.440,523.349" colourspace="ICCBased" ncolour="[0]" size="10.560">括</text>
                <text font="JQUZDQ+SimSun" bbox="373.440,512.789,384.000,523.349" colourspace="ICCBased" ncolour="[0]" size="10.560">生</text>
                <text font="JQUZDQ+SimSun" bbox="384.000,512.789,394.560,523.349" colourspace="ICCBased" ncolour="[0]" size="10.560">活</text>
                <text font="JQUZDQ+SimSun" bbox="394.320,512.789,404.880,523.349" colourspace="ICCBased" ncolour="[0]" size="10.560">自</text>
                <text font="JQUZDQ+SimSun" bbox="404.880,512.789,415.440,523.349" colourspace="ICCBased" ncolour="[0]" size="10.560">理</text>
                <text font="JQUZDQ+SimSun" bbox="415.440,512.789,426.000,523.349" colourspace="ICCBased" ncolour="[0]" size="10.560">，</text>
                <text font="JQUZDQ+SimSun" bbox="425.760,512.789,436.320,523.349" colourspace="ICCBased" ncolour="[0]" size="10.560">职</text>
                <text font="JQUZDQ+SimSun" bbox="436.320,512.789,446.880,523.349" colourspace="ICCBased" ncolour="[0]" size="10.560">业</text>
                <text font="JQUZDQ+SimSun" bbox="446.640,512.789,457.200,523.349" colourspace="ICCBased" ncolour="[0]" size="10.560">和</text>
                <text font="JQUZDQ+SimSun" bbox="457.200,512.789,467.760,523.349" colourspace="ICCBased" ncolour="[0]" size="10.560">非</text>
                <text font="JQUZDQ+SimSun" bbox="467.760,512.789,478.320,523.349" colourspace="ICCBased" ncolour="[0]" size="10.560">职</text>
                <text font="JQUZDQ+SimSun" bbox="478.320,512.789,488.880,523.349" colourspace="ICCBased" ncolour="[0]" size="10.560">业</text>
                <text font="JQUZDQ+SimSun" bbox="488.880,512.789,499.440,523.349" colourspace="ICCBased" ncolour="[0]" size="10.560">活</text>
                <text font="JQUZDQ+SimSun" bbox="499.200,512.789,509.760,523.349" colourspace="ICCBased" ncolour="[0]" size="10.560">动</text>
                <text font="JQUZDQ+SimSun" bbox="509.760,512.789,520.320,523.349" colourspace="ICCBased" ncolour="[0]" size="10.560">）</text>
                <text font="JQUZDQ+SimSun" bbox="515.040,512.789,525.600,523.349" colourspace="ICCBased" ncolour="[0]" size="10.560">；</text>
                <text font="TimesNewRomanPSMT" bbox="525.358,511.078,527.998,521.638" colourspace="ICCBased" ncolour="[0]" size="10.560"> </text>
                <text>
                </text>
            </textline>
            <textline bbox="210.480,495.478,407.276,507.749">
                <text font="JQUZDQ+SimSun" bbox="210.480,497.189,221.040,507.749" colourspace="ICCBased" ncolour="[0]" size="10.560">Ⅱ</text>
                <text font="JQUZDQ+SimSun" bbox="221.040,497.189,231.600,507.749" colourspace="ICCBased" ncolour="[0]" size="10.560">级</text>
                <text font="TimesNewRomanPSMT" bbox="231.600,495.478,234.240,506.038" colourspace="ICCBased" ncolour="[0]" size="10.560"> </text>
                <text> </text>
                <text font="JQUZDQ+SimSun" bbox="236.880,497.189,247.440,507.749" colourspace="ICCBased" ncolour="[0]" size="10.560">生</text>
                <text font="JQUZDQ+SimSun" bbox="247.440,497.189,258.000,507.749" colourspace="ICCBased" ncolour="[0]" size="10.560">活</text>
                <text font="JQUZDQ+SimSun" bbox="258.000,497.189,268.560,507.749" colourspace="ICCBased" ncolour="[0]" size="10.560">自</text>
                <text font="JQUZDQ+SimSun" bbox="268.320,497.189,278.880,507.749" colourspace="ICCBased" ncolour="[0]" size="10.560">理</text>
                <text font="JQUZDQ+SimSun" bbox="278.880,497.189,289.440,507.749" colourspace="ICCBased" ncolour="[0]" size="10.560">和</text>
                <text font="JQUZDQ+SimSun" bbox="289.440,497.189,300.000,507.749" colourspace="ICCBased" ncolour="[0]" size="10.560">工</text>
                <text font="JQUZDQ+SimSun" bbox="300.000,497.189,310.560,507.749" colourspace="ICCBased" ncolour="[0]" size="10.560">作</text>
                <text font="JQUZDQ+SimSun" bbox="310.320,497.189,320.880,507.749" colourspace="ICCBased" ncolour="[0]" size="10.560">，</text>
                <text font="JQUZDQ+SimSun" bbox="320.880,497.189,331.440,507.749" colourspace="ICCBased" ncolour="[0]" size="10.560">非</text>
                <text font="JQUZDQ+SimSun" bbox="331.440,497.189,342.000,507.749" colourspace="ICCBased" ncolour="[0]" size="10.560">职</text>
                <text font="JQUZDQ+SimSun" bbox="342.000,497.189,352.560,507.749" colourspace="ICCBased" ncolour="[0]" size="10.560">业</text>
                <text font="JQUZDQ+SimSun" bbox="352.320,497.189,362.880,507.749" colourspace="ICCBased" ncolour="[0]" size="10.560">活</text>
                <text font="JQUZDQ+SimSun" bbox="362.880,497.189,373.440,507.749" colourspace="ICCBased" ncolour="[0]" size="10.560">动</text>
                <text font="JQUZDQ+SimSun" bbox="373.440,497.189,384.000,507.749" colourspace="ICCBased" ncolour="[0]" size="10.560">受</text>
                <text font="JQUZDQ+SimSun" bbox="384.000,497.189,394.560,507.749" colourspace="ICCBased" ncolour="[0]" size="10.560">限</text>
                <text font="JQUZDQ+SimSun" bbox="394.320,497.189,404.880,507.749" colourspace="ICCBased" ncolour="[0]" size="10.560">；</text>
                <text font="TimesNewRomanPSMT" bbox="404.636,495.478,407.276,506.038" colourspace="ICCBased" ncolour="[0]" size="10.560"> </text>
                <text>
                </text>
            </textline>
            <textline bbox="210.480,479.878,438.724,492.149">
                <text font="JQUZDQ+SimSun" bbox="210.480,481.589,221.040,492.149" colourspace="ICCBased" ncolour="[0]" size="10.560">Ⅲ</text>
                <text font="JQUZDQ+SimSun" bbox="221.040,481.589,231.600,492.149" colourspace="ICCBased" ncolour="[0]" size="10.560">级</text>
                <text font="TimesNewRomanPSMT" bbox="231.600,479.878,234.240,490.438" colourspace="ICCBased" ncolour="[0]" size="10.560"> </text>
                <text> </text>
                <text font="JQUZDQ+SimSun" bbox="236.880,481.589,247.440,492.149" colourspace="ICCBased" ncolour="[0]" size="10.560">生</text>
                <text font="JQUZDQ+SimSun" bbox="247.440,481.589,258.000,492.149" colourspace="ICCBased" ncolour="[0]" size="10.560">活</text>
                <text font="JQUZDQ+SimSun" bbox="258.000,481.589,268.560,492.149" colourspace="ICCBased" ncolour="[0]" size="10.560">自</text>
                <text font="JQUZDQ+SimSun" bbox="268.320,481.589,278.880,492.149" colourspace="ICCBased" ncolour="[0]" size="10.560">理</text>
                <text font="JQUZDQ+SimSun" bbox="278.880,481.589,289.440,492.149" colourspace="ICCBased" ncolour="[0]" size="10.560">和</text>
                <text font="JQUZDQ+SimSun" bbox="289.440,481.589,300.000,492.149" colourspace="ICCBased" ncolour="[0]" size="10.560">工</text>
                <text font="JQUZDQ+SimSun" bbox="300.000,481.589,310.560,492.149" colourspace="ICCBased" ncolour="[0]" size="10.560">作</text>
                <text font="JQUZDQ+SimSun" bbox="310.320,481.589,320.880,492.149" colourspace="ICCBased" ncolour="[0]" size="10.560">，</text>
                <text font="JQUZDQ+SimSun" bbox="320.880,481.589,331.440,492.149" colourspace="ICCBased" ncolour="[0]" size="10.560">职</text>
                <text font="JQUZDQ+SimSun" bbox="331.440,481.589,342.000,492.149" colourspace="ICCBased" ncolour="[0]" size="10.560">业</text>
                <text font="JQUZDQ+SimSun" bbox="342.000,481.589,352.560,492.149" colourspace="ICCBased" ncolour="[0]" size="10.560">和</text>
                <text font="JQUZDQ+SimSun" bbox="352.320,481.589,362.880,492.149" colourspace="ICCBased" ncolour="[0]" size="10.560">非</text>
                <text font="JQUZDQ+SimSun" bbox="362.880,481.589,373.440,492.149" colourspace="ICCBased" ncolour="[0]" size="10.560">职</text>
                <text font="JQUZDQ+SimSun" bbox="373.440,481.589,384.000,492.149" colourspace="ICCBased" ncolour="[0]" size="10.560">业</text>
                <text font="JQUZDQ+SimSun" bbox="384.000,481.589,394.560,492.149" colourspace="ICCBased" ncolour="[0]" size="10.560">活</text>
                <text font="JQUZDQ+SimSun" bbox="394.320,481.589,404.880,492.149" colourspace="ICCBased" ncolour="[0]" size="10.560">动</text>
                <text font="JQUZDQ+SimSun" bbox="404.880,481.589,415.440,492.149" colourspace="ICCBased" ncolour="[0]" size="10.560">受</text>
                <text font="JQUZDQ+SimSun" bbox="415.440,481.589,426.000,492.149" colourspace="ICCBased" ncolour="[0]" size="10.560">限</text>
                <text font="JQUZDQ+SimSun" bbox="425.760,481.589,436.320,492.149" colourspace="ICCBased" ncolour="[0]" size="10.560">；</text>
                <text font="TimesNewRomanPSMT" bbox="436.084,479.878,438.724,490.438" colourspace="ICCBased" ncolour="[0]" size="10.560"> </text>
                <text>
                </text>
            </textline>
            <textline bbox="210.480,464.278,399.599,476.549">
                <text font="JQUZDQ+SimSun" bbox="210.480,465.989,221.040,476.549" colourspace="ICCBased" ncolour="[0]" size="10.560">Ⅳ</text>
                <text font="JQUZDQ+SimSun" bbox="221.040,465.989,231.600,476.549" colourspace="ICCBased" ncolour="[0]" size="10.560">级</text>
                <text font="TimesNewRomanPSMT" bbox="231.600,464.278,234.240,474.838" colourspace="ICCBased" ncolour="[0]" size="10.560"> </text>
                <text> </text>
                <text font="JQUZDQ+SimSun" bbox="236.880,465.989,247.440,476.549" colourspace="ICCBased" ncolour="[0]" size="10.560">生</text>
                <text font="JQUZDQ+SimSun" bbox="247.440,465.989,258.000,476.549" colourspace="ICCBased" ncolour="[0]" size="10.560">活</text>
                <text font="JQUZDQ+SimSun" bbox="258.000,465.989,268.560,476.549" colourspace="ICCBased" ncolour="[0]" size="10.560">不</text>
                <text font="JQUZDQ+SimSun" bbox="268.320,465.989,278.880,476.549" colourspace="ICCBased" ncolour="[0]" size="10.560">能</text>
                <text font="JQUZDQ+SimSun" bbox="278.880,465.989,289.440,476.549" colourspace="ICCBased" ncolour="[0]" size="10.560">自</text>
                <text font="JQUZDQ+SimSun" bbox="289.440,465.989,300.000,476.549" colourspace="ICCBased" ncolour="[0]" size="10.560">理</text>
                <text font="JQUZDQ+SimSun" bbox="300.000,465.989,310.560,476.549" colourspace="ICCBased" ncolour="[0]" size="10.560">，</text>
                <text font="JQUZDQ+SimSun" bbox="310.320,465.989,320.880,476.549" colourspace="ICCBased" ncolour="[0]" size="10.560">且</text>
                <text font="JQUZDQ+SimSun" bbox="320.880,465.989,331.440,476.549" colourspace="ICCBased" ncolour="[0]" size="10.560">丧</text>
                <text font="JQUZDQ+SimSun" bbox="331.440,465.989,342.000,476.549" colourspace="ICCBased" ncolour="[0]" size="10.560">失</text>
                <text font="JQUZDQ+SimSun" bbox="342.000,465.989,352.560,476.549" colourspace="ICCBased" ncolour="[0]" size="10.560">工</text>
                <text font="JQUZDQ+SimSun" bbox="352.320,465.989,362.880,476.549" colourspace="ICCBased" ncolour="[0]" size="10.560">作</text>
                <text font="JQUZDQ+SimSun" bbox="362.880,465.989,373.440,476.549" colourspace="ICCBased" ncolour="[0]" size="10.560">能</text>
                <text font="JQUZDQ+SimSun" bbox="373.440,465.989,384.000,476.549" colourspace="ICCBased" ncolour="[0]" size="10.560">力</text>
                <text font="JQUZDQ+SimSun" bbox="384.000,465.989,394.560,476.549" colourspace="ICCBased" ncolour="[0]" size="10.560">。</text>
                <text font="JTTPDQ+SimSun" bbox="394.319,465.989,399.599,476.549" colourspace="ICCBased" ncolour="[0]" size="10.560"> </text>
                <text>
                </text>
            </textline>
            <textline bbox="210.480,450.389,215.760,460.949">
                <text font="JTTPDQ+SimSun" bbox="210.480,450.389,215.760,460.949" colourspace="ICCBased" ncolour="[0]" size="10.560"> </text>
                <text>
                </text>
            </textline>
            <textline bbox="210.480,437.429,547.200,447.989">
                <text font="JQUZDQ+SimSun" bbox="210.480,437.429,221.040,447.989" colourspace="ICCBased" ncolour="[0]" size="10.560">指</text>
                <text font="JQUZDQ+SimSun" bbox="221.040,437.429,231.600,447.989" colourspace="ICCBased" ncolour="[0]" size="10.560">末</text>
                <text font="JQUZDQ+SimSun" bbox="231.600,437.429,242.160,447.989" colourspace="ICCBased" ncolour="[0]" size="10.560">期</text>
                <text font="JQUZDQ+SimSun" bbox="242.160,437.429,252.720,447.989" colourspace="ICCBased" ncolour="[0]" size="10.560">丝</text>
                <text font="JQUZDQ+SimSun" bbox="252.720,437.429,263.280,447.989" colourspace="ICCBased" ncolour="[0]" size="10.560">虫</text>
                <text font="JQUZDQ+SimSun" bbox="263.280,437.429,273.840,447.989" colourspace="ICCBased" ncolour="[0]" size="10.560">病</text>
                <text font="JQUZDQ+SimSun" bbox="273.840,437.429,284.400,447.989" colourspace="ICCBased" ncolour="[0]" size="10.560">，</text>
                <text font="JQUZDQ+SimSun" bbox="284.160,437.429,294.720,447.989" colourspace="ICCBased" ncolour="[0]" size="10.560">已</text>
                <text font="JQUZDQ+SimSun" bbox="294.720,437.429,305.280,447.989" colourspace="ICCBased" ncolour="[0]" size="10.560">经</text>
                <text font="JQUZDQ+SimSun" bbox="305.280,437.429,315.840,447.989" colourspace="ICCBased" ncolour="[0]" size="10.560">到</text>
                <text font="JQUZDQ+SimSun" bbox="315.840,437.429,326.400,447.989" colourspace="ICCBased" ncolour="[0]" size="10.560">达</text>
                <text font="JQUZDQ+SimSun" bbox="326.400,437.429,336.960,447.989" colourspace="ICCBased" ncolour="[0]" size="10.560">国</text>
                <text font="JQUZDQ+SimSun" bbox="336.960,437.429,347.520,447.989" colourspace="ICCBased" ncolour="[0]" size="10.560">际</text>
                <text font="JQUZDQ+SimSun" bbox="347.280,437.429,357.840,447.989" colourspace="ICCBased" ncolour="[0]" size="10.560">淋</text>
                <text font="JQUZDQ+SimSun" bbox="357.840,437.429,368.400,447.989" colourspace="ICCBased" ncolour="[0]" size="10.560">巴</text>
                <text font="JQUZDQ+SimSun" bbox="368.400,437.429,378.960,447.989" colourspace="ICCBased" ncolour="[0]" size="10.560">学</text>
                <text font="JQUZDQ+SimSun" bbox="378.960,437.429,389.520,447.989" colourspace="ICCBased" ncolour="[0]" size="10.560">会</text>
                <text font="JQUZDQ+SimSun" bbox="389.520,437.429,400.080,447.989" colourspace="ICCBased" ncolour="[0]" size="10.560">分</text>
                <text font="JQUZDQ+SimSun" bbox="399.840,437.429,410.400,447.989" colourspace="ICCBased" ncolour="[0]" size="10.560">级</text>
                <text font="JQUZDQ+SimSun" bbox="410.400,437.429,420.960,447.989" colourspace="ICCBased" ncolour="[0]" size="10.560">为</text>
                <text font="JQUZDQ+SimSun" bbox="420.960,437.429,431.520,447.989" colourspace="ICCBased" ncolour="[0]" size="10.560">三</text>
                <text font="JQUZDQ+SimSun" bbox="431.520,437.429,442.080,447.989" colourspace="ICCBased" ncolour="[0]" size="10.560">度</text>
                <text font="JQUZDQ+SimSun" bbox="442.080,437.429,452.640,447.989" colourspace="ICCBased" ncolour="[0]" size="10.560">淋</text>
                <text font="JQUZDQ+SimSun" bbox="452.400,437.429,462.960,447.989" colourspace="ICCBased" ncolour="[0]" size="10.560">巴</text>
                <text font="JQUZDQ+SimSun" bbox="462.960,437.429,473.520,447.989" colourspace="ICCBased" ncolour="[0]" size="10.560">水</text>
                <text font="JQUZDQ+SimSun" bbox="473.520,437.429,484.080,447.989" colourspace="ICCBased" ncolour="[0]" size="10.560">肿</text>
                <text font="JQUZDQ+SimSun" bbox="484.080,437.429,494.640,447.989" colourspace="ICCBased" ncolour="[0]" size="10.560">，</text>
                <text font="JQUZDQ+SimSun" bbox="494.640,437.429,505.200,447.989" colourspace="ICCBased" ncolour="[0]" size="10.560">其</text>
                <text font="JQUZDQ+SimSun" bbox="505.200,437.429,515.760,447.989" colourspace="ICCBased" ncolour="[0]" size="10.560">临</text>
                <text font="JQUZDQ+SimSun" bbox="515.760,437.429,526.320,447.989" colourspace="ICCBased" ncolour="[0]" size="10.560">床</text>
                <text font="JQUZDQ+SimSun" bbox="526.080,437.429,536.640,447.989" colourspace="ICCBased" ncolour="[0]" size="10.560">表</text>
                <text font="JQUZDQ+SimSun" bbox="536.640,437.429,547.200,447.989" colourspace="ICCBased" ncolour="[0]" size="10.560">现</text>
                <text>
                </text>
            </textline>
            <textline bbox="210.480,421.832,547.200,432.392">
                <text font="JQUZDQ+SimSun" bbox="210.480,421.832,221.040,432.392" colourspace="ICCBased" ncolour="[0]" size="10.560">为</text>
                <text font="JQUZDQ+SimSun" bbox="221.040,421.832,231.600,432.392" colourspace="ICCBased" ncolour="[0]" size="10.560">肢</text>
                <text font="JQUZDQ+SimSun" bbox="231.600,421.832,242.160,432.392" colourspace="ICCBased" ncolour="[0]" size="10.560">体</text>
                <text font="JQUZDQ+SimSun" bbox="242.160,421.832,252.720,432.392" colourspace="ICCBased" ncolour="[0]" size="10.560">非</text>
                <text font="JQUZDQ+SimSun" bbox="252.720,421.832,263.280,432.392" colourspace="ICCBased" ncolour="[0]" size="10.560">凹</text>
                <text font="JQUZDQ+SimSun" bbox="263.280,421.832,273.840,432.392" colourspace="ICCBased" ncolour="[0]" size="10.560">陷</text>
                <text font="JQUZDQ+SimSun" bbox="273.840,421.832,284.400,432.392" colourspace="ICCBased" ncolour="[0]" size="10.560">性</text>
                <text font="JQUZDQ+SimSun" bbox="284.160,421.832,294.720,432.392" colourspace="ICCBased" ncolour="[0]" size="10.560">水</text>
                <text font="JQUZDQ+SimSun" bbox="294.720,421.832,305.280,432.392" colourspace="ICCBased" ncolour="[0]" size="10.560">肿</text>
                <text font="JQUZDQ+SimSun" bbox="305.280,421.832,315.840,432.392" colourspace="ICCBased" ncolour="[0]" size="10.560">伴</text>
                <text font="JQUZDQ+SimSun" bbox="315.840,421.832,326.400,432.392" colourspace="ICCBased" ncolour="[0]" size="10.560">畸</text>
                <text font="JQUZDQ+SimSun" bbox="326.400,421.832,336.960,432.392" colourspace="ICCBased" ncolour="[0]" size="10.560">形</text>
                <text font="JQUZDQ+SimSun" bbox="336.960,421.832,347.520,432.392" colourspace="ICCBased" ncolour="[0]" size="10.560">增</text>
                <text font="JQUZDQ+SimSun" bbox="347.280,421.832,357.840,432.392" colourspace="ICCBased" ncolour="[0]" size="10.560">大</text>
                <text font="JQUZDQ+SimSun" bbox="357.840,421.832,368.400,432.392" colourspace="ICCBased" ncolour="[0]" size="10.560">、</text>
                <text font="JQUZDQ+SimSun" bbox="368.400,421.832,378.960,432.392" colourspace="ICCBased" ncolour="[0]" size="10.560">硬</text>
                <text font="JQUZDQ+SimSun" bbox="378.960,421.832,389.520,432.392" colourspace="ICCBased" ncolour="[0]" size="10.560">皮</text>
                <text font="JQUZDQ+SimSun" bbox="389.520,421.832,400.080,432.392" colourspace="ICCBased" ncolour="[0]" size="10.560">症</text>
                <text font="JQUZDQ+SimSun" bbox="399.840,421.832,410.400,432.392" colourspace="ICCBased" ncolour="[0]" size="10.560">和</text>
                <text font="JQUZDQ+SimSun" bbox="410.400,421.832,420.960,432.392" colourspace="ICCBased" ncolour="[0]" size="10.560">疣</text>
                <text font="JQUZDQ+SimSun" bbox="420.960,421.832,431.520,432.392" colourspace="ICCBased" ncolour="[0]" size="10.560">状</text>
                <text font="JQUZDQ+SimSun" bbox="431.520,421.832,442.080,432.392" colourspace="ICCBased" ncolour="[0]" size="10.560">增</text>
                <text font="JQUZDQ+SimSun" bbox="442.080,421.832,452.640,432.392" colourspace="ICCBased" ncolour="[0]" size="10.560">生</text>
                <text font="JQUZDQ+SimSun" bbox="452.400,421.832,462.960,432.392" colourspace="ICCBased" ncolour="[0]" size="10.560">。</text>
                <text font="JQUZDQ+SimSun" bbox="462.960,421.832,473.520,432.392" colourspace="ICCBased" ncolour="[0]" size="10.560">此</text>
                <text font="JQUZDQ+SimSun" bbox="473.520,421.832,484.080,432.392" colourspace="ICCBased" ncolour="[0]" size="10.560">病</text>
                <text font="JQUZDQ+SimSun" bbox="484.080,421.832,494.640,432.392" colourspace="ICCBased" ncolour="[0]" size="10.560">症</text>
                <text font="JQUZDQ+SimSun" bbox="494.640,421.832,505.200,432.392" colourspace="ICCBased" ncolour="[0]" size="10.560">须</text>
                <text font="JQUZDQ+SimSun" bbox="505.200,421.832,515.760,432.392" colourspace="ICCBased" ncolour="[0]" size="10.560">经</text>
                <text font="JQUZDQ+SimSun" bbox="515.760,421.832,526.320,432.392" colourspace="ICCBased" ncolour="[0]" size="10.560">专</text>
                <text font="JQUZDQ+SimSun" bbox="526.080,421.832,536.640,432.392" colourspace="ICCBased" ncolour="[0]" size="10.560">科</text>
                <text font="JQUZDQ+SimSun" bbox="536.640,421.832,547.200,432.392" colourspace="ICCBased" ncolour="[0]" size="10.560">医</text>
                <text>
                </text>
            </textline>
            <textline bbox="210.480,406.235,415.196,416.795">
                <text font="JQUZDQ+SimSun" bbox="210.480,406.235,221.040,416.795" colourspace="ICCBased" ncolour="[0]" size="10.560">生</text>
                <text font="JQUZDQ+SimSun" bbox="221.040,406.235,231.600,416.795" colourspace="ICCBased" ncolour="[0]" size="10.560">根</text>
                <text font="JQUZDQ+SimSun" bbox="231.600,406.235,242.160,416.795" colourspace="ICCBased" ncolour="[0]" size="10.560">据</text>
                <text font="JQUZDQ+SimSun" bbox="242.160,406.235,252.720,416.795" colourspace="ICCBased" ncolour="[0]" size="10.560">临</text>
                <text font="JQUZDQ+SimSun" bbox="252.720,406.235,263.280,416.795" colourspace="ICCBased" ncolour="[0]" size="10.560">床</text>
                <text font="JQUZDQ+SimSun" bbox="263.040,406.235,273.600,416.795" colourspace="ICCBased" ncolour="[0]" size="10.560">表</text>
                <text font="JQUZDQ+SimSun" bbox="273.600,406.235,284.160,416.795" colourspace="ICCBased" ncolour="[0]" size="10.560">现</text>
                <text font="JQUZDQ+SimSun" bbox="284.160,406.235,294.720,416.795" colourspace="ICCBased" ncolour="[0]" size="10.560">和</text>
                <text font="JQUZDQ+SimSun" bbox="294.720,406.235,305.280,416.795" colourspace="ICCBased" ncolour="[0]" size="10.560">微</text>
                <text font="JQUZDQ+SimSun" bbox="305.040,406.235,315.600,416.795" colourspace="ICCBased" ncolour="[0]" size="10.560">丝</text>
                <text font="JQUZDQ+SimSun" bbox="315.600,406.235,326.160,416.795" colourspace="ICCBased" ncolour="[0]" size="10.560">蚴</text>
                <text font="JQUZDQ+SimSun" bbox="326.160,406.235,336.720,416.795" colourspace="ICCBased" ncolour="[0]" size="10.560">的</text>
                <text font="JQUZDQ+SimSun" bbox="336.720,406.235,347.280,416.795" colourspace="ICCBased" ncolour="[0]" size="10.560">化</text>
                <text font="JQUZDQ+SimSun" bbox="347.040,406.235,357.600,416.795" colourspace="ICCBased" ncolour="[0]" size="10.560">验</text>
                <text font="JQUZDQ+SimSun" bbox="357.600,406.235,368.160,416.795" colourspace="ICCBased" ncolour="[0]" size="10.560">结</text>
                <text font="JQUZDQ+SimSun" bbox="368.160,406.235,378.720,416.795" colourspace="ICCBased" ncolour="[0]" size="10.560">果</text>
                <text font="JQUZDQ+SimSun" bbox="378.720,406.235,389.280,416.795" colourspace="ICCBased" ncolour="[0]" size="10.560">确</text>
                <text font="JQUZDQ+SimSun" bbox="389.040,406.235,399.600,416.795" colourspace="ICCBased" ncolour="[0]" size="10.560">诊</text>
                <text font="JQUZDQ+SimSun" bbox="399.600,406.235,410.160,416.795" colourspace="ICCBased" ncolour="[0]" size="10.560">。</text>
                <text font="JTTPDQ+SimSun" bbox="409.916,406.235,415.196,416.795" colourspace="ICCBased" ncolour="[0]" size="10.560"> </text>
                <text>
                </text>
            </textline>
            <textline bbox="210.480,390.629,215.760,401.189">
                <text font="JTTPDQ+SimSun" bbox="210.480,390.629,215.760,401.189" colourspace="ICCBased" ncolour="[0]" size="10.560"> </text>
                <text>
                </text>
            </textline>
            <textline bbox="210.480,377.909,547.199,388.469">
                <text font="JQUZDQ+SimSun" bbox="210.480,377.909,221.040,388.469" colourspace="ICCBased" ncolour="[0]" size="10.560">指</text>
                <text font="JQUZDQ+SimSun" bbox="221.040,377.909,231.600,388.469" colourspace="ICCBased" ncolour="[0]" size="10.560">被</text>
                <text font="JQUZDQ+SimSun" bbox="231.600,377.909,242.160,388.469" colourspace="ICCBased" ncolour="[0]" size="10.560">保</text>
                <text font="JQUZDQ+SimSun" bbox="242.160,377.909,252.720,388.469" colourspace="ICCBased" ncolour="[0]" size="10.560">险</text>
                <text font="JQUZDQ+SimSun" bbox="252.720,377.909,263.280,388.469" colourspace="ICCBased" ncolour="[0]" size="10.560">人</text>
                <text font="JQUZDQ+SimSun" bbox="263.040,377.909,273.600,388.469" colourspace="ICCBased" ncolour="[0]" size="10.560">因</text>
                <text font="JQUZDQ+SimSun" bbox="273.600,377.909,284.160,388.469" colourspace="ICCBased" ncolour="[0]" size="10.560">输</text>
                <text font="JQUZDQ+SimSun" bbox="284.160,377.909,294.720,388.469" colourspace="ICCBased" ncolour="[0]" size="10.560">血</text>
                <text font="JQUZDQ+SimSun" bbox="294.720,377.909,305.280,388.469" colourspace="ICCBased" ncolour="[0]" size="10.560">而</text>
                <text font="JQUZDQ+SimSun" bbox="305.040,377.909,315.600,388.469" colourspace="ICCBased" ncolour="[0]" size="10.560">感</text>
                <text font="JQUZDQ+SimSun" bbox="315.600,377.909,326.160,388.469" colourspace="ICCBased" ncolour="[0]" size="10.560">染</text>
                <text font="JQUZDQ+SimSun" bbox="326.160,377.909,336.720,388.469" colourspace="ICCBased" ncolour="[0]" size="10.560">上</text>
                <text font="JQUZDQ+SimSun" bbox="336.720,377.909,347.280,388.469" colourspace="ICCBased" ncolour="[0]" size="10.560">人</text>
                <text font="JQUZDQ+SimSun" bbox="347.040,377.909,357.600,388.469" colourspace="ICCBased" ncolour="[0]" size="10.560">类</text>
                <text font="JQUZDQ+SimSun" bbox="357.600,377.909,368.160,388.469" colourspace="ICCBased" ncolour="[0]" size="10.560">免</text>
                <text font="JQUZDQ+SimSun" bbox="368.160,377.909,378.720,388.469" colourspace="ICCBased" ncolour="[0]" size="10.560">疫</text>
                <text font="JQUZDQ+SimSun" bbox="378.720,377.909,389.280,388.469" colourspace="ICCBased" ncolour="[0]" size="10.560">缺</text>
                <text font="JQUZDQ+SimSun" bbox="389.040,377.909,399.600,388.469" colourspace="ICCBased" ncolour="[0]" size="10.560">陷</text>
                <text font="JQUZDQ+SimSun" bbox="399.600,377.909,410.160,388.469" colourspace="ICCBased" ncolour="[0]" size="10.560">病</text>
                <text font="JQUZDQ+SimSun" bbox="410.160,377.909,420.720,388.469" colourspace="ICCBased" ncolour="[0]" size="10.560">毒</text>
                <text font="JQUZDQ+SimSun" bbox="418.320,377.909,428.880,388.469" colourspace="ICCBased" ncolour="[0]" size="10.560">（</text>
                <text font="JTTPDQ+SimSun" bbox="428.880,377.909,434.160,388.469" colourspace="ICCBased" ncolour="[0]" size="10.560">H</text>
                <text font="JTTPDQ+SimSun" bbox="433.917,377.909,439.197,388.469" colourspace="ICCBased" ncolour="[0]" size="10.560">I</text>
                <text font="JTTPDQ+SimSun" bbox="439.197,377.909,444.477,388.469" colourspace="ICCBased" ncolour="[0]" size="10.560">V</text>
                <text font="JQUZDQ+SimSun" bbox="444.479,377.909,455.039,388.469" colourspace="ICCBased" ncolour="[0]" size="10.560">）</text>
                <text font="JQUZDQ+SimSun" bbox="452.399,377.909,462.959,388.469" colourspace="ICCBased" ncolour="[0]" size="10.560">或</text>
                <text font="JQUZDQ+SimSun" bbox="462.959,377.909,473.519,388.469" colourspace="ICCBased" ncolour="[0]" size="10.560">患</text>
                <text font="JQUZDQ+SimSun" bbox="473.519,377.909,484.079,388.469" colourspace="ICCBased" ncolour="[0]" size="10.560">艾</text>
                <text font="JQUZDQ+SimSun" bbox="484.079,377.909,494.639,388.469" colourspace="ICCBased" ncolour="[0]" size="10.560">滋</text>
                <text font="JQUZDQ+SimSun" bbox="494.639,377.909,505.199,388.469" colourspace="ICCBased" ncolour="[0]" size="10.560">病</text>
                <text font="JQUZDQ+SimSun" bbox="504.959,377.909,515.519,388.469" colourspace="ICCBased" ncolour="[0]" size="10.560">必</text>
                <text font="JQUZDQ+SimSun" bbox="515.519,377.909,526.079,388.469" colourspace="ICCBased" ncolour="[0]" size="10.560">须</text>
                <text font="JQUZDQ+SimSun" bbox="526.079,377.909,536.639,388.469" colourspace="ICCBased" ncolour="[0]" size="10.560">满</text>
                <text font="JQUZDQ+SimSun" bbox="536.639,377.909,547.199,388.469" colourspace="ICCBased" ncolour="[0]" size="10.560">足</text>
                <text>
                </text>
            </textline>
            <textline bbox="210.480,362.312,289.205,372.872">
                <text font="JQUZDQ+SimSun" bbox="210.480,362.312,221.040,372.872" colourspace="ICCBased" ncolour="[0]" size="10.560">以</text>
                <text font="JQUZDQ+SimSun" bbox="221.040,362.312,231.600,372.872" colourspace="ICCBased" ncolour="[0]" size="10.560">下</text>
                <text font="JQUZDQ+SimSun" bbox="231.600,362.312,242.160,372.872" colourspace="ICCBased" ncolour="[0]" size="10.560">全</text>
                <text font="JQUZDQ+SimSun" bbox="242.160,362.312,252.720,372.872" colourspace="ICCBased" ncolour="[0]" size="10.560">部</text>
                <text font="JQUZDQ+SimSun" bbox="252.720,362.312,263.280,372.872" colourspace="ICCBased" ncolour="[0]" size="10.560">条</text>
                <text font="JQUZDQ+SimSun" bbox="263.040,362.312,273.600,372.872" colourspace="ICCBased" ncolour="[0]" size="10.560">件</text>
                <text font="JQUZDQ+SimSun" bbox="273.600,362.312,284.160,372.872" colourspace="ICCBased" ncolour="[0]" size="10.560">：</text>
                <text font="JTTPDQ+SimSun" bbox="283.925,362.312,289.205,372.872" colourspace="ICCBased" ncolour="[0]" size="10.560"> </text>
                <text>
                </text>
            </textline>
            <textline bbox="210.480,346.715,431.047,357.275">
                <text font="JQUZDQ+SimSun" bbox="210.480,346.715,221.040,357.275" colourspace="ICCBased" ncolour="[0]" size="10.560">（</text>
                <text font="JTTPDQ+SimSun" bbox="221.040,346.715,226.320,357.275" colourspace="ICCBased" ncolour="[0]" size="10.560">1</text>
                <text font="JQUZDQ+SimSun" bbox="226.320,346.715,236.880,357.275" colourspace="ICCBased" ncolour="[0]" size="10.560">）</text>
                <text font="JQUZDQ+SimSun" bbox="236.880,346.715,247.440,357.275" colourspace="ICCBased" ncolour="[0]" size="10.560">被</text>
                <text font="JQUZDQ+SimSun" bbox="247.440,346.715,258.000,357.275" colourspace="ICCBased" ncolour="[0]" size="10.560">保</text>
                <text font="JQUZDQ+SimSun" bbox="258.000,346.715,268.560,357.275" colourspace="ICCBased" ncolour="[0]" size="10.560">险</text>
                <text font="JQUZDQ+SimSun" bbox="268.320,346.715,278.880,357.275" colourspace="ICCBased" ncolour="[0]" size="10.560">人</text>
                <text font="JQUZDQ+SimSun" bbox="278.880,346.715,289.440,357.275" colourspace="ICCBased" ncolour="[0]" size="10.560">因</text>
                <text font="JQUZDQ+SimSun" bbox="289.440,346.715,300.000,357.275" colourspace="ICCBased" ncolour="[0]" size="10.560">输</text>
                <text font="JQUZDQ+SimSun" bbox="300.000,346.715,310.560,357.275" colourspace="ICCBased" ncolour="[0]" size="10.560">血</text>
                <text font="JQUZDQ+SimSun" bbox="310.320,346.715,320.880,357.275" colourspace="ICCBased" ncolour="[0]" size="10.560">而</text>
                <text font="JQUZDQ+SimSun" bbox="320.880,346.715,331.440,357.275" colourspace="ICCBased" ncolour="[0]" size="10.560">感</text>
                <text font="JQUZDQ+SimSun" bbox="331.440,346.715,342.000,357.275" colourspace="ICCBased" ncolour="[0]" size="10.560">染</text>
                <text> </text>
                <text font="JTTPDQ+SimSun" bbox="344.645,346.715,349.925,357.275" colourspace="ICCBased" ncolour="[0]" size="10.560">H</text>
                <text font="JTTPDQ+SimSun" bbox="349.682,346.715,354.962,357.275" colourspace="ICCBased" ncolour="[0]" size="10.560">I</text>
                <text font="JTTPDQ+SimSun" bbox="354.962,346.715,360.242,357.275" colourspace="ICCBased" ncolour="[0]" size="10.560">V</text>
                <text> </text>
                <text font="JQUZDQ+SimSun" bbox="362.882,346.715,373.442,357.275" colourspace="ICCBased" ncolour="[0]" size="10.560">或</text>
                <text font="JQUZDQ+SimSun" bbox="373.442,346.715,384.002,357.275" colourspace="ICCBased" ncolour="[0]" size="10.560">患</text>
                <text font="JQUZDQ+SimSun" bbox="384.002,346.715,394.562,357.275" colourspace="ICCBased" ncolour="[0]" size="10.560">艾</text>
                <text font="JQUZDQ+SimSun" bbox="394.322,346.715,404.882,357.275" colourspace="ICCBased" ncolour="[0]" size="10.560">滋</text>
                <text font="JQUZDQ+SimSun" bbox="404.882,346.715,415.442,357.275" colourspace="ICCBased" ncolour="[0]" size="10.560">病</text>
                <text font="JQUZDQ+SimSun" bbox="415.442,346.715,426.002,357.275" colourspace="ICCBased" ncolour="[0]" size="10.560">；</text>
                <text font="JTTPDQ+SimSun" bbox="425.767,346.715,431.047,357.275" colourspace="ICCBased" ncolour="[0]" size="10.560"> </text>
                <text>
                </text>
            </textline>
            <textline bbox="210.491,331.109,547.200,341.677">
                <text font="JQUZDQ+SimSun" bbox="210.491,331.117,221.051,341.677" colourspace="ICCBased" ncolour="[0]" size="10.560">（</text>
                <text font="JTTPDQ+SimSun" bbox="221.051,331.117,226.331,341.677" colourspace="ICCBased" ncolour="[0]" size="10.560">2</text>
                <text font="JQUZDQ+SimSun" bbox="226.320,331.109,236.880,341.669" colourspace="ICCBased" ncolour="[0]" size="10.560">）</text>
                <text font="JQUZDQ+SimSun" bbox="232.080,331.109,242.640,341.669" colourspace="ICCBased" ncolour="[0]" size="10.560">提</text>
                <text font="JQUZDQ+SimSun" bbox="242.640,331.109,253.200,341.669" colourspace="ICCBased" ncolour="[0]" size="10.560">供</text>
                <text font="JQUZDQ+SimSun" bbox="253.200,331.109,263.760,341.669" colourspace="ICCBased" ncolour="[0]" size="10.560">输</text>
                <text font="JQUZDQ+SimSun" bbox="263.760,331.109,274.320,341.669" colourspace="ICCBased" ncolour="[0]" size="10.560">血</text>
                <text font="JQUZDQ+SimSun" bbox="274.080,331.109,284.640,341.669" colourspace="ICCBased" ncolour="[0]" size="10.560">治</text>
                <text font="JQUZDQ+SimSun" bbox="284.640,331.109,295.200,341.669" colourspace="ICCBased" ncolour="[0]" size="10.560">疗</text>
                <text font="JQUZDQ+SimSun" bbox="295.200,331.109,305.760,341.669" colourspace="ICCBased" ncolour="[0]" size="10.560">的</text>
                <text font="JQUZDQ+SimSun" bbox="305.760,331.109,316.320,341.669" colourspace="ICCBased" ncolour="[0]" size="10.560">输</text>
                <text font="JQUZDQ+SimSun" bbox="316.080,331.109,326.640,341.669" colourspace="ICCBased" ncolour="[0]" size="10.560">血</text>
                <text font="JQUZDQ+SimSun" bbox="326.640,331.109,337.200,341.669" colourspace="ICCBased" ncolour="[0]" size="10.560">中</text>
                <text font="JQUZDQ+SimSun" bbox="337.200,331.109,347.760,341.669" colourspace="ICCBased" ncolour="[0]" size="10.560">心</text>
                <text font="JQUZDQ+SimSun" bbox="347.520,331.109,358.080,341.669" colourspace="ICCBased" ncolour="[0]" size="10.560">或</text>
                <text font="JQUZDQ+SimSun" bbox="358.080,331.109,368.640,341.669" colourspace="ICCBased" ncolour="[0]" size="10.560">医</text>
                <text font="JQUZDQ+SimSun" bbox="368.640,331.109,379.200,341.669" colourspace="ICCBased" ncolour="[0]" size="10.560">院</text>
                <text font="JQUZDQ+SimSun" bbox="379.200,331.109,389.760,341.669" colourspace="ICCBased" ncolour="[0]" size="10.560">出</text>
                <text font="JQUZDQ+SimSun" bbox="389.520,331.109,400.080,341.669" colourspace="ICCBased" ncolour="[0]" size="10.560">具</text>
                <text font="JQUZDQ+SimSun" bbox="400.080,331.109,410.640,341.669" colourspace="ICCBased" ncolour="[0]" size="10.560">该</text>
                <text font="JQUZDQ+SimSun" bbox="410.640,331.109,421.200,341.669" colourspace="ICCBased" ncolour="[0]" size="10.560">项</text>
                <text font="JQUZDQ+SimSun" bbox="421.200,331.109,431.760,341.669" colourspace="ICCBased" ncolour="[0]" size="10.560">输</text>
                <text font="JQUZDQ+SimSun" bbox="431.520,331.109,442.080,341.669" colourspace="ICCBased" ncolour="[0]" size="10.560">血</text>
                <text font="JQUZDQ+SimSun" bbox="442.080,331.109,452.640,341.669" colourspace="ICCBased" ncolour="[0]" size="10.560">感</text>
                <text font="JQUZDQ+SimSun" bbox="452.400,331.109,462.960,341.669" colourspace="ICCBased" ncolour="[0]" size="10.560">染</text>
                <text font="JQUZDQ+SimSun" bbox="462.960,331.109,473.520,341.669" colourspace="ICCBased" ncolour="[0]" size="10.560">属</text>
                <text font="JQUZDQ+SimSun" bbox="473.520,331.109,484.080,341.669" colourspace="ICCBased" ncolour="[0]" size="10.560">医</text>
                <text font="JQUZDQ+SimSun" bbox="484.080,331.109,494.640,341.669" colourspace="ICCBased" ncolour="[0]" size="10.560">疗</text>
                <text font="JQUZDQ+SimSun" bbox="494.640,331.109,505.200,341.669" colourspace="ICCBased" ncolour="[0]" size="10.560">责</text>
                <text font="JQUZDQ+SimSun" bbox="504.960,331.109,515.520,341.669" colourspace="ICCBased" ncolour="[0]" size="10.560">任</text>
                <text font="JQUZDQ+SimSun" bbox="515.520,331.109,526.080,341.669" colourspace="ICCBased" ncolour="[0]" size="10.560">事</text>
                <text font="JQUZDQ+SimSun" bbox="526.080,331.109,536.640,341.669" colourspace="ICCBased" ncolour="[0]" size="10.560">故</text>
                <text font="JQUZDQ+SimSun" bbox="536.640,331.109,547.200,341.669" colourspace="ICCBased" ncolour="[0]" size="10.560">的</text>
                <text>
                </text>
            </textline>
        </textbox>
        <textbox id="10" bbox="236.640,315.509,420.480,326.069">
            <textline bbox="236.640,315.509,420.480,326.069">
                <text font="JQUZDQ+SimSun" bbox="236.640,315.509,247.200,326.069" colourspace="ICCBased" ncolour="[0]" size="10.560">报</text>
                <text font="JQUZDQ+SimSun" bbox="247.200,315.509,257.760,326.069" colourspace="ICCBased" ncolour="[0]" size="10.560">告</text>
                <text font="JQUZDQ+SimSun" bbox="257.760,315.509,268.320,326.069" colourspace="ICCBased" ncolour="[0]" size="10.560">，</text>
                <text font="JQUZDQ+SimSun" bbox="268.320,315.509,278.880,326.069" colourspace="ICCBased" ncolour="[0]" size="10.560">或</text>
                <text font="JQUZDQ+SimSun" bbox="278.880,315.509,289.440,326.069" colourspace="ICCBased" ncolour="[0]" size="10.560">者</text>
                <text font="JQUZDQ+SimSun" bbox="289.200,315.509,299.760,326.069" colourspace="ICCBased" ncolour="[0]" size="10.560">法</text>
                <text font="JQUZDQ+SimSun" bbox="299.760,315.509,310.320,326.069" colourspace="ICCBased" ncolour="[0]" size="10.560">院</text>
                <text font="JQUZDQ+SimSun" bbox="310.320,315.509,320.880,326.069" colourspace="ICCBased" ncolour="[0]" size="10.560">终</text>
                <text font="JQUZDQ+SimSun" bbox="320.880,315.509,331.440,326.069" colourspace="ICCBased" ncolour="[0]" size="10.560">审</text>
                <text font="JQUZDQ+SimSun" bbox="331.200,315.509,341.760,326.069" colourspace="ICCBased" ncolour="[0]" size="10.560">裁</text>
                <text font="JQUZDQ+SimSun" bbox="341.760,315.509,352.320,326.069" colourspace="ICCBased" ncolour="[0]" size="10.560">定</text>
                <text font="JQUZDQ+SimSun" bbox="352.320,315.509,362.880,326.069" colourspace="ICCBased" ncolour="[0]" size="10.560">为</text>
                <text font="JQUZDQ+SimSun" bbox="362.880,315.509,373.440,326.069" colourspace="ICCBased" ncolour="[0]" size="10.560">医</text>
                <text font="JQUZDQ+SimSun" bbox="373.200,315.509,383.760,326.069" colourspace="ICCBased" ncolour="[0]" size="10.560">疗</text>
                <text font="JQUZDQ+SimSun" bbox="383.760,315.509,394.320,326.069" colourspace="ICCBased" ncolour="[0]" size="10.560">责</text>
                <text font="JQUZDQ+SimSun" bbox="394.320,315.509,404.880,326.069" colourspace="ICCBased" ncolour="[0]" size="10.560">任</text>
                <text font="JQUZDQ+SimSun" bbox="404.880,315.509,415.440,326.069" colourspace="ICCBased" ncolour="[0]" size="10.560">；</text>
                <text font="JTTPDQ+SimSun" bbox="415.200,315.509,420.480,326.069" colourspace="ICCBased" ncolour="[0]" size="10.560"> </text>
                <text>
                </text>
            </textline>
        </textbox>
        <textbox id="11" bbox="210.480,237.509,547.205,310.472">
            <textline bbox="210.484,299.912,409.920,310.472">
                <text font="JQUZDQ+SimSun" bbox="210.484,299.912,221.044,310.472" colourspace="ICCBased" ncolour="[0]" size="10.560">（</text>
                <text font="JTTPDQ+SimSun" bbox="221.044,299.912,226.324,310.472" colourspace="ICCBased" ncolour="[0]" size="10.560">3</text>
                <text font="JQUZDQ+SimSun" bbox="226.324,299.912,236.884,310.472" colourspace="ICCBased" ncolour="[0]" size="10.560">）</text>
                <text font="JQUZDQ+SimSun" bbox="236.884,299.912,247.444,310.472" colourspace="ICCBased" ncolour="[0]" size="10.560">受</text>
                <text font="JQUZDQ+SimSun" bbox="247.444,299.912,258.004,310.472" colourspace="ICCBased" ncolour="[0]" size="10.560">感</text>
                <text font="JQUZDQ+SimSun" bbox="258.004,299.912,268.564,310.472" colourspace="ICCBased" ncolour="[0]" size="10.560">染</text>
                <text font="JQUZDQ+SimSun" bbox="268.324,299.912,278.884,310.472" colourspace="ICCBased" ncolour="[0]" size="10.560">的</text>
                <text font="JQUZDQ+SimSun" bbox="278.884,299.912,289.444,310.472" colourspace="ICCBased" ncolour="[0]" size="10.560">被</text>
                <text font="JQUZDQ+SimSun" bbox="289.444,299.912,300.004,310.472" colourspace="ICCBased" ncolour="[0]" size="10.560">保</text>
                <text font="JQUZDQ+SimSun" bbox="300.004,299.912,310.564,310.472" colourspace="ICCBased" ncolour="[0]" size="10.560">险</text>
                <text font="JQUZDQ+SimSun" bbox="310.323,299.912,320.883,310.472" colourspace="ICCBased" ncolour="[0]" size="10.560">人</text>
                <text font="JQUZDQ+SimSun" bbox="320.883,299.912,331.443,310.472" colourspace="ICCBased" ncolour="[0]" size="10.560">不</text>
                <text font="JQUZDQ+SimSun" bbox="331.443,299.912,342.003,310.472" colourspace="ICCBased" ncolour="[0]" size="10.560">是</text>
                <text font="JQUZDQ+SimSun" bbox="342.003,299.912,352.563,310.472" colourspace="ICCBased" ncolour="[0]" size="10.560">血</text>
                <text font="JQUZDQ+SimSun" bbox="352.324,299.912,362.884,310.472" colourspace="ICCBased" ncolour="[0]" size="10.560">友</text>
                <text font="JQUZDQ+SimSun" bbox="362.884,299.912,373.444,310.472" colourspace="ICCBased" ncolour="[0]" size="10.560">病</text>
                <text font="JQUZDQ+SimSun" bbox="373.444,299.912,384.004,310.472" colourspace="ICCBased" ncolour="[0]" size="10.560">患</text>
                <text font="JQUZDQ+SimSun" bbox="384.004,299.912,394.564,310.472" colourspace="ICCBased" ncolour="[0]" size="10.560">者</text>
                <text font="JQUZDQ+SimSun" bbox="394.324,299.912,404.884,310.472" colourspace="ICCBased" ncolour="[0]" size="10.560">。</text>
                <text font="JTTPDQ+SimSun" bbox="404.640,299.912,409.920,310.472" colourspace="ICCBased" ncolour="[0]" size="10.560"> </text>
                <text>
                </text>
            </textline>
            <textline bbox="210.480,284.309,547.200,294.869">
                <text font="JQUZDQ+SimSun" bbox="210.480,284.309,221.040,294.869" colourspace="ICCBased" ncolour="[0]" size="10.560">任</text>
                <text font="JQUZDQ+SimSun" bbox="221.040,284.309,231.600,294.869" colourspace="ICCBased" ncolour="[0]" size="10.560">何</text>
                <text font="JQUZDQ+SimSun" bbox="231.600,284.309,242.160,294.869" colourspace="ICCBased" ncolour="[0]" size="10.560">因</text>
                <text font="JQUZDQ+SimSun" bbox="242.160,284.309,252.720,294.869" colourspace="ICCBased" ncolour="[0]" size="10.560">其</text>
                <text font="JQUZDQ+SimSun" bbox="252.720,284.309,263.280,294.869" colourspace="ICCBased" ncolour="[0]" size="10.560">他</text>
                <text font="JQUZDQ+SimSun" bbox="263.040,284.309,273.600,294.869" colourspace="ICCBased" ncolour="[0]" size="10.560">传</text>
                <text font="JQUZDQ+SimSun" bbox="273.600,284.309,284.160,294.869" colourspace="ICCBased" ncolour="[0]" size="10.560">播</text>
                <text font="JQUZDQ+SimSun" bbox="284.160,284.309,294.720,294.869" colourspace="ICCBased" ncolour="[0]" size="10.560">方</text>
                <text font="JQUZDQ+SimSun" bbox="294.720,284.309,305.280,294.869" colourspace="ICCBased" ncolour="[0]" size="10.560">式</text>
                <text font="JQUZDQ+SimSun" bbox="305.040,284.309,315.600,294.869" colourspace="ICCBased" ncolour="[0]" size="10.560">（</text>
                <text font="JQUZDQ+SimSun" bbox="315.600,284.309,326.160,294.869" colourspace="ICCBased" ncolour="[0]" size="10.560">包</text>
                <text font="JQUZDQ+SimSun" bbox="326.160,284.309,336.720,294.869" colourspace="ICCBased" ncolour="[0]" size="10.560">括</text>
                <text font="JQUZDQ+SimSun" bbox="336.720,284.309,347.280,294.869" colourspace="ICCBased" ncolour="[0]" size="10.560">：</text>
                <text font="JQUZDQ+SimSun" bbox="347.040,284.309,357.600,294.869" colourspace="ICCBased" ncolour="[0]" size="10.560">性</text>
                <text font="JQUZDQ+SimSun" bbox="357.600,284.309,368.160,294.869" colourspace="ICCBased" ncolour="[0]" size="10.560">传</text>
                <text font="JQUZDQ+SimSun" bbox="368.160,284.309,378.720,294.869" colourspace="ICCBased" ncolour="[0]" size="10.560">播</text>
                <text font="JQUZDQ+SimSun" bbox="378.720,284.309,389.280,294.869" colourspace="ICCBased" ncolour="[0]" size="10.560">或</text>
                <text font="JQUZDQ+SimSun" bbox="389.040,284.309,399.600,294.869" colourspace="ICCBased" ncolour="[0]" size="10.560">静</text>
                <text font="JQUZDQ+SimSun" bbox="399.600,284.309,410.160,294.869" colourspace="ICCBased" ncolour="[0]" size="10.560">脉</text>
                <text font="JQUZDQ+SimSun" bbox="410.160,284.309,420.720,294.869" colourspace="ICCBased" ncolour="[0]" size="10.560">注</text>
                <text font="JQUZDQ+SimSun" bbox="420.720,284.309,431.280,294.869" colourspace="ICCBased" ncolour="[0]" size="10.560">射</text>
                <text font="JQUZDQ+SimSun" bbox="431.040,284.309,441.600,294.869" colourspace="ICCBased" ncolour="[0]" size="10.560">毒</text>
                <text font="JQUZDQ+SimSun" bbox="441.600,284.309,452.160,294.869" colourspace="ICCBased" ncolour="[0]" size="10.560">品</text>
                <text font="JQUZDQ+SimSun" bbox="451.920,284.309,462.480,294.869" colourspace="ICCBased" ncolour="[0]" size="10.560">等</text>
                <text font="JQUZDQ+SimSun" bbox="462.480,284.309,473.040,294.869" colourspace="ICCBased" ncolour="[0]" size="10.560">）</text>
                <text font="JQUZDQ+SimSun" bbox="473.040,284.309,483.600,294.869" colourspace="ICCBased" ncolour="[0]" size="10.560">导</text>
                <text font="JQUZDQ+SimSun" bbox="483.600,284.309,494.160,294.869" colourspace="ICCBased" ncolour="[0]" size="10.560">致</text>
                <text font="JQUZDQ+SimSun" bbox="494.160,284.309,504.720,294.869" colourspace="ICCBased" ncolour="[0]" size="10.560">的</text>
                <text> </text>
                <text font="JTTPDQ+SimSun" bbox="507.600,284.309,512.880,294.869" colourspace="ICCBased" ncolour="[0]" size="10.560">H</text>
                <text font="JTTPDQ+SimSun" bbox="512.637,284.309,517.917,294.869" colourspace="ICCBased" ncolour="[0]" size="10.560">I</text>
                <text font="JTTPDQ+SimSun" bbox="517.917,284.309,523.197,294.869" colourspace="ICCBased" ncolour="[0]" size="10.560">V</text>
                <text> </text>
                <text font="JQUZDQ+SimSun" bbox="526.080,284.309,536.640,294.869" colourspace="ICCBased" ncolour="[0]" size="10.560">感</text>
                <text font="JQUZDQ+SimSun" bbox="536.640,284.309,547.200,294.869" colourspace="ICCBased" ncolour="[0]" size="10.560">染</text>
                <text>
                </text>
            </textline>
            <textline bbox="210.480,268.709,547.205,279.269">
                <text font="JQUZDQ+SimSun" bbox="210.480,268.709,221.040,279.269" colourspace="ICCBased" ncolour="[0]" size="10.560">或</text>
                <text font="JQUZDQ+SimSun" bbox="221.040,268.709,231.600,279.269" colourspace="ICCBased" ncolour="[0]" size="10.560">患</text>
                <text font="JQUZDQ+SimSun" bbox="231.600,268.709,242.160,279.269" colourspace="ICCBased" ncolour="[0]" size="10.560">艾</text>
                <text font="JQUZDQ+SimSun" bbox="242.160,268.709,252.720,279.269" colourspace="ICCBased" ncolour="[0]" size="10.560">滋</text>
                <text font="JQUZDQ+SimSun" bbox="252.720,268.709,263.280,279.269" colourspace="ICCBased" ncolour="[0]" size="10.560">病</text>
                <text font="JQUZDQ+SimSun" bbox="263.280,268.709,273.840,279.269" colourspace="ICCBased" ncolour="[0]" size="10.560">不</text>
                <text font="JQUZDQ+SimSun" bbox="273.840,268.709,284.400,279.269" colourspace="ICCBased" ncolour="[0]" size="10.560">在</text>
                <text font="JQUZDQ+SimSun" bbox="284.160,268.709,294.720,279.269" colourspace="ICCBased" ncolour="[0]" size="10.560">保</text>
                <text font="JQUZDQ+SimSun" bbox="294.720,268.709,305.280,279.269" colourspace="ICCBased" ncolour="[0]" size="10.560">障</text>
                <text font="JQUZDQ+SimSun" bbox="305.280,268.709,315.840,279.269" colourspace="ICCBased" ncolour="[0]" size="10.560">范</text>
                <text font="JQUZDQ+SimSun" bbox="315.840,268.709,326.400,279.269" colourspace="ICCBased" ncolour="[0]" size="10.560">围</text>
                <text font="JQUZDQ+SimSun" bbox="326.400,268.709,336.960,279.269" colourspace="ICCBased" ncolour="[0]" size="10.560">内</text>
                <text font="JQUZDQ+SimSun" bbox="336.960,268.709,347.520,279.269" colourspace="ICCBased" ncolour="[0]" size="10.560">。</text>
                <text font="JQUZDQ+SimSun" bbox="347.285,268.709,357.845,279.269" colourspace="ICCBased" ncolour="[0]" size="10.560">本</text>
                <text font="JQUZDQ+SimSun" bbox="357.845,268.709,368.405,279.269" colourspace="ICCBased" ncolour="[0]" size="10.560">公</text>
                <text font="JQUZDQ+SimSun" bbox="368.405,268.709,378.965,279.269" colourspace="ICCBased" ncolour="[0]" size="10.560">司</text>
                <text font="JQUZDQ+SimSun" bbox="378.965,268.709,389.525,279.269" colourspace="ICCBased" ncolour="[0]" size="10.560">具</text>
                <text font="JQUZDQ+SimSun" bbox="389.525,268.709,400.085,279.269" colourspace="ICCBased" ncolour="[0]" size="10.560">有</text>
                <text font="JQUZDQ+SimSun" bbox="399.845,268.709,410.405,279.269" colourspace="ICCBased" ncolour="[0]" size="10.560">获</text>
                <text font="JQUZDQ+SimSun" bbox="410.405,268.709,420.965,279.269" colourspace="ICCBased" ncolour="[0]" size="10.560">得</text>
                <text font="JQUZDQ+SimSun" bbox="420.965,268.709,431.525,279.269" colourspace="ICCBased" ncolour="[0]" size="10.560">使</text>
                <text font="JQUZDQ+SimSun" bbox="431.525,268.709,442.085,279.269" colourspace="ICCBased" ncolour="[0]" size="10.560">用</text>
                <text font="JQUZDQ+SimSun" bbox="442.085,268.709,452.645,279.269" colourspace="ICCBased" ncolour="[0]" size="10.560">被</text>
                <text font="JQUZDQ+SimSun" bbox="452.404,268.709,462.964,279.269" colourspace="ICCBased" ncolour="[0]" size="10.560">保</text>
                <text font="JQUZDQ+SimSun" bbox="462.964,268.709,473.524,279.269" colourspace="ICCBased" ncolour="[0]" size="10.560">险</text>
                <text font="JQUZDQ+SimSun" bbox="473.524,268.709,484.084,279.269" colourspace="ICCBased" ncolour="[0]" size="10.560">人</text>
                <text font="JQUZDQ+SimSun" bbox="484.084,268.709,494.644,279.269" colourspace="ICCBased" ncolour="[0]" size="10.560">的</text>
                <text font="JQUZDQ+SimSun" bbox="494.644,268.709,505.204,279.269" colourspace="ICCBased" ncolour="[0]" size="10.560">所</text>
                <text font="JQUZDQ+SimSun" bbox="505.204,268.709,515.764,279.269" colourspace="ICCBased" ncolour="[0]" size="10.560">有</text>
                <text font="JQUZDQ+SimSun" bbox="515.764,268.709,526.324,279.269" colourspace="ICCBased" ncolour="[0]" size="10.560">血</text>
                <text font="JQUZDQ+SimSun" bbox="526.085,268.709,536.645,279.269" colourspace="ICCBased" ncolour="[0]" size="10.560">液</text>
                <text font="JQUZDQ+SimSun" bbox="536.645,268.709,547.205,279.269" colourspace="ICCBased" ncolour="[0]" size="10.560">样</text>
                <text>
                </text>
            </textline>
            <textline bbox="210.480,253.109,446.640,263.672">
                <text font="JQUZDQ+SimSun" bbox="210.480,253.112,221.040,263.672" colourspace="ICCBased" ncolour="[0]" size="10.560">本</text>
                <text font="JQUZDQ+SimSun" bbox="221.040,253.112,231.600,263.672" colourspace="ICCBased" ncolour="[0]" size="10.560">的</text>
                <text font="JQUZDQ+SimSun" bbox="231.600,253.112,242.160,263.672" colourspace="ICCBased" ncolour="[0]" size="10.560">权</text>
                <text font="JQUZDQ+SimSun" bbox="242.160,253.112,252.720,263.672" colourspace="ICCBased" ncolour="[0]" size="10.560">利</text>
                <text font="JQUZDQ+SimSun" bbox="252.720,253.112,263.280,263.672" colourspace="ICCBased" ncolour="[0]" size="10.560">和</text>
                <text font="JQUZDQ+SimSun" bbox="263.040,253.112,273.600,263.672" colourspace="ICCBased" ncolour="[0]" size="10.560">能</text>
                <text font="JQUZDQ+SimSun" bbox="273.600,253.112,284.160,263.672" colourspace="ICCBased" ncolour="[0]" size="10.560">够</text>
                <text font="JQUZDQ+SimSun" bbox="284.160,253.112,294.720,263.672" colourspace="ICCBased" ncolour="[0]" size="10.560">对</text>
                <text font="JQUZDQ+SimSun" bbox="294.720,253.112,305.280,263.672" colourspace="ICCBased" ncolour="[0]" size="10.560">这</text>
                <text font="JQUZDQ+SimSun" bbox="305.040,253.112,315.600,263.672" colourspace="ICCBased" ncolour="[0]" size="10.560">些</text>
                <text font="JQUZDQ+SimSun" bbox="315.600,253.112,326.160,263.672" colourspace="ICCBased" ncolour="[0]" size="10.560">样</text>
                <text font="JQUZDQ+SimSun" bbox="326.160,253.112,336.720,263.672" colourspace="ICCBased" ncolour="[0]" size="10.560">本</text>
                <text font="JQUZDQ+SimSun" bbox="336.720,253.112,347.280,263.672" colourspace="ICCBased" ncolour="[0]" size="10.560">进</text>
                <text font="JQUZDQ+SimSun" bbox="347.040,253.112,357.600,263.672" colourspace="ICCBased" ncolour="[0]" size="10.560">行</text>
                <text font="JQUZDQ+SimSun" bbox="357.600,253.112,368.160,263.672" colourspace="ICCBased" ncolour="[0]" size="10.560">独</text>
                <text font="JQUZDQ+SimSun" bbox="368.160,253.112,378.720,263.672" colourspace="ICCBased" ncolour="[0]" size="10.560">立</text>
                <text font="JQUZDQ+SimSun" bbox="378.720,253.112,389.280,263.672" colourspace="ICCBased" ncolour="[0]" size="10.560">检</text>
                <text font="JQUZDQ+SimSun" bbox="389.040,253.112,399.600,263.672" colourspace="ICCBased" ncolour="[0]" size="10.560">验</text>
                <text font="JQUZDQ+SimSun" bbox="399.600,253.112,410.160,263.672" colourspace="ICCBased" ncolour="[0]" size="10.560">的</text>
                <text font="JQUZDQ+SimSun" bbox="410.160,253.112,420.720,263.672" colourspace="ICCBased" ncolour="[0]" size="10.560">权</text>
                <text font="JQUZDQ+SimSun" bbox="420.720,253.112,431.280,263.672" colourspace="ICCBased" ncolour="[0]" size="10.560">利</text>
                <text font="JQUZDQ+SimSun" bbox="431.040,253.112,441.600,263.672" colourspace="ICCBased" ncolour="[0]" size="10.560">。</text>
                <text font="JTTPDQ+SimSun" bbox="441.360,253.109,446.640,263.669" colourspace="ICCBased" ncolour="[0]" size="10.560"> </text>
                <text>
                </text>
            </textline>
            <textline bbox="210.480,237.509,215.760,248.069">
                <text font="JTTPDQ+SimSun" bbox="210.480,237.509,215.760,248.069" colourspace="ICCBased" ncolour="[0]" size="10.560"> </text>
                <text>
                </text>
            </textline>
        </textbox>
        <textbox id="12" bbox="97.440,236.688,100.368,248.688">
            <textline bbox="97.440,236.688,100.368,248.688">
                <text font="ERELLA+STXinwei" bbox="97.440,236.688,100.368,248.688" colourspace="ICCBased" ncolour="[0]" size="12.000"> </text>
                <text>
                </text>
            </textline>
        </textbox>
        <textbox id="13" bbox="63.600,222.528,547.200,248.069">
            <textline bbox="68.880,237.509,74.160,248.069">
                <text font="JTTPDQ+SimSun" bbox="68.880,237.509,74.160,248.069" colourspace="ICCBased" ncolour="[0]" size="10.560"> </text>
                <text>
                </text>
            </textline>
            <textline bbox="63.600,222.528,547.200,234.528">
                <text font="JTTPDQ+SimSun" bbox="63.600,223.349,68.880,233.909" colourspace="ICCBased" ncolour="[0]" size="10.560">6</text>
                <text font="JTTPDQ+SimSun" bbox="68.880,223.349,74.160,233.909" colourspace="ICCBased" ncolour="[0]" size="10.560">9</text>
                <text font="JTTPDQ+SimSun" bbox="74.160,223.349,79.440,233.909" colourspace="ICCBased" ncolour="[0]" size="10.560"> </text>
                <text> </text>
                <text font="ERELLA+STXinwei" bbox="97.440,222.528,109.440,234.528" colourspace="ICCBased" ncolour="[0]" size="12.000">严</text>
                <text font="ERELLA+STXinwei" bbox="109.440,222.528,121.440,234.528" colourspace="ICCBased" ncolour="[0]" size="12.000">重</text>
                <text font="ERELLA+STXinwei" bbox="121.440,222.528,133.440,234.528" colourspace="ICCBased" ncolour="[0]" size="12.000">肌</text>
                <text font="ERELLA+STXinwei" bbox="133.440,222.528,145.440,234.528" colourspace="ICCBased" ncolour="[0]" size="12.000">营</text>
                <text font="ERELLA+STXinwei" bbox="145.440,222.528,157.440,234.528" colourspace="ICCBased" ncolour="[0]" size="12.000">养</text>
                <text font="ERELLA+STXinwei" bbox="157.440,222.528,169.440,234.528" colourspace="ICCBased" ncolour="[0]" size="12.000">不</text>
                <text font="ERELLA+STXinwei" bbox="169.440,222.528,181.440,234.528" colourspace="ICCBased" ncolour="[0]" size="12.000">良</text>
                <text font="ERELLA+STXinwei" bbox="181.440,222.528,193.440,234.528" colourspace="ICCBased" ncolour="[0]" size="12.000">症</text>
                <text font="ERELLA+STXinwei" bbox="193.440,222.528,196.368,234.528" colourspace="ICCBased" ncolour="[0]" size="12.000"> </text>
                <text> </text>
                <text font="JQUZDQ+SimSun" bbox="210.480,223.349,221.040,233.909" colourspace="ICCBased" ncolour="[0]" size="10.560">指</text>
                <text font="JQUZDQ+SimSun" bbox="221.040,223.349,231.600,233.909" colourspace="ICCBased" ncolour="[0]" size="10.560">一</text>
                <text font="JQUZDQ+SimSun" bbox="231.600,223.349,242.160,233.909" colourspace="ICCBased" ncolour="[0]" size="10.560">组</text>
                <text font="JQUZDQ+SimSun" bbox="242.160,223.349,252.720,233.909" colourspace="ICCBased" ncolour="[0]" size="10.560">原</text>
                <text font="JQUZDQ+SimSun" bbox="252.720,223.349,263.280,233.909" colourspace="ICCBased" ncolour="[0]" size="10.560">发</text>
                <text font="JQUZDQ+SimSun" bbox="263.280,223.349,273.840,233.909" colourspace="ICCBased" ncolour="[0]" size="10.560">于</text>
                <text font="JQUZDQ+SimSun" bbox="273.840,223.349,284.400,233.909" colourspace="ICCBased" ncolour="[0]" size="10.560">肌</text>
                <text font="JQUZDQ+SimSun" bbox="284.160,223.349,294.720,233.909" colourspace="ICCBased" ncolour="[0]" size="10.560">肉</text>
                <text font="JQUZDQ+SimSun" bbox="294.720,223.349,305.280,233.909" colourspace="ICCBased" ncolour="[0]" size="10.560">的</text>
                <text font="JQUZDQ+SimSun" bbox="305.280,223.349,315.840,233.909" colourspace="ICCBased" ncolour="[0]" size="10.560">疾</text>
                <text font="JQUZDQ+SimSun" bbox="315.840,223.349,326.400,233.909" colourspace="ICCBased" ncolour="[0]" size="10.560">病</text>
                <text font="JQUZDQ+SimSun" bbox="326.400,223.349,336.960,233.909" colourspace="ICCBased" ncolour="[0]" size="10.560">，</text>
                <text font="JQUZDQ+SimSun" bbox="336.960,223.349,347.520,233.909" colourspace="ICCBased" ncolour="[0]" size="10.560">临</text>
                <text font="JQUZDQ+SimSun" bbox="347.280,223.349,357.840,233.909" colourspace="ICCBased" ncolour="[0]" size="10.560">床</text>
                <text font="JQUZDQ+SimSun" bbox="357.840,223.349,368.400,233.909" colourspace="ICCBased" ncolour="[0]" size="10.560">表</text>
                <text font="JQUZDQ+SimSun" bbox="368.400,223.349,378.960,233.909" colourspace="ICCBased" ncolour="[0]" size="10.560">现</text>
                <text font="JQUZDQ+SimSun" bbox="378.960,223.349,389.520,233.909" colourspace="ICCBased" ncolour="[0]" size="10.560">为</text>
                <text font="JQUZDQ+SimSun" bbox="389.520,223.349,400.080,233.909" colourspace="ICCBased" ncolour="[0]" size="10.560">与</text>
                <text font="JQUZDQ+SimSun" bbox="399.840,223.349,410.400,233.909" colourspace="ICCBased" ncolour="[0]" size="10.560">神</text>
                <text font="JQUZDQ+SimSun" bbox="410.400,223.349,420.960,233.909" colourspace="ICCBased" ncolour="[0]" size="10.560">经</text>
                <text font="JQUZDQ+SimSun" bbox="420.960,223.349,431.520,233.909" colourspace="ICCBased" ncolour="[0]" size="10.560">系</text>
                <text font="JQUZDQ+SimSun" bbox="431.520,223.349,442.080,233.909" colourspace="ICCBased" ncolour="[0]" size="10.560">统</text>
                <text font="JQUZDQ+SimSun" bbox="442.080,223.349,452.640,233.909" colourspace="ICCBased" ncolour="[0]" size="10.560">无</text>
                <text font="JQUZDQ+SimSun" bbox="452.400,223.349,462.960,233.909" colourspace="ICCBased" ncolour="[0]" size="10.560">关</text>
                <text font="JQUZDQ+SimSun" bbox="462.960,223.349,473.520,233.909" colourspace="ICCBased" ncolour="[0]" size="10.560">的</text>
                <text font="JQUZDQ+SimSun" bbox="473.520,223.349,484.080,233.909" colourspace="ICCBased" ncolour="[0]" size="10.560">肌</text>
                <text font="JQUZDQ+SimSun" bbox="484.080,223.349,494.640,233.909" colourspace="ICCBased" ncolour="[0]" size="10.560">肉</text>
                <text font="JQUZDQ+SimSun" bbox="494.640,223.349,505.200,233.909" colourspace="ICCBased" ncolour="[0]" size="10.560">无</text>
                <text font="JQUZDQ+SimSun" bbox="505.200,223.349,515.760,233.909" colourspace="ICCBased" ncolour="[0]" size="10.560">力</text>
                <text font="JQUZDQ+SimSun" bbox="515.760,223.349,526.320,233.909" colourspace="ICCBased" ncolour="[0]" size="10.560">和</text>
                <text font="JQUZDQ+SimSun" bbox="526.080,223.349,536.640,233.909" colourspace="ICCBased" ncolour="[0]" size="10.560">肌</text>
                <text font="JQUZDQ+SimSun" bbox="536.640,223.349,547.200,233.909" colourspace="ICCBased" ncolour="[0]" size="10.560">肉</text>
                <text>
                </text>
            </textline>
        </textbox>
        <textbox id="14" bbox="210.480,192.149,547.200,218.312">
            <textline bbox="210.480,207.752,362.639,218.312">
                <text font="JQUZDQ+SimSun" bbox="210.480,207.752,221.040,218.312" colourspace="ICCBased" ncolour="[0]" size="10.560">萎</text>
                <text font="JQUZDQ+SimSun" bbox="221.040,207.752,231.600,218.312" colourspace="ICCBased" ncolour="[0]" size="10.560">缩</text>
                <text font="JQUZDQ+SimSun" bbox="231.600,207.752,242.160,218.312" colourspace="ICCBased" ncolour="[0]" size="10.560">。</text>
                <text font="JQUZDQ+SimSun" bbox="242.160,207.752,252.720,218.312" colourspace="ICCBased" ncolour="[0]" size="10.560">且</text>
                <text font="JQUZDQ+SimSun" bbox="252.720,207.752,263.280,218.312" colourspace="ICCBased" ncolour="[0]" size="10.560">须</text>
                <text font="JQUZDQ+SimSun" bbox="263.040,207.752,273.600,218.312" colourspace="ICCBased" ncolour="[0]" size="10.560">满</text>
                <text font="JQUZDQ+SimSun" bbox="273.600,207.752,284.160,218.312" colourspace="ICCBased" ncolour="[0]" size="10.560">足</text>
                <text font="JQUZDQ+SimSun" bbox="284.160,207.752,294.720,218.312" colourspace="ICCBased" ncolour="[0]" size="10.560">下</text>
                <text font="JQUZDQ+SimSun" bbox="294.720,207.752,305.280,218.312" colourspace="ICCBased" ncolour="[0]" size="10.560">列</text>
                <text font="JQUZDQ+SimSun" bbox="305.040,207.752,315.600,218.312" colourspace="ICCBased" ncolour="[0]" size="10.560">全</text>
                <text font="JQUZDQ+SimSun" bbox="315.600,207.752,326.160,218.312" colourspace="ICCBased" ncolour="[0]" size="10.560">部</text>
                <text font="JQUZDQ+SimSun" bbox="326.160,207.752,336.720,218.312" colourspace="ICCBased" ncolour="[0]" size="10.560">条</text>
                <text font="JQUZDQ+SimSun" bbox="336.720,207.752,347.280,218.312" colourspace="ICCBased" ncolour="[0]" size="10.560">件</text>
                <text font="JQUZDQ+SimSun" bbox="347.040,207.752,357.600,218.312" colourspace="ICCBased" ncolour="[0]" size="10.560">：</text>
                <text font="JTTPDQ+SimSun" bbox="357.359,207.752,362.639,218.312" colourspace="ICCBased" ncolour="[0]" size="10.560"> </text>
                <text>
                </text>
            </textline>
            <textline bbox="210.480,192.149,547.200,202.715">
                <text font="JQUZDQ+SimSun" bbox="210.480,192.155,221.040,202.715" colourspace="ICCBased" ncolour="[0]" size="10.560">（</text>
                <text font="JTTPDQ+SimSun" bbox="221.040,192.155,226.320,202.715" colourspace="ICCBased" ncolour="[0]" size="10.560">1</text>
                <text font="JQUZDQ+SimSun" bbox="226.320,192.149,236.880,202.709" colourspace="ICCBased" ncolour="[0]" size="10.560">）</text>
                <text font="JQUZDQ+SimSun" bbox="234.480,192.149,245.040,202.709" colourspace="ICCBased" ncolour="[0]" size="10.560">肌</text>
                <text font="JQUZDQ+SimSun" bbox="245.040,192.149,255.600,202.709" colourspace="ICCBased" ncolour="[0]" size="10.560">肉</text>
                <text font="JQUZDQ+SimSun" bbox="255.600,192.149,266.160,202.709" colourspace="ICCBased" ncolour="[0]" size="10.560">组</text>
                <text font="JQUZDQ+SimSun" bbox="265.920,192.149,276.480,202.709" colourspace="ICCBased" ncolour="[0]" size="10.560">织</text>
                <text font="JQUZDQ+SimSun" bbox="276.480,192.149,287.040,202.709" colourspace="ICCBased" ncolour="[0]" size="10.560">活</text>
                <text font="JQUZDQ+SimSun" bbox="287.040,192.149,297.600,202.709" colourspace="ICCBased" ncolour="[0]" size="10.560">检</text>
                <text font="JQUZDQ+SimSun" bbox="297.600,192.149,308.160,202.709" colourspace="ICCBased" ncolour="[0]" size="10.560">结</text>
                <text font="JQUZDQ+SimSun" bbox="307.920,192.149,318.480,202.709" colourspace="ICCBased" ncolour="[0]" size="10.560">果</text>
                <text font="JQUZDQ+SimSun" bbox="318.480,192.149,329.040,202.709" colourspace="ICCBased" ncolour="[0]" size="10.560">满</text>
                <text font="JQUZDQ+SimSun" bbox="329.040,192.149,339.600,202.709" colourspace="ICCBased" ncolour="[0]" size="10.560">足</text>
                <text font="JQUZDQ+SimSun" bbox="339.600,192.149,350.160,202.709" colourspace="ICCBased" ncolour="[0]" size="10.560">肌</text>
                <text font="JQUZDQ+SimSun" bbox="349.920,192.149,360.480,202.709" colourspace="ICCBased" ncolour="[0]" size="10.560">营</text>
                <text font="JQUZDQ+SimSun" bbox="360.480,192.149,371.040,202.709" colourspace="ICCBased" ncolour="[0]" size="10.560">养</text>
                <text font="JQUZDQ+SimSun" bbox="371.040,192.149,381.600,202.709" colourspace="ICCBased" ncolour="[0]" size="10.560">不</text>
                <text font="JQUZDQ+SimSun" bbox="381.600,192.149,392.160,202.709" colourspace="ICCBased" ncolour="[0]" size="10.560">良</text>
                <text font="JQUZDQ+SimSun" bbox="391.920,192.149,402.480,202.709" colourspace="ICCBased" ncolour="[0]" size="10.560">症</text>
                <text font="JQUZDQ+SimSun" bbox="402.480,192.149,413.040,202.709" colourspace="ICCBased" ncolour="[0]" size="10.560">的</text>
                <text font="JQUZDQ+SimSun" bbox="413.040,192.149,423.600,202.709" colourspace="ICCBased" ncolour="[0]" size="10.560">肌</text>
                <text font="JQUZDQ+SimSun" bbox="423.600,192.149,434.160,202.709" colourspace="ICCBased" ncolour="[0]" size="10.560">肉</text>
                <text font="JQUZDQ+SimSun" bbox="433.920,192.149,444.480,202.709" colourspace="ICCBased" ncolour="[0]" size="10.560">细</text>
                <text font="JQUZDQ+SimSun" bbox="444.480,192.149,455.040,202.709" colourspace="ICCBased" ncolour="[0]" size="10.560">胞</text>
                <text font="JQUZDQ+SimSun" bbox="454.800,192.149,465.360,202.709" colourspace="ICCBased" ncolour="[0]" size="10.560">变</text>
                <text font="JQUZDQ+SimSun" bbox="465.360,192.149,475.920,202.709" colourspace="ICCBased" ncolour="[0]" size="10.560">性</text>
                <text font="JQUZDQ+SimSun" bbox="475.920,192.149,486.480,202.709" colourspace="ICCBased" ncolour="[0]" size="10.560">、</text>
                <text font="JQUZDQ+SimSun" bbox="484.080,192.149,494.640,202.709" colourspace="ICCBased" ncolour="[0]" size="10.560">坏</text>
                <text font="JQUZDQ+SimSun" bbox="494.640,192.149,505.200,202.709" colourspace="ICCBased" ncolour="[0]" size="10.560">死</text>
                <text font="JQUZDQ+SimSun" bbox="505.200,192.149,515.760,202.709" colourspace="ICCBased" ncolour="[0]" size="10.560">等</text>
                <text font="JQUZDQ+SimSun" bbox="515.520,192.149,526.080,202.709" colourspace="ICCBased" ncolour="[0]" size="10.560">阳</text>
                <text font="JQUZDQ+SimSun" bbox="526.080,192.149,536.640,202.709" colourspace="ICCBased" ncolour="[0]" size="10.560">性</text>
                <text font="JQUZDQ+SimSun" bbox="536.640,192.149,547.200,202.709" colourspace="ICCBased" ncolour="[0]" size="10.560">改</text>
                <text>
                </text>
            </textline>
        </textbox>
        <textbox id="15" bbox="210.475,160.949,547.200,171.512">
            <textline bbox="210.475,160.949,547.200,171.512">
                <text font="JQUZDQ+SimSun" bbox="210.475,160.952,221.035,171.512" colourspace="ICCBased" ncolour="[0]" size="10.560">（</text>
                <text font="JTTPDQ+SimSun" bbox="221.035,160.952,226.315,171.512" colourspace="ICCBased" ncolour="[0]" size="10.560">2</text>
                <text font="JQUZDQ+SimSun" bbox="226.320,160.949,236.880,171.509" colourspace="ICCBased" ncolour="[0]" size="10.560">）</text>
                <text font="JQUZDQ+SimSun" bbox="234.480,160.949,245.040,171.509" colourspace="ICCBased" ncolour="[0]" size="10.560">自</text>
                <text font="JQUZDQ+SimSun" bbox="245.040,160.949,255.600,171.509" colourspace="ICCBased" ncolour="[0]" size="10.560">主</text>
                <text font="JQUZDQ+SimSun" bbox="255.600,160.949,266.160,171.509" colourspace="ICCBased" ncolour="[0]" size="10.560">生</text>
                <text font="JQUZDQ+SimSun" bbox="265.920,160.949,276.480,171.509" colourspace="ICCBased" ncolour="[0]" size="10.560">活</text>
                <text font="JQUZDQ+SimSun" bbox="276.480,160.949,287.040,171.509" colourspace="ICCBased" ncolour="[0]" size="10.560">能</text>
                <text font="JQUZDQ+SimSun" bbox="287.040,160.949,297.600,171.509" colourspace="ICCBased" ncolour="[0]" size="10.560">力</text>
                <text font="JQUZDQ+SimSun" bbox="297.600,160.949,308.160,171.509" colourspace="ICCBased" ncolour="[0]" size="10.560">完</text>
                <text font="JQUZDQ+SimSun" bbox="307.920,160.949,318.480,171.509" colourspace="ICCBased" ncolour="[0]" size="10.560">全</text>
                <text font="JQUZDQ+SimSun" bbox="318.480,160.949,329.040,171.509" colourspace="ICCBased" ncolour="[0]" size="10.560">丧</text>
                <text font="JQUZDQ+SimSun" bbox="329.040,160.949,339.600,171.509" colourspace="ICCBased" ncolour="[0]" size="10.560">失</text>
                <text font="JQUZDQ+SimSun" bbox="339.600,160.949,350.160,171.509" colourspace="ICCBased" ncolour="[0]" size="10.560">，</text>
                <text font="JQUZDQ+SimSun" bbox="347.520,160.949,358.080,171.509" colourspace="ICCBased" ncolour="[0]" size="10.560">无</text>
                <text font="JQUZDQ+SimSun" bbox="358.080,160.949,368.640,171.509" colourspace="ICCBased" ncolour="[0]" size="10.560">法</text>
                <text font="JQUZDQ+SimSun" bbox="368.640,160.949,379.200,171.509" colourspace="ICCBased" ncolour="[0]" size="10.560">独</text>
                <text font="JQUZDQ+SimSun" bbox="379.200,160.949,389.760,171.509" colourspace="ICCBased" ncolour="[0]" size="10.560">立</text>
                <text font="JQUZDQ+SimSun" bbox="389.520,160.949,400.080,171.509" colourspace="ICCBased" ncolour="[0]" size="10.560">完</text>
                <text font="JQUZDQ+SimSun" bbox="400.080,160.949,410.640,171.509" colourspace="ICCBased" ncolour="[0]" size="10.560">成</text>
                <text font="JQUZDQ+SimSun" bbox="410.640,160.949,421.200,171.509" colourspace="ICCBased" ncolour="[0]" size="10.560">六</text>
                <text font="JQUZDQ+SimSun" bbox="421.200,160.949,431.760,171.509" colourspace="ICCBased" ncolour="[0]" size="10.560">项</text>
                <text font="JQUZDQ+SimSun" bbox="431.520,160.949,442.080,171.509" colourspace="ICCBased" ncolour="[0]" size="10.560">基</text>
                <text font="JQUZDQ+SimSun" bbox="442.080,160.949,452.640,171.509" colourspace="ICCBased" ncolour="[0]" size="10.560">本</text>
                <text font="JQUZDQ+SimSun" bbox="452.400,160.949,462.960,171.509" colourspace="ICCBased" ncolour="[0]" size="10.560">日</text>
                <text font="JQUZDQ+SimSun" bbox="462.960,160.949,473.520,171.509" colourspace="ICCBased" ncolour="[0]" size="10.560">常</text>
                <text font="JQUZDQ+SimSun" bbox="473.520,160.949,484.080,171.509" colourspace="ICCBased" ncolour="[0]" size="10.560">生</text>
                <text font="JQUZDQ+SimSun" bbox="484.080,160.949,494.640,171.509" colourspace="ICCBased" ncolour="[0]" size="10.560">活</text>
                <text font="JQUZDQ+SimSun" bbox="494.640,160.949,505.200,171.509" colourspace="ICCBased" ncolour="[0]" size="10.560">活</text>
                <text font="JQUZDQ+SimSun" bbox="504.960,160.949,515.520,171.509" colourspace="ICCBased" ncolour="[0]" size="10.560">动</text>
                <text font="JQUZDQ+SimSun" bbox="515.520,160.949,526.080,171.509" colourspace="ICCBased" ncolour="[0]" size="10.560">中</text>
                <text font="JQUZDQ+SimSun" bbox="526.080,160.949,536.640,171.509" colourspace="ICCBased" ncolour="[0]" size="10.560">的</text>
                <text font="JQUZDQ+SimSun" bbox="536.640,160.949,547.200,171.509" colourspace="ICCBased" ncolour="[0]" size="10.560">三</text>
                <text>
                </text>
            </textline>
        </textbox>
        <textbox id="16" bbox="236.640,176.549,262.800,187.109">
            <textline bbox="236.640,176.549,262.800,187.109">
                <text font="JQUZDQ+SimSun" bbox="236.640,176.549,247.200,187.109" colourspace="ICCBased" ncolour="[0]" size="10.560">变</text>
                <text font="JQUZDQ+SimSun" bbox="247.200,176.549,257.760,187.109" colourspace="ICCBased" ncolour="[0]" size="10.560">；</text>
                <text font="JTTPDQ+SimSun" bbox="257.520,176.549,262.800,187.109" colourspace="ICCBased" ncolour="[0]" size="10.560"> </text>
                <text>
                </text>
            </textline>
        </textbox>
        <textbox id="17" bbox="236.640,145.349,315.360,155.909">
            <textline bbox="236.640,145.349,315.360,155.909">
                <text font="JQUZDQ+SimSun" bbox="236.640,145.349,247.200,155.909" colourspace="ICCBased" ncolour="[0]" size="10.560">项</text>
                <text font="JQUZDQ+SimSun" bbox="247.200,145.349,257.760,155.909" colourspace="ICCBased" ncolour="[0]" size="10.560">或</text>
                <text font="JQUZDQ+SimSun" bbox="257.760,145.349,268.320,155.909" colourspace="ICCBased" ncolour="[0]" size="10.560">三</text>
                <text font="JQUZDQ+SimSun" bbox="268.320,145.349,278.880,155.909" colourspace="ICCBased" ncolour="[0]" size="10.560">项</text>
                <text font="JQUZDQ+SimSun" bbox="278.880,145.349,289.440,155.909" colourspace="ICCBased" ncolour="[0]" size="10.560">以</text>
                <text font="JQUZDQ+SimSun" bbox="289.200,145.349,299.760,155.909" colourspace="ICCBased" ncolour="[0]" size="10.560">上</text>
                <text font="JQUZDQ+SimSun" bbox="299.760,145.349,310.320,155.909" colourspace="ICCBased" ncolour="[0]" size="10.560">。</text>
                <text font="JTTPDQ+SimSun" bbox="310.080,145.349,315.360,155.909" colourspace="ICCBased" ncolour="[0]" size="10.560"> </text>
                <text>
                </text>
            </textline>
        </textbox>
        <textbox id="18" bbox="63.600,123.408,547.200,140.309">
            <textline bbox="68.880,129.749,74.160,140.309">
                <text font="JTTPDQ+SimSun" bbox="68.880,129.749,74.160,140.309" colourspace="ICCBased" ncolour="[0]" size="10.560"> </text>
                <text>
                </text>
            </textline>
            <textline bbox="63.600,123.408,547.200,135.408">
                <text font="JTTPDQ+SimSun" bbox="63.600,124.229,68.880,134.789" colourspace="ICCBased" ncolour="[0]" size="10.560">7</text>
                <text font="JTTPDQ+SimSun" bbox="68.880,124.229,74.160,134.789" colourspace="ICCBased" ncolour="[0]" size="10.560">0</text>
                <text font="JTTPDQ+SimSun" bbox="74.160,124.229,79.440,134.789" colourspace="ICCBased" ncolour="[0]" size="10.560"> </text>
                <text> </text>
                <text font="ERELLA+STXinwei" bbox="97.440,123.408,109.440,135.408" colourspace="ICCBased" ncolour="[0]" size="12.000">弥</text>
                <text font="ERELLA+STXinwei" bbox="109.440,123.408,121.440,135.408" colourspace="ICCBased" ncolour="[0]" size="12.000">漫</text>
                <text font="ERELLA+STXinwei" bbox="121.440,123.408,133.440,135.408" colourspace="ICCBased" ncolour="[0]" size="12.000">性</text>
                <text font="ERELLA+STXinwei" bbox="133.440,123.408,145.440,135.408" colourspace="ICCBased" ncolour="[0]" size="12.000">血</text>
                <text font="ERELLA+STXinwei" bbox="145.440,123.408,157.440,135.408" colourspace="ICCBased" ncolour="[0]" size="12.000">管</text>
                <text font="ERELLA+STXinwei" bbox="157.440,123.408,169.440,135.408" colourspace="ICCBased" ncolour="[0]" size="12.000">内</text>
                <text font="ERELLA+STXinwei" bbox="169.440,123.408,181.440,135.408" colourspace="ICCBased" ncolour="[0]" size="12.000">凝</text>
                <text font="ERELLA+STXinwei" bbox="181.440,123.408,193.440,135.408" colourspace="ICCBased" ncolour="[0]" size="12.000">血</text>
                <text font="ERELLA+STXinwei" bbox="193.440,123.408,196.368,135.408" colourspace="ICCBased" ncolour="[0]" size="12.000"> </text>
                <text> </text>
                <text font="JQUZDQ+SimSun" bbox="210.480,124.229,221.040,134.789" colourspace="ICCBased" ncolour="[0]" size="10.560">指</text>
                <text font="JQUZDQ+SimSun" bbox="221.040,124.229,231.600,134.789" colourspace="ICCBased" ncolour="[0]" size="10.560">血</text>
                <text font="JQUZDQ+SimSun" bbox="231.600,124.229,242.160,134.789" colourspace="ICCBased" ncolour="[0]" size="10.560">液</text>
                <text font="JQUZDQ+SimSun" bbox="242.160,124.229,252.720,134.789" colourspace="ICCBased" ncolour="[0]" size="10.560">凝</text>
                <text font="JQUZDQ+SimSun" bbox="252.720,124.229,263.280,134.789" colourspace="ICCBased" ncolour="[0]" size="10.560">固</text>
                <text font="JQUZDQ+SimSun" bbox="263.280,124.229,273.840,134.789" colourspace="ICCBased" ncolour="[0]" size="10.560">系</text>
                <text font="JQUZDQ+SimSun" bbox="273.840,124.229,284.400,134.789" colourspace="ICCBased" ncolour="[0]" size="10.560">统</text>
                <text font="JQUZDQ+SimSun" bbox="284.160,124.229,294.720,134.789" colourspace="ICCBased" ncolour="[0]" size="10.560">和</text>
                <text font="JQUZDQ+SimSun" bbox="294.720,124.229,305.280,134.789" colourspace="ICCBased" ncolour="[0]" size="10.560">纤</text>
                <text font="JQUZDQ+SimSun" bbox="305.280,124.229,315.840,134.789" colourspace="ICCBased" ncolour="[0]" size="10.560">溶</text>
                <text font="JQUZDQ+SimSun" bbox="315.840,124.229,326.400,134.789" colourspace="ICCBased" ncolour="[0]" size="10.560">系</text>
                <text font="JQUZDQ+SimSun" bbox="326.400,124.229,336.960,134.789" colourspace="ICCBased" ncolour="[0]" size="10.560">统</text>
                <text font="JQUZDQ+SimSun" bbox="336.960,124.229,347.520,134.789" colourspace="ICCBased" ncolour="[0]" size="10.560">的</text>
                <text font="JQUZDQ+SimSun" bbox="347.280,124.229,357.840,134.789" colourspace="ICCBased" ncolour="[0]" size="10.560">过</text>
                <text font="JQUZDQ+SimSun" bbox="357.840,124.229,368.400,134.789" colourspace="ICCBased" ncolour="[0]" size="10.560">度</text>
                <text font="JQUZDQ+SimSun" bbox="368.400,124.229,378.960,134.789" colourspace="ICCBased" ncolour="[0]" size="10.560">活</text>
                <text font="JQUZDQ+SimSun" bbox="378.960,124.229,389.520,134.789" colourspace="ICCBased" ncolour="[0]" size="10.560">动</text>
                <text font="JQUZDQ+SimSun" bbox="389.520,124.229,400.080,134.789" colourspace="ICCBased" ncolour="[0]" size="10.560">导</text>
                <text font="JQUZDQ+SimSun" bbox="399.840,124.229,410.400,134.789" colourspace="ICCBased" ncolour="[0]" size="10.560">致</text>
                <text font="JQUZDQ+SimSun" bbox="410.400,124.229,420.960,134.789" colourspace="ICCBased" ncolour="[0]" size="10.560">微</text>
                <text font="JQUZDQ+SimSun" bbox="420.960,124.229,431.520,134.789" colourspace="ICCBased" ncolour="[0]" size="10.560">血</text>
                <text font="JQUZDQ+SimSun" bbox="431.520,124.229,442.080,134.789" colourspace="ICCBased" ncolour="[0]" size="10.560">管</text>
                <text font="JQUZDQ+SimSun" bbox="442.080,124.229,452.640,134.789" colourspace="ICCBased" ncolour="[0]" size="10.560">血</text>
                <text font="JQUZDQ+SimSun" bbox="452.400,124.229,462.960,134.789" colourspace="ICCBased" ncolour="[0]" size="10.560">栓</text>
                <text font="JQUZDQ+SimSun" bbox="462.960,124.229,473.520,134.789" colourspace="ICCBased" ncolour="[0]" size="10.560">形</text>
                <text font="JQUZDQ+SimSun" bbox="473.520,124.229,484.080,134.789" colourspace="ICCBased" ncolour="[0]" size="10.560">成</text>
                <text font="JQUZDQ+SimSun" bbox="484.080,124.229,494.640,134.789" colourspace="ICCBased" ncolour="[0]" size="10.560">、</text>
                <text font="JQUZDQ+SimSun" bbox="494.640,124.229,505.200,134.789" colourspace="ICCBased" ncolour="[0]" size="10.560">血</text>
                <text font="JQUZDQ+SimSun" bbox="505.200,124.229,515.760,134.789" colourspace="ICCBased" ncolour="[0]" size="10.560">小</text>
                <text font="JQUZDQ+SimSun" bbox="515.760,124.229,526.320,134.789" colourspace="ICCBased" ncolour="[0]" size="10.560">板</text>
                <text font="JQUZDQ+SimSun" bbox="526.080,124.229,536.640,134.789" colourspace="ICCBased" ncolour="[0]" size="10.560">及</text>
                <text font="JQUZDQ+SimSun" bbox="536.640,124.229,547.200,134.789" colourspace="ICCBased" ncolour="[0]" size="10.560">凝</text>
                <text>
                </text>
            </textline>
        </textbox>
        <textbox id="19" bbox="210.480,129.749,215.760,140.309">
            <textline bbox="210.480,129.749,215.760,140.309">
                <text font="JTTPDQ+SimSun" bbox="210.480,129.749,215.760,140.309" colourspace="ICCBased" ncolour="[0]" size="10.560"> </text>
                <text>
                </text>
            </textline>
        </textbox>
        <textbox id="20" bbox="97.440,128.928,100.368,140.928">
            <textline bbox="97.440,128.928,100.368,140.928">
                <text font="ERELLA+STXinwei" bbox="97.440,128.928,100.368,140.928" colourspace="ICCBased" ncolour="[0]" size="12.000"> </text>
                <text>
                </text>
            </textline>
        </textbox>
        <textbox id="21" bbox="97.440,92.208,100.368,104.208">
            <textline bbox="97.440,92.208,100.368,104.208">
                <text font="ERELLA+STXinwei" bbox="97.440,92.208,100.368,104.208" colourspace="ICCBased" ncolour="[0]" size="12.000"> </text>
                <text>
                </text>
            </textline>
        </textbox>
        <textbox id="22" bbox="63.600,64.848,199.680,103.589">
            <textline bbox="68.880,93.029,74.160,103.589">
                <text font="JTTPDQ+SimSun" bbox="68.880,93.029,74.160,103.589" colourspace="ICCBased" ncolour="[0]" size="10.560"> </text>
                <text>
                </text>
            </textline>
            <textline bbox="63.600,80.688,199.680,93.269">
                <text font="JTTPDQ+SimSun" bbox="63.600,82.709,68.880,93.269" colourspace="ICCBased" ncolour="[0]" size="10.560">7</text>
                <text font="JTTPDQ+SimSun" bbox="68.880,82.709,74.160,93.269" colourspace="ICCBased" ncolour="[0]" size="10.560">1</text>
                <text font="JTTPDQ+SimSun" bbox="74.160,82.709,79.440,93.269" colourspace="ICCBased" ncolour="[0]" size="10.560"> </text>
                <text> </text>
                <text font="ERELLA+STXinwei" bbox="97.440,80.688,109.440,92.688" colourspace="ICCBased" ncolour="[0]" size="12.000">因</text>
                <text font="ERELLA+STXinwei" bbox="110.400,80.688,122.400,92.688" colourspace="ICCBased" ncolour="[0]" size="12.000">职</text>
                <text font="ERELLA+STXinwei" bbox="123.360,80.688,135.360,92.688" colourspace="ICCBased" ncolour="[0]" size="12.000">业</text>
                <text font="ERELLA+STXinwei" bbox="136.080,80.688,148.080,92.688" colourspace="ICCBased" ncolour="[0]" size="12.000">关</text>
                <text font="ERELLA+STXinwei" bbox="149.040,80.688,161.040,92.688" colourspace="ICCBased" ncolour="[0]" size="12.000">系</text>
                <text font="ERELLA+STXinwei" bbox="162.000,80.688,174.000,92.688" colourspace="ICCBased" ncolour="[0]" size="12.000">导</text>
                <text font="ERELLA+STXinwei" bbox="174.720,80.688,186.720,92.688" colourspace="ICCBased" ncolour="[0]" size="12.000">致</text>
                <text font="ERELLA+STXinwei" bbox="187.680,80.688,199.680,92.688" colourspace="ICCBased" ncolour="[0]" size="12.000">的</text>
                <text>
                </text>
            </textline>
            <textline bbox="97.440,64.848,199.680,76.848">
                <text font="ERELLA+STXinwei" bbox="97.440,64.848,109.440,76.848" colourspace="ICCBased" ncolour="[0]" size="12.000">艾</text>
                <text font="ERELLA+STXinwei" bbox="110.400,64.848,122.400,76.848" colourspace="ICCBased" ncolour="[0]" size="12.000">滋</text>
                <text font="ERELLA+STXinwei" bbox="123.360,64.848,135.360,76.848" colourspace="ICCBased" ncolour="[0]" size="12.000">病</text>
                <text font="ERELLA+STXinwei" bbox="136.080,64.848,148.080,76.848" colourspace="ICCBased" ncolour="[0]" size="12.000">病</text>
                <text font="ERELLA+STXinwei" bbox="149.040,64.848,161.040,76.848" colourspace="ICCBased" ncolour="[0]" size="12.000">毒</text>
                <text font="ERELLA+STXinwei" bbox="162.000,64.848,174.000,76.848" colourspace="ICCBased" ncolour="[0]" size="12.000">感</text>
                <text font="ERELLA+STXinwei" bbox="174.720,64.848,186.720,76.848" colourspace="ICCBased" ncolour="[0]" size="12.000">染</text>
                <text font="ERELLA+STXinwei" bbox="187.680,64.848,199.680,76.848" colourspace="ICCBased" ncolour="[0]" size="12.000">或</text>
                <text>
                </text>
            </textline>
        </textbox>
        <textbox id="23" bbox="210.480,69.266,547.200,119.192">
            <textline bbox="210.480,108.632,509.761,119.192">
                <text font="JQUZDQ+SimSun" bbox="210.480,108.632,221.040,119.192" colourspace="ICCBased" ncolour="[0]" size="10.560">血</text>
                <text font="JQUZDQ+SimSun" bbox="221.040,108.632,231.600,119.192" colourspace="ICCBased" ncolour="[0]" size="10.560">因</text>
                <text font="JQUZDQ+SimSun" bbox="231.600,108.632,242.160,119.192" colourspace="ICCBased" ncolour="[0]" size="10.560">子</text>
                <text font="JQUZDQ+SimSun" bbox="242.160,108.632,252.720,119.192" colourspace="ICCBased" ncolour="[0]" size="10.560">耗</text>
                <text font="JQUZDQ+SimSun" bbox="252.720,108.632,263.280,119.192" colourspace="ICCBased" ncolour="[0]" size="10.560">竭</text>
                <text font="JQUZDQ+SimSun" bbox="263.040,108.632,273.600,119.192" colourspace="ICCBased" ncolour="[0]" size="10.560">和</text>
                <text font="JQUZDQ+SimSun" bbox="273.600,108.632,284.160,119.192" colourspace="ICCBased" ncolour="[0]" size="10.560">严</text>
                <text font="JQUZDQ+SimSun" bbox="284.160,108.632,294.720,119.192" colourspace="ICCBased" ncolour="[0]" size="10.560">重</text>
                <text font="JQUZDQ+SimSun" bbox="294.720,108.632,305.280,119.192" colourspace="ICCBased" ncolour="[0]" size="10.560">出</text>
                <text font="JQUZDQ+SimSun" bbox="305.040,108.632,315.600,119.192" colourspace="ICCBased" ncolour="[0]" size="10.560">血</text>
                <text font="JQUZDQ+SimSun" bbox="315.600,108.632,326.160,119.192" colourspace="ICCBased" ncolour="[0]" size="10.560">，</text>
                <text font="JQUZDQ+SimSun" bbox="326.160,108.632,336.720,119.192" colourspace="ICCBased" ncolour="[0]" size="10.560">需</text>
                <text font="JQUZDQ+SimSun" bbox="336.720,108.632,347.280,119.192" colourspace="ICCBased" ncolour="[0]" size="10.560">要</text>
                <text font="JQUZDQ+SimSun" bbox="347.040,108.632,357.600,119.192" colourspace="ICCBased" ncolour="[0]" size="10.560">输</text>
                <text font="JQUZDQ+SimSun" bbox="357.600,108.632,368.160,119.192" colourspace="ICCBased" ncolour="[0]" size="10.560">注</text>
                <text font="JQUZDQ+SimSun" bbox="368.160,108.632,378.720,119.192" colourspace="ICCBased" ncolour="[0]" size="10.560">血</text>
                <text font="JQUZDQ+SimSun" bbox="378.720,108.632,389.280,119.192" colourspace="ICCBased" ncolour="[0]" size="10.560">浆</text>
                <text font="JQUZDQ+SimSun" bbox="389.040,108.632,399.600,119.192" colourspace="ICCBased" ncolour="[0]" size="10.560">和</text>
                <text font="JQUZDQ+SimSun" bbox="399.600,108.632,410.160,119.192" colourspace="ICCBased" ncolour="[0]" size="10.560">浓</text>
                <text font="JQUZDQ+SimSun" bbox="410.160,108.632,420.720,119.192" colourspace="ICCBased" ncolour="[0]" size="10.560">缩</text>
                <text font="JQUZDQ+SimSun" bbox="420.720,108.632,431.280,119.192" colourspace="ICCBased" ncolour="[0]" size="10.560">血</text>
                <text font="JQUZDQ+SimSun" bbox="431.040,108.632,441.600,119.192" colourspace="ICCBased" ncolour="[0]" size="10.560">小</text>
                <text font="JQUZDQ+SimSun" bbox="441.600,108.632,452.160,119.192" colourspace="ICCBased" ncolour="[0]" size="10.560">板</text>
                <text font="JQUZDQ+SimSun" bbox="451.920,108.632,462.480,119.192" colourspace="ICCBased" ncolour="[0]" size="10.560">进</text>
                <text font="JQUZDQ+SimSun" bbox="462.480,108.632,473.040,119.192" colourspace="ICCBased" ncolour="[0]" size="10.560">行</text>
                <text font="JQUZDQ+SimSun" bbox="473.040,108.632,483.600,119.192" colourspace="ICCBased" ncolour="[0]" size="10.560">治</text>
                <text font="JQUZDQ+SimSun" bbox="483.600,108.632,494.160,119.192" colourspace="ICCBased" ncolour="[0]" size="10.560">疗</text>
                <text font="JQUZDQ+SimSun" bbox="494.160,108.632,504.720,119.192" colourspace="ICCBased" ncolour="[0]" size="10.560">。</text>
                <text font="JTTPDQ+SimSun" bbox="504.481,108.632,509.761,119.192" colourspace="ICCBased" ncolour="[0]" size="10.560"> </text>
                <text>
                </text>
            </textline>
            <textline bbox="210.480,93.029,215.760,103.589">
                <text font="JTTPDQ+SimSun" bbox="210.480,93.029,215.760,103.589" colourspace="ICCBased" ncolour="[0]" size="10.560"> </text>
                <text>
                </text>
            </textline>
            <textline bbox="210.480,82.709,547.200,93.269">
                <text font="JQUZDQ+SimSun" bbox="210.480,82.709,221.040,93.269" colourspace="ICCBased" ncolour="[0]" size="10.560">被</text>
                <text font="JQUZDQ+SimSun" bbox="221.040,82.709,231.600,93.269" colourspace="ICCBased" ncolour="[0]" size="10.560">保</text>
                <text font="JQUZDQ+SimSun" bbox="231.600,82.709,242.160,93.269" colourspace="ICCBased" ncolour="[0]" size="10.560">险</text>
                <text font="JQUZDQ+SimSun" bbox="242.160,82.709,252.720,93.269" colourspace="ICCBased" ncolour="[0]" size="10.560">人</text>
                <text font="JQUZDQ+SimSun" bbox="252.720,82.709,263.280,93.269" colourspace="ICCBased" ncolour="[0]" size="10.560">在</text>
                <text font="JQUZDQ+SimSun" bbox="263.280,82.709,273.840,93.269" colourspace="ICCBased" ncolour="[0]" size="10.560">其</text>
                <text font="JQUZDQ+SimSun" bbox="273.840,82.709,284.400,93.269" colourspace="ICCBased" ncolour="[0]" size="10.560">常</text>
                <text font="JQUZDQ+SimSun" bbox="284.160,82.709,294.720,93.269" colourspace="ICCBased" ncolour="[0]" size="10.560">规</text>
                <text font="JQUZDQ+SimSun" bbox="294.720,82.709,305.280,93.269" colourspace="ICCBased" ncolour="[0]" size="10.560">职</text>
                <text font="JQUZDQ+SimSun" bbox="305.280,82.709,315.840,93.269" colourspace="ICCBased" ncolour="[0]" size="10.560">业</text>
                <text font="JQUZDQ+SimSun" bbox="315.840,82.709,326.400,93.269" colourspace="ICCBased" ncolour="[0]" size="10.560">工</text>
                <text font="JQUZDQ+SimSun" bbox="326.400,82.709,336.960,93.269" colourspace="ICCBased" ncolour="[0]" size="10.560">作</text>
                <text font="JQUZDQ+SimSun" bbox="336.960,82.709,347.520,93.269" colourspace="ICCBased" ncolour="[0]" size="10.560">过</text>
                <text font="JQUZDQ+SimSun" bbox="347.280,82.709,357.840,93.269" colourspace="ICCBased" ncolour="[0]" size="10.560">程</text>
                <text font="JQUZDQ+SimSun" bbox="357.840,82.709,368.400,93.269" colourspace="ICCBased" ncolour="[0]" size="10.560">中</text>
                <text font="JQUZDQ+SimSun" bbox="368.400,82.709,378.960,93.269" colourspace="ICCBased" ncolour="[0]" size="10.560">遭</text>
                <text font="JQUZDQ+SimSun" bbox="378.960,82.709,389.520,93.269" colourspace="ICCBased" ncolour="[0]" size="10.560">遇</text>
                <text font="JQUZDQ+SimSun" bbox="389.520,82.709,400.080,93.269" colourspace="ICCBased" ncolour="[0]" size="10.560">外</text>
                <text font="JQUZDQ+SimSun" bbox="399.840,82.709,410.400,93.269" colourspace="ICCBased" ncolour="[0]" size="10.560">伤</text>
                <text font="JQUZDQ+SimSun" bbox="410.400,82.709,420.960,93.269" colourspace="ICCBased" ncolour="[0]" size="10.560">，</text>
                <text font="JQUZDQ+SimSun" bbox="420.960,82.709,431.520,93.269" colourspace="ICCBased" ncolour="[0]" size="10.560">或</text>
                <text font="JQUZDQ+SimSun" bbox="431.520,82.709,442.080,93.269" colourspace="ICCBased" ncolour="[0]" size="10.560">者</text>
                <text font="JQUZDQ+SimSun" bbox="442.080,82.709,452.640,93.269" colourspace="ICCBased" ncolour="[0]" size="10.560">职</text>
                <text font="JQUZDQ+SimSun" bbox="452.400,82.709,462.960,93.269" colourspace="ICCBased" ncolour="[0]" size="10.560">业</text>
                <text font="JQUZDQ+SimSun" bbox="462.960,82.709,473.520,93.269" colourspace="ICCBased" ncolour="[0]" size="10.560">需</text>
                <text font="JQUZDQ+SimSun" bbox="473.520,82.709,484.080,93.269" colourspace="ICCBased" ncolour="[0]" size="10.560">要</text>
                <text font="JQUZDQ+SimSun" bbox="484.080,82.709,494.640,93.269" colourspace="ICCBased" ncolour="[0]" size="10.560">处</text>
                <text font="JQUZDQ+SimSun" bbox="494.640,82.709,505.200,93.269" colourspace="ICCBased" ncolour="[0]" size="10.560">理</text>
                <text font="JQUZDQ+SimSun" bbox="505.200,82.709,515.760,93.269" colourspace="ICCBased" ncolour="[0]" size="10.560">血</text>
                <text font="JQUZDQ+SimSun" bbox="515.760,82.709,526.320,93.269" colourspace="ICCBased" ncolour="[0]" size="10.560">液</text>
                <text font="JQUZDQ+SimSun" bbox="526.080,82.709,536.640,93.269" colourspace="ICCBased" ncolour="[0]" size="10.560">或</text>
                <text font="JQUZDQ+SimSun" bbox="536.640,82.709,547.200,93.269" colourspace="ICCBased" ncolour="[0]" size="10.560">者</text>
                <text>
                </text>
            </textline>
            <textline bbox="210.480,69.266,547.200,79.826">
                <text font="JQUZDQ+SimSun" bbox="210.480,69.266,221.040,79.826" colourspace="ICCBased" ncolour="[0]" size="10.560">其</text>
                <text font="JQUZDQ+SimSun" bbox="221.040,69.266,231.600,79.826" colourspace="ICCBased" ncolour="[0]" size="10.560">他</text>
                <text font="JQUZDQ+SimSun" bbox="231.600,69.266,242.160,79.826" colourspace="ICCBased" ncolour="[0]" size="10.560">体</text>
                <text font="JQUZDQ+SimSun" bbox="242.160,69.266,252.720,79.826" colourspace="ICCBased" ncolour="[0]" size="10.560">液</text>
                <text font="JQUZDQ+SimSun" bbox="252.720,69.266,263.280,79.826" colourspace="ICCBased" ncolour="[0]" size="10.560">时</text>
                <text font="JQUZDQ+SimSun" bbox="263.040,69.266,273.600,79.826" colourspace="ICCBased" ncolour="[0]" size="10.560">感</text>
                <text font="JQUZDQ+SimSun" bbox="273.600,69.266,284.160,79.826" colourspace="ICCBased" ncolour="[0]" size="10.560">染</text>
                <text font="JQUZDQ+SimSun" bbox="284.160,69.266,294.720,79.826" colourspace="ICCBased" ncolour="[0]" size="10.560">上</text>
                <text font="JQUZDQ+SimSun" bbox="294.720,69.266,305.280,79.826" colourspace="ICCBased" ncolour="[0]" size="10.560">人</text>
                <text font="JQUZDQ+SimSun" bbox="305.040,69.266,315.600,79.826" colourspace="ICCBased" ncolour="[0]" size="10.560">类</text>
                <text font="JQUZDQ+SimSun" bbox="315.600,69.266,326.160,79.826" colourspace="ICCBased" ncolour="[0]" size="10.560">免</text>
                <text font="JQUZDQ+SimSun" bbox="326.160,69.266,336.720,79.826" colourspace="ICCBased" ncolour="[0]" size="10.560">疫</text>
                <text font="JQUZDQ+SimSun" bbox="336.720,69.266,347.280,79.826" colourspace="ICCBased" ncolour="[0]" size="10.560">缺</text>
                <text font="JQUZDQ+SimSun" bbox="347.040,69.266,357.600,79.826" colourspace="ICCBased" ncolour="[0]" size="10.560">陷</text>
                <text font="JQUZDQ+SimSun" bbox="357.600,69.266,368.160,79.826" colourspace="ICCBased" ncolour="[0]" size="10.560">病</text>
                <text font="JQUZDQ+SimSun" bbox="368.160,69.266,378.720,79.826" colourspace="ICCBased" ncolour="[0]" size="10.560">毒</text>
                <text font="JQUZDQ+SimSun" bbox="377.040,69.266,387.600,79.826" colourspace="ICCBased" ncolour="[0]" size="10.560">（</text>
                <text font="JTTPDQ+SimSun" bbox="387.600,69.266,392.880,79.826" colourspace="ICCBased" ncolour="[0]" size="10.560">H</text>
                <text font="JTTPDQ+SimSun" bbox="392.880,69.266,398.160,79.826" colourspace="ICCBased" ncolour="[0]" size="10.560">I</text>
                <text font="JTTPDQ+SimSun" bbox="398.160,69.266,403.440,79.826" colourspace="ICCBased" ncolour="[0]" size="10.560">V</text>
                <text font="JQUZDQ+SimSun" bbox="403.440,69.266,414.000,79.826" colourspace="ICCBased" ncolour="[0]" size="10.560">）</text>
                <text font="JQUZDQ+SimSun" bbox="412.320,69.266,422.880,79.826" colourspace="ICCBased" ncolour="[0]" size="10.560">或</text>
                <text font="JQUZDQ+SimSun" bbox="422.640,69.266,433.200,79.826" colourspace="ICCBased" ncolour="[0]" size="10.560">患</text>
                <text font="JQUZDQ+SimSun" bbox="433.200,69.266,443.760,79.826" colourspace="ICCBased" ncolour="[0]" size="10.560">艾</text>
                <text font="JQUZDQ+SimSun" bbox="443.760,69.266,454.320,79.826" colourspace="ICCBased" ncolour="[0]" size="10.560">滋</text>
                <text font="JQUZDQ+SimSun" bbox="454.080,69.266,464.640,79.826" colourspace="ICCBased" ncolour="[0]" size="10.560">病</text>
                <text font="JQUZDQ+SimSun" bbox="464.640,69.266,475.200,79.826" colourspace="ICCBased" ncolour="[0]" size="10.560">。</text>
                <text font="JQUZDQ+SimSun" bbox="473.520,69.266,484.080,79.826" colourspace="ICCBased" ncolour="[0]" size="10.560">必</text>
                <text font="JQUZDQ+SimSun" bbox="484.080,69.266,494.640,79.826" colourspace="ICCBased" ncolour="[0]" size="10.560">须</text>
                <text font="JQUZDQ+SimSun" bbox="494.640,69.266,505.200,79.826" colourspace="ICCBased" ncolour="[0]" size="10.560">满</text>
                <text font="JQUZDQ+SimSun" bbox="505.200,69.266,515.760,79.826" colourspace="ICCBased" ncolour="[0]" size="10.560">足</text>
                <text font="JQUZDQ+SimSun" bbox="515.760,69.266,526.320,79.826" colourspace="ICCBased" ncolour="[0]" size="10.560">下</text>
                <text font="JQUZDQ+SimSun" bbox="526.080,69.266,536.640,79.826" colourspace="ICCBased" ncolour="[0]" size="10.560">列</text>
                <text font="JQUZDQ+SimSun" bbox="536.640,69.266,547.200,79.826" colourspace="ICCBased" ncolour="[0]" size="10.560">全</text>
                <text>
                </text>
            </textline>
        </textbox>
        <rect linewidth="0" bbox="210.480,511.200,525.360,525.120" />
        <rect linewidth="0" bbox="210.480,495.600,404.640,509.520" />
        <rect linewidth="0" bbox="210.480,480.000,436.080,493.920" />
        <rect linewidth="0" bbox="210.480,464.400,394.320,478.320" />
        <rect linewidth="0" bbox="210.480,282.720,546.960,296.640" />
        <rect linewidth="0" bbox="210.480,267.120,347.280,281.040" />
        <layout>
            <textgroup bbox="51.120,64.848,547.205,782.789">
                <textgroup bbox="51.120,237.509,547.205,782.789">
                    <textgroup bbox="51.120,345.408,199.680,751.589">
                        <textgroup bbox="63.600,667.488,199.680,751.589">
                            <textgroup bbox="63.600,727.488,172.017,751.589">
                                <textbox id="0" bbox="97.440,741.028,100.017,751.588" />
                                <textbox id="1" bbox="63.600,727.488,172.017,751.589" />
                            </textgroup>
                            <textgroup bbox="63.600,667.488,199.680,708.288">
                                <textgroup bbox="63.600,683.568,199.680,708.288">
                                    <textbox id="2" bbox="97.440,696.288,100.368,708.288" />
                                    <textbox id="3" bbox="63.600,683.568,199.680,707.669" />
                                </textgroup>
                                <textbox id="4" bbox="97.440,667.488,112.368,679.488" />
                            </textgroup>
                        </textgroup>
                        <textgroup bbox="51.120,345.408,199.680,461.568">
                            <textgroup bbox="51.120,436.608,136.368,461.568">
                                <textbox id="5" bbox="51.120,450.389,56.400,460.949" />
                                <textbox id="6" bbox="63.600,436.608,136.368,461.568" />
                            </textgroup>
                            <textgroup bbox="63.600,345.408,199.680,401.808">
                                <textbox id="7" bbox="97.440,389.808,100.368,401.808" />
                                <textbox id="8" bbox="63.600,345.408,199.680,401.189" />
                            </textgroup>
                        </textgroup>
                    </textgroup>
                    <textgroup bbox="210.478,237.509,547.205,782.789">
                        <textbox id="9" bbox="210.478,331.109,547.200,782.789" />
                        <textgroup bbox="210.480,237.509,547.205,326.069">
                            <textbox id="10" bbox="236.640,315.509,420.480,326.069" />
                            <textbox id="11" bbox="210.480,237.509,547.205,310.472" />
                        </textgroup>
                    </textgroup>
                </textgroup>
                <textgroup bbox="63.600,64.848,547.200,248.688">
                    <textgroup bbox="63.600,192.149,547.200,248.688">
                        <textgroup bbox="63.600,222.528,547.200,248.688">
                            <textbox id="12" bbox="97.440,236.688,100.368,248.688" />
                            <textbox id="13" bbox="63.600,222.528,547.200,248.069" />
                        </textgroup>
                        <textbox id="14" bbox="210.480,192.149,547.200,218.312" />
                    </textgroup>
                    <textgroup bbox="63.600,64.848,547.200,187.109">
                        <textgroup bbox="210.475,145.349,547.200,187.109">
                            <textbox id="15" bbox="210.475,160.949,547.200,171.512" />
                            <textgroup bbox="236.640,145.349,315.360,187.109">
                                <textbox id="16" bbox="236.640,176.549,262.800,187.109" />
                                <textbox id="17" bbox="236.640,145.349,315.360,155.909" />
                            </textgroup>
                        </textgroup>
                        <textgroup bbox="63.600,64.848,547.200,140.928">
                            <textgroup bbox="63.600,123.408,547.200,140.928">
                                <textgroup bbox="63.600,123.408,547.200,140.309">
                                    <textbox id="18" bbox="63.600,123.408,547.200,140.309" />
                                    <textbox id="19" bbox="210.480,129.749,215.760,140.309" />
                                </textgroup>
                                <textbox id="20" bbox="97.440,128.928,100.368,140.928" />
                            </textgroup>
                            <textgroup bbox="63.600,64.848,547.200,119.192">
                                <textgroup bbox="63.600,64.848,199.680,104.208">
                                    <textbox id="21" bbox="97.440,92.208,100.368,104.208" />
                                    <textbox id="22" bbox="63.600,64.848,199.680,103.589" />
                                </textgroup>
                                <textbox id="23" bbox="210.480,69.266,547.200,119.192" />
                            </textgroup>
                        </textgroup>
                    </textgroup>
                </textgroup>
            </textgroup>
        </layout>
    </page>
    <page id="18" bbox="0.000,0.000,595.200,841.920" rotate="0">
        <textbox id="0" bbox="97.440,771.408,148.368,783.408">
            <textline bbox="97.440,771.408,148.368,783.408">
                <text font="ERELLA+STXinwei" bbox="97.440,771.408,109.440,783.408" colourspace="ICCBased" ncolour="[0]" size="12.000">患</text>
                <text font="ERELLA+STXinwei" bbox="109.440,771.408,121.440,783.408" colourspace="ICCBased" ncolour="[0]" size="12.000">艾</text>
                <text font="ERELLA+STXinwei" bbox="121.440,771.408,133.440,783.408" colourspace="ICCBased" ncolour="[0]" size="12.000">滋</text>
                <text font="ERELLA+STXinwei" bbox="133.440,771.408,145.440,783.408" colourspace="ICCBased" ncolour="[0]" size="12.000">病</text>
                <text font="ERELLA+STXinwei" bbox="145.440,771.408,148.368,783.408" colourspace="ICCBased" ncolour="[0]" size="12.000"> </text>
                <text>
                </text>
            </textline>
        </textbox>
        <textbox id="1" bbox="210.480,759.749,547.200,783.989">
            <textline bbox="210.480,773.429,257.757,783.989">
                <text font="JQUZDQ+SimSun" bbox="210.480,773.429,221.040,783.989" colourspace="ICCBased" ncolour="[0]" size="10.560">部</text>
                <text font="JQUZDQ+SimSun" bbox="221.040,773.429,231.600,783.989" colourspace="ICCBased" ncolour="[0]" size="10.560">条</text>
                <text font="JQUZDQ+SimSun" bbox="231.600,773.429,242.160,783.989" colourspace="ICCBased" ncolour="[0]" size="10.560">件</text>
                <text font="JQUZDQ+SimSun" bbox="242.160,773.429,252.720,783.989" colourspace="ICCBased" ncolour="[0]" size="10.560">：</text>
                <text font="JTTPDQ+SimSun" bbox="252.477,773.429,257.757,783.989" colourspace="ICCBased" ncolour="[0]" size="10.560"> </text>
                <text>
                </text>
            </textline>
            <textline bbox="210.480,759.749,547.200,770.314">
                <text font="JQUZDQ+SimSun" bbox="210.480,759.754,221.040,770.314" colourspace="ICCBased" ncolour="[0]" size="10.560">（</text>
                <text font="JTTPDQ+SimSun" bbox="221.040,759.754,226.320,770.314" colourspace="ICCBased" ncolour="[0]" size="10.560">1</text>
                <text font="JQUZDQ+SimSun" bbox="226.320,759.749,236.880,770.309" colourspace="ICCBased" ncolour="[0]" size="10.560">）</text>
                <text font="JQUZDQ+SimSun" bbox="234.480,759.749,245.040,770.309" colourspace="ICCBased" ncolour="[0]" size="10.560">感</text>
                <text font="JQUZDQ+SimSun" bbox="245.040,759.749,255.600,770.309" colourspace="ICCBased" ncolour="[0]" size="10.560">染</text>
                <text font="JQUZDQ+SimSun" bbox="255.600,759.749,266.160,770.309" colourspace="ICCBased" ncolour="[0]" size="10.560">必</text>
                <text font="JQUZDQ+SimSun" bbox="265.920,759.749,276.480,770.309" colourspace="ICCBased" ncolour="[0]" size="10.560">须</text>
                <text font="JQUZDQ+SimSun" bbox="276.480,759.749,287.040,770.309" colourspace="ICCBased" ncolour="[0]" size="10.560">是</text>
                <text font="JQUZDQ+SimSun" bbox="287.040,759.749,297.600,770.309" colourspace="ICCBased" ncolour="[0]" size="10.560">在</text>
                <text font="JQUZDQ+SimSun" bbox="297.600,759.749,308.160,770.309" colourspace="ICCBased" ncolour="[0]" size="10.560">被</text>
                <text font="JQUZDQ+SimSun" bbox="307.920,759.749,318.480,770.309" colourspace="ICCBased" ncolour="[0]" size="10.560">保</text>
                <text font="JQUZDQ+SimSun" bbox="318.480,759.749,329.040,770.309" colourspace="ICCBased" ncolour="[0]" size="10.560">险</text>
                <text font="JQUZDQ+SimSun" bbox="329.040,759.749,339.600,770.309" colourspace="ICCBased" ncolour="[0]" size="10.560">人</text>
                <text font="JQUZDQ+SimSun" bbox="339.600,759.749,350.160,770.309" colourspace="ICCBased" ncolour="[0]" size="10.560">正</text>
                <text font="JQUZDQ+SimSun" bbox="349.920,759.749,360.480,770.309" colourspace="ICCBased" ncolour="[0]" size="10.560">在</text>
                <text font="JQUZDQ+SimSun" bbox="360.480,759.749,371.040,770.309" colourspace="ICCBased" ncolour="[0]" size="10.560">从</text>
                <text font="JQUZDQ+SimSun" bbox="371.040,759.749,381.600,770.309" colourspace="ICCBased" ncolour="[0]" size="10.560">事</text>
                <text font="JQUZDQ+SimSun" bbox="381.600,759.749,392.160,770.309" colourspace="ICCBased" ncolour="[0]" size="10.560">其</text>
                <text font="JQUZDQ+SimSun" bbox="391.920,759.749,402.480,770.309" colourspace="ICCBased" ncolour="[0]" size="10.560">职</text>
                <text font="JQUZDQ+SimSun" bbox="402.480,759.749,413.040,770.309" colourspace="ICCBased" ncolour="[0]" size="10.560">业</text>
                <text font="JQUZDQ+SimSun" bbox="413.040,759.749,423.600,770.309" colourspace="ICCBased" ncolour="[0]" size="10.560">工</text>
                <text font="JQUZDQ+SimSun" bbox="423.600,759.749,434.160,770.309" colourspace="ICCBased" ncolour="[0]" size="10.560">作</text>
                <text font="JQUZDQ+SimSun" bbox="433.920,759.749,444.480,770.309" colourspace="ICCBased" ncolour="[0]" size="10.560">中</text>
                <text font="JQUZDQ+SimSun" bbox="444.480,759.749,455.040,770.309" colourspace="ICCBased" ncolour="[0]" size="10.560">发</text>
                <text font="JQUZDQ+SimSun" bbox="454.800,759.749,465.360,770.309" colourspace="ICCBased" ncolour="[0]" size="10.560">生</text>
                <text font="JQUZDQ+SimSun" bbox="465.360,759.749,475.920,770.309" colourspace="ICCBased" ncolour="[0]" size="10.560">，</text>
                <text font="JQUZDQ+SimSun" bbox="473.520,759.749,484.080,770.309" colourspace="ICCBased" ncolour="[0]" size="10.560">该</text>
                <text font="JQUZDQ+SimSun" bbox="484.080,759.749,494.640,770.309" colourspace="ICCBased" ncolour="[0]" size="10.560">职</text>
                <text font="JQUZDQ+SimSun" bbox="494.640,759.749,505.200,770.309" colourspace="ICCBased" ncolour="[0]" size="10.560">业</text>
                <text font="JQUZDQ+SimSun" bbox="505.200,759.749,515.760,770.309" colourspace="ICCBased" ncolour="[0]" size="10.560">必</text>
                <text font="JQUZDQ+SimSun" bbox="515.520,759.749,526.080,770.309" colourspace="ICCBased" ncolour="[0]" size="10.560">须</text>
                <text font="JQUZDQ+SimSun" bbox="526.080,759.749,536.640,770.309" colourspace="ICCBased" ncolour="[0]" size="10.560">属</text>
                <text font="JQUZDQ+SimSun" bbox="536.640,759.749,547.200,770.309" colourspace="ICCBased" ncolour="[0]" size="10.560">于</text>
                <text>
                </text>
            </textline>
        </textbox>
        <textbox id="2" bbox="236.640,746.069,341.757,756.629">
            <textline bbox="236.640,746.069,341.757,756.629">
                <text font="JQUZDQ+SimSun" bbox="236.640,746.069,247.200,756.629" colourspace="ICCBased" ncolour="[0]" size="10.560">以</text>
                <text font="JQUZDQ+SimSun" bbox="247.200,746.069,257.760,756.629" colourspace="ICCBased" ncolour="[0]" size="10.560">下</text>
                <text font="JQUZDQ+SimSun" bbox="257.760,746.069,268.320,756.629" colourspace="ICCBased" ncolour="[0]" size="10.560">列</text>
                <text font="JQUZDQ+SimSun" bbox="268.320,746.069,278.880,756.629" colourspace="ICCBased" ncolour="[0]" size="10.560">表</text>
                <text font="JQUZDQ+SimSun" bbox="278.880,746.069,289.440,756.629" colourspace="ICCBased" ncolour="[0]" size="10.560">内</text>
                <text font="JQUZDQ+SimSun" bbox="289.200,746.069,299.760,756.629" colourspace="ICCBased" ncolour="[0]" size="10.560">的</text>
                <text font="JQUZDQ+SimSun" bbox="299.760,746.069,310.320,756.629" colourspace="ICCBased" ncolour="[0]" size="10.560">职</text>
                <text font="JQUZDQ+SimSun" bbox="310.320,746.069,320.880,756.629" colourspace="ICCBased" ncolour="[0]" size="10.560">业</text>
                <text font="JQUZDQ+SimSun" bbox="320.880,746.069,331.440,756.629" colourspace="ICCBased" ncolour="[0]" size="10.560">；</text>
                <text font="JTTPDQ+SimSun" bbox="331.440,746.069,336.720,756.629" colourspace="ICCBased" ncolour="[0]" size="10.560"> </text>
                <text font="JTTPDQ+SimSun" bbox="336.477,746.069,341.757,756.629" colourspace="ICCBased" ncolour="[0]" size="10.560"> </text>
                <text>
                </text>
            </textline>
        </textbox>
        <textbox id="3" bbox="210.475,732.626,547.197,743.186">
            <textline bbox="210.475,732.626,547.197,743.186">
                <text font="JQUZDQ+SimSun" bbox="210.475,732.626,221.035,743.186" colourspace="ICCBased" ncolour="[0]" size="10.560">（</text>
                <text font="JTTPDQ+SimSun" bbox="221.035,732.626,226.315,743.186" colourspace="ICCBased" ncolour="[0]" size="10.560">2</text>
                <text font="JQUZDQ+SimSun" bbox="226.315,732.626,236.875,743.186" colourspace="ICCBased" ncolour="[0]" size="10.560">）</text>
                <text font="JQUZDQ+SimSun" bbox="234.475,732.626,245.035,743.186" colourspace="ICCBased" ncolour="[0]" size="10.560">必</text>
                <text font="JQUZDQ+SimSun" bbox="245.035,732.626,255.595,743.186" colourspace="ICCBased" ncolour="[0]" size="10.560">须</text>
                <text font="JQUZDQ+SimSun" bbox="255.595,732.626,266.155,743.186" colourspace="ICCBased" ncolour="[0]" size="10.560">提</text>
                <text font="JQUZDQ+SimSun" bbox="265.915,732.626,276.475,743.186" colourspace="ICCBased" ncolour="[0]" size="10.560">供</text>
                <text font="JQUZDQ+SimSun" bbox="276.475,732.626,287.035,743.186" colourspace="ICCBased" ncolour="[0]" size="10.560">被</text>
                <text font="JQUZDQ+SimSun" bbox="287.035,732.626,297.595,743.186" colourspace="ICCBased" ncolour="[0]" size="10.560">保</text>
                <text font="JQUZDQ+SimSun" bbox="297.595,732.626,308.155,743.186" colourspace="ICCBased" ncolour="[0]" size="10.560">险</text>
                <text font="JQUZDQ+SimSun" bbox="307.915,732.626,318.475,743.186" colourspace="ICCBased" ncolour="[0]" size="10.560">人</text>
                <text font="JQUZDQ+SimSun" bbox="318.475,732.626,329.035,743.186" colourspace="ICCBased" ncolour="[0]" size="10.560">在</text>
                <text font="JQUZDQ+SimSun" bbox="329.035,732.626,339.595,743.186" colourspace="ICCBased" ncolour="[0]" size="10.560">所</text>
                <text font="JQUZDQ+SimSun" bbox="339.595,732.626,350.155,743.186" colourspace="ICCBased" ncolour="[0]" size="10.560">报</text>
                <text font="JQUZDQ+SimSun" bbox="349.915,732.626,360.475,743.186" colourspace="ICCBased" ncolour="[0]" size="10.560">事</text>
                <text font="JQUZDQ+SimSun" bbox="360.475,732.626,371.035,743.186" colourspace="ICCBased" ncolour="[0]" size="10.560">故</text>
                <text font="JQUZDQ+SimSun" bbox="371.035,732.626,381.595,743.186" colourspace="ICCBased" ncolour="[0]" size="10.560">发</text>
                <text font="JQUZDQ+SimSun" bbox="381.595,732.626,392.155,743.186" colourspace="ICCBased" ncolour="[0]" size="10.560">生</text>
                <text font="JQUZDQ+SimSun" bbox="391.915,732.626,402.475,743.186" colourspace="ICCBased" ncolour="[0]" size="10.560">后</text>
                <text font="JQUZDQ+SimSun" bbox="402.475,732.626,413.035,743.186" colourspace="ICCBased" ncolour="[0]" size="10.560">的</text>
                <text> </text>
                <text font="JTTPDQ+SimSun" bbox="415.677,732.626,420.957,743.186" colourspace="ICCBased" ncolour="[0]" size="10.560">5</text>
                <text> </text>
                <text font="JQUZDQ+SimSun" bbox="423.597,732.626,434.157,743.186" colourspace="ICCBased" ncolour="[0]" size="10.560">天</text>
                <text font="JQUZDQ+SimSun" bbox="433.917,732.626,444.477,743.186" colourspace="ICCBased" ncolour="[0]" size="10.560">以</text>
                <text font="JQUZDQ+SimSun" bbox="444.477,732.626,455.037,743.186" colourspace="ICCBased" ncolour="[0]" size="10.560">内</text>
                <text font="JQUZDQ+SimSun" bbox="454.797,732.626,465.357,743.186" colourspace="ICCBased" ncolour="[0]" size="10.560">进</text>
                <text font="JQUZDQ+SimSun" bbox="465.357,732.626,475.917,743.186" colourspace="ICCBased" ncolour="[0]" size="10.560">行</text>
                <text font="JQUZDQ+SimSun" bbox="475.917,732.626,486.477,743.186" colourspace="ICCBased" ncolour="[0]" size="10.560">的</text>
                <text font="JQUZDQ+SimSun" bbox="486.477,732.626,497.037,743.186" colourspace="ICCBased" ncolour="[0]" size="10.560">检</text>
                <text font="JQUZDQ+SimSun" bbox="497.037,732.626,507.597,743.186" colourspace="ICCBased" ncolour="[0]" size="10.560">查</text>
                <text font="JQUZDQ+SimSun" bbox="507.357,732.626,517.917,743.186" colourspace="ICCBased" ncolour="[0]" size="10.560">报</text>
                <text font="JQUZDQ+SimSun" bbox="517.917,732.626,528.477,743.186" colourspace="ICCBased" ncolour="[0]" size="10.560">告</text>
                <text font="JQUZDQ+SimSun" bbox="528.477,732.626,539.037,743.186" colourspace="ICCBased" ncolour="[0]" size="10.560">，</text>
                <text font="JQUZDQ+SimSun" bbox="536.637,732.626,547.197,743.186" colourspace="ICCBased" ncolour="[0]" size="10.560">该</text>
                <text>
                </text>
            </textline>
        </textbox>
        <textbox id="4" bbox="236.632,718.951,535.913,729.511">
            <textline bbox="236.632,718.951,535.913,729.511">
                <text font="JQUZDQ+SimSun" bbox="236.632,718.951,247.192,729.511" colourspace="ICCBased" ncolour="[0]" size="10.560">报</text>
                <text font="JQUZDQ+SimSun" bbox="247.192,718.951,257.752,729.511" colourspace="ICCBased" ncolour="[0]" size="10.560">告</text>
                <text font="JQUZDQ+SimSun" bbox="257.752,718.951,268.312,729.511" colourspace="ICCBased" ncolour="[0]" size="10.560">必</text>
                <text font="JQUZDQ+SimSun" bbox="268.312,718.951,278.872,729.511" colourspace="ICCBased" ncolour="[0]" size="10.560">须</text>
                <text font="JQUZDQ+SimSun" bbox="278.872,718.951,289.432,729.511" colourspace="ICCBased" ncolour="[0]" size="10.560">显</text>
                <text font="JQUZDQ+SimSun" bbox="289.193,718.951,299.753,729.511" colourspace="ICCBased" ncolour="[0]" size="10.560">示</text>
                <text font="JQUZDQ+SimSun" bbox="299.753,718.951,310.313,729.511" colourspace="ICCBased" ncolour="[0]" size="10.560">被</text>
                <text font="JQUZDQ+SimSun" bbox="310.313,718.951,320.873,729.511" colourspace="ICCBased" ncolour="[0]" size="10.560">保</text>
                <text font="JQUZDQ+SimSun" bbox="320.873,718.951,331.433,729.511" colourspace="ICCBased" ncolour="[0]" size="10.560">险</text>
                <text font="JQUZDQ+SimSun" bbox="331.192,718.951,341.752,729.511" colourspace="ICCBased" ncolour="[0]" size="10.560">人</text>
                <text font="JQUZDQ+SimSun" bbox="341.752,718.951,352.312,729.511" colourspace="ICCBased" ncolour="[0]" size="10.560">血</text>
                <text font="JQUZDQ+SimSun" bbox="352.312,718.951,362.872,729.511" colourspace="ICCBased" ncolour="[0]" size="10.560">液</text>
                <text> </text>
                <text font="JTTPDQ+SimSun" bbox="365.517,718.951,370.797,729.511" colourspace="ICCBased" ncolour="[0]" size="10.560">H</text>
                <text font="JTTPDQ+SimSun" bbox="370.797,718.951,376.077,729.511" colourspace="ICCBased" ncolour="[0]" size="10.560">I</text>
                <text font="JTTPDQ+SimSun" bbox="375.834,718.951,381.114,729.511" colourspace="ICCBased" ncolour="[0]" size="10.560">V</text>
                <text> </text>
                <text font="JQUZDQ+SimSun" bbox="383.754,718.951,394.314,729.511" colourspace="ICCBased" ncolour="[0]" size="10.560">病</text>
                <text font="JQUZDQ+SimSun" bbox="394.314,718.951,404.874,729.511" colourspace="ICCBased" ncolour="[0]" size="10.560">毒</text>
                <text font="JQUZDQ+SimSun" bbox="404.874,718.951,415.434,729.511" colourspace="ICCBased" ncolour="[0]" size="10.560">阴</text>
                <text font="JQUZDQ+SimSun" bbox="415.195,718.951,425.755,729.511" colourspace="ICCBased" ncolour="[0]" size="10.560">性</text>
                <text font="JQUZDQ+SimSun" bbox="425.755,718.951,436.315,729.511" colourspace="ICCBased" ncolour="[0]" size="10.560">和</text>
                <text font="JTTPDQ+SimSun" bbox="436.315,718.951,441.595,729.511" colourspace="ICCBased" ncolour="[0]" size="10.560">/</text>
                <text font="JQUZDQ+SimSun" bbox="441.595,718.951,452.155,729.511" colourspace="ICCBased" ncolour="[0]" size="10.560">或</text>
                <text> </text>
                <text font="JTTPDQ+SimSun" bbox="454.791,718.951,460.071,729.511" colourspace="ICCBased" ncolour="[0]" size="10.560">H</text>
                <text font="JTTPDQ+SimSun" bbox="459.828,718.951,465.108,729.511" colourspace="ICCBased" ncolour="[0]" size="10.560">I</text>
                <text font="JTTPDQ+SimSun" bbox="465.108,718.951,470.388,729.511" colourspace="ICCBased" ncolour="[0]" size="10.560">V</text>
                <text> </text>
                <text font="JQUZDQ+SimSun" bbox="472.796,718.951,483.356,729.511" colourspace="ICCBased" ncolour="[0]" size="10.560">抗</text>
                <text font="JQUZDQ+SimSun" bbox="483.356,718.951,493.916,729.511" colourspace="ICCBased" ncolour="[0]" size="10.560">体</text>
                <text font="JQUZDQ+SimSun" bbox="493.916,718.951,504.476,729.511" colourspace="ICCBased" ncolour="[0]" size="10.560">阴</text>
                <text font="JQUZDQ+SimSun" bbox="504.476,718.951,515.036,729.511" colourspace="ICCBased" ncolour="[0]" size="10.560">性</text>
                <text font="JQUZDQ+SimSun" bbox="515.036,718.951,525.596,729.511" colourspace="ICCBased" ncolour="[0]" size="10.560">；</text>
                <text font="JTTPDQ+SimSun" bbox="525.596,718.951,530.876,729.511" colourspace="ICCBased" ncolour="[0]" size="10.560"> </text>
                <text font="JTTPDQ+SimSun" bbox="530.633,718.951,535.913,729.511" colourspace="ICCBased" ncolour="[0]" size="10.560"> </text>
                <text>
                </text>
            </textline>
        </textbox>
        <textbox id="5" bbox="210.475,705.276,547.424,715.836">
            <textline bbox="210.475,705.276,547.424,715.836">
                <text font="JQUZDQ+SimSun" bbox="210.475,705.276,221.035,715.836" colourspace="ICCBased" ncolour="[0]" size="10.560">（</text>
                <text font="JTTPDQ+SimSun" bbox="221.035,705.276,226.315,715.836" colourspace="ICCBased" ncolour="[0]" size="10.560">3</text>
                <text font="JQUZDQ+SimSun" bbox="226.315,705.276,236.875,715.836" colourspace="ICCBased" ncolour="[0]" size="10.560">）</text>
                <text font="JQUZDQ+SimSun" bbox="236.632,705.276,247.192,715.836" colourspace="ICCBased" ncolour="[0]" size="10.560">必</text>
                <text font="JQUZDQ+SimSun" bbox="246.712,705.276,257.272,715.836" colourspace="ICCBased" ncolour="[0]" size="10.560">须</text>
                <text font="JQUZDQ+SimSun" bbox="256.797,705.276,267.357,715.836" colourspace="ICCBased" ncolour="[0]" size="10.560">在</text>
                <text font="JQUZDQ+SimSun" bbox="266.876,705.276,277.436,715.836" colourspace="ICCBased" ncolour="[0]" size="10.560">事</text>
                <text font="JQUZDQ+SimSun" bbox="276.961,705.276,287.521,715.836" colourspace="ICCBased" ncolour="[0]" size="10.560">故</text>
                <text font="JQUZDQ+SimSun" bbox="287.040,705.276,297.600,715.836" colourspace="ICCBased" ncolour="[0]" size="10.560">发</text>
                <text font="JQUZDQ+SimSun" bbox="297.125,705.276,307.685,715.836" colourspace="ICCBased" ncolour="[0]" size="10.560">生</text>
                <text font="JQUZDQ+SimSun" bbox="307.205,705.276,317.765,715.836" colourspace="ICCBased" ncolour="[0]" size="10.560">后</text>
                <text font="JQUZDQ+SimSun" bbox="317.290,705.276,327.850,715.836" colourspace="ICCBased" ncolour="[0]" size="10.560">的</text>
                <text> </text>
                <text font="JTTPDQ+SimSun" bbox="329.993,705.276,335.273,715.836" colourspace="ICCBased" ncolour="[0]" size="10.560">6</text>
                <text> </text>
                <text font="JQUZDQ+SimSun" bbox="337.670,705.276,348.230,715.836" colourspace="ICCBased" ncolour="[0]" size="10.560">个</text>
                <text font="JQUZDQ+SimSun" bbox="347.750,705.276,358.310,715.836" colourspace="ICCBased" ncolour="[0]" size="10.560">月</text>
                <text font="JQUZDQ+SimSun" bbox="357.835,705.276,368.395,715.836" colourspace="ICCBased" ncolour="[0]" size="10.560">内</text>
                <text font="JQUZDQ+SimSun" bbox="367.914,705.276,378.474,715.836" colourspace="ICCBased" ncolour="[0]" size="10.560">证</text>
                <text font="JQUZDQ+SimSun" bbox="377.999,705.276,388.559,715.836" colourspace="ICCBased" ncolour="[0]" size="10.560">实</text>
                <text font="JQUZDQ+SimSun" bbox="388.079,705.276,398.639,715.836" colourspace="ICCBased" ncolour="[0]" size="10.560">被</text>
                <text font="JQUZDQ+SimSun" bbox="398.163,705.276,408.723,715.836" colourspace="ICCBased" ncolour="[0]" size="10.560">保</text>
                <text font="JQUZDQ+SimSun" bbox="408.243,705.276,418.803,715.836" colourspace="ICCBased" ncolour="[0]" size="10.560">险</text>
                <text font="JQUZDQ+SimSun" bbox="418.328,705.276,428.888,715.836" colourspace="ICCBased" ncolour="[0]" size="10.560">人</text>
                <text font="JQUZDQ+SimSun" bbox="428.407,705.276,438.967,715.836" colourspace="ICCBased" ncolour="[0]" size="10.560">体</text>
                <text font="JQUZDQ+SimSun" bbox="438.487,705.276,449.047,715.836" colourspace="ICCBased" ncolour="[0]" size="10.560">内</text>
                <text font="JQUZDQ+SimSun" bbox="448.572,705.276,459.132,715.836" colourspace="ICCBased" ncolour="[0]" size="10.560">存</text>
                <text font="JQUZDQ+SimSun" bbox="458.651,705.276,469.211,715.836" colourspace="ICCBased" ncolour="[0]" size="10.560">在</text>
                <text> </text>
                <text font="JTTPDQ+SimSun" bbox="471.349,705.276,476.629,715.836" colourspace="ICCBased" ncolour="[0]" size="10.560">H</text>
                <text font="JTTPDQ+SimSun" bbox="476.387,705.276,481.667,715.836" colourspace="ICCBased" ncolour="[0]" size="10.560">I</text>
                <text font="JTTPDQ+SimSun" bbox="481.424,705.276,486.704,715.836" colourspace="ICCBased" ncolour="[0]" size="10.560">V</text>
                <text> </text>
                <text font="JQUZDQ+SimSun" bbox="489.111,705.276,499.671,715.836" colourspace="ICCBased" ncolour="[0]" size="10.560">病</text>
                <text font="JQUZDQ+SimSun" bbox="499.191,705.276,509.751,715.836" colourspace="ICCBased" ncolour="[0]" size="10.560">毒</text>
                <text font="JQUZDQ+SimSun" bbox="509.276,705.276,519.836,715.836" colourspace="ICCBased" ncolour="[0]" size="10.560">或</text>
                <text font="JQUZDQ+SimSun" bbox="519.355,705.276,529.915,715.836" colourspace="ICCBased" ncolour="[0]" size="10.560">者</text>
                <text> </text>
                <text font="JTTPDQ+SimSun" bbox="532.069,705.276,537.349,715.836" colourspace="ICCBased" ncolour="[0]" size="10.560">H</text>
                <text font="JTTPDQ+SimSun" bbox="537.107,705.276,542.387,715.836" colourspace="ICCBased" ncolour="[0]" size="10.560">I</text>
                <text font="JTTPDQ+SimSun" bbox="542.144,705.276,547.424,715.836" colourspace="ICCBased" ncolour="[0]" size="10.560">V</text>
                <text>
                </text>
            </textline>
        </textbox>
        <textbox id="6" bbox="51.120,592.229,56.400,602.789">
            <textline bbox="51.120,592.229,56.400,602.789">
                <text font="JTTPDQ+SimSun" bbox="51.120,592.229,56.400,602.789" colourspace="ICCBased" ncolour="[0]" size="10.560"> </text>
                <text>
                </text>
            </textline>
        </textbox>
        <textbox id="7" bbox="97.440,592.228,100.017,602.788">
            <textline bbox="97.440,592.228,100.017,602.788">
                <text font="ERELLA+STXinwei" bbox="97.440,592.228,100.017,602.788" colourspace="ICCBased" ncolour="[0]" size="10.560"> </text>
                <text>
                </text>
            </textline>
        </textbox>
        <textbox id="8" bbox="63.600,579.888,160.368,591.888">
            <textline bbox="63.600,579.888,160.368,591.888">
                <text font="JTTPDQ+SimSun" bbox="63.600,580.709,68.880,591.269" colourspace="ICCBased" ncolour="[0]" size="10.560">7</text>
                <text font="JTTPDQ+SimSun" bbox="68.880,580.709,74.160,591.269" colourspace="ICCBased" ncolour="[0]" size="10.560">2</text>
                <text font="JTTPDQ+SimSun" bbox="74.160,580.709,79.440,591.269" colourspace="ICCBased" ncolour="[0]" size="10.560"> </text>
                <text> </text>
                <text font="ERELLA+STXinwei" bbox="97.440,579.888,109.440,591.888" colourspace="ICCBased" ncolour="[0]" size="12.000">嗜</text>
                <text font="ERELLA+STXinwei" bbox="109.440,579.888,121.440,591.888" colourspace="ICCBased" ncolour="[0]" size="12.000">铬</text>
                <text font="ERELLA+STXinwei" bbox="121.440,579.888,133.440,591.888" colourspace="ICCBased" ncolour="[0]" size="12.000">细</text>
                <text font="ERELLA+STXinwei" bbox="133.440,579.888,145.440,591.888" colourspace="ICCBased" ncolour="[0]" size="12.000">胞</text>
                <text font="ERELLA+STXinwei" bbox="145.440,579.888,157.440,591.888" colourspace="ICCBased" ncolour="[0]" size="12.000">瘤</text>
                <text font="ERELLA+STXinwei" bbox="157.440,579.888,160.368,591.888" colourspace="ICCBased" ncolour="[0]" size="12.000"> </text>
                <text>
                </text>
            </textline>
        </textbox>
        <textbox id="9" bbox="97.440,533.088,100.368,545.088">
            <textline bbox="97.440,533.088,100.368,545.088">
                <text font="ERELLA+STXinwei" bbox="97.440,533.088,100.368,545.088" colourspace="ICCBased" ncolour="[0]" size="12.000"> </text>
                <text>
                </text>
            </textline>
        </textbox>
        <textbox id="10" bbox="63.600,521.808,199.680,544.469">
            <textline bbox="68.880,533.909,74.160,544.469">
                <text font="JTTPDQ+SimSun" bbox="68.880,533.909,74.160,544.469" colourspace="ICCBased" ncolour="[0]" size="10.560"> </text>
                <text>
                </text>
            </textline>
            <textline bbox="63.600,521.808,199.680,533.808">
                <text font="JTTPDQ+SimSun" bbox="63.600,522.629,68.880,533.189" colourspace="ICCBased" ncolour="[0]" size="10.560">7</text>
                <text font="JTTPDQ+SimSun" bbox="68.880,522.629,74.160,533.189" colourspace="ICCBased" ncolour="[0]" size="10.560">3</text>
                <text font="JTTPDQ+SimSun" bbox="74.160,522.629,79.440,533.189" colourspace="ICCBased" ncolour="[0]" size="10.560"> </text>
                <text> </text>
                <text font="ERELLA+STXinwei" bbox="97.440,521.808,109.440,533.808" colourspace="ICCBased" ncolour="[0]" size="12.000">严</text>
                <text font="ERELLA+STXinwei" bbox="110.400,521.808,122.400,533.808" colourspace="ICCBased" ncolour="[0]" size="12.000">重</text>
                <text font="ERELLA+STXinwei" bbox="123.360,521.808,135.360,533.808" colourspace="ICCBased" ncolour="[0]" size="12.000">的</text>
                <text font="ERELLA+STXinwei" bbox="136.080,521.808,148.080,533.808" colourspace="ICCBased" ncolour="[0]" size="12.000">原</text>
                <text font="ERELLA+STXinwei" bbox="149.040,521.808,161.040,533.808" colourspace="ICCBased" ncolour="[0]" size="12.000">发</text>
                <text font="ERELLA+STXinwei" bbox="162.000,521.808,174.000,533.808" colourspace="ICCBased" ncolour="[0]" size="12.000">性</text>
                <text font="ERELLA+STXinwei" bbox="174.720,521.808,186.720,533.808" colourspace="ICCBased" ncolour="[0]" size="12.000">硬</text>
                <text font="ERELLA+STXinwei" bbox="187.680,521.808,199.680,533.808" colourspace="ICCBased" ncolour="[0]" size="12.000">化</text>
                <text>
                </text>
            </textline>
        </textbox>
        <textbox id="11" bbox="97.440,505.968,148.368,517.968">
            <textline bbox="97.440,505.968,148.368,517.968">
                <text font="ERELLA+STXinwei" bbox="97.440,505.968,109.440,517.968" colourspace="ICCBased" ncolour="[0]" size="12.000">性</text>
                <text font="ERELLA+STXinwei" bbox="109.440,505.968,121.440,517.968" colourspace="ICCBased" ncolour="[0]" size="12.000">胆</text>
                <text font="ERELLA+STXinwei" bbox="121.440,505.968,133.440,517.968" colourspace="ICCBased" ncolour="[0]" size="12.000">管</text>
                <text font="ERELLA+STXinwei" bbox="133.440,505.968,145.440,517.968" colourspace="ICCBased" ncolour="[0]" size="12.000">炎</text>
                <text font="ERELLA+STXinwei" bbox="145.440,505.968,148.368,517.968" colourspace="ICCBased" ncolour="[0]" size="12.000"> </text>
                <text>
                </text>
            </textline>
        </textbox>
        <textbox id="12" bbox="97.440,412.608,100.368,424.608">
            <textline bbox="97.440,412.608,100.368,424.608">
                <text font="ERELLA+STXinwei" bbox="97.440,412.608,100.368,424.608" colourspace="ICCBased" ncolour="[0]" size="12.000"> </text>
                <text>
                </text>
            </textline>
        </textbox>
        <textbox id="13" bbox="63.600,369.408,199.680,423.989">
            <textline bbox="68.880,413.429,74.160,423.989">
                <text font="JTTPDQ+SimSun" bbox="68.880,413.429,74.160,423.989" colourspace="ICCBased" ncolour="[0]" size="10.560"> </text>
                <text>
                </text>
            </textline>
            <textline bbox="63.600,401.328,199.680,413.328">
                <text font="JTTPDQ+SimSun" bbox="63.600,402.149,68.880,412.709" colourspace="ICCBased" ncolour="[0]" size="10.560">7</text>
                <text font="JTTPDQ+SimSun" bbox="68.880,402.149,74.160,412.709" colourspace="ICCBased" ncolour="[0]" size="10.560">4</text>
                <text font="JTTPDQ+SimSun" bbox="74.160,402.149,79.440,412.709" colourspace="ICCBased" ncolour="[0]" size="10.560"> </text>
                <text> </text>
                <text font="ERELLA+STXinwei" bbox="97.440,401.328,109.440,413.328" colourspace="ICCBased" ncolour="[0]" size="12.000">因</text>
                <text font="ERELLA+STXinwei" bbox="110.400,401.328,122.400,413.328" colourspace="ICCBased" ncolour="[0]" size="12.000">器</text>
                <text font="ERELLA+STXinwei" bbox="123.360,401.328,135.360,413.328" colourspace="ICCBased" ncolour="[0]" size="12.000">官</text>
                <text font="ERELLA+STXinwei" bbox="136.080,401.328,148.080,413.328" colourspace="ICCBased" ncolour="[0]" size="12.000">移</text>
                <text font="ERELLA+STXinwei" bbox="149.040,401.328,161.040,413.328" colourspace="ICCBased" ncolour="[0]" size="12.000">植</text>
                <text font="ERELLA+STXinwei" bbox="162.000,401.328,174.000,413.328" colourspace="ICCBased" ncolour="[0]" size="12.000">导</text>
                <text font="ERELLA+STXinwei" bbox="174.720,401.328,186.720,413.328" colourspace="ICCBased" ncolour="[0]" size="12.000">致</text>
                <text font="ERELLA+STXinwei" bbox="187.680,401.328,199.680,413.328" colourspace="ICCBased" ncolour="[0]" size="12.000">艾</text>
                <text>
                </text>
            </textline>
            <textline bbox="97.440,385.488,199.680,397.488">
                <text font="ERELLA+STXinwei" bbox="97.440,385.488,109.440,397.488" colourspace="ICCBased" ncolour="[0]" size="12.000">滋</text>
                <text font="ERELLA+STXinwei" bbox="110.400,385.488,122.400,397.488" colourspace="ICCBased" ncolour="[0]" size="12.000">病</text>
                <text font="ERELLA+STXinwei" bbox="123.360,385.488,135.360,397.488" colourspace="ICCBased" ncolour="[0]" size="12.000">病</text>
                <text font="ERELLA+STXinwei" bbox="136.080,385.488,148.080,397.488" colourspace="ICCBased" ncolour="[0]" size="12.000">毒</text>
                <text font="ERELLA+STXinwei" bbox="149.040,385.488,161.040,397.488" colourspace="ICCBased" ncolour="[0]" size="12.000">感</text>
                <text font="ERELLA+STXinwei" bbox="162.000,385.488,174.000,397.488" colourspace="ICCBased" ncolour="[0]" size="12.000">染</text>
                <text font="ERELLA+STXinwei" bbox="174.720,385.488,186.720,397.488" colourspace="ICCBased" ncolour="[0]" size="12.000">或</text>
                <text font="ERELLA+STXinwei" bbox="187.680,385.488,199.680,397.488" colourspace="ICCBased" ncolour="[0]" size="12.000">患</text>
                <text>
                </text>
            </textline>
            <textline bbox="97.440,369.408,136.368,381.408">
                <text font="ERELLA+STXinwei" bbox="97.440,369.408,109.440,381.408" colourspace="ICCBased" ncolour="[0]" size="12.000">艾</text>
                <text font="ERELLA+STXinwei" bbox="109.440,369.408,121.440,381.408" colourspace="ICCBased" ncolour="[0]" size="12.000">滋</text>
                <text font="ERELLA+STXinwei" bbox="121.440,369.408,133.440,381.408" colourspace="ICCBased" ncolour="[0]" size="12.000">病</text>
                <text font="ERELLA+STXinwei" bbox="133.440,369.408,136.368,381.408" colourspace="ICCBased" ncolour="[0]" size="12.000"> </text>
                <text>
                </text>
            </textline>
        </textbox>
        <textbox id="14" bbox="97.440,245.328,100.368,257.328">
            <textline bbox="97.440,245.328,100.368,257.328">
                <text font="ERELLA+STXinwei" bbox="97.440,245.328,100.368,257.328" colourspace="ICCBased" ncolour="[0]" size="12.000"> </text>
                <text>
                </text>
            </textline>
        </textbox>
        <textbox id="15" bbox="63.600,233.808,172.368,256.709">
            <textline bbox="68.880,246.149,74.160,256.709">
                <text font="JTTPDQ+SimSun" bbox="68.880,246.149,74.160,256.709" colourspace="ICCBased" ncolour="[0]" size="10.560"> </text>
                <text>
                </text>
            </textline>
            <textline bbox="63.600,233.808,172.368,245.808">
                <text font="JTTPDQ+SimSun" bbox="63.600,234.629,68.880,245.189" colourspace="ICCBased" ncolour="[0]" size="10.560">7</text>
                <text font="JTTPDQ+SimSun" bbox="68.880,234.629,74.160,245.189" colourspace="ICCBased" ncolour="[0]" size="10.560">5</text>
                <text font="JTTPDQ+SimSun" bbox="74.160,234.629,79.440,245.189" colourspace="ICCBased" ncolour="[0]" size="10.560"> </text>
                <text> </text>
                <text font="ERELLA+STXinwei" bbox="97.440,233.808,109.440,245.808" colourspace="ICCBased" ncolour="[0]" size="12.000">严</text>
                <text font="ERELLA+STXinwei" bbox="109.440,233.808,121.440,245.808" colourspace="ICCBased" ncolour="[0]" size="12.000">重</text>
                <text font="ERELLA+STXinwei" bbox="121.440,233.808,133.440,245.808" colourspace="ICCBased" ncolour="[0]" size="12.000">面</text>
                <text font="ERELLA+STXinwei" bbox="133.440,233.808,145.440,245.808" colourspace="ICCBased" ncolour="[0]" size="12.000">部</text>
                <text font="ERELLA+STXinwei" bbox="145.440,233.808,157.440,245.808" colourspace="ICCBased" ncolour="[0]" size="12.000">烧</text>
                <text font="ERELLA+STXinwei" bbox="157.440,233.808,169.440,245.808" colourspace="ICCBased" ncolour="[0]" size="12.000">伤</text>
                <text font="ERELLA+STXinwei" bbox="169.440,233.808,172.368,245.808" colourspace="ICCBased" ncolour="[0]" size="12.000"> </text>
                <text>
                </text>
            </textline>
        </textbox>
        <textbox id="16" bbox="51.120,203.429,56.400,213.989">
            <textline bbox="51.120,203.429,56.400,213.989">
                <text font="JTTPDQ+SimSun" bbox="51.120,203.429,56.400,213.989" colourspace="ICCBased" ncolour="[0]" size="10.560"> </text>
                <text>
                </text>
            </textline>
        </textbox>
        <textbox id="17" bbox="97.440,202.608,100.368,214.608">
            <textline bbox="97.440,202.608,100.368,214.608">
                <text font="ERELLA+STXinwei" bbox="97.440,202.608,100.368,214.608" colourspace="ICCBased" ncolour="[0]" size="12.000"> </text>
                <text>
                </text>
            </textline>
        </textbox>
        <textbox id="18" bbox="63.600,143.808,199.680,203.328">
            <textline bbox="63.600,191.328,199.680,203.328">
                <text font="JTTPDQ+SimSun" bbox="63.600,192.149,68.880,202.709" colourspace="ICCBased" ncolour="[0]" size="10.560">7</text>
                <text font="JTTPDQ+SimSun" bbox="68.880,192.149,74.160,202.709" colourspace="ICCBased" ncolour="[0]" size="10.560">6</text>
                <text font="JTTPDQ+SimSun" bbox="74.160,192.149,79.440,202.709" colourspace="ICCBased" ncolour="[0]" size="10.560"> </text>
                <text> </text>
                <text font="ERELLA+STXinwei" bbox="97.440,191.328,109.440,203.328" colourspace="ICCBased" ncolour="[0]" size="12.000">严</text>
                <text> </text>
                <text font="ERELLA+STXinwei" bbox="112.560,191.328,124.560,203.328" colourspace="ICCBased" ncolour="[0]" size="12.000">重</text>
                <text> </text>
                <text font="ERELLA+STXinwei" bbox="127.680,191.328,139.680,203.328" colourspace="ICCBased" ncolour="[0]" size="12.000">瑞</text>
                <text> </text>
                <text font="ERELLA+STXinwei" bbox="142.560,191.328,154.560,203.328" colourspace="ICCBased" ncolour="[0]" size="12.000">氏</text>
                <text> </text>
                <text font="ERELLA+STXinwei" bbox="157.680,191.328,169.680,203.328" colourspace="ICCBased" ncolour="[0]" size="12.000">综</text>
                <text> </text>
                <text font="ERELLA+STXinwei" bbox="172.560,191.328,184.560,203.328" colourspace="ICCBased" ncolour="[0]" size="12.000">合</text>
                <text> </text>
                <text font="ERELLA+STXinwei" bbox="187.680,191.328,199.680,203.328" colourspace="ICCBased" ncolour="[0]" size="12.000">症</text>
                <text>
                </text>
            </textline>
            <textline bbox="97.440,175.488,199.680,187.488">
                <text font="ERELLA+STXinwei" bbox="97.440,175.488,109.440,187.488" colourspace="ICCBased" ncolour="[0]" size="12.000">（</text>
                <text font="ERELLA+STXinwei" bbox="109.440,175.488,117.108,187.488" colourspace="ICCBased" ncolour="[0]" size="12.000">R</text>
                <text font="ERELLA+STXinwei" bbox="117.120,175.488,123.012,187.488" colourspace="ICCBased" ncolour="[0]" size="12.000">e</text>
                <text font="ERELLA+STXinwei" bbox="123.120,175.488,129.384,187.488" colourspace="ICCBased" ncolour="[0]" size="12.000">y</text>
                <text font="ERELLA+STXinwei" bbox="129.360,175.488,135.252,187.488" colourspace="ICCBased" ncolour="[0]" size="12.000">e</text>
                <text> </text>
                <text font="ERELLA+STXinwei" bbox="139.680,175.488,151.680,187.488" colourspace="ICCBased" ncolour="[0]" size="12.000">综</text>
                <text font="ERELLA+STXinwei" bbox="151.680,175.488,163.680,187.488" colourspace="ICCBased" ncolour="[0]" size="12.000">合</text>
                <text font="ERELLA+STXinwei" bbox="163.680,175.488,175.680,187.488" colourspace="ICCBased" ncolour="[0]" size="12.000">征</text>
                <text font="ERELLA+STXinwei" bbox="175.680,175.488,187.680,187.488" colourspace="ICCBased" ncolour="[0]" size="12.000">，</text>
                <text font="ERELLA+STXinwei" bbox="187.680,175.488,199.680,187.488" colourspace="ICCBased" ncolour="[0]" size="12.000">也</text>
                <text>
                </text>
            </textline>
            <textline bbox="97.440,159.648,199.680,171.648">
                <text font="ERELLA+STXinwei" bbox="97.440,159.648,109.440,171.648" colourspace="ICCBased" ncolour="[0]" size="12.000">称</text>
                <text font="ERELLA+STXinwei" bbox="110.400,159.648,122.400,171.648" colourspace="ICCBased" ncolour="[0]" size="12.000">赖</text>
                <text font="ERELLA+STXinwei" bbox="123.360,159.648,135.360,171.648" colourspace="ICCBased" ncolour="[0]" size="12.000">氏</text>
                <text font="ERELLA+STXinwei" bbox="136.080,159.648,148.080,171.648" colourspace="ICCBased" ncolour="[0]" size="12.000">综</text>
                <text font="ERELLA+STXinwei" bbox="149.040,159.648,161.040,171.648" colourspace="ICCBased" ncolour="[0]" size="12.000">合</text>
                <text font="ERELLA+STXinwei" bbox="162.000,159.648,174.000,171.648" colourspace="ICCBased" ncolour="[0]" size="12.000">征</text>
                <text font="ERELLA+STXinwei" bbox="174.720,159.648,186.720,171.648" colourspace="ICCBased" ncolour="[0]" size="12.000">、</text>
                <text font="ERELLA+STXinwei" bbox="187.680,159.648,199.680,171.648" colourspace="ICCBased" ncolour="[0]" size="12.000">雷</text>
                <text>
                </text>
            </textline>
            <textline bbox="97.440,143.808,160.368,155.808">
                <text font="ERELLA+STXinwei" bbox="97.440,143.808,109.440,155.808" colourspace="ICCBased" ncolour="[0]" size="12.000">氏</text>
                <text font="ERELLA+STXinwei" bbox="109.440,143.808,121.440,155.808" colourspace="ICCBased" ncolour="[0]" size="12.000">综</text>
                <text font="ERELLA+STXinwei" bbox="121.440,143.808,133.440,155.808" colourspace="ICCBased" ncolour="[0]" size="12.000">合</text>
                <text font="ERELLA+STXinwei" bbox="133.440,143.808,145.440,155.808" colourspace="ICCBased" ncolour="[0]" size="12.000">征</text>
                <text font="ERELLA+STXinwei" bbox="145.440,143.808,157.440,155.808" colourspace="ICCBased" ncolour="[0]" size="12.000">）</text>
                <text font="ERELLA+STXinwei" bbox="157.440,143.808,160.368,155.808" colourspace="ICCBased" ncolour="[0]" size="12.000"> </text>
                <text>
                </text>
            </textline>
        </textbox>
        <textbox id="19" bbox="210.465,607.349,315.845,702.160">
            <textline bbox="236.632,691.600,278.629,702.160">
                <text font="JQUZDQ+SimSun" bbox="236.632,691.600,247.192,702.160" colourspace="ICCBased" ncolour="[0]" size="10.560">抗</text>
                <text font="JQUZDQ+SimSun" bbox="247.192,691.600,257.752,702.160" colourspace="ICCBased" ncolour="[0]" size="10.560">体</text>
                <text font="JQUZDQ+SimSun" bbox="257.752,691.600,268.312,702.160" colourspace="ICCBased" ncolour="[0]" size="10.560">。</text>
                <text font="JTTPDQ+SimSun" bbox="268.312,691.600,273.592,702.160" colourspace="ICCBased" ncolour="[0]" size="10.560"> </text>
                <text font="JTTPDQ+SimSun" bbox="273.349,691.600,278.629,702.160" colourspace="ICCBased" ncolour="[0]" size="10.560"> </text>
                <text>
                </text>
            </textline>
            <textline bbox="210.465,678.157,310.309,688.717">
                <text font="JQUZDQ+SimSun" bbox="210.465,678.157,221.025,688.717" colourspace="ICCBased" ncolour="[0]" size="10.560">职</text>
                <text font="JQUZDQ+SimSun" bbox="221.025,678.157,231.585,688.717" colourspace="ICCBased" ncolour="[0]" size="10.560">业</text>
                <text font="JQUZDQ+SimSun" bbox="231.585,678.157,242.145,688.717" colourspace="ICCBased" ncolour="[0]" size="10.560">限</text>
                <text font="JQUZDQ+SimSun" bbox="242.145,678.157,252.705,688.717" colourspace="ICCBased" ncolour="[0]" size="10.560">制</text>
                <text font="JQUZDQ+SimSun" bbox="252.705,678.157,263.265,688.717" colourspace="ICCBased" ncolour="[0]" size="10.560">如</text>
                <text font="JQUZDQ+SimSun" bbox="263.025,678.157,273.585,688.717" colourspace="ICCBased" ncolour="[0]" size="10.560">下</text>
                <text font="JQUZDQ+SimSun" bbox="273.585,678.157,284.145,688.717" colourspace="ICCBased" ncolour="[0]" size="10.560">所</text>
                <text font="JQUZDQ+SimSun" bbox="284.145,678.157,294.705,688.717" colourspace="ICCBased" ncolour="[0]" size="10.560">示</text>
                <text font="JTTPDQ+SimSun" bbox="294.705,678.157,299.985,688.717" colourspace="ICCBased" ncolour="[0]" size="10.560">:</text>
                <text font="JTTPDQ+SimSun" bbox="299.985,678.157,305.265,688.717" colourspace="ICCBased" ncolour="[0]" size="10.560"> </text>
                <text font="JTTPDQ+SimSun" bbox="305.029,678.157,310.309,688.717" colourspace="ICCBased" ncolour="[0]" size="10.560"> </text>
                <text>
                </text>
            </textline>
            <textline bbox="215.988,663.996,294.712,674.556">
                <text font="JQUZDQ+SimSun" bbox="215.988,663.996,226.548,674.556" colourspace="ICCBased" ncolour="[0]" size="10.560">医</text>
                <text font="JQUZDQ+SimSun" bbox="226.548,663.996,237.108,674.556" colourspace="ICCBased" ncolour="[0]" size="10.560">生</text>
                <text font="JQUZDQ+SimSun" bbox="237.108,663.996,247.668,674.556" colourspace="ICCBased" ncolour="[0]" size="10.560">和</text>
                <text font="JQUZDQ+SimSun" bbox="247.668,663.996,258.228,674.556" colourspace="ICCBased" ncolour="[0]" size="10.560">牙</text>
                <text font="JQUZDQ+SimSun" bbox="258.228,663.996,268.788,674.556" colourspace="ICCBased" ncolour="[0]" size="10.560">科</text>
                <text font="JQUZDQ+SimSun" bbox="268.548,663.996,279.108,674.556" colourspace="ICCBased" ncolour="[0]" size="10.560">医</text>
                <text font="JQUZDQ+SimSun" bbox="279.108,663.996,289.668,674.556" colourspace="ICCBased" ncolour="[0]" size="10.560">生</text>
                <text font="JTTPDQ+SimSun" bbox="289.432,663.996,294.712,674.556" colourspace="ICCBased" ncolour="[0]" size="10.560"> </text>
                <text>
                </text>
            </textline>
            <textline bbox="216.000,649.829,315.845,660.389">
                <text font="JQUZDQ+SimSun" bbox="216.000,649.829,226.560,660.389" colourspace="ICCBased" ncolour="[0]" size="10.560">医</text>
                <text font="JQUZDQ+SimSun" bbox="226.560,649.829,237.120,660.389" colourspace="ICCBased" ncolour="[0]" size="10.560">院</text>
                <text font="JQUZDQ+SimSun" bbox="237.120,649.829,247.680,660.389" colourspace="ICCBased" ncolour="[0]" size="10.560">化</text>
                <text font="JQUZDQ+SimSun" bbox="247.680,649.829,258.240,660.389" colourspace="ICCBased" ncolour="[0]" size="10.560">验</text>
                <text font="JQUZDQ+SimSun" bbox="258.240,649.829,268.800,660.389" colourspace="ICCBased" ncolour="[0]" size="10.560">室</text>
                <text font="JQUZDQ+SimSun" bbox="268.560,649.829,279.120,660.389" colourspace="ICCBased" ncolour="[0]" size="10.560">工</text>
                <text font="JQUZDQ+SimSun" bbox="279.120,649.829,289.680,660.389" colourspace="ICCBased" ncolour="[0]" size="10.560">作</text>
                <text font="JQUZDQ+SimSun" bbox="289.680,649.829,300.240,660.389" colourspace="ICCBased" ncolour="[0]" size="10.560">人</text>
                <text font="JQUZDQ+SimSun" bbox="300.240,649.829,310.800,660.389" colourspace="ICCBased" ncolour="[0]" size="10.560">员</text>
                <text font="JTTPDQ+SimSun" bbox="310.565,649.829,315.845,660.389" colourspace="ICCBased" ncolour="[0]" size="10.560"> </text>
                <text>
                </text>
            </textline>
            <textline bbox="216.000,635.669,315.845,646.229">
                <text font="JQUZDQ+SimSun" bbox="216.000,635.669,226.560,646.229" colourspace="ICCBased" ncolour="[0]" size="10.560">医</text>
                <text font="JQUZDQ+SimSun" bbox="226.560,635.669,237.120,646.229" colourspace="ICCBased" ncolour="[0]" size="10.560">生</text>
                <text font="JQUZDQ+SimSun" bbox="237.120,635.669,247.680,646.229" colourspace="ICCBased" ncolour="[0]" size="10.560">助</text>
                <text font="JQUZDQ+SimSun" bbox="247.680,635.669,258.240,646.229" colourspace="ICCBased" ncolour="[0]" size="10.560">理</text>
                <text font="JQUZDQ+SimSun" bbox="258.240,635.669,268.800,646.229" colourspace="ICCBased" ncolour="[0]" size="10.560">和</text>
                <text font="JQUZDQ+SimSun" bbox="268.560,635.669,279.120,646.229" colourspace="ICCBased" ncolour="[0]" size="10.560">牙</text>
                <text font="JQUZDQ+SimSun" bbox="279.120,635.669,289.680,646.229" colourspace="ICCBased" ncolour="[0]" size="10.560">医</text>
                <text font="JQUZDQ+SimSun" bbox="289.680,635.669,300.240,646.229" colourspace="ICCBased" ncolour="[0]" size="10.560">助</text>
                <text font="JQUZDQ+SimSun" bbox="300.240,635.669,310.800,646.229" colourspace="ICCBased" ncolour="[0]" size="10.560">理</text>
                <text font="JTTPDQ+SimSun" bbox="310.565,635.669,315.845,646.229" colourspace="ICCBased" ncolour="[0]" size="10.560"> </text>
                <text>
                </text>
            </textline>
            <textline bbox="216.000,621.509,252.717,632.069">
                <text font="JQUZDQ+SimSun" bbox="216.000,621.509,226.560,632.069" colourspace="ICCBased" ncolour="[0]" size="10.560">助</text>
                <text font="JQUZDQ+SimSun" bbox="226.560,621.509,237.120,632.069" colourspace="ICCBased" ncolour="[0]" size="10.560">产</text>
                <text font="JQUZDQ+SimSun" bbox="237.120,621.509,247.680,632.069" colourspace="ICCBased" ncolour="[0]" size="10.560">士</text>
                <text font="JTTPDQ+SimSun" bbox="247.437,621.509,252.717,632.069" colourspace="ICCBased" ncolour="[0]" size="10.560"> </text>
                <text>
                </text>
            </textline>
            <textline bbox="216.000,607.349,242.157,617.909">
                <text font="JQUZDQ+SimSun" bbox="216.000,607.349,226.560,617.909" colourspace="ICCBased" ncolour="[0]" size="10.560">警</text>
                <text font="JQUZDQ+SimSun" bbox="226.560,607.349,237.120,617.909" colourspace="ICCBased" ncolour="[0]" size="10.560">察</text>
                <text font="JTTPDQ+SimSun" bbox="236.877,607.349,242.157,617.909" colourspace="ICCBased" ncolour="[0]" size="10.560"> </text>
                <text>
                </text>
            </textline>
        </textbox>
        <textbox id="20" bbox="210.480,605.210,210.720,605.690">
            <textline bbox="210.480,605.210,210.720,605.690">
                <text font="JTTPDQ+SimSun" bbox="210.480,605.210,210.720,605.690" colourspace="ICCBased" ncolour="[0]" size="0.480"> </text>
                <text>
                </text>
            </textline>
        </textbox>
        <textbox id="21" bbox="383.997,607.349,462.734,674.556">
            <textline bbox="383.997,663.996,410.154,674.556">
                <text font="JQUZDQ+SimSun" bbox="383.997,663.996,394.557,674.556" colourspace="ICCBased" ncolour="[0]" size="10.560">护</text>
                <text font="JQUZDQ+SimSun" bbox="394.557,663.996,405.117,674.556" colourspace="ICCBased" ncolour="[0]" size="10.560">士</text>
                <text font="JTTPDQ+SimSun" bbox="404.874,663.996,410.154,674.556" colourspace="ICCBased" ncolour="[0]" size="10.560"> </text>
                <text>
                </text>
            </textline>
            <textline bbox="384.010,649.829,431.287,660.389">
                <text font="JQUZDQ+SimSun" bbox="384.010,649.829,394.570,660.389" colourspace="ICCBased" ncolour="[0]" size="10.560">医</text>
                <text font="JQUZDQ+SimSun" bbox="394.570,649.829,405.130,660.389" colourspace="ICCBased" ncolour="[0]" size="10.560">院</text>
                <text font="JQUZDQ+SimSun" bbox="405.130,649.829,415.690,660.389" colourspace="ICCBased" ncolour="[0]" size="10.560">护</text>
                <text font="JQUZDQ+SimSun" bbox="415.690,649.829,426.250,660.389" colourspace="ICCBased" ncolour="[0]" size="10.560">工</text>
                <text font="JTTPDQ+SimSun" bbox="426.007,649.829,431.287,660.389" colourspace="ICCBased" ncolour="[0]" size="10.560"> </text>
                <text>
                </text>
            </textline>
            <textline bbox="384.010,635.669,462.734,646.229">
                <text font="JQUZDQ+SimSun" bbox="384.010,635.669,394.570,646.229" colourspace="ICCBased" ncolour="[0]" size="10.560">救</text>
                <text font="JQUZDQ+SimSun" bbox="394.570,635.669,405.130,646.229" colourspace="ICCBased" ncolour="[0]" size="10.560">护</text>
                <text font="JQUZDQ+SimSun" bbox="405.130,635.669,415.690,646.229" colourspace="ICCBased" ncolour="[0]" size="10.560">车</text>
                <text font="JQUZDQ+SimSun" bbox="415.690,635.669,426.250,646.229" colourspace="ICCBased" ncolour="[0]" size="10.560">工</text>
                <text font="JQUZDQ+SimSun" bbox="426.250,635.669,436.810,646.229" colourspace="ICCBased" ncolour="[0]" size="10.560">作</text>
                <text font="JQUZDQ+SimSun" bbox="436.570,635.669,447.130,646.229" colourspace="ICCBased" ncolour="[0]" size="10.560">人</text>
                <text font="JQUZDQ+SimSun" bbox="447.130,635.669,457.690,646.229" colourspace="ICCBased" ncolour="[0]" size="10.560">员</text>
                <text font="JTTPDQ+SimSun" bbox="457.454,635.669,462.734,646.229" colourspace="ICCBased" ncolour="[0]" size="10.560"> </text>
                <text>
                </text>
            </textline>
            <textline bbox="383.999,621.509,431.276,632.069">
                <text font="JQUZDQ+SimSun" bbox="383.999,621.509,394.559,632.069" colourspace="ICCBased" ncolour="[0]" size="10.560">消</text>
                <text font="JQUZDQ+SimSun" bbox="394.559,621.509,405.119,632.069" colourspace="ICCBased" ncolour="[0]" size="10.560">防</text>
                <text font="JQUZDQ+SimSun" bbox="405.119,621.509,415.679,632.069" colourspace="ICCBased" ncolour="[0]" size="10.560">队</text>
                <text font="JQUZDQ+SimSun" bbox="415.679,621.509,426.239,632.069" colourspace="ICCBased" ncolour="[0]" size="10.560">员</text>
                <text font="JTTPDQ+SimSun" bbox="425.996,621.509,431.276,632.069" colourspace="ICCBased" ncolour="[0]" size="10.560"> </text>
                <text>
                </text>
            </textline>
            <textline bbox="383.999,607.349,410.156,617.909">
                <text font="JQUZDQ+SimSun" bbox="383.999,607.349,394.559,617.909" colourspace="ICCBased" ncolour="[0]" size="10.560">狱</text>
                <text font="JQUZDQ+SimSun" bbox="394.559,607.349,405.119,617.909" colourspace="ICCBased" ncolour="[0]" size="10.560">警</text>
                <text font="JTTPDQ+SimSun" bbox="404.876,607.349,410.156,617.909" colourspace="ICCBased" ncolour="[0]" size="10.560"> </text>
                <text>
                </text>
            </textline>
        </textbox>
        <textbox id="22" bbox="210.480,370.949,552.000,602.789">
            <textline bbox="210.480,592.229,215.760,602.789">
                <text font="JTTPDQ+SimSun" bbox="210.480,592.229,215.760,602.789" colourspace="ICCBased" ncolour="[0]" size="10.560"> </text>
                <text>
                </text>
            </textline>
            <textline bbox="210.480,580.614,547.200,591.269">
                <text font="JQUZDQ+SimSun" bbox="210.480,580.709,221.040,591.269" colourspace="ICCBased" ncolour="[0]" size="10.560">指</text>
                <text font="JQUZDQ+SimSun" bbox="221.040,580.709,231.600,591.269" colourspace="ICCBased" ncolour="[0]" size="10.560">肾</text>
                <text font="JQUZDQ+SimSun" bbox="231.600,580.709,242.160,591.269" colourspace="ICCBased" ncolour="[0]" size="10.560">上</text>
                <text font="JQUZDQ+SimSun" bbox="242.160,580.709,252.720,591.269" colourspace="ICCBased" ncolour="[0]" size="10.560">腺</text>
                <text font="JQUZDQ+SimSun" bbox="252.720,580.709,263.280,591.269" colourspace="ICCBased" ncolour="[0]" size="10.560">或</text>
                <text font="JQUZDQ+SimSun" bbox="263.280,580.709,273.840,591.269" colourspace="ICCBased" ncolour="[0]" size="10.560">肾</text>
                <text font="JQUZDQ+SimSun" bbox="273.840,580.709,284.400,591.269" colourspace="ICCBased" ncolour="[0]" size="10.560">上</text>
                <text font="JQUZDQ+SimSun" bbox="284.160,580.709,294.720,591.269" colourspace="ICCBased" ncolour="[0]" size="10.560">腺</text>
                <text font="JQUZDQ+SimSun" bbox="294.720,580.709,305.280,591.269" colourspace="ICCBased" ncolour="[0]" size="10.560">外</text>
                <text font="JQUZDQ+SimSun" bbox="305.280,580.709,315.840,591.269" colourspace="ICCBased" ncolour="[0]" size="10.560">嗜</text>
                <text font="JQUZDQ+SimSun" bbox="315.840,580.709,326.400,591.269" colourspace="ICCBased" ncolour="[0]" size="10.560">铬</text>
                <text font="JQUZDQ+SimSun" bbox="326.400,580.709,336.960,591.269" colourspace="ICCBased" ncolour="[0]" size="10.560">组</text>
                <text font="JQUZDQ+SimSun" bbox="336.960,580.709,347.520,591.269" colourspace="ICCBased" ncolour="[0]" size="10.560">织</text>
                <text font="JQUZDQ+SimSun" bbox="347.280,580.709,357.840,591.269" colourspace="ICCBased" ncolour="[0]" size="10.560">出</text>
                <text font="JQUZDQ+SimSun" bbox="357.840,580.709,368.400,591.269" colourspace="ICCBased" ncolour="[0]" size="10.560">现</text>
                <text font="JQUZDQ+SimSun" bbox="368.400,580.709,378.960,591.269" colourspace="ICCBased" ncolour="[0]" size="10.560">神</text>
                <text font="JQUZDQ+SimSun" bbox="378.960,580.709,389.520,591.269" colourspace="ICCBased" ncolour="[0]" size="10.560">经</text>
                <text font="JQUZDQ+SimSun" bbox="389.520,580.709,400.080,591.269" colourspace="ICCBased" ncolour="[0]" size="10.560">内</text>
                <text font="JQUZDQ+SimSun" bbox="399.840,580.709,410.400,591.269" colourspace="ICCBased" ncolour="[0]" size="10.560">分</text>
                <text font="JQUZDQ+SimSun" bbox="410.400,580.709,420.960,591.269" colourspace="ICCBased" ncolour="[0]" size="10.560">泌</text>
                <text font="JQUZDQ+SimSun" bbox="420.960,580.709,431.520,591.269" colourspace="ICCBased" ncolour="[0]" size="10.560">肿</text>
                <text font="JQUZDQ+SimSun" bbox="431.520,580.709,442.080,591.269" colourspace="ICCBased" ncolour="[0]" size="10.560">瘤</text>
                <text font="JQUZDQ+SimSun" bbox="442.080,580.709,452.640,591.269" colourspace="ICCBased" ncolour="[0]" size="10.560">，</text>
                <text font="JQUZDQ+SimSun" bbox="452.400,580.709,462.960,591.269" colourspace="ICCBased" ncolour="[0]" size="10.560">并</text>
                <text font="JQUZDQ+SimSun" bbox="462.960,580.709,473.520,591.269" colourspace="ICCBased" ncolour="[0]" size="10.560">分</text>
                <text font="JUMADQ+Batang" bbox="473.520,580.614,484.080,591.174" colourspace="ICCBased" ncolour="[0]" size="10.560">泌</text>
                <text font="JQUZDQ+SimSun" bbox="484.080,580.709,494.640,591.269" colourspace="ICCBased" ncolour="[0]" size="10.560">过</text>
                <text font="JQUZDQ+SimSun" bbox="494.640,580.709,505.200,591.269" colourspace="ICCBased" ncolour="[0]" size="10.560">多</text>
                <text font="JQUZDQ+SimSun" bbox="505.200,580.709,515.760,591.269" colourspace="ICCBased" ncolour="[0]" size="10.560">的</text>
                <text font="JQUZDQ+SimSun" bbox="515.760,580.709,526.320,591.269" colourspace="ICCBased" ncolour="[0]" size="10.560">儿</text>
                <text font="JQUZDQ+SimSun" bbox="526.080,580.709,536.640,591.269" colourspace="ICCBased" ncolour="[0]" size="10.560">茶</text>
                <text font="JQUZDQ+SimSun" bbox="536.640,580.709,547.200,591.269" colourspace="ICCBased" ncolour="[0]" size="10.560">酚</text>
                <text>
                </text>
            </textline>
            <textline bbox="210.480,565.017,547.199,575.672">
                <text font="JQUZDQ+SimSun" bbox="210.480,565.112,221.040,575.672" colourspace="ICCBased" ncolour="[0]" size="10.560">胺</text>
                <text font="JQUZDQ+SimSun" bbox="221.040,565.112,231.600,575.672" colourspace="ICCBased" ncolour="[0]" size="10.560">类</text>
                <text font="JQUZDQ+SimSun" bbox="231.600,565.112,242.160,575.672" colourspace="ICCBased" ncolour="[0]" size="10.560">的</text>
                <text font="JQUZDQ+SimSun" bbox="242.160,565.112,252.720,575.672" colourspace="ICCBased" ncolour="[0]" size="10.560">疾</text>
                <text font="JQUZDQ+SimSun" bbox="252.720,565.112,263.280,575.672" colourspace="ICCBased" ncolour="[0]" size="10.560">病</text>
                <text font="JQUZDQ+SimSun" bbox="263.280,565.112,273.840,575.672" colourspace="ICCBased" ncolour="[0]" size="10.560">。</text>
                <text font="JQUZDQ+SimSun" bbox="273.840,565.112,284.400,575.672" colourspace="ICCBased" ncolour="[0]" size="10.560">且</text>
                <text font="JQUZDQ+SimSun" bbox="284.160,565.112,294.720,575.672" colourspace="ICCBased" ncolour="[0]" size="10.560">已</text>
                <text font="JQUZDQ+SimSun" bbox="294.720,565.112,305.280,575.672" colourspace="ICCBased" ncolour="[0]" size="10.560">经</text>
                <text font="JQUZDQ+SimSun" bbox="305.280,565.112,315.840,575.672" colourspace="ICCBased" ncolour="[0]" size="10.560">由</text>
                <text font="JQUZDQ+SimSun" bbox="315.840,565.112,326.400,575.672" colourspace="ICCBased" ncolour="[0]" size="10.560">组</text>
                <text font="JQUZDQ+SimSun" bbox="326.400,565.112,336.960,575.672" colourspace="ICCBased" ncolour="[0]" size="10.560">织</text>
                <text font="JQUZDQ+SimSun" bbox="336.960,565.112,347.520,575.672" colourspace="ICCBased" ncolour="[0]" size="10.560">病</text>
                <text font="JQUZDQ+SimSun" bbox="347.280,565.112,357.840,575.672" colourspace="ICCBased" ncolour="[0]" size="10.560">理</text>
                <text font="JQUZDQ+SimSun" bbox="357.840,565.112,368.400,575.672" colourspace="ICCBased" ncolour="[0]" size="10.560">检</text>
                <text font="JQUZDQ+SimSun" bbox="368.400,565.112,378.960,575.672" colourspace="ICCBased" ncolour="[0]" size="10.560">查</text>
                <text font="JQUZDQ+SimSun" bbox="378.960,565.112,389.520,575.672" colourspace="ICCBased" ncolour="[0]" size="10.560">证</text>
                <text font="JQUZDQ+SimSun" bbox="389.520,565.112,400.080,575.672" colourspace="ICCBased" ncolour="[0]" size="10.560">实</text>
                <text font="JQUZDQ+SimSun" bbox="399.840,565.112,410.400,575.672" colourspace="ICCBased" ncolour="[0]" size="10.560">，</text>
                <text font="JQUZDQ+SimSun" bbox="410.400,565.112,420.960,575.672" colourspace="ICCBased" ncolour="[0]" size="10.560">并</text>
                <text font="JQUZDQ+SimSun" bbox="420.960,565.112,431.520,575.672" colourspace="ICCBased" ncolour="[0]" size="10.560">已</text>
                <text font="JQUZDQ+SimSun" bbox="431.520,565.112,442.080,575.672" colourspace="ICCBased" ncolour="[0]" size="10.560">经</text>
                <text font="JQUZDQ+SimSun" bbox="442.080,565.112,452.640,575.672" colourspace="ICCBased" ncolour="[0]" size="10.560">进</text>
                <text font="JUMADQ+Batang" bbox="452.399,565.017,462.959,575.577" colourspace="ICCBased" ncolour="[0]" size="10.560">行</text>
                <text font="JQUZDQ+SimSun" bbox="462.959,565.112,473.519,575.672" colourspace="ICCBased" ncolour="[0]" size="10.560">了</text>
                <text font="JQUZDQ+SimSun" bbox="473.519,565.112,484.079,575.672" colourspace="ICCBased" ncolour="[0]" size="10.560">切</text>
                <text font="JQUZDQ+SimSun" bbox="484.079,565.112,494.639,575.672" colourspace="ICCBased" ncolour="[0]" size="10.560">除</text>
                <text font="JQUZDQ+SimSun" bbox="494.639,565.112,505.199,575.672" colourspace="ICCBased" ncolour="[0]" size="10.560">嗜</text>
                <text font="JQUZDQ+SimSun" bbox="505.199,565.112,515.759,575.672" colourspace="ICCBased" ncolour="[0]" size="10.560">铬</text>
                <text font="JQUZDQ+SimSun" bbox="515.759,565.112,526.319,575.672" colourspace="ICCBased" ncolour="[0]" size="10.560">细</text>
                <text font="JQUZDQ+SimSun" bbox="526.079,565.112,536.639,575.672" colourspace="ICCBased" ncolour="[0]" size="10.560">胞</text>
                <text font="JQUZDQ+SimSun" bbox="536.639,565.112,547.199,575.672" colourspace="ICCBased" ncolour="[0]" size="10.560">肿</text>
                <text>
                </text>
            </textline>
            <textline bbox="210.480,549.515,457.204,560.075">
                <text font="JQUZDQ+SimSun" bbox="210.480,549.515,221.040,560.075" colourspace="ICCBased" ncolour="[0]" size="10.560">瘤</text>
                <text font="JQUZDQ+SimSun" bbox="221.040,549.515,231.600,560.075" colourspace="ICCBased" ncolour="[0]" size="10.560">的</text>
                <text font="JQUZDQ+SimSun" bbox="231.600,549.515,242.160,560.075" colourspace="ICCBased" ncolour="[0]" size="10.560">手</text>
                <text font="JQUZDQ+SimSun" bbox="242.160,549.515,252.720,560.075" colourspace="ICCBased" ncolour="[0]" size="10.560">术</text>
                <text font="JQUZDQ+SimSun" bbox="252.720,549.515,263.280,560.075" colourspace="ICCBased" ncolour="[0]" size="10.560">治</text>
                <text font="JQUZDQ+SimSun" bbox="263.040,549.515,273.600,560.075" colourspace="ICCBased" ncolour="[0]" size="10.560">疗</text>
                <text font="JQUZDQ+SimSun" bbox="273.600,549.515,284.160,560.075" colourspace="ICCBased" ncolour="[0]" size="10.560">。</text>
                <text font="JQUZDQ+SimSun" bbox="284.160,549.515,294.720,560.075" colourspace="ICCBased" ncolour="[0]" size="10.560">嗜</text>
                <text font="JQUZDQ+SimSun" bbox="294.720,549.515,305.280,560.075" colourspace="ICCBased" ncolour="[0]" size="10.560">铬</text>
                <text font="JQUZDQ+SimSun" bbox="305.040,549.515,315.600,560.075" colourspace="ICCBased" ncolour="[0]" size="10.560">细</text>
                <text font="JQUZDQ+SimSun" bbox="315.600,549.515,326.160,560.075" colourspace="ICCBased" ncolour="[0]" size="10.560">胞</text>
                <text font="JQUZDQ+SimSun" bbox="326.160,549.515,336.720,560.075" colourspace="ICCBased" ncolour="[0]" size="10.560">瘤</text>
                <text font="JQUZDQ+SimSun" bbox="336.720,549.515,347.280,560.075" colourspace="ICCBased" ncolour="[0]" size="10.560">须</text>
                <text font="JQUZDQ+SimSun" bbox="347.040,549.515,357.600,560.075" colourspace="ICCBased" ncolour="[0]" size="10.560">经</text>
                <text font="JQUZDQ+SimSun" bbox="357.600,549.515,368.160,560.075" colourspace="ICCBased" ncolour="[0]" size="10.560">专</text>
                <text font="JQUZDQ+SimSun" bbox="368.160,549.515,378.720,560.075" colourspace="ICCBased" ncolour="[0]" size="10.560">科</text>
                <text font="JQUZDQ+SimSun" bbox="378.720,549.515,389.280,560.075" colourspace="ICCBased" ncolour="[0]" size="10.560">医</text>
                <text font="JQUZDQ+SimSun" bbox="389.040,549.515,399.600,560.075" colourspace="ICCBased" ncolour="[0]" size="10.560">生</text>
                <text font="JQUZDQ+SimSun" bbox="399.600,549.515,410.160,560.075" colourspace="ICCBased" ncolour="[0]" size="10.560">明</text>
                <text font="JQUZDQ+SimSun" bbox="410.160,549.515,420.720,560.075" colourspace="ICCBased" ncolour="[0]" size="10.560">确</text>
                <text font="JQUZDQ+SimSun" bbox="420.720,549.515,431.280,560.075" colourspace="ICCBased" ncolour="[0]" size="10.560">诊</text>
                <text font="JQUZDQ+SimSun" bbox="431.040,549.515,441.600,560.075" colourspace="ICCBased" ncolour="[0]" size="10.560">断</text>
                <text font="JQUZDQ+SimSun" bbox="441.600,549.515,452.160,560.075" colourspace="ICCBased" ncolour="[0]" size="10.560">。</text>
                <text font="JTTPDQ+SimSun" bbox="451.924,549.515,457.204,560.075" colourspace="ICCBased" ncolour="[0]" size="10.560"> </text>
                <text>
                </text>
            </textline>
            <textline bbox="210.480,533.909,215.760,544.469">
                <text font="JTTPDQ+SimSun" bbox="210.480,533.909,215.760,544.469" colourspace="ICCBased" ncolour="[0]" size="10.560"> </text>
                <text>
                </text>
            </textline>
            <textline bbox="210.480,522.629,547.200,533.189">
                <text font="JQUZDQ+SimSun" bbox="210.480,522.629,221.040,533.189" colourspace="ICCBased" ncolour="[0]" size="10.560">指</text>
                <text font="JQUZDQ+SimSun" bbox="221.040,522.629,231.600,533.189" colourspace="ICCBased" ncolour="[0]" size="10.560">一</text>
                <text font="JQUZDQ+SimSun" bbox="231.600,522.629,242.160,533.189" colourspace="ICCBased" ncolour="[0]" size="10.560">种</text>
                <text font="JQUZDQ+SimSun" bbox="242.160,522.629,252.720,533.189" colourspace="ICCBased" ncolour="[0]" size="10.560">胆</text>
                <text font="JQUZDQ+SimSun" bbox="252.720,522.629,263.280,533.189" colourspace="ICCBased" ncolour="[0]" size="10.560">汁</text>
                <text font="JQUZDQ+SimSun" bbox="263.280,522.629,273.840,533.189" colourspace="ICCBased" ncolour="[0]" size="10.560">淤</text>
                <text font="JQUZDQ+SimSun" bbox="273.840,522.629,284.400,533.189" colourspace="ICCBased" ncolour="[0]" size="10.560">积</text>
                <text font="JQUZDQ+SimSun" bbox="284.160,522.629,294.720,533.189" colourspace="ICCBased" ncolour="[0]" size="10.560">综</text>
                <text font="JQUZDQ+SimSun" bbox="294.720,522.629,305.280,533.189" colourspace="ICCBased" ncolour="[0]" size="10.560">合</text>
                <text font="JQUZDQ+SimSun" bbox="305.280,522.629,315.840,533.189" colourspace="ICCBased" ncolour="[0]" size="10.560">征</text>
                <text font="JQUZDQ+SimSun" bbox="315.840,522.629,326.400,533.189" colourspace="ICCBased" ncolour="[0]" size="10.560">，</text>
                <text font="JQUZDQ+SimSun" bbox="326.400,522.629,336.960,533.189" colourspace="ICCBased" ncolour="[0]" size="10.560">其</text>
                <text font="JQUZDQ+SimSun" bbox="336.960,522.629,347.520,533.189" colourspace="ICCBased" ncolour="[0]" size="10.560">特</text>
                <text font="JQUZDQ+SimSun" bbox="347.280,522.629,357.840,533.189" colourspace="ICCBased" ncolour="[0]" size="10.560">征</text>
                <text font="JQUZDQ+SimSun" bbox="357.840,522.629,368.400,533.189" colourspace="ICCBased" ncolour="[0]" size="10.560">是</text>
                <text font="JQUZDQ+SimSun" bbox="368.400,522.629,378.960,533.189" colourspace="ICCBased" ncolour="[0]" size="10.560">肝</text>
                <text font="JQUZDQ+SimSun" bbox="378.960,522.629,389.520,533.189" colourspace="ICCBased" ncolour="[0]" size="10.560">内</text>
                <text font="JQUZDQ+SimSun" bbox="389.520,522.629,400.080,533.189" colourspace="ICCBased" ncolour="[0]" size="10.560">、</text>
                <text font="JQUZDQ+SimSun" bbox="399.840,522.629,410.400,533.189" colourspace="ICCBased" ncolour="[0]" size="10.560">肝</text>
                <text font="JQUZDQ+SimSun" bbox="410.400,522.629,420.960,533.189" colourspace="ICCBased" ncolour="[0]" size="10.560">外</text>
                <text font="JQUZDQ+SimSun" bbox="420.960,522.629,431.520,533.189" colourspace="ICCBased" ncolour="[0]" size="10.560">胆</text>
                <text font="JQUZDQ+SimSun" bbox="431.520,522.629,442.080,533.189" colourspace="ICCBased" ncolour="[0]" size="10.560">道</text>
                <text font="JQUZDQ+SimSun" bbox="442.080,522.629,452.640,533.189" colourspace="ICCBased" ncolour="[0]" size="10.560">因</text>
                <text font="JQUZDQ+SimSun" bbox="452.400,522.629,462.960,533.189" colourspace="ICCBased" ncolour="[0]" size="10.560">纤</text>
                <text font="JQUZDQ+SimSun" bbox="462.960,522.629,473.520,533.189" colourspace="ICCBased" ncolour="[0]" size="10.560">维</text>
                <text font="JQUZDQ+SimSun" bbox="473.520,522.629,484.080,533.189" colourspace="ICCBased" ncolour="[0]" size="10.560">化</text>
                <text font="JQUZDQ+SimSun" bbox="484.080,522.629,494.640,533.189" colourspace="ICCBased" ncolour="[0]" size="10.560">性</text>
                <text font="JQUZDQ+SimSun" bbox="494.640,522.629,505.200,533.189" colourspace="ICCBased" ncolour="[0]" size="10.560">炎</text>
                <text font="JQUZDQ+SimSun" bbox="505.200,522.629,515.760,533.189" colourspace="ICCBased" ncolour="[0]" size="10.560">症</text>
                <text font="JQUZDQ+SimSun" bbox="515.760,522.629,526.320,533.189" colourspace="ICCBased" ncolour="[0]" size="10.560">逐</text>
                <text font="JQUZDQ+SimSun" bbox="526.080,522.629,536.640,533.189" colourspace="ICCBased" ncolour="[0]" size="10.560">渐</text>
                <text font="JQUZDQ+SimSun" bbox="536.640,522.629,547.200,533.189" colourspace="ICCBased" ncolour="[0]" size="10.560">狭</text>
                <text>
                </text>
            </textline>
            <textline bbox="210.480,507.032,547.200,517.592">
                <text font="JQUZDQ+SimSun" bbox="210.480,507.032,221.040,517.592" colourspace="ICCBased" ncolour="[0]" size="10.560">窄</text>
                <text font="JQUZDQ+SimSun" bbox="221.040,507.032,231.600,517.592" colourspace="ICCBased" ncolour="[0]" size="10.560">，</text>
                <text font="JQUZDQ+SimSun" bbox="231.600,507.032,242.160,517.592" colourspace="ICCBased" ncolour="[0]" size="10.560">并</text>
                <text font="JQUZDQ+SimSun" bbox="242.160,507.032,252.720,517.592" colourspace="ICCBased" ncolour="[0]" size="10.560">最</text>
                <text font="JQUZDQ+SimSun" bbox="252.720,507.032,263.280,517.592" colourspace="ICCBased" ncolour="[0]" size="10.560">终</text>
                <text font="JQUZDQ+SimSun" bbox="263.280,507.032,273.840,517.592" colourspace="ICCBased" ncolour="[0]" size="10.560">导</text>
                <text font="JQUZDQ+SimSun" bbox="273.840,507.032,284.400,517.592" colourspace="ICCBased" ncolour="[0]" size="10.560">致</text>
                <text font="JQUZDQ+SimSun" bbox="284.160,507.032,294.720,517.592" colourspace="ICCBased" ncolour="[0]" size="10.560">完</text>
                <text font="JQUZDQ+SimSun" bbox="294.720,507.032,305.280,517.592" colourspace="ICCBased" ncolour="[0]" size="10.560">全</text>
                <text font="JQUZDQ+SimSun" bbox="305.280,507.032,315.840,517.592" colourspace="ICCBased" ncolour="[0]" size="10.560">阻</text>
                <text font="JQUZDQ+SimSun" bbox="315.840,507.032,326.400,517.592" colourspace="ICCBased" ncolour="[0]" size="10.560">塞</text>
                <text font="JQUZDQ+SimSun" bbox="326.400,507.032,336.960,517.592" colourspace="ICCBased" ncolour="[0]" size="10.560">而</text>
                <text font="JQUZDQ+SimSun" bbox="336.960,507.032,347.520,517.592" colourspace="ICCBased" ncolour="[0]" size="10.560">发</text>
                <text font="JQUZDQ+SimSun" bbox="347.280,507.032,357.840,517.592" colourspace="ICCBased" ncolour="[0]" size="10.560">展</text>
                <text font="JQUZDQ+SimSun" bbox="357.840,507.032,368.400,517.592" colourspace="ICCBased" ncolour="[0]" size="10.560">为</text>
                <text font="JQUZDQ+SimSun" bbox="368.400,507.032,378.960,517.592" colourspace="ICCBased" ncolour="[0]" size="10.560">肝</text>
                <text font="JQUZDQ+SimSun" bbox="378.960,507.032,389.520,517.592" colourspace="ICCBased" ncolour="[0]" size="10.560">硬</text>
                <text font="JQUZDQ+SimSun" bbox="389.520,507.032,400.080,517.592" colourspace="ICCBased" ncolour="[0]" size="10.560">化</text>
                <text font="JQUZDQ+SimSun" bbox="399.840,507.032,410.400,517.592" colourspace="ICCBased" ncolour="[0]" size="10.560">。</text>
                <text font="JQUZDQ+SimSun" bbox="410.400,507.032,420.960,517.592" colourspace="ICCBased" ncolour="[0]" size="10.560">须</text>
                <text font="JQUZDQ+SimSun" bbox="420.960,507.032,431.520,517.592" colourspace="ICCBased" ncolour="[0]" size="10.560">经</text>
                <text font="JQUZDQ+SimSun" bbox="431.520,507.032,442.080,517.592" colourspace="ICCBased" ncolour="[0]" size="10.560">内</text>
                <text font="JQUZDQ+SimSun" bbox="442.080,507.032,452.640,517.592" colourspace="ICCBased" ncolour="[0]" size="10.560">镜</text>
                <text font="JQUZDQ+SimSun" bbox="452.400,507.032,462.960,517.592" colourspace="ICCBased" ncolour="[0]" size="10.560">逆</text>
                <text font="JQUZDQ+SimSun" bbox="462.960,507.032,473.520,517.592" colourspace="ICCBased" ncolour="[0]" size="10.560">行</text>
                <text font="JQUZDQ+SimSun" bbox="473.520,507.032,484.080,517.592" colourspace="ICCBased" ncolour="[0]" size="10.560">胰</text>
                <text font="JQUZDQ+SimSun" bbox="484.080,507.032,494.640,517.592" colourspace="ICCBased" ncolour="[0]" size="10.560">胆</text>
                <text font="JQUZDQ+SimSun" bbox="494.640,507.032,505.200,517.592" colourspace="ICCBased" ncolour="[0]" size="10.560">管</text>
                <text font="JQUZDQ+SimSun" bbox="505.200,507.032,515.760,517.592" colourspace="ICCBased" ncolour="[0]" size="10.560">造</text>
                <text font="JQUZDQ+SimSun" bbox="515.760,507.032,526.320,517.592" colourspace="ICCBased" ncolour="[0]" size="10.560">影</text>
                <text font="JQUZDQ+SimSun" bbox="526.080,507.032,536.640,517.592" colourspace="ICCBased" ncolour="[0]" size="10.560">等</text>
                <text font="JQUZDQ+SimSun" bbox="536.640,507.032,547.200,517.592" colourspace="ICCBased" ncolour="[0]" size="10.560">影</text>
                <text>
                </text>
            </textline>
            <textline bbox="210.480,491.435,404.636,501.995">
                <text font="JQUZDQ+SimSun" bbox="210.480,491.435,221.040,501.995" colourspace="ICCBased" ncolour="[0]" size="10.560">像</text>
                <text font="JQUZDQ+SimSun" bbox="221.040,491.435,231.600,501.995" colourspace="ICCBased" ncolour="[0]" size="10.560">学</text>
                <text font="JQUZDQ+SimSun" bbox="231.600,491.435,242.160,501.995" colourspace="ICCBased" ncolour="[0]" size="10.560">检</text>
                <text font="JQUZDQ+SimSun" bbox="242.160,491.435,252.720,501.995" colourspace="ICCBased" ncolour="[0]" size="10.560">查</text>
                <text font="JQUZDQ+SimSun" bbox="252.720,491.435,263.280,501.995" colourspace="ICCBased" ncolour="[0]" size="10.560">证</text>
                <text font="JQUZDQ+SimSun" bbox="263.040,491.435,273.600,501.995" colourspace="ICCBased" ncolour="[0]" size="10.560">实</text>
                <text font="JQUZDQ+SimSun" bbox="273.600,491.435,284.160,501.995" colourspace="ICCBased" ncolour="[0]" size="10.560">，</text>
                <text font="JQUZDQ+SimSun" bbox="284.160,491.435,294.720,501.995" colourspace="ICCBased" ncolour="[0]" size="10.560">并</text>
                <text font="JQUZDQ+SimSun" bbox="294.720,491.435,305.280,501.995" colourspace="ICCBased" ncolour="[0]" size="10.560">须</text>
                <text font="JQUZDQ+SimSun" bbox="305.040,491.435,315.600,501.995" colourspace="ICCBased" ncolour="[0]" size="10.560">满</text>
                <text font="JQUZDQ+SimSun" bbox="315.600,491.435,326.160,501.995" colourspace="ICCBased" ncolour="[0]" size="10.560">足</text>
                <text font="JQUZDQ+SimSun" bbox="326.160,491.435,336.720,501.995" colourspace="ICCBased" ncolour="[0]" size="10.560">下</text>
                <text font="JQUZDQ+SimSun" bbox="336.720,491.435,347.280,501.995" colourspace="ICCBased" ncolour="[0]" size="10.560">列</text>
                <text font="JQUZDQ+SimSun" bbox="347.040,491.435,357.600,501.995" colourspace="ICCBased" ncolour="[0]" size="10.560">全</text>
                <text font="JQUZDQ+SimSun" bbox="357.600,491.435,368.160,501.995" colourspace="ICCBased" ncolour="[0]" size="10.560">部</text>
                <text font="JQUZDQ+SimSun" bbox="368.160,491.435,378.720,501.995" colourspace="ICCBased" ncolour="[0]" size="10.560">条</text>
                <text font="JQUZDQ+SimSun" bbox="378.720,491.435,389.280,501.995" colourspace="ICCBased" ncolour="[0]" size="10.560">件</text>
                <text font="JQUZDQ+SimSun" bbox="389.040,491.435,399.600,501.995" colourspace="ICCBased" ncolour="[0]" size="10.560">：</text>
                <text font="JTTPDQ+SimSun" bbox="399.356,491.435,404.636,501.995" colourspace="ICCBased" ncolour="[0]" size="10.560"> </text>
                <text>
                </text>
            </textline>
            <textline bbox="210.480,475.837,486.001,486.397">
                <text font="JQUZDQ+SimSun" bbox="210.480,475.837,221.040,486.397" colourspace="ICCBased" ncolour="[0]" size="10.560">（</text>
                <text font="JTTPDQ+SimSun" bbox="221.040,475.837,226.320,486.397" colourspace="ICCBased" ncolour="[0]" size="10.560">1</text>
                <text font="JQUZDQ+SimSun" bbox="226.320,475.837,236.880,486.397" colourspace="ICCBased" ncolour="[0]" size="10.560">）</text>
                <text font="JQUZDQ+SimSun" bbox="236.880,475.837,247.440,486.397" colourspace="ICCBased" ncolour="[0]" size="10.560">总</text>
                <text font="JQUZDQ+SimSun" bbox="247.440,475.837,258.000,486.397" colourspace="ICCBased" ncolour="[0]" size="10.560">胆</text>
                <text font="JQUZDQ+SimSun" bbox="258.000,475.837,268.560,486.397" colourspace="ICCBased" ncolour="[0]" size="10.560">红</text>
                <text font="JQUZDQ+SimSun" bbox="268.320,475.837,278.880,486.397" colourspace="ICCBased" ncolour="[0]" size="10.560">素</text>
                <text font="JQUZDQ+SimSun" bbox="278.880,475.837,289.440,486.397" colourspace="ICCBased" ncolour="[0]" size="10.560">和</text>
                <text font="JQUZDQ+SimSun" bbox="289.440,475.837,300.000,486.397" colourspace="ICCBased" ncolour="[0]" size="10.560">直</text>
                <text font="JQUZDQ+SimSun" bbox="300.000,475.837,310.560,486.397" colourspace="ICCBased" ncolour="[0]" size="10.560">接</text>
                <text font="JQUZDQ+SimSun" bbox="310.320,475.837,320.880,486.397" colourspace="ICCBased" ncolour="[0]" size="10.560">胆</text>
                <text font="JQUZDQ+SimSun" bbox="320.880,475.837,331.440,486.397" colourspace="ICCBased" ncolour="[0]" size="10.560">红</text>
                <text font="JQUZDQ+SimSun" bbox="331.440,475.837,342.000,486.397" colourspace="ICCBased" ncolour="[0]" size="10.560">素</text>
                <text font="JQUZDQ+SimSun" bbox="342.000,475.837,352.560,486.397" colourspace="ICCBased" ncolour="[0]" size="10.560">同</text>
                <text font="JQUZDQ+SimSun" bbox="352.320,475.837,362.880,486.397" colourspace="ICCBased" ncolour="[0]" size="10.560">时</text>
                <text font="JQUZDQ+SimSun" bbox="362.880,475.837,373.440,486.397" colourspace="ICCBased" ncolour="[0]" size="10.560">升</text>
                <text font="JQUZDQ+SimSun" bbox="373.440,475.837,384.000,486.397" colourspace="ICCBased" ncolour="[0]" size="10.560">高</text>
                <text font="JQUZDQ+SimSun" bbox="384.000,475.837,394.560,486.397" colourspace="ICCBased" ncolour="[0]" size="10.560">，</text>
                <text font="JQUZDQ+SimSun" bbox="394.320,475.837,404.880,486.397" colourspace="ICCBased" ncolour="[0]" size="10.560">血</text>
                <text font="JQUZDQ+SimSun" bbox="404.880,475.837,415.440,486.397" colourspace="ICCBased" ncolour="[0]" size="10.560">清</text>
                <text> </text>
                <text font="JTTPDQ+SimSun" bbox="418.079,475.837,423.359,486.397" colourspace="ICCBased" ncolour="[0]" size="10.560">A</text>
                <text font="JTTPDQ+SimSun" bbox="423.359,475.837,428.639,486.397" colourspace="ICCBased" ncolour="[0]" size="10.560">L</text>
                <text font="JTTPDQ+SimSun" bbox="428.639,475.837,433.919,486.397" colourspace="ICCBased" ncolour="[0]" size="10.560">P</text>
                <text font="JTTPDQ+SimSun" bbox="433.679,475.837,438.959,486.397" colourspace="ICCBased" ncolour="[0]" size="10.560">&gt;</text>
                <text font="JTTPDQ+SimSun" bbox="438.959,475.837,444.239,486.397" colourspace="ICCBased" ncolour="[0]" size="10.560">2</text>
                <text font="JTTPDQ+SimSun" bbox="444.239,475.837,449.519,486.397" colourspace="ICCBased" ncolour="[0]" size="10.560">0</text>
                <text font="JTTPDQ+SimSun" bbox="449.519,475.837,454.799,486.397" colourspace="ICCBased" ncolour="[0]" size="10.560">0</text>
                <text font="JTTPDQ+SimSun" bbox="454.559,475.837,459.839,486.397" colourspace="ICCBased" ncolour="[0]" size="10.560">U</text>
                <text font="JTTPDQ+SimSun" bbox="459.839,475.837,465.119,486.397" colourspace="ICCBased" ncolour="[0]" size="10.560">/</text>
                <text font="JTTPDQ+SimSun" bbox="465.119,475.837,470.399,486.397" colourspace="ICCBased" ncolour="[0]" size="10.560">L</text>
                <text font="JQUZDQ+SimSun" bbox="470.399,475.837,480.959,486.397" colourspace="ICCBased" ncolour="[0]" size="10.560">；</text>
                <text font="JTTPDQ+SimSun" bbox="480.721,475.837,486.001,486.397" colourspace="ICCBased" ncolour="[0]" size="10.560"> </text>
                <text>
                </text>
            </textline>
            <textline bbox="210.480,460.240,325.922,470.800">
                <text font="JQUZDQ+SimSun" bbox="210.480,460.240,221.040,470.800" colourspace="ICCBased" ncolour="[0]" size="10.560">（</text>
                <text font="JTTPDQ+SimSun" bbox="221.040,460.240,226.320,470.800" colourspace="ICCBased" ncolour="[0]" size="10.560">2</text>
                <text font="JQUZDQ+SimSun" bbox="226.320,460.240,236.880,470.800" colourspace="ICCBased" ncolour="[0]" size="10.560">）</text>
                <text font="JQUZDQ+SimSun" bbox="236.880,460.240,247.440,470.800" colourspace="ICCBased" ncolour="[0]" size="10.560">持</text>
                <text font="JQUZDQ+SimSun" bbox="247.440,460.240,258.000,470.800" colourspace="ICCBased" ncolour="[0]" size="10.560">续</text>
                <text font="JQUZDQ+SimSun" bbox="258.000,460.240,268.560,470.800" colourspace="ICCBased" ncolour="[0]" size="10.560">性</text>
                <text font="JQUZDQ+SimSun" bbox="268.320,460.240,278.880,470.800" colourspace="ICCBased" ncolour="[0]" size="10.560">黄</text>
                <text font="JQUZDQ+SimSun" bbox="278.880,460.240,289.440,470.800" colourspace="ICCBased" ncolour="[0]" size="10.560">疸</text>
                <text font="JQUZDQ+SimSun" bbox="289.440,460.240,300.000,470.800" colourspace="ICCBased" ncolour="[0]" size="10.560">病</text>
                <text font="JQUZDQ+SimSun" bbox="300.000,460.240,310.560,470.800" colourspace="ICCBased" ncolour="[0]" size="10.560">史</text>
                <text font="JQUZDQ+SimSun" bbox="310.320,460.240,320.880,470.800" colourspace="ICCBased" ncolour="[0]" size="10.560">；</text>
                <text font="JTTPDQ+SimSun" bbox="320.642,460.240,325.922,470.800" colourspace="ICCBased" ncolour="[0]" size="10.560"> </text>
                <text>
                </text>
            </textline>
            <textline bbox="210.480,444.643,389.039,455.203">
                <text font="JQUZDQ+SimSun" bbox="210.480,444.643,221.040,455.203" colourspace="ICCBased" ncolour="[0]" size="10.560">（</text>
                <text font="JTTPDQ+SimSun" bbox="221.040,444.643,226.320,455.203" colourspace="ICCBased" ncolour="[0]" size="10.560">3</text>
                <text font="JQUZDQ+SimSun" bbox="226.320,444.643,236.880,455.203" colourspace="ICCBased" ncolour="[0]" size="10.560">）</text>
                <text font="JQUZDQ+SimSun" bbox="236.880,444.643,247.440,455.203" colourspace="ICCBased" ncolour="[0]" size="10.560">出</text>
                <text font="JQUZDQ+SimSun" bbox="247.440,444.643,258.000,455.203" colourspace="ICCBased" ncolour="[0]" size="10.560">现</text>
                <text font="JQUZDQ+SimSun" bbox="258.000,444.643,268.560,455.203" colourspace="ICCBased" ncolour="[0]" size="10.560">胆</text>
                <text font="JQUZDQ+SimSun" bbox="268.320,444.643,278.880,455.203" colourspace="ICCBased" ncolour="[0]" size="10.560">汁</text>
                <text font="JQUZDQ+SimSun" bbox="278.880,444.643,289.440,455.203" colourspace="ICCBased" ncolour="[0]" size="10.560">性</text>
                <text font="JQUZDQ+SimSun" bbox="289.440,444.643,300.000,455.203" colourspace="ICCBased" ncolour="[0]" size="10.560">肝</text>
                <text font="JQUZDQ+SimSun" bbox="300.000,444.643,310.560,455.203" colourspace="ICCBased" ncolour="[0]" size="10.560">硬</text>
                <text font="JQUZDQ+SimSun" bbox="310.320,444.643,320.880,455.203" colourspace="ICCBased" ncolour="[0]" size="10.560">化</text>
                <text font="JQUZDQ+SimSun" bbox="320.880,444.643,331.440,455.203" colourspace="ICCBased" ncolour="[0]" size="10.560">或</text>
                <text font="JQUZDQ+SimSun" bbox="331.440,444.643,342.000,455.203" colourspace="ICCBased" ncolour="[0]" size="10.560">门</text>
                <text font="JQUZDQ+SimSun" bbox="342.000,444.643,352.560,455.203" colourspace="ICCBased" ncolour="[0]" size="10.560">脉</text>
                <text font="JQUZDQ+SimSun" bbox="352.320,444.643,362.880,455.203" colourspace="ICCBased" ncolour="[0]" size="10.560">高</text>
                <text font="JQUZDQ+SimSun" bbox="362.880,444.643,373.440,455.203" colourspace="ICCBased" ncolour="[0]" size="10.560">压</text>
                <text font="JQUZDQ+SimSun" bbox="373.440,444.643,384.000,455.203" colourspace="ICCBased" ncolour="[0]" size="10.560">。</text>
                <text font="JTTPDQ+SimSun" bbox="383.759,444.643,389.039,455.203" colourspace="ICCBased" ncolour="[0]" size="10.560"> </text>
                <text>
                </text>
            </textline>
            <textline bbox="210.480,429.029,499.200,439.589">
                <text font="JQUZDQ+SimSun" bbox="210.480,429.029,221.040,439.589" colourspace="ICCBased" ncolour="[0]" size="10.560">因</text>
                <text font="JQUZDQ+SimSun" bbox="221.040,429.029,231.600,439.589" colourspace="ICCBased" ncolour="[0]" size="10.560">肿</text>
                <text font="JQUZDQ+SimSun" bbox="231.600,429.029,242.160,439.589" colourspace="ICCBased" ncolour="[0]" size="10.560">瘤</text>
                <text font="JQUZDQ+SimSun" bbox="242.160,429.029,252.720,439.589" colourspace="ICCBased" ncolour="[0]" size="10.560">或</text>
                <text font="JQUZDQ+SimSun" bbox="252.720,429.029,263.280,439.589" colourspace="ICCBased" ncolour="[0]" size="10.560">胆</text>
                <text font="JQUZDQ+SimSun" bbox="263.040,429.029,273.600,439.589" colourspace="ICCBased" ncolour="[0]" size="10.560">管</text>
                <text font="JQUZDQ+SimSun" bbox="273.600,429.029,284.160,439.589" colourspace="ICCBased" ncolour="[0]" size="10.560">损</text>
                <text font="JQUZDQ+SimSun" bbox="284.160,429.029,294.720,439.589" colourspace="ICCBased" ncolour="[0]" size="10.560">伤</text>
                <text font="JQUZDQ+SimSun" bbox="294.720,429.029,305.280,439.589" colourspace="ICCBased" ncolour="[0]" size="10.560">等</text>
                <text font="JQUZDQ+SimSun" bbox="305.040,429.029,315.600,439.589" colourspace="ICCBased" ncolour="[0]" size="10.560">继</text>
                <text font="JQUZDQ+SimSun" bbox="315.600,429.029,326.160,439.589" colourspace="ICCBased" ncolour="[0]" size="10.560">发</text>
                <text font="JQUZDQ+SimSun" bbox="326.160,429.029,336.720,439.589" colourspace="ICCBased" ncolour="[0]" size="10.560">性</text>
                <text font="JQUZDQ+SimSun" bbox="336.720,429.029,347.280,439.589" colourspace="ICCBased" ncolour="[0]" size="10.560">的</text>
                <text font="JQUZDQ+SimSun" bbox="347.040,429.029,357.600,439.589" colourspace="ICCBased" ncolour="[0]" size="10.560">硬</text>
                <text font="JQUZDQ+SimSun" bbox="357.600,429.029,368.160,439.589" colourspace="ICCBased" ncolour="[0]" size="10.560">化</text>
                <text font="JQUZDQ+SimSun" bbox="368.160,429.029,378.720,439.589" colourspace="ICCBased" ncolour="[0]" size="10.560">性</text>
                <text font="JQUZDQ+SimSun" bbox="378.720,429.029,389.280,439.589" colourspace="ICCBased" ncolour="[0]" size="10.560">胆</text>
                <text font="JQUZDQ+SimSun" bbox="389.040,429.029,399.600,439.589" colourspace="ICCBased" ncolour="[0]" size="10.560">管</text>
                <text font="JQUZDQ+SimSun" bbox="399.600,429.029,410.160,439.589" colourspace="ICCBased" ncolour="[0]" size="10.560">炎</text>
                <text font="JQUZDQ+SimSun" bbox="410.160,429.029,420.720,439.589" colourspace="ICCBased" ncolour="[0]" size="10.560">不</text>
                <text font="JQUZDQ+SimSun" bbox="420.720,429.029,431.280,439.589" colourspace="ICCBased" ncolour="[0]" size="10.560">在</text>
                <text font="JQUZDQ+SimSun" bbox="431.040,429.029,441.600,439.589" colourspace="ICCBased" ncolour="[0]" size="10.560">保</text>
                <text font="JQUZDQ+SimSun" bbox="441.600,429.029,452.160,439.589" colourspace="ICCBased" ncolour="[0]" size="10.560">障</text>
                <text font="JQUZDQ+SimSun" bbox="451.920,429.029,462.480,439.589" colourspace="ICCBased" ncolour="[0]" size="10.560">范</text>
                <text font="JQUZDQ+SimSun" bbox="462.480,429.029,473.040,439.589" colourspace="ICCBased" ncolour="[0]" size="10.560">围</text>
                <text font="JQUZDQ+SimSun" bbox="473.040,429.029,483.600,439.589" colourspace="ICCBased" ncolour="[0]" size="10.560">内</text>
                <text font="JQUZDQ+SimSun" bbox="483.600,429.029,494.160,439.589" colourspace="ICCBased" ncolour="[0]" size="10.560">。</text>
                <text font="JTTPDQ+SimSun" bbox="493.920,429.029,499.200,439.589" colourspace="ICCBased" ncolour="[0]" size="10.560"> </text>
                <text>
                </text>
            </textline>
            <textline bbox="210.480,413.429,215.760,423.989">
                <text font="JTTPDQ+SimSun" bbox="210.480,413.429,215.760,423.989" colourspace="ICCBased" ncolour="[0]" size="10.560"> </text>
                <text>
                </text>
            </textline>
            <textline bbox="210.480,402.149,547.200,412.709">
                <text font="JQUZDQ+SimSun" bbox="210.480,402.149,221.040,412.709" colourspace="ICCBased" ncolour="[0]" size="10.560">指</text>
                <text font="JQUZDQ+SimSun" bbox="221.040,402.149,231.600,412.709" colourspace="ICCBased" ncolour="[0]" size="10.560">因</text>
                <text font="JQUZDQ+SimSun" bbox="231.600,402.149,242.160,412.709" colourspace="ICCBased" ncolour="[0]" size="10.560">进</text>
                <text font="JQUZDQ+SimSun" bbox="242.160,402.149,252.720,412.709" colourspace="ICCBased" ncolour="[0]" size="10.560">行</text>
                <text font="JQUZDQ+SimSun" bbox="252.720,402.149,263.280,412.709" colourspace="ICCBased" ncolour="[0]" size="10.560">器</text>
                <text font="JQUZDQ+SimSun" bbox="263.040,402.149,273.600,412.709" colourspace="ICCBased" ncolour="[0]" size="10.560">官</text>
                <text font="JQUZDQ+SimSun" bbox="273.600,402.149,284.160,412.709" colourspace="ICCBased" ncolour="[0]" size="10.560">移</text>
                <text font="JQUZDQ+SimSun" bbox="284.160,402.149,294.720,412.709" colourspace="ICCBased" ncolour="[0]" size="10.560">植</text>
                <text font="JQUZDQ+SimSun" bbox="294.720,402.149,305.280,412.709" colourspace="ICCBased" ncolour="[0]" size="10.560">而</text>
                <text font="JQUZDQ+SimSun" bbox="305.040,402.149,315.600,412.709" colourspace="ICCBased" ncolour="[0]" size="10.560">感</text>
                <text font="JQUZDQ+SimSun" bbox="315.600,402.149,326.160,412.709" colourspace="ICCBased" ncolour="[0]" size="10.560">染</text>
                <text font="JQUZDQ+SimSun" bbox="326.160,402.149,336.720,412.709" colourspace="ICCBased" ncolour="[0]" size="10.560">上</text>
                <text font="JQUZDQ+SimSun" bbox="336.720,402.149,347.280,412.709" colourspace="ICCBased" ncolour="[0]" size="10.560">人</text>
                <text font="JQUZDQ+SimSun" bbox="347.040,402.149,357.600,412.709" colourspace="ICCBased" ncolour="[0]" size="10.560">类</text>
                <text font="JQUZDQ+SimSun" bbox="357.600,402.149,368.160,412.709" colourspace="ICCBased" ncolour="[0]" size="10.560">免</text>
                <text font="JQUZDQ+SimSun" bbox="368.160,402.149,378.720,412.709" colourspace="ICCBased" ncolour="[0]" size="10.560">疫</text>
                <text font="JQUZDQ+SimSun" bbox="378.720,402.149,389.280,412.709" colourspace="ICCBased" ncolour="[0]" size="10.560">缺</text>
                <text font="JQUZDQ+SimSun" bbox="389.040,402.149,399.600,412.709" colourspace="ICCBased" ncolour="[0]" size="10.560">陷</text>
                <text font="JQUZDQ+SimSun" bbox="399.600,402.149,410.160,412.709" colourspace="ICCBased" ncolour="[0]" size="10.560">病</text>
                <text font="JQUZDQ+SimSun" bbox="410.160,402.149,420.720,412.709" colourspace="ICCBased" ncolour="[0]" size="10.560">毒</text>
                <text font="JQUZDQ+SimSun" bbox="419.040,402.149,429.600,412.709" colourspace="ICCBased" ncolour="[0]" size="10.560">（</text>
                <text font="JTTPDQ+SimSun" bbox="429.600,402.149,434.880,412.709" colourspace="ICCBased" ncolour="[0]" size="10.560">H</text>
                <text font="JTTPDQ+SimSun" bbox="434.880,402.149,440.160,412.709" colourspace="ICCBased" ncolour="[0]" size="10.560">I</text>
                <text font="JTTPDQ+SimSun" bbox="440.160,402.149,445.440,412.709" colourspace="ICCBased" ncolour="[0]" size="10.560">V</text>
                <text font="JQUZDQ+SimSun" bbox="445.440,402.149,456.000,412.709" colourspace="ICCBased" ncolour="[0]" size="10.560">）</text>
                <text font="JQUZDQ+SimSun" bbox="454.080,402.149,464.640,412.709" colourspace="ICCBased" ncolour="[0]" size="10.560">或</text>
                <text font="JQUZDQ+SimSun" bbox="464.640,402.149,475.200,412.709" colourspace="ICCBased" ncolour="[0]" size="10.560">患</text>
                <text font="JQUZDQ+SimSun" bbox="475.200,402.149,485.760,412.709" colourspace="ICCBased" ncolour="[0]" size="10.560">艾</text>
                <text font="JQUZDQ+SimSun" bbox="485.760,402.149,496.320,412.709" colourspace="ICCBased" ncolour="[0]" size="10.560">滋</text>
                <text font="JQUZDQ+SimSun" bbox="496.320,402.149,506.880,412.709" colourspace="ICCBased" ncolour="[0]" size="10.560">病</text>
                <text font="JQUZDQ+SimSun" bbox="506.880,402.149,517.440,412.709" colourspace="ICCBased" ncolour="[0]" size="10.560">，</text>
                <text font="JQUZDQ+SimSun" bbox="515.760,402.149,526.320,412.709" colourspace="ICCBased" ncolour="[0]" size="10.560">且</text>
                <text font="JQUZDQ+SimSun" bbox="526.080,402.149,536.640,412.709" colourspace="ICCBased" ncolour="[0]" size="10.560">须</text>
                <text font="JQUZDQ+SimSun" bbox="536.640,402.149,547.200,412.709" colourspace="ICCBased" ncolour="[0]" size="10.560">满</text>
                <text>
                </text>
            </textline>
            <textline bbox="210.480,386.552,299.765,397.112">
                <text font="JQUZDQ+SimSun" bbox="210.480,386.552,221.040,397.112" colourspace="ICCBased" ncolour="[0]" size="10.560">足</text>
                <text font="JQUZDQ+SimSun" bbox="221.040,386.552,231.600,397.112" colourspace="ICCBased" ncolour="[0]" size="10.560">下</text>
                <text font="JQUZDQ+SimSun" bbox="231.600,386.552,242.160,397.112" colourspace="ICCBased" ncolour="[0]" size="10.560">列</text>
                <text font="JQUZDQ+SimSun" bbox="242.160,386.552,252.720,397.112" colourspace="ICCBased" ncolour="[0]" size="10.560">全</text>
                <text font="JQUZDQ+SimSun" bbox="252.720,386.552,263.280,397.112" colourspace="ICCBased" ncolour="[0]" size="10.560">部</text>
                <text font="JQUZDQ+SimSun" bbox="263.040,386.552,273.600,397.112" colourspace="ICCBased" ncolour="[0]" size="10.560">条</text>
                <text font="JQUZDQ+SimSun" bbox="273.600,386.552,284.160,397.112" colourspace="ICCBased" ncolour="[0]" size="10.560">件</text>
                <text font="JQUZDQ+SimSun" bbox="284.160,386.552,294.720,397.112" colourspace="ICCBased" ncolour="[0]" size="10.560">：</text>
                <text font="JTTPDQ+SimSun" bbox="294.485,386.552,299.765,397.112" colourspace="ICCBased" ncolour="[0]" size="10.560"> </text>
                <text>
                </text>
            </textline>
            <textline bbox="210.480,370.949,552.000,381.515">
                <text font="JQUZDQ+SimSun" bbox="210.480,370.955,221.040,381.515" colourspace="ICCBased" ncolour="[0]" size="10.560">（</text>
                <text font="JTTPDQ+SimSun" bbox="221.040,370.955,226.320,381.515" colourspace="ICCBased" ncolour="[0]" size="10.560">1</text>
                <text font="JQUZDQ+SimSun" bbox="226.320,370.949,236.880,381.509" colourspace="ICCBased" ncolour="[0]" size="10.560">）</text>
                <text font="JQUZDQ+SimSun" bbox="236.880,370.949,247.440,381.509" colourspace="ICCBased" ncolour="[0]" size="10.560">在</text>
                <text font="JQUZDQ+SimSun" bbox="247.440,370.949,258.000,381.509" colourspace="ICCBased" ncolour="[0]" size="10.560">保</text>
                <text font="JQUZDQ+SimSun" bbox="258.000,370.949,268.560,381.509" colourspace="ICCBased" ncolour="[0]" size="10.560">障</text>
                <text font="JQUZDQ+SimSun" bbox="268.320,370.949,278.880,381.509" colourspace="ICCBased" ncolour="[0]" size="10.560">起</text>
                <text font="JQUZDQ+SimSun" bbox="278.880,370.949,289.440,381.509" colourspace="ICCBased" ncolour="[0]" size="10.560">始</text>
                <text font="JQUZDQ+SimSun" bbox="289.440,370.949,300.000,381.509" colourspace="ICCBased" ncolour="[0]" size="10.560">日</text>
                <text font="JQUZDQ+SimSun" bbox="300.000,370.949,310.560,381.509" colourspace="ICCBased" ncolour="[0]" size="10.560">或</text>
                <text font="JQUZDQ+SimSun" bbox="310.320,370.949,320.880,381.509" colourspace="ICCBased" ncolour="[0]" size="10.560">复</text>
                <text font="JQUZDQ+SimSun" bbox="320.880,370.949,331.440,381.509" colourspace="ICCBased" ncolour="[0]" size="10.560">效</text>
                <text font="JQUZDQ+SimSun" bbox="331.440,370.949,342.000,381.509" colourspace="ICCBased" ncolour="[0]" size="10.560">日</text>
                <text font="JQUZDQ+SimSun" bbox="342.000,370.949,352.560,381.509" colourspace="ICCBased" ncolour="[0]" size="10.560">之</text>
                <text font="JQUZDQ+SimSun" bbox="352.320,370.949,362.880,381.509" colourspace="ICCBased" ncolour="[0]" size="10.560">后</text>
                <text font="JQUZDQ+SimSun" bbox="362.880,370.949,373.440,381.509" colourspace="ICCBased" ncolour="[0]" size="10.560">，</text>
                <text font="JQUZDQ+SimSun" bbox="373.440,370.949,384.000,381.509" colourspace="ICCBased" ncolour="[0]" size="10.560">被</text>
                <text font="JQUZDQ+SimSun" bbox="384.000,370.949,394.560,381.509" colourspace="ICCBased" ncolour="[0]" size="10.560">保</text>
                <text font="JQUZDQ+SimSun" bbox="394.320,370.949,404.880,381.509" colourspace="ICCBased" ncolour="[0]" size="10.560">险</text>
                <text font="JQUZDQ+SimSun" bbox="404.880,370.949,415.440,381.509" colourspace="ICCBased" ncolour="[0]" size="10.560">人</text>
                <text font="JQUZDQ+SimSun" bbox="415.440,370.949,426.000,381.509" colourspace="ICCBased" ncolour="[0]" size="10.560">因</text>
                <text font="JQUZDQ+SimSun" bbox="425.760,370.949,436.320,381.509" colourspace="ICCBased" ncolour="[0]" size="10.560">治</text>
                <text font="JQUZDQ+SimSun" bbox="436.320,370.949,446.880,381.509" colourspace="ICCBased" ncolour="[0]" size="10.560">疗</text>
                <text font="JQUZDQ+SimSun" bbox="446.640,370.949,457.200,381.509" colourspace="ICCBased" ncolour="[0]" size="10.560">必</text>
                <text font="JQUZDQ+SimSun" bbox="457.200,370.949,467.760,381.509" colourspace="ICCBased" ncolour="[0]" size="10.560">需</text>
                <text font="JQUZDQ+SimSun" bbox="467.760,370.949,478.320,381.509" colourspace="ICCBased" ncolour="[0]" size="10.560">而</text>
                <text font="JQUZDQ+SimSun" bbox="478.320,370.949,488.880,381.509" colourspace="ICCBased" ncolour="[0]" size="10.560">实</text>
                <text font="JQUZDQ+SimSun" bbox="488.880,370.949,499.440,381.509" colourspace="ICCBased" ncolour="[0]" size="10.560">施</text>
                <text font="JQUZDQ+SimSun" bbox="499.200,370.949,509.760,381.509" colourspace="ICCBased" ncolour="[0]" size="10.560">器</text>
                <text font="JQUZDQ+SimSun" bbox="509.760,370.949,520.320,381.509" colourspace="ICCBased" ncolour="[0]" size="10.560">官</text>
                <text font="JQUZDQ+SimSun" bbox="520.320,370.949,530.880,381.509" colourspace="ICCBased" ncolour="[0]" size="10.560">移</text>
                <text font="JQUZDQ+SimSun" bbox="530.880,370.949,541.440,381.509" colourspace="ICCBased" ncolour="[0]" size="10.560">植</text>
                <text font="JQUZDQ+SimSun" bbox="541.440,370.949,552.000,381.509" colourspace="ICCBased" ncolour="[0]" size="10.560">，</text>
                <text>
                </text>
            </textline>
        </textbox>
        <textbox id="23" bbox="236.640,355.349,493.920,365.909">
            <textline bbox="236.640,355.349,493.920,365.909">
                <text font="JQUZDQ+SimSun" bbox="236.640,355.349,247.200,365.909" colourspace="ICCBased" ncolour="[0]" size="10.560">并</text>
                <text font="JQUZDQ+SimSun" bbox="247.200,355.349,257.760,365.909" colourspace="ICCBased" ncolour="[0]" size="10.560">且</text>
                <text font="JQUZDQ+SimSun" bbox="257.760,355.349,268.320,365.909" colourspace="ICCBased" ncolour="[0]" size="10.560">因</text>
                <text font="JQUZDQ+SimSun" bbox="268.320,355.349,278.880,365.909" colourspace="ICCBased" ncolour="[0]" size="10.560">器</text>
                <text font="JQUZDQ+SimSun" bbox="278.880,355.349,289.440,365.909" colourspace="ICCBased" ncolour="[0]" size="10.560">官</text>
                <text font="JQUZDQ+SimSun" bbox="289.200,355.349,299.760,365.909" colourspace="ICCBased" ncolour="[0]" size="10.560">移</text>
                <text font="JQUZDQ+SimSun" bbox="299.760,355.349,310.320,365.909" colourspace="ICCBased" ncolour="[0]" size="10.560">植</text>
                <text font="JQUZDQ+SimSun" bbox="310.320,355.349,320.880,365.909" colourspace="ICCBased" ncolour="[0]" size="10.560">而</text>
                <text font="JQUZDQ+SimSun" bbox="320.880,355.349,331.440,365.909" colourspace="ICCBased" ncolour="[0]" size="10.560">感</text>
                <text font="JQUZDQ+SimSun" bbox="331.200,355.349,341.760,365.909" colourspace="ICCBased" ncolour="[0]" size="10.560">染</text>
                <text font="JQUZDQ+SimSun" bbox="341.760,355.349,352.320,365.909" colourspace="ICCBased" ncolour="[0]" size="10.560">人</text>
                <text font="JQUZDQ+SimSun" bbox="352.320,355.349,362.880,365.909" colourspace="ICCBased" ncolour="[0]" size="10.560">类</text>
                <text font="JQUZDQ+SimSun" bbox="362.880,355.349,373.440,365.909" colourspace="ICCBased" ncolour="[0]" size="10.560">免</text>
                <text font="JQUZDQ+SimSun" bbox="373.200,355.349,383.760,365.909" colourspace="ICCBased" ncolour="[0]" size="10.560">疫</text>
                <text font="JQUZDQ+SimSun" bbox="383.760,355.349,394.320,365.909" colourspace="ICCBased" ncolour="[0]" size="10.560">缺</text>
                <text font="JQUZDQ+SimSun" bbox="394.320,355.349,404.880,365.909" colourspace="ICCBased" ncolour="[0]" size="10.560">陷</text>
                <text font="JQUZDQ+SimSun" bbox="404.880,355.349,415.440,365.909" colourspace="ICCBased" ncolour="[0]" size="10.560">病</text>
                <text font="JQUZDQ+SimSun" bbox="415.200,355.349,425.760,365.909" colourspace="ICCBased" ncolour="[0]" size="10.560">毒</text>
                <text font="JQUZDQ+SimSun" bbox="425.760,355.349,436.320,365.909" colourspace="ICCBased" ncolour="[0]" size="10.560">或</text>
                <text font="JQUZDQ+SimSun" bbox="436.320,355.349,446.880,365.909" colourspace="ICCBased" ncolour="[0]" size="10.560">患</text>
                <text font="JQUZDQ+SimSun" bbox="446.880,355.349,457.440,365.909" colourspace="ICCBased" ncolour="[0]" size="10.560">艾</text>
                <text font="JQUZDQ+SimSun" bbox="457.200,355.349,467.760,365.909" colourspace="ICCBased" ncolour="[0]" size="10.560">滋</text>
                <text font="JQUZDQ+SimSun" bbox="467.760,355.349,478.320,365.909" colourspace="ICCBased" ncolour="[0]" size="10.560">病</text>
                <text font="JQUZDQ+SimSun" bbox="478.080,355.349,488.640,365.909" colourspace="ICCBased" ncolour="[0]" size="10.560">；</text>
                <text font="JTTPDQ+SimSun" bbox="488.640,355.349,493.920,365.909" colourspace="ICCBased" ncolour="[0]" size="10.560"> </text>
                <text>
                </text>
            </textline>
        </textbox>
        <textbox id="24" bbox="210.479,308.549,547.200,350.312">
            <textline bbox="210.479,339.749,547.200,350.312">
                <text font="JQUZDQ+SimSun" bbox="210.479,339.752,221.039,350.312" colourspace="ICCBased" ncolour="[0]" size="10.560">（</text>
                <text font="JTTPDQ+SimSun" bbox="221.039,339.752,226.319,350.312" colourspace="ICCBased" ncolour="[0]" size="10.560">2</text>
                <text font="JQUZDQ+SimSun" bbox="226.320,339.749,236.880,350.309" colourspace="ICCBased" ncolour="[0]" size="10.560">）</text>
                <text font="JQUZDQ+SimSun" bbox="232.080,339.749,242.640,350.309" colourspace="ICCBased" ncolour="[0]" size="10.560">提</text>
                <text font="JQUZDQ+SimSun" bbox="242.640,339.749,253.200,350.309" colourspace="ICCBased" ncolour="[0]" size="10.560">供</text>
                <text font="JQUZDQ+SimSun" bbox="253.200,339.749,263.760,350.309" colourspace="ICCBased" ncolour="[0]" size="10.560">器</text>
                <text font="JQUZDQ+SimSun" bbox="263.760,339.749,274.320,350.309" colourspace="ICCBased" ncolour="[0]" size="10.560">官</text>
                <text font="JQUZDQ+SimSun" bbox="274.080,339.749,284.640,350.309" colourspace="ICCBased" ncolour="[0]" size="10.560">移</text>
                <text font="JQUZDQ+SimSun" bbox="284.640,339.749,295.200,350.309" colourspace="ICCBased" ncolour="[0]" size="10.560">植</text>
                <text font="JQUZDQ+SimSun" bbox="295.200,339.749,305.760,350.309" colourspace="ICCBased" ncolour="[0]" size="10.560">治</text>
                <text font="JQUZDQ+SimSun" bbox="305.760,339.749,316.320,350.309" colourspace="ICCBased" ncolour="[0]" size="10.560">疗</text>
                <text font="JQUZDQ+SimSun" bbox="316.080,339.749,326.640,350.309" colourspace="ICCBased" ncolour="[0]" size="10.560">的</text>
                <text font="JQUZDQ+SimSun" bbox="326.640,339.749,337.200,350.309" colourspace="ICCBased" ncolour="[0]" size="10.560">器</text>
                <text font="JQUZDQ+SimSun" bbox="337.200,339.749,347.760,350.309" colourspace="ICCBased" ncolour="[0]" size="10.560">官</text>
                <text font="JQUZDQ+SimSun" bbox="347.520,339.749,358.080,350.309" colourspace="ICCBased" ncolour="[0]" size="10.560">移</text>
                <text font="JQUZDQ+SimSun" bbox="358.080,339.749,368.640,350.309" colourspace="ICCBased" ncolour="[0]" size="10.560">植</text>
                <text font="JQUZDQ+SimSun" bbox="368.640,339.749,379.200,350.309" colourspace="ICCBased" ncolour="[0]" size="10.560">中</text>
                <text font="JQUZDQ+SimSun" bbox="379.200,339.749,389.760,350.309" colourspace="ICCBased" ncolour="[0]" size="10.560">心</text>
                <text font="JQUZDQ+SimSun" bbox="389.520,339.749,400.080,350.309" colourspace="ICCBased" ncolour="[0]" size="10.560">或</text>
                <text font="JQUZDQ+SimSun" bbox="400.080,339.749,410.640,350.309" colourspace="ICCBased" ncolour="[0]" size="10.560">医</text>
                <text font="JQUZDQ+SimSun" bbox="410.640,339.749,421.200,350.309" colourspace="ICCBased" ncolour="[0]" size="10.560">院</text>
                <text font="JQUZDQ+SimSun" bbox="421.200,339.749,431.760,350.309" colourspace="ICCBased" ncolour="[0]" size="10.560">出</text>
                <text font="JQUZDQ+SimSun" bbox="431.520,339.749,442.080,350.309" colourspace="ICCBased" ncolour="[0]" size="10.560">具</text>
                <text font="JQUZDQ+SimSun" bbox="442.080,339.749,452.640,350.309" colourspace="ICCBased" ncolour="[0]" size="10.560">的</text>
                <text font="JQUZDQ+SimSun" bbox="452.400,339.749,462.960,350.309" colourspace="ICCBased" ncolour="[0]" size="10.560">此</text>
                <text font="JQUZDQ+SimSun" bbox="462.960,339.749,473.520,350.309" colourspace="ICCBased" ncolour="[0]" size="10.560">次</text>
                <text font="JQUZDQ+SimSun" bbox="473.520,339.749,484.080,350.309" colourspace="ICCBased" ncolour="[0]" size="10.560">因</text>
                <text font="JQUZDQ+SimSun" bbox="484.080,339.749,494.640,350.309" colourspace="ICCBased" ncolour="[0]" size="10.560">器</text>
                <text font="JQUZDQ+SimSun" bbox="494.640,339.749,505.200,350.309" colourspace="ICCBased" ncolour="[0]" size="10.560">官</text>
                <text font="JQUZDQ+SimSun" bbox="504.960,339.749,515.520,350.309" colourspace="ICCBased" ncolour="[0]" size="10.560">移</text>
                <text font="JQUZDQ+SimSun" bbox="515.520,339.749,526.080,350.309" colourspace="ICCBased" ncolour="[0]" size="10.560">植</text>
                <text font="JQUZDQ+SimSun" bbox="526.080,339.749,536.640,350.309" colourspace="ICCBased" ncolour="[0]" size="10.560">感</text>
                <text font="JQUZDQ+SimSun" bbox="536.640,339.749,547.200,350.309" colourspace="ICCBased" ncolour="[0]" size="10.560">染</text>
                <text>
                </text>
            </textline>
            <textline bbox="236.640,324.149,546.960,334.709">
                <text font="JQUZDQ+SimSun" bbox="236.640,324.149,247.200,334.709" colourspace="ICCBased" ncolour="[0]" size="10.560">人</text>
                <text font="JQUZDQ+SimSun" bbox="247.200,324.149,257.760,334.709" colourspace="ICCBased" ncolour="[0]" size="10.560">类</text>
                <text font="JQUZDQ+SimSun" bbox="257.760,324.149,268.320,334.709" colourspace="ICCBased" ncolour="[0]" size="10.560">免</text>
                <text font="JQUZDQ+SimSun" bbox="268.320,324.149,278.880,334.709" colourspace="ICCBased" ncolour="[0]" size="10.560">疫</text>
                <text font="JQUZDQ+SimSun" bbox="278.880,324.149,289.440,334.709" colourspace="ICCBased" ncolour="[0]" size="10.560">缺</text>
                <text font="JQUZDQ+SimSun" bbox="289.200,324.149,299.760,334.709" colourspace="ICCBased" ncolour="[0]" size="10.560">陷</text>
                <text font="JQUZDQ+SimSun" bbox="299.760,324.149,310.320,334.709" colourspace="ICCBased" ncolour="[0]" size="10.560">病</text>
                <text font="JQUZDQ+SimSun" bbox="310.320,324.149,320.880,334.709" colourspace="ICCBased" ncolour="[0]" size="10.560">毒</text>
                <text font="JQUZDQ+SimSun" bbox="320.880,324.149,331.440,334.709" colourspace="ICCBased" ncolour="[0]" size="10.560">或</text>
                <text font="JQUZDQ+SimSun" bbox="331.200,324.149,341.760,334.709" colourspace="ICCBased" ncolour="[0]" size="10.560">患</text>
                <text font="JQUZDQ+SimSun" bbox="341.760,324.149,352.320,334.709" colourspace="ICCBased" ncolour="[0]" size="10.560">艾</text>
                <text font="JQUZDQ+SimSun" bbox="352.320,324.149,362.880,334.709" colourspace="ICCBased" ncolour="[0]" size="10.560">滋</text>
                <text font="JQUZDQ+SimSun" bbox="362.880,324.149,373.440,334.709" colourspace="ICCBased" ncolour="[0]" size="10.560">病</text>
                <text font="JQUZDQ+SimSun" bbox="373.440,324.149,384.000,334.709" colourspace="ICCBased" ncolour="[0]" size="10.560">，</text>
                <text font="JQUZDQ+SimSun" bbox="381.360,324.149,391.920,334.709" colourspace="ICCBased" ncolour="[0]" size="10.560">属</text>
                <text font="JQUZDQ+SimSun" bbox="391.920,324.149,402.480,334.709" colourspace="ICCBased" ncolour="[0]" size="10.560">于</text>
                <text font="JQUZDQ+SimSun" bbox="402.480,324.149,413.040,334.709" colourspace="ICCBased" ncolour="[0]" size="10.560">医</text>
                <text font="JQUZDQ+SimSun" bbox="412.800,324.149,423.360,334.709" colourspace="ICCBased" ncolour="[0]" size="10.560">疗</text>
                <text font="JQUZDQ+SimSun" bbox="423.360,324.149,433.920,334.709" colourspace="ICCBased" ncolour="[0]" size="10.560">事</text>
                <text font="JQUZDQ+SimSun" bbox="433.920,324.149,444.480,334.709" colourspace="ICCBased" ncolour="[0]" size="10.560">故</text>
                <text font="JQUZDQ+SimSun" bbox="444.480,324.149,455.040,334.709" colourspace="ICCBased" ncolour="[0]" size="10.560">的</text>
                <text font="JQUZDQ+SimSun" bbox="454.800,324.149,465.360,334.709" colourspace="ICCBased" ncolour="[0]" size="10.560">报</text>
                <text font="JQUZDQ+SimSun" bbox="465.360,324.149,475.920,334.709" colourspace="ICCBased" ncolour="[0]" size="10.560">告</text>
                <text font="JQUZDQ+SimSun" bbox="475.680,324.149,486.240,334.709" colourspace="ICCBased" ncolour="[0]" size="10.560">，</text>
                <text font="JQUZDQ+SimSun" bbox="483.840,324.149,494.400,334.709" colourspace="ICCBased" ncolour="[0]" size="10.560">或</text>
                <text font="JQUZDQ+SimSun" bbox="494.400,324.149,504.960,334.709" colourspace="ICCBased" ncolour="[0]" size="10.560">者</text>
                <text font="JQUZDQ+SimSun" bbox="504.960,324.149,515.520,334.709" colourspace="ICCBased" ncolour="[0]" size="10.560">法</text>
                <text font="JQUZDQ+SimSun" bbox="515.520,324.149,526.080,334.709" colourspace="ICCBased" ncolour="[0]" size="10.560">院</text>
                <text font="JQUZDQ+SimSun" bbox="526.080,324.149,536.640,334.709" colourspace="ICCBased" ncolour="[0]" size="10.560">终</text>
                <text font="JQUZDQ+SimSun" bbox="536.400,324.149,546.960,334.709" colourspace="ICCBased" ncolour="[0]" size="10.560">审</text>
                <text>
                </text>
            </textline>
            <textline bbox="236.640,308.549,388.800,319.109">
                <text font="JQUZDQ+SimSun" bbox="236.640,308.549,247.200,319.109" colourspace="ICCBased" ncolour="[0]" size="10.560">裁</text>
                <text font="JQUZDQ+SimSun" bbox="247.200,308.549,257.760,319.109" colourspace="ICCBased" ncolour="[0]" size="10.560">定</text>
                <text font="JQUZDQ+SimSun" bbox="257.760,308.549,268.320,319.109" colourspace="ICCBased" ncolour="[0]" size="10.560">为</text>
                <text font="JQUZDQ+SimSun" bbox="268.320,308.549,278.880,319.109" colourspace="ICCBased" ncolour="[0]" size="10.560">医</text>
                <text font="JQUZDQ+SimSun" bbox="278.880,308.549,289.440,319.109" colourspace="ICCBased" ncolour="[0]" size="10.560">疗</text>
                <text font="JQUZDQ+SimSun" bbox="289.200,308.549,299.760,319.109" colourspace="ICCBased" ncolour="[0]" size="10.560">事</text>
                <text font="JQUZDQ+SimSun" bbox="299.760,308.549,310.320,319.109" colourspace="ICCBased" ncolour="[0]" size="10.560">故</text>
                <text font="JQUZDQ+SimSun" bbox="310.320,308.549,320.880,319.109" colourspace="ICCBased" ncolour="[0]" size="10.560">并</text>
                <text font="JQUZDQ+SimSun" bbox="320.880,308.549,331.440,319.109" colourspace="ICCBased" ncolour="[0]" size="10.560">且</text>
                <text font="JQUZDQ+SimSun" bbox="331.200,308.549,341.760,319.109" colourspace="ICCBased" ncolour="[0]" size="10.560">不</text>
                <text font="JQUZDQ+SimSun" bbox="341.760,308.549,352.320,319.109" colourspace="ICCBased" ncolour="[0]" size="10.560">准</text>
                <text font="JQUZDQ+SimSun" bbox="352.320,308.549,362.880,319.109" colourspace="ICCBased" ncolour="[0]" size="10.560">上</text>
                <text font="JQUZDQ+SimSun" bbox="362.880,308.549,373.440,319.109" colourspace="ICCBased" ncolour="[0]" size="10.560">诉</text>
                <text font="JQUZDQ+SimSun" bbox="373.200,308.549,383.760,319.109" colourspace="ICCBased" ncolour="[0]" size="10.560">；</text>
                <text font="JTTPDQ+SimSun" bbox="383.520,308.549,388.800,319.109" colourspace="ICCBased" ncolour="[0]" size="10.560"> </text>
                <text>
                </text>
            </textline>
        </textbox>
        <textbox id="25" bbox="210.480,82.949,547.204,303.512">
            <textline bbox="210.484,292.952,546.482,303.512">
                <text font="JQUZDQ+SimSun" bbox="210.484,292.952,221.044,303.512" colourspace="ICCBased" ncolour="[0]" size="10.560">（</text>
                <text font="JTTPDQ+SimSun" bbox="221.044,292.952,226.324,303.512" colourspace="ICCBased" ncolour="[0]" size="10.560">3</text>
                <text font="JQUZDQ+SimSun" bbox="226.324,292.952,236.884,303.512" colourspace="ICCBased" ncolour="[0]" size="10.560">）</text>
                <text font="JQUZDQ+SimSun" bbox="236.884,292.952,247.444,303.512" colourspace="ICCBased" ncolour="[0]" size="10.560">提</text>
                <text font="JQUZDQ+SimSun" bbox="247.444,292.952,258.004,303.512" colourspace="ICCBased" ncolour="[0]" size="10.560">供</text>
                <text font="JQUZDQ+SimSun" bbox="258.004,292.952,268.564,303.512" colourspace="ICCBased" ncolour="[0]" size="10.560">器</text>
                <text font="JQUZDQ+SimSun" bbox="268.324,292.952,278.884,303.512" colourspace="ICCBased" ncolour="[0]" size="10.560">官</text>
                <text font="JQUZDQ+SimSun" bbox="278.884,292.952,289.444,303.512" colourspace="ICCBased" ncolour="[0]" size="10.560">移</text>
                <text font="JQUZDQ+SimSun" bbox="289.444,292.952,300.004,303.512" colourspace="ICCBased" ncolour="[0]" size="10.560">植</text>
                <text font="JQUZDQ+SimSun" bbox="300.004,292.952,310.564,303.512" colourspace="ICCBased" ncolour="[0]" size="10.560">治</text>
                <text font="JQUZDQ+SimSun" bbox="310.323,292.952,320.883,303.512" colourspace="ICCBased" ncolour="[0]" size="10.560">疗</text>
                <text font="JQUZDQ+SimSun" bbox="320.883,292.952,331.443,303.512" colourspace="ICCBased" ncolour="[0]" size="10.560">的</text>
                <text font="JQUZDQ+SimSun" bbox="331.443,292.952,342.003,303.512" colourspace="ICCBased" ncolour="[0]" size="10.560">器</text>
                <text font="JQUZDQ+SimSun" bbox="342.003,292.952,352.563,303.512" colourspace="ICCBased" ncolour="[0]" size="10.560">官</text>
                <text font="JQUZDQ+SimSun" bbox="352.324,292.952,362.884,303.512" colourspace="ICCBased" ncolour="[0]" size="10.560">移</text>
                <text font="JQUZDQ+SimSun" bbox="362.884,292.952,373.444,303.512" colourspace="ICCBased" ncolour="[0]" size="10.560">植</text>
                <text font="JQUZDQ+SimSun" bbox="373.444,292.952,384.004,303.512" colourspace="ICCBased" ncolour="[0]" size="10.560">中</text>
                <text font="JQUZDQ+SimSun" bbox="384.004,292.952,394.564,303.512" colourspace="ICCBased" ncolour="[0]" size="10.560">心</text>
                <text font="JQUZDQ+SimSun" bbox="394.324,292.952,404.884,303.512" colourspace="ICCBased" ncolour="[0]" size="10.560">或</text>
                <text font="JQUZDQ+SimSun" bbox="404.884,292.952,415.444,303.512" colourspace="ICCBased" ncolour="[0]" size="10.560">医</text>
                <text font="JQUZDQ+SimSun" bbox="415.444,292.952,426.004,303.512" colourspace="ICCBased" ncolour="[0]" size="10.560">院</text>
                <text font="JQUZDQ+SimSun" bbox="425.764,292.952,436.324,303.512" colourspace="ICCBased" ncolour="[0]" size="10.560">必</text>
                <text font="JQUZDQ+SimSun" bbox="436.324,292.952,446.884,303.512" colourspace="ICCBased" ncolour="[0]" size="10.560">须</text>
                <text font="JQUZDQ+SimSun" bbox="446.643,292.952,457.203,303.512" colourspace="ICCBased" ncolour="[0]" size="10.560">拥</text>
                <text font="JQUZDQ+SimSun" bbox="457.203,292.952,467.763,303.512" colourspace="ICCBased" ncolour="[0]" size="10.560">有</text>
                <text font="JQUZDQ+SimSun" bbox="467.763,292.952,478.323,303.512" colourspace="ICCBased" ncolour="[0]" size="10.560">合</text>
                <text font="JQUZDQ+SimSun" bbox="478.323,292.952,488.883,303.512" colourspace="ICCBased" ncolour="[0]" size="10.560">法</text>
                <text font="JQUZDQ+SimSun" bbox="488.883,292.952,499.443,303.512" colourspace="ICCBased" ncolour="[0]" size="10.560">经</text>
                <text font="JQUZDQ+SimSun" bbox="499.204,292.952,509.764,303.512" colourspace="ICCBased" ncolour="[0]" size="10.560">营</text>
                <text font="JQUZDQ+SimSun" bbox="509.764,292.952,520.324,303.512" colourspace="ICCBased" ncolour="[0]" size="10.560">执</text>
                <text font="JQUZDQ+SimSun" bbox="520.324,292.952,530.884,303.512" colourspace="ICCBased" ncolour="[0]" size="10.560">照</text>
                <text font="JQUZDQ+SimSun" bbox="530.884,292.952,541.444,303.512" colourspace="ICCBased" ncolour="[0]" size="10.560">。</text>
                <text font="JTTPDQ+SimSun" bbox="541.202,292.952,546.482,303.512" colourspace="ICCBased" ncolour="[0]" size="10.560"> </text>
                <text>
                </text>
            </textline>
            <textline bbox="210.480,277.349,547.200,287.909">
                <text font="JQUZDQ+SimSun" bbox="210.480,277.349,221.040,287.909" colourspace="ICCBased" ncolour="[0]" size="10.560">任</text>
                <text font="JQUZDQ+SimSun" bbox="221.040,277.349,231.600,287.909" colourspace="ICCBased" ncolour="[0]" size="10.560">何</text>
                <text font="JQUZDQ+SimSun" bbox="231.600,277.349,242.160,287.909" colourspace="ICCBased" ncolour="[0]" size="10.560">因</text>
                <text font="JQUZDQ+SimSun" bbox="242.160,277.349,252.720,287.909" colourspace="ICCBased" ncolour="[0]" size="10.560">其</text>
                <text font="JQUZDQ+SimSun" bbox="252.720,277.349,263.280,287.909" colourspace="ICCBased" ncolour="[0]" size="10.560">他</text>
                <text font="JQUZDQ+SimSun" bbox="263.040,277.349,273.600,287.909" colourspace="ICCBased" ncolour="[0]" size="10.560">传</text>
                <text font="JQUZDQ+SimSun" bbox="273.600,277.349,284.160,287.909" colourspace="ICCBased" ncolour="[0]" size="10.560">播</text>
                <text font="JQUZDQ+SimSun" bbox="284.160,277.349,294.720,287.909" colourspace="ICCBased" ncolour="[0]" size="10.560">方</text>
                <text font="JQUZDQ+SimSun" bbox="294.720,277.349,305.280,287.909" colourspace="ICCBased" ncolour="[0]" size="10.560">式</text>
                <text font="JQUZDQ+SimSun" bbox="305.040,277.349,315.600,287.909" colourspace="ICCBased" ncolour="[0]" size="10.560">（</text>
                <text font="JQUZDQ+SimSun" bbox="315.600,277.349,326.160,287.909" colourspace="ICCBased" ncolour="[0]" size="10.560">包</text>
                <text font="JQUZDQ+SimSun" bbox="326.160,277.349,336.720,287.909" colourspace="ICCBased" ncolour="[0]" size="10.560">括</text>
                <text font="JQUZDQ+SimSun" bbox="336.720,277.349,347.280,287.909" colourspace="ICCBased" ncolour="[0]" size="10.560">：</text>
                <text font="JQUZDQ+SimSun" bbox="347.040,277.349,357.600,287.909" colourspace="ICCBased" ncolour="[0]" size="10.560">性</text>
                <text font="JQUZDQ+SimSun" bbox="357.600,277.349,368.160,287.909" colourspace="ICCBased" ncolour="[0]" size="10.560">传</text>
                <text font="JQUZDQ+SimSun" bbox="368.160,277.349,378.720,287.909" colourspace="ICCBased" ncolour="[0]" size="10.560">播</text>
                <text font="JQUZDQ+SimSun" bbox="378.720,277.349,389.280,287.909" colourspace="ICCBased" ncolour="[0]" size="10.560">或</text>
                <text font="JQUZDQ+SimSun" bbox="389.040,277.349,399.600,287.909" colourspace="ICCBased" ncolour="[0]" size="10.560">静</text>
                <text font="JQUZDQ+SimSun" bbox="399.600,277.349,410.160,287.909" colourspace="ICCBased" ncolour="[0]" size="10.560">脉</text>
                <text font="JQUZDQ+SimSun" bbox="410.160,277.349,420.720,287.909" colourspace="ICCBased" ncolour="[0]" size="10.560">注</text>
                <text font="JQUZDQ+SimSun" bbox="420.720,277.349,431.280,287.909" colourspace="ICCBased" ncolour="[0]" size="10.560">射</text>
                <text font="JQUZDQ+SimSun" bbox="431.040,277.349,441.600,287.909" colourspace="ICCBased" ncolour="[0]" size="10.560">毒</text>
                <text font="JQUZDQ+SimSun" bbox="441.600,277.349,452.160,287.909" colourspace="ICCBased" ncolour="[0]" size="10.560">品</text>
                <text font="JQUZDQ+SimSun" bbox="451.920,277.349,462.480,287.909" colourspace="ICCBased" ncolour="[0]" size="10.560">）</text>
                <text font="JQUZDQ+SimSun" bbox="462.480,277.349,473.040,287.909" colourspace="ICCBased" ncolour="[0]" size="10.560">导</text>
                <text font="JQUZDQ+SimSun" bbox="473.040,277.349,483.600,287.909" colourspace="ICCBased" ncolour="[0]" size="10.560">致</text>
                <text font="JQUZDQ+SimSun" bbox="483.600,277.349,494.160,287.909" colourspace="ICCBased" ncolour="[0]" size="10.560">的</text>
                <text> </text>
                <text font="JTTPDQ+SimSun" bbox="497.040,277.349,502.320,287.909" colourspace="ICCBased" ncolour="[0]" size="10.560">H</text>
                <text font="JTTPDQ+SimSun" bbox="502.320,277.349,507.600,287.909" colourspace="ICCBased" ncolour="[0]" size="10.560">I</text>
                <text font="JTTPDQ+SimSun" bbox="507.600,277.349,512.880,287.909" colourspace="ICCBased" ncolour="[0]" size="10.560">V</text>
                <text> </text>
                <text font="JQUZDQ+SimSun" bbox="515.520,277.349,526.080,287.909" colourspace="ICCBased" ncolour="[0]" size="10.560">感</text>
                <text font="JQUZDQ+SimSun" bbox="526.080,277.349,536.640,287.909" colourspace="ICCBased" ncolour="[0]" size="10.560">染</text>
                <text font="JQUZDQ+SimSun" bbox="536.640,277.349,547.200,287.909" colourspace="ICCBased" ncolour="[0]" size="10.560">或</text>
                <text>
                </text>
            </textline>
            <textline bbox="210.480,261.749,341.760,272.309">
                <text font="JQUZDQ+SimSun" bbox="210.480,261.749,221.040,272.309" colourspace="ICCBased" ncolour="[0]" size="10.560">患</text>
                <text font="JQUZDQ+SimSun" bbox="221.040,261.749,231.600,272.309" colourspace="ICCBased" ncolour="[0]" size="10.560">艾</text>
                <text font="JQUZDQ+SimSun" bbox="231.600,261.749,242.160,272.309" colourspace="ICCBased" ncolour="[0]" size="10.560">滋</text>
                <text font="JQUZDQ+SimSun" bbox="242.160,261.749,252.720,272.309" colourspace="ICCBased" ncolour="[0]" size="10.560">病</text>
                <text font="JQUZDQ+SimSun" bbox="252.720,261.749,263.280,272.309" colourspace="ICCBased" ncolour="[0]" size="10.560">不</text>
                <text font="JQUZDQ+SimSun" bbox="263.040,261.749,273.600,272.309" colourspace="ICCBased" ncolour="[0]" size="10.560">在</text>
                <text font="JQUZDQ+SimSun" bbox="273.600,261.749,284.160,272.309" colourspace="ICCBased" ncolour="[0]" size="10.560">保</text>
                <text font="JQUZDQ+SimSun" bbox="284.160,261.749,294.720,272.309" colourspace="ICCBased" ncolour="[0]" size="10.560">障</text>
                <text font="JQUZDQ+SimSun" bbox="294.720,261.749,305.280,272.309" colourspace="ICCBased" ncolour="[0]" size="10.560">范</text>
                <text font="JQUZDQ+SimSun" bbox="305.040,261.749,315.600,272.309" colourspace="ICCBased" ncolour="[0]" size="10.560">围</text>
                <text font="JQUZDQ+SimSun" bbox="315.600,261.749,326.160,272.309" colourspace="ICCBased" ncolour="[0]" size="10.560">内</text>
                <text font="JQUZDQ+SimSun" bbox="326.160,261.749,336.720,272.309" colourspace="ICCBased" ncolour="[0]" size="10.560">。</text>
                <text font="JTTPDQ+SimSun" bbox="336.480,261.749,341.760,272.309" colourspace="ICCBased" ncolour="[0]" size="10.560"> </text>
                <text>
                </text>
            </textline>
            <textline bbox="210.480,246.149,215.760,256.709">
                <text font="JTTPDQ+SimSun" bbox="210.480,246.149,215.760,256.709" colourspace="ICCBased" ncolour="[0]" size="10.560"> </text>
                <text>
                </text>
            </textline>
            <textline bbox="210.480,234.629,547.204,245.189">
                <text font="JQUZDQ+SimSun" bbox="210.480,234.629,221.040,245.189" colourspace="ICCBased" ncolour="[0]" size="10.560">指</text>
                <text font="JQUZDQ+SimSun" bbox="221.283,234.629,231.843,245.189" colourspace="ICCBased" ncolour="[0]" size="10.560">面</text>
                <text font="JQUZDQ+SimSun" bbox="232.086,234.629,242.646,245.189" colourspace="ICCBased" ncolour="[0]" size="10.560">部</text>
                <text font="JQUZDQ+SimSun" bbox="242.646,234.629,253.206,245.189" colourspace="ICCBased" ncolour="[0]" size="10.560">烧</text>
                <text font="JQUZDQ+SimSun" bbox="253.449,234.629,264.009,245.189" colourspace="ICCBased" ncolour="[0]" size="10.560">伤</text>
                <text font="JQUZDQ+SimSun" bbox="264.009,234.629,274.569,245.189" colourspace="ICCBased" ncolour="[0]" size="10.560">程</text>
                <text font="JQUZDQ+SimSun" bbox="274.812,234.629,285.372,245.189" colourspace="ICCBased" ncolour="[0]" size="10.560">度</text>
                <text font="JQUZDQ+SimSun" bbox="285.373,234.629,295.933,245.189" colourspace="ICCBased" ncolour="[0]" size="10.560">为</text>
                <text font="JQUZDQ+SimSun" bbox="296.175,234.629,306.735,245.189" colourspace="ICCBased" ncolour="[0]" size="10.560">Ⅲ</text>
                <text font="JQUZDQ+SimSun" bbox="306.735,234.629,317.295,245.189" colourspace="ICCBased" ncolour="[0]" size="10.560">度</text>
                <text font="JQUZDQ+SimSun" bbox="317.538,234.629,328.098,245.189" colourspace="ICCBased" ncolour="[0]" size="10.560">，</text>
                <text font="JQUZDQ+SimSun" bbox="328.341,234.629,338.901,245.189" colourspace="ICCBased" ncolour="[0]" size="10.560">且</text>
                <text font="JQUZDQ+SimSun" bbox="338.901,234.629,349.461,245.189" colourspace="ICCBased" ncolour="[0]" size="10.560">Ⅲ</text>
                <text font="JQUZDQ+SimSun" bbox="349.704,234.629,360.264,245.189" colourspace="ICCBased" ncolour="[0]" size="10.560">度</text>
                <text font="JQUZDQ+SimSun" bbox="360.264,234.629,370.824,245.189" colourspace="ICCBased" ncolour="[0]" size="10.560">烧</text>
                <text font="JQUZDQ+SimSun" bbox="371.067,234.629,381.627,245.189" colourspace="ICCBased" ncolour="[0]" size="10.560">伤</text>
                <text font="JQUZDQ+SimSun" bbox="381.627,234.629,392.187,245.189" colourspace="ICCBased" ncolour="[0]" size="10.560">的</text>
                <text font="JQUZDQ+SimSun" bbox="392.430,234.629,402.990,245.189" colourspace="ICCBased" ncolour="[0]" size="10.560">面</text>
                <text font="JQUZDQ+SimSun" bbox="402.990,234.629,413.550,245.189" colourspace="ICCBased" ncolour="[0]" size="10.560">积</text>
                <text font="JQUZDQ+SimSun" bbox="413.793,234.629,424.353,245.189" colourspace="ICCBased" ncolour="[0]" size="10.560">达</text>
                <text font="JQUZDQ+SimSun" bbox="424.353,234.629,434.913,245.189" colourspace="ICCBased" ncolour="[0]" size="10.560">到</text>
                <text font="JQUZDQ+SimSun" bbox="435.156,234.629,445.716,245.189" colourspace="ICCBased" ncolour="[0]" size="10.560">面</text>
                <text font="JQUZDQ+SimSun" bbox="445.716,234.629,456.276,245.189" colourspace="ICCBased" ncolour="[0]" size="10.560">部</text>
                <text font="JQUZDQ+SimSun" bbox="456.518,234.629,467.078,245.189" colourspace="ICCBased" ncolour="[0]" size="10.560">表</text>
                <text font="JQUZDQ+SimSun" bbox="467.321,234.629,477.881,245.189" colourspace="ICCBased" ncolour="[0]" size="10.560">面</text>
                <text font="JQUZDQ+SimSun" bbox="477.881,234.629,488.441,245.189" colourspace="ICCBased" ncolour="[0]" size="10.560">积</text>
                <text font="JQUZDQ+SimSun" bbox="488.684,234.629,499.244,245.189" colourspace="ICCBased" ncolour="[0]" size="10.560">的</text>
                <text> </text>
                <text font="JTTPDQ+SimSun" bbox="504.481,234.629,509.761,245.189" colourspace="ICCBased" ncolour="[0]" size="10.560">8</text>
                <text font="JTTPDQ+SimSun" bbox="509.761,234.629,515.041,245.189" colourspace="ICCBased" ncolour="[0]" size="10.560">0</text>
                <text font="JQUZDQ+SimSun" bbox="515.284,234.629,525.844,245.189" colourspace="ICCBased" ncolour="[0]" size="10.560">％</text>
                <text font="JQUZDQ+SimSun" bbox="525.844,234.629,536.404,245.189" colourspace="ICCBased" ncolour="[0]" size="10.560">或</text>
                <text font="JQUZDQ+SimSun" bbox="536.644,234.629,547.204,245.189" colourspace="ICCBased" ncolour="[0]" size="10.560">者</text>
                <text>
                </text>
            </textline>
            <textline bbox="210.480,219.032,268.317,229.592">
                <text font="JTTPDQ+SimSun" bbox="210.480,219.032,215.760,229.592" colourspace="ICCBased" ncolour="[0]" size="10.560">8</text>
                <text font="JTTPDQ+SimSun" bbox="215.760,219.032,221.040,229.592" colourspace="ICCBased" ncolour="[0]" size="10.560">0</text>
                <text font="JQUZDQ+SimSun" bbox="221.040,219.032,231.600,229.592" colourspace="ICCBased" ncolour="[0]" size="10.560">％</text>
                <text font="JQUZDQ+SimSun" bbox="231.600,219.032,242.160,229.592" colourspace="ICCBased" ncolour="[0]" size="10.560">以</text>
                <text font="JQUZDQ+SimSun" bbox="242.160,219.032,252.720,229.592" colourspace="ICCBased" ncolour="[0]" size="10.560">上</text>
                <text font="JQUZDQ+SimSun" bbox="252.720,219.032,263.280,229.592" colourspace="ICCBased" ncolour="[0]" size="10.560">。</text>
                <text font="JTTPDQ+SimSun" bbox="263.037,219.032,268.317,229.592" colourspace="ICCBased" ncolour="[0]" size="10.560"> </text>
                <text>
                </text>
            </textline>
            <textline bbox="210.480,203.429,215.760,213.989">
                <text font="JTTPDQ+SimSun" bbox="210.480,203.429,215.760,213.989" colourspace="ICCBased" ncolour="[0]" size="10.560"> </text>
                <text>
                </text>
            </textline>
            <textline bbox="210.480,192.149,547.200,202.709">
                <text font="JQUZDQ+SimSun" bbox="210.480,192.149,221.040,202.709" colourspace="ICCBased" ncolour="[0]" size="10.560">瑞</text>
                <text font="JQUZDQ+SimSun" bbox="221.040,192.149,231.600,202.709" colourspace="ICCBased" ncolour="[0]" size="10.560">氏</text>
                <text font="JQUZDQ+SimSun" bbox="231.600,192.149,242.160,202.709" colourspace="ICCBased" ncolour="[0]" size="10.560">综</text>
                <text font="JQUZDQ+SimSun" bbox="242.160,192.149,252.720,202.709" colourspace="ICCBased" ncolour="[0]" size="10.560">合</text>
                <text font="JQUZDQ+SimSun" bbox="252.720,192.149,263.280,202.709" colourspace="ICCBased" ncolour="[0]" size="10.560">征</text>
                <text font="JQUZDQ+SimSun" bbox="263.280,192.149,273.840,202.709" colourspace="ICCBased" ncolour="[0]" size="10.560">是</text>
                <text font="JQUZDQ+SimSun" bbox="273.840,192.149,284.400,202.709" colourspace="ICCBased" ncolour="[0]" size="10.560">线</text>
                <text font="JQUZDQ+SimSun" bbox="284.160,192.149,294.720,202.709" colourspace="ICCBased" ncolour="[0]" size="10.560">粒</text>
                <text font="JQUZDQ+SimSun" bbox="294.720,192.149,305.280,202.709" colourspace="ICCBased" ncolour="[0]" size="10.560">体</text>
                <text font="JQUZDQ+SimSun" bbox="305.280,192.149,315.840,202.709" colourspace="ICCBased" ncolour="[0]" size="10.560">功</text>
                <text font="JQUZDQ+SimSun" bbox="315.840,192.149,326.400,202.709" colourspace="ICCBased" ncolour="[0]" size="10.560">能</text>
                <text font="JQUZDQ+SimSun" bbox="326.400,192.149,336.960,202.709" colourspace="ICCBased" ncolour="[0]" size="10.560">障</text>
                <text font="JQUZDQ+SimSun" bbox="336.960,192.149,347.520,202.709" colourspace="ICCBased" ncolour="[0]" size="10.560">碍</text>
                <text font="JQUZDQ+SimSun" bbox="347.280,192.149,357.840,202.709" colourspace="ICCBased" ncolour="[0]" size="10.560">性</text>
                <text font="JQUZDQ+SimSun" bbox="357.840,192.149,368.400,202.709" colourspace="ICCBased" ncolour="[0]" size="10.560">疾</text>
                <text font="JQUZDQ+SimSun" bbox="368.400,192.149,378.960,202.709" colourspace="ICCBased" ncolour="[0]" size="10.560">病</text>
                <text font="JQUZDQ+SimSun" bbox="378.960,192.149,389.520,202.709" colourspace="ICCBased" ncolour="[0]" size="10.560">。</text>
                <text font="JQUZDQ+SimSun" bbox="389.520,192.149,400.080,202.709" colourspace="ICCBased" ncolour="[0]" size="10.560">导</text>
                <text font="JQUZDQ+SimSun" bbox="399.840,192.149,410.400,202.709" colourspace="ICCBased" ncolour="[0]" size="10.560">致</text>
                <text font="JQUZDQ+SimSun" bbox="410.400,192.149,420.960,202.709" colourspace="ICCBased" ncolour="[0]" size="10.560">脂</text>
                <text font="JQUZDQ+SimSun" bbox="420.960,192.149,431.520,202.709" colourspace="ICCBased" ncolour="[0]" size="10.560">肪</text>
                <text font="JQUZDQ+SimSun" bbox="431.520,192.149,442.080,202.709" colourspace="ICCBased" ncolour="[0]" size="10.560">代</text>
                <text font="JQUZDQ+SimSun" bbox="442.080,192.149,452.640,202.709" colourspace="ICCBased" ncolour="[0]" size="10.560">谢</text>
                <text font="JQUZDQ+SimSun" bbox="452.400,192.149,462.960,202.709" colourspace="ICCBased" ncolour="[0]" size="10.560">障</text>
                <text font="JQUZDQ+SimSun" bbox="462.960,192.149,473.520,202.709" colourspace="ICCBased" ncolour="[0]" size="10.560">碍</text>
                <text font="JQUZDQ+SimSun" bbox="473.520,192.149,484.080,202.709" colourspace="ICCBased" ncolour="[0]" size="10.560">，</text>
                <text font="JQUZDQ+SimSun" bbox="484.080,192.149,494.640,202.709" colourspace="ICCBased" ncolour="[0]" size="10.560">引</text>
                <text font="JQUZDQ+SimSun" bbox="494.640,192.149,505.200,202.709" colourspace="ICCBased" ncolour="[0]" size="10.560">起</text>
                <text font="JQUZDQ+SimSun" bbox="505.200,192.149,515.760,202.709" colourspace="ICCBased" ncolour="[0]" size="10.560">短</text>
                <text font="JQUZDQ+SimSun" bbox="515.760,192.149,526.320,202.709" colourspace="ICCBased" ncolour="[0]" size="10.560">链</text>
                <text font="JQUZDQ+SimSun" bbox="526.080,192.149,536.640,202.709" colourspace="ICCBased" ncolour="[0]" size="10.560">脂</text>
                <text font="JQUZDQ+SimSun" bbox="536.640,192.149,547.200,202.709" colourspace="ICCBased" ncolour="[0]" size="10.560">肪</text>
                <text>
                </text>
            </textline>
            <textline bbox="210.480,176.552,547.200,187.112">
                <text font="JQUZDQ+SimSun" bbox="210.480,176.552,221.040,187.112" colourspace="ICCBased" ncolour="[0]" size="10.560">酸</text>
                <text font="JQUZDQ+SimSun" bbox="221.040,176.552,231.600,187.112" colourspace="ICCBased" ncolour="[0]" size="10.560">、</text>
                <text font="JQUZDQ+SimSun" bbox="231.600,176.552,242.160,187.112" colourspace="ICCBased" ncolour="[0]" size="10.560">血</text>
                <text font="JQUZDQ+SimSun" bbox="242.160,176.552,252.720,187.112" colourspace="ICCBased" ncolour="[0]" size="10.560">氨</text>
                <text font="JQUZDQ+SimSun" bbox="252.720,176.552,263.280,187.112" colourspace="ICCBased" ncolour="[0]" size="10.560">升</text>
                <text font="JQUZDQ+SimSun" bbox="263.280,176.552,273.840,187.112" colourspace="ICCBased" ncolour="[0]" size="10.560">高</text>
                <text font="JQUZDQ+SimSun" bbox="273.840,176.552,284.400,187.112" colourspace="ICCBased" ncolour="[0]" size="10.560">，</text>
                <text font="JQUZDQ+SimSun" bbox="284.160,176.552,294.720,187.112" colourspace="ICCBased" ncolour="[0]" size="10.560">造</text>
                <text font="JQUZDQ+SimSun" bbox="294.720,176.552,305.280,187.112" colourspace="ICCBased" ncolour="[0]" size="10.560">成</text>
                <text font="JQUZDQ+SimSun" bbox="305.280,176.552,315.840,187.112" colourspace="ICCBased" ncolour="[0]" size="10.560">脑</text>
                <text font="JQUZDQ+SimSun" bbox="315.840,176.552,326.400,187.112" colourspace="ICCBased" ncolour="[0]" size="10.560">水</text>
                <text font="JQUZDQ+SimSun" bbox="326.400,176.552,336.960,187.112" colourspace="ICCBased" ncolour="[0]" size="10.560">肿</text>
                <text font="JQUZDQ+SimSun" bbox="336.960,176.552,347.520,187.112" colourspace="ICCBased" ncolour="[0]" size="10.560">。</text>
                <text font="JQUZDQ+SimSun" bbox="347.280,176.552,357.840,187.112" colourspace="ICCBased" ncolour="[0]" size="10.560">主</text>
                <text font="JQUZDQ+SimSun" bbox="357.840,176.552,368.400,187.112" colourspace="ICCBased" ncolour="[0]" size="10.560">要</text>
                <text font="JQUZDQ+SimSun" bbox="368.400,176.552,378.960,187.112" colourspace="ICCBased" ncolour="[0]" size="10.560">临</text>
                <text font="JQUZDQ+SimSun" bbox="378.960,176.552,389.520,187.112" colourspace="ICCBased" ncolour="[0]" size="10.560">床</text>
                <text font="JQUZDQ+SimSun" bbox="389.520,176.552,400.080,187.112" colourspace="ICCBased" ncolour="[0]" size="10.560">表</text>
                <text font="JQUZDQ+SimSun" bbox="399.840,176.552,410.400,187.112" colourspace="ICCBased" ncolour="[0]" size="10.560">现</text>
                <text font="JQUZDQ+SimSun" bbox="410.400,176.552,420.960,187.112" colourspace="ICCBased" ncolour="[0]" size="10.560">为</text>
                <text font="JQUZDQ+SimSun" bbox="420.960,176.552,431.520,187.112" colourspace="ICCBased" ncolour="[0]" size="10.560">急</text>
                <text font="JQUZDQ+SimSun" bbox="431.520,176.552,442.080,187.112" colourspace="ICCBased" ncolour="[0]" size="10.560">性</text>
                <text font="JQUZDQ+SimSun" bbox="442.080,176.552,452.640,187.112" colourspace="ICCBased" ncolour="[0]" size="10.560">发</text>
                <text font="JQUZDQ+SimSun" bbox="452.400,176.552,462.960,187.112" colourspace="ICCBased" ncolour="[0]" size="10.560">热</text>
                <text font="JQUZDQ+SimSun" bbox="462.960,176.552,473.520,187.112" colourspace="ICCBased" ncolour="[0]" size="10.560">、</text>
                <text font="JQUZDQ+SimSun" bbox="473.520,176.552,484.080,187.112" colourspace="ICCBased" ncolour="[0]" size="10.560">反</text>
                <text font="JQUZDQ+SimSun" bbox="484.080,176.552,494.640,187.112" colourspace="ICCBased" ncolour="[0]" size="10.560">复</text>
                <text font="JQUZDQ+SimSun" bbox="494.640,176.552,505.200,187.112" colourspace="ICCBased" ncolour="[0]" size="10.560">呕</text>
                <text font="JQUZDQ+SimSun" bbox="505.200,176.552,515.760,187.112" colourspace="ICCBased" ncolour="[0]" size="10.560">吐</text>
                <text font="JQUZDQ+SimSun" bbox="515.760,176.552,526.320,187.112" colourspace="ICCBased" ncolour="[0]" size="10.560">、</text>
                <text font="JQUZDQ+SimSun" bbox="526.080,176.552,536.640,187.112" colourspace="ICCBased" ncolour="[0]" size="10.560">惊</text>
                <text font="JQUZDQ+SimSun" bbox="536.640,176.552,547.200,187.112" colourspace="ICCBased" ncolour="[0]" size="10.560">厥</text>
                <text>
                </text>
            </textline>
            <textline bbox="210.480,160.955,547.200,171.515">
                <text font="JQUZDQ+SimSun" bbox="210.480,160.955,221.040,171.515" colourspace="ICCBased" ncolour="[0]" size="10.560">及</text>
                <text font="JQUZDQ+SimSun" bbox="221.040,160.955,231.600,171.515" colourspace="ICCBased" ncolour="[0]" size="10.560">意</text>
                <text font="JQUZDQ+SimSun" bbox="231.600,160.955,242.160,171.515" colourspace="ICCBased" ncolour="[0]" size="10.560">识</text>
                <text font="JQUZDQ+SimSun" bbox="242.160,160.955,252.720,171.515" colourspace="ICCBased" ncolour="[0]" size="10.560">障</text>
                <text font="JQUZDQ+SimSun" bbox="252.720,160.955,263.280,171.515" colourspace="ICCBased" ncolour="[0]" size="10.560">碍</text>
                <text font="JQUZDQ+SimSun" bbox="263.280,160.955,273.840,171.515" colourspace="ICCBased" ncolour="[0]" size="10.560">等</text>
                <text font="JQUZDQ+SimSun" bbox="273.840,160.955,284.400,171.515" colourspace="ICCBased" ncolour="[0]" size="10.560">。</text>
                <text font="JQUZDQ+SimSun" bbox="284.160,160.955,294.720,171.515" colourspace="ICCBased" ncolour="[0]" size="10.560">肝</text>
                <text font="JQUZDQ+SimSun" bbox="294.720,160.955,305.280,171.515" colourspace="ICCBased" ncolour="[0]" size="10.560">脏</text>
                <text font="JQUZDQ+SimSun" bbox="305.280,160.955,315.840,171.515" colourspace="ICCBased" ncolour="[0]" size="10.560">活</text>
                <text font="JQUZDQ+SimSun" bbox="315.840,160.955,326.400,171.515" colourspace="ICCBased" ncolour="[0]" size="10.560">检</text>
                <text font="JQUZDQ+SimSun" bbox="326.400,160.955,336.960,171.515" colourspace="ICCBased" ncolour="[0]" size="10.560">是</text>
                <text font="JQUZDQ+SimSun" bbox="336.960,160.955,347.520,171.515" colourspace="ICCBased" ncolour="[0]" size="10.560">确</text>
                <text font="JQUZDQ+SimSun" bbox="347.280,160.955,357.840,171.515" colourspace="ICCBased" ncolour="[0]" size="10.560">诊</text>
                <text font="JQUZDQ+SimSun" bbox="357.840,160.955,368.400,171.515" colourspace="ICCBased" ncolour="[0]" size="10.560">的</text>
                <text font="JQUZDQ+SimSun" bbox="368.400,160.955,378.960,171.515" colourspace="ICCBased" ncolour="[0]" size="10.560">重</text>
                <text font="JQUZDQ+SimSun" bbox="378.960,160.955,389.520,171.515" colourspace="ICCBased" ncolour="[0]" size="10.560">要</text>
                <text font="JQUZDQ+SimSun" bbox="389.520,160.955,400.080,171.515" colourspace="ICCBased" ncolour="[0]" size="10.560">手</text>
                <text font="JQUZDQ+SimSun" bbox="399.840,160.955,410.400,171.515" colourspace="ICCBased" ncolour="[0]" size="10.560">段</text>
                <text font="JQUZDQ+SimSun" bbox="410.400,160.955,420.960,171.515" colourspace="ICCBased" ncolour="[0]" size="10.560">。</text>
                <text font="JQUZDQ+SimSun" bbox="420.960,160.955,431.520,171.515" colourspace="ICCBased" ncolour="[0]" size="10.560">瑞</text>
                <text font="JQUZDQ+SimSun" bbox="431.520,160.955,442.080,171.515" colourspace="ICCBased" ncolour="[0]" size="10.560">氏</text>
                <text font="JQUZDQ+SimSun" bbox="442.080,160.955,452.640,171.515" colourspace="ICCBased" ncolour="[0]" size="10.560">综</text>
                <text font="JQUZDQ+SimSun" bbox="452.400,160.955,462.960,171.515" colourspace="ICCBased" ncolour="[0]" size="10.560">合</text>
                <text font="JQUZDQ+SimSun" bbox="462.960,160.955,473.520,171.515" colourspace="ICCBased" ncolour="[0]" size="10.560">征</text>
                <text font="JQUZDQ+SimSun" bbox="473.520,160.955,484.080,171.515" colourspace="ICCBased" ncolour="[0]" size="10.560">需</text>
                <text font="JQUZDQ+SimSun" bbox="484.080,160.955,494.640,171.515" colourspace="ICCBased" ncolour="[0]" size="10.560">由</text>
                <text font="JQUZDQ+SimSun" bbox="494.640,160.955,505.200,171.515" colourspace="ICCBased" ncolour="[0]" size="10.560">医</text>
                <text font="JQUZDQ+SimSun" bbox="505.200,160.955,515.760,171.515" colourspace="ICCBased" ncolour="[0]" size="10.560">院</text>
                <text font="JQUZDQ+SimSun" bbox="515.760,160.955,526.320,171.515" colourspace="ICCBased" ncolour="[0]" size="10.560">的</text>
                <text font="JQUZDQ+SimSun" bbox="526.080,160.955,536.640,171.515" colourspace="ICCBased" ncolour="[0]" size="10.560">专</text>
                <text font="JQUZDQ+SimSun" bbox="536.640,160.955,547.200,171.515" colourspace="ICCBased" ncolour="[0]" size="10.560">科</text>
                <text>
                </text>
            </textline>
            <textline bbox="210.480,145.357,373.199,155.917">
                <text font="JQUZDQ+SimSun" bbox="210.480,145.357,221.040,155.917" colourspace="ICCBased" ncolour="[0]" size="10.560">医</text>
                <text font="JQUZDQ+SimSun" bbox="221.040,145.357,231.600,155.917" colourspace="ICCBased" ncolour="[0]" size="10.560">生</text>
                <text font="JQUZDQ+SimSun" bbox="231.600,145.357,242.160,155.917" colourspace="ICCBased" ncolour="[0]" size="10.560">确</text>
                <text font="JQUZDQ+SimSun" bbox="242.160,145.357,252.720,155.917" colourspace="ICCBased" ncolour="[0]" size="10.560">诊</text>
                <text font="JQUZDQ+SimSun" bbox="252.720,145.357,263.280,155.917" colourspace="ICCBased" ncolour="[0]" size="10.560">，</text>
                <text font="JQUZDQ+SimSun" bbox="263.040,145.357,273.600,155.917" colourspace="ICCBased" ncolour="[0]" size="10.560">并</text>
                <text font="JQUZDQ+SimSun" bbox="273.600,145.357,284.160,155.917" colourspace="ICCBased" ncolour="[0]" size="10.560">符</text>
                <text font="JQUZDQ+SimSun" bbox="284.160,145.357,294.720,155.917" colourspace="ICCBased" ncolour="[0]" size="10.560">合</text>
                <text font="JQUZDQ+SimSun" bbox="294.720,145.357,305.280,155.917" colourspace="ICCBased" ncolour="[0]" size="10.560">以</text>
                <text font="JQUZDQ+SimSun" bbox="305.040,145.357,315.600,155.917" colourspace="ICCBased" ncolour="[0]" size="10.560">下</text>
                <text font="JQUZDQ+SimSun" bbox="315.600,145.357,326.160,155.917" colourspace="ICCBased" ncolour="[0]" size="10.560">所</text>
                <text font="JQUZDQ+SimSun" bbox="326.160,145.357,336.720,155.917" colourspace="ICCBased" ncolour="[0]" size="10.560">有</text>
                <text font="JQUZDQ+SimSun" bbox="336.720,145.357,347.280,155.917" colourspace="ICCBased" ncolour="[0]" size="10.560">条</text>
                <text font="JQUZDQ+SimSun" bbox="347.040,145.357,357.600,155.917" colourspace="ICCBased" ncolour="[0]" size="10.560">件</text>
                <text font="JQUZDQ+SimSun" bbox="357.600,145.357,368.160,155.917" colourspace="ICCBased" ncolour="[0]" size="10.560">：</text>
                <text font="JTTPDQ+SimSun" bbox="367.919,145.357,373.199,155.917" colourspace="ICCBased" ncolour="[0]" size="10.560"> </text>
                <text>
                </text>
            </textline>
            <textline bbox="210.480,129.760,504.481,140.320">
                <text font="JQUZDQ+SimSun" bbox="210.480,129.760,221.040,140.320" colourspace="ICCBased" ncolour="[0]" size="10.560">（</text>
                <text font="JTTPDQ+SimSun" bbox="221.040,129.760,226.320,140.320" colourspace="ICCBased" ncolour="[0]" size="10.560">1</text>
                <text font="JQUZDQ+SimSun" bbox="226.320,129.760,236.880,140.320" colourspace="ICCBased" ncolour="[0]" size="10.560">）</text>
                <text font="JQUZDQ+SimSun" bbox="236.880,129.760,247.440,140.320" colourspace="ICCBased" ncolour="[0]" size="10.560">有</text>
                <text font="JQUZDQ+SimSun" bbox="247.440,129.760,258.000,140.320" colourspace="ICCBased" ncolour="[0]" size="10.560">脑</text>
                <text font="JQUZDQ+SimSun" bbox="258.000,129.760,268.560,140.320" colourspace="ICCBased" ncolour="[0]" size="10.560">水</text>
                <text font="JQUZDQ+SimSun" bbox="268.320,129.760,278.880,140.320" colourspace="ICCBased" ncolour="[0]" size="10.560">肿</text>
                <text font="JQUZDQ+SimSun" bbox="278.880,129.760,289.440,140.320" colourspace="ICCBased" ncolour="[0]" size="10.560">和</text>
                <text font="JQUZDQ+SimSun" bbox="289.440,129.760,300.000,140.320" colourspace="ICCBased" ncolour="[0]" size="10.560">颅</text>
                <text font="JQUZDQ+SimSun" bbox="300.000,129.760,310.560,140.320" colourspace="ICCBased" ncolour="[0]" size="10.560">内</text>
                <text font="JQUZDQ+SimSun" bbox="310.320,129.760,320.880,140.320" colourspace="ICCBased" ncolour="[0]" size="10.560">压</text>
                <text font="JQUZDQ+SimSun" bbox="320.880,129.760,331.440,140.320" colourspace="ICCBased" ncolour="[0]" size="10.560">升</text>
                <text font="JQUZDQ+SimSun" bbox="331.440,129.760,342.000,140.320" colourspace="ICCBased" ncolour="[0]" size="10.560">高</text>
                <text font="JQUZDQ+SimSun" bbox="342.000,129.760,352.560,140.320" colourspace="ICCBased" ncolour="[0]" size="10.560">的</text>
                <text font="JQUZDQ+SimSun" bbox="352.320,129.760,362.880,140.320" colourspace="ICCBased" ncolour="[0]" size="10.560">脑</text>
                <text font="JQUZDQ+SimSun" bbox="362.880,129.760,373.440,140.320" colourspace="ICCBased" ncolour="[0]" size="10.560">脊</text>
                <text font="JQUZDQ+SimSun" bbox="373.440,129.760,384.000,140.320" colourspace="ICCBased" ncolour="[0]" size="10.560">液</text>
                <text font="JQUZDQ+SimSun" bbox="384.000,129.760,394.560,140.320" colourspace="ICCBased" ncolour="[0]" size="10.560">检</text>
                <text font="JQUZDQ+SimSun" bbox="394.320,129.760,404.880,140.320" colourspace="ICCBased" ncolour="[0]" size="10.560">查</text>
                <text font="JQUZDQ+SimSun" bbox="404.880,129.760,415.440,140.320" colourspace="ICCBased" ncolour="[0]" size="10.560">和</text>
                <text font="JQUZDQ+SimSun" bbox="415.440,129.760,426.000,140.320" colourspace="ICCBased" ncolour="[0]" size="10.560">影</text>
                <text font="JQUZDQ+SimSun" bbox="425.760,129.760,436.320,140.320" colourspace="ICCBased" ncolour="[0]" size="10.560">像</text>
                <text font="JQUZDQ+SimSun" bbox="436.320,129.760,446.880,140.320" colourspace="ICCBased" ncolour="[0]" size="10.560">学</text>
                <text font="JQUZDQ+SimSun" bbox="446.640,129.760,457.200,140.320" colourspace="ICCBased" ncolour="[0]" size="10.560">检</text>
                <text font="JQUZDQ+SimSun" bbox="457.200,129.760,467.760,140.320" colourspace="ICCBased" ncolour="[0]" size="10.560">查</text>
                <text font="JQUZDQ+SimSun" bbox="467.760,129.760,478.320,140.320" colourspace="ICCBased" ncolour="[0]" size="10.560">证</text>
                <text font="JQUZDQ+SimSun" bbox="478.320,129.760,488.880,140.320" colourspace="ICCBased" ncolour="[0]" size="10.560">据</text>
                <text font="JQUZDQ+SimSun" bbox="488.880,129.760,499.440,140.320" colourspace="ICCBased" ncolour="[0]" size="10.560">；</text>
                <text font="JTTPDQ+SimSun" bbox="499.201,129.760,504.481,140.320" colourspace="ICCBased" ncolour="[0]" size="10.560"> </text>
                <text>
                </text>
            </textline>
            <textline bbox="210.480,114.163,357.602,124.723">
                <text font="JQUZDQ+SimSun" bbox="210.480,114.163,221.040,124.723" colourspace="ICCBased" ncolour="[0]" size="10.560">（</text>
                <text font="JTTPDQ+SimSun" bbox="221.040,114.163,226.320,124.723" colourspace="ICCBased" ncolour="[0]" size="10.560">2</text>
                <text font="JQUZDQ+SimSun" bbox="226.320,114.163,236.880,124.723" colourspace="ICCBased" ncolour="[0]" size="10.560">）</text>
                <text font="JQUZDQ+SimSun" bbox="236.880,114.163,247.440,124.723" colourspace="ICCBased" ncolour="[0]" size="10.560">血</text>
                <text font="JQUZDQ+SimSun" bbox="247.440,114.163,258.000,124.723" colourspace="ICCBased" ncolour="[0]" size="10.560">氨</text>
                <text font="JQUZDQ+SimSun" bbox="258.000,114.163,268.560,124.723" colourspace="ICCBased" ncolour="[0]" size="10.560">超</text>
                <text font="JQUZDQ+SimSun" bbox="268.320,114.163,278.880,124.723" colourspace="ICCBased" ncolour="[0]" size="10.560">过</text>
                <text font="JQUZDQ+SimSun" bbox="278.880,114.163,289.440,124.723" colourspace="ICCBased" ncolour="[0]" size="10.560">正</text>
                <text font="JQUZDQ+SimSun" bbox="289.440,114.163,300.000,124.723" colourspace="ICCBased" ncolour="[0]" size="10.560">常</text>
                <text font="JQUZDQ+SimSun" bbox="300.000,114.163,310.560,124.723" colourspace="ICCBased" ncolour="[0]" size="10.560">值</text>
                <text font="JQUZDQ+SimSun" bbox="310.320,114.163,320.880,124.723" colourspace="ICCBased" ncolour="[0]" size="10.560">的</text>
                <text> </text>
                <text font="JTTPDQ+SimSun" bbox="323.525,114.163,328.805,124.723" colourspace="ICCBased" ncolour="[0]" size="10.560">3</text>
                <text> </text>
                <text font="JQUZDQ+SimSun" bbox="331.445,114.163,342.005,124.723" colourspace="ICCBased" ncolour="[0]" size="10.560">倍</text>
                <text font="JQUZDQ+SimSun" bbox="342.005,114.163,352.565,124.723" colourspace="ICCBased" ncolour="[0]" size="10.560">；</text>
                <text font="JTTPDQ+SimSun" bbox="352.322,114.163,357.602,124.723" colourspace="ICCBased" ncolour="[0]" size="10.560"> </text>
                <text>
                </text>
            </textline>
            <textline bbox="210.480,98.566,472.790,109.126">
                <text font="JQUZDQ+SimSun" bbox="210.480,98.566,221.040,109.126" colourspace="ICCBased" ncolour="[0]" size="10.560">（</text>
                <text font="JTTPDQ+SimSun" bbox="221.040,98.566,226.320,109.126" colourspace="ICCBased" ncolour="[0]" size="10.560">3</text>
                <text font="JQUZDQ+SimSun" bbox="226.320,98.566,236.880,109.126" colourspace="ICCBased" ncolour="[0]" size="10.560">）</text>
                <text font="JQUZDQ+SimSun" bbox="236.880,98.566,247.440,109.126" colourspace="ICCBased" ncolour="[0]" size="10.560">临</text>
                <text font="JQUZDQ+SimSun" bbox="247.440,98.566,258.000,109.126" colourspace="ICCBased" ncolour="[0]" size="10.560">床</text>
                <text font="JQUZDQ+SimSun" bbox="258.000,98.566,268.560,109.126" colourspace="ICCBased" ncolour="[0]" size="10.560">出</text>
                <text font="JQUZDQ+SimSun" bbox="268.320,98.566,278.880,109.126" colourspace="ICCBased" ncolour="[0]" size="10.560">现</text>
                <text font="JQUZDQ+SimSun" bbox="278.880,98.566,289.440,109.126" colourspace="ICCBased" ncolour="[0]" size="10.560">昏</text>
                <text font="JQUZDQ+SimSun" bbox="289.440,98.566,300.000,109.126" colourspace="ICCBased" ncolour="[0]" size="10.560">迷</text>
                <text font="JQUZDQ+SimSun" bbox="300.000,98.566,310.560,109.126" colourspace="ICCBased" ncolour="[0]" size="10.560">，</text>
                <text font="JQUZDQ+SimSun" bbox="310.320,98.566,320.880,109.126" colourspace="ICCBased" ncolour="[0]" size="10.560">病</text>
                <text font="JQUZDQ+SimSun" bbox="320.880,98.566,331.440,109.126" colourspace="ICCBased" ncolour="[0]" size="10.560">程</text>
                <text font="JQUZDQ+SimSun" bbox="331.440,98.566,342.000,109.126" colourspace="ICCBased" ncolour="[0]" size="10.560">至</text>
                <text font="JQUZDQ+SimSun" bbox="342.000,98.566,352.560,109.126" colourspace="ICCBased" ncolour="[0]" size="10.560">少</text>
                <text font="JQUZDQ+SimSun" bbox="352.320,98.566,362.880,109.126" colourspace="ICCBased" ncolour="[0]" size="10.560">达</text>
                <text font="JQUZDQ+SimSun" bbox="362.880,98.566,373.440,109.126" colourspace="ICCBased" ncolour="[0]" size="10.560">到</text>
                <text font="JQUZDQ+SimSun" bbox="373.440,98.566,384.000,109.126" colourspace="ICCBased" ncolour="[0]" size="10.560">疾</text>
                <text font="JQUZDQ+SimSun" bbox="384.000,98.566,394.560,109.126" colourspace="ICCBased" ncolour="[0]" size="10.560">病</text>
                <text font="JQUZDQ+SimSun" bbox="394.320,98.566,404.880,109.126" colourspace="ICCBased" ncolour="[0]" size="10.560">分</text>
                <text font="JQUZDQ+SimSun" bbox="404.880,98.566,415.440,109.126" colourspace="ICCBased" ncolour="[0]" size="10.560">期</text>
                <text font="JQUZDQ+SimSun" bbox="415.440,98.566,426.000,109.126" colourspace="ICCBased" ncolour="[0]" size="10.560">的</text>
                <text font="JQUZDQ+SimSun" bbox="425.760,98.566,436.320,109.126" colourspace="ICCBased" ncolour="[0]" size="10.560">第</text>
                <text> </text>
                <text font="JTTPDQ+SimSun" bbox="438.956,98.566,444.236,109.126" colourspace="ICCBased" ncolour="[0]" size="10.560">3</text>
                <text> </text>
                <text font="JQUZDQ+SimSun" bbox="446.633,98.566,457.193,109.126" colourspace="ICCBased" ncolour="[0]" size="10.560">期</text>
                <text font="JQUZDQ+SimSun" bbox="457.193,98.566,467.753,109.126" colourspace="ICCBased" ncolour="[0]" size="10.560">。</text>
                <text font="JTTPDQ+SimSun" bbox="467.510,98.566,472.790,109.126" colourspace="ICCBased" ncolour="[0]" size="10.560"> </text>
                <text>
                </text>
            </textline>
            <textline bbox="210.480,82.949,215.760,93.509">
                <text font="JTTPDQ+SimSun" bbox="210.480,82.949,215.760,93.509" colourspace="ICCBased" ncolour="[0]" size="10.560"> </text>
                <text>
                </text>
            </textline>
        </textbox>
        <textbox id="26" bbox="97.440,82.128,100.368,94.128">
            <textline bbox="97.440,82.128,100.368,94.128">
                <text font="ERELLA+STXinwei" bbox="97.440,82.128,100.368,94.128" colourspace="ICCBased" ncolour="[0]" size="12.000"> </text>
                <text>
                </text>
            </textline>
        </textbox>
        <textbox id="27" bbox="63.600,67.968,530.638,93.509">
            <textline bbox="68.880,82.949,74.160,93.509">
                <text font="JTTPDQ+SimSun" bbox="68.880,82.949,74.160,93.509" colourspace="ICCBased" ncolour="[0]" size="10.560"> </text>
                <text>
                </text>
            </textline>
            <textline bbox="63.600,67.968,530.638,79.968">
                <text font="JTTPDQ+SimSun" bbox="63.600,68.789,68.880,79.349" colourspace="ICCBased" ncolour="[0]" size="10.560">7</text>
                <text font="JTTPDQ+SimSun" bbox="68.880,68.789,74.160,79.349" colourspace="ICCBased" ncolour="[0]" size="10.560">7</text>
                <text font="JTTPDQ+SimSun" bbox="74.160,68.789,79.440,79.349" colourspace="ICCBased" ncolour="[0]" size="10.560"> </text>
                <text> </text>
                <text font="ERELLA+STXinwei" bbox="97.440,67.968,109.440,79.968" colourspace="ICCBased" ncolour="[0]" size="12.000">成</text>
                <text font="ERELLA+STXinwei" bbox="109.440,67.968,121.440,79.968" colourspace="ICCBased" ncolour="[0]" size="12.000">骨</text>
                <text font="ERELLA+STXinwei" bbox="121.440,67.968,133.440,79.968" colourspace="ICCBased" ncolour="[0]" size="12.000">不</text>
                <text font="ERELLA+STXinwei" bbox="133.440,67.968,145.440,79.968" colourspace="ICCBased" ncolour="[0]" size="12.000">全</text>
                <text font="ERELLA+STXinwei" bbox="145.440,67.968,157.440,79.968" colourspace="ICCBased" ncolour="[0]" size="12.000">症</text>
                <text font="ERELLA+STXinwei" bbox="157.440,67.968,169.440,79.968" colourspace="ICCBased" ncolour="[0]" size="12.000">第</text>
                <text font="ERELLA+STXinwei" bbox="169.440,67.968,181.440,79.968" colourspace="ICCBased" ncolour="[0]" size="12.000">三</text>
                <text font="ERELLA+STXinwei" bbox="181.440,67.968,193.440,79.968" colourspace="ICCBased" ncolour="[0]" size="12.000">型</text>
                <text font="ERELLA+STXinwei" bbox="193.440,67.968,196.368,79.968" colourspace="ICCBased" ncolour="[0]" size="12.000"> </text>
                <text> </text>
                <text font="JQUZDQ+SimSun" bbox="210.480,68.789,221.040,79.349" colourspace="ICCBased" ncolour="[0]" size="10.560">成</text>
                <text font="JQUZDQ+SimSun" bbox="221.040,68.789,231.600,79.349" colourspace="ICCBased" ncolour="[0]" size="10.560">骨</text>
                <text font="JQUZDQ+SimSun" bbox="231.600,68.789,242.160,79.349" colourspace="ICCBased" ncolour="[0]" size="10.560">不</text>
                <text font="JQUZDQ+SimSun" bbox="242.160,68.789,252.720,79.349" colourspace="ICCBased" ncolour="[0]" size="10.560">全</text>
                <text font="JQUZDQ+SimSun" bbox="252.720,68.789,263.280,79.349" colourspace="ICCBased" ncolour="[0]" size="10.560">症</text>
                <text font="JQUZDQ+SimSun" bbox="263.040,68.789,273.600,79.349" colourspace="ICCBased" ncolour="[0]" size="10.560">第</text>
                <text font="JQUZDQ+SimSun" bbox="273.600,68.789,284.160,79.349" colourspace="ICCBased" ncolour="[0]" size="10.560">三</text>
                <text font="JQUZDQ+SimSun" bbox="284.160,68.789,294.720,79.349" colourspace="ICCBased" ncolour="[0]" size="10.560">型</text>
                <text font="JQUZDQ+SimSun" bbox="294.720,68.789,305.280,79.349" colourspace="ICCBased" ncolour="[0]" size="10.560">须</text>
                <text font="JQUZDQ+SimSun" bbox="305.040,68.789,315.600,79.349" colourspace="ICCBased" ncolour="[0]" size="10.560">由</text>
                <text font="JQUZDQ+SimSun" bbox="315.600,68.789,326.160,79.349" colourspace="ICCBased" ncolour="[0]" size="10.560">专</text>
                <text font="JQUZDQ+SimSun" bbox="326.160,68.789,336.720,79.349" colourspace="ICCBased" ncolour="[0]" size="10.560">科</text>
                <text font="JQUZDQ+SimSun" bbox="336.720,68.789,347.280,79.349" colourspace="ICCBased" ncolour="[0]" size="10.560">医</text>
                <text font="JQUZDQ+SimSun" bbox="347.040,68.789,357.600,79.349" colourspace="ICCBased" ncolour="[0]" size="10.560">生</text>
                <text font="JQUZDQ+SimSun" bbox="357.600,68.789,368.160,79.349" colourspace="ICCBased" ncolour="[0]" size="10.560">明</text>
                <text font="JQUZDQ+SimSun" bbox="368.160,68.789,378.720,79.349" colourspace="ICCBased" ncolour="[0]" size="10.560">确</text>
                <text font="JQUZDQ+SimSun" bbox="378.720,68.789,389.280,79.349" colourspace="ICCBased" ncolour="[0]" size="10.560">诊</text>
                <text font="JQUZDQ+SimSun" bbox="389.040,68.789,399.600,79.349" colourspace="ICCBased" ncolour="[0]" size="10.560">断</text>
                <text font="JQUZDQ+SimSun" bbox="399.600,68.789,410.160,79.349" colourspace="ICCBased" ncolour="[0]" size="10.560">，</text>
                <text font="JQUZDQ+SimSun" bbox="410.160,68.789,420.720,79.349" colourspace="ICCBased" ncolour="[0]" size="10.560">同</text>
                <text font="JQUZDQ+SimSun" bbox="420.720,68.789,431.280,79.349" colourspace="ICCBased" ncolour="[0]" size="10.560">时</text>
                <text font="JQUZDQ+SimSun" bbox="431.040,68.789,441.600,79.349" colourspace="ICCBased" ncolour="[0]" size="10.560">符</text>
                <text font="JQUZDQ+SimSun" bbox="441.600,68.789,452.160,79.349" colourspace="ICCBased" ncolour="[0]" size="10.560">合</text>
                <text font="JQUZDQ+SimSun" bbox="451.920,68.789,462.480,79.349" colourspace="ICCBased" ncolour="[0]" size="10.560">下</text>
                <text font="JQUZDQ+SimSun" bbox="462.480,68.789,473.040,79.349" colourspace="ICCBased" ncolour="[0]" size="10.560">列</text>
                <text font="JQUZDQ+SimSun" bbox="473.040,68.789,483.600,79.349" colourspace="ICCBased" ncolour="[0]" size="10.560">所</text>
                <text font="JQUZDQ+SimSun" bbox="483.600,68.789,494.160,79.349" colourspace="ICCBased" ncolour="[0]" size="10.560">有</text>
                <text font="JQUZDQ+SimSun" bbox="494.160,68.789,504.720,79.349" colourspace="ICCBased" ncolour="[0]" size="10.560">条</text>
                <text font="JQUZDQ+SimSun" bbox="504.480,68.789,515.040,79.349" colourspace="ICCBased" ncolour="[0]" size="10.560">件</text>
                <text font="JQUZDQ+SimSun" bbox="515.040,68.789,525.600,79.349" colourspace="ICCBased" ncolour="[0]" size="10.560">：</text>
                <text font="JTTPDQ+SimSun" bbox="525.358,68.789,530.638,79.349" colourspace="ICCBased" ncolour="[0]" size="10.560"> </text>
                <text>
                </text>
            </textline>
        </textbox>
        <rect linewidth="0" bbox="210.480,675.840,210.960,676.321" />
        <rect linewidth="0" bbox="210.480,675.840,210.960,676.321" />
        <rect linewidth="0" bbox="210.960,675.840,378.480,676.321" />
        <rect linewidth="0" bbox="378.480,675.840,378.961,676.321" />
        <rect linewidth="0" bbox="378.960,675.840,546.480,676.321" />
        <rect linewidth="0" bbox="546.480,675.840,546.960,676.321" />
        <rect linewidth="0" bbox="546.480,675.840,546.960,676.321" />
        <rect linewidth="0" bbox="210.480,662.160,210.960,675.840" />
        <rect linewidth="0" bbox="378.480,662.160,378.961,675.840" />
        <rect linewidth="0" bbox="546.480,662.160,546.960,675.840" />
        <rect linewidth="0" bbox="210.480,661.680,210.960,662.160" />
        <rect linewidth="0" bbox="210.960,661.680,378.480,662.160" />
        <rect linewidth="0" bbox="378.480,661.680,378.961,662.160" />
        <rect linewidth="0" bbox="378.960,661.680,546.480,662.160" />
        <rect linewidth="0" bbox="546.480,661.680,546.960,662.160" />
        <rect linewidth="0" bbox="210.480,648.000,210.960,661.680" />
        <rect linewidth="0" bbox="378.480,648.000,378.961,661.680" />
        <rect linewidth="0" bbox="546.480,648.000,546.960,661.680" />
        <rect linewidth="0" bbox="210.480,647.520,210.960,648.000" />
        <rect linewidth="0" bbox="210.960,647.520,378.480,648.000" />
        <rect linewidth="0" bbox="378.480,647.520,378.961,648.000" />
        <rect linewidth="0" bbox="378.960,647.520,546.480,648.000" />
        <rect linewidth="0" bbox="546.480,647.520,546.960,648.000" />
        <rect linewidth="0" bbox="210.480,633.840,210.960,647.520" />
        <rect linewidth="0" bbox="378.480,633.840,378.961,647.520" />
        <rect linewidth="0" bbox="546.480,633.840,546.960,647.520" />
        <rect linewidth="0" bbox="210.480,633.360,210.960,633.841" />
        <rect linewidth="0" bbox="210.960,633.360,378.480,633.841" />
        <rect linewidth="0" bbox="378.480,633.360,378.961,633.841" />
        <rect linewidth="0" bbox="378.960,633.360,546.480,633.841" />
        <rect linewidth="0" bbox="546.480,633.360,546.960,633.841" />
        <rect linewidth="0" bbox="210.480,619.920,210.960,633.360" />
        <rect linewidth="0" bbox="378.480,619.920,378.961,633.360" />
        <rect linewidth="0" bbox="546.480,619.920,546.960,633.360" />
        <rect linewidth="0" bbox="210.480,619.440,210.960,619.920" />
        <rect linewidth="0" bbox="210.960,619.440,378.480,619.920" />
        <rect linewidth="0" bbox="378.480,619.440,378.961,619.920" />
        <rect linewidth="0" bbox="378.960,619.440,546.480,619.920" />
        <rect linewidth="0" bbox="546.480,619.440,546.960,619.920" />
        <rect linewidth="0" bbox="210.480,605.760,210.960,619.440" />
        <rect linewidth="0" bbox="210.480,605.280,210.960,605.761" />
        <rect linewidth="0" bbox="210.480,605.280,210.960,605.761" />
        <rect linewidth="0" bbox="210.960,605.280,378.480,605.761" />
        <rect linewidth="0" bbox="378.480,605.760,378.961,619.440" />
        <rect linewidth="0" bbox="378.480,605.280,378.961,605.761" />
        <rect linewidth="0" bbox="378.960,605.280,546.480,605.761" />
        <rect linewidth="0" bbox="546.480,605.760,546.960,619.440" />
        <rect linewidth="0" bbox="546.480,605.280,546.960,605.761" />
        <rect linewidth="0" bbox="546.480,605.280,546.960,605.761" />
        <rect linewidth="0" bbox="210.480,427.440,493.920,441.360" />
        <rect linewidth="0" bbox="210.480,275.760,546.960,289.680" />
        <rect linewidth="0" bbox="210.480,260.160,336.480,274.080" />
        <layout>
            <textgroup bbox="51.120,67.968,552.000,783.989">
                <textgroup bbox="97.440,705.276,547.424,783.989">
                    <textgroup bbox="97.440,759.749,547.200,783.989">
                        <textbox id="0" bbox="97.440,771.408,148.368,783.408" />
                        <textbox id="1" bbox="210.480,759.749,547.200,783.989" />
                    </textgroup>
                    <textgroup bbox="210.475,705.276,547.424,756.629">
                        <textbox id="2" bbox="236.640,746.069,341.757,756.629" />
                        <textgroup bbox="210.475,705.276,547.424,743.186">
                            <textgroup bbox="210.475,718.951,547.197,743.186">
                                <textbox id="3" bbox="210.475,732.626,547.197,743.186" />
                                <textbox id="4" bbox="236.632,718.951,535.913,729.511" />
                            </textgroup>
                            <textbox id="5" bbox="210.475,705.276,547.424,715.836" />
                        </textgroup>
                    </textgroup>
                </textgroup>
                <textgroup bbox="51.120,67.968,552.000,702.160">
                    <textgroup bbox="51.120,82.949,552.000,702.160">
                        <textgroup bbox="51.120,143.808,199.680,602.789">
                            <textgroup bbox="51.120,369.408,199.680,602.789">
                                <textgroup bbox="51.120,505.968,199.680,602.789">
                                    <textgroup bbox="51.120,579.888,160.368,602.789">
                                        <textgroup bbox="51.120,592.228,100.017,602.789">
                                            <textbox id="6" bbox="51.120,592.229,56.400,602.789" />
                                            <textbox id="7" bbox="97.440,592.228,100.017,602.788" />
                                        </textgroup>
                                        <textbox id="8" bbox="63.600,579.888,160.368,591.888" />
                                    </textgroup>
                                    <textgroup bbox="63.600,505.968,199.680,545.088">
                                        <textgroup bbox="63.600,521.808,199.680,545.088">
                                            <textbox id="9" bbox="97.440,533.088,100.368,545.088" />
                                            <textbox id="10" bbox="63.600,521.808,199.680,544.469" />
                                        </textgroup>
                                        <textbox id="11" bbox="97.440,505.968,148.368,517.968" />
                                    </textgroup>
                                </textgroup>
                                <textgroup bbox="63.600,369.408,199.680,424.608">
                                    <textbox id="12" bbox="97.440,412.608,100.368,424.608" />
                                    <textbox id="13" bbox="63.600,369.408,199.680,423.989" />
                                </textgroup>
                            </textgroup>
                            <textgroup bbox="51.120,143.808,199.680,257.328">
                                <textgroup bbox="63.600,233.808,172.368,257.328">
                                    <textbox id="14" bbox="97.440,245.328,100.368,257.328" />
                                    <textbox id="15" bbox="63.600,233.808,172.368,256.709" />
                                </textgroup>
                                <textgroup bbox="51.120,143.808,199.680,214.608">
                                    <textgroup bbox="51.120,202.608,100.368,214.608">
                                        <textbox id="16" bbox="51.120,203.429,56.400,213.989" />
                                        <textbox id="17" bbox="97.440,202.608,100.368,214.608" />
                                    </textgroup>
                                    <textbox id="18" bbox="63.600,143.808,199.680,203.328" />
                                </textgroup>
                            </textgroup>
                        </textgroup>
                        <textgroup bbox="210.465,82.949,552.000,702.160">
                            <textgroup bbox="210.465,605.210,462.734,702.160">
                                <textgroup bbox="210.465,605.210,315.845,702.160">
                                    <textbox id="19" bbox="210.465,607.349,315.845,702.160" />
                                    <textbox id="20" bbox="210.480,605.210,210.720,605.690" />
                                </textgroup>
                                <textbox id="21" bbox="383.997,607.349,462.734,674.556" />
                            </textgroup>
                            <textgroup bbox="210.479,82.949,552.000,602.789">
                                <textbox id="22" bbox="210.480,370.949,552.000,602.789" />
                                <textgroup bbox="210.479,82.949,547.204,365.909">
                                    <textbox id="23" bbox="236.640,355.349,493.920,365.909" />
                                    <textgroup bbox="210.479,82.949,547.204,350.312">
                                        <textbox id="24" bbox="210.479,308.549,547.200,350.312" />
                                        <textbox id="25" bbox="210.480,82.949,547.204,303.512" />
                                    </textgroup>
                                </textgroup>
                            </textgroup>
                        </textgroup>
                    </textgroup>
                    <textgroup bbox="63.600,67.968,530.638,94.128">
                        <textbox id="26" bbox="97.440,82.128,100.368,94.128" />
                        <textbox id="27" bbox="63.600,67.968,530.638,93.509" />
                    </textgroup>
                </textgroup>
            </textgroup>
        </layout>
    </page>
    <page id="19" bbox="0.000,0.000,595.200,841.920" rotate="0">
        <textbox id="0" bbox="210.480,511.109,552.240,782.789">
            <textline bbox="210.480,772.229,552.240,782.789">
                <text font="JQUZDQ+SimSun" bbox="210.480,772.229,221.040,782.789" colourspace="ICCBased" ncolour="[0]" size="10.560">（</text>
                <text font="JTTPDQ+SimSun" bbox="221.040,772.229,226.320,782.789" colourspace="ICCBased" ncolour="[0]" size="10.560">1</text>
                <text font="JQUZDQ+SimSun" bbox="226.320,772.229,236.880,782.789" colourspace="ICCBased" ncolour="[0]" size="10.560">）</text>
                <text font="JQUZDQ+SimSun" bbox="236.880,772.229,247.440,782.789" colourspace="ICCBased" ncolour="[0]" size="10.560">就</text>
                <text font="JQUZDQ+SimSun" bbox="247.440,772.229,258.000,782.789" colourspace="ICCBased" ncolour="[0]" size="10.560">成</text>
                <text font="JQUZDQ+SimSun" bbox="258.000,772.229,268.560,782.789" colourspace="ICCBased" ncolour="[0]" size="10.560">骨</text>
                <text font="JQUZDQ+SimSun" bbox="268.320,772.229,278.880,782.789" colourspace="ICCBased" ncolour="[0]" size="10.560">不</text>
                <text font="JQUZDQ+SimSun" bbox="278.880,772.229,289.440,782.789" colourspace="ICCBased" ncolour="[0]" size="10.560">全</text>
                <text font="JQUZDQ+SimSun" bbox="289.440,772.229,300.000,782.789" colourspace="ICCBased" ncolour="[0]" size="10.560">症</text>
                <text font="JQUZDQ+SimSun" bbox="300.000,772.229,310.560,782.789" colourspace="ICCBased" ncolour="[0]" size="10.560">第</text>
                <text font="JQUZDQ+SimSun" bbox="310.320,772.229,320.880,782.789" colourspace="ICCBased" ncolour="[0]" size="10.560">三</text>
                <text font="JQUZDQ+SimSun" bbox="320.880,772.229,331.440,782.789" colourspace="ICCBased" ncolour="[0]" size="10.560">型</text>
                <text font="JQUZDQ+SimSun" bbox="331.440,772.229,342.000,782.789" colourspace="ICCBased" ncolour="[0]" size="10.560">之</text>
                <text font="JQUZDQ+SimSun" bbox="342.000,772.229,352.560,782.789" colourspace="ICCBased" ncolour="[0]" size="10.560">诊</text>
                <text font="JQUZDQ+SimSun" bbox="352.320,772.229,362.880,782.789" colourspace="ICCBased" ncolour="[0]" size="10.560">断</text>
                <text font="JQUZDQ+SimSun" bbox="362.880,772.229,373.440,782.789" colourspace="ICCBased" ncolour="[0]" size="10.560">进</text>
                <text font="JQUZDQ+SimSun" bbox="373.440,772.229,384.000,782.789" colourspace="ICCBased" ncolour="[0]" size="10.560">行</text>
                <text font="JQUZDQ+SimSun" bbox="384.000,772.229,394.560,782.789" colourspace="ICCBased" ncolour="[0]" size="10.560">的</text>
                <text font="JQUZDQ+SimSun" bbox="394.320,772.229,404.880,782.789" colourspace="ICCBased" ncolour="[0]" size="10.560">皮</text>
                <text font="JQUZDQ+SimSun" bbox="404.880,772.229,415.440,782.789" colourspace="ICCBased" ncolour="[0]" size="10.560">肤</text>
                <text font="JQUZDQ+SimSun" bbox="415.440,772.229,426.000,782.789" colourspace="ICCBased" ncolour="[0]" size="10.560">切</text>
                <text font="JQUZDQ+SimSun" bbox="425.760,772.229,436.320,782.789" colourspace="ICCBased" ncolour="[0]" size="10.560">片</text>
                <text font="JQUZDQ+SimSun" bbox="436.320,772.229,446.880,782.789" colourspace="ICCBased" ncolour="[0]" size="10.560">的</text>
                <text font="JQUZDQ+SimSun" bbox="446.640,772.229,457.200,782.789" colourspace="ICCBased" ncolour="[0]" size="10.560">病</text>
                <text font="JQUZDQ+SimSun" bbox="457.200,772.229,467.760,782.789" colourspace="ICCBased" ncolour="[0]" size="10.560">理</text>
                <text font="JQUZDQ+SimSun" bbox="467.760,772.229,478.320,782.789" colourspace="ICCBased" ncolour="[0]" size="10.560">检</text>
                <text font="JQUZDQ+SimSun" bbox="478.320,772.229,488.880,782.789" colourspace="ICCBased" ncolour="[0]" size="10.560">查</text>
                <text font="JQUZDQ+SimSun" bbox="488.880,772.229,499.440,782.789" colourspace="ICCBased" ncolour="[0]" size="10.560">结</text>
                <text font="JQUZDQ+SimSun" bbox="499.200,772.229,509.760,782.789" colourspace="ICCBased" ncolour="[0]" size="10.560">果</text>
                <text font="JQUZDQ+SimSun" bbox="509.760,772.229,520.320,782.789" colourspace="ICCBased" ncolour="[0]" size="10.560">为</text>
                <text font="JQUZDQ+SimSun" bbox="520.320,772.229,530.880,782.789" colourspace="ICCBased" ncolour="[0]" size="10.560">阳</text>
                <text font="JQUZDQ+SimSun" bbox="530.880,772.229,541.440,782.789" colourspace="ICCBased" ncolour="[0]" size="10.560">性</text>
                <text font="JQUZDQ+SimSun" bbox="541.440,772.229,552.000,782.789" colourspace="ICCBased" ncolour="[0]" size="10.560">；</text>
                <text font="JTTPDQ+SimSun" bbox="546.960,772.229,552.240,782.789" colourspace="ICCBased" ncolour="[0]" size="10.560"> </text>
                <text>
                </text>
            </textline>
            <textline bbox="210.480,756.629,470.400,767.189">
                <text font="JQUZDQ+SimSun" bbox="210.480,756.629,221.040,767.189" colourspace="ICCBased" ncolour="[0]" size="10.560">（</text>
                <text font="JTTPDQ+SimSun" bbox="221.040,756.629,226.320,767.189" colourspace="ICCBased" ncolour="[0]" size="10.560">2</text>
                <text font="JQUZDQ+SimSun" bbox="226.320,756.629,236.880,767.189" colourspace="ICCBased" ncolour="[0]" size="10.560">）</text>
                <text font="JTTPDQ+SimSun" bbox="236.880,756.629,242.160,767.189" colourspace="ICCBased" ncolour="[0]" size="10.560">X</text>
                <text> </text>
                <text font="JQUZDQ+SimSun" bbox="244.800,756.629,255.360,767.189" colourspace="ICCBased" ncolour="[0]" size="10.560">光</text>
                <text font="JQUZDQ+SimSun" bbox="255.360,756.629,265.920,767.189" colourspace="ICCBased" ncolour="[0]" size="10.560">片</text>
                <text font="JQUZDQ+SimSun" bbox="265.680,756.629,276.240,767.189" colourspace="ICCBased" ncolour="[0]" size="10.560">结</text>
                <text font="JQUZDQ+SimSun" bbox="276.240,756.629,286.800,767.189" colourspace="ICCBased" ncolour="[0]" size="10.560">果</text>
                <text font="JQUZDQ+SimSun" bbox="286.800,756.629,297.360,767.189" colourspace="ICCBased" ncolour="[0]" size="10.560">显</text>
                <text font="JQUZDQ+SimSun" bbox="297.360,756.629,307.920,767.189" colourspace="ICCBased" ncolour="[0]" size="10.560">示</text>
                <text font="JQUZDQ+SimSun" bbox="307.681,756.629,318.241,767.189" colourspace="ICCBased" ncolour="[0]" size="10.560">多</text>
                <text font="JQUZDQ+SimSun" bbox="318.241,756.629,328.801,767.189" colourspace="ICCBased" ncolour="[0]" size="10.560">处</text>
                <text font="JQUZDQ+SimSun" bbox="328.801,756.629,339.361,767.189" colourspace="ICCBased" ncolour="[0]" size="10.560">骨</text>
                <text font="JQUZDQ+SimSun" bbox="339.361,756.629,349.921,767.189" colourspace="ICCBased" ncolour="[0]" size="10.560">折</text>
                <text font="JQUZDQ+SimSun" bbox="349.680,756.629,360.240,767.189" colourspace="ICCBased" ncolour="[0]" size="10.560">及</text>
                <text font="JQUZDQ+SimSun" bbox="360.240,756.629,370.800,767.189" colourspace="ICCBased" ncolour="[0]" size="10.560">逐</text>
                <text font="JQUZDQ+SimSun" bbox="370.800,756.629,381.360,767.189" colourspace="ICCBased" ncolour="[0]" size="10.560">步</text>
                <text font="JQUZDQ+SimSun" bbox="381.360,756.629,391.920,767.189" colourspace="ICCBased" ncolour="[0]" size="10.560">脊</text>
                <text font="JQUZDQ+SimSun" bbox="391.680,756.629,402.240,767.189" colourspace="ICCBased" ncolour="[0]" size="10.560">柱</text>
                <text font="JQUZDQ+SimSun" bbox="402.240,756.629,412.800,767.189" colourspace="ICCBased" ncolour="[0]" size="10.560">后</text>
                <text font="JQUZDQ+SimSun" bbox="412.800,756.629,423.360,767.189" colourspace="ICCBased" ncolour="[0]" size="10.560">侧</text>
                <text font="JQUZDQ+SimSun" bbox="423.360,756.629,433.920,767.189" colourspace="ICCBased" ncolour="[0]" size="10.560">凸</text>
                <text font="JQUZDQ+SimSun" bbox="433.680,756.629,444.240,767.189" colourspace="ICCBased" ncolour="[0]" size="10.560">畸</text>
                <text font="JQUZDQ+SimSun" bbox="444.240,756.629,454.800,767.189" colourspace="ICCBased" ncolour="[0]" size="10.560">形</text>
                <text font="JQUZDQ+SimSun" bbox="454.560,756.629,465.120,767.189" colourspace="ICCBased" ncolour="[0]" size="10.560">；</text>
                <text font="JTTPDQ+SimSun" bbox="465.120,756.629,470.400,767.189" colourspace="ICCBased" ncolour="[0]" size="10.560"> </text>
                <text>
                </text>
            </textline>
            <textline bbox="210.480,741.032,451.924,751.592">
                <text font="JQUZDQ+SimSun" bbox="210.480,741.032,221.040,751.592" colourspace="ICCBased" ncolour="[0]" size="10.560">（</text>
                <text font="JTTPDQ+SimSun" bbox="221.040,741.032,226.320,751.592" colourspace="ICCBased" ncolour="[0]" size="10.560">3</text>
                <text font="JQUZDQ+SimSun" bbox="226.320,741.032,236.880,751.592" colourspace="ICCBased" ncolour="[0]" size="10.560">）</text>
                <text font="JQUZDQ+SimSun" bbox="236.880,741.032,247.440,751.592" colourspace="ICCBased" ncolour="[0]" size="10.560">有</text>
                <text font="JQUZDQ+SimSun" bbox="247.440,741.032,258.000,751.592" colourspace="ICCBased" ncolour="[0]" size="10.560">证</text>
                <text font="JQUZDQ+SimSun" bbox="258.000,741.032,268.560,751.592" colourspace="ICCBased" ncolour="[0]" size="10.560">明</text>
                <text font="JQUZDQ+SimSun" bbox="268.320,741.032,278.880,751.592" colourspace="ICCBased" ncolour="[0]" size="10.560">是</text>
                <text font="JQUZDQ+SimSun" bbox="278.880,741.032,289.440,751.592" colourspace="ICCBased" ncolour="[0]" size="10.560">因</text>
                <text font="JQUZDQ+SimSun" bbox="289.440,741.032,300.000,751.592" colourspace="ICCBased" ncolour="[0]" size="10.560">此</text>
                <text font="JQUZDQ+SimSun" bbox="300.000,741.032,310.560,751.592" colourspace="ICCBased" ncolour="[0]" size="10.560">疾</text>
                <text font="JQUZDQ+SimSun" bbox="310.320,741.032,320.880,751.592" colourspace="ICCBased" ncolour="[0]" size="10.560">病</text>
                <text font="JQUZDQ+SimSun" bbox="320.880,741.032,331.440,751.592" colourspace="ICCBased" ncolour="[0]" size="10.560">引</text>
                <text font="JQUZDQ+SimSun" bbox="331.440,741.032,342.000,751.592" colourspace="ICCBased" ncolour="[0]" size="10.560">致</text>
                <text font="JQUZDQ+SimSun" bbox="342.000,741.032,352.560,751.592" colourspace="ICCBased" ncolour="[0]" size="10.560">发</text>
                <text font="JQUZDQ+SimSun" bbox="352.320,741.032,362.880,751.592" colourspace="ICCBased" ncolour="[0]" size="10.560">育</text>
                <text font="JQUZDQ+SimSun" bbox="362.880,741.032,373.440,751.592" colourspace="ICCBased" ncolour="[0]" size="10.560">迟</text>
                <text font="JQUZDQ+SimSun" bbox="373.440,741.032,384.000,751.592" colourspace="ICCBased" ncolour="[0]" size="10.560">缓</text>
                <text font="JQUZDQ+SimSun" bbox="384.000,741.032,394.560,751.592" colourspace="ICCBased" ncolour="[0]" size="10.560">及</text>
                <text font="JQUZDQ+SimSun" bbox="394.320,741.032,404.880,751.592" colourspace="ICCBased" ncolour="[0]" size="10.560">听</text>
                <text font="JQUZDQ+SimSun" bbox="404.880,741.032,415.440,751.592" colourspace="ICCBased" ncolour="[0]" size="10.560">力</text>
                <text font="JQUZDQ+SimSun" bbox="415.440,741.032,426.000,751.592" colourspace="ICCBased" ncolour="[0]" size="10.560">损</text>
                <text font="JQUZDQ+SimSun" bbox="425.760,741.032,436.320,751.592" colourspace="ICCBased" ncolour="[0]" size="10.560">伤</text>
                <text font="JQUZDQ+SimSun" bbox="436.320,741.032,446.880,751.592" colourspace="ICCBased" ncolour="[0]" size="10.560">。</text>
                <text font="JTTPDQ+SimSun" bbox="446.644,741.032,451.924,751.592" colourspace="ICCBased" ncolour="[0]" size="10.560"> </text>
                <text>
                </text>
            </textline>
            <textline bbox="210.480,725.435,547.207,735.995">
                <text font="JQUZDQ+SimSun" bbox="210.480,725.435,221.040,735.995" colourspace="ICCBased" ncolour="[0]" size="10.560">本</text>
                <text font="JQUZDQ+SimSun" bbox="221.040,725.435,231.600,735.995" colourspace="ICCBased" ncolour="[0]" size="10.560">公</text>
                <text font="JQUZDQ+SimSun" bbox="231.600,725.435,242.160,735.995" colourspace="ICCBased" ncolour="[0]" size="10.560">司</text>
                <text font="JQUZDQ+SimSun" bbox="242.160,725.435,252.720,735.995" colourspace="ICCBased" ncolour="[0]" size="10.560">承</text>
                <text font="JQUZDQ+SimSun" bbox="252.720,725.435,263.280,735.995" colourspace="ICCBased" ncolour="[0]" size="10.560">担</text>
                <text font="JQUZDQ+SimSun" bbox="263.040,725.435,273.600,735.995" colourspace="ICCBased" ncolour="[0]" size="10.560">本</text>
                <text font="JQUZDQ+SimSun" bbox="273.600,725.435,284.160,735.995" colourspace="ICCBased" ncolour="[0]" size="10.560">项</text>
                <text font="JQUZDQ+SimSun" bbox="284.160,725.435,294.720,735.995" colourspace="ICCBased" ncolour="[0]" size="10.560">疾</text>
                <text font="JQUZDQ+SimSun" bbox="294.720,725.435,305.280,735.995" colourspace="ICCBased" ncolour="[0]" size="10.560">病</text>
                <text font="JQUZDQ+SimSun" bbox="305.040,725.435,315.600,735.995" colourspace="ICCBased" ncolour="[0]" size="10.560">责</text>
                <text font="JQUZDQ+SimSun" bbox="315.600,725.435,326.160,735.995" colourspace="ICCBased" ncolour="[0]" size="10.560">任</text>
                <text font="JQUZDQ+SimSun" bbox="326.160,725.435,336.720,735.995" colourspace="ICCBased" ncolour="[0]" size="10.560">不</text>
                <text font="JQUZDQ+SimSun" bbox="336.720,725.435,347.280,735.995" colourspace="ICCBased" ncolour="[0]" size="10.560">受</text>
                <text font="JQUZDQ+SimSun" bbox="347.040,725.435,357.600,735.995" colourspace="ICCBased" ncolour="[0]" size="10.560">本</text>
                <text font="JQUZDQ+SimSun" bbox="357.600,725.435,368.160,735.995" colourspace="ICCBased" ncolour="[0]" size="10.560">附</text>
                <text font="JQUZDQ+SimSun" bbox="368.160,725.435,378.720,735.995" colourspace="ICCBased" ncolour="[0]" size="10.560">加</text>
                <text font="JQUZDQ+SimSun" bbox="378.720,725.435,389.280,735.995" colourspace="ICCBased" ncolour="[0]" size="10.560">险</text>
                <text font="JQUZDQ+SimSun" bbox="389.040,725.435,399.600,735.995" colourspace="ICCBased" ncolour="[0]" size="10.560">合</text>
                <text font="JQUZDQ+SimSun" bbox="399.600,725.435,410.160,735.995" colourspace="ICCBased" ncolour="[0]" size="10.560">同</text>
                <text font="JQUZDQ+SimSun" bbox="409.680,725.435,420.240,735.995" colourspace="ICCBased" ncolour="[0]" size="10.560">“</text>
                <text font="JTTPDQ+SimSun" bbox="420.240,725.435,425.520,735.995" colourspace="ICCBased" ncolour="[0]" size="10.560">2</text>
                <text font="JTTPDQ+SimSun" bbox="425.277,725.435,430.557,735.995" colourspace="ICCBased" ncolour="[0]" size="10.560">.</text>
                <text font="JTTPDQ+SimSun" bbox="430.557,725.435,435.837,735.995" colourspace="ICCBased" ncolour="[0]" size="10.560">1</text>
                <text> </text>
                <text font="JQUZDQ+SimSun" bbox="438.481,725.435,449.041,735.995" colourspace="ICCBased" ncolour="[0]" size="10.560">责</text>
                <text font="JQUZDQ+SimSun" bbox="448.801,725.435,459.361,735.995" colourspace="ICCBased" ncolour="[0]" size="10.560">任</text>
                <text font="JQUZDQ+SimSun" bbox="459.361,725.435,469.921,735.995" colourspace="ICCBased" ncolour="[0]" size="10.560">免</text>
                <text font="JQUZDQ+SimSun" bbox="469.921,725.435,480.481,735.995" colourspace="ICCBased" ncolour="[0]" size="10.560">除</text>
                <text font="JQUZDQ+SimSun" bbox="480.481,725.435,491.041,735.995" colourspace="ICCBased" ncolour="[0]" size="10.560">”</text>
                <text font="JQUZDQ+SimSun" bbox="490.561,725.435,501.121,735.995" colourspace="ICCBased" ncolour="[0]" size="10.560">中</text>
                <text font="JQUZDQ+SimSun" bbox="500.881,725.435,511.441,735.995" colourspace="ICCBased" ncolour="[0]" size="10.560">第</text>
                <text font="JQUZDQ+SimSun" bbox="510.961,725.435,521.521,735.995" colourspace="ICCBased" ncolour="[0]" size="10.560">（</text>
                <text font="JTTPDQ+SimSun" bbox="521.521,725.435,526.801,735.995" colourspace="ICCBased" ncolour="[0]" size="10.560">8</text>
                <text font="JQUZDQ+SimSun" bbox="526.562,725.435,537.122,735.995" colourspace="ICCBased" ncolour="[0]" size="10.560">）</text>
                <text font="JQUZDQ+SimSun" bbox="536.647,725.435,547.207,735.995" colourspace="ICCBased" ncolour="[0]" size="10.560">项</text>
                <text>
                </text>
            </textline>
            <textline bbox="210.480,709.837,488.641,720.397">
                <text font="JQUZDQ+SimSun" bbox="210.480,709.837,221.040,720.397" colourspace="ICCBased" ncolour="[0]" size="10.560">“</text>
                <text font="JQUZDQ+SimSun" bbox="221.040,709.837,231.600,720.397" colourspace="ICCBased" ncolour="[0]" size="10.560">遗</text>
                <text font="JQUZDQ+SimSun" bbox="231.600,709.837,242.160,720.397" colourspace="ICCBased" ncolour="[0]" size="10.560">传</text>
                <text font="JQUZDQ+SimSun" bbox="242.160,709.837,252.720,720.397" colourspace="ICCBased" ncolour="[0]" size="10.560">性</text>
                <text font="JQUZDQ+SimSun" bbox="252.720,709.837,263.280,720.397" colourspace="ICCBased" ncolour="[0]" size="10.560">疾</text>
                <text font="JQUZDQ+SimSun" bbox="263.040,709.837,273.600,720.397" colourspace="ICCBased" ncolour="[0]" size="10.560">病</text>
                <text font="JQUZDQ+SimSun" bbox="273.600,709.837,284.160,720.397" colourspace="ICCBased" ncolour="[0]" size="10.560">，</text>
                <text font="JQUZDQ+SimSun" bbox="284.160,709.837,294.720,720.397" colourspace="ICCBased" ncolour="[0]" size="10.560">先</text>
                <text font="JQUZDQ+SimSun" bbox="294.720,709.837,305.280,720.397" colourspace="ICCBased" ncolour="[0]" size="10.560">天</text>
                <text font="JQUZDQ+SimSun" bbox="305.040,709.837,315.600,720.397" colourspace="ICCBased" ncolour="[0]" size="10.560">性</text>
                <text font="JQUZDQ+SimSun" bbox="315.600,709.837,326.160,720.397" colourspace="ICCBased" ncolour="[0]" size="10.560">畸</text>
                <text font="JQUZDQ+SimSun" bbox="326.160,709.837,336.720,720.397" colourspace="ICCBased" ncolour="[0]" size="10.560">形</text>
                <text font="JQUZDQ+SimSun" bbox="336.720,709.837,347.280,720.397" colourspace="ICCBased" ncolour="[0]" size="10.560">、</text>
                <text font="JQUZDQ+SimSun" bbox="347.040,709.837,357.600,720.397" colourspace="ICCBased" ncolour="[0]" size="10.560">变</text>
                <text font="JQUZDQ+SimSun" bbox="357.600,709.837,368.160,720.397" colourspace="ICCBased" ncolour="[0]" size="10.560">形</text>
                <text font="JQUZDQ+SimSun" bbox="368.160,709.837,378.720,720.397" colourspace="ICCBased" ncolour="[0]" size="10.560">或</text>
                <text font="JQUZDQ+SimSun" bbox="378.720,709.837,389.280,720.397" colourspace="ICCBased" ncolour="[0]" size="10.560">染</text>
                <text font="JQUZDQ+SimSun" bbox="389.040,709.837,399.600,720.397" colourspace="ICCBased" ncolour="[0]" size="10.560">色</text>
                <text font="JQUZDQ+SimSun" bbox="399.600,709.837,410.160,720.397" colourspace="ICCBased" ncolour="[0]" size="10.560">体</text>
                <text font="JQUZDQ+SimSun" bbox="410.160,709.837,420.720,720.397" colourspace="ICCBased" ncolour="[0]" size="10.560">异</text>
                <text font="JQUZDQ+SimSun" bbox="420.720,709.837,431.280,720.397" colourspace="ICCBased" ncolour="[0]" size="10.560">常</text>
                <text font="JQUZDQ+SimSun" bbox="431.040,709.837,441.600,720.397" colourspace="ICCBased" ncolour="[0]" size="10.560">”</text>
                <text font="JQUZDQ+SimSun" bbox="441.600,709.837,452.160,720.397" colourspace="ICCBased" ncolour="[0]" size="10.560">的</text>
                <text font="JQUZDQ+SimSun" bbox="451.920,709.837,462.480,720.397" colourspace="ICCBased" ncolour="[0]" size="10.560">限</text>
                <text font="JQUZDQ+SimSun" bbox="462.480,709.837,473.040,720.397" colourspace="ICCBased" ncolour="[0]" size="10.560">制</text>
                <text font="JQUZDQ+SimSun" bbox="473.040,709.837,483.600,720.397" colourspace="ICCBased" ncolour="[0]" size="10.560">。</text>
                <text font="JTTPDQ+SimSun" bbox="483.361,709.837,488.641,720.397" colourspace="ICCBased" ncolour="[0]" size="10.560"> </text>
                <text>
                </text>
            </textline>
            <textline bbox="210.480,694.229,215.760,704.789">
                <text font="JTTPDQ+SimSun" bbox="210.480,694.229,215.760,704.789" colourspace="ICCBased" ncolour="[0]" size="10.560"> </text>
                <text>
                </text>
            </textline>
            <textline bbox="210.480,680.069,547.200,690.629">
                <text font="JQUZDQ+SimSun" bbox="210.480,680.069,221.040,690.629" colourspace="ICCBased" ncolour="[0]" size="10.560">指</text>
                <text font="JQUZDQ+SimSun" bbox="221.040,680.069,231.600,690.629" colourspace="ICCBased" ncolour="[0]" size="10.560">由</text>
                <text font="JQUZDQ+SimSun" bbox="231.600,680.069,242.160,690.629" colourspace="ICCBased" ncolour="[0]" size="10.560">于</text>
                <text font="JQUZDQ+SimSun" bbox="242.160,680.069,252.720,690.629" colourspace="ICCBased" ncolour="[0]" size="10.560">疾</text>
                <text font="JQUZDQ+SimSun" bbox="252.720,680.069,263.280,690.629" colourspace="ICCBased" ncolour="[0]" size="10.560">病</text>
                <text font="JQUZDQ+SimSun" bbox="263.280,680.069,273.840,690.629" colourspace="ICCBased" ncolour="[0]" size="10.560">或</text>
                <text font="JQUZDQ+SimSun" bbox="273.840,680.069,284.400,690.629" colourspace="ICCBased" ncolour="[0]" size="10.560">意</text>
                <text font="JQUZDQ+SimSun" bbox="284.160,680.069,294.720,690.629" colourspace="ICCBased" ncolour="[0]" size="10.560">外</text>
                <text font="JQUZDQ+SimSun" bbox="294.720,680.069,305.280,690.629" colourspace="ICCBased" ncolour="[0]" size="10.560">导</text>
                <text font="JQUZDQ+SimSun" bbox="305.280,680.069,315.840,690.629" colourspace="ICCBased" ncolour="[0]" size="10.560">致</text>
                <text font="JQUZDQ+SimSun" bbox="315.840,680.069,326.400,690.629" colourspace="ICCBased" ncolour="[0]" size="10.560">至</text>
                <text font="JQUZDQ+SimSun" bbox="326.400,680.069,336.960,690.629" colourspace="ICCBased" ncolour="[0]" size="10.560">少</text>
                <text font="JQUZDQ+SimSun" bbox="336.960,680.069,347.520,690.629" colourspace="ICCBased" ncolour="[0]" size="10.560">两</text>
                <text font="JQUZDQ+SimSun" bbox="347.280,680.069,357.840,690.629" colourspace="ICCBased" ncolour="[0]" size="10.560">根</text>
                <text font="JQUZDQ+SimSun" bbox="357.840,680.069,368.400,690.629" colourspace="ICCBased" ncolour="[0]" size="10.560">臂</text>
                <text font="JQUZDQ+SimSun" bbox="368.400,680.069,378.960,690.629" colourspace="ICCBased" ncolour="[0]" size="10.560">丛</text>
                <text font="JQUZDQ+SimSun" bbox="378.960,680.069,389.520,690.629" colourspace="ICCBased" ncolour="[0]" size="10.560">神</text>
                <text font="JQUZDQ+SimSun" bbox="389.520,680.069,400.080,690.629" colourspace="ICCBased" ncolour="[0]" size="10.560">经</text>
                <text font="JQUZDQ+SimSun" bbox="399.840,680.069,410.400,690.629" colourspace="ICCBased" ncolour="[0]" size="10.560">根</text>
                <text font="JQUZDQ+SimSun" bbox="410.400,680.069,420.960,690.629" colourspace="ICCBased" ncolour="[0]" size="10.560">性</text>
                <text font="JQUZDQ+SimSun" bbox="420.960,680.069,431.520,690.629" colourspace="ICCBased" ncolour="[0]" size="10.560">撕</text>
                <text font="JQUZDQ+SimSun" bbox="431.520,680.069,442.080,690.629" colourspace="ICCBased" ncolour="[0]" size="10.560">脱</text>
                <text font="JQUZDQ+SimSun" bbox="442.080,680.069,452.640,690.629" colourspace="ICCBased" ncolour="[0]" size="10.560">，</text>
                <text font="JQUZDQ+SimSun" bbox="452.400,680.069,462.960,690.629" colourspace="ICCBased" ncolour="[0]" size="10.560">所</text>
                <text font="JQUZDQ+SimSun" bbox="462.960,680.069,473.520,690.629" colourspace="ICCBased" ncolour="[0]" size="10.560">造</text>
                <text font="JQUZDQ+SimSun" bbox="473.520,680.069,484.080,690.629" colourspace="ICCBased" ncolour="[0]" size="10.560">成</text>
                <text font="JQUZDQ+SimSun" bbox="484.080,680.069,494.640,690.629" colourspace="ICCBased" ncolour="[0]" size="10.560">的</text>
                <text font="JQUZDQ+SimSun" bbox="494.640,680.069,505.200,690.629" colourspace="ICCBased" ncolour="[0]" size="10.560">手</text>
                <text font="JQUZDQ+SimSun" bbox="505.200,680.069,515.760,690.629" colourspace="ICCBased" ncolour="[0]" size="10.560">臂</text>
                <text font="JQUZDQ+SimSun" bbox="515.760,680.069,526.320,690.629" colourspace="ICCBased" ncolour="[0]" size="10.560">感</text>
                <text font="JQUZDQ+SimSun" bbox="526.080,680.069,536.640,690.629" colourspace="ICCBased" ncolour="[0]" size="10.560">觉</text>
                <text font="JQUZDQ+SimSun" bbox="536.640,680.069,547.200,690.629" colourspace="ICCBased" ncolour="[0]" size="10.560">功</text>
                <text>
                </text>
            </textline>
            <textline bbox="210.480,664.472,547.200,675.032">
                <text font="JQUZDQ+SimSun" bbox="210.480,664.472,221.040,675.032" colourspace="ICCBased" ncolour="[0]" size="10.560">能</text>
                <text font="JQUZDQ+SimSun" bbox="221.040,664.472,231.600,675.032" colourspace="ICCBased" ncolour="[0]" size="10.560">与</text>
                <text font="JQUZDQ+SimSun" bbox="231.600,664.472,242.160,675.032" colourspace="ICCBased" ncolour="[0]" size="10.560">运</text>
                <text font="JQUZDQ+SimSun" bbox="242.160,664.472,252.720,675.032" colourspace="ICCBased" ncolour="[0]" size="10.560">动</text>
                <text font="JQUZDQ+SimSun" bbox="252.720,664.472,263.280,675.032" colourspace="ICCBased" ncolour="[0]" size="10.560">功</text>
                <text font="JQUZDQ+SimSun" bbox="263.280,664.472,273.840,675.032" colourspace="ICCBased" ncolour="[0]" size="10.560">能</text>
                <text font="JQUZDQ+SimSun" bbox="273.840,664.472,284.400,675.032" colourspace="ICCBased" ncolour="[0]" size="10.560">完</text>
                <text font="JQUZDQ+SimSun" bbox="284.160,664.472,294.720,675.032" colourspace="ICCBased" ncolour="[0]" size="10.560">全</text>
                <text font="JQUZDQ+SimSun" bbox="294.720,664.472,305.280,675.032" colourspace="ICCBased" ncolour="[0]" size="10.560">永</text>
                <text font="JQUZDQ+SimSun" bbox="305.280,664.472,315.840,675.032" colourspace="ICCBased" ncolour="[0]" size="10.560">久</text>
                <text font="JQUZDQ+SimSun" bbox="315.840,664.472,326.400,675.032" colourspace="ICCBased" ncolour="[0]" size="10.560">性</text>
                <text font="JQUZDQ+SimSun" bbox="326.400,664.472,336.960,675.032" colourspace="ICCBased" ncolour="[0]" size="10.560">丧</text>
                <text font="JQUZDQ+SimSun" bbox="336.960,664.472,347.520,675.032" colourspace="ICCBased" ncolour="[0]" size="10.560">失</text>
                <text font="JQUZDQ+SimSun" bbox="347.280,664.472,357.840,675.032" colourspace="ICCBased" ncolour="[0]" size="10.560">。</text>
                <text font="JQUZDQ+SimSun" bbox="357.840,664.472,368.400,675.032" colourspace="ICCBased" ncolour="[0]" size="10.560">该</text>
                <text font="JQUZDQ+SimSun" bbox="368.400,664.472,378.960,675.032" colourspace="ICCBased" ncolour="[0]" size="10.560">病</text>
                <text font="JQUZDQ+SimSun" bbox="378.960,664.472,389.520,675.032" colourspace="ICCBased" ncolour="[0]" size="10.560">须</text>
                <text font="JQUZDQ+SimSun" bbox="389.520,664.472,400.080,675.032" colourspace="ICCBased" ncolour="[0]" size="10.560">由</text>
                <text font="JQUZDQ+SimSun" bbox="399.840,664.472,410.400,675.032" colourspace="ICCBased" ncolour="[0]" size="10.560">医</text>
                <text font="JQUZDQ+SimSun" bbox="410.400,664.472,420.960,675.032" colourspace="ICCBased" ncolour="[0]" size="10.560">院</text>
                <text font="JQUZDQ+SimSun" bbox="420.960,664.472,431.520,675.032" colourspace="ICCBased" ncolour="[0]" size="10.560">专</text>
                <text font="JQUZDQ+SimSun" bbox="431.520,664.472,442.080,675.032" colourspace="ICCBased" ncolour="[0]" size="10.560">科</text>
                <text font="JQUZDQ+SimSun" bbox="442.080,664.472,452.640,675.032" colourspace="ICCBased" ncolour="[0]" size="10.560">医</text>
                <text font="JQUZDQ+SimSun" bbox="452.400,664.472,462.960,675.032" colourspace="ICCBased" ncolour="[0]" size="10.560">生</text>
                <text font="JQUZDQ+SimSun" bbox="462.960,664.472,473.520,675.032" colourspace="ICCBased" ncolour="[0]" size="10.560">明</text>
                <text font="JQUZDQ+SimSun" bbox="473.520,664.472,484.080,675.032" colourspace="ICCBased" ncolour="[0]" size="10.560">确</text>
                <text font="JQUZDQ+SimSun" bbox="484.080,664.472,494.640,675.032" colourspace="ICCBased" ncolour="[0]" size="10.560">诊</text>
                <text font="JQUZDQ+SimSun" bbox="494.640,664.472,505.200,675.032" colourspace="ICCBased" ncolour="[0]" size="10.560">断</text>
                <text font="JQUZDQ+SimSun" bbox="505.200,664.472,515.760,675.032" colourspace="ICCBased" ncolour="[0]" size="10.560">，</text>
                <text font="JQUZDQ+SimSun" bbox="515.760,664.472,526.320,675.032" colourspace="ICCBased" ncolour="[0]" size="10.560">并</text>
                <text font="JQUZDQ+SimSun" bbox="526.080,664.472,536.640,675.032" colourspace="ICCBased" ncolour="[0]" size="10.560">且</text>
                <text font="JQUZDQ+SimSun" bbox="536.640,664.472,547.200,675.032" colourspace="ICCBased" ncolour="[0]" size="10.560">有</text>
                <text>
                </text>
            </textline>
            <textline bbox="210.480,648.875,320.642,659.435">
                <text font="JQUZDQ+SimSun" bbox="210.480,648.875,221.040,659.435" colourspace="ICCBased" ncolour="[0]" size="10.560">电</text>
                <text font="JQUZDQ+SimSun" bbox="221.040,648.875,231.600,659.435" colourspace="ICCBased" ncolour="[0]" size="10.560">生</text>
                <text font="JQUZDQ+SimSun" bbox="231.600,648.875,242.160,659.435" colourspace="ICCBased" ncolour="[0]" size="10.560">理</text>
                <text font="JQUZDQ+SimSun" bbox="242.160,648.875,252.720,659.435" colourspace="ICCBased" ncolour="[0]" size="10.560">检</text>
                <text font="JQUZDQ+SimSun" bbox="252.720,648.875,263.280,659.435" colourspace="ICCBased" ncolour="[0]" size="10.560">查</text>
                <text font="JQUZDQ+SimSun" bbox="263.040,648.875,273.600,659.435" colourspace="ICCBased" ncolour="[0]" size="10.560">结</text>
                <text font="JQUZDQ+SimSun" bbox="273.600,648.875,284.160,659.435" colourspace="ICCBased" ncolour="[0]" size="10.560">果</text>
                <text font="JQUZDQ+SimSun" bbox="284.160,648.875,294.720,659.435" colourspace="ICCBased" ncolour="[0]" size="10.560">证</text>
                <text font="JQUZDQ+SimSun" bbox="294.720,648.875,305.280,659.435" colourspace="ICCBased" ncolour="[0]" size="10.560">实</text>
                <text font="JQUZDQ+SimSun" bbox="305.040,648.875,315.600,659.435" colourspace="ICCBased" ncolour="[0]" size="10.560">。</text>
                <text font="JTTPDQ+SimSun" bbox="315.362,648.875,320.642,659.435" colourspace="ICCBased" ncolour="[0]" size="10.560"> </text>
                <text>
                </text>
            </textline>
            <textline bbox="210.480,633.269,215.760,643.829">
                <text font="JTTPDQ+SimSun" bbox="210.480,633.269,215.760,643.829" colourspace="ICCBased" ncolour="[0]" size="10.560"> </text>
                <text>
                </text>
            </textline>
            <textline bbox="210.480,618.869,547.196,629.429">
                <text font="JQUZDQ+SimSun" bbox="210.480,618.869,221.040,629.429" colourspace="ICCBased" ncolour="[0]" size="10.560">指</text>
                <text font="JQUZDQ+SimSun" bbox="221.040,618.869,231.600,629.429" colourspace="ICCBased" ncolour="[0]" size="10.560">被</text>
                <text font="JQUZDQ+SimSun" bbox="231.600,618.869,242.160,629.429" colourspace="ICCBased" ncolour="[0]" size="10.560">保</text>
                <text font="JQUZDQ+SimSun" bbox="242.160,618.869,252.720,629.429" colourspace="ICCBased" ncolour="[0]" size="10.560">险</text>
                <text font="JQUZDQ+SimSun" bbox="252.720,618.869,263.280,629.429" colourspace="ICCBased" ncolour="[0]" size="10.560">人</text>
                <text font="JQUZDQ+SimSun" bbox="263.280,618.869,273.840,629.429" colourspace="ICCBased" ncolour="[0]" size="10.560">因</text>
                <text font="JQUZDQ+SimSun" bbox="273.840,618.869,284.400,629.429" colourspace="ICCBased" ncolour="[0]" size="10.560">原</text>
                <text font="JQUZDQ+SimSun" bbox="284.160,618.869,294.720,629.429" colourspace="ICCBased" ncolour="[0]" size="10.560">发</text>
                <text font="JQUZDQ+SimSun" bbox="294.720,618.869,305.280,629.429" colourspace="ICCBased" ncolour="[0]" size="10.560">性</text>
                <text font="JQUZDQ+SimSun" bbox="305.280,618.869,315.840,629.429" colourspace="ICCBased" ncolour="[0]" size="10.560">脊</text>
                <text font="JQUZDQ+SimSun" bbox="315.840,618.869,326.400,629.429" colourspace="ICCBased" ncolour="[0]" size="10.560">柱</text>
                <text font="JQUZDQ+SimSun" bbox="326.400,618.869,336.960,629.429" colourspace="ICCBased" ncolour="[0]" size="10.560">侧</text>
                <text font="JQUZDQ+SimSun" bbox="336.960,618.869,347.520,629.429" colourspace="ICCBased" ncolour="[0]" size="10.560">弯</text>
                <text font="JQUZDQ+SimSun" bbox="347.280,618.869,357.840,629.429" colourspace="ICCBased" ncolour="[0]" size="10.560">，</text>
                <text font="JQUZDQ+SimSun" bbox="357.840,618.869,368.400,629.429" colourspace="ICCBased" ncolour="[0]" size="10.560">实</text>
                <text font="JQUZDQ+SimSun" bbox="368.400,618.869,378.960,629.429" colourspace="ICCBased" ncolour="[0]" size="10.560">际</text>
                <text font="JQUZDQ+SimSun" bbox="378.960,618.869,389.520,629.429" colourspace="ICCBased" ncolour="[0]" size="10.560">实</text>
                <text font="JQUZDQ+SimSun" bbox="389.520,618.869,400.080,629.429" colourspace="ICCBased" ncolour="[0]" size="10.560">施</text>
                <text font="JQUZDQ+SimSun" bbox="399.840,618.869,410.400,629.429" colourspace="ICCBased" ncolour="[0]" size="10.560">了</text>
                <text font="JQUZDQ+SimSun" bbox="410.400,618.869,420.960,629.429" colourspace="ICCBased" ncolour="[0]" size="10.560">对</text>
                <text font="JQUZDQ+SimSun" bbox="420.960,618.869,431.520,629.429" colourspace="ICCBased" ncolour="[0]" size="10.560">该</text>
                <text font="JQUZDQ+SimSun" bbox="431.520,618.869,442.080,629.429" colourspace="ICCBased" ncolour="[0]" size="10.560">病</text>
                <text font="JQUZDQ+SimSun" bbox="442.080,618.869,452.640,629.429" colourspace="ICCBased" ncolour="[0]" size="10.560">的</text>
                <text font="JQUZDQ+SimSun" bbox="452.400,618.869,462.960,629.429" colourspace="ICCBased" ncolour="[0]" size="10.560">矫</text>
                <text font="JQUZDQ+SimSun" bbox="462.960,618.869,473.520,629.429" colourspace="ICCBased" ncolour="[0]" size="10.560">正</text>
                <text font="JQUZDQ+SimSun" bbox="473.520,618.869,484.080,629.429" colourspace="ICCBased" ncolour="[0]" size="10.560">外</text>
                <text font="JQUZDQ+SimSun" bbox="484.080,618.869,494.640,629.429" colourspace="ICCBased" ncolour="[0]" size="10.560">科</text>
                <text font="JQUZDQ+SimSun" bbox="494.640,618.869,505.200,629.429" colourspace="ICCBased" ncolour="[0]" size="10.560">手</text>
                <text font="JQUZDQ+SimSun" bbox="505.200,618.869,515.760,629.429" colourspace="ICCBased" ncolour="[0]" size="10.560">术</text>
                <text font="JQUZDQ+SimSun" bbox="515.760,618.869,526.320,629.429" colourspace="ICCBased" ncolour="[0]" size="10.560">。</text>
                <text font="JQUZDQ+SimSun" bbox="526.076,618.869,536.636,629.429" colourspace="ICCBased" ncolour="[0]" size="10.560">但</text>
                <text font="JQUZDQ+SimSun" bbox="536.636,618.869,547.196,629.429" colourspace="ICCBased" ncolour="[0]" size="10.560">由</text>
                <text>
                </text>
            </textline>
            <textline bbox="210.480,603.269,547.200,613.829">
                <text font="JQUZDQ+SimSun" bbox="210.480,603.269,221.040,613.829" colourspace="ICCBased" ncolour="[0]" size="10.560">于</text>
                <text font="JQUZDQ+SimSun" bbox="221.040,603.269,231.600,613.829" colourspace="ICCBased" ncolour="[0]" size="10.560">先</text>
                <text font="JQUZDQ+SimSun" bbox="231.600,603.269,242.160,613.829" colourspace="ICCBased" ncolour="[0]" size="10.560">天</text>
                <text font="JQUZDQ+SimSun" bbox="242.160,603.269,252.720,613.829" colourspace="ICCBased" ncolour="[0]" size="10.560">性</text>
                <text font="JQUZDQ+SimSun" bbox="252.720,603.269,263.280,613.829" colourspace="ICCBased" ncolour="[0]" size="10.560">脊</text>
                <text font="JQUZDQ+SimSun" bbox="263.280,603.269,273.840,613.829" colourspace="ICCBased" ncolour="[0]" size="10.560">柱</text>
                <text font="JQUZDQ+SimSun" bbox="273.840,603.269,284.400,613.829" colourspace="ICCBased" ncolour="[0]" size="10.560">侧</text>
                <text font="JQUZDQ+SimSun" bbox="284.160,603.269,294.720,613.829" colourspace="ICCBased" ncolour="[0]" size="10.560">弯</text>
                <text font="JQUZDQ+SimSun" bbox="294.720,603.269,305.280,613.829" colourspace="ICCBased" ncolour="[0]" size="10.560">以</text>
                <text font="JQUZDQ+SimSun" bbox="305.280,603.269,315.840,613.829" colourspace="ICCBased" ncolour="[0]" size="10.560">及</text>
                <text font="JQUZDQ+SimSun" bbox="315.840,603.269,326.400,613.829" colourspace="ICCBased" ncolour="[0]" size="10.560">其</text>
                <text font="JQUZDQ+SimSun" bbox="326.400,603.269,336.960,613.829" colourspace="ICCBased" ncolour="[0]" size="10.560">他</text>
                <text font="JQUZDQ+SimSun" bbox="336.960,603.269,347.520,613.829" colourspace="ICCBased" ncolour="[0]" size="10.560">疾</text>
                <text font="JQUZDQ+SimSun" bbox="347.280,603.269,357.840,613.829" colourspace="ICCBased" ncolour="[0]" size="10.560">病</text>
                <text font="JQUZDQ+SimSun" bbox="357.840,603.269,368.400,613.829" colourspace="ICCBased" ncolour="[0]" size="10.560">或</text>
                <text font="JQUZDQ+SimSun" bbox="368.400,603.269,378.960,613.829" colourspace="ICCBased" ncolour="[0]" size="10.560">意</text>
                <text font="JQUZDQ+SimSun" bbox="378.960,603.269,389.520,613.829" colourspace="ICCBased" ncolour="[0]" size="10.560">外</text>
                <text font="JQUZDQ+SimSun" bbox="389.520,603.269,400.080,613.829" colourspace="ICCBased" ncolour="[0]" size="10.560">导</text>
                <text font="JQUZDQ+SimSun" bbox="399.840,603.269,410.400,613.829" colourspace="ICCBased" ncolour="[0]" size="10.560">致</text>
                <text font="JQUZDQ+SimSun" bbox="410.400,603.269,420.960,613.829" colourspace="ICCBased" ncolour="[0]" size="10.560">的</text>
                <text font="JQUZDQ+SimSun" bbox="420.960,603.269,431.520,613.829" colourspace="ICCBased" ncolour="[0]" size="10.560">继</text>
                <text font="JQUZDQ+SimSun" bbox="431.520,603.269,442.080,613.829" colourspace="ICCBased" ncolour="[0]" size="10.560">发</text>
                <text font="JQUZDQ+SimSun" bbox="442.080,603.269,452.640,613.829" colourspace="ICCBased" ncolour="[0]" size="10.560">性</text>
                <text font="JQUZDQ+SimSun" bbox="452.400,603.269,462.960,613.829" colourspace="ICCBased" ncolour="[0]" size="10.560">脊</text>
                <text font="JQUZDQ+SimSun" bbox="462.960,603.269,473.520,613.829" colourspace="ICCBased" ncolour="[0]" size="10.560">柱</text>
                <text font="JQUZDQ+SimSun" bbox="473.520,603.269,484.080,613.829" colourspace="ICCBased" ncolour="[0]" size="10.560">侧</text>
                <text font="JQUZDQ+SimSun" bbox="484.080,603.269,494.640,613.829" colourspace="ICCBased" ncolour="[0]" size="10.560">弯</text>
                <text font="JQUZDQ+SimSun" bbox="494.640,603.269,505.200,613.829" colourspace="ICCBased" ncolour="[0]" size="10.560">而</text>
                <text font="JQUZDQ+SimSun" bbox="505.200,603.269,515.760,613.829" colourspace="ICCBased" ncolour="[0]" size="10.560">进</text>
                <text font="JQUZDQ+SimSun" bbox="515.760,603.269,526.320,613.829" colourspace="ICCBased" ncolour="[0]" size="10.560">行</text>
                <text font="JQUZDQ+SimSun" bbox="526.080,603.269,536.640,613.829" colourspace="ICCBased" ncolour="[0]" size="10.560">的</text>
                <text font="JQUZDQ+SimSun" bbox="536.640,603.269,547.200,613.829" colourspace="ICCBased" ncolour="[0]" size="10.560">手</text>
                <text>
                </text>
            </textline>
            <textline bbox="210.480,587.669,341.760,598.229">
                <text font="JQUZDQ+SimSun" bbox="210.480,587.669,221.040,598.229" colourspace="ICCBased" ncolour="[0]" size="10.560">术</text>
                <text font="JQUZDQ+SimSun" bbox="221.040,587.669,231.600,598.229" colourspace="ICCBased" ncolour="[0]" size="10.560">治</text>
                <text font="JQUZDQ+SimSun" bbox="231.600,587.669,242.160,598.229" colourspace="ICCBased" ncolour="[0]" size="10.560">疗</text>
                <text font="JQUZDQ+SimSun" bbox="242.160,587.669,252.720,598.229" colourspace="ICCBased" ncolour="[0]" size="10.560">不</text>
                <text font="JQUZDQ+SimSun" bbox="252.720,587.669,263.280,598.229" colourspace="ICCBased" ncolour="[0]" size="10.560">属</text>
                <text font="JQUZDQ+SimSun" bbox="263.040,587.669,273.600,598.229" colourspace="ICCBased" ncolour="[0]" size="10.560">于</text>
                <text font="JQUZDQ+SimSun" bbox="273.600,587.669,284.160,598.229" colourspace="ICCBased" ncolour="[0]" size="10.560">本</text>
                <text font="JQUZDQ+SimSun" bbox="284.160,587.669,294.720,598.229" colourspace="ICCBased" ncolour="[0]" size="10.560">保</text>
                <text font="JQUZDQ+SimSun" bbox="294.720,587.669,305.280,598.229" colourspace="ICCBased" ncolour="[0]" size="10.560">障</text>
                <text font="JQUZDQ+SimSun" bbox="305.040,587.669,315.600,598.229" colourspace="ICCBased" ncolour="[0]" size="10.560">责</text>
                <text font="JQUZDQ+SimSun" bbox="315.600,587.669,326.160,598.229" colourspace="ICCBased" ncolour="[0]" size="10.560">任</text>
                <text font="JQUZDQ+SimSun" bbox="326.160,587.669,336.720,598.229" colourspace="ICCBased" ncolour="[0]" size="10.560">。</text>
                <text font="JTTPDQ+SimSun" bbox="336.480,587.669,341.760,598.229" colourspace="ICCBased" ncolour="[0]" size="10.560"> </text>
                <text>
                </text>
            </textline>
            <textline bbox="210.480,572.069,215.760,582.629">
                <text font="JTTPDQ+SimSun" bbox="210.480,572.069,215.760,582.629" colourspace="ICCBased" ncolour="[0]" size="10.560"> </text>
                <text>
                </text>
            </textline>
            <textline bbox="210.480,557.909,547.200,568.469">
                <text font="JQUZDQ+SimSun" bbox="210.480,557.909,221.040,568.469" colourspace="ICCBased" ncolour="[0]" size="10.560">指</text>
                <text font="JQUZDQ+SimSun" bbox="221.040,557.909,231.600,568.469" colourspace="ICCBased" ncolour="[0]" size="10.560">包</text>
                <text font="JQUZDQ+SimSun" bbox="231.600,557.909,242.160,568.469" colourspace="ICCBased" ncolour="[0]" size="10.560">围</text>
                <text font="JQUZDQ+SimSun" bbox="242.160,557.909,252.720,568.469" colourspace="ICCBased" ncolour="[0]" size="10.560">肢</text>
                <text font="JQUZDQ+SimSun" bbox="252.720,557.909,263.280,568.469" colourspace="ICCBased" ncolour="[0]" size="10.560">体</text>
                <text font="JQUZDQ+SimSun" bbox="263.280,557.909,273.840,568.469" colourspace="ICCBased" ncolour="[0]" size="10.560">或</text>
                <text font="JQUZDQ+SimSun" bbox="273.840,557.909,284.400,568.469" colourspace="ICCBased" ncolour="[0]" size="10.560">者</text>
                <text font="JQUZDQ+SimSun" bbox="284.160,557.909,294.720,568.469" colourspace="ICCBased" ncolour="[0]" size="10.560">躯</text>
                <text font="JQUZDQ+SimSun" bbox="294.720,557.909,305.280,568.469" colourspace="ICCBased" ncolour="[0]" size="10.560">干</text>
                <text font="JQUZDQ+SimSun" bbox="305.280,557.909,315.840,568.469" colourspace="ICCBased" ncolour="[0]" size="10.560">的</text>
                <text font="JQUZDQ+SimSun" bbox="315.840,557.909,326.400,568.469" colourspace="ICCBased" ncolour="[0]" size="10.560">浅</text>
                <text font="JQUZDQ+SimSun" bbox="326.400,557.909,336.960,568.469" colourspace="ICCBased" ncolour="[0]" size="10.560">筋</text>
                <text font="JQUZDQ+SimSun" bbox="336.960,557.909,347.520,568.469" colourspace="ICCBased" ncolour="[0]" size="10.560">膜</text>
                <text font="JQUZDQ+SimSun" bbox="347.280,557.909,357.840,568.469" colourspace="ICCBased" ncolour="[0]" size="10.560">或</text>
                <text font="JQUZDQ+SimSun" bbox="357.840,557.909,368.400,568.469" colourspace="ICCBased" ncolour="[0]" size="10.560">者</text>
                <text font="JQUZDQ+SimSun" bbox="368.400,557.909,378.960,568.469" colourspace="ICCBased" ncolour="[0]" size="10.560">深</text>
                <text font="JQUZDQ+SimSun" bbox="378.960,557.909,389.520,568.469" colourspace="ICCBased" ncolour="[0]" size="10.560">筋</text>
                <text font="JQUZDQ+SimSun" bbox="389.520,557.909,400.080,568.469" colourspace="ICCBased" ncolour="[0]" size="10.560">膜</text>
                <text font="JQUZDQ+SimSun" bbox="399.840,557.909,410.400,568.469" colourspace="ICCBased" ncolour="[0]" size="10.560">受</text>
                <text font="JQUZDQ+SimSun" bbox="410.400,557.909,420.960,568.469" colourspace="ICCBased" ncolour="[0]" size="10.560">到</text>
                <text font="JQUZDQ+SimSun" bbox="420.960,557.909,431.520,568.469" colourspace="ICCBased" ncolour="[0]" size="10.560">溶</text>
                <text font="JQUZDQ+SimSun" bbox="431.520,557.909,442.080,568.469" colourspace="ICCBased" ncolour="[0]" size="10.560">血</text>
                <text font="JQUZDQ+SimSun" bbox="442.080,557.909,452.640,568.469" colourspace="ICCBased" ncolour="[0]" size="10.560">性</text>
                <text font="JQUZDQ+SimSun" bbox="452.400,557.909,462.960,568.469" colourspace="ICCBased" ncolour="[0]" size="10.560">链</text>
                <text font="JQUZDQ+SimSun" bbox="462.960,557.909,473.520,568.469" colourspace="ICCBased" ncolour="[0]" size="10.560">球</text>
                <text font="JQUZDQ+SimSun" bbox="473.520,557.909,484.080,568.469" colourspace="ICCBased" ncolour="[0]" size="10.560">菌</text>
                <text font="JQUZDQ+SimSun" bbox="484.080,557.909,494.640,568.469" colourspace="ICCBased" ncolour="[0]" size="10.560">的</text>
                <text font="JQUZDQ+SimSun" bbox="494.640,557.909,505.200,568.469" colourspace="ICCBased" ncolour="[0]" size="10.560">感</text>
                <text font="JQUZDQ+SimSun" bbox="505.200,557.909,515.760,568.469" colourspace="ICCBased" ncolour="[0]" size="10.560">染</text>
                <text font="JQUZDQ+SimSun" bbox="515.760,557.909,526.320,568.469" colourspace="ICCBased" ncolour="[0]" size="10.560">，</text>
                <text font="JQUZDQ+SimSun" bbox="526.080,557.909,536.640,568.469" colourspace="ICCBased" ncolour="[0]" size="10.560">病</text>
                <text font="JQUZDQ+SimSun" bbox="536.640,557.909,547.200,568.469" colourspace="ICCBased" ncolour="[0]" size="10.560">情</text>
                <text>
                </text>
            </textline>
            <textline bbox="210.480,542.312,547.200,552.872">
                <text font="JQUZDQ+SimSun" bbox="210.480,542.312,221.040,552.872" colourspace="ICCBased" ncolour="[0]" size="10.560">在</text>
                <text font="JQUZDQ+SimSun" bbox="221.040,542.312,231.600,552.872" colourspace="ICCBased" ncolour="[0]" size="10.560">短</text>
                <text font="JQUZDQ+SimSun" bbox="231.600,542.312,242.160,552.872" colourspace="ICCBased" ncolour="[0]" size="10.560">时</text>
                <text font="JQUZDQ+SimSun" bbox="242.160,542.312,252.720,552.872" colourspace="ICCBased" ncolour="[0]" size="10.560">间</text>
                <text font="JQUZDQ+SimSun" bbox="252.720,542.312,263.280,552.872" colourspace="ICCBased" ncolour="[0]" size="10.560">内</text>
                <text font="JQUZDQ+SimSun" bbox="263.280,542.312,273.840,552.872" colourspace="ICCBased" ncolour="[0]" size="10.560">急</text>
                <text font="JQUZDQ+SimSun" bbox="273.840,542.312,284.400,552.872" colourspace="ICCBased" ncolour="[0]" size="10.560">剧</text>
                <text font="JQUZDQ+SimSun" bbox="284.160,542.312,294.720,552.872" colourspace="ICCBased" ncolour="[0]" size="10.560">恶</text>
                <text font="JQUZDQ+SimSun" bbox="294.720,542.312,305.280,552.872" colourspace="ICCBased" ncolour="[0]" size="10.560">化</text>
                <text font="JQUZDQ+SimSun" bbox="305.280,542.312,315.840,552.872" colourspace="ICCBased" ncolour="[0]" size="10.560">，</text>
                <text font="JQUZDQ+SimSun" bbox="315.840,542.312,326.400,552.872" colourspace="ICCBased" ncolour="[0]" size="10.560">且</text>
                <text font="JQUZDQ+SimSun" bbox="326.400,542.312,336.960,552.872" colourspace="ICCBased" ncolour="[0]" size="10.560">已</text>
                <text font="JQUZDQ+SimSun" bbox="336.960,542.312,347.520,552.872" colourspace="ICCBased" ncolour="[0]" size="10.560">经</text>
                <text font="JQUZDQ+SimSun" bbox="347.280,542.312,357.840,552.872" colourspace="ICCBased" ncolour="[0]" size="10.560">立</text>
                <text font="JQUZDQ+SimSun" bbox="357.840,542.312,368.400,552.872" colourspace="ICCBased" ncolour="[0]" size="10.560">刻</text>
                <text font="JQUZDQ+SimSun" bbox="368.400,542.312,378.960,552.872" colourspace="ICCBased" ncolour="[0]" size="10.560">进</text>
                <text font="JQUZDQ+SimSun" bbox="378.960,542.312,389.520,552.872" colourspace="ICCBased" ncolour="[0]" size="10.560">行</text>
                <text font="JQUZDQ+SimSun" bbox="389.520,542.312,400.080,552.872" colourspace="ICCBased" ncolour="[0]" size="10.560">了</text>
                <text font="JQUZDQ+SimSun" bbox="399.840,542.312,410.400,552.872" colourspace="ICCBased" ncolour="[0]" size="10.560">手</text>
                <text font="JQUZDQ+SimSun" bbox="410.400,542.312,420.960,552.872" colourspace="ICCBased" ncolour="[0]" size="10.560">术</text>
                <text font="JQUZDQ+SimSun" bbox="420.960,542.312,431.520,552.872" colourspace="ICCBased" ncolour="[0]" size="10.560">。</text>
                <text font="JQUZDQ+SimSun" bbox="431.520,542.312,442.080,552.872" colourspace="ICCBased" ncolour="[0]" size="10.560">最</text>
                <text font="JQUZDQ+SimSun" bbox="442.080,542.312,452.640,552.872" colourspace="ICCBased" ncolour="[0]" size="10.560">后</text>
                <text font="JQUZDQ+SimSun" bbox="452.400,542.312,462.960,552.872" colourspace="ICCBased" ncolour="[0]" size="10.560">的</text>
                <text font="JQUZDQ+SimSun" bbox="462.960,542.312,473.520,552.872" colourspace="ICCBased" ncolour="[0]" size="10.560">诊</text>
                <text font="JQUZDQ+SimSun" bbox="473.520,542.312,484.080,552.872" colourspace="ICCBased" ncolour="[0]" size="10.560">断</text>
                <text font="JQUZDQ+SimSun" bbox="484.080,542.312,494.640,552.872" colourspace="ICCBased" ncolour="[0]" size="10.560">必</text>
                <text font="JQUZDQ+SimSun" bbox="494.640,542.312,505.200,552.872" colourspace="ICCBased" ncolour="[0]" size="10.560">须</text>
                <text font="JQUZDQ+SimSun" bbox="505.200,542.312,515.760,552.872" colourspace="ICCBased" ncolour="[0]" size="10.560">由</text>
                <text font="JQUZDQ+SimSun" bbox="515.760,542.312,526.320,552.872" colourspace="ICCBased" ncolour="[0]" size="10.560">微</text>
                <text font="JQUZDQ+SimSun" bbox="526.080,542.312,536.640,552.872" colourspace="ICCBased" ncolour="[0]" size="10.560">生</text>
                <text font="JQUZDQ+SimSun" bbox="536.640,542.312,547.200,552.872" colourspace="ICCBased" ncolour="[0]" size="10.560">物</text>
                <text>
                </text>
            </textline>
            <textline bbox="210.480,526.715,394.319,537.275">
                <text font="JQUZDQ+SimSun" bbox="210.480,526.715,221.040,537.275" colourspace="ICCBased" ncolour="[0]" size="10.560">或</text>
                <text font="JQUZDQ+SimSun" bbox="221.040,526.715,231.600,537.275" colourspace="ICCBased" ncolour="[0]" size="10.560">者</text>
                <text font="JQUZDQ+SimSun" bbox="231.600,526.715,242.160,537.275" colourspace="ICCBased" ncolour="[0]" size="10.560">病</text>
                <text font="JQUZDQ+SimSun" bbox="242.160,526.715,252.720,537.275" colourspace="ICCBased" ncolour="[0]" size="10.560">理</text>
                <text font="JQUZDQ+SimSun" bbox="252.720,526.715,263.280,537.275" colourspace="ICCBased" ncolour="[0]" size="10.560">学</text>
                <text font="JQUZDQ+SimSun" bbox="263.040,526.715,273.600,537.275" colourspace="ICCBased" ncolour="[0]" size="10.560">专</text>
                <text font="JQUZDQ+SimSun" bbox="273.600,526.715,284.160,537.275" colourspace="ICCBased" ncolour="[0]" size="10.560">家</text>
                <text font="JQUZDQ+SimSun" bbox="284.160,526.715,294.720,537.275" colourspace="ICCBased" ncolour="[0]" size="10.560">进</text>
                <text font="JQUZDQ+SimSun" bbox="294.720,526.715,305.280,537.275" colourspace="ICCBased" ncolour="[0]" size="10.560">行</text>
                <text font="JQUZDQ+SimSun" bbox="305.040,526.715,315.600,537.275" colourspace="ICCBased" ncolour="[0]" size="10.560">相</text>
                <text font="JQUZDQ+SimSun" bbox="315.600,526.715,326.160,537.275" colourspace="ICCBased" ncolour="[0]" size="10.560">关</text>
                <text font="JQUZDQ+SimSun" bbox="326.160,526.715,336.720,537.275" colourspace="ICCBased" ncolour="[0]" size="10.560">检</text>
                <text font="JQUZDQ+SimSun" bbox="336.720,526.715,347.280,537.275" colourspace="ICCBased" ncolour="[0]" size="10.560">查</text>
                <text font="JQUZDQ+SimSun" bbox="347.040,526.715,357.600,537.275" colourspace="ICCBased" ncolour="[0]" size="10.560">后</text>
                <text font="JQUZDQ+SimSun" bbox="357.600,526.715,368.160,537.275" colourspace="ICCBased" ncolour="[0]" size="10.560">证</text>
                <text font="JQUZDQ+SimSun" bbox="368.160,526.715,378.720,537.275" colourspace="ICCBased" ncolour="[0]" size="10.560">实</text>
                <text font="JQUZDQ+SimSun" bbox="378.720,526.715,389.280,537.275" colourspace="ICCBased" ncolour="[0]" size="10.560">。</text>
                <text font="JTTPDQ+SimSun" bbox="389.039,526.715,394.319,537.275" colourspace="ICCBased" ncolour="[0]" size="10.560"> </text>
                <text>
                </text>
            </textline>
            <textline bbox="210.480,511.109,215.760,521.669">
                <text font="JTTPDQ+SimSun" bbox="210.480,511.109,215.760,521.669" colourspace="ICCBased" ncolour="[0]" size="10.560"> </text>
                <text>
                </text>
            </textline>
        </textbox>
        <textbox id="1" bbox="97.440,693.408,100.368,705.408">
            <textline bbox="97.440,693.408,100.368,705.408">
                <text font="ERELLA+STXinwei" bbox="97.440,693.408,100.368,705.408" colourspace="ICCBased" ncolour="[0]" size="12.000"> </text>
                <text>
                </text>
            </textline>
        </textbox>
        <textbox id="2" bbox="63.600,679.248,199.680,704.789">
            <textline bbox="68.880,694.229,74.160,704.789">
                <text font="JTTPDQ+SimSun" bbox="68.880,694.229,74.160,704.789" colourspace="ICCBased" ncolour="[0]" size="10.560"> </text>
                <text>
                </text>
            </textline>
            <textline bbox="63.600,679.248,199.680,691.248">
                <text font="JTTPDQ+SimSun" bbox="63.600,680.069,68.880,690.629" colourspace="ICCBased" ncolour="[0]" size="10.560">7</text>
                <text font="JTTPDQ+SimSun" bbox="68.880,680.069,74.160,690.629" colourspace="ICCBased" ncolour="[0]" size="10.560">8</text>
                <text font="JTTPDQ+SimSun" bbox="74.160,680.069,79.440,690.629" colourspace="ICCBased" ncolour="[0]" size="10.560"> </text>
                <text> </text>
                <text font="ERELLA+STXinwei" bbox="97.440,679.248,109.440,691.248" colourspace="ICCBased" ncolour="[0]" size="12.000">多</text>
                <text font="ERELLA+STXinwei" bbox="110.400,679.248,122.400,691.248" colourspace="ICCBased" ncolour="[0]" size="12.000">处</text>
                <text font="ERELLA+STXinwei" bbox="123.360,679.248,135.360,691.248" colourspace="ICCBased" ncolour="[0]" size="12.000">臂</text>
                <text font="ERELLA+STXinwei" bbox="136.080,679.248,148.080,691.248" colourspace="ICCBased" ncolour="[0]" size="12.000">丛</text>
                <text font="ERELLA+STXinwei" bbox="149.040,679.248,161.040,691.248" colourspace="ICCBased" ncolour="[0]" size="12.000">神</text>
                <text font="ERELLA+STXinwei" bbox="162.000,679.248,174.000,691.248" colourspace="ICCBased" ncolour="[0]" size="12.000">经</text>
                <text font="ERELLA+STXinwei" bbox="174.720,679.248,186.720,691.248" colourspace="ICCBased" ncolour="[0]" size="12.000">根</text>
                <text font="ERELLA+STXinwei" bbox="187.680,679.248,199.680,691.248" colourspace="ICCBased" ncolour="[0]" size="12.000">性</text>
                <text>
                </text>
            </textline>
        </textbox>
        <textbox id="3" bbox="97.440,663.168,124.368,675.168">
            <textline bbox="97.440,663.168,124.368,675.168">
                <text font="ERELLA+STXinwei" bbox="97.440,663.168,109.440,675.168" colourspace="ICCBased" ncolour="[0]" size="12.000">撕</text>
                <text font="ERELLA+STXinwei" bbox="109.440,663.168,121.440,675.168" colourspace="ICCBased" ncolour="[0]" size="12.000">脱</text>
                <text font="ERELLA+STXinwei" bbox="121.440,663.168,124.368,675.168" colourspace="ICCBased" ncolour="[0]" size="12.000"> </text>
                <text>
                </text>
            </textline>
        </textbox>
        <textbox id="4" bbox="97.440,632.448,100.368,644.448">
            <textline bbox="97.440,632.448,100.368,644.448">
                <text font="ERELLA+STXinwei" bbox="97.440,632.448,100.368,644.448" colourspace="ICCBased" ncolour="[0]" size="12.000"> </text>
                <text>
                </text>
            </textline>
        </textbox>
        <textbox id="5" bbox="63.600,618.048,199.680,643.829">
            <textline bbox="68.880,633.269,74.160,643.829">
                <text font="JTTPDQ+SimSun" bbox="68.880,633.269,74.160,643.829" colourspace="ICCBased" ncolour="[0]" size="10.560"> </text>
                <text>
                </text>
            </textline>
            <textline bbox="63.600,618.048,199.680,630.048">
                <text font="JTTPDQ+SimSun" bbox="63.600,618.869,68.880,629.429" colourspace="ICCBased" ncolour="[0]" size="10.560">7</text>
                <text font="JTTPDQ+SimSun" bbox="68.880,618.869,74.160,629.429" colourspace="ICCBased" ncolour="[0]" size="10.560">9</text>
                <text font="JTTPDQ+SimSun" bbox="74.160,618.869,79.440,629.429" colourspace="ICCBased" ncolour="[0]" size="10.560"> </text>
                <text> </text>
                <text font="ERELLA+STXinwei" bbox="97.440,618.048,109.440,630.048" colourspace="ICCBased" ncolour="[0]" size="12.000">原</text>
                <text font="ERELLA+STXinwei" bbox="110.400,618.048,122.400,630.048" colourspace="ICCBased" ncolour="[0]" size="12.000">发</text>
                <text font="ERELLA+STXinwei" bbox="123.360,618.048,135.360,630.048" colourspace="ICCBased" ncolour="[0]" size="12.000">性</text>
                <text font="ERELLA+STXinwei" bbox="136.080,618.048,148.080,630.048" colourspace="ICCBased" ncolour="[0]" size="12.000">脊</text>
                <text font="ERELLA+STXinwei" bbox="149.040,618.048,161.040,630.048" colourspace="ICCBased" ncolour="[0]" size="12.000">柱</text>
                <text font="ERELLA+STXinwei" bbox="162.000,618.048,174.000,630.048" colourspace="ICCBased" ncolour="[0]" size="12.000">侧</text>
                <text font="ERELLA+STXinwei" bbox="174.720,618.048,186.720,630.048" colourspace="ICCBased" ncolour="[0]" size="12.000">弯</text>
                <text font="ERELLA+STXinwei" bbox="187.680,618.048,199.680,630.048" colourspace="ICCBased" ncolour="[0]" size="12.000">的</text>
                <text>
                </text>
            </textline>
        </textbox>
        <textbox id="6" bbox="97.440,602.208,148.368,614.208">
            <textline bbox="97.440,602.208,148.368,614.208">
                <text font="ERELLA+STXinwei" bbox="97.440,602.208,109.440,614.208" colourspace="ICCBased" ncolour="[0]" size="12.000">矫</text>
                <text font="ERELLA+STXinwei" bbox="109.440,602.208,121.440,614.208" colourspace="ICCBased" ncolour="[0]" size="12.000">正</text>
                <text font="ERELLA+STXinwei" bbox="121.440,602.208,133.440,614.208" colourspace="ICCBased" ncolour="[0]" size="12.000">手</text>
                <text font="ERELLA+STXinwei" bbox="133.440,602.208,145.440,614.208" colourspace="ICCBased" ncolour="[0]" size="12.000">术</text>
                <text font="ERELLA+STXinwei" bbox="145.440,602.208,148.368,614.208" colourspace="ICCBased" ncolour="[0]" size="12.000"> </text>
                <text>
                </text>
            </textline>
        </textbox>
        <textbox id="7" bbox="63.600,557.088,199.680,569.088">
            <textline bbox="63.600,557.088,199.680,569.088">
                <text font="JTTPDQ+SimSun" bbox="63.600,557.909,68.880,568.469" colourspace="ICCBased" ncolour="[0]" size="10.560">8</text>
                <text font="JTTPDQ+SimSun" bbox="68.880,557.909,74.160,568.469" colourspace="ICCBased" ncolour="[0]" size="10.560">0</text>
                <text font="JTTPDQ+SimSun" bbox="74.160,557.909,79.440,568.469" colourspace="ICCBased" ncolour="[0]" size="10.560"> </text>
                <text> </text>
                <text font="ERELLA+STXinwei" bbox="97.440,557.088,109.440,569.088" colourspace="ICCBased" ncolour="[0]" size="12.000">溶</text>
                <text font="ERELLA+STXinwei" bbox="110.400,557.088,122.400,569.088" colourspace="ICCBased" ncolour="[0]" size="12.000">血</text>
                <text font="ERELLA+STXinwei" bbox="123.360,557.088,135.360,569.088" colourspace="ICCBased" ncolour="[0]" size="12.000">性</text>
                <text font="ERELLA+STXinwei" bbox="136.080,557.088,148.080,569.088" colourspace="ICCBased" ncolour="[0]" size="12.000">链</text>
                <text font="ERELLA+STXinwei" bbox="149.040,557.088,161.040,569.088" colourspace="ICCBased" ncolour="[0]" size="12.000">球</text>
                <text font="ERELLA+STXinwei" bbox="162.000,557.088,174.000,569.088" colourspace="ICCBased" ncolour="[0]" size="12.000">菌</text>
                <text font="ERELLA+STXinwei" bbox="174.720,557.088,186.720,569.088" colourspace="ICCBased" ncolour="[0]" size="12.000">引</text>
                <text font="ERELLA+STXinwei" bbox="187.680,557.088,199.680,569.088" colourspace="ICCBased" ncolour="[0]" size="12.000">起</text>
                <text>
                </text>
            </textline>
        </textbox>
        <textbox id="8" bbox="97.440,541.248,136.368,553.248">
            <textline bbox="97.440,541.248,136.368,553.248">
                <text font="ERELLA+STXinwei" bbox="97.440,541.248,109.440,553.248" colourspace="ICCBased" ncolour="[0]" size="12.000">的</text>
                <text font="ERELLA+STXinwei" bbox="109.440,541.248,121.440,553.248" colourspace="ICCBased" ncolour="[0]" size="12.000">坏</text>
                <text font="ERELLA+STXinwei" bbox="121.440,541.248,133.440,553.248" colourspace="ICCBased" ncolour="[0]" size="12.000">疽</text>
                <text font="ERELLA+STXinwei" bbox="133.440,541.248,136.368,553.248" colourspace="ICCBased" ncolour="[0]" size="12.000"> </text>
                <text>
                </text>
            </textline>
        </textbox>
        <textbox id="9" bbox="97.440,571.248,100.368,583.248">
            <textline bbox="97.440,571.248,100.368,583.248">
                <text font="ERELLA+STXinwei" bbox="97.440,571.248,100.368,583.248" colourspace="ICCBased" ncolour="[0]" size="12.000"> </text>
                <text>
                </text>
            </textline>
        </textbox>
        <textbox id="10" bbox="97.440,511.109,102.720,521.669">
            <textline bbox="97.440,511.109,102.720,521.669">
                <text font="JTTPDQ+SimSun" bbox="97.440,511.109,102.720,521.669" colourspace="ICCBased" ncolour="[0]" size="10.560"> </text>
                <text>
                </text>
            </textline>
        </textbox>
        <textbox id="11" bbox="51.120,572.069,56.400,582.629">
            <textline bbox="51.120,572.069,56.400,582.629">
                <text font="JTTPDQ+SimSun" bbox="51.120,572.069,56.400,582.629" colourspace="ICCBased" ncolour="[0]" size="10.560"> </text>
                <text>
                </text>
            </textline>
        </textbox>
        <textbox id="12" bbox="51.120,511.109,56.400,521.669">
            <textline bbox="51.120,511.109,56.400,521.669">
                <text font="JTTPDQ+SimSun" bbox="51.120,511.109,56.400,521.669" colourspace="ICCBased" ncolour="[0]" size="10.560"> </text>
                <text>
                </text>
            </textline>
        </textbox>
        <textbox id="13" bbox="51.120,453.509,56.400,464.069">
            <textline bbox="51.120,453.509,56.400,464.069">
                <text font="JTTPDQ+SimSun" bbox="51.120,453.509,56.400,464.069" colourspace="ICCBased" ncolour="[0]" size="10.560"> </text>
                <text>
                </text>
            </textline>
        </textbox>
        <textbox id="14" bbox="60.000,489.237,199.680,509.157">
            <textline bbox="60.000,489.237,199.680,509.157">
                <text font="ZTWRTK+Wingdings2" bbox="60.000,489.237,77.769,509.157" colourspace="ICCBased" ncolour="[0]" size="19.920"></text>
                <text font="ZTWRTK+Wingdings2" bbox="77.760,489.237,97.680,509.157" colourspace="ICCBased" ncolour="[0]" size="19.920"> </text>
                <text font="JQUZDQ+SimSun" bbox="97.440,490.980,109.440,502.980" colourspace="ICCBased" ncolour="[0]" size="12.000">需</text>
                <text font="JQUZDQ+SimSun" bbox="109.440,490.980,121.440,502.980" colourspace="ICCBased" ncolour="[0]" size="12.000">关</text>
                <text font="JQUZDQ+SimSun" bbox="121.680,490.980,133.680,502.980" colourspace="ICCBased" ncolour="[0]" size="12.000">注</text>
                <text font="JQUZDQ+SimSun" bbox="133.680,490.980,145.680,502.980" colourspace="ICCBased" ncolour="[0]" size="12.000">的</text>
                <text font="JQUZDQ+SimSun" bbox="145.680,490.980,157.680,502.980" colourspace="ICCBased" ncolour="[0]" size="12.000">其</text>
                <text font="JQUZDQ+SimSun" bbox="157.680,490.980,169.680,502.980" colourspace="ICCBased" ncolour="[0]" size="12.000">他</text>
                <text font="JQUZDQ+SimSun" bbox="169.680,490.980,181.680,502.980" colourspace="ICCBased" ncolour="[0]" size="12.000">内</text>
                <text font="JQUZDQ+SimSun" bbox="181.680,490.980,193.680,502.980" colourspace="ICCBased" ncolour="[0]" size="12.000">容</text>
                <text font="JTTPDQ+SimSun" bbox="193.680,490.980,199.680,502.980" colourspace="ICCBased" ncolour="[0]" size="12.000"> </text>
                <text>
                </text>
            </textline>
        </textbox>
        <textbox id="15" bbox="60.960,426.149,304.080,481.968">
            <textline bbox="97.440,469.558,304.080,481.968">
                <text font="ERELLA+STXinwei" bbox="97.440,469.968,109.440,481.968" colourspace="ICCBased" ncolour="[0]" size="12.000">这</text>
                <text font="ERELLA+STXinwei" bbox="109.440,469.968,121.440,481.968" colourspace="ICCBased" ncolour="[0]" size="12.000">部</text>
                <text font="ERELLA+STXinwei" bbox="121.440,469.968,133.440,481.968" colourspace="ICCBased" ncolour="[0]" size="12.000">分</text>
                <text font="ERELLA+STXinwei" bbox="133.440,469.968,145.440,481.968" colourspace="ICCBased" ncolour="[0]" size="12.000">讲</text>
                <text font="ERELLA+STXinwei" bbox="145.440,469.968,157.440,481.968" colourspace="ICCBased" ncolour="[0]" size="12.000">的</text>
                <text font="ERELLA+STXinwei" bbox="157.440,469.968,169.440,481.968" colourspace="ICCBased" ncolour="[0]" size="12.000">是</text>
                <text font="ERELLA+STXinwei" bbox="169.440,469.968,181.440,481.968" colourspace="ICCBased" ncolour="[0]" size="12.000">您</text>
                <text font="ERELLA+STXinwei" bbox="181.440,469.968,193.440,481.968" colourspace="ICCBased" ncolour="[0]" size="12.000">应</text>
                <text font="ERELLA+STXinwei" bbox="193.440,469.968,205.440,481.968" colourspace="ICCBased" ncolour="[0]" size="12.000">当</text>
                <text font="ERELLA+STXinwei" bbox="205.440,469.968,217.440,481.968" colourspace="ICCBased" ncolour="[0]" size="12.000">注</text>
                <text font="ERELLA+STXinwei" bbox="217.440,469.968,229.440,481.968" colourspace="ICCBased" ncolour="[0]" size="12.000">意</text>
                <text font="ERELLA+STXinwei" bbox="229.440,469.968,241.440,481.968" colourspace="ICCBased" ncolour="[0]" size="12.000">的</text>
                <text font="ERELLA+STXinwei" bbox="241.440,469.968,253.440,481.968" colourspace="ICCBased" ncolour="[0]" size="12.000">其</text>
                <text font="ERELLA+STXinwei" bbox="253.440,469.968,265.440,481.968" colourspace="ICCBased" ncolour="[0]" size="12.000">他</text>
                <text font="ERELLA+STXinwei" bbox="265.440,469.968,277.440,481.968" colourspace="ICCBased" ncolour="[0]" size="12.000">事</text>
                <text font="ERELLA+STXinwei" bbox="277.440,469.968,289.440,481.968" colourspace="ICCBased" ncolour="[0]" size="12.000">项</text>
                <text font="ERELLA+STXinwei" bbox="289.440,469.968,301.440,481.968" colourspace="ICCBased" ncolour="[0]" size="12.000">。</text>
                <text font="TimesNewRomanPSMT" bbox="301.440,469.558,304.080,480.118" colourspace="ICCBased" ncolour="[0]" size="10.560"> </text>
                <text>
                </text>
            </textline>
            <textline bbox="97.440,453.509,102.720,464.069">
                <text font="JTTPDQ+SimSun" bbox="97.440,453.509,102.720,464.069" colourspace="ICCBased" ncolour="[0]" size="10.560"> </text>
                <text>
                </text>
            </textline>
            <textline bbox="60.960,441.749,144.960,452.309">
                <text font="JTTPDQ+SimSun" bbox="60.960,441.749,66.240,452.309" colourspace="ICCBased" ncolour="[0]" size="10.560">8</text>
                <text font="JTTPDQ+SimSun" bbox="66.240,441.749,71.520,452.309" colourspace="ICCBased" ncolour="[0]" size="10.560">.</text>
                <text font="JTTPDQ+SimSun" bbox="71.520,441.749,76.800,452.309" colourspace="ICCBased" ncolour="[0]" size="10.560">1</text>
                <text font="JTTPDQ+SimSun" bbox="76.800,441.749,82.080,452.309" colourspace="ICCBased" ncolour="[0]" size="10.560"> </text>
                <text> </text>
                <text font="JQUZDQ+SimSun" bbox="97.440,441.749,108.000,452.309" colourspace="ICCBased" ncolour="[0]" size="10.560">合</text>
                <text font="JQUZDQ+SimSun" bbox="108.000,441.749,118.560,452.309" colourspace="ICCBased" ncolour="[0]" size="10.560">同</text>
                <text font="JQUZDQ+SimSun" bbox="118.560,441.749,129.120,452.309" colourspace="ICCBased" ncolour="[0]" size="10.560">订</text>
                <text font="JQUZDQ+SimSun" bbox="129.120,441.749,139.680,452.309" colourspace="ICCBased" ncolour="[0]" size="10.560">立</text>
                <text font="JTTPDQ+SimSun" bbox="139.680,441.749,144.960,452.309" colourspace="ICCBased" ncolour="[0]" size="10.560"> </text>
                <text>
                </text>
            </textline>
            <textline bbox="97.440,426.149,102.720,436.709">
                <text font="JTTPDQ+SimSun" bbox="97.440,426.149,102.720,436.709" colourspace="ICCBased" ncolour="[0]" size="10.560"> </text>
                <text>
                </text>
            </textline>
        </textbox>
        <textbox id="16" bbox="68.880,426.149,74.160,436.709">
            <textline bbox="68.880,426.149,74.160,436.709">
                <text font="JTTPDQ+SimSun" bbox="68.880,426.149,74.160,436.709" colourspace="ICCBased" ncolour="[0]" size="10.560"> </text>
                <text>
                </text>
            </textline>
        </textbox>
        <textbox id="17" bbox="60.960,413.429,519.120,423.989">
            <textline bbox="60.960,413.429,519.120,423.989">
                <text font="JTTPDQ+SimSun" bbox="60.960,413.429,66.240,423.989" colourspace="ICCBased" ncolour="[0]" size="10.560">8</text>
                <text font="JTTPDQ+SimSun" bbox="66.240,413.429,71.520,423.989" colourspace="ICCBased" ncolour="[0]" size="10.560">.</text>
                <text font="JTTPDQ+SimSun" bbox="71.520,413.429,76.800,423.989" colourspace="ICCBased" ncolour="[0]" size="10.560">2</text>
                <text font="JTTPDQ+SimSun" bbox="76.800,413.429,82.080,423.989" colourspace="ICCBased" ncolour="[0]" size="10.560"> </text>
                <text> </text>
                <text font="JQUZDQ+SimSun" bbox="97.440,413.429,108.000,423.989" colourspace="ICCBased" ncolour="[0]" size="10.560">合</text>
                <text font="JQUZDQ+SimSun" bbox="108.000,413.429,118.560,423.989" colourspace="ICCBased" ncolour="[0]" size="10.560">同</text>
                <text font="JQUZDQ+SimSun" bbox="118.560,413.429,129.120,423.989" colourspace="ICCBased" ncolour="[0]" size="10.560">生</text>
                <text font="JQUZDQ+SimSun" bbox="129.120,413.429,139.680,423.989" colourspace="ICCBased" ncolour="[0]" size="10.560">效</text>
                <text font="JTTPDQ+SimSun" bbox="139.680,413.429,144.960,423.989" colourspace="ICCBased" ncolour="[0]" size="10.560"> </text>
                <text font="JTTPDQ+SimSun" bbox="144.960,413.429,150.240,423.989" colourspace="ICCBased" ncolour="[0]" size="10.560"> </text>
                <text font="JTTPDQ+SimSun" bbox="150.240,413.429,155.520,423.989" colourspace="ICCBased" ncolour="[0]" size="10.560"> </text>
                <text font="JTTPDQ+SimSun" bbox="155.520,413.429,160.800,423.989" colourspace="ICCBased" ncolour="[0]" size="10.560"> </text>
                <text font="JTTPDQ+SimSun" bbox="160.800,413.429,166.080,423.989" colourspace="ICCBased" ncolour="[0]" size="10.560"> </text>
                <text font="JTTPDQ+SimSun" bbox="166.080,413.429,171.360,423.989" colourspace="ICCBased" ncolour="[0]" size="10.560"> </text>
                <text font="JTTPDQ+SimSun" bbox="171.360,413.429,176.640,423.989" colourspace="ICCBased" ncolour="[0]" size="10.560"> </text>
                <text font="JTTPDQ+SimSun" bbox="176.640,413.429,181.920,423.989" colourspace="ICCBased" ncolour="[0]" size="10.560"> </text>
                <text font="JTTPDQ+SimSun" bbox="181.920,413.429,187.200,423.989" colourspace="ICCBased" ncolour="[0]" size="10.560"> </text>
                <text font="JTTPDQ+SimSun" bbox="187.200,413.429,192.480,423.989" colourspace="ICCBased" ncolour="[0]" size="10.560"> </text>
                <text font="JTTPDQ+SimSun" bbox="192.480,413.429,197.760,423.989" colourspace="ICCBased" ncolour="[0]" size="10.560"> </text>
                <text font="JTTPDQ+SimSun" bbox="197.760,413.429,203.040,423.989" colourspace="ICCBased" ncolour="[0]" size="10.560"> </text>
                <text font="JTTPDQ+SimSun" bbox="203.040,413.429,208.320,423.989" colourspace="ICCBased" ncolour="[0]" size="10.560"> </text>
                <text font="JTTPDQ+SimSun" bbox="208.320,413.429,213.600,423.989" colourspace="ICCBased" ncolour="[0]" size="10.560"> </text>
                <text font="JTTPDQ+SimSun" bbox="213.600,413.429,218.880,423.989" colourspace="ICCBased" ncolour="[0]" size="10.560"> </text>
                <text font="JTTPDQ+SimSun" bbox="218.880,413.429,224.160,423.989" colourspace="ICCBased" ncolour="[0]" size="10.560"> </text>
                <text font="JTTPDQ+SimSun" bbox="224.160,413.429,229.440,423.989" colourspace="ICCBased" ncolour="[0]" size="10.560"> </text>
                <text font="JTTPDQ+SimSun" bbox="229.440,413.429,234.720,423.989" colourspace="ICCBased" ncolour="[0]" size="10.560"> </text>
                <text font="JTTPDQ+SimSun" bbox="234.720,413.429,240.000,423.989" colourspace="ICCBased" ncolour="[0]" size="10.560"> </text>
                <text font="JTTPDQ+SimSun" bbox="240.000,413.429,245.280,423.989" colourspace="ICCBased" ncolour="[0]" size="10.560"> </text>
                <text font="JTTPDQ+SimSun" bbox="245.280,413.429,250.560,423.989" colourspace="ICCBased" ncolour="[0]" size="10.560"> </text>
                <text font="JTTPDQ+SimSun" bbox="250.560,413.429,255.840,423.989" colourspace="ICCBased" ncolour="[0]" size="10.560"> </text>
                <text font="JTTPDQ+SimSun" bbox="255.840,413.429,261.120,423.989" colourspace="ICCBased" ncolour="[0]" size="10.560"> </text>
                <text font="JTTPDQ+SimSun" bbox="261.120,413.429,266.400,423.989" colourspace="ICCBased" ncolour="[0]" size="10.560"> </text>
                <text font="JTTPDQ+SimSun" bbox="266.400,413.429,271.680,423.989" colourspace="ICCBased" ncolour="[0]" size="10.560"> </text>
                <text font="JTTPDQ+SimSun" bbox="271.680,413.429,276.960,423.989" colourspace="ICCBased" ncolour="[0]" size="10.560"> </text>
                <text font="JTTPDQ+SimSun" bbox="276.720,413.429,282.000,423.989" colourspace="ICCBased" ncolour="[0]" size="10.560"> </text>
                <text font="JTTPDQ+SimSun" bbox="282.000,413.429,287.280,423.989" colourspace="ICCBased" ncolour="[0]" size="10.560"> </text>
                <text font="JTTPDQ+SimSun" bbox="287.280,413.429,292.560,423.989" colourspace="ICCBased" ncolour="[0]" size="10.560"> </text>
                <text font="JTTPDQ+SimSun" bbox="292.560,413.429,297.840,423.989" colourspace="ICCBased" ncolour="[0]" size="10.560"> </text>
                <text font="JTTPDQ+SimSun" bbox="297.840,413.429,303.120,423.989" colourspace="ICCBased" ncolour="[0]" size="10.560"> </text>
                <text font="JTTPDQ+SimSun" bbox="303.120,413.429,308.400,423.989" colourspace="ICCBased" ncolour="[0]" size="10.560"> </text>
                <text font="JTTPDQ+SimSun" bbox="308.400,413.429,313.680,423.989" colourspace="ICCBased" ncolour="[0]" size="10.560"> </text>
                <text font="JTTPDQ+SimSun" bbox="313.680,413.429,318.960,423.989" colourspace="ICCBased" ncolour="[0]" size="10.560"> </text>
                <text font="JTTPDQ+SimSun" bbox="318.960,413.429,324.240,423.989" colourspace="ICCBased" ncolour="[0]" size="10.560"> </text>
                <text font="JTTPDQ+SimSun" bbox="324.240,413.429,329.520,423.989" colourspace="ICCBased" ncolour="[0]" size="10.560"> </text>
                <text font="JTTPDQ+SimSun" bbox="329.520,413.429,334.800,423.989" colourspace="ICCBased" ncolour="[0]" size="10.560"> </text>
                <text font="JTTPDQ+SimSun" bbox="334.800,413.429,340.080,423.989" colourspace="ICCBased" ncolour="[0]" size="10.560"> </text>
                <text font="JTTPDQ+SimSun" bbox="339.841,413.429,345.121,423.989" colourspace="ICCBased" ncolour="[0]" size="10.560"> </text>
                <text font="JTTPDQ+SimSun" bbox="345.121,413.429,350.401,423.989" colourspace="ICCBased" ncolour="[0]" size="10.560"> </text>
                <text font="JTTPDQ+SimSun" bbox="350.401,413.429,355.681,423.989" colourspace="ICCBased" ncolour="[0]" size="10.560"> </text>
                <text font="JTTPDQ+SimSun" bbox="355.681,413.429,360.961,423.989" colourspace="ICCBased" ncolour="[0]" size="10.560"> </text>
                <text font="JTTPDQ+SimSun" bbox="360.961,413.429,366.241,423.989" colourspace="ICCBased" ncolour="[0]" size="10.560"> </text>
                <text font="JTTPDQ+SimSun" bbox="366.241,413.429,371.521,423.989" colourspace="ICCBased" ncolour="[0]" size="10.560"> </text>
                <text font="JTTPDQ+SimSun" bbox="371.521,413.429,376.801,423.989" colourspace="ICCBased" ncolour="[0]" size="10.560"> </text>
                <text font="JTTPDQ+SimSun" bbox="376.801,413.429,382.081,423.989" colourspace="ICCBased" ncolour="[0]" size="10.560"> </text>
                <text font="JTTPDQ+SimSun" bbox="382.081,413.429,387.361,423.989" colourspace="ICCBased" ncolour="[0]" size="10.560"> </text>
                <text font="JTTPDQ+SimSun" bbox="387.361,413.429,392.641,423.989" colourspace="ICCBased" ncolour="[0]" size="10.560"> </text>
                <text font="JTTPDQ+SimSun" bbox="392.641,413.429,397.921,423.989" colourspace="ICCBased" ncolour="[0]" size="10.560"> </text>
                <text font="JTTPDQ+SimSun" bbox="397.921,413.429,403.201,423.989" colourspace="ICCBased" ncolour="[0]" size="10.560"> </text>
                <text font="JTTPDQ+SimSun" bbox="403.201,413.429,408.481,423.989" colourspace="ICCBased" ncolour="[0]" size="10.560"> </text>
                <text font="JTTPDQ+SimSun" bbox="408.481,413.429,413.761,423.989" colourspace="ICCBased" ncolour="[0]" size="10.560"> </text>
                <text font="JTTPDQ+SimSun" bbox="413.761,413.429,419.041,423.989" colourspace="ICCBased" ncolour="[0]" size="10.560"> </text>
                <text font="JTTPDQ+SimSun" bbox="419.041,413.429,424.321,423.989" colourspace="ICCBased" ncolour="[0]" size="10.560"> </text>
                <text font="JTTPDQ+SimSun" bbox="424.321,413.429,429.601,423.989" colourspace="ICCBased" ncolour="[0]" size="10.560"> </text>
                <text font="JTTPDQ+SimSun" bbox="429.601,413.429,434.881,423.989" colourspace="ICCBased" ncolour="[0]" size="10.560"> </text>
                <text font="JTTPDQ+SimSun" bbox="434.881,413.429,440.161,423.989" colourspace="ICCBased" ncolour="[0]" size="10.560"> </text>
                <text font="JTTPDQ+SimSun" bbox="440.161,413.429,445.441,423.989" colourspace="ICCBased" ncolour="[0]" size="10.560"> </text>
                <text font="JTTPDQ+SimSun" bbox="445.441,413.429,450.721,423.989" colourspace="ICCBased" ncolour="[0]" size="10.560"> </text>
                <text font="JTTPDQ+SimSun" bbox="450.721,413.429,456.001,423.989" colourspace="ICCBased" ncolour="[0]" size="10.560"> </text>
                <text font="JTTPDQ+SimSun" bbox="456.001,413.429,461.281,423.989" colourspace="ICCBased" ncolour="[0]" size="10.560"> </text>
                <text font="JTTPDQ+SimSun" bbox="461.281,413.429,466.561,423.989" colourspace="ICCBased" ncolour="[0]" size="10.560"> </text>
                <text font="JTTPDQ+SimSun" bbox="466.561,413.429,471.841,423.989" colourspace="ICCBased" ncolour="[0]" size="10.560"> </text>
                <text font="JTTPDQ+SimSun" bbox="471.841,413.429,477.121,423.989" colourspace="ICCBased" ncolour="[0]" size="10.560"> </text>
                <text font="JTTPDQ+SimSun" bbox="477.121,413.429,482.401,423.989" colourspace="ICCBased" ncolour="[0]" size="10.560"> </text>
                <text font="JTTPDQ+SimSun" bbox="482.401,413.429,487.681,423.989" colourspace="ICCBased" ncolour="[0]" size="10.560"> </text>
                <text font="JTTPDQ+SimSun" bbox="487.681,413.429,492.961,423.989" colourspace="ICCBased" ncolour="[0]" size="10.560"> </text>
                <text font="JTTPDQ+SimSun" bbox="492.961,413.429,498.241,423.989" colourspace="ICCBased" ncolour="[0]" size="10.560"> </text>
                <text font="JTTPDQ+SimSun" bbox="498.241,413.429,503.521,423.989" colourspace="ICCBased" ncolour="[0]" size="10.560"> </text>
                <text font="JTTPDQ+SimSun" bbox="503.521,413.429,508.801,423.989" colourspace="ICCBased" ncolour="[0]" size="10.560"> </text>
                <text font="JTTPDQ+SimSun" bbox="508.801,413.429,514.081,423.989" colourspace="ICCBased" ncolour="[0]" size="10.560"> </text>
                <text font="JTTPDQ+SimSun" bbox="513.840,413.429,519.120,423.989" colourspace="ICCBased" ncolour="[0]" size="10.560"> </text>
                <text>
                </text>
            </textline>
        </textbox>
        <textbox id="18" bbox="210.480,216.392,547.201,464.069">
            <textline bbox="210.480,453.509,215.760,464.069">
                <text font="JTTPDQ+SimSun" bbox="210.480,453.509,215.760,464.069" colourspace="ICCBased" ncolour="[0]" size="10.560"> </text>
                <text>
                </text>
            </textline>
            <textline bbox="210.480,441.749,509.761,452.309">
                <text font="JQUZDQ+SimSun" bbox="210.480,441.749,221.040,452.309" colourspace="ICCBased" ncolour="[0]" size="10.560">本</text>
                <text font="JQUZDQ+SimSun" bbox="221.040,441.749,231.600,452.309" colourspace="ICCBased" ncolour="[0]" size="10.560">附</text>
                <text font="JQUZDQ+SimSun" bbox="231.600,441.749,242.160,452.309" colourspace="ICCBased" ncolour="[0]" size="10.560">加</text>
                <text font="JQUZDQ+SimSun" bbox="242.160,441.749,252.720,452.309" colourspace="ICCBased" ncolour="[0]" size="10.560">险</text>
                <text font="JQUZDQ+SimSun" bbox="252.720,441.749,263.280,452.309" colourspace="ICCBased" ncolour="[0]" size="10.560">合</text>
                <text font="JQUZDQ+SimSun" bbox="263.040,441.749,273.600,452.309" colourspace="ICCBased" ncolour="[0]" size="10.560">同</text>
                <text font="JQUZDQ+SimSun" bbox="273.600,441.749,284.160,452.309" colourspace="ICCBased" ncolour="[0]" size="10.560">由</text>
                <text font="JQUZDQ+SimSun" bbox="284.160,441.749,294.720,452.309" colourspace="ICCBased" ncolour="[0]" size="10.560">主</text>
                <text font="JQUZDQ+SimSun" bbox="294.720,441.749,305.280,452.309" colourspace="ICCBased" ncolour="[0]" size="10.560">险</text>
                <text font="JQUZDQ+SimSun" bbox="305.040,441.749,315.600,452.309" colourspace="ICCBased" ncolour="[0]" size="10.560">合</text>
                <text font="JQUZDQ+SimSun" bbox="315.600,441.749,326.160,452.309" colourspace="ICCBased" ncolour="[0]" size="10.560">同</text>
                <text font="JQUZDQ+SimSun" bbox="326.160,441.749,336.720,452.309" colourspace="ICCBased" ncolour="[0]" size="10.560">投</text>
                <text font="JQUZDQ+SimSun" bbox="336.720,441.749,347.280,452.309" colourspace="ICCBased" ncolour="[0]" size="10.560">保</text>
                <text font="JQUZDQ+SimSun" bbox="347.040,441.749,357.600,452.309" colourspace="ICCBased" ncolour="[0]" size="10.560">人</text>
                <text font="JQUZDQ+SimSun" bbox="357.600,441.749,368.160,452.309" colourspace="ICCBased" ncolour="[0]" size="10.560">提</text>
                <text font="JQUZDQ+SimSun" bbox="368.160,441.749,378.720,452.309" colourspace="ICCBased" ncolour="[0]" size="10.560">出</text>
                <text font="JQUZDQ+SimSun" bbox="378.720,441.749,389.280,452.309" colourspace="ICCBased" ncolour="[0]" size="10.560">申</text>
                <text font="JQUZDQ+SimSun" bbox="389.040,441.749,399.600,452.309" colourspace="ICCBased" ncolour="[0]" size="10.560">请</text>
                <text font="JQUZDQ+SimSun" bbox="399.600,441.749,410.160,452.309" colourspace="ICCBased" ncolour="[0]" size="10.560">，</text>
                <text font="JQUZDQ+SimSun" bbox="410.160,441.749,420.720,452.309" colourspace="ICCBased" ncolour="[0]" size="10.560">经</text>
                <text font="JQUZDQ+SimSun" bbox="420.720,441.749,431.280,452.309" colourspace="ICCBased" ncolour="[0]" size="10.560">我</text>
                <text font="JQUZDQ+SimSun" bbox="431.040,441.749,441.600,452.309" colourspace="ICCBased" ncolour="[0]" size="10.560">们</text>
                <text font="JQUZDQ+SimSun" bbox="441.600,441.749,452.160,452.309" colourspace="ICCBased" ncolour="[0]" size="10.560">同</text>
                <text font="JQUZDQ+SimSun" bbox="451.920,441.749,462.480,452.309" colourspace="ICCBased" ncolour="[0]" size="10.560">意</text>
                <text font="JQUZDQ+SimSun" bbox="462.480,441.749,473.040,452.309" colourspace="ICCBased" ncolour="[0]" size="10.560">而</text>
                <text font="JQUZDQ+SimSun" bbox="473.040,441.749,483.600,452.309" colourspace="ICCBased" ncolour="[0]" size="10.560">订</text>
                <text font="JQUZDQ+SimSun" bbox="483.600,441.749,494.160,452.309" colourspace="ICCBased" ncolour="[0]" size="10.560">立</text>
                <text font="JQUZDQ+SimSun" bbox="494.160,441.749,504.720,452.309" colourspace="ICCBased" ncolour="[0]" size="10.560">。</text>
                <text font="JTTPDQ+SimSun" bbox="504.481,441.749,509.761,452.309" colourspace="ICCBased" ncolour="[0]" size="10.560"> </text>
                <text>
                </text>
            </textline>
            <textline bbox="210.480,426.149,215.760,436.709">
                <text font="JTTPDQ+SimSun" bbox="210.480,426.149,215.760,436.709" colourspace="ICCBased" ncolour="[0]" size="10.560"> </text>
                <text>
                </text>
            </textline>
            <textline bbox="210.480,413.429,394.319,423.989">
                <text font="JQUZDQ+SimSun" bbox="210.480,413.429,221.040,423.989" colourspace="ICCBased" ncolour="[0]" size="10.560">本</text>
                <text font="JQUZDQ+SimSun" bbox="221.040,413.429,231.600,423.989" colourspace="ICCBased" ncolour="[0]" size="10.560">附</text>
                <text font="JQUZDQ+SimSun" bbox="231.600,413.429,242.160,423.989" colourspace="ICCBased" ncolour="[0]" size="10.560">加</text>
                <text font="JQUZDQ+SimSun" bbox="242.160,413.429,252.720,423.989" colourspace="ICCBased" ncolour="[0]" size="10.560">险</text>
                <text font="JQUZDQ+SimSun" bbox="252.720,413.429,263.280,423.989" colourspace="ICCBased" ncolour="[0]" size="10.560">合</text>
                <text font="JQUZDQ+SimSun" bbox="263.040,413.429,273.600,423.989" colourspace="ICCBased" ncolour="[0]" size="10.560">同</text>
                <text font="JQUZDQ+SimSun" bbox="273.600,413.429,284.160,423.989" colourspace="ICCBased" ncolour="[0]" size="10.560">须</text>
                <text font="JQUZDQ+SimSun" bbox="284.160,413.429,294.720,423.989" colourspace="ICCBased" ncolour="[0]" size="10.560">与</text>
                <text font="JQUZDQ+SimSun" bbox="294.720,413.429,305.280,423.989" colourspace="ICCBased" ncolour="[0]" size="10.560">主</text>
                <text font="JQUZDQ+SimSun" bbox="305.040,413.429,315.600,423.989" colourspace="ICCBased" ncolour="[0]" size="10.560">险</text>
                <text font="JQUZDQ+SimSun" bbox="315.600,413.429,326.160,423.989" colourspace="ICCBased" ncolour="[0]" size="10.560">合</text>
                <text font="JQUZDQ+SimSun" bbox="326.160,413.429,336.720,423.989" colourspace="ICCBased" ncolour="[0]" size="10.560">同</text>
                <text font="JQUZDQ+SimSun" bbox="336.720,413.429,347.280,423.989" colourspace="ICCBased" ncolour="[0]" size="10.560">同</text>
                <text font="JQUZDQ+SimSun" bbox="347.040,413.429,357.600,423.989" colourspace="ICCBased" ncolour="[0]" size="10.560">时</text>
                <text font="JQUZDQ+SimSun" bbox="357.600,413.429,368.160,423.989" colourspace="ICCBased" ncolour="[0]" size="10.560">投</text>
                <text font="JQUZDQ+SimSun" bbox="368.160,413.429,378.720,423.989" colourspace="ICCBased" ncolour="[0]" size="10.560">保</text>
                <text font="JQUZDQ+SimSun" bbox="378.720,413.429,389.280,423.989" colourspace="ICCBased" ncolour="[0]" size="10.560">。</text>
                <text font="JTTPDQ+SimSun" bbox="389.039,413.429,394.319,423.989" colourspace="ICCBased" ncolour="[0]" size="10.560"> </text>
                <text>
                </text>
            </textline>
            <textline bbox="210.480,397.832,404.636,408.392">
                <text font="JQUZDQ+SimSun" bbox="210.480,397.832,221.040,408.392" colourspace="ICCBased" ncolour="[0]" size="10.560">本</text>
                <text font="JQUZDQ+SimSun" bbox="221.040,397.832,231.600,408.392" colourspace="ICCBased" ncolour="[0]" size="10.560">附</text>
                <text font="JQUZDQ+SimSun" bbox="231.600,397.832,242.160,408.392" colourspace="ICCBased" ncolour="[0]" size="10.560">加</text>
                <text font="JQUZDQ+SimSun" bbox="242.160,397.832,252.720,408.392" colourspace="ICCBased" ncolour="[0]" size="10.560">险</text>
                <text font="JQUZDQ+SimSun" bbox="252.720,397.832,263.280,408.392" colourspace="ICCBased" ncolour="[0]" size="10.560">合</text>
                <text font="JQUZDQ+SimSun" bbox="263.040,397.832,273.600,408.392" colourspace="ICCBased" ncolour="[0]" size="10.560">同</text>
                <text font="JQUZDQ+SimSun" bbox="273.600,397.832,284.160,408.392" colourspace="ICCBased" ncolour="[0]" size="10.560">的</text>
                <text font="JQUZDQ+SimSun" bbox="284.160,397.832,294.720,408.392" colourspace="ICCBased" ncolour="[0]" size="10.560">生</text>
                <text font="JQUZDQ+SimSun" bbox="294.720,397.832,305.280,408.392" colourspace="ICCBased" ncolour="[0]" size="10.560">效</text>
                <text font="JQUZDQ+SimSun" bbox="305.040,397.832,315.600,408.392" colourspace="ICCBased" ncolour="[0]" size="10.560">日</text>
                <text font="JQUZDQ+SimSun" bbox="315.600,397.832,326.160,408.392" colourspace="ICCBased" ncolour="[0]" size="10.560">与</text>
                <text font="JQUZDQ+SimSun" bbox="326.160,397.832,336.720,408.392" colourspace="ICCBased" ncolour="[0]" size="10.560">主</text>
                <text font="JQUZDQ+SimSun" bbox="336.720,397.832,347.280,408.392" colourspace="ICCBased" ncolour="[0]" size="10.560">险</text>
                <text font="JQUZDQ+SimSun" bbox="347.040,397.832,357.600,408.392" colourspace="ICCBased" ncolour="[0]" size="10.560">合</text>
                <text font="JQUZDQ+SimSun" bbox="357.600,397.832,368.160,408.392" colourspace="ICCBased" ncolour="[0]" size="10.560">同</text>
                <text font="JQUZDQ+SimSun" bbox="368.160,397.832,378.720,408.392" colourspace="ICCBased" ncolour="[0]" size="10.560">相</text>
                <text font="JQUZDQ+SimSun" bbox="378.720,397.832,389.280,408.392" colourspace="ICCBased" ncolour="[0]" size="10.560">同</text>
                <text font="JQUZDQ+SimSun" bbox="389.040,397.832,399.600,408.392" colourspace="ICCBased" ncolour="[0]" size="10.560">。</text>
                <text font="JTTPDQ+SimSun" bbox="399.356,397.832,404.636,408.392" colourspace="ICCBased" ncolour="[0]" size="10.560"> </text>
                <text>
                </text>
            </textline>
            <textline bbox="210.480,382.235,467.760,392.795">
                <text font="JQUZDQ+SimSun" bbox="210.480,382.235,221.040,392.795" colourspace="ICCBased" ncolour="[0]" size="10.560">本</text>
                <text font="JQUZDQ+SimSun" bbox="221.040,382.235,231.600,392.795" colourspace="ICCBased" ncolour="[0]" size="10.560">附</text>
                <text font="JQUZDQ+SimSun" bbox="231.600,382.235,242.160,392.795" colourspace="ICCBased" ncolour="[0]" size="10.560">加</text>
                <text font="JQUZDQ+SimSun" bbox="242.160,382.235,252.720,392.795" colourspace="ICCBased" ncolour="[0]" size="10.560">险</text>
                <text font="JQUZDQ+SimSun" bbox="252.720,382.235,263.280,392.795" colourspace="ICCBased" ncolour="[0]" size="10.560">合</text>
                <text font="JQUZDQ+SimSun" bbox="263.040,382.235,273.600,392.795" colourspace="ICCBased" ncolour="[0]" size="10.560">同</text>
                <text font="JQUZDQ+SimSun" bbox="273.600,382.235,284.160,392.795" colourspace="ICCBased" ncolour="[0]" size="10.560">的</text>
                <text font="JQUZDQ+SimSun" bbox="284.160,382.235,294.720,392.795" colourspace="ICCBased" ncolour="[0]" size="10.560">保</text>
                <text font="JQUZDQ+SimSun" bbox="294.720,382.235,305.280,392.795" colourspace="ICCBased" ncolour="[0]" size="10.560">单</text>
                <text font="JQUZDQ+SimSun" bbox="305.040,382.235,315.600,392.795" colourspace="ICCBased" ncolour="[0]" size="10.560">周</text>
                <text font="JQUZDQ+SimSun" bbox="315.600,382.235,326.160,392.795" colourspace="ICCBased" ncolour="[0]" size="10.560">年</text>
                <text font="JQUZDQ+SimSun" bbox="326.160,382.235,336.720,392.795" colourspace="ICCBased" ncolour="[0]" size="10.560">日</text>
                <text font="JQUZDQ+SimSun" bbox="336.720,382.235,347.280,392.795" colourspace="ICCBased" ncolour="[0]" size="10.560">同</text>
                <text font="JQUZDQ+SimSun" bbox="347.040,382.235,357.600,392.795" colourspace="ICCBased" ncolour="[0]" size="10.560">主</text>
                <text font="JQUZDQ+SimSun" bbox="357.600,382.235,368.160,392.795" colourspace="ICCBased" ncolour="[0]" size="10.560">险</text>
                <text font="JQUZDQ+SimSun" bbox="368.160,382.235,378.720,392.795" colourspace="ICCBased" ncolour="[0]" size="10.560">合</text>
                <text font="JQUZDQ+SimSun" bbox="378.720,382.235,389.280,392.795" colourspace="ICCBased" ncolour="[0]" size="10.560">同</text>
                <text font="JQUZDQ+SimSun" bbox="389.040,382.235,399.600,392.795" colourspace="ICCBased" ncolour="[0]" size="10.560">的</text>
                <text font="JQUZDQ+SimSun" bbox="399.600,382.235,410.160,392.795" colourspace="ICCBased" ncolour="[0]" size="10.560">保</text>
                <text font="JQUZDQ+SimSun" bbox="410.160,382.235,420.720,392.795" colourspace="ICCBased" ncolour="[0]" size="10.560">单</text>
                <text font="JQUZDQ+SimSun" bbox="420.720,382.235,431.280,392.795" colourspace="ICCBased" ncolour="[0]" size="10.560">周</text>
                <text font="JQUZDQ+SimSun" bbox="431.040,382.235,441.600,392.795" colourspace="ICCBased" ncolour="[0]" size="10.560">年</text>
                <text font="JQUZDQ+SimSun" bbox="441.600,382.235,452.160,392.795" colourspace="ICCBased" ncolour="[0]" size="10.560">日</text>
                <text font="JQUZDQ+SimSun" bbox="451.920,382.235,462.480,392.795" colourspace="ICCBased" ncolour="[0]" size="10.560">。</text>
                <text font="JTTPDQ+SimSun" bbox="462.480,382.235,467.760,392.795" colourspace="ICCBased" ncolour="[0]" size="10.560"> </text>
                <text>
                </text>
            </textline>
            <textline bbox="210.480,366.629,215.760,377.189">
                <text font="JTTPDQ+SimSun" bbox="210.480,366.629,215.760,377.189" colourspace="ICCBased" ncolour="[0]" size="10.560"> </text>
                <text>
                </text>
            </textline>
            <textline bbox="210.480,353.909,547.200,364.469">
                <text font="JQUZDQ+SimSun" bbox="210.480,353.909,221.040,364.469" colourspace="ICCBased" ncolour="[0]" size="10.560">指</text>
                <text font="JQUZDQ+SimSun" bbox="221.040,353.909,231.600,364.469" colourspace="ICCBased" ncolour="[0]" size="10.560">投</text>
                <text font="JQUZDQ+SimSun" bbox="231.600,353.909,242.160,364.469" colourspace="ICCBased" ncolour="[0]" size="10.560">保</text>
                <text font="JQUZDQ+SimSun" bbox="242.160,353.909,252.720,364.469" colourspace="ICCBased" ncolour="[0]" size="10.560">时</text>
                <text font="JQUZDQ+SimSun" bbox="252.720,353.909,263.280,364.469" colourspace="ICCBased" ncolour="[0]" size="10.560">被</text>
                <text font="JQUZDQ+SimSun" bbox="263.280,353.909,273.840,364.469" colourspace="ICCBased" ncolour="[0]" size="10.560">保</text>
                <text font="JQUZDQ+SimSun" bbox="273.840,353.909,284.400,364.469" colourspace="ICCBased" ncolour="[0]" size="10.560">险</text>
                <text font="JQUZDQ+SimSun" bbox="284.160,353.909,294.720,364.469" colourspace="ICCBased" ncolour="[0]" size="10.560">人</text>
                <text font="JQUZDQ+SimSun" bbox="294.720,353.909,305.280,364.469" colourspace="ICCBased" ncolour="[0]" size="10.560">的</text>
                <text font="JQUZDQ+SimSun" bbox="305.280,353.909,315.840,364.469" colourspace="ICCBased" ncolour="[0]" size="10.560">年</text>
                <text font="JQUZDQ+SimSun" bbox="315.840,353.909,326.400,364.469" colourspace="ICCBased" ncolour="[0]" size="10.560">龄</text>
                <text font="JQUZDQ+SimSun" bbox="326.400,353.909,336.960,364.469" colourspace="ICCBased" ncolour="[0]" size="10.560">，</text>
                <text font="JQUZDQ+SimSun" bbox="336.960,353.909,347.520,364.469" colourspace="ICCBased" ncolour="[0]" size="10.560">投</text>
                <text font="JQUZDQ+SimSun" bbox="347.280,353.909,357.840,364.469" colourspace="ICCBased" ncolour="[0]" size="10.560">保</text>
                <text font="JQUZDQ+SimSun" bbox="357.840,353.909,368.400,364.469" colourspace="ICCBased" ncolour="[0]" size="10.560">年</text>
                <text font="JQUZDQ+SimSun" bbox="368.400,353.909,378.960,364.469" colourspace="ICCBased" ncolour="[0]" size="10.560">龄</text>
                <text font="JQUZDQ+SimSun" bbox="378.960,353.909,389.520,364.469" colourspace="ICCBased" ncolour="[0]" size="10.560">以</text>
                <text font="JQUZDQ+SimSun" bbox="389.520,353.909,400.080,364.469" colourspace="ICCBased" ncolour="[0]" size="10.560">周</text>
                <text font="JQUZDQ+SimSun" bbox="399.840,353.909,410.400,364.469" colourspace="ICCBased" ncolour="[0]" size="10.560">岁</text>
                <text font="JQUZDQ+SimSun" bbox="410.400,353.909,420.960,364.469" colourspace="ICCBased" ncolour="[0]" size="10.560">计</text>
                <text font="JQUZDQ+SimSun" bbox="420.960,353.909,431.520,364.469" colourspace="ICCBased" ncolour="[0]" size="10.560">算</text>
                <text font="JQUZDQ+SimSun" bbox="431.520,353.909,442.080,364.469" colourspace="ICCBased" ncolour="[0]" size="10.560">。</text>
                <text font="JQUZDQ+SimSun" bbox="442.080,353.909,452.640,364.469" colourspace="ICCBased" ncolour="[0]" size="10.560">本</text>
                <text font="JQUZDQ+SimSun" bbox="452.400,353.909,462.960,364.469" colourspace="ICCBased" ncolour="[0]" size="10.560">附</text>
                <text font="JQUZDQ+SimSun" bbox="462.960,353.909,473.520,364.469" colourspace="ICCBased" ncolour="[0]" size="10.560">加</text>
                <text font="JQUZDQ+SimSun" bbox="473.520,353.909,484.080,364.469" colourspace="ICCBased" ncolour="[0]" size="10.560">险</text>
                <text font="JQUZDQ+SimSun" bbox="484.080,353.909,494.640,364.469" colourspace="ICCBased" ncolour="[0]" size="10.560">合</text>
                <text font="JQUZDQ+SimSun" bbox="494.640,353.909,505.200,364.469" colourspace="ICCBased" ncolour="[0]" size="10.560">同</text>
                <text font="JQUZDQ+SimSun" bbox="505.200,353.909,515.760,364.469" colourspace="ICCBased" ncolour="[0]" size="10.560">接</text>
                <text font="JQUZDQ+SimSun" bbox="515.760,353.909,526.320,364.469" colourspace="ICCBased" ncolour="[0]" size="10.560">受</text>
                <text font="JQUZDQ+SimSun" bbox="526.080,353.909,536.640,364.469" colourspace="ICCBased" ncolour="[0]" size="10.560">的</text>
                <text font="JQUZDQ+SimSun" bbox="536.640,353.909,547.200,364.469" colourspace="ICCBased" ncolour="[0]" size="10.560">投</text>
                <text>
                </text>
            </textline>
            <textline bbox="210.480,338.312,547.201,348.872">
                <text font="JQUZDQ+SimSun" bbox="210.480,338.312,221.040,348.872" colourspace="ICCBased" ncolour="[0]" size="10.560">保</text>
                <text font="JQUZDQ+SimSun" bbox="221.040,338.312,231.600,348.872" colourspace="ICCBased" ncolour="[0]" size="10.560">年</text>
                <text font="JQUZDQ+SimSun" bbox="231.600,338.312,242.160,348.872" colourspace="ICCBased" ncolour="[0]" size="10.560">龄</text>
                <text font="JQUZDQ+SimSun" bbox="242.160,338.312,252.720,348.872" colourspace="ICCBased" ncolour="[0]" size="10.560">为</text>
                <text> </text>
                <text font="JTTPDQ+SimSun" bbox="256.321,338.312,261.601,348.872" colourspace="ICCBased" ncolour="[0]" size="10.560">0</text>
                <text> </text>
                <text font="JQUZDQ+SimSun" bbox="264.959,338.312,275.519,348.872" colourspace="ICCBased" ncolour="[0]" size="10.560">周</text>
                <text font="JQUZDQ+SimSun" bbox="275.519,338.312,286.079,348.872" colourspace="ICCBased" ncolour="[0]" size="10.560">岁</text>
                <text font="JQUZDQ+SimSun" bbox="286.079,338.312,296.639,348.872" colourspace="ICCBased" ncolour="[0]" size="10.560">至</text>
                <text> </text>
                <text font="JTTPDQ+SimSun" bbox="300.240,338.312,305.520,348.872" colourspace="ICCBased" ncolour="[0]" size="10.560">5</text>
                <text font="JTTPDQ+SimSun" bbox="305.520,338.312,310.800,348.872" colourspace="ICCBased" ncolour="[0]" size="10.560">5</text>
                <text> </text>
                <text font="JQUZDQ+SimSun" bbox="314.158,338.312,324.718,348.872" colourspace="ICCBased" ncolour="[0]" size="10.560">周</text>
                <text font="JQUZDQ+SimSun" bbox="324.718,338.312,335.278,348.872" colourspace="ICCBased" ncolour="[0]" size="10.560">岁</text>
                <text font="JQUZDQ+SimSun" bbox="335.278,338.312,345.838,348.872" colourspace="ICCBased" ncolour="[0]" size="10.560">，</text>
                <text font="JQUZDQ+SimSun" bbox="345.838,338.312,356.398,348.872" colourspace="ICCBased" ncolour="[0]" size="10.560">投</text>
                <text font="JQUZDQ+SimSun" bbox="356.158,338.312,366.718,348.872" colourspace="ICCBased" ncolour="[0]" size="10.560">保</text>
                <text font="JQUZDQ+SimSun" bbox="366.718,338.312,377.278,348.872" colourspace="ICCBased" ncolour="[0]" size="10.560">时</text>
                <text font="JQUZDQ+SimSun" bbox="377.278,338.312,387.838,348.872" colourspace="ICCBased" ncolour="[0]" size="10.560">被</text>
                <text font="JQUZDQ+SimSun" bbox="387.599,338.312,398.159,348.872" colourspace="ICCBased" ncolour="[0]" size="10.560">保</text>
                <text font="JQUZDQ+SimSun" bbox="398.159,338.312,408.719,348.872" colourspace="ICCBased" ncolour="[0]" size="10.560">险</text>
                <text font="JQUZDQ+SimSun" bbox="408.719,338.312,419.279,348.872" colourspace="ICCBased" ncolour="[0]" size="10.560">人</text>
                <text font="JQUZDQ+SimSun" bbox="419.279,338.312,429.839,348.872" colourspace="ICCBased" ncolour="[0]" size="10.560">为</text>
                <text> </text>
                <text font="JTTPDQ+SimSun" bbox="433.201,338.312,438.481,348.872" colourspace="ICCBased" ncolour="[0]" size="10.560">0</text>
                <text> </text>
                <text font="JQUZDQ+SimSun" bbox="442.082,338.312,452.642,348.872" colourspace="ICCBased" ncolour="[0]" size="10.560">周</text>
                <text font="JQUZDQ+SimSun" bbox="452.402,338.312,462.962,348.872" colourspace="ICCBased" ncolour="[0]" size="10.560">岁</text>
                <text font="JQUZDQ+SimSun" bbox="462.962,338.312,473.522,348.872" colourspace="ICCBased" ncolour="[0]" size="10.560">的</text>
                <text font="JQUZDQ+SimSun" bbox="473.522,338.312,484.082,348.872" colourspace="ICCBased" ncolour="[0]" size="10.560">，</text>
                <text font="JQUZDQ+SimSun" bbox="484.082,338.312,494.642,348.872" colourspace="ICCBased" ncolour="[0]" size="10.560">应</text>
                <text font="JQUZDQ+SimSun" bbox="494.642,338.312,505.202,348.872" colourspace="ICCBased" ncolour="[0]" size="10.560">当</text>
                <text font="JQUZDQ+SimSun" bbox="504.961,338.312,515.521,348.872" colourspace="ICCBased" ncolour="[0]" size="10.560">为</text>
                <text font="JQUZDQ+SimSun" bbox="515.521,338.312,526.081,348.872" colourspace="ICCBased" ncolour="[0]" size="10.560">出</text>
                <text font="JQUZDQ+SimSun" bbox="526.081,338.312,536.641,348.872" colourspace="ICCBased" ncolour="[0]" size="10.560">生</text>
                <text font="JQUZDQ+SimSun" bbox="536.641,338.312,547.201,348.872" colourspace="ICCBased" ncolour="[0]" size="10.560">满</text>
                <text>
                </text>
            </textline>
            <textline bbox="210.480,322.715,344.402,333.275">
                <text font="JTTPDQ+SimSun" bbox="210.480,322.715,215.760,333.275" colourspace="ICCBased" ncolour="[0]" size="10.560">2</text>
                <text font="JTTPDQ+SimSun" bbox="215.760,322.715,221.040,333.275" colourspace="ICCBased" ncolour="[0]" size="10.560">8</text>
                <text> </text>
                <text font="JQUZDQ+SimSun" bbox="223.680,322.715,234.240,333.275" colourspace="ICCBased" ncolour="[0]" size="10.560">日</text>
                <text font="JQUZDQ+SimSun" bbox="234.240,322.715,244.800,333.275" colourspace="ICCBased" ncolour="[0]" size="10.560">且</text>
                <text font="JQUZDQ+SimSun" bbox="244.800,322.715,255.360,333.275" colourspace="ICCBased" ncolour="[0]" size="10.560">已</text>
                <text font="JQUZDQ+SimSun" bbox="255.360,322.715,265.920,333.275" colourspace="ICCBased" ncolour="[0]" size="10.560">健</text>
                <text font="JQUZDQ+SimSun" bbox="265.680,322.715,276.240,333.275" colourspace="ICCBased" ncolour="[0]" size="10.560">康</text>
                <text font="JQUZDQ+SimSun" bbox="276.240,322.715,286.800,333.275" colourspace="ICCBased" ncolour="[0]" size="10.560">出</text>
                <text font="JQUZDQ+SimSun" bbox="286.800,322.715,297.360,333.275" colourspace="ICCBased" ncolour="[0]" size="10.560">院</text>
                <text font="JQUZDQ+SimSun" bbox="297.360,322.715,307.920,333.275" colourspace="ICCBased" ncolour="[0]" size="10.560">的</text>
                <text font="JQUZDQ+SimSun" bbox="307.681,322.715,318.241,333.275" colourspace="ICCBased" ncolour="[0]" size="10.560">婴</text>
                <text font="JQUZDQ+SimSun" bbox="318.241,322.715,328.801,333.275" colourspace="ICCBased" ncolour="[0]" size="10.560">儿</text>
                <text font="JQUZDQ+SimSun" bbox="328.801,322.715,339.361,333.275" colourspace="ICCBased" ncolour="[0]" size="10.560">。</text>
                <text font="JTTPDQ+SimSun" bbox="339.122,322.715,344.402,333.275" colourspace="ICCBased" ncolour="[0]" size="10.560"> </text>
                <text>
                </text>
            </textline>
            <textline bbox="210.480,307.109,215.760,317.669">
                <text font="JTTPDQ+SimSun" bbox="210.480,307.109,215.760,317.669" colourspace="ICCBased" ncolour="[0]" size="10.560"> </text>
                <text>
                </text>
            </textline>
            <textline bbox="210.480,294.389,546.960,304.949">
                <text font="JQUZDQ+SimSun" bbox="210.480,294.389,221.040,304.949" colourspace="ICCBased" ncolour="[0]" size="10.560">您</text>
                <text font="JQUZDQ+SimSun" bbox="221.040,294.389,231.600,304.949" colourspace="ICCBased" ncolour="[0]" size="10.560">在</text>
                <text font="JQUZDQ+SimSun" bbox="231.600,294.389,242.160,304.949" colourspace="ICCBased" ncolour="[0]" size="10.560">申</text>
                <text font="JQUZDQ+SimSun" bbox="242.160,294.389,252.720,304.949" colourspace="ICCBased" ncolour="[0]" size="10.560">请</text>
                <text font="JQUZDQ+SimSun" bbox="252.720,294.389,263.280,304.949" colourspace="ICCBased" ncolour="[0]" size="10.560">投</text>
                <text font="JQUZDQ+SimSun" bbox="263.280,294.389,273.840,304.949" colourspace="ICCBased" ncolour="[0]" size="10.560">保</text>
                <text font="JQUZDQ+SimSun" bbox="273.840,294.389,284.400,304.949" colourspace="ICCBased" ncolour="[0]" size="10.560">时</text>
                <text font="JQUZDQ+SimSun" bbox="284.160,294.389,294.720,304.949" colourspace="ICCBased" ncolour="[0]" size="10.560">，</text>
                <text font="JQUZDQ+SimSun" bbox="294.720,294.389,305.280,304.949" colourspace="ICCBased" ncolour="[0]" size="10.560">应</text>
                <text font="JQUZDQ+SimSun" bbox="305.280,294.389,315.840,304.949" colourspace="ICCBased" ncolour="[0]" size="10.560">将</text>
                <text font="JQUZDQ+SimSun" bbox="315.840,294.389,326.400,304.949" colourspace="ICCBased" ncolour="[0]" size="10.560">与</text>
                <text font="JQUZDQ+SimSun" bbox="326.400,294.389,336.960,304.949" colourspace="ICCBased" ncolour="[0]" size="10.560">有</text>
                <text font="JQUZDQ+SimSun" bbox="336.720,294.389,347.280,304.949" colourspace="ICCBased" ncolour="[0]" size="10.560">效</text>
                <text font="JQUZDQ+SimSun" bbox="347.280,294.389,357.840,304.949" colourspace="ICCBased" ncolour="[0]" size="10.560">身</text>
                <text font="JQUZDQ+SimSun" bbox="357.840,294.389,368.400,304.949" colourspace="ICCBased" ncolour="[0]" size="10.560">份</text>
                <text font="JQUZDQ+SimSun" bbox="368.400,294.389,378.960,304.949" colourspace="ICCBased" ncolour="[0]" size="10.560">证</text>
                <text font="JQUZDQ+SimSun" bbox="378.960,294.389,389.520,304.949" colourspace="ICCBased" ncolour="[0]" size="10.560">件</text>
                <text font="JQUZDQ+SimSun" bbox="389.280,294.389,399.840,304.949" colourspace="ICCBased" ncolour="[0]" size="10.560">相</text>
                <text font="JQUZDQ+SimSun" bbox="399.840,294.389,410.400,304.949" colourspace="ICCBased" ncolour="[0]" size="10.560">符</text>
                <text font="JQUZDQ+SimSun" bbox="410.400,294.389,420.960,304.949" colourspace="ICCBased" ncolour="[0]" size="10.560">的</text>
                <text font="JQUZDQ+SimSun" bbox="420.960,294.389,431.520,304.949" colourspace="ICCBased" ncolour="[0]" size="10.560">被</text>
                <text font="JQUZDQ+SimSun" bbox="431.520,294.389,442.080,304.949" colourspace="ICCBased" ncolour="[0]" size="10.560">保</text>
                <text font="JQUZDQ+SimSun" bbox="441.840,294.389,452.400,304.949" colourspace="ICCBased" ncolour="[0]" size="10.560">险</text>
                <text font="JQUZDQ+SimSun" bbox="452.160,294.389,462.720,304.949" colourspace="ICCBased" ncolour="[0]" size="10.560">人</text>
                <text font="JQUZDQ+SimSun" bbox="462.720,294.389,473.280,304.949" colourspace="ICCBased" ncolour="[0]" size="10.560">的</text>
                <text font="JQUZDQ+SimSun" bbox="473.280,294.389,483.840,304.949" colourspace="ICCBased" ncolour="[0]" size="10.560">出</text>
                <text font="JQUZDQ+SimSun" bbox="483.840,294.389,494.400,304.949" colourspace="ICCBased" ncolour="[0]" size="10.560">生</text>
                <text font="JQUZDQ+SimSun" bbox="494.400,294.389,504.960,304.949" colourspace="ICCBased" ncolour="[0]" size="10.560">日</text>
                <text font="JQUZDQ+SimSun" bbox="504.960,294.389,515.520,304.949" colourspace="ICCBased" ncolour="[0]" size="10.560">期</text>
                <text font="JQUZDQ+SimSun" bbox="515.520,294.389,526.080,304.949" colourspace="ICCBased" ncolour="[0]" size="10.560">在</text>
                <text font="JQUZDQ+SimSun" bbox="525.840,294.389,536.400,304.949" colourspace="ICCBased" ncolour="[0]" size="10.560">投</text>
                <text font="JQUZDQ+SimSun" bbox="536.400,294.389,546.960,304.949" colourspace="ICCBased" ncolour="[0]" size="10.560">保</text>
                <text>
                </text>
            </textline>
            <textline bbox="210.480,278.792,425.756,289.352">
                <text font="JQUZDQ+SimSun" bbox="210.480,278.792,221.040,289.352" colourspace="ICCBased" ncolour="[0]" size="10.560">书</text>
                <text font="JQUZDQ+SimSun" bbox="221.040,278.792,231.600,289.352" colourspace="ICCBased" ncolour="[0]" size="10.560">上</text>
                <text font="JQUZDQ+SimSun" bbox="231.600,278.792,242.160,289.352" colourspace="ICCBased" ncolour="[0]" size="10.560">填</text>
                <text font="JQUZDQ+SimSun" bbox="242.160,278.792,252.720,289.352" colourspace="ICCBased" ncolour="[0]" size="10.560">明</text>
                <text font="JQUZDQ+SimSun" bbox="252.720,278.792,263.280,289.352" colourspace="ICCBased" ncolour="[0]" size="10.560">，</text>
                <text font="JQUZDQ+SimSun" bbox="263.040,278.792,273.600,289.352" colourspace="ICCBased" ncolour="[0]" size="10.560">如</text>
                <text font="JQUZDQ+SimSun" bbox="273.600,278.792,284.160,289.352" colourspace="ICCBased" ncolour="[0]" size="10.560">果</text>
                <text font="JQUZDQ+SimSun" bbox="284.160,278.792,294.720,289.352" colourspace="ICCBased" ncolour="[0]" size="10.560">发</text>
                <text font="JQUZDQ+SimSun" bbox="294.720,278.792,305.280,289.352" colourspace="ICCBased" ncolour="[0]" size="10.560">生</text>
                <text font="JQUZDQ+SimSun" bbox="305.040,278.792,315.600,289.352" colourspace="ICCBased" ncolour="[0]" size="10.560">错</text>
                <text font="JQUZDQ+SimSun" bbox="315.600,278.792,326.160,289.352" colourspace="ICCBased" ncolour="[0]" size="10.560">误</text>
                <text font="JQUZDQ+SimSun" bbox="326.160,278.792,336.720,289.352" colourspace="ICCBased" ncolour="[0]" size="10.560">按</text>
                <text font="JQUZDQ+SimSun" bbox="336.720,278.792,347.280,289.352" colourspace="ICCBased" ncolour="[0]" size="10.560">照</text>
                <text font="JQUZDQ+SimSun" bbox="347.040,278.792,357.600,289.352" colourspace="ICCBased" ncolour="[0]" size="10.560">下</text>
                <text font="JQUZDQ+SimSun" bbox="357.600,278.792,368.160,289.352" colourspace="ICCBased" ncolour="[0]" size="10.560">列</text>
                <text font="JQUZDQ+SimSun" bbox="368.160,278.792,378.720,289.352" colourspace="ICCBased" ncolour="[0]" size="10.560">方</text>
                <text font="JQUZDQ+SimSun" bbox="378.720,278.792,389.280,289.352" colourspace="ICCBased" ncolour="[0]" size="10.560">式</text>
                <text font="JQUZDQ+SimSun" bbox="389.040,278.792,399.600,289.352" colourspace="ICCBased" ncolour="[0]" size="10.560">办</text>
                <text font="JQUZDQ+SimSun" bbox="399.600,278.792,410.160,289.352" colourspace="ICCBased" ncolour="[0]" size="10.560">理</text>
                <text font="JQUZDQ+SimSun" bbox="410.160,278.792,420.720,289.352" colourspace="ICCBased" ncolour="[0]" size="10.560">：</text>
                <text font="JTTPDQ+SimSun" bbox="420.476,278.792,425.756,289.352" colourspace="ICCBased" ncolour="[0]" size="10.560"> </text>
                <text>
                </text>
            </textline>
            <textline bbox="210.480,263.189,547.200,273.755">
                <text font="JQUZDQ+SimSun" bbox="210.480,263.195,221.040,273.755" colourspace="ICCBased" ncolour="[0]" size="10.560">（</text>
                <text font="JTTPDQ+SimSun" bbox="221.040,263.195,226.320,273.755" colourspace="ICCBased" ncolour="[0]" size="10.560">1</text>
                <text font="JQUZDQ+SimSun" bbox="226.320,263.189,236.880,273.749" colourspace="ICCBased" ncolour="[0]" size="10.560">）</text>
                <text font="JQUZDQ+SimSun" bbox="234.480,263.189,245.040,273.749" colourspace="ICCBased" ncolour="[0]" size="10.560">您</text>
                <text font="JQUZDQ+SimSun" bbox="245.040,263.189,255.600,273.749" colourspace="ICCBased" ncolour="[0]" size="10.560">申</text>
                <text font="JQUZDQ+SimSun" bbox="255.600,263.189,266.160,273.749" colourspace="ICCBased" ncolour="[0]" size="10.560">报</text>
                <text font="JQUZDQ+SimSun" bbox="265.920,263.189,276.480,273.749" colourspace="ICCBased" ncolour="[0]" size="10.560">的</text>
                <text font="JQUZDQ+SimSun" bbox="276.480,263.189,287.040,273.749" colourspace="ICCBased" ncolour="[0]" size="10.560">被</text>
                <text font="JQUZDQ+SimSun" bbox="287.040,263.189,297.600,273.749" colourspace="ICCBased" ncolour="[0]" size="10.560">保</text>
                <text font="JQUZDQ+SimSun" bbox="297.600,263.189,308.160,273.749" colourspace="ICCBased" ncolour="[0]" size="10.560">险</text>
                <text font="JQUZDQ+SimSun" bbox="307.920,263.189,318.480,273.749" colourspace="ICCBased" ncolour="[0]" size="10.560">人</text>
                <text font="JQUZDQ+SimSun" bbox="318.480,263.189,329.040,273.749" colourspace="ICCBased" ncolour="[0]" size="10.560">年</text>
                <text font="JQUZDQ+SimSun" bbox="329.040,263.189,339.600,273.749" colourspace="ICCBased" ncolour="[0]" size="10.560">龄</text>
                <text font="JQUZDQ+SimSun" bbox="339.600,263.189,350.160,273.749" colourspace="ICCBased" ncolour="[0]" size="10.560">不</text>
                <text font="JQUZDQ+SimSun" bbox="349.920,263.189,360.480,273.749" colourspace="ICCBased" ncolour="[0]" size="10.560">真</text>
                <text font="JQUZDQ+SimSun" bbox="360.480,263.189,371.040,273.749" colourspace="ICCBased" ncolour="[0]" size="10.560">实</text>
                <text font="JQUZDQ+SimSun" bbox="371.040,263.189,381.600,273.749" colourspace="ICCBased" ncolour="[0]" size="10.560">，</text>
                <text font="JQUZDQ+SimSun" bbox="379.200,263.189,389.760,273.749" colourspace="ICCBased" ncolour="[0]" size="10.560">并</text>
                <text font="JQUZDQ+SimSun" bbox="389.520,263.189,400.080,273.749" colourspace="ICCBased" ncolour="[0]" size="10.560">且</text>
                <text font="JQUZDQ+SimSun" bbox="400.080,263.189,410.640,273.749" colourspace="ICCBased" ncolour="[0]" size="10.560">其</text>
                <text font="JQUZDQ+SimSun" bbox="410.640,263.189,421.200,273.749" colourspace="ICCBased" ncolour="[0]" size="10.560">真</text>
                <text font="JQUZDQ+SimSun" bbox="421.200,263.189,431.760,273.749" colourspace="ICCBased" ncolour="[0]" size="10.560">实</text>
                <text font="JQUZDQ+SimSun" bbox="431.520,263.189,442.080,273.749" colourspace="ICCBased" ncolour="[0]" size="10.560">年</text>
                <text font="JQUZDQ+SimSun" bbox="442.080,263.189,452.640,273.749" colourspace="ICCBased" ncolour="[0]" size="10.560">龄</text>
                <text font="JQUZDQ+SimSun" bbox="452.400,263.189,462.960,273.749" colourspace="ICCBased" ncolour="[0]" size="10.560">不</text>
                <text font="JQUZDQ+SimSun" bbox="462.960,263.189,473.520,273.749" colourspace="ICCBased" ncolour="[0]" size="10.560">符</text>
                <text font="JQUZDQ+SimSun" bbox="473.520,263.189,484.080,273.749" colourspace="ICCBased" ncolour="[0]" size="10.560">合</text>
                <text font="JQUZDQ+SimSun" bbox="484.080,263.189,494.640,273.749" colourspace="ICCBased" ncolour="[0]" size="10.560">本</text>
                <text font="JQUZDQ+SimSun" bbox="494.640,263.189,505.200,273.749" colourspace="ICCBased" ncolour="[0]" size="10.560">附</text>
                <text font="JQUZDQ+SimSun" bbox="504.960,263.189,515.520,273.749" colourspace="ICCBased" ncolour="[0]" size="10.560">加</text>
                <text font="JQUZDQ+SimSun" bbox="515.520,263.189,526.080,273.749" colourspace="ICCBased" ncolour="[0]" size="10.560">险</text>
                <text font="JQUZDQ+SimSun" bbox="526.080,263.189,536.640,273.749" colourspace="ICCBased" ncolour="[0]" size="10.560">合</text>
                <text font="JQUZDQ+SimSun" bbox="536.640,263.189,547.200,273.749" colourspace="ICCBased" ncolour="[0]" size="10.560">同</text>
                <text>
                </text>
            </textline>
            <textline bbox="235.680,247.589,547.200,258.149">
                <text font="JQUZDQ+SimSun" bbox="235.680,247.589,246.240,258.149" colourspace="ICCBased" ncolour="[0]" size="10.560">约</text>
                <text font="JQUZDQ+SimSun" bbox="246.240,247.589,256.800,258.149" colourspace="ICCBased" ncolour="[0]" size="10.560">定</text>
                <text font="JQUZDQ+SimSun" bbox="256.800,247.589,267.360,258.149" colourspace="ICCBased" ncolour="[0]" size="10.560">投</text>
                <text font="JQUZDQ+SimSun" bbox="267.360,247.589,277.920,258.149" colourspace="ICCBased" ncolour="[0]" size="10.560">保</text>
                <text font="JQUZDQ+SimSun" bbox="277.920,247.589,288.480,258.149" colourspace="ICCBased" ncolour="[0]" size="10.560">年</text>
                <text font="JQUZDQ+SimSun" bbox="288.240,247.589,298.800,258.149" colourspace="ICCBased" ncolour="[0]" size="10.560">龄</text>
                <text font="JQUZDQ+SimSun" bbox="298.800,247.589,309.360,258.149" colourspace="ICCBased" ncolour="[0]" size="10.560">限</text>
                <text font="JQUZDQ+SimSun" bbox="309.360,247.589,319.920,258.149" colourspace="ICCBased" ncolour="[0]" size="10.560">制</text>
                <text font="JQUZDQ+SimSun" bbox="319.920,247.589,330.480,258.149" colourspace="ICCBased" ncolour="[0]" size="10.560">的</text>
                <text font="JQUZDQ+SimSun" bbox="330.480,247.589,341.040,258.149" colourspace="ICCBased" ncolour="[0]" size="10.560">，</text>
                <text font="JQUZDQ+SimSun" bbox="338.880,247.589,349.440,258.149" colourspace="ICCBased" ncolour="[0]" size="10.560">我</text>
                <text font="JQUZDQ+SimSun" bbox="349.440,247.589,360.000,258.149" colourspace="ICCBased" ncolour="[0]" size="10.560">们</text>
                <text font="JQUZDQ+SimSun" bbox="360.000,247.589,370.560,258.149" colourspace="ICCBased" ncolour="[0]" size="10.560">有</text>
                <text font="JQUZDQ+SimSun" bbox="370.560,247.589,381.120,258.149" colourspace="ICCBased" ncolour="[0]" size="10.560">权</text>
                <text font="JQUZDQ+SimSun" bbox="380.880,247.589,391.440,258.149" colourspace="ICCBased" ncolour="[0]" size="10.560">解</text>
                <text font="JQUZDQ+SimSun" bbox="391.440,247.589,402.000,258.149" colourspace="ICCBased" ncolour="[0]" size="10.560">除</text>
                <text font="JQUZDQ+SimSun" bbox="402.000,247.589,412.560,258.149" colourspace="ICCBased" ncolour="[0]" size="10.560">合</text>
                <text font="JQUZDQ+SimSun" bbox="412.560,247.589,423.120,258.149" colourspace="ICCBased" ncolour="[0]" size="10.560">同</text>
                <text font="JQUZDQ+SimSun" bbox="423.120,247.589,433.680,258.149" colourspace="ICCBased" ncolour="[0]" size="10.560">，</text>
                <text font="JQUZDQ+SimSun" bbox="431.519,247.589,442.079,258.149" colourspace="ICCBased" ncolour="[0]" size="10.560">并</text>
                <text font="JQUZDQ+SimSun" bbox="442.079,247.589,452.639,258.149" colourspace="ICCBased" ncolour="[0]" size="10.560">向</text>
                <text font="JQUZDQ+SimSun" bbox="452.639,247.589,463.199,258.149" colourspace="ICCBased" ncolour="[0]" size="10.560">您</text>
                <text font="JQUZDQ+SimSun" bbox="463.199,247.589,473.759,258.149" colourspace="ICCBased" ncolour="[0]" size="10.560">退</text>
                <text font="JQUZDQ+SimSun" bbox="473.520,247.589,484.080,258.149" colourspace="ICCBased" ncolour="[0]" size="10.560">还</text>
                <text font="JQUZDQ+SimSun" bbox="484.080,247.589,494.640,258.149" colourspace="ICCBased" ncolour="[0]" size="10.560">本</text>
                <text font="JQUZDQ+SimSun" bbox="494.640,247.589,505.200,258.149" colourspace="ICCBased" ncolour="[0]" size="10.560">附</text>
                <text font="JQUZDQ+SimSun" bbox="505.200,247.589,515.760,258.149" colourspace="ICCBased" ncolour="[0]" size="10.560">加</text>
                <text font="JQUZDQ+SimSun" bbox="515.760,247.589,526.320,258.149" colourspace="ICCBased" ncolour="[0]" size="10.560">险</text>
                <text font="JQUZDQ+SimSun" bbox="526.080,247.589,536.640,258.149" colourspace="ICCBased" ncolour="[0]" size="10.560">合</text>
                <text font="JQUZDQ+SimSun" bbox="536.640,247.589,547.200,258.149" colourspace="ICCBased" ncolour="[0]" size="10.560">同</text>
                <text>
                </text>
            </textline>
            <textline bbox="235.680,231.989,547.196,242.549">
                <text font="JQUZDQ+SimSun" bbox="235.680,231.989,246.240,242.549" colourspace="ICCBased" ncolour="[0]" size="10.560">的</text>
                <text font="JQUZDQ+SimSun" bbox="246.240,231.989,256.800,242.549" colourspace="ICCBased" ncolour="[0]" size="10.560">现</text>
                <text font="JQUZDQ+SimSun" bbox="256.800,231.989,267.360,242.549" colourspace="ICCBased" ncolour="[0]" size="10.560">金</text>
                <text font="JQUZDQ+SimSun" bbox="267.360,231.989,277.920,242.549" colourspace="ICCBased" ncolour="[0]" size="10.560">价</text>
                <text font="JQUZDQ+SimSun" bbox="277.920,231.989,288.480,242.549" colourspace="ICCBased" ncolour="[0]" size="10.560">值</text>
                <text font="JQUZDQ+SimSun" bbox="288.480,231.989,299.040,242.549" colourspace="ICCBased" ncolour="[0]" size="10.560">。</text>
                <text font="JQUZDQ+SimSun" bbox="297.840,231.989,308.400,242.549" colourspace="ICCBased" ncolour="[0]" size="10.560">我</text>
                <text font="JQUZDQ+SimSun" bbox="308.400,231.989,318.960,242.549" colourspace="ICCBased" ncolour="[0]" size="10.560">们</text>
                <text font="JQUZDQ+SimSun" bbox="318.960,231.989,329.520,242.549" colourspace="ICCBased" ncolour="[0]" size="10.560">行</text>
                <text font="JQUZDQ+SimSun" bbox="329.520,231.989,340.080,242.549" colourspace="ICCBased" ncolour="[0]" size="10.560">使</text>
                <text font="JQUZDQ+SimSun" bbox="339.840,231.989,350.400,242.549" colourspace="ICCBased" ncolour="[0]" size="10.560">合</text>
                <text font="JQUZDQ+SimSun" bbox="350.400,231.989,360.960,242.549" colourspace="ICCBased" ncolour="[0]" size="10.560">同</text>
                <text font="JQUZDQ+SimSun" bbox="360.960,231.989,371.520,242.549" colourspace="ICCBased" ncolour="[0]" size="10.560">解</text>
                <text font="JQUZDQ+SimSun" bbox="371.520,231.989,382.080,242.549" colourspace="ICCBased" ncolour="[0]" size="10.560">除</text>
                <text font="JQUZDQ+SimSun" bbox="381.840,231.989,392.400,242.549" colourspace="ICCBased" ncolour="[0]" size="10.560">权</text>
                <text font="JQUZDQ+SimSun" bbox="392.400,231.989,402.960,242.549" colourspace="ICCBased" ncolour="[0]" size="10.560">适</text>
                <text font="JQUZDQ+SimSun" bbox="402.960,231.989,413.520,242.549" colourspace="ICCBased" ncolour="[0]" size="10.560">用</text>
                <text font="JQUZDQ+SimSun" bbox="412.560,231.989,423.120,242.549" colourspace="ICCBased" ncolour="[0]" size="10.560">“</text>
                <text font="JTTPDQ+SimSun" bbox="423.120,231.989,428.400,242.549" colourspace="ICCBased" ncolour="[0]" size="10.560">8</text>
                <text font="JTTPDQ+SimSun" bbox="428.157,231.989,433.437,242.549" colourspace="ICCBased" ncolour="[0]" size="10.560">.</text>
                <text font="JTTPDQ+SimSun" bbox="433.437,231.989,438.717,242.549" colourspace="ICCBased" ncolour="[0]" size="10.560">6</text>
                <text font="JQUZDQ+SimSun" bbox="437.756,231.989,448.316,242.549" colourspace="ICCBased" ncolour="[0]" size="10.560">（</text>
                <text font="JTTPDQ+SimSun" bbox="448.316,231.989,453.596,242.549" colourspace="ICCBased" ncolour="[0]" size="10.560">2</text>
                <text font="JQUZDQ+SimSun" bbox="453.596,231.989,464.156,242.549" colourspace="ICCBased" ncolour="[0]" size="10.560">）</text>
                <text font="JQUZDQ+SimSun" bbox="463.196,231.989,473.756,242.549" colourspace="ICCBased" ncolour="[0]" size="10.560">明</text>
                <text font="JQUZDQ+SimSun" bbox="473.517,231.989,484.077,242.549" colourspace="ICCBased" ncolour="[0]" size="10.560">确</text>
                <text font="JQUZDQ+SimSun" bbox="484.077,231.989,494.637,242.549" colourspace="ICCBased" ncolour="[0]" size="10.560">说</text>
                <text font="JQUZDQ+SimSun" bbox="494.637,231.989,505.197,242.549" colourspace="ICCBased" ncolour="[0]" size="10.560">明</text>
                <text font="JQUZDQ+SimSun" bbox="505.197,231.989,515.757,242.549" colourspace="ICCBased" ncolour="[0]" size="10.560">与</text>
                <text font="JQUZDQ+SimSun" bbox="515.757,231.989,526.317,242.549" colourspace="ICCBased" ncolour="[0]" size="10.560">如</text>
                <text font="JQUZDQ+SimSun" bbox="526.076,231.989,536.636,242.549" colourspace="ICCBased" ncolour="[0]" size="10.560">实</text>
                <text font="JQUZDQ+SimSun" bbox="536.636,231.989,547.196,242.549" colourspace="ICCBased" ncolour="[0]" size="10.560">告</text>
                <text>
                </text>
            </textline>
            <textline bbox="235.680,216.392,387.839,226.952">
                <text font="JQUZDQ+SimSun" bbox="235.680,216.392,246.240,226.952" colourspace="ICCBased" ncolour="[0]" size="10.560">知</text>
                <text font="JQUZDQ+SimSun" bbox="246.240,216.392,256.800,226.952" colourspace="ICCBased" ncolour="[0]" size="10.560">”</text>
                <text font="JQUZDQ+SimSun" bbox="256.800,216.392,267.360,226.952" colourspace="ICCBased" ncolour="[0]" size="10.560">中</text>
                <text font="JQUZDQ+SimSun" bbox="267.360,216.392,277.920,226.952" colourspace="ICCBased" ncolour="[0]" size="10.560">合</text>
                <text font="JQUZDQ+SimSun" bbox="277.920,216.392,288.480,226.952" colourspace="ICCBased" ncolour="[0]" size="10.560">同</text>
                <text font="JQUZDQ+SimSun" bbox="288.240,216.392,298.800,226.952" colourspace="ICCBased" ncolour="[0]" size="10.560">解</text>
                <text font="JQUZDQ+SimSun" bbox="298.800,216.392,309.360,226.952" colourspace="ICCBased" ncolour="[0]" size="10.560">除</text>
                <text font="JQUZDQ+SimSun" bbox="309.360,216.392,319.920,226.952" colourspace="ICCBased" ncolour="[0]" size="10.560">权</text>
                <text font="JQUZDQ+SimSun" bbox="319.920,216.392,330.480,226.952" colourspace="ICCBased" ncolour="[0]" size="10.560">限</text>
                <text font="JQUZDQ+SimSun" bbox="330.240,216.392,340.800,226.952" colourspace="ICCBased" ncolour="[0]" size="10.560">制</text>
                <text font="JQUZDQ+SimSun" bbox="340.800,216.392,351.360,226.952" colourspace="ICCBased" ncolour="[0]" size="10.560">的</text>
                <text font="JQUZDQ+SimSun" bbox="351.360,216.392,361.920,226.952" colourspace="ICCBased" ncolour="[0]" size="10.560">规</text>
                <text font="JQUZDQ+SimSun" bbox="361.920,216.392,372.480,226.952" colourspace="ICCBased" ncolour="[0]" size="10.560">定</text>
                <text font="JQUZDQ+SimSun" bbox="372.240,216.392,382.800,226.952" colourspace="ICCBased" ncolour="[0]" size="10.560">；</text>
                <text font="JTTPDQ+SimSun" bbox="382.559,216.392,387.839,226.952" colourspace="ICCBased" ncolour="[0]" size="10.560"> </text>
                <text>
                </text>
            </textline>
        </textbox>
        <textbox id="19" bbox="210.480,169.589,552.480,211.349">
            <textline bbox="210.480,200.789,552.480,211.349">
                <text font="JQUZDQ+SimSun" bbox="210.480,200.789,221.040,211.349" colourspace="ICCBased" ncolour="[0]" size="10.560">（</text>
                <text font="JTTPDQ+SimSun" bbox="221.040,200.789,226.320,211.349" colourspace="ICCBased" ncolour="[0]" size="10.560">2</text>
                <text font="JQUZDQ+SimSun" bbox="226.320,200.789,236.880,211.349" colourspace="ICCBased" ncolour="[0]" size="10.560">）</text>
                <text font="JQUZDQ+SimSun" bbox="231.840,200.789,242.400,211.349" colourspace="ICCBased" ncolour="[0]" size="10.560">您</text>
                <text font="JQUZDQ+SimSun" bbox="242.400,200.789,252.960,211.349" colourspace="ICCBased" ncolour="[0]" size="10.560">申</text>
                <text font="JQUZDQ+SimSun" bbox="252.960,200.789,263.520,211.349" colourspace="ICCBased" ncolour="[0]" size="10.560">报</text>
                <text font="JQUZDQ+SimSun" bbox="263.520,200.789,274.080,211.349" colourspace="ICCBased" ncolour="[0]" size="10.560">的</text>
                <text font="JQUZDQ+SimSun" bbox="273.840,200.789,284.400,211.349" colourspace="ICCBased" ncolour="[0]" size="10.560">被</text>
                <text font="JQUZDQ+SimSun" bbox="284.400,200.789,294.960,211.349" colourspace="ICCBased" ncolour="[0]" size="10.560">保</text>
                <text font="JQUZDQ+SimSun" bbox="294.960,200.789,305.520,211.349" colourspace="ICCBased" ncolour="[0]" size="10.560">险</text>
                <text font="JQUZDQ+SimSun" bbox="305.281,200.789,315.841,211.349" colourspace="ICCBased" ncolour="[0]" size="10.560">人</text>
                <text font="JQUZDQ+SimSun" bbox="315.841,200.789,326.401,211.349" colourspace="ICCBased" ncolour="[0]" size="10.560">年</text>
                <text font="JQUZDQ+SimSun" bbox="326.401,200.789,336.961,211.349" colourspace="ICCBased" ncolour="[0]" size="10.560">龄</text>
                <text font="JQUZDQ+SimSun" bbox="336.961,200.789,347.521,211.349" colourspace="ICCBased" ncolour="[0]" size="10.560">不</text>
                <text font="JQUZDQ+SimSun" bbox="347.280,200.789,357.840,211.349" colourspace="ICCBased" ncolour="[0]" size="10.560">真</text>
                <text font="JQUZDQ+SimSun" bbox="357.840,200.789,368.400,211.349" colourspace="ICCBased" ncolour="[0]" size="10.560">实</text>
                <text font="JQUZDQ+SimSun" bbox="368.400,200.789,378.960,211.349" colourspace="ICCBased" ncolour="[0]" size="10.560">，</text>
                <text font="JQUZDQ+SimSun" bbox="373.920,200.789,384.480,211.349" colourspace="ICCBased" ncolour="[0]" size="10.560">致</text>
                <text font="JQUZDQ+SimSun" bbox="384.480,200.789,395.040,211.349" colourspace="ICCBased" ncolour="[0]" size="10.560">使</text>
                <text font="JQUZDQ+SimSun" bbox="394.800,200.789,405.360,211.349" colourspace="ICCBased" ncolour="[0]" size="10.560">您</text>
                <text font="JQUZDQ+SimSun" bbox="405.360,200.789,415.920,211.349" colourspace="ICCBased" ncolour="[0]" size="10.560">实</text>
                <text font="JQUZDQ+SimSun" bbox="415.920,200.789,426.480,211.349" colourspace="ICCBased" ncolour="[0]" size="10.560">付</text>
                <text font="JQUZDQ+SimSun" bbox="426.480,200.789,437.040,211.349" colourspace="ICCBased" ncolour="[0]" size="10.560">保</text>
                <text font="JQUZDQ+SimSun" bbox="436.800,200.789,447.360,211.349" colourspace="ICCBased" ncolour="[0]" size="10.560">险</text>
                <text font="JQUZDQ+SimSun" bbox="447.120,200.789,457.680,211.349" colourspace="ICCBased" ncolour="[0]" size="10.560">费</text>
                <text font="JQUZDQ+SimSun" bbox="457.680,200.789,468.240,211.349" colourspace="ICCBased" ncolour="[0]" size="10.560">少</text>
                <text font="JQUZDQ+SimSun" bbox="468.240,200.789,478.800,211.349" colourspace="ICCBased" ncolour="[0]" size="10.560">于</text>
                <text font="JQUZDQ+SimSun" bbox="478.800,200.789,489.360,211.349" colourspace="ICCBased" ncolour="[0]" size="10.560">应</text>
                <text font="JQUZDQ+SimSun" bbox="489.360,200.789,499.920,211.349" colourspace="ICCBased" ncolour="[0]" size="10.560">付</text>
                <text font="JQUZDQ+SimSun" bbox="499.680,200.789,510.240,211.349" colourspace="ICCBased" ncolour="[0]" size="10.560">保</text>
                <text font="JQUZDQ+SimSun" bbox="510.240,200.789,520.800,211.349" colourspace="ICCBased" ncolour="[0]" size="10.560">险</text>
                <text font="JQUZDQ+SimSun" bbox="520.800,200.789,531.360,211.349" colourspace="ICCBased" ncolour="[0]" size="10.560">费</text>
                <text font="JQUZDQ+SimSun" bbox="531.360,200.789,541.920,211.349" colourspace="ICCBased" ncolour="[0]" size="10.560">的</text>
                <text font="JQUZDQ+SimSun" bbox="541.920,200.789,552.480,211.349" colourspace="ICCBased" ncolour="[0]" size="10.560">，</text>
                <text>
                </text>
            </textline>
            <textline bbox="235.680,185.189,547.263,195.749">
                <text font="JQUZDQ+SimSun" bbox="235.680,185.189,246.240,195.749" colourspace="ICCBased" ncolour="[0]" size="10.560">我</text>
                <text font="JQUZDQ+SimSun" bbox="246.483,185.189,257.043,195.749" colourspace="ICCBased" ncolour="[0]" size="10.560">们</text>
                <text font="JQUZDQ+SimSun" bbox="257.286,185.189,267.846,195.749" colourspace="ICCBased" ncolour="[0]" size="10.560">有</text>
                <text font="JQUZDQ+SimSun" bbox="268.089,185.189,278.649,195.749" colourspace="ICCBased" ncolour="[0]" size="10.560">权</text>
                <text font="JQUZDQ+SimSun" bbox="278.892,185.189,289.452,195.749" colourspace="ICCBased" ncolour="[0]" size="10.560">更</text>
                <text font="JQUZDQ+SimSun" bbox="289.694,185.189,300.254,195.749" colourspace="ICCBased" ncolour="[0]" size="10.560">正</text>
                <text font="JQUZDQ+SimSun" bbox="300.254,185.189,310.814,195.749" colourspace="ICCBased" ncolour="[0]" size="10.560">并</text>
                <text font="JQUZDQ+SimSun" bbox="311.057,185.189,321.617,195.749" colourspace="ICCBased" ncolour="[0]" size="10.560">要</text>
                <text font="JQUZDQ+SimSun" bbox="321.860,185.189,332.420,195.749" colourspace="ICCBased" ncolour="[0]" size="10.560">求</text>
                <text font="JQUZDQ+SimSun" bbox="332.663,185.189,343.223,195.749" colourspace="ICCBased" ncolour="[0]" size="10.560">您</text>
                <text font="JQUZDQ+SimSun" bbox="343.223,185.189,353.783,195.749" colourspace="ICCBased" ncolour="[0]" size="10.560">补</text>
                <text font="JQUZDQ+SimSun" bbox="354.026,185.189,364.586,195.749" colourspace="ICCBased" ncolour="[0]" size="10.560">交</text>
                <text font="JQUZDQ+SimSun" bbox="364.829,185.189,375.389,195.749" colourspace="ICCBased" ncolour="[0]" size="10.560">保</text>
                <text font="JQUZDQ+SimSun" bbox="375.632,185.189,386.192,195.749" colourspace="ICCBased" ncolour="[0]" size="10.560">险</text>
                <text font="JQUZDQ+SimSun" bbox="386.192,185.189,396.752,195.749" colourspace="ICCBased" ncolour="[0]" size="10.560">费</text>
                <text font="JQUZDQ+SimSun" bbox="396.995,185.189,407.555,195.749" colourspace="ICCBased" ncolour="[0]" size="10.560">或</text>
                <text font="JQUZDQ+SimSun" bbox="407.797,185.189,418.357,195.749" colourspace="ICCBased" ncolour="[0]" size="10.560">在</text>
                <text font="JQUZDQ+SimSun" bbox="418.600,185.189,429.160,195.749" colourspace="ICCBased" ncolour="[0]" size="10.560">给</text>
                <text font="JQUZDQ+SimSun" bbox="429.160,185.189,439.720,195.749" colourspace="ICCBased" ncolour="[0]" size="10.560">付</text>
                <text font="JQUZDQ+SimSun" bbox="439.963,185.189,450.523,195.749" colourspace="ICCBased" ncolour="[0]" size="10.560">保</text>
                <text font="JQUZDQ+SimSun" bbox="450.766,185.189,461.326,195.749" colourspace="ICCBased" ncolour="[0]" size="10.560">险</text>
                <text font="JQUZDQ+SimSun" bbox="461.569,185.189,472.129,195.749" colourspace="ICCBased" ncolour="[0]" size="10.560">金</text>
                <text font="JQUZDQ+SimSun" bbox="472.129,185.189,482.689,195.749" colourspace="ICCBased" ncolour="[0]" size="10.560">时</text>
                <text font="JQUZDQ+SimSun" bbox="482.932,185.189,493.492,195.749" colourspace="ICCBased" ncolour="[0]" size="10.560">按</text>
                <text font="JQUZDQ+SimSun" bbox="493.735,185.189,504.295,195.749" colourspace="ICCBased" ncolour="[0]" size="10.560">实</text>
                <text font="JQUZDQ+SimSun" bbox="504.538,185.189,515.098,195.749" colourspace="ICCBased" ncolour="[0]" size="10.560">付</text>
                <text font="JQUZDQ+SimSun" bbox="515.340,185.189,525.900,195.749" colourspace="ICCBased" ncolour="[0]" size="10.560">保</text>
                <text font="JQUZDQ+SimSun" bbox="526.143,185.189,536.703,195.749" colourspace="ICCBased" ncolour="[0]" size="10.560">险</text>
                <text font="JQUZDQ+SimSun" bbox="536.703,185.189,547.263,195.749" colourspace="ICCBased" ncolour="[0]" size="10.560">费</text>
                <text>
                </text>
            </textline>
            <textline bbox="235.680,169.589,366.960,180.149">
                <text font="JQUZDQ+SimSun" bbox="235.680,169.589,246.240,180.149" colourspace="ICCBased" ncolour="[0]" size="10.560">和</text>
                <text font="JQUZDQ+SimSun" bbox="246.240,169.589,256.800,180.149" colourspace="ICCBased" ncolour="[0]" size="10.560">应</text>
                <text font="JQUZDQ+SimSun" bbox="256.800,169.589,267.360,180.149" colourspace="ICCBased" ncolour="[0]" size="10.560">付</text>
                <text font="JQUZDQ+SimSun" bbox="267.360,169.589,277.920,180.149" colourspace="ICCBased" ncolour="[0]" size="10.560">保</text>
                <text font="JQUZDQ+SimSun" bbox="277.920,169.589,288.480,180.149" colourspace="ICCBased" ncolour="[0]" size="10.560">险</text>
                <text font="JQUZDQ+SimSun" bbox="288.240,169.589,298.800,180.149" colourspace="ICCBased" ncolour="[0]" size="10.560">费</text>
                <text font="JQUZDQ+SimSun" bbox="298.800,169.589,309.360,180.149" colourspace="ICCBased" ncolour="[0]" size="10.560">的</text>
                <text font="JQUZDQ+SimSun" bbox="309.360,169.589,319.920,180.149" colourspace="ICCBased" ncolour="[0]" size="10.560">比</text>
                <text font="JQUZDQ+SimSun" bbox="319.920,169.589,330.480,180.149" colourspace="ICCBased" ncolour="[0]" size="10.560">例</text>
                <text font="JQUZDQ+SimSun" bbox="330.240,169.589,340.800,180.149" colourspace="ICCBased" ncolour="[0]" size="10.560">给</text>
                <text font="JQUZDQ+SimSun" bbox="340.800,169.589,351.360,180.149" colourspace="ICCBased" ncolour="[0]" size="10.560">付</text>
                <text font="JQUZDQ+SimSun" bbox="351.360,169.589,361.920,180.149" colourspace="ICCBased" ncolour="[0]" size="10.560">；</text>
                <text font="JTTPDQ+SimSun" bbox="361.680,169.589,366.960,180.149" colourspace="ICCBased" ncolour="[0]" size="10.560"> </text>
                <text>
                </text>
            </textline>
        </textbox>
        <textbox id="20" bbox="210.482,153.989,552.480,164.552">
            <textline bbox="210.482,153.989,552.480,164.552">
                <text font="JQUZDQ+SimSun" bbox="210.482,153.992,221.042,164.552" colourspace="ICCBased" ncolour="[0]" size="10.560">（</text>
                <text font="JTTPDQ+SimSun" bbox="221.042,153.992,226.322,164.552" colourspace="ICCBased" ncolour="[0]" size="10.560">3</text>
                <text font="JQUZDQ+SimSun" bbox="226.320,153.989,236.880,164.549" colourspace="ICCBased" ncolour="[0]" size="10.560">）</text>
                <text font="JQUZDQ+SimSun" bbox="231.840,153.989,242.400,164.549" colourspace="ICCBased" ncolour="[0]" size="10.560">您</text>
                <text font="JQUZDQ+SimSun" bbox="242.400,153.989,252.960,164.549" colourspace="ICCBased" ncolour="[0]" size="10.560">申</text>
                <text font="JQUZDQ+SimSun" bbox="252.960,153.989,263.520,164.549" colourspace="ICCBased" ncolour="[0]" size="10.560">报</text>
                <text font="JQUZDQ+SimSun" bbox="263.520,153.989,274.080,164.549" colourspace="ICCBased" ncolour="[0]" size="10.560">的</text>
                <text font="JQUZDQ+SimSun" bbox="273.840,153.989,284.400,164.549" colourspace="ICCBased" ncolour="[0]" size="10.560">被</text>
                <text font="JQUZDQ+SimSun" bbox="284.400,153.989,294.960,164.549" colourspace="ICCBased" ncolour="[0]" size="10.560">保</text>
                <text font="JQUZDQ+SimSun" bbox="294.960,153.989,305.520,164.549" colourspace="ICCBased" ncolour="[0]" size="10.560">险</text>
                <text font="JQUZDQ+SimSun" bbox="305.280,153.989,315.840,164.549" colourspace="ICCBased" ncolour="[0]" size="10.560">人</text>
                <text font="JQUZDQ+SimSun" bbox="315.840,153.989,326.400,164.549" colourspace="ICCBased" ncolour="[0]" size="10.560">年</text>
                <text font="JQUZDQ+SimSun" bbox="326.400,153.989,336.960,164.549" colourspace="ICCBased" ncolour="[0]" size="10.560">龄</text>
                <text font="JQUZDQ+SimSun" bbox="336.960,153.989,347.520,164.549" colourspace="ICCBased" ncolour="[0]" size="10.560">不</text>
                <text font="JQUZDQ+SimSun" bbox="347.280,153.989,357.840,164.549" colourspace="ICCBased" ncolour="[0]" size="10.560">真</text>
                <text font="JQUZDQ+SimSun" bbox="357.840,153.989,368.400,164.549" colourspace="ICCBased" ncolour="[0]" size="10.560">实</text>
                <text font="JQUZDQ+SimSun" bbox="368.400,153.989,378.960,164.549" colourspace="ICCBased" ncolour="[0]" size="10.560">，</text>
                <text font="JQUZDQ+SimSun" bbox="373.920,153.989,384.480,164.549" colourspace="ICCBased" ncolour="[0]" size="10.560">致</text>
                <text font="JQUZDQ+SimSun" bbox="384.480,153.989,395.040,164.549" colourspace="ICCBased" ncolour="[0]" size="10.560">使</text>
                <text font="JQUZDQ+SimSun" bbox="394.800,153.989,405.360,164.549" colourspace="ICCBased" ncolour="[0]" size="10.560">您</text>
                <text font="JQUZDQ+SimSun" bbox="405.360,153.989,415.920,164.549" colourspace="ICCBased" ncolour="[0]" size="10.560">实</text>
                <text font="JQUZDQ+SimSun" bbox="415.920,153.989,426.480,164.549" colourspace="ICCBased" ncolour="[0]" size="10.560">付</text>
                <text font="JQUZDQ+SimSun" bbox="426.480,153.989,437.040,164.549" colourspace="ICCBased" ncolour="[0]" size="10.560">保</text>
                <text font="JQUZDQ+SimSun" bbox="436.800,153.989,447.360,164.549" colourspace="ICCBased" ncolour="[0]" size="10.560">险</text>
                <text font="JQUZDQ+SimSun" bbox="447.120,153.989,457.680,164.549" colourspace="ICCBased" ncolour="[0]" size="10.560">费</text>
                <text font="JQUZDQ+SimSun" bbox="457.680,153.989,468.240,164.549" colourspace="ICCBased" ncolour="[0]" size="10.560">多</text>
                <text font="JQUZDQ+SimSun" bbox="468.240,153.989,478.800,164.549" colourspace="ICCBased" ncolour="[0]" size="10.560">于</text>
                <text font="JQUZDQ+SimSun" bbox="478.800,153.989,489.360,164.549" colourspace="ICCBased" ncolour="[0]" size="10.560">应</text>
                <text font="JQUZDQ+SimSun" bbox="489.360,153.989,499.920,164.549" colourspace="ICCBased" ncolour="[0]" size="10.560">付</text>
                <text font="JQUZDQ+SimSun" bbox="499.680,153.989,510.240,164.549" colourspace="ICCBased" ncolour="[0]" size="10.560">保</text>
                <text font="JQUZDQ+SimSun" bbox="510.240,153.989,520.800,164.549" colourspace="ICCBased" ncolour="[0]" size="10.560">险</text>
                <text font="JQUZDQ+SimSun" bbox="520.800,153.989,531.360,164.549" colourspace="ICCBased" ncolour="[0]" size="10.560">费</text>
                <text font="JQUZDQ+SimSun" bbox="531.360,153.989,541.920,164.549" colourspace="ICCBased" ncolour="[0]" size="10.560">的</text>
                <text font="JQUZDQ+SimSun" bbox="541.920,153.989,552.480,164.549" colourspace="ICCBased" ncolour="[0]" size="10.560">，</text>
                <text>
                </text>
            </textline>
        </textbox>
        <textbox id="21" bbox="68.880,366.629,74.160,377.189">
            <textline bbox="68.880,366.629,74.160,377.189">
                <text font="JTTPDQ+SimSun" bbox="68.880,366.629,74.160,377.189" colourspace="ICCBased" ncolour="[0]" size="10.560"> </text>
                <text>
                </text>
            </textline>
        </textbox>
        <textbox id="22" bbox="60.960,353.909,144.960,377.189">
            <textline bbox="97.440,366.629,102.720,377.189">
                <text font="JTTPDQ+SimSun" bbox="97.440,366.629,102.720,377.189" colourspace="ICCBased" ncolour="[0]" size="10.560"> </text>
                <text>
                </text>
            </textline>
            <textline bbox="60.960,353.909,144.960,364.469">
                <text font="JTTPDQ+SimSun" bbox="60.960,353.909,66.240,364.469" colourspace="ICCBased" ncolour="[0]" size="10.560">8</text>
                <text font="JTTPDQ+SimSun" bbox="66.240,353.909,71.520,364.469" colourspace="ICCBased" ncolour="[0]" size="10.560">.</text>
                <text font="JTTPDQ+SimSun" bbox="71.520,353.909,76.800,364.469" colourspace="ICCBased" ncolour="[0]" size="10.560">3</text>
                <text font="JTTPDQ+SimSun" bbox="76.800,353.909,82.080,364.469" colourspace="ICCBased" ncolour="[0]" size="10.560"> </text>
                <text> </text>
                <text font="JQUZDQ+SimSun" bbox="97.440,353.909,108.000,364.469" colourspace="ICCBased" ncolour="[0]" size="10.560">投</text>
                <text font="JQUZDQ+SimSun" bbox="108.000,353.909,118.560,364.469" colourspace="ICCBased" ncolour="[0]" size="10.560">保</text>
                <text font="JQUZDQ+SimSun" bbox="118.560,353.909,129.120,364.469" colourspace="ICCBased" ncolour="[0]" size="10.560">年</text>
                <text font="JQUZDQ+SimSun" bbox="129.120,353.909,139.680,364.469" colourspace="ICCBased" ncolour="[0]" size="10.560">龄</text>
                <text font="JTTPDQ+SimSun" bbox="139.680,353.909,144.960,364.469" colourspace="ICCBased" ncolour="[0]" size="10.560"> </text>
                <text>
                </text>
            </textline>
        </textbox>
        <textbox id="23" bbox="68.880,307.109,74.160,317.669">
            <textline bbox="68.880,307.109,74.160,317.669">
                <text font="JTTPDQ+SimSun" bbox="68.880,307.109,74.160,317.669" colourspace="ICCBased" ncolour="[0]" size="10.560"> </text>
                <text>
                </text>
            </textline>
        </textbox>
        <textbox id="24" bbox="60.960,278.789,144.960,317.669">
            <textline bbox="97.440,307.109,102.720,317.669">
                <text font="JTTPDQ+SimSun" bbox="97.440,307.109,102.720,317.669" colourspace="ICCBased" ncolour="[0]" size="10.560"> </text>
                <text>
                </text>
            </textline>
            <textline bbox="60.960,294.389,144.960,304.949">
                <text font="JTTPDQ+SimSun" bbox="60.960,294.389,66.240,304.949" colourspace="ICCBased" ncolour="[0]" size="10.560">8</text>
                <text font="JTTPDQ+SimSun" bbox="66.240,294.389,71.520,304.949" colourspace="ICCBased" ncolour="[0]" size="10.560">.</text>
                <text font="JTTPDQ+SimSun" bbox="71.520,294.389,76.800,304.949" colourspace="ICCBased" ncolour="[0]" size="10.560">4</text>
                <text font="JTTPDQ+SimSun" bbox="76.800,294.389,82.080,304.949" colourspace="ICCBased" ncolour="[0]" size="10.560"> </text>
                <text> </text>
                <text font="JQUZDQ+SimSun" bbox="97.440,294.389,108.000,304.949" colourspace="ICCBased" ncolour="[0]" size="10.560">年</text>
                <text font="JQUZDQ+SimSun" bbox="108.000,294.389,118.560,304.949" colourspace="ICCBased" ncolour="[0]" size="10.560">龄</text>
                <text font="JQUZDQ+SimSun" bbox="118.560,294.389,129.120,304.949" colourspace="ICCBased" ncolour="[0]" size="10.560">错</text>
                <text font="JQUZDQ+SimSun" bbox="129.120,294.389,139.680,304.949" colourspace="ICCBased" ncolour="[0]" size="10.560">误</text>
                <text font="JTTPDQ+SimSun" bbox="139.680,294.389,144.960,304.949" colourspace="ICCBased" ncolour="[0]" size="10.560"> </text>
                <text>
                </text>
            </textline>
            <textline bbox="97.440,278.789,102.720,289.349">
                <text font="JTTPDQ+SimSun" bbox="97.440,278.789,102.720,289.349" colourspace="ICCBased" ncolour="[0]" size="10.560"> </text>
                <text>
                </text>
            </textline>
        </textbox>
        <textbox id="25" bbox="51.120,122.789,56.400,133.349">
            <textline bbox="51.120,122.789,56.400,133.349">
                <text font="JTTPDQ+SimSun" bbox="51.120,122.789,56.400,133.349" colourspace="ICCBased" ncolour="[0]" size="10.560"> </text>
                <text>
                </text>
            </textline>
        </textbox>
        <textbox id="26" bbox="60.960,109.829,144.960,133.349">
            <textline bbox="97.440,122.789,102.720,133.349">
                <text font="JTTPDQ+SimSun" bbox="97.440,122.789,102.720,133.349" colourspace="ICCBased" ncolour="[0]" size="10.560"> </text>
                <text>
                </text>
            </textline>
            <textline bbox="60.960,109.829,144.960,120.389">
                <text font="JTTPDQ+SimSun" bbox="60.960,109.829,66.240,120.389" colourspace="ICCBased" ncolour="[0]" size="10.560">8</text>
                <text font="JTTPDQ+SimSun" bbox="66.240,109.829,71.520,120.389" colourspace="ICCBased" ncolour="[0]" size="10.560">.</text>
                <text font="JTTPDQ+SimSun" bbox="71.520,109.829,76.800,120.389" colourspace="ICCBased" ncolour="[0]" size="10.560">5</text>
                <text font="JTTPDQ+SimSun" bbox="76.800,109.829,82.080,120.389" colourspace="ICCBased" ncolour="[0]" size="10.560"> </text>
                <text> </text>
                <text font="JQUZDQ+SimSun" bbox="97.440,109.829,108.000,120.389" colourspace="ICCBased" ncolour="[0]" size="10.560">效</text>
                <text font="JQUZDQ+SimSun" bbox="108.000,109.829,118.560,120.389" colourspace="ICCBased" ncolour="[0]" size="10.560">力</text>
                <text font="JQUZDQ+SimSun" bbox="118.560,109.829,129.120,120.389" colourspace="ICCBased" ncolour="[0]" size="10.560">终</text>
                <text font="JQUZDQ+SimSun" bbox="129.120,109.829,139.680,120.389" colourspace="ICCBased" ncolour="[0]" size="10.560">止</text>
                <text font="JTTPDQ+SimSun" bbox="139.680,109.829,144.960,120.389" colourspace="ICCBased" ncolour="[0]" size="10.560"> </text>
                <text>
                </text>
            </textline>
        </textbox>
        <textbox id="27" bbox="68.880,63.029,74.160,73.589">
            <textline bbox="68.880,63.029,74.160,73.589">
                <text font="JTTPDQ+SimSun" bbox="68.880,63.029,74.160,73.589" colourspace="ICCBased" ncolour="[0]" size="10.560"> </text>
                <text>
                </text>
            </textline>
        </textbox>
        <textbox id="28" bbox="97.440,63.029,102.720,73.589">
            <textline bbox="97.440,63.029,102.720,73.589">
                <text font="JTTPDQ+SimSun" bbox="97.440,63.029,102.720,73.589" colourspace="ICCBased" ncolour="[0]" size="10.560"> </text>
                <text>
                </text>
            </textline>
        </textbox>
        <textbox id="29" bbox="235.680,138.389,398.400,148.949">
            <textline bbox="235.680,138.389,398.400,148.949">
                <text font="JQUZDQ+SimSun" bbox="235.680,138.389,246.240,148.949" colourspace="ICCBased" ncolour="[0]" size="10.560">我</text>
                <text font="JQUZDQ+SimSun" bbox="246.240,138.389,256.800,148.949" colourspace="ICCBased" ncolour="[0]" size="10.560">们</text>
                <text font="JQUZDQ+SimSun" bbox="256.800,138.389,267.360,148.949" colourspace="ICCBased" ncolour="[0]" size="10.560">会</text>
                <text font="JQUZDQ+SimSun" bbox="267.360,138.389,277.920,148.949" colourspace="ICCBased" ncolour="[0]" size="10.560">将</text>
                <text font="JQUZDQ+SimSun" bbox="277.920,138.389,288.480,148.949" colourspace="ICCBased" ncolour="[0]" size="10.560">多</text>
                <text font="JQUZDQ+SimSun" bbox="288.240,138.389,298.800,148.949" colourspace="ICCBased" ncolour="[0]" size="10.560">收</text>
                <text font="JQUZDQ+SimSun" bbox="298.800,138.389,309.360,148.949" colourspace="ICCBased" ncolour="[0]" size="10.560">的</text>
                <text font="JQUZDQ+SimSun" bbox="309.360,138.389,319.920,148.949" colourspace="ICCBased" ncolour="[0]" size="10.560">保</text>
                <text font="JQUZDQ+SimSun" bbox="319.920,138.389,330.480,148.949" colourspace="ICCBased" ncolour="[0]" size="10.560">险</text>
                <text font="JQUZDQ+SimSun" bbox="330.240,138.389,340.800,148.949" colourspace="ICCBased" ncolour="[0]" size="10.560">费</text>
                <text font="JQUZDQ+SimSun" bbox="340.800,138.389,351.360,148.949" colourspace="ICCBased" ncolour="[0]" size="10.560">退</text>
                <text font="JQUZDQ+SimSun" bbox="351.360,138.389,361.920,148.949" colourspace="ICCBased" ncolour="[0]" size="10.560">还</text>
                <text font="JQUZDQ+SimSun" bbox="361.920,138.389,372.480,148.949" colourspace="ICCBased" ncolour="[0]" size="10.560">给</text>
                <text font="JQUZDQ+SimSun" bbox="372.240,138.389,382.800,148.949" colourspace="ICCBased" ncolour="[0]" size="10.560">您</text>
                <text font="JQUZDQ+SimSun" bbox="382.800,138.389,393.360,148.949" colourspace="ICCBased" ncolour="[0]" size="10.560">。</text>
                <text font="JTTPDQ+SimSun" bbox="393.120,138.389,398.400,148.949" colourspace="ICCBased" ncolour="[0]" size="10.560"> </text>
                <text>
                </text>
            </textline>
        </textbox>
        <textbox id="30" bbox="210.480,63.029,446.649,133.349">
            <textline bbox="210.480,122.789,215.760,133.349">
                <text font="JTTPDQ+SimSun" bbox="210.480,122.789,215.760,133.349" colourspace="ICCBased" ncolour="[0]" size="10.560"> </text>
                <text>
                </text>
            </textline>
            <textline bbox="210.485,109.829,446.649,120.389">
                <text font="JQUZDQ+SimSun" bbox="210.485,109.829,221.045,120.389" colourspace="ICCBased" ncolour="[0]" size="10.560">当</text>
                <text font="JQUZDQ+SimSun" bbox="221.045,109.829,231.605,120.389" colourspace="ICCBased" ncolour="[0]" size="10.560">发</text>
                <text font="JQUZDQ+SimSun" bbox="231.605,109.829,242.165,120.389" colourspace="ICCBased" ncolour="[0]" size="10.560">生</text>
                <text font="JQUZDQ+SimSun" bbox="242.165,109.829,252.725,120.389" colourspace="ICCBased" ncolour="[0]" size="10.560">下</text>
                <text font="JQUZDQ+SimSun" bbox="252.725,109.829,263.285,120.389" colourspace="ICCBased" ncolour="[0]" size="10.560">列</text>
                <text font="JQUZDQ+SimSun" bbox="263.045,109.829,273.605,120.389" colourspace="ICCBased" ncolour="[0]" size="10.560">情</text>
                <text font="JQUZDQ+SimSun" bbox="273.605,109.829,284.165,120.389" colourspace="ICCBased" ncolour="[0]" size="10.560">形</text>
                <text font="JQUZDQ+SimSun" bbox="284.165,109.829,294.725,120.389" colourspace="ICCBased" ncolour="[0]" size="10.560">之</text>
                <text font="JQUZDQ+SimSun" bbox="294.725,109.829,305.285,120.389" colourspace="ICCBased" ncolour="[0]" size="10.560">一</text>
                <text font="JQUZDQ+SimSun" bbox="305.044,109.829,315.604,120.389" colourspace="ICCBased" ncolour="[0]" size="10.560">时</text>
                <text font="JQUZDQ+SimSun" bbox="315.604,109.829,326.164,120.389" colourspace="ICCBased" ncolour="[0]" size="10.560">，</text>
                <text font="JQUZDQ+SimSun" bbox="326.164,109.829,336.724,120.389" colourspace="ICCBased" ncolour="[0]" size="10.560">本</text>
                <text font="JQUZDQ+SimSun" bbox="336.724,109.829,347.284,120.389" colourspace="ICCBased" ncolour="[0]" size="10.560">附</text>
                <text font="JQUZDQ+SimSun" bbox="347.045,109.829,357.605,120.389" colourspace="ICCBased" ncolour="[0]" size="10.560">加</text>
                <text font="JQUZDQ+SimSun" bbox="357.605,109.829,368.165,120.389" colourspace="ICCBased" ncolour="[0]" size="10.560">险</text>
                <text font="JQUZDQ+SimSun" bbox="368.165,109.829,378.725,120.389" colourspace="ICCBased" ncolour="[0]" size="10.560">合</text>
                <text font="JQUZDQ+SimSun" bbox="378.725,109.829,389.285,120.389" colourspace="ICCBased" ncolour="[0]" size="10.560">同</text>
                <text font="JQUZDQ+SimSun" bbox="389.045,109.829,399.605,120.389" colourspace="ICCBased" ncolour="[0]" size="10.560">效</text>
                <text font="JQUZDQ+SimSun" bbox="399.605,109.829,410.165,120.389" colourspace="ICCBased" ncolour="[0]" size="10.560">力</text>
                <text font="JQUZDQ+SimSun" bbox="410.165,109.829,420.725,120.389" colourspace="ICCBased" ncolour="[0]" size="10.560">终</text>
                <text font="JQUZDQ+SimSun" bbox="420.725,109.829,431.285,120.389" colourspace="ICCBased" ncolour="[0]" size="10.560">止</text>
                <text font="JQUZDQ+SimSun" bbox="431.045,109.829,441.605,120.389" colourspace="ICCBased" ncolour="[0]" size="10.560">：</text>
                <text font="JTTPDQ+SimSun" bbox="441.369,109.829,446.649,120.389" colourspace="ICCBased" ncolour="[0]" size="10.560"> </text>
                <text>
                </text>
            </textline>
            <textline bbox="210.485,94.232,336.487,104.792">
                <text font="JQUZDQ+SimSun" bbox="210.485,94.232,221.045,104.792" colourspace="ICCBased" ncolour="[0]" size="10.560">（</text>
                <text font="JTTPDQ+SimSun" bbox="221.045,94.232,226.325,104.792" colourspace="ICCBased" ncolour="[0]" size="10.560">1</text>
                <text font="JQUZDQ+SimSun" bbox="226.325,94.232,236.885,104.792" colourspace="ICCBased" ncolour="[0]" size="10.560">）</text>
                <text font="JQUZDQ+SimSun" bbox="236.885,94.232,247.445,104.792" colourspace="ICCBased" ncolour="[0]" size="10.560">主</text>
                <text font="JQUZDQ+SimSun" bbox="247.445,94.232,258.005,104.792" colourspace="ICCBased" ncolour="[0]" size="10.560">险</text>
                <text font="JQUZDQ+SimSun" bbox="258.005,94.232,268.565,104.792" colourspace="ICCBased" ncolour="[0]" size="10.560">合</text>
                <text font="JQUZDQ+SimSun" bbox="268.325,94.232,278.885,104.792" colourspace="ICCBased" ncolour="[0]" size="10.560">同</text>
                <text font="JQUZDQ+SimSun" bbox="278.885,94.232,289.445,104.792" colourspace="ICCBased" ncolour="[0]" size="10.560">效</text>
                <text font="JQUZDQ+SimSun" bbox="289.445,94.232,300.005,104.792" colourspace="ICCBased" ncolour="[0]" size="10.560">力</text>
                <text font="JQUZDQ+SimSun" bbox="300.005,94.232,310.565,104.792" colourspace="ICCBased" ncolour="[0]" size="10.560">终</text>
                <text font="JQUZDQ+SimSun" bbox="310.324,94.232,320.884,104.792" colourspace="ICCBased" ncolour="[0]" size="10.560">止</text>
                <text font="JQUZDQ+SimSun" bbox="320.884,94.232,331.444,104.792" colourspace="ICCBased" ncolour="[0]" size="10.560">；</text>
                <text font="JTTPDQ+SimSun" bbox="331.207,94.232,336.487,104.792" colourspace="ICCBased" ncolour="[0]" size="10.560"> </text>
                <text>
                </text>
            </textline>
            <textline bbox="210.485,78.635,441.369,89.195">
                <text font="JQUZDQ+SimSun" bbox="210.485,78.635,221.045,89.195" colourspace="ICCBased" ncolour="[0]" size="10.560">（</text>
                <text font="JTTPDQ+SimSun" bbox="221.045,78.635,226.325,89.195" colourspace="ICCBased" ncolour="[0]" size="10.560">2</text>
                <text font="JQUZDQ+SimSun" bbox="226.325,78.635,236.885,89.195" colourspace="ICCBased" ncolour="[0]" size="10.560">）</text>
                <text font="JQUZDQ+SimSun" bbox="236.885,78.635,247.445,89.195" colourspace="ICCBased" ncolour="[0]" size="10.560">其</text>
                <text font="JQUZDQ+SimSun" bbox="247.445,78.635,258.005,89.195" colourspace="ICCBased" ncolour="[0]" size="10.560">他</text>
                <text font="JQUZDQ+SimSun" bbox="258.005,78.635,268.565,89.195" colourspace="ICCBased" ncolour="[0]" size="10.560">本</text>
                <text font="JQUZDQ+SimSun" bbox="268.325,78.635,278.885,89.195" colourspace="ICCBased" ncolour="[0]" size="10.560">附</text>
                <text font="JQUZDQ+SimSun" bbox="278.885,78.635,289.445,89.195" colourspace="ICCBased" ncolour="[0]" size="10.560">加</text>
                <text font="JQUZDQ+SimSun" bbox="289.445,78.635,300.005,89.195" colourspace="ICCBased" ncolour="[0]" size="10.560">险</text>
                <text font="JQUZDQ+SimSun" bbox="300.005,78.635,310.565,89.195" colourspace="ICCBased" ncolour="[0]" size="10.560">合</text>
                <text font="JQUZDQ+SimSun" bbox="310.324,78.635,320.884,89.195" colourspace="ICCBased" ncolour="[0]" size="10.560">同</text>
                <text font="JQUZDQ+SimSun" bbox="320.884,78.635,331.444,89.195" colourspace="ICCBased" ncolour="[0]" size="10.560">约</text>
                <text font="JQUZDQ+SimSun" bbox="331.444,78.635,342.004,89.195" colourspace="ICCBased" ncolour="[0]" size="10.560">定</text>
                <text font="JQUZDQ+SimSun" bbox="342.004,78.635,352.564,89.195" colourspace="ICCBased" ncolour="[0]" size="10.560">的</text>
                <text font="JQUZDQ+SimSun" bbox="352.325,78.635,362.885,89.195" colourspace="ICCBased" ncolour="[0]" size="10.560">效</text>
                <text font="JQUZDQ+SimSun" bbox="362.885,78.635,373.445,89.195" colourspace="ICCBased" ncolour="[0]" size="10.560">力</text>
                <text font="JQUZDQ+SimSun" bbox="373.445,78.635,384.005,89.195" colourspace="ICCBased" ncolour="[0]" size="10.560">终</text>
                <text font="JQUZDQ+SimSun" bbox="384.005,78.635,394.565,89.195" colourspace="ICCBased" ncolour="[0]" size="10.560">止</text>
                <text font="JQUZDQ+SimSun" bbox="394.325,78.635,404.885,89.195" colourspace="ICCBased" ncolour="[0]" size="10.560">的</text>
                <text font="JQUZDQ+SimSun" bbox="404.885,78.635,415.445,89.195" colourspace="ICCBased" ncolour="[0]" size="10.560">情</text>
                <text font="JQUZDQ+SimSun" bbox="415.445,78.635,426.005,89.195" colourspace="ICCBased" ncolour="[0]" size="10.560">形</text>
                <text font="JQUZDQ+SimSun" bbox="425.765,78.635,436.325,89.195" colourspace="ICCBased" ncolour="[0]" size="10.560">。</text>
                <text font="JTTPDQ+SimSun" bbox="436.089,78.635,441.369,89.195" colourspace="ICCBased" ncolour="[0]" size="10.560"> </text>
                <text>
                </text>
            </textline>
            <textline bbox="210.480,63.029,215.760,73.589">
                <text font="JTTPDQ+SimSun" bbox="210.480,63.029,215.760,73.589" colourspace="ICCBased" ncolour="[0]" size="10.560"> </text>
                <text>
                </text>
            </textline>
        </textbox>
        <rect linewidth="0" bbox="526.080,617.280,546.960,631.199" />
        <rect linewidth="0" bbox="210.480,601.680,546.960,615.600" />
        <rect linewidth="0" bbox="210.480,586.080,336.480,600.000" />
        <rect linewidth="0" bbox="45.600,466.560,92.160,467.520" />
        <rect linewidth="0" bbox="92.160,466.560,93.120,467.520" />
        <rect linewidth="0" bbox="93.120,466.560,205.200,467.520" />
        <rect linewidth="0" bbox="205.200,466.560,206.160,467.520" />
        <rect linewidth="0" bbox="206.160,466.560,552.480,467.520" />
        <rect linewidth="0" bbox="231.840,199.200,546.960,213.120" />
        <rect linewidth="0" bbox="235.680,183.600,546.960,197.520" />
        <rect linewidth="0" bbox="235.680,168.000,361.680,181.920" />
        <layout>
            <textgroup bbox="51.120,63.029,552.480,782.789">
                <textgroup bbox="51.120,153.989,552.480,782.789">
                    <textgroup bbox="51.120,153.989,552.480,782.789">
                        <textgroup bbox="51.120,413.429,552.240,782.789">
                            <textgroup bbox="51.120,426.149,552.240,782.789">
                                <textbox id="0" bbox="210.480,511.109,552.240,782.789" />
                                <textgroup bbox="51.120,426.149,304.080,705.408">
                                    <textgroup bbox="51.120,453.509,199.680,705.408">
                                        <textgroup bbox="63.600,511.109,199.680,705.408">
                                            <textgroup bbox="63.600,541.248,199.680,705.408">
                                                <textgroup bbox="63.600,602.208,199.680,705.408">
                                                    <textgroup bbox="63.600,663.168,199.680,705.408">
                                                        <textgroup bbox="63.600,679.248,199.680,705.408">
                                                            <textbox id="1" bbox="97.440,693.408,100.368,705.408" />
                                                            <textbox id="2" bbox="63.600,679.248,199.680,704.789" />
                                                        </textgroup>
                                                        <textbox id="3" bbox="97.440,663.168,124.368,675.168" />
                                                    </textgroup>
                                                    <textgroup bbox="63.600,602.208,199.680,644.448">
                                                        <textgroup bbox="63.600,618.048,199.680,644.448">
                                                            <textbox id="4" bbox="97.440,632.448,100.368,644.448" />
                                                            <textbox id="5" bbox="63.600,618.048,199.680,643.829" />
                                                        </textgroup>
                                                        <textbox id="6" bbox="97.440,602.208,148.368,614.208" />
                                                    </textgroup>
                                                </textgroup>
                                                <textgroup bbox="63.600,541.248,199.680,569.088">
                                                    <textbox id="7" bbox="63.600,557.088,199.680,569.088" />
                                                    <textbox id="8" bbox="97.440,541.248,136.368,553.248" />
                                                </textgroup>
                                            </textgroup>
                                            <textgroup bbox="97.440,511.109,102.720,583.248">
                                                <textbox id="9" bbox="97.440,571.248,100.368,583.248" />
                                                <textbox id="10" bbox="97.440,511.109,102.720,521.669" />
                                            </textgroup>
                                        </textgroup>
                                        <textgroup bbox="51.120,453.509,56.400,582.629">
                                            <textbox id="11" bbox="51.120,572.069,56.400,582.629" />
                                            <textgroup bbox="51.120,453.509,56.400,521.669">
                                                <textbox id="12" bbox="51.120,511.109,56.400,521.669" />
                                                <textbox id="13" bbox="51.120,453.509,56.400,464.069" />
                                            </textgroup>
                                        </textgroup>
                                    </textgroup>
                                    <textgroup bbox="60.000,426.149,304.080,509.157">
                                        <textbox id="14" bbox="60.000,489.237,199.680,509.157" />
                                        <textgroup bbox="60.960,426.149,304.080,481.968">
                                            <textbox id="15" bbox="60.960,426.149,304.080,481.968" />
                                            <textbox id="16" bbox="68.880,426.149,74.160,436.709" />
                                        </textgroup>
                                    </textgroup>
                                </textgroup>
                            </textgroup>
                            <textbox id="17" bbox="60.960,413.429,519.120,423.989" />
                        </textgroup>
                        <textgroup bbox="210.480,153.989,552.480,464.069">
                            <textbox id="18" bbox="210.480,216.392,547.201,464.069" />
                            <textgroup bbox="210.480,153.989,552.480,211.349">
                                <textbox id="19" bbox="210.480,169.589,552.480,211.349" />
                                <textbox id="20" bbox="210.482,153.989,552.480,164.552" />
                            </textgroup>
                        </textgroup>
                    </textgroup>
                    <textgroup bbox="60.960,278.789,144.960,377.189">
                        <textgroup bbox="60.960,353.909,144.960,377.189">
                            <textbox id="21" bbox="68.880,366.629,74.160,377.189" />
                            <textbox id="22" bbox="60.960,353.909,144.960,377.189" />
                        </textgroup>
                        <textgroup bbox="60.960,278.789,144.960,317.669">
                            <textbox id="23" bbox="68.880,307.109,74.160,317.669" />
                            <textbox id="24" bbox="60.960,278.789,144.960,317.669" />
                        </textgroup>
                    </textgroup>
                </textgroup>
                <textgroup bbox="51.120,63.029,446.649,148.949">
                    <textgroup bbox="51.120,63.029,144.960,133.349">
                        <textgroup bbox="51.120,109.829,144.960,133.349">
                            <textbox id="25" bbox="51.120,122.789,56.400,133.349" />
                            <textbox id="26" bbox="60.960,109.829,144.960,133.349" />
                        </textgroup>
                        <textgroup bbox="68.880,63.029,102.720,73.589">
                            <textbox id="27" bbox="68.880,63.029,74.160,73.589" />
                            <textbox id="28" bbox="97.440,63.029,102.720,73.589" />
                        </textgroup>
                    </textgroup>
                    <textgroup bbox="210.480,63.029,446.649,148.949">
                        <textbox id="29" bbox="235.680,138.389,398.400,148.949" />
                        <textbox id="30" bbox="210.480,63.029,446.649,133.349" />
                    </textgroup>
                </textgroup>
            </textgroup>
        </layout>
    </page>
    <page id="20" bbox="0.000,0.000,595.200,841.920" rotate="0">
        <textbox id="0" bbox="60.960,772.229,186.960,782.789">
            <textline bbox="60.960,772.229,186.960,782.789">
                <text font="JTTPDQ+SimSun" bbox="60.960,772.229,66.240,782.789" colourspace="ICCBased" ncolour="[0]" size="10.560">8</text>
                <text font="JTTPDQ+SimSun" bbox="66.240,772.229,71.520,782.789" colourspace="ICCBased" ncolour="[0]" size="10.560">.</text>
                <text font="JTTPDQ+SimSun" bbox="71.520,772.229,76.800,782.789" colourspace="ICCBased" ncolour="[0]" size="10.560">6</text>
                <text font="JTTPDQ+SimSun" bbox="76.800,772.229,82.080,782.789" colourspace="ICCBased" ncolour="[0]" size="10.560"> </text>
                <text> </text>
                <text font="JQUZDQ+SimSun" bbox="97.440,772.229,108.000,782.789" colourspace="ICCBased" ncolour="[0]" size="10.560">适</text>
                <text font="JQUZDQ+SimSun" bbox="108.000,772.229,118.560,782.789" colourspace="ICCBased" ncolour="[0]" size="10.560">用</text>
                <text font="JQUZDQ+SimSun" bbox="118.560,772.229,129.120,782.789" colourspace="ICCBased" ncolour="[0]" size="10.560">主</text>
                <text font="JQUZDQ+SimSun" bbox="129.120,772.229,139.680,782.789" colourspace="ICCBased" ncolour="[0]" size="10.560">险</text>
                <text font="JQUZDQ+SimSun" bbox="139.680,772.229,150.240,782.789" colourspace="ICCBased" ncolour="[0]" size="10.560">合</text>
                <text font="JQUZDQ+SimSun" bbox="150.240,772.229,160.800,782.789" colourspace="ICCBased" ncolour="[0]" size="10.560">同</text>
                <text font="JQUZDQ+SimSun" bbox="160.800,772.229,171.360,782.789" colourspace="ICCBased" ncolour="[0]" size="10.560">条</text>
                <text font="JQUZDQ+SimSun" bbox="171.360,772.229,181.920,782.789" colourspace="ICCBased" ncolour="[0]" size="10.560">款</text>
                <text font="JTTPDQ+SimSun" bbox="181.680,772.229,186.960,782.789" colourspace="ICCBased" ncolour="[0]" size="10.560"> </text>
                <text>
                </text>
            </textline>
        </textbox>
        <textbox id="1" bbox="97.440,678.629,102.720,689.189">
            <textline bbox="97.440,678.629,102.720,689.189">
                <text font="JTTPDQ+SimSun" bbox="97.440,678.629,102.720,689.189" colourspace="ICCBased" ncolour="[0]" size="10.560"> </text>
                <text>
                </text>
            </textline>
        </textbox>
        <textbox id="2" bbox="51.120,678.629,56.400,689.189">
            <textline bbox="51.120,678.629,56.400,689.189">
                <text font="JTTPDQ+SimSun" bbox="51.120,678.629,56.400,689.189" colourspace="ICCBased" ncolour="[0]" size="10.560"> </text>
                <text>
                </text>
            </textline>
        </textbox>
        <textbox id="3" bbox="51.124,645.724,53.764,656.284">
            <textline bbox="51.124,645.724,53.764,656.284">
                <text font="TimesNewRomanPSMT" bbox="51.124,645.724,53.764,656.284" colourspace="ICCBased" ncolour="[0]" size="10.560"> </text>
                <text>
                </text>
            </textline>
        </textbox>
        <textbox id="4" bbox="210.477,678.629,383.756,782.789">
            <textline bbox="210.477,772.229,383.756,782.789">
                <text font="JQUZDQ+SimSun" bbox="210.477,772.229,221.037,782.789" colourspace="ICCBased" ncolour="[0]" size="10.560">下</text>
                <text font="JQUZDQ+SimSun" bbox="221.037,772.229,231.597,782.789" colourspace="ICCBased" ncolour="[0]" size="10.560">列</text>
                <text font="JQUZDQ+SimSun" bbox="231.597,772.229,242.157,782.789" colourspace="ICCBased" ncolour="[0]" size="10.560">各</text>
                <text font="JQUZDQ+SimSun" bbox="242.157,772.229,252.717,782.789" colourspace="ICCBased" ncolour="[0]" size="10.560">项</text>
                <text font="JQUZDQ+SimSun" bbox="252.717,772.229,263.277,782.789" colourspace="ICCBased" ncolour="[0]" size="10.560">条</text>
                <text font="JQUZDQ+SimSun" bbox="263.037,772.229,273.597,782.789" colourspace="ICCBased" ncolour="[0]" size="10.560">款</text>
                <text font="JQUZDQ+SimSun" bbox="273.597,772.229,284.157,782.789" colourspace="ICCBased" ncolour="[0]" size="10.560">，</text>
                <text font="JQUZDQ+SimSun" bbox="284.157,772.229,294.717,782.789" colourspace="ICCBased" ncolour="[0]" size="10.560">适</text>
                <text font="JQUZDQ+SimSun" bbox="294.717,772.229,305.277,782.789" colourspace="ICCBased" ncolour="[0]" size="10.560">用</text>
                <text font="JQUZDQ+SimSun" bbox="305.037,772.229,315.597,782.789" colourspace="ICCBased" ncolour="[0]" size="10.560">主</text>
                <text font="JQUZDQ+SimSun" bbox="315.597,772.229,326.157,782.789" colourspace="ICCBased" ncolour="[0]" size="10.560">险</text>
                <text font="JQUZDQ+SimSun" bbox="326.157,772.229,336.717,782.789" colourspace="ICCBased" ncolour="[0]" size="10.560">合</text>
                <text font="JQUZDQ+SimSun" bbox="336.717,772.229,347.277,782.789" colourspace="ICCBased" ncolour="[0]" size="10.560">同</text>
                <text font="JQUZDQ+SimSun" bbox="347.037,772.229,357.597,782.789" colourspace="ICCBased" ncolour="[0]" size="10.560">条</text>
                <text font="JQUZDQ+SimSun" bbox="357.597,772.229,368.157,782.789" colourspace="ICCBased" ncolour="[0]" size="10.560">款</text>
                <text font="JQUZDQ+SimSun" bbox="368.157,772.229,378.717,782.789" colourspace="ICCBased" ncolour="[0]" size="10.560">：</text>
                <text font="JTTPDQ+SimSun" bbox="378.476,772.229,383.756,782.789" colourspace="ICCBased" ncolour="[0]" size="10.560"> </text>
                <text>
                </text>
            </textline>
            <textline bbox="210.477,756.632,315.602,767.192">
                <text font="JQUZDQ+SimSun" bbox="210.477,756.632,221.037,767.192" colourspace="ICCBased" ncolour="[0]" size="10.560">（</text>
                <text font="JTTPDQ+SimSun" bbox="221.037,756.632,226.317,767.192" colourspace="ICCBased" ncolour="[0]" size="10.560">1</text>
                <text font="JQUZDQ+SimSun" bbox="226.317,756.632,236.877,767.192" colourspace="ICCBased" ncolour="[0]" size="10.560">）</text>
                <text font="JQUZDQ+SimSun" bbox="236.877,756.632,247.437,767.192" colourspace="ICCBased" ncolour="[0]" size="10.560">保</text>
                <text font="JQUZDQ+SimSun" bbox="247.437,756.632,257.997,767.192" colourspace="ICCBased" ncolour="[0]" size="10.560">险</text>
                <text font="JQUZDQ+SimSun" bbox="257.997,756.632,268.557,767.192" colourspace="ICCBased" ncolour="[0]" size="10.560">事</text>
                <text font="JQUZDQ+SimSun" bbox="268.317,756.632,278.877,767.192" colourspace="ICCBased" ncolour="[0]" size="10.560">故</text>
                <text font="JQUZDQ+SimSun" bbox="278.877,756.632,289.437,767.192" colourspace="ICCBased" ncolour="[0]" size="10.560">通</text>
                <text font="JQUZDQ+SimSun" bbox="289.437,756.632,299.997,767.192" colourspace="ICCBased" ncolour="[0]" size="10.560">知</text>
                <text font="JQUZDQ+SimSun" bbox="299.997,756.632,310.557,767.192" colourspace="ICCBased" ncolour="[0]" size="10.560">；</text>
                <text font="JTTPDQ+SimSun" bbox="310.322,756.632,315.602,767.192" colourspace="ICCBased" ncolour="[0]" size="10.560"> </text>
                <text>
                </text>
            </textline>
            <textline bbox="210.477,741.035,347.039,751.595">
                <text font="JQUZDQ+SimSun" bbox="210.477,741.035,221.037,751.595" colourspace="ICCBased" ncolour="[0]" size="10.560">（</text>
                <text font="JTTPDQ+SimSun" bbox="221.037,741.035,226.317,751.595" colourspace="ICCBased" ncolour="[0]" size="10.560">2</text>
                <text font="JQUZDQ+SimSun" bbox="226.317,741.035,236.877,751.595" colourspace="ICCBased" ncolour="[0]" size="10.560">）</text>
                <text font="JQUZDQ+SimSun" bbox="236.877,741.035,247.437,751.595" colourspace="ICCBased" ncolour="[0]" size="10.560">明</text>
                <text font="JQUZDQ+SimSun" bbox="247.437,741.035,257.997,751.595" colourspace="ICCBased" ncolour="[0]" size="10.560">确</text>
                <text font="JQUZDQ+SimSun" bbox="257.997,741.035,268.557,751.595" colourspace="ICCBased" ncolour="[0]" size="10.560">说</text>
                <text font="JQUZDQ+SimSun" bbox="268.317,741.035,278.877,751.595" colourspace="ICCBased" ncolour="[0]" size="10.560">明</text>
                <text font="JQUZDQ+SimSun" bbox="278.877,741.035,289.437,751.595" colourspace="ICCBased" ncolour="[0]" size="10.560">与</text>
                <text font="JQUZDQ+SimSun" bbox="289.437,741.035,299.997,751.595" colourspace="ICCBased" ncolour="[0]" size="10.560">如</text>
                <text font="JQUZDQ+SimSun" bbox="299.997,741.035,310.557,751.595" colourspace="ICCBased" ncolour="[0]" size="10.560">实</text>
                <text font="JQUZDQ+SimSun" bbox="310.317,741.035,320.877,751.595" colourspace="ICCBased" ncolour="[0]" size="10.560">告</text>
                <text font="JQUZDQ+SimSun" bbox="320.877,741.035,331.437,751.595" colourspace="ICCBased" ncolour="[0]" size="10.560">知</text>
                <text font="JQUZDQ+SimSun" bbox="331.437,741.035,341.997,751.595" colourspace="ICCBased" ncolour="[0]" size="10.560">；</text>
                <text font="JTTPDQ+SimSun" bbox="341.759,741.035,347.039,751.595" colourspace="ICCBased" ncolour="[0]" size="10.560"> </text>
                <text>
                </text>
            </textline>
            <textline bbox="210.477,725.437,294.482,735.997">
                <text font="JQUZDQ+SimSun" bbox="210.477,725.437,221.037,735.997" colourspace="ICCBased" ncolour="[0]" size="10.560">（</text>
                <text font="JTTPDQ+SimSun" bbox="221.037,725.437,226.317,735.997" colourspace="ICCBased" ncolour="[0]" size="10.560">3</text>
                <text font="JQUZDQ+SimSun" bbox="226.317,725.437,236.877,735.997" colourspace="ICCBased" ncolour="[0]" size="10.560">）</text>
                <text font="JQUZDQ+SimSun" bbox="236.877,725.437,247.437,735.997" colourspace="ICCBased" ncolour="[0]" size="10.560">未</text>
                <text font="JQUZDQ+SimSun" bbox="247.437,725.437,257.997,735.997" colourspace="ICCBased" ncolour="[0]" size="10.560">还</text>
                <text font="JQUZDQ+SimSun" bbox="257.997,725.437,268.557,735.997" colourspace="ICCBased" ncolour="[0]" size="10.560">款</text>
                <text font="JQUZDQ+SimSun" bbox="268.317,725.437,278.877,735.997" colourspace="ICCBased" ncolour="[0]" size="10.560">项</text>
                <text font="JQUZDQ+SimSun" bbox="278.877,725.437,289.437,735.997" colourspace="ICCBased" ncolour="[0]" size="10.560">；</text>
                <text font="JTTPDQ+SimSun" bbox="289.202,725.437,294.482,735.997" colourspace="ICCBased" ncolour="[0]" size="10.560"> </text>
                <text>
                </text>
            </textline>
            <textline bbox="210.477,709.840,315.602,720.400">
                <text font="JQUZDQ+SimSun" bbox="210.477,709.840,221.037,720.400" colourspace="ICCBased" ncolour="[0]" size="10.560">（</text>
                <text font="JTTPDQ+SimSun" bbox="221.037,709.840,226.317,720.400" colourspace="ICCBased" ncolour="[0]" size="10.560">4</text>
                <text font="JQUZDQ+SimSun" bbox="226.317,709.840,236.877,720.400" colourspace="ICCBased" ncolour="[0]" size="10.560">）</text>
                <text font="JQUZDQ+SimSun" bbox="236.877,709.840,247.437,720.400" colourspace="ICCBased" ncolour="[0]" size="10.560">合</text>
                <text font="JQUZDQ+SimSun" bbox="247.437,709.840,257.997,720.400" colourspace="ICCBased" ncolour="[0]" size="10.560">同</text>
                <text font="JQUZDQ+SimSun" bbox="257.997,709.840,268.557,720.400" colourspace="ICCBased" ncolour="[0]" size="10.560">内</text>
                <text font="JQUZDQ+SimSun" bbox="268.317,709.840,278.877,720.400" colourspace="ICCBased" ncolour="[0]" size="10.560">容</text>
                <text font="JQUZDQ+SimSun" bbox="278.877,709.840,289.437,720.400" colourspace="ICCBased" ncolour="[0]" size="10.560">变</text>
                <text font="JQUZDQ+SimSun" bbox="289.437,709.840,299.997,720.400" colourspace="ICCBased" ncolour="[0]" size="10.560">更</text>
                <text font="JQUZDQ+SimSun" bbox="299.997,709.840,310.557,720.400" colourspace="ICCBased" ncolour="[0]" size="10.560">；</text>
                <text font="JTTPDQ+SimSun" bbox="310.322,709.840,315.602,720.400" colourspace="ICCBased" ncolour="[0]" size="10.560"> </text>
                <text>
                </text>
            </textline>
            <textline bbox="210.477,694.243,294.482,704.803">
                <text font="JQUZDQ+SimSun" bbox="210.477,694.243,221.037,704.803" colourspace="ICCBased" ncolour="[0]" size="10.560">（</text>
                <text font="JTTPDQ+SimSun" bbox="221.037,694.243,226.317,704.803" colourspace="ICCBased" ncolour="[0]" size="10.560">5</text>
                <text font="JQUZDQ+SimSun" bbox="226.317,694.243,236.877,704.803" colourspace="ICCBased" ncolour="[0]" size="10.560">）</text>
                <text font="JQUZDQ+SimSun" bbox="236.877,694.243,247.437,704.803" colourspace="ICCBased" ncolour="[0]" size="10.560">争</text>
                <text font="JQUZDQ+SimSun" bbox="247.437,694.243,257.997,704.803" colourspace="ICCBased" ncolour="[0]" size="10.560">议</text>
                <text font="JQUZDQ+SimSun" bbox="257.997,694.243,268.557,704.803" colourspace="ICCBased" ncolour="[0]" size="10.560">处</text>
                <text font="JQUZDQ+SimSun" bbox="268.317,694.243,278.877,704.803" colourspace="ICCBased" ncolour="[0]" size="10.560">理</text>
                <text font="JQUZDQ+SimSun" bbox="278.877,694.243,289.437,704.803" colourspace="ICCBased" ncolour="[0]" size="10.560">。</text>
                <text font="JTTPDQ+SimSun" bbox="289.202,694.243,294.482,704.803" colourspace="ICCBased" ncolour="[0]" size="10.560"> </text>
                <text>
                </text>
            </textline>
            <textline bbox="210.485,678.629,215.765,689.189">
                <text font="JTTPDQ+SimSun" bbox="210.485,678.629,215.765,689.189" colourspace="ICCBased" ncolour="[0]" size="10.560"> </text>
                <text>
                </text>
            </textline>
        </textbox>
        <textbox id="5" bbox="297.605,661.321,300.245,671.881">
            <textline bbox="297.605,661.321,300.245,671.881">
                <text font="TimesNewRomanPSMT" bbox="297.605,661.321,300.245,671.881" colourspace="ICCBased" ncolour="[0]" size="10.560"> </text>
                <text>
                </text>
            </textline>
        </textbox>
        <textbox id="6" bbox="289.928,630.127,324.005,642.397">
            <textline bbox="289.928,630.127,324.005,642.397">
                <text font="JQUZDQ+SimSun" bbox="289.928,631.837,300.488,642.397" colourspace="ICCBased" ncolour="[0]" size="10.560">（</text>
                <text font="JQUZDQ+SimSun" bbox="300.488,631.837,311.048,642.397" colourspace="ICCBased" ncolour="[0]" size="10.560">完</text>
                <text font="JQUZDQ+SimSun" bbox="311.048,631.837,321.608,642.397" colourspace="ICCBased" ncolour="[0]" size="10.560">）</text>
                <text font="TimesNewRomanPSMT" bbox="321.365,630.127,324.005,640.687" colourspace="ICCBased" ncolour="[0]" size="10.560"> </text>
                <text>
                </text>
            </textline>
        </textbox>
        <layout>
            <textgroup bbox="51.120,630.127,383.756,782.789">
                <textgroup bbox="51.120,645.724,186.960,782.789">
                    <textbox id="0" bbox="60.960,772.229,186.960,782.789" />
                    <textgroup bbox="51.120,645.724,102.720,689.189">
                        <textbox id="1" bbox="97.440,678.629,102.720,689.189" />
                        <textgroup bbox="51.120,645.724,56.400,689.189">
                            <textbox id="2" bbox="51.120,678.629,56.400,689.189" />
                            <textbox id="3" bbox="51.124,645.724,53.764,656.284" />
                        </textgroup>
                    </textgroup>
                </textgroup>
                <textgroup bbox="210.477,630.127,383.756,782.789">
                    <textbox id="4" bbox="210.477,678.629,383.756,782.789" />
                    <textgroup bbox="289.928,630.127,324.005,671.881">
                        <textbox id="5" bbox="297.605,661.321,300.245,671.881" />
                        <textbox id="6" bbox="289.928,630.127,324.005,642.397" />
                    </textgroup>
                </textgroup>
            </textgroup>
        </layout>
    </page>
</pages>
